[runlim] version:		1.10
[runlim] time limit:		311040000 seconds
[runlim] real time limit:	1800 seconds
[runlim] space limit:		30000 MB
[runlim] argv[0]:		python3
[runlim] argv[1]:		model_MIP_CPLEX.py
[runlim] argv[2]:		./graph/hypercube/hypercube_8_256.txt
[runlim] start:			Sun Nov  2 13:04:06 2025
[runlim] main pid:		55996
[runlim] log captured:
(w = 45) Building and Solving
[runlim] sample:		10.0 time, 10.0 real, 1035.1 MB
[runlim] sample:		21.4 time, 20.0 real, 1060.7 MB
[runlim] sample:		31.4 time, 30.0 real, 1242.3 MB
[runlim] sample:		41.3 time, 40.0 real, 2480.5 MB
[runlim] sample:		51.3 time, 50.0 real, 2480.5 MB
[runlim] sample:		63.0 time, 60.0 real, 2400.7 MB
[runlim] sample:		73.0 time, 70.0 real, 2400.7 MB
[runlim] sample:		85.6 time, 80.0 real, 3335.6 MB
[runlim] sample:		130.8 time, 90.0 real, 3848.1 MB
Value Cyclic-Antibandwidth: 45
Labels: [128, 23, 1, 178, 241, 73, 113, 24, 180, 91, 81, 253, 34, 235, 175, 125, 26, 93, 114, 45, 166, 234, 249, 161, 88, 7, 5, 203, 238, 117, 60, 12, 229, 108, 102, 46, 145, 223, 10, 99, 110, 183, 201, 109, 222, 136, 62, 239, 71, 208, 177, 254, 219, 106, 100, 206, 240, 103, 53, 154, 141, 245, 193, 96, 17, 72, 198, 122, 192, 6, 248, 185, 76, 211, 138, 52, 139, 86, 85, 233, 221, 169, 40, 250, 121, 67, 200, 115, 163, 56, 213, 129, 74, 225, 4, 68, 82, 190, 151, 237, 13, 101, 97, 49, 164, 51, 247, 173, 92, 186, 174, 112, 170, 20, 251, 143, 64, 188, 155, 256, 105, 230, 158, 80, 191, 98, 58, 184, 176, 75, 66, 15, 37, 246, 227, 140, 48, 242, 126, 61, 144, 42, 41, 243, 130, 212, 18, 162, 244, 35, 172, 220, 3, 152, 199, 107, 83, 231, 252, 59, 21, 157, 159, 210, 202, 90, 79, 19, 182, 55, 8, 156, 14, 196, 147, 87, 179, 43, 70, 116, 39, 204, 217, 69, 65, 215, 124, 57, 209, 123, 54, 181, 228, 120, 111, 216, 135, 194, 38, 84, 168, 31, 218, 167, 255, 137, 150, 32, 63, 2, 195, 77, 197, 149, 95, 28, 214, 104, 89, 29, 133, 22, 207, 153, 131, 33, 236, 132, 78, 146, 148, 205, 27, 134, 94, 30, 189, 36, 11, 160, 226, 171, 142, 232, 127, 44, 9, 118, 165, 25, 16, 187, 47, 224, 119, 50]
Correct solution
(w = 46) Building and Solving
[runlim] sample:		142.5 time, 100.0 real, 1273.8 MB
[runlim] sample:		153.9 time, 110.0 real, 1517.1 MB
[runlim] sample:		163.9 time, 120.0 real, 1517.1 MB
[runlim] sample:		173.9 time, 130.0 real, 2621.3 MB
[runlim] sample:		183.9 time, 140.0 real, 2621.3 MB
[runlim] sample:		194.4 time, 150.0 real, 3046.2 MB
[runlim] sample:		205.6 time, 160.0 real, 2508.1 MB
[runlim] sample:		215.6 time, 170.0 real, 2939.9 MB
Value Cyclic-Antibandwidth: 46
Labels: [45, 101, 117, 175, 238, 171, 170, 124, 92, 44, 202, 105, 28, 98, 99, 256, 125, 50, 207, 3, 48, 246, 95, 49, 38, 247, 147, 52, 123, 37, 1, 106, 145, 55, 56, 252, 46, 110, 104, 57, 12, 210, 108, 59, 102, 10, 15, 137, 23, 159, 146, 63, 214, 64, 13, 217, 158, 66, 21, 155, 22, 220, 75, 18, 174, 11, 255, 129, 33, 116, 88, 26, 27, 163, 143, 25, 144, 29, 30, 81, 77, 154, 160, 69, 153, 36, 42, 150, 151, 43, 5, 152, 41, 161, 162, 17, 16, 221, 176, 47, 128, 20, 19, 177, 178, 62, 24, 179, 9, 180, 181, 35, 182, 80, 6, 183, 32, 184, 185, 54, 51, 186, 187, 2, 188, 39, 4, 189, 91, 190, 191, 58, 192, 14, 60, 193, 194, 142, 84, 195, 109, 196, 197, 103, 198, 111, 53, 199, 113, 200, 201, 114, 115, 40, 7, 112, 204, 86, 118, 205, 206, 119, 120, 203, 121, 208, 209, 122, 126, 61, 211, 127, 212, 107, 83, 213, 132, 65, 215, 133, 67, 134, 135, 68, 218, 136, 72, 219, 138, 34, 216, 139, 222, 140, 141, 223, 79, 224, 225, 74, 73, 226, 227, 93, 228, 100, 76, 229, 148, 230, 231, 149, 232, 82, 89, 233, 234, 90, 71, 235, 87, 236, 237, 96, 156, 31, 239, 157, 240, 97, 94, 241, 242, 164, 70, 243, 130, 244, 245, 131, 8, 166, 167, 78, 168, 248, 249, 169, 172, 250, 251, 173, 253, 85, 165, 254]
Correct solution
(w = 47) Building and Solving
[runlim] sample:		242.2 time, 180.0 real, 1405.8 MB
[runlim] sample:		252.2 time, 190.0 real, 1648.8 MB
[runlim] sample:		263.6 time, 200.0 real, 1833.5 MB
[runlim] sample:		273.6 time, 210.0 real, 1929.4 MB
[runlim] sample:		283.6 time, 220.0 real, 2855.8 MB
[runlim] sample:		293.6 time, 230.0 real, 2855.8 MB
[runlim] sample:		305.2 time, 240.0 real, 2740.3 MB
[runlim] sample:		315.2 time, 250.0 real, 2740.3 MB
[runlim] sample:		326.1 time, 260.0 real, 3629.3 MB
Value Cyclic-Antibandwidth: 47
Labels: [69, 119, 229, 20, 12, 218, 68, 170, 250, 203, 77, 138, 187, 114, 139, 237, 116, 255, 64, 207, 190, 115, 238, 48, 164, 56, 214, 5, 103, 192, 55, 141, 144, 247, 76, 174, 61, 169, 206, 92, 57, 110, 197, 23, 234, 46, 41, 178, 199, 142, 145, 44, 246, 53, 63, 188, 117, 189, 70, 140, 166, 241, 248, 89, 254, 198, 78, 126, 59, 111, 127, 4, 181, 43, 30, 201, 123, 239, 223, 96, 47, 102, 217, 14, 143, 236, 58, 172, 230, 176, 157, 107, 29, 87, 105, 24, 62, 129, 155, 227, 208, 3, 6, 156, 132, 225, 81, 154, 51, 100, 151, 45, 149, 16, 90, 171, 93, 177, 200, 75, 22, 112, 209, 60, 213, 34, 42, 222, 128, 231, 52, 162, 65, 165, 186, 85, 194, 94, 133, 220, 118, 245, 31, 163, 10, 88, 204, 21, 120, 40, 36, 195, 106, 226, 8, 73, 38, 125, 202, 251, 17, 67, 152, 235, 185, 256, 83, 158, 124, 216, 35, 82, 28, 101, 137, 32, 84, 7, 18, 183, 37, 196, 184, 1, 26, 131, 147, 249, 224, 54, 80, 173, 191, 49, 134, 221, 122, 2, 240, 146, 98, 205, 232, 71, 179, 97, 86, 215, 121, 244, 27, 168, 242, 167, 193, 243, 180, 91, 109, 253, 108, 19, 252, 161, 135, 233, 211, 79, 15, 113, 148, 11, 219, 74, 130, 210, 104, 160, 212, 99, 13, 175, 159, 9, 182, 66, 72, 153, 95, 25, 39, 150, 33, 228, 136, 50]
Correct solution
(w = 48) Building and Solving
[runlim] sample:		357.0 time, 270.0 real, 1464.7 MB
[runlim] sample:		367.2 time, 280.0 real, 1983.5 MB
[runlim] sample:		378.4 time, 290.0 real, 1954.6 MB
[runlim] sample:		388.4 time, 300.0 real, 3013.5 MB
[runlim] sample:		398.4 time, 310.0 real, 3014.1 MB
[runlim] sample:		408.4 time, 320.0 real, 3014.1 MB
[runlim] sample:		420.1 time, 330.0 real, 2887.6 MB
[runlim] sample:		430.1 time, 340.0 real, 2887.6 MB
[runlim] sample:		440.8 time, 350.0 real, 3633.4 MB
Value Cyclic-Antibandwidth: 48
Labels: [13, 62, 72, 169, 117, 192, 177, 32, 100, 216, 178, 19, 239, 102, 111, 184, 61, 193, 191, 248, 166, 101, 245, 190, 183, 33, 247, 88, 114, 189, 175, 15, 108, 214, 171, 116, 55, 107, 244, 188, 30, 155, 123, 67, 168, 40, 51, 134, 187, 131, 241, 64, 242, 186, 42, 238, 237, 83, 71, 205, 54, 136, 227, 86, 91, 217, 207, 113, 255, 66, 95, 172, 18, 157, 78, 223, 79, 230, 229, 89, 234, 125, 120, 49, 103, 208, 37, 119, 124, 219, 195, 145, 231, 132, 97, 196, 10, 76, 118, 7, 173, 254, 36, 90, 154, 243, 26, 162, 240, 182, 164, 236, 126, 4, 68, 204, 34, 135, 174, 38, 65, 160, 147, 70, 158, 47, 25, 141, 133, 215, 22, 87, 20, 84, 112, 212, 203, 146, 92, 225, 109, 194, 35, 130, 198, 27, 139, 199, 110, 185, 56, 137, 251, 94, 43, 149, 45, 249, 127, 77, 5, 73, 105, 233, 206, 6, 52, 138, 140, 232, 31, 167, 28, 129, 209, 23, 122, 211, 57, 150, 58, 128, 250, 75, 69, 142, 200, 53, 180, 59, 74, 181, 222, 60, 85, 221, 156, 213, 16, 104, 152, 12, 1, 159, 226, 93, 143, 246, 115, 218, 220, 151, 24, 121, 144, 253, 44, 163, 99, 8, 98, 41, 256, 148, 63, 210, 14, 80, 2, 96, 161, 17, 224, 82, 81, 3, 106, 29, 11, 176, 235, 153, 170, 252, 179, 48, 46, 202, 165, 21, 9, 201, 39, 228, 197, 50]
Correct solution
(w = 49) Building and Solving
[runlim] sample:		470.7 time, 360.0 real, 1481.2 MB
[runlim] sample:		480.8 time, 370.0 real, 1891.8 MB
[runlim] sample:		492.1 time, 380.0 real, 1982.5 MB
[runlim] sample:		502.1 time, 390.0 real, 3025.4 MB
[runlim] sample:		512.1 time, 400.0 real, 3042.7 MB
[runlim] sample:		522.1 time, 410.0 real, 3042.7 MB
[runlim] sample:		533.8 time, 420.0 real, 2901.2 MB
[runlim] sample:		543.8 time, 430.0 real, 2901.2 MB
[runlim] sample:		553.8 time, 440.0 real, 3296.4 MB
[runlim] sample:		588.5 time, 450.0 real, 4221.8 MB
Value Cyclic-Antibandwidth: 49
Labels: [94, 42, 219, 139, 204, 96, 89, 192, 233, 106, 76, 195, 103, 43, 179, 244, 213, 99, 102, 190, 75, 161, 191, 6, 58, 199, 247, 98, 209, 92, 86, 180, 166, 245, 22, 73, 93, 194, 148, 20, 105, 170, 205, 256, 36, 243, 95, 152, 27, 184, 193, 254, 226, 82, 47, 162, 185, 30, 61, 200, 130, 183, 197, 85, 143, 236, 28, 81, 70, 149, 160, 4, 63, 173, 126, 15, 174, 250, 228, 117, 79, 150, 202, 251, 211, 50, 5, 171, 222, 68, 65, 153, 45, 201, 136, 35, 221, 91, 118, 227, 142, 17, 218, 108, 172, 224, 49, 134, 237, 114, 146, 234, 141, 34, 69, 154, 87, 210, 137, 51, 33, 120, 215, 71, 186, 60, 83, 176, 165, 220, 29, 88, 9, 145, 158, 242, 72, 156, 207, 3, 163, 241, 52, 132, 100, 157, 198, 32, 216, 41, 39, 90, 212, 46, 59, 155, 74, 178, 181, 240, 10, 78, 124, 11, 168, 253, 53, 107, 167, 1, 8, 77, 238, 84, 164, 252, 188, 239, 67, 125, 24, 144, 175, 232, 18, 97, 187, 249, 189, 31, 44, 138, 248, 66, 177, 16, 128, 246, 235, 129, 159, 231, 48, 135, 255, 109, 122, 21, 151, 208, 40, 112, 23, 101, 169, 2, 54, 121, 206, 19, 196, 37, 56, 140, 147, 230, 64, 119, 57, 116, 113, 223, 26, 80, 123, 217, 127, 7, 229, 110, 13, 111, 203, 14, 182, 38, 12, 104, 214, 25, 62, 131, 55, 115, 133, 225]
Correct solution
(w = 50) Building and Solving
[runlim] sample:		598.5 time, 460.0 real, 1483.4 MB
[runlim] sample:		610.3 time, 470.0 real, 2045.6 MB
[runlim] sample:		620.3 time, 480.0 real, 2045.6 MB
[runlim] sample:		630.3 time, 490.0 real, 3149.0 MB
[runlim] sample:		640.3 time, 500.0 real, 3149.1 MB
[runlim] sample:		650.3 time, 510.0 real, 2246.9 MB
[runlim] sample:		662.0 time, 520.0 real, 2994.6 MB
[runlim] sample:		672.0 time, 530.0 real, 2994.6 MB
[runlim] sample:		684.3 time, 540.0 real, 3979.5 MB
Value Cyclic-Antibandwidth: 50
Labels: [96, 227, 230, 54, 178, 112, 38, 220, 184, 22, 58, 160, 241, 163, 111, 27, 161, 110, 79, 219, 102, 232, 238, 36, 234, 176, 137, 68, 166, 75, 37, 231, 235, 81, 29, 190, 76, 248, 211, 89, 125, 187, 189, 240, 186, 104, 11, 154, 88, 210, 183, 106, 203, 86, 100, 170, 181, 118, 246, 179, 87, 225, 150, 46, 192, 42, 25, 120, 23, 213, 108, 24, 65, 131, 132, 247, 122, 48, 212, 123, 90, 221, 157, 16, 214, 56, 34, 117, 159, 69, 6, 119, 62, 244, 116, 47, 80, 206, 201, 2, 193, 95, 19, 149, 185, 66, 74, 124, 243, 171, 139, 64, 229, 92, 94, 180, 73, 195, 164, 245, 63, 208, 144, 51, 191, 60, 21, 147, 197, 59, 44, 239, 20, 204, 99, 33, 249, 199, 135, 39, 105, 30, 237, 114, 256, 196, 143, 49, 198, 93, 35, 168, 97, 43, 222, 121, 41, 226, 115, 28, 70, 194, 200, 61, 207, 78, 18, 148, 175, 52, 67, 173, 3, 202, 141, 252, 142, 45, 71, 172, 5, 174, 155, 250, 251, 177, 126, 236, 146, 77, 215, 130, 13, 129, 98, 188, 84, 17, 242, 107, 127, 253, 216, 91, 255, 167, 83, 224, 140, 53, 223, 103, 12, 205, 85, 10, 218, 138, 145, 1, 113, 57, 4, 109, 209, 72, 15, 134, 7, 158, 101, 8, 14, 169, 151, 9, 128, 40, 254, 136, 32, 156, 162, 233, 182, 31, 26, 153, 165, 82, 217, 152, 55, 228, 133, 50]
Correct solution
(w = 51) Building and Solving
[runlim] sample:		708.9 time, 550.0 real, 1812.0 MB
[runlim] sample:		720.5 time, 560.0 real, 2160.4 MB
[runlim] sample:		730.8 time, 570.0 real, 2037.5 MB
[runlim] sample:		740.8 time, 580.0 real, 3162.1 MB
[runlim] sample:		750.8 time, 590.0 real, 3162.7 MB
[runlim] sample:		760.8 time, 600.0 real, 3162.7 MB
[runlim] sample:		771.5 time, 610.0 real, 3495.8 MB
[runlim] sample:		782.5 time, 620.0 real, 3007.8 MB
[runlim] sample:		792.5 time, 630.0 real, 3419.3 MB
[runlim] sample:		819.6 time, 640.0 real, 4372.4 MB
Value Cyclic-Antibandwidth: 51
Labels: [94, 206, 184, 92, 207, 99, 28, 182, 171, 6, 239, 151, 5, 174, 82, 236, 159, 105, 63, 209, 48, 248, 129, 71, 246, 188, 143, 69, 138, 87, 242, 181, 12, 77, 116, 216, 89, 201, 213, 61, 91, 180, 169, 75, 199, 25, 14, 134, 108, 190, 222, 96, 196, 88, 38, 227, 177, 250, 42, 194, 252, 139, 112, 59, 170, 76, 93, 215, 8, 172, 164, 65, 24, 147, 154, 11, 110, 235, 218, 117, 244, 192, 168, 80, 137, 66, 238, 179, 142, 253, 83, 141, 220, 148, 144, 15, 73, 128, 231, 70, 195, 254, 79, 191, 161, 241, 58, 136, 255, 103, 162, 4, 160, 243, 98, 158, 72, 166, 185, 81, 21, 86, 224, 29, 163, 26, 60, 205, 223, 56, 51, 204, 20, 155, 212, 97, 19, 107, 152, 17, 95, 237, 23, 178, 22, 210, 183, 27, 150, 45, 10, 186, 135, 7, 247, 176, 256, 175, 187, 68, 78, 198, 234, 39, 202, 18, 64, 203, 156, 3, 62, 130, 30, 118, 125, 40, 200, 37, 85, 226, 74, 221, 197, 133, 251, 113, 167, 54, 193, 57, 41, 229, 49, 127, 165, 35, 101, 240, 13, 149, 102, 2, 233, 90, 217, 121, 153, 232, 100, 16, 245, 145, 211, 124, 123, 67, 219, 84, 140, 249, 146, 32, 34, 132, 189, 1, 36, 122, 43, 119, 208, 44, 31, 109, 114, 214, 120, 173, 33, 111, 9, 104, 157, 46, 126, 52, 53, 230, 106, 228, 47, 131, 55, 115, 225, 50]
Correct solution
(w = 52) Building and Solving
[runlim] sample:		829.6 time, 650.0 real, 1943.6 MB
[runlim] sample:		841.5 time, 660.0 real, 2104.7 MB
[runlim] sample:		851.5 time, 670.0 real, 2104.7 MB
[runlim] sample:		861.5 time, 680.0 real, 3251.9 MB
[runlim] sample:		871.5 time, 690.0 real, 3220.3 MB
[runlim] sample:		881.5 time, 700.0 real, 3220.3 MB
[runlim] sample:		893.2 time, 710.0 real, 3059.2 MB
[runlim] sample:		903.2 time, 720.0 real, 3059.2 MB
[runlim] sample:		913.2 time, 730.0 real, 3478.7 MB
[runlim] sample:		951.9 time, 740.0 real, 4394.5 MB
Value Cyclic-Antibandwidth: 52
Labels: [128, 223, 184, 52, 195, 45, 37, 133, 49, 118, 108, 252, 142, 233, 218, 81, 194, 70, 255, 134, 6, 171, 193, 65, 125, 237, 202, 80, 197, 119, 112, 234, 185, 21, 239, 146, 43, 124, 111, 238, 104, 191, 161, 83, 196, 47, 29, 163, 7, 172, 121, 33, 137, 246, 3, 123, 188, 113, 23, 210, 20, 189, 175, 59, 200, 74, 73, 247, 18, 176, 135, 62, 116, 222, 215, 100, 203, 82, 76, 2, 253, 198, 141, 66, 150, 26, 13, 204, 178, 96, 78, 256, 93, 220, 207, 84, 9, 127, 144, 68, 131, 254, 34, 138, 192, 67, 17, 199, 16, 145, 136, 79, 120, 53, 15, 154, 10, 117, 159, 1, 35, 232, 211, 98, 209, 54, 27, 205, 217, 61, 51, 139, 109, 213, 230, 36, 130, 5, 245, 63, 214, 106, 94, 160, 22, 140, 155, 11, 174, 86, 103, 181, 182, 85, 90, 173, 110, 212, 231, 89, 95, 165, 151, 249, 169, 19, 46, 132, 190, 57, 97, 152, 14, 177, 149, 248, 148, 251, 250, 99, 244, 168, 162, 235, 242, 170, 166, 40, 164, 25, 28, 158, 30, 221, 227, 60, 179, 122, 56, 236, 229, 102, 107, 225, 77, 243, 241, 101, 126, 32, 50, 156, 55, 224, 157, 88, 38, 216, 240, 75, 187, 92, 87, 12, 180, 39, 48, 129, 31, 201, 143, 69, 114, 226, 206, 71, 186, 91, 72, 183, 4, 105, 147, 8, 115, 41, 58, 153, 167, 44, 42, 208, 24, 228, 219, 64]
Correct solution
(w = 53) Building and Solving
[runlim] sample:		962.9 time, 750.0 real, 1491.6 MB
[runlim] sample:		973.4 time, 760.0 real, 2154.8 MB
[runlim] sample:		984.8 time, 770.0 real, 1998.5 MB
[runlim] sample:		994.8 time, 780.0 real, 1998.5 MB
[runlim] sample:		1004.8 time, 790.0 real, 3183.6 MB
[runlim] sample:		1014.8 time, 800.0 real, 3183.6 MB
[runlim] sample:		1025.0 time, 810.0 real, 3026.8 MB
[runlim] sample:		1036.6 time, 820.0 real, 3012.7 MB
[runlim] sample:		1046.6 time, 830.0 real, 3012.7 MB
[runlim] sample:		1062.4 time, 840.0 real, 3995.7 MB
Value Cyclic-Antibandwidth: 53
Labels: [61, 158, 171, 57, 167, 247, 54, 153, 182, 68, 75, 200, 65, 194, 245, 86, 119, 214, 234, 125, 222, 91, 107, 210, 238, 160, 139, 72, 137, 2, 52, 141, 186, 84, 66, 239, 62, 179, 241, 74, 5, 189, 138, 63, 136, 29, 53, 226, 244, 155, 129, 71, 121, 236, 188, 127, 69, 256, 232, 131, 252, 108, 124, 44, 206, 12, 82, 172, 97, 187, 185, 99, 88, 173, 218, 37, 205, 34, 46, 233, 6, 78, 164, 237, 165, 240, 20, 154, 181, 253, 85, 162, 10, 123, 204, 30, 28, 145, 157, 42, 163, 254, 56, 199, 208, 60, 16, 159, 17, 120, 109, 51, 103, 13, 220, 132, 225, 100, 128, 24, 7, 140, 156, 224, 104, 38, 1, 110, 180, 70, 89, 176, 40, 147, 242, 83, 106, 190, 209, 31, 221, 87, 76, 213, 248, 148, 151, 230, 101, 219, 43, 142, 183, 90, 81, 161, 32, 149, 211, 79, 249, 193, 143, 39, 130, 14, 73, 177, 192, 113, 64, 229, 22, 215, 184, 115, 111, 18, 243, 144, 227, 96, 126, 246, 251, 197, 169, 67, 93, 15, 27, 191, 98, 178, 152, 235, 195, 8, 49, 175, 203, 45, 21, 102, 77, 202, 217, 48, 168, 4, 250, 94, 23, 105, 112, 231, 80, 146, 196, 19, 198, 26, 59, 170, 174, 35, 11, 95, 255, 133, 150, 33, 92, 216, 212, 36, 201, 47, 41, 223, 228, 118, 122, 207, 117, 25, 3, 134, 166, 55, 58, 135, 9, 116, 114, 50]
Correct solution
(w = 54) Building and Solving
[runlim] sample:		1089.0 time, 850.0 real, 1500.3 MB
[runlim] sample:		1099.1 time, 860.0 real, 2008.9 MB
[runlim] sample:		1111.0 time, 870.0 real, 2104.8 MB
[runlim] sample:		1121.0 time, 880.0 real, 2104.8 MB
[runlim] sample:		1131.0 time, 890.0 real, 3296.1 MB
[runlim] sample:		1141.0 time, 900.0 real, 3296.1 MB
[runlim] sample:		1151.2 time, 910.0 real, 3114.9 MB
[runlim] sample:		1162.8 time, 920.0 real, 3115.5 MB
[runlim] sample:		1172.8 time, 930.0 real, 3115.5 MB
[runlim] sample:		1184.2 time, 940.0 real, 4170.7 MB
Value Cyclic-Antibandwidth: 54
Labels: [111, 206, 234, 89, 179, 99, 38, 167, 192, 82, 101, 155, 251, 176, 161, 238, 242, 118, 95, 237, 122, 7, 187, 106, 121, 219, 175, 54, 177, 66, 241, 184, 230, 61, 114, 169, 57, 191, 174, 9, 78, 201, 193, 1, 134, 37, 255, 91, 100, 217, 227, 77, 194, 126, 50, 209, 198, 31, 48, 195, 252, 196, 109, 15, 2, 74, 83, 145, 59, 154, 137, 243, 90, 159, 166, 225, 186, 56, 11, 113, 62, 220, 249, 69, 215, 97, 73, 165, 214, 49, 72, 160, 68, 218, 182, 22, 93, 171, 211, 47, 173, 247, 46, 127, 235, 58, 40, 120, 52, 115, 110, 203, 223, 102, 81, 233, 79, 183, 149, 71, 43, 229, 152, 64, 146, 60, 19, 138, 200, 8, 92, 153, 18, 172, 162, 94, 4, 143, 158, 253, 88, 20, 222, 151, 76, 207, 236, 36, 202, 104, 42, 221, 178, 23, 34, 189, 17, 185, 98, 26, 65, 119, 168, 224, 130, 245, 239, 148, 135, 3, 16, 84, 210, 107, 124, 212, 204, 24, 39, 170, 5, 188, 141, 41, 21, 87, 103, 13, 75, 250, 228, 96, 85, 205, 231, 29, 197, 10, 30, 181, 147, 6, 32, 86, 254, 132, 123, 12, 199, 45, 67, 156, 108, 163, 190, 70, 14, 105, 129, 244, 164, 51, 256, 144, 226, 33, 53, 128, 35, 125, 117, 246, 44, 116, 150, 28, 136, 25, 213, 112, 80, 208, 157, 55, 180, 63, 248, 140, 139, 27, 216, 131, 240, 142, 133, 232]
Correct solution
(w = 55) Building and Solving
[runlim] sample:		1216.2 time, 950.0 real, 1422.9 MB
[runlim] sample:		1226.2 time, 960.0 real, 1858.2 MB
[runlim] sample:		1238.1 time, 970.0 real, 2064.1 MB
[runlim] sample:		1248.1 time, 980.0 real, 2064.1 MB
[runlim] sample:		1258.2 time, 990.0 real, 3277.1 MB
[runlim] sample:		1268.2 time, 1000.0 real, 3277.4 MB
[runlim] sample:		1278.2 time, 1010.0 real, 3277.4 MB
[runlim] sample:		1289.9 time, 1020.0 real, 3658.8 MB
[runlim] sample:		1300.0 time, 1030.0 real, 3099.7 MB
[runlim] sample:		1310.0 time, 1040.0 real, 3242.6 MB
[runlim] sample:		1338.2 time, 1050.0 real, 6773.3 MB
Value Cyclic-Antibandwidth: 55
Labels: [110, 211, 216, 73, 165, 61, 19, 153, 217, 89, 124, 249, 91, 246, 220, 94, 222, 79, 63, 215, 59, 242, 139, 62, 116, 20, 230, 101, 228, 112, 82, 235, 184, 74, 114, 186, 23, 201, 214, 24, 87, 218, 240, 71, 196, 50, 126, 223, 120, 203, 209, 90, 221, 115, 22, 175, 251, 140, 132, 212, 136, 199, 195, 42, 190, 15, 17, 135, 8, 147, 189, 9, 102, 200, 193, 51, 182, 88, 66, 151, 70, 213, 162, 48, 156, 80, 1, 138, 244, 117, 52, 233, 93, 224, 152, 75, 98, 154, 171, 243, 183, 34, 85, 149, 191, 18, 72, 127, 58, 205, 241, 47, 225, 83, 103, 158, 32, 170, 163, 231, 99, 219, 188, 33, 204, 92, 78, 159, 167, 11, 54, 129, 4, 202, 145, 45, 81, 181, 210, 53, 194, 84, 39, 238, 43, 208, 119, 49, 178, 64, 252, 148, 227, 113, 40, 237, 97, 234, 172, 56, 16, 150, 179, 253, 174, 30, 36, 118, 157, 65, 69, 134, 67, 142, 232, 37, 176, 95, 29, 168, 96, 207, 197, 31, 86, 229, 187, 68, 239, 76, 57, 143, 21, 125, 122, 3, 164, 5, 35, 104, 192, 13, 10, 109, 255, 144, 121, 38, 169, 12, 236, 105, 254, 146, 111, 248, 60, 206, 128, 44, 166, 77, 256, 141, 185, 14, 250, 130, 27, 108, 160, 6, 247, 137, 161, 226, 123, 46, 41, 107, 100, 155, 173, 7, 177, 26, 2, 106, 180, 28, 245, 131, 55, 198, 133, 25]
Correct solution
(w = 56) Building and Solving
[runlim] sample:		1355.2 time, 1060.0 real, 1668.8 MB
[runlim] sample:		1365.5 time, 1070.0 real, 2196.2 MB
[runlim] sample:		1377.2 time, 1080.0 real, 2194.9 MB
[runlim] sample:		1387.2 time, 1090.0 real, 2194.9 MB
[runlim] sample:		1397.2 time, 1100.0 real, 3446.5 MB
[runlim] sample:		1407.2 time, 1110.0 real, 3446.5 MB
[runlim] sample:		1417.2 time, 1120.0 real, 2436.5 MB
[runlim] sample:		1429.1 time, 1130.0 real, 3266.8 MB
[runlim] sample:		1439.1 time, 1140.0 real, 3266.8 MB
[runlim] sample:		1449.1 time, 1150.0 real, 3718.2 MB
Value Cyclic-Antibandwidth: 56
Labels: [128, 217, 13, 117, 239, 86, 84, 234, 184, 19, 94, 188, 59, 145, 177, 34, 250, 151, 120, 5, 93, 23, 244, 138, 95, 213, 243, 104, 160, 80, 54, 223, 14, 113, 111, 212, 108, 198, 246, 52, 110, 180, 233, 61, 193, 2, 69, 155, 140, 17, 22, 101, 229, 98, 114, 232, 209, 124, 105, 240, 31, 201, 219, 43, 206, 119, 87, 187, 76, 196, 179, 53, 10, 175, 159, 32, 183, 21, 9, 154, 123, 242, 227, 100, 203, 83, 102, 253, 192, 65, 103, 161, 26, 157, 162, 60, 134, 207, 194, 20, 190, 16, 77, 197, 204, 30, 42, 126, 25, 129, 133, 44, 231, 137, 130, 215, 48, 205, 216, 74, 70, 225, 236, 45, 142, 49, 51, 153, 208, 143, 92, 24, 112, 7, 189, 116, 15, 214, 182, 115, 169, 82, 33, 228, 125, 249, 245, 121, 237, 107, 109, 3, 181, 89, 56, 252, 39, 164, 170, 63, 96, 251, 220, 81, 174, 68, 106, 210, 185, 75, 67, 171, 27, 141, 191, 35, 28, 136, 149, 247, 118, 6, 238, 66, 88, 12, 230, 73, 226, 85, 50, 146, 11, 211, 152, 90, 168, 91, 254, 186, 148, 18, 1, 172, 255, 158, 132, 40, 195, 135, 46, 224, 38, 221, 165, 79, 8, 202, 163, 62, 144, 29, 256, 156, 200, 78, 41, 147, 99, 199, 167, 57, 4, 176, 127, 241, 178, 37, 248, 122, 97, 218, 222, 64, 235, 71, 58, 166, 173, 72, 36, 131, 47, 150, 139, 55]
Correct solution
(w = 57) Building and Solving
[runlim] sample:		1480.8 time, 1160.0 real, 1290.2 MB
[runlim] sample:		1490.8 time, 1170.0 real, 1877.6 MB
[runlim] sample:		1502.8 time, 1180.0 real, 2099.6 MB
[runlim] sample:		1512.8 time, 1190.0 real, 2099.6 MB
[runlim] sample:		1522.8 time, 1200.0 real, 3356.6 MB
[runlim] sample:		1532.8 time, 1210.0 real, 3340.8 MB
[runlim] sample:		1542.8 time, 1220.0 real, 3340.8 MB
[runlim] sample:		1553.0 time, 1230.0 real, 3160.0 MB
[runlim] sample:		1564.7 time, 1240.0 real, 3161.7 MB
[runlim] sample:		1574.7 time, 1250.0 real, 3161.7 MB
[runlim] sample:		1590.3 time, 1260.0 real, 4116.1 MB
Value Cyclic-Antibandwidth: 57
Labels: [7, 190, 114, 47, 69, 251, 220, 119, 110, 46, 49, 195, 221, 139, 128, 44, 132, 13, 28, 138, 4, 141, 91, 227, 53, 202, 162, 55, 140, 66, 233, 124, 129, 60, 52, 131, 8, 118, 136, 12, 236, 146, 148, 63, 149, 37, 241, 147, 11, 150, 151, 59, 137, 248, 16, 154, 155, 74, 77, 156, 17, 160, 161, 252, 188, 34, 10, 163, 5, 108, 159, 3, 1, 164, 194, 64, 152, 20, 56, 157, 50, 158, 167, 23, 168, 244, 25, 84, 170, 26, 68, 171, 48, 165, 173, 27, 51, 174, 175, 22, 176, 19, 31, 89, 178, 83, 35, 179, 32, 180, 181, 6, 182, 38, 39, 183, 40, 184, 169, 256, 18, 186, 187, 43, 193, 58, 42, 189, 105, 21, 222, 104, 192, 101, 36, 196, 211, 103, 106, 45, 41, 203, 197, 102, 198, 90, 109, 199, 61, 200, 201, 62, 111, 24, 30, 113, 204, 123, 117, 205, 206, 120, 112, 207, 65, 208, 209, 70, 57, 219, 210, 126, 212, 122, 67, 213, 71, 214, 215, 130, 216, 73, 79, 217, 218, 133, 135, 54, 99, 9, 229, 144, 29, 93, 116, 223, 121, 191, 225, 76, 127, 224, 33, 134, 228, 78, 125, 226, 107, 230, 231, 80, 232, 81, 82, 172, 234, 115, 142, 235, 143, 255, 237, 85, 145, 238, 239, 87, 240, 86, 88, 177, 242, 153, 92, 243, 94, 15, 245, 72, 246, 95, 96, 247, 97, 2, 249, 98, 75, 250, 14, 166, 253, 185, 100, 254]
Correct solution
(w = 58) Building and Solving
[runlim] sample:		1623.5 time, 1270.0 real, 1591.3 MB
[runlim] sample:		1633.5 time, 1280.0 real, 2157.2 MB
[runlim] sample:		1645.5 time, 1290.0 real, 2285.7 MB
[runlim] sample:		1655.5 time, 1300.0 real, 2285.7 MB
[runlim] sample:		1665.5 time, 1310.0 real, 3559.9 MB
[runlim] sample:		1675.5 time, 1320.0 real, 3533.2 MB
[runlim] sample:		1685.5 time, 1330.0 real, 3533.2 MB
[runlim] sample:		1695.7 time, 1340.0 real, 3335.7 MB
[runlim] sample:		1707.4 time, 1350.0 real, 3336.1 MB
[runlim] sample:		1717.4 time, 1360.0 real, 3336.1 MB
[runlim] sample:		1727.4 time, 1370.0 real, 2329.7 MB
[runlim] sample:		1766.7 time, 1380.0 real, 4698.3 MB
Value Cyclic-Antibandwidth: 58
Labels: [105, 13, 168, 86, 220, 99, 48, 241, 163, 101, 248, 185, 54, 222, 156, 82, 3, 110, 62, 228, 120, 226, 244, 144, 71, 173, 129, 47, 210, 93, 59, 231, 201, 137, 66, 6, 100, 23, 227, 98, 4, 195, 184, 126, 167, 91, 37, 235, 87, 17, 230, 85, 217, 124, 148, 223, 157, 80, 33, 216, 39, 236, 224, 111, 170, 103, 239, 174, 42, 218, 125, 60, 36, 172, 107, 9, 179, 94, 237, 159, 69, 11, 175, 75, 229, 106, 63, 247, 134, 73, 233, 152, 35, 232, 149, 52, 20, 196, 165, 95, 203, 112, 44, 198, 117, 21, 8, 189, 19, 206, 118, 46, 166, 97, 65, 180, 104, 205, 234, 88, 245, 177, 142, 29, 178, 109, 56, 200, 213, 108, 79, 16, 70, 253, 243, 133, 18, 214, 138, 76, 130, 68, 57, 209, 84, 14, 153, 89, 215, 150, 78, 246, 151, 83, 15, 147, 40, 238, 181, 81, 114, 251, 221, 115, 182, 123, 58, 211, 183, 96, 25, 186, 2, 194, 145, 38, 191, 92, 72, 207, 51, 219, 240, 116, 250, 158, 139, 27, 132, 45, 61, 225, 43, 202, 176, 77, 197, 128, 67, 242, 113, 34, 1, 140, 255, 193, 155, 64, 160, 90, 30, 154, 32, 212, 161, 74, 53, 171, 119, 24, 135, 41, 256, 141, 187, 127, 28, 199, 31, 204, 146, 55, 249, 188, 169, 7, 143, 22, 5, 131, 10, 190, 164, 26, 162, 102, 49, 208, 121, 12, 254, 136, 252, 192, 122, 50]
Correct solution
(w = 59) Building and Solving
[runlim] sample:		1777.6 time, 1390.0 real, 1565.7 MB
[runlim] sample:		1789.7 time, 1400.0 real, 2191.1 MB
[runlim] sample:		1799.7 time, 1410.0 real, 2191.1 MB
[runlim] sample:		1809.7 time, 1420.0 real, 2191.8 MB
[runlim] sample:		1819.7 time, 1430.0 real, 3610.4 MB
[runlim] sample:		1829.7 time, 1440.0 real, 3610.4 MB
[runlim] sample:		1839.9 time, 1450.0 real, 2698.0 MB
[runlim] sample:		1851.6 time, 1460.0 real, 3391.5 MB
[runlim] sample:		1861.6 time, 1470.0 real, 3391.5 MB
[runlim] sample:		1871.6 time, 1480.0 real, 3866.9 MB
Value Cyclic-Antibandwidth: 59
Labels: [5, 100, 86, 184, 67, 225, 198, 125, 95, 34, 197, 105, 221, 124, 128, 41, 87, 174, 173, 89, 168, 85, 77, 17, 229, 106, 83, 22, 82, 21, 18, 120, 140, 210, 254, 99, 3, 136, 135, 40, 35, 151, 134, 24, 152, 64, 68, 216, 232, 88, 74, 2, 90, 12, 14, 130, 158, 27, 15, 155, 16, 165, 166, 33, 150, 222, 7, 76, 8, 163, 92, 6, 237, 161, 91, 238, 156, 253, 20, 129, 9, 97, 69, 251, 98, 4, 245, 169, 103, 30, 249, 171, 19, 170, 167, 256, 11, 138, 108, 13, 176, 62, 26, 177, 178, 23, 28, 179, 58, 180, 175, 55, 172, 29, 255, 183, 31, 182, 185, 63, 38, 186, 187, 79, 188, 32, 71, 189, 93, 190, 159, 96, 193, 84, 25, 220, 194, 107, 37, 195, 109, 196, 192, 110, 223, 44, 42, 199, 94, 200, 201, 101, 39, 181, 203, 81, 218, 116, 118, 10, 206, 117, 59, 207, 119, 208, 204, 126, 121, 46, 211, 122, 50, 123, 127, 48, 54, 214, 215, 65, 217, 102, 112, 191, 219, 113, 144, 252, 115, 43, 45, 132, 209, 60, 66, 202, 72, 224, 205, 111, 53, 226, 227, 47, 228, 57, 133, 212, 78, 230, 231, 61, 213, 70, 137, 233, 234, 114, 139, 235, 142, 236, 36, 141, 80, 241, 239, 73, 240, 143, 145, 1, 242, 146, 147, 243, 148, 244, 49, 149, 246, 104, 153, 247, 154, 248, 52, 131, 157, 250, 75, 160, 56, 162, 164, 51]
Correct solution
(w = 60) Building and Solving
[runlim] sample:		1902.6 time, 1490.0 real, 1671.1 MB
[runlim] sample:		1912.6 time, 1500.0 real, 1534.1 MB
[runlim] sample:		1924.7 time, 1510.0 real, 2367.0 MB
[runlim] sample:		1934.7 time, 1520.0 real, 2367.0 MB
[runlim] sample:		1944.7 time, 1530.0 real, 2367.9 MB
[runlim] sample:		1954.6 time, 1540.0 real, 3706.4 MB
[runlim] sample:		1964.6 time, 1550.0 real, 3706.4 MB
[runlim] sample:		1974.9 time, 1560.0 real, 2705.4 MB
[runlim] sample:		1986.6 time, 1570.0 real, 3410.8 MB
[runlim] sample:		1996.6 time, 1580.0 real, 3410.8 MB
[runlim] sample:		2006.6 time, 1590.0 real, 3894.2 MB
[runlim] sample:		2038.2 time, 1600.0 real, 8377.8 MB
Value Cyclic-Antibandwidth: 60
Labels: [95, 17, 236, 105, 180, 109, 41, 174, 178, 117, 48, 195, 9, 179, 115, 5, 254, 148, 116, 43, 120, 256, 198, 113, 104, 239, 235, 107, 199, 111, 49, 173, 224, 128, 75, 11, 34, 188, 141, 76, 70, 248, 147, 81, 202, 86, 46, 160, 138, 1, 219, 135, 207, 123, 25, 220, 222, 126, 45, 203, 30, 192, 137, 39, 216, 121, 78, 214, 35, 183, 151, 22, 32, 185, 140, 60, 158, 20, 238, 152, 129, 15, 12, 154, 210, 110, 73, 215, 204, 103, 72, 246, 14, 171, 156, 61, 31, 189, 169, 84, 167, 13, 37, 165, 164, 67, 249, 161, 6, 157, 166, 240, 227, 102, 80, 223, 38, 190, 149, 59, 87, 253, 150, 64, 155, 58, 29, 125, 2, 122, 63, 234, 74, 245, 208, 51, 83, 16, 205, 133, 153, 79, 27, 201, 124, 244, 3, 132, 226, 114, 119, 209, 231, 131, 69, 252, 93, 18, 193, 101, 62, 251, 197, 108, 159, 98, 56, 196, 218, 130, 53, 228, 82, 217, 146, 36, 232, 168, 127, 21, 91, 8, 194, 112, 65, 4, 237, 99, 172, 106, 50, 211, 71, 250, 145, 68, 181, 118, 19, 212, 162, 89, 42, 225, 23, 184, 139, 33, 255, 100, 77, 221, 85, 213, 206, 28, 66, 230, 170, 88, 175, 90, 40, 163, 187, 97, 7, 177, 247, 182, 144, 24, 44, 233, 136, 54, 142, 52, 241, 143, 92, 26, 191, 94, 186, 96, 10, 200, 229, 134, 57, 242, 55, 243, 176, 47]
Correct solution
(w = 61) Building and Solving
[runlim] sample:		2072.7 time, 1610.0 real, 1608.4 MB
[runlim] sample:		2082.7 time, 1620.0 real, 1760.2 MB
[runlim] sample:		2094.8 time, 1630.0 real, 2326.3 MB
[runlim] sample:		2104.8 time, 1640.0 real, 2326.3 MB
[runlim] sample:		2114.8 time, 1650.0 real, 2327.0 MB
[runlim] sample:		2124.8 time, 1660.0 real, 3793.4 MB
[runlim] sample:		2134.8 time, 1670.0 real, 3793.4 MB
[runlim] sample:		2144.8 time, 1680.0 real, 2693.6 MB
[runlim] sample:		2156.8 time, 1690.0 real, 3470.9 MB
[runlim] sample:		2166.8 time, 1700.0 real, 3470.9 MB
[runlim] sample:		2176.8 time, 1710.0 real, 3470.9 MB
[runlim] sample:		2199.9 time, 1720.0 real, 8036.4 MB
[runlim] sample:		2245.6 time, 1730.0 real, 6430.2 MB
[runlim] sample:		2273.9 time, 1740.0 real, 7052.7 MB
[runlim] sample:		2303.9 time, 1750.0 real, 7825.4 MB
[runlim] sample:		2333.9 time, 1760.0 real, 7832.8 MB
[runlim] sample:		2363.9 time, 1770.0 real, 8315.1 MB
[runlim] sample:		2393.9 time, 1780.0 real, 8342.6 MB
[runlim] sample:		2423.9 time, 1790.0 real, 9838.0 MB
[runlim] sample:		2453.9 time, 1800.0 real, 9852.3 MB
[runlim] end:			Sun Nov  2 13:34:06 2025
[runlim] status:		out of time
[runlim] result:		2
[runlim] children:		0
[runlim] real:			1800.16 seconds
[runlim] time:			2454.01 seconds
[runlim] space:			10107.7 MB
[runlim] samples:		18001
