[runlim] version:		1.10
[runlim] time limit:		311040000 seconds
[runlim] real time limit:	150 seconds
[runlim] space limit:		30000 MB
[runlim] argv[0]:		python3
[runlim] argv[1]:		model.py
[runlim] argv[2]:		./graph/double_star/double_star_100_30.txt
[runlim] start:			Mon Nov 17 08:15:57 2025
[runlim] main pid:		32169
[runlim] log captured:
Set parameter WLSAccessID
Set parameter WLSSecret
Set parameter LicenseID to value 2663665
Academic license 2663665 - for non-commercial use only - registered to tu___@vnu.edu.vn
Set parameter TimeLimit to value 1800
(w = 3) Value Cyclicantibandwidth: 3
Lables: [43, 97, 54, 50, 59, 5, 12, 31, 55, 37, 40, 46, 57, 67, 27, 72, 8, 73, 33, 64, 22, 81, 93, 117, 83, 24, 1, 111, 30, 25, 115, 38, 124, 16, 48, 110, 101, 84, 85, 123, 78, 103, 82, 122, 26, 105, 102, 11, 13, 29, 119, 68, 116, 7, 35, 20, 60, 77, 80, 32, 108, 112, 71, 75, 120, 100, 113, 69, 58, 95, 74, 92, 89, 66, 53, 2, 130, 118, 63, 52, 56, 17, 114, 15, 70, 61, 28, 49, 107, 106, 9, 87, 34, 90, 91, 125, 3, 62, 94, 4, 121, 21, 76, 19, 127, 126, 42, 128, 6, 86, 18, 45, 129, 79, 14, 98, 10, 99, 39, 23, 51, 109, 44, 96, 36, 88, 47, 41, 65, 104]
(w = 3) Correct Cyclicantibandwidth
Set parameter TimeLimit to value 1800
(w = 4) Value Cyclicantibandwidth: 4
Lables: [4, 97, 54, 62, 50, 64, 12, 51, 120, 34, 23, 82, 106, 63, 52, 72, 33, 27, 18, 67, 99, 14, 93, 117, 68, 35, 98, 87, 96, 76, 115, 125, 46, 38, 48, 110, 75, 81, 85, 123, 73, 103, 78, 111, 86, 105, 79, 57, 130, 49, 8, 59, 116, 90, 101, 69, 60, 58, 80, 32, 108, 112, 71, 55, 40, 121, 113, 39, 19, 66, 122, 36, 89, 88, 126, 42, 24, 45, 41, 118, 56, 17, 53, 15, 70, 61, 28, 44, 107, 30, 9, 128, 16, 84, 119, 95, 124, 37, 94, 26, 109, 21, 29, 11, 127, 22, 83, 3, 25, 129, 13, 114, 77, 31, 1, 2, 10, 43, 74, 100, 102, 91, 6, 20, 65, 5, 47, 92, 7, 104]
(w = 4) Correct Cyclicantibandwidth
Set parameter TimeLimit to value 1800
(w = 5) Value Cyclicantibandwidth: 5
Lables: [22, 97, 54, 62, 50, 100, 12, 31, 120, 34, 109, 82, 11, 63, 52, 72, 33, 27, 3, 67, 64, 46, 93, 117, 96, 35, 1, 87, 30, 76, 115, 49, 42, 38, 48, 110, 101, 81, 85, 123, 73, 103, 78, 111, 86, 105, 79, 57, 13, 99, 8, 59, 116, 7, 51, 69, 60, 58, 80, 32, 108, 112, 71, 55, 40, 121, 113, 39, 122, 66, 89, 70, 77, 88, 6, 2, 130, 45, 90, 118, 56, 17, 125, 15, 14, 61, 28, 44, 107, 106, 9, 128, 16, 84, 119, 95, 124, 37, 94, 4, 5, 21, 29, 26, 127, 126, 83, 25, 98, 129, 24, 114, 53, 18, 74, 19, 10, 75, 23, 43, 102, 91, 68, 20, 65, 36, 47, 92, 41, 104]
(w = 5) Correct Cyclicantibandwidth
Set parameter TimeLimit to value 1800
(w = 6) Value Cyclicantibandwidth: 6
Lables: [30, 65, 98, 42, 40, 79, 96, 84, 92, 123, 107, 60, 126, 15, 12, 120, 43, 114, 46, 8, 9, 113, 127, 80, 89, 52, 45, 90, 58, 95, 88, 130, 47, 70, 106, 111, 53, 109, 121, 18, 93, 85, 17, 54, 115, 77, 68, 128, 76, 105, 23, 13, 71, 119, 75, 1, 6, 99, 86, 102, 87, 116, 5, 14, 50, 10, 19, 110, 112, 125, 7, 51, 74, 41, 61, 81, 20, 16, 73, 49, 94, 100, 55, 129, 122, 117, 59, 4, 69, 57, 78, 3, 48, 11, 67, 83, 38, 72, 36, 97, 124, 56, 26, 35, 91, 37, 24, 39, 28, 29, 63, 21, 33, 66, 64, 34, 22, 104, 31, 101, 27, 25, 82, 62, 108, 103, 32, 44, 118, 2]
(w = 6) Correct Cyclicantibandwidth
Set parameter TimeLimit to value 1800
(w = 7) Value Cyclicantibandwidth: 7
Lables: [26, 110, 54, 62, 67, 88, 12, 97, 120, 15, 70, 82, 5, 63, 68, 72, 74, 38, 118, 39, 64, 127, 93, 117, 96, 113, 18, 87, 35, 76, 115, 49, 42, 46, 124, 1, 101, 81, 85, 123, 73, 103, 78, 44, 2, 105, 79, 57, 13, 98, 8, 59, 116, 126, 4, 69, 60, 58, 80, 6, 108, 112, 71, 53, 40, 121, 130, 109, 19, 33, 89, 61, 77, 43, 106, 37, 86, 45, 90, 66, 56, 41, 125, 51, 14, 102, 52, 10, 107, 75, 9, 128, 16, 84, 119, 95, 100, 99, 94, 91, 92, 34, 29, 122, 20, 104, 83, 25, 17, 32, 24, 114, 3, 48, 30, 50, 22, 11, 7, 21, 27, 47, 31, 28, 55, 23, 129, 65, 36, 111]
(w = 7) Correct Cyclicantibandwidth
Set parameter TimeLimit to value 1800
(w = 8) Value Cyclicantibandwidth: 8
Lables: [22, 97, 54, 62, 50, 100, 12, 31, 120, 34, 109, 82, 5, 63, 52, 72, 33, 47, 3, 67, 64, 46, 93, 117, 96, 35, 1, 87, 30, 76, 115, 49, 42, 38, 48, 110, 101, 81, 85, 123, 73, 103, 78, 4, 86, 105, 79, 57, 13, 99, 8, 59, 116, 126, 51, 69, 60, 58, 80, 32, 108, 112, 71, 55, 40, 121, 113, 39, 122, 66, 89, 70, 77, 88, 106, 2, 130, 45, 90, 118, 56, 41, 125, 98, 14, 61, 129, 44, 107, 6, 9, 128, 124, 84, 119, 95, 74, 37, 94, 91, 92, 21, 29, 26, 127, 104, 83, 25, 17, 11, 24, 114, 53, 18, 16, 19, 10, 75, 7, 43, 27, 15, 68, 20, 102, 23, 28, 65, 36, 111]
(w = 8) Correct Cyclicantibandwidth
Set parameter TimeLimit to value 1800
(w = 9) Value Cyclicantibandwidth: 9
Lables: [23, 97, 109, 128, 50, 100, 12, 43, 120, 34, 87, 51, 5, 63, 52, 127, 80, 98, 83, 67, 64, 37, 54, 117, 122, 35, 1, 74, 53, 76, 115, 49, 42, 38, 48, 91, 101, 81, 85, 123, 96, 103, 78, 111, 86, 105, 79, 57, 13, 99, 8, 59, 118, 72, 130, 69, 3, 58, 46, 32, 108, 112, 71, 55, 40, 121, 113, 65, 4, 66, 89, 70, 104, 88, 106, 33, 73, 77, 90, 2, 56, 41, 125, 92, 60, 61, 129, 44, 107, 6, 9, 68, 124, 62, 119, 95, 45, 14, 94, 126, 93, 21, 29, 84, 39, 26, 7, 25, 36, 11, 24, 114, 30, 18, 16, 19, 22, 75, 17, 82, 15, 31, 110, 20, 102, 116, 28, 27, 10, 47]
(w = 9) Correct Cyclicantibandwidth
Set parameter TimeLimit to value 1800
(w = 10) Value Cyclicantibandwidth: 10
Lables: [23, 66, 82, 128, 13, 125, 12, 83, 56, 38, 69, 52, 103, 102, 42, 4, 126, 98, 76, 62, 44, 46, 89, 7, 96, 99, 1, 68, 64, 67, 91, 11, 47, 54, 59, 110, 127, 41, 85, 49, 73, 100, 78, 109, 10, 71, 101, 90, 72, 86, 8, 43, 116, 48, 51, 107, 36, 121, 3, 81, 108, 79, 124, 115, 40, 70, 63, 129, 6, 58, 60, 53, 77, 88, 5, 87, 130, 75, 105, 57, 106, 2, 65, 80, 45, 111, 84, 118, 33, 114, 9, 117, 37, 97, 35, 95, 74, 94, 119, 93, 92, 21, 120, 39, 20, 104, 19, 113, 30, 32, 112, 50, 22, 18, 14, 26, 31, 123, 29, 24, 15, 27, 25, 16, 17, 28, 61, 122, 55, 34]
(w = 10) Correct Cyclicantibandwidth
Set parameter TimeLimit to value 1800
[runlim] sample:		10.2 time, 10.5 real, 108.5 MB
(w = 11) Value Cyclicantibandwidth: 11
Lables: [25, 97, 54, 62, 50, 100, 12, 40, 120, 115, 114, 82, 5, 63, 52, 72, 108, 98, 3, 76, 64, 46, 93, 117, 96, 109, 1, 87, 4, 127, 91, 68, 42, 38, 48, 110, 101, 81, 85, 123, 73, 103, 78, 111, 86, 105, 79, 57, 66, 99, 8, 59, 116, 126, 51, 69, 60, 58, 80, 74, 49, 112, 71, 67, 125, 121, 113, 39, 122, 130, 89, 70, 77, 88, 106, 2, 65, 75, 90, 118, 56, 41, 11, 92, 45, 36, 129, 44, 107, 6, 9, 128, 124, 84, 119, 95, 43, 37, 94, 47, 83, 21, 29, 26, 28, 104, 22, 13, 30, 31, 24, 35, 53, 20, 14, 19, 10, 32, 7, 33, 15, 16, 18, 102, 17, 23, 61, 27, 55, 34]
(w = 11) Correct Cyclicantibandwidth
Set parameter TimeLimit to value 1800
(w = 12) Value Cyclicantibandwidth: 12
Lables: [23, 45, 54, 62, 50, 100, 72, 40, 120, 74, 79, 82, 5, 63, 52, 57, 97, 98, 91, 67, 64, 46, 93, 117, 58, 35, 1, 87, 4, 76, 115, 75, 42, 125, 48, 110, 101, 81, 85, 123, 73, 103, 78, 111, 10, 105, 102, 128, 66, 99, 8, 59, 116, 126, 51, 69, 60, 89, 80, 88, 108, 112, 113, 55, 109, 121, 90, 39, 122, 130, 2, 70, 77, 53, 68, 38, 6, 96, 106, 118, 56, 41, 11, 92, 61, 36, 129, 44, 107, 47, 9, 84, 124, 104, 119, 95, 43, 3, 94, 86, 83, 21, 29, 26, 13, 20, 33, 65, 22, 12, 71, 114, 127, 18, 14, 25, 49, 34, 7, 31, 27, 16, 17, 24, 15, 32, 28, 19, 37, 30]
(w = 12) Correct Cyclicantibandwidth
Set parameter TimeLimit to value 1800
(w = 13) Value Cyclicantibandwidth: 13
Lables: [13, 97, 54, 62, 98, 100, 94, 96, 84, 34, 109, 82, 72, 63, 33, 57, 113, 58, 29, 67, 64, 46, 93, 117, 61, 35, 43, 87, 28, 76, 115, 49, 42, 38, 77, 110, 101, 81, 85, 123, 73, 30, 78, 111, 86, 105, 79, 128, 66, 26, 50, 48, 116, 126, 51, 69, 60, 91, 80, 88, 108, 112, 71, 55, 125, 121, 99, 39, 122, 130, 89, 70, 31, 53, 106, 27, 74, 45, 90, 118, 40, 41, 129, 92, 120, 36, 104, 44, 107, 65, 127, 32, 124, 75, 119, 95, 56, 37, 59, 47, 83, 23, 10, 6, 52, 20, 9, 25, 3, 7, 4, 21, 19, 102, 14, 12, 22, 11, 24, 1, 15, 16, 68, 2, 17, 8, 114, 18, 5, 103]
(w = 13) Correct Cyclicantibandwidth
Set parameter TimeLimit to value 1800
(w = 14) Value Cyclicantibandwidth: 14
Lables: [1, 15, 16, 17, 18, 19, 20, 21, 22, 23, 24, 25, 26, 27, 29, 30, 31, 32, 33, 34, 35, 36, 37, 38, 39, 40, 41, 42, 43, 44, 45, 46, 47, 48, 49, 50, 51, 52, 53, 54, 55, 56, 57, 58, 59, 60, 61, 62, 63, 64, 65, 103, 73, 116, 104, 110, 94, 96, 106, 91, 77, 78, 86, 83, 107, 115, 109, 84, 93, 90, 102, 71, 69, 92, 111, 99, 76, 82, 72, 100, 114, 108, 105, 85, 80, 74, 88, 112, 95, 75, 70, 117, 81, 101, 79, 113, 98, 87, 68, 97, 28, 2, 3, 4, 5, 6, 7, 8, 9, 10, 11, 12, 13, 14, 66, 67, 124, 128, 127, 120, 129, 130, 119, 122, 126, 121, 118, 125, 89, 123]
(w = 14) Correct Cyclicantibandwidth
Set parameter TimeLimit to value 1800
[runlim] sample:		21.4 time, 20.5 real, 188.3 MB
(w = 15) Value Cyclicantibandwidth: 15
Lables: [65, 24, 130, 20, 34, 18, 98, 2, 108, 103, 30, 86, 82, 7, 104, 105, 123, 93, 128, 106, 37, 122, 121, 22, 43, 89, 47, 5, 81, 114, 31, 11, 127, 112, 100, 102, 96, 107, 48, 88, 32, 27, 42, 84, 21, 4, 129, 111, 45, 41, 15, 3, 94, 9, 33, 120, 44, 117, 115, 13, 99, 87, 90, 6, 38, 39, 17, 118, 50, 49, 91, 80, 109, 97, 10, 101, 23, 36, 8, 124, 83, 46, 12, 35, 119, 14, 92, 1, 110, 85, 116, 26, 19, 28, 126, 40, 113, 29, 16, 25, 125, 59, 79, 73, 55, 54, 68, 66, 64, 71, 72, 62, 53, 63, 61, 78, 74, 51, 77, 75, 60, 58, 52, 70, 95, 76, 69, 57, 56, 67]
(w = 15) Correct Cyclicantibandwidth
Set parameter TimeLimit to value 1800
[runlim] sample:		39.5 time, 30.5 real, 373.9 MB
[runlim] sample:		69.6 time, 40.5 real, 388.1 MB
(w = 16) Not found solution with CAB = 16.
Final result: CAB = 15, Labels = [65, 24, 130, 20, 34, 18, 98, 2, 108, 103, 30, 86, 82, 7, 104, 105, 123, 93, 128, 106, 37, 122, 121, 22, 43, 89, 47, 5, 81, 114, 31, 11, 127, 112, 100, 102, 96, 107, 48, 88, 32, 27, 42, 84, 21, 4, 129, 111, 45, 41, 15, 3, 94, 9, 33, 120, 44, 117, 115, 13, 99, 87, 90, 6, 38, 39, 17, 118, 50, 49, 91, 80, 109, 97, 10, 101, 23, 36, 8, 124, 83, 46, 12, 35, 119, 14, 92, 1, 110, 85, 116, 26, 19, 28, 126, 40, 113, 29, 16, 25, 125, 59, 79, 73, 55, 54, 68, 66, 64, 71, 72, 62, 53, 63, 61, 78, 74, 51, 77, 75, 60, 58, 52, 70, 95, 76, 69, 57, 56, 67]
Real time: 41.17732572555542 seconds
[runlim] end:			Mon Nov 17 08:16:38 2025
[runlim] status:		ok
[runlim] result:		0
[runlim] children:		0
[runlim] real:			41.81 seconds
[runlim] time:			73.18 seconds
[runlim] space:			440.5 MB
[runlim] samples:		412
