[runlim] version:		1.10
[runlim] time limit:		311040000 seconds
[runlim] real time limit:	150 seconds
[runlim] space limit:		30000 MB
[runlim] argv[0]:		python3
[runlim] argv[1]:		model.py
[runlim] argv[2]:		./graph/double_star/double_star_15_7.txt
[runlim] start:			Mon Nov 17 08:13:50 2025
[runlim] main pid:		31238
[runlim] log captured:
Set parameter WLSAccessID
Set parameter WLSSecret
Set parameter LicenseID to value 2663665
Academic license 2663665 - for non-commercial use only - registered to tu___@vnu.edu.vn
Set parameter TimeLimit to value 1800
(w = 3) Value Cyclicantibandwidth: 3
Lables: [9, 18, 15, 21, 12, 17, 6, 19, 14, 3, 4, 2, 1, 13, 5, 16, 8, 22, 7, 10, 11, 20]
(w = 3) Correct Cyclicantibandwidth
Set parameter TimeLimit to value 1800
(w = 4) Value Cyclicantibandwidth: 4
Lables: [11, 22, 21, 20, 19, 18, 17, 16, 15, 7, 6, 5, 4, 3, 2, 1, 14, 13, 12, 10, 9, 8]
(w = 4) Correct Cyclicantibandwidth
Set parameter TimeLimit to value 1800
(w = 5) Not found solution with CAB = 5.
Final result: CAB = 4, Labels = [11, 22, 21, 20, 19, 18, 17, 16, 15, 7, 6, 5, 4, 3, 2, 1, 14, 13, 12, 10, 9, 8]
Real time: 0.1733243465423584 seconds
[runlim] end:			Mon Nov 17 08:13:51 2025
[runlim] status:		ok
[runlim] result:		0
[runlim] children:		0
[runlim] real:			1.13 seconds
[runlim] time:			0.24 seconds
[runlim] space:			38.9 MB
[runlim] samples:		2
