[runlim] version:		1.10
[runlim] time limit:		311040000 seconds
[runlim] real time limit:	150 seconds
[runlim] space limit:		30000 MB
[runlim] argv[0]:		python3
[runlim] argv[1]:		model.py
[runlim] argv[2]:		./graph/double_star/double_star_40_25.txt
[runlim] start:			Mon Nov 17 08:14:14 2025
[runlim] main pid:		31467
[runlim] log captured:
Set parameter WLSAccessID
Set parameter WLSSecret
Set parameter LicenseID to value 2663665
Academic license 2663665 - for non-commercial use only - registered to tu___@vnu.edu.vn
Set parameter TimeLimit to value 1800
(w = 3) Value Cyclicantibandwidth: 3
Lables: [31, 22, 5, 24, 49, 15, 27, 12, 7, 50, 37, 8, 56, 34, 55, 23, 28, 44, 3, 21, 41, 18, 10, 58, 48, 11, 65, 20, 6, 52, 60, 14, 17, 47, 45, 2, 39, 4, 57, 59, 46, 36, 35, 53, 32, 25, 62, 13, 26, 42, 19, 29, 43, 1, 63, 64, 38, 30, 51, 61, 9, 40, 33, 54, 16]
(w = 3) Correct Cyclicantibandwidth
Set parameter TimeLimit to value 1800
(w = 4) Value Cyclicantibandwidth: 4
Lables: [23, 32, 33, 14, 51, 54, 27, 43, 64, 50, 37, 8, 56, 46, 55, 31, 63, 35, 3, 16, 10, 15, 29, 58, 48, 11, 7, 49, 6, 52, 60, 57, 17, 65, 45, 2, 18, 4, 53, 59, 1, 62, 47, 30, 41, 25, 28, 21, 26, 42, 12, 24, 34, 36, 20, 19, 38, 9, 22, 61, 39, 13, 40, 44, 5]
(w = 4) Correct Cyclicantibandwidth
Set parameter TimeLimit to value 1800
(w = 5) Value Cyclicantibandwidth: 5
Lables: [13, 22, 5, 24, 49, 54, 27, 62, 64, 50, 37, 8, 56, 46, 55, 31, 63, 35, 3, 21, 41, 18, 29, 58, 48, 43, 7, 20, 6, 52, 60, 57, 4, 33, 45, 2, 53, 59, 44, 65, 1, 17, 11, 30, 32, 25, 28, 61, 26, 42, 12, 19, 47, 36, 23, 10, 38, 9, 51, 14, 34, 16, 40, 15, 39]
(w = 5) Correct Cyclicantibandwidth
Set parameter TimeLimit to value 1800
(w = 6) Value Cyclicantibandwidth: 6
Lables: [14, 22, 5, 24, 61, 54, 27, 62, 64, 50, 37, 8, 56, 46, 55, 31, 63, 35, 3, 49, 41, 40, 29, 58, 48, 43, 7, 20, 6, 52, 60, 57, 4, 33, 45, 2, 53, 59, 44, 65, 1, 17, 11, 30, 32, 25, 28, 13, 26, 42, 18, 19, 12, 36, 23, 10, 38, 9, 51, 21, 34, 16, 47, 15, 39]
(w = 6) Correct Cyclicantibandwidth
Set parameter TimeLimit to value 1800
(w = 7) Value Cyclicantibandwidth: 7
Lables: [1, 8, 9, 10, 11, 12, 13, 15, 16, 17, 18, 19, 20, 21, 22, 23, 24, 25, 26, 27, 28, 29, 30, 31, 32, 52, 58, 55, 57, 45, 50, 53, 46, 56, 49, 48, 54, 59, 47, 51, 14, 2, 3, 4, 5, 6, 7, 33, 34, 35, 36, 37, 38, 39, 40, 41, 42, 43, 44, 62, 60, 61, 64, 65, 63]
(w = 7) Correct Cyclicantibandwidth
Set parameter TimeLimit to value 1800
(w = 8) Value Cyclicantibandwidth: 8
Lables: [25, 47, 16, 8, 43, 39, 9, 14, 62, 7, 5, 60, 4, 53, 55, 17, 50, 58, 65, 1, 64, 40, 63, 46, 3, 61, 10, 12, 6, 52, 59, 57, 36, 54, 13, 34, 56, 15, 45, 51, 2, 26, 44, 35, 41, 19, 30, 49, 18, 33, 37, 28, 20, 22, 42, 24, 29, 38, 48, 27, 11, 32, 23, 31, 21]
(w = 8) Correct Cyclicantibandwidth
Set parameter TimeLimit to value 1800
(w = 9) Value Cyclicantibandwidth: 9
Lables: [18, 58, 5, 50, 32, 54, 1, 64, 2, 37, 65, 6, 56, 46, 55, 31, 63, 35, 3, 34, 7, 40, 29, 41, 48, 43, 60, 33, 61, 52, 4, 57, 36, 30, 51, 39, 8, 49, 44, 59, 62, 17, 11, 47, 14, 12, 20, 13, 26, 42, 25, 23, 22, 19, 15, 10, 16, 9, 21, 53, 45, 24, 27, 28, 38]
(w = 9) Correct Cyclicantibandwidth
Set parameter TimeLimit to value 1800
(w = 10) Value Cyclicantibandwidth: 10
Lables: [9, 19, 20, 52, 63, 62, 46, 51, 53, 35, 29, 21, 59, 27, 37, 38, 25, 43, 30, 28, 45, 22, 41, 56, 60, 49, 44, 47, 42, 58, 26, 61, 50, 32, 40, 36, 57, 24, 48, 55, 54, 11, 16, 65, 10, 34, 6, 13, 64, 17, 7, 12, 4, 33, 39, 1, 15, 14, 23, 18, 5, 3, 2, 8, 31]
(w = 10) Correct Cyclicantibandwidth
Set parameter TimeLimit to value 1800
(w = 11) Value Cyclicantibandwidth: 11
Lables: [30, 53, 11, 62, 52, 19, 55, 57, 49, 58, 7, 5, 64, 10, 16, 12, 18, 61, 14, 65, 59, 3, 47, 45, 60, 1, 51, 56, 63, 46, 41, 9, 13, 44, 8, 2, 15, 43, 6, 48, 4, 29, 42, 27, 28, 37, 39, 24, 23, 17, 40, 38, 22, 54, 34, 31, 21, 26, 35, 50, 20, 32, 33, 36, 25]
(w = 11) Correct Cyclicantibandwidth
Set parameter TimeLimit to value 1800
(w = 12) Value Cyclicantibandwidth: 12
Lables: [1, 16, 27, 45, 14, 17, 37, 53, 32, 21, 46, 23, 44, 52, 31, 20, 40, 24, 43, 18, 42, 25, 35, 22, 39, 51, 47, 36, 48, 38, 50, 28, 29, 34, 15, 13, 19, 30, 54, 33, 26, 41, 9, 59, 49, 55, 57, 63, 61, 60, 3, 7, 65, 10, 11, 4, 58, 6, 12, 64, 62, 56, 8, 2, 5]
(w = 12) Correct Cyclicantibandwidth
Set parameter TimeLimit to value 1800
(w = 13) Value Cyclicantibandwidth: 13
Lables: [32, 65, 64, 63, 62, 61, 60, 59, 58, 57, 56, 55, 54, 53, 52, 51, 50, 49, 48, 47, 46, 45, 19, 18, 17, 16, 15, 14, 13, 12, 11, 10, 9, 8, 7, 6, 5, 4, 3, 2, 1, 44, 43, 42, 41, 40, 39, 38, 37, 36, 35, 34, 33, 31, 30, 29, 28, 27, 26, 25, 24, 23, 22, 21, 20]
(w = 13) Correct Cyclicantibandwidth
Set parameter TimeLimit to value 1800
(w = 14) Not found solution with CAB = 14.
Final result: CAB = 13, Labels = [32, 65, 64, 63, 62, 61, 60, 59, 58, 57, 56, 55, 54, 53, 52, 51, 50, 49, 48, 47, 46, 45, 19, 18, 17, 16, 15, 14, 13, 12, 11, 10, 9, 8, 7, 6, 5, 4, 3, 2, 1, 44, 43, 42, 41, 40, 39, 38, 37, 36, 35, 34, 33, 31, 30, 29, 28, 27, 26, 25, 24, 23, 22, 21, 20]
Real time: 6.565817594528198 seconds
[runlim] end:			Mon Nov 17 08:14:21 2025
[runlim] status:		ok
[runlim] result:		0
[runlim] children:		0
[runlim] real:			7.26 seconds
[runlim] time:			10.72 seconds
[runlim] space:			155.7 MB
[runlim] samples:		66
