[runlim] version:		1.10
[runlim] time limit:		311040000 seconds
[runlim] real time limit:	150 seconds
[runlim] space limit:		30000 MB
[runlim] argv[0]:		python3
[runlim] argv[1]:		model.py
[runlim] argv[2]:		./graph/double_star/double_star_30_20.txt
[runlim] start:			Mon Nov 17 08:13:51 2025
[runlim] main pid:		31274
[runlim] log captured:
Set parameter WLSAccessID
Set parameter WLSSecret
Set parameter LicenseID to value 2663665
Academic license 2663665 - for non-commercial use only - registered to tu___@vnu.edu.vn
Set parameter TimeLimit to value 1800
(w = 3) Value Cyclicantibandwidth: 3
Lables: [18, 38, 15, 34, 41, 1, 40, 5, 11, 47, 39, 9, 50, 30, 26, 24, 32, 4, 13, 31, 7, 29, 48, 35, 25, 21, 44, 23, 42, 2, 49, 45, 6, 3, 43, 28, 14, 12, 36, 17, 33, 19, 10, 22, 46, 16, 37, 8, 20, 27]
(w = 3) Correct Cyclicantibandwidth
Set parameter TimeLimit to value 1800
(w = 4) Value Cyclicantibandwidth: 4
Lables: [1, 5, 6, 7, 9, 10, 11, 12, 13, 14, 15, 16, 17, 18, 19, 20, 21, 22, 23, 24, 25, 42, 40, 41, 38, 45, 46, 47, 37, 44, 8, 2, 3, 4, 26, 27, 28, 29, 30, 31, 32, 33, 34, 50, 39, 49, 48, 36, 43, 35]
(w = 4) Correct Cyclicantibandwidth
Set parameter TimeLimit to value 1800
(w = 5) Value Cyclicantibandwidth: 5
Lables: [1, 6, 7, 8, 9, 11, 12, 13, 14, 15, 16, 17, 18, 19, 20, 21, 22, 23, 24, 25, 40, 41, 44, 46, 42, 45, 37, 39, 43, 38, 10, 2, 3, 4, 5, 26, 27, 28, 29, 30, 31, 32, 33, 34, 49, 48, 35, 47, 36, 50]
(w = 5) Correct Cyclicantibandwidth
Set parameter TimeLimit to value 1800
(w = 6) Value Cyclicantibandwidth: 6
Lables: [1, 7, 8, 9, 10, 11, 13, 14, 15, 16, 17, 18, 19, 20, 21, 22, 23, 24, 25, 39, 40, 43, 45, 41, 44, 36, 38, 42, 37, 34, 12, 2, 3, 4, 5, 6, 26, 27, 28, 29, 30, 31, 32, 33, 50, 47, 35, 49, 48, 46]
(w = 6) Correct Cyclicantibandwidth
Set parameter TimeLimit to value 1800
(w = 7) Value Cyclicantibandwidth: 7
Lables: [19, 45, 48, 30, 5, 7, 8, 41, 31, 4, 40, 26, 29, 49, 39, 34, 6, 35, 38, 27, 43, 36, 28, 42, 12, 37, 33, 3, 44, 50, 32, 1, 2, 14, 22, 11, 25, 23, 10, 24, 20, 15, 47, 13, 21, 46, 18, 9, 17, 16]
(w = 7) Correct Cyclicantibandwidth
Set parameter TimeLimit to value 1800
(w = 8) Value Cyclicantibandwidth: 8
Lables: [7, 22, 25, 38, 23, 20, 30, 34, 19, 41, 48, 40, 35, 47, 31, 33, 39, 29, 21, 42, 44, 43, 24, 26, 36, 15, 32, 28, 16, 37, 27, 1, 5, 14, 6, 50, 3, 2, 8, 49, 10, 45, 17, 46, 4, 13, 9, 11, 18, 12]
(w = 8) Correct Cyclicantibandwidth
Set parameter TimeLimit to value 1800
(w = 9) Value Cyclicantibandwidth: 9
Lables: [24, 5, 36, 43, 37, 47, 38, 42, 1, 39, 33, 46, 12, 8, 50, 7, 41, 9, 10, 3, 14, 13, 44, 48, 49, 2, 4, 40, 11, 15, 45, 17, 21, 20, 16, 6, 22, 30, 18, 31, 32, 35, 25, 29, 23, 26, 19, 27, 34, 28]
(w = 9) Correct Cyclicantibandwidth
Set parameter TimeLimit to value 1800
(w = 10) Value Cyclicantibandwidth: 10
Lables: [21, 49, 38, 10, 42, 4, 44, 50, 41, 8, 45, 34, 47, 40, 9, 36, 2, 3, 1, 39, 48, 37, 6, 5, 7, 35, 33, 32, 43, 11, 46, 23, 20, 31, 29, 22, 25, 15, 14, 26, 16, 27, 19, 30, 17, 12, 24, 28, 13, 18]
(w = 10) Correct Cyclicantibandwidth
Set parameter TimeLimit to value 1800
(w = 11) Not found solution with CAB = 11.
Final result: CAB = 10, Labels = [21, 49, 38, 10, 42, 4, 44, 50, 41, 8, 45, 34, 47, 40, 9, 36, 2, 3, 1, 39, 48, 37, 6, 5, 7, 35, 33, 32, 43, 11, 46, 23, 20, 31, 29, 22, 25, 15, 14, 26, 16, 27, 19, 30, 17, 12, 24, 28, 13, 18]
Real time: 3.036259412765503 seconds
[runlim] end:			Mon Nov 17 08:13:55 2025
[runlim] status:		ok
[runlim] result:		0
[runlim] children:		0
[runlim] real:			4.08 seconds
[runlim] time:			5.01 seconds
[runlim] space:			115.4 MB
[runlim] samples:		31
