[runlim] version:		1.10
[runlim] time limit:		311040000 seconds
[runlim] real time limit:	150 seconds
[runlim] space limit:		30000 MB
[runlim] argv[0]:		python3
[runlim] argv[1]:		model.py
[runlim] argv[2]:		./graph/double_star/double_star_30_25.txt
[runlim] start:			Mon Nov 17 08:13:55 2025
[runlim] main pid:		31300
[runlim] log captured:
Set parameter WLSAccessID
Set parameter WLSSecret
Set parameter LicenseID to value 2663665
Academic license 2663665 - for non-commercial use only - registered to tu___@vnu.edu.vn
Set parameter TimeLimit to value 1800
(w = 3) Value Cyclicantibandwidth: 3
Lables: [1, 12, 38, 13, 35, 16, 10, 15, 41, 39, 23, 27, 21, 36, 45, 8, 34, 26, 24, 4, 42, 33, 44, 50, 51, 18, 17, 30, 31, 6, 43, 14, 19, 9, 25, 28, 54, 2, 3, 22, 11, 52, 5, 20, 7, 46, 47, 40, 53, 49, 48, 32, 55, 29, 37]
(w = 3) Correct Cyclicantibandwidth
Set parameter TimeLimit to value 1800
(w = 4) Value Cyclicantibandwidth: 4
Lables: [19, 26, 48, 5, 40, 2, 4, 29, 55, 25, 36, 27, 41, 39, 45, 8, 34, 43, 24, 23, 42, 3, 53, 44, 51, 7, 46, 30, 54, 9, 6, 16, 14, 15, 21, 37, 47, 52, 49, 18, 11, 28, 13, 20, 31, 17, 35, 12, 10, 1, 33, 22, 50, 38, 32]
(w = 4) Correct Cyclicantibandwidth
Set parameter TimeLimit to value 1800
(w = 5) Value Cyclicantibandwidth: 5
Lables: [17, 12, 38, 4, 35, 8, 10, 42, 41, 34, 23, 27, 33, 36, 43, 2, 7, 3, 24, 26, 9, 11, 1, 29, 32, 45, 47, 30, 31, 6, 5, 50, 14, 21, 51, 37, 54, 44, 49, 22, 18, 52, 13, 20, 40, 46, 15, 25, 48, 55, 19, 16, 39, 53, 28]
(w = 5) Correct Cyclicantibandwidth
Set parameter TimeLimit to value 1800
(w = 6) Value Cyclicantibandwidth: 6
Lables: [1, 7, 8, 9, 10, 11, 13, 14, 15, 16, 17, 18, 19, 20, 21, 22, 23, 24, 25, 26, 27, 45, 43, 44, 41, 48, 49, 50, 40, 47, 12, 2, 3, 4, 5, 6, 28, 29, 30, 31, 32, 33, 34, 35, 36, 37, 38, 52, 55, 39, 51, 53, 46, 54, 42]
(w = 6) Correct Cyclicantibandwidth
Set parameter TimeLimit to value 1800
(w = 7) Value Cyclicantibandwidth: 7
Lables: [13, 20, 2, 21, 44, 31, 6, 51, 4, 52, 36, 29, 55, 22, 1, 38, 34, 30, 27, 33, 35, 26, 49, 46, 42, 28, 54, 25, 39, 37, 32, 50, 14, 41, 17, 11, 8, 48, 5, 7, 53, 3, 16, 9, 15, 10, 23, 18, 12, 19, 45, 47, 24, 43, 40]
(w = 7) Correct Cyclicantibandwidth
Set parameter TimeLimit to value 1800
(w = 8) Value Cyclicantibandwidth: 8
Lables: [1, 9, 10, 11, 12, 13, 14, 15, 17, 18, 19, 20, 21, 22, 23, 24, 25, 26, 27, 42, 43, 46, 48, 44, 47, 39, 41, 45, 40, 37, 16, 2, 3, 4, 5, 6, 7, 8, 28, 29, 30, 31, 32, 33, 34, 35, 36, 50, 51, 54, 49, 38, 52, 55, 53]
(w = 8) Correct Cyclicantibandwidth
Set parameter TimeLimit to value 1800
(w = 9) Value Cyclicantibandwidth: 9
Lables: [1, 13, 28, 37, 46, 38, 26, 18, 34, 15, 33, 22, 32, 16, 27, 24, 17, 30, 36, 23, 31, 45, 47, 19, 21, 20, 35, 10, 29, 39, 25, 55, 12, 48, 53, 4, 6, 50, 43, 51, 49, 44, 5, 7, 8, 14, 3, 40, 11, 52, 42, 9, 2, 54, 41]
(w = 9) Correct Cyclicantibandwidth
Set parameter TimeLimit to value 1800
(w = 10) Value Cyclicantibandwidth: 10
Lables: [13, 2, 39, 30, 40, 46, 32, 48, 29, 37, 41, 33, 50, 1, 23, 34, 28, 38, 26, 24, 45, 31, 47, 27, 36, 43, 51, 42, 44, 49, 35, 55, 20, 7, 5, 18, 25, 22, 17, 10, 21, 19, 14, 3, 12, 11, 4, 53, 6, 8, 52, 16, 54, 15, 9]
(w = 10) Correct Cyclicantibandwidth
Set parameter TimeLimit to value 1800
(w = 11) Value Cyclicantibandwidth: 11
Lables: [3, 20, 47, 27, 14, 39, 19, 33, 46, 41, 38, 35, 40, 42, 45, 21, 36, 16, 29, 26, 25, 34, 24, 28, 43, 30, 32, 31, 18, 44, 37, 15, 51, 11, 54, 9, 12, 4, 48, 49, 55, 6, 10, 53, 5, 7, 2, 1, 50, 17, 23, 52, 13, 22, 8]
(w = 11) Correct Cyclicantibandwidth
Set parameter TimeLimit to value 1800
(w = 12) Value Cyclicantibandwidth: 12
Lables: [3, 42, 19, 30, 20, 31, 41, 33, 18, 32, 29, 37, 28, 43, 45, 35, 15, 38, 23, 36, 17, 25, 26, 21, 44, 27, 40, 24, 39, 22, 34, 4, 1, 10, 55, 13, 6, 50, 14, 52, 9, 53, 46, 5, 47, 49, 2, 48, 8, 16, 12, 54, 11, 51, 7]
(w = 12) Correct Cyclicantibandwidth
Set parameter TimeLimit to value 1800
(w = 13) Value Cyclicantibandwidth: 13
Lables: [27, 55, 54, 53, 52, 51, 50, 49, 48, 47, 46, 45, 44, 43, 42, 41, 40, 14, 13, 12, 11, 10, 9, 8, 7, 6, 5, 4, 3, 2, 1, 39, 38, 37, 36, 35, 34, 33, 32, 31, 30, 29, 28, 26, 25, 24, 23, 22, 21, 20, 19, 18, 17, 16, 15]
(w = 13) Correct Cyclicantibandwidth
Set parameter TimeLimit to value 1800
(w = 14) Not found solution with CAB = 14.
Final result: CAB = 13, Labels = [27, 55, 54, 53, 52, 51, 50, 49, 48, 47, 46, 45, 44, 43, 42, 41, 40, 14, 13, 12, 11, 10, 9, 8, 7, 6, 5, 4, 3, 2, 1, 39, 38, 37, 36, 35, 34, 33, 32, 31, 30, 29, 28, 26, 25, 24, 23, 22, 21, 20, 19, 18, 17, 16, 15]
Real time: 5.385029554367065 seconds
[runlim] end:			Mon Nov 17 08:14:00 2025
[runlim] status:		ok
[runlim] result:		0
[runlim] children:		0
[runlim] real:			5.56 seconds
[runlim] time:			8.74 seconds
[runlim] space:			160.9 MB
[runlim] samples:		54
