[runlim] version:		1.10
[runlim] time limit:		311040000 seconds
[runlim] real time limit:	150 seconds
[runlim] space limit:		30000 MB
[runlim] argv[0]:		python3
[runlim] argv[1]:		model.py
[runlim] argv[2]:		./graph/double_star/double_star_150_20.txt
[runlim] start:			Tue Nov  4 07:02:21 2025
[runlim] main pid:		64215
[runlim] log captured:
Set parameter WLSAccessID
Set parameter WLSSecret
Set parameter LicenseID to value 2663665
Academic license 2663665 - for non-commercial use only - registered to tu___@vnu.edu.vn
Set parameter TimeLimit to value 1800
(w = 4) Value Cyclicantibandwidth: 4
Lables: [43, 135, 55, 101, 100, 22, 124, 119, 26, 61, 63, 29, 33, 5, 163, 116, 74, 85, 96, 133, 108, 127, 134, 4, 37, 38, 17, 115, 31, 140, 144, 95, 71, 121, 167, 143, 125, 49, 8, 164, 105, 28, 81, 153, 128, 87, 110, 120, 52, 15, 109, 157, 57, 137, 50, 154, 30, 39, 78, 92, 53, 142, 126, 32, 73, 69, 83, 84, 54, 70, 107, 77, 93, 165, 123, 7, 10, 21, 97, 114, 160, 3, 151, 89, 35, 98, 166, 152, 67, 139, 23, 147, 131, 138, 24, 47, 156, 129, 6, 34, 90, 58, 72, 99, 136, 141, 150, 59, 62, 146, 11, 86, 25, 64, 51, 56, 18, 60, 118, 112, 19, 145, 12, 103, 168, 132, 76, 75, 162, 169, 68, 130, 1, 113, 149, 170, 2, 65, 117, 155, 13, 91, 88, 79, 14, 27, 104, 122, 36, 48, 106, 158, 41, 46, 161, 40, 94, 44, 80, 102, 111, 148, 159, 45, 16, 42, 66, 9, 20, 82]
(w = 4) Correct Cyclicantibandwidth
Set parameter TimeLimit to value 1800
(w = 5) Value Cyclicantibandwidth: 5
Lables: [1, 6, 7, 8, 9, 11, 12, 13, 14, 15, 16, 17, 18, 19, 20, 21, 22, 23, 24, 25, 26, 27, 28, 29, 30, 31, 32, 33, 34, 35, 36, 37, 38, 39, 40, 41, 42, 43, 44, 45, 46, 47, 48, 49, 50, 51, 52, 53, 54, 55, 56, 57, 58, 59, 60, 61, 62, 63, 64, 65, 66, 67, 68, 69, 70, 71, 72, 73, 74, 75, 76, 77, 78, 79, 80, 81, 82, 83, 84, 85, 138, 116, 121, 124, 161, 164, 100, 111, 153, 126, 125, 95, 115, 159, 154, 113, 146, 155, 163, 128, 110, 166, 118, 140, 107, 144, 134, 143, 122, 96, 104, 145, 97, 141, 101, 157, 109, 94, 142, 131, 105, 129, 135, 158, 149, 137, 99, 106, 98, 148, 117, 139, 127, 165, 162, 132, 152, 114, 156, 130, 151, 112, 102, 136, 160, 147, 150, 133, 103, 120, 10, 2, 3, 4, 5, 86, 87, 88, 89, 90, 91, 92, 93, 168, 123, 170, 108, 167, 119, 169]
(w = 5) Correct Cyclicantibandwidth
Set parameter TimeLimit to value 1800
(w = 6) Value Cyclicantibandwidth: 6
Lables: [1, 7, 8, 9, 10, 11, 13, 14, 15, 16, 17, 18, 19, 20, 21, 22, 23, 24, 25, 26, 27, 28, 29, 30, 31, 32, 33, 34, 35, 36, 37, 38, 39, 40, 41, 42, 43, 44, 45, 46, 47, 48, 49, 50, 51, 52, 53, 54, 55, 56, 57, 58, 59, 60, 61, 62, 63, 64, 65, 66, 67, 68, 69, 70, 71, 72, 73, 74, 75, 76, 77, 78, 79, 80, 81, 82, 83, 84, 85, 137, 115, 120, 123, 160, 163, 99, 110, 152, 125, 124, 94, 114, 158, 153, 112, 145, 154, 162, 127, 109, 165, 117, 139, 106, 143, 133, 142, 121, 95, 103, 144, 96, 140, 100, 156, 108, 93, 141, 130, 104, 128, 134, 157, 148, 136, 98, 105, 97, 147, 116, 138, 126, 164, 161, 131, 151, 113, 155, 129, 150, 111, 101, 135, 159, 146, 149, 132, 102, 119, 107, 12, 2, 3, 4, 5, 6, 86, 87, 88, 89, 90, 91, 92, 122, 166, 169, 167, 170, 118, 168]
(w = 6) Correct Cyclicantibandwidth
Set parameter TimeLimit to value 1800
(w = 7) Value Cyclicantibandwidth: 7
Lables: [1, 8, 9, 10, 11, 12, 13, 15, 16, 17, 18, 19, 20, 21, 22, 23, 24, 25, 26, 27, 28, 29, 30, 31, 32, 33, 34, 35, 36, 37, 38, 39, 40, 41, 42, 43, 44, 45, 46, 47, 48, 49, 50, 51, 52, 53, 54, 55, 56, 57, 58, 59, 60, 61, 62, 63, 64, 65, 66, 67, 68, 69, 70, 71, 72, 73, 74, 75, 76, 77, 78, 79, 80, 81, 82, 83, 84, 85, 133, 95, 163, 147, 105, 132, 158, 94, 115, 149, 141, 103, 112, 161, 98, 136, 142, 152, 116, 120, 156, 145, 97, 138, 110, 135, 153, 124, 106, 129, 127, 104, 162, 111, 99, 157, 148, 108, 154, 164, 134, 155, 117, 122, 100, 131, 128, 151, 109, 130, 93, 113, 102, 126, 150, 118, 125, 160, 140, 119, 137, 123, 101, 139, 114, 107, 144, 96, 146, 121, 143, 159, 14, 2, 3, 4, 5, 6, 7, 86, 87, 88, 89, 90, 91, 92, 169, 165, 170, 166, 168, 167]
(w = 7) Correct Cyclicantibandwidth
Set parameter TimeLimit to value 1800
[runlim] sample:		10.8 time, 10.8 real, 194.6 MB
(w = 8) Value Cyclicantibandwidth: 8
Lables: [33, 132, 108, 16, 130, 126, 77, 147, 4, 110, 136, 167, 3, 160, 165, 84, 56, 163, 149, 142, 117, 43, 137, 168, 123, 55, 63, 74, 8, 101, 62, 98, 12, 169, 80, 131, 20, 13, 127, 121, 139, 91, 166, 73, 1, 60, 75, 52, 21, 129, 93, 100, 145, 154, 82, 61, 138, 58, 124, 133, 68, 17, 72, 94, 46, 134, 157, 6, 15, 7, 24, 151, 89, 51, 111, 125, 170, 153, 113, 143, 161, 156, 81, 85, 5, 106, 99, 65, 71, 66, 57, 69, 162, 97, 14, 48, 102, 2, 18, 50, 150, 103, 109, 70, 23, 11, 76, 22, 79, 25, 83, 78, 152, 104, 122, 118, 158, 67, 42, 146, 141, 9, 53, 159, 44, 59, 92, 164, 114, 90, 95, 112, 120, 41, 45, 19, 88, 148, 119, 10, 115, 135, 105, 155, 86, 49, 144, 54, 47, 107, 140, 116, 37, 128, 35, 31, 36, 34, 39, 96, 26, 27, 38, 64, 29, 30, 87, 40, 28, 32]
(w = 8) Correct Cyclicantibandwidth
Set parameter TimeLimit to value 1800
(w = 9) Value Cyclicantibandwidth: 9
Lables: [42, 135, 55, 101, 100, 22, 166, 119, 20, 61, 63, 29, 33, 5, 82, 116, 74, 85, 80, 133, 108, 127, 134, 4, 99, 104, 17, 115, 31, 140, 144, 95, 71, 121, 167, 143, 125, 21, 8, 164, 105, 28, 81, 153, 128, 87, 110, 120, 52, 103, 109, 157, 57, 137, 25, 154, 30, 76, 78, 92, 53, 142, 126, 32, 73, 69, 83, 84, 54, 70, 163, 77, 93, 165, 123, 15, 10, 155, 97, 114, 160, 3, 151, 89, 148, 98, 124, 136, 67, 139, 23, 147, 131, 138, 24, 159, 156, 129, 6, 7, 90, 58, 72, 170, 113, 141, 150, 59, 62, 146, 11, 86, 149, 64, 51, 56, 18, 60, 118, 112, 19, 145, 12, 96, 168, 132, 88, 75, 162, 169, 68, 130, 1, 14, 158, 122, 2, 65, 117, 26, 13, 91, 106, 79, 161, 27, 111, 9, 66, 107, 152, 46, 41, 36, 38, 48, 43, 40, 49, 102, 37, 34, 47, 45, 16, 94, 39, 35, 50, 44]
(w = 9) Correct Cyclicantibandwidth
Set parameter TimeLimit to value 1800
(w = 10) Value Cyclicantibandwidth: 10
Lables: [37, 143, 149, 163, 162, 146, 63, 135, 138, 128, 105, 104, 18, 49, 62, 129, 134, 119, 88, 165, 148, 108, 51, 72, 127, 64, 95, 78, 101, 16, 69, 120, 66, 60, 67, 61, 17, 133, 58, 100, 24, 139, 141, 26, 98, 116, 115, 169, 86, 68, 19, 121, 12, 84, 70, 75, 77, 117, 113, 157, 96, 110, 83, 103, 50, 111, 150, 73, 48, 81, 65, 91, 21, 71, 94, 79, 142, 137, 23, 123, 144, 126, 27, 9, 52, 2, 25, 56, 99, 155, 118, 7, 13, 74, 87, 4, 93, 156, 85, 54, 168, 59, 167, 10, 8, 14, 107, 161, 153, 166, 89, 158, 92, 164, 76, 20, 53, 22, 114, 5, 130, 15, 122, 159, 80, 11, 82, 3, 90, 97, 131, 132, 6, 55, 170, 136, 112, 160, 57, 102, 152, 154, 124, 109, 151, 145, 106, 1, 140, 125, 147, 36, 44, 38, 30, 41, 39, 47, 46, 31, 33, 34, 42, 43, 29, 35, 32, 40, 28, 45]
(w = 10) Correct Cyclicantibandwidth
Real time: 15.40705156326294 seconds
[runlim] end:			Tue Nov  4 07:02:37 2025
[runlim] status:		ok
[runlim] result:		0
[runlim] children:		0
[runlim] real:			16.24 seconds
[runlim] time:			16.78 seconds
[runlim] space:			211.9 MB
[runlim] samples:		154
