[runlim] version:		1.10
[runlim] time limit:		311040000 seconds
[runlim] real time limit:	150 seconds
[runlim] space limit:		30000 MB
[runlim] argv[0]:		python3
[runlim] argv[1]:		model.py
[runlim] argv[2]:		./graph/double_star/double_star_50_20.txt
[runlim] start:			Mon Nov 17 08:14:32 2025
[runlim] main pid:		31617
[runlim] log captured:
Set parameter WLSAccessID
Set parameter WLSSecret
Set parameter LicenseID to value 2663665
Academic license 2663665 - for non-commercial use only - registered to tu___@vnu.edu.vn
Set parameter TimeLimit to value 1800
(w = 3) Value Cyclicantibandwidth: 3
Lables: [1, 37, 65, 33, 40, 48, 34, 13, 64, 16, 59, 8, 12, 10, 7, 50, 67, 18, 20, 21, 9, 26, 49, 66, 31, 63, 14, 56, 46, 32, 55, 23, 6, 5, 30, 44, 45, 29, 17, 24, 11, 60, 22, 42, 28, 54, 51, 38, 52, 41, 47, 69, 58, 61, 39, 4, 3, 57, 53, 70, 2, 19, 27, 15, 36, 68, 43, 35, 62, 25]
(w = 3) Correct Cyclicantibandwidth
Set parameter TimeLimit to value 1800
(w = 4) Value Cyclicantibandwidth: 4
Lables: [1, 37, 65, 33, 40, 48, 34, 13, 64, 16, 59, 8, 12, 10, 7, 50, 67, 18, 20, 21, 9, 26, 49, 66, 31, 63, 14, 56, 46, 32, 55, 23, 6, 5, 30, 44, 45, 29, 17, 24, 61, 60, 22, 42, 28, 54, 51, 38, 52, 41, 47, 69, 58, 43, 39, 4, 68, 57, 53, 3, 2, 70, 27, 15, 36, 11, 19, 35, 62, 25]
(w = 4) Correct Cyclicantibandwidth
Set parameter TimeLimit to value 1800
(w = 5) Value Cyclicantibandwidth: 5
Lables: [22, 37, 68, 33, 67, 39, 34, 13, 64, 16, 5, 8, 12, 10, 7, 3, 59, 40, 46, 50, 9, 65, 49, 66, 31, 63, 14, 56, 53, 32, 55, 70, 6, 47, 30, 44, 45, 29, 4, 42, 61, 60, 15, 41, 28, 54, 51, 38, 52, 11, 48, 69, 58, 43, 19, 20, 18, 57, 23, 21, 2, 24, 27, 17, 36, 26, 1, 35, 62, 25]
(w = 5) Correct Cyclicantibandwidth
Set parameter TimeLimit to value 1800
(w = 6) Value Cyclicantibandwidth: 6
Lables: [33, 58, 8, 13, 40, 48, 12, 18, 55, 65, 5, 2, 3, 51, 59, 10, 21, 64, 62, 11, 17, 14, 4, 68, 47, 43, 27, 56, 19, 52, 22, 66, 6, 25, 41, 44, 45, 42, 7, 57, 49, 23, 61, 39, 1, 54, 16, 50, 70, 60, 46, 69, 26, 35, 30, 28, 37, 36, 63, 67, 31, 20, 29, 15, 32, 53, 24, 38, 34, 9]
(w = 6) Correct Cyclicantibandwidth
Set parameter TimeLimit to value 1800
(w = 7) Value Cyclicantibandwidth: 7
Lables: [1, 37, 22, 33, 40, 48, 16, 13, 64, 43, 59, 23, 12, 10, 25, 50, 21, 53, 20, 8, 62, 26, 49, 38, 32, 63, 14, 18, 46, 9, 55, 15, 58, 39, 30, 44, 45, 29, 17, 24, 61, 60, 31, 42, 28, 54, 51, 41, 52, 11, 47, 69, 35, 6, 3, 65, 68, 66, 56, 57, 2, 4, 27, 67, 36, 70, 5, 19, 7, 34]
(w = 7) Correct Cyclicantibandwidth
Set parameter TimeLimit to value 1800
(w = 8) Value Cyclicantibandwidth: 8
Lables: [25, 33, 58, 38, 67, 47, 57, 49, 63, 8, 69, 61, 70, 48, 34, 50, 3, 46, 16, 5, 68, 59, 54, 11, 66, 13, 10, 9, 4, 53, 60, 43, 52, 56, 35, 64, 40, 6, 65, 12, 37, 62, 41, 15, 44, 55, 14, 36, 45, 39, 51, 2, 19, 20, 32, 26, 1, 30, 23, 7, 27, 28, 24, 29, 22, 31, 42, 17, 18, 21]
(w = 8) Correct Cyclicantibandwidth
Set parameter TimeLimit to value 1800
(w = 9) Value Cyclicantibandwidth: 9
Lables: [2, 37, 16, 48, 40, 61, 25, 62, 12, 60, 59, 56, 41, 55, 11, 50, 21, 18, 20, 32, 49, 35, 14, 38, 22, 53, 27, 47, 57, 46, 26, 23, 58, 39, 30, 33, 45, 15, 63, 24, 13, 17, 31, 42, 44, 54, 51, 29, 52, 36, 43, 10, 34, 6, 3, 70, 28, 66, 64, 67, 68, 19, 65, 1, 7, 8, 5, 4, 69, 9]
(w = 9) Correct Cyclicantibandwidth
Set parameter TimeLimit to value 1800
(w = 10) Value Cyclicantibandwidth: 10
Lables: [12, 66, 65, 52, 61, 32, 45, 51, 41, 38, 37, 60, 54, 44, 43, 58, 67, 33, 39, 22, 62, 48, 50, 40, 57, 31, 69, 55, 27, 64, 1, 49, 70, 53, 30, 42, 47, 2, 34, 35, 56, 24, 26, 36, 28, 25, 29, 68, 46, 63, 59, 20, 4, 14, 3, 5, 21, 10, 8, 11, 16, 7, 17, 13, 19, 18, 9, 6, 23, 15]
(w = 10) Correct Cyclicantibandwidth
Set parameter TimeLimit to value 1800
(w = 11) Not found solution with CAB = 11.
Final result: CAB = 10, Labels = [12, 66, 65, 52, 61, 32, 45, 51, 41, 38, 37, 60, 54, 44, 43, 58, 67, 33, 39, 22, 62, 48, 50, 40, 57, 31, 69, 55, 27, 64, 1, 49, 70, 53, 30, 42, 47, 2, 34, 35, 56, 24, 26, 36, 28, 25, 29, 68, 46, 63, 59, 20, 4, 14, 3, 5, 21, 10, 8, 11, 16, 7, 17, 13, 19, 18, 9, 6, 23, 15]
Real time: 5.811785697937012 seconds
[runlim] end:			Mon Nov 17 08:14:37 2025
[runlim] status:		ok
[runlim] result:		0
[runlim] children:		0
[runlim] real:			5.91 seconds
[runlim] time:			10.17 seconds
[runlim] space:			157.1 MB
[runlim] samples:		58
