[runlim] version:		1.10
[runlim] time limit:		311040000 seconds
[runlim] real time limit:	150 seconds
[runlim] space limit:		30000 MB
[runlim] argv[0]:		python3
[runlim] argv[1]:		model.py
[runlim] argv[2]:		./graph/double_star/double_star_15_5.txt
[runlim] start:			Mon Nov 17 08:13:50 2025
[runlim] main pid:		31221
[runlim] log captured:
Set parameter WLSAccessID
Set parameter WLSSecret
Set parameter LicenseID to value 2663665
Academic license 2663665 - for non-commercial use only - registered to tu___@vnu.edu.vn
Set parameter TimeLimit to value 1800
(w = 3) Value Cyclicantibandwidth: 3
Lables: [10, 20, 19, 18, 17, 16, 15, 14, 13, 7, 6, 5, 4, 3, 2, 1, 12, 11, 9, 8]
(w = 3) Correct Cyclicantibandwidth
Set parameter TimeLimit to value 1800
(w = 4) Not found solution with CAB = 4.
Final result: CAB = 3, Labels = [10, 20, 19, 18, 17, 16, 15, 14, 13, 7, 6, 5, 4, 3, 2, 1, 12, 11, 9, 8]
Real time: 0.6705031394958496 seconds
[runlim] end:			Mon Nov 17 08:13:50 2025
[runlim] status:		ok
[runlim] result:		0
[runlim] children:		0
[runlim] real:			0.87 seconds
[runlim] time:			0.29 seconds
[runlim] space:			40.4 MB
[runlim] samples:		8
