[runlim] version:		1.10
[runlim] time limit:		311040000 seconds
[runlim] real time limit:	150 seconds
[runlim] space limit:		30000 MB
[runlim] argv[0]:		python3
[runlim] argv[1]:		model.py
[runlim] argv[2]:		./graph/double_star/double_star_35_20.txt
[runlim] start:			Tue Nov  4 07:01:22 2025
[runlim] main pid:		63925
[runlim] log captured:
Set parameter WLSAccessID
Set parameter WLSSecret
Set parameter LicenseID to value 2663665
Academic license 2663665 - for non-commercial use only - registered to tu___@vnu.edu.vn
Set parameter TimeLimit to value 1800
(w = 4) Value Cyclicantibandwidth: 4
Lables: [1, 12, 38, 37, 46, 16, 10, 15, 23, 39, 40, 27, 21, 33, 45, 20, 34, 26, 24, 43, 42, 14, 44, 29, 51, 18, 17, 30, 31, 6, 5, 49, 35, 9, 25, 28, 54, 2, 48, 22, 11, 52, 13, 3, 7, 8, 47, 4, 53, 36, 19, 32, 55, 41, 50]
(w = 4) Correct Cyclicantibandwidth
Set parameter TimeLimit to value 1800
(w = 5) Value Cyclicantibandwidth: 5
Lables: [1, 46, 37, 10, 18, 11, 39, 38, 41, 35, 23, 13, 8, 36, 15, 32, 34, 26, 24, 44, 42, 49, 29, 43, 17, 19, 40, 30, 31, 6, 27, 14, 20, 47, 25, 28, 54, 52, 48, 22, 21, 5, 3, 9, 55, 50, 51, 4, 53, 12, 2, 7, 16, 45, 33]
(w = 5) Correct Cyclicantibandwidth
Set parameter TimeLimit to value 1800
(w = 6) Value Cyclicantibandwidth: 6
Lables: [1, 7, 8, 9, 10, 11, 13, 14, 15, 16, 17, 18, 19, 20, 21, 22, 23, 24, 25, 26, 27, 50, 43, 37, 38, 39, 47, 41, 46, 48, 42, 45, 44, 40, 49, 12, 2, 3, 4, 5, 6, 28, 29, 30, 31, 32, 33, 34, 35, 36, 53, 55, 52, 54, 51]
(w = 6) Correct Cyclicantibandwidth
Set parameter TimeLimit to value 1800
(w = 7) Value Cyclicantibandwidth: 7
Lables: [8, 20, 18, 37, 49, 16, 34, 47, 23, 26, 40, 50, 21, 54, 51, 29, 55, 53, 35, 43, 27, 24, 39, 15, 22, 30, 32, 33, 31, 44, 17, 42, 38, 41, 25, 28, 9, 10, 48, 45, 52, 4, 13, 19, 14, 7, 5, 11, 12, 3, 6, 1, 36, 46, 2]
(w = 7) Correct Cyclicantibandwidth
Set parameter TimeLimit to value 1800
(w = 8) Value Cyclicantibandwidth: 8
Lables: [4, 37, 28, 40, 23, 29, 24, 22, 45, 38, 46, 44, 42, 15, 36, 32, 26, 16, 19, 41, 13, 14, 17, 39, 30, 21, 20, 48, 25, 27, 12, 43, 35, 33, 34, 31, 54, 10, 50, 9, 6, 52, 1, 8, 2, 11, 49, 47, 18, 5, 53, 51, 7, 55, 3]
(w = 8) Correct Cyclicantibandwidth
Set parameter TimeLimit to value 1800
(w = 9) Value Cyclicantibandwidth: 9
Lables: [1, 31, 28, 22, 39, 36, 40, 44, 13, 10, 18, 34, 15, 29, 42, 41, 45, 21, 32, 27, 30, 11, 47, 14, 23, 25, 16, 38, 33, 19, 43, 37, 24, 17, 12, 35, 48, 5, 4, 8, 55, 20, 2, 53, 26, 52, 49, 9, 7, 51, 46, 54, 6, 50, 3]
(w = 9) Correct Cyclicantibandwidth
Set parameter TimeLimit to value 1800
(w = 10) Value Cyclicantibandwidth: 10
Lables: [18, 3, 36, 50, 28, 33, 44, 1, 51, 30, 35, 46, 5, 7, 49, 40, 54, 53, 31, 6, 43, 4, 34, 38, 39, 41, 2, 45, 29, 48, 8, 55, 52, 32, 42, 37, 13, 20, 19, 25, 16, 10, 14, 26, 24, 27, 17, 47, 15, 23, 9, 12, 11, 22, 21]
(w = 10) Correct Cyclicantibandwidth
Real time: 1.3677647113800049 seconds
[runlim] end:			Tue Nov  4 07:01:23 2025
[runlim] status:		ok
[runlim] result:		0
[runlim] children:		0
[runlim] real:			1.78 seconds
[runlim] time:			1.57 seconds
[runlim] space:			63.2 MB
[runlim] samples:		14
