[runlim] version:		1.10
[runlim] time limit:		311040000 seconds
[runlim] real time limit:	150 seconds
[runlim] space limit:		30000 MB
[runlim] argv[0]:		python3
[runlim] argv[1]:		model.py
[runlim] argv[2]:		./graph/double_star/double_star_40_30.txt
[runlim] start:			Mon Nov 17 08:14:21 2025
[runlim] main pid:		31529
[runlim] log captured:
Set parameter WLSAccessID
Set parameter WLSSecret
Set parameter LicenseID to value 2663665
Academic license 2663665 - for non-commercial use only - registered to tu___@vnu.edu.vn
Set parameter TimeLimit to value 1800
(w = 3) Value Cyclicantibandwidth: 3
Lables: [1, 37, 59, 33, 42, 48, 31, 47, 64, 16, 66, 8, 41, 10, 18, 50, 67, 25, 63, 7, 54, 26, 49, 45, 53, 23, 5, 21, 46, 32, 52, 34, 40, 28, 29, 44, 62, 6, 20, 24, 65, 12, 22, 60, 13, 14, 2, 51, 38, 15, 69, 56, 58, 9, 11, 57, 68, 27, 3, 70, 55, 19, 36, 39, 17, 61, 43, 35, 30, 4]
(w = 3) Correct Cyclicantibandwidth
Set parameter TimeLimit to value 1800
(w = 4) Value Cyclicantibandwidth: 4
Lables: [1, 37, 65, 33, 40, 48, 34, 13, 50, 16, 59, 61, 12, 10, 7, 35, 67, 18, 20, 44, 9, 26, 49, 66, 31, 63, 14, 56, 46, 62, 55, 23, 6, 5, 30, 60, 45, 29, 17, 24, 32, 27, 22, 42, 2, 54, 51, 38, 28, 41, 3, 69, 58, 43, 39, 4, 52, 57, 53, 47, 70, 19, 36, 15, 68, 11, 64, 25, 21, 8]
(w = 4) Correct Cyclicantibandwidth
Set parameter TimeLimit to value 1800
(w = 5) Value Cyclicantibandwidth: 5
Lables: [21, 43, 27, 45, 57, 41, 66, 50, 2, 16, 28, 6, 34, 29, 70, 10, 60, 64, 51, 63, 65, 11, 61, 8, 36, 33, 54, 46, 31, 9, 13, 14, 48, 32, 56, 44, 39, 15, 30, 35, 12, 1, 17, 42, 40, 22, 58, 23, 49, 4, 3, 68, 62, 37, 53, 67, 52, 69, 18, 5, 7, 20, 25, 26, 24, 38, 55, 19, 47, 59]
(w = 5) Correct Cyclicantibandwidth
Set parameter TimeLimit to value 1800
(w = 6) Value Cyclicantibandwidth: 6
Lables: [1, 7, 8, 9, 10, 11, 13, 14, 15, 16, 17, 18, 19, 20, 21, 22, 23, 24, 25, 26, 27, 28, 29, 30, 31, 32, 33, 34, 35, 49, 57, 65, 52, 48, 50, 59, 56, 55, 58, 53, 12, 2, 3, 4, 5, 6, 36, 37, 38, 39, 40, 41, 42, 43, 44, 45, 46, 47, 63, 68, 62, 70, 51, 61, 60, 64, 54, 67, 69, 66]
(w = 6) Correct Cyclicantibandwidth
Set parameter TimeLimit to value 1800
(w = 7) Value Cyclicantibandwidth: 7
Lables: [21, 49, 45, 60, 43, 57, 5, 30, 64, 32, 41, 8, 28, 44, 31, 58, 56, 66, 37, 50, 1, 2, 47, 34, 67, 4, 46, 38, 11, 59, 69, 14, 3, 63, 42, 40, 62, 35, 55, 65, 61, 24, 6, 17, 23, 54, 13, 10, 36, 9, 25, 33, 19, 20, 51, 52, 7, 29, 12, 53, 18, 39, 16, 15, 68, 22, 70, 48, 26, 27]
(w = 7) Correct Cyclicantibandwidth
Set parameter TimeLimit to value 1800
(w = 8) Value Cyclicantibandwidth: 8
Lables: [1, 9, 10, 11, 12, 13, 14, 15, 17, 18, 19, 20, 21, 22, 23, 24, 25, 26, 27, 28, 29, 30, 31, 32, 33, 34, 35, 47, 55, 57, 62, 60, 48, 50, 61, 59, 49, 58, 54, 53, 16, 2, 3, 4, 5, 6, 7, 8, 36, 37, 38, 39, 40, 41, 42, 43, 44, 45, 46, 63, 66, 69, 51, 52, 64, 65, 68, 56, 70, 67]
(w = 8) Correct Cyclicantibandwidth
Set parameter TimeLimit to value 1800
(w = 9) Value Cyclicantibandwidth: 9
Lables: [1, 10, 11, 12, 13, 14, 15, 16, 17, 19, 20, 21, 22, 23, 24, 25, 26, 27, 28, 29, 30, 31, 32, 33, 34, 35, 55, 61, 58, 60, 48, 53, 56, 49, 59, 52, 51, 57, 62, 50, 18, 2, 3, 4, 5, 6, 7, 8, 9, 36, 37, 38, 39, 40, 41, 42, 43, 44, 45, 46, 63, 68, 66, 54, 64, 47, 69, 67, 70, 65]
(w = 9) Correct Cyclicantibandwidth
Set parameter TimeLimit to value 1800
(w = 10) Value Cyclicantibandwidth: 10
Lables: [1, 11, 12, 13, 14, 15, 16, 17, 18, 19, 21, 22, 23, 24, 25, 26, 27, 28, 29, 30, 31, 32, 33, 34, 35, 56, 57, 51, 54, 47, 52, 55, 50, 53, 58, 61, 49, 48, 59, 60, 20, 2, 3, 4, 5, 6, 7, 8, 9, 10, 36, 37, 38, 39, 40, 41, 42, 43, 44, 45, 46, 64, 66, 69, 68, 63, 70, 67, 62, 65]
(w = 10) Correct Cyclicantibandwidth
Set parameter TimeLimit to value 1800
(w = 11) Value Cyclicantibandwidth: 11
Lables: [14, 48, 43, 40, 41, 63, 28, 53, 25, 46, 59, 64, 52, 45, 58, 69, 42, 36, 26, 55, 32, 37, 1, 56, 50, 47, 29, 49, 57, 33, 38, 39, 70, 67, 44, 54, 66, 68, 61, 60, 51, 6, 4, 11, 8, 20, 34, 23, 35, 24, 65, 19, 15, 2, 7, 22, 30, 18, 21, 16, 3, 9, 13, 12, 31, 17, 62, 10, 5, 27]
(w = 11) Correct Cyclicantibandwidth
Set parameter TimeLimit to value 1800
(w = 12) Value Cyclicantibandwidth: 12
Lables: [4, 61, 35, 33, 54, 48, 62, 39, 29, 49, 56, 47, 60, 57, 17, 50, 41, 18, 20, 38, 32, 26, 37, 53, 51, 59, 44, 46, 19, 34, 55, 40, 58, 52, 31, 43, 45, 27, 36, 24, 42, 9, 69, 13, 22, 7, 15, 21, 28, 11, 12, 63, 1, 23, 65, 8, 68, 66, 6, 67, 10, 70, 14, 2, 16, 64, 5, 30, 25, 3]
(w = 12) Correct Cyclicantibandwidth
Set parameter TimeLimit to value 1800
(w = 13) Value Cyclicantibandwidth: 13
Lables: [3, 37, 16, 33, 40, 48, 34, 54, 57, 24, 59, 32, 46, 52, 17, 50, 21, 18, 35, 25, 47, 26, 49, 38, 31, 58, 44, 45, 19, 51, 55, 27, 41, 39, 30, 43, 28, 29, 36, 53, 42, 60, 22, 69, 1, 13, 65, 62, 61, 12, 63, 8, 15, 6, 11, 4, 68, 66, 64, 67, 10, 70, 7, 14, 9, 5, 20, 56, 2, 23]
(w = 13) Correct Cyclicantibandwidth
Set parameter TimeLimit to value 1800
(w = 14) Value Cyclicantibandwidth: 14
Lables: [1, 50, 22, 45, 24, 40, 46, 23, 20, 48, 53, 42, 25, 36, 47, 49, 44, 21, 35, 31, 29, 57, 19, 39, 26, 56, 16, 32, 18, 51, 30, 55, 41, 37, 28, 33, 52, 27, 43, 34, 38, 6, 12, 13, 69, 59, 15, 65, 10, 67, 7, 60, 14, 17, 63, 54, 68, 64, 8, 3, 62, 58, 11, 66, 9, 61, 70, 4, 2, 5]
(w = 14) Correct Cyclicantibandwidth
Set parameter TimeLimit to value 1800
(w = 15) Value Cyclicantibandwidth: 15
Lables: [23, 70, 2, 8, 6, 64, 39, 1, 61, 69, 7, 67, 53, 49, 63, 58, 40, 44, 43, 45, 60, 52, 68, 48, 38, 47, 4, 3, 62, 65, 59, 66, 55, 5, 46, 56, 50, 51, 54, 42, 57, 36, 20, 16, 29, 13, 12, 14, 21, 18, 11, 24, 27, 28, 25, 17, 22, 19, 15, 41, 32, 9, 33, 30, 31, 35, 26, 37, 34, 10]
(w = 15) Correct Cyclicantibandwidth
Set parameter TimeLimit to value 1800
[runlim] sample:		16.4 time, 10.3 real, 191.9 MB
(w = 16) Not found solution with CAB = 16.
Final result: CAB = 15, Labels = [23, 70, 2, 8, 6, 64, 39, 1, 61, 69, 7, 67, 53, 49, 63, 58, 40, 44, 43, 45, 60, 52, 68, 48, 38, 47, 4, 3, 62, 65, 59, 66, 55, 5, 46, 56, 50, 51, 54, 42, 57, 36, 20, 16, 29, 13, 12, 14, 21, 18, 11, 24, 27, 28, 25, 17, 22, 19, 15, 41, 32, 9, 33, 30, 31, 35, 26, 37, 34, 10]
Real time: 10.668819427490234 seconds
[runlim] end:			Mon Nov 17 08:14:32 2025
[runlim] status:		ok
[runlim] result:		0
[runlim] children:		0
[runlim] real:			11.01 seconds
[runlim] time:			18.50 seconds
[runlim] space:			194.2 MB
[runlim] samples:		107
