[runlim] version:		1.10
[runlim] time limit:		311040000 seconds
[runlim] real time limit:	150 seconds
[runlim] space limit:		30000 MB
[runlim] argv[0]:		python3
[runlim] argv[1]:		model.py
[runlim] argv[2]:		./graph/double_star/double_star_40_20.txt
[runlim] start:			Tue Nov  4 07:01:25 2025
[runlim] main pid:		63947
[runlim] log captured:
Set parameter WLSAccessID
Set parameter WLSSecret
Set parameter LicenseID to value 2663665
Academic license 2663665 - for non-commercial use only - registered to tu___@vnu.edu.vn
Set parameter TimeLimit to value 1800
(w = 4) Value Cyclicantibandwidth: 4
Lables: [12, 34, 6, 31, 8, 30, 32, 21, 22, 58, 55, 51, 26, 56, 59, 44, 39, 52, 41, 35, 18, 2, 43, 45, 5, 50, 47, 36, 46, 7, 40, 17, 57, 29, 4, 19, 37, 48, 28, 1, 42, 10, 11, 20, 14, 33, 13, 60, 23, 24, 54, 9, 27, 25, 49, 38, 53, 3, 16, 15]
(w = 4) Correct Cyclicantibandwidth
Set parameter TimeLimit to value 1800
(w = 5) Value Cyclicantibandwidth: 5
Lables: [26, 5, 44, 16, 48, 1, 3, 4, 53, 34, 36, 59, 8, 56, 20, 50, 39, 32, 19, 35, 43, 33, 31, 45, 2, 58, 42, 6, 7, 21, 40, 17, 57, 41, 46, 52, 55, 38, 15, 10, 60, 13, 37, 22, 12, 18, 11, 28, 14, 47, 9, 54, 27, 51, 49, 25, 29, 24, 30, 23]
(w = 5) Correct Cyclicantibandwidth
Set parameter TimeLimit to value 1800
(w = 6) Value Cyclicantibandwidth: 6
Lables: [24, 5, 14, 16, 11, 60, 48, 53, 55, 9, 36, 59, 8, 43, 4, 18, 39, 33, 40, 35, 7, 50, 31, 45, 15, 58, 47, 3, 32, 2, 51, 17, 57, 41, 10, 46, 44, 38, 56, 1, 6, 42, 22, 20, 12, 21, 13, 19, 26, 49, 54, 28, 27, 25, 30, 23, 29, 37, 52, 34]
(w = 6) Correct Cyclicantibandwidth
Set parameter TimeLimit to value 1800
(w = 7) Value Cyclicantibandwidth: 7
Lables: [26, 54, 14, 16, 37, 2, 47, 34, 3, 9, 36, 59, 8, 56, 44, 7, 39, 33, 4, 48, 43, 50, 15, 45, 55, 58, 5, 6, 11, 35, 40, 17, 57, 41, 10, 46, 18, 38, 52, 1, 42, 31, 22, 20, 12, 24, 30, 51, 60, 49, 21, 28, 27, 25, 53, 23, 29, 32, 19, 13]
(w = 7) Correct Cyclicantibandwidth
Set parameter TimeLimit to value 1800
(w = 8) Value Cyclicantibandwidth: 8
Lables: [25, 5, 14, 16, 11, 2, 48, 34, 3, 9, 36, 59, 8, 56, 4, 44, 39, 33, 37, 35, 7, 50, 43, 45, 15, 58, 47, 6, 49, 13, 40, 17, 57, 41, 10, 46, 55, 38, 52, 1, 42, 31, 22, 12, 19, 24, 30, 51, 60, 32, 54, 28, 27, 20, 23, 21, 29, 53, 26, 18]
(w = 8) Correct Cyclicantibandwidth
Set parameter TimeLimit to value 1800
(w = 9) Value Cyclicantibandwidth: 9
Lables: [25, 5, 14, 16, 11, 2, 48, 59, 6, 9, 36, 8, 60, 54, 4, 15, 39, 38, 13, 35, 7, 50, 12, 45, 47, 58, 1, 43, 49, 37, 40, 44, 57, 41, 10, 46, 34, 53, 52, 51, 42, 18, 22, 20, 24, 33, 17, 32, 30, 56, 31, 28, 27, 26, 19, 23, 21, 29, 3, 55]
(w = 9) Correct Cyclicantibandwidth
Set parameter TimeLimit to value 1800
(w = 10) Value Cyclicantibandwidth: 10
Lables: [4, 20, 38, 49, 43, 24, 45, 47, 35, 54, 17, 33, 44, 39, 25, 34, 27, 53, 51, 50, 19, 18, 22, 32, 36, 46, 40, 42, 30, 21, 16, 14, 29, 28, 23, 26, 31, 48, 37, 15, 41, 2, 58, 9, 12, 13, 52, 8, 11, 10, 56, 60, 57, 1, 55, 7, 3, 5, 6, 59]
(w = 10) Correct Cyclicantibandwidth
Real time: 1.2006523609161377 seconds
[runlim] end:			Tue Nov  4 07:01:27 2025
[runlim] status:		ok
[runlim] result:		0
[runlim] children:		0
[runlim] real:			2.14 seconds
[runlim] time:			1.19 seconds
[runlim] space:			35.7 MB
[runlim] samples:		12
