[runlim] version:		1.10
[runlim] time limit:		311040000 seconds
[runlim] real time limit:	150 seconds
[runlim] space limit:		30000 MB
[runlim] argv[0]:		python3
[runlim] argv[1]:		model_MIP_CPLEX.py
[runlim] argv[2]:		./graph/3dmesh/3dmesh_2_2_168.txt
[runlim] start:			Mon Nov 17 07:14:15 2025
[runlim] main pid:		12613
[runlim] log captured:
(w = 3) Building and Solving
[runlim] sample:		10.0 time, 10.8 real, 532.9 MB
[runlim] sample:		22.6 time, 20.8 real, 1529.8 MB
Value Cyclic-Antibandwidth: 3
Labels: [397, 314, 459, 358, 21, 666, 660, 313, 127, 509, 132, 386, 139, 252, 578, 570, 366, 355, 30, 211, 137, 238, 74, 133, 114, 101, 564, 591, 431, 250, 242, 336, 543, 600, 422, 121, 495, 668, 439, 408, 223, 343, 657, 324, 430, 328, 493, 345, 330, 379, 654, 229, 579, 656, 438, 664, 428, 480, 665, 243, 178, 120, 298, 7, 471, 574, 217, 472, 524, 436, 353, 544, 177, 611, 548, 86, 119, 294, 554, 54, 337, 364, 384, 669, 387, 485, 539, 20, 19, 371, 506, 521, 188, 573, 273, 661, 447, 633, 435, 400, 80, 117, 341, 648, 455, 169, 47, 531, 90, 225, 454, 499, 488, 276, 629, 518, 142, 623, 63, 39, 572, 612, 99, 207, 449, 45, 3, 70, 380, 528, 53, 369, 473, 96, 2, 568, 57, 351, 22, 222, 306, 361, 245, 235, 598, 283, 195, 69, 526, 109, 450, 580, 176, 260, 414, 84, 219, 542, 115, 220, 100, 461, 299, 161, 582, 287, 173, 523, 566, 56, 558, 373, 429, 444, 152, 404, 286, 381, 655, 200, 123, 307, 285, 5, 604, 646, 268, 293, 452, 131, 594, 514, 71, 559, 66, 508, 456, 253, 484, 571, 530, 426, 218, 89, 557, 149, 639, 240, 215, 376, 254, 309, 631, 24, 113, 545, 172, 614, 191, 494, 374, 104, 479, 124, 155, 52, 344, 206, 463, 146, 48, 262, 230, 50, 607, 166, 553, 67, 662, 393, 540, 532, 464, 208, 563, 269, 517, 18, 603, 43, 650, 1, 46, 92, 560, 466, 203, 143, 651, 516, 310, 9, 496, 647, 255, 331, 536, 55, 401, 156, 301, 227, 483, 270, 613, 362, 390, 626, 167, 170, 420, 468, 112, 31, 556, 147, 303, 441, 204, 360, 209, 153, 103, 32, 621, 281, 27, 659, 451, 134, 347, 323, 81, 126, 234, 278, 383, 671, 37, 418, 448, 151, 186, 628, 533, 40, 501, 16, 346, 85, 498, 304, 259, 193, 305, 610, 551, 625, 302, 197, 437, 266, 98, 244, 150, 398, 192, 214, 256, 402, 251, 279, 202, 349, 320, 102, 587, 445, 457, 322, 577, 13, 354, 476, 33, 388, 615, 389, 198, 29, 329, 247, 258, 107, 502, 510, 25, 79, 180, 424, 620, 593, 538, 458, 88, 248, 168, 201, 394, 316, 541, 433, 403, 290, 407, 145, 182, 163, 396, 61, 72, 267, 318, 36, 246, 295, 416, 162, 385, 635, 275, 138, 140, 359, 596, 311, 617, 410, 562, 642, 605, 547, 432, 529, 105, 486, 249, 65, 237, 164, 181, 482, 586, 357, 187, 409, 481, 474, 446, 632, 581, 334, 644, 118, 93, 212, 513, 537, 160, 64, 326, 239, 503, 619, 76, 645, 406, 44, 534, 58, 184, 135, 624, 122, 174, 128, 296, 189, 6, 652, 332, 272, 38, 82, 597, 265, 233, 28, 522, 467, 91, 636, 175, 367, 602, 569, 129, 567, 497, 97, 291, 425, 15, 141, 427, 179, 288, 640, 415, 672, 638, 264, 51, 627, 622, 585, 231, 608, 599, 289, 159, 11, 213, 34, 462, 487, 391, 584, 606, 549, 216, 60, 643, 94, 183, 653, 413, 392, 10, 271, 23, 375, 110, 292, 282, 319, 637, 59, 491, 583, 144, 77, 300, 73, 130, 35, 17, 475, 490, 171, 280, 460, 75, 616, 333, 434, 363, 561, 340, 477, 377, 356, 14, 663, 372, 411, 26, 350, 210, 339, 335, 199, 125, 601, 405, 520, 148, 49, 226, 492, 469, 515, 136, 609, 236, 342, 116, 500, 489, 634, 327, 83, 649, 555, 368, 412, 190, 8, 78, 550, 224, 185, 519, 442, 205, 274, 512, 370, 196, 423, 576, 378, 419, 670, 535, 525, 641, 478, 241, 325, 417, 352, 465, 365, 68, 527, 106, 552, 41, 630, 667, 511, 263, 592, 317, 284, 505, 588, 565, 315, 382, 165, 194, 261, 421, 62, 158, 658, 595, 154, 440, 42, 4, 348, 504, 453, 395, 321, 157, 589, 111, 232, 470, 575, 308, 338, 443, 221, 399, 108, 228, 277, 312, 590, 297, 12, 546, 87, 618, 257, 507, 95]
Correct solution
(w = 4) Building and Solving
[runlim] sample:		32.6 time, 30.8 real, 923.2 MB
[runlim] sample:		42.6 time, 40.8 real, 853.9 MB
[runlim] sample:		55.3 time, 50.8 real, 1946.6 MB
Value Cyclic-Antibandwidth: 4
Labels: [20, 565, 154, 43, 4, 396, 306, 197, 445, 647, 610, 141, 363, 76, 475, 105, 478, 630, 334, 547, 399, 464, 552, 452, 616, 86, 504, 468, 495, 350, 442, 608, 85, 581, 132, 288, 163, 325, 472, 663, 433, 150, 178, 253, 517, 38, 123, 642, 420, 236, 128, 434, 53, 214, 11, 418, 204, 580, 310, 389, 347, 513, 501, 168, 195, 164, 614, 505, 100, 466, 482, 276, 619, 17, 15, 113, 560, 648, 364, 424, 522, 634, 518, 526, 599, 502, 299, 480, 328, 395, 81, 49, 579, 170, 37, 294, 366, 67, 431, 542, 175, 398, 225, 199, 344, 533, 280, 40, 667, 231, 143, 372, 284, 417, 532, 33, 111, 354, 592, 45, 12, 659, 189, 302, 41, 438, 656, 229, 577, 416, 590, 192, 152, 605, 549, 50, 80, 114, 187, 210, 507, 286, 27, 198, 376, 440, 266, 492, 426, 447, 562, 525, 318, 338, 653, 166, 94, 528, 508, 227, 457, 487, 356, 503, 212, 657, 493, 293, 621, 512, 566, 136, 29, 262, 69, 324, 558, 331, 511, 556, 343, 42, 191, 538, 258, 74, 379, 250, 461, 618, 165, 48, 651, 349, 612, 668, 200, 309, 629, 321, 59, 403, 55, 373, 405, 371, 380, 485, 196, 346, 536, 450, 400, 190, 555, 341, 348, 374, 70, 26, 394, 282, 47, 335, 129, 529, 14, 460, 249, 498, 91, 600, 97, 357, 660, 470, 551, 530, 10, 658, 588, 60, 644, 620, 361, 179, 355, 291, 156, 188, 594, 496, 386, 412, 489, 107, 21, 1, 337, 381, 368, 661, 116, 535, 391, 476, 224, 622, 441, 260, 624, 375, 233, 181, 367, 410, 279, 35, 568, 115, 259, 9, 402, 84, 467, 319, 448, 471, 278, 289, 491, 578, 451, 425, 171, 5, 351, 635, 521, 499, 101, 185, 25, 463, 539, 595, 497, 429, 571, 228, 664, 643, 390, 215, 576, 613, 90, 567, 473, 401, 615, 99, 242, 665, 462, 609, 24, 290, 597, 51, 575, 243, 449, 443, 158, 388, 157, 8, 593, 422, 139, 155, 515, 162, 223, 481, 46, 126, 308, 459, 16, 312, 298, 167, 353, 603, 439, 183, 393, 106, 628, 18, 135, 436, 633, 358, 598, 83, 254, 120, 523, 469, 54, 104, 73, 28, 222, 87, 98, 239, 382, 273, 232, 446, 638, 541, 220, 323, 304, 531, 652, 329, 587, 333, 218, 500, 617, 277, 320, 208, 548, 636, 30, 604, 205, 39, 62, 527, 182, 297, 202, 407, 303, 520, 112, 31, 645, 78, 586, 550, 553, 662, 64, 623, 174, 283, 544, 44, 561, 546, 57, 244, 176, 75, 336, 122, 3, 186, 444, 108, 252, 430, 148, 543, 570, 146, 332, 88, 118, 654, 627, 153, 149, 133, 432, 169, 330, 63, 267, 134, 72, 317, 246, 52, 237, 453, 670, 510, 637, 559, 427, 484, 305, 454, 573, 370, 270, 264, 34, 365, 274, 585, 646, 125, 583, 411, 557, 666, 479, 13, 251, 2, 631, 423, 514, 540, 339, 369, 271, 226, 206, 147, 428, 247, 359, 124, 387, 137, 248, 601, 6, 144, 494, 194, 596, 19, 589, 209, 93, 177, 219, 413, 131, 301, 506, 92, 96, 486, 119, 669, 415, 245, 311, 307, 58, 127, 295, 516, 327, 404, 256, 640, 138, 456, 534, 671, 465, 437, 352, 221, 173, 626, 314, 490, 641, 211, 151, 180, 326, 435, 313, 345, 145, 193, 109, 385, 572, 7, 142, 102, 409, 257, 172, 408, 121, 161, 213, 650, 140, 384, 287, 606, 458, 625, 607, 207, 564, 110, 36, 611, 519, 477, 201, 79, 95, 66, 103, 509, 639, 488, 255, 240, 203, 71, 241, 315, 342, 474, 377, 22, 419, 406, 89, 117, 269, 296, 160, 56, 82, 61, 554, 300, 362, 563, 672, 285, 524, 392, 397, 281, 602, 238, 483, 65, 378, 130, 322, 414, 235, 383, 68, 234, 268, 263, 569, 32, 584, 537, 216, 159, 230, 360, 655, 545, 421, 591, 23, 340, 275, 265, 217, 632, 455, 316, 184, 582, 292, 77, 272, 574, 261, 649]
Correct solution
(w = 5) Building and Solving
[runlim] sample:		65.3 time, 60.8 real, 1285.8 MB
[runlim] sample:		75.3 time, 70.8 real, 1158.5 MB
[runlim] sample:		88.0 time, 80.8 real, 2241.6 MB
Value Cyclic-Antibandwidth: 5
Labels: [397, 314, 459, 358, 21, 666, 660, 313, 127, 509, 132, 386, 139, 252, 578, 570, 366, 355, 30, 211, 137, 238, 74, 133, 114, 101, 564, 591, 431, 250, 242, 336, 543, 600, 422, 121, 495, 668, 439, 408, 223, 343, 657, 324, 430, 328, 493, 345, 330, 379, 654, 229, 579, 656, 438, 664, 428, 480, 665, 243, 178, 120, 298, 7, 471, 574, 217, 472, 524, 436, 353, 544, 177, 611, 548, 86, 119, 294, 554, 54, 337, 364, 384, 669, 387, 485, 539, 20, 19, 371, 506, 521, 188, 573, 273, 661, 447, 633, 435, 400, 80, 117, 341, 648, 455, 169, 47, 592, 90, 225, 454, 499, 218, 276, 629, 518, 142, 623, 63, 39, 572, 612, 99, 207, 449, 45, 3, 70, 380, 528, 53, 369, 473, 96, 2, 568, 57, 351, 22, 222, 653, 361, 245, 235, 598, 283, 195, 69, 526, 109, 450, 580, 176, 260, 414, 84, 219, 542, 115, 220, 100, 461, 299, 161, 582, 287, 173, 523, 566, 56, 558, 373, 429, 444, 152, 404, 286, 381, 655, 200, 123, 307, 285, 5, 604, 646, 268, 293, 452, 131, 594, 514, 71, 559, 66, 508, 456, 253, 484, 571, 530, 426, 170, 89, 557, 149, 639, 240, 215, 376, 254, 309, 631, 24, 113, 545, 172, 614, 191, 494, 374, 104, 479, 124, 155, 52, 344, 206, 463, 146, 48, 262, 230, 50, 607, 166, 553, 67, 662, 393, 540, 532, 464, 208, 563, 269, 517, 18, 603, 43, 650, 1, 46, 92, 560, 466, 203, 143, 651, 516, 310, 9, 496, 647, 255, 331, 536, 55, 401, 156, 301, 227, 483, 270, 613, 362, 390, 626, 167, 507, 239, 468, 112, 31, 556, 147, 303, 441, 204, 360, 209, 153, 103, 32, 621, 281, 27, 659, 451, 134, 347, 323, 81, 126, 234, 278, 383, 671, 37, 418, 448, 151, 186, 628, 533, 40, 197, 16, 346, 85, 498, 304, 259, 193, 305, 610, 551, 625, 28, 368, 437, 266, 98, 244, 150, 306, 192, 214, 256, 402, 251, 279, 202, 349, 290, 102, 587, 445, 457, 322, 577, 13, 354, 476, 33, 388, 615, 389, 198, 29, 329, 247, 258, 107, 502, 510, 25, 79, 180, 424, 620, 593, 538, 458, 88, 248, 168, 201, 394, 316, 541, 433, 403, 398, 407, 145, 182, 163, 302, 531, 72, 267, 318, 36, 246, 295, 416, 162, 385, 635, 275, 138, 140, 359, 596, 311, 617, 410, 562, 642, 605, 547, 432, 529, 105, 486, 249, 65, 237, 164, 181, 482, 586, 357, 187, 409, 481, 474, 446, 632, 581, 334, 644, 118, 93, 212, 513, 537, 160, 64, 326, 61, 503, 619, 76, 645, 406, 44, 534, 58, 184, 135, 624, 122, 174, 128, 296, 189, 6, 652, 332, 272, 38, 82, 597, 265, 233, 317, 522, 467, 91, 636, 175, 367, 602, 569, 129, 567, 497, 97, 291, 425, 15, 141, 427, 179, 288, 640, 415, 672, 638, 264, 51, 627, 622, 585, 231, 608, 599, 289, 159, 11, 213, 34, 462, 487, 391, 584, 606, 549, 216, 60, 643, 94, 183, 396, 413, 392, 10, 271, 23, 375, 110, 292, 282, 319, 637, 59, 491, 583, 144, 77, 300, 73, 130, 35, 17, 475, 490, 171, 280, 460, 75, 616, 333, 434, 363, 561, 340, 477, 377, 356, 14, 663, 372, 411, 26, 350, 210, 339, 335, 199, 125, 601, 405, 520, 148, 49, 226, 492, 469, 515, 136, 609, 236, 342, 116, 500, 489, 634, 327, 83, 649, 555, 501, 412, 190, 8, 78, 550, 224, 185, 519, 442, 205, 274, 512, 370, 196, 423, 576, 378, 419, 670, 535, 525, 641, 478, 241, 325, 417, 352, 465, 365, 68, 527, 106, 552, 41, 630, 667, 511, 263, 320, 488, 284, 505, 588, 565, 315, 382, 165, 194, 261, 421, 62, 158, 658, 595, 154, 440, 42, 4, 348, 504, 453, 395, 321, 157, 589, 111, 232, 470, 575, 308, 338, 443, 221, 399, 108, 228, 277, 312, 590, 297, 12, 546, 87, 618, 257, 420, 95]
Correct solution
(w = 6) Building and Solving
[runlim] sample:		98.0 time, 90.8 real, 1737.8 MB
[runlim] sample:		107.9 time, 100.8 real, 2160.6 MB
[runlim] sample:		120.7 time, 110.8 real, 1727.9 MB
[runlim] sample:		130.7 time, 120.8 real, 2722.7 MB
Value Cyclic-Antibandwidth: 6
Labels: [397, 314, 459, 358, 21, 666, 660, 313, 561, 509, 132, 386, 139, 252, 578, 570, 366, 355, 30, 211, 137, 238, 74, 133, 114, 101, 564, 591, 431, 250, 242, 336, 543, 600, 422, 121, 495, 668, 439, 408, 223, 343, 657, 324, 430, 328, 493, 345, 330, 379, 654, 229, 579, 656, 438, 664, 428, 480, 665, 243, 178, 120, 298, 7, 471, 574, 217, 472, 524, 436, 353, 544, 177, 611, 548, 86, 119, 294, 554, 54, 337, 364, 384, 669, 387, 485, 539, 20, 19, 371, 506, 521, 188, 573, 273, 661, 447, 633, 435, 400, 80, 117, 341, 648, 455, 169, 47, 592, 90, 225, 454, 499, 218, 276, 629, 518, 142, 623, 63, 39, 572, 612, 99, 207, 449, 45, 3, 70, 380, 528, 53, 369, 473, 96, 2, 568, 57, 351, 22, 222, 174, 361, 245, 235, 598, 283, 195, 69, 526, 109, 450, 580, 176, 260, 414, 84, 219, 542, 115, 220, 100, 461, 299, 161, 582, 287, 173, 523, 566, 56, 558, 373, 429, 444, 152, 404, 286, 381, 655, 200, 123, 307, 285, 5, 604, 646, 268, 293, 452, 131, 594, 514, 398, 559, 66, 508, 456, 253, 484, 571, 530, 426, 170, 89, 557, 149, 639, 240, 215, 376, 254, 309, 631, 24, 113, 545, 172, 614, 191, 494, 374, 104, 479, 124, 155, 52, 344, 206, 463, 146, 48, 262, 230, 50, 607, 166, 553, 67, 662, 393, 540, 532, 464, 208, 563, 269, 517, 18, 603, 43, 650, 1, 377, 92, 560, 466, 203, 143, 651, 516, 310, 9, 496, 647, 255, 331, 536, 55, 401, 156, 301, 227, 483, 270, 613, 362, 390, 626, 167, 507, 239, 468, 112, 31, 556, 147, 303, 441, 204, 360, 333, 153, 103, 32, 621, 281, 27, 659, 451, 134, 347, 323, 81, 126, 234, 278, 383, 671, 37, 418, 448, 151, 186, 628, 533, 40, 306, 16, 346, 85, 498, 304, 259, 193, 305, 610, 551, 625, 28, 368, 437, 266, 98, 244, 150, 538, 192, 214, 256, 402, 251, 279, 202, 349, 290, 102, 587, 445, 457, 322, 577, 13, 354, 476, 33, 388, 615, 389, 198, 29, 329, 247, 258, 107, 502, 510, 25, 79, 180, 424, 620, 593, 653, 458, 88, 248, 168, 201, 394, 316, 541, 433, 403, 127, 407, 145, 182, 163, 302, 531, 72, 267, 318, 36, 246, 295, 416, 162, 385, 635, 275, 138, 140, 359, 596, 311, 617, 410, 562, 642, 605, 547, 432, 529, 105, 486, 249, 65, 237, 164, 181, 482, 586, 357, 187, 409, 481, 474, 446, 632, 581, 334, 644, 118, 93, 212, 513, 537, 160, 64, 326, 61, 503, 619, 76, 645, 406, 44, 534, 58, 184, 135, 624, 122, 209, 128, 296, 189, 6, 652, 332, 272, 38, 82, 597, 265, 233, 317, 522, 467, 91, 636, 175, 367, 602, 569, 129, 567, 497, 97, 291, 425, 15, 141, 427, 179, 288, 640, 415, 672, 638, 264, 51, 627, 622, 585, 231, 608, 599, 289, 159, 11, 213, 34, 462, 487, 391, 584, 606, 549, 216, 60, 643, 94, 183, 396, 413, 392, 10, 271, 23, 375, 110, 292, 282, 319, 637, 59, 491, 583, 144, 77, 300, 73, 130, 35, 17, 475, 490, 171, 280, 460, 75, 616, 46, 434, 363, 71, 340, 477, 197, 356, 14, 663, 372, 411, 26, 350, 210, 339, 335, 199, 125, 601, 405, 520, 148, 49, 226, 492, 469, 515, 136, 609, 236, 342, 116, 500, 489, 634, 327, 83, 649, 555, 501, 412, 190, 8, 78, 550, 224, 185, 519, 442, 205, 274, 512, 370, 196, 423, 576, 378, 419, 670, 535, 525, 641, 478, 241, 325, 417, 352, 465, 365, 68, 527, 106, 552, 41, 630, 667, 511, 263, 320, 488, 284, 505, 588, 565, 315, 382, 165, 194, 261, 421, 62, 158, 658, 595, 154, 440, 42, 4, 348, 504, 453, 395, 321, 157, 589, 111, 232, 470, 575, 308, 338, 443, 221, 399, 108, 228, 277, 312, 590, 297, 12, 546, 87, 618, 257, 420, 95]
Correct solution
(w = 7) Building and Solving
[runlim] sample:		140.7 time, 130.8 real, 1775.0 MB
[runlim] sample:		150.7 time, 140.8 real, 2146.5 MB
[runlim] end:			Mon Nov 17 07:16:45 2025
[runlim] status:		out of time
[runlim] result:		2
[runlim] children:		0
[runlim] real:			150.15 seconds
[runlim] time:			162.77 seconds
[runlim] space:			2722.7 MB
[runlim] samples:		1493
