[runlim] version:		1.10
[runlim] time limit:		311040000 seconds
[runlim] real time limit:	150 seconds
[runlim] space limit:		30000 MB
[runlim] argv[0]:		python3
[runlim] argv[1]:		model_MIP_CPLEX.py
[runlim] argv[2]:		./graph/3dmesh/3dmesh_4_4_5.txt
[runlim] start:			Mon Nov 17 07:29:41 2025
[runlim] main pid:		17383
[runlim] log captured:
(w = 3) Building and Solving
Value Cyclic-Antibandwidth: 3
Labels: [58, 29, 65, 71, 6, 74, 49, 63, 41, 37, 43, 23, 77, 10, 35, 69, 70, 20, 8, 62, 44, 30, 24, 32, 56, 27, 52, 16, 15, 38, 42, 80, 7, 50, 17, 11, 21, 68, 53, 2, 28, 60, 75, 22, 12, 45, 26, 36, 33, 4, 48, 31, 25, 40, 76, 57, 3, 34, 64, 13, 73, 79, 19, 66, 59, 18, 61, 5, 72, 55, 67, 46, 47, 9, 54, 78, 39, 14, 1, 51]
Correct solution
(w = 4) Building and Solving
Value Cyclic-Antibandwidth: 4
Labels: [58, 80, 65, 71, 75, 66, 49, 63, 41, 6, 28, 23, 77, 10, 20, 40, 70, 29, 8, 62, 44, 33, 24, 32, 56, 27, 37, 16, 15, 38, 42, 7, 26, 43, 17, 11, 21, 68, 9, 52, 47, 60, 51, 22, 2, 12, 74, 78, 36, 4, 48, 31, 25, 55, 76, 57, 3, 34, 30, 13, 73, 79, 19, 53, 59, 18, 61, 35, 72, 45, 54, 46, 64, 69, 1, 67, 39, 14, 50, 5]
Correct solution
(w = 5) Building and Solving
Value Cyclic-Antibandwidth: 5
Labels: [23, 10, 63, 5, 8, 34, 49, 74, 44, 77, 27, 22, 78, 29, 50, 41, 52, 67, 76, 58, 39, 15, 3, 42, 71, 2, 69, 33, 36, 13, 64, 1, 16, 59, 31, 24, 72, 4, 61, 18, 11, 65, 26, 51, 54, 73, 47, 6, 40, 9, 14, 32, 46, 57, 19, 48, 21, 43, 75, 80, 37, 12, 20, 66, 45, 56, 70, 79, 25, 62, 38, 53, 35, 28, 68, 17, 55, 7, 60, 30]
Correct solution
(w = 6) Building and Solving
Value Cyclic-Antibandwidth: 6
Labels: [62, 29, 65, 55, 21, 74, 49, 63, 41, 11, 71, 23, 77, 67, 20, 69, 75, 58, 26, 6, 44, 30, 10, 27, 56, 1, 37, 12, 15, 38, 54, 18, 66, 43, 57, 17, 76, 68, 36, 52, 47, 60, 80, 22, 2, 9, 40, 78, 42, 4, 48, 7, 25, 16, 59, 33, 3, 51, 28, 13, 73, 79, 19, 34, 8, 24, 61, 35, 72, 45, 53, 46, 64, 32, 70, 31, 39, 14, 50, 5]
Correct solution
(w = 7) Building and Solving
Value Cyclic-Antibandwidth: 7
Labels: [58, 29, 65, 13, 21, 66, 49, 63, 37, 11, 71, 23, 16, 79, 35, 61, 70, 20, 39, 62, 44, 30, 10, 27, 17, 50, 22, 12, 56, 38, 54, 80, 26, 43, 57, 18, 76, 68, 36, 52, 47, 77, 51, 75, 2, 9, 74, 45, 42, 4, 48, 7, 25, 40, 59, 33, 3, 15, 28, 60, 73, 46, 19, 34, 8, 24, 41, 31, 72, 55, 67, 6, 64, 32, 53, 78, 5, 14, 1, 69]
Correct solution
(w = 8) Building and Solving
Value Cyclic-Antibandwidth: 8
Labels: [23, 10, 63, 5, 8, 34, 49, 74, 44, 77, 13, 22, 78, 29, 50, 41, 52, 36, 12, 58, 39, 14, 3, 42, 71, 6, 75, 33, 62, 46, 64, 1, 16, 59, 31, 69, 72, 4, 67, 18, 11, 65, 26, 51, 54, 73, 47, 28, 61, 9, 53, 32, 38, 57, 19, 48, 21, 43, 60, 80, 37, 15, 24, 66, 45, 56, 70, 79, 25, 2, 40, 27, 35, 20, 68, 17, 55, 7, 76, 30]
Correct solution
(w = 9) Building and Solving
Value Cyclic-Antibandwidth: 9
Labels: [23, 10, 63, 5, 8, 34, 13, 74, 44, 77, 67, 22, 78, 29, 50, 41, 52, 36, 12, 58, 39, 15, 3, 42, 71, 6, 46, 33, 14, 38, 64, 1, 16, 75, 31, 69, 72, 4, 65, 18, 11, 60, 26, 51, 54, 73, 47, 28, 61, 9, 53, 32, 2, 57, 19, 48, 21, 43, 59, 80, 37, 62, 24, 66, 45, 56, 70, 79, 25, 76, 40, 27, 35, 20, 68, 17, 55, 7, 49, 30]
Correct solution
(w = 10) Building and Solving
Value Cyclic-Antibandwidth: 10
Labels: [23, 10, 63, 5, 8, 34, 49, 74, 44, 69, 4, 22, 78, 29, 50, 12, 52, 67, 42, 58, 39, 14, 3, 46, 71, 2, 15, 33, 36, 13, 64, 1, 16, 77, 31, 76, 72, 38, 65, 18, 11, 60, 26, 51, 59, 73, 47, 28, 61, 9, 70, 32, 6, 57, 19, 48, 21, 43, 53, 80, 37, 62, 24, 54, 45, 56, 27, 79, 25, 75, 40, 66, 35, 20, 68, 17, 55, 7, 41, 30]
Correct solution
(w = 11) Building and Solving
Value Cyclic-Antibandwidth: 11
Labels: [33, 68, 4, 67, 54, 79, 53, 42, 78, 28, 12, 77, 17, 6, 39, 10, 13, 47, 34, 11, 2, 25, 14, 30, 16, 1, 38, 9, 40, 18, 80, 27, 37, 22, 52, 23, 15, 55, 31, 56, 66, 26, 69, 35, 24, 58, 21, 60, 50, 61, 41, 62, 63, 44, 64, 45, 19, 65, 32, 8, 43, 29, 59, 20, 70, 3, 71, 51, 5, 72, 46, 73, 74, 49, 75, 36, 57, 76, 48, 7]
Correct solution
(w = 12) Building and Solving
Value Cyclic-Antibandwidth: 12
Labels: [21, 54, 80, 56, 66, 1, 67, 2, 8, 24, 79, 20, 22, 6, 44, 32, 43, 16, 38, 15, 11, 35, 9, 33, 23, 77, 39, 52, 10, 29, 5, 17, 28, 4, 58, 30, 41, 68, 31, 48, 69, 12, 51, 27, 40, 59, 19, 60, 45, 61, 46, 62, 63, 47, 64, 14, 26, 65, 25, 55, 13, 42, 3, 37, 70, 49, 71, 50, 18, 72, 7, 73, 74, 53, 75, 36, 57, 76, 34, 78]
Correct solution
(w = 13) Building and Solving
Value Cyclic-Antibandwidth: 13
Labels: [7, 33, 80, 55, 65, 5, 41, 28, 2, 31, 54, 10, 66, 3, 16, 38, 29, 1, 14, 37, 4, 18, 79, 12, 30, 47, 13, 34, 9, 22, 53, 8, 51, 24, 68, 6, 26, 56, 27, 69, 57, 77, 58, 21, 35, 59, 36, 60, 23, 61, 15, 62, 63, 39, 64, 17, 40, 19, 43, 67, 20, 42, 11, 25, 70, 44, 71, 49, 50, 72, 45, 73, 74, 46, 75, 32, 48, 76, 52, 78]
Correct solution
(w = 14) Building and Solving
[runlim] sample:		12.2 time, 10.8 real, 128.4 MB
Value Cyclic-Antibandwidth: 14
Labels: [23, 49, 63, 5, 8, 34, 6, 66, 44, 77, 36, 22, 78, 29, 50, 67, 52, 76, 13, 58, 25, 10, 46, 4, 71, 41, 60, 39, 14, 74, 27, 1, 16, 59, 31, 3, 72, 33, 2, 18, 38, 65, 26, 56, 54, 15, 47, 28, 73, 9, 53, 32, 42, 57, 19, 48, 21, 43, 62, 80, 37, 70, 24, 51, 45, 68, 17, 79, 75, 11, 40, 20, 35, 61, 12, 64, 55, 7, 69, 30]
Correct solution
(w = 15) Building and Solving
Value Cyclic-Antibandwidth: 15
Labels: [79, 64, 80, 53, 52, 8, 25, 70, 67, 23, 2, 31, 16, 1, 17, 57, 18, 44, 19, 68, 3, 24, 59, 30, 22, 7, 33, 10, 54, 28, 55, 29, 69, 15, 36, 14, 32, 77, 12, 56, 6, 34, 58, 35, 26, 11, 37, 60, 5, 61, 21, 62, 63, 20, 65, 38, 40, 4, 39, 66, 9, 42, 13, 41, 27, 46, 71, 47, 48, 72, 49, 73, 74, 50, 75, 51, 45, 76, 43, 78]
Correct solution
(w = 16) Building and Solving
Value Cyclic-Antibandwidth: 16
Labels: [48, 7, 52, 36, 26, 63, 23, 58, 45, 2, 41, 11, 12, 37, 13, 33, 16, 44, 71, 18, 80, 17, 55, 78, 19, 47, 4, 60, 53, 3, 49, 14, 69, 28, 54, 77, 29, 57, 8, 56, 79, 31, 68, 15, 34, 59, 30, 62, 27, 5, 35, 51, 1, 21, 65, 20, 40, 61, 32, 67, 66, 22, 64, 10, 6, 42, 9, 25, 24, 72, 38, 73, 74, 39, 75, 50, 43, 76, 46, 70]
Correct solution
(w = 17) Building and Solving
Value Cyclic-Antibandwidth: 17
Labels: [79, 16, 51, 29, 61, 41, 19, 73, 40, 13, 49, 12, 11, 47, 14, 62, 25, 42, 18, 69, 43, 2, 46, 10, 15, 34, 5, 52, 50, 17, 68, 22, 53, 77, 48, 6, 7, 55, 8, 56, 57, 3, 58, 27, 28, 59, 35, 80, 30, 60, 31, 63, 64, 32, 65, 33, 21, 66, 38, 67, 4, 39, 1, 23, 70, 20, 71, 9, 24, 72, 37, 54, 74, 36, 75, 26, 44, 76, 45, 78]
Correct solution
(w = 18) Building and Solving
[runlim] sample:		24.6 time, 20.8 real, 159.8 MB
Value Cyclic-Antibandwidth: 18
Labels: [17, 62, 80, 30, 78, 35, 58, 12, 33, 15, 36, 70, 8, 61, 16, 45, 77, 41, 18, 50, 44, 2, 40, 71, 7, 43, 79, 51, 47, 20, 48, 69, 53, 4, 54, 3, 26, 55, 6, 32, 57, 25, 60, 5, 27, 56, 1, 49, 13, 46, 11, 42, 64, 10, 65, 14, 39, 66, 22, 67, 9, 29, 63, 23, 68, 28, 52, 19, 21, 72, 31, 73, 74, 34, 75, 24, 38, 76, 37, 59]
Correct solution
(w = 19) Building and Solving
Value Cyclic-Antibandwidth: 19
Labels: [2, 32, 80, 56, 24, 51, 25, 78, 60, 22, 59, 17, 23, 79, 26, 74, 27, 8, 49, 3, 1, 30, 6, 46, 21, 55, 31, 65, 73, 20, 53, 16, 77, 43, 7, 45, 35, 69, 39, 18, 57, 10, 58, 37, 28, 50, 4, 61, 41, 62, 36, 76, 64, 34, 63, 38, 12, 67, 14, 68, 54, 11, 33, 9, 70, 40, 5, 42, 15, 72, 44, 19, 66, 47, 75, 48, 13, 71, 52, 29]
Correct solution
(w = 20) Building and Solving
Value Cyclic-Antibandwidth: 20
Labels: [76, 41, 12, 55, 22, 65, 33, 78, 62, 37, 79, 54, 34, 13, 36, 7, 43, 71, 32, 75, 66, 40, 5, 27, 28, 6, 26, 4, 69, 45, 2, 59, 15, 50, 11, 35, 44, 20, 46, 73, 72, 52, 3, 30, 48, 21, 61, 9, 64, 10, 31, 67, 8, 58, 1, 24, 51, 25, 60, 80, 23, 63, 18, 38, 29, 49, 70, 47, 57, 14, 39, 77, 16, 56, 19, 53, 68, 17, 42, 74]
Correct solution
(w = 21) Building and Solving
[runlim] sample:		37.9 time, 30.8 real, 180.7 MB
Value Cyclic-Antibandwidth: 21
Labels: [30, 80, 21, 69, 7, 46, 76, 44, 43, 12, 36, 13, 14, 38, 73, 49, 6, 35, 79, 47, 42, 5, 45, 77, 78, 50, 2, 41, 51, 11, 48, 16, 58, 3, 54, 10, 18, 55, 22, 56, 57, 28, 53, 8, 19, 60, 27, 62, 37, 59, 9, 63, 64, 33, 65, 26, 29, 66, 20, 61, 52, 31, 70, 40, 67, 15, 68, 34, 24, 72, 17, 71, 74, 39, 75, 25, 23, 1, 32, 4]
Correct solution
(w = 22) Building and Solving
Value Cyclic-Antibandwidth: 22
Labels: [68, 31, 3, 37, 12, 55, 28, 60, 45, 2, 50, 16, 10, 47, 75, 38, 43, 80, 34, 77, 69, 22, 57, 24, 11, 44, 6, 46, 51, 5, 52, 14, 79, 25, 59, 33, 29, 54, 23, 56, 61, 15, 53, 9, 26, 48, 4, 58, 30, 67, 18, 63, 7, 32, 66, 13, 35, 70, 19, 64, 74, 21, 49, 27, 1, 40, 62, 8, 36, 71, 39, 65, 73, 41, 76, 42, 17, 72, 20, 78]
Correct solution
(w = 23) Building and Solving
Value Cyclic-Antibandwidth: 23
Labels: [57, 20, 52, 14, 19, 49, 21, 44, 72, 23, 55, 17, 18, 46, 8, 48, 10, 60, 13, 62, 66, 22, 56, 16, 24, 68, 26, 69, 64, 11, 63, 25, 58, 32, 59, 15, 34, 79, 33, 61, 73, 31, 77, 35, 27, 67, 38, 75, 28, 3, 30, 65, 1, 53, 7, 36, 47, 2, 43, 71, 76, 41, 6, 45, 78, 50, 4, 39, 54, 5, 51, 9, 80, 29, 74, 40, 37, 70, 42, 12]
Correct solution
(w = 24) Building and Solving
[runlim] sample:		52.2 time, 40.8 real, 199.2 MB
Value Cyclic-Antibandwidth: 24
Labels: [80, 36, 5, 51, 26, 64, 29, 79, 62, 18, 69, 30, 24, 68, 33, 67, 46, 8, 55, 13, 72, 37, 1, 52, 34, 66, 31, 78, 59, 19, 60, 27, 20, 50, 10, 43, 45, 75, 44, 14, 76, 28, 4, 53, 25, 61, 32, 2, 49, 9, 58, 15, 77, 48, 6, 56, 21, 74, 39, 7, 63, 22, 71, 35, 12, 47, 23, 54, 41, 11, 57, 16, 70, 42, 3, 40, 17, 73, 38, 65]
Correct solution
(w = 25) Building and Solving
Value Cyclic-Antibandwidth: 25
Labels: [51, 80, 34, 2, 76, 42, 4, 53, 21, 73, 45, 6, 61, 36, 8, 50, 78, 33, 79, 41, 27, 1, 40, 3, 68, 28, 74, 46, 22, 63, 37, 77, 26, 75, 39, 13, 55, 30, 5, 44, 14, 56, 31, 71, 52, 18, 70, 35, 60, 20, 72, 38, 11, 59, 32, 69, 58, 7, 62, 29, 9, 47, 19, 65, 25, 66, 23, 67, 64, 12, 57, 24, 17, 43, 10, 54, 48, 15, 49, 16]
Correct solution
(w = 26) Building and Solving
[runlim] sample:		66.7 time, 50.8 real, 225.6 MB
Value Cyclic-Antibandwidth: 26
Labels: [40, 10, 45, 76, 12, 54, 1, 42, 50, 4, 43, 74, 5, 36, 78, 35, 14, 60, 9, 47, 48, 18, 51, 2, 3, 49, 8, 38, 46, 80, 37, 6, 68, 26, 63, 20, 22, 66, 16, 53, 52, 13, 58, 11, 15, 44, 7, 55, 27, 77, 29, 62, 56, 28, 65, 24, 23, 64, 31, 59, 69, 17, 61, 19, 75, 33, 72, 32, 21, 67, 39, 70, 73, 34, 79, 25, 41, 71, 30, 57]
Correct solution
(w = 27) Building and Solving
Value Cyclic-Antibandwidth: 27
Labels: [37, 3, 46, 9, 70, 43, 4, 49, 38, 6, 41, 7, 76, 39, 75, 40, 64, 32, 78, 44, 35, 1, 42, 2, 77, 34, 79, 36, 24, 74, 26, 72, 13, 60, 33, 73, 62, 28, 71, 31, 27, 69, 29, 67, 55, 25, 66, 30, 47, 19, 61, 20, 14, 58, 22, 65, 57, 18, 59, 23, 17, 52, 15, 63, 11, 53, 16, 68, 54, 5, 50, 21, 12, 48, 8, 56, 45, 80, 51, 10]
Correct solution
(w = 28) Building and Solving
[runlim] sample:		83.8 time, 60.8 real, 315.5 MB
Value Cyclic-Antibandwidth: 28
Labels: [37, 3, 31, 1, 80, 41, 76, 39, 47, 11, 46, 9, 79, 44, 77, 38, 78, 35, 2, 52, 49, 4, 48, 5, 14, 45, 7, 42, 51, 10, 40, 75, 50, 6, 54, 16, 21, 55, 12, 57, 65, 17, 59, 13, 18, 53, 8, 43, 20, 58, 19, 68, 63, 27, 56, 28, 26, 66, 23, 61, 62, 25, 60, 15, 70, 29, 64, 36, 33, 72, 24, 73, 74, 32, 71, 30, 34, 69, 22, 67]
Correct solution
(w = 29) Building and Solving
Value Cyclic-Antibandwidth: 29
Labels: [78, 34, 1, 37, 46, 75, 41, 80, 4, 44, 3, 35, 54, 9, 43, 2, 47, 79, 49, 8, 5, 40, 7, 42, 51, 10, 48, 6, 12, 60, 14, 45, 17, 50, 20, 52, 55, 11, 57, 13, 21, 59, 19, 56, 62, 25, 65, 16, 64, 15, 63, 23, 26, 58, 24, 53, 71, 29, 69, 18, 32, 70, 28, 66, 30, 61, 31, 68, 77, 27, 73, 22, 38, 76, 36, 67, 72, 39, 74, 33]
Correct solution
(w = 30) Building and Solving
[runlim] sample:		115.7 time, 70.8 real, 230.1 MB
[runlim] sample:		156.3 time, 80.8 real, 525.7 MB
Value Cyclic-Antibandwidth: 30
Labels: [67, 29, 68, 23, 25, 64, 27, 63, 66, 22, 62, 24, 26, 61, 19, 65, 35, 77, 32, 73, 72, 31, 75, 33, 36, 71, 30, 70, 76, 28, 69, 34, 2, 41, 74, 43, 42, 79, 38, 3, 5, 37, 80, 40, 45, 78, 39, 1, 51, 10, 44, 4, 11, 49, 8, 50, 55, 7, 47, 9, 12, 46, 6, 48, 21, 60, 14, 54, 59, 16, 53, 20, 18, 52, 17, 57, 58, 15, 56, 13]
Correct solution
(w = 31) Building and Solving
[runlim] sample:		203.5 time, 90.8 real, 301.8 MB
[runlim] sample:		250.3 time, 100.8 real, 538.4 MB
[runlim] sample:		280.3 time, 110.8 real, 589.4 MB
[runlim] sample:		310.3 time, 120.8 real, 602.4 MB
[runlim] sample:		340.3 time, 130.8 real, 602.4 MB
[runlim] sample:		370.3 time, 140.8 real, 609.0 MB
[runlim] end:			Mon Nov 17 07:32:11 2025
[runlim] status:		out of time
[runlim] result:		2
[runlim] children:		0
[runlim] real:			150.12 seconds
[runlim] time:			398.21 seconds
[runlim] space:			685.8 MB
[runlim] samples:		1493
