[runlim] version:		1.10
[runlim] time limit:		311040000 seconds
[runlim] real time limit:	150 seconds
[runlim] space limit:		30000 MB
[runlim] argv[0]:		python3
[runlim] argv[1]:		model_MIP_CPLEX.py
[runlim] argv[2]:		./graph/3dmesh/3dmesh_5_5_7.txt
[runlim] start:			Mon Nov 17 07:39:41 2025
[runlim] main pid:		20354
[runlim] log captured:
(w = 3) Building and Solving
Value Cyclic-Antibandwidth: 3
Labels: [6, 51, 112, 21, 153, 66, 97, 47, 5, 104, 44, 72, 31, 10, 23, 19, 155, 139, 15, 61, 59, 148, 9, 144, 67, 30, 152, 58, 161, 122, 165, 37, 78, 127, 86, 156, 136, 157, 27, 175, 43, 129, 118, 96, 13, 46, 167, 138, 68, 111, 133, 73, 4, 79, 147, 69, 123, 141, 115, 143, 74, 163, 88, 154, 91, 164, 53, 62, 77, 98, 76, 132, 25, 12, 102, 151, 33, 60, 55, 140, 168, 49, 124, 14, 90, 3, 119, 114, 128, 35, 99, 170, 150, 64, 8, 40, 101, 130, 28, 134, 48, 26, 125, 84, 56, 116, 158, 71, 106, 38, 166, 109, 80, 95, 63, 32, 121, 160, 108, 142, 113, 29, 117, 11, 159, 70, 135, 42, 81, 7, 149, 105, 87, 137, 18, 107, 54, 120, 100, 174, 16, 39, 110, 126, 75, 171, 131, 57, 83, 24, 41, 82, 22, 145, 45, 52, 89, 172, 169, 93, 65, 36, 85, 92, 2, 173, 146, 20, 162, 50, 103, 1, 94, 17, 34]
Correct solution
(w = 4) Building and Solving
Value Cyclic-Antibandwidth: 4
Labels: [6, 51, 112, 2, 153, 66, 97, 47, 139, 104, 44, 72, 31, 10, 23, 19, 170, 89, 15, 73, 59, 1, 9, 5, 67, 30, 152, 58, 161, 122, 95, 37, 78, 127, 86, 156, 136, 148, 27, 175, 43, 129, 118, 96, 165, 144, 167, 138, 68, 111, 133, 21, 4, 79, 147, 69, 123, 141, 115, 143, 74, 163, 169, 154, 91, 164, 53, 13, 77, 98, 76, 132, 25, 12, 102, 151, 33, 60, 55, 140, 16, 49, 124, 81, 90, 3, 119, 114, 128, 35, 99, 157, 150, 64, 8, 40, 168, 130, 28, 134, 48, 26, 125, 84, 56, 116, 158, 71, 106, 38, 166, 109, 80, 14, 63, 46, 121, 160, 108, 142, 113, 29, 117, 32, 159, 70, 135, 57, 131, 7, 149, 105, 87, 137, 18, 107, 54, 120, 100, 174, 11, 39, 110, 126, 75, 171, 101, 62, 83, 24, 41, 82, 22, 145, 45, 52, 155, 172, 42, 93, 65, 36, 85, 92, 88, 173, 146, 20, 162, 50, 103, 61, 94, 17, 34]
Correct solution
(w = 5) Building and Solving
Value Cyclic-Antibandwidth: 5
Labels: [6, 51, 112, 2, 153, 66, 97, 47, 119, 104, 44, 72, 31, 10, 23, 19, 170, 89, 15, 73, 59, 148, 9, 52, 67, 30, 152, 58, 161, 122, 165, 37, 78, 127, 86, 156, 136, 157, 27, 175, 43, 95, 118, 96, 149, 144, 167, 46, 68, 111, 133, 21, 4, 79, 147, 69, 132, 141, 115, 11, 74, 163, 169, 154, 91, 164, 53, 13, 77, 126, 76, 61, 25, 12, 102, 151, 33, 60, 55, 140, 39, 49, 124, 81, 90, 3, 24, 114, 128, 35, 130, 139, 150, 64, 8, 98, 168, 129, 28, 134, 48, 26, 123, 84, 56, 116, 158, 92, 172, 38, 166, 109, 80, 14, 63, 32, 121, 160, 108, 142, 113, 29, 138, 117, 159, 70, 135, 42, 131, 7, 99, 105, 87, 137, 18, 107, 62, 120, 100, 174, 16, 71, 110, 5, 75, 171, 101, 57, 83, 40, 106, 82, 22, 145, 45, 125, 155, 143, 41, 93, 65, 36, 85, 54, 88, 173, 146, 20, 162, 50, 103, 1, 94, 17, 34]
Correct solution
(w = 6) Building and Solving
Value Cyclic-Antibandwidth: 6
Labels: [6, 38, 112, 2, 153, 136, 10, 47, 139, 104, 44, 92, 154, 90, 97, 19, 170, 89, 116, 73, 59, 1, 9, 57, 67, 30, 72, 58, 161, 122, 165, 37, 78, 65, 86, 119, 132, 148, 27, 175, 43, 95, 118, 96, 166, 144, 167, 138, 68, 111, 133, 21, 4, 46, 147, 18, 28, 141, 115, 15, 74, 163, 56, 69, 91, 164, 45, 13, 77, 126, 76, 55, 25, 12, 102, 151, 33, 60, 169, 140, 39, 49, 124, 81, 127, 3, 24, 114, 128, 109, 130, 157, 150, 64, 8, 98, 168, 129, 53, 134, 48, 26, 123, 84, 156, 31, 158, 99, 172, 79, 93, 107, 80, 14, 63, 32, 121, 160, 108, 142, 113, 29, 117, 11, 159, 70, 135, 23, 131, 7, 149, 105, 87, 137, 35, 66, 54, 120, 100, 174, 50, 71, 110, 5, 75, 171, 101, 62, 83, 51, 106, 82, 41, 145, 40, 125, 155, 143, 42, 152, 16, 36, 85, 52, 88, 173, 146, 20, 162, 22, 103, 61, 94, 17, 34]
Correct solution
(w = 7) Building and Solving
[runlim] sample:		10.6 time, 10.7 real, 188.0 MB
Value Cyclic-Antibandwidth: 7
Labels: [6, 38, 112, 2, 153, 136, 10, 47, 139, 104, 44, 92, 31, 90, 97, 19, 77, 98, 7, 170, 59, 1, 9, 52, 67, 30, 72, 58, 161, 122, 165, 48, 78, 65, 86, 119, 132, 148, 27, 175, 43, 95, 118, 96, 149, 144, 167, 138, 73, 111, 133, 21, 4, 46, 147, 18, 28, 141, 115, 15, 74, 12, 56, 69, 91, 89, 124, 13, 103, 126, 76, 55, 25, 62, 102, 151, 33, 60, 169, 140, 168, 49, 173, 81, 127, 3, 24, 114, 128, 109, 99, 157, 150, 64, 8, 40, 101, 130, 53, 134, 129, 26, 123, 84, 156, 116, 158, 71, 172, 79, 93, 107, 80, 14, 63, 32, 121, 160, 108, 142, 113, 29, 100, 117, 159, 70, 135, 42, 154, 110, 152, 105, 87, 137, 35, 66, 23, 120, 166, 174, 11, 39, 68, 5, 75, 171, 131, 57, 83, 51, 106, 82, 22, 145, 45, 125, 155, 143, 41, 164, 16, 36, 85, 54, 88, 163, 146, 20, 162, 50, 37, 61, 94, 17, 34]
Correct solution
(w = 8) Building and Solving
Value Cyclic-Antibandwidth: 8
Labels: [25, 51, 156, 19, 131, 44, 91, 56, 97, 154, 15, 49, 113, 24, 54, 110, 20, 174, 160, 80, 1, 92, 81, 108, 132, 37, 65, 118, 99, 4, 70, 11, 165, 119, 33, 107, 41, 129, 105, 85, 76, 123, 101, 142, 28, 21, 79, 151, 32, 161, 170, 17, 158, 126, 114, 8, 31, 122, 87, 64, 94, 127, 2, 30, 128, 117, 69, 77, 172, 152, 150, 48, 164, 109, 124, 63, 98, 125, 100, 66, 159, 120, 36, 135, 42, 137, 171, 146, 155, 61, 10, 139, 57, 23, 173, 53, 7, 74, 38, 149, 13, 157, 22, 136, 144, 55, 169, 45, 72, 86, 153, 12, 60, 138, 47, 43, 102, 141, 68, 34, 147, 26, 50, 59, 112, 104, 130, 143, 9, 67, 16, 27, 103, 90, 58, 115, 134, 5, 163, 84, 148, 29, 116, 96, 52, 3, 166, 133, 175, 145, 88, 73, 83, 93, 167, 111, 95, 71, 162, 75, 40, 121, 14, 106, 35, 140, 6, 78, 39, 18, 168, 82, 46, 89, 62]
Correct solution
(w = 9) Building and Solving
Value Cyclic-Antibandwidth: 9
Labels: [25, 51, 156, 19, 131, 44, 91, 56, 140, 154, 15, 60, 113, 24, 54, 110, 20, 174, 160, 80, 1, 92, 81, 108, 132, 37, 65, 118, 99, 4, 70, 11, 165, 119, 33, 107, 41, 129, 105, 85, 76, 123, 49, 142, 28, 21, 79, 151, 32, 161, 170, 17, 158, 126, 114, 8, 31, 122, 87, 64, 94, 127, 2, 30, 128, 117, 97, 77, 172, 152, 150, 48, 164, 109, 124, 63, 98, 125, 100, 66, 159, 120, 36, 135, 42, 137, 171, 146, 155, 61, 10, 139, 57, 23, 173, 53, 7, 74, 38, 149, 13, 157, 22, 175, 144, 55, 169, 45, 72, 86, 153, 12, 101, 138, 47, 69, 102, 141, 68, 34, 147, 26, 50, 59, 112, 104, 130, 143, 9, 67, 16, 27, 103, 90, 58, 115, 134, 5, 163, 84, 148, 29, 116, 96, 52, 3, 166, 133, 43, 145, 88, 73, 83, 93, 167, 111, 95, 71, 162, 75, 40, 121, 14, 106, 35, 136, 6, 78, 39, 18, 168, 82, 46, 89, 62]
Correct solution
(w = 10) Building and Solving
[runlim] sample:		21.2 time, 20.7 real, 327.0 MB
Value Cyclic-Antibandwidth: 10
Labels: [25, 175, 156, 19, 131, 44, 91, 56, 7, 154, 15, 67, 113, 24, 54, 110, 20, 174, 45, 80, 1, 50, 81, 108, 132, 37, 65, 118, 99, 4, 70, 11, 165, 119, 33, 107, 41, 129, 105, 85, 76, 123, 101, 142, 28, 21, 79, 151, 32, 161, 170, 17, 158, 126, 114, 8, 31, 122, 87, 64, 94, 140, 2, 30, 128, 117, 97, 77, 172, 152, 150, 48, 164, 109, 124, 63, 98, 125, 100, 66, 159, 120, 36, 135, 42, 137, 171, 146, 60, 92, 10, 139, 57, 23, 173, 53, 155, 74, 38, 149, 13, 157, 22, 160, 144, 55, 169, 141, 72, 86, 153, 12, 103, 5, 47, 69, 102, 43, 136, 34, 147, 26, 127, 59, 112, 104, 130, 143, 9, 133, 16, 27, 51, 90, 58, 115, 134, 61, 163, 84, 148, 29, 116, 96, 52, 3, 166, 138, 49, 145, 88, 68, 83, 93, 167, 111, 95, 73, 162, 75, 40, 121, 14, 106, 35, 71, 6, 78, 39, 18, 168, 82, 46, 89, 62]
Correct solution
(w = 11) Building and Solving
Value Cyclic-Antibandwidth: 11
Labels: [25, 175, 156, 19, 131, 44, 91, 56, 7, 154, 15, 67, 113, 24, 54, 110, 20, 174, 45, 80, 1, 50, 81, 108, 132, 37, 65, 118, 99, 4, 70, 11, 165, 119, 33, 107, 41, 129, 105, 85, 76, 123, 61, 142, 28, 21, 79, 151, 32, 161, 170, 17, 158, 126, 114, 8, 31, 122, 87, 64, 94, 140, 2, 30, 128, 117, 97, 77, 172, 152, 150, 48, 164, 109, 124, 63, 98, 125, 100, 66, 159, 120, 36, 135, 42, 137, 171, 146, 60, 92, 10, 139, 57, 23, 173, 53, 103, 74, 38, 149, 13, 157, 22, 49, 144, 55, 169, 83, 72, 86, 153, 12, 168, 5, 47, 69, 102, 155, 136, 34, 147, 26, 127, 59, 112, 104, 130, 143, 9, 133, 16, 27, 51, 90, 58, 115, 134, 101, 163, 84, 148, 29, 116, 96, 52, 3, 166, 138, 43, 145, 88, 68, 160, 93, 167, 111, 95, 73, 162, 75, 40, 121, 14, 106, 35, 71, 6, 78, 39, 18, 141, 82, 46, 89, 62]
Correct solution
(w = 12) Building and Solving
[runlim] sample:		31.6 time, 30.7 real, 427.7 MB
Value Cyclic-Antibandwidth: 12
Labels: [25, 175, 156, 19, 131, 44, 91, 56, 7, 154, 15, 67, 113, 24, 54, 110, 20, 174, 45, 80, 1, 50, 81, 108, 132, 37, 65, 118, 99, 4, 70, 11, 165, 119, 33, 107, 41, 129, 105, 85, 76, 123, 101, 142, 28, 21, 79, 151, 32, 161, 170, 17, 158, 126, 114, 8, 31, 122, 87, 64, 94, 140, 2, 30, 128, 117, 97, 77, 172, 152, 150, 48, 164, 109, 124, 63, 98, 125, 100, 66, 159, 120, 36, 135, 42, 137, 171, 146, 60, 92, 10, 139, 57, 23, 173, 53, 103, 74, 38, 149, 13, 157, 22, 49, 144, 55, 169, 141, 72, 86, 153, 12, 168, 5, 47, 69, 102, 155, 136, 34, 147, 26, 127, 59, 112, 104, 130, 143, 9, 43, 16, 83, 51, 90, 58, 115, 134, 27, 163, 84, 148, 29, 116, 96, 52, 3, 166, 61, 133, 145, 88, 68, 160, 93, 167, 111, 95, 73, 162, 75, 40, 121, 14, 106, 35, 71, 6, 78, 39, 18, 138, 82, 46, 89, 62]
Correct solution
(w = 13) Building and Solving
[runlim] sample:		42.1 time, 40.7 real, 517.0 MB
Value Cyclic-Antibandwidth: 13
Labels: [25, 175, 156, 19, 131, 44, 91, 56, 133, 154, 166, 67, 113, 24, 54, 110, 20, 174, 45, 80, 1, 50, 81, 108, 132, 43, 65, 118, 99, 4, 70, 11, 165, 61, 33, 107, 41, 129, 105, 85, 76, 123, 101, 142, 28, 21, 79, 151, 32, 161, 170, 17, 97, 158, 114, 8, 31, 122, 87, 64, 94, 140, 2, 30, 128, 117, 155, 77, 172, 152, 150, 48, 164, 109, 124, 63, 98, 125, 100, 66, 159, 120, 36, 135, 42, 137, 171, 146, 60, 92, 10, 139, 57, 23, 173, 53, 7, 74, 38, 149, 13, 157, 22, 49, 144, 55, 83, 141, 72, 86, 153, 12, 103, 5, 47, 69, 102, 37, 136, 34, 147, 26, 127, 59, 112, 104, 130, 143, 9, 75, 16, 169, 51, 90, 58, 115, 134, 27, 163, 84, 148, 29, 116, 96, 52, 3, 119, 15, 168, 145, 88, 68, 160, 93, 167, 111, 95, 73, 162, 126, 40, 121, 14, 106, 35, 71, 6, 78, 39, 18, 138, 82, 46, 89, 62]
Correct solution
(w = 14) Building and Solving
Value Cyclic-Antibandwidth: 14
Labels: [25, 138, 164, 19, 131, 44, 91, 56, 140, 154, 166, 67, 113, 24, 54, 110, 20, 174, 45, 80, 1, 50, 81, 108, 132, 43, 65, 118, 99, 4, 70, 11, 165, 15, 33, 107, 41, 129, 105, 85, 76, 123, 49, 142, 28, 21, 79, 151, 32, 161, 168, 17, 97, 158, 114, 8, 31, 122, 87, 60, 64, 90, 2, 30, 128, 117, 155, 77, 172, 152, 150, 48, 130, 109, 124, 63, 98, 125, 100, 66, 159, 120, 36, 135, 42, 137, 171, 146, 121, 92, 10, 139, 57, 23, 173, 53, 94, 74, 38, 149, 13, 157, 22, 156, 47, 55, 71, 141, 72, 86, 153, 12, 103, 5, 160, 69, 102, 37, 136, 34, 147, 26, 127, 59, 112, 104, 27, 143, 9, 144, 16, 175, 51, 101, 58, 170, 134, 75, 163, 84, 148, 29, 116, 96, 52, 3, 119, 83, 169, 145, 88, 68, 7, 93, 167, 111, 95, 73, 162, 126, 40, 61, 14, 106, 35, 115, 6, 78, 39, 18, 133, 82, 46, 89, 62]
Correct solution
(w = 15) Building and Solving
[runlim] sample:		52.5 time, 50.7 real, 473.7 MB
Value Cyclic-Antibandwidth: 15
Labels: [25, 138, 164, 19, 131, 44, 91, 56, 72, 154, 166, 67, 113, 24, 54, 47, 20, 174, 45, 80, 1, 50, 81, 108, 132, 43, 65, 118, 99, 4, 70, 11, 165, 141, 33, 107, 41, 129, 105, 85, 76, 123, 101, 142, 28, 21, 79, 151, 32, 161, 168, 17, 97, 158, 114, 8, 52, 122, 87, 60, 64, 90, 2, 30, 128, 117, 155, 77, 172, 152, 150, 48, 130, 109, 124, 63, 98, 125, 100, 66, 159, 120, 36, 135, 42, 137, 171, 146, 7, 92, 10, 139, 57, 23, 173, 53, 103, 74, 38, 149, 13, 157, 22, 156, 31, 55, 140, 83, 5, 86, 153, 12, 121, 94, 160, 69, 102, 37, 136, 34, 147, 26, 127, 59, 112, 104, 27, 143, 9, 144, 16, 175, 51, 75, 58, 170, 134, 71, 163, 84, 148, 29, 116, 96, 61, 3, 119, 15, 169, 145, 88, 68, 49, 93, 167, 111, 95, 73, 162, 126, 40, 110, 14, 106, 35, 115, 6, 78, 39, 18, 133, 82, 46, 89, 62]
Correct solution
(w = 16) Building and Solving
[runlim] sample:		62.8 time, 60.7 real, 592.2 MB
Value Cyclic-Antibandwidth: 16
Labels: [25, 138, 164, 19, 131, 44, 91, 56, 121, 154, 166, 67, 113, 24, 54, 47, 20, 174, 45, 80, 1, 50, 81, 108, 132, 43, 65, 118, 99, 4, 70, 11, 165, 139, 33, 107, 41, 129, 105, 85, 76, 123, 101, 142, 28, 21, 79, 151, 32, 161, 141, 17, 97, 158, 114, 8, 52, 122, 87, 60, 64, 90, 2, 30, 128, 117, 7, 77, 172, 152, 150, 48, 130, 109, 72, 63, 98, 125, 100, 66, 159, 120, 36, 135, 42, 137, 171, 146, 49, 92, 10, 140, 57, 23, 173, 53, 124, 74, 168, 149, 13, 157, 22, 156, 31, 55, 103, 83, 5, 86, 153, 12, 110, 94, 160, 69, 102, 37, 136, 34, 147, 26, 127, 59, 112, 104, 27, 143, 9, 144, 16, 175, 51, 75, 58, 170, 134, 71, 163, 84, 148, 29, 116, 96, 61, 3, 119, 15, 169, 145, 88, 68, 38, 93, 167, 111, 95, 73, 162, 126, 40, 155, 14, 106, 35, 115, 6, 78, 39, 18, 133, 82, 46, 89, 62]
Correct solution
(w = 17) Building and Solving
[runlim] sample:		73.0 time, 70.7 real, 648.4 MB
Value Cyclic-Antibandwidth: 17
Labels: [25, 119, 164, 19, 131, 44, 91, 56, 121, 154, 166, 67, 94, 24, 54, 47, 20, 174, 45, 80, 1, 50, 81, 108, 132, 43, 65, 118, 99, 4, 70, 11, 165, 138, 33, 107, 41, 129, 105, 85, 76, 123, 49, 142, 28, 21, 79, 151, 32, 161, 141, 17, 97, 158, 114, 8, 52, 122, 87, 153, 64, 140, 2, 30, 128, 117, 96, 77, 172, 152, 150, 48, 130, 109, 72, 63, 98, 125, 100, 66, 159, 120, 36, 135, 42, 137, 75, 146, 116, 92, 10, 168, 57, 23, 173, 53, 124, 74, 175, 149, 13, 157, 22, 156, 31, 55, 101, 133, 5, 86, 103, 12, 104, 60, 160, 69, 102, 37, 136, 34, 147, 26, 127, 59, 112, 169, 27, 143, 9, 144, 16, 171, 51, 90, 58, 170, 134, 71, 163, 84, 148, 29, 95, 15, 61, 3, 113, 7, 110, 145, 88, 68, 38, 93, 167, 111, 139, 73, 162, 126, 40, 83, 14, 106, 35, 115, 6, 78, 39, 18, 155, 82, 46, 89, 62]
Correct solution
(w = 18) Building and Solving
[runlim] sample:		83.3 time, 80.7 real, 539.9 MB
Value Cyclic-Antibandwidth: 18
Labels: [25, 119, 164, 19, 131, 44, 91, 56, 175, 154, 166, 67, 94, 24, 54, 110, 20, 174, 45, 80, 1, 50, 81, 108, 132, 43, 65, 118, 99, 4, 70, 11, 165, 61, 33, 107, 41, 129, 105, 85, 76, 123, 49, 142, 28, 21, 79, 151, 32, 161, 141, 17, 97, 69, 114, 8, 52, 122, 87, 153, 64, 140, 2, 30, 128, 117, 15, 77, 172, 152, 150, 48, 130, 109, 72, 63, 98, 125, 100, 66, 159, 120, 36, 135, 42, 137, 75, 146, 168, 92, 10, 155, 57, 23, 173, 53, 124, 158, 133, 47, 13, 157, 22, 156, 31, 55, 101, 138, 5, 86, 103, 12, 104, 74, 160, 121, 102, 37, 136, 34, 147, 26, 127, 59, 112, 169, 27, 143, 9, 144, 16, 171, 51, 95, 58, 170, 134, 71, 163, 84, 148, 29, 116, 96, 7, 3, 113, 149, 18, 145, 88, 68, 38, 93, 167, 111, 139, 73, 162, 126, 40, 83, 14, 106, 35, 115, 6, 78, 39, 90, 60, 82, 46, 89, 62]
Correct solution
(w = 19) Building and Solving
[runlim] sample:		93.6 time, 90.7 real, 696.0 MB
Value Cyclic-Antibandwidth: 19
Labels: [25, 119, 164, 19, 131, 44, 91, 56, 121, 154, 166, 67, 94, 24, 54, 110, 20, 174, 45, 80, 1, 50, 81, 108, 132, 171, 65, 118, 99, 4, 70, 11, 165, 61, 33, 107, 41, 129, 105, 85, 76, 123, 101, 142, 28, 21, 79, 151, 32, 161, 141, 17, 64, 18, 114, 8, 52, 122, 87, 153, 43, 140, 2, 30, 128, 117, 97, 77, 172, 152, 150, 48, 130, 109, 72, 63, 98, 125, 100, 66, 159, 120, 36, 135, 42, 137, 75, 146, 175, 92, 10, 155, 57, 23, 173, 53, 124, 158, 133, 47, 13, 157, 22, 156, 31, 55, 74, 138, 5, 86, 103, 12, 104, 49, 160, 69, 102, 37, 136, 34, 147, 26, 127, 59, 112, 169, 27, 143, 9, 144, 16, 168, 51, 95, 58, 170, 134, 71, 163, 84, 148, 29, 116, 96, 7, 3, 113, 149, 15, 145, 88, 68, 38, 93, 167, 111, 139, 73, 162, 126, 40, 83, 14, 106, 35, 115, 6, 78, 39, 90, 60, 82, 46, 89, 62]
Correct solution
(w = 20) Building and Solving
[runlim] sample:		103.9 time, 100.7 real, 736.0 MB
Value Cyclic-Antibandwidth: 20
Labels: [25, 119, 164, 19, 131, 166, 91, 56, 115, 154, 15, 67, 94, 24, 54, 121, 20, 174, 45, 80, 1, 50, 81, 108, 132, 171, 65, 133, 99, 4, 70, 11, 165, 61, 33, 107, 41, 129, 105, 85, 76, 123, 49, 142, 28, 21, 79, 151, 32, 161, 141, 17, 64, 18, 114, 8, 52, 122, 87, 153, 43, 140, 2, 30, 128, 117, 97, 77, 172, 152, 150, 48, 130, 109, 72, 63, 98, 125, 100, 66, 159, 120, 36, 135, 42, 137, 75, 146, 168, 92, 10, 155, 57, 23, 173, 53, 124, 158, 138, 47, 13, 157, 22, 156, 31, 55, 95, 74, 5, 86, 103, 12, 104, 62, 160, 69, 102, 37, 136, 34, 147, 26, 127, 59, 112, 110, 27, 143, 9, 144, 16, 169, 51, 101, 58, 170, 134, 71, 163, 84, 148, 29, 116, 96, 7, 3, 113, 149, 175, 145, 88, 68, 38, 93, 167, 111, 139, 73, 162, 126, 40, 83, 14, 106, 35, 118, 6, 78, 39, 90, 60, 82, 46, 89, 44]
Correct solution
(w = 21) Building and Solving
[runlim] sample:		114.2 time, 110.7 real, 767.6 MB
Value Cyclic-Antibandwidth: 21
Labels: [25, 119, 164, 19, 131, 166, 91, 56, 115, 154, 15, 67, 94, 24, 54, 47, 20, 174, 45, 80, 1, 50, 81, 108, 132, 171, 65, 133, 99, 4, 70, 11, 165, 61, 33, 107, 41, 129, 105, 168, 85, 123, 71, 142, 28, 29, 79, 151, 32, 161, 141, 17, 97, 18, 114, 8, 52, 122, 87, 153, 43, 140, 2, 30, 128, 117, 69, 101, 68, 152, 150, 48, 130, 109, 72, 63, 98, 125, 100, 66, 159, 120, 36, 135, 42, 137, 75, 146, 64, 92, 10, 155, 57, 23, 173, 53, 124, 158, 83, 149, 13, 157, 22, 156, 31, 55, 96, 138, 5, 86, 103, 12, 104, 38, 160, 62, 102, 175, 136, 34, 147, 26, 127, 59, 112, 110, 60, 143, 9, 144, 16, 169, 51, 95, 58, 170, 134, 76, 163, 84, 148, 27, 116, 74, 7, 3, 113, 172, 121, 145, 88, 21, 49, 93, 167, 111, 139, 73, 162, 126, 40, 77, 14, 106, 35, 118, 6, 78, 39, 90, 37, 82, 46, 89, 44]
Correct solution
(w = 22) Building and Solving
[runlim] sample:		124.6 time, 120.7 real, 778.1 MB
Value Cyclic-Antibandwidth: 22
Labels: [25, 121, 164, 19, 131, 166, 91, 56, 115, 154, 110, 67, 15, 155, 54, 47, 20, 107, 45, 80, 1, 50, 81, 108, 132, 170, 65, 18, 99, 4, 70, 11, 96, 171, 33, 165, 41, 129, 105, 168, 85, 123, 71, 142, 28, 29, 79, 151, 32, 161, 141, 17, 97, 158, 114, 8, 52, 122, 87, 153, 94, 140, 2, 30, 128, 117, 7, 130, 61, 152, 150, 48, 174, 109, 72, 63, 98, 125, 100, 66, 159, 120, 36, 135, 42, 137, 75, 146, 62, 92, 10, 156, 57, 23, 68, 53, 124, 27, 83, 149, 13, 157, 22, 133, 31, 55, 95, 138, 5, 86, 103, 12, 104, 38, 160, 69, 102, 172, 136, 34, 147, 26, 127, 59, 112, 119, 60, 143, 9, 144, 16, 169, 51, 101, 58, 64, 134, 76, 163, 84, 148, 43, 116, 74, 173, 3, 113, 24, 175, 145, 88, 21, 49, 93, 167, 111, 139, 73, 162, 126, 40, 77, 14, 106, 35, 118, 6, 78, 39, 90, 37, 82, 46, 89, 44]
Correct solution
(w = 23) Building and Solving
[runlim] sample:		134.9 time, 130.7 real, 654.0 MB
[runlim] sample:		145.3 time, 140.7 real, 722.1 MB
Value Cyclic-Antibandwidth: 23
Labels: [144, 172, 117, 36, 103, 108, 28, 146, 9, 142, 78, 128, 12, 41, 173, 162, 98, 161, 18, 139, 121, 159, 111, 140, 165, 68, 27, 155, 127, 156, 141, 66, 21, 48, 95, 54, 171, 77, 6, 29, 115, 35, 136, 82, 52, 158, 113, 67, 32, 96, 119, 3, 46, 153, 101, 91, 42, 71, 94, 151, 118, 19, 100, 33, 97, 175, 80, 8, 58, 129, 102, 174, 147, 110, 164, 88, 44, 85, 126, 150, 39, 15, 47, 23, 79, 149, 65, 24, 63, 14, 31, 4, 59, 1, 38, 70, 40, 5, 34, 123, 133, 11, 45, 169, 99, 76, 50, 73, 132, 13, 116, 17, 107, 30, 148, 152, 60, 84, 61, 125, 124, 87, 57, 86, 160, 168, 75, 122, 83, 135, 134, 2, 49, 26, 106, 167, 69, 22, 81, 7, 55, 25, 109, 37, 93, 90, 64, 16, 62, 131, 89, 43, 145, 114, 170, 51, 138, 20, 166, 143, 74, 112, 53, 130, 105, 120, 56, 10, 72, 154, 163, 137, 104, 157, 92]
Correct solution
(w = 24) Building and Solving
[runlim] end:			Mon Nov 17 07:42:11 2025
[runlim] status:		out of time
[runlim] result:		2
[runlim] children:		0
[runlim] real:			150.04 seconds
[runlim] time:			162.54 seconds
[runlim] space:			1289.2 MB
[runlim] samples:		1493
