 ! --------------------------------------------------- CP Optimizer 22.1.1.0 --
 ! Maximization problem - 2593 variables, 13756 constraints
 ! Initial process time : 0.34s (0.34s extraction + 0.00s propagation)
 !  . Log search space  : 29403.2 (before), 29403.2 (after)
 !  . Memory usage      : 12.6 MB (before), 12.6 MB (after)
 ! Using parallel search with 8 workers.
 ! ----------------------------------------------------------------------------
 !          Best Branches  Non-fixed    W       Branch decision
                        0       2593                 -
 + New bound is 2591
                        0       2593    1            -
 + New bound is 1296
                     1000       2393    1       200  = labels#528
                     1000       2393    2       200  = labels#2216
                     1000       1601    3       989  = labels#987
                     1000       2393    4       200  = labels#1386
                     1000       1599    5      1600  = labels#105
                     1000       1599    6      2105  = labels#212
                     1000       2393    7       200  = labels#207
                     1000       1600    8      2313  = labels#1244
                     2000        601    3      1989  = labels#1987
                     2000        599    5       600  = labels#2384
                     2000        598    6      1541  = labels#672
                     2000        600    8      1439  = labels#950
                     2000       1392    1      1200  = labels#2374
                     2000       1393    2      1200  = labels#2421
                     2000       1392    4      1200  = labels#2469
                     2000       1392    7      1200  = labels#612
 *             1     2610  6.70s        3      (gap  > 10000%)
               1     3000          2    3       407  = labels#2137
 ! Time = 6.70s, Average fail depth = 2, Memory usage = 971.8 MB
 ! Current bound is 1296 (gap  > 10000%)
 !          Best Branches  Non-fixed    W       Branch decision
               1     3000          2    5      2211  = labels#1877
               1     3000          2    6       378  = labels#48
               1     3000        392    1      2200  = labels#252
               1     3000        392    2      2200  = labels#1962
               1     4000       1214    3      1440  = labels#1077
               1     3000        392    4      2200  = labels#762
               1     3000        392    7      2200  = labels#1808
               1     3000          2    8      2212  = labels#2531
               1     5000        218    3      1165  = labels#1144
               1     4000       1209    5      1210  = labels#244
               1     4000       1207    6      1380  = labels#1959
               1     4000          2    1       726  = labels#1988
               1     4000          2    2      2573  = labels#750
               1     4000          2    4       124  = labels#1487
               1     4000          2    7      2009  = labels#992
               1     5000        983    1       923  = labels#457
               1     5000        983    2      2275  = labels#1015
               1     5000        983    4      1839  = labels#1933
               1     5000        209    5       210  = labels#2420
               1     5000        207    6      2383  = labels#1706
 ! Time = 10.45s, Average fail depth = 7, Memory usage = 6.5 GB
 ! Current bound is 1296 (gap  > 10000%)
 !          Best Branches  Non-fixed    W       Branch decision
               1     5000        983    7      2077  = labels#640
 *             2     5229  10.45s       3      (gap  > 10000%)
               2     6000          2    3      1756  = labels#79
               2     6000          2    7       957  = labels#1743
               2     4000       1210    8      1212  = labels#258
               2     6000          2    1      2425  = labels#2139
               2     6000          2    2      1921  = labels#1292
               2     7000        846    3       388  = labels#785
               2     6000          2    4      2505  = labels#1659
               2     6000          2    5      2383  = labels#1200
               2     6000          2    6      2454  = labels#533
               2     7000       1574    7      1354  = labels#1496
               2     5000        210    8       211  = labels#1252
               2     7000       1574    1       692  = labels#1230
               2     7000       1575    2       248  = labels#1435
               2     7000       1574    4      2390  = labels#1105
               2     7000        838    5       281  = labels#1763
               2     7000        830    6       941  = labels#1985
 *             3     7863  12.34s       3      (gap  > 10000%)
               3     8000          2    3       127  = labels#2360
 ! Time = 12.34s, Average fail depth = 64, Memory usage = 7.4 GB
 ! Current bound is 1296 (gap  > 10000%)
 !          Best Branches  Non-fixed    W       Branch decision
               3     8000        574    4       171  = labels#2049
               3     8000        574    7      2457  = labels#1333
               3     6000          2    8       773  = labels#480
               3     8000        574    1       505  = labels#1873
               3     8000        574    2      1204  = labels#784
               3     8000          2    5       127  = labels#1220
               3     8000          2    6      1482  = labels#1334
               3     9000          2    7       262  = labels#848
               3     9000          2    1      1203  = labels#844
               3     9000          2    2       379  = labels#1472
               3     9000          2    4      1857  = labels#214
               3     9000       1467    5        37  = labels#1607
               3     9000       1450    6       938  = labels#1270
               3    10000       1165    7      1309  = labels#964
               3     7000        819    8      1773  = labels#2277
               3    10000       1165    1       154  = labels#1596
               3    10000       1165    2      1686  = labels#1830
               3     9000       1464    3      1128  = labels#561
               3    10000       1165    4      1756  = labels#769
               3    10000        483    5      2296  = labels#2125
 ! Time = 14.52s, Average fail depth = 178, Memory usage = 7.4 GB
 ! Current bound is 1296 (gap  > 10000%)
 !          Best Branches  Non-fixed    W       Branch decision
               3    10000        464    6      1088  = labels#1712
 *             4    10508  14.52s       5      (gap  > 10000%)
               4    11000        165    7       332  = labels#1817
               4    11000        165    1      2429  = labels#620
               4    11000        165    2      2439  = labels#495
               4    11000        165    4      2457  = labels#2491
               4    11000          2    5      1943  = labels#1586
               4    11000          2    6        69  = labels#726
               4     8000          2    8       164  = labels#1938
               4    10000        462    3      2130  = labels#61
               4    12000       1122    5       916  = labels#514
               4    12000       1093    6      2277  = labels#1557
               4    13000        144    5      1215  = labels#422
               4    13000        122    6   F   424  = labels#1434
               4     9000       1427    8      1163  = labels#1848
               4    11000          2    3      1685  = labels#1548
 *             5    13159  18.47s       5      (gap  > 10000%)
               5    12000          2    7       836  = labels#2549
               5    10000        426    8      2164  = labels#1325
               5    12000          2    1       836  = labels#2085
 ! Time = 19.52s, Average fail depth = 263, Memory usage = 7.7 GB
 ! Current bound is 1296 (gap  > 10000%)
 !          Best Branches  Non-fixed    W       Branch decision
               5    12000          2    2       836  = labels#2547
               5    12000       1086    3       682  = labels#360
               5    12000          2    4       836  = labels#1983
               5    14000          2    5        91  = labels#2036
               5    13000        116    3      2115  = labels#1580
               5    15000        786    5       568  = labels#1181
               5    11000          2    8      1345  = labels#724
 *             6    15813  20.36s       5      (gap  > 10000%)
               6    13000        756    7      1836  = labels#49
               6    12000       1059    8       765  = labels#524
               6    13000        756    1      1836  = labels#2181
               6    13000        755    2      1837  = labels#2350
               6    14000          2    3       867  = labels#2079
               6    13000        756    4      1837  = labels#2383
               6    16000          2    5      2415  = labels#1402
               6    14000          2    6       852  = labels#1582
               6    14000          2    7      2348  = labels#784
               6    13000         87    8       787  = labels#837
               6    14000          2    1      2348  = labels#143
               6    14000          2    2      2347  = labels#929
 ! Time = 22.61s, Average fail depth = 311, Memory usage = 7.8 GB
 ! Current bound is 1296 (gap  > 10000%)
 !          Best Branches  Non-fixed    W       Branch decision
               6    15000        729    3      1865  = labels#2288
               6    14000          2    4      2347  = labels#1604
               6    14000          2    8      2052  = labels#2140
               6    16000          2    3       246  = labels#303
               6    15000       1346    4      1347  = labels#2323
               6    17000       1412    5      1412  = labels#1146
               6    15000       1347    7      1348  = labels#2092
               6    15000        744    8      1603  = labels#1420
               6    15000       1347    1      1348  = labels#1791
               6    15000       1347    2      1347  = labels#2029
               6    17000       1340    3      1261  = labels#1006
 *             7    15785  25.00s       8      (gap  > 10000%)
               7    18000        340    3      2258  = labels#2311
               7    18000        411    5       412  = labels#423
               7    15000        739    6      1853  = labels#90
               7    16000          2    8      2388  = labels#791
               7    16000        347    7       348  = labels#593
               7    16000        347    1       348  = labels#328
               7    16000        346    2       347  = labels#636
               7    19000          2    3      1137  = labels#598
 ! Time = 27.52s, Average fail depth = 388, Memory usage = 7.8 GB
 ! Current bound is 1296 (gap  > 10000%)
 !          Best Branches  Non-fixed    W       Branch decision
               7    16000        346    4       347  = labels#1721
               7    19000          2    5      1570  = labels#2410
               7    17000          2    7       656  = labels#154
               7    17000       1385    8      1388  = labels#405
               7    17000          2    1       655  = labels#1448
               7    17000          2    2       657  = labels#1208
               7    20000        989    3      1020  = labels#1865
               7    17000          2    4       653  = labels#304
               7    20000       1041    5       629  = labels#2124
               7    16000          2    6      2353  = labels#2080
               7    18000        938    7      1655  = labels#1713
               7    18000        385    8       387  = labels#870
               7    18000        938    1      1651  = labels#1753
               7    18000        937    2      1657  = labels#1156
               7    21000         33    3      1978  = labels#2071
               7    18000        937    4      1657  = labels#1921
               7    21000         79    5       125  = labels#1514
 *             8    18394  29.27s       8      (gap  > 10000%)
               8    19000          2    8       590  = labels#441
               8    19000          2    2      2128  = labels#500
 ! Time = 30.00s, Average fail depth = 413, Memory usage = 8.6 GB
 ! Current bound is 1296 (gap  > 10000%)
 !          Best Branches  Non-fixed    W       Branch decision
               8    22000          2    3      2551  = labels#1443
               8    22000          2    5      1646  = labels#868
               8    19000          2    7      2318  = labels#1124
               8    19000          2    1      2418  = labels#1977
               8    19000          2    4      1926  = labels#2539
               8    23000        737    5      1705  = labels#254
               8    17000       1350    6      1351  = labels#520
               8    20000       1531    7       641  = labels#550
               8    20000        995    8      1599  = labels#482
               8    20000       1533    1       566  = labels#1906
               8    20000       1533    2      1027  = labels#1313
               8    23000        687    3      1960  = labels#1922
               8    20000       1530    4      1750  = labels#1103
               8    18000        350    6       351  = labels#1894
               8    21000        537    7      1713  = labels#959
               8    21000          2    8   F  2591  = labels#1062
               8    21000        535    1       410  = labels#571
               8    21000        540    2       641  = labels#183
               8    21000        534    4       488  = labels#1421
 *             9    23795  31.13s       5      (gap  > 10000%)
 ! Time = 31.13s, Average fail depth = 427, Memory usage = 8.6 GB
 ! Current bound is 1296 (gap  > 10000%)
 !          Best Branches  Non-fixed    W       Branch decision
               9    24000          3    5       195  = labels#2328
               9    24000          2    3       248  = labels#2326
               9    22000          2    4       379  = labels#1690
               9    22000          2    7       943  = labels#109
               9    22000          2    1      1008  = labels#650
               9    22000          2    2      1946  = labels#2104
               9    19000          2    6      1987  = labels#597
               9    23000       1138    7       300  = labels#1736
               9    22000       1605    8      1607  = labels#136
               9    23000       1134    1      2308  = labels#240
               9    23000       1139    2      1852  = labels#126
               9    23000       1131    4      1195  = labels#1972
               9    20000       1003    6      2157  = labels#2129
               9    24000        140    7      1770  = labels#2429
               9    23000        605    8       606  = labels#1728
               9    24000        136    1      1087  = labels#547
               9    24000        143    2      2067  = labels#767
               9    24000        135    4       964  = labels#1348
               9    25000       1393    5      1196  = labels#1874
               9    21000         47    6       359  = labels#245
 ! Time = 33.61s, Average fail depth = 432, Memory usage = 8.6 GB
 ! Current bound is 1296 (gap  > 10000%)
 !          Best Branches  Non-fixed    W       Branch decision
 *            10    21055  33.61s       6      (gap  > 10000%)
              10    25000          2    7      1539  = labels#1973
              10    25000          2    1      2580  = labels#2525
              10    25000          2    2      1337  = labels#1713
              10    25000       1342    3      1250  = labels#1327
              10    25000          2    4      1124  = labels#293
              10    26000        392    5      2200  = labels#2333
              10    24000          2    8      2217  = labels#2246
              10    26000        729    1       223  = labels#1535
              10    26000        736    2       479  = labels#1264
              10    26000        341    3      2251  = labels#1420
              10    26000        738    4      2151  = labels#255
              10    26000        735    7      2525  = labels#115
              10    27000          2    5       550  = labels#1245
              10    22000          3    6       935  = labels#1167
              10    27000          2    7       260  = labels#1407
              10    25000       1214    8      1215  = labels#645
              10    27000          2    1       264  = labels#1832
              10    27000          2    2       255  = labels#357
              10    27000          2    4       257  = labels#1720
 ! Time = 36.49s, Average fail depth = 442, Memory usage = 8.6 GB
 ! Current bound is 1296 (gap  > 10000%)
 !          Best Branches  Non-fixed    W       Branch decision
              10    28000        999    5      1596  = labels#143
              10    27000          2    3      1432  = labels#1015
              10    29000          2    5   F  2591  = labels#2234
              10    26000        213    8       214  = labels#1484
              10    28000       1002    3       949  = labels#935
 *            11    29008  37.83s       5      (gap  > 10000%)
              11    23000        656    6      1936  = labels#2371
              11    28000       1337    2      1255  = labels#106
              11    30000       1608    5       935  = labels#1902
              11    27000          2    8       780  = labels#1355
              11    28000       1328    1      1264  = labels#1917
              11    28000       1335    4      1257  = labels#99
              11    31000        608    5      1974  = labels#710
              11    28000       1332    7      1260  = labels#715
              11    28000        820    8      1773  = labels#1580
              11    24000          2    6      2480  = labels#2416
              11    29000        331    7      2261  = labels#1038
              11    29000        328    1      2264  = labels#555
              11    29000        337    2      2255  = labels#1568
              11    29000        768    3       731  = labels#1654
 ! Time = 41.38s, Average fail depth = 427, Memory usage = 8.6 GB
 ! Current bound is 1296 (gap  > 10000%)
 !          Best Branches  Non-fixed    W       Branch decision
              11    29000        334    4      2258  = labels#97
              11    25000       1310    6      1358  = labels#1738
 *            12    28829  41.38s       8      (gap  > 10000%)
              12    29000          2    8         5  = labels#1921
              12    26000        364    6      2211  = labels#1794
              12    30000       1468    8      2425  = labels#661
              12    32000          2    5      2220  = labels#1651
              12    30000          2    7      1922  = labels#475
              12    31000        534    8      1050  = labels#1288
              12    30000          2    1      1920  = labels#446
              12    30000          2    2      1929  = labels#622
              12    30000        858    3      1732  = labels#1720
              12    30000          2    4      1926  = labels#954
              12    27000          2    6       681  = labels#1917
              12    33000       1217    5      1218  = labels#1116
              12    28000       1060    6      1844  = labels#305
 *            13    31597  44.75s       8      (gap is 9869%)
              13    32000          2    8      1887  = labels#1473
              13    31000          2    3       123  = labels#983
              13    31000        925    4       926  = labels#895
 ! Time = 45.75s, Average fail depth = 536, Memory usage = 8.7 GB
 ! Current bound is 1296 (gap is 9869%)
 !          Best Branches  Non-fixed    W       Branch decision
              13    29000        143    6   F  2024  = labels#736
              13    31000        921    7       922  = labels#817
              13    33000       1241    8      2140  = labels#59
              13    31000        919    1       920  = labels#135
              13    31000        928    2       929  = labels#849
              13    34000        217    5       218  = labels#1788
              13    34000        307    8      2205 != labels#69
              13    32000          2    4        72  = labels#262
              13    32000          2    7        75  = labels#2170
              13    32000          2    1        80  = labels#1824
              13    32000          2    2        71  = labels#1188
              13    32000       1467    3      1125  = labels#1789
              13    33000       1516    4      1100  = labels#1772
              13    35000          2    5       798  = labels#2049
              13    33000       1512    7      1081  = labels#2386
              13    33000       1510    1      1067  = labels#1419
              13    33000       1518    2      1031  = labels#1212
              13    34000        516    4      2078  = labels#1373
              13    36000        826    5      1794  = labels#848
              13    30000          2    6       807  = labels#1918
 ! Time = 48.68s, Average fail depth = 554, Memory usage = 8.7 GB
 ! Current bound is 1296 (gap is 9869%)
 !          Best Branches  Non-fixed    W       Branch decision
              13    34000        512    7      2022  = labels#906
              13    35000        100    8       755  = labels#389
              13    34000        510    1      2084  = labels#324
              13    34000        518    2      2082  = labels#1972
 *            14    36831  48.68s       5      (gap is 9157%)
              14    33000        466    3      2127  = labels#2108
              14    37000          2    5      2254  = labels#2316
              14    35000          2    2      1245  = labels#2463
              14    35000          2    4      2443  = labels#202
              14    35000          2    7        48  = labels#976
              14    35000          2    1      2287  = labels#1743
              14    36000       1146    2      1264  = labels#1336
              14    34000          1    3       530  = labels#2193
              14    36000       1139    4       601  = labels#1710
              14    38000       1452    5       917  = labels#506
              14    31000        782    6      1809  = labels#303
              14    36000       1149    7      2488  = labels#1238
              14    36000        835    8      1756  = labels#570
              14    36000       1135    1      1101  = labels#646
              14    37000        202    2      1470  = labels#1700
 ! Time = 51.25s, Average fail depth = 575, Memory usage = 8.7 GB
 ! Current bound is 1296 (gap is 9157%)
 !          Best Branches  Non-fixed    W       Branch decision
              14    35000       1073    3      1528  = labels#20
              14    37000        227    4      1502  = labels#2354
              14    39000        517    5      2405  = labels#1910
              14    37000        223    7      2070  = labels#1534
              14    37000        217    1       322  = labels#361
 *            15    39588  51.25s       5      (gap is 8540%)
              15    32000          2    6      2400  = labels#690
              15    37000          2    8        85  = labels#24
              15    38000          2    2       869  = labels#1944
              15    36000         73    3      2501  = labels#389
              15    38000          2    4      1763  = labels#613
              15    40000          2    5      2548  = labels#693
              15    38000          2    7      1711  = labels#1340
              15    38000       1442    8      1146  = labels#1169
              15    38000          2    1      1654  = labels#574
              15    39000        881    2   F  1883  = labels#1390
              15    39000        906    4       530 != labels#2210
              15    41000       1231    5       172  = labels#1832
              15    39000        904    7       977  = labels#1729
              15    39000        442    8      2155  = labels#2141
 ! Time = 52.95s, Average fail depth = 705, Memory usage = 8.7 GB
 ! Current bound is 1296 (gap is 8540%)
 !          Best Branches  Non-fixed    W       Branch decision
              15    39000        886    1       647  = labels#791
              15    37000          6    3      1805  = labels#1677
              15    42000        920    5       659  = labels#196
              15    33000       1399    6      1400  = labels#2518
              15    40000          2    2      2175  = labels#1242
              15    40000          3    4      2072  = labels#480
              15    40000          3    7        47  = labels#1440
              15    40000          5    8       557  = labels#1519
              15    40000          2    1       769  = labels#552
              15    41000       1596    2       800 != labels#1458
              15    41000       1617    4       472  = labels#1997
              15    43000        942    5      1675  = labels#1403
              15    41000       1613    7      2393  = labels#2001
              15    41000       1057    8      1516  = labels#1958
              15    41000       1589    1      1729  = labels#1850
              15    42000        678    2      2028  = labels#2373
              15    38000        800    3       802  = labels#1853
              15    42000        690    4      1712  = labels#1749
              15    34000        398    6       399  = labels#176
              15    42000        690    7        23  = labels#220
 ! Time = 55.02s, Average fail depth = 817, Memory usage = 8.7 GB
 ! Current bound is 1296 (gap is 8540%)
 !          Best Branches  Non-fixed    W       Branch decision
              15    42000         57    8      2492  = labels#2481
              15    42000        649    1      1347  = labels#2208
 *            16    43950  55.02s       5      (gap is 8000%)
              16    44000          2    5         5  = labels#1672
              16    43000          6    8       342  = labels#1366
              16    45000       1551    5      1032  = labels#1949
              16    35000          2    6      1553  = labels#927
              16    43000          2    7       269  = labels#1614
              16    43000          2    1       280  = labels#207
              16    43000          2    2       287  = labels#2583
              16    39000          2    3       119  = labels#460
              16    43000          2    4       211  = labels#2294
              16    46000        551    5      2066  = labels#1294
              16    36000       1063    6       643  = labels#37
              16    44000        980    8      1073  = labels#213
              16    40000       1438    3      2147  = labels#1518
 *            17    46560  56.95s       5      (gap is 7524%)
              17    37000        183    6      2563  = labels#198
              17    45000       1515    8       386  = labels#945
              17    41000        516    3       722  = labels#588
 ! Time = 58.29s, Average fail depth = 901, Memory usage = 8.7 GB
 ! Current bound is 1296 (gap is 7524%)
 !          Best Branches  Non-fixed    W       Branch decision
              17    47000          2    5       343  = labels#585
              17    44000       1381    4      1211  = labels#957
              17    48000       1160    5      1395  = labels#1582
              17    44000       1323    7      1269  = labels#1084
              17    46000        593    8        30  = labels#1358
              17    44000       1312    1      1280  = labels#1649
              17    44000       1305    2      1287  = labels#1474
              17    42000          2    3       127  = labels#2584
              17    49000        160    5      2382  = labels#711
              17    38000       1558    6      1561  = labels#2482
              17    43000       1225    3      2287  = labels#2
 *            18    49186  60.20s       5      (gap is 7100%)
              18    47000          2    8      2477  = labels#2325
              18    45000        312    1      2280  = labels#1934
              18    45000        304    2      2288  = labels#127
              18    44000        327    3      2406  = labels#1258
              18    45000        381    4      2211  = labels#1545
              18    50000          2    5       798  = labels#2012
              18    45000        322    7      2270  = labels#2528
              18    48000       1326    8      1747  = labels#285
 ! Time = 61.42s, Average fail depth = 938, Memory usage = 8.7 GB
 ! Current bound is 1296 (gap is 7100%)
 !          Best Branches  Non-fixed    W       Branch decision
              18    49000        410    8      1767  = labels#941
              18    45000          2    3       621  = labels#2141
              18    46000          2    4      1972  = labels#2502
              18    51000        788    5      1778  = labels#27
              18    39000        558    6       560  = labels#2442
              18    46000          2    1      1904  = labels#1849
              18    46000          2    2      1894  = labels#1644
              18    46000        970    3      1642  = labels#364
              18    46000          2    7      1917  = labels#849
              18    50000          2    8       349  = labels#2386
 *            19    51808  63.52s       5      (gap is 6721%)
              19    52000          2    5       971  = labels#2295
              19    40000          2    6       232  = labels#1252
              19    51000       1154    8      1087  = labels#2515
              19    53000       1451    5      2143  = labels#2012
              19    41000       1217    6      2211  = labels#1601
              19    47000          2    3         6  = labels#982
              19    47000        971    4       972  = labels#1439
              19    42000       1044    6       798  = labels#314
              19    47000        916    7       917  = labels#308
 ! Time = 65.43s, Average fail depth = 952, Memory usage = 8.7 GB
 ! Current bound is 1296 (gap is 6721%)
 !          Best Branches  Non-fixed    W       Branch decision
              19    52000        260    8       862  = labels#2383
              19    47000        903    1       904  = labels#1514
              19    47000        893    2       894  = labels#1414
              19    48000         15    1        17  = labels#2243
              19    48000       1583    3      1007  = labels#618
              19    54000       1104    5      1982  = labels#1105
              19    43000        796    6      1795  = labels#1586
              19    53000          3    8       715  = labels#288
              19    48000          2    2        56  = labels#689
              19    48000          2    4        29  = labels#2256
              19    48000          2    7        88  = labels#762
              19    54000       1244    8       248  = labels#164
              19    49000          2    1       986  = labels#505
              19    49000       1513    2      1079  = labels#1987
              19    49000       1562    4      1027  = labels#896
              19    44000          4    6   F  2572 != labels#1205
              19    49000       1507    7      1102  = labels#1058
              19    55000       1327    8      1305  = labels#1521
              19    50000        606    1      2011  = labels#1903
              19    50000        513    2      2069  = labels#12
 ! Time = 68.31s, Average fail depth = 978, Memory usage = 8.7 GB
 ! Current bound is 1296 (gap is 6721%)
 !          Best Branches  Non-fixed    W       Branch decision
              19    49000        582    3      2008  = labels#668
              19    50000        562    4      2010  = labels#2007
              19    45000          4    6   F  2591 != labels#1226
              19    50000        507    7      2085  = labels#383
              19    56000        327    8      2298  = labels#2264
              19    55000        979    5       980  = labels#2540
 *            20    50637  69.15s       1      (gap is 6380%)
              20    51000          2    1   F  1261  = labels#2179
              20    51000          2    2      1701  = labels#1428
              20    50000          2    3       840  = labels#1119
              20    51000          2    4      2244  = labels#443
              20    46000          2    6       364  = labels#1240
              20    51000          2    7        55  = labels#2250
              20    52000       1294    1      1015  = labels#1784
              20    52000       1197    2      1343  = labels#1834
              20    51000       1233    3      2426  = labels#1827
              20    52000       1231    4       821  = labels#1487
              20    56000          2    5   F     3  = labels#766
              20    47000       1215    6      1393  = labels#117
              20    52000       1187    7      1266  = labels#1897
 ! Time = 69.77s, Average fail depth = 1125, Memory usage = 8.7 GB
 ! Current bound is 1296 (gap is 6380%)
 !          Best Branches  Non-fixed    W       Branch decision
              20    48000        215    6      2372  = labels#1502
              20    53000        285    7      2287  = labels#1736
              20    57000          2    8       599  = labels#557
              20    53000        369    1      2088  = labels#843
              20    53000        297    2       464  = labels#471
              20    52000        465    3       818  = labels#1794
              20    53000        321    4      1106  = labels#2419
              20    57000       1645    5      1361  = labels#1247
 *            21    53326  70.31s       7      (gap is 6071%)
              21    58000        716    5        31  = labels#848
              21    54000          2    7      1942  = labels#488
              21    58000        938    8      1699  = labels#806
              21    54000          2    1      2447  = labels#2499
              21    54000          3    2      2197  = labels#1246
              21    53000       1495    3      2008  = labels#490
              21    54000          2    4      1086  = labels#1233
              21    49000          2    6      2149  = labels#2455
              21    55000        989    7       971  = labels#350
              21    55000       1074    1      1319 != labels#1133
              21    55000       1009    2      2212  = labels#1349
 ! Time = 72.06s, Average fail depth = 1176, Memory usage = 8.7 GB
 ! Current bound is 1296 (gap is 6071%)
 !          Best Branches  Non-fixed    W       Branch decision
              21    54000        557    3      1631  = labels#912
              21    55000       1053    4       331  = labels#817
              21    50000        907    6      2564  = labels#2150
              21    59000          2    8        37  = labels#15
              21    56000        192    1      2236 != labels#648
              21    56000        127    2       477  = labels#315
              21    56000        168    4       683 != labels#1287
              21    59000        636    5      1709  = labels#2318
              21    51000         31    6       102  = labels#1333
              21    56000        139    7       868  = labels#703
              21    60000       1550    8      1032  = labels#1029
 *            22    56211  72.68s       1      (gap is 5791%)
              22    55000          2    3       304  = labels#1576
              22    61000        550    8      2030  = labels#1948
              22    57000          2    1       298  = labels#2394
              22    57000          3    2      1522  = labels#1271
              22    56000       1272    3      1318  = labels#2160
              22    57000          2    4      2442  = labels#639
              22    52000          2    6       416  = labels#174
              22    57000          2    7      1382  = labels#1234
 ! Time = 73.58s, Average fail depth = 1233, Memory usage = 8.7 GB
 ! Current bound is 1296 (gap is 5791%)
 !          Best Branches  Non-fixed    W       Branch decision
              22    62000         14    8      2542 != labels#2585
              22    58000        891    1      1682  = labels#2159
              22    58000        833    2      1106  = labels#198
              22    57000        272    3      2312  = labels#425
              22    58000        872    4      2180  = labels#2569
              22    53000        817    6      2493  = labels#1173
              22    58000        863    7       886  = labels#1872
              22    63000         12    8      2567  = labels#2548
              22    59000         41    1      2136 != labels#1918
              22    59000         12    4      1994  = labels#2064
              22    60000        707    5       709  = labels#1115
              22    54000       1607    6      1122  = labels#592
 *            23    59042  75.04s       1      (gap is 5535%)
              23    59000          2    2        48  = labels#2576
              23    58000          2    3      1470  = labels#2582
              23    59000          2    7        14  = labels#1248
              23    64000          9    8      2067  = labels#1614
              23    59000        969    3      1622  = labels#2309
              23    61000          2    5      2318  = labels#1819
              23    55000        705    6       986  = labels#1732
 ! Time = 76.08s, Average fail depth = 1274, Memory usage = 8.7 GB
 ! Current bound is 1296 (gap is 5535%)
 !          Best Branches  Non-fixed    W       Branch decision
              23    65000       1274    8       360  = labels#973
              23    60000          2    1       958  = labels#2575
              23    60000         89    3       923  = labels#2151
              23    60000          2    4       989  = labels#1550
              23    60000       1578    7      1014  = labels#1083
              23    56000          2    6      1313  = labels#1160
              23    66000        803    8       463  = labels#1784
              23    60000       1544    2      1048  = labels#196
              23    57000       1507    6       892  = labels#2092
              23    61000        577    7      2015  = labels#873
              23    61000        634    1      1958  = labels#879
              23    61000        543    2      2049  = labels#878
              23    61000          2    3       889  = labels#1356
              23    61000        602    4      1990  = labels#613
              23    62000       1316    5      1317  = labels#1649
              23    58000        842    6       603  = labels#1029
              23    62000        719    3      1890  = labels#2028
              23    63000        316    5       317  = labels#2092
              23    59000       1418    6   F  1868  = labels#255
 *            24    61576  80.47s       7      (gap is 5300%)
 ! Time = 80.47s, Average fail depth = 1271, Memory usage = 8.7 GB
 ! Current bound is 1296 (gap is 5300%)
 !          Best Branches  Non-fixed    W       Branch decision
              24    62000          2    7      2169  = labels#17
              24    67000       1126    8      1464  = labels#1181
              24    62000          2    1      2239  = labels#1219
              24    62000          2    2      2134  = labels#497
              24    63000         16    3       231  = labels#57
              24    62000          2    4      2194  = labels#2428
              24    64000          2    5      1634  = labels#498
              24    68000        125    8      2466  = labels#127
              24    64000       1377    3      1215  = labels#131
              24    65000       1044    5       125  = labels#761
              24    63000       1238    1      1239  = labels#102
              24    63000       1133    2      1134  = labels#1661
              24    65000        377    3      2211  = labels#1516
              24    63000       1193    4      1194  = labels#2407
              24    66000        753    5        65  = labels#838
              24    63000       1168    7      1169  = labels#408
              24    69000          2    8      1837  = labels#2045
              24    64000        193    4       194  = labels#602
              24    67000       1036    5      2289  = labels#1874
              24    60000       1605    6      1608  = labels#45
 ! Time = 84.08s, Average fail depth = 1352, Memory usage = 8.7 GB
 ! Current bound is 1296 (gap is 5300%)
 !          Best Branches  Non-fixed    W       Branch decision
              24    64000        168    7       169  = labels#1943
              24    70000        887    8      1073  = labels#2511
              24    64000        238    1       239  = labels#1506
              24    64000        133    2       134  = labels#2284
              24    66000          2    3      2268  = labels#51
              24    68000        156    5       880  = labels#1958
              24    71000         23    8      1973  = labels#1103
              24    67000       1079    3      1879  = labels#1507
 *            25    64189  85.22s       4      (gap is 5084%)
              25    68000        723    3        87  = labels#2298
              25    65000          2    4       763  = labels#1447
              25    69000          3    5       812  = labels#1357
              25    61000        605    6       606  = labels#1558
              25    65000          2    7       849  = labels#2108
              25    72000          2    8       944  = labels#2086
              25    65000          2    1       710  = labels#1571
              25    65000          2    2       802  = labels#698
              25    66000        758    7      1805  = labels#2217
              25    73000        633    8      1879  = labels#958
              25    66000        853    1      1800  = labels#118
 ! Time = 86.54s, Average fail depth = 1348, Memory usage = 8.7 GB
 ! Current bound is 1296 (gap is 5084%)
 !          Best Branches  Non-fixed    W       Branch decision
              25    66000        724    2      1882  = labels#1926
              25    69000       1072    3      2448  = labels#2221
              25    66000        781    4      1777  = labels#544
              25    70000        782    5      1855  = labels#283
              25    62000          2    6      2337  = labels#26
 *            26    66762  86.54s       7      (gap is 4885%)
              26    71000          5    5      2582  = labels#1871
              26    63000       1265    6      2151  = labels#2130
              26    67000          2    7      2555  = labels#833
              26    74000         15    8       253  = labels#129
              26    67000          2    1      1703  = labels#669
              26    67000          2    2      1913 != labels#135
              26    70000        237    3       151  = labels#1360
              26    67000          2    4       385  = labels#1964
              26    68000       1447    4      2029  = labels#603
              26    72000          4    5      2411  = labels#1345
              26    64000        367    6       696  = labels#858
              26    68000       1442    7      2031  = labels#1490
              26    75000       1401    8        17  = labels#1560
              26    68000       1525    1      1748  = labels#1932
 ! Time = 87.70s, Average fail depth = 1351, Memory usage = 8.7 GB
 ! Current bound is 1296 (gap is 4885%)
 !          Best Branches  Non-fixed    W       Branch decision
              26    68000       1411    2       657 != labels#154
              26    71000          2    3       289  = labels#2107
              26    69000        566    7       968  = labels#2171
              26    76000        527    8       307  = labels#1809
              26    69000        629    1      1192  = labels#1002
              26    69000        524    2      2176  = labels#1033
              26    72000        999    3      1882  = labels#1814
              26    69000        560    4       748  = labels#647
              26    65000          2    6       525  = labels#393
 *            27    69673  88.18s       7      (gap is 4700%)
              27    66000       1056    6      1487  = labels#897
              27    70000          2    7       366  = labels#1758
              27    70000          2    1      2202 != labels#561
              27    70000          2    2      1680  = labels#1887
              27    73000        135    3       956 != labels#2011
              27    70000          2    4       323  = labels#888
              27    71000       1403    1      1299  = labels#1697
              27    71000       1305    2       117  = labels#425
              27    74000         91    3      1500  = labels#20
              27    71000       1343    4      1544  = labels#76
 ! Time = 89.79s, Average fail depth = 1383, Memory usage = 8.7 GB
 ! Current bound is 1296 (gap is 4700%)
 !          Best Branches  Non-fixed    W       Branch decision
              27    73000       1406    5      1408  = labels#2172
              27    67000         55    6      2570  = labels#2514
              27    71000       1333    7      1213  = labels#915
              27    77000          2    8       315  = labels#626
              27    72000        485    7      1448  = labels#1508
              27    72000        539    1      2117  = labels#1750
              27    72000        464    2   F   584  = labels#115
              27    72000        491    4       944  = labels#670
              27    68000          2    6      1949  = labels#760
 *            28    72572  90.50s       7      (gap is 4529%)
              28    74000        405    5       406  = labels#1686
              28    69000       1402    6      1284  = labels#1936
              28    73000          2    7      1097  = labels#991
              28    78000       1274    8      1316  = labels#1261
              28    73000          2    1       508  = labels#2227
              28    73000          2    2       856  = labels#967
              28    75000       1311    3      2029  = labels#2575
              28    73000          2    4       242  = labels#766
              28    70000       1037    6       736  = labels#497
              28    74000       1240    7      2096  = labels#2433
 ! Time = 92.00s, Average fail depth = 1505, Memory usage = 8.7 GB
 ! Current bound is 1296 (gap is 4529%)
 !          Best Branches  Non-fixed    W       Branch decision
              28    74000       1323    1      1982  = labels#1240
              28    74000       1257    2      2053  = labels#1540
              28    74000       1247    4       570  = labels#1504
              28    75000          2    5      2549  = labels#2082
              28    71000        181    6      1255  = labels#387
              28    75000        390    7       321  = labels#183
              28    79000        274    8      2317  = labels#536
              28    75000        424    1      2533  = labels#1137
              28    75000        382    2       117  = labels#1108
              28    75000        366    4      1929  = labels#2203
              28    76000       1094    5      2203  = labels#822
 *            29    75464  93.00s       7      (gap is 4369%)
              29    77000        228    5       931  = labels#466
              29    76000          3    7       536  = labels#1510
              29    80000          2    8      2038  = labels#275
              29    76000          2    1       471  = labels#913
              29    76000          2    2       541  = labels#1460
              29    76000       1025    3      1028  = labels#1285
              29    76000          2    4       557  = labels#694
              29    81000       1053    8       910  = labels#556
 ! Time = 95.17s, Average fail depth = 1527, Memory usage = 8.7 GB
 ! Current bound is 1296 (gap is 4369%)
 !          Best Branches  Non-fixed    W       Branch decision
              29    77000         30    3   F    30  = labels#404
              29    78000          2    5      1462  = labels#931
              29    79000        143    5      2206  = labels#1597
              29    72000        150    6       939  = labels#644
              29    82000        207    8       682  = labels#1456
              29    77000       1121    1      1471  = labels#2062
 *            30    79160  96.11s       5      (gap is 4220%)
              30    77000       1050    2      1542  = labels#2410
              30    77000       1035    4      1557  = labels#1687
              30    80000          2    5       827  = labels#1166
              30    77000       1056    7      1536  = labels#2484
              30    83000          2    8       648  = labels#437
              30    78000        121    1      2471  = labels#1816
              30    78000         50    2      2542  = labels#2184
              30    78000          2    3      1621  = labels#1490
              30    78000         35    4      2557  = labels#425
              30    81000        790    5      1831  = labels#188
              30    73000        652    6      1940  = labels#192
              30    78000         56    7      2536  = labels#1387
              30    84000        910    8      1694  = labels#2538
 ! Time = 98.09s, Average fail depth = 1518, Memory usage = 8.7 GB
 ! Current bound is 1296 (gap is 4220%)
 !          Best Branches  Non-fixed    W       Branch decision
              30    85000         17    8      2568  = labels#392
              30    82000         24    5      2591  = labels#252
              30    74000          2    6       346  = labels#1484
 *            31    82598  99.06s       5      (gap is 4081%)
              31    75000       1258    6      1311  = labels#2049
              31    79000          2    7      1645  = labels#808
              31    79000          2    1      1750  = labels#773
              31    79000          2    2      1637  = labels#2489
              31    79000        573    3       588  = labels#1056
              31    79000          2    4      1627  = labels#2492
              31    83000          2    5       308  = labels#1514
              31    84000       1151    5      1408  = labels#660
              31    76000        258    6      2315  = labels#1509
              31    86000          2    8       928  = labels#419
              31    80000          2    3   F   430  = labels#1304
              31    80000        626    4       627  = labels#835
              31    85000        151    5      2409  = labels#2034
              31    77000          8    6        22 != labels#476
              31    80000        644    7       645  = labels#1633
              31    80000        749    1       750  = labels#1703
 ! Time = 101.93s, Average fail depth = 1527, Memory usage = 8.7 GB
 ! Current bound is 1296 (gap is 4081%)
 !          Best Branches  Non-fixed    W       Branch decision
              31    80000        637    2       637  = labels#1537
              31    81000       1322    3      1193  = labels#2363
              31    86000         10    5      2443 != labels#117
              31    78000       2569    6        22 != labels#631
              31    87000        403    8      2084  = labels#401
              31    82000       1043    3       542  = labels#135
              31    81000          2    4       347  = labels#1149
              31    81000          2    7       233  = labels#658
              31    81000          2    1       259  = labels#1619
              31    81000          2    2       362  = labels#332
              31    83000        888    3      1651  = labels#2182
              31    82000       1217    4      1351  = labels#1218
              31    87000       1745    5      2483 != labels#2452
              31    79000       2066    6   F  2561  = labels#1125
              31    82000       1357    7      1251  = labels#2390
              31    88000         45    8       174 != labels#610
              31    82000       1343    1      1265  = labels#2481
              31    82000       1236    2      1443  = labels#1445
              31    84000          4    3      2580  = labels#1549
              31    83000        217    4      2400  = labels#90
 ! Time = 105.11s, Average fail depth = 1535, Memory usage = 8.7 GB
 ! Current bound is 1296 (gap is 4081%)
 !          Best Branches  Non-fixed    W       Branch decision
              31    88000        889    5      2242  = labels#148
              31    80000       1992    6            -
              31    83000        357    7      2243  = labels#1255
              31    89000       1355    8      1491  = labels#244
              31    83000        343    1      2247  = labels#40
              31    83000        236    2      2352  = labels#221
 *            32    83343  105.11s      1      (gap is 3950%)
              32    85000          4    3      2580 != labels#755
              32    89000         89    5       536  = labels#801
              32    84000          2    1      1532  = labels#1285
              32    84000          2    2      2080 != labels#1261
              32    84000          2    4      1566  = labels#78
              32    84000          2    7      1845  = labels#912
              32    90000       1144    8      1891  = labels#2417
              32    85000       1123    1      1719  = labels#1236
              32    85000       1035    2       206  = labels#125
              32    86000          4    3      2263  = labels#636
              32    85000       1053    4       460  = labels#1201
              32    85000       1335    7      2290  = labels#2401
              32    86000        295    1      1285  = labels#188
 ! Time = 107.65s, Average fail depth = 1545, Memory usage = 8.7 GB
 ! Current bound is 1296 (gap is 3950%)
 !          Best Branches  Non-fixed    W       Branch decision
              32    86000        238    2      1276  = labels#2533
              32    87000       1640    3       894  = labels#573
              32    86000        217    4       777  = labels#1889
              32    90000          2    5       842  = labels#561
              32    81000       1527    6      1011  = labels#2436
              32    86000        463    7      2579  = labels#479
              32    91000        888    8       890  = labels#1596
              32    88000       1051    3       318  = labels#342
              32    82000        527    6      2046  = labels#776
 *            33    86376  108.88s      1      (gap is 3827%)
              33    87000          2    1   F  2504  = labels#752
              33    87000          2    2      2373  = labels#1408
              33    87000          3    4       624  = labels#2321
              33    87000          2    7       334  = labels#2024
              33    88000       1119    1   F   608  = labels#728
              33    88000       1027    2      2294 != labels#1739
              33    89000       1301    3      1348  = labels#989
              33    88000       1012    4   F  1891  = labels#2357
              33    91000        752    5      1837  = labels#671
              33    88000       1278    7       309  = labels#236
 ! Time = 109.56s, Average fail depth = 1561, Memory usage = 8.7 GB
 ! Current bound is 1296 (gap is 3827%)
 !          Best Branches  Non-fixed    W       Branch decision
              33    92000          2    8         5  = labels#1887
              33    83000          2    6      1552  = labels#794
              33    89000        436    7      1510  = labels#1161
              33    93000       1542    8       583  = labels#2190
              33    89000        288    1      1319  = labels#2459
              33    89000        211    2      1390  = labels#993
              33    90000        301    3      2308  = labels#2246
              33    89000        203    4      1171 != labels#777
              33    92000         16    5   F  2559 != labels#1254
              33    84000       1295    6      2321  = labels#2010
              33    94000        698    8      1998  = labels#2303
              33    91000          4    3      2579  = labels#1762
              33    93000         20    5      2341  = labels#1285
              33    85000        457    6       677  = labels#1406
 *            34    89539  110.72s      7      (gap is 3712%)
              34    90000          2    7   F  1411  = labels#2348
              34    90000          2    1       350  = labels#1357
              34    90000          3    2      2266  = labels#326
              34    90000          2    4      2400  = labels#2414
              34    94000       1062    5   F        -
 ! Time = 111.45s, Average fail depth = 1518, Memory usage = 8.7 GB
 ! Current bound is 1296 (gap is 3712%)
 !          Best Branches  Non-fixed    W       Branch decision
              34    91000       1241    7      1083  = labels#1518
              34    91000       1090    1   F  1360  = labels#982
              34    91000       1001    2      2137  = labels#1445
              34    92000       1431    3      2316  = labels#905
              34    91000        992    4      1805  = labels#173
              34    95000          2    8      2411 != labels#193
              34    92000        257    1       483  = labels#892
              34    92000        177    2      1023  = labels#1070
              34    93000        599    3       338  = labels#1639
              34    92000        182    4      1278  = labels#154
              34    86000          2    6      2209  = labels#366
              34    92000        391    7      1335  = labels#162
              34    96000       1555    8      2330  = labels#2160
 *            35    92298  112.09s      1      (gap is 3603%)
              35    97000       1381    8       262  = labels#339
              35    94000          2    3       647  = labels#563
              35    98000        896    8       702  = labels#1783
              35    93000          2    1       702  = labels#1812
              35    95000       1446    3      1014 != labels#956
              35    95000       1596    5      1598  = labels#1650
 ! Time = 114.13s, Average fail depth = 1621, Memory usage = 8.7 GB
 ! Current bound is 1296 (gap is 3603%)
 !          Best Branches  Non-fixed    W       Branch decision
              35    93000          2    7       518  = labels#948
              35    99000         65    8   F  1747  = labels#2419
              35    93000          3    2       775  = labels#2587
              35    96000        588    3      2436  = labels#878
              35    93000          2    4       765  = labels#748
              35    87000       1153    6      1187  = labels#2588
 *            36    99100  115.29s      8      (gap is 3500%)
              36    97000        454    3         7  = labels#744
              36    96000        596    5       597  = labels#1210
              36    88000        153    6       159  = labels#703
              36     100k          3    8       968  = labels#2240
              36    94000       1073    7      1519  = labels#2383
              36     101k        618    8      1935  = labels#1422
              36    94000        889    1      1703  = labels#1432
              36    94000        816    2      1776  = labels#1924
              36    98000       1506    3      1018  = labels#280
              36    94000        826    4      1766  = labels#198
              36    97000          2    5      2512  = labels#1305
              36    95000         73    7      2519  = labels#2221
              36     102k         19    8      2398  = labels#1381
 ! Time = 118.34s, Average fail depth = 1617, Memory usage = 8.7 GB
 ! Current bound is 1296 (gap is 3500%)
 !          Best Branches  Non-fixed    W       Branch decision
              36    99000        506    3      2075  = labels#700
              36    98000        694    5       691  = labels#1416
              36    89000          2    6       809  = labels#330
              36    95000          2    1      2520  = labels#2053
              36    95000          2    2      2420  = labels#1220
              36    95000          2    4      2415  = labels#1096
              36     103k       1368    8      1267  = labels#1545
 *            37    98856  119.52s      5      (gap is 3403%)
              37    99000          2    5      1482  = labels#1392
              37     100k          2    3      1925  = labels#1086
              37     100k       1597    5        27  = labels#1691
              37    90000        729    6      1838  = labels#2530
              37    96000         37    7      1829  = labels#924
              37     104k        536    8       926  = labels#430
              37    96000       1520    1      1520  = labels#598
              37     101k       1282    3        91  = labels#1809
              37    96000       1414    4      1415  = labels#1557
              37     101k        769    5      1896  = labels#1576
              37    96000       1419    2      1420  = labels#1234
              37     102k        432    3   F  1878  = labels#2179
 ! Time = 121.31s, Average fail depth = 1617, Memory usage = 8.7 GB
 ! Current bound is 1296 (gap is 3403%)
 !          Best Branches  Non-fixed    W       Branch decision
              37    91000          2    6       229  = labels#120
              37     105k          2    8       238  = labels#2154
              37    97000        519    1       520  = labels#372
              37    97000        419    2       420  = labels#2584
              37    97000        414    4       415  = labels#515
              37     102k          2    5   F  1739  = labels#1668
              37    97000        828    7       829  = labels#1770
 *            38     102k  122.33s      3      (gap is 3311%)
              38     103k          2    3      2307  = labels#2412
              38    98000         37    7         9  = labels#376
              38     106k        867    8      1363  = labels#2159
              38     104k       1218    3      1468 != labels#640
              38    98000          2    1       438  = labels#1022
              38    98000          2    4       580  = labels#530
              38     103k       1632    5       957  = labels#163
              38    92000       1371    6      1213  = labels#662
              38    99000       1583    7      1011  = labels#21
              38     107k         33    8      2543 != labels#2564
              38    99000       1131    1      1465  = labels#257
              38    98000          2    2       562  = labels#637
 ! Time = 124.52s, Average fail depth = 1614, Memory usage = 8.7 GB
 ! Current bound is 1296 (gap is 3311%)
 !          Best Branches  Non-fixed    W       Branch decision
              38     105k       1013    3      2009  = labels#981
              38    99000       1037    4      1588  = labels#1129
              38    93000        371    6      2215  = labels#1191
              38     100k        583    7      2007  = labels#2327
              38     108k         15    8        99  = labels#1032
              38     100k        131    1      2483  = labels#1701
              38    99000       1008    2      1677  = labels#230
              38     106k        211    3      2145  = labels#2332
              38     100k         37    4      2531  = labels#2260
              38     101k         25    1       339  = labels#1535
              38     100k         26    2      2564 != labels#204
              38     104k        632    5      1959  = labels#560
              38     101k          2    7      1872  = labels#1834
 *            39     106k  126.06s      3      (gap is 3223%)
              39     107k          2    3       427 != labels#999
              39     101k          2    4       256  = labels#1288
              39     105k         22    5       500  = labels#1078
              39    94000          2    6       571  = labels#235
              39     102k       1394    7      2218  = labels#580
              39     102k       1326    1      1945 != labels#1824
 ! Time = 126.79s, Average fail depth = 1622, Memory usage = 8.7 GB
 ! Current bound is 1296 (gap is 3223%)
 !          Best Branches  Non-fixed    W       Branch decision
              39     101k         23    2       148  = labels#1972
              39     108k       1061    3      2400 != labels#1793
              39     102k        894    4      2179  = labels#1009
              39     106k       1502    5   F  2531  = labels#172
              39    95000        915    6      1610  = labels#2105
              39     103k        551    7      1810  = labels#1612
              39     109k       1417    8      1123  = labels#976
              39     103k        508    1       857  = labels#2548
              39     102k       1119    2       600  = labels#1025
              39     109k        245    3      1096  = labels#2130
              39     103k        112    4      1808  = labels#148
              39     107k        781    5        48  = labels#1293
              39     103k        294    2      1502  = labels#1348
              39    96000          2    6      2573  = labels#2069
              39     104k          2    7       212  = labels#2296
              39     104k          2    1       366  = labels#913
 *            40     109k  128.06s      3      (gap is 3140%)
              40     104k          2    4      1257  = labels#2425
              40     108k       1592    5       525  = labels#1694
              40    97000        973    6       786  = labels#2193
 ! Time = 128.81s, Average fail depth = 1644, Memory usage = 8.7 GB
 ! Current bound is 1296 (gap is 3140%)
 !          Best Branches  Non-fixed    W       Branch decision
              40     105k       1386    7      2420  = labels#36
              40     110k        417    8      2157  = labels#1223
              40     105k       1319    1       164  = labels#942
              40     104k          2    2      1525  = labels#761
              40     110k          2    3       434  = labels#1828
              40     105k        937    4      2267  = labels#2334
              40     106k        499    1      1912  = labels#2483
              40     105k       1121    2      1962  = labels#1422
              40     111k        811    3      1577  = labels#1909
              40     106k        129    4       701  = labels#1027
              40     109k        746    5       331  = labels#1024
              40     106k        554    7      1985  = labels#2075
              40     111k          2    8       838  = labels#2541
              40    98000          2    6            -
              40     112k       1499    8       453  = labels#2523
              40     106k        301    2      2043  = labels#2394
              40     110k        592    5      1368  = labels#1840
              40    99000       1513    6      1031  = labels#2329
              40     107k          2    7      1668  = labels#443
              40     107k          2    1       258  = labels#242
 ! Time = 130.11s, Average fail depth = 1697, Memory usage = 8.7 GB
 ! Current bound is 1296 (gap is 3140%)
 !          Best Branches  Non-fixed    W       Branch decision
 *            41     111k  130.11s      3      (gap is 3061%)
              41     112k          2    3        11  = labels#2478
              41     107k          2    4       954  = labels#218
              41     111k        637    5      1448  = labels#347
              41     100k        513    6      2136  = labels#396
              41     108k       1366    7      2046  = labels#271
              41     108k       1338    1      1231  = labels#2520
              41     107k          3    2       564  = labels#473
              41     113k       1325    3       859  = labels#29
              41     108k        928    4      1511  = labels#765
              41     109k        537    7       115  = labels#1294
              41     109k        518    1      1475  = labels#2134
              41     108k       1089    2      1881  = labels#1947
              41     114k        325    3      2211  = labels#2237
              41     109k        128    4      1920  = labels#2557
              41     112k          2    5      2454  = labels#1585
              41     101k          2    6       136  = labels#951
              41     113k       1076    8      1479  = labels#2345
              41     109k        286    2   F  1226  = labels#1910
              41     102k       1356    6      1135  = labels#632
 ! Time = 132.54s, Average fail depth = 1708, Memory usage = 8.7 GB
 ! Current bound is 1296 (gap is 3061%)
 !          Best Branches  Non-fixed    W       Branch decision
              41     110k          3    7       283  = labels#928
              41     110k          2    1       299  = labels#1246
 *            42     114k  132.54s      3      (gap is 2986%)
              42     103k        356    6      2191  = labels#285
              42     114k         76    8      2515  = labels#1062
              42     110k          4    2       622  = labels#3
              42     115k          2    3        95  = labels#2045
              42     116k       1054    3       785  = labels#159
              42     110k          2    4       833  = labels#1998
              42     113k       1361    5      1415  = labels#469
              42     115k          2    8      1870  = labels#1715
              42     111k       1309    7      1283  = labels#19
              42     116k        490    8      1598  = labels#614
              42     111k       1293    1      1299  = labels#1260
              42     117k        292    3      1158  = labels#2347
              42     114k        361    5       374  = labels#738
              42     104k          2    6       620  = labels#1093
              42     112k        308    7      2284  = labels#1996
              42     111k        970    2      1622  = labels#472
              42     111k        759    4      1833  = labels#2042
 ! Time = 136.52s, Average fail depth = 1723, Memory usage = 8.7 GB
 ! Current bound is 1296 (gap is 2986%)
 !          Best Branches  Non-fixed    W       Branch decision
 *            43     116k  136.54s      8      (gap is 2914%)
              43     117k          3    8      2279  = labels#2151
              43     115k          2    5      1671  = labels#1287
              43     105k        911    6      1644  = labels#2020
              43     118k       1294    8      1265  = labels#68
              43     112k        293    1      2299  = labels#998
              43     118k        179    3       734  = labels#1752
              43     116k       1068    5      2497  = labels#562
              43     112k          2    2      2557  = labels#2233
              43     112k          2    4      2349  = labels#2568
              43     117k        288    5       610  = labels#1813
              43     119k        497    8   F  1422  = labels#1010
              43     113k         43    1      2098  = labels#1476
              43     106k          2    6        16  = labels#2174
              43     113k          2    7      1896  = labels#378
              43     113k       1556    2      1557  = labels#118
              43     119k        869    3      1720  = labels#897
 *            44     119k  139.86s      8      (gap is 2845%)
              44     120k          3    8       313  = labels#594
              44     113k       1348    4      1349  = labels#2010
 ! Time = 140.72s, Average fail depth = 1719, Memory usage = 8.7 GB
 ! Current bound is 1296 (gap is 2845%)
 !          Best Branches  Non-fixed    W       Branch decision
              44     118k          2    5       431  = labels#175
              44     120k          2    3        16  = labels#23
              44     114k        348    4       349  = labels#1241
              44     119k        306    5      1856  = labels#152
              44     107k       1572    6      1019  = labels#654
              44     114k        895    7       896  = labels#1641
              44     114k       1097    1      1098  = labels#2041
              44     114k        556    2       557  = labels#2575
              44     121k       1516    3      1122  = labels#413
              44     121k       1300    8      1329  = labels#469
              44     115k         97    1        98  = labels#2104
              44     115k         44    2       264  = labels#396
              44     122k        516    3      2129  = labels#921
              44     115k          2    7        87  = labels#808
              44     115k          2    4       643  = labels#235
              44     120k          2    5      1853  = labels#1071
              44     108k        571    6      2021  = labels#621
              44     116k       1488    7      1105  = labels#1257
              44     122k        300    8      2285  = labels#528
              44     116k         42    1 