[runlim] version:		1.10
[runlim] time limit:		311040000 seconds
[runlim] real time limit:	150 seconds
[runlim] space limit:		30000 MB
[runlim] argv[0]:		python3
[runlim] argv[1]:		model.py
[runlim] argv[2]:		./graph/complete_binary_trees/cbt_35.txt
[runlim] start:			Mon Nov  3 07:58:27 2025
[runlim] main pid:		14467
[runlim] log captured:
Set parameter WLSAccessID
Set parameter WLSSecret
Set parameter LicenseID to value 2663665
Academic license 2663665 - for non-commercial use only - registered to tu___@vnu.edu.vn
Set parameter TimeLimit to value 1800
(w = 4) Value Cyclicantibandwidth: 4
Lables: [4, 11, 23, 26, 21, 34, 7, 33, 9, 28, 10, 19, 27, 12, 25, 13, 20, 32, 30, 5, 17, 24, 15, 14, 2, 18, 31, 22, 35, 16, 29, 8, 1, 6, 3]
(w = 4) Correct Cyclicantibandwidth
Set parameter TimeLimit to value 1800
(w = 5) Value Cyclicantibandwidth: 5
Lables: [32, 17, 5, 4, 7, 27, 15, 26, 30, 1, 29, 19, 20, 24, 22, 11, 9, 2, 16, 8, 23, 13, 21, 31, 35, 33, 6, 10, 12, 34, 14, 28, 18, 25, 3]
(w = 5) Correct Cyclicantibandwidth
Set parameter TimeLimit to value 1800
(w = 6) Value Cyclicantibandwidth: 6
Lables: [33, 16, 8, 34, 24, 19, 15, 28, 12, 1, 10, 6, 27, 22, 7, 13, 11, 2, 30, 17, 29, 4, 3, 25, 18, 9, 21, 31, 35, 26, 14, 32, 23, 5, 20]
(w = 6) Correct Cyclicantibandwidth
Set parameter TimeLimit to value 1800
(w = 7) Value Cyclicantibandwidth: 7
Lables: [11, 2, 26, 10, 12, 34, 7, 33, 24, 1, 4, 9, 27, 17, 22, 13, 20, 35, 14, 25, 19, 29, 28, 31, 18, 16, 3, 5, 8, 15, 6, 21, 23, 30, 32]
(w = 7) Correct Cyclicantibandwidth
Set parameter TimeLimit to value 1800
(w = 8) Value Cyclicantibandwidth: 8
Lables: [4, 13, 15, 31, 2, 34, 3, 20, 16, 27, 28, 9, 25, 17, 21, 6, 10, 5, 24, 14, 7, 1, 19, 23, 33, 35, 8, 30, 26, 11, 12, 29, 22, 32, 18]
(w = 8) Correct Cyclicantibandwidth
Set parameter TimeLimit to value 1800
(w = 9) Value Cyclicantibandwidth: 9
Lables: [35, 17, 26, 34, 33, 16, 15, 25, 24, 23, 22, 32, 31, 30, 29, 14, 13, 12, 11, 10, 9, 8, 7, 21, 20, 19, 18, 6, 5, 4, 3, 28, 27, 2, 1]
(w = 9) Correct Cyclicantibandwidth
Set parameter TimeLimit to value 1800
(w = 10) Value Cyclicantibandwidth: 10
Lables: [33, 16, 14, 6, 35, 2, 24, 30, 23, 11, 12, 20, 27, 9, 1, 7, 18, 4, 10, 25, 26, 31, 28, 34, 5, 17, 8, 19, 29, 15, 13, 21, 22, 3, 32]
(w = 10) Correct Cyclicantibandwidth
Set parameter TimeLimit to value 1800
(w = 11) Value Cyclicantibandwidth: 11
Lables: [28, 17, 4, 6, 5, 15, 16, 18, 22, 21, 19, 1, 2, 3, 27, 7, 29, 8, 33, 35, 10, 34, 32, 25, 24, 14, 26, 23, 20, 12, 9, 30, 31, 13, 11]
(w = 11) Correct Cyclicantibandwidth
Set parameter TimeLimit to value 1800
(w = 12) Value Cyclicantibandwidth: 12
Lables: [29, 17, 6, 5, 4, 18, 19, 20, 21, 16, 22, 1, 2, 3, 7, 8, 32, 34, 33, 35, 31, 10, 9, 13, 14, 25, 24, 23, 15, 26, 27, 28, 30, 11, 12]
(w = 12) Correct Cyclicantibandwidth
Set parameter TimeLimit to value 1800
(w = 13) Value Cyclicantibandwidth: 13
Lables: [34, 13, 18, 30, 26, 4, 5, 15, 10, 6, 9, 25, 19, 27, 22, 33, 28, 24, 23, 21, 20, 31, 29, 11, 3, 35, 32, 8, 14, 1, 2, 17, 16, 7, 12]
(w = 13) Correct Cyclicantibandwidth
Set parameter TimeLimit to value 1800
(w = 14) Value Cyclicantibandwidth: 14
Lables: [22, 1, 7, 16, 15, 27, 26, 2, 35, 29, 33, 11, 8, 9, 5, 20, 19, 18, 14, 10, 13, 12, 17, 31, 32, 28, 23, 24, 30, 25, 21, 6, 34, 4, 3]
(w = 14) Correct Cyclicantibandwidth
Set parameter TimeLimit to value 1800
[runlim] sample:		30.8 time, 10.3 real, 154.6 MB
[runlim] sample:		70.8 time, 20.3 real, 158.1 MB
[runlim] sample:		110.8 time, 30.3 real, 156.5 MB
[runlim] sample:		150.8 time, 40.3 real, 147.0 MB
[runlim] sample:		181.6 time, 50.3 real, 150.9 MB
(w = 15) Not found solution with CAB = 15.
Final result: CAB = 14, Labels = [22, 1, 7, 16, 15, 27, 26, 2, 35, 29, 33, 11, 8, 9, 5, 20, 19, 18, 14, 10, 13, 12, 17, 31, 32, 28, 23, 24, 30, 25, 21, 6, 34, 4, 3]
Real time: 54.29659676551819 seconds
[runlim] end:			Mon Nov  3 07:59:21 2025
[runlim] status:		ok
[runlim] result:		0
[runlim] children:		0
[runlim] real:			54.71 seconds
[runlim] time:			194.06 seconds
[runlim] space:			168.6 MB
[runlim] samples:		543
