[runlim] version:		1.10
[runlim] time limit:		311040000 seconds
[runlim] real time limit:	150 seconds
[runlim] space limit:		30000 MB
[runlim] argv[0]:		python3
[runlim] argv[1]:		model.py
[runlim] argv[2]:		./graph/complete_binary_trees/cbt_33.txt
[runlim] start:			Mon Nov  3 07:57:57 2025
[runlim] main pid:		14350
[runlim] log captured:
Set parameter WLSAccessID
Set parameter WLSSecret
Set parameter LicenseID to value 2663665
Academic license 2663665 - for non-commercial use only - registered to tu___@vnu.edu.vn
Set parameter TimeLimit to value 1800
(w = 4) Value Cyclicantibandwidth: 4
Lables: [32, 15, 26, 7, 4, 33, 2, 11, 12, 13, 14, 27, 24, 8, 10, 16, 20, 29, 21, 23, 28, 18, 5, 31, 6, 1, 19, 17, 25, 22, 3, 9, 30]
(w = 4) Correct Cyclicantibandwidth
Set parameter TimeLimit to value 1800
(w = 5) Value Cyclicantibandwidth: 5
Lables: [32, 15, 26, 27, 24, 7, 2, 11, 12, 16, 8, 25, 14, 28, 10, 21, 20, 29, 6, 23, 33, 18, 3, 31, 5, 1, 19, 17, 9, 22, 4, 13, 30]
(w = 5) Correct Cyclicantibandwidth
Set parameter TimeLimit to value 1800
(w = 6) Value Cyclicantibandwidth: 6
Lables: [32, 15, 26, 29, 4, 33, 2, 7, 12, 16, 21, 27, 8, 28, 10, 14, 24, 6, 3, 23, 5, 13, 9, 20, 18, 1, 22, 17, 11, 19, 25, 31, 30]
(w = 6) Correct Cyclicantibandwidth
Set parameter TimeLimit to value 1800
(w = 7) Value Cyclicantibandwidth: 7
Lables: [4, 16, 26, 7, 5, 33, 2, 29, 27, 13, 21, 8, 15, 28, 11, 14, 20, 6, 10, 23, 25, 12, 31, 22, 32, 1, 3, 17, 9, 19, 18, 24, 30]
(w = 7) Correct Cyclicantibandwidth
Set parameter TimeLimit to value 1800
(w = 8) Value Cyclicantibandwidth: 8
Lables: [23, 15, 9, 7, 4, 20, 19, 29, 25, 14, 21, 5, 8, 28, 27, 17, 10, 1, 11, 6, 31, 32, 3, 26, 18, 24, 22, 13, 16, 2, 12, 33, 30]
(w = 8) Correct Cyclicantibandwidth
Set parameter TimeLimit to value 1800
(w = 9) Value Cyclicantibandwidth: 9
Lables: [5, 16, 18, 7, 6, 1, 2, 17, 19, 15, 20, 10, 11, 12, 13, 3, 4, 8, 9, 24, 25, 29, 30, 21, 22, 23, 26, 28, 31, 32, 33, 14, 27]
(w = 9) Correct Cyclicantibandwidth
Set parameter TimeLimit to value 1800
(w = 10) Value Cyclicantibandwidth: 10
Lables: [32, 16, 12, 3, 1, 2, 27, 14, 13, 15, 21, 24, 23, 17, 7, 4, 28, 29, 26, 30, 25, 31, 9, 6, 8, 10, 11, 33, 5, 19, 18, 22, 20]
(w = 10) Correct Cyclicantibandwidth
Set parameter TimeLimit to value 1800
(w = 11) Value Cyclicantibandwidth: 11
Lables: [27, 16, 6, 5, 4, 17, 18, 19, 22, 15, 20, 1, 2, 3, 7, 8, 32, 11, 10, 31, 30, 9, 33, 12, 13, 14, 21, 24, 25, 29, 26, 28, 23]
(w = 11) Correct Cyclicantibandwidth
Set parameter TimeLimit to value 1800
(w = 12) Value Cyclicantibandwidth: 12
Lables: [19, 1, 5, 22, 20, 26, 17, 7, 2, 3, 32, 14, 9, 29, 4, 25, 28, 16, 23, 15, 18, 13, 11, 33, 31, 27, 30, 10, 12, 21, 24, 6, 8]
(w = 12) Correct Cyclicantibandwidth
Set parameter TimeLimit to value 1800
(w = 13) Value Cyclicantibandwidth: 13
Lables: [2, 16, 22, 3, 29, 7, 4, 23, 21, 15, 9, 27, 26, 18, 17, 6, 10, 8, 5, 28, 1, 24, 25, 14, 12, 13, 11, 33, 31, 32, 30, 20, 19]
(w = 13) Correct Cyclicantibandwidth
Set parameter TimeLimit to value 1800
[runlim] sample:		32.4 time, 10.4 real, 123.8 MB
[runlim] sample:		72.4 time, 20.4 real, 138.5 MB
(w = 14) Not found solution with CAB = 14.
Final result: CAB = 13, Labels = [2, 16, 22, 3, 29, 7, 4, 23, 21, 15, 9, 27, 26, 18, 17, 6, 10, 8, 5, 28, 1, 24, 25, 14, 12, 13, 11, 33, 31, 32, 30, 20, 19]
Real time: 20.675665140151978 seconds
[runlim] end:			Mon Nov  3 07:58:18 2025
[runlim] status:		ok
[runlim] result:		0
[runlim] children:		0
[runlim] real:			21.09 seconds
[runlim] time:			75.23 seconds
[runlim] space:			138.5 MB
[runlim] samples:		207
