[runlim] version:		1.10
[runlim] time limit:		311040000 seconds
[runlim] real time limit:	150 seconds
[runlim] space limit:		30000 MB
[runlim] argv[0]:		python3
[runlim] argv[1]:		model.py
[runlim] argv[2]:		./graph/complete_binary_trees/cbt_45.txt
[runlim] start:			Mon Nov  3 07:59:21 2025
[runlim] main pid:		14551
[runlim] log captured:
Set parameter WLSAccessID
Set parameter WLSSecret
Set parameter LicenseID to value 2663665
Academic license 2663665 - for non-commercial use only - registered to tu___@vnu.edu.vn
Set parameter TimeLimit to value 1800
(w = 4) Value Cyclicantibandwidth: 4
Lables: [28, 22, 6, 26, 35, 43, 42, 2, 45, 19, 41, 3, 21, 23, 1, 10, 24, 20, 13, 4, 40, 37, 25, 39, 8, 34, 44, 18, 7, 27, 33, 29, 17, 5, 31, 11, 14, 38, 30, 16, 9, 12, 36, 15, 32]
(w = 4) Correct Cyclicantibandwidth
Set parameter TimeLimit to value 1800
(w = 5) Value Cyclicantibandwidth: 5
Lables: [28, 22, 6, 40, 35, 43, 42, 2, 45, 19, 41, 3, 31, 23, 37, 10, 24, 20, 21, 4, 26, 1, 25, 39, 8, 17, 44, 18, 7, 27, 30, 29, 32, 5, 34, 11, 14, 38, 13, 33, 9, 12, 36, 16, 15]
(w = 5) Correct Cyclicantibandwidth
Set parameter TimeLimit to value 1800
(w = 6) Value Cyclicantibandwidth: 6
Lables: [28, 22, 6, 14, 35, 43, 42, 2, 45, 19, 3, 18, 31, 23, 32, 10, 24, 20, 21, 4, 40, 26, 25, 39, 8, 17, 44, 29, 7, 9, 13, 1, 41, 5, 34, 11, 12, 38, 30, 37, 27, 16, 33, 36, 15]
(w = 6) Correct Cyclicantibandwidth
Set parameter TimeLimit to value 1800
(w = 7) Value Cyclicantibandwidth: 7
Lables: [35, 22, 6, 14, 8, 43, 42, 2, 45, 19, 41, 20, 31, 23, 32, 10, 24, 25, 21, 4, 3, 26, 9, 39, 29, 17, 44, 7, 34, 5, 13, 18, 1, 40, 33, 11, 12, 38, 30, 16, 37, 28, 27, 36, 15]
(w = 7) Correct Cyclicantibandwidth
Set parameter TimeLimit to value 1800
(w = 8) Value Cyclicantibandwidth: 8
Lables: [28, 1, 20, 26, 18, 43, 42, 2, 45, 6, 10, 30, 31, 23, 5, 17, 24, 25, 21, 29, 35, 19, 33, 38, 8, 3, 44, 7, 34, 27, 13, 41, 32, 15, 14, 11, 40, 36, 39, 37, 12, 16, 22, 9, 4]
(w = 8) Correct Cyclicantibandwidth
Set parameter TimeLimit to value 1800
(w = 9) Value Cyclicantibandwidth: 9
Lables: [28, 6, 16, 26, 23, 41, 42, 38, 45, 2, 10, 20, 5, 19, 31, 27, 15, 25, 30, 29, 35, 1, 33, 39, 8, 17, 18, 7, 34, 22, 9, 43, 37, 4, 24, 11, 40, 21, 44, 14, 12, 13, 3, 36, 32]
(w = 9) Correct Cyclicantibandwidth
Set parameter TimeLimit to value 1800
(w = 10) Value Cyclicantibandwidth: 10
Lables: [28, 1, 9, 26, 18, 37, 44, 2, 11, 3, 43, 20, 12, 23, 32, 17, 24, 25, 21, 36, 35, 19, 13, 6, 7, 34, 27, 39, 5, 22, 45, 33, 40, 14, 38, 41, 8, 31, 42, 16, 4, 15, 10, 29, 30]
(w = 10) Correct Cyclicantibandwidth
Set parameter TimeLimit to value 1800
(w = 11) Value Cyclicantibandwidth: 11
Lables: [28, 5, 6, 19, 18, 37, 24, 2, 7, 1, 3, 20, 12, 10, 40, 17, 21, 25, 31, 29, 35, 16, 22, 39, 8, 34, 44, 43, 27, 26, 13, 38, 32, 4, 33, 41, 14, 15, 9, 45, 42, 23, 11, 36, 30]
(w = 11) Correct Cyclicantibandwidth
Set parameter TimeLimit to value 1800
(w = 12) Value Cyclicantibandwidth: 12
Lables: [28, 4, 7, 26, 33, 37, 24, 2, 45, 1, 3, 20, 12, 10, 40, 18, 21, 30, 31, 29, 34, 19, 16, 39, 8, 43, 44, 23, 27, 15, 25, 38, 32, 5, 42, 11, 14, 9, 17, 41, 13, 6, 22, 36, 35]
(w = 12) Correct Cyclicantibandwidth
Set parameter TimeLimit to value 1800
(w = 13) Value Cyclicantibandwidth: 13
Lables: [34, 5, 8, 26, 18, 37, 24, 39, 44, 4, 33, 20, 9, 10, 45, 17, 21, 15, 29, 35, 25, 19, 12, 36, 3, 31, 22, 23, 32, 28, 27, 38, 1, 40, 7, 43, 30, 13, 14, 16, 11, 6, 41, 42, 2]
(w = 13) Correct Cyclicantibandwidth
Set parameter TimeLimit to value 1800
(w = 14) Value Cyclicantibandwidth: 14
Lables: [36, 22, 5, 8, 7, 19, 20, 23, 24, 21, 25, 1, 2, 3, 4, 6, 9, 10, 38, 42, 45, 44, 43, 15, 30, 18, 32, 31, 33, 34, 27, 37, 35, 39, 40, 41, 26, 12, 17, 13, 11, 16, 14, 29, 28]
(w = 14) Correct Cyclicantibandwidth
Set parameter TimeLimit to value 1800
(w = 15) Value Cyclicantibandwidth: 15
Lables: [28, 9, 6, 26, 35, 34, 24, 43, 45, 19, 10, 11, 12, 41, 40, 17, 21, 25, 18, 2, 3, 31, 33, 39, 37, 30, 27, 16, 14, 15, 13, 1, 32, 5, 44, 8, 42, 38, 36, 22, 20, 29, 23, 7, 4]
(w = 15) Correct Cyclicantibandwidth
Set parameter TimeLimit to value 1800
(w = 16) Value Cyclicantibandwidth: 16
Lables: [33, 9, 6, 28, 37, 25, 24, 4, 45, 19, 10, 3, 1, 41, 40, 26, 20, 21, 18, 2, 35, 36, 31, 22, 32, 27, 23, 12, 14, 15, 13, 7, 43, 38, 44, 42, 5, 34, 39, 30, 29, 11, 16, 8, 17]
(w = 16) Correct Cyclicantibandwidth
Set parameter TimeLimit to value 1800
(w = 17) Value Cyclicantibandwidth: 17
Lables: [30, 12, 7, 29, 39, 35, 28, 3, 10, 14, 15, 11, 17, 6, 1, 31, 20, 27, 38, 41, 36, 43, 40, 37, 34, 44, 45, 33, 32, 23, 26, 9, 5, 42, 2, 8, 4, 16, 13, 21, 24, 19, 18, 22, 25]
(w = 17) Correct Cyclicantibandwidth
Set parameter TimeLimit to value 1800
(w = 18) Value Cyclicantibandwidth: 18
Lables: [22, 1, 43, 27, 23, 25, 17, 3, 9, 42, 41, 6, 5, 40, 38, 28, 26, 29, 30, 19, 15, 16, 14, 33, 31, 32, 24, 21, 20, 18, 13, 8, 7, 45, 4, 11, 2, 10, 12, 37, 44, 34, 36, 39, 35]
(w = 18) Correct Cyclicantibandwidth
Set parameter TimeLimit to value 1800
(w = 19) Value Cyclicantibandwidth: 19
Lables: [38, 16, 19, 42, 35, 45, 39, 23, 20, 12, 9, 24, 21, 14, 15, 4, 1, 40, 44, 32, 36, 28, 31, 5, 3, 43, 2, 33, 37, 34, 41, 29, 30, 27, 26, 18, 17, 25, 22, 13, 6, 10, 11, 7, 8]
(w = 19) Correct Cyclicantibandwidth
Set parameter TimeLimit to value 1800
[runlim] sample:		21.3 time, 10.7 real, 184.9 MB
[runlim] sample:		56.9 time, 20.7 real, 252.2 MB
[runlim] sample:		96.9 time, 30.7 real, 262.9 MB
[runlim] sample:		136.9 time, 40.7 real, 262.9 MB
[runlim] sample:		176.9 time, 50.7 real, 262.9 MB
[runlim] sample:		216.9 time, 60.7 real, 267.7 MB
[runlim] sample:		257.0 time, 70.7 real, 258.0 MB
[runlim] sample:		297.0 time, 80.7 real, 259.3 MB
[runlim] sample:		333.8 time, 90.7 real, 265.9 MB
[runlim] sample:		373.8 time, 100.7 real, 273.6 MB
[runlim] sample:		413.8 time, 110.7 real, 260.3 MB
[runlim] sample:		442.4 time, 120.7 real, 390.7 MB
[runlim] sample:		470.9 time, 130.7 real, 390.3 MB
[runlim] sample:		510.9 time, 140.7 real, 398.8 MB
[runlim] end:			Mon Nov  3 08:01:51 2025
[runlim] status:		out of time
[runlim] result:		2
[runlim] children:		0
[runlim] real:			150.04 seconds
[runlim] time:			548.08 seconds
[runlim] space:			408.1 MB
[runlim] samples:		1493
