[runlim] version:		1.10
[runlim] time limit:		311040000 seconds
[runlim] real time limit:	150 seconds
[runlim] space limit:		30000 MB
[runlim] argv[0]:		python3
[runlim] argv[1]:		model.py
[runlim] argv[2]:		./graph/complete_binary_trees/cbt_46.txt
[runlim] start:			Mon Nov  3 08:01:51 2025
[runlim] main pid:		14589
[runlim] log captured:
Set parameter WLSAccessID
Set parameter WLSSecret
Set parameter LicenseID to value 2663665
Academic license 2663665 - for non-commercial use only - registered to tu___@vnu.edu.vn
Set parameter TimeLimit to value 1800
(w = 4) Value Cyclicantibandwidth: 4
Lables: [19, 9, 35, 1, 27, 40, 26, 14, 5, 38, 46, 7, 34, 22, 3, 24, 36, 11, 41, 43, 2, 8, 39, 18, 45, 21, 20, 12, 17, 31, 28, 10, 33, 29, 13, 30, 6, 15, 16, 23, 37, 32, 44, 25, 42, 4]
(w = 4) Correct Cyclicantibandwidth
Set parameter TimeLimit to value 1800
(w = 5) Value Cyclicantibandwidth: 5
Lables: [19, 6, 35, 1, 27, 40, 26, 20, 24, 38, 46, 7, 34, 9, 17, 5, 41, 11, 44, 43, 2, 8, 39, 18, 45, 21, 3, 14, 36, 31, 28, 10, 33, 29, 13, 30, 4, 22, 16, 23, 37, 32, 12, 25, 42, 15]
(w = 5) Correct Cyclicantibandwidth
Set parameter TimeLimit to value 1800
(w = 6) Value Cyclicantibandwidth: 6
Lables: [19, 13, 35, 1, 27, 43, 26, 20, 30, 38, 46, 7, 5, 9, 3, 42, 36, 11, 44, 6, 2, 8, 39, 24, 45, 21, 40, 34, 17, 31, 28, 10, 33, 29, 12, 41, 4, 14, 16, 22, 37, 32, 15, 23, 25, 18]
(w = 6) Correct Cyclicantibandwidth
Set parameter TimeLimit to value 1800
(w = 7) Value Cyclicantibandwidth: 7
Lables: [19, 9, 35, 1, 27, 4, 26, 20, 30, 38, 46, 29, 34, 3, 13, 42, 36, 11, 44, 18, 2, 8, 39, 6, 40, 21, 5, 25, 17, 31, 28, 10, 33, 16, 45, 32, 24, 14, 22, 7, 43, 41, 23, 15, 37, 12]
(w = 7) Correct Cyclicantibandwidth
Set parameter TimeLimit to value 1800
(w = 8) Value Cyclicantibandwidth: 8
Lables: [19, 7, 35, 34, 27, 4, 26, 20, 5, 38, 18, 29, 21, 41, 3, 42, 36, 28, 43, 23, 2, 8, 39, 6, 40, 12, 46, 25, 17, 31, 24, 10, 33, 11, 45, 13, 1, 22, 16, 9, 32, 14, 37, 44, 30, 15]
(w = 8) Correct Cyclicantibandwidth
Set parameter TimeLimit to value 1800
(w = 9) Value Cyclicantibandwidth: 9
Lables: [19, 8, 39, 32, 27, 4, 26, 20, 5, 38, 46, 40, 34, 9, 3, 42, 35, 28, 30, 29, 2, 36, 31, 6, 17, 21, 12, 44, 41, 18, 24, 10, 33, 11, 45, 13, 1, 14, 16, 7, 43, 23, 37, 25, 22, 15]
(w = 9) Correct Cyclicantibandwidth
Set parameter TimeLimit to value 1800
(w = 10) Value Cyclicantibandwidth: 10
Lables: [21, 7, 35, 32, 25, 4, 19, 11, 5, 38, 9, 29, 34, 33, 3, 26, 23, 41, 30, 18, 2, 20, 31, 42, 40, 22, 6, 44, 43, 16, 39, 10, 12, 46, 13, 28, 24, 14, 45, 36, 8, 27, 17, 1, 37, 15]
(w = 10) Correct Cyclicantibandwidth
Set parameter TimeLimit to value 1800
(w = 11) Value Cyclicantibandwidth: 11
Lables: [19, 2, 30, 23, 26, 4, 13, 8, 5, 38, 15, 29, 37, 28, 36, 24, 39, 17, 27, 18, 10, 34, 31, 6, 12, 21, 22, 1, 3, 7, 9, 45, 43, 25, 20, 42, 41, 46, 16, 33, 35, 40, 32, 14, 11, 44]
(w = 11) Correct Cyclicantibandwidth
Set parameter TimeLimit to value 1800
(w = 12) Value Cyclicantibandwidth: 12
Lables: [37, 3, 25, 23, 18, 42, 13, 8, 4, 1, 2, 24, 10, 28, 31, 20, 29, 32, 38, 21, 15, 34, 17, 5, 9, 39, 27, 11, 44, 19, 12, 41, 33, 16, 7, 45, 46, 26, 14, 35, 40, 43, 30, 6, 22, 36]
(w = 12) Correct Cyclicantibandwidth
Set parameter TimeLimit to value 1800
(w = 13) Value Cyclicantibandwidth: 13
Lables: [19, 6, 35, 25, 27, 4, 13, 8, 5, 45, 46, 24, 34, 28, 44, 38, 36, 23, 30, 12, 17, 33, 31, 42, 40, 21, 2, 41, 3, 20, 26, 10, 9, 11, 22, 37, 1, 14, 16, 39, 29, 43, 32, 7, 15, 18]
(w = 13) Correct Cyclicantibandwidth
Set parameter TimeLimit to value 1800
(w = 14) Value Cyclicantibandwidth: 14
Lables: [37, 23, 5, 9, 8, 19, 20, 24, 25, 22, 26, 1, 2, 3, 4, 6, 7, 10, 11, 36, 46, 12, 45, 32, 30, 17, 16, 33, 27, 21, 35, 28, 38, 31, 34, 39, 42, 40, 41, 14, 15, 29, 18, 43, 44, 13]
(w = 14) Correct Cyclicantibandwidth
Set parameter TimeLimit to value 1800
(w = 15) Value Cyclicantibandwidth: 15
Lables: [38, 23, 9, 8, 7, 24, 25, 26, 27, 22, 28, 1, 2, 3, 4, 5, 6, 10, 11, 46, 44, 45, 43, 29, 16, 33, 32, 30, 18, 35, 31, 20, 34, 36, 37, 39, 40, 41, 42, 17, 19, 15, 13, 21, 14, 12]
(w = 15) Correct Cyclicantibandwidth
Set parameter TimeLimit to value 1800
(w = 16) Value Cyclicantibandwidth: 16
Lables: [31, 8, 2, 26, 35, 30, 22, 9, 46, 15, 7, 5, 10, 38, 42, 39, 29, 18, 17, 40, 44, 23, 24, 33, 27, 32, 36, 12, 11, 16, 25, 21, 14, 6, 3, 45, 41, 37, 34, 13, 20, 28, 19, 1, 43, 4]
(w = 16) Correct Cyclicantibandwidth
Set parameter TimeLimit to value 1800
(w = 17) Value Cyclicantibandwidth: 17
Lables: [30, 5, 12, 22, 34, 41, 35, 43, 4, 15, 17, 19, 21, 11, 7, 16, 26, 27, 31, 38, 32, 44, 42, 46, 37, 1, 39, 36, 28, 29, 24, 33, 40, 8, 45, 9, 2, 14, 13, 10, 20, 6, 3, 18, 25, 23]
(w = 17) Correct Cyclicantibandwidth
Set parameter TimeLimit to value 1800
(w = 18) Value Cyclicantibandwidth: 18
Lables: [40, 20, 18, 42, 46, 37, 45, 17, 14, 24, 27, 15, 16, 23, 26, 41, 36, 32, 38, 1, 4, 2, 8, 43, 33, 39, 35, 3, 5, 6, 44, 22, 13, 12, 9, 7, 10, 19, 11, 28, 25, 30, 31, 29, 21, 34]
(w = 18) Correct Cyclicantibandwidth
Set parameter TimeLimit to value 1800
(w = 19) Value Cyclicantibandwidth: 19
Lables: [25, 1, 2, 20, 27, 29, 24, 41, 42, 6, 7, 9, 3, 5, 43, 19, 14, 17, 18, 30, 31, 34, 32, 35, 33, 22, 23, 26, 28, 16, 21, 39, 46, 37, 36, 44, 38, 40, 45, 11, 8, 12, 4, 13, 15, 10]
(w = 19) Correct Cyclicantibandwidth
Set parameter TimeLimit to value 1800
[runlim] sample:		20.9 time, 10.0 real, 208.3 MB
[runlim] sample:		55.1 time, 20.0 real, 254.0 MB
[runlim] sample:		95.2 time, 30.0 real, 272.2 MB
[runlim] sample:		135.2 time, 40.0 real, 270.9 MB
[runlim] sample:		166.6 time, 50.0 real, 413.4 MB
[runlim] sample:		194.7 time, 60.0 real, 445.1 MB
[runlim] sample:		234.7 time, 70.0 real, 449.8 MB
[runlim] sample:		274.7 time, 80.0 real, 449.8 MB
[runlim] sample:		314.7 time, 90.0 real, 451.8 MB
[runlim] sample:		354.5 time, 100.0 real, 455.8 MB
[runlim] sample:		394.5 time, 110.0 real, 457.8 MB
[runlim] sample:		434.5 time, 120.0 real, 458.2 MB
[runlim] sample:		474.6 time, 130.0 real, 459.6 MB
[runlim] sample:		513.4 time, 140.0 real, 462.2 MB
[runlim] sample:		543.5 time, 150.0 real, 485.6 MB
[runlim] end:			Mon Nov  3 08:04:21 2025
[runlim] status:		out of time
[runlim] result:		2
[runlim] children:		0
[runlim] real:			150.07 seconds
[runlim] time:			543.51 seconds
[runlim] space:			494.0 MB
[runlim] samples:		1500
