[runlim] version:		1.10
[runlim] time limit:		311040000 seconds
[runlim] real time limit:	150 seconds
[runlim] space limit:		30000 MB
[runlim] argv[0]:		python3
[runlim] argv[1]:		model.py
[runlim] argv[2]:		./graph/complete_binary_trees/cbt_48.txt
[runlim] start:			Mon Nov  3 08:06:51 2025
[runlim] main pid:		14683
[runlim] log captured:
Set parameter WLSAccessID
Set parameter WLSSecret
Set parameter LicenseID to value 2663665
Academic license 2663665 - for non-commercial use only - registered to tu___@vnu.edu.vn
Set parameter TimeLimit to value 1800
(w = 4) Value Cyclicantibandwidth: 4
Lables: [31, 9, 23, 15, 16, 17, 43, 24, 7, 30, 47, 26, 38, 28, 10, 4, 20, 42, 39, 2, 1, 40, 8, 21, 35, 27, 45, 14, 5, 48, 44, 36, 13, 37, 6, 19, 34, 25, 29, 11, 46, 33, 18, 3, 12, 22, 41, 32]
(w = 4) Correct Cyclicantibandwidth
Set parameter TimeLimit to value 1800
(w = 5) Value Cyclicantibandwidth: 5
Lables: [31, 9, 23, 15, 16, 17, 43, 24, 7, 30, 47, 26, 38, 28, 10, 39, 2, 42, 36, 20, 1, 40, 8, 21, 35, 27, 45, 14, 5, 48, 44, 6, 13, 37, 11, 19, 34, 4, 29, 33, 46, 22, 18, 25, 3, 41, 32, 12]
(w = 5) Correct Cyclicantibandwidth
Set parameter TimeLimit to value 1800
(w = 6) Value Cyclicantibandwidth: 6
Lables: [31, 9, 23, 15, 16, 17, 43, 24, 7, 30, 47, 26, 38, 28, 10, 46, 14, 42, 36, 2, 1, 40, 8, 39, 35, 27, 45, 13, 5, 48, 44, 6, 20, 37, 25, 19, 34, 4, 29, 11, 18, 33, 12, 21, 3, 22, 41, 32]
(w = 6) Correct Cyclicantibandwidth
Set parameter TimeLimit to value 1800
(w = 7) Value Cyclicantibandwidth: 7
Lables: [31, 9, 23, 34, 16, 2, 43, 24, 7, 30, 32, 26, 38, 28, 10, 39, 14, 42, 36, 48, 1, 40, 8, 5, 35, 27, 45, 13, 46, 47, 44, 6, 21, 37, 25, 19, 20, 4, 29, 11, 18, 33, 12, 15, 3, 22, 41, 17]
(w = 7) Correct Cyclicantibandwidth
Set parameter TimeLimit to value 1800
(w = 8) Value Cyclicantibandwidth: 8
Lables: [31, 9, 23, 39, 22, 12, 43, 24, 7, 30, 47, 26, 38, 28, 10, 40, 14, 29, 36, 2, 1, 37, 8, 5, 35, 27, 16, 13, 46, 48, 44, 6, 21, 41, 25, 19, 20, 4, 45, 17, 11, 33, 18, 15, 3, 42, 32, 34]
(w = 8) Correct Cyclicantibandwidth
Set parameter TimeLimit to value 1800
(w = 9) Value Cyclicantibandwidth: 9
Lables: [46, 9, 23, 39, 36, 12, 43, 24, 7, 16, 47, 26, 21, 28, 10, 6, 14, 40, 22, 2, 1, 37, 8, 5, 35, 3, 48, 13, 45, 33, 44, 42, 20, 41, 30, 19, 11, 4, 34, 17, 31, 29, 18, 15, 25, 27, 32, 38]
(w = 9) Correct Cyclicantibandwidth
Set parameter TimeLimit to value 1800
(w = 10) Value Cyclicantibandwidth: 10
Lables: [31, 9, 19, 39, 46, 41, 43, 28, 7, 27, 36, 21, 23, 25, 10, 40, 15, 30, 22, 2, 1, 12, 8, 5, 47, 3, 45, 13, 11, 24, 44, 6, 16, 48, 4, 14, 20, 42, 34, 17, 37, 29, 18, 33, 38, 26, 35, 32]
(w = 10) Correct Cyclicantibandwidth
Set parameter TimeLimit to value 1800
(w = 11) Value Cyclicantibandwidth: 11
Lables: [46, 9, 19, 39, 36, 6, 41, 24, 7, 4, 1, 26, 30, 28, 5, 40, 8, 42, 22, 18, 32, 12, 20, 48, 14, 15, 45, 13, 17, 33, 31, 16, 3, 23, 27, 21, 29, 37, 2, 35, 43, 44, 10, 25, 34, 38, 47, 11]
(w = 11) Correct Cyclicantibandwidth
Set parameter TimeLimit to value 1800
(w = 12) Value Cyclicantibandwidth: 12
Lables: [31, 5, 18, 24, 36, 43, 45, 12, 10, 6, 7, 26, 30, 28, 13, 40, 47, 42, 22, 34, 32, 23, 21, 8, 48, 3, 9, 14, 41, 33, 37, 15, 16, 27, 17, 19, 29, 4, 46, 2, 1, 20, 44, 11, 35, 38, 39, 25]
(w = 12) Correct Cyclicantibandwidth
Set parameter TimeLimit to value 1800
(w = 13) Value Cyclicantibandwidth: 13
Lables: [31, 9, 14, 39, 36, 46, 43, 20, 7, 4, 22, 21, 25, 28, 10, 3, 48, 30, 24, 18, 32, 40, 8, 5, 47, 12, 45, 44, 42, 33, 26, 27, 34, 29, 16, 1, 17, 11, 41, 37, 2, 13, 19, 15, 6, 35, 23, 38]
(w = 13) Correct Cyclicantibandwidth
Set parameter TimeLimit to value 1800
(w = 14) Value Cyclicantibandwidth: 14
Lables: [40, 6, 12, 39, 32, 28, 45, 24, 5, 18, 15, 9, 48, 13, 26, 2, 47, 29, 22, 4, 3, 33, 44, 25, 37, 19, 30, 41, 35, 43, 11, 27, 16, 21, 20, 1, 46, 36, 42, 38, 34, 17, 31, 14, 8, 10, 23, 7]
(w = 14) Correct Cyclicantibandwidth
Set parameter TimeLimit to value 1800
(w = 15) Value Cyclicantibandwidth: 15
Lables: [39, 24, 6, 9, 8, 21, 22, 25, 26, 23, 27, 1, 2, 3, 4, 5, 7, 10, 11, 38, 47, 12, 46, 17, 34, 19, 31, 35, 30, 32, 37, 33, 36, 40, 28, 43, 41, 42, 44, 20, 16, 15, 14, 45, 29, 13, 18, 48]
(w = 15) Correct Cyclicantibandwidth
Set parameter TimeLimit to value 1800
(w = 16) Value Cyclicantibandwidth: 16
Lables: [40, 24, 9, 8, 7, 25, 26, 27, 28, 23, 29, 1, 2, 3, 4, 5, 6, 10, 11, 39, 47, 13, 46, 31, 17, 18, 33, 35, 19, 32, 20, 21, 36, 34, 37, 42, 41, 38, 43, 14, 12, 15, 30, 44, 45, 16, 22, 48]
(w = 16) Correct Cyclicantibandwidth
Set parameter TimeLimit to value 1800
(w = 17) Value Cyclicantibandwidth: 17
Lables: [33, 2, 10, 29, 20, 40, 38, 11, 8, 42, 37, 23, 19, 18, 16, 39, 31, 34, 27, 13, 25, 14, 9, 41, 45, 36, 1, 47, 48, 35, 46, 22, 21, 12, 4, 15, 17, 5, 7, 30, 43, 6, 3, 32, 44, 26, 28, 24]
(w = 17) Correct Cyclicantibandwidth
Set parameter TimeLimit to value 1800
(w = 18) Value Cyclicantibandwidth: 18
Lables: [35, 7, 16, 27, 29, 34, 44, 6, 8, 2, 47, 4, 5, 23, 26, 36, 33, 30, 37, 31, 22, 21, 20, 24, 25, 28, 32, 42, 48, 1, 3, 15, 18, 14, 13, 12, 9, 17, 19, 10, 11, 46, 40, 41, 39, 45, 38, 43]
(w = 18) Correct Cyclicantibandwidth
Set parameter TimeLimit to value 1800
(w = 19) Value Cyclicantibandwidth: 19
Lables: [26, 5, 1, 25, 27, 30, 21, 3, 48, 46, 47, 10, 6, 43, 41, 32, 31, 19, 28, 20, 17, 18, 23, 35, 33, 34, 29, 16, 24, 22, 14, 13, 11, 12, 9, 38, 45, 8, 7, 39, 42, 40, 36, 37, 44, 4, 2, 15]
(w = 19) Correct Cyclicantibandwidth
Set parameter TimeLimit to value 1800
(w = 20) Value Cyclicantibandwidth: 20
Lables: [4, 24, 32, 3, 44, 12, 5, 31, 28, 16, 17, 40, 34, 25, 29, 11, 10, 48, 8, 37, 41, 45, 43, 20, 15, 6, 7, 47, 46, 2, 1, 33, 39, 38, 30, 27, 26, 35, 36, 13, 9, 14, 21, 22, 18, 19, 23, 42]
(w = 20) Correct Cyclicantibandwidth
Set parameter TimeLimit to value 1800
[runlim] sample:		19.6 time, 10.1 real, 213.5 MB
[runlim] sample:		50.9 time, 20.1 real, 269.6 MB
[runlim] sample:		90.9 time, 30.1 real, 293.1 MB
[runlim] sample:		130.9 time, 40.1 real, 296.6 MB
[runlim] sample:		171.0 time, 50.1 real, 298.6 MB
[runlim] sample:		211.0 time, 60.1 real, 305.2 MB
[runlim] sample:		251.0 time, 70.1 real, 305.4 MB
[runlim] sample:		291.0 time, 80.1 real, 305.6 MB
[runlim] sample:		331.0 time, 90.1 real, 306.0 MB
[runlim] sample:		371.1 time, 100.1 real, 306.9 MB
[runlim] sample:		411.1 time, 110.1 real, 308.4 MB
[runlim] sample:		443.6 time, 120.1 real, 352.3 MB
[runlim] sample:		473.7 time, 130.1 real, 444.9 MB
[runlim] sample:		504.0 time, 140.1 real, 452.5 MB
[runlim] end:			Mon Nov  3 08:09:21 2025
[runlim] status:		out of time
[runlim] result:		2
[runlim] children:		0
[runlim] real:			150.02 seconds
[runlim] time:			543.64 seconds
[runlim] space:			477.9 MB
[runlim] samples:		1499
