[runlim] version:		1.10
[runlim] time limit:		311040000 seconds
[runlim] real time limit:	150 seconds
[runlim] space limit:		30000 MB
[runlim] argv[0]:		python3
[runlim] argv[1]:		model.py
[runlim] argv[2]:		./graph/complete_binary_trees/cbt_34.txt
[runlim] start:			Mon Nov  3 07:58:18 2025
[runlim] main pid:		14431
[runlim] log captured:
Set parameter WLSAccessID
Set parameter WLSSecret
Set parameter LicenseID to value 2663665
Academic license 2663665 - for non-commercial use only - registered to tu___@vnu.edu.vn
Set parameter TimeLimit to value 1800
(w = 4) Value Cyclicantibandwidth: 4
Lables: [33, 6, 3, 21, 14, 26, 10, 1, 5, 27, 28, 30, 32, 4, 16, 20, 13, 12, 29, 18, 23, 9, 19, 11, 7, 15, 22, 24, 17, 31, 25, 2, 8, 34]
(w = 4) Correct Cyclicantibandwidth
Set parameter TimeLimit to value 1800
(w = 5) Value Cyclicantibandwidth: 5
Lables: [28, 11, 3, 27, 2, 17, 10, 1, 5, 8, 31, 30, 32, 4, 16, 20, 6, 12, 29, 18, 23, 25, 26, 7, 19, 15, 21, 24, 33, 22, 9, 13, 14, 34]
(w = 5) Correct Cyclicantibandwidth
Set parameter TimeLimit to value 1800
(w = 6) Value Cyclicantibandwidth: 6
Lables: [28, 17, 19, 11, 3, 12, 10, 25, 21, 27, 16, 1, 30, 4, 23, 9, 13, 5, 6, 18, 7, 33, 29, 14, 24, 15, 2, 22, 20, 31, 8, 26, 32, 34]
(w = 6) Correct Cyclicantibandwidth
Set parameter TimeLimit to value 1800
(w = 7) Value Cyclicantibandwidth: 7
Lables: [5, 17, 16, 28, 10, 27, 23, 21, 6, 29, 26, 20, 34, 4, 15, 11, 9, 32, 14, 13, 19, 7, 1, 30, 31, 22, 12, 18, 25, 8, 33, 3, 24, 2]
(w = 7) Correct Cyclicantibandwidth
Set parameter TimeLimit to value 1800
(w = 8) Value Cyclicantibandwidth: 8
Lables: [28, 17, 18, 30, 2, 26, 10, 9, 21, 27, 25, 12, 1, 34, 19, 20, 31, 5, 6, 13, 16, 4, 3, 24, 32, 15, 11, 22, 14, 29, 7, 8, 33, 23]
(w = 8) Correct Cyclicantibandwidth
Set parameter TimeLimit to value 1800
(w = 9) Value Cyclicantibandwidth: 9
Lables: [28, 17, 3, 30, 2, 26, 19, 10, 21, 27, 11, 12, 8, 4, 6, 20, 1, 5, 7, 9, 16, 24, 34, 25, 32, 23, 18, 15, 14, 22, 31, 29, 33, 13]
(w = 9) Correct Cyclicantibandwidth
Set parameter TimeLimit to value 1800
(w = 10) Value Cyclicantibandwidth: 10
Lables: [24, 7, 12, 25, 18, 32, 28, 5, 10, 30, 3, 22, 21, 4, 9, 23, 20, 27, 29, 19, 13, 16, 17, 1, 2, 34, 31, 15, 14, 33, 26, 11, 6, 8]
(w = 10) Correct Cyclicantibandwidth
Set parameter TimeLimit to value 1800
(w = 11) Value Cyclicantibandwidth: 11
Lables: [30, 17, 7, 6, 5, 18, 19, 20, 22, 21, 16, 1, 2, 3, 4, 8, 9, 10, 11, 32, 33, 27, 34, 12, 13, 14, 15, 23, 24, 25, 26, 28, 29, 31]
(w = 11) Correct Cyclicantibandwidth
Set parameter TimeLimit to value 1800
(w = 12) Value Cyclicantibandwidth: 12
Lables: [29, 17, 7, 5, 4, 19, 20, 18, 21, 16, 22, 1, 2, 3, 6, 30, 31, 9, 33, 28, 32, 10, 34, 23, 13, 14, 15, 25, 24, 26, 27, 12, 8, 11]
(w = 12) Correct Cyclicantibandwidth
Set parameter TimeLimit to value 1800
(w = 13) Value Cyclicantibandwidth: 13
Lables: [29, 14, 13, 30, 1, 34, 26, 10, 11, 18, 22, 21, 17, 9, 5, 31, 28, 27, 25, 32, 33, 3, 8, 6, 7, 4, 2, 24, 23, 20, 19, 15, 16, 12]
(w = 13) Correct Cyclicantibandwidth
Set parameter TimeLimit to value 1800
(w = 14) Value Cyclicantibandwidth: 14
Lables: [20, 1, 6, 19, 15, 21, 26, 3, 5, 33, 29, 2, 7, 11, 12, 18, 23, 25, 22, 13, 14, 9, 10, 16, 17, 27, 24, 30, 31, 32, 28, 34, 4, 8]
(w = 14) Correct Cyclicantibandwidth
Set parameter TimeLimit to value 1800
(w = 15) Not found solution with CAB = 15.
Final result: CAB = 14, Labels = [20, 1, 6, 19, 15, 21, 26, 3, 5, 33, 29, 2, 7, 11, 12, 18, 23, 25, 22, 13, 14, 9, 10, 16, 17, 27, 24, 30, 31, 32, 28, 34, 4, 8]
Real time: 9.198036670684814 seconds
[runlim] end:			Mon Nov  3 07:58:27 2025
[runlim] status:		ok
[runlim] result:		0
[runlim] children:		0
[runlim] real:			9.34 seconds
[runlim] time:			28.03 seconds
[runlim] space:			129.0 MB
[runlim] samples:		92
