[runlim] version:		1.10
[runlim] time limit:		311040000 seconds
[runlim] real time limit:	150 seconds
[runlim] space limit:		30000 MB
[runlim] argv[0]:		python3
[runlim] argv[1]:		model_MIP_CPLEX.py
[runlim] argv[2]:		./graph/complete_binary_trees/cbt_48.txt
[runlim] start:			Sun Nov  2 10:57:56 2025
[runlim] main pid:		40078
[runlim] log captured:
(w = 4) Building and Solving
Value Cyclic-Antibandwidth: 4
Labels: [11, 21, 34, 2, 25, 46, 7, 10, 41, 45, 36, 30, 19, 47, 29, 27, 22, 12, 28, 14, 35, 17, 31, 44, 24, 9, 23, 6, 40, 3, 13, 33, 1, 37, 42, 18, 43, 38, 8, 39, 32, 5, 20, 26, 48, 16, 15, 4]
Correct solution
(w = 5) Building and Solving
Value Cyclic-Antibandwidth: 5
Labels: [11, 21, 34, 4, 10, 46, 7, 36, 23, 15, 47, 28, 25, 14, 29, 12, 22, 31, 45, 24, 27, 17, 41, 44, 43, 9, 2, 6, 40, 38, 13, 33, 1, 37, 42, 3, 18, 19, 8, 39, 16, 5, 20, 26, 48, 30, 32, 35]
Correct solution
(w = 6) Building and Solving
Value Cyclic-Antibandwidth: 6
Labels: [11, 21, 31, 4, 10, 46, 7, 36, 23, 44, 47, 28, 25, 22, 29, 15, 18, 12, 45, 24, 27, 17, 41, 35, 43, 9, 2, 6, 40, 38, 13, 33, 1, 37, 42, 3, 34, 19, 8, 39, 16, 5, 20, 26, 48, 30, 32, 14]
Correct solution
(w = 7) Building and Solving
Value Cyclic-Antibandwidth: 7
Labels: [11, 21, 34, 4, 10, 8, 7, 45, 41, 47, 36, 28, 25, 22, 29, 15, 18, 31, 12, 24, 27, 17, 44, 35, 43, 9, 2, 6, 40, 38, 13, 33, 1, 37, 42, 23, 3, 19, 39, 46, 16, 5, 20, 26, 48, 30, 32, 14]
Correct solution
(w = 8) Building and Solving
Value Cyclic-Antibandwidth: 8
Labels: [35, 7, 16, 21, 45, 3, 47, 46, 41, 37, 27, 40, 19, 39, 25, 28, 11, 10, 13, 6, 18, 8, 4, 17, 12, 33, 36, 31, 14, 9, 34, 43, 15, 24, 30, 32, 44, 26, 2, 29, 38, 48, 1, 42, 20, 22, 23, 5]
Correct solution
(w = 9) Building and Solving
Value Cyclic-Antibandwidth: 9
Labels: [39, 7, 16, 21, 18, 3, 47, 46, 41, 37, 27, 40, 19, 30, 25, 28, 11, 10, 13, 6, 20, 8, 45, 17, 12, 33, 36, 4, 14, 9, 34, 43, 15, 24, 35, 32, 44, 26, 2, 29, 38, 48, 1, 42, 31, 22, 23, 5]
Correct solution
(w = 10) Building and Solving
Value Cyclic-Antibandwidth: 10
Labels: [39, 7, 16, 21, 18, 3, 47, 46, 41, 37, 35, 40, 19, 30, 20, 28, 11, 10, 13, 6, 27, 8, 45, 17, 12, 33, 36, 4, 14, 9, 34, 43, 15, 24, 25, 32, 44, 26, 2, 29, 38, 48, 1, 42, 31, 22, 23, 5]
Correct solution
(w = 11) Building and Solving
Value Cyclic-Antibandwidth: 11
Labels: [10, 21, 34, 4, 33, 8, 7, 36, 41, 13, 47, 39, 25, 22, 29, 15, 18, 19, 12, 24, 1, 17, 31, 27, 26, 9, 11, 6, 40, 3, 2, 35, 28, 37, 42, 32, 43, 38, 30, 46, 45, 23, 20, 44, 48, 16, 5, 14]
Correct solution
(w = 12) Building and Solving
Value Cyclic-Antibandwidth: 12
Labels: [1, 18, 16, 6, 4, 3, 47, 42, 41, 37, 20, 35, 19, 30, 21, 28, 11, 25, 13, 7, 2, 8, 45, 17, 12, 33, 36, 10, 14, 9, 34, 43, 15, 46, 39, 40, 44, 26, 48, 29, 38, 32, 27, 24, 31, 22, 23, 5]
Correct solution
(w = 13) Building and Solving
Value Cyclic-Antibandwidth: 13
Labels: [24, 7, 46, 20, 42, 17, 23, 35, 38, 12, 27, 47, 2, 6, 9, 18, 14, 25, 4, 26, 45, 43, 8, 19, 28, 16, 32, 33, 40, 29, 39, 31, 3, 48, 41, 44, 10, 34, 22, 1, 5, 11, 13, 15, 30, 21, 36, 37]
Correct solution
(w = 14) Building and Solving
Value Cyclic-Antibandwidth: 14
Labels: [26, 6, 40, 30, 20, 24, 9, 45, 12, 34, 43, 47, 5, 37, 31, 18, 22, 28, 32, 1, 19, 23, 11, 29, 16, 36, 39, 21, 15, 46, 14, 4, 41, 38, 8, 44, 13, 2, 3, 27, 17, 42, 35, 7, 48, 33, 25, 10]
Correct solution
(w = 15) Building and Solving
Value Cyclic-Antibandwidth: 15
Labels: [38, 23, 8, 5, 48, 26, 28, 30, 31, 32, 15, 3, 11, 12, 13, 47, 4, 16, 2, 7, 9, 36, 33, 22, 24, 37, 34, 43, 27, 44, 46, 29, 18, 19, 20, 35, 45, 17, 25, 39, 40, 41, 42, 10, 21, 6, 14, 1]
Correct solution
(w = 16) Building and Solving
Value Cyclic-Antibandwidth: 16
Labels: [2, 24, 28, 42, 6, 12, 44, 26, 17, 32, 29, 41, 30, 13, 20, 45, 7, 40, 34, 14, 16, 46, 8, 10, 15, 5, 9, 35, 39, 47, 1, 21, 18, 25, 33, 11, 19, 4, 3, 36, 38, 48, 43, 23, 22, 27, 37, 31]
Correct solution
(w = 17) Building and Solving
Value Cyclic-Antibandwidth: 17
Labels: [35, 17, 16, 40, 42, 34, 44, 23, 10, 12, 22, 8, 3, 18, 19, 45, 6, 32, 33, 29, 36, 1, 43, 28, 39, 31, 26, 41, 38, 48, 47, 14, 21, 27, 37, 4, 5, 7, 13, 2, 46, 9, 15, 30, 25, 24, 20, 11]
Correct solution
(w = 18) Building and Solving
Value Cyclic-Antibandwidth: 18
Labels: [35, 13, 12, 36, 39, 42, 32, 16, 6, 9, 21, 22, 17, 8, 10, 46, 40, 25, 27, 29, 38, 41, 48, 3, 45, 43, 44, 34, 28, 33, 37, 18, 26, 15, 14, 47, 4, 2, 5, 1, 7, 20, 19, 11, 23, 30, 24, 31]
Correct solution
(w = 19) Building and Solving
Value Cyclic-Antibandwidth: 19
Labels: [22, 1, 2, 20, 27, 28, 24, 39, 40, 48, 7, 5, 4, 43, 47, 12, 17, 13, 16, 23, 19, 29, 36, 30, 34, 25, 26, 14, 15, 21, 18, 31, 33, 46, 37, 35, 32, 38, 42, 3, 45, 41, 44, 9, 10, 11, 8, 6]
Correct solution
(w = 20) Building and Solving
Value Cyclic-Antibandwidth: 20
Labels: [29, 3, 4, 31, 23, 24, 28, 11, 10, 43, 48, 45, 46, 5, 7, 36, 35, 30, 38, 15, 16, 26, 22, 19, 20, 21, 25, 33, 27, 34, 32, 13, 12, 8, 14, 9, 2, 17, 18, 41, 37, 39, 40, 6, 47, 1, 44, 42]
Correct solution
(w = 21) Building and Solving
[runlim] sample:		28.9 time, 10.5 real, 158.8 MB
Cannot find soluion with w = 21
Final result: CAB = 20
Labels = [29, 3, 4, 31, 23, 24, 28, 11, 10, 43, 48, 45, 46, 5, 7, 36, 35, 30, 38, 15, 16, 26, 22, 19, 20, 21, 25, 33, 27, 34, 32, 13, 12, 8, 14, 9, 2, 17, 18, 41, 37, 39, 40, 6, 47, 1, 44, 42]
[runlim] end:			Sun Nov  2 10:58:13 2025
[runlim] status:		ok
[runlim] result:		0
[runlim] children:		0
[runlim] real:			17.39 seconds
[runlim] time:			59.35 seconds
[runlim] space:			173.8 MB
[runlim] samples:		169
