[runlim] version:		1.10
[runlim] time limit:		311040000 seconds
[runlim] real time limit:	150 seconds
[runlim] space limit:		30000 MB
[runlim] argv[0]:		python3
[runlim] argv[1]:		model_MIP_CPLEX.py
[runlim] argv[2]:		./graph/complete_binary_trees/cbt_32.txt
[runlim] start:			Sun Nov  2 10:56:12 2025
[runlim] main pid:		38950
[runlim] log captured:
(w = 4) Building and Solving
Value Cyclic-Antibandwidth: 4
Labels: [29, 2, 12, 25, 14, 21, 23, 10, 9, 4, 26, 5, 16, 7, 1, 3, 27, 18, 31, 13, 8, 19, 6, 22, 30, 32, 24, 15, 11, 28, 17, 20]
Correct solution
(w = 5) Building and Solving
Value Cyclic-Antibandwidth: 5
Labels: [29, 2, 12, 23, 14, 21, 18, 6, 32, 4, 26, 5, 16, 7, 1, 28, 31, 8, 17, 9, 10, 3, 11, 22, 30, 27, 24, 15, 25, 13, 19, 20]
Correct solution
(w = 6) Building and Solving
Value Cyclic-Antibandwidth: 6
Labels: [3, 16, 14, 29, 32, 21, 23, 6, 12, 19, 26, 5, 2, 7, 1, 28, 18, 4, 31, 9, 8, 10, 11, 22, 30, 27, 24, 15, 25, 13, 17, 20]
Correct solution
(w = 7) Building and Solving
Value Cyclic-Antibandwidth: 7
Labels: [3, 16, 14, 29, 6, 21, 23, 4, 12, 19, 26, 5, 2, 7, 1, 28, 18, 32, 31, 9, 8, 10, 11, 22, 30, 27, 24, 15, 25, 13, 17, 20]
Correct solution
(w = 8) Building and Solving
Value Cyclic-Antibandwidth: 8
Labels: [12, 4, 32, 20, 16, 9, 14, 10, 30, 28, 3, 17, 1, 5, 31, 23, 2, 13, 6, 19, 15, 26, 24, 8, 29, 21, 25, 27, 22, 7, 18, 11]
Correct solution
(w = 9) Building and Solving
Value Cyclic-Antibandwidth: 9
Labels: [27, 10, 14, 30, 25, 24, 2, 12, 20, 3, 15, 4, 9, 19, 21, 23, 32, 8, 29, 16, 17, 5, 1, 26, 13, 22, 18, 28, 6, 7, 31, 11]
Correct solution
(w = 10) Building and Solving
Value Cyclic-Antibandwidth: 10
Labels: [24, 6, 2, 22, 25, 16, 17, 7, 9, 14, 4, 27, 1, 5, 32, 29, 23, 28, 31, 3, 30, 26, 15, 11, 8, 12, 20, 18, 21, 10, 13, 19]
Correct solution
(w = 11) Building and Solving
Value Cyclic-Antibandwidth: 11
Labels: [2, 14, 23, 26, 25, 11, 3, 8, 9, 12, 4, 32, 29, 19, 24, 22, 27, 30, 21, 28, 31, 16, 15, 17, 20, 13, 18, 6, 1, 10, 5, 7]
Correct solution
(w = 12) Building and Solving
Value Cyclic-Antibandwidth: 12
Labels: [15, 2, 27, 17, 22, 7, 12, 1, 3, 8, 10, 19, 26, 24, 25, 13, 16, 18, 20, 21, 28, 23, 29, 32, 31, 6, 14, 5, 4, 11, 9, 30]
Correct solution
(w = 13) Building and Solving
Value Cyclic-Antibandwidth: 13
Labels: [26, 7, 13, 25, 20, 32, 27, 10, 12, 1, 2, 17, 19, 9, 8, 24, 29, 30, 31, 15, 14, 18, 16, 4, 3, 5, 6, 28, 23, 22, 21, 11]
Correct solution
(w = 14) Building and Solving
Cannot find soluion with w = 14
Final result: CAB = 13
Labels = [26, 7, 13, 25, 20, 32, 27, 10, 12, 1, 2, 17, 19, 9, 8, 24, 29, 30, 31, 15, 14, 18, 16, 4, 3, 5, 6, 28, 23, 22, 21, 11]
[runlim] end:			Sun Nov  2 10:56:16 2025
[runlim] status:		ok
[runlim] result:		0
[runlim] children:		0
[runlim] real:			4.25 seconds
[runlim] time:			12.73 seconds
[runlim] space:			94.9 MB
[runlim] samples:		33
