[runlim] version:		1.10
[runlim] time limit:		311040000 seconds
[runlim] real time limit:	150 seconds
[runlim] space limit:		30000 MB
[runlim] argv[0]:		python3
[runlim] argv[1]:		model_MIP_CPLEX.py
[runlim] argv[2]:		./graph/complete_binary_trees/cbt_49.txt
[runlim] start:			Sun Nov  2 10:58:13 2025
[runlim] main pid:		40302
[runlim] log captured:
(w = 4) Building and Solving
Value Cyclic-Antibandwidth: 4
Labels: [21, 15, 42, 37, 3, 14, 33, 29, 7, 12, 8, 41, 43, 25, 22, 16, 17, 2, 35, 4, 47, 1, 26, 9, 20, 30, 10, 40, 44, 32, 6, 31, 28, 39, 13, 38, 24, 18, 45, 11, 27, 5, 36, 34, 46, 48, 19, 23, 49]
Correct solution
(w = 5) Building and Solving
Value Cyclic-Antibandwidth: 5
Labels: [23, 15, 41, 37, 3, 27, 33, 29, 49, 12, 8, 20, 6, 19, 22, 16, 21, 34, 30, 4, 47, 1, 26, 25, 5, 38, 39, 40, 44, 7, 36, 31, 28, 9, 13, 14, 24, 18, 45, 11, 32, 35, 17, 42, 43, 48, 2, 10, 46]
Correct solution
(w = 6) Building and Solving
Value Cyclic-Antibandwidth: 6
Labels: [8, 15, 41, 37, 3, 27, 33, 29, 49, 12, 28, 11, 6, 19, 22, 16, 21, 34, 35, 4, 47, 1, 38, 25, 20, 30, 39, 40, 44, 7, 36, 31, 26, 9, 13, 14, 24, 18, 45, 23, 32, 5, 17, 42, 43, 48, 2, 10, 46]
Correct solution
(w = 7) Building and Solving
Value Cyclic-Antibandwidth: 7
Labels: [8, 15, 41, 37, 3, 27, 33, 29, 49, 12, 28, 11, 6, 19, 22, 16, 21, 34, 35, 4, 47, 1, 38, 25, 20, 30, 39, 40, 44, 7, 36, 31, 26, 9, 13, 14, 24, 18, 45, 23, 32, 5, 17, 42, 43, 48, 2, 10, 46]
Correct solution
(w = 8) Building and Solving
Value Cyclic-Antibandwidth: 8
Labels: [23, 15, 41, 37, 3, 27, 33, 8, 49, 12, 28, 11, 43, 19, 22, 16, 21, 34, 35, 4, 26, 1, 38, 32, 20, 29, 9, 40, 44, 7, 6, 31, 25, 39, 13, 14, 47, 18, 45, 17, 30, 5, 36, 42, 24, 48, 2, 10, 46]
Correct solution
(w = 9) Building and Solving
Value Cyclic-Antibandwidth: 9
Labels: [8, 18, 42, 47, 41, 25, 3, 31, 33, 10, 27, 39, 14, 16, 12, 49, 5, 45, 22, 36, 23, 40, 11, 19, 7, 1, 30, 37, 28, 35, 48, 17, 15, 44, 21, 26, 34, 43, 32, 46, 2, 13, 38, 9, 4, 20, 24, 29, 6]
Correct solution
(w = 10) Building and Solving
Value Cyclic-Antibandwidth: 10
Labels: [7, 17, 37, 40, 28, 1, 24, 10, 6, 4, 43, 31, 32, 35, 38, 49, 34, 42, 41, 33, 27, 26, 23, 21, 45, 20, 44, 3, 2, 22, 19, 15, 29, 47, 13, 12, 30, 18, 25, 46, 14, 16, 5, 36, 48, 8, 9, 11, 39]
Correct solution
(w = 11) Building and Solving
Value Cyclic-Antibandwidth: 11
Labels: [33, 18, 19, 47, 40, 1, 36, 31, 9, 10, 17, 39, 14, 48, 5, 8, 15, 45, 38, 23, 22, 37, 34, 21, 6, 27, 25, 12, 35, 29, 26, 24, 41, 44, 32, 28, 30, 16, 13, 46, 2, 3, 7, 49, 4, 20, 11, 42, 43]
Correct solution
(w = 12) Building and Solving
Value Cyclic-Antibandwidth: 12
Labels: [7, 21, 43, 40, 36, 17, 23, 18, 28, 4, 19, 1, 32, 35, 38, 49, 34, 42, 41, 33, 37, 31, 45, 24, 27, 20, 44, 3, 2, 22, 26, 15, 29, 47, 13, 12, 30, 10, 25, 46, 14, 16, 5, 6, 48, 8, 9, 11, 39]
Correct solution
(w = 13) Building and Solving
Value Cyclic-Antibandwidth: 13
Labels: [46, 12, 27, 48, 45, 42, 7, 35, 26, 31, 32, 20, 6, 22, 23, 15, 21, 3, 11, 1, 2, 8, 5, 40, 33, 41, 38, 47, 43, 10, 49, 44, 28, 4, 34, 16, 17, 24, 25, 36, 14, 30, 37, 39, 29, 18, 19, 13, 9]
Correct solution
(w = 14) Building and Solving
Value Cyclic-Antibandwidth: 14
Labels: [49, 17, 31, 40, 45, 47, 2, 6, 21, 13, 25, 23, 20, 18, 16, 29, 30, 48, 7, 46, 38, 3, 11, 4, 41, 42, 39, 1, 35, 43, 37, 10, 14, 9, 8, 34, 33, 36, 24, 15, 12, 5, 22, 28, 32, 26, 44, 19, 27]
Correct solution
(w = 15) Building and Solving
Value Cyclic-Antibandwidth: 15
Labels: [42, 22, 27, 40, 48, 7, 6, 12, 23, 20, 33, 29, 41, 34, 25, 30, 31, 38, 4, 43, 2, 5, 11, 47, 10, 24, 19, 15, 49, 3, 1, 8, 45, 9, 46, 13, 21, 37, 36, 18, 14, 35, 26, 39, 32, 44, 28, 16, 17]
Correct solution
(w = 16) Building and Solving
Value Cyclic-Antibandwidth: 16
Labels: [36, 20, 10, 39, 37, 27, 42, 16, 22, 7, 4, 45, 44, 24, 23, 40, 32, 5, 2, 29, 28, 30, 35, 12, 25, 15, 26, 6, 8, 43, 41, 14, 19, 3, 1, 31, 34, 18, 21, 48, 46, 47, 49, 11, 13, 9, 17, 33, 38]
Correct solution
(w = 17) Building and Solving
Value Cyclic-Antibandwidth: 17
Labels: [6, 23, 27, 3, 45, 44, 49, 29, 25, 13, 19, 26, 15, 20, 24, 11, 12, 8, 2, 31, 42, 38, 39, 48, 47, 32, 46, 37, 41, 43, 1, 28, 36, 30, 35, 34, 40, 33, 21, 4, 5, 14, 22, 7, 17, 9, 10, 18, 16]
Correct solution
(w = 18) Building and Solving
Value Cyclic-Antibandwidth: 18
Labels: [2, 22, 24, 4, 41, 43, 47, 34, 27, 13, 19, 23, 18, 25, 21, 12, 9, 7, 6, 35, 36, 37, 44, 1, 5, 45, 38, 3, 48, 46, 49, 39, 42, 40, 32, 29, 33, 30, 28, 15, 17, 16, 8, 11, 10, 26, 14, 20, 31]
Correct solution
(w = 19) Building and Solving
Value Cyclic-Antibandwidth: 19
Labels: [24, 3, 45, 23, 28, 21, 20, 42, 43, 1, 8, 49, 46, 39, 40, 18, 15, 14, 16, 31, 30, 29, 32, 22, 25, 27, 26, 10, 13, 19, 17, 37, 38, 44, 34, 35, 33, 41, 36, 9, 2, 4, 6, 5, 7, 11, 12, 47, 48]
Correct solution
(w = 20) Building and Solving
Value Cyclic-Antibandwidth: 20
Labels: [25, 2, 3, 31, 22, 26, 32, 10, 11, 42, 43, 6, 48, 9, 4, 36, 37, 38, 40, 16, 15, 20, 21, 27, 33, 28, 23, 34, 30, 29, 24, 14, 7, 8, 12, 17, 18, 19, 13, 44, 41, 39, 35, 47, 49, 45, 46, 1, 5]
Correct solution
(w = 21) Building and Solving
Value Cyclic-Antibandwidth: 21
Labels: [30, 4, 7, 25, 32, 33, 29, 48, 1, 11, 9, 12, 10, 2, 3, 20, 21, 24, 22, 38, 39, 31, 36, 40, 37, 35, 34, 27, 23, 28, 26, 41, 42, 44, 45, 46, 49, 43, 47, 17, 13, 15, 18, 6, 5, 14, 8, 19, 16]
Correct solution
(w = 22) Building and Solving
[runlim] sample:		31.8 time, 10.4 real, 159.1 MB
Cannot find soluion with w = 22
Final result: CAB = 21
Labels = [30, 4, 7, 25, 32, 33, 29, 48, 1, 11, 9, 12, 10, 2, 3, 20, 21, 24, 22, 38, 39, 31, 36, 40, 37, 35, 34, 27, 23, 28, 26, 41, 42, 44, 45, 46, 49, 43, 47, 17, 13, 15, 18, 6, 5, 14, 8, 19, 16]
[runlim] end:			Sun Nov  2 10:58:32 2025
[runlim] status:		ok
[runlim] result:		0
[runlim] children:		0
[runlim] real:			19.84 seconds
[runlim] time:			76.87 seconds
[runlim] space:			194.4 MB
[runlim] samples:		194
