[runlim] version:		1.10
[runlim] time limit:		311040000 seconds
[runlim] real time limit:	150 seconds
[runlim] space limit:		30000 MB
[runlim] argv[0]:		oplrun
[runlim] argv[1]:		-l
[runlim] argv[2]:		./results/150s/3dmesh/out/3dmesh_6_6_100-output.out
[runlim] argv[3]:		CP-CPLEX.mod
[runlim] argv[4]:		./graphs/3dmesh/3dmesh_6_6_100.dat
[runlim] start:			Thu Oct 30 08:33:06 2025
[runlim] main pid:		2661
[runlim] log captured:

<<< setup


<<< generate

 ! --------------------------------------------------- CP Optimizer 22.1.1.0 --
 ! Maximization problem - 3601 variables, 19132 constraints
 ! Initial process time : 0.47s (0.47s extraction + 0.00s propagation)
 !  . Log search space  : 42540.4 (before), 42540.4 (after)
 !  . Memory usage      : 17.5 MB (before), 17.5 MB (after)
 ! Using parallel search with 8 workers.
 ! ----------------------------------------------------------------------------
 !          Best Branches  Non-fixed    W       Branch decision
                        0       3601                 -
 + New bound is 3599
                        0       3601    1            -
 + New bound is 1800
                     1000       3400    1       200  = labels#24
                     1000       3401    2       200  = labels#852
                     1000       2610    3       991  = labels#1340
                     1000       3401    4       200  = labels#1398
                     1000       2609    5      2115  = labels#503
                     1000       2608    6       990  = labels#387
                     1000       3401    7       200  = labels#144
                     1000       2608    8       348  = labels#432
                     2000       1610    3      1991  = labels#870
                     2000       1609    5      3117  = labels#853
                     2000       1608    6      1991  = labels#3515
                     2000       1608    8      2881  = labels#254
[runlim] sample:		46.9 time, 10.7 real, 7616.1 MB
                     2000       2400    1      1200  = labels#2984
                     2000       2401    2      1200  = labels#903
                     3000        609    3      2991  = labels#3402
                     2000       2400    4      1200  = labels#1245
                     3000        609    5      2214  = labels#3308
                     3000        608    6      2991  = labels#2157
 ! Time = 12.09s, Average fail depth = 1, Memory usage = 180.0 MB
 ! Current bound is 1800
 !          Best Branches  Non-fixed    W       Branch decision
                     2000       2400    7      1200  = labels#3216
                     3000        608    8      1475  = labels#73
                     3000       1400    1      2200  = labels#1529
                     3000       1400    2      2200  = labels#751
                     3000       1400    4      2200  = labels#1689
                     3000       1400    7      2200  = labels#484
 *             1     3618  16.28s       3      (gap  > 10000%)
               1     4000          2    3       374  = labels#2216
               1     4000          2    5      2971  = labels#1774
               1     4000          2    6      1951  = labels#1039
               1     4000        400    1      3200  = labels#864
               1     4000        400    2      3200  = labels#547
               1     5000       2227    3      1375  = labels#1120
               1     4000        400    4      3200  = labels#2183
               1     5000       2225    6      3574  = labels#2134
               1     4000        400    7      3200  = labels#1330
               1     4000          2    8       372  = labels#891
[runlim] sample:		93.5 time, 20.7 real, 12608.2 MB
               1     6000       1227    3      2371  = labels#1612
               1     5000       2230    5       251  = labels#1541
               1     6000       1225    6      1480  = labels#2812
 ! Time = 19.99s, Average fail depth = 5, Memory usage = 5.0 GB
 ! Current bound is 1800 (gap  > 10000%)
 !          Best Branches  Non-fixed    W       Branch decision
               1     5000          2    1      1276  = labels#988
               1     5000          2    2      1626  = labels#2722
               1     5000          2    4      1022  = labels#1781
               1     5000          2    7      1009  = labels#1400
               1     6000       1999    1       632  = labels#427
               1     6000       2000    2      2757  = labels#335
               1     7000        227    3      3371  = labels#1277
               1     6000       1999    4      1911  = labels#180
               1     6000       1236    5       527  = labels#2355
               1     7000        227    6      3366  = labels#1995
               1     6000       1999    7        92  = labels#707
               1     5000       2223    8      1373  = labels#2779
               1     7000        999    1      2103  = labels#664
               1     7000        999    2      3388  = labels#1285
               1     7000        999    4      2075  = labels#994
               1     7000        241    5      2699  = labels#3545
               1     7000        999    7      2300  = labels#1381
 *             2     7236  23.90s       3      (gap  > 10000%)
               2     8000          2    3      1446  = labels#2198
               2     8000          2    6      1646  = labels#742
 ! Time = 23.90s, Average fail depth = 91, Memory usage = 13.0 GB
 ! Current bound is 1800 (gap  > 10000%)
 !          Best Branches  Non-fixed    W       Branch decision
               2     8000          2    7      1272  = labels#698
               2     8000          2    1      1751  = labels#3495
               2     8000          2    2      3107  = labels#3034
               2     9000       1846    3      2356  = labels#1501
               2     8000          2    4       983  = labels#200
               2     8000          2    5       298  = labels#2826
               2     9000       1851    6      1904  = labels#1921
               2     9000       2599    7      2518  = labels#2803
               2     6000       1222    8      2376  = labels#1030
               2     9000       2598    1       551  = labels#714
               2     9000       2599    2      1000  = labels#557
               2    10000        854    3      2903  = labels#3087
               2     9000       2599    4      1717  = labels#2306
               2     9000       1860    5      1312  = labels#3020
               2    10000        855    6       231  = labels#782
               2    10000       1599    7      1603  = labels#1562
               2     7000        222    8      3378  = labels#1123
               2    10000       1598    1      1472  = labels#1945
               2    10000       1599    2        27  = labels#2696
               2    10000       1598    4      1473  = labels#1692
 ! Time = 29.77s, Average fail depth = 91, Memory usage = 13.0 GB
 ! Current bound is 1800 (gap  > 10000%)
 !          Best Branches  Non-fixed    W       Branch decision
               2    10000        866    5      1864  = labels#2317
 *             3    10865  29.77s       3      (gap  > 10000%)
               3    11000          2    3      2598  = labels#1527
               3    11000          2    6      3493  = labels#78
[runlim] sample:		127.8 time, 30.7 real, 14230.6 MB
               3    11000        598    7        59  = labels#3079
               3    11000        598    1      2061  = labels#1883
               3    11000        598    2      2968  = labels#2949
               3    12000       2476    3      3455  = labels#2709
               3    11000        598    4      3593  = labels#2468
               3    12000       2493    6      1293  = labels#3574
               3    11000          2    5       106  = labels#1494
               3    13000       1497    6      1574  = labels#551
               3    12000          2    7       535  = labels#382
               3     8000          2    8      2841  = labels#3085
               3    12000          2    1      3333  = labels#986
               3    12000          2    2      1310  = labels#1145
               3    13000       1481    3       878  = labels#2181
               3    12000          2    4      2491  = labels#1823
               3    14000        505    6       470  = labels#1308
               3    13000       2197    7      1242  = labels#1594
 ! Time = 33.87s, Average fail depth = 252, Memory usage = 14.8 GB
 ! Current bound is 1800 (gap  > 10000%)
 !          Best Branches  Non-fixed    W       Branch decision
               3     9000       1837    8      1839  = labels#1437
               3    13000       2198    1       909  = labels#2697
               3    13000       2197    2       438  = labels#2478
               3    14000        493    3      2776  = labels#1632
               3    13000       2198    4      3508  = labels#2312
               3    12000       2490    5      1108  = labels#3052
               3    14000       1197    7      1928  = labels#142
               3    14000       1197    1       952  = labels#2473
               3    14000       1197    2       784  = labels#118
               3    14000       1197    4      1501  = labels#1874
               3    13000       1490    5      2115  = labels#2676
 *             4    14514  35.32s       6      (gap  > 10000%)
               4    15000          2    6       469  = labels#491
               4    15000        197    4      2363  = labels#3028
               4    14000        490    5      3112  = labels#155
               4    16000       2123    6      1471  = labels#1776
               4    15000        197    7      2830  = labels#290
               4    10000        837    8       839  = labels#2187
               4    15000        197    1      1433  = labels#3284
               4    15000        197    2      3524  = labels#2853
 ! Time = 36.67s, Average fail depth = 315, Memory usage = 14.8 GB
 ! Current bound is 1800 (gap  > 10000%)
 !          Best Branches  Non-fixed    W       Branch decision
               4    15000          2    3       474  = labels#279
               4    15000          2    5       494  = labels#212
               4    17000       1123    6      2479  = labels#2480
               4    11000          2    8      2895  = labels#832
[runlim] sample:		173.5 time, 40.7 real, 14232.4 MB
               4    18000        123    6      3469  = labels#3456
               4    12000       2457    8        50  = labels#1267
               4    16000          2    1       804  = labels#49
               4    16000          2    2       804  = labels#1717
               4    16000       2125    3      1474  = labels#3556
               4    16000          2    4       804  = labels#2885
               4    16000       2108    5      1485  = labels#1361
               4    16000          2    7       804  = labels#1578
               4    13000       1464    8       132  = labels#3492
 *             5    18132  42.77s       6      (gap  > 10000%)
               5    14000        476    8      1290  = labels#3415
               5    17000       1124    3      2475  = labels#1880
               5    17000       1108    5      2494  = labels#2582
               5    18000        124    3      3476  = labels#2388
               5    18000        108    5      3484  = labels#2917
               5    15000          2    8       490  = labels#315
 ! Time = 47.65s, Average fail depth = 379, Memory usage = 14.8 GB
 ! Current bound is 1800 (gap  > 10000%)
 !          Best Branches  Non-fixed    W       Branch decision
               5    19000          3    6       860  = labels#853
               5    17000       1795    7      1805  = labels#1140
               5    17000       1796    1      1804  = labels#614
               5    17000       1795    2      1805  = labels#662
               5    17000       1795    4      1805  = labels#2603
               5    19000          2    3      1892  = labels#1185
[runlim] sample:		230.1 time, 50.7 real, 14385.8 MB
               5    18000        795    4      2805  = labels#1641
               5    18000        795    7      2805  = labels#2882
               5    16000       2107    8      1491  = labels#2263
               5    18000        796    1      2804  = labels#3200
               5    18000        795    2      2805  = labels#965
               5    20000       1744    3      3312  = labels#723
               5    19000          2    4      3395  = labels#3238
               5    20000       1739    6      1861  = labels#279
               5    19000          2    7      3395  = labels#1636
               5    17000       1107    8      2492  = labels#2285
               5    19000          2    1      3396  = labels#215
               5    19000          2    2      3395  = labels#2569
               5    21000        756    3        31  = labels#1668
               5    19000          2    5       875  = labels#334
 ! Time = 57.62s, Average fail depth = 351, Memory usage = 15.0 GB
 ! Current bound is 1800 (gap  > 10000%)
 !          Best Branches  Non-fixed    W       Branch decision
               5    18000        107    8      3493  = labels#2206
 *             6    18116  57.62s       8      (gap  > 10000%)
               6    22000          2    3       210  = labels#205
[runlim] sample:		283.7 time, 60.7 real, 15080.1 MB
               6    21000        739    6      2861  = labels#2105
               6    19000          2    8       881  = labels#2219
               6    23000       2390    3      1209  = labels#2741
               6    20000       2394    7      2395  = labels#2974
               6    20000       1725    8      1881  = labels#3009
               6    20000       2396    1      2396  = labels#1511
               6    20000       2394    2      2395  = labels#2384
               6    24000       1390    3      2203  = labels#2870
               6    20000       2394    4      2395  = labels#2441
               6    22000          2    6      2002  = labels#685
               6    21000        725    8      2857  = labels#3505
               6    25000        390    3      3193  = labels#90
               6    23000       2366    6      3531  = labels#931
               6    21000       1394    7      1395  = labels#1698
               6    21000       1395    1      1396  = labels#2587
               6    21000       1394    2      1395  = labels#3144
               6    21000       1394    4      1395  = labels#2071
 ! Time = 66.39s, Average fail depth = 356, Memory usage = 15.1 GB
 ! Current bound is 1800 (gap  > 10000%)
 !          Best Branches  Non-fixed    W       Branch decision
               6    20000       1725    5      1874  = labels#2838
               6    24000       1383    6      2525  = labels#146
 *             7    21734  66.39s       8      (gap  > 10000%)
               7    22000          2    8      3059  = labels#2296
               7    26000          2    3      3378  = labels#1541
               7    22000        394    4       395  = labels#3262
               7    25000        403    6      2405  = labels#93
               7    22000        394    7       395  = labels#1345
               7    23000       2353    8      3152  = labels#2411
               7    22000        395    1       396  = labels#1091
               7    22000        394    2       395  = labels#415
               7    27000       2025    3       280  = labels#453
[runlim] sample:		337.3 time, 70.7 real, 16095.1 MB
               7    23000          2    7       609  = labels#1968
               7    24000       1371    8       733  = labels#1292
               7    23000          2    1       607  = labels#2829
               7    23000          2    2       609  = labels#2136
               7    28000       1053    3      2028  = labels#1311
               7    23000          2    4       602  = labels#3140
               7    21000        725    5      2875  = labels#75
               7    26000          2    6      1504  = labels#2838
 ! Time = 70.43s, Average fail depth = 386, Memory usage = 15.1 GB
 ! Current bound is 1800 (gap  > 10000%)
 !          Best Branches  Non-fixed    W       Branch decision
               7    24000       1993    7      1607  = labels#259
               7    25000        401    8       995  = labels#3413
               7    24000       1994    1      1607  = labels#186
               7    24000       1993    2      1609  = labels#2827
               7    29000         81    3      1826  = labels#2295
               7    24000       1993    4      1609  = labels#2047
               7    27000       2052    6      2341  = labels#733
               7    22000          2    5      2741  = labels#2255
               7    28000       1069    6       828  = labels#898
               7    25000        993    7      2608  = labels#2738
               7    25000        994    1      2608  = labels#16
               7    25000        993    2      2608  = labels#309
               7    25000        993    4      2602  = labels#1418
               7    23000       2355    5       465  = labels#1886
 *             8    25428  72.63s       8      (gap  > 10000%)
               8    26000          2    8      2484  = labels#2689
               8    24000       1374    5       919  = labels#3336
               8    29000         95    6      1186  = labels#3597
               8    27000       2052    8      1553  = labels#1642
               8    26000          2    4       157  = labels#2624
 ! Time = 73.64s, Average fail depth = 475, Memory usage = 16.8 GB
 ! Current bound is 1800 (gap  > 10000%)
 !          Best Branches  Non-fixed    W       Branch decision
               8    26000          2    7      3163  = labels#3321
               8    26000          2    1      3336  = labels#137
               8    26000          2    2      2078  = labels#901
               8    30000          3    3       897  = labels#1615
               8    27000       2595    4      1959  = labels#3397
               8    25000        406    5       746  = labels#1789
               8    30000          2    6       904  = labels#2917
               8    27000       2593    7      1948  = labels#2159
               8    28000       1086    8      2755  = labels#1240
               8    27000       2594    1      2235  = labels#1594
               8    27000       2595    2      2654  = labels#3512
               8    31000       1717    6      1883  = labels#1441
               8    28000       1594    7        81  = labels#3377
               8    29000        130    8      2737  = labels#1176
               8    28000       1595    1      2674  = labels#684
               8    28000       1594    2      3017  = labels#417
               8    28000       1596    4      2976  = labels#701
               8    26000          2    5       560  = labels#465
 *             9    29151  75.75s       8      (gap  > 10000%)
               9    29000        601    1       325  = labels#2102
 ! Time = 76.95s, Average fail depth = 593, Memory usage = 16.8 GB
 ! Current bound is 1800 (gap  > 10000%)
 !          Best Branches  Non-fixed    W       Branch decision
               9    29000        596    2      2905  = labels#1444
               9    29000        600    4      1163  = labels#2799
               9    27000       2030    5      1565  = labels#2661
               9    32000        717    6      2895  = labels#35
               9    29000        594    7      2832  = labels#787
               9    30000          2    8       853  = labels#241
               9    30000          2    7      2176  = labels#3362
               9    31000       1758    8      1849  = labels#996
               9    30000          2    1       553  = labels#1296
               9    30000          2    2      2911  = labels#1026
               9    31000       1700    3      1899  = labels#3530
               9    30000          2    4       158  = labels#2140
               9    28000       1030    5      2583  = labels#1743
               9    33000          2    6      3337  = labels#2238
               9    31000       2202    7       128  = labels#47
               9    32000        758    8      2852  = labels#1485
               9    31000       2202    1      3041  = labels#22
               9    31000       2199    2      2651  = labels#319
               9    31000       2204    4       303  = labels#201
               9    29000         30    5      3569  = labels#2755
 ! Time = 79.65s, Average fail depth = 594, Memory usage = 16.8 GB
 ! Current bound is 1800 (gap  > 10000%)
 !          Best Branches  Non-fixed    W       Branch decision
[runlim] sample:		388.8 time, 80.7 real, 16108.2 MB
               9    32000       1203    7      1913  = labels#823
               9    32000       1202    1      2284  = labels#1617
               9    32000       1201    2      3159  = labels#3220
               9    32000        700    3      2899  = labels#2154
               9    32000       1203    4      2169  = labels#95
               9    30000          2    5       595  = labels#2796
 *            10    32767  80.68s       8      (gap  > 10000%)
              10    33000          2    8       224  = labels#1385
              10    33000        203    4      2512  = labels#2050
              10    31000       1678    5       266  = labels#2670
              10    33000        211    7       994  = labels#1673
              10    33000        206    1      1456  = labels#773
              10    33000        209    2      3527  = labels#363
              10    33000          2    3       242  = labels#138
              10    34000          2    4       268  = labels#3209
              10    32000        734    5      1606 != labels#1524
              10    34000       2335    6      2337  = labels#2857
              10    34000          2    7       832  = labels#277
              10    34000          2    1       623  = labels#1398
              10    34000          2    2      2539  = labels#1889
 ! Time = 82.92s, Average fail depth = 567, Memory usage = 16.8 GB
 ! Current bound is 1800 (gap  > 10000%)
 !          Best Branches  Non-fixed    W       Branch decision
              10    34000       2317    3      1290  = labels#2950
              10    35000       1806    4      3311  = labels#2348
              10    35000       1810    7       589  = labels#984
              10    34000       2375    8      1224  = labels#2791
              10    35000       1811    1      1958  = labels#3483
              10    35000       1813    2       536  = labels#2789
              10    35000       1317    3      2293  = labels#1830
              10    35000       1334    6      1337  = labels#2970
              10    36000        812    7       378  = labels#79
              10    36000        815    1      1815  = labels#3203
              10    36000        816    2      2428  = labels#1642
              10    36000        317    3      3286  = labels#1426
              10    36000        806    4      1523  = labels#2833
              10    33000          2    5       219  = labels#1237
              10    37000          2    4       195  = labels#590
              10    37000          2    7       187  = labels#230
              10    35000       1375    8      2224  = labels#2386
              10    37000          2    1       184  = labels#2757
              10    37000          2    2       181  = labels#1439
              10    37000          2    3       671  = labels#281
 ! Time = 87.79s, Average fail depth = 612, Memory usage = 16.8 GB
 ! Current bound is 1800 (gap  > 10000%)
 !          Best Branches  Non-fixed    W       Branch decision
[runlim] sample:		439.6 time, 90.7 real, 16109.0 MB
              10    36000        334    6       336  = labels#1841
              10    36000        375    8      3224  = labels#2576
              10    38000       1939    3      1659  = labels#920
              10    39000        939    3      2666  = labels#3439
              10    37000          2    6       632  = labels#617
 *            11    36384  92.17s       8      (gap  > 10000%)
              11    38000       2417    1      1184  = labels#861
              11    38000       2419    2      1181  = labels#660
              11    38000       2405    4      1195  = labels#2188
              11    34000       2378    5      1221  = labels#1340
              11    38000       1949    6      1657  = labels#1649
              11    38000       2413    7      1187  = labels#1653
              11    37000          2    8      2995  = labels#3313
              11    40000          2    3       413  = labels#563
              11    39000        949    6      2659  = labels#3246
              11    41000       2563    3       262  = labels#2080
              11    39000       1412    7      2188  = labels#2822
              11    39000       1416    1      2184  = labels#10
              11    39000       1418    2      2182  = labels#2191
              11    42000       1580    3       706  = labels#3560
 ! Time = 97.71s, Average fail depth = 582, Memory usage = 16.8 GB
 ! Current bound is 1800 (gap  > 10000%)
 !          Best Branches  Non-fixed    W       Branch decision
              11    39000       1405    4      2195  = labels#3309
              11    35000       1378    5      2221  = labels#3395
              11    40000          2    6        33  = labels#41
              11    38000       1990    8      1993  = labels#718
              11    43000        630    3      3426  = labels#2484
              11    41000       2568    6      1028  = labels#2215
 *            12    43669  99.53s       3      (gap  > 10000%)
[runlim] sample:		493.9 time, 100.7 real, 16134.3 MB
              12    40000        405    4      3195  = labels#3443
              12    36000        378    5      3221  = labels#1568
              12    42000       1568    6      2031  = labels#646
              12    40000        412    7      3188  = labels#2277
              12    39000        990    8       991  = labels#467
              12    40000        416    1      3184  = labels#1291
              12    40000        418    2      3182  = labels#434
              12    44000          2    3      2113  = labels#3538
              12    45000       2303    3       356  = labels#924
              12    41000          2    4      3005  = labels#2123
              12    37000          2    5      1870  = labels#3445
              12    43000        568    6      3035  = labels#3525
              12    41000          2    7      3023  = labels#2353
 ! Time = 104.27s, Average fail depth = 647, Memory usage = 16.8 GB
 ! Current bound is 1800 (gap  > 10000%)
 !          Best Branches  Non-fixed    W       Branch decision
              12    41000          2    1      3016  = labels#1634
              12    41000          2    2      3018  = labels#99
              12    40000          2    8            -
              12    46000       1334    3      2173  = labels#1119
              12    38000       2038    5      3107  = labels#2947
              12    44000          2    6      2222  = labels#2625
              12    41000       2607    8      1022  = labels#1894
              12    47000        370    3       119  = labels#847
              12    39000       1072    5       331  = labels#1542
              12    45000       2198    6       818  = labels#220
              12    42000       1607    8      1989  = labels#3071
 *            13    47393  108.04s      3      (gap  > 10000%)
              13    42000       2004    4      2005  = labels#730
              13    40000        142    5       852  = labels#1480
              13    46000       1244    6      1064  = labels#3025
              13    42000       2022    7      2023  = labels#624
              13    43000        607    8      3025  = labels#2429
              13    42000       2015    1      2016  = labels#2598
              13    42000       2017    2      2018  = labels#3404
              13    48000          2    3      3040  = labels#3094
 ! Time = 109.67s, Average fail depth = 646, Memory usage = 16.8 GB
 ! Current bound is 1800 (gap  > 10000%)
 !          Best Branches  Non-fixed    W       Branch decision
[runlim] sample:		543.8 time, 110.7 real, 16139.7 MB
              13    47000        299    6      2391  = labels#1328
              13    49000       2027    3       267  = labels#2996
              13    41000          2    5       846  = labels#695
              13    44000          2    8       880  = labels#179
              13    43000       1015    1      1016  = labels#2639
              13    43000       1017    2      1018  = labels#1738
              13    50000       1054    3   F  2614  = labels#3472
              13    43000       1004    4      1005  = labels#1560
              13    42000       1768    5      1828  = labels#2700
              13    48000          2    6       388  = labels#1785
              13    43000       1022    7      1023  = labels#2176
              13    45000       2248    8       897  = labels#489
              13    44000         15    1        16  = labels#1087
              13    44000         17    2        18  = labels#833
              13    44000          4    4         5  = labels#1326
              13    43000        768    5      2828  = labels#1169
              13    49000       1958    6       926  = labels#3053
              13    44000         22    7        23  = labels#1871
              13    46000       1284    8      1887  = labels#551
              13    47000       1277    8       981  = labels#1216
 ! Time = 117.20s, Average fail depth = 705, Memory usage = 16.8 GB
 ! Current bound is 1800 (gap  > 10000%)
 !          Best Branches  Non-fixed    W       Branch decision
              13    45000          2    1       985  = labels#1640
              13    45000          2    2       985  = labels#2628
              13    45000          2    4       995  = labels#779
              13    44000          7    5   F  3595  = labels#3569
              13    50000       1020    6        49  = labels#97
              13    45000          2    7       995  = labels#1420
              13    48000       1625    8      1968  = labels#2827
              13    46000       1614    1      1958  = labels#2081
              13    46000       1616    2      1994  = labels#1167
              13    51000        928    3       844  = labels#2111
              13    46000       1603    4      1993  = labels#2026
              13    45000          6    5       725  = labels#2567
              13    51000        379    6       308  = labels#3012
              13    46000       1621    7      1978  = labels#341
[runlim] sample:		591.0 time, 120.7 real, 16143.5 MB
              13    49000        625    8      2975  = labels#575
              13    47000        614    1      2976  = labels#533
              13    47000        616    2      2964  = labels#3593
              13    47000        603    4      2990  = labels#2973
              13    46000       1887    5      1721  = labels#2989
              13    47000        621    7      2975  = labels#1763
 ! Time = 120.46s, Average fail depth = 705, Memory usage = 16.8 GB
 ! Current bound is 1800 (gap  > 10000%)
 !          Best Branches  Non-fixed    W       Branch decision
 *            14    47612  120.46s      1      (gap  > 10000%)
              14    48000          2    1      3576  = labels#2631
              14    48000          2    2      2512  = labels#1942
              14    48000          2    4       580  = labels#1150
              14    47000        887    5      2732  = labels#256
              14    48000          2    7      2637  = labels#315
              14    49000       2240    1      1136  = labels#3316
              14    49000       2251    2       916  = labels#1972
              14    52000       1751    3      1846  = labels#1850
              14    49000       2216    4      2314  = labels#1826
              14    52000       2289    6      1309  = labels#907
              14    49000       2239    7       619  = labels#2357
              14    50000          2    8       356  = labels#1230
              14    48000          2    5      1926  = labels#3124
              14    50000       1286    7      1539  = labels#2218
              14    50000       1275    1   F  2286  = labels#2092
              14    50000       1301    2      3480  = labels#1956
              14    53000        751    3      2847  = labels#272
              14    50000       1260    4      3270  = labels#3578
              14    49000       2508    5      1754  = labels#410
 ! Time = 125.12s, Average fail depth = 844, Memory usage = 16.8 GB
 ! Current bound is 1800 (gap  > 10000%)
 !          Best Branches  Non-fixed    W       Branch decision
              14    51000        338    7       515  = labels#3262
              14    51000       2242    8      1357  = labels#1401
              14    51000        340    1         2  = labels#3436
              14    51000        376    2       878  = labels#2837
              14    51000        310    4      1404  = labels#702
              14    50000       1556    5      3332  = labels#248
 *            15    51363  126.61s      7      (gap  > 10000%)
              15    54000          2    3       252  = labels#1410
              15    51000        618    5   F   312  = labels#841
              15    53000       1288    6      2311  = labels#1312
              15    52000          2    7       246  = labels#2307
              15    52000          2    1      3553  = labels#905
              15    52000          2    2      1677  = labels#1610
              15    55000       2368    3      1257  = labels#1825
              15    52000          2    4      2299  = labels#2385
              15    54000        288    6      3312  = labels#1931
              15    53000       2003    7      3126  = labels#3552
              15    52000       1241    8      2358  = labels#2303
              15    53000       1996    1      3029 != labels#2135
              15    53000       2041    2      2532  = labels#3342
 ! Time = 129.18s, Average fail depth = 1016, Memory usage = 16.8 GB
 ! Current bound is 1800 (gap  > 10000%)
 !          Best Branches  Non-fixed    W       Branch decision
              15    56000       1368    3      2246  = labels#2629
              15    53000       1985    4      3107  = labels#3483
              15    52000          2    5       304  = labels#3368
[runlim] sample:		640.5 time, 130.7 real, 16149.2 MB
              15    54000       1065    7      2951  = labels#553
              15    53000        241    8      3359  = labels#1574
              15    54000       1065    1       350  = labels#3247
              15    54000       1081    2      1771  = labels#2597
              15    57000        368    3      3251  = labels#3377
              15    54000       1041    4      1211  = labels#2555
              15    53000       2284    5      1298  = labels#1055
              15    55000          2    6       341  = labels#1972
              15    55000        125    1      2359  = labels#3370
              15    55000        155    2      3567  = labels#906
              15    58000         10    3      2709  = labels#3146
              15    55000        105    4      1711  = labels#29
              15    54000       1284    5      2308  = labels#2083
              15    56000       1949    6       939  = labels#1619
              15    55000        153    7       410  = labels#2807
 *            16    55140  131.07s      1      (gap  > 10000%)
              16    54000          2    8       740  = labels#2703
 ! Time = 132.12s, Average fail depth = 1151, Memory usage = 16.8 GB
 ! Current bound is 1800 (gap  > 10000%)
 !          Best Branches  Non-fixed    W       Branch decision
              16    56000          2    1       650  = labels#3127
              16    56000          2    2      1751  = labels#1693
              16    59000       2077    3      1655  = labels#979
              16    56000          2    4      3281  = labels#2995
              16    55000        284    5      3302  = labels#3080
              16    57000       1014    6      3358  = labels#2693
              16    56000          2    7      2307  = labels#3280
              16    57000       1772    1      3447  = labels#363
              16    57000       1798    2      1780  = labels#716
              16    60000       1134    3       478  = labels#1397
              16    57000       1744    4       157  = labels#1808
              16    56000          9    5      2481  = labels#790
              16    58000         76    6      1939  = labels#2306
              16    57000       1786    7      2668  = labels#3090
              16    58000        840    7      3544  = labels#1192
              16    58000        828    1      2108  = labels#3255
              16    58000        858    2      3180  = labels#2717
              16    61000        204    3      1540  = labels#1040
              16    58000        800    4       400  = labels#3240
              16    57000       2168    5      2556  = labels#417
 ! Time = 134.21s, Average fail depth = 1168, Memory usage = 16.8 GB
 ! Current bound is 1800 (gap  > 10000%)
 !          Best Branches  Non-fixed    W       Branch decision
              16    59000          3    6      2695  = labels#82
              16    55000       1857    8      1741  = labels#349
              16    58000       1211    5      1756  = labels#3352
              16    60000       1739    6       509  = labels#1940
 *            17    58933  136.30s      7      (gap  > 10000%)
              17    59000          2    7        67  = labels#1652
              17    59000          4    1       111  = labels#1719
              17    59000          2    2        71  = labels#2784
              17    62000          2    3      2670  = labels#458
              17    59000          2    4       123  = labels#50
              17    59000        291    5       191  = labels#883
              17    61000        793    6       848  = labels#2443
              17    56000        857    8      2741  = labels#173
              17    63000       1893    3      1762  = labels#379
              17    64000        957    3       639  = labels#598
              17    60000          2    5       658  = labels#1253
              17    62000          2    6       112  = labels#1831
              17    57000          2    8      3599  = labels#981
[runlim] sample:		690.2 time, 140.7 real, 16153.8 MB
              17    60000       2489    1      1111  = labels#2101
              17    60000       2530    2      1071  = labels#117
 ! Time = 141.90s, Average fail depth = 1352, Memory usage = 16.8 GB
 ! Current bound is 1800 (gap  > 10000%)
 !          Best Branches  Non-fixed    W       Branch decision
              17    65000         41    3      3282  = labels#3231
              17    60000       2477    4      1123  = labels#807
              17    61000       1938    5      1673  = labels#750
              17    63000       2485    6      1042  = labels#1783
              17    60000       2533    7      1067  = labels#2308
              17    58000       2488    8      3373  = labels#2600
              17    62000        938    5      2659  = labels#2649
              17    64000       1485    6      2097  = labels#799
              17    59000       1529    8       621  = labels#3463
              17    66000          2    3       326  = labels#624
              17    61000       1476    4      2124  = labels#457
              17    63000         13    5   F  3537  = labels#3537
              17    65000        485    6      3107  = labels#1523
              17    61000       1533    7      2067  = labels#621
              17    60000       1406    8       206  = labels#3593
              17    61000       1489    1      2111  = labels#635
              17    61000       1530    2      2071  = labels#2053
              17    67000       1712    3       203  = labels#2928
              17    62000        476    4      3124  = labels#2266
              17    64000         13    5      2859  = labels#3476
 ! Time = 146.69s, Average fail depth = 1359, Memory usage = 16.8 GB
 ! Current bound is 1800 (gap  > 10000%)
 !          Best Branches  Non-fixed    W       Branch decision
              17    66000          4    6   F  3581 != labels#211
              17    62000        533    7      3067  = labels#553
              17    61000       1802    8       286  = labels#936
              17    62000        489    1      3111  = labels#3075
              17    62000        529    2      3071  = labels#2119
              17    68000        764    3      2742  = labels#1179
              17    65000       2092    5      2716  = labels#501
              17    62000        874    8      2369  = labels#781
 *            18    62484  148.40s      4      (gap is 9900%)
              18    69000          2    3       143  = labels#2618
[runlim] sample:		740.4 time, 150.7 real, 0.0 MB
[runlim] end:			Thu Oct 30 08:35:37 2025
[runlim] status:		out of time
[runlim] result:		2
[runlim] children:		0
[runlim] real:			151.36 seconds
[runlim] time:			741.00 seconds
[runlim] space:			16156.4 MB
[runlim] samples:		1506
