[runlim] version:		1.10
[runlim] time limit:		311040000 seconds
[runlim] real time limit:	1800 seconds
[runlim] space limit:		30000 MB
[runlim] argv[0]:		python3
[runlim] argv[1]:		model_MIP_CPLEX.py
[runlim] argv[2]:		./graph/caterpillar/caterpillar_20_7.txt
[runlim] start:			Sat Nov  1 19:34:35 2025
[runlim] main pid:		63861
[runlim] log captured:
(w = 4) Building and Solving
Value Cyclic-Antibandwidth: 4
Labels: [44, 22, 6, 97, 61, 132, 81, 119, 105, 18, 57, 114, 128, 66, 112, 103, 54, 70, 45, 28, 36, 91, 73, 4, 117, 9, 93, 134, 106, 115, 58, 68, 71, 49, 74, 17, 85, 5, 80, 108, 90, 59, 95, 53, 113, 31, 124, 94, 34, 83, 110, 116, 43, 87, 76, 129, 100, 8, 37, 72, 65, 13, 26, 107, 78, 51, 3, 60, 111, 86, 20, 69, 89, 1, 33, 127, 39, 99, 64, 125, 79, 55, 126, 14, 122, 130, 138, 104, 139, 92, 50, 23, 21, 77, 131, 15, 137, 62, 16, 25, 140, 48, 120, 24, 84, 35, 46, 56, 40, 12, 38, 30, 135, 2, 47, 118, 10, 27, 75, 42, 7, 67, 41, 101, 52, 82, 102, 29, 96, 11, 63, 88, 133, 32, 109, 123, 136, 19, 98, 121]
Correct solution
(w = 5) Building and Solving
Value Cyclic-Antibandwidth: 5
Labels: [44, 22, 6, 97, 61, 132, 81, 119, 105, 18, 57, 114, 128, 66, 112, 103, 54, 70, 45, 28, 36, 91, 73, 4, 117, 9, 93, 134, 106, 115, 58, 68, 71, 49, 74, 17, 85, 5, 80, 108, 90, 59, 95, 53, 113, 31, 124, 94, 34, 83, 110, 116, 43, 87, 76, 129, 100, 8, 37, 72, 65, 13, 26, 107, 78, 51, 3, 60, 111, 86, 20, 69, 89, 1, 33, 127, 39, 99, 64, 125, 79, 55, 126, 14, 122, 130, 138, 104, 139, 92, 50, 23, 21, 77, 131, 15, 137, 62, 16, 25, 140, 48, 120, 24, 84, 35, 46, 56, 40, 12, 38, 30, 135, 2, 47, 118, 10, 27, 75, 42, 7, 67, 41, 101, 52, 82, 102, 29, 96, 11, 63, 88, 133, 32, 109, 123, 136, 19, 98, 121]
Correct solution
(w = 6) Building and Solving
Value Cyclic-Antibandwidth: 6
Labels: [44, 22, 6, 97, 61, 132, 81, 119, 105, 18, 57, 114, 128, 66, 112, 103, 54, 70, 45, 28, 36, 91, 73, 4, 117, 9, 93, 134, 106, 115, 58, 68, 71, 49, 74, 17, 85, 5, 80, 108, 90, 59, 95, 53, 113, 31, 124, 94, 34, 83, 110, 116, 43, 87, 76, 129, 100, 8, 37, 72, 65, 13, 26, 107, 78, 51, 3, 60, 111, 86, 20, 69, 89, 1, 33, 127, 39, 99, 64, 125, 79, 55, 126, 14, 122, 130, 138, 104, 139, 92, 50, 23, 21, 77, 131, 15, 137, 62, 16, 25, 140, 48, 120, 24, 84, 35, 46, 56, 40, 12, 38, 30, 135, 2, 47, 118, 10, 27, 75, 42, 7, 67, 41, 101, 52, 82, 102, 29, 96, 11, 63, 88, 133, 32, 109, 123, 136, 19, 98, 121]
Correct solution
(w = 7) Building and Solving
Value Cyclic-Antibandwidth: 7
Labels: [44, 22, 6, 97, 61, 103, 81, 108, 32, 18, 57, 39, 128, 66, 112, 40, 54, 70, 45, 28, 36, 91, 73, 12, 117, 9, 93, 134, 106, 115, 58, 68, 71, 49, 74, 17, 85, 5, 80, 90, 110, 59, 38, 53, 113, 31, 124, 94, 34, 83, 127, 116, 43, 63, 76, 129, 100, 8, 37, 72, 65, 13, 26, 107, 78, 51, 114, 60, 111, 86, 20, 69, 89, 1, 33, 87, 132, 99, 64, 125, 79, 55, 126, 14, 122, 130, 138, 104, 139, 92, 50, 23, 21, 77, 131, 15, 137, 62, 16, 25, 140, 48, 120, 24, 84, 35, 46, 56, 119, 96, 95, 30, 135, 2, 47, 118, 10, 27, 75, 42, 7, 67, 41, 101, 52, 82, 102, 29, 105, 11, 3, 88, 133, 4, 109, 123, 136, 19, 98, 121]
Correct solution
(w = 8) Building and Solving
Value Cyclic-Antibandwidth: 8
Labels: [44, 64, 6, 97, 61, 94, 81, 108, 32, 18, 57, 39, 128, 66, 112, 40, 54, 73, 45, 28, 36, 91, 22, 12, 117, 9, 93, 134, 106, 115, 58, 68, 71, 49, 74, 17, 85, 5, 80, 90, 72, 59, 38, 53, 113, 31, 124, 110, 34, 83, 127, 116, 43, 63, 76, 129, 100, 8, 37, 103, 65, 13, 26, 107, 78, 51, 114, 60, 111, 86, 20, 69, 89, 1, 33, 87, 132, 99, 135, 125, 79, 55, 126, 14, 122, 130, 138, 104, 139, 92, 50, 23, 21, 77, 131, 15, 137, 62, 16, 25, 140, 48, 120, 24, 84, 35, 46, 56, 119, 96, 95, 30, 70, 2, 47, 118, 10, 27, 75, 42, 7, 67, 41, 101, 52, 82, 102, 29, 105, 11, 3, 88, 133, 4, 109, 123, 136, 19, 98, 121]
Correct solution
(w = 9) Building and Solving
Value Cyclic-Antibandwidth: 9
Labels: [44, 64, 130, 97, 61, 37, 81, 119, 32, 18, 57, 39, 128, 66, 6, 40, 54, 73, 45, 28, 110, 91, 22, 4, 117, 9, 93, 134, 106, 115, 58, 105, 71, 49, 74, 100, 85, 5, 80, 108, 90, 59, 95, 53, 113, 38, 114, 94, 34, 83, 127, 116, 43, 23, 76, 129, 30, 8, 24, 103, 65, 13, 26, 107, 78, 51, 3, 60, 111, 86, 20, 69, 89, 1, 33, 87, 132, 99, 135, 125, 79, 55, 72, 14, 122, 67, 138, 104, 139, 92, 50, 120, 21, 77, 131, 15, 137, 19, 16, 25, 140, 48, 31, 46, 84, 35, 68, 56, 41, 12, 101, 112, 70, 2, 47, 118, 10, 27, 75, 42, 7, 124, 62, 36, 52, 82, 102, 29, 96, 11, 63, 88, 133, 17, 109, 123, 136, 126, 98, 121]
Correct solution
(w = 10) Building and Solving
Value Cyclic-Antibandwidth: 10
Labels: [44, 64, 130, 97, 61, 37, 81, 108, 32, 18, 110, 39, 128, 66, 6, 40, 54, 73, 45, 28, 25, 91, 22, 12, 117, 9, 93, 134, 106, 119, 58, 105, 71, 49, 74, 17, 85, 5, 80, 90, 23, 59, 95, 53, 113, 38, 114, 94, 34, 83, 127, 116, 43, 63, 76, 129, 100, 8, 24, 112, 65, 13, 26, 107, 78, 51, 115, 60, 111, 86, 20, 69, 89, 57, 33, 87, 132, 99, 135, 125, 79, 55, 72, 14, 122, 67, 138, 104, 139, 92, 50, 120, 21, 77, 131, 15, 137, 19, 16, 103, 140, 48, 31, 46, 84, 35, 68, 56, 41, 3, 101, 30, 70, 2, 47, 118, 10, 27, 75, 42, 7, 124, 62, 36, 52, 82, 102, 29, 96, 1, 11, 88, 133, 4, 109, 123, 136, 126, 98, 121]
Correct solution
(w = 11) Building and Solving
Value Cyclic-Antibandwidth: 11
Labels: [44, 64, 130, 97, 61, 3, 81, 108, 32, 18, 110, 39, 137, 66, 6, 40, 54, 123, 94, 50, 25, 91, 73, 4, 117, 9, 93, 134, 106, 119, 58, 105, 71, 49, 80, 128, 85, 5, 28, 90, 72, 59, 95, 53, 113, 38, 114, 131, 34, 83, 127, 116, 43, 63, 76, 129, 100, 8, 24, 112, 65, 13, 26, 107, 78, 51, 115, 60, 111, 86, 20, 69, 89, 57, 30, 87, 132, 99, 135, 37, 79, 55, 126, 14, 122, 67, 138, 104, 139, 92, 11, 120, 21, 77, 33, 15, 45, 62, 16, 103, 140, 48, 31, 46, 84, 35, 68, 56, 41, 96, 101, 23, 70, 2, 47, 118, 10, 27, 75, 42, 7, 124, 22, 36, 52, 82, 102, 29, 74, 1, 12, 88, 133, 17, 109, 125, 136, 19, 98, 121]
Correct solution
(w = 12) Building and Solving
Value Cyclic-Antibandwidth: 12
Labels: [44, 22, 130, 97, 61, 37, 87, 108, 32, 18, 110, 39, 137, 66, 6, 40, 80, 48, 94, 50, 25, 91, 73, 4, 117, 9, 93, 134, 106, 119, 58, 105, 71, 49, 107, 128, 85, 5, 28, 90, 135, 59, 7, 53, 89, 38, 96, 131, 34, 83, 127, 113, 43, 60, 76, 129, 100, 8, 24, 112, 65, 13, 26, 115, 78, 51, 3, 79, 111, 86, 20, 69, 140, 57, 95, 30, 132, 99, 64, 125, 15, 114, 72, 14, 122, 67, 116, 104, 139, 92, 138, 120, 21, 77, 33, 126, 45, 1, 16, 103, 55, 81, 31, 46, 84, 35, 68, 56, 41, 12, 101, 23, 70, 2, 47, 118, 10, 27, 75, 42, 54, 124, 62, 36, 52, 82, 102, 29, 74, 11, 63, 88, 133, 17, 109, 123, 136, 19, 98, 121]
Correct solution
(w = 13) Building and Solving
Value Cyclic-Antibandwidth: 13
Labels: [137, 64, 130, 97, 61, 94, 81, 125, 32, 132, 86, 62, 108, 66, 6, 103, 34, 128, 45, 28, 36, 56, 73, 4, 117, 9, 20, 134, 106, 119, 58, 105, 71, 49, 80, 100, 85, 5, 21, 90, 72, 59, 95, 53, 113, 31, 114, 131, 91, 3, 116, 93, 44, 63, 76, 129, 30, 8, 24, 112, 65, 13, 26, 107, 78, 51, 115, 79, 111, 42, 22, 69, 89, 57, 33, 127, 40, 99, 135, 37, 15, 55, 126, 14, 122, 67, 138, 104, 139, 92, 50, 120, 12, 77, 18, 83, 60, 1, 16, 110, 140, 48, 118, 46, 84, 35, 68, 39, 7, 96, 38, 23, 70, 2, 47, 74, 10, 27, 75, 17, 54, 124, 41, 101, 52, 82, 102, 29, 87, 25, 11, 88, 133, 43, 109, 123, 136, 19, 98, 121]
Correct solution
(w = 14) Building and Solving
Value Cyclic-Antibandwidth: 14
Labels: [44, 64, 130, 97, 77, 3, 68, 119, 32, 132, 57, 39, 137, 66, 6, 40, 128, 48, 94, 50, 110, 91, 73, 12, 117, 9, 20, 134, 106, 18, 58, 105, 71, 49, 74, 100, 85, 5, 28, 90, 23, 59, 7, 53, 113, 38, 96, 131, 34, 83, 116, 93, 43, 60, 76, 129, 30, 8, 24, 103, 65, 13, 26, 107, 78, 51, 125, 79, 61, 42, 22, 69, 140, 86, 33, 87, 133, 99, 135, 37, 15, 114, 63, 14, 122, 67, 138, 104, 139, 92, 11, 120, 21, 108, 72, 126, 45, 62, 102, 25, 55, 81, 31, 46, 84, 35, 89, 56, 41, 80, 95, 112, 70, 2, 47, 118, 10, 27, 75, 17, 54, 124, 127, 36, 101, 82, 52, 29, 109, 1, 123, 88, 115, 4, 16, 111, 136, 19, 98, 121]
Correct solution
(w = 15) Building and Solving
Value Cyclic-Antibandwidth: 15
Labels: [44, 64, 130, 97, 77, 3, 68, 119, 32, 132, 57, 39, 137, 66, 6, 40, 128, 48, 94, 50, 110, 91, 73, 12, 117, 9, 20, 134, 106, 18, 58, 105, 71, 49, 74, 100, 85, 5, 28, 90, 23, 59, 7, 53, 113, 38, 96, 131, 34, 83, 116, 93, 43, 60, 76, 129, 30, 8, 24, 103, 65, 13, 26, 107, 78, 51, 125, 79, 61, 42, 22, 69, 140, 86, 33, 87, 133, 99, 135, 37, 15, 114, 63, 14, 122, 67, 138, 104, 139, 92, 11, 120, 21, 108, 72, 126, 45, 62, 102, 25, 55, 81, 31, 46, 84, 35, 89, 56, 41, 80, 95, 112, 70, 2, 47, 118, 10, 27, 75, 17, 54, 124, 127, 36, 101, 82, 52, 29, 109, 1, 123, 88, 115, 4, 16, 111, 136, 19, 98, 121]
Correct solution
(w = 16) Building and Solving
Value Cyclic-Antibandwidth: 16
Labels: [137, 22, 6, 97, 77, 94, 68, 125, 32, 132, 86, 62, 128, 66, 112, 40, 80, 123, 45, 28, 36, 91, 73, 4, 117, 9, 67, 134, 106, 18, 58, 31, 71, 49, 74, 17, 85, 5, 24, 90, 135, 59, 7, 53, 113, 38, 96, 131, 34, 83, 116, 93, 44, 60, 76, 129, 100, 15, 37, 103, 65, 48, 26, 107, 78, 51, 115, 79, 61, 42, 20, 69, 140, 57, 33, 87, 39, 99, 64, 127, 21, 114, 63, 14, 52, 130, 138, 104, 139, 92, 50, 120, 35, 108, 72, 126, 23, 1, 16, 110, 55, 81, 105, 46, 84, 13, 89, 56, 119, 12, 95, 30, 70, 2, 47, 118, 10, 27, 75, 122, 54, 124, 41, 11, 101, 82, 102, 29, 109, 25, 3, 88, 133, 43, 8, 111, 136, 19, 98, 121]
Correct solution
(w = 17) Building and Solving
[runlim] sample:		10.6 time, 10.0 real, 208.8 MB
Value Cyclic-Antibandwidth: 17
Labels: [73, 1, 20, 80, 55, 23, 49, 17, 52, 29, 107, 67, 13, 61, 113, 81, 56, 132, 84, 133, 32, 131, 48, 97, 26, 104, 24, 100, 44, 70, 126, 89, 43, 99, 37, 116, 53, 77, 135, 90, 112, 74, 93, 46, 11, 114, 10, 35, 122, 34, 68, 111, 41, 101, 71, 15, 82, 30, 7, 124, 54, 91, 136, 38, 96, 19, 121, 88, 125, 79, 21, 138, 22, 102, 3, 51, 33, 2, 92, 45, 62, 105, 50, 115, 94, 31, 36, 78, 137, 120, 25, 109, 103, 66, 95, 59, 118, 72, 134, 60, 14, 63, 42, 18, 130, 87, 69, 27, 76, 119, 28, 108, 5, 39, 140, 65, 9, 129, 64, 127, 98, 47, 57, 83, 16, 139, 86, 8, 117, 6, 128, 12, 40, 85, 106, 58, 75, 110, 4, 123]
Correct solution
(w = 18) Building and Solving
Value Cyclic-Antibandwidth: 18
Labels: [14, 69, 32, 131, 74, 95, 137, 54, 128, 101, 7, 31, 77, 30, 91, 41, 93, 1, 48, 26, 70, 138, 90, 129, 65, 94, 37, 99, 66, 36, 111, 134, 130, 88, 110, 21, 40, 102, 79, 103, 11, 125, 22, 82, 104, 45, 107, 89, 6, 51, 59, 122, 35, 92, 25, 96, 67, 124, 87, 12, 64, 133, 33, 15, 75, 123, 18, 139, 13, 34, 56, 83, 132, 97, 27, 4, 53, 86, 114, 20, 76, 58, 5, 61, 80, 119, 112, 78, 115, 71, 121, 72, 118, 10, 105, 44, 140, 19, 57, 84, 52, 23, 81, 39, 16, 135, 47, 108, 68, 3, 9, 106, 28, 62, 85, 50, 55, 113, 49, 116, 42, 109, 117, 73, 46, 120, 2, 98, 126, 38, 136, 63, 17, 43, 8, 100, 24, 60, 29, 127]
Correct solution
(w = 19) Building and Solving
Value Cyclic-Antibandwidth: 19
Labels: [14, 69, 32, 131, 74, 95, 137, 54, 34, 101, 128, 31, 77, 8, 91, 41, 93, 1, 48, 26, 70, 138, 90, 129, 65, 94, 37, 99, 66, 36, 111, 134, 130, 88, 110, 21, 49, 102, 79, 103, 60, 125, 22, 82, 19, 45, 64, 89, 6, 51, 59, 122, 35, 92, 25, 96, 67, 124, 87, 12, 42, 133, 33, 11, 75, 123, 18, 139, 13, 116, 56, 83, 132, 97, 27, 4, 53, 86, 114, 20, 76, 104, 5, 61, 80, 119, 112, 78, 115, 71, 121, 72, 118, 10, 105, 44, 140, 107, 57, 84, 52, 23, 81, 39, 16, 135, 47, 108, 68, 3, 9, 106, 28, 62, 85, 50, 55, 113, 30, 58, 29, 109, 117, 73, 46, 120, 2, 98, 126, 38, 136, 63, 17, 40, 7, 100, 24, 43, 15, 127]
Correct solution
(w = 20) Building and Solving
Value Cyclic-Antibandwidth: 20
Labels: [14, 69, 32, 131, 74, 95, 137, 54, 128, 101, 7, 31, 77, 8, 91, 41, 93, 1, 48, 26, 70, 138, 90, 129, 65, 94, 37, 139, 66, 36, 111, 134, 130, 88, 110, 21, 49, 102, 79, 103, 60, 125, 22, 82, 19, 45, 119, 89, 6, 51, 59, 122, 35, 92, 25, 96, 67, 124, 87, 12, 64, 133, 33, 11, 75, 123, 18, 42, 13, 34, 56, 83, 132, 97, 27, 4, 53, 86, 114, 20, 76, 104, 5, 61, 113, 40, 112, 78, 115, 80, 121, 72, 118, 10, 105, 44, 140, 107, 57, 84, 52, 23, 81, 39, 16, 135, 47, 108, 68, 3, 9, 106, 28, 62, 85, 50, 55, 15, 116, 58, 29, 109, 117, 73, 46, 120, 2, 98, 126, 38, 136, 63, 17, 43, 71, 100, 24, 99, 30, 127]
Correct solution
(w = 21) Building and Solving
Value Cyclic-Antibandwidth: 21
Labels: [14, 69, 32, 131, 74, 95, 137, 54, 128, 101, 7, 31, 77, 8, 91, 41, 93, 1, 48, 26, 70, 138, 90, 129, 65, 94, 37, 139, 66, 36, 111, 134, 130, 88, 110, 21, 49, 102, 79, 103, 60, 125, 22, 82, 19, 45, 119, 89, 6, 51, 59, 122, 35, 92, 25, 96, 67, 124, 87, 12, 64, 133, 33, 11, 75, 123, 18, 42, 13, 34, 56, 83, 132, 97, 27, 4, 53, 86, 114, 20, 76, 104, 5, 61, 113, 40, 112, 78, 115, 80, 121, 72, 118, 10, 105, 44, 140, 107, 57, 84, 52, 23, 81, 39, 16, 135, 47, 108, 68, 3, 9, 106, 28, 62, 85, 50, 55, 15, 116, 58, 29, 109, 117, 73, 46, 120, 2, 98, 126, 38, 136, 63, 17, 43, 71, 100, 24, 99, 30, 127]
Correct solution
(w = 22) Building and Solving
Value Cyclic-Antibandwidth: 22
Labels: [14, 69, 32, 131, 74, 30, 137, 54, 128, 101, 7, 31, 77, 8, 91, 41, 93, 1, 52, 26, 70, 138, 90, 129, 65, 94, 37, 139, 66, 36, 111, 134, 130, 88, 110, 21, 49, 102, 79, 103, 60, 125, 22, 82, 19, 45, 119, 89, 6, 51, 59, 122, 35, 92, 25, 96, 67, 124, 87, 12, 64, 133, 29, 99, 75, 123, 18, 42, 13, 95, 56, 83, 132, 97, 27, 4, 53, 86, 114, 20, 76, 104, 5, 61, 113, 34, 112, 78, 115, 80, 121, 72, 118, 10, 105, 44, 140, 107, 57, 33, 71, 23, 81, 39, 40, 135, 47, 108, 68, 3, 9, 106, 28, 62, 85, 50, 55, 116, 15, 58, 16, 109, 117, 73, 46, 120, 2, 98, 126, 38, 136, 63, 17, 43, 48, 100, 24, 84, 11, 127]
Correct solution
(w = 23) Building and Solving
Value Cyclic-Antibandwidth: 23
Labels: [14, 69, 32, 131, 74, 30, 137, 54, 128, 101, 48, 2, 77, 8, 91, 41, 93, 1, 52, 26, 70, 138, 90, 129, 65, 94, 37, 139, 66, 36, 111, 134, 130, 88, 116, 21, 49, 102, 79, 103, 60, 125, 22, 82, 19, 45, 119, 89, 6, 51, 59, 122, 35, 92, 25, 96, 67, 124, 87, 12, 64, 133, 110, 15, 75, 123, 18, 99, 13, 95, 56, 83, 132, 97, 27, 4, 53, 86, 114, 20, 76, 104, 5, 61, 113, 34, 112, 78, 115, 80, 121, 72, 118, 10, 105, 44, 140, 107, 57, 33, 98, 23, 81, 39, 40, 135, 47, 108, 68, 3, 9, 106, 28, 62, 85, 50, 55, 7, 31, 58, 16, 109, 117, 73, 46, 120, 42, 11, 126, 38, 136, 63, 17, 43, 71, 100, 24, 84, 29, 127]
Correct solution
(w = 24) Building and Solving
[runlim] sample:		21.0 time, 20.0 real, 247.6 MB
Value Cyclic-Antibandwidth: 24
Labels: [14, 69, 32, 131, 85, 30, 137, 54, 128, 101, 48, 2, 77, 8, 91, 41, 93, 1, 52, 26, 70, 138, 90, 129, 65, 94, 37, 139, 66, 36, 111, 42, 130, 88, 116, 21, 49, 102, 79, 103, 60, 125, 22, 82, 19, 45, 15, 89, 6, 51, 59, 122, 35, 92, 25, 96, 67, 124, 87, 12, 64, 133, 110, 29, 75, 123, 18, 99, 13, 95, 56, 83, 132, 97, 74, 4, 53, 86, 114, 20, 76, 104, 5, 61, 113, 27, 112, 78, 115, 80, 121, 72, 118, 10, 105, 44, 140, 107, 57, 33, 134, 23, 81, 39, 40, 135, 47, 108, 68, 3, 9, 106, 28, 62, 119, 50, 55, 31, 7, 58, 16, 109, 117, 73, 46, 120, 43, 11, 126, 38, 136, 63, 17, 98, 71, 100, 24, 84, 34, 127]
Correct solution
(w = 25) Building and Solving
Value Cyclic-Antibandwidth: 25
Labels: [14, 69, 32, 131, 85, 33, 137, 54, 128, 101, 48, 2, 77, 8, 91, 41, 93, 1, 52, 26, 70, 138, 90, 129, 65, 94, 37, 139, 66, 36, 111, 30, 130, 88, 116, 21, 49, 102, 34, 103, 60, 125, 22, 82, 19, 45, 7, 89, 6, 51, 59, 122, 35, 92, 25, 96, 67, 124, 87, 12, 64, 133, 79, 15, 75, 123, 18, 43, 13, 117, 56, 83, 132, 97, 74, 4, 53, 86, 114, 20, 76, 104, 5, 61, 113, 27, 112, 78, 115, 80, 121, 72, 118, 10, 105, 44, 140, 107, 57, 84, 134, 23, 81, 39, 40, 135, 47, 108, 68, 3, 9, 106, 28, 62, 119, 50, 55, 29, 98, 58, 16, 109, 42, 73, 46, 120, 95, 11, 126, 38, 136, 63, 17, 99, 71, 100, 24, 110, 31, 127]
Correct solution
(w = 26) Building and Solving
Value Cyclic-Antibandwidth: 26
Labels: [14, 69, 32, 131, 85, 33, 137, 54, 7, 101, 48, 2, 77, 8, 91, 41, 93, 1, 52, 26, 70, 138, 79, 129, 65, 94, 37, 139, 66, 36, 111, 15, 130, 88, 117, 21, 49, 102, 34, 103, 60, 125, 22, 82, 19, 45, 116, 89, 6, 51, 59, 122, 35, 92, 25, 96, 67, 124, 87, 12, 64, 133, 13, 43, 75, 123, 18, 99, 113, 30, 56, 83, 132, 97, 74, 4, 53, 86, 114, 20, 76, 104, 5, 61, 90, 27, 112, 78, 115, 80, 121, 72, 118, 10, 105, 44, 140, 107, 57, 84, 134, 23, 81, 39, 40, 135, 47, 108, 68, 3, 9, 106, 28, 62, 119, 50, 55, 95, 31, 58, 16, 109, 42, 73, 46, 120, 71, 11, 126, 38, 136, 63, 17, 98, 128, 100, 24, 110, 29, 127]
Correct solution
(w = 27) Building and Solving
Value Cyclic-Antibandwidth: 27
Labels: [14, 69, 32, 131, 85, 30, 137, 54, 19, 101, 48, 2, 77, 8, 91, 41, 93, 1, 71, 26, 70, 138, 79, 129, 65, 94, 37, 139, 66, 36, 111, 33, 130, 88, 117, 21, 49, 102, 34, 103, 60, 125, 22, 82, 15, 45, 116, 89, 6, 51, 59, 122, 35, 92, 25, 96, 67, 124, 87, 12, 64, 133, 13, 43, 75, 123, 18, 99, 113, 7, 56, 83, 132, 97, 74, 4, 53, 86, 114, 20, 76, 104, 5, 61, 90, 27, 112, 78, 115, 80, 121, 72, 118, 10, 105, 44, 140, 107, 57, 84, 134, 23, 81, 39, 40, 135, 47, 108, 68, 3, 9, 106, 28, 62, 119, 50, 55, 95, 31, 58, 16, 109, 42, 73, 46, 120, 52, 11, 126, 38, 136, 63, 17, 98, 128, 100, 24, 110, 29, 127]
Correct solution
(w = 28) Building and Solving
[runlim] sample:		31.5 time, 30.0 real, 320.0 MB
Value Cyclic-Antibandwidth: 28
Labels: [25, 69, 31, 107, 79, 133, 102, 53, 7, 68, 5, 61, 30, 137, 36, 8, 43, 82, 14, 42, 74, 46, 15, 64, 11, 39, 12, 40, 9, 96, 13, 48, 140, 44, 16, 49, 17, 45, 18, 47, 19, 50, 20, 52, 6, 62, 21, 57, 22, 58, 35, 63, 26, 67, 38, 10, 3, 65, 4, 73, 41, 83, 2, 94, 59, 114, 60, 88, 37, 93, 56, 105, 34, 124, 98, 126, 72, 100, 66, 103, 71, 109, 75, 136, 104, 134, 138, 110, 76, 112, 77, 113, 87, 1, 29, 115, 84, 116, 85, 117, 55, 118, 89, 119, 90, 120, 91, 121, 86, 122, 80, 123, 70, 32, 97, 125, 99, 23, 51, 127, 33, 128, 54, 129, 78, 130, 81, 131, 95, 132, 101, 24, 106, 135, 108, 27, 92, 28, 111, 139]
Correct solution
(w = 29) Building and Solving
Value Cyclic-Antibandwidth: 29
Labels: [26, 69, 140, 107, 4, 49, 104, 133, 79, 108, 55, 24, 113, 34, 5, 35, 1, 40, 7, 37, 137, 44, 8, 68, 10, 50, 9, 42, 11, 43, 13, 45, 46, 16, 47, 77, 6, 36, 17, 52, 14, 53, 15, 54, 76, 23, 109, 56, 19, 57, 20, 58, 27, 59, 28, 60, 29, 61, 2, 62, 31, 63, 25, 64, 32, 65, 136, 66, 38, 67, 103, 12, 41, 70, 71, 33, 72, 39, 73, 30, 84, 138, 74, 134, 75, 21, 81, 111, 82, 112, 83, 18, 3, 114, 85, 115, 86, 116, 87, 117, 88, 118, 89, 119, 90, 120, 91, 121, 92, 122, 93, 123, 94, 124, 95, 125, 96, 126, 97, 127, 98, 128, 99, 129, 100, 130, 101, 131, 102, 132, 78, 48, 105, 135, 106, 22, 51, 80, 110, 139]
Correct solution
(w = 30) Building and Solving
Value Cyclic-Antibandwidth: 30
Labels: [137, 69, 140, 105, 75, 133, 100, 47, 94, 61, 25, 102, 26, 113, 27, 106, 28, 78, 2, 36, 30, 62, 8, 40, 92, 58, 3, 43, 13, 50, 6, 39, 96, 44, 1, 45, 103, 18, 139, 29, 136, 51, 21, 52, 138, 53, 23, 59, 24, 54, 35, 5, 41, 9, 91, 38, 31, 63, 32, 64, 33, 84, 126, 85, 11, 86, 22, 56, 4, 57, 124, 14, 65, 17, 98, 68, 107, 12, 101, 67, 55, 134, 70, 108, 71, 110, 72, 111, 73, 112, 79, 10, 80, 114, 81, 115, 82, 116, 83, 117, 49, 118, 87, 119, 88, 120, 89, 121, 60, 122, 76, 123, 37, 7, 95, 125, 97, 15, 46, 127, 42, 128, 48, 129, 74, 130, 77, 131, 93, 132, 99, 16, 104, 135, 66, 19, 90, 20, 109, 34]
Correct solution
(w = 31) Building and Solving
[runlim] sample:		44.8 time, 40.0 real, 335.4 MB
Value Cyclic-Antibandwidth: 31
Labels: [137, 69, 140, 105, 12, 43, 102, 133, 59, 134, 67, 111, 5, 51, 119, 26, 135, 27, 58, 20, 71, 40, 112, 39, 107, 24, 10, 45, 11, 47, 15, 46, 84, 48, 16, 49, 17, 56, 18, 50, 8, 54, 21, 52, 106, 57, 22, 86, 23, 109, 2, 60, 28, 61, 19, 62, 30, 64, 31, 63, 32, 65, 33, 66, 3, 101, 37, 6, 14, 68, 36, 72, 7, 41, 38, 4, 73, 35, 75, 9, 138, 29, 77, 25, 78, 34, 79, 44, 80, 42, 81, 113, 82, 114, 83, 115, 53, 116, 85, 117, 55, 118, 87, 1, 88, 120, 89, 121, 90, 122, 91, 123, 92, 124, 93, 125, 94, 126, 95, 127, 96, 128, 97, 129, 98, 130, 99, 131, 100, 132, 74, 136, 70, 103, 104, 13, 110, 76, 108, 139]
Correct solution
(w = 32) Building and Solving
Value Cyclic-Antibandwidth: 32
Labels: [137, 69, 140, 103, 71, 133, 98, 41, 92, 19, 96, 26, 109, 1, 84, 29, 62, 10, 101, 30, 77, 2, 68, 32, 76, 3, 6, 38, 102, 16, 97, 5, 90, 21, 80, 40, 91, 17, 9, 87, 18, 86, 13, 45, 20, 54, 138, 55, 23, 56, 25, 57, 15, 107, 27, 82, 14, 83, 22, 85, 53, 89, 136, 33, 67, 24, 59, 94, 126, 60, 4, 61, 105, 47, 99, 46, 100, 134, 63, 106, 64, 108, 65, 124, 36, 110, 75, 111, 44, 112, 37, 113, 35, 114, 34, 115, 48, 116, 81, 117, 78, 118, 79, 119, 52, 120, 50, 121, 66, 122, 72, 123, 31, 125, 93, 28, 95, 7, 39, 127, 74, 128, 42, 129, 70, 130, 73, 131, 49, 132, 51, 8, 43, 135, 104, 11, 88, 12, 58, 139]
Correct solution
(w = 33) Building and Solving
Value Cyclic-Antibandwidth: 33
Labels: [31, 69, 33, 103, 4, 37, 100, 133, 98, 11, 107, 32, 113, 35, 86, 18, 125, 41, 140, 42, 76, 43, 5, 44, 7, 45, 9, 46, 13, 47, 14, 48, 74, 40, 2, 49, 15, 50, 68, 3, 36, 84, 21, 54, 71, 38, 99, 55, 22, 56, 137, 57, 20, 58, 1, 59, 30, 105, 23, 60, 26, 62, 27, 63, 28, 67, 29, 64, 19, 104, 66, 136, 34, 138, 61, 134, 73, 39, 72, 24, 25, 108, 16, 109, 75, 110, 77, 111, 78, 112, 79, 17, 80, 114, 81, 115, 82, 116, 83, 117, 51, 118, 85, 119, 53, 120, 87, 121, 88, 122, 89, 123, 90, 124, 91, 10, 92, 126, 93, 127, 94, 128, 95, 129, 96, 130, 97, 131, 65, 132, 70, 12, 101, 135, 102, 6, 52, 8, 106, 139]
Correct solution
(w = 34) Building and Solving
[runlim] sample:		57.8 time, 50.0 real, 233.4 MB
Value Cyclic-Antibandwidth: 34
Labels: [137, 69, 140, 101, 66, 26, 126, 35, 114, 30, 106, 29, 113, 27, 119, 33, 131, 96, 6, 40, 89, 38, 111, 5, 86, 20, 2, 43, 118, 19, 75, 16, 49, 15, 116, 10, 79, 11, 58, 24, 117, 12, 115, 9, 17, 85, 4, 52, 18, 53, 132, 32, 138, 76, 14, 88, 54, 8, 55, 7, 56, 94, 90, 124, 57, 92, 46, 97, 59, 103, 60, 136, 98, 21, 64, 104, 62, 28, 63, 107, 36, 108, 71, 109, 51, 110, 77, 39, 73, 112, 78, 23, 13, 47, 81, 42, 80, 45, 82, 48, 83, 44, 84, 22, 50, 120, 41, 121, 87, 122, 68, 123, 74, 25, 91, 125, 93, 31, 65, 127, 70, 128, 34, 129, 67, 130, 95, 61, 99, 133, 72, 134, 100, 135, 102, 1, 37, 3, 105, 139]
Correct solution
(w = 35) Building and Solving
Value Cyclic-Antibandwidth: 35
Labels: [137, 69, 140, 101, 136, 31, 98, 133, 65, 28, 107, 33, 78, 34, 119, 35, 129, 36, 1, 37, 73, 7, 75, 39, 3, 38, 4, 41, 5, 42, 111, 6, 79, 44, 8, 45, 122, 46, 2, 47, 89, 12, 92, 14, 67, 17, 86, 48, 88, 13, 66, 18, 97, 19, 91, 20, 23, 58, 106, 22, 95, 29, 59, 105, 25, 103, 61, 11, 102, 138, 62, 134, 63, 27, 64, 26, 70, 24, 71, 15, 72, 108, 9, 109, 16, 74, 110, 40, 76, 112, 77, 113, 43, 114, 51, 115, 80, 116, 81, 117, 82, 118, 83, 10, 84, 120, 85, 50, 121, 49, 87, 123, 53, 124, 54, 125, 55, 126, 56, 127, 57, 128, 93, 52, 94, 130, 60, 131, 96, 132, 90, 30, 99, 21, 100, 135, 32, 68, 104, 139]
Correct solution
(w = 36) Building and Solving
[runlim] sample:		70.5 time, 60.0 real, 346.2 MB
Value Cyclic-Antibandwidth: 36
Labels: [104, 67, 30, 73, 3, 66, 29, 70, 13, 52, 96, 24, 65, 16, 57, 122, 34, 130, 69, 115, 140, 40, 86, 137, 97, 134, 105, 27, 103, 38, 2, 48, 82, 15, 102, 50, 11, 87, 17, 60, 19, 116, 23, 79, 83, 133, 80, 120, 76, 131, 129, 44, 92, 132, 54, 139, 100, 136, 99, 39, 126, 31, 106, 7, 101, 47, 1, 95, 51, 128, 41, 121, 49, 91, 5, 45, 8, 53, 10, 107, 26, 63, 21, 61, 9, 81, 124, 37, 98, 12, 64, 117, 138, 62, 119, 33, 71, 118, 114, 77, 125, 88, 36, 90, 93, 35, 75, 111, 25, 74, 42, 84, 135, 78, 22, 108, 113, 59, 20, 56, 6, 85, 68, 32, 94, 14, 55, 127, 109, 46, 4, 89, 43, 110, 18, 58, 123, 28, 112, 72]
Correct solution
(w = 37) Building and Solving
Value Cyclic-Antibandwidth: 37
Labels: [126, 32, 78, 115, 75, 114, 39, 1, 98, 33, 119, 16, 55, 17, 91, 136, 90, 46, 4, 104, 87, 40, 124, 65, 117, 53, 121, 19, 58, 100, 137, 85, 30, 101, 140, 38, 125, 84, 59, 11, 112, 71, 110, 7, 36, 111, 61, 105, 24, 77, 27, 122, 60, 5, 70, 20, 120, 82, 31, 79, 14, 97, 62, 21, 118, 28, 109, 18, 41, 130, 29, 131, 93, 22, 96, 48, 129, 76, 26, 68, 80, 15, 66, 138, 37, 139, 83, 128, 49, 133, 47, 95, 134, 94, 45, 88, 43, 102, 113, 34, 74, 123, 56, 103, 25, 69, 108, 9, 67, 2, 73, 127, 57, 116, 23, 72, 50, 6, 81, 3, 99, 35, 107, 12, 51, 92, 132, 64, 106, 13, 63, 10, 86, 42, 54, 8, 52, 135, 89, 44]
Correct solution
(w = 38) Building and Solving
[runlim] sample:		82.6 time, 70.0 real, 344.8 MB
Value Cyclic-Antibandwidth: 38
Labels: [108, 58, 20, 85, 18, 70, 7, 65, 8, 48, 5, 64, 121, 24, 66, 1, 39, 94, 19, 113, 63, 14, 79, 118, 38, 77, 105, 44, 124, 75, 2, 81, 110, 40, 125, 41, 111, 36, 43, 140, 82, 26, 86, 132, 97, 138, 99, 139, 37, 103, 135, 34, 100, 33, 115, 71, 61, 15, 96, 28, 68, 119, 4, 53, 9, 88, 49, 128, 106, 51, 89, 45, 6, 69, 136, 57, 17, 112, 25, 98, 60, 13, 104, 59, 21, 91, 123, 27, 80, 134, 76, 116, 22, 120, 72, 117, 30, 131, 107, 31, 74, 137, 35, 90, 122, 78, 130, 84, 129, 29, 73, 114, 47, 3, 42, 83, 109, 55, 16, 67, 23, 87, 50, 127, 52, 93, 12, 92, 95, 133, 46, 102, 32, 101, 54, 10, 56, 11, 62, 126]
Correct solution
(w = 39) Building and Solving
Value Cyclic-Antibandwidth: 39
Labels: [107, 16, 55, 97, 53, 10, 67, 19, 106, 65, 15, 58, 7, 96, 49, 1, 98, 52, 8, 63, 61, 20, 112, 45, 125, 84, 110, 71, 31, 101, 2, 86, 100, 54, 11, 92, 23, 89, 13, 109, 24, 94, 29, 122, 93, 41, 126, 35, 128, 33, 77, 30, 113, 27, 127, 76, 17, 80, 136, 50, 6, 72, 108, 69, 12, 59, 3, 74, 57, 118, 47, 87, 25, 88, 120, 81, 42, 83, 28, 115, 114, 56, 119, 43, 117, 73, 123, 40, 103, 32, 116, 38, 105, 36, 82, 130, 39, 129, 135, 34, 131, 85, 124, 75, 121, 79, 37, 104, 46, 138, 48, 5, 51, 134, 78, 140, 139, 64, 22, 95, 44, 137, 91, 4, 70, 18, 62, 132, 90, 21, 68, 9, 60, 102, 133, 66, 14, 99, 26, 111]
Correct solution
(w = 40) Building and Solving
[runlim] sample:		96.2 time, 80.0 real, 353.5 MB
Value Cyclic-Antibandwidth: 40
Labels: [137, 69, 1, 95, 55, 133, 56, 16, 114, 22, 65, 13, 113, 60, 10, 110, 31, 98, 6, 99, 48, 7, 72, 32, 86, 35, 111, 34, 92, 36, 102, 37, 87, 41, 101, 38, 108, 8, 139, 40, 104, 42, 107, 28, 14, 105, 5, 96, 4, 45, 90, 49, 127, 47, 132, 43, 138, 97, 44, 136, 39, 134, 89, 11, 51, 100, 19, 59, 53, 12, 62, 103, 21, 61, 66, 106, 63, 112, 24, 64, 25, 67, 26, 109, 27, 81, 68, 15, 70, 9, 71, 30, 73, 33, 74, 115, 29, 116, 20, 117, 76, 118, 77, 119, 78, 120, 79, 121, 80, 122, 23, 123, 82, 124, 83, 125, 85, 126, 84, 3, 88, 128, 57, 129, 75, 130, 50, 131, 93, 52, 140, 54, 94, 135, 17, 91, 18, 58, 2, 46]
Correct solution
(w = 41) Building and Solving
Value Cyclic-Antibandwidth: 41
Labels: [94, 24, 83, 129, 49, 139, 91, 42, 126, 70, 128, 29, 120, 43, 86, 45, 107, 55, 101, 10, 26, 75, 28, 113, 20, 61, 102, 59, 118, 22, 78, 17, 33, 97, 37, 79, 27, 90, 88, 46, 124, 68, 23, 105, 98, 6, 96, 47, 116, 63, 87, 4, 51, 136, 84, 138, 135, 76, 131, 35, 133, 38, 1, 65, 110, 48, 103, 9, 31, 121, 80, 30, 119, 40, 25, 100, 56, 3, 44, 95, 66, 12, 109, 19, 111, 41, 104, 7, 52, 93, 134, 36, 34, 77, 16, 71, 130, 89, 99, 8, 106, 15, 85, 14, 127, 32, 92, 39, 82, 2, 122, 53, 117, 21, 62, 114, 50, 5, 74, 18, 72, 140, 132, 60, 108, 57, 13, 67, 54, 123, 58, 137, 81, 11, 64, 112, 69, 125, 73, 115]
Correct solution
(w = 42) Building and Solving
[runlim] sample:		109.5 time, 90.0 real, 324.8 MB
Value Cyclic-Antibandwidth: 42
Labels: [137, 69, 140, 93, 51, 133, 91, 4, 89, 47, 126, 67, 20, 115, 26, 121, 43, 94, 24, 66, 85, 27, 70, 28, 107, 29, 111, 30, 104, 31, 113, 32, 83, 33, 99, 34, 110, 35, 21, 63, 17, 112, 23, 65, 136, 78, 36, 86, 135, 37, 84, 25, 95, 139, 88, 44, 38, 134, 39, 96, 40, 98, 60, 2, 45, 100, 42, 101, 46, 102, 5, 103, 8, 56, 105, 15, 57, 10, 58, 16, 59, 108, 11, 109, 19, 61, 22, 106, 64, 14, 68, 18, 62, 114, 71, 9, 72, 116, 73, 117, 74, 118, 75, 119, 76, 120, 77, 6, 48, 122, 79, 123, 80, 124, 82, 125, 90, 138, 41, 127, 81, 128, 52, 129, 50, 130, 53, 131, 87, 132, 49, 7, 92, 1, 13, 55, 12, 54, 97, 3]
Correct solution
(w = 43) Building and Solving
[runlim] sample:		123.3 time, 100.0 real, 280.8 MB
Value Cyclic-Antibandwidth: 43
Labels: [137, 69, 3, 93, 50, 7, 90, 133, 85, 17, 107, 24, 70, 26, 119, 27, 82, 28, 106, 29, 61, 18, 101, 31, 87, 32, 112, 33, 99, 34, 95, 35, 98, 36, 92, 37, 105, 38, 136, 39, 117, 40, 111, 41, 110, 42, 88, 43, 89, 2, 68, 135, 45, 102, 46, 134, 138, 48, 4, 47, 97, 53, 54, 1, 55, 100, 13, 56, 14, 58, 12, 57, 103, 9, 60, 10, 59, 11, 62, 113, 51, 108, 64, 16, 65, 22, 116, 66, 109, 20, 67, 21, 118, 73, 23, 115, 72, 140, 114, 19, 74, 25, 75, 15, 76, 120, 77, 121, 78, 122, 79, 123, 80, 124, 81, 125, 30, 126, 83, 127, 84, 128, 71, 129, 86, 130, 44, 131, 63, 132, 49, 6, 91, 5, 94, 8, 104, 52, 139, 96]
Correct solution
(w = 44) Building and Solving
Value Cyclic-Antibandwidth: 44
Labels: [137, 69, 140, 91, 47, 133, 82, 5, 57, 103, 12, 83, 22, 116, 25, 121, 31, 99, 32, 89, 70, 21, 71, 17, 104, 29, 23, 95, 30, 87, 18, 62, 77, 33, 113, 63, 19, 64, 8, 65, 134, 86, 39, 135, 101, 35, 92, 36, 93, 1, 81, 136, 66, 110, 37, 94, 38, 96, 50, 97, 40, 98, 59, 114, 46, 2, 52, 3, 13, 102, 9, 53, 4, 60, 43, 105, 54, 100, 11, 106, 56, 108, 55, 109, 15, 107, 24, 111, 16, 112, 61, 10, 67, 20, 68, 115, 26, 78, 27, 117, 72, 118, 73, 119, 74, 120, 58, 14, 76, 122, 28, 123, 34, 124, 80, 125, 75, 126, 41, 127, 79, 128, 48, 129, 45, 130, 49, 131, 85, 132, 42, 138, 90, 44, 7, 51, 6, 84, 139, 88]
Correct solution
(w = 45) Building and Solving
[runlim] sample:		135.2 time, 110.0 real, 424.6 MB
Value Cyclic-Antibandwidth: 45
Labels: [96, 1, 48, 123, 68, 21, 87, 138, 77, 25, 86, 132, 55, 100, 6, 81, 126, 42, 101, 12, 46, 133, 66, 114, 35, 127, 95, 140, 83, 38, 84, 2, 139, 82, 136, 50, 115, 57, 40, 85, 32, 89, 134, 70, 118, 67, 3, 56, 5, 63, 116, 27, 104, 30, 124, 53, 19, 106, 47, 131, 78, 8, 58, 105, 10, 64, 18, 72, 137, 59, 109, 20, 88, 41, 120, 75, 13, 102, 43, 117, 4, 79, 31, 111, 26, 97, 44, 94, 39, 130, 36, 108, 119, 62, 15, 110, 60, 9, 54, 122, 29, 93, 16, 74, 52, 107, 51, 98, 34, 129, 23, 76, 22, 92, 14, 71, 33, 103, 49, 113, 37, 91, 135, 90, 28, 99, 17, 69, 7, 80, 24, 112, 65, 11, 61, 128, 45, 125, 73, 121]
Correct solution
(w = 46) Building and Solving
Value Cyclic-Antibandwidth: 46
Labels: [139, 69, 140, 90, 44, 133, 85, 39, 92, 2, 63, 109, 21, 115, 22, 102, 23, 106, 24, 79, 93, 25, 98, 34, 108, 26, 20, 66, 116, 27, 101, 28, 64, 110, 31, 119, 29, 77, 32, 126, 52, 127, 78, 132, 113, 43, 89, 136, 76, 134, 42, 105, 33, 87, 41, 95, 35, 96, 5, 97, 4, 50, 99, 53, 6, 100, 54, 128, 7, 55, 9, 103, 57, 3, 48, 104, 58, 11, 59, 12, 14, 107, 15, 65, 16, 62, 61, 111, 18, 70, 19, 112, 67, 114, 60, 8, 68, 13, 56, 117, 71, 118, 72, 17, 73, 120, 74, 121, 75, 122, 40, 123, 30, 124, 49, 125, 82, 36, 83, 37, 84, 38, 51, 129, 80, 130, 81, 131, 86, 135, 88, 137, 91, 45, 1, 47, 138, 46, 94, 10]
Correct solution
(w = 47) Building and Solving
[runlim] sample:		149.7 time, 120.0 real, 337.7 MB
Value Cyclic-Antibandwidth: 47
Labels: [119, 69, 122, 30, 87, 38, 126, 79, 26, 74, 5, 65, 114, 29, 82, 129, 75, 123, 58, 107, 48, 106, 13, 73, 25, 118, 22, 109, 17, 67, 12, 92, 46, 128, 71, 10, 96, 47, 83, 134, 66, 135, 55, 102, 139, 54, 108, 56, 7, 97, 104, 42, 115, 51, 98, 21, 63, 11, 84, 14, 94, 15, 136, 88, 32, 86, 35, 124, 103, 43, 93, 28, 76, 133, 6, 89, 18, 100, 9, 91, 52, 127, 49, 2, 95, 44, 16, 72, 3, 77, 23, 90, 59, 8, 99, 33, 116, 60, 121, 37, 113, 53, 132, 70, 137, 64, 117, 24, 105, 27, 36, 85, 138, 50, 111, 45, 1, 62, 140, 68, 120, 61, 31, 78, 125, 39, 101, 40, 4, 57, 130, 80, 20, 110, 34, 112, 41, 131, 81, 19]
Correct solution
(w = 48) Building and Solving
[runlim] sample:		162.3 time, 130.0 real, 445.4 MB
Value Cyclic-Antibandwidth: 48
Labels: [137, 58, 140, 88, 39, 87, 4, 55, 130, 38, 105, 15, 64, 14, 84, 23, 82, 22, 89, 25, 77, 24, 116, 27, 101, 28, 115, 37, 125, 48, 122, 31, 80, 32, 81, 134, 43, 128, 35, 127, 76, 6, 68, 136, 114, 66, 18, 85, 8, 92, 12, 93, 44, 94, 45, 96, 54, 103, 20, 97, 49, 133, 7, 99, 11, 98, 50, 131, 47, 138, 52, 100, 33, 104, 86, 5, 53, 106, 56, 107, 57, 135, 78, 1, 59, 110, 63, 2, 61, 112, 62, 113, 16, 108, 19, 111, 21, 72, 69, 117, 67, 118, 30, 119, 36, 120, 46, 121, 73, 9, 71, 123, 74, 124, 75, 13, 26, 102, 34, 126, 51, 139, 79, 129, 70, 10, 83, 3, 40, 132, 65, 17, 109, 60, 95, 41, 90, 42, 91, 29]
Correct solution
(w = 49) Building and Solving
[runlim] sample:		176.2 time, 140.0 real, 626.4 MB
Value Cyclic-Antibandwidth: 49
Labels: [78, 25, 83, 34, 92, 11, 97, 9, 59, 138, 54, 129, 74, 19, 68, 7, 89, 40, 125, 75, 4, 72, 137, 65, 16, 100, 111, 58, 120, 61, 12, 86, 2, 62, 113, 43, 96, 29, 124, 73, 21, 112, 63, 131, 38, 88, 27, 104, 23, 80, 99, 30, 84, 26, 76, 135, 39, 122, 49, 119, 67, 136, 77, 126, 47, 110, 55, 140, 3, 60, 1, 51, 130, 56, 64, 5, 94, 17, 91, 15, 108, 44, 95, 6, 90, 10, 42, 123, 35, 101, 18, 93, 14, 102, 36, 116, 32, 85, 103, 50, 134, 79, 8, 81, 127, 46, 115, 48, 132, 70, 82, 139, 87, 31, 98, 22, 13, 66, 118, 37, 105, 28, 106, 52, 117, 53, 109, 41, 71, 133, 57, 114, 24, 107, 20, 69, 128, 45, 121, 33]
Correct solution
(w = 50) Building and Solving
Value Cyclic-Antibandwidth: 50
Labels: [134, 49, 106, 17, 85, 18, 108, 56, 138, 83, 30, 120, 64, 4, 70, 137, 47, 100, 12, 74, 63, 113, 26, 111, 23, 96, 129, 39, 102, 52, 2, 69, 16, 92, 9, 60, 1, 77, 73, 123, 59, 130, 67, 11, 34, 95, 28, 87, 25, 88, 81, 22, 97, 21, 105, 40, 46, 109, 44, 128, 42, 124, 112, 55, 117, 53, 104, 14, 48, 136, 54, 110, 20, 78, 32, 103, 15, 98, 31, 99, 94, 7, 68, 3, 82, 6, 38, 93, 37, 122, 71, 131, 8, 58, 132, 50, 101, 19, 91, 35, 121, 45, 119, 61, 135, 80, 5, 66, 13, 79, 86, 139, 76, 126, 43, 116, 127, 51, 133, 57, 107, 36, 10, 62, 118, 33, 84, 27, 65, 115, 41, 114, 29, 90, 140, 72, 125, 75, 24, 89]
Correct solution
(w = 51) Building and Solving
[runlim] sample:		189.9 time, 150.0 real, 380.8 MB
Value Cyclic-Antibandwidth: 51
Labels: [122, 69, 18, 107, 56, 130, 78, 135, 52, 103, 16, 68, 129, 55, 128, 42, 120, 46, 110, 54, 50, 117, 51, 124, 36, 119, 11, 66, 13, 101, 30, 102, 83, 3, 61, 112, 44, 111, 45, 100, 49, 137, 79, 4, 138, 67, 139, 82, 9, 80, 74, 21, 93, 29, 84, 10, 27, 115, 57, 5, 90, 17, 81, 14, 96, 8, 92, 12, 131, 76, 7, 60, 134, 75, 19, 71, 127, 43, 97, 28, 87, 2, 65, 123, 70, 136, 121, 32, 85, 31, 99, 35, 77, 26, 98, 33, 106, 38, 133, 63, 118, 34, 88, 22, 59, 140, 89, 15, 94, 23, 109, 20, 86, 25, 91, 24, 58, 6, 95, 41, 126, 62, 108, 47, 113, 39, 104, 40, 53, 116, 48, 114, 37, 105, 132, 72, 125, 73, 1, 64]
Correct solution
(w = 52) Building and Solving
[runlim] sample:		204.2 time, 160.0 real, 423.8 MB
Value Cyclic-Antibandwidth: 52
Labels: [96, 44, 103, 31, 86, 34, 101, 49, 127, 74, 21, 104, 38, 92, 5, 83, 136, 62, 9, 80, 8, 65, 118, 51, 106, 24, 123, 71, 138, 58, 115, 50, 16, 70, 122, 45, 111, 32, 117, 53, 130, 63, 132, 64, 139, 56, 110, 55, 137, 77, 112, 60, 116, 29, 89, 27, 43, 124, 42, 129, 76, 6, 109, 54, 108, 39, 94, 17, 59, 7, 91, 23, 105, 26, 126, 67, 3, 79, 12, 85, 88, 1, 87, 15, 84, 18, 37, 95, 40, 119, 46, 131, 120, 66, 121, 36, 113, 28, 19, 75, 134, 69, 14, 98, 93, 10, 97, 22, 78, 2, 135, 48, 107, 25, 82, 11, 68, 13, 99, 41, 102, 35, 140, 52, 128, 47, 100, 33, 61, 4, 57, 114, 30, 90, 20, 72, 125, 73, 133, 81]
Correct solution
(w = 53) Building and Solving
[runlim] sample:		217.9 time, 170.0 real, 586.6 MB
Value Cyclic-Antibandwidth: 53
Labels: [109, 22, 87, 32, 102, 48, 135, 77, 3, 65, 125, 47, 116, 29, 83, 136, 49, 103, 16, 78, 23, 90, 36, 122, 67, 131, 75, 128, 45, 100, 42, 114, 1, 84, 139, 62, 8, 95, 91, 9, 68, 15, 92, 33, 18, 96, 11, 69, 127, 58, 119, 37, 94, 19, 86, 31, 59, 134, 71, 138, 52, 105, 2, 63, 5, 60, 4, 82, 85, 26, 80, 21, 104, 27, 133, 64, 137, 79, 14, 98, 72, 10, 76, 129, 55, 123, 126, 43, 101, 46, 130, 56, 34, 121, 40, 93, 38, 118, 113, 57, 140, 54, 108, 50, 30, 117, 53, 110, 39, 107, 51, 112, 25, 89, 17, 88, 106, 20, 74, 7, 73, 6, 35, 99, 13, 66, 120, 44, 70, 124, 41, 111, 24, 97, 132, 61, 115, 28, 81, 12]
Correct solution
(w = 54) Building and Solving
Value Cyclic-Antibandwidth: 54
Labels: [105, 34, 90, 36, 97, 41, 107, 53, 137, 68, 134, 79, 19, 74, 12, 98, 39, 123, 69, 131, 22, 108, 47, 110, 55, 133, 118, 61, 5, 87, 33, 113, 20, 77, 4, 60, 115, 45, 120, 65, 10, 84, 16, 89, 29, 96, 11, 75, 130, 63, 114, 56, 135, 57, 124, 40, 35, 100, 15, 83, 9, 64, 139, 70, 126, 49, 122, 42, 81, 27, 103, 17, 101, 23, 1, 59, 125, 48, 117, 38, 71, 136, 58, 112, 26, 95, 6, 92, 31, 86, 140, 54, 80, 8, 62, 128, 44, 111, 7, 91, 24, 104, 50, 129, 66, 132, 78, 3, 76, 14, 28, 88, 21, 94, 32, 102, 93, 37, 109, 46, 119, 43, 52, 106, 30, 116, 51, 121, 2, 85, 25, 99, 18, 82, 73, 127, 67, 13, 72, 138]
Correct solution
(w = 55) Building and Solving
[runlim] sample:		233.9 time, 180.0 real, 583.0 MB
Value Cyclic-Antibandwidth: 55
Labels: [94, 37, 113, 54, 131, 69, 14, 92, 34, 118, 51, 125, 58, 128, 73, 10, 81, 4, 62, 120, 9, 67, 133, 49, 134, 50, 97, 13, 68, 124, 52, 117, 53, 135, 79, 6, 71, 136, 138, 80, 24, 106, 32, 89, 46, 101, 22, 83, 26, 91, 140, 72, 5, 85, 27, 111, 70, 12, 88, 28, 104, 21, 8, 65, 123, 42, 99, 20, 119, 64, 126, 60, 121, 41, 61, 1, 75, 19, 102, 43, 132, 57, 122, 66, 127, 48, 47, 105, 29, 98, 36, 112, 129, 74, 11, 76, 7, 63, 55, 137, 78, 15, 100, 16, 130, 45, 107, 40, 103, 39, 84, 139, 82, 17, 90, 33, 18, 95, 35, 108, 25, 110, 59, 115, 31, 96, 23, 93, 3, 87, 30, 86, 2, 77, 44, 114, 56, 116, 38, 109]
Correct solution
(w = 56) Building and Solving
[runlim] sample:		248.1 time, 190.0 real, 501.0 MB
Value Cyclic-Antibandwidth: 56
Labels: [110, 29, 85, 7, 63, 126, 59, 2, 77, 16, 93, 35, 100, 37, 120, 57, 122, 50, 108, 47, 28, 111, 52, 125, 49, 123, 107, 34, 102, 39, 96, 30, 25, 95, 31, 109, 42, 117, 88, 27, 91, 22, 105, 21, 134, 64, 128, 60, 4, 87, 70, 10, 72, 133, 71, 127, 130, 56, 136, 78, 135, 54, 68, 12, 94, 38, 115, 53, 140, 81, 18, 76, 15, 84, 73, 132, 51, 131, 75, 1, 17, 86, 8, 67, 6, 79, 92, 11, 69, 137, 61, 138, 24, 104, 43, 112, 46, 116, 103, 44, 106, 36, 97, 20, 45, 129, 48, 113, 41, 124, 121, 40, 99, 23, 83, 5, 65, 9, 89, 33, 101, 32, 118, 55, 139, 82, 13, 80, 26, 90, 19, 98, 14, 74, 114, 58, 119, 62, 3, 66]
Correct solution
(w = 57) Building and Solving
[runlim] sample:		262.9 time, 200.0 real, 442.4 MB
Value Cyclic-Antibandwidth: 57
Labels: [130, 54, 135, 72, 6, 80, 137, 78, 15, 85, 3, 69, 128, 49, 107, 31, 103, 20, 97, 28, 59, 133, 55, 112, 39, 110, 134, 70, 8, 79, 4, 71, 61, 119, 48, 122, 65, 140, 14, 87, 5, 88, 10, 68, 63, 131, 67, 129, 53, 124, 18, 93, 32, 90, 26, 102, 60, 117, 52, 116, 51, 125, 136, 66, 9, 77, 2, 62, 75, 132, 50, 118, 45, 120, 27, 84, 19, 96, 30, 106, 73, 138, 81, 16, 82, 13, 12, 95, 38, 121, 64, 1, 56, 139, 76, 7, 83, 23, 126, 58, 127, 57, 114, 36, 41, 98, 24, 100, 29, 105, 89, 25, 86, 17, 74, 11, 21, 104, 46, 115, 43, 113, 92, 35, 109, 40, 123, 47, 37, 108, 44, 101, 42, 111, 94, 22, 99, 34, 91, 33]
Correct solution
(w = 58) Building and Solving
[runlim] sample:		281.3 time, 210.0 real, 457.0 MB
Value Cyclic-Antibandwidth: 58
Labels: [110, 45, 119, 42, 123, 65, 7, 89, 22, 85, 18, 95, 36, 106, 40, 120, 60, 122, 64, 4, 38, 102, 23, 91, 30, 97, 126, 68, 10, 70, 132, 56, 61, 130, 57, 118, 53, 125, 114, 37, 109, 31, 96, 26, 46, 107, 29, 88, 8, 87, 133, 51, 124, 59, 121, 44, 73, 12, 82, 15, 81, 1, 20, 100, 32, 94, 21, 93, 103, 41, 113, 54, 136, 55, 14, 76, 17, 99, 39, 115, 79, 140, 78, 137, 58, 134, 25, 83, 2, 84, 11, 74, 112, 47, 117, 52, 131, 63, 34, 116, 43, 108, 27, 105, 101, 19, 92, 28, 104, 33, 62, 3, 67, 6, 80, 5, 129, 69, 138, 66, 128, 50, 49, 127, 48, 111, 35, 98, 135, 75, 16, 86, 24, 90, 71, 139, 77, 13, 72, 9]
Correct solution
(w = 59) Building and Solving
[runlim] sample:		302.7 time, 220.0 real, 568.4 MB
Value Cyclic-Antibandwidth: 59
Labels: [90, 24, 92, 11, 70, 132, 51, 126, 49, 119, 39, 99, 25, 101, 33, 114, 55, 136, 77, 10, 12, 76, 1, 65, 139, 66, 104, 41, 111, 45, 120, 57, 28, 89, 27, 95, 31, 91, 79, 7, 78, 17, 87, 14, 137, 73, 134, 61, 122, 50, 53, 112, 52, 128, 59, 124, 117, 47, 106, 30, 107, 35, 64, 123, 60, 138, 62, 135, 129, 54, 113, 48, 125, 56, 40, 121, 42, 102, 23, 94, 98, 21, 81, 19, 88, 13, 22, 82, 3, 68, 127, 58, 84, 15, 96, 29, 103, 34, 20, 100, 36, 110, 38, 105, 93, 26, 85, 5, 69, 130, 44, 116, 37, 108, 46, 118, 131, 63, 4, 74, 8, 75, 72, 140, 80, 2, 67, 133, 18, 97, 32, 109, 43, 115, 86, 16, 83, 9, 71, 6]
Correct solution
(w = 60) Building and Solving
[runlim] sample:		328.1 time, 230.0 real, 563.7 MB
Value Cyclic-Antibandwidth: 60
Labels: [124, 54, 120, 49, 117, 48, 128, 68, 4, 84, 5, 80, 15, 83, 23, 100, 35, 99, 25, 101, 59, 122, 42, 111, 33, 94, 115, 44, 113, 46, 114, 36, 57, 135, 75, 136, 62, 133, 123, 51, 130, 70, 138, 60, 41, 112, 37, 106, 26, 95, 125, 58, 129, 55, 116, 53, 50, 118, 43, 104, 28, 96, 1, 69, 132, 56, 134, 63, 81, 16, 88, 9, 78, 12, 10, 90, 11, 71, 131, 64, 65, 126, 66, 137, 61, 140, 18, 79, 13, 74, 8, 77, 93, 19, 85, 24, 102, 34, 3, 73, 6, 67, 127, 52, 97, 22, 92, 30, 110, 31, 39, 119, 45, 121, 47, 108, 105, 40, 107, 27, 103, 38, 20, 98, 32, 109, 29, 89, 87, 7, 72, 2, 76, 139, 21, 91, 17, 82, 14, 86]
Correct solution
(w = 61) Building and Solving
[runlim] sample:		359.3 time, 240.0 real, 657.2 MB
Value Cyclic-Antibandwidth: 61
Labels: [121, 54, 132, 67, 3, 65, 126, 49, 123, 61, 140, 70, 9, 87, 24, 91, 30, 97, 22, 99, 55, 116, 41, 114, 43, 113, 119, 45, 107, 39, 109, 38, 60, 131, 66, 2, 81, 14, 136, 63, 137, 71, 6, 83, 69, 4, 77, 15, 76, 138, 128, 56, 135, 68, 5, 74, 59, 127, 50, 118, 42, 105, 125, 64, 139, 78, 16, 93, 53, 115, 47, 111, 46, 120, 133, 57, 129, 52, 124, 48, 79, 13, 90, 20, 85, 19, 134, 58, 122, 51, 130, 62, 82, 12, 73, 11, 75, 1, 23, 101, 32, 106, 35, 102, 98, 37, 103, 40, 117, 44, 26, 96, 21, 94, 29, 104, 108, 33, 112, 36, 110, 34, 31, 92, 25, 95, 28, 100, 86, 7, 84, 18, 88, 17, 27, 89, 10, 72, 8, 80]
Correct solution
(w = 62) Building and Solving
[runlim] sample:		380.5 time, 250.0 real, 538.2 MB
[runlim] sample:		401.0 time, 260.0 real, 973.7 MB
[runlim] sample:		461.3 time, 270.0 real, 1157.3 MB
[runlim] sample:		514.2 time, 280.0 real, 1188.6 MB
[runlim] sample:		549.8 time, 290.0 real, 1368.7 MB
[runlim] sample:		579.8 time, 300.0 real, 1429.5 MB
[runlim] sample:		609.8 time, 310.0 real, 1429.5 MB
[runlim] sample:		639.8 time, 320.0 real, 1438.2 MB
[runlim] sample:		669.8 time, 330.0 real, 1494.9 MB
[runlim] sample:		699.8 time, 340.0 real, 1494.9 MB
[runlim] sample:		729.8 time, 350.0 real, 1494.9 MB
[runlim] sample:		759.8 time, 360.0 real, 1494.9 MB
[runlim] sample:		789.8 time, 370.0 real, 1494.9 MB
[runlim] sample:		819.8 time, 380.0 real, 1494.9 MB
[runlim] sample:		849.8 time, 390.0 real, 1494.9 MB
[runlim] sample:		879.8 time, 400.0 real, 1499.1 MB
[runlim] sample:		909.8 time, 410.0 real, 1499.1 MB
[runlim] sample:		939.8 time, 420.0 real, 1499.1 MB
[runlim] sample:		969.8 time, 430.0 real, 1499.1 MB
[runlim] sample:		999.8 time, 440.0 real, 1499.1 MB
[runlim] sample:		1029.8 time, 450.0 real, 1499.1 MB
[runlim] sample:		1059.8 time, 460.0 real, 1499.1 MB
[runlim] sample:		1089.8 time, 470.0 real, 1499.1 MB
[runlim] sample:		1119.8 time, 480.0 real, 1499.1 MB
[runlim] sample:		1149.8 time, 490.0 real, 1499.1 MB
[runlim] sample:		1179.8 time, 500.0 real, 1499.3 MB
[runlim] sample:		1209.8 time, 510.0 real, 1499.3 MB
[runlim] sample:		1239.8 time, 520.0 real, 1499.3 MB
[runlim] sample:		1269.7 time, 530.0 real, 1499.3 MB
[runlim] sample:		1299.7 time, 540.0 real, 1499.3 MB
[runlim] sample:		1329.7 time, 550.0 real, 1499.3 MB
[runlim] sample:		1359.7 time, 560.0 real, 1499.3 MB
[runlim] sample:		1389.7 time, 570.0 real, 1499.3 MB
[runlim] sample:		1419.7 time, 580.0 real, 1499.3 MB
[runlim] sample:		1449.7 time, 590.0 real, 1499.3 MB
[runlim] sample:		1479.7 time, 600.0 real, 1499.3 MB
[runlim] sample:		1509.7 time, 610.0 real, 1499.3 MB
[runlim] sample:		1539.7 time, 620.0 real, 1499.3 MB
[runlim] sample:		1569.7 time, 630.0 real, 1499.3 MB
[runlim] sample:		1599.7 time, 640.0 real, 1499.3 MB
[runlim] sample:		1629.7 time, 650.0 real, 1499.3 MB
[runlim] sample:		1659.7 time, 660.0 real, 1499.3 MB
[runlim] sample:		1689.7 time, 670.0 real, 1499.3 MB
[runlim] sample:		1719.7 time, 680.0 real, 1499.3 MB
[runlim] sample:		1749.7 time, 690.0 real, 1499.3 MB
[runlim] sample:		1779.7 time, 700.0 real, 1499.3 MB
[runlim] sample:		1809.7 time, 710.0 real, 1499.3 MB
[runlim] sample:		1839.7 time, 720.0 real, 1499.3 MB
[runlim] sample:		1869.7 time, 730.0 real, 1499.3 MB
[runlim] sample:		1899.7 time, 740.0 real, 1499.3 MB
[runlim] sample:		1929.7 time, 750.0 real, 1499.3 MB
[runlim] sample:		1959.7 time, 760.0 real, 1499.3 MB
Value Cyclic-Antibandwidth: 62
Labels: [108, 42, 116, 52, 130, 63, 138, 74, 139, 73, 10, 82, 16, 93, 30, 100, 38, 112, 40, 118, 46, 121, 47, 111, 43, 107, 104, 35, 97, 29, 106, 33, 45, 120, 51, 113, 37, 105, 114, 36, 98, 23, 96, 28, 62, 131, 60, 123, 59, 126, 125, 48, 117, 55, 127, 54, 71, 6, 83, 19, 94, 21, 137, 72, 4, 68, 5, 67, 70, 1, 75, 13, 89, 24, 135, 58, 136, 65, 133, 64, 88, 26, 99, 31, 109, 44, 11, 85, 17, 81, 3, 69, 78, 140, 76, 14, 91, 20, 15, 87, 12, 90, 27, 101, 92, 18, 86, 8, 80, 9, 22, 84, 7, 77, 2, 79, 102, 34, 110, 32, 95, 25, 39, 115, 49, 122, 53, 124, 103, 41, 119, 57, 134, 56, 50, 128, 66, 129, 61, 132]
Correct solution
(w = 63) Building and Solving
[runlim] sample:		1979.6 time, 770.0 real, 1085.9 MB
[runlim] sample:		2021.5 time, 780.0 real, 1198.2 MB
[runlim] sample:		2082.5 time, 790.0 real, 1325.9 MB
Value Cyclic-Antibandwidth: 63
Labels: [90, 16, 80, 3, 66, 131, 59, 126, 49, 113, 37, 101, 31, 107, 30, 97, 20, 85, 8, 76, 19, 94, 23, 93, 22, 86, 91, 14, 87, 21, 95, 28, 15, 82, 7, 79, 4, 67, 68, 134, 57, 128, 53, 122, 130, 56, 129, 54, 123, 52, 58, 125, 60, 136, 61, 132, 135, 65, 140, 69, 133, 64, 62, 138, 63, 127, 50, 124, 112, 46, 111, 36, 110, 43, 48, 119, 55, 120, 51, 118, 106, 33, 99, 26, 103, 27, 34, 109, 40, 104, 29, 98, 108, 42, 117, 41, 105, 38, 44, 121, 45, 115, 47, 116, 96, 24, 92, 25, 89, 18, 32, 100, 35, 102, 39, 114, 83, 11, 75, 10, 84, 13, 17, 88, 12, 77, 6, 81, 74, 137, 71, 2, 73, 9, 139, 72, 5, 78, 1, 70]
Correct solution
(w = 64) Building and Solving
[runlim] sample:		2103.9 time, 800.0 real, 988.3 MB
[runlim] sample:		2154.7 time, 810.0 real, 1313.5 MB
[runlim] sample:		2195.1 time, 820.0 real, 1279.3 MB
[runlim] sample:		2225.0 time, 830.0 real, 1267.6 MB
[runlim] sample:		2255.0 time, 840.0 real, 1262.0 MB
[runlim] sample:		2285.0 time, 850.0 real, 1262.0 MB
[runlim] sample:		2314.9 time, 860.0 real, 1262.0 MB
[runlim] sample:		2344.9 time, 870.0 real, 1262.0 MB
[runlim] sample:		2374.9 time, 880.0 real, 1340.3 MB
[runlim] sample:		2404.9 time, 890.0 real, 1342.7 MB
[runlim] sample:		2434.9 time, 900.0 real, 1342.7 MB
[runlim] sample:		2464.9 time, 910.0 real, 1342.7 MB
[runlim] sample:		2494.9 time, 920.0 real, 1342.7 MB
[runlim] sample:		2524.9 time, 930.0 real, 1344.9 MB
[runlim] sample:		2554.9 time, 940.0 real, 1344.9 MB
[runlim] sample:		2584.9 time, 950.0 real, 1344.9 MB
[runlim] sample:		2614.9 time, 960.0 real, 1344.9 MB
[runlim] sample:		2644.9 time, 970.0 real, 1289.3 MB
[runlim] sample:		2674.9 time, 980.0 real, 1289.3 MB
[runlim] sample:		2704.9 time, 990.0 real, 1289.3 MB
[runlim] sample:		2734.9 time, 1000.0 real, 1289.3 MB
[runlim] sample:		2764.9 time, 1010.0 real, 1289.3 MB
[runlim] sample:		2794.9 time, 1020.0 real, 1289.3 MB
[runlim] sample:		2824.9 time, 1030.0 real, 1291.3 MB
[runlim] sample:		2854.9 time, 1040.0 real, 1449.7 MB
[runlim] sample:		2884.9 time, 1050.0 real, 1483.4 MB
[runlim] sample:		2914.9 time, 1060.0 real, 1483.4 MB
[runlim] sample:		2944.9 time, 1070.0 real, 1484.5 MB
[runlim] sample:		2974.9 time, 1080.0 real, 1484.8 MB
[runlim] sample:		3004.9 time, 1090.0 real, 1484.8 MB
[runlim] sample:		3034.9 time, 1100.0 real, 1484.8 MB
[runlim] sample:		3064.9 time, 1110.0 real, 1484.8 MB
[runlim] sample:		3094.9 time, 1120.0 real, 1484.8 MB
[runlim] sample:		3124.9 time, 1130.0 real, 1484.8 MB
[runlim] sample:		3154.9 time, 1140.0 real, 1484.8 MB
[runlim] sample:		3184.9 time, 1150.0 real, 1484.8 MB
[runlim] sample:		3214.9 time, 1160.0 real, 1485.0 MB
[runlim] sample:		3244.9 time, 1170.0 real, 1485.0 MB
[runlim] sample:		3274.9 time, 1180.0 real, 1488.1 MB
[runlim] sample:		3304.9 time, 1190.0 real, 1488.1 MB
[runlim] sample:		3334.9 time, 1200.0 real, 1488.1 MB
[runlim] sample:		3364.9 time, 1210.0 real, 1488.1 MB
[runlim] sample:		3394.9 time, 1220.0 real, 1488.1 MB
[runlim] sample:		3424.9 time, 1230.0 real, 1488.1 MB
[runlim] sample:		3454.9 time, 1240.0 real, 1489.2 MB
[runlim] sample:		3484.9 time, 1250.0 real, 1544.7 MB
[runlim] sample:		3514.9 time, 1260.0 real, 1545.9 MB
[runlim] sample:		3544.9 time, 1270.0 real, 1546.0 MB
[runlim] sample:		3574.9 time, 1280.0 real, 1546.0 MB
[runlim] sample:		3604.9 time, 1290.0 real, 1546.0 MB
[runlim] sample:		3634.9 time, 1300.0 real, 1546.0 MB
[runlim] sample:		3664.9 time, 1310.0 real, 1565.7 MB
[runlim] sample:		3694.9 time, 1320.0 real, 1577.5 MB
[runlim] sample:		3724.9 time, 1330.0 real, 1577.5 MB
[runlim] sample:		3754.9 time, 1340.0 real, 1577.5 MB
[runlim] sample:		3784.9 time, 1350.0 real, 1577.5 MB
[runlim] sample:		3814.9 time, 1360.0 real, 1577.5 MB
[runlim] sample:		3844.9 time, 1370.0 real, 1577.5 MB
[runlim] sample:		3874.9 time, 1380.0 real, 1577.5 MB
[runlim] sample:		3904.9 time, 1390.0 real, 1577.5 MB
[runlim] sample:		3934.9 time, 1400.0 real, 1577.5 MB
[runlim] sample:		3964.9 time, 1410.0 real, 1577.5 MB
[runlim] sample:		3994.9 time, 1420.0 real, 1577.5 MB
[runlim] sample:		4024.9 time, 1430.0 real, 1577.5 MB
[runlim] sample:		4054.9 time, 1440.0 real, 1577.5 MB
[runlim] sample:		4084.9 time, 1450.0 real, 1577.5 MB
[runlim] sample:		4114.9 time, 1460.0 real, 1577.5 MB
[runlim] sample:		4144.9 time, 1470.0 real, 1577.5 MB
[runlim] sample:		4174.9 time, 1480.0 real, 1577.5 MB
[runlim] sample:		4204.9 time, 1490.0 real, 1577.5 MB
[runlim] sample:		4234.9 time, 1500.0 real, 1577.5 MB
[runlim] sample:		4264.9 time, 1510.0 real, 1577.5 MB
[runlim] sample:		4294.9 time, 1520.0 real, 1577.5 MB
[runlim] sample:		4324.9 time, 1530.0 real, 1577.5 MB
Value Cyclic-Antibandwidth: 64
Labels: [118, 48, 123, 59, 126, 58, 134, 60, 136, 69, 4, 79, 15, 90, 21, 93, 24, 100, 35, 107, 50, 114, 38, 112, 42, 113, 117, 53, 128, 63, 127, 51, 47, 115, 40, 116, 52, 125, 132, 67, 139, 75, 140, 65, 55, 119, 43, 109, 45, 120, 129, 62, 135, 68, 138, 66, 61, 130, 56, 131, 64, 137, 133, 57, 124, 54, 121, 49, 71, 3, 76, 7, 80, 12, 2, 72, 6, 81, 11, 83, 78, 10, 74, 9, 84, 14, 8, 73, 1, 77, 5, 70, 86, 17, 89, 25, 101, 27, 18, 94, 22, 91, 19, 87, 97, 33, 106, 41, 105, 29, 20, 85, 13, 82, 16, 88, 99, 26, 96, 28, 104, 39, 30, 95, 31, 98, 23, 92, 102, 36, 110, 34, 108, 44, 32, 103, 37, 111, 46, 122]
Correct solution
(w = 65) Building and Solving
[runlim] sample:		4347.3 time, 1540.0 real, 1126.6 MB
[runlim] sample:		4380.5 time, 1550.0 real, 1238.3 MB
[runlim] sample:		4424.7 time, 1560.0 real, 1293.6 MB
[runlim] sample:		4454.6 time, 1570.0 real, 1293.6 MB
[runlim] sample:		4484.6 time, 1580.0 real, 1321.3 MB
[runlim] sample:		4514.6 time, 1590.0 real, 1281.0 MB
[runlim] sample:		4544.6 time, 1600.0 real, 1281.0 MB
[runlim] sample:		4574.6 time, 1610.0 real, 1281.0 MB
[runlim] sample:		4604.6 time, 1620.0 real, 1281.0 MB
[runlim] sample:		4634.6 time, 1630.0 real, 1281.0 MB
[runlim] sample:		4664.6 time, 1640.0 real, 1281.0 MB
[runlim] sample:		4694.6 time, 1650.0 real, 1281.0 MB
[runlim] sample:		4724.6 time, 1660.0 real, 1281.0 MB
[runlim] sample:		4754.6 time, 1670.0 real, 1281.0 MB
[runlim] sample:		4784.6 time, 1680.0 real, 1281.0 MB
[runlim] sample:		4814.6 time, 1690.0 real, 1281.0 MB
[runlim] sample:		4844.6 time, 1700.0 real, 1281.0 MB
[runlim] sample:		4874.6 time, 1710.0 real, 1281.0 MB
[runlim] sample:		4904.6 time, 1720.0 real, 1281.0 MB
[runlim] sample:		4934.6 time, 1730.0 real, 1281.0 MB
[runlim] sample:		4964.6 time, 1740.0 real, 1281.0 MB
[runlim] sample:		4994.6 time, 1750.0 real, 1281.0 MB
[runlim] sample:		5024.6 time, 1760.0 real, 1281.0 MB
[runlim] sample:		5054.6 time, 1770.0 real, 1281.0 MB
[runlim] sample:		5084.6 time, 1780.0 real, 1281.0 MB
[runlim] sample:		5114.6 time, 1790.0 real, 1281.0 MB
[runlim] sample:		5144.6 time, 1800.0 real, 1281.0 MB
[runlim] end:			Sat Nov  1 20:04:35 2025
[runlim] status:		out of time
[runlim] result:		2
[runlim] children:		0
[runlim] real:			1800.08 seconds
[runlim] time:			5144.56 seconds
[runlim] space:			1577.5 MB
[runlim] samples:		18000
