[runlim] version:		1.10
[runlim] time limit:		311040000 seconds
[runlim] real time limit:	1800 seconds
[runlim] space limit:		30000 MB
[runlim] argv[0]:		python3
[runlim] argv[1]:		model_MIP_CPLEX.py
[runlim] argv[2]:		./graph/caterpillar/caterpillar_20_6.txt
[runlim] start:			Sat Nov  1 19:04:35 2025
[runlim] main pid:		62779
[runlim] log captured:
(w = 4) Building and Solving
Value Cyclic-Antibandwidth: 4
Labels: [115, 5, 14, 63, 41, 45, 28, 79, 113, 65, 6, 110, 55, 62, 57, 93, 81, 116, 120, 86, 66, 109, 25, 68, 59, 104, 13, 118, 98, 32, 88, 22, 117, 15, 106, 89, 3, 35, 17, 105, 16, 9, 60, 119, 27, 84, 24, 47, 33, 52, 11, 85, 43, 80, 30, 48, 67, 97, 31, 36, 49, 112, 71, 42, 75, 12, 37, 108, 26, 70, 2, 44, 99, 107, 90, 34, 100, 61, 82, 78, 39, 23, 83, 8, 21, 72, 76, 10, 20, 77, 51, 38, 87, 74, 114, 4, 111, 92, 1, 94, 91, 7, 69, 95, 101, 56, 96, 73, 58, 54, 29, 46, 53, 18, 103, 19, 40, 50, 64, 102]
Correct solution
(w = 5) Building and Solving
Value Cyclic-Antibandwidth: 5
Labels: [115, 5, 14, 63, 82, 45, 28, 99, 113, 65, 76, 110, 44, 94, 57, 93, 9, 116, 85, 78, 58, 109, 25, 68, 59, 104, 13, 118, 103, 32, 88, 22, 117, 15, 106, 89, 3, 35, 17, 73, 16, 86, 47, 70, 27, 84, 24, 66, 33, 52, 11, 105, 43, 80, 30, 62, 67, 97, 31, 36, 49, 112, 71, 42, 75, 12, 37, 108, 26, 41, 2, 98, 46, 107, 90, 34, 100, 61, 81, 120, 39, 55, 83, 8, 21, 72, 79, 10, 20, 119, 51, 38, 87, 74, 114, 4, 111, 92, 1, 53, 91, 7, 69, 95, 101, 56, 96, 48, 60, 54, 29, 77, 6, 18, 23, 19, 40, 50, 64, 102]
Correct solution
(w = 6) Building and Solving
Value Cyclic-Antibandwidth: 6
Labels: [115, 5, 14, 63, 31, 45, 28, 99, 113, 65, 76, 110, 55, 94, 57, 93, 81, 116, 69, 86, 66, 109, 84, 68, 59, 58, 13, 118, 82, 32, 88, 22, 117, 15, 106, 89, 3, 35, 17, 120, 16, 62, 47, 70, 27, 95, 44, 9, 33, 52, 104, 85, 25, 80, 30, 48, 67, 97, 43, 36, 49, 112, 71, 42, 75, 12, 37, 108, 26, 41, 2, 98, 46, 107, 90, 34, 100, 61, 24, 78, 39, 23, 83, 8, 21, 72, 79, 10, 20, 119, 51, 38, 87, 74, 114, 4, 111, 92, 1, 53, 105, 7, 91, 11, 101, 56, 96, 73, 60, 54, 29, 77, 6, 18, 103, 19, 40, 50, 64, 102]
Correct solution
(w = 7) Building and Solving
Value Cyclic-Antibandwidth: 7
Labels: [85, 5, 14, 57, 31, 45, 28, 99, 113, 65, 76, 110, 55, 94, 1, 37, 9, 115, 69, 86, 58, 109, 40, 68, 59, 108, 13, 118, 82, 32, 88, 20, 117, 15, 106, 89, 70, 35, 17, 63, 16, 62, 47, 119, 27, 95, 24, 66, 33, 52, 104, 90, 22, 80, 30, 48, 67, 97, 43, 36, 49, 112, 71, 2, 75, 12, 60, 84, 26, 41, 116, 44, 78, 107, 120, 34, 100, 61, 81, 93, 39, 23, 83, 8, 21, 72, 79, 10, 3, 77, 51, 38, 87, 74, 114, 4, 111, 92, 42, 53, 105, 7, 91, 11, 101, 56, 96, 73, 25, 54, 29, 46, 6, 18, 103, 19, 98, 50, 64, 102]
Correct solution
(w = 8) Building and Solving
Value Cyclic-Antibandwidth: 8
Labels: [115, 5, 14, 57, 83, 45, 28, 99, 113, 65, 76, 110, 91, 62, 1, 37, 9, 36, 120, 78, 58, 109, 84, 68, 59, 108, 13, 118, 82, 32, 88, 34, 117, 15, 106, 89, 3, 35, 17, 63, 16, 86, 47, 70, 27, 95, 24, 66, 33, 52, 104, 85, 22, 80, 30, 48, 67, 97, 31, 23, 53, 112, 71, 2, 75, 12, 60, 43, 26, 41, 116, 98, 46, 107, 90, 79, 100, 61, 81, 93, 39, 55, 105, 8, 21, 72, 44, 10, 20, 119, 51, 38, 87, 74, 114, 4, 111, 92, 42, 94, 49, 7, 69, 11, 101, 56, 96, 73, 25, 54, 29, 77, 6, 18, 103, 19, 40, 50, 64, 102]
Correct solution
(w = 9) Building and Solving
Value Cyclic-Antibandwidth: 9
Labels: [85, 5, 14, 57, 31, 45, 28, 99, 113, 65, 76, 115, 91, 62, 1, 37, 9, 36, 120, 78, 58, 109, 40, 68, 59, 104, 13, 118, 82, 32, 88, 34, 117, 15, 106, 89, 3, 35, 17, 63, 16, 86, 47, 70, 27, 95, 24, 66, 33, 52, 84, 105, 22, 80, 30, 48, 67, 97, 43, 23, 53, 112, 71, 2, 75, 12, 60, 108, 26, 41, 116, 98, 46, 107, 90, 79, 100, 61, 81, 93, 39, 55, 83, 110, 21, 72, 44, 10, 20, 119, 51, 38, 87, 74, 114, 4, 111, 92, 42, 94, 49, 7, 69, 11, 101, 56, 96, 73, 25, 54, 29, 77, 6, 18, 103, 19, 8, 50, 64, 102]
Correct solution
(w = 10) Building and Solving
Value Cyclic-Antibandwidth: 10
Labels: [96, 14, 44, 62, 79, 34, 108, 80, 60, 28, 41, 104, 74, 98, 39, 86, 99, 89, 58, 101, 18, 45, 81, 109, 67, 97, 3, 78, 31, 90, 20, 75, 46, 1, 61, 105, 42, 57, 85, 59, 115, 19, 76, 65, 13, 10, 64, 30, 110, 91, 92, 69, 25, 8, 112, 102, 17, 82, 47, 88, 40, 106, 73, 103, 35, 9, 100, 51, 87, 5, 119, 53, 77, 29, 107, 50, 38, 70, 24, 43, 48, 72, 55, 4, 21, 113, 54, 36, 6, 111, 63, 118, 23, 37, 27, 114, 26, 49, 83, 120, 15, 52, 95, 56, 71, 33, 12, 66, 22, 11, 68, 117, 94, 84, 2, 116, 93, 16, 32, 7]
Correct solution
(w = 11) Building and Solving
Value Cyclic-Antibandwidth: 11
Labels: [96, 14, 44, 62, 79, 29, 108, 80, 60, 28, 41, 104, 37, 98, 36, 86, 99, 74, 58, 71, 18, 45, 66, 109, 67, 97, 3, 33, 83, 57, 20, 75, 88, 1, 61, 105, 42, 78, 100, 52, 115, 19, 76, 65, 13, 10, 56, 30, 110, 91, 92, 69, 25, 8, 112, 102, 17, 82, 47, 120, 40, 106, 73, 103, 35, 9, 22, 51, 87, 5, 119, 53, 64, 12, 107, 50, 38, 70, 89, 43, 48, 72, 55, 4, 21, 39, 54, 34, 6, 111, 63, 118, 23, 113, 27, 114, 26, 49, 85, 59, 15, 81, 95, 77, 7, 101, 24, 90, 68, 11, 46, 117, 94, 31, 2, 116, 93, 16, 32, 84]
Correct solution
(w = 12) Building and Solving
Value Cyclic-Antibandwidth: 12
Labels: [96, 5, 103, 57, 31, 45, 88, 64, 113, 65, 94, 110, 91, 37, 1, 93, 9, 116, 85, 32, 58, 109, 40, 18, 59, 104, 13, 118, 98, 82, 36, 20, 117, 78, 106, 89, 3, 35, 17, 63, 16, 86, 47, 70, 27, 84, 24, 66, 33, 52, 42, 101, 22, 80, 30, 48, 67, 97, 43, 23, 15, 112, 71, 2, 75, 12, 60, 108, 26, 62, 77, 115, 99, 41, 105, 79, 100, 61, 81, 120, 39, 55, 83, 8, 21, 72, 44, 10, 68, 119, 51, 38, 87, 74, 114, 4, 111, 92, 11, 53, 49, 7, 69, 95, 28, 56, 102, 76, 25, 54, 29, 46, 6, 107, 14, 19, 90, 50, 34, 73]
Correct solution
(w = 13) Building and Solving
Value Cyclic-Antibandwidth: 13
Labels: [96, 5, 103, 57, 31, 45, 88, 64, 113, 65, 94, 110, 91, 37, 1, 93, 9, 116, 85, 32, 58, 109, 40, 18, 59, 104, 13, 118, 98, 82, 36, 20, 117, 78, 106, 89, 3, 35, 17, 63, 16, 86, 47, 70, 27, 84, 24, 66, 33, 52, 42, 101, 22, 80, 30, 48, 67, 97, 43, 23, 15, 112, 71, 2, 75, 12, 60, 108, 26, 62, 77, 115, 99, 41, 105, 79, 100, 61, 81, 120, 39, 55, 83, 8, 21, 72, 44, 10, 68, 119, 51, 38, 87, 74, 114, 4, 111, 92, 11, 53, 49, 7, 69, 95, 28, 56, 102, 76, 25, 54, 29, 46, 6, 107, 14, 19, 90, 50, 34, 73]
Correct solution
(w = 14) Building and Solving
Value Cyclic-Antibandwidth: 14
Labels: [108, 22, 90, 52, 75, 53, 37, 13, 77, 119, 51, 114, 58, 39, 60, 21, 93, 32, 73, 26, 7, 31, 71, 27, 69, 104, 82, 10, 62, 76, 38, 4, 56, 100, 36, 115, 47, 16, 35, 110, 98, 117, 97, 33, 83, 113, 25, 85, 43, 101, 81, 6, 20, 46, 102, 109, 78, 40, 116, 12, 118, 34, 8, 57, 96, 72, 111, 14, 59, 18, 80, 41, 99, 15, 89, 19, 68, 44, 29, 74, 2, 24, 64, 86, 67, 1, 55, 103, 84, 112, 23, 54, 92, 66, 48, 70, 120, 94, 65, 50, 28, 95, 49, 106, 88, 87, 17, 3, 107, 11, 91, 9, 105, 30, 79, 5, 45, 63, 42, 61]
Correct solution
(w = 15) Building and Solving
Value Cyclic-Antibandwidth: 15
Labels: [108, 22, 90, 20, 75, 53, 37, 13, 77, 119, 51, 114, 58, 39, 60, 21, 93, 32, 73, 26, 7, 31, 71, 27, 69, 104, 82, 10, 41, 76, 38, 4, 52, 100, 36, 115, 47, 16, 35, 110, 98, 117, 97, 33, 83, 113, 25, 85, 43, 62, 81, 6, 101, 46, 102, 109, 78, 40, 116, 12, 118, 34, 8, 57, 96, 72, 111, 14, 59, 18, 80, 1, 99, 15, 89, 19, 68, 44, 29, 74, 2, 24, 64, 86, 67, 3, 55, 103, 84, 112, 23, 54, 92, 66, 48, 70, 120, 94, 65, 50, 28, 95, 49, 106, 88, 87, 17, 56, 107, 11, 91, 9, 105, 30, 79, 5, 45, 63, 42, 61]
Correct solution
(w = 16) Building and Solving
Value Cyclic-Antibandwidth: 16
Labels: [108, 22, 90, 20, 75, 53, 37, 13, 77, 119, 51, 114, 88, 39, 60, 21, 93, 32, 73, 26, 7, 31, 71, 27, 69, 104, 82, 10, 101, 50, 38, 4, 52, 100, 36, 115, 47, 16, 35, 110, 98, 117, 97, 33, 83, 113, 29, 85, 43, 62, 81, 6, 25, 46, 102, 109, 78, 40, 116, 12, 118, 34, 8, 57, 96, 72, 41, 14, 59, 18, 80, 1, 99, 15, 58, 19, 68, 44, 111, 74, 2, 24, 64, 86, 67, 3, 55, 106, 84, 112, 23, 54, 92, 66, 48, 70, 120, 94, 65, 89, 28, 95, 49, 76, 103, 87, 17, 56, 107, 11, 91, 9, 105, 30, 79, 5, 45, 63, 42, 61]
Correct solution
(w = 17) Building and Solving
Value Cyclic-Antibandwidth: 17
Labels: [37, 12, 90, 20, 75, 53, 101, 13, 77, 119, 51, 114, 58, 39, 60, 21, 62, 108, 73, 26, 7, 31, 71, 27, 69, 104, 82, 10, 88, 50, 38, 4, 22, 100, 36, 115, 47, 16, 35, 110, 98, 117, 97, 33, 83, 113, 29, 85, 43, 1, 81, 6, 25, 46, 102, 109, 78, 40, 116, 56, 118, 34, 8, 57, 96, 72, 93, 14, 59, 18, 80, 32, 99, 15, 52, 19, 68, 44, 111, 74, 2, 24, 64, 86, 67, 3, 55, 106, 84, 112, 23, 54, 92, 66, 48, 70, 120, 94, 65, 89, 28, 95, 49, 76, 103, 87, 17, 41, 107, 11, 91, 9, 105, 30, 79, 5, 45, 63, 42, 61]
Correct solution
(w = 18) Building and Solving
Value Cyclic-Antibandwidth: 18
Labels: [37, 12, 90, 20, 75, 53, 101, 13, 77, 119, 51, 114, 58, 39, 60, 21, 62, 108, 73, 26, 7, 31, 71, 27, 69, 104, 82, 10, 88, 50, 38, 4, 22, 100, 36, 115, 47, 16, 35, 110, 98, 117, 97, 33, 83, 113, 29, 85, 43, 1, 81, 6, 25, 46, 102, 109, 78, 40, 116, 56, 118, 34, 8, 57, 96, 72, 93, 14, 59, 18, 80, 32, 99, 15, 52, 19, 68, 44, 111, 74, 2, 24, 64, 86, 67, 3, 55, 106, 84, 112, 23, 54, 92, 66, 48, 70, 120, 94, 65, 89, 28, 95, 49, 76, 103, 87, 17, 41, 107, 11, 91, 9, 105, 30, 79, 5, 45, 63, 42, 61]
Correct solution
(w = 19) Building and Solving
[runlim] sample:		10.6 time, 10.1 real, 165.1 MB
Value Cyclic-Antibandwidth: 19
Labels: [37, 12, 90, 20, 75, 53, 106, 13, 77, 119, 51, 114, 63, 39, 60, 21, 62, 108, 73, 26, 7, 31, 71, 27, 69, 104, 82, 10, 85, 50, 48, 4, 29, 100, 36, 115, 47, 16, 35, 110, 98, 117, 97, 33, 83, 113, 91, 3, 43, 1, 81, 6, 25, 46, 102, 109, 78, 40, 116, 56, 118, 34, 8, 57, 96, 72, 93, 14, 59, 18, 80, 32, 99, 15, 38, 19, 68, 44, 111, 74, 2, 24, 64, 86, 67, 88, 55, 22, 84, 112, 23, 54, 92, 66, 103, 70, 120, 94, 65, 89, 28, 95, 49, 76, 52, 87, 17, 58, 107, 11, 41, 9, 105, 30, 79, 5, 45, 101, 42, 61]
Correct solution
(w = 20) Building and Solving
Value Cyclic-Antibandwidth: 20
Labels: [37, 12, 90, 20, 75, 53, 106, 13, 77, 119, 51, 114, 63, 39, 60, 21, 62, 108, 73, 26, 7, 31, 71, 27, 69, 104, 82, 10, 94, 50, 48, 4, 29, 100, 36, 115, 47, 16, 88, 110, 52, 117, 97, 33, 83, 113, 91, 3, 43, 86, 81, 6, 85, 46, 102, 109, 78, 40, 116, 22, 118, 34, 8, 57, 96, 72, 93, 14, 59, 18, 80, 32, 99, 15, 58, 19, 68, 44, 111, 74, 2, 24, 64, 38, 67, 1, 55, 25, 84, 112, 23, 54, 92, 66, 103, 70, 120, 35, 65, 89, 28, 95, 49, 76, 56, 87, 17, 61, 107, 11, 41, 9, 105, 30, 79, 5, 45, 101, 42, 98]
Correct solution
(w = 21) Building and Solving
Value Cyclic-Antibandwidth: 21
Labels: [37, 12, 90, 20, 75, 53, 106, 13, 77, 119, 51, 114, 63, 39, 60, 21, 62, 108, 73, 26, 7, 31, 71, 27, 69, 104, 82, 10, 94, 50, 48, 4, 29, 100, 36, 115, 47, 16, 88, 110, 25, 58, 97, 33, 83, 113, 91, 3, 43, 86, 81, 6, 85, 46, 102, 109, 78, 40, 116, 22, 118, 34, 8, 57, 96, 72, 93, 14, 59, 18, 80, 32, 99, 15, 56, 19, 68, 44, 111, 74, 2, 24, 64, 38, 67, 117, 55, 1, 84, 112, 23, 54, 92, 66, 103, 70, 120, 35, 65, 89, 28, 95, 49, 76, 52, 87, 17, 61, 107, 11, 41, 9, 105, 30, 79, 5, 45, 101, 42, 98]
Correct solution
(w = 22) Building and Solving
Value Cyclic-Antibandwidth: 22
Labels: [37, 12, 90, 39, 75, 53, 106, 13, 77, 119, 51, 114, 63, 111, 60, 21, 93, 32, 73, 38, 7, 31, 71, 27, 69, 104, 82, 10, 94, 50, 56, 4, 62, 100, 36, 115, 47, 16, 88, 110, 26, 58, 97, 33, 83, 113, 91, 3, 43, 1, 81, 6, 85, 46, 102, 109, 78, 40, 116, 22, 118, 34, 8, 57, 96, 72, 48, 14, 59, 18, 80, 25, 99, 15, 86, 19, 68, 44, 108, 74, 2, 24, 64, 117, 67, 29, 55, 20, 84, 112, 23, 54, 92, 66, 103, 70, 120, 35, 65, 89, 28, 95, 49, 76, 52, 87, 17, 61, 107, 11, 41, 9, 105, 30, 79, 5, 45, 101, 42, 98]
Correct solution
(w = 23) Building and Solving
Value Cyclic-Antibandwidth: 23
Labels: [37, 12, 90, 39, 120, 53, 93, 13, 77, 119, 51, 114, 63, 111, 60, 21, 75, 32, 73, 38, 7, 31, 71, 27, 69, 104, 41, 10, 94, 50, 56, 4, 52, 100, 36, 115, 47, 16, 86, 110, 81, 25, 97, 33, 83, 113, 29, 85, 43, 1, 62, 6, 88, 46, 102, 109, 78, 40, 116, 22, 118, 34, 8, 57, 96, 72, 48, 14, 59, 18, 80, 3, 99, 15, 58, 19, 68, 44, 108, 74, 2, 26, 64, 117, 67, 82, 55, 20, 84, 112, 23, 54, 92, 66, 103, 70, 101, 35, 65, 89, 28, 95, 49, 76, 24, 87, 17, 61, 107, 11, 106, 9, 105, 30, 79, 5, 45, 91, 42, 98]
Correct solution
(w = 24) Building and Solving
Value Cyclic-Antibandwidth: 24
Labels: [21, 59, 120, 91, 67, 113, 68, 44, 117, 72, 31, 7, 42, 17, 41, 9, 33, 61, 37, 66, 88, 40, 11, 39, 15, 8, 32, 57, 12, 50, 51, 13, 52, 19, 53, 54, 26, 55, 27, 56, 10, 34, 4, 28, 60, 65, 6, 63, 5, 36, 14, 38, 71, 24, 94, 87, 16, 101, 29, 76, 77, 49, 2, 43, 73, 48, 74, 3, 75, 30, 86, 62, 18, 64, 35, 93, 118, 89, 116, 92, 114, 58, 1, 25, 96, 97, 70, 98, 46, 99, 100, 69, 45, 78, 102, 103, 79, 104, 80, 105, 106, 81, 107, 82, 108, 109, 83, 110, 84, 111, 112, 85, 20, 90, 115, 22, 47, 23, 95, 119]
Correct solution
(w = 25) Building and Solving
Value Cyclic-Antibandwidth: 25
Labels: [37, 12, 90, 39, 120, 53, 13, 52, 77, 119, 51, 114, 63, 111, 60, 21, 75, 32, 73, 38, 3, 31, 71, 27, 69, 104, 41, 10, 94, 50, 56, 4, 66, 100, 36, 9, 47, 16, 58, 110, 81, 11, 97, 33, 83, 113, 25, 85, 43, 106, 86, 6, 88, 46, 102, 109, 78, 40, 116, 22, 118, 34, 8, 57, 96, 72, 103, 14, 59, 18, 80, 26, 99, 15, 89, 20, 68, 108, 29, 74, 2, 93, 64, 117, 67, 82, 55, 1, 84, 112, 23, 54, 92, 7, 48, 70, 101, 35, 65, 19, 28, 95, 49, 76, 24, 87, 17, 44, 107, 61, 115, 62, 105, 30, 79, 5, 45, 91, 42, 98]
Correct solution
(w = 26) Building and Solving
[runlim] sample:		21.7 time, 20.1 real, 209.8 MB
Value Cyclic-Antibandwidth: 26
Labels: [117, 59, 120, 89, 63, 113, 64, 11, 68, 41, 14, 40, 70, 12, 43, 17, 45, 83, 33, 60, 26, 58, 1, 38, 4, 8, 101, 29, 69, 30, 37, 10, 47, 91, 9, 49, 19, 57, 22, 48, 7, 95, 5, 31, 3, 50, 23, 51, 25, 52, 13, 67, 6, 53, 27, 74, 16, 75, 35, 71, 39, 72, 34, 73, 36, 84, 28, 54, 85, 55, 94, 56, 118, 87, 116, 90, 61, 114, 20, 92, 44, 18, 46, 2, 96, 97, 66, 98, 21, 99, 100, 65, 24, 76, 102, 103, 77, 104, 78, 105, 106, 79, 107, 80, 108, 109, 81, 110, 82, 111, 112, 32, 62, 88, 115, 86, 42, 15, 93, 119]
Correct solution
(w = 27) Building and Solving
Value Cyclic-Antibandwidth: 27
Labels: [58, 22, 90, 39, 120, 53, 117, 37, 77, 119, 51, 114, 63, 111, 60, 21, 75, 32, 73, 38, 3, 31, 71, 27, 69, 104, 41, 10, 103, 50, 61, 4, 66, 100, 36, 9, 47, 16, 52, 110, 81, 8, 97, 33, 83, 113, 25, 85, 43, 12, 86, 6, 88, 46, 102, 109, 78, 40, 116, 56, 118, 34, 94, 57, 96, 72, 106, 14, 59, 18, 80, 13, 99, 15, 89, 26, 68, 108, 29, 74, 2, 93, 64, 11, 67, 82, 55, 1, 84, 112, 23, 54, 92, 7, 48, 70, 101, 35, 65, 19, 28, 95, 49, 76, 24, 87, 17, 44, 107, 20, 115, 62, 105, 30, 79, 5, 45, 91, 42, 98]
Correct solution
(w = 28) Building and Solving
Value Cyclic-Antibandwidth: 28
Labels: [52, 22, 90, 39, 120, 53, 117, 37, 77, 119, 51, 114, 63, 111, 60, 21, 75, 32, 73, 38, 3, 31, 71, 27, 69, 104, 41, 10, 82, 50, 56, 4, 76, 1, 36, 115, 47, 16, 44, 110, 81, 8, 97, 33, 83, 113, 25, 85, 43, 106, 62, 6, 86, 46, 102, 109, 78, 40, 116, 66, 118, 34, 94, 57, 96, 72, 100, 14, 59, 18, 80, 12, 99, 15, 89, 26, 68, 108, 29, 74, 2, 93, 64, 11, 67, 24, 55, 20, 84, 112, 23, 54, 92, 7, 48, 70, 101, 35, 65, 19, 28, 95, 49, 9, 88, 87, 17, 61, 107, 58, 103, 13, 105, 30, 79, 5, 45, 91, 42, 98]
Correct solution
(w = 29) Building and Solving
Value Cyclic-Antibandwidth: 29
Labels: [108, 22, 90, 39, 120, 53, 1, 37, 77, 119, 51, 114, 63, 111, 60, 21, 75, 32, 73, 38, 62, 31, 71, 27, 69, 104, 41, 10, 100, 50, 56, 4, 76, 3, 36, 115, 47, 16, 52, 110, 81, 8, 97, 33, 83, 113, 25, 85, 43, 12, 86, 6, 82, 46, 102, 109, 78, 40, 116, 84, 118, 34, 94, 57, 96, 72, 103, 14, 59, 18, 80, 44, 99, 15, 89, 26, 68, 117, 29, 74, 2, 93, 64, 11, 67, 24, 55, 106, 58, 112, 23, 54, 92, 7, 48, 70, 101, 35, 65, 19, 28, 95, 49, 9, 88, 87, 17, 61, 107, 20, 13, 66, 105, 30, 79, 5, 45, 91, 42, 98]
Correct solution
(w = 30) Building and Solving
Value Cyclic-Antibandwidth: 30
Labels: [108, 22, 90, 39, 120, 53, 117, 37, 77, 119, 51, 114, 63, 111, 60, 21, 75, 41, 73, 38, 62, 31, 71, 27, 69, 104, 66, 10, 82, 50, 56, 4, 76, 3, 36, 115, 47, 16, 52, 110, 81, 8, 97, 33, 83, 113, 25, 85, 43, 12, 86, 6, 88, 46, 102, 109, 78, 40, 116, 84, 118, 34, 94, 57, 96, 72, 103, 14, 59, 18, 93, 13, 99, 15, 89, 26, 68, 100, 29, 74, 2, 32, 64, 11, 67, 24, 55, 106, 58, 112, 23, 54, 92, 7, 48, 70, 101, 35, 65, 19, 28, 95, 49, 9, 80, 87, 17, 61, 107, 20, 1, 44, 105, 30, 79, 5, 45, 91, 42, 98]
Correct solution
(w = 31) Building and Solving
Value Cyclic-Antibandwidth: 31
Labels: [117, 59, 120, 86, 51, 114, 55, 110, 49, 4, 79, 46, 14, 64, 9, 68, 16, 47, 78, 17, 28, 89, 18, 67, 19, 20, 95, 21, 107, 22, 38, 7, 52, 100, 35, 10, 41, 72, 1, 61, 11, 42, 87, 29, 63, 32, 119, 39, 8, 69, 6, 40, 76, 25, 74, 77, 34, 106, 45, 13, 81, 27, 73, 24, 113, 43, 82, 116, 84, 12, 26, 57, 3, 58, 2, 91, 60, 92, 53, 93, 94, 37, 5, 65, 30, 97, 66, 118, 36, 99, 98, 33, 101, 70, 102, 103, 71, 104, 50, 105, 90, 15, 85, 54, 108, 109, 75, 44, 96, 48, 112, 62, 23, 83, 115, 80, 111, 56, 88, 31]
Correct solution
(w = 32) Building and Solving
[runlim] sample:		33.5 time, 30.1 real, 180.6 MB
Value Cyclic-Antibandwidth: 32
Labels: [117, 60, 120, 83, 51, 113, 52, 119, 81, 49, 17, 61, 95, 15, 48, 16, 72, 21, 80, 20, 43, 5, 39, 71, 27, 23, 87, 30, 84, 26, 33, 86, 54, 92, 28, 3, 91, 8, 94, 14, 13, 58, 1, 59, 101, 66, 2, 42, 77, 35, 12, 44, 4, 37, 115, 68, 36, 78, 6, 38, 11, 85, 31, 79, 116, 9, 41, 114, 45, 7, 88, 46, 89, 55, 90, 29, 62, 18, 50, 93, 32, 64, 24, 56, 96, 97, 47, 98, 53, 99, 100, 63, 19, 70, 102, 69, 34, 104, 40, 105, 106, 73, 107, 74, 108, 109, 75, 110, 76, 111, 112, 67, 10, 82, 118, 65, 22, 103, 25, 57]
Correct solution
(w = 33) Building and Solving
Value Cyclic-Antibandwidth: 33
Labels: [117, 59, 120, 83, 48, 15, 93, 46, 13, 78, 43, 9, 42, 8, 41, 106, 72, 22, 70, 23, 66, 29, 108, 47, 99, 24, 88, 26, 84, 31, 63, 5, 39, 104, 32, 33, 97, 53, 102, 20, 85, 27, 62, 19, 64, 71, 34, 75, 3, 37, 60, 10, 73, 17, 74, 107, 40, 7, 51, 113, 79, 44, 1, 80, 4, 114, 57, 21, 54, 12, 82, 6, 89, 55, 90, 91, 14, 92, 58, 103, 94, 38, 95, 28, 96, 87, 45, 98, 65, 118, 100, 61, 101, 68, 35, 25, 67, 116, 36, 2, 105, 30, 76, 11, 56, 109, 69, 110, 50, 111, 112, 49, 16, 81, 115, 77, 18, 52, 86, 119]
Correct solution
(w = 34) Building and Solving
Value Cyclic-Antibandwidth: 34
Labels: [117, 40, 120, 81, 47, 113, 48, 119, 44, 10, 86, 45, 95, 54, 20, 58, 24, 59, 25, 87, 55, 89, 8, 85, 27, 88, 29, 115, 32, 70, 73, 118, 67, 33, 78, 21, 96, 56, 4, 57, 112, 26, 94, 30, 64, 75, 31, 65, 101, 41, 7, 42, 1, 76, 17, 35, 77, 2, 83, 6, 79, 34, 116, 37, 114, 84, 3, 72, 5, 82, 51, 11, 90, 23, 66, 91, 15, 92, 9, 93, 28, 62, 18, 52, 14, 97, 63, 98, 49, 99, 100, 61, 13, 68, 102, 103, 69, 104, 36, 105, 106, 71, 107, 22, 108, 109, 38, 110, 39, 111, 60, 12, 46, 80, 43, 50, 16, 74, 19, 53]
Correct solution
(w = 35) Building and Solving
[runlim] sample:		46.9 time, 40.1 real, 234.3 MB
Value Cyclic-Antibandwidth: 35
Labels: [117, 59, 120, 81, 43, 114, 48, 13, 67, 28, 63, 20, 89, 21, 60, 22, 65, 29, 64, 24, 47, 108, 27, 90, 33, 94, 30, 99, 19, 101, 45, 3, 58, 23, 71, 26, 78, 7, 88, 17, 87, 16, 66, 31, 111, 73, 37, 2, 38, 76, 107, 32, 70, 35, 77, 82, 41, 113, 42, 116, 118, 80, 9, 83, 25, 85, 18, 86, 14, 50, 15, 51, 8, 52, 6, 91, 53, 92, 54, 93, 10, 55, 95, 56, 1, 97, 57, 98, 44, 4, 100, 61, 96, 34, 102, 103, 68, 104, 69, 105, 106, 39, 74, 5, 40, 109, 46, 110, 72, 36, 112, 62, 11, 79, 115, 75, 12, 49, 84, 119]
Correct solution
(w = 36) Building and Solving
Value Cyclic-Antibandwidth: 36
Labels: [10, 47, 117, 80, 33, 71, 15, 55, 95, 59, 105, 38, 108, 51, 99, 56, 101, 28, 106, 52, 94, 44, 89, 7, 50, 92, 17, 82, 36, 118, 76, 113, 65, 21, 87, 32, 111, 72, 27, 98, 102, 25, 81, 12, 86, 35, 83, 16, 54, 90, 61, 115, 68, 109, 73, 4, 79, 2, 67, 26, 31, 97, 39, 3, 42, 20, 70, 114, 58, 110, 22, 91, 48, 6, 78, 74, 34, 100, 30, 75, 69, 8, 49, 5, 57, 116, 53, 13, 77, 119, 43, 112, 45, 88, 9, 19, 85, 40, 104, 37, 18, 60, 14, 66, 120, 64, 24, 84, 11, 93, 46, 1, 41, 96, 29, 107, 62, 23, 63, 103]
Correct solution
(w = 37) Building and Solving
Value Cyclic-Antibandwidth: 37
Labels: [117, 59, 120, 79, 39, 114, 37, 74, 7, 50, 11, 56, 18, 63, 102, 64, 27, 72, 29, 108, 52, 101, 47, 100, 54, 13, 55, 92, 20, 91, 60, 15, 85, 16, 90, 23, 97, 53, 14, 82, 98, 17, 58, 3, 40, 68, 107, 24, 67, 28, 75, 25, 80, 30, 113, 118, 76, 35, 77, 116, 81, 31, 83, 32, 84, 12, 49, 8, 45, 87, 86, 6, 48, 89, 51, 19, 88, 5, 43, 93, 94, 34, 95, 57, 96, 10, 61, 21, 62, 103, 65, 26, 99, 36, 119, 22, 66, 104, 38, 105, 106, 69, 9, 73, 110, 109, 71, 33, 70, 111, 112, 46, 1, 78, 115, 42, 4, 44, 2, 41]
Correct solution
(w = 38) Building and Solving
[runlim] sample:		60.5 time, 50.1 real, 245.6 MB
Value Cyclic-Antibandwidth: 38
Labels: [97, 59, 120, 71, 33, 113, 40, 119, 44, 5, 43, 93, 55, 16, 61, 103, 62, 24, 65, 2, 34, 79, 35, 85, 21, 18, 90, 27, 91, 14, 56, 17, 57, 19, 60, 110, 28, 66, 8, 47, 96, 29, 81, 26, 69, 63, 25, 72, 114, 73, 117, 76, 37, 75, 116, 78, 30, 105, 31, 111, 82, 6, 83, 39, 118, 84, 46, 86, 9, 88, 3, 48, 89, 49, 10, 12, 50, 92, 51, 13, 11, 52, 95, 53, 15, 87, 20, 98, 41, 99, 100, 38, 101, 36, 102, 64, 22, 104, 42, 108, 106, 67, 107, 68, 23, 94, 54, 109, 70, 32, 112, 74, 115, 77, 1, 80, 4, 58, 7, 45]
Correct solution
(w = 39) Building and Solving
Value Cyclic-Antibandwidth: 39
Labels: [117, 59, 4, 78, 36, 75, 120, 60, 2, 46, 7, 55, 13, 52, 5, 44, 111, 72, 33, 93, 57, 105, 28, 70, 24, 17, 90, 25, 95, 15, 69, 21, 61, 19, 87, 26, 100, 42, 110, 34, 79, 3, 71, 27, 67, 31, 106, 66, 109, 30, 63, 116, 64, 118, 37, 114, 35, 80, 41, 81, 82, 43, 83, 40, 1, 85, 45, 84, 6, 50, 88, 47, 89, 48, 9, 96, 18, 92, 51, 12, 94, 49, 10, 91, 14, 8, 53, 98, 54, 99, 86, 20, 101, 39, 102, 103, 23, 104, 65, 22, 68, 29, 107, 62, 108, 11, 73, 112, 38, 77, 76, 32, 113, 74, 115, 16, 58, 97, 56, 119]
Correct solution
(w = 40) Building and Solving
[runlim] sample:		74.0 time, 60.1 real, 273.2 MB
Value Cyclic-Antibandwidth: 40
Labels: [66, 17, 90, 25, 70, 24, 83, 7, 48, 88, 10, 52, 113, 59, 117, 62, 20, 61, 118, 44, 3, 55, 112, 64, 2, 63, 106, 36, 104, 46, 19, 73, 15, 72, 27, 105, 49, 95, 34, 91, 111, 32, 89, 11, 69, 76, 33, 110, 60, 6, 30, 102, 40, 82, 14, 87, 41, 103, 43, 107, 98, 50, 94, 22, 77, 8, 58, 115, 75, 31, 78, 16, 65, 23, 79, 92, 45, 120, 47, 97, 57, 109, 35, 81, 26, 1, 54, 12, 53, 108, 38, 85, 5, 80, 39, 13, 93, 42, 114, 67, 100, 56, 116, 71, 9, 21, 86, 37, 101, 28, 68, 18, 96, 51, 99, 4, 84, 29, 74, 119]
Correct solution
(w = 41) Building and Solving
Value Cyclic-Antibandwidth: 41
Labels: [17, 59, 18, 96, 19, 86, 39, 114, 73, 32, 105, 60, 9, 82, 25, 89, 47, 109, 68, 8, 94, 41, 88, 10, 85, 112, 61, 11, 76, 12, 78, 26, 91, 45, 92, 44, 102, 54, 104, 48, 70, 7, 83, 35, 97, 24, 66, 118, 55, 5, 101, 23, 74, 30, 108, 50, 115, 40, 111, 51, 2, 80, 15, 58, 103, 95, 22, 65, 106, 27, 28, 75, 116, 72, 21, 13, 62, 6, 77, 36, 87, 29, 71, 119, 53, 3, 81, 31, 98, 34, 90, 43, 113, 67, 110, 33, 79, 20, 84, 37, 117, 42, 1, 46, 120, 38, 100, 56, 99, 57, 4, 49, 93, 14, 64, 52, 107, 63, 16, 69]
Correct solution
(w = 42) Building and Solving
Value Cyclic-Antibandwidth: 42
Labels: [79, 16, 83, 41, 119, 77, 35, 113, 53, 111, 40, 98, 54, 102, 39, 95, 51, 9, 61, 14, 2, 58, 106, 43, 89, 63, 105, 27, 85, 31, 30, 103, 36, 100, 28, 101, 45, 94, 50, 117, 59, 1, 62, 115, 46, 6, 76, 20, 73, 15, 80, 32, 75, 25, 96, 67, 21, 65, 110, 60, 97, 22, 70, 11, 71, 68, 26, 81, 34, 99, 88, 17, 87, 10, 78, 52, 5, 48, 90, 18, 12, 72, 13, 82, 19, 55, 7, 74, 3, 69, 114, 42, 116, 47, 91, 38, 92, 23, 93, 44, 118, 66, 112, 64, 120, 84, 8, 56, 109, 33, 4, 49, 108, 37, 104, 57, 107, 29, 86, 24]
Correct solution
(w = 43) Building and Solving
[runlim] sample:		88.3 time, 70.1 real, 225.7 MB
Value Cyclic-Antibandwidth: 43
Labels: [76, 11, 54, 108, 31, 103, 60, 16, 59, 105, 30, 106, 50, 7, 71, 119, 45, 91, 43, 112, 29, 101, 52, 102, 40, 82, 6, 70, 3, 57, 98, 42, 111, 67, 10, 65, 8, 81, 25, 89, 75, 18, 61, 9, 62, 33, 77, 23, 78, 26, 17, 94, 37, 114, 53, 86, 22, 99, 24, 95, 107, 38, 83, 13, 85, 55, 100, 34, 87, 28, 104, 46, 116, 39, 113, 36, 93, 48, 110, 51, 96, 32, 79, 27, 97, 64, 2, 47, 115, 72, 20, 84, 12, 88, 21, 73, 15, 58, 4, 69, 92, 19, 90, 35, 80, 41, 118, 66, 14, 74, 109, 49, 1, 44, 120, 56, 117, 63, 5, 68]
Correct solution
(w = 44) Building and Solving
Value Cyclic-Antibandwidth: 44
Labels: [74, 2, 48, 92, 23, 77, 31, 79, 22, 87, 43, 91, 17, 66, 20, 71, 15, 83, 39, 106, 16, 86, 33, 90, 18, 49, 101, 51, 96, 34, 103, 55, 110, 61, 13, 30, 75, 3, 47, 115, 67, 10, 64, 5, 56, 7, 72, 118, 70, 1, 105, 38, 108, 53, 97, 9, 69, 25, 81, 29, 89, 44, 88, 26, 78, 32, 95, 21, 68, 19, 114, 42, 116, 50, 117, 41, 113, 57, 104, 45, 73, 8, 52, 4, 58, 111, 35, 94, 28, 84, 80, 24, 99, 54, 100, 119, 59, 11, 85, 12, 76, 27, 93, 46, 102, 36, 107, 60, 109, 40, 98, 37, 112, 63, 120, 62, 14, 82, 6, 65]
Correct solution
(w = 45) Building and Solving
[runlim] sample:		102.4 time, 80.1 real, 246.4 MB
Value Cyclic-Antibandwidth: 45
Labels: [120, 60, 14, 89, 38, 96, 34, 105, 59, 7, 82, 27, 72, 117, 48, 111, 54, 5, 53, 112, 70, 115, 69, 20, 79, 113, 42, 90, 23, 74, 71, 116, 52, 97, 36, 44, 100, 55, 1, 47, 94, 49, 3, 78, 10, 51, 104, 58, 119, 73, 102, 41, 95, 28, 85, 33, 83, 16, 66, 8, 4, 61, 106, 32, 93, 64, 109, 43, 103, 37, 30, 75, 2, 50, 118, 101, 56, 11, 84, 21, 24, 76, 15, 87, 17, 45, 92, 35, 81, 25, 114, 57, 12, 86, 19, 46, 91, 31, 88, 18, 108, 62, 13, 68, 22, 77, 29, 99, 40, 107, 98, 26, 80, 9, 65, 39, 110, 63, 6, 67]
Correct solution
(w = 46) Building and Solving
Value Cyclic-Antibandwidth: 46
Labels: [2, 59, 118, 58, 1, 52, 6, 79, 24, 76, 23, 94, 48, 117, 43, 89, 16, 63, 12, 83, 64, 120, 49, 98, 35, 113, 50, 4, 57, 3, 55, 101, 46, 112, 39, 7, 65, 116, 67, 5, 68, 115, 47, 114, 62, 100, 53, 99, 38, 84, 54, 104, 33, 106, 40, 31, 102, 45, 105, 41, 97, 36, 86, 18, 73, 8, 66, 13, 70, 11, 88, 14, 82, 10, 69, 21, 81, 28, 95, 42, 103, 29, 92, 44, 108, 71, 20, 77, 30, 87, 91, 17, 85, 27, 90, 15, 74, 19, 93, 32, 80, 34, 107, 51, 111, 109, 61, 110, 37, 96, 78, 9, 56, 119, 60, 25, 72, 26, 75, 22]
Correct solution
(w = 47) Building and Solving
[runlim] sample:		117.4 time, 90.1 real, 241.3 MB
Value Cyclic-Antibandwidth: 47
Labels: [93, 43, 100, 50, 98, 49, 107, 39, 92, 21, 69, 117, 48, 95, 26, 88, 19, 68, 3, 61, 28, 97, 46, 116, 53, 104, 54, 5, 76, 20, 37, 96, 47, 113, 59, 112, 57, 6, 62, 4, 40, 109, 51, 106, 42, 118, 71, 24, 77, 30, 60, 12, 85, 14, 79, 108, 36, 89, 38, 105, 34, 81, 15, 66, 8, 87, 29, 82, 33, 101, 16, 86, 17, 83, 13, 64, 114, 41, 91, 31, 110, 56, 2, 65, 7, 32, 99, 35, 102, 55, 73, 10, 63, 120, 67, 18, 90, 27, 74, 25, 70, 9, 75, 11, 80, 1, 52, 119, 58, 115, 72, 23, 78, 22, 84, 111, 45, 94, 44, 103]
Correct solution
(w = 48) Building and Solving
Value Cyclic-Antibandwidth: 48
Labels: [72, 9, 59, 110, 51, 100, 52, 3, 73, 24, 94, 36, 102, 45, 115, 50, 99, 44, 114, 46, 2, 69, 7, 76, 20, 65, 117, 54, 6, 60, 8, 75, 22, 92, 27, 38, 97, 29, 101, 42, 104, 34, 106, 53, 109, 43, 108, 58, 120, 70, 107, 35, 83, 15, 79, 67, 4, 55, 119, 61, 12, 81, 26, 88, 21, 89, 31, 85, 19, 80, 33, 105, 41, 91, 23, 93, 32, 86, 16, 64, 30, 95, 40, 103, 47, 98, 48, 111, 39, 90, 57, 1, 62, 14, 74, 113, 49, 118, 63, 112, 37, 87, 17, 82, 13, 116, 68, 18, 84, 28, 66, 11, 78, 10, 71, 96, 25, 77, 5, 56]
Correct solution
(w = 49) Building and Solving
[runlim] sample:		132.8 time, 100.1 real, 267.0 MB
Value Cyclic-Antibandwidth: 49
Labels: [97, 43, 107, 52, 102, 31, 82, 26, 75, 5, 55, 104, 45, 98, 39, 88, 35, 84, 29, 78, 36, 103, 32, 81, 21, 92, 42, 110, 51, 112, 53, 1, 61, 111, 49, 116, 65, 16, 67, 7, 48, 113, 64, 2, 57, 80, 24, 74, 15, 66, 12, 76, 9, 60, 119, 96, 46, 117, 68, 11, 25, 77, 6, 73, 14, 63, 120, 54, 115, 58, 109, 38, 89, 40, 99, 41, 90, 23, 72, 8, 94, 44, 95, 37, 105, 27, 79, 22, 93, 33, 100, 50, 101, 47, 108, 17, 85, 34, 87, 28, 106, 56, 118, 59, 114, 13, 62, 4, 71, 3, 86, 19, 83, 30, 91, 18, 69, 20, 70, 10]
Correct solution
(w = 50) Building and Solving
[runlim] sample:		147.1 time, 110.1 real, 301.3 MB
Value Cyclic-Antibandwidth: 50
Labels: [116, 58, 1, 51, 103, 42, 99, 29, 98, 41, 92, 22, 74, 12, 76, 14, 81, 19, 85, 30, 52, 113, 43, 93, 38, 3, 54, 107, 49, 101, 55, 105, 48, 115, 64, 102, 47, 112, 44, 108, 53, 117, 66, 13, 83, 111, 50, 120, 61, 6, 36, 89, 35, 104, 45, 80, 20, 90, 39, 100, 34, 86, 25, 94, 27, 106, 56, 109, 40, 97, 26, 78, 11, 62, 4, 75, 8, 77, 18, 73, 16, 67, 9, 79, 24, 63, 118, 68, 17, 82, 7, 57, 114, 59, 119, 72, 2, 65, 15, 70, 23, 84, 28, 91, 37, 69, 5, 60, 110, 46, 32, 87, 21, 71, 10, 95, 33, 96, 31, 88]
Correct solution
(w = 51) Building and Solving
Value Cyclic-Antibandwidth: 51
Labels: [105, 42, 99, 48, 109, 56, 117, 61, 7, 74, 23, 87, 28, 91, 36, 104, 50, 114, 63, 4, 46, 112, 52, 116, 60, 110, 59, 8, 76, 14, 47, 101, 32, 83, 25, 102, 51, 119, 53, 106, 45, 107, 49, 111, 55, 5, 70, 19, 71, 12, 66, 1, 69, 3, 54, 113, 44, 97, 39, 90, 58, 120, 65, 13, 68, 22, 86, 31, 82, 18, 84, 24, 93, 26, 88, 27, 89, 21, 77, 9, 94, 41, 95, 37, 98, 30, 81, 29, 92, 35, 103, 34, 96, 33, 85, 43, 108, 40, 100, 38, 118, 64, 2, 57, 115, 62, 10, 79, 16, 73, 6, 75, 20, 78, 15, 72, 17, 80, 11, 67]
Correct solution
(w = 52) Building and Solving
[runlim] sample:		169.0 time, 120.1 real, 295.4 MB
Value Cyclic-Antibandwidth: 52
Labels: [88, 30, 82, 15, 67, 9, 68, 1, 69, 5, 63, 11, 79, 18, 86, 32, 95, 43, 100, 46, 21, 83, 20, 87, 28, 96, 34, 101, 45, 97, 26, 92, 40, 108, 52, 71, 12, 70, 2, 58, 120, 54, 118, 51, 117, 73, 6, 62, 7, 66, 4, 56, 109, 57, 114, 55, 110, 49, 102, 36, 3, 60, 112, 47, 113, 65, 13, 81, 14, 72, 115, 48, 111, 59, 116, 64, 10, 74, 22, 80, 25, 77, 23, 91, 38, 85, 17, 75, 8, 61, 19, 78, 24, 76, 16, 93, 39, 106, 53, 119, 37, 94, 27, 84, 29, 105, 41, 98, 31, 89, 42, 99, 33, 90, 35, 107, 50, 104, 44, 103]
Correct solution
(w = 53) Building and Solving
[runlim] sample:		200.8 time, 130.1 real, 356.5 MB
[runlim] sample:		245.4 time, 140.1 real, 717.9 MB
[runlim] sample:		282.5 time, 150.1 real, 766.7 MB
[runlim] sample:		312.5 time, 160.1 real, 877.2 MB
[runlim] sample:		342.5 time, 170.1 real, 877.2 MB
[runlim] sample:		372.5 time, 180.1 real, 882.5 MB
[runlim] sample:		402.5 time, 190.1 real, 882.8 MB
[runlim] sample:		432.5 time, 200.1 real, 882.8 MB
[runlim] sample:		462.5 time, 210.1 real, 882.8 MB
[runlim] sample:		492.5 time, 220.1 real, 882.8 MB
[runlim] sample:		522.5 time, 230.1 real, 889.8 MB
[runlim] sample:		552.5 time, 240.1 real, 919.8 MB
[runlim] sample:		582.5 time, 250.1 real, 919.8 MB
[runlim] sample:		612.5 time, 260.1 real, 920.1 MB
[runlim] sample:		642.5 time, 270.1 real, 920.1 MB
[runlim] sample:		672.5 time, 280.1 real, 920.1 MB
[runlim] sample:		702.5 time, 290.1 real, 920.7 MB
[runlim] sample:		732.5 time, 300.1 real, 921.1 MB
[runlim] sample:		762.5 time, 310.1 real, 921.2 MB
[runlim] sample:		792.5 time, 320.1 real, 921.2 MB
[runlim] sample:		822.5 time, 330.1 real, 921.2 MB
[runlim] sample:		852.5 time, 340.1 real, 921.2 MB
Value Cyclic-Antibandwidth: 53
Labels: [111, 50, 117, 55, 2, 63, 118, 54, 112, 49, 102, 38, 92, 25, 88, 24, 87, 27, 81, 21, 53, 113, 59, 6, 61, 103, 39, 104, 51, 109, 62, 8, 70, 5, 64, 114, 47, 101, 43, 107, 66, 7, 68, 15, 73, 9, 74, 17, 75, 10, 60, 4, 65, 11, 69, 119, 57, 1, 67, 3, 48, 115, 52, 116, 58, 106, 44, 110, 56, 120, 42, 95, 28, 89, 36, 100, 35, 99, 46, 108, 29, 83, 30, 97, 37, 78, 19, 79, 12, 72, 22, 76, 16, 71, 14, 86, 23, 77, 13, 80, 33, 96, 41, 105, 45, 90, 32, 94, 40, 98, 20, 84, 26, 93, 34, 82, 18, 85, 31, 91]
Correct solution
(w = 54) Building and Solving
[runlim] sample:		873.1 time, 350.1 real, 542.1 MB
[runlim] sample:		928.9 time, 360.1 real, 720.2 MB
[runlim] sample:		958.9 time, 370.1 real, 764.3 MB
[runlim] sample:		988.9 time, 380.1 real, 743.2 MB
[runlim] sample:		1018.9 time, 390.1 real, 743.2 MB
[runlim] sample:		1048.9 time, 400.1 real, 766.6 MB
[runlim] sample:		1078.9 time, 410.1 real, 766.6 MB
[runlim] sample:		1108.9 time, 420.1 real, 766.6 MB
[runlim] sample:		1138.9 time, 430.1 real, 726.8 MB
[runlim] sample:		1168.9 time, 440.1 real, 728.8 MB
[runlim] sample:		1198.9 time, 450.1 real, 731.2 MB
[runlim] sample:		1228.9 time, 460.1 real, 732.3 MB
[runlim] sample:		1258.9 time, 470.1 real, 732.3 MB
[runlim] sample:		1288.9 time, 480.1 real, 831.4 MB
[runlim] sample:		1318.9 time, 490.1 real, 855.5 MB
[runlim] sample:		1348.9 time, 500.1 real, 863.3 MB
[runlim] sample:		1378.9 time, 510.1 real, 872.4 MB
[runlim] sample:		1408.9 time, 520.1 real, 873.2 MB
[runlim] sample:		1438.9 time, 530.1 real, 874.1 MB
[runlim] sample:		1468.9 time, 540.1 real, 877.7 MB
[runlim] sample:		1498.9 time, 550.1 real, 878.2 MB
[runlim] sample:		1528.9 time, 560.1 real, 879.2 MB
[runlim] sample:		1558.9 time, 570.1 real, 861.8 MB
[runlim] sample:		1588.9 time, 580.1 real, 883.5 MB
[runlim] sample:		1618.9 time, 590.1 real, 884.4 MB
Value Cyclic-Antibandwidth: 54
Labels: [98, 32, 92, 37, 101, 43, 104, 46, 112, 55, 1, 66, 2, 67, 11, 69, 13, 79, 15, 74, 39, 99, 42, 97, 33, 91, 30, 84, 19, 85, 31, 95, 29, 87, 22, 94, 28, 90, 35, 89, 47, 111, 49, 103, 48, 102, 36, 93, 27, 86, 38, 96, 34, 88, 25, 109, 45, 105, 40, 100, 53, 110, 52, 108, 44, 116, 50, 107, 41, 106, 61, 115, 51, 114, 54, 12, 78, 20, 83, 21, 68, 5, 60, 120, 56, 4, 62, 118, 58, 117, 65, 6, 72, 18, 77, 7, 73, 17, 71, 10, 76, 14, 80, 16, 75, 23, 81, 26, 82, 24, 70, 9, 63, 119, 59, 8, 64, 3, 57, 113]
Correct solution
(w = 55) Building and Solving
[runlim] sample:		1644.0 time, 600.1 real, 588.3 MB
[runlim] sample:		1689.2 time, 610.1 real, 807.4 MB
[runlim] sample:		1725.9 time, 620.1 real, 774.7 MB
[runlim] sample:		1755.9 time, 630.1 real, 790.5 MB
[runlim] sample:		1785.9 time, 640.1 real, 790.5 MB
[runlim] sample:		1815.9 time, 650.1 real, 790.5 MB
[runlim] sample:		1845.9 time, 660.1 real, 790.5 MB
[runlim] sample:		1875.9 time, 670.1 real, 790.5 MB
[runlim] sample:		1905.9 time, 680.1 real, 790.5 MB
[runlim] sample:		1935.9 time, 690.1 real, 790.5 MB
[runlim] sample:		1965.9 time, 700.1 real, 790.5 MB
[runlim] sample:		1995.9 time, 710.1 real, 790.5 MB
[runlim] sample:		2025.9 time, 720.1 real, 790.5 MB
[runlim] sample:		2055.9 time, 730.1 real, 790.5 MB
[runlim] sample:		2085.9 time, 740.1 real, 790.5 MB
[runlim] sample:		2115.9 time, 750.1 real, 790.5 MB
[runlim] sample:		2145.9 time, 760.1 real, 790.5 MB
[runlim] sample:		2175.9 time, 770.1 real, 806.5 MB
[runlim] sample:		2205.9 time, 780.1 real, 806.5 MB
[runlim] sample:		2235.9 time, 790.1 real, 806.5 MB
[runlim] sample:		2265.9 time, 800.1 real, 806.5 MB
[runlim] sample:		2295.9 time, 810.1 real, 806.5 MB
[runlim] sample:		2325.9 time, 820.1 real, 806.5 MB
[runlim] sample:		2355.9 time, 830.1 real, 806.5 MB
[runlim] sample:		2385.9 time, 840.1 real, 806.5 MB
[runlim] sample:		2415.9 time, 850.1 real, 806.5 MB
[runlim] sample:		2445.9 time, 860.1 real, 806.5 MB
[runlim] sample:		2475.9 time, 870.1 real, 806.5 MB
[runlim] sample:		2505.9 time, 880.1 real, 806.5 MB
[runlim] sample:		2535.9 time, 890.1 real, 806.5 MB
[runlim] sample:		2565.9 time, 900.1 real, 806.5 MB
[runlim] sample:		2595.9 time, 910.1 real, 806.5 MB
[runlim] sample:		2625.9 time, 920.1 real, 806.5 MB
[runlim] sample:		2655.9 time, 930.1 real, 806.5 MB
[runlim] sample:		2685.9 time, 940.1 real, 806.5 MB
[runlim] sample:		2715.9 time, 950.1 real, 806.5 MB
[runlim] sample:		2745.9 time, 960.1 real, 806.5 MB
[runlim] sample:		2775.9 time, 970.1 real, 806.5 MB
[runlim] sample:		2805.9 time, 980.1 real, 806.5 MB
[runlim] sample:		2835.9 time, 990.1 real, 806.5 MB
[runlim] sample:		2865.9 time, 1000.1 real, 806.5 MB
[runlim] sample:		2895.9 time, 1010.1 real, 806.5 MB
[runlim] sample:		2925.9 time, 1020.1 real, 806.5 MB
[runlim] sample:		2955.9 time, 1030.1 real, 855.8 MB
[runlim] sample:		2985.9 time, 1040.1 real, 855.8 MB
[runlim] sample:		3015.9 time, 1050.1 real, 855.8 MB
[runlim] sample:		3045.9 time, 1060.1 real, 863.6 MB
[runlim] sample:		3075.9 time, 1070.1 real, 863.6 MB
[runlim] sample:		3105.9 time, 1080.1 real, 863.9 MB
[runlim] sample:		3135.9 time, 1090.1 real, 863.9 MB
[runlim] sample:		3165.8 time, 1100.1 real, 863.0 MB
[runlim] sample:		3195.9 time, 1110.1 real, 863.0 MB
[runlim] sample:		3225.9 time, 1120.1 real, 948.9 MB
[runlim] sample:		3255.8 time, 1130.1 real, 948.9 MB
[runlim] sample:		3285.8 time, 1140.1 real, 948.9 MB
[runlim] sample:		3315.8 time, 1150.1 real, 948.9 MB
[runlim] sample:		3345.8 time, 1160.1 real, 948.9 MB
[runlim] sample:		3375.8 time, 1170.1 real, 950.4 MB
[runlim] sample:		3405.8 time, 1180.1 real, 966.0 MB
[runlim] sample:		3435.8 time, 1190.1 real, 983.0 MB
[runlim] sample:		3465.8 time, 1200.1 real, 983.0 MB
[runlim] sample:		3495.8 time, 1210.1 real, 992.0 MB
[runlim] sample:		3525.8 time, 1220.1 real, 1023.9 MB
[runlim] sample:		3555.8 time, 1230.1 real, 1023.9 MB
[runlim] sample:		3585.8 time, 1240.1 real, 1023.9 MB
[runlim] sample:		3615.8 time, 1250.1 real, 1023.9 MB
[runlim] sample:		3645.8 time, 1260.1 real, 1023.9 MB
[runlim] sample:		3675.8 time, 1270.1 real, 1023.9 MB
[runlim] sample:		3705.8 time, 1280.1 real, 1052.8 MB
[runlim] sample:		3735.8 time, 1290.1 real, 1052.8 MB
[runlim] sample:		3765.8 time, 1300.1 real, 1052.8 MB
[runlim] sample:		3795.8 time, 1310.1 real, 1052.8 MB
[runlim] sample:		3825.8 time, 1320.1 real, 1054.8 MB
[runlim] sample:		3855.8 time, 1330.1 real, 943.6 MB
[runlim] sample:		3885.8 time, 1340.1 real, 943.7 MB
[runlim] sample:		3915.8 time, 1350.1 real, 943.7 MB
[runlim] sample:		3945.8 time, 1360.1 real, 943.7 MB
[runlim] sample:		3975.8 time, 1370.1 real, 943.7 MB
[runlim] sample:		4005.8 time, 1380.1 real, 943.7 MB
[runlim] sample:		4035.8 time, 1390.1 real, 943.7 MB
[runlim] sample:		4065.8 time, 1400.1 real, 943.7 MB
[runlim] sample:		4095.8 time, 1410.1 real, 943.7 MB
[runlim] sample:		4125.8 time, 1420.1 real, 943.7 MB
[runlim] sample:		4155.8 time, 1430.1 real, 943.7 MB
[runlim] sample:		4185.8 time, 1440.1 real, 946.2 MB
[runlim] sample:		4215.8 time, 1450.1 real, 946.2 MB
[runlim] sample:		4242.7 time, 1460.1 real, 946.2 MB
[runlim] sample:		4262.7 time, 1470.1 real, 946.2 MB
[runlim] sample:		4282.7 time, 1480.1 real, 946.9 MB
[runlim] sample:		4302.7 time, 1490.1 real, 946.9 MB
[runlim] sample:		4322.7 time, 1500.1 real, 946.9 MB
[runlim] sample:		4342.7 time, 1510.1 real, 946.9 MB
[runlim] sample:		4362.7 time, 1520.1 real, 946.9 MB
[runlim] sample:		4382.7 time, 1530.1 real, 946.9 MB
[runlim] sample:		4402.7 time, 1540.1 real, 946.9 MB
[runlim] sample:		4422.7 time, 1550.1 real, 946.9 MB
[runlim] sample:		4442.7 time, 1560.1 real, 946.9 MB
[runlim] sample:		4462.7 time, 1570.1 real, 946.9 MB
[runlim] sample:		4474.6 time, 1580.1 real, 946.9 MB
[runlim] sample:		4484.6 time, 1590.1 real, 946.9 MB
[runlim] sample:		4494.6 time, 1600.1 real, 946.9 MB
[runlim] sample:		4504.6 time, 1610.1 real, 946.9 MB
[runlim] sample:		4514.6 time, 1620.1 real, 946.9 MB
[runlim] sample:		4524.6 time, 1630.1 real, 946.9 MB
[runlim] sample:		4534.6 time, 1640.1 real, 946.9 MB
[runlim] sample:		4544.6 time, 1650.1 real, 946.9 MB
[runlim] sample:		4554.6 time, 1660.1 real, 946.9 MB
[runlim] sample:		4564.6 time, 1670.1 real, 946.9 MB
[runlim] sample:		4574.6 time, 1680.1 real, 946.9 MB
[runlim] sample:		4584.6 time, 1690.1 real, 946.9 MB
[runlim] sample:		4594.6 time, 1700.1 real, 946.9 MB
[runlim] sample:		4604.6 time, 1710.1 real, 946.9 MB
[runlim] sample:		4614.6 time, 1720.1 real, 946.9 MB
[runlim] sample:		4624.6 time, 1730.1 real, 946.9 MB
[runlim] sample:		4634.6 time, 1740.1 real, 946.9 MB
[runlim] sample:		4644.6 time, 1750.1 real, 946.9 MB
[runlim] sample:		4654.6 time, 1760.1 real, 946.9 MB
[runlim] sample:		4664.6 time, 1770.1 real, 946.9 MB
[runlim] sample:		4674.6 time, 1780.1 real, 946.9 MB
[runlim] sample:		4684.6 time, 1790.1 real, 946.9 MB
[runlim] end:			Sat Nov  1 19:34:35 2025
[runlim] status:		out of time
[runlim] result:		2
[runlim] children:		0
[runlim] real:			1800.04 seconds
[runlim] time:			4694.50 seconds
[runlim] space:			1055.6 MB
[runlim] samples:		17999
