[runlim] version:		1.10
[runlim] time limit:		311040000 seconds
[runlim] real time limit:	1800 seconds
[runlim] space limit:		30000 MB
[runlim] argv[0]:		python3
[runlim] argv[1]:		model_MIP_CPLEX.py
[runlim] argv[2]:		./graph/caterpillar/caterpillar_5_7.txt
[runlim] start:			Sat Nov  1 16:54:58 2025
[runlim] main pid:		54632
[runlim] log captured:
(w = 4) Building and Solving
Value Cyclic-Antibandwidth: 4
Labels: [2, 16, 10, 28, 3, 29, 12, 34, 24, 15, 11, 26, 19, 9, 35, 22, 7, 31, 1, 23, 27, 13, 5, 17, 4, 18, 14, 33, 21, 32, 6, 25, 20, 30, 8]
Correct solution
(w = 5) Building and Solving
Value Cyclic-Antibandwidth: 5
Labels: [2, 16, 10, 28, 3, 29, 12, 34, 24, 15, 5, 26, 19, 9, 35, 22, 7, 31, 1, 18, 27, 13, 25, 17, 4, 23, 14, 33, 21, 32, 6, 20, 11, 30, 8]
Correct solution
(w = 6) Building and Solving
Value Cyclic-Antibandwidth: 6
Labels: [2, 16, 10, 28, 5, 29, 13, 34, 24, 15, 1, 26, 12, 6, 35, 22, 7, 31, 4, 18, 3, 9, 19, 17, 32, 23, 14, 27, 21, 25, 33, 20, 11, 30, 8]
Correct solution
(w = 7) Building and Solving
Value Cyclic-Antibandwidth: 7
Labels: [28, 16, 24, 3, 10, 20, 12, 34, 13, 27, 5, 35, 19, 1, 9, 22, 7, 31, 4, 26, 15, 29, 2, 17, 6, 23, 14, 32, 21, 25, 33, 18, 11, 30, 8]
Correct solution
(w = 8) Building and Solving
Value Cyclic-Antibandwidth: 8
Labels: [31, 15, 1, 11, 25, 8, 34, 13, 2, 16, 30, 5, 14, 22, 32, 24, 3, 19, 29, 21, 12, 4, 28, 35, 26, 17, 27, 6, 23, 9, 20, 33, 7, 18, 10]
Correct solution
(w = 9) Building and Solving
Value Cyclic-Antibandwidth: 9
Labels: [3, 12, 24, 34, 14, 15, 30, 7, 28, 19, 5, 32, 18, 1, 11, 21, 31, 8, 33, 22, 13, 2, 27, 23, 6, 16, 29, 20, 9, 25, 4, 17, 35, 26, 10]
Correct solution
(w = 10) Building and Solving
Value Cyclic-Antibandwidth: 10
Labels: [30, 14, 24, 35, 15, 9, 19, 8, 29, 6, 21, 32, 18, 5, 20, 7, 31, 11, 33, 22, 12, 2, 27, 23, 13, 3, 28, 16, 34, 25, 4, 17, 1, 26, 10]
Correct solution
(w = 11) Building and Solving
Value Cyclic-Antibandwidth: 11
Labels: [26, 13, 30, 18, 1, 11, 22, 8, 29, 17, 35, 33, 20, 9, 28, 15, 3, 6, 19, 5, 16, 27, 4, 34, 23, 10, 31, 7, 21, 24, 12, 32, 14, 25, 2]
Correct solution
(w = 12) Building and Solving
Value Cyclic-Antibandwidth: 12
Labels: [28, 15, 33, 12, 27, 10, 30, 13, 34, 22, 9, 3, 26, 7, 25, 5, 21, 11, 23, 4, 19, 1, 24, 35, 17, 29, 6, 20, 8, 14, 2, 18, 32, 16, 31]
Correct solution
(w = 13) Building and Solving
Value Cyclic-Antibandwidth: 13
Labels: [28, 15, 29, 7, 26, 6, 19, 33, 16, 31, 11, 1, 17, 30, 10, 23, 3, 13, 34, 21, 8, 24, 2, 25, 5, 20, 4, 18, 32, 9, 22, 35, 14, 27, 12]
Correct solution
(w = 14) Building and Solving
Value Cyclic-Antibandwidth: 14
Labels: [28, 14, 35, 20, 5, 13, 33, 18, 3, 22, 2, 32, 12, 26, 10, 30, 16, 21, 7, 24, 8, 29, 9, 6, 27, 11, 25, 4, 23, 19, 1, 15, 31, 17, 34]
Correct solution
(w = 15) Building and Solving
Value Cyclic-Antibandwidth: 15
Labels: [25, 10, 28, 8, 27, 7, 22, 5, 23, 4, 19, 26, 9, 29, 14, 34, 16, 13, 33, 18, 35, 17, 2, 24, 6, 21, 1, 20, 3, 11, 31, 15, 30, 12, 32]
Correct solution
(w = 16) Building and Solving
Value Cyclic-Antibandwidth: 16
Labels: [32, 15, 34, 17, 35, 13, 29, 10, 26, 7, 24, 31, 12, 28, 9, 25, 8, 16, 33, 14, 30, 11, 27, 1, 18, 2, 20, 4, 21, 19, 3, 22, 6, 23, 5]
Correct solution
(w = 17) Building and Solving
Cannot find soluion with w = 17
Final result: CAB = 16
Labels = [32, 15, 34, 17, 35, 13, 29, 10, 26, 7, 24, 31, 12, 28, 9, 25, 8, 16, 33, 14, 30, 11, 27, 1, 18, 2, 20, 4, 21, 19, 3, 22, 6, 23, 5]
[runlim] end:			Sat Nov  1 16:55:02 2025
[runlim] status:		ok
[runlim] result:		0
[runlim] children:		0
[runlim] real:			4.19 seconds
[runlim] time:			9.13 seconds
[runlim] space:			100.2 MB
[runlim] samples:		33
