[runlim] version:		1.10
[runlim] time limit:		311040000 seconds
[runlim] real time limit:	1800 seconds
[runlim] space limit:		30000 MB
[runlim] argv[0]:		python3
[runlim] argv[1]:		model_MIP_CPLEX.py
[runlim] argv[2]:		./graph/caterpillar/caterpillar_10_6.txt
[runlim] start:			Sat Nov  1 17:00:30 2025
[runlim] main pid:		56702
[runlim] log captured:
(w = 4) Building and Solving
Value Cyclic-Antibandwidth: 4
Labels: [35, 21, 58, 8, 40, 50, 44, 59, 32, 16, 47, 7, 11, 38, 26, 49, 10, 42, 13, 31, 15, 45, 24, 52, 46, 18, 9, 27, 55, 30, 19, 28, 5, 14, 3, 1, 54, 12, 56, 17, 6, 23, 39, 33, 41, 20, 51, 2, 22, 34, 48, 25, 53, 29, 37, 57, 36, 60, 4, 43]
Correct solution
(w = 5) Building and Solving
Value Cyclic-Antibandwidth: 5
Labels: [35, 21, 58, 8, 29, 50, 25, 59, 32, 16, 47, 39, 11, 38, 48, 49, 10, 23, 44, 31, 15, 45, 24, 52, 28, 18, 9, 27, 55, 30, 19, 42, 5, 14, 3, 1, 40, 12, 56, 17, 6, 54, 26, 33, 4, 20, 51, 2, 22, 34, 41, 7, 53, 13, 37, 57, 36, 46, 60, 43]
Correct solution
(w = 6) Building and Solving
Value Cyclic-Antibandwidth: 6
Labels: [35, 21, 58, 8, 29, 50, 25, 59, 32, 16, 47, 39, 11, 38, 48, 49, 10, 23, 44, 31, 15, 45, 24, 52, 28, 18, 9, 27, 55, 30, 19, 42, 5, 14, 3, 1, 40, 12, 56, 17, 6, 54, 26, 33, 4, 20, 51, 2, 22, 34, 41, 7, 53, 13, 37, 57, 36, 46, 60, 43]
Correct solution
(w = 7) Building and Solving
Value Cyclic-Antibandwidth: 7
Labels: [35, 21, 58, 8, 29, 50, 25, 59, 32, 16, 47, 39, 11, 38, 48, 49, 10, 23, 44, 31, 15, 45, 24, 52, 28, 18, 9, 27, 55, 30, 19, 42, 5, 14, 3, 1, 40, 12, 56, 17, 6, 54, 26, 33, 4, 20, 51, 2, 22, 34, 41, 7, 53, 13, 37, 57, 36, 46, 60, 43]
Correct solution
(w = 8) Building and Solving
Value Cyclic-Antibandwidth: 8
Labels: [35, 21, 58, 8, 29, 50, 25, 59, 32, 16, 47, 39, 11, 38, 12, 49, 10, 23, 44, 31, 15, 45, 24, 52, 28, 18, 9, 27, 55, 30, 19, 42, 5, 14, 33, 1, 40, 4, 56, 17, 6, 54, 26, 3, 41, 20, 51, 2, 22, 34, 48, 7, 53, 13, 37, 57, 36, 46, 60, 43]
Correct solution
(w = 9) Building and Solving
Value Cyclic-Antibandwidth: 9
Labels: [46, 21, 58, 8, 40, 50, 25, 1, 32, 16, 26, 39, 10, 38, 48, 49, 59, 23, 44, 31, 15, 45, 24, 52, 28, 18, 9, 35, 55, 30, 27, 42, 5, 14, 3, 11, 54, 12, 56, 17, 6, 29, 47, 33, 4, 20, 51, 2, 22, 34, 41, 7, 53, 13, 37, 57, 36, 60, 19, 43]
Correct solution
(w = 10) Building and Solving
Value Cyclic-Antibandwidth: 10
Labels: [46, 21, 58, 8, 40, 54, 25, 1, 32, 16, 26, 39, 10, 38, 48, 49, 59, 23, 44, 31, 15, 45, 24, 52, 28, 47, 9, 35, 55, 14, 19, 42, 5, 30, 3, 11, 41, 12, 50, 17, 6, 29, 53, 33, 4, 20, 51, 2, 22, 34, 56, 7, 27, 13, 37, 57, 36, 60, 18, 43]
Correct solution
(w = 11) Building and Solving
Value Cyclic-Antibandwidth: 11
Labels: [52, 20, 42, 6, 45, 8, 25, 59, 48, 18, 29, 54, 23, 60, 49, 51, 40, 53, 15, 1, 16, 5, 30, 44, 21, 27, 58, 33, 3, 47, 26, 43, 11, 28, 57, 24, 37, 19, 46, 4, 7, 39, 22, 9, 35, 41, 2, 32, 55, 14, 36, 10, 50, 38, 13, 31, 56, 17, 34, 12]
Correct solution
(w = 12) Building and Solving
Value Cyclic-Antibandwidth: 12
Labels: [32, 13, 40, 12, 59, 38, 22, 7, 23, 60, 55, 36, 14, 56, 8, 33, 1, 26, 5, 37, 9, 41, 27, 39, 10, 44, 57, 28, 54, 11, 35, 47, 3, 51, 20, 17, 29, 50, 2, 16, 4, 18, 34, 58, 21, 43, 31, 45, 6, 25, 52, 30, 42, 19, 49, 46, 15, 48, 24, 53]
Correct solution
(w = 13) Building and Solving
Value Cyclic-Antibandwidth: 13
Labels: [41, 13, 40, 12, 59, 38, 22, 7, 23, 60, 55, 36, 14, 47, 8, 33, 1, 26, 5, 27, 9, 35, 58, 39, 56, 44, 57, 28, 54, 11, 37, 16, 32, 51, 20, 10, 29, 48, 2, 31, 4, 18, 34, 50, 21, 43, 19, 45, 6, 25, 52, 30, 3, 17, 49, 46, 15, 42, 24, 53]
Correct solution
(w = 14) Building and Solving
Value Cyclic-Antibandwidth: 14
Labels: [41, 13, 40, 19, 59, 38, 22, 7, 23, 60, 55, 36, 14, 47, 8, 33, 1, 26, 5, 27, 9, 35, 58, 39, 57, 44, 3, 28, 54, 11, 37, 16, 32, 51, 20, 10, 29, 48, 2, 31, 4, 18, 34, 56, 21, 43, 12, 45, 6, 25, 52, 30, 50, 17, 49, 46, 15, 42, 24, 53]
Correct solution
(w = 15) Building and Solving
Value Cyclic-Antibandwidth: 15
Labels: [32, 13, 40, 16, 59, 38, 22, 7, 23, 3, 55, 36, 14, 41, 8, 33, 1, 26, 5, 27, 9, 35, 58, 39, 57, 44, 60, 28, 54, 11, 37, 56, 18, 51, 20, 10, 29, 47, 2, 31, 4, 19, 34, 50, 21, 43, 12, 45, 6, 25, 52, 30, 48, 17, 49, 46, 15, 42, 24, 53]
Correct solution
(w = 16) Building and Solving
Value Cyclic-Antibandwidth: 16
Labels: [55, 26, 5, 23, 39, 10, 53, 34, 12, 54, 31, 57, 30, 50, 15, 59, 22, 56, 27, 51, 48, 17, 35, 58, 28, 47, 25, 60, 37, 20, 7, 44, 24, 4, 42, 49, 16, 45, 3, 40, 21, 38, 6, 29, 8, 9, 46, 18, 2, 36, 43, 13, 32, 1, 33, 11, 52, 19, 41, 14]
Correct solution
(w = 17) Building and Solving
Value Cyclic-Antibandwidth: 17
Labels: [50, 21, 38, 59, 31, 55, 30, 1, 44, 3, 17, 58, 34, 6, 47, 4, 23, 40, 5, 45, 56, 14, 32, 54, 26, 18, 48, 28, 11, 35, 12, 49, 16, 43, 2, 15, 33, 51, 13, 39, 57, 22, 42, 25, 8, 29, 9, 52, 10, 36, 7, 24, 41, 60, 37, 20, 46, 19, 53, 27]
Correct solution
(w = 18) Building and Solving
Value Cyclic-Antibandwidth: 18
Labels: [38, 20, 45, 22, 44, 2, 32, 51, 9, 42, 13, 41, 59, 30, 10, 53, 23, 52, 19, 50, 4, 29, 6, 40, 5, 47, 28, 48, 16, 34, 25, 7, 33, 3, 27, 31, 55, 14, 56, 17, 8, 46, 26, 58, 39, 15, 35, 57, 36, 18, 43, 1, 21, 49, 11, 24, 60, 37, 12, 54]
Correct solution
(w = 19) Building and Solving
Value Cyclic-Antibandwidth: 19
Labels: [47, 6, 26, 60, 36, 17, 38, 57, 31, 50, 11, 33, 52, 27, 46, 44, 25, 5, 40, 18, 2, 28, 53, 32, 13, 19, 59, 39, 4, 24, 55, 20, 49, 15, 56, 41, 22, 58, 34, 12, 3, 23, 43, 7, 42, 35, 9, 45, 21, 1, 10, 51, 29, 54, 14, 30, 8, 48, 16, 37]
Correct solution
(w = 20) Building and Solving
Value Cyclic-Antibandwidth: 20
Labels: [57, 30, 60, 22, 1, 40, 7, 47, 12, 51, 37, 11, 34, 14, 35, 9, 29, 50, 24, 58, 20, 53, 19, 56, 31, 2, 23, 54, 28, 55, 41, 21, 42, 6, 26, 5, 44, 4, 43, 3, 46, 25, 45, 16, 48, 27, 49, 10, 33, 13, 52, 32, 8, 36, 15, 18, 38, 17, 39, 59]
Correct solution
(w = 21) Building and Solving
Value Cyclic-Antibandwidth: 21
Labels: [58, 28, 6, 38, 5, 29, 7, 33, 10, 39, 31, 52, 13, 43, 18, 50, 12, 36, 3, 27, 32, 11, 35, 60, 26, 15, 45, 9, 48, 25, 41, 20, 56, 21, 55, 57, 22, 44, 23, 59, 46, 24, 2, 34, 1, 54, 19, 40, 4, 42, 49, 14, 53, 16, 37, 17, 51, 30, 8, 47]
Correct solution
(w = 22) Building and Solving
Value Cyclic-Antibandwidth: 22
Labels: [58, 22, 59, 36, 13, 50, 27, 5, 41, 9, 20, 57, 19, 56, 18, 60, 38, 16, 43, 21, 37, 15, 53, 31, 54, 14, 52, 30, 55, 33, 51, 29, 7, 34, 12, 28, 6, 44, 17, 46, 49, 26, 48, 25, 47, 42, 11, 45, 23, 1, 10, 40, 3, 32, 4, 39, 8, 35, 2, 24]
Correct solution
(w = 23) Building and Solving
Value Cyclic-Antibandwidth: 23
Labels: [58, 23, 59, 35, 11, 47, 10, 44, 15, 40, 21, 57, 20, 56, 19, 60, 37, 14, 45, 22, 36, 13, 50, 27, 54, 12, 49, 26, 55, 32, 48, 25, 53, 30, 7, 24, 52, 29, 6, 31, 46, 18, 51, 28, 5, 17, 43, 16, 42, 9, 41, 8, 33, 1, 34, 4, 39, 3, 38, 2]
Correct solution
(w = 24) Building and Solving
Value Cyclic-Antibandwidth: 24
Labels: [57, 29, 53, 17, 44, 20, 55, 31, 1, 37, 21, 50, 18, 45, 10, 56, 27, 52, 23, 49, 22, 58, 34, 60, 25, 47, 13, 38, 2, 26, 14, 42, 15, 51, 19, 46, 16, 40, 11, 35, 28, 3, 39, 8, 41, 59, 32, 4, 30, 5, 36, 12, 48, 24, 54, 6, 33, 9, 43, 7]
Correct solution
(w = 25) Building and Solving
Value Cyclic-Antibandwidth: 25
Labels: [57, 22, 52, 18, 53, 19, 45, 20, 55, 27, 32, 6, 31, 56, 26, 54, 23, 58, 33, 59, 21, 49, 24, 51, 17, 50, 25, 60, 35, 7, 28, 3, 38, 5, 37, 44, 13, 43, 14, 48, 16, 42, 8, 39, 9, 47, 15, 46, 11, 40, 29, 4, 30, 2, 34, 1, 36, 10, 41, 12]
Correct solution
(w = 26) Building and Solving
Value Cyclic-Antibandwidth: 26
Labels: [39, 10, 36, 7, 33, 60, 26, 52, 20, 47, 13, 40, 8, 42, 14, 41, 12, 45, 15, 48, 9, 43, 17, 51, 23, 35, 6, 38, 5, 37, 4, 34, 2, 32, 3, 27, 54, 22, 56, 29, 58, 30, 59, 31, 1, 24, 55, 28, 57, 25, 53, 19, 46, 16, 49, 21, 50, 18, 44, 11]
Correct solution
(w = 27) Building and Solving
[runlim] sample:		22.3 time, 10.4 real, 180.9 MB
[runlim] sample:		50.9 time, 20.4 real, 200.7 MB
Value Cyclic-Antibandwidth: 27
Labels: [3, 30, 58, 25, 52, 19, 46, 13, 41, 10, 33, 6, 38, 5, 37, 1, 34, 7, 40, 12, 27, 54, 21, 48, 20, 53, 26, 59, 32, 60, 23, 50, 17, 44, 16, 49, 22, 55, 28, 56, 15, 45, 18, 51, 24, 43, 11, 42, 14, 47, 8, 35, 2, 29, 57, 39, 9, 36, 4, 31]
Correct solution
(w = 28) Building and Solving
[runlim] sample:		78.8 time, 30.4 real, 188.9 MB
[runlim] sample:		108.8 time, 40.4 real, 199.4 MB
[runlim] sample:		130.2 time, 50.4 real, 200.5 MB
[runlim] sample:		150.2 time, 60.4 real, 201.1 MB
[runlim] sample:		170.2 time, 70.4 real, 201.9 MB
[runlim] sample:		190.2 time, 80.4 real, 204.4 MB
[runlim] sample:		210.2 time, 90.4 real, 205.6 MB
[runlim] sample:		230.2 time, 100.4 real, 205.6 MB
Value Cyclic-Antibandwidth: 28
Labels: [52, 20, 48, 16, 44, 12, 40, 8, 36, 6, 24, 56, 28, 57, 26, 49, 21, 53, 25, 55, 19, 51, 22, 54, 23, 47, 17, 46, 18, 50, 14, 45, 13, 43, 15, 42, 10, 38, 9, 41, 11, 39, 7, 35, 3, 37, 5, 33, 1, 31, 4, 32, 60, 29, 58, 34, 2, 30, 59, 27]
Correct solution
(w = 29) Building and Solving
[runlim] sample:		256.8 time, 110.4 real, 193.6 MB
[runlim] sample:		286.8 time, 120.4 real, 194.0 MB
[runlim] sample:		316.8 time, 130.4 real, 194.0 MB
[runlim] sample:		346.8 time, 140.4 real, 194.0 MB
[runlim] sample:		368.6 time, 150.4 real, 194.1 MB
Cannot find soluion with w = 29
Final result: CAB = 28
Labels = [52, 20, 48, 16, 44, 12, 40, 8, 36, 6, 24, 56, 28, 57, 26, 49, 21, 53, 25, 55, 19, 51, 22, 54, 23, 47, 17, 46, 18, 50, 14, 45, 13, 43, 15, 42, 10, 38, 9, 41, 11, 39, 7, 35, 3, 37, 5, 33, 1, 31, 4, 32, 60, 29, 58, 34, 2, 30, 59, 27]
[runlim] end:			Sat Nov  1 17:03:05 2025
[runlim] status:		ok
[runlim] result:		0
[runlim] children:		0
[runlim] real:			155.62 seconds
[runlim] time:			378.83 seconds
[runlim] space:			211.0 MB
[runlim] samples:		1551
