[runlim] version:		1.10
[runlim] time limit:		311040000 seconds
[runlim] real time limit:	1800 seconds
[runlim] space limit:		30000 MB
[runlim] argv[0]:		python3
[runlim] argv[1]:		model_MIP_CPLEX.py
[runlim] argv[2]:		./graph/caterpillar/caterpillar_10_5.txt
[runlim] start:			Sat Nov  1 16:59:58 2025
[runlim] main pid:		56440
[runlim] log captured:
(w = 4) Building and Solving
Value Cyclic-Antibandwidth: 4
Labels: [43, 16, 34, 3, 26, 2, 14, 33, 10, 49, 30, 35, 48, 20, 12, 22, 36, 4, 41, 25, 50, 13, 27, 45, 18, 40, 21, 17, 24, 6, 29, 15, 38, 19, 46, 1, 5, 42, 39, 23, 9, 37, 44, 31, 7, 47, 28, 11, 32, 8]
Correct solution
(w = 5) Building and Solving
Value Cyclic-Antibandwidth: 5
Labels: [43, 16, 34, 1, 26, 2, 14, 33, 10, 49, 30, 35, 48, 20, 23, 18, 36, 4, 50, 25, 46, 21, 27, 45, 12, 40, 9, 17, 24, 6, 13, 3, 38, 19, 22, 41, 5, 42, 39, 29, 15, 37, 44, 31, 7, 47, 28, 11, 32, 8]
Correct solution
(w = 6) Building and Solving
Value Cyclic-Antibandwidth: 6
Labels: [43, 16, 35, 1, 26, 2, 14, 33, 10, 49, 30, 12, 48, 20, 23, 7, 36, 4, 41, 25, 50, 21, 27, 45, 18, 40, 9, 17, 24, 46, 13, 3, 38, 19, 22, 34, 5, 42, 39, 29, 15, 6, 44, 31, 37, 47, 28, 11, 32, 8]
Correct solution
(w = 7) Building and Solving
Value Cyclic-Antibandwidth: 7
Labels: [48, 9, 30, 5, 31, 43, 28, 50, 40, 47, 8, 15, 7, 39, 33, 18, 34, 3, 11, 20, 45, 27, 13, 26, 14, 29, 19, 38, 46, 24, 32, 25, 2, 10, 4, 41, 17, 1, 12, 23, 16, 37, 6, 35, 49, 42, 21, 44, 36, 22]
Correct solution
(w = 8) Building and Solving
Value Cyclic-Antibandwidth: 8
Labels: [40, 16, 33, 3, 26, 2, 25, 17, 6, 20, 30, 12, 48, 35, 36, 22, 46, 8, 41, 5, 43, 21, 27, 45, 18, 4, 9, 50, 24, 49, 13, 23, 38, 19, 10, 1, 34, 42, 39, 29, 15, 37, 44, 31, 7, 47, 28, 11, 32, 14]
Correct solution
(w = 9) Building and Solving
Value Cyclic-Antibandwidth: 9
Labels: [43, 16, 33, 1, 26, 2, 36, 17, 6, 20, 30, 40, 10, 46, 28, 18, 48, 8, 50, 25, 7, 21, 27, 11, 47, 31, 35, 12, 24, 49, 29, 15, 38, 19, 22, 41, 5, 42, 39, 23, 9, 37, 44, 3, 34, 14, 32, 4, 13, 45]
Correct solution
(w = 10) Building and Solving
Value Cyclic-Antibandwidth: 10
Labels: [43, 16, 33, 3, 26, 48, 36, 17, 6, 20, 30, 40, 10, 35, 28, 18, 4, 39, 50, 25, 46, 13, 27, 45, 14, 31, 47, 12, 24, 49, 29, 15, 38, 19, 22, 41, 5, 42, 2, 23, 9, 37, 44, 7, 34, 1, 32, 11, 21, 8]
Correct solution
(w = 11) Building and Solving
Value Cyclic-Antibandwidth: 11
Labels: [42, 17, 48, 11, 44, 7, 23, 41, 15, 31, 16, 29, 2, 34, 1, 33, 8, 45, 24, 12, 50, 37, 22, 40, 19, 49, 9, 21, 46, 30, 20, 39, 28, 6, 35, 10, 32, 3, 27, 13, 26, 5, 4, 43, 18, 38, 14, 47, 25, 36]
Correct solution
(w = 12) Building and Solving
Value Cyclic-Antibandwidth: 12
Labels: [42, 17, 48, 10, 44, 7, 23, 41, 11, 31, 16, 34, 2, 27, 1, 33, 8, 39, 12, 29, 50, 37, 22, 40, 19, 43, 9, 21, 46, 24, 20, 49, 28, 6, 35, 4, 32, 3, 25, 13, 26, 5, 45, 30, 18, 38, 14, 47, 15, 36]
Correct solution
(w = 13) Building and Solving
Value Cyclic-Antibandwidth: 13
Labels: [7, 25, 8, 23, 40, 26, 10, 44, 30, 9, 20, 33, 19, 49, 50, 31, 3, 32, 27, 14, 35, 21, 1, 34, 47, 17, 4, 24, 6, 43, 46, 11, 48, 18, 41, 16, 37, 2, 29, 12, 36, 5, 15, 38, 13, 39, 22, 45, 28, 42]
Correct solution
(w = 14) Building and Solving
Value Cyclic-Antibandwidth: 14
Labels: [47, 24, 48, 28, 50, 33, 11, 25, 1, 30, 31, 10, 37, 12, 49, 23, 8, 22, 13, 34, 18, 4, 14, 32, 9, 44, 36, 6, 20, 2, 3, 38, 19, 39, 26, 40, 5, 41, 42, 15, 29, 43, 16, 45, 27, 46, 7, 21, 35, 17]
Correct solution
(w = 15) Building and Solving
Value Cyclic-Antibandwidth: 15
Labels: [47, 24, 50, 15, 36, 1, 27, 42, 17, 33, 14, 29, 13, 40, 49, 18, 3, 26, 16, 45, 25, 44, 48, 32, 10, 35, 7, 30, 9, 37, 20, 38, 8, 23, 43, 12, 41, 22, 19, 4, 28, 11, 34, 2, 31, 46, 5, 39, 6, 21]
Correct solution
(w = 16) Building and Solving
Value Cyclic-Antibandwidth: 16
Labels: [40, 23, 50, 27, 45, 29, 5, 24, 8, 30, 6, 22, 43, 15, 7, 25, 47, 26, 31, 48, 32, 16, 9, 34, 1, 18, 19, 3, 35, 4, 11, 38, 20, 39, 21, 44, 14, 41, 42, 12, 36, 13, 37, 10, 28, 46, 2, 33, 49, 17]
Correct solution
(w = 17) Building and Solving
Value Cyclic-Antibandwidth: 17
Labels: [41, 24, 4, 31, 48, 27, 44, 12, 45, 17, 13, 30, 8, 25, 7, 39, 21, 2, 35, 14, 47, 19, 5, 34, 16, 36, 20, 49, 26, 3, 6, 38, 10, 32, 22, 40, 23, 1, 42, 11, 43, 18, 28, 46, 29, 9, 50, 33, 15, 37]
Correct solution
(w = 18) Building and Solving
Value Cyclic-Antibandwidth: 18
Labels: [48, 18, 49, 30, 11, 42, 23, 5, 36, 17, 16, 47, 15, 46, 50, 32, 14, 35, 31, 13, 45, 27, 12, 44, 26, 8, 43, 25, 7, 28, 24, 6, 38, 9, 41, 10, 33, 1, 37, 19, 40, 20, 4, 22, 2, 29, 39, 21, 3, 34]
Correct solution
(w = 19) Building and Solving
Value Cyclic-Antibandwidth: 19
Labels: [48, 22, 49, 24, 47, 27, 50, 19, 38, 16, 28, 6, 31, 5, 43, 15, 46, 25, 23, 4, 35, 14, 44, 18, 37, 12, 17, 41, 21, 1, 8, 39, 10, 36, 20, 40, 9, 34, 42, 11, 30, 7, 13, 32, 3, 29, 45, 26, 2, 33]
Correct solution
(w = 20) Building and Solving
Value Cyclic-Antibandwidth: 20
Labels: [47, 24, 3, 26, 46, 18, 43, 15, 37, 8, 27, 48, 21, 44, 50, 30, 9, 29, 32, 6, 36, 13, 1, 28, 49, 22, 23, 2, 31, 10, 40, 14, 39, 12, 19, 42, 17, 38, 45, 16, 41, 20, 11, 34, 4, 25, 35, 5, 33, 7]
Correct solution
(w = 21) Building and Solving
Value Cyclic-Antibandwidth: 21
Labels: [42, 21, 50, 25, 3, 31, 9, 35, 14, 41, 18, 43, 22, 48, 46, 19, 45, 16, 28, 5, 27, 2, 4, 30, 1, 24, 32, 11, 37, 10, 6, 29, 8, 33, 38, 17, 40, 13, 7, 34, 12, 39, 36, 15, 44, 23, 20, 47, 26, 49]
Correct solution
(w = 22) Building and Solving
Value Cyclic-Antibandwidth: 22
Labels: [42, 20, 46, 22, 50, 27, 5, 33, 11, 36, 14, 41, 16, 40, 48, 24, 2, 25, 19, 43, 18, 44, 47, 23, 1, 26, 28, 6, 34, 7, 49, 21, 45, 17, 30, 4, 32, 9, 10, 38, 15, 39, 35, 13, 37, 12, 8, 31, 3, 29]
Correct solution
(w = 23) Building and Solving
[runlim] sample:		23.2 time, 10.5 real, 128.9 MB
Value Cyclic-Antibandwidth: 23
Labels: [29, 2, 25, 50, 23, 46, 19, 43, 16, 39, 6, 32, 8, 34, 28, 3, 30, 7, 49, 26, 1, 24, 27, 4, 31, 5, 47, 20, 44, 18, 21, 45, 22, 48, 42, 15, 38, 11, 17, 41, 14, 37, 40, 13, 36, 9, 12, 35, 10, 33]
Correct solution
(w = 24) Building and Solving
[runlim] sample:		53.1 time, 20.5 real, 127.8 MB
[runlim] sample:		81.6 time, 30.5 real, 128.6 MB
Cannot find soluion with w = 24
Final result: CAB = 23
Labels = [29, 2, 25, 50, 23, 46, 19, 43, 16, 39, 6, 32, 8, 34, 28, 3, 30, 7, 49, 26, 1, 24, 27, 4, 31, 5, 47, 20, 44, 18, 21, 45, 22, 48, 42, 15, 38, 11, 17, 41, 14, 37, 40, 13, 36, 9, 12, 35, 10, 33]
[runlim] end:			Sat Nov  1 17:00:30 2025
[runlim] status:		ok
[runlim] result:		0
[runlim] children:		0
[runlim] real:			32.42 seconds
[runlim] time:			85.36 seconds
[runlim] space:			131.4 MB
[runlim] samples:		319
