[runlim] version:		1.10
[runlim] time limit:		311040000 seconds
[runlim] real time limit:	1800 seconds
[runlim] space limit:		30000 MB
[runlim] argv[0]:		python3
[runlim] argv[1]:		model_MIP_CPLEX.py
[runlim] argv[2]:		./graph/caterpillar/caterpillar_20_5.txt
[runlim] start:			Sat Nov  1 18:34:35 2025
[runlim] main pid:		62045
[runlim] log captured:
(w = 4) Building and Solving
Value Cyclic-Antibandwidth: 4
Labels: [42, 46, 17, 32, 75, 45, 67, 21, 65, 100, 62, 74, 10, 86, 19, 41, 28, 90, 85, 36, 5, 79, 69, 16, 97, 59, 47, 76, 12, 3, 98, 93, 6, 29, 52, 37, 51, 55, 15, 1, 81, 26, 48, 44, 63, 73, 2, 35, 60, 18, 92, 27, 49, 80, 40, 96, 95, 68, 72, 8, 38, 25, 20, 14, 11, 78, 56, 24, 89, 13, 31, 83, 34, 53, 77, 33, 43, 64, 91, 9, 57, 84, 39, 30, 82, 50, 94, 22, 66, 88, 99, 7, 4, 23, 70, 87, 71, 61, 54, 58]
Correct solution
(w = 5) Building and Solving
Value Cyclic-Antibandwidth: 5
Labels: [33, 46, 24, 32, 75, 45, 67, 21, 27, 54, 62, 74, 10, 86, 1, 63, 28, 90, 85, 36, 5, 79, 56, 51, 69, 59, 82, 93, 12, 3, 47, 16, 40, 29, 52, 37, 83, 55, 15, 42, 81, 34, 65, 44, 87, 73, 2, 35, 60, 18, 26, 99, 49, 80, 20, 96, 41, 68, 48, 8, 38, 25, 95, 14, 11, 78, 17, 72, 89, 13, 31, 19, 6, 53, 77, 92, 43, 64, 91, 9, 57, 84, 39, 30, 76, 100, 94, 22, 66, 88, 50, 7, 4, 23, 70, 97, 71, 61, 98, 58]
Correct solution
(w = 6) Building and Solving
Value Cyclic-Antibandwidth: 6
Labels: [33, 46, 24, 32, 75, 45, 67, 21, 27, 54, 62, 74, 10, 86, 1, 63, 28, 90, 52, 36, 5, 79, 56, 16, 69, 59, 47, 77, 12, 3, 22, 93, 40, 29, 82, 37, 83, 55, 15, 42, 81, 34, 65, 44, 87, 73, 2, 35, 60, 18, 26, 99, 49, 80, 20, 96, 41, 68, 48, 8, 38, 25, 95, 14, 11, 78, 17, 72, 89, 13, 31, 19, 6, 53, 85, 92, 43, 51, 91, 9, 57, 84, 39, 30, 76, 100, 94, 64, 66, 88, 50, 7, 4, 23, 70, 97, 71, 61, 98, 58]
Correct solution
(w = 7) Building and Solving
Value Cyclic-Antibandwidth: 7
Labels: [33, 46, 24, 32, 75, 45, 67, 18, 27, 54, 62, 74, 10, 86, 1, 63, 90, 21, 85, 36, 5, 79, 56, 71, 69, 59, 82, 93, 16, 28, 47, 65, 40, 29, 52, 37, 35, 55, 15, 42, 81, 34, 25, 44, 87, 73, 2, 57, 60, 7, 26, 88, 49, 80, 20, 96, 41, 68, 48, 8, 38, 19, 95, 14, 11, 78, 17, 72, 89, 99, 31, 83, 6, 53, 77, 92, 43, 51, 91, 9, 12, 84, 39, 30, 76, 100, 64, 22, 66, 3, 50, 13, 4, 23, 70, 97, 94, 61, 98, 58]
Correct solution
(w = 8) Building and Solving
Value Cyclic-Antibandwidth: 8
Labels: [33, 46, 24, 32, 75, 45, 67, 18, 27, 54, 62, 74, 10, 86, 1, 63, 90, 21, 85, 36, 5, 79, 56, 71, 69, 59, 82, 93, 16, 28, 47, 65, 40, 29, 52, 37, 35, 55, 15, 42, 81, 34, 25, 44, 87, 73, 2, 57, 60, 7, 26, 88, 49, 80, 20, 96, 41, 68, 48, 8, 38, 19, 95, 14, 11, 78, 17, 72, 89, 99, 31, 83, 6, 53, 77, 92, 43, 51, 91, 9, 12, 84, 39, 30, 76, 100, 64, 22, 66, 3, 50, 13, 4, 23, 70, 97, 94, 61, 98, 58]
Correct solution
(w = 9) Building and Solving
Value Cyclic-Antibandwidth: 9
Labels: [33, 46, 17, 32, 75, 48, 38, 21, 65, 54, 90, 74, 84, 51, 19, 41, 28, 88, 52, 67, 5, 79, 99, 16, 97, 59, 47, 72, 100, 69, 45, 93, 6, 29, 82, 37, 31, 55, 15, 42, 81, 34, 83, 44, 63, 73, 2, 35, 60, 7, 26, 86, 49, 80, 20, 96, 27, 68, 78, 8, 1, 25, 95, 14, 98, 11, 56, 24, 9, 85, 12, 3, 89, 53, 77, 92, 87, 18, 91, 62, 57, 40, 71, 30, 76, 50, 64, 22, 66, 10, 36, 13, 4, 23, 70, 39, 94, 61, 43, 58]
Correct solution
(w = 10) Building and Solving
Value Cyclic-Antibandwidth: 10
Labels: [33, 46, 81, 32, 75, 45, 35, 21, 97, 54, 90, 74, 84, 51, 1, 41, 28, 88, 52, 67, 5, 79, 56, 36, 69, 59, 47, 93, 16, 3, 22, 65, 6, 29, 82, 37, 31, 55, 15, 42, 24, 43, 25, 44, 63, 73, 2, 57, 60, 7, 26, 86, 49, 80, 20, 96, 27, 68, 48, 8, 38, 19, 95, 14, 11, 78, 17, 72, 9, 99, 12, 83, 34, 53, 77, 92, 87, 18, 91, 62, 89, 40, 71, 30, 76, 100, 64, 85, 66, 10, 50, 13, 4, 23, 70, 39, 94, 61, 98, 58]
Correct solution
(w = 11) Building and Solving
Value Cyclic-Antibandwidth: 11
Labels: [80, 24, 60, 79, 7, 32, 49, 70, 11, 59, 1, 52, 9, 40, 82, 31, 18, 50, 64, 29, 53, 81, 46, 99, 83, 96, 41, 85, 3, 36, 6, 35, 43, 10, 38, 19, 27, 63, 86, 22, 68, 57, 28, 73, 65, 26, 62, 2, 47, 23, 72, 37, 89, 14, 87, 61, 12, 42, 54, 39, 88, 16, 75, 4, 84, 44, 77, 8, 34, 55, 78, 56, 67, 93, 74, 45, 97, 33, 98, 48, 95, 15, 71, 25, 94, 17, 91, 5, 30, 51, 92, 76, 100, 20, 90, 58, 66, 21, 69, 13]
Correct solution
(w = 12) Building and Solving
Value Cyclic-Antibandwidth: 12
Labels: [97, 27, 43, 61, 32, 78, 96, 33, 99, 11, 48, 7, 46, 86, 10, 60, 20, 84, 30, 73, 57, 36, 94, 22, 52, 68, 53, 79, 58, 81, 25, 82, 74, 17, 90, 41, 64, 26, 80, 23, 19, 2, 37, 92, 35, 95, 56, 15, 100, 59, 38, 1, 47, 69, 55, 13, 67, 87, 29, 88, 9, 72, 18, 62, 45, 16, 50, 70, 66, 51, 8, 63, 42, 89, 14, 28, 39, 76, 6, 21, 93, 12, 34, 54, 44, 71, 5, 40, 98, 31, 65, 83, 77, 24, 85, 4, 91, 75, 3, 49]
Correct solution
(w = 13) Building and Solving
Value Cyclic-Antibandwidth: 13
Labels: [33, 46, 17, 32, 75, 96, 34, 63, 27, 13, 90, 58, 84, 51, 19, 41, 28, 88, 52, 67, 5, 79, 99, 16, 97, 60, 47, 93, 100, 69, 45, 65, 6, 29, 82, 37, 35, 55, 15, 42, 81, 61, 83, 44, 87, 73, 2, 57, 21, 7, 26, 86, 49, 80, 20, 68, 30, 48, 72, 8, 38, 25, 95, 14, 98, 78, 56, 24, 9, 85, 31, 3, 89, 74, 11, 92, 43, 18, 91, 62, 12, 40, 71, 53, 76, 50, 64, 22, 66, 10, 36, 59, 4, 23, 70, 39, 94, 77, 54, 1]
Correct solution
(w = 14) Building and Solving
Value Cyclic-Antibandwidth: 14
Labels: [80, 24, 60, 79, 7, 32, 49, 70, 11, 59, 1, 31, 9, 40, 82, 68, 18, 50, 64, 29, 53, 81, 46, 99, 52, 96, 41, 85, 3, 36, 6, 35, 43, 10, 38, 19, 27, 63, 88, 22, 8, 57, 28, 73, 65, 26, 62, 2, 47, 23, 83, 37, 89, 72, 87, 61, 12, 86, 54, 39, 42, 16, 75, 4, 84, 44, 77, 20, 34, 55, 78, 56, 67, 93, 74, 45, 97, 33, 98, 48, 95, 15, 71, 25, 94, 17, 91, 5, 30, 51, 92, 76, 100, 14, 90, 58, 66, 21, 69, 13]
Correct solution
(w = 15) Building and Solving
Value Cyclic-Antibandwidth: 15
Labels: [80, 24, 60, 79, 7, 32, 49, 70, 11, 59, 1, 31, 9, 40, 82, 64, 18, 50, 72, 29, 53, 81, 46, 99, 52, 96, 41, 85, 3, 36, 6, 35, 43, 10, 38, 19, 27, 63, 88, 22, 8, 57, 28, 73, 65, 26, 62, 2, 47, 23, 83, 37, 89, 5, 87, 61, 12, 86, 54, 39, 42, 16, 75, 4, 84, 44, 77, 14, 34, 55, 78, 56, 67, 93, 74, 45, 97, 33, 98, 48, 95, 15, 71, 25, 94, 17, 91, 68, 30, 51, 92, 76, 100, 20, 90, 58, 66, 21, 69, 13]
Correct solution
(w = 16) Building and Solving
Value Cyclic-Antibandwidth: 16
Labels: [80, 24, 60, 79, 7, 32, 49, 70, 11, 59, 1, 64, 9, 40, 68, 52, 18, 50, 83, 29, 53, 81, 46, 99, 72, 96, 41, 85, 3, 36, 6, 35, 43, 10, 38, 19, 27, 63, 39, 22, 8, 57, 28, 73, 65, 26, 62, 2, 47, 23, 88, 37, 89, 5, 87, 61, 12, 86, 54, 20, 82, 16, 75, 4, 84, 44, 77, 14, 34, 55, 78, 56, 67, 93, 74, 45, 97, 33, 98, 48, 95, 15, 71, 25, 94, 17, 91, 42, 30, 51, 92, 76, 100, 31, 90, 58, 66, 21, 69, 13]
Correct solution
(w = 17) Building and Solving
Value Cyclic-Antibandwidth: 17
Labels: [80, 24, 60, 79, 7, 32, 49, 70, 11, 59, 1, 64, 9, 40, 68, 44, 18, 50, 83, 29, 53, 81, 46, 99, 52, 96, 41, 85, 3, 36, 6, 35, 43, 10, 38, 19, 27, 63, 39, 22, 8, 57, 28, 73, 92, 26, 62, 17, 47, 23, 88, 37, 89, 14, 87, 61, 12, 86, 54, 20, 82, 16, 75, 4, 84, 2, 77, 5, 34, 55, 78, 56, 67, 93, 74, 45, 97, 33, 98, 48, 95, 15, 71, 25, 94, 65, 91, 42, 30, 51, 31, 76, 100, 72, 90, 58, 66, 21, 69, 13]
Correct solution
(w = 18) Building and Solving
Value Cyclic-Antibandwidth: 18
Labels: [5, 24, 60, 79, 52, 6, 49, 70, 11, 59, 1, 64, 9, 40, 68, 46, 18, 50, 80, 29, 53, 81, 39, 99, 72, 96, 41, 85, 3, 36, 82, 35, 43, 10, 38, 19, 27, 63, 88, 22, 37, 57, 28, 73, 2, 26, 62, 17, 47, 23, 44, 83, 89, 31, 87, 61, 12, 86, 54, 92, 42, 16, 75, 4, 84, 32, 77, 7, 34, 55, 78, 56, 67, 93, 74, 45, 97, 33, 98, 48, 95, 15, 71, 25, 94, 65, 91, 14, 30, 51, 8, 76, 100, 20, 90, 58, 66, 21, 69, 13]
Correct solution
(w = 19) Building and Solving
Value Cyclic-Antibandwidth: 19
Labels: [92, 24, 60, 79, 52, 6, 49, 70, 11, 59, 1, 64, 9, 40, 68, 42, 18, 50, 72, 29, 53, 81, 39, 99, 46, 96, 41, 85, 3, 36, 82, 35, 43, 10, 38, 19, 27, 63, 88, 22, 37, 57, 28, 73, 2, 26, 62, 17, 47, 23, 44, 83, 89, 8, 87, 61, 12, 86, 54, 20, 80, 16, 75, 4, 84, 32, 77, 7, 34, 55, 78, 56, 67, 93, 74, 45, 97, 33, 98, 48, 95, 15, 71, 25, 94, 65, 91, 14, 30, 51, 5, 76, 100, 31, 90, 58, 66, 21, 69, 13]
Correct solution
(w = 20) Building and Solving
Value Cyclic-Antibandwidth: 20
Labels: [97, 24, 100, 73, 53, 13, 56, 36, 15, 72, 29, 49, 16, 60, 7, 48, 19, 52, 30, 10, 17, 51, 12, 32, 4, 47, 11, 31, 63, 35, 14, 44, 1, 57, 18, 38, 20, 41, 9, 42, 33, 5, 50, 2, 21, 45, 23, 43, 76, 37, 68, 28, 46, 26, 6, 39, 3, 78, 22, 74, 98, 77, 55, 94, 25, 80, 58, 81, 62, 82, 61, 83, 40, 84, 64, 85, 65, 86, 66, 87, 8, 67, 27, 89, 69, 90, 70, 91, 92, 54, 34, 93, 75, 95, 71, 96, 88, 59, 79, 99]
Correct solution
(w = 21) Building and Solving
Value Cyclic-Antibandwidth: 21
Labels: [86, 24, 46, 79, 52, 6, 49, 70, 11, 59, 1, 31, 9, 40, 19, 57, 18, 50, 72, 29, 53, 81, 39, 99, 64, 96, 41, 85, 3, 36, 82, 35, 43, 10, 38, 88, 27, 63, 92, 22, 37, 74, 28, 73, 5, 26, 62, 17, 47, 23, 60, 15, 89, 42, 87, 61, 12, 83, 54, 20, 80, 16, 75, 4, 84, 32, 77, 7, 34, 55, 78, 56, 67, 93, 14, 45, 97, 33, 98, 44, 95, 48, 71, 25, 94, 65, 91, 30, 2, 51, 8, 76, 100, 68, 90, 58, 66, 21, 69, 13]
Correct solution
(w = 22) Building and Solving
Value Cyclic-Antibandwidth: 22
Labels: [86, 24, 57, 79, 52, 6, 49, 5, 31, 59, 1, 42, 9, 40, 68, 46, 18, 50, 72, 29, 53, 81, 39, 99, 70, 96, 41, 85, 3, 36, 82, 35, 43, 10, 38, 14, 27, 63, 92, 22, 37, 74, 28, 73, 2, 26, 62, 17, 77, 23, 60, 15, 89, 47, 87, 61, 12, 88, 54, 20, 64, 16, 75, 4, 84, 32, 83, 11, 80, 55, 78, 56, 67, 93, 21, 45, 97, 33, 98, 44, 95, 48, 71, 25, 94, 65, 91, 30, 7, 51, 8, 76, 100, 34, 90, 58, 66, 19, 69, 13]
Correct solution
(w = 23) Building and Solving
[runlim] sample:		10.9 time, 10.8 real, 114.1 MB
Value Cyclic-Antibandwidth: 23
Labels: [86, 24, 47, 79, 52, 6, 49, 5, 35, 59, 1, 57, 9, 40, 68, 42, 18, 50, 74, 29, 53, 81, 39, 99, 70, 96, 41, 85, 3, 36, 13, 88, 43, 10, 38, 14, 27, 63, 92, 22, 37, 64, 28, 73, 2, 26, 62, 17, 77, 23, 60, 15, 89, 21, 87, 61, 12, 82, 54, 20, 72, 16, 75, 4, 84, 32, 83, 11, 80, 55, 31, 56, 67, 93, 69, 45, 97, 33, 98, 44, 95, 48, 71, 25, 94, 65, 91, 30, 7, 51, 8, 76, 100, 34, 90, 58, 66, 19, 46, 78]
Correct solution
(w = 24) Building and Solving
Value Cyclic-Antibandwidth: 24
Labels: [86, 24, 48, 79, 52, 6, 49, 5, 31, 59, 1, 57, 9, 40, 68, 42, 18, 50, 74, 29, 53, 81, 39, 99, 70, 96, 41, 85, 3, 36, 82, 35, 43, 10, 38, 13, 27, 63, 92, 22, 37, 64, 28, 73, 2, 26, 62, 17, 77, 8, 60, 15, 89, 47, 87, 61, 12, 88, 54, 20, 72, 16, 75, 4, 84, 32, 83, 11, 80, 55, 21, 56, 67, 93, 69, 45, 97, 33, 98, 44, 95, 23, 71, 25, 94, 65, 91, 30, 7, 51, 14, 76, 100, 34, 90, 58, 66, 19, 46, 78]
Correct solution
(w = 25) Building and Solving
Value Cyclic-Antibandwidth: 25
Labels: [86, 24, 52, 79, 42, 6, 49, 5, 31, 59, 1, 34, 9, 40, 72, 46, 18, 50, 75, 29, 53, 81, 39, 99, 70, 96, 41, 85, 3, 36, 64, 94, 43, 10, 38, 13, 8, 63, 88, 22, 37, 74, 28, 73, 82, 26, 62, 17, 77, 35, 60, 15, 89, 47, 87, 61, 12, 83, 54, 21, 57, 16, 69, 4, 84, 32, 68, 11, 80, 55, 2, 56, 67, 93, 20, 45, 97, 33, 98, 48, 95, 23, 71, 25, 92, 65, 91, 30, 7, 51, 14, 76, 100, 27, 90, 58, 66, 19, 44, 78]
Correct solution
(w = 26) Building and Solving
Value Cyclic-Antibandwidth: 26
Labels: [76, 35, 62, 92, 21, 88, 57, 20, 59, 19, 73, 14, 42, 79, 41, 93, 34, 72, 29, 68, 9, 71, 24, 82, 94, 49, 89, 26, 31, 95, 54, 2, 36, 99, 32, 60, 70, 30, 97, 65, 46, 8, 38, 75, 6, 61, 4, 63, 77, 3, 69, 17, 25, 53, 18, 56, 87, 55, 27, 85, 45, 100, 66, 1, 44, 98, 58, 15, 83, 22, 52, 90, 48, 5, 50, 80, 7, 67, 23, 74, 51, 10, 84, 28, 91, 47, 96, 39, 11, 37, 64, 12, 81, 43, 16, 86, 33, 78, 13, 40]
Correct solution
(w = 27) Building and Solving
Value Cyclic-Antibandwidth: 27
Labels: [97, 49, 1, 33, 87, 15, 88, 39, 99, 45, 17, 79, 26, 82, 23, 73, 4, 76, 24, 65, 54, 25, 77, 29, 81, 51, 89, 43, 28, 64, 21, 59, 5, 62, 100, 38, 34, 78, 35, 7, 42, 72, 16, 71, 32, 60, 22, 58, 98, 70, 8, 40, 36, 6, 37, 10, 74, 44, 12, 75, 83, 11, 50, 9, 20, 86, 13, 52, 53, 80, 27, 57, 55, 84, 56, 85, 94, 30, 68, 95, 41, 14, 61, 3, 31, 90, 63, 91, 46, 18, 66, 93, 67, 2, 69, 96, 19, 47, 92, 48]
Correct solution
(w = 28) Building and Solving
Value Cyclic-Antibandwidth: 28
Labels: [58, 23, 95, 27, 65, 9, 63, 3, 37, 66, 24, 90, 36, 8, 44, 11, 47, 92, 30, 89, 1, 57, 29, 70, 54, 82, 49, 84, 51, 86, 33, 99, 98, 68, 6, 40, 14, 67, 4, 56, 38, 87, 32, 76, 25, 55, 19, 60, 69, 22, 50, 5, 94, 64, 10, 39, 2, 53, 21, 93, 80, 16, 77, 48, 62, 31, 75, 42, 71, 100, 41, 88, 45, 73, 17, 83, 91, 43, 15, 74, 72, 26, 96, 28, 18, 61, 97, 35, 34, 79, 46, 7, 78, 13, 52, 85, 59, 20, 81, 12]
Correct solution
(w = 29) Building and Solving
Value Cyclic-Antibandwidth: 29
Labels: [94, 36, 7, 69, 33, 4, 34, 65, 2, 50, 20, 49, 5, 39, 6, 43, 75, 15, 48, 81, 64, 18, 73, 26, 99, 52, 13, 58, 38, 93, 27, 74, 29, 87, 55, 100, 71, 28, 57, 24, 35, 72, 31, 89, 63, 19, 62, 91, 11, 40, 1, 51, 37, 86, 17, 80, 79, 22, 53, 88, 70, 23, 67, 21, 95, 30, 59, 98, 54, 83, 25, 85, 3, 32, 97, 61, 60, 92, 46, 96, 12, 45, 16, 78, 42, 84, 44, 90, 68, 9, 41, 76, 14, 66, 8, 56, 10, 77, 47, 82]
Correct solution
(w = 30) Building and Solving
[runlim] sample:		23.0 time, 20.8 real, 214.3 MB
Value Cyclic-Antibandwidth: 30
Labels: [97, 50, 6, 62, 92, 33, 66, 99, 41, 3, 45, 75, 20, 82, 16, 57, 15, 47, 17, 52, 48, 18, 56, 26, 80, 27, 87, 28, 72, 29, 69, 30, 98, 31, 86, 21, 22, 68, 100, 70, 1, 67, 34, 64, 5, 38, 8, 71, 36, 4, 37, 7, 11, 74, 42, 94, 73, 12, 79, 44, 13, 76, 46, 77, 43, 10, 40, 81, 51, 19, 49, 83, 32, 84, 53, 85, 55, 24, 54, 14, 25, 88, 58, 89, 59, 90, 60, 91, 78, 23, 63, 93, 65, 95, 61, 96, 9, 39, 2, 35]
Correct solution
(w = 31) Building and Solving
Value Cyclic-Antibandwidth: 31
Labels: [97, 49, 100, 61, 5, 62, 3, 34, 99, 59, 12, 74, 16, 78, 15, 53, 20, 73, 42, 7, 52, 14, 56, 23, 1, 35, 79, 19, 55, 6, 60, 95, 25, 68, 26, 66, 63, 9, 57, 94, 31, 98, 29, 93, 38, 69, 30, 71, 65, 4, 72, 37, 36, 67, 18, 75, 27, 76, 10, 77, 43, 11, 44, 13, 17, 80, 45, 81, 47, 82, 48, 83, 41, 84, 50, 85, 46, 86, 21, 87, 22, 88, 54, 89, 51, 90, 32, 91, 28, 92, 24, 58, 2, 33, 64, 96, 70, 39, 8, 40]
Correct solution
(w = 32) Building and Solving
Value Cyclic-Antibandwidth: 32
Labels: [81, 47, 14, 46, 86, 35, 93, 28, 61, 100, 62, 4, 49, 84, 38, 88, 21, 79, 33, 72, 22, 69, 30, 94, 85, 39, 95, 27, 82, 44, 78, 18, 7, 45, 11, 63, 24, 90, 58, 98, 75, 15, 71, 26, 31, 97, 54, 6, 70, 16, 50, 2, 96, 55, 12, 65, 37, 80, 48, 13, 99, 40, 73, 32, 36, 76, 34, 91, 83, 51, 9, 66, 20, 59, 3, 57, 5, 60, 25, 87, 42, 74, 10, 64, 53, 19, 52, 92, 43, 77, 29, 89, 1, 41, 8, 56, 23, 68, 17, 67]
Correct solution
(w = 33) Building and Solving
Value Cyclic-Antibandwidth: 33
Labels: [76, 17, 51, 85, 47, 10, 44, 1, 49, 12, 50, 2, 48, 3, 45, 97, 34, 96, 46, 99, 27, 77, 38, 92, 58, 20, 72, 24, 86, 19, 64, 98, 21, 67, 5, 54, 95, 52, 11, 74, 69, 16, 65, 32, 9, 43, 87, 28, 63, 6, 62, 29, 13, 73, 8, 56, 60, 26, 59, 93, 83, 30, 90, 23, 53, 100, 37, 89, 15, 61, 25, 84, 57, 94, 31, 75, 91, 40, 79, 22, 36, 70, 33, 81, 82, 42, 7, 66, 41, 78, 35, 71, 80, 14, 68, 18, 55, 4, 39, 88]
Correct solution
(w = 34) Building and Solving
Value Cyclic-Antibandwidth: 34
Labels: [7, 49, 93, 55, 14, 62, 15, 69, 3, 41, 86, 52, 9, 71, 20, 79, 13, 48, 85, 22, 61, 19, 53, 100, 94, 58, 16, 65, 27, 64, 21, 87, 98, 32, 80, 36, 57, 11, 70, 18, 23, 68, 2, 37, 63, 97, 34, 75, 35, 72, 17, 73, 67, 1, 40, 74, 76, 38, 4, 56, 39, 78, 42, 5, 8, 43, 6, 44, 45, 99, 51, 10, 24, 84, 50, 88, 77, 12, 46, 81, 28, 89, 54, 91, 47, 90, 25, 59, 92, 26, 60, 96, 30, 95, 29, 83, 66, 31, 82, 33]
Correct solution
(w = 35) Building and Solving
[runlim] sample:		37.7 time, 30.8 real, 188.8 MB
Value Cyclic-Antibandwidth: 35
Labels: [75, 37, 82, 29, 84, 19, 59, 23, 80, 28, 72, 7, 43, 98, 47, 97, 32, 76, 21, 61, 10, 54, 3, 44, 93, 34, 91, 48, 17, 57, 95, 56, 64, 4, 42, 2, 49, 90, 25, 62, 65, 11, 46, 9, 94, 35, 77, 16, 58, 5, 41, 78, 31, 69, 14, 73, 92, 50, 13, 63, 27, 88, 39, 96, 66, 8, 51, 1, 79, 36, 81, 24, 60, 15, 68, 20, 87, 22, 86, 30, 38, 83, 18, 74, 67, 12, 53, 100, 26, 70, 33, 71, 85, 40, 89, 45, 99, 52, 6, 55]
Correct solution
(w = 36) Building and Solving
Value Cyclic-Antibandwidth: 36
Labels: [69, 24, 61, 97, 37, 84, 33, 71, 7, 55, 4, 67, 3, 39, 75, 31, 86, 32, 79, 28, 10, 63, 20, 58, 87, 49, 1, 56, 12, 62, 25, 82, 35, 77, 38, 89, 99, 57, 14, 65, 47, 9, 45, 2, 76, 34, 93, 41, 29, 88, 52, 6, 48, 95, 40, 90, 92, 44, 80, 22, 68, 21, 83, 46, 30, 91, 27, 74, 59, 5, 60, 17, 81, 19, 64, 23, 13, 51, 15, 66, 73, 11, 54, 18, 50, 94, 53, 100, 70, 8, 72, 16, 26, 85, 42, 96, 78, 36, 98, 43]
Correct solution
(w = 37) Building and Solving
Value Cyclic-Antibandwidth: 37
Labels: [7, 49, 10, 62, 20, 58, 96, 40, 1, 47, 94, 56, 3, 54, 91, 38, 88, 32, 89, 26, 69, 14, 77, 28, 12, 75, 21, 61, 73, 34, 97, 60, 99, 55, 18, 65, 83, 31, 81, 43, 19, 68, 5, 67, 53, 9, 70, 16, 2, 52, 93, 50, 57, 13, 71, 23, 95, 39, 90, 30, 36, 78, 35, 98, 100, 48, 85, 22, 41, 82, 29, 92, 17, 80, 24, 79, 42, 86, 45, 8, 76, 33, 72, 27, 51, 4, 66, 15, 87, 44, 6, 64, 37, 74, 11, 59, 63, 25, 84, 46]
Correct solution
(w = 38) Building and Solving
Value Cyclic-Antibandwidth: 38
Labels: [3, 43, 5, 67, 7, 55, 16, 54, 14, 59, 97, 35, 85, 47, 9, 71, 10, 53, 8, 66, 57, 17, 61, 100, 98, 48, 94, 44, 62, 19, 79, 28, 24, 86, 46, 99, 64, 23, 74, 33, 12, 63, 2, 56, 70, 22, 80, 40, 4, 42, 83, 27, 76, 38, 88, 30, 20, 78, 21, 69, 41, 93, 37, 81, 73, 13, 51, 95, 26, 68, 6, 60, 90, 31, 82, 36, 58, 1, 45, 91, 25, 65, 18, 75, 72, 34, 96, 52, 11, 50, 89, 39, 49, 92, 32, 84, 15, 77, 29, 87]
Correct solution
(w = 39) Building and Solving
[runlim] sample:		52.8 time, 40.8 real, 175.4 MB
Value Cyclic-Antibandwidth: 39
Labels: [76, 23, 70, 9, 49, 7, 68, 14, 72, 18, 65, 5, 47, 89, 37, 77, 16, 61, 1, 40, 36, 91, 50, 96, 78, 39, 87, 30, 28, 85, 34, 79, 48, 4, 43, 99, 93, 32, 71, 15, 66, 24, 69, 21, 29, 90, 51, 6, 59, 19, 58, 97, 33, 88, 35, 80, 63, 20, 73, 25, 10, 57, 8, 64, 52, 98, 54, 12, 2, 53, 3, 60, 42, 82, 27, 74, 83, 22, 67, 17, 38, 95, 44, 86, 55, 94, 45, 100, 13, 56, 11, 62, 41, 84, 26, 75, 81, 31, 92, 46]
Correct solution
(w = 40) Building and Solving
Value Cyclic-Antibandwidth: 40
Labels: [97, 44, 1, 55, 6, 63, 7, 62, 8, 54, 100, 58, 16, 56, 96, 36, 82, 29, 79, 20, 48, 89, 34, 76, 2, 61, 11, 59, 47, 94, 39, 91, 12, 70, 10, 52, 49, 9, 64, 5, 14, 68, 21, 66, 57, 98, 42, 92, 22, 73, 30, 81, 51, 4, 46, 3, 95, 35, 88, 33, 50, 90, 37, 87, 18, 65, 13, 53, 69, 19, 75, 27, 99, 40, 80, 25, 43, 86, 45, 93, 83, 31, 71, 23, 26, 67, 24, 78, 77, 17, 60, 15, 38, 85, 41, 84, 72, 32, 74, 28]
Correct solution
(w = 41) Building and Solving
Value Cyclic-Antibandwidth: 41
Labels: [74, 33, 92, 50, 91, 48, 89, 32, 79, 29, 84, 42, 87, 39, 85, 44, 90, 31, 72, 13, 22, 65, 8, 63, 81, 26, 69, 10, 51, 99, 58, 7, 95, 36, 83, 30, 46, 5, 64, 9, 93, 34, 78, 28, 45, 3, 62, 12, 75, 25, 66, 16, 38, 94, 52, 4, 71, 15, 60, 6, 40, 98, 57, 14, 1, 55, 11, 56, 41, 82, 23, 68, 96, 54, 97, 49, 27, 70, 18, 59, 86, 37, 88, 43, 47, 100, 53, 2, 80, 21, 76, 35, 19, 73, 24, 77, 61, 20, 67, 17]
Correct solution
(w = 42) Building and Solving
[runlim] sample:		71.0 time, 50.8 real, 274.3 MB
Value Cyclic-Antibandwidth: 42
Labels: [68, 15, 63, 18, 62, 14, 64, 21, 79, 37, 90, 39, 81, 35, 84, 38, 87, 45, 89, 47, 17, 67, 9, 61, 70, 19, 72, 16, 7, 50, 97, 51, 69, 20, 77, 28, 11, 53, 95, 40, 66, 23, 65, 10, 6, 55, 13, 71, 76, 29, 83, 31, 34, 92, 48, 4, 94, 49, 91, 44, 46, 96, 52, 3, 88, 36, 78, 26, 24, 75, 33, 86, 93, 41, 85, 32, 42, 99, 57, 8, 80, 22, 74, 25, 30, 73, 27, 82, 2, 59, 5, 54, 43, 1, 56, 98, 100, 58, 12, 60]
Correct solution
(w = 43) Building and Solving
Value Cyclic-Antibandwidth: 43
Labels: [75, 18, 69, 22, 77, 24, 81, 33, 90, 40, 94, 43, 92, 49, 6, 53, 7, 59, 2, 58, 23, 80, 30, 74, 63, 9, 61, 15, 13, 64, 19, 72, 70, 27, 78, 28, 26, 71, 17, 66, 73, 29, 76, 21, 31, 85, 36, 93, 89, 32, 79, 25, 47, 100, 45, 88, 97, 54, 4, 51, 37, 82, 38, 83, 86, 41, 87, 34, 35, 84, 39, 91, 99, 55, 12, 68, 52, 5, 48, 3, 96, 42, 95, 50, 60, 10, 62, 16, 14, 65, 8, 57, 56, 11, 67, 20, 1, 46, 98, 44]
Correct solution
(w = 44) Building and Solving
[runlim] sample:		98.2 time, 60.8 real, 330.6 MB
Value Cyclic-Antibandwidth: 44
Labels: [60, 16, 62, 18, 74, 20, 76, 25, 77, 28, 82, 37, 89, 39, 91, 44, 93, 49, 97, 52, 13, 57, 10, 65, 69, 14, 61, 5, 9, 54, 8, 59, 66, 11, 67, 17, 30, 80, 32, 81, 64, 15, 63, 12, 23, 70, 19, 68, 72, 26, 73, 21, 29, 84, 38, 90, 79, 24, 71, 22, 36, 87, 31, 75, 92, 48, 4, 58, 40, 86, 35, 85, 83, 27, 78, 33, 41, 96, 51, 1, 99, 46, 2, 53, 45, 100, 55, 6, 95, 50, 94, 43, 47, 3, 56, 7, 98, 42, 88, 34]
Correct solution
(w = 45) Building and Solving
[runlim] sample:		138.5 time, 70.8 real, 455.6 MB
[runlim] sample:		171.1 time, 80.8 real, 486.9 MB
[runlim] sample:		201.1 time, 90.8 real, 486.9 MB
[runlim] sample:		231.1 time, 100.8 real, 490.8 MB
[runlim] sample:		261.1 time, 110.8 real, 491.0 MB
[runlim] sample:		291.1 time, 120.8 real, 495.6 MB
[runlim] sample:		321.1 time, 130.8 real, 496.0 MB
[runlim] sample:		351.1 time, 140.8 real, 496.0 MB
[runlim] sample:		381.1 time, 150.8 real, 496.0 MB
[runlim] sample:		411.1 time, 160.8 real, 523.2 MB
[runlim] sample:		441.1 time, 170.8 real, 530.4 MB
[runlim] sample:		471.1 time, 180.8 real, 531.5 MB
[runlim] sample:		501.1 time, 190.8 real, 531.9 MB
[runlim] sample:		531.1 time, 200.8 real, 532.0 MB
[runlim] sample:		561.1 time, 210.8 real, 533.9 MB
[runlim] sample:		591.1 time, 220.8 real, 581.9 MB
[runlim] sample:		621.1 time, 230.8 real, 583.6 MB
[runlim] sample:		651.1 time, 240.8 real, 599.3 MB
[runlim] sample:		681.1 time, 250.8 real, 606.1 MB
[runlim] sample:		711.1 time, 260.8 real, 606.1 MB
[runlim] sample:		741.1 time, 270.8 real, 606.3 MB
[runlim] sample:		771.1 time, 280.8 real, 606.3 MB
[runlim] sample:		801.1 time, 290.8 real, 608.0 MB
[runlim] sample:		831.1 time, 300.8 real, 608.3 MB
[runlim] sample:		861.1 time, 310.8 real, 608.3 MB
[runlim] sample:		891.1 time, 320.8 real, 608.3 MB
[runlim] sample:		921.1 time, 330.8 real, 608.3 MB
[runlim] sample:		951.1 time, 340.8 real, 608.3 MB
[runlim] sample:		981.1 time, 350.8 real, 608.3 MB
[runlim] sample:		1011.1 time, 360.8 real, 608.3 MB
[runlim] sample:		1040.9 time, 370.8 real, 608.3 MB
[runlim] sample:		1060.9 time, 380.8 real, 610.8 MB
[runlim] sample:		1080.9 time, 390.8 real, 610.8 MB
[runlim] sample:		1100.9 time, 400.8 real, 610.8 MB
[runlim] sample:		1120.9 time, 410.8 real, 610.8 MB
[runlim] sample:		1140.9 time, 420.8 real, 610.8 MB
[runlim] sample:		1160.9 time, 430.8 real, 610.8 MB
[runlim] sample:		1180.9 time, 440.8 real, 610.8 MB
[runlim] sample:		1200.9 time, 450.8 real, 610.8 MB
[runlim] sample:		1220.9 time, 460.8 real, 610.8 MB
[runlim] sample:		1240.9 time, 470.8 real, 610.8 MB
[runlim] sample:		1260.9 time, 480.8 real, 610.8 MB
[runlim] sample:		1280.9 time, 490.8 real, 610.8 MB
[runlim] sample:		1291.0 time, 500.8 real, 610.8 MB
[runlim] sample:		1301.0 time, 510.8 real, 610.8 MB
[runlim] sample:		1311.0 time, 520.8 real, 610.8 MB
[runlim] sample:		1321.0 time, 530.8 real, 610.8 MB
[runlim] sample:		1331.0 time, 540.8 real, 610.8 MB
[runlim] sample:		1341.0 time, 550.8 real, 610.8 MB
[runlim] sample:		1351.0 time, 560.8 real, 610.8 MB
[runlim] sample:		1361.0 time, 570.8 real, 610.8 MB
Value Cyclic-Antibandwidth: 45
Labels: [85, 35, 90, 45, 94, 46, 96, 51, 3, 58, 11, 62, 15, 70, 21, 75, 30, 77, 22, 69, 36, 83, 38, 92, 84, 34, 79, 31, 42, 89, 39, 87, 95, 40, 91, 37, 49, 99, 44, 93, 100, 50, 97, 43, 41, 86, 33, 88, 4, 53, 2, 48, 52, 7, 59, 8, 10, 65, 13, 61, 56, 1, 47, 98, 12, 57, 5, 55, 63, 9, 54, 6, 25, 76, 23, 73, 66, 19, 74, 24, 20, 71, 16, 64, 78, 32, 82, 28, 26, 81, 29, 80, 67, 17, 72, 27, 18, 68, 14, 60]
Correct solution
(w = 46) Building and Solving
[runlim] sample:		1384.1 time, 580.8 real, 511.6 MB
[runlim] sample:		1419.5 time, 590.8 real, 517.2 MB
[runlim] sample:		1449.5 time, 600.8 real, 517.2 MB
[runlim] sample:		1479.5 time, 610.8 real, 517.2 MB
[runlim] sample:		1509.5 time, 620.8 real, 517.2 MB
[runlim] sample:		1539.5 time, 630.8 real, 517.2 MB
[runlim] sample:		1569.5 time, 640.8 real, 517.2 MB
[runlim] sample:		1599.5 time, 650.8 real, 517.2 MB
[runlim] sample:		1629.5 time, 660.8 real, 517.2 MB
[runlim] sample:		1659.5 time, 670.8 real, 523.8 MB
[runlim] sample:		1689.5 time, 680.8 real, 523.8 MB
[runlim] sample:		1719.5 time, 690.8 real, 523.8 MB
[runlim] sample:		1749.5 time, 700.8 real, 523.8 MB
[runlim] sample:		1779.5 time, 710.8 real, 523.8 MB
[runlim] sample:		1809.5 time, 720.8 real, 523.8 MB
[runlim] sample:		1839.5 time, 730.8 real, 523.8 MB
[runlim] sample:		1869.5 time, 740.8 real, 546.4 MB
[runlim] sample:		1899.5 time, 750.8 real, 546.9 MB
[runlim] sample:		1929.5 time, 760.8 real, 546.9 MB
[runlim] sample:		1959.5 time, 770.8 real, 546.9 MB
[runlim] sample:		1989.5 time, 780.8 real, 546.9 MB
[runlim] sample:		2019.5 time, 790.8 real, 546.9 MB
[runlim] sample:		2049.5 time, 800.8 real, 546.9 MB
[runlim] sample:		2079.5 time, 810.8 real, 546.9 MB
[runlim] sample:		2109.5 time, 820.8 real, 546.9 MB
[runlim] sample:		2139.5 time, 830.8 real, 573.4 MB
[runlim] sample:		2169.5 time, 840.8 real, 600.0 MB
[runlim] sample:		2199.5 time, 850.8 real, 600.0 MB
[runlim] sample:		2229.5 time, 860.8 real, 621.7 MB
[runlim] sample:		2259.5 time, 870.8 real, 621.7 MB
[runlim] sample:		2289.5 time, 880.8 real, 623.9 MB
[runlim] sample:		2319.5 time, 890.8 real, 623.9 MB
[runlim] sample:		2349.5 time, 900.8 real, 623.9 MB
[runlim] sample:		2374.6 time, 910.8 real, 623.9 MB
[runlim] sample:		2394.6 time, 920.8 real, 623.9 MB
[runlim] sample:		2414.6 time, 930.8 real, 623.9 MB
[runlim] sample:		2434.6 time, 940.8 real, 623.9 MB
[runlim] sample:		2454.6 time, 950.8 real, 623.9 MB
[runlim] sample:		2474.6 time, 960.8 real, 625.6 MB
[runlim] sample:		2494.6 time, 970.8 real, 625.6 MB
[runlim] sample:		2514.6 time, 980.8 real, 625.6 MB
[runlim] sample:		2534.6 time, 990.8 real, 625.6 MB
[runlim] sample:		2554.6 time, 1000.8 real, 625.6 MB
[runlim] sample:		2574.6 time, 1010.8 real, 625.6 MB
[runlim] sample:		2594.6 time, 1020.8 real, 625.6 MB
[runlim] sample:		2614.6 time, 1030.8 real, 625.6 MB
[runlim] sample:		2634.6 time, 1040.8 real, 625.6 MB
[runlim] sample:		2654.6 time, 1050.8 real, 627.2 MB
[runlim] sample:		2674.6 time, 1060.8 real, 627.2 MB
[runlim] sample:		2694.6 time, 1070.8 real, 627.2 MB
[runlim] sample:		2714.6 time, 1080.8 real, 627.2 MB
[runlim] sample:		2734.6 time, 1090.8 real, 627.2 MB
[runlim] sample:		2754.6 time, 1100.8 real, 627.2 MB
[runlim] sample:		2774.6 time, 1110.8 real, 627.2 MB
[runlim] sample:		2794.6 time, 1120.8 real, 627.2 MB
[runlim] sample:		2814.6 time, 1130.8 real, 627.2 MB
[runlim] sample:		2834.6 time, 1140.8 real, 627.2 MB
[runlim] sample:		2854.6 time, 1150.8 real, 627.2 MB
[runlim] sample:		2874.6 time, 1160.8 real, 627.2 MB
[runlim] sample:		2894.6 time, 1170.8 real, 627.2 MB
[runlim] sample:		2914.6 time, 1180.8 real, 627.2 MB
[runlim] sample:		2926.8 time, 1190.8 real, 627.2 MB
[runlim] sample:		2936.8 time, 1200.8 real, 627.2 MB
[runlim] sample:		2946.8 time, 1210.8 real, 627.2 MB
[runlim] sample:		2956.8 time, 1220.8 real, 627.2 MB
[runlim] sample:		2966.8 time, 1230.8 real, 627.2 MB
[runlim] sample:		2976.8 time, 1240.8 real, 627.2 MB
[runlim] sample:		2986.8 time, 1250.8 real, 627.2 MB
[runlim] sample:		2996.8 time, 1260.8 real, 627.2 MB
[runlim] sample:		3006.8 time, 1270.8 real, 627.2 MB
[runlim] sample:		3016.8 time, 1280.8 real, 627.2 MB
[runlim] sample:		3026.8 time, 1290.8 real, 627.2 MB
[runlim] sample:		3036.8 time, 1300.8 real, 627.2 MB
[runlim] sample:		3046.8 time, 1310.8 real, 627.2 MB
[runlim] sample:		3056.8 time, 1320.8 real, 627.2 MB
[runlim] sample:		3066.8 time, 1330.8 real, 627.2 MB
[runlim] sample:		3076.8 time, 1340.8 real, 627.2 MB
[runlim] sample:		3086.8 time, 1350.8 real, 627.2 MB
[runlim] sample:		3096.8 time, 1360.8 real, 627.2 MB
[runlim] sample:		3106.8 time, 1370.8 real, 627.2 MB
[runlim] sample:		3116.8 time, 1380.8 real, 627.2 MB
[runlim] sample:		3126.8 time, 1390.8 real, 627.2 MB
[runlim] sample:		3136.8 time, 1400.8 real, 627.2 MB
[runlim] sample:		3146.8 time, 1410.8 real, 627.2 MB
[runlim] sample:		3156.8 time, 1420.8 real, 627.2 MB
[runlim] sample:		3166.8 time, 1430.8 real, 627.2 MB
[runlim] sample:		3176.8 time, 1440.8 real, 627.2 MB
[runlim] sample:		3186.8 time, 1450.8 real, 627.2 MB
[runlim] sample:		3196.8 time, 1460.8 real, 627.2 MB
[runlim] sample:		3206.8 time, 1470.8 real, 627.2 MB
[runlim] sample:		3216.8 time, 1480.8 real, 627.2 MB
[runlim] sample:		3226.8 time, 1490.8 real, 627.2 MB
[runlim] sample:		3236.8 time, 1500.8 real, 627.2 MB
[runlim] sample:		3246.8 time, 1510.8 real, 627.2 MB
[runlim] sample:		3256.8 time, 1520.8 real, 627.2 MB
[runlim] sample:		3266.8 time, 1530.8 real, 627.2 MB
[runlim] sample:		3276.8 time, 1540.8 real, 627.2 MB
[runlim] sample:		3286.8 time, 1550.8 real, 627.2 MB
[runlim] sample:		3296.8 time, 1560.8 real, 627.2 MB
[runlim] sample:		3306.8 time, 1570.8 real, 627.2 MB
[runlim] sample:		3316.8 time, 1580.8 real, 627.2 MB
[runlim] sample:		3326.8 time, 1590.8 real, 627.2 MB
[runlim] sample:		3336.8 time, 1600.8 real, 627.2 MB
[runlim] sample:		3346.8 time, 1610.8 real, 627.2 MB
[runlim] sample:		3356.8 time, 1620.8 real, 627.2 MB
[runlim] sample:		3366.8 time, 1630.8 real, 627.2 MB
[runlim] sample:		3376.8 time, 1640.8 real, 627.2 MB
[runlim] sample:		3386.8 time, 1650.8 real, 627.2 MB
[runlim] sample:		3396.8 time, 1660.8 real, 627.2 MB
[runlim] sample:		3406.8 time, 1670.8 real, 627.2 MB
[runlim] sample:		3416.8 time, 1680.8 real, 627.2 MB
[runlim] sample:		3426.8 time, 1690.8 real, 627.2 MB
[runlim] sample:		3436.8 time, 1700.8 real, 627.2 MB
[runlim] sample:		3446.8 time, 1710.8 real, 627.2 MB
[runlim] sample:		3456.8 time, 1720.8 real, 627.2 MB
[runlim] sample:		3466.8 time, 1730.8 real, 627.2 MB
[runlim] sample:		3476.8 time, 1740.8 real, 627.2 MB
[runlim] sample:		3486.8 time, 1750.8 real, 627.2 MB
[runlim] sample:		3496.8 time, 1760.8 real, 627.2 MB
[runlim] sample:		3506.8 time, 1770.8 real, 627.2 MB
[runlim] sample:		3516.8 time, 1780.8 real, 627.2 MB
[runlim] sample:		3526.8 time, 1790.8 real, 627.2 MB
[runlim] end:			Sat Nov  1 19:04:35 2025
[runlim] status:		out of time
[runlim] result:		2
[runlim] children:		0
[runlim] real:			1800.12 seconds
[runlim] time:			3536.06 seconds
[runlim] space:			627.2 MB
[runlim] samples:		17993
