[runlim] version:		1.10
[runlim] time limit:		311040000 seconds
[runlim] real time limit:	1800 seconds
[runlim] space limit:		30000 MB
[runlim] argv[0]:		python3
[runlim] argv[1]:		model_MIP_CPLEX.py
[runlim] argv[2]:		./graph/caterpillar/caterpillar_9_7.txt
[runlim] start:			Sat Nov  1 16:56:30 2025
[runlim] main pid:		55483
[runlim] log captured:
(w = 4) Building and Solving
Value Cyclic-Antibandwidth: 4
Labels: [3, 27, 2, 57, 33, 60, 20, 10, 40, 8, 41, 13, 53, 63, 44, 42, 19, 39, 61, 45, 30, 48, 35, 11, 17, 4, 38, 29, 21, 31, 49, 25, 15, 12, 54, 32, 50, 14, 1, 9, 37, 7, 47, 43, 24, 52, 28, 23, 5, 26, 22, 51, 18, 56, 34, 55, 62, 36, 58, 6, 59, 16, 46]
Correct solution
(w = 5) Building and Solving
Value Cyclic-Antibandwidth: 5
Labels: [3, 27, 2, 44, 33, 60, 20, 10, 40, 36, 41, 13, 53, 63, 22, 42, 19, 39, 61, 45, 30, 48, 35, 11, 17, 9, 38, 4, 21, 31, 49, 25, 18, 12, 54, 32, 50, 14, 1, 24, 37, 7, 47, 62, 8, 52, 28, 57, 5, 26, 43, 51, 29, 56, 34, 55, 23, 15, 58, 6, 59, 16, 46]
Correct solution
(w = 6) Building and Solving
Value Cyclic-Antibandwidth: 6
Labels: [3, 27, 2, 44, 33, 60, 20, 10, 40, 36, 54, 13, 53, 63, 22, 42, 19, 39, 61, 45, 30, 48, 35, 11, 17, 9, 38, 4, 21, 31, 49, 25, 18, 12, 1, 32, 50, 14, 37, 24, 41, 7, 47, 62, 8, 52, 28, 57, 5, 26, 43, 51, 29, 56, 34, 55, 23, 15, 58, 6, 59, 16, 46]
Correct solution
(w = 7) Building and Solving
Value Cyclic-Antibandwidth: 7
Labels: [44, 27, 2, 55, 33, 60, 20, 10, 40, 8, 41, 13, 53, 63, 22, 42, 19, 39, 61, 45, 30, 48, 35, 5, 17, 9, 38, 4, 21, 31, 49, 25, 18, 12, 54, 32, 50, 14, 1, 24, 37, 7, 47, 62, 11, 52, 28, 57, 3, 26, 36, 51, 29, 56, 34, 43, 23, 15, 58, 6, 59, 16, 46]
Correct solution
(w = 8) Building and Solving
Value Cyclic-Antibandwidth: 8
Labels: [52, 27, 2, 57, 33, 60, 31, 10, 44, 8, 41, 15, 28, 63, 22, 42, 13, 39, 18, 45, 30, 19, 35, 11, 49, 4, 38, 17, 32, 48, 40, 61, 20, 12, 54, 1, 50, 14, 37, 9, 25, 7, 47, 62, 24, 21, 53, 23, 5, 26, 43, 51, 29, 56, 34, 55, 3, 36, 58, 6, 59, 16, 46]
Correct solution
(w = 9) Building and Solving
Value Cyclic-Antibandwidth: 9
Labels: [59, 5, 34, 17, 45, 26, 36, 60, 46, 14, 29, 50, 11, 2, 13, 19, 37, 58, 44, 23, 53, 4, 32, 3, 22, 55, 18, 39, 52, 63, 27, 57, 28, 62, 33, 15, 51, 24, 35, 42, 7, 54, 38, 16, 56, 48, 9, 20, 30, 47, 6, 10, 49, 21, 40, 25, 8, 1, 12, 41, 31, 61, 43]
Correct solution
(w = 10) Building and Solving
Value Cyclic-Antibandwidth: 10
Labels: [40, 14, 28, 13, 44, 29, 60, 43, 21, 56, 34, 10, 46, 57, 17, 55, 37, 50, 33, 20, 47, 15, 36, 6, 59, 9, 27, 45, 8, 48, 35, 22, 61, 5, 26, 63, 18, 42, 3, 58, 30, 1, 19, 51, 11, 25, 2, 53, 23, 12, 38, 24, 49, 31, 54, 39, 4, 41, 16, 62, 32, 7, 52]
Correct solution
(w = 11) Building and Solving
Value Cyclic-Antibandwidth: 11
Labels: [40, 14, 28, 13, 44, 29, 60, 43, 21, 56, 34, 10, 46, 57, 17, 59, 37, 50, 33, 62, 47, 15, 36, 6, 20, 9, 27, 45, 8, 48, 35, 22, 61, 5, 26, 63, 18, 42, 3, 58, 30, 1, 19, 51, 11, 25, 2, 53, 23, 12, 38, 24, 49, 31, 54, 39, 4, 41, 16, 55, 32, 7, 52]
Correct solution
(w = 12) Building and Solving
Value Cyclic-Antibandwidth: 12
Labels: [40, 14, 28, 13, 44, 29, 60, 43, 21, 56, 34, 10, 23, 57, 17, 59, 37, 50, 33, 62, 47, 15, 36, 6, 46, 9, 27, 45, 8, 48, 35, 22, 61, 5, 26, 63, 18, 42, 3, 58, 30, 1, 19, 51, 11, 25, 2, 53, 31, 12, 38, 24, 49, 20, 54, 39, 4, 41, 16, 55, 32, 7, 52]
Correct solution
(w = 13) Building and Solving
Value Cyclic-Antibandwidth: 13
Labels: [40, 14, 28, 13, 44, 29, 60, 43, 2, 56, 34, 10, 23, 57, 17, 59, 37, 50, 33, 62, 47, 15, 36, 6, 46, 9, 27, 45, 8, 48, 35, 22, 61, 5, 26, 63, 18, 42, 3, 58, 30, 1, 19, 51, 11, 25, 39, 53, 31, 12, 38, 24, 49, 21, 54, 20, 4, 41, 16, 55, 32, 7, 52]
Correct solution
(w = 14) Building and Solving
Value Cyclic-Antibandwidth: 14
Labels: [40, 14, 28, 13, 44, 29, 62, 43, 21, 56, 34, 10, 31, 57, 17, 59, 37, 55, 33, 2, 47, 52, 36, 6, 50, 9, 27, 45, 60, 15, 48, 22, 61, 5, 26, 63, 18, 42, 3, 58, 30, 1, 19, 51, 11, 25, 8, 53, 35, 12, 38, 24, 49, 20, 54, 39, 4, 41, 16, 46, 32, 7, 23]
Correct solution
(w = 15) Building and Solving
Value Cyclic-Antibandwidth: 15
Labels: [40, 12, 28, 13, 44, 29, 2, 43, 21, 56, 34, 10, 31, 57, 17, 59, 37, 55, 33, 16, 47, 52, 36, 6, 35, 9, 27, 45, 60, 15, 48, 22, 61, 5, 26, 63, 18, 42, 3, 58, 30, 1, 19, 51, 11, 25, 8, 53, 14, 62, 38, 24, 49, 20, 54, 39, 4, 41, 23, 50, 32, 7, 46]
Correct solution
(w = 16) Building and Solving
Value Cyclic-Antibandwidth: 16
Labels: [18, 1, 19, 36, 55, 28, 6, 51, 32, 57, 12, 29, 53, 25, 2, 23, 43, 14, 58, 42, 61, 35, 52, 34, 54, 26, 3, 63, 47, 10, 31, 50, 5, 9, 41, 24, 60, 15, 46, 4, 49, 33, 56, 11, 27, 37, 21, 38, 7, 48, 30, 17, 44, 16, 62, 39, 13, 59, 22, 40, 8, 45, 20]
Correct solution
(w = 17) Building and Solving
Value Cyclic-Antibandwidth: 17
Labels: [20, 1, 18, 37, 55, 29, 6, 45, 14, 42, 13, 32, 4, 26, 3, 23, 43, 12, 58, 40, 61, 35, 52, 34, 54, 11, 53, 63, 36, 10, 31, 50, 15, 9, 41, 24, 60, 28, 46, 51, 5, 33, 56, 19, 2, 47, 21, 38, 7, 48, 30, 27, 44, 16, 57, 39, 17, 59, 22, 49, 8, 25, 62]
Correct solution
(w = 18) Building and Solving
Value Cyclic-Antibandwidth: 18
Labels: [41, 18, 61, 32, 13, 58, 27, 52, 8, 23, 60, 40, 22, 59, 39, 63, 35, 17, 62, 34, 16, 33, 15, 42, 24, 57, 38, 14, 43, 25, 56, 37, 19, 31, 12, 30, 11, 29, 10, 28, 9, 44, 26, 1, 45, 2, 46, 3, 47, 4, 48, 7, 51, 6, 50, 5, 49, 53, 20, 54, 21, 55, 36]
Correct solution
(w = 19) Building and Solving
Value Cyclic-Antibandwidth: 19
Labels: [25, 6, 47, 9, 28, 58, 34, 12, 40, 44, 2, 46, 26, 50, 18, 32, 59, 33, 62, 27, 63, 3, 42, 8, 29, 7, 41, 31, 61, 30, 10, 48, 22, 56, 36, 14, 53, 11, 35, 37, 17, 38, 57, 13, 55, 15, 51, 20, 52, 16, 49, 43, 1, 21, 60, 39, 19, 5, 24, 54, 23, 4, 45]
Correct solution
(w = 20) Building and Solving
Value Cyclic-Antibandwidth: 20
Labels: [60, 30, 6, 39, 18, 56, 19, 52, 14, 17, 38, 63, 22, 2, 23, 10, 53, 16, 59, 29, 61, 36, 15, 57, 32, 9, 31, 11, 43, 1, 44, 3, 24, 46, 5, 25, 47, 26, 48, 27, 50, 8, 49, 28, 51, 45, 7, 33, 13, 34, 54, 12, 55, 35, 4, 37, 58, 40, 20, 41, 21, 42, 62]
Correct solution
(w = 21) Building and Solving
Value Cyclic-Antibandwidth: 21
Labels: [54, 30, 61, 40, 18, 51, 11, 35, 6, 25, 3, 31, 53, 27, 56, 52, 29, 8, 41, 63, 22, 21, 57, 15, 36, 12, 42, 4, 43, 19, 44, 23, 46, 60, 39, 5, 47, 7, 48, 14, 49, 26, 58, 28, 50, 32, 10, 45, 9, 33, 2, 13, 34, 55, 16, 37, 1, 38, 17, 59, 24, 62, 20]
Correct solution
(w = 22) Building and Solving
Value Cyclic-Antibandwidth: 22
Labels: [42, 7, 31, 55, 32, 54, 25, 48, 8, 13, 52, 28, 6, 45, 22, 41, 9, 46, 16, 47, 14, 60, 20, 49, 11, 34, 12, 30, 2, 29, 61, 38, 62, 59, 35, 57, 23, 51, 18, 26, 4, 44, 17, 53, 19, 63, 39, 3, 43, 10, 40, 21, 50, 27, 1, 33, 5, 37, 15, 56, 24, 58, 36]
Correct solution
(w = 23) Building and Solving
Value Cyclic-Antibandwidth: 23
Labels: [35, 12, 52, 16, 40, 3, 43, 11, 38, 59, 20, 50, 19, 57, 25, 37, 60, 21, 51, 28, 4, 22, 47, 8, 44, 10, 48, 56, 33, 9, 42, 13, 45, 2, 31, 54, 14, 41, 18, 26, 49, 15, 55, 24, 58, 17, 53, 23, 46, 6, 30, 34, 1, 27, 63, 32, 7, 61, 29, 5, 39, 62, 36]
Correct solution
(w = 24) Building and Solving
Value Cyclic-Antibandwidth: 24
Labels: [44, 12, 49, 25, 54, 16, 41, 5, 38, 15, 51, 13, 52, 28, 62, 46, 19, 53, 14, 42, 11, 23, 47, 18, 57, 22, 61, 1, 40, 10, 34, 59, 21, 30, 6, 45, 17, 56, 27, 48, 20, 50, 26, 58, 32, 2, 29, 3, 35, 9, 39, 43, 4, 31, 55, 24, 60, 8, 37, 7, 33, 63, 36]
Correct solution
(w = 25) Building and Solving
Value Cyclic-Antibandwidth: 25
Labels: [51, 22, 57, 28, 59, 31, 2, 36, 63, 13, 45, 15, 43, 9, 46, 60, 23, 61, 33, 7, 40, 19, 49, 24, 50, 14, 39, 3, 41, 10, 35, 5, 30, 27, 53, 16, 48, 18, 52, 6, 44, 17, 55, 29, 62, 32, 58, 21, 47, 11, 42, 1, 26, 56, 25, 54, 20, 34, 8, 38, 12, 37, 4]
Correct solution
(w = 26) Building and Solving
Value Cyclic-Antibandwidth: 26
Labels: [51, 25, 60, 31, 5, 33, 61, 27, 1, 16, 50, 14, 40, 10, 44, 59, 22, 57, 29, 55, 23, 30, 3, 39, 8, 41, 9, 58, 26, 62, 36, 4, 38, 42, 11, 48, 19, 54, 24, 2, 32, 63, 34, 7, 37, 35, 6, 43, 13, 46, 12, 53, 17, 52, 15, 45, 18, 28, 56, 20, 47, 21, 49]
Correct solution
(w = 27) Building and Solving
Value Cyclic-Antibandwidth: 27
Labels: [43, 12, 48, 19, 55, 26, 59, 31, 62, 7, 34, 3, 39, 4, 35, 42, 14, 41, 5, 37, 8, 13, 49, 20, 47, 11, 40, 46, 15, 45, 17, 53, 18, 25, 58, 22, 50, 23, 52, 54, 24, 51, 16, 44, 10, 32, 61, 30, 2, 38, 9, 1, 36, 63, 27, 57, 21, 29, 56, 28, 60, 33, 6]
Correct solution
(w = 28) Building and Solving
[runlim] sample:		19.5 time, 10.2 real, 175.1 MB
[runlim] sample:		49.5 time, 20.2 real, 214.9 MB
Value Cyclic-Antibandwidth: 28
Labels: [36, 7, 41, 13, 48, 18, 52, 23, 53, 2, 34, 63, 29, 1, 33, 35, 6, 38, 4, 39, 8, 9, 40, 5, 37, 3, 32, 44, 11, 42, 10, 45, 12, 20, 55, 22, 56, 27, 62, 47, 19, 49, 15, 43, 14, 21, 51, 17, 50, 16, 46, 57, 28, 59, 30, 61, 31, 25, 58, 24, 54, 26, 60]
Correct solution
(w = 29) Building and Solving
[runlim] sample:		78.8 time, 30.2 real, 192.9 MB
[runlim] sample:		101.3 time, 40.2 real, 192.9 MB
[runlim] sample:		121.3 time, 50.2 real, 192.9 MB
Value Cyclic-Antibandwidth: 29
Labels: [39, 6, 35, 1, 30, 59, 25, 54, 21, 10, 43, 11, 44, 14, 46, 40, 9, 42, 13, 47, 16, 5, 36, 7, 41, 12, 45, 33, 4, 38, 8, 37, 3, 60, 31, 63, 34, 2, 32, 29, 61, 27, 58, 28, 62, 57, 23, 52, 22, 56, 26, 20, 49, 19, 53, 24, 55, 50, 17, 51, 18, 48, 15]
Correct solution
(w = 30) Building and Solving
[runlim] sample:		146.2 time, 60.2 real, 191.0 MB
[runlim] sample:		176.2 time, 70.2 real, 191.0 MB
[runlim] sample:		206.2 time, 80.2 real, 191.0 MB
[runlim] sample:		236.2 time, 90.2 real, 205.5 MB
[runlim] sample:		266.2 time, 100.2 real, 201.1 MB
[runlim] sample:		296.2 time, 110.2 real, 201.1 MB
[runlim] sample:		326.2 time, 120.2 real, 201.1 MB
[runlim] sample:		355.3 time, 130.2 real, 202.9 MB
[runlim] sample:		375.3 time, 140.2 real, 202.9 MB
[runlim] sample:		395.3 time, 150.2 real, 206.8 MB
[runlim] sample:		415.3 time, 160.2 real, 206.8 MB
[runlim] sample:		435.2 time, 170.2 real, 206.8 MB
[runlim] sample:		455.2 time, 180.2 real, 206.8 MB
[runlim] sample:		475.2 time, 190.2 real, 195.4 MB
Cannot find soluion with w = 30
Final result: CAB = 29
Labels = [39, 6, 35, 1, 30, 59, 25, 54, 21, 10, 43, 11, 44, 14, 46, 40, 9, 42, 13, 47, 16, 5, 36, 7, 41, 12, 45, 33, 4, 38, 8, 37, 3, 60, 31, 63, 34, 2, 32, 29, 61, 27, 58, 28, 62, 57, 23, 52, 22, 56, 26, 20, 49, 19, 53, 24, 55, 50, 17, 51, 18, 48, 15]
[runlim] end:			Sat Nov  1 16:59:46 2025
[runlim] status:		ok
[runlim] result:		0
[runlim] children:		0
[runlim] real:			196.65 seconds
[runlim] time:			488.04 seconds
[runlim] space:			215.7 MB
[runlim] samples:		1964
