[runlim] version:		1.10
[runlim] time limit:		311040000 seconds
[runlim] real time limit:	1800 seconds
[runlim] space limit:		30000 MB
[runlim] argv[0]:		python3
[runlim] argv[1]:		model.py
[runlim] argv[2]:		C-bcspwr01.mtx.rnd
[runlim] start:			Fri Oct 10 10:53:24 2025
[runlim] main pid:		17802
Set parameter WLSAccessID
Set parameter WLSSecret
Set parameter LicenseID to value 2663665
Academic license 2663665 - for non-commercial use only - registered to tu___@vnu.edu.vn
Set parameter TimeLimit to value 1800
Academic license 2663665 - for non-commercial use only - registered to tu___@vnu.edu.vn
(w = 10) Value Cyclicantibandwidth: 10
Lables: [8, 28, 25, 32, 6, 35, 17, 11, 3, 15, 23, 20, 4, 34, 27, 2, 9, 14, 39, 24, 30, 21, 26, 13, 22, 37, 18, 31, 10, 19, 36, 29, 16, 7, 33, 12, 1, 5, 38]
(w = 10) Correct Cyclicantibandwidth
Set parameter TimeLimit to value 1800
Academic license 2663665 - for non-commercial use only - registered to tu___@vnu.edu.vn
(w = 11) Value Cyclicantibandwidth: 11
Lables: [19, 33, 23, 31, 26, 37, 28, 4, 14, 32, 15, 11, 21, 36, 22, 2, 3, 34, 6, 10, 5, 18, 29, 8, 30, 9, 13, 27, 20, 39, 1, 17, 25, 7, 35, 12, 24, 16, 38]
(w = 11) Correct Cyclicantibandwidth
Set parameter TimeLimit to value 1800
Academic license 2663665 - for non-commercial use only - registered to tu___@vnu.edu.vn
(w = 12) Value Cyclicantibandwidth: 12
Lables: [27, 28, 32, 9, 14, 7, 34, 4, 1, 6, 25, 33, 23, 31, 18, 3, 5, 35, 8, 10, 26, 22, 24, 19, 21, 17, 15, 29, 30, 2, 37, 20, 13, 38, 12, 16, 36, 39, 11]
(w = 12) Correct Cyclicantibandwidth
Set parameter TimeLimit to value 1800
Academic license 2663665 - for non-commercial use only - registered to tu___@vnu.edu.vn
(w = 13) Value Cyclicantibandwidth: 13
Lables: [13, 22, 24, 35, 17, 27, 11, 38, 3, 1, 8, 9, 16, 32, 15, 31, 25, 33, 20, 14, 2, 21, 12, 39, 29, 37, 5, 18, 10, 34, 30, 7, 19, 36, 23, 6, 28, 4, 26]
(w = 13) Correct Cyclicantibandwidth
Set parameter TimeLimit to value 1800
Academic license 2663665 - for non-commercial use only - registered to tu___@vnu.edu.vn
(w = 14) Not found solution with CAB = 14.
Final result: CAB = 13, Labels = [13, 22, 24, 35, 17, 27, 11, 38, 3, 1, 8, 9, 16, 32, 15, 31, 25, 33, 20, 14, 2, 21, 12, 39, 29, 37, 5, 18, 10, 34, 30, 7, 19, 36, 23, 6, 28, 4, 26]
Real time: 1.5995254516601562 seconds
[runlim] end:			Fri Oct 10 10:53:26 2025
[runlim] status:		ok
[runlim] result:		0
[runlim] children:		0
[runlim] real:			2.57 seconds
[runlim] time:			2.29 seconds
[runlim] space:			72.2 MB
[runlim] samples:		16
