[runlim] version:		1.10
[runlim] time limit:		311040000 seconds
[runlim] real time limit:	1800 seconds
[runlim] space limit:		30000 MB
[runlim] argv[0]:		python3
[runlim] argv[1]:		model.py
[runlim] argv[2]:		E-bcspwr02.mtx.rnd
[runlim] start:			Fri Oct 10 10:53:47 2025
[runlim] main pid:		17908
Set parameter WLSAccessID
Set parameter WLSSecret
Set parameter LicenseID to value 2663665
Academic license 2663665 - for non-commercial use only - registered to tu___@vnu.edu.vn
Set parameter TimeLimit to value 1800
Academic license 2663665 - for non-commercial use only - registered to tu___@vnu.edu.vn
(w = 13) Value Cyclicantibandwidth: 13
Lables: [34, 40, 8, 44, 3, 35, 25, 32, 23, 18, 45, 28, 13, 31, 15, 29, 26, 33, 30, 39, 9, 41, 27, 20, 5, 17, 38, 11, 6, 21, 42, 12, 1, 37, 46, 49, 48, 22, 7, 14, 36, 10, 4, 43, 47, 2, 24, 16, 19]
(w = 13) Correct Cyclicantibandwidth
Set parameter TimeLimit to value 1800
Academic license 2663665 - for non-commercial use only - registered to tu___@vnu.edu.vn
(w = 14) Value Cyclicantibandwidth: 14
Lables: [15, 43, 41, 24, 32, 29, 49, 17, 19, 10, 44, 20, 36, 39, 25, 28, 22, 34, 2, 9, 45, 5, 46, 18, 37, 31, 21, 6, 47, 40, 30, 35, 4, 3, 11, 12, 7, 33, 42, 26, 48, 14, 16, 1, 13, 8, 38, 27, 23]
(w = 14) Correct Cyclicantibandwidth
Set parameter TimeLimit to value 1800
Academic license 2663665 - for non-commercial use only - registered to tu___@vnu.edu.vn
(w = 15) Value Cyclicantibandwidth: 15
Lables: [23, 27, 10, 44, 13, 20, 22, 37, 24, 5, 32, 31, 8, 35, 18, 30, 43, 45, 39, 9, 14, 3, 36, 25, 26, 21, 38, 11, 48, 40, 15, 7, 1, 46, 47, 41, 42, 28, 49, 16, 34, 4, 6, 33, 12, 2, 29, 19, 17]
(w = 15) Correct Cyclicantibandwidth
Set parameter TimeLimit to value 1800
Academic license 2663665 - for non-commercial use only - registered to tu___@vnu.edu.vn
(w = 16) Value Cyclicantibandwidth: 16
Lables: [6, 23, 27, 45, 48, 47, 34, 24, 5, 44, 32, 25, 49, 22, 7, 9, 10, 46, 33, 42, 40, 43, 30, 16, 26, 17, 18, 28, 38, 21, 13, 2, 35, 31, 29, 20, 37, 8, 41, 4, 19, 14, 1, 36, 3, 39, 12, 11, 15]
(w = 16) Correct Cyclicantibandwidth
Set parameter TimeLimit to value 1800
Academic license 2663665 - for non-commercial use only - registered to tu___@vnu.edu.vn
(w = 17) Not found solution with CAB = 17.
Final result: CAB = 16, Labels = [6, 23, 27, 45, 48, 47, 34, 24, 5, 44, 32, 25, 49, 22, 7, 9, 10, 46, 33, 42, 40, 43, 30, 16, 26, 17, 18, 28, 38, 21, 13, 2, 35, 31, 29, 20, 37, 8, 41, 4, 19, 14, 1, 36, 3, 39, 12, 11, 15]
Real time: 5.370006799697876 seconds
[runlim] end:			Fri Oct 10 10:53:53 2025
[runlim] status:		ok
[runlim] result:		0
[runlim] children:		0
[runlim] real:			6.19 seconds
[runlim] time:			10.06 seconds
[runlim] space:			191.6 MB
[runlim] samples:		54
