[runlim] version:		1.10
[runlim] time limit:		311040000 seconds
[runlim] real time limit:	1800 seconds
[runlim] space limit:		30000 MB
[runlim] argv[0]:		python3
[runlim] argv[1]:		model.py
[runlim] argv[2]:		H-impcol_b.mtx.rnd
[runlim] start:			Fri Oct 10 10:54:50 2025
[runlim] main pid:		18161
Set parameter WLSAccessID
Set parameter WLSSecret
Set parameter LicenseID to value 2663665
Academic license 2663665 - for non-commercial use only - registered to tu___@vnu.edu.vn
Set parameter TimeLimit to value 1800
Academic license 2663665 - for non-commercial use only - registered to tu___@vnu.edu.vn
(w = 6) Value Cyclicantibandwidth: 6
Lables: [46, 28, 30, 58, 3, 2, 25, 10, 7, 43, 41, 15, 38, 6, 4, 9, 57, 55, 23, 56, 14, 13, 11, 44, 5, 59, 16, 35, 53, 27, 51, 17, 34, 19, 18, 32, 12, 48, 8, 33, 50, 47, 49, 52, 22, 40, 37, 29, 54, 21, 26, 36, 1, 31, 39, 20, 24, 45, 42]
(w = 6) Correct Cyclicantibandwidth
Set parameter TimeLimit to value 1800
Academic license 2663665 - for non-commercial use only - registered to tu___@vnu.edu.vn
(w = 7) Value Cyclicantibandwidth: 7
Lables: [38, 39, 47, 29, 18, 17, 45, 1, 27, 26, 11, 34, 21, 20, 16, 19, 37, 36, 49, 42, 35, 4, 59, 32, 7, 28, 40, 57, 8, 55, 14, 52, 33, 48, 51, 46, 53, 43, 58, 12, 2, 3, 50, 31, 10, 15, 13, 56, 9, 24, 6, 23, 41, 54, 22, 5, 44, 30, 25]
(w = 7) Correct Cyclicantibandwidth
Set parameter TimeLimit to value 1800
Academic license 2663665 - for non-commercial use only - registered to tu___@vnu.edu.vn
[runlim] sample:		20.0 time, 10.2 real, 255.9 MB
[runlim] sample:		47.7 time, 20.2 real, 294.5 MB
(w = 8) Not found solution with CAB = 8.
Final result: CAB = 7, Labels = [38, 39, 47, 29, 18, 17, 45, 1, 27, 26, 11, 34, 21, 20, 16, 19, 37, 36, 49, 42, 35, 4, 59, 32, 7, 28, 40, 57, 8, 55, 14, 52, 33, 48, 51, 46, 53, 43, 58, 12, 2, 3, 50, 31, 10, 15, 13, 56, 9, 24, 6, 23, 41, 54, 22, 5, 44, 30, 25]
Real time: 25.801594734191895 seconds
[runlim] end:			Fri Oct 10 10:55:16 2025
[runlim] status:		ok
[runlim] result:		0
[runlim] children:		0
[runlim] real:			26.06 seconds
[runlim] time:			65.17 seconds
[runlim] space:			343.9 MB
[runlim] samples:		258
