[runlim] version:		1.10
[runlim] time limit:		311040000 seconds
[runlim] real time limit:	1800 seconds
[runlim] space limit:		30000 MB
[runlim] argv[0]:		python3
[runlim] argv[1]:		model.py
[runlim] argv[2]:		I-ash85.mtx.rnd
[runlim] start:			Fri Oct 10 10:55:16 2025
[runlim] main pid:		18284
Set parameter WLSAccessID
Set parameter WLSSecret
Set parameter LicenseID to value 2663665
Academic license 2663665 - for non-commercial use only - registered to tu___@vnu.edu.vn
Set parameter TimeLimit to value 1800
Academic license 2663665 - for non-commercial use only - registered to tu___@vnu.edu.vn
(w = 12) Value Cyclicantibandwidth: 12
Lables: [61, 67, 9, 72, 64, 35, 22, 47, 28, 73, 14, 16, 12, 13, 70, 3, 76, 11, 49, 59, 75, 20, 7, 79, 15, 29, 55, 46, 41, 4, 33, 42, 57, 56, 24, 66, 68, 71, 44, 53, 32, 27, 31, 82, 39, 62, 30, 45, 40, 1, 43, 77, 25, 37, 69, 6, 26, 34, 48, 23, 84, 58, 78, 19, 54, 81, 83, 65, 5, 8, 74, 18, 17, 38, 85, 80, 51, 10, 60, 36, 2, 52, 63, 50, 21]
(w = 12) Correct Cyclicantibandwidth
Set parameter TimeLimit to value 1800
Academic license 2663665 - for non-commercial use only - registered to tu___@vnu.edu.vn
(w = 13) Value Cyclicantibandwidth: 13
Lables: [54, 29, 80, 45, 85, 55, 40, 57, 78, 56, 43, 77, 60, 12, 82, 23, 37, 48, 35, 19, 4, 32, 75, 28, 31, 30, 58, 16, 34, 6, 2, 53, 50, 10, 73, 5, 17, 25, 83, 51, 72, 79, 74, 71, 33, 81, 9, 21, 26, 47, 44, 70, 64, 36, 15, 22, 68, 39, 14, 63, 13, 8, 49, 24, 69, 61, 7, 11, 3, 59, 20, 38, 65, 84, 62, 46, 42, 18, 52, 1, 67, 27, 41, 76, 66]
(w = 13) Correct Cyclicantibandwidth
Set parameter TimeLimit to value 1800
Academic license 2663665 - for non-commercial use only - registered to tu___@vnu.edu.vn
(w = 14) Value Cyclicantibandwidth: 14
Lables: [27, 28, 76, 46, 50, 53, 58, 52, 49, 6, 38, 57, 64, 14, 81, 26, 77, 18, 34, 45, 20, 29, 37, 30, 70, 31, 44, 16, 65, 82, 5, 54, 47, 10, 2, 4, 85, 24, 41, 51, 84, 22, 21, 75, 32, 74, 12, 17, 23, 80, 78, 19, 63, 15, 48, 83, 35, 67, 7, 56, 13, 9, 66, 39, 43, 60, 8, 11, 61, 79, 59, 36, 33, 71, 69, 62, 42, 72, 73, 1, 68, 40, 55, 25, 3]
(w = 14) Correct Cyclicantibandwidth
Set parameter TimeLimit to value 1800
Academic license 2663665 - for non-commercial use only - registered to tu___@vnu.edu.vn
(w = 15) Value Cyclicantibandwidth: 15
Lables: [5, 30, 79, 47, 76, 52, 44, 53, 50, 83, 38, 37, 48, 15, 66, 28, 80, 42, 25, 27, 22, 12, 36, 35, 75, 31, 62, 24, 58, 78, 40, 49, 41, 39, 70, 65, 82, 21, 59, 32, 51, 19, 72, 84, 13, 26, 11, 54, 23, 74, 77, 2, 56, 16, 7, 29, 8, 81, 17, 64, 20, 9, 55, 33, 34, 57, 6, 10, 71, 73, 45, 14, 60, 85, 68, 61, 46, 63, 69, 1, 67, 3, 43, 18, 4]
(w = 15) Correct Cyclicantibandwidth
Set parameter TimeLimit to value 1800
[runlim] sample:		10.2 time, 10.1 real, 151.8 MB
Academic license 2663665 - for non-commercial use only - registered to tu___@vnu.edu.vn
(w = 16) Value Cyclicantibandwidth: 16
Lables: [55, 47, 1, 20, 37, 78, 23, 80, 71, 73, 16, 69, 46, 27, 62, 56, 30, 43, 59, 8, 28, 36, 82, 58, 21, 66, 75, 68, 25, 49, 76, 44, 10, 6, 74, 24, 35, 54, 40, 57, 11, 45, 41, 85, 26, 64, 12, 33, 48, 50, 19, 13, 70, 15, 5, 77, 84, 29, 17, 42, 83, 3, 61, 34, 79, 60, 32, 18, 52, 53, 31, 22, 81, 9, 38, 67, 63, 39, 51, 7, 72, 2, 65, 14, 4]
(w = 16) Correct Cyclicantibandwidth
Set parameter TimeLimit to value 1800
Academic license 2663665 - for non-commercial use only - registered to tu___@vnu.edu.vn
[runlim] sample:		23.0 time, 20.1 real, 289.9 MB
[runlim] sample:		42.0 time, 30.1 real, 486.6 MB
(w = 17) Value Cyclicantibandwidth: 17
Lables: [76, 24, 31, 77, 36, 34, 32, 2, 66, 35, 58, 39, 79, 41, 8, 13, 4, 70, 74, 28, 27, 51, 44, 14, 18, 59, 68, 60, 47, 9, 38, 63, 65, 67, 45, 19, 16, 23, 78, 61, 82, 37, 69, 85, 21, 80, 22, 62, 17, 84, 49, 10, 83, 71, 20, 42, 43, 48, 73, 64, 55, 30, 5, 75, 72, 50, 40, 7, 15, 11, 26, 25, 53, 81, 29, 52, 46, 56, 3, 6, 1, 54, 12, 57, 33]
(w = 17) Correct Cyclicantibandwidth
Set parameter TimeLimit to value 1800
Academic license 2663665 - for non-commercial use only - registered to tu___@vnu.edu.vn
[runlim] sample:		62.4 time, 40.1 real, 494.0 MB
(w = 18) Value Cyclicantibandwidth: 18
Lables: [16, 48, 5, 26, 64, 71, 63, 40, 30, 54, 77, 79, 41, 3, 42, 44, 78, 57, 53, 21, 1, 47, 75, 23, 61, 22, 9, 82, 39, 32, 35, 60, 55, 66, 19, 4, 28, 18, 13, 24, 45, 17, 56, 67, 37, 31, 11, 52, 15, 58, 69, 10, 36, 51, 81, 38, 12, 84, 43, 46, 34, 8, 76, 49, 29, 2, 59, 25, 7, 65, 74, 20, 50, 70, 73, 72, 6, 83, 33, 27, 85, 68, 80, 14, 62]
(w = 18) Correct Cyclicantibandwidth
Set parameter TimeLimit to value 1800
Academic license 2663665 - for non-commercial use only - registered to tu___@vnu.edu.vn
[runlim] sample:		74.1 time, 50.1 real, 514.5 MB
(w = 19) Value Cyclicantibandwidth: 19
Lables: [4, 15, 10, 65, 80, 34, 55, 25, 81, 7, 45, 35, 24, 38, 32, 8, 2, 22, 9, 63, 66, 84, 37, 57, 68, 82, 36, 54, 1, 11, 48, 79, 23, 5, 3, 53, 12, 71, 74, 73, 19, 64, 83, 16, 61, 13, 59, 78, 70, 62, 58, 67, 44, 56, 43, 17, 51, 52, 31, 30, 26, 39, 40, 14, 21, 41, 6, 72, 46, 20, 77, 60, 33, 76, 29, 50, 49, 28, 18, 75, 42, 85, 47, 69, 27]
(w = 19) Correct Cyclicantibandwidth
Set parameter TimeLimit to value 1800
Academic license 2663665 - for non-commercial use only - registered to tu___@vnu.edu.vn
[runlim] sample:		88.2 time, 60.1 real, 537.3 MB
[runlim] sample:		117.5 time, 70.1 real, 642.3 MB
[runlim] sample:		147.0 time, 80.1 real, 647.7 MB
(w = 20) Value Cyclicantibandwidth: 20
Lables: [82, 16, 35, 42, 48, 66, 38, 9, 79, 76, 52, 50, 53, 39, 26, 83, 24, 64, 37, 43, 31, 22, 51, 15, 20, 7, 61, 21, 84, 5, 58, 85, 54, 69, 11, 27, 77, 29, 18, 6, 71, 74, 67, 70, 34, 23, 65, 75, 28, 59, 41, 3, 8, 30, 32, 25, 46, 49, 78, 56, 60, 19, 2, 33, 44, 14, 72, 12, 1, 63, 68, 47, 45, 80, 57, 55, 36, 17, 10, 81, 4, 73, 40, 13, 62]
(w = 20) Correct Cyclicantibandwidth
Set parameter TimeLimit to value 1800
Academic license 2663665 - for non-commercial use only - registered to tu___@vnu.edu.vn
[runlim] sample:		159.5 time, 90.1 real, 567.4 MB
[runlim] sample:		189.7 time, 100.1 real, 740.6 MB
[runlim] sample:		219.6 time, 110.1 real, 667.4 MB
[runlim] sample:		249.8 time, 120.1 real, 733.6 MB
[runlim] sample:		279.5 time, 130.1 real, 706.9 MB
[runlim] sample:		309.7 time, 140.1 real, 678.3 MB
[runlim] sample:		339.9 time, 150.1 real, 742.0 MB
[runlim] sample:		359.2 time, 160.1 real, 719.4 MB
[runlim] sample:		369.7 time, 170.1 real, 744.5 MB
[runlim] sample:		383.5 time, 180.1 real, 757.3 MB
[runlim] sample:		423.3 time, 190.1 real, 797.9 MB
[runlim] sample:		459.5 time, 200.1 real, 770.1 MB
[runlim] sample:		499.6 time, 210.1 real, 786.4 MB
[runlim] sample:		539.8 time, 220.1 real, 798.8 MB
[runlim] sample:		579.9 time, 230.1 real, 805.2 MB
[runlim] sample:		620.0 time, 240.1 real, 815.5 MB
[runlim] sample:		660.1 time, 250.1 real, 827.7 MB
[runlim] sample:		700.3 time, 260.1 real, 830.7 MB
[runlim] sample:		740.4 time, 270.1 real, 833.5 MB
[runlim] sample:		780.5 time, 280.1 real, 831.2 MB
[runlim] sample:		820.7 time, 290.1 real, 839.3 MB
[runlim] sample:		860.1 time, 300.1 real, 830.7 MB
[runlim] sample:		900.3 time, 310.1 real, 836.8 MB
[runlim] sample:		940.1 time, 320.1 real, 848.8 MB
[runlim] sample:		980.1 time, 330.1 real, 840.5 MB
[runlim] sample:		1020.3 time, 340.1 real, 853.4 MB
[runlim] sample:		1060.2 time, 350.1 real, 853.0 MB
[runlim] sample:		1100.3 time, 360.1 real, 864.4 MB
[runlim] sample:		1140.4 time, 370.1 real, 866.9 MB
[runlim] sample:		1180.6 time, 380.1 real, 868.7 MB
[runlim] sample:		1220.7 time, 390.1 real, 827.4 MB
[runlim] sample:		1260.8 time, 400.1 real, 876.3 MB
[runlim] sample:		1301.0 time, 410.1 real, 882.2 MB
[runlim] sample:		1339.0 time, 420.1 real, 885.9 MB
[runlim] sample:		1379.1 time, 430.1 real, 862.1 MB
[runlim] sample:		1419.2 time, 440.1 real, 860.7 MB
[runlim] sample:		1459.4 time, 450.1 real, 884.4 MB
[runlim] sample:		1498.4 time, 460.1 real, 849.3 MB
[runlim] sample:		1538.6 time, 470.1 real, 866.9 MB
[runlim] sample:		1578.4 time, 480.1 real, 897.7 MB
[runlim] sample:		1617.7 time, 490.1 real, 868.6 MB
[runlim] sample:		1657.8 time, 500.1 real, 869.0 MB
[runlim] sample:		1696.2 time, 510.1 real, 841.7 MB
[runlim] sample:		1736.4 time, 520.1 real, 885.4 MB
[runlim] sample:		1775.7 time, 530.1 real, 858.3 MB
[runlim] sample:		1815.8 time, 540.1 real, 868.1 MB
[runlim] sample:		1854.6 time, 550.1 real, 857.9 MB
[runlim] sample:		1894.8 time, 560.1 real, 869.1 MB
[runlim] sample:		1934.8 time, 570.1 real, 907.5 MB
[runlim] sample:		1974.5 time, 580.1 real, 886.3 MB
[runlim] sample:		2014.7 time, 590.1 real, 897.6 MB
[runlim] sample:		2053.3 time, 600.1 real, 898.6 MB
[runlim] sample:		2093.4 time, 610.1 real, 899.9 MB
[runlim] sample:		2133.4 time, 620.1 real, 847.1 MB
[runlim] sample:		2173.6 time, 630.1 real, 852.2 MB
[runlim] sample:		2209.4 time, 640.1 real, 825.1 MB
[runlim] sample:		2249.5 time, 650.1 real, 877.3 MB
[runlim] sample:		2289.6 time, 660.1 real, 905.0 MB
[runlim] sample:		2329.1 time, 670.1 real, 940.9 MB
[runlim] sample:		2369.3 time, 680.1 real, 941.2 MB
[runlim] sample:		2409.5 time, 690.1 real, 954.2 MB
[runlim] sample:		2442.0 time, 700.1 real, 901.0 MB
[runlim] sample:		2482.1 time, 710.1 real, 895.0 MB
[runlim] sample:		2521.8 time, 720.1 real, 942.7 MB
[runlim] sample:		2559.5 time, 730.1 real, 896.1 MB
[runlim] sample:		2599.6 time, 740.1 real, 913.3 MB
[runlim] sample:		2639.3 time, 750.1 real, 876.2 MB
[runlim] sample:		2679.4 time, 760.1 real, 891.0 MB
[runlim] sample:		2719.5 time, 770.1 real, 884.7 MB
[runlim] sample:		2758.7 time, 780.1 real, 919.1 MB
[runlim] sample:		2798.9 time, 790.1 real, 911.6 MB
[runlim] sample:		2839.0 time, 800.1 real, 930.0 MB
[runlim] sample:		2879.1 time, 810.1 real, 925.8 MB
[runlim] sample:		2919.2 time, 820.1 real, 933.0 MB
[runlim] sample:		2959.4 time, 830.1 real, 944.5 MB
[runlim] sample:		2999.5 time, 840.1 real, 941.0 MB
[runlim] sample:		3039.1 time, 850.1 real, 940.6 MB
[runlim] sample:		3079.2 time, 860.1 real, 945.9 MB
[runlim] sample:		3119.4 time, 870.1 real, 943.2 MB
[runlim] sample:		3158.1 time, 880.1 real, 943.0 MB
[runlim] sample:		3198.2 time, 890.1 real, 930.7 MB
[runlim] sample:		3238.4 time, 900.1 real, 935.5 MB
[runlim] sample:		3277.1 time, 910.1 real, 946.2 MB
[runlim] sample:		3317.2 time, 920.1 real, 952.1 MB
[runlim] sample:		3357.3 time, 930.1 real, 947.6 MB
[runlim] sample:		3392.4 time, 940.1 real, 910.6 MB
[runlim] sample:		3432.6 time, 950.1 real, 909.0 MB
[runlim] sample:		3472.8 time, 960.1 real, 915.0 MB
[runlim] sample:		3503.4 time, 970.1 real, 962.5 MB
[runlim] sample:		3514.2 time, 980.1 real, 948.7 MB
[runlim] sample:		3524.8 time, 990.1 real, 948.7 MB
[runlim] sample:		3545.8 time, 1000.1 real, 964.9 MB
[runlim] sample:		3558.8 time, 1010.1 real, 988.3 MB
[runlim] sample:		3569.5 time, 1020.1 real, 988.3 MB
[runlim] sample:		3580.1 time, 1030.1 real, 988.3 MB
[runlim] sample:		3590.8 time, 1040.1 real, 988.3 MB
[runlim] sample:		3601.5 time, 1050.1 real, 988.3 MB
[runlim] sample:		3612.2 time, 1060.1 real, 988.3 MB
[runlim] sample:		3622.9 time, 1070.1 real, 988.3 MB
[runlim] sample:		3633.6 time, 1080.1 real, 988.3 MB
[runlim] sample:		3644.2 time, 1090.1 real, 988.3 MB
[runlim] sample:		3654.8 time, 1100.1 real, 988.3 MB
[runlim] sample:		3665.4 time, 1110.1 real, 988.3 MB
[runlim] sample:		3676.1 time, 1120.1 real, 988.3 MB
[runlim] sample:		3706.0 time, 1130.1 real, 989.6 MB
[runlim] sample:		3736.3 time, 1140.1 real, 1210.7 MB
[runlim] sample:		3766.5 time, 1150.1 real, 1328.9 MB
[runlim] sample:		3796.8 time, 1160.1 real, 1257.5 MB
[runlim] sample:		3827.1 time, 1170.1 real, 1233.2 MB
[runlim] sample:		3855.9 time, 1180.1 real, 1367.2 MB
[runlim] sample:		3881.7 time, 1190.1 real, 1110.6 MB
[runlim] sample:		3912.0 time, 1200.1 real, 1371.2 MB
[runlim] sample:		3942.2 time, 1210.1 real, 1221.8 MB
[runlim] sample:		3972.5 time, 1220.1 real, 1040.7 MB
[runlim] sample:		4002.8 time, 1230.1 real, 1040.7 MB
[runlim] sample:		4033.1 time, 1240.1 real, 1276.9 MB
[runlim] sample:		4063.3 time, 1250.1 real, 1207.4 MB
[runlim] sample:		4093.6 time, 1260.1 real, 1143.6 MB
[runlim] sample:		4123.9 time, 1270.1 real, 1046.2 MB
[runlim] sample:		4154.1 time, 1280.1 real, 1046.2 MB
[runlim] sample:		4184.4 time, 1290.1 real, 1046.2 MB
[runlim] sample:		4214.6 time, 1300.1 real, 1132.6 MB
[runlim] sample:		4244.9 time, 1310.1 real, 1046.2 MB
[runlim] sample:		4275.1 time, 1320.1 real, 1046.2 MB
[runlim] sample:		4305.4 time, 1330.1 real, 1046.2 MB
[runlim] sample:		4335.7 time, 1340.1 real, 1046.2 MB
[runlim] sample:		4366.0 time, 1350.1 real, 1227.7 MB
[runlim] sample:		4396.3 time, 1360.1 real, 991.0 MB
[runlim] sample:		4426.6 time, 1370.1 real, 1285.8 MB
[runlim] sample:		4456.9 time, 1380.1 real, 1042.7 MB
[runlim] sample:		4487.1 time, 1390.1 real, 1042.7 MB
[runlim] sample:		4517.4 time, 1400.1 real, 1042.7 MB
[runlim] sample:		4547.6 time, 1410.1 real, 1074.5 MB
[runlim] sample:		4577.9 time, 1420.1 real, 1286.8 MB
[runlim] sample:		4608.2 time, 1430.1 real, 1045.2 MB
[runlim] sample:		4638.5 time, 1440.1 real, 1045.2 MB
[runlim] sample:		4668.8 time, 1450.1 real, 1045.2 MB
[runlim] sample:		4699.1 time, 1460.1 real, 1045.2 MB
[runlim] sample:		4729.4 time, 1470.1 real, 1382.8 MB
[runlim] sample:		4759.7 time, 1480.1 real, 1045.2 MB
[runlim] sample:		4790.0 time, 1490.1 real, 1396.3 MB
[runlim] sample:		4820.3 time, 1500.1 real, 1045.2 MB
[runlim] sample:		4850.6 time, 1510.1 real, 1045.2 MB
[runlim] sample:		4881.0 time, 1520.1 real, 1045.2 MB
[runlim] sample:		4911.3 time, 1530.1 real, 1045.2 MB
[runlim] sample:		4941.6 time, 1540.1 real, 1396.3 MB
[runlim] sample:		4971.9 time, 1550.1 real, 1045.2 MB
[runlim] sample:		5002.2 time, 1560.1 real, 1045.2 MB
[runlim] sample:		5032.5 time, 1570.1 real, 1045.2 MB
[runlim] sample:		5062.9 time, 1580.1 real, 1045.2 MB
[runlim] sample:		5093.1 time, 1590.1 real, 1393.2 MB
[runlim] sample:		5123.4 time, 1600.1 real, 1104.1 MB
[runlim] sample:		5153.7 time, 1610.1 real, 1309.5 MB
[runlim] sample:		5184.0 time, 1620.1 real, 1045.5 MB
[runlim] sample:		5214.3 time, 1630.1 real, 1045.5 MB
[runlim] sample:		5244.5 time, 1640.1 real, 1045.5 MB
[runlim] sample:		5274.8 time, 1650.1 real, 1159.8 MB
[runlim] sample:		5305.1 time, 1660.1 real, 1045.5 MB
[runlim] sample:		5335.3 time, 1670.1 real, 1045.5 MB
[runlim] sample:		5365.6 time, 1680.1 real, 1045.5 MB
[runlim] sample:		5395.9 time, 1690.1 real, 1045.5 MB
[runlim] sample:		5426.2 time, 1700.1 real, 1082.2 MB
[runlim] sample:		5456.4 time, 1710.1 real, 1173.8 MB
[runlim] sample:		5486.6 time, 1720.1 real, 1045.8 MB
[runlim] sample:		5516.9 time, 1730.1 real, 1045.8 MB
[runlim] sample:		5547.2 time, 1740.1 real, 1045.8 MB
[runlim] sample:		5577.4 time, 1750.1 real, 1045.8 MB
[runlim] sample:		5607.6 time, 1760.1 real, 1107.0 MB
[runlim] sample:		5637.9 time, 1770.1 real, 1045.8 MB
[runlim] sample:		5668.2 time, 1780.1 real, 1045.8 MB
[runlim] sample:		5698.4 time, 1790.1 real, 1045.8 MB
[runlim] sample:		5728.6 time, 1800.1 real, 1184.0 MB
[runlim] end:			Fri Oct 10 11:25:16 2025
[runlim] status:		out of time
[runlim] result:		2
[runlim] children:		0
[runlim] real:			1800.09 seconds
[runlim] time:			5728.64 seconds
[runlim] space:			1550.4 MB
[runlim] samples:		18000
