[runlim] version:		1.10
[runlim] time limit:		311040000 seconds
[runlim] real time limit:	1800 seconds
[runlim] space limit:		30000 MB
[runlim] argv[0]:		python3
[runlim] argv[1]:		model.py
[runlim] argv[2]:		M-bcsstk06.mtx.rnd
[runlim] start:			Fri Oct 10 12:52:34 2025
[runlim] main pid:		37011
Set parameter WLSAccessID
Set parameter WLSSecret
Set parameter LicenseID to value 2663665
Academic license 2663665 - for non-commercial use only - registered to tu___@vnu.edu.vn
Set parameter TimeLimit to value 1800
[runlim] sample:		10.2 time, 10.9 real, 197.2 MB
[runlim] sample:		20.3 time, 20.9 real, 307.4 MB
[runlim] sample:		30.5 time, 30.9 real, 412.7 MB
[runlim] sample:		40.7 time, 40.9 real, 504.9 MB
[runlim] sample:		50.9 time, 50.9 real, 604.0 MB
[runlim] sample:		61.0 time, 60.9 real, 706.5 MB
[runlim] sample:		71.2 time, 70.9 real, 805.0 MB
[runlim] sample:		81.4 time, 80.9 real, 903.7 MB
[runlim] sample:		91.5 time, 90.9 real, 1001.3 MB
Academic license 2663665 - for non-commercial use only - registered to tu___@vnu.edu.vn
(w = 16) Value Cyclicantibandwidth: 16
Lables: [208, 308, 382, 151, 126, 80, 56, 187, 181, 112, 70, 194, 342, 110, 117, 253, 28, 331, 407, 109, 211, 4, 249, 129, 355, 329, 260, 15, 387, 268, 273, 315, 338, 337, 77, 141, 357, 317, 108, 124, 414, 202, 391, 291, 177, 55, 9, 233, 303, 180, 267, 264, 88, 95, 66, 159, 170, 274, 118, 201, 334, 417, 94, 305, 134, 394, 58, 85, 173, 199, 99, 396, 72, 38, 113, 192, 379, 121, 229, 366, 128, 12, 52, 68, 344, 333, 316, 239, 248, 122, 302, 197, 409, 376, 374, 279, 419, 397, 44, 115, 401, 359, 37, 236, 49, 156, 120, 402, 74, 47, 16, 242, 336, 133, 410, 232, 140, 325, 71, 83, 200, 146, 244, 405, 65, 131, 183, 383, 347, 46, 43, 230, 351, 321, 142, 92, 213, 166, 82, 280, 257, 406, 24, 222, 91, 176, 104, 21, 272, 123, 32, 301, 250, 270, 62, 184, 287, 20, 191, 356, 216, 220, 10, 86, 149, 1, 293, 228, 240, 312, 168, 281, 400, 26, 327, 169, 255, 7, 340, 185, 224, 135, 36, 178, 420, 234, 403, 328, 243, 132, 384, 147, 157, 209, 161, 107, 292, 285, 212, 389, 399, 23, 358, 182, 284, 33, 30, 368, 294, 103, 41, 252, 14, 106, 227, 193, 218, 283, 307, 238, 261, 111, 127, 362, 339, 17, 289, 380, 204, 390, 39, 54, 348, 64, 130, 144, 393, 73, 277, 271, 101, 98, 148, 143, 102, 219, 175, 138, 18, 35, 215, 152, 25, 385, 179, 332, 48, 263, 324, 378, 223, 361, 2, 45, 381, 388, 59, 63, 360, 198, 375, 392, 105, 53, 19, 27, 320, 349, 51, 172, 282, 364, 89, 188, 319, 31, 137, 75, 162, 100, 84, 231, 322, 304, 404, 245, 276, 318, 299, 269, 412, 323, 153, 93, 81, 341, 306, 275, 154, 116, 29, 313, 265, 206, 6, 158, 298, 226, 256, 139, 163, 398, 311, 61, 67, 164, 415, 125, 42, 87, 309, 259, 225, 210, 205, 363, 76, 8, 418, 50, 290, 352, 167, 416, 353, 330, 165, 57, 78, 346, 34, 395, 369, 217, 386, 326, 286, 237, 13, 155, 221, 246, 195, 119, 372, 343, 247, 96, 377, 160, 171, 258, 207, 190, 413, 40, 350, 69, 411, 251, 150, 214, 189, 174, 354, 370, 79, 278, 314, 11, 345, 371, 365, 136, 196, 5, 145, 266, 254, 3, 235, 367, 262, 114, 296, 203, 97, 300, 90, 335, 288, 22, 186, 60, 310, 295, 408, 297, 373, 241]
(w = 16) Correct Cyclicantibandwidth
Set parameter TimeLimit to value 1800
[runlim] sample:		101.7 time, 100.9 real, 2430.1 MB
[runlim] sample:		111.9 time, 110.9 real, 2551.5 MB
[runlim] sample:		122.0 time, 120.9 real, 2639.8 MB
[runlim] sample:		132.2 time, 130.9 real, 2729.5 MB
[runlim] sample:		142.4 time, 140.9 real, 2821.4 MB
[runlim] sample:		152.6 time, 150.9 real, 2931.8 MB
[runlim] sample:		162.8 time, 160.9 real, 3024.8 MB
[runlim] sample:		172.9 time, 170.9 real, 3149.3 MB
[runlim] sample:		183.1 time, 180.9 real, 3234.7 MB
[runlim] sample:		193.2 time, 190.9 real, 3331.8 MB
[runlim] sample:		203.4 time, 200.9 real, 3465.9 MB
Academic license 2663665 - for non-commercial use only - registered to tu___@vnu.edu.vn
(w = 17) Value Cyclicantibandwidth: 17
Lables: [164, 308, 261, 151, 354, 80, 60, 187, 181, 338, 102, 194, 192, 110, 117, 373, 28, 272, 155, 14, 217, 4, 249, 5, 363, 137, 260, 15, 42, 377, 273, 27, 416, 337, 77, 235, 258, 317, 120, 124, 31, 202, 391, 291, 177, 266, 9, 315, 303, 3, 366, 264, 88, 95, 66, 159, 170, 274, 118, 201, 334, 417, 94, 305, 132, 394, 58, 85, 184, 197, 99, 365, 72, 84, 89, 237, 287, 121, 153, 304, 148, 47, 206, 218, 344, 342, 316, 239, 169, 122, 302, 128, 409, 376, 389, 233, 419, 397, 44, 165, 400, 359, 37, 236, 332, 378, 61, 402, 74, 226, 16, 242, 158, 199, 410, 232, 364, 281, 71, 83, 211, 146, 244, 300, 65, 131, 183, 383, 347, 234, 43, 156, 7, 225, 142, 92, 407, 204, 82, 280, 257, 406, 29, 223, 91, 176, 298, 69, 38, 279, 32, 301, 250, 270, 62, 265, 414, 20, 191, 129, 216, 220, 10, 86, 149, 1, 293, 268, 240, 349, 299, 390, 8, 26, 327, 166, 255, 11, 340, 109, 368, 135, 36, 178, 420, 294, 115, 328, 168, 108, 384, 147, 6, 209, 161, 107, 222, 285, 312, 267, 399, 198, 45, 182, 35, 33, 30, 114, 361, 54, 360, 286, 329, 40, 321, 193, 358, 104, 68, 238, 408, 111, 127, 275, 339, 17, 289, 380, 241, 245, 39, 404, 388, 175, 130, 411, 393, 73, 252, 271, 101, 98, 21, 55, 210, 381, 396, 138, 18, 186, 215, 343, 75, 229, 152, 12, 251, 263, 324, 174, 167, 67, 228, 56, 224, 144, 59, 63, 369, 283, 375, 207, 105, 24, 52, 103, 81, 172, 51, 113, 282, 200, 246, 188, 319, 190, 133, 326, 162, 100, 398, 231, 322, 307, 401, 311, 336, 331, 179, 269, 412, 323, 278, 93, 320, 310, 277, 46, 145, 126, 57, 219, 25, 314, 385, 296, 185, 379, 256, 70, 150, 248, 403, 157, 154, 370, 367, 125, 22, 355, 309, 259, 139, 208, 205, 41, 76, 356, 372, 50, 290, 352, 34, 371, 353, 171, 345, 123, 78, 346, 387, 96, 330, 221, 386, 351, 392, 333, 243, 213, 134, 295, 13, 119, 292, 382, 247, 297, 325, 160, 195, 318, 276, 253, 415, 395, 335, 306, 413, 189, 79, 214, 141, 180, 313, 48, 203, 227, 116, 87, 418, 49, 136, 140, 362, 212, 23, 53, 112, 143, 374, 19, 288, 357, 97, 196, 90, 2, 173, 341, 350, 64, 106, 284, 163, 405, 262, 254, 348, 230]
(w = 17) Correct Cyclicantibandwidth
Set parameter TimeLimit to value 1800
[runlim] sample:		213.5 time, 210.9 real, 2667.3 MB
[runlim] sample:		223.7 time, 220.9 real, 2764.3 MB
[runlim] sample:		233.8 time, 230.9 real, 2851.8 MB
[runlim] sample:		244.0 time, 240.9 real, 2938.6 MB
[runlim] sample:		254.1 time, 250.9 real, 3025.3 MB
[runlim] sample:		264.3 time, 260.9 real, 3112.9 MB
[runlim] sample:		274.5 time, 270.9 real, 3199.4 MB
[runlim] sample:		284.7 time, 280.9 real, 3323.4 MB
[runlim] sample:		294.9 time, 290.9 real, 3414.1 MB
[runlim] sample:		305.1 time, 300.9 real, 3503.3 MB
[runlim] sample:		315.2 time, 310.9 real, 3588.1 MB
Academic license 2663665 - for non-commercial use only - registered to tu___@vnu.edu.vn
(w = 18) Value Cyclicantibandwidth: 18
Lables: [208, 395, 261, 151, 217, 80, 49, 187, 181, 292, 102, 167, 170, 110, 117, 356, 28, 164, 155, 67, 211, 4, 249, 27, 359, 83, 260, 15, 35, 367, 273, 315, 38, 337, 77, 414, 229, 317, 108, 124, 357, 411, 375, 313, 177, 55, 9, 218, 173, 3, 342, 264, 88, 101, 66, 159, 322, 275, 118, 377, 334, 42, 94, 305, 383, 166, 58, 85, 188, 197, 99, 386, 72, 84, 89, 17, 172, 301, 154, 366, 128, 122, 206, 390, 286, 235, 316, 239, 268, 76, 374, 153, 351, 376, 190, 304, 419, 277, 233, 115, 401, 345, 327, 150, 332, 237, 61, 402, 74, 338, 16, 168, 132, 276, 100, 232, 32, 325, 73, 148, 391, 146, 142, 314, 127, 131, 194, 223, 347, 244, 43, 231, 7, 225, 144, 227, 133, 204, 82, 31, 257, 406, 92, 339, 91, 192, 298, 21, 388, 279, 331, 309, 250, 270, 62, 274, 287, 23, 191, 129, 216, 220, 255, 86, 203, 1, 230, 201, 240, 349, 370, 405, 400, 40, 183, 169, 228, 11, 210, 175, 368, 104, 39, 417, 420, 290, 403, 328, 241, 70, 65, 147, 12, 409, 161, 107, 384, 285, 312, 267, 399, 198, 45, 280, 308, 397, 30, 114, 361, 162, 41, 295, 14, 47, 123, 193, 209, 60, 156, 238, 36, 111, 120, 253, 182, 247, 289, 382, 307, 75, 135, 354, 283, 394, 130, 2, 98, 179, 407, 271, 281, 372, 109, 410, 29, 381, 180, 138, 18, 186, 215, 199, 365, 243, 266, 10, 121, 263, 324, 174, 106, 272, 219, 56, 224, 71, 59, 176, 143, 364, 362, 320, 294, 222, 291, 336, 378, 346, 344, 113, 350, 200, 6, 265, 319, 353, 137, 373, 90, 163, 158, 145, 303, 68, 212, 149, 310, 393, 293, 24, 171, 323, 278, 93, 300, 341, 379, 46, 387, 126, 299, 318, 25, 19, 119, 152, 51, 26, 256, 139, 213, 251, 311, 355, 34, 136, 392, 54, 196, 87, 343, 259, 302, 297, 202, 363, 195, 8, 321, 50, 116, 306, 245, 96, 236, 165, 134, 380, 412, 226, 389, 69, 97, 205, 52, 125, 396, 242, 13, 284, 221, 103, 189, 335, 112, 258, 333, 57, 282, 207, 184, 269, 252, 140, 415, 404, 330, 360, 78, 329, 385, 214, 141, 53, 234, 288, 371, 185, 352, 48, 5, 79, 22, 37, 157, 418, 105, 358, 326, 33, 248, 340, 246, 408, 416, 63, 178, 413, 81, 398, 348, 20, 44, 262, 296, 95, 369, 64, 254, 160]
(w = 18) Correct Cyclicantibandwidth
Set parameter TimeLimit to value 1800
[runlim] sample:		325.4 time, 320.9 real, 2792.2 MB
[runlim] sample:		335.6 time, 330.9 real, 2866.2 MB
[runlim] sample:		345.8 time, 340.9 real, 2976.8 MB
[runlim] sample:		356.0 time, 350.9 real, 3061.7 MB
[runlim] sample:		366.2 time, 360.9 real, 3145.6 MB
[runlim] sample:		376.4 time, 370.9 real, 3232.6 MB
[runlim] sample:		386.6 time, 380.9 real, 3318.3 MB
[runlim] sample:		396.8 time, 390.9 real, 3403.7 MB
[runlim] sample:		406.9 time, 400.9 real, 3499.0 MB
[runlim] sample:		417.1 time, 410.9 real, 3584.7 MB
[runlim] sample:		427.3 time, 420.9 real, 3681.3 MB
[runlim] sample:		437.5 time, 430.9 real, 3810.2 MB
Academic license 2663665 - for non-commercial use only - registered to tu___@vnu.edu.vn
(w = 19) Value Cyclicantibandwidth: 19
Lables: [208, 308, 272, 155, 217, 80, 117, 346, 293, 292, 92, 372, 374, 270, 122, 334, 367, 324, 162, 97, 211, 4, 382, 257, 355, 329, 260, 319, 42, 139, 322, 315, 15, 337, 276, 123, 377, 325, 390, 124, 31, 202, 10, 24, 393, 55, 414, 301, 303, 3, 340, 264, 88, 102, 70, 19, 295, 268, 118, 378, 332, 52, 338, 305, 168, 96, 54, 173, 184, 193, 99, 386, 375, 274, 267, 37, 283, 199, 89, 366, 128, 47, 206, 218, 344, 235, 164, 239, 23, 411, 368, 196, 87, 412, 182, 233, 371, 316, 215, 288, 401, 359, 60, 405, 299, 156, 61, 392, 74, 226, 16, 159, 160, 152, 250, 232, 364, 258, 78, 256, 49, 146, 318, 83, 345, 131, 183, 26, 347, 244, 230, 228, 7, 225, 144, 8, 11, 204, 326, 30, 251, 406, 227, 240, 27, 157, 298, 245, 38, 396, 408, 384, 277, 263, 115, 265, 287, 73, 191, 343, 216, 220, 241, 86, 149, 20, 130, 201, 360, 349, 28, 261, 400, 45, 187, 169, 317, 311, 129, 109, 153, 81, 36, 190, 64, 294, 403, 328, 100, 108, 289, 147, 9, 236, 167, 107, 300, 285, 170, 21, 399, 198, 178, 350, 69, 120, 84, 114, 361, 85, 98, 286, 255, 330, 282, 35, 281, 327, 104, 177, 192, 111, 280, 269, 310, 247, 416, 397, 290, 252, 17, 57, 291, 175, 166, 309, 105, 179, 214, 271, 22, 354, 388, 407, 398, 376, 154, 138, 420, 186, 314, 413, 75, 229, 13, 356, 362, 127, 212, 135, 106, 67, 242, 110, 224, 71, 59, 351, 143, 29, 41, 101, 358, 44, 65, 336, 40, 348, 51, 56, 353, 200, 297, 48, 180, 339, 137, 369, 313, 94, 335, 304, 278, 195, 410, 158, 254, 33, 58, 72, 171, 323, 219, 370, 223, 341, 116, 119, 387, 132, 352, 213, 284, 419, 381, 134, 312, 395, 148, 125, 12, 2, 363, 231, 14, 331, 404, 62, 39, 103, 234, 259, 262, 321, 205, 253, 76, 391, 174, 43, 133, 140, 172, 18, 222, 383, 79, 165, 34, 209, 379, 68, 91, 417, 50, 389, 6, 93, 243, 1, 238, 63, 150, 207, 307, 181, 249, 415, 53, 113, 188, 185, 279, 145, 394, 409, 5, 357, 320, 246, 275, 306, 141, 112, 194, 25, 333, 66, 266, 176, 163, 136, 77, 380, 197, 418, 151, 142, 121, 203, 95, 302, 237, 385, 82, 273, 189, 221, 90, 402, 342, 126, 46, 248, 296, 373, 365, 161, 32, 210]
(w = 19) Correct Cyclicantibandwidth
Set parameter TimeLimit to value 1800
[runlim] sample:		447.7 time, 440.9 real, 2970.5 MB
[runlim] sample:		457.9 time, 450.9 real, 3053.0 MB
[runlim] sample:		468.1 time, 460.9 real, 3170.0 MB
[runlim] sample:		478.3 time, 470.9 real, 3254.1 MB
[runlim] sample:		488.5 time, 480.9 real, 3338.5 MB
[runlim] sample:		498.6 time, 490.9 real, 3422.2 MB
[runlim] sample:		508.9 time, 500.9 real, 3506.3 MB
[runlim] sample:		519.1 time, 510.9 real, 3590.0 MB
[runlim] sample:		529.3 time, 520.9 real, 3673.9 MB
[runlim] sample:		539.5 time, 530.9 real, 3757.2 MB
[runlim] sample:		549.7 time, 540.9 real, 3839.4 MB
[runlim] sample:		559.9 time, 550.9 real, 3923.5 MB
Academic license 2663665 - for non-commercial use only - registered to tu___@vnu.edu.vn
(w = 20) Value Cyclicantibandwidth: 20
Lables: [153, 308, 261, 195, 114, 132, 60, 187, 287, 338, 27, 209, 328, 98, 118, 199, 331, 38, 155, 65, 13, 120, 249, 171, 355, 76, 6, 22, 43, 235, 192, 133, 409, 333, 388, 16, 193, 39, 95, 61, 231, 202, 391, 165, 418, 107, 311, 53, 303, 310, 334, 265, 123, 163, 62, 357, 267, 207, 405, 378, 92, 88, 241, 313, 219, 227, 58, 85, 184, 236, 337, 394, 63, 330, 285, 17, 75, 121, 162, 19, 148, 26, 185, 10, 404, 137, 316, 242, 196, 105, 159, 284, 289, 340, 314, 233, 100, 276, 226, 145, 401, 260, 301, 396, 83, 156, 291, 364, 408, 243, 393, 164, 222, 122, 141, 225, 173, 277, 81, 130, 402, 295, 300, 407, 200, 135, 64, 33, 372, 180, 150, 223, 420, 168, 312, 73, 18, 204, 55, 179, 257, 197, 374, 206, 37, 149, 298, 50, 170, 275, 397, 247, 124, 270, 80, 268, 390, 324, 191, 177, 212, 221, 240, 106, 369, 5, 252, 72, 229, 144, 344, 281, 387, 362, 57, 44, 230, 2, 152, 416, 248, 12, 258, 238, 91, 306, 403, 320, 125, 108, 395, 147, 66, 321, 329, 203, 280, 264, 305, 77, 399, 198, 139, 14, 167, 41, 28, 54, 336, 142, 40, 271, 251, 332, 351, 32, 288, 290, 307, 239, 116, 111, 134, 9, 84, 36, 318, 380, 286, 79, 406, 186, 341, 349, 158, 304, 109, 213, 115, 181, 24, 345, 250, 183, 350, 377, 157, 131, 34, 194, 42, 379, 253, 214, 358, 326, 166, 323, 317, 101, 373, 346, 255, 383, 20, 127, 82, 384, 371, 283, 48, 417, 335, 21, 67, 51, 169, 348, 143, 354, 47, 201, 113, 244, 322, 216, 4, 146, 35, 129, 282, 103, 256, 78, 160, 278, 254, 297, 8, 110, 368, 315, 15, 309, 211, 178, 172, 210, 56, 175, 299, 1, 220, 205, 360, 292, 128, 136, 367, 23, 400, 412, 319, 217, 161, 97, 366, 59, 31, 71, 208, 259, 69, 382, 188, 74, 30, 352, 104, 89, 117, 410, 385, 347, 25, 269, 29, 176, 11, 189, 99, 232, 356, 7, 365, 272, 392, 266, 414, 294, 234, 361, 68, 52, 126, 274, 87, 293, 228, 386, 381, 70, 273, 339, 102, 327, 3, 353, 302, 263, 138, 343, 140, 49, 96, 174, 376, 279, 363, 46, 245, 359, 413, 182, 190, 375, 154, 262, 93, 45, 218, 237, 415, 389, 94, 325, 90, 224, 112, 419, 342, 296, 398, 246, 151, 119, 370, 411, 86, 215]
(w = 20) Correct Cyclicantibandwidth
Set parameter TimeLimit to value 1800
[runlim] sample:		570.1 time, 560.9 real, 3039.0 MB
[runlim] sample:		580.3 time, 570.9 real, 3118.3 MB
[runlim] sample:		590.5 time, 580.9 real, 3201.7 MB
[runlim] sample:		600.6 time, 590.9 real, 3286.8 MB
[runlim] sample:		610.8 time, 600.9 real, 3370.1 MB
[runlim] sample:		621.0 time, 610.9 real, 3454.8 MB
[runlim] sample:		631.2 time, 620.9 real, 3538.2 MB
[runlim] sample:		641.4 time, 630.9 real, 3621.0 MB
[runlim] sample:		651.5 time, 640.9 real, 3705.4 MB
[runlim] sample:		661.7 time, 650.9 real, 3807.3 MB
[runlim] sample:		671.9 time, 660.9 real, 3894.9 MB
[runlim] sample:		682.1 time, 670.9 real, 3979.0 MB
[runlim] sample:		692.3 time, 680.9 real, 4062.6 MB
Academic license 2663665 - for non-commercial use only - registered to tu___@vnu.edu.vn
(w = 21) Value Cyclicantibandwidth: 21
Lables: [70, 282, 261, 370, 217, 80, 110, 172, 181, 228, 175, 194, 397, 150, 113, 360, 96, 273, 319, 204, 298, 23, 249, 145, 101, 350, 260, 205, 42, 374, 281, 268, 147, 337, 220, 167, 384, 144, 120, 393, 31, 202, 391, 408, 294, 208, 7, 387, 22, 3, 263, 264, 50, 95, 66, 38, 303, 188, 398, 378, 322, 103, 84, 344, 132, 272, 58, 105, 177, 197, 99, 396, 71, 79, 141, 186, 88, 121, 164, 269, 410, 123, 242, 60, 341, 235, 307, 239, 231, 118, 274, 151, 409, 376, 97, 232, 390, 309, 112, 76, 83, 359, 15, 416, 69, 156, 61, 357, 87, 143, 16, 324, 237, 362, 35, 334, 297, 256, 81, 207, 244, 146, 135, 405, 119, 137, 335, 26, 85, 24, 43, 380, 418, 21, 226, 6, 304, 198, 82, 340, 257, 126, 363, 339, 98, 314, 299, 49, 407, 358, 412, 48, 277, 293, 417, 270, 411, 321, 106, 395, 170, 195, 241, 189, 149, 1, 318, 201, 184, 34, 377, 295, 5, 233, 140, 171, 230, 11, 27, 333, 155, 280, 224, 236, 420, 292, 214, 91, 169, 215, 315, 250, 162, 138, 209, 326, 29, 8, 338, 267, 392, 199, 45, 56, 57, 136, 285, 402, 379, 332, 94, 196, 251, 330, 288, 122, 127, 240, 64, 192, 399, 111, 367, 289, 312, 247, 287, 52, 372, 369, 44, 59, 351, 153, 406, 19, 115, 179, 222, 254, 345, 323, 73, 193, 51, 368, 403, 25, 361, 190, 255, 78, 63, 216, 191, 10, 348, 343, 349, 152, 161, 67, 301, 356, 173, 310, 55, 108, 46, 283, 375, 389, 90, 238, 39, 366, 180, 352, 327, 176, 252, 388, 306, 317, 347, 89, 125, 386, 320, 133, 128, 47, 271, 355, 65, 158, 290, 336, 302, 286, 182, 206, 221, 18, 223, 316, 364, 200, 328, 329, 129, 211, 262, 212, 365, 130, 37, 30, 258, 41, 9, 20, 381, 157, 14, 116, 346, 62, 291, 163, 104, 325, 68, 219, 203, 234, 245, 401, 32, 159, 107, 33, 248, 373, 227, 253, 243, 77, 12, 53, 382, 75, 40, 2, 383, 278, 305, 229, 13, 213, 246, 100, 225, 160, 394, 166, 218, 86, 284, 296, 187, 353, 275, 139, 183, 178, 4, 354, 413, 36, 134, 265, 74, 154, 114, 300, 371, 276, 124, 414, 165, 148, 342, 131, 117, 92, 415, 28, 54, 185, 93, 17, 259, 404, 109, 311, 279, 102, 419, 174, 331, 385, 142, 308, 313, 168, 72, 210, 266, 400]
(w = 21) Correct Cyclicantibandwidth
Set parameter TimeLimit to value 1800
[runlim] sample:		702.5 time, 690.9 real, 3193.7 MB
[runlim] sample:		712.7 time, 700.9 real, 3262.5 MB
[runlim] sample:		722.9 time, 710.9 real, 3326.4 MB
[runlim] sample:		733.0 time, 720.9 real, 3457.5 MB
[runlim] sample:		743.2 time, 730.9 real, 3540.1 MB
[runlim] sample:		753.4 time, 740.9 real, 3620.5 MB
[runlim] sample:		763.6 time, 750.9 real, 3704.8 MB
[runlim] sample:		773.8 time, 760.9 real, 3785.6 MB
[runlim] sample:		784.0 time, 770.9 real, 3870.2 MB
[runlim] sample:		794.2 time, 780.9 real, 3952.0 MB
[runlim] sample:		804.4 time, 790.9 real, 4034.0 MB
[runlim] sample:		814.7 time, 800.9 real, 4115.5 MB
[runlim] sample:		824.9 time, 810.9 real, 4199.8 MB
Academic license 2663665 - for non-commercial use only - registered to tu___@vnu.edu.vn
[runlim] sample:		835.1 time, 820.9 real, 3287.6 MB
(w = 22) Value Cyclicantibandwidth: 22
Lables: [146, 99, 261, 157, 221, 75, 250, 240, 272, 140, 22, 327, 377, 106, 116, 356, 241, 163, 162, 82, 211, 4, 160, 21, 357, 329, 258, 5, 42, 28, 319, 315, 172, 343, 379, 206, 340, 317, 208, 132, 406, 202, 389, 328, 213, 184, 302, 64, 49, 115, 354, 264, 60, 95, 66, 3, 236, 274, 141, 375, 334, 417, 254, 305, 18, 402, 45, 187, 183, 196, 332, 62, 72, 282, 321, 17, 171, 366, 164, 55, 26, 114, 161, 348, 19, 235, 285, 61, 251, 119, 65, 386, 118, 376, 262, 307, 419, 416, 44, 78, 404, 349, 103, 212, 214, 156, 288, 397, 142, 277, 16, 335, 83, 352, 173, 408, 364, 278, 77, 131, 346, 92, 76, 36, 110, 130, 271, 242, 355, 234, 43, 229, 7, 228, 166, 139, 199, 109, 215, 13, 260, 409, 97, 337, 91, 159, 298, 374, 204, 279, 8, 403, 220, 383, 152, 265, 295, 194, 178, 129, 365, 70, 192, 85, 149, 331, 69, 201, 185, 361, 292, 255, 296, 210, 12, 147, 239, 11, 94, 244, 368, 266, 276, 40, 123, 294, 111, 198, 169, 105, 339, 89, 37, 223, 71, 107, 52, 182, 280, 88, 392, 193, 400, 101, 205, 125, 380, 135, 372, 181, 231, 186, 35, 324, 29, 191, 113, 273, 316, 318, 9, 291, 117, 420, 310, 247, 311, 80, 325, 122, 51, 398, 188, 151, 158, 308, 301, 257, 54, 289, 23, 53, 222, 287, 358, 225, 391, 32, 47, 405, 38, 360, 252, 263, 347, 209, 362, 342, 246, 104, 232, 67, 253, 399, 175, 363, 59, 68, 46, 283, 378, 300, 90, 24, 39, 30, 33, 6, 336, 413, 248, 190, 350, 414, 269, 56, 138, 15, 313, 145, 58, 290, 218, 297, 153, 165, 306, 320, 299, 259, 168, 31, 281, 367, 326, 314, 256, 304, 112, 144, 63, 154, 219, 177, 371, 124, 170, 189, 216, 41, 108, 411, 393, 351, 396, 126, 230, 345, 322, 388, 167, 150, 25, 120, 57, 233, 179, 200, 134, 50, 133, 96, 341, 286, 73, 401, 74, 100, 410, 370, 127, 84, 174, 203, 384, 87, 412, 359, 93, 309, 249, 48, 267, 207, 121, 227, 226, 373, 323, 270, 180, 330, 275, 27, 415, 224, 86, 338, 81, 238, 2, 20, 394, 102, 237, 34, 344, 387, 148, 79, 10, 143, 245, 381, 197, 128, 155, 268, 369, 14, 243, 98, 303, 407, 390, 137, 195, 418, 312, 217, 136, 385, 284, 293, 333, 176, 382, 395, 1, 353]
(w = 22) Correct Cyclicantibandwidth
Set parameter TimeLimit to value 1800
[runlim] sample:		845.3 time, 830.9 real, 3354.1 MB
[runlim] sample:		855.5 time, 840.9 real, 3454.4 MB
[runlim] sample:		865.7 time, 850.9 real, 3536.3 MB
[runlim] sample:		875.9 time, 860.9 real, 3619.0 MB
[runlim] sample:		886.1 time, 870.9 real, 3699.8 MB
[runlim] sample:		896.3 time, 880.9 real, 3782.5 MB
[runlim] sample:		906.5 time, 890.9 real, 3863.3 MB
[runlim] sample:		916.6 time, 900.9 real, 3943.5 MB
[runlim] sample:		926.8 time, 910.9 real, 4025.0 MB
[runlim] sample:		937.0 time, 920.9 real, 4108.5 MB
[runlim] sample:		947.2 time, 930.9 real, 4191.8 MB
[runlim] sample:		957.4 time, 940.9 real, 4274.6 MB
[runlim] sample:		967.5 time, 950.9 real, 4355.8 MB
Academic license 2663665 - for non-commercial use only - registered to tu___@vnu.edu.vn
[runlim] sample:		977.7 time, 960.9 real, 3299.5 MB
[runlim] sample:		987.9 time, 970.9 real, 5849.0 MB
[runlim] sample:		998.1 time, 980.9 real, 5863.5 MB
[runlim] sample:		1008.3 time, 990.9 real, 7546.3 MB
[runlim] sample:		1018.4 time, 1000.9 real, 7546.3 MB
[runlim] sample:		1028.6 time, 1010.9 real, 7550.0 MB
[runlim] sample:		1038.8 time, 1020.9 real, 8693.2 MB
[runlim] sample:		1048.9 time, 1030.9 real, 5885.4 MB
[runlim] sample:		1059.1 time, 1040.9 real, 5874.3 MB
[runlim] sample:		1069.3 time, 1050.9 real, 7126.4 MB
[runlim] sample:		1079.4 time, 1060.9 real, 7126.4 MB
[runlim] sample:		1090.6 time, 1070.9 real, 11150.2 MB
[runlim] end:			Fri Oct 10 13:10:34 2025
[runlim] status:		out of memory
[runlim] result:		3
[runlim] children:		0
[runlim] real:			1080.64 seconds
[runlim] time:			1128.79 seconds
[runlim] space:			30416.7 MB
[runlim] samples:		10797
