[runlim] version:		1.10
[runlim] time limit:		311040000 seconds
[runlim] real time limit:	1800 seconds
[runlim] space limit:		30000 MB
[runlim] argv[0]:		python3
[runlim] argv[1]:		model.py
[runlim] argv[2]:		O-impcol_d.mtx.rnd
[runlim] start:			Fri Oct 10 13:29:54 2025
[runlim] main pid:		41001
Set parameter WLSAccessID
Set parameter WLSSecret
Set parameter LicenseID to value 2663665
Academic license 2663665 - for non-commercial use only - registered to tu___@vnu.edu.vn
Set parameter TimeLimit to value 1800
[runlim] sample:		10.2 time, 10.8 real, 180.5 MB
[runlim] sample:		20.3 time, 20.8 real, 255.7 MB
[runlim] sample:		30.5 time, 30.8 real, 330.9 MB
[runlim] sample:		40.6 time, 40.8 real, 409.8 MB
[runlim] sample:		50.8 time, 50.8 real, 483.7 MB
[runlim] sample:		61.0 time, 60.8 real, 568.1 MB
[runlim] sample:		71.2 time, 70.8 real, 645.1 MB
[runlim] sample:		81.4 time, 80.8 real, 720.0 MB
[runlim] sample:		91.5 time, 90.8 real, 799.7 MB
Academic license 2663665 - for non-commercial use only - registered to tu___@vnu.edu.vn
[runlim] sample:		101.7 time, 100.8 real, 2070.1 MB
[runlim] sample:		111.9 time, 110.8 real, 3880.4 MB
[runlim] sample:		122.1 time, 120.8 real, 5075.7 MB
[runlim] sample:		132.2 time, 130.8 real, 4213.5 MB
[runlim] sample:		142.4 time, 140.8 real, 6086.5 MB
[runlim] sample:		152.6 time, 150.8 real, 4287.8 MB
[runlim] sample:		169.6 time, 160.8 real, 5559.8 MB
[runlim] sample:		180.3 time, 170.8 real, 5626.2 MB
[runlim] sample:		190.9 time, 180.8 real, 5690.3 MB
[runlim] sample:		201.6 time, 190.8 real, 3982.0 MB
[runlim] sample:		212.3 time, 200.8 real, 4785.1 MB
[runlim] sample:		223.0 time, 210.8 real, 4819.9 MB
(w = 48) Value Cyclicantibandwidth: 48
Lables: [149, 35, 84, 85, 86, 36, 117, 265, 73, 118, 25, 1, 87, 100, 9, 204, 26, 88, 389, 189, 238, 239, 240, 268, 89, 376, 275, 136, 241, 163, 214, 242, 150, 146, 53, 101, 50, 104, 74, 245, 310, 315, 37, 246, 137, 41, 38, 353, 51, 215, 312, 39, 247, 97, 410, 206, 152, 19, 178, 67, 3, 105, 279, 179, 269, 90, 47, 222, 102, 286, 20, 2, 164, 270, 348, 271, 10, 54, 273, 274, 81, 296, 276, 119, 91, 180, 254, 33, 290, 63, 40, 277, 328, 351, 165, 16, 272, 321, 182, 21, 11, 151, 337, 49, 110, 64, 75, 120, 201, 371, 121, 70, 154, 384, 380, 282, 358, 414, 356, 249, 27, 148, 122, 68, 412, 71, 372, 123, 417, 191, 28, 251, 343, 44, 166, 111, 147, 319, 124, 170, 294, 256, 208, 109, 125, 318, 183, 406, 393, 421, 167, 252, 76, 213, 159, 423, 390, 400, 184, 12, 361, 228, 126, 143, 300, 262, 332, 359, 55, 342, 345, 378, 13, 364, 174, 244, 192, 340, 22, 155, 34, 324, 112, 347, 210, 368, 52, 370, 293, 381, 14, 99, 218, 301, 157, 59, 113, 320, 230, 419, 4, 407, 373, 173, 138, 107, 114, 289, 367, 330, 260, 171, 127, 261, 388, 377, 313, 185, 194, 283, 386, 60, 128, 392, 287, 424, 288, 168, 186, 139, 379, 403, 226, 375, 374, 411, 15, 281, 398, 325, 369, 199, 140, 355, 418, 323, 43, 298, 93, 416, 399, 187, 382, 77, 82, 231, 253, 103, 338, 234, 207, 329, 339, 344, 363, 129, 205, 78, 69, 130, 141, 362, 79, 65, 306, 62, 202, 309, 172, 176, 284, 255, 144, 397, 98, 23, 326, 232, 131, 333, 95, 156, 29, 311, 316, 297, 169, 395, 227, 331, 409, 259, 132, 360, 195, 72, 415, 307, 153, 142, 250, 314, 216, 266, 304, 223, 224, 158, 56, 193, 217, 354, 197, 221, 83, 175, 396, 280, 322, 366, 257, 188, 58, 248, 420, 308, 299, 336, 394, 106, 177, 285, 17, 160, 190, 133, 45, 391, 235, 115, 357, 305, 66, 61, 385, 225, 263, 302, 134, 30, 181, 5, 31, 96, 349, 94, 350, 387, 92, 303, 334, 80, 18, 402, 108, 422, 405, 295, 24, 401, 365, 220, 46, 209, 135, 292, 211, 404, 383, 6, 236, 317, 264, 57, 413, 7, 243, 267, 341, 8, 237, 291, 198, 200, 116, 346, 196, 161, 408, 352, 229, 203, 219, 278, 258, 48, 425, 233, 145, 162, 212, 32, 327, 42, 335]
(w = 48) Correct Cyclicantibandwidth
Set parameter TimeLimit to value 1800
[runlim] sample:		238.0 time, 220.8 real, 4243.0 MB
[runlim] sample:		248.2 time, 230.8 real, 4330.3 MB
[runlim] sample:		258.3 time, 240.8 real, 4400.2 MB
[runlim] sample:		268.5 time, 250.8 real, 4475.0 MB
[runlim] sample:		278.7 time, 260.8 real, 4547.6 MB
[runlim] sample:		288.9 time, 270.8 real, 4617.5 MB
[runlim] sample:		299.1 time, 280.8 real, 4689.5 MB
[runlim] sample:		309.4 time, 290.8 real, 4759.4 MB
[runlim] sample:		319.6 time, 300.8 real, 4831.2 MB
[runlim] sample:		329.8 time, 310.8 real, 4910.0 MB
Academic license 2663665 - for non-commercial use only - registered to tu___@vnu.edu.vn
(w = 49) Value Cyclicantibandwidth: 49
Lables: [253, 100, 251, 127, 23, 369, 27, 186, 408, 329, 391, 106, 37, 167, 90, 347, 124, 207, 170, 174, 392, 280, 131, 296, 25, 309, 390, 333, 310, 29, 2, 349, 243, 420, 129, 139, 383, 402, 212, 274, 356, 227, 244, 205, 265, 357, 195, 188, 12, 338, 83, 294, 401, 149, 107, 376, 336, 136, 414, 419, 315, 114, 177, 215, 364, 208, 158, 372, 304, 133, 422, 231, 348, 245, 64, 85, 38, 4, 261, 211, 374, 206, 240, 78, 204, 415, 232, 81, 159, 386, 184, 91, 262, 366, 165, 21, 199, 400, 123, 394, 226, 120, 330, 266, 242, 423, 416, 241, 118, 260, 272, 237, 317, 353, 213, 218, 411, 17, 256, 363, 152, 412, 72, 235, 197, 26, 24, 171, 393, 153, 370, 150, 316, 57, 269, 217, 3, 157, 175, 161, 321, 7, 141, 202, 286, 404, 102, 69, 257, 229, 292, 13, 138, 331, 105, 34, 122, 142, 210, 128, 425, 409, 76, 145, 335, 132, 413, 361, 192, 121, 109, 55, 116, 284, 320, 311, 305, 77, 50, 92, 93, 58, 43, 6, 389, 33, 410, 182, 71, 147, 332, 303, 9, 59, 65, 190, 314, 247, 162, 63, 388, 340, 351, 74, 79, 82, 95, 367, 307, 406, 339, 160, 117, 32, 377, 44, 75, 234, 297, 397, 267, 337, 291, 164, 187, 104, 273, 368, 264, 176, 1, 111, 185, 258, 324, 5, 134, 285, 345, 387, 42, 334, 87, 354, 60, 263, 20, 66, 101, 277, 179, 375, 119, 130, 56, 299, 166, 181, 96, 319, 216, 302, 222, 293, 233, 346, 362, 371, 276, 230, 249, 300, 223, 16, 221, 236, 228, 30, 312, 373, 287, 173, 382, 289, 113, 169, 198, 61, 172, 323, 248, 298, 378, 68, 22, 380, 194, 344, 278, 148, 405, 201, 326, 224, 108, 54, 140, 154, 418, 200, 31, 28, 352, 193, 126, 396, 137, 70, 89, 40, 10, 384, 359, 14, 15, 279, 270, 252, 88, 327, 115, 342, 225, 358, 355, 46, 19, 73, 271, 283, 8, 318, 110, 301, 52, 325, 246, 343, 275, 112, 45, 322, 35, 49, 18, 84, 94, 36, 144, 189, 178, 306, 86, 385, 62, 328, 191, 196, 103, 180, 290, 67, 220, 98, 219, 295, 41, 47, 255, 399, 53, 238, 135, 381, 313, 379, 156, 259, 11, 288, 407, 163, 417, 209, 143, 282, 350, 360, 48, 125, 365, 214, 268, 39, 99, 80, 183, 239, 395, 254, 341, 424, 203, 151, 281, 97, 146, 51, 398, 308, 421, 403, 250, 155, 168]
(w = 49) Correct Cyclicantibandwidth
Set parameter TimeLimit to value 1800
[runlim] sample:		340.0 time, 320.8 real, 2495.9 MB
[runlim] sample:		350.2 time, 330.8 real, 2518.7 MB
[runlim] sample:		360.4 time, 340.8 real, 2610.9 MB
[runlim] sample:		370.6 time, 350.8 real, 2662.4 MB
[runlim] sample:		380.8 time, 360.8 real, 2797.4 MB
[runlim] sample:		391.0 time, 370.8 real, 2867.2 MB
[runlim] sample:		401.2 time, 380.8 real, 2936.6 MB
[runlim] sample:		411.4 time, 390.8 real, 3008.6 MB
[runlim] sample:		421.6 time, 400.8 real, 3080.0 MB
[runlim] sample:		431.8 time, 410.8 real, 3149.6 MB
[runlim] sample:		441.9 time, 420.8 real, 3214.8 MB
Academic license 2663665 - for non-commercial use only - registered to tu___@vnu.edu.vn
(w = 50) Value Cyclicantibandwidth: 50
Lables: [420, 100, 404, 61, 23, 369, 104, 145, 360, 329, 391, 164, 332, 167, 90, 347, 124, 82, 65, 174, 392, 280, 131, 327, 25, 73, 396, 333, 310, 68, 403, 288, 1, 19, 129, 139, 383, 414, 212, 274, 309, 357, 244, 205, 265, 143, 6, 28, 387, 331, 227, 294, 401, 149, 393, 376, 153, 136, 52, 419, 315, 114, 358, 158, 364, 12, 151, 197, 304, 48, 27, 255, 89, 21, 64, 85, 240, 16, 256, 375, 88, 275, 189, 66, 115, 415, 250, 49, 207, 386, 184, 311, 262, 237, 202, 106, 199, 400, 173, 394, 231, 120, 221, 269, 242, 83, 350, 318, 118, 260, 272, 34, 220, 4, 204, 324, 411, 203, 259, 177, 152, 248, 72, 235, 2, 319, 24, 171, 370, 406, 96, 140, 51, 166, 208, 116, 39, 157, 175, 181, 321, 3, 141, 213, 286, 148, 79, 69, 17, 229, 273, 13, 138, 384, 279, 293, 292, 297, 366, 128, 223, 423, 133, 206, 335, 132, 413, 339, 192, 233, 109, 55, 162, 251, 320, 58, 305, 77, 50, 92, 98, 87, 35, 377, 409, 418, 410, 313, 71, 147, 125, 303, 9, 388, 363, 326, 314, 247, 211, 290, 41, 111, 351, 74, 289, 238, 121, 241, 307, 398, 316, 160, 117, 32, 317, 44, 75, 407, 86, 397, 277, 354, 291, 408, 257, 188, 7, 78, 94, 105, 91, 201, 185, 258, 178, 76, 134, 285, 179, 63, 108, 330, 99, 368, 60, 67, 37, 230, 43, 348, 159, 390, 119, 165, 56, 186, 122, 198, 328, 33, 22, 302, 395, 355, 412, 187, 362, 371, 218, 217, 249, 215, 276, 8, 422, 236, 372, 30, 312, 374, 287, 170, 382, 150, 113, 219, 10, 101, 172, 168, 53, 102, 42, 243, 216, 380, 267, 300, 278, 334, 359, 340, 123, 11, 130, 54, 80, 154, 425, 200, 29, 254, 352, 193, 126, 15, 137, 266, 338, 112, 373, 110, 361, 146, 336, 299, 421, 281, 424, 14, 232, 342, 325, 222, 127, 46, 97, 95, 253, 284, 405, 26, 107, 301, 93, 81, 47, 356, 169, 209, 45, 346, 20, 103, 195, 270, 70, 36, 239, 84, 345, 176, 18, 379, 283, 156, 191, 196, 341, 180, 234, 245, 246, 224, 323, 295, 337, 378, 252, 399, 353, 268, 135, 381, 322, 194, 161, 402, 40, 59, 417, 163, 344, 308, 57, 263, 343, 385, 264, 144, 365, 214, 261, 306, 225, 210, 183, 282, 31, 38, 142, 5, 298, 62, 271, 349, 367, 228, 226, 182, 416, 190, 296, 155, 389]
(w = 50) Correct Cyclicantibandwidth
Set parameter TimeLimit to value 1800
[runlim] sample:		452.1 time, 430.8 real, 2559.0 MB
[runlim] sample:		462.3 time, 440.8 real, 2566.5 MB
[runlim] sample:		472.5 time, 450.8 real, 2668.1 MB
[runlim] sample:		482.7 time, 460.8 real, 2717.8 MB
[runlim] sample:		492.9 time, 470.8 real, 2856.6 MB
[runlim] sample:		503.0 time, 480.8 real, 2928.5 MB
[runlim] sample:		513.2 time, 490.8 real, 2998.2 MB
[runlim] sample:		523.4 time, 500.8 real, 3069.9 MB
[runlim] sample:		533.5 time, 510.8 real, 3142.0 MB
[runlim] sample:		543.7 time, 520.8 real, 3211.7 MB
[runlim] sample:		553.9 time, 530.8 real, 3285.4 MB
Academic license 2663665 - for non-commercial use only - registered to tu___@vnu.edu.vn
(w = 51) Value Cyclicantibandwidth: 51
Lables: [425, 100, 251, 61, 23, 369, 37, 254, 356, 329, 147, 179, 332, 167, 90, 386, 124, 207, 107, 321, 392, 9, 135, 99, 113, 73, 390, 333, 377, 277, 259, 337, 243, 25, 129, 139, 383, 402, 305, 274, 66, 35, 244, 205, 265, 20, 65, 119, 12, 338, 194, 224, 348, 149, 253, 376, 170, 136, 363, 17, 315, 114, 127, 215, 164, 208, 44, 372, 284, 133, 27, 231, 89, 21, 357, 85, 38, 4, 261, 201, 92, 222, 276, 364, 204, 415, 250, 19, 159, 183, 393, 140, 150, 366, 165, 121, 199, 353, 273, 394, 226, 120, 330, 266, 242, 423, 308, 241, 118, 334, 286, 232, 317, 2, 76, 218, 1, 209, 190, 349, 83, 412, 72, 75, 80, 36, 24, 171, 108, 153, 370, 248, 316, 57, 272, 105, 39, 157, 175, 131, 188, 7, 141, 213, 294, 404, 102, 69, 28, 229, 278, 13, 138, 331, 220, 34, 424, 297, 210, 128, 291, 256, 125, 145, 335, 132, 413, 361, 192, 79, 109, 59, 116, 374, 320, 58, 142, 77, 50, 64, 81, 408, 269, 6, 389, 103, 86, 313, 71, 293, 398, 303, 16, 22, 350, 174, 314, 180, 162, 63, 388, 340, 307, 74, 289, 403, 95, 367, 304, 177, 339, 160, 117, 32, 237, 126, 8, 270, 84, 397, 91, 354, 310, 87, 187, 104, 400, 344, 264, 123, 260, 111, 43, 258, 324, 29, 134, 285, 257, 78, 42, 406, 345, 221, 60, 197, 223, 202, 101, 219, 97, 420, 302, 409, 214, 186, 178, 184, 96, 33, 93, 68, 395, 355, 233, 346, 312, 371, 211, 230, 280, 300, 247, 414, 227, 236, 238, 30, 373, 206, 287, 173, 336, 391, 235, 169, 198, 166, 155, 168, 53, 311, 378, 323, 216, 185, 327, 347, 309, 148, 405, 94, 326, 11, 130, 54, 262, 154, 418, 200, 26, 51, 249, 193, 246, 416, 137, 288, 88, 422, 158, 41, 359, 14, 401, 292, 387, 352, 279, 368, 115, 342, 172, 358, 146, 55, 217, 296, 271, 341, 10, 318, 110, 301, 375, 275, 181, 343, 268, 122, 156, 325, 49, 62, 18, 382, 70, 52, 239, 56, 351, 290, 396, 385, 298, 299, 191, 196, 189, 245, 381, 67, 45, 98, 212, 295, 47, 319, 263, 283, 5, 82, 234, 379, 322, 31, 161, 410, 380, 362, 407, 163, 360, 203, 112, 281, 384, 399, 48, 152, 365, 240, 255, 306, 267, 46, 143, 252, 182, 40, 144, 3, 176, 151, 282, 417, 421, 106, 328, 195, 419, 411, 15, 228, 225]
(w = 51) Correct Cyclicantibandwidth
Set parameter TimeLimit to value 1800
[runlim] sample:		564.1 time, 540.8 real, 2598.2 MB
[runlim] sample:		574.3 time, 550.8 real, 2605.7 MB
[runlim] sample:		584.4 time, 560.8 real, 2723.2 MB
[runlim] sample:		594.6 time, 570.8 real, 2773.5 MB
[runlim] sample:		604.8 time, 580.8 real, 2825.0 MB
[runlim] sample:		615.0 time, 590.8 real, 2874.5 MB
[runlim] sample:		625.2 time, 600.8 real, 2925.9 MB
[runlim] sample:		635.4 time, 610.8 real, 3113.0 MB
[runlim] sample:		645.7 time, 620.8 real, 3152.4 MB
[runlim] sample:		656.1 time, 630.8 real, 3189.8 MB
[runlim] sample:		666.4 time, 640.8 real, 3228.9 MB
[runlim] sample:		676.6 time, 650.8 real, 3272.4 MB
[runlim] sample:		686.9 time, 660.8 real, 3309.7 MB
Academic license 2663665 - for non-commercial use only - registered to tu___@vnu.edu.vn
[runlim] sample:		697.2 time, 670.8 real, 2600.4 MB
(w = 52) Value Cyclicantibandwidth: 52
Lables: [253, 100, 197, 119, 323, 56, 37, 254, 356, 329, 391, 57, 332, 167, 90, 369, 124, 207, 99, 1, 392, 280, 220, 92, 25, 17, 388, 333, 310, 59, 259, 288, 243, 35, 129, 139, 383, 420, 212, 268, 309, 400, 244, 205, 206, 357, 122, 188, 12, 338, 83, 294, 135, 94, 393, 376, 174, 136, 414, 419, 377, 114, 421, 215, 79, 208, 201, 372, 304, 133, 27, 231, 89, 21, 64, 85, 38, 4, 214, 189, 374, 275, 240, 78, 279, 415, 250, 19, 344, 386, 184, 325, 165, 366, 298, 121, 199, 29, 269, 394, 226, 120, 145, 266, 242, 423, 308, 33, 118, 260, 272, 241, 159, 236, 73, 218, 411, 209, 256, 349, 152, 297, 72, 235, 2, 319, 24, 171, 28, 153, 370, 176, 316, 61, 267, 105, 39, 157, 103, 149, 321, 7, 141, 213, 286, 404, 102, 69, 158, 229, 292, 13, 198, 364, 222, 34, 424, 274, 210, 128, 425, 337, 125, 219, 335, 132, 413, 361, 227, 175, 109, 55, 116, 284, 320, 58, 168, 347, 352, 234, 247, 408, 263, 6, 389, 390, 86, 313, 71, 147, 261, 315, 9, 142, 363, 190, 314, 276, 162, 265, 402, 340, 351, 74, 289, 399, 95, 367, 317, 398, 339, 160, 117, 32, 237, 44, 225, 277, 302, 60, 91, 354, 291, 164, 187, 104, 273, 88, 264, 123, 262, 111, 192, 146, 324, 76, 134, 285, 170, 202, 42, 406, 87, 221, 5, 65, 20, 66, 101, 232, 156, 412, 387, 409, 348, 186, 178, 181, 96, 330, 22, 353, 3, 355, 233, 346, 362, 371, 258, 230, 195, 300, 223, 16, 422, 166, 238, 30, 312, 373, 287, 31, 382, 150, 113, 169, 75, 140, 155, 173, 53, 307, 10, 93, 216, 131, 327, 177, 278, 148, 405, 77, 326, 11, 115, 54, 80, 154, 418, 200, 395, 51, 26, 193, 245, 63, 137, 248, 336, 334, 257, 110, 359, 14, 203, 299, 270, 52, 138, 368, 403, 342, 172, 358, 183, 46, 217, 311, 271, 180, 8, 305, 107, 301, 416, 224, 68, 343, 249, 126, 45, 322, 49, 62, 18, 306, 70, 36, 239, 401, 345, 290, 396, 385, 246, 328, 191, 41, 97, 196, 381, 67, 204, 98, 182, 295, 47, 350, 252, 283, 331, 293, 296, 379, 318, 82, 161, 410, 380, 303, 50, 163, 360, 194, 112, 281, 384, 378, 48, 130, 365, 211, 407, 43, 255, 108, 143, 251, 81, 40, 84, 23, 228, 151, 282, 417, 341, 106, 185, 144, 397, 375, 15, 179, 127]
(w = 52) Correct Cyclicantibandwidth
Set parameter TimeLimit to value 1800
[runlim] sample:		707.5 time, 680.8 real, 2639.7 MB
[runlim] sample:		717.8 time, 690.8 real, 2639.7 MB
[runlim] sample:		728.0 time, 700.8 real, 2643.8 MB
[runlim] sample:		738.3 time, 710.8 real, 2647.7 MB
[runlim] sample:		748.5 time, 720.8 real, 2756.9 MB
[runlim] sample:		758.7 time, 730.8 real, 2799.4 MB
[runlim] sample:		768.9 time, 740.8 real, 2848.6 MB
[runlim] sample:		779.1 time, 750.8 real, 2897.7 MB
[runlim] sample:		789.3 time, 760.8 real, 2946.9 MB
[runlim] sample:		799.5 time, 770.8 real, 3147.8 MB
[runlim] sample:		809.7 time, 780.8 real, 3217.0 MB
[runlim] sample:		819.9 time, 790.8 real, 3286.1 MB
[runlim] sample:		830.1 time, 800.8 real, 3355.3 MB
Academic license 2663665 - for non-commercial use only - registered to tu___@vnu.edu.vn
(w = 53) Value Cyclicantibandwidth: 53
Lables: [247, 100, 26, 61, 119, 32, 22, 254, 356, 329, 285, 27, 109, 28, 90, 296, 124, 76, 160, 167, 330, 280, 321, 175, 99, 120, 390, 266, 318, 54, 424, 350, 246, 57, 129, 139, 366, 402, 208, 250, 290, 380, 31, 401, 269, 134, 232, 243, 12, 197, 188, 392, 165, 421, 111, 140, 181, 136, 43, 419, 362, 114, 196, 215, 7, 193, 201, 20, 378, 409, 256, 231, 122, 21, 410, 414, 45, 128, 261, 389, 106, 275, 240, 143, 204, 229, 372, 78, 406, 383, 46, 264, 262, 238, 399, 121, 359, 257, 338, 394, 207, 381, 141, 335, 242, 62, 308, 305, 118, 260, 205, 323, 317, 353, 222, 218, 307, 17, 314, 349, 425, 347, 72, 251, 384, 386, 24, 117, 357, 391, 86, 176, 156, 36, 267, 105, 210, 211, 255, 131, 253, 5, 147, 213, 149, 85, 102, 352, 53, 291, 283, 174, 138, 331, 292, 150, 284, 221, 212, 112, 277, 337, 125, 145, 220, 132, 152, 1, 192, 180, 375, 52, 116, 376, 259, 77, 183, 387, 346, 234, 38, 301, 263, 336, 320, 276, 84, 168, 71, 265, 312, 226, 408, 59, 87, 194, 166, 179, 162, 332, 23, 279, 177, 74, 68, 397, 95, 186, 153, 286, 404, 170, 75, 41, 289, 44, 244, 293, 245, 302, 155, 354, 303, 89, 187, 104, 417, 88, 365, 70, 82, 19, 249, 157, 324, 146, 135, 103, 351, 30, 98, 313, 271, 319, 34, 258, 199, 66, 158, 206, 148, 420, 371, 164, 377, 300, 178, 310, 96, 304, 422, 363, 49, 355, 423, 189, 348, 230, 268, 217, 195, 219, 223, 385, 227, 202, 395, 341, 288, 235, 216, 33, 382, 400, 113, 169, 108, 81, 274, 233, 29, 56, 101, 325, 373, 185, 154, 94, 278, 13, 405, 159, 326, 333, 130, 63, 80, 334, 418, 370, 35, 270, 411, 339, 248, 416, 137, 39, 91, 127, 58, 110, 123, 14, 412, 299, 368, 25, 64, 374, 115, 342, 172, 358, 344, 11, 15, 65, 369, 171, 10, 393, 190, 200, 316, 224, 69, 328, 340, 67, 142, 37, 50, 413, 18, 315, 47, 48, 239, 360, 327, 287, 73, 309, 93, 311, 191, 388, 367, 2, 403, 236, 3, 237, 182, 79, 297, 9, 252, 273, 198, 203, 364, 379, 322, 6, 306, 298, 361, 60, 407, 42, 4, 295, 97, 228, 272, 345, 8, 415, 51, 209, 294, 133, 92, 163, 144, 241, 161, 343, 126, 16, 214, 151, 281, 83, 173, 40, 184, 107, 282, 398, 396, 55, 225]
(w = 53) Correct Cyclicantibandwidth
Set parameter TimeLimit to value 1800
[runlim] sample:		840.2 time, 810.8 real, 2679.5 MB
[runlim] sample:		850.4 time, 820.8 real, 2679.5 MB
[runlim] sample:		860.6 time, 830.8 real, 2780.6 MB
[runlim] sample:		870.8 time, 840.8 real, 2829.1 MB
[runlim] sample:		881.0 time, 850.8 real, 2880.0 MB
[runlim] sample:		891.1 time, 860.8 real, 2931.1 MB
[runlim] sample:		901.3 time, 870.8 real, 2980.0 MB
[runlim] sample:		911.5 time, 880.8 real, 3028.9 MB
[runlim] sample:		921.7 time, 890.8 real, 3247.5 MB
[runlim] sample:		931.9 time, 900.8 real, 3318.6 MB
[runlim] sample:		942.1 time, 910.8 real, 3387.6 MB
Academic license 2663665 - for non-commercial use only - registered to tu___@vnu.edu.vn
(w = 54) Value Cyclicantibandwidth: 54
Lables: [253, 100, 132, 197, 23, 55, 37, 163, 356, 339, 391, 154, 403, 199, 90, 103, 124, 207, 170, 174, 293, 280, 131, 92, 93, 270, 219, 333, 286, 76, 288, 220, 254, 35, 129, 140, 383, 17, 212, 274, 309, 227, 244, 205, 200, 8, 122, 226, 12, 326, 260, 357, 119, 133, 99, 390, 336, 136, 378, 419, 315, 114, 127, 85, 364, 208, 201, 372, 304, 377, 27, 231, 89, 21, 64, 347, 38, 53, 261, 178, 69, 275, 183, 78, 139, 415, 162, 4, 159, 386, 40, 375, 262, 36, 385, 121, 402, 400, 269, 394, 215, 120, 73, 266, 242, 423, 237, 241, 118, 332, 272, 232, 317, 6, 334, 218, 411, 106, 256, 349, 61, 412, 72, 235, 2, 51, 236, 171, 379, 153, 146, 176, 316, 239, 267, 105, 39, 157, 175, 325, 321, 70, 148, 202, 134, 404, 102, 373, 59, 229, 292, 13, 138, 327, 297, 34, 257, 186, 210, 128, 425, 337, 137, 344, 206, 152, 413, 198, 192, 79, 346, 273, 116, 416, 301, 58, 305, 387, 50, 234, 222, 408, 265, 195, 389, 48, 86, 313, 71, 147, 18, 303, 10, 145, 363, 184, 314, 247, 110, 123, 80, 340, 96, 74, 289, 399, 95, 65, 307, 351, 338, 160, 117, 31, 398, 115, 75, 165, 302, 248, 370, 354, 291, 164, 187, 104, 345, 88, 264, 125, 77, 111, 209, 258, 324, 355, 149, 282, 158, 142, 42, 388, 87, 365, 60, 420, 20, 66, 101, 277, 168, 296, 371, 409, 214, 300, 285, 323, 41, 91, 216, 68, 32, 3, 57, 189, 362, 181, 276, 223, 348, 240, 243, 29, 422, 381, 382, 30, 249, 84, 287, 7, 330, 367, 204, 169, 109, 166, 155, 173, 190, 228, 414, 331, 360, 185, 308, 177, 278, 329, 424, 94, 196, 11, 113, 63, 143, 393, 418, 252, 230, 25, 352, 193, 245, 45, 320, 251, 322, 405, 213, 374, 359, 14, 203, 299, 369, 392, 279, 368, 28, 342, 172, 358, 188, 46, 15, 328, 271, 312, 49, 19, 141, 225, 417, 81, 43, 343, 250, 67, 97, 311, 376, 56, 33, 16, 44, 82, 335, 384, 306, 294, 396, 167, 407, 161, 191, 401, 224, 211, 290, 255, 26, 98, 62, 295, 366, 179, 259, 283, 233, 246, 135, 318, 319, 217, 150, 410, 380, 83, 22, 54, 406, 1, 112, 284, 350, 361, 9, 156, 341, 238, 263, 52, 268, 108, 144, 130, 395, 221, 126, 5, 182, 151, 397, 24, 353, 298, 310, 107, 281, 421, 47, 180, 194]
(w = 54) Correct Cyclicantibandwidth
Set parameter TimeLimit to value 1800
[runlim] sample:		952.2 time, 920.8 real, 2713.6 MB
[runlim] sample:		962.4 time, 930.8 real, 2714.4 MB
[runlim] sample:		972.6 time, 940.8 real, 2720.1 MB
[runlim] sample:		982.7 time, 950.8 real, 2852.4 MB
[runlim] sample:		992.9 time, 960.8 real, 2902.3 MB
[runlim] sample:		1003.1 time, 970.8 real, 2951.1 MB
[runlim] sample:		1013.2 time, 980.8 real, 3002.3 MB
[runlim] sample:		1023.4 time, 990.8 real, 3053.2 MB
[runlim] sample:		1033.6 time, 1000.8 real, 3265.1 MB
[runlim] sample:		1043.8 time, 1010.8 real, 3336.0 MB
[runlim] sample:		1054.0 time, 1020.8 real, 3405.1 MB
[runlim] sample:		1064.2 time, 1030.8 real, 3472.6 MB
Academic license 2663665 - for non-commercial use only - registered to tu___@vnu.edu.vn
(w = 55) Value Cyclicantibandwidth: 55
Lables: [253, 100, 251, 61, 23, 369, 37, 330, 286, 329, 118, 5, 156, 188, 90, 347, 179, 207, 170, 174, 334, 386, 131, 92, 85, 215, 394, 123, 310, 72, 259, 351, 243, 35, 129, 139, 383, 402, 17, 73, 309, 44, 343, 77, 234, 357, 122, 250, 12, 412, 237, 98, 401, 149, 99, 376, 333, 136, 120, 31, 315, 109, 127, 155, 364, 390, 81, 7, 279, 124, 27, 231, 89, 107, 71, 411, 41, 64, 199, 375, 68, 275, 240, 78, 204, 415, 166, 104, 157, 140, 374, 332, 262, 338, 388, 187, 304, 400, 205, 397, 226, 236, 418, 266, 242, 56, 308, 296, 62, 277, 272, 232, 173, 8, 241, 413, 115, 423, 208, 349, 119, 416, 76, 235, 223, 346, 24, 171, 336, 153, 146, 239, 11, 57, 278, 105, 39, 219, 46, 363, 321, 83, 148, 48, 165, 404, 102, 69, 158, 410, 292, 13, 152, 331, 297, 34, 201, 186, 210, 128, 425, 337, 125, 145, 257, 138, 393, 361, 192, 79, 360, 273, 116, 36, 317, 58, 305, 183, 50, 244, 212, 238, 263, 306, 389, 103, 42, 313, 252, 147, 399, 316, 9, 59, 342, 190, 180, 55, 111, 143, 80, 340, 184, 74, 289, 417, 95, 367, 307, 398, 339, 160, 117, 22, 405, 110, 225, 300, 302, 248, 91, 354, 267, 75, 282, 422, 217, 88, 86, 365, 1, 33, 43, 260, 324, 370, 121, 385, 6, 421, 227, 366, 274, 221, 19, 419, 20, 66, 101, 345, 311, 420, 175, 409, 264, 18, 106, 318, 96, 181, 216, 293, 213, 298, 49, 335, 162, 371, 276, 222, 249, 182, 323, 16, 197, 134, 403, 30, 15, 373, 391, 378, 382, 159, 114, 169, 198, 84, 290, 245, 53, 228, 362, 254, 21, 380, 194, 177, 303, 355, 189, 94, 326, 202, 113, 63, 126, 154, 299, 408, 229, 51, 352, 193, 353, 38, 137, 220, 322, 130, 45, 108, 359, 14, 203, 281, 269, 52, 379, 368, 176, 291, 172, 350, 395, 372, 392, 414, 233, 328, 4, 87, 133, 294, 93, 224, 246, 301, 312, 206, 285, 377, 65, 54, 26, 287, 25, 32, 132, 112, 284, 319, 60, 314, 168, 356, 191, 196, 195, 211, 256, 218, 29, 209, 424, 295, 142, 325, 230, 348, 283, 247, 135, 381, 320, 2, 161, 150, 258, 288, 407, 28, 406, 358, 255, 270, 384, 344, 271, 163, 341, 214, 261, 47, 268, 178, 144, 141, 40, 327, 167, 3, 280, 151, 265, 10, 82, 97, 67, 185, 396, 387, 164, 70, 200]
(w = 55) Correct Cyclicantibandwidth
Set parameter TimeLimit to value 1800
[runlim] sample:		1074.3 time, 1040.8 real, 2753.3 MB
[runlim] sample:		1084.5 time, 1050.8 real, 2754.6 MB
[runlim] sample:		1094.7 time, 1060.8 real, 2815.6 MB
[runlim] sample:		1104.9 time, 1070.8 real, 2989.4 MB
[runlim] sample:		1115.1 time, 1080.8 real, 3058.0 MB
[runlim] sample:		1125.2 time, 1090.8 real, 3128.6 MB
[runlim] sample:		1135.4 time, 1100.8 real, 3197.2 MB
[runlim] sample:		1145.5 time, 1110.8 real, 3269.1 MB
[runlim] sample:		1155.7 time, 1120.8 real, 3337.5 MB
[runlim] sample:		1165.9 time, 1130.8 real, 3406.2 MB
[runlim] sample:		1176.1 time, 1140.8 real, 3475.1 MB
Academic license 2663665 - for non-commercial use only - registered to tu___@vnu.edu.vn
[runlim] sample:		1186.3 time, 1150.8 real, 2483.0 MB
(w = 56) Value Cyclicantibandwidth: 56
Lables: [242, 111, 251, 126, 278, 311, 37, 347, 262, 297, 380, 31, 4, 175, 134, 365, 57, 189, 226, 350, 54, 81, 132, 94, 257, 35, 362, 287, 351, 401, 364, 229, 21, 53, 26, 149, 382, 76, 286, 267, 400, 192, 283, 374, 336, 20, 174, 235, 385, 181, 158, 352, 403, 221, 177, 9, 163, 136, 418, 390, 368, 96, 34, 90, 376, 179, 342, 164, 187, 146, 130, 232, 104, 87, 319, 14, 112, 182, 239, 109, 116, 227, 180, 154, 284, 299, 93, 78, 331, 263, 140, 110, 188, 16, 407, 49, 375, 357, 349, 423, 219, 308, 329, 153, 321, 409, 281, 260, 155, 213, 215, 171, 143, 62, 253, 402, 50, 6, 144, 269, 167, 243, 394, 405, 40, 398, 150, 271, 343, 266, 55, 354, 389, 51, 337, 178, 422, 28, 98, 325, 236, 68, 193, 209, 280, 66, 322, 214, 131, 252, 279, 48, 223, 39, 113, 320, 19, 47, 183, 186, 75, 345, 139, 185, 222, 305, 338, 1, 254, 264, 173, 100, 301, 415, 367, 231, 10, 346, 198, 103, 60, 92, 261, 424, 326, 220, 11, 46, 241, 3, 393, 258, 160, 43, 315, 272, 64, 72, 58, 135, 67, 425, 202, 159, 151, 162, 324, 392, 69, 399, 207, 137, 71, 165, 355, 196, 89, 255, 333, 275, 289, 361, 330, 397, 170, 195, 406, 88, 142, 291, 335, 74, 105, 36, 119, 369, 18, 30, 417, 416, 80, 138, 306, 358, 194, 370, 250, 102, 310, 384, 228, 77, 304, 22, 298, 317, 99, 366, 108, 395, 200, 217, 413, 303, 32, 268, 97, 371, 238, 145, 197, 230, 211, 414, 121, 218, 237, 44, 157, 56, 309, 25, 383, 190, 288, 199, 118, 85, 148, 249, 210, 290, 256, 141, 408, 184, 240, 84, 300, 86, 379, 314, 328, 411, 65, 114, 421, 123, 420, 295, 15, 276, 212, 216, 327, 8, 307, 282, 265, 270, 33, 5, 23, 419, 115, 292, 120, 391, 122, 356, 353, 387, 274, 107, 340, 83, 41, 312, 24, 244, 127, 61, 334, 296, 373, 285, 91, 63, 166, 293, 161, 201, 386, 410, 388, 133, 208, 348, 313, 404, 17, 45, 359, 377, 191, 247, 203, 318, 302, 246, 225, 233, 29, 12, 169, 339, 360, 277, 259, 70, 372, 106, 101, 396, 172, 206, 125, 82, 412, 38, 124, 152, 245, 234, 52, 273, 2, 344, 147, 117, 128, 156, 95, 42, 248, 73, 316, 294, 168, 378, 79, 59, 7, 129, 363, 224, 341, 176, 332, 204, 381, 13, 205, 323, 27]
(w = 56) Correct Cyclicantibandwidth
Set parameter TimeLimit to value 1800
[runlim] sample:		1196.5 time, 1160.8 real, 2790.6 MB
[runlim] sample:		1206.7 time, 1170.8 real, 2867.5 MB
[runlim] sample:		1216.9 time, 1180.8 real, 2916.7 MB
[runlim] sample:		1227.1 time, 1190.8 real, 2965.2 MB
[runlim] sample:		1237.3 time, 1200.8 real, 3013.9 MB
[runlim] sample:		1247.6 time, 1210.8 real, 3064.1 MB
[runlim] sample:		1257.8 time, 1220.8 real, 3112.5 MB
[runlim] sample:		1268.0 time, 1230.8 real, 3318.1 MB
[runlim] sample:		1278.2 time, 1240.8 real, 3386.5 MB
[runlim] sample:		1288.5 time, 1250.8 real, 3454.9 MB
[runlim] sample:		1298.7 time, 1260.8 real, 3521.0 MB
[runlim] sample:		1308.9 time, 1270.8 real, 3586.1 MB
Academic license 2663665 - for non-commercial use only - registered to tu___@vnu.edu.vn
(w = 57) Value Cyclicantibandwidth: 57
Lables: [145, 140, 3, 185, 95, 21, 46, 327, 366, 143, 118, 43, 82, 207, 90, 347, 111, 205, 17, 350, 283, 299, 394, 92, 25, 73, 390, 264, 314, 29, 333, 253, 273, 16, 24, 139, 383, 416, 212, 274, 300, 341, 115, 170, 265, 413, 122, 177, 12, 338, 357, 391, 109, 149, 281, 50, 336, 136, 414, 335, 296, 114, 415, 215, 132, 97, 326, 380, 304, 64, 27, 231, 89, 119, 330, 355, 38, 371, 261, 209, 374, 279, 240, 78, 204, 351, 162, 156, 167, 402, 407, 260, 87, 47, 165, 34, 199, 339, 232, 33, 226, 198, 181, 266, 227, 423, 250, 241, 353, 275, 332, 202, 255, 216, 201, 218, 399, 83, 256, 203, 152, 315, 72, 244, 2, 108, 19, 171, 121, 153, 159, 263, 91, 267, 277, 101, 39, 313, 187, 321, 324, 7, 141, 197, 285, 404, 102, 238, 424, 377, 292, 41, 138, 352, 234, 127, 239, 337, 210, 128, 364, 182, 125, 243, 291, 222, 384, 164, 192, 316, 146, 329, 116, 251, 257, 68, 142, 387, 418, 85, 157, 55, 242, 62, 176, 297, 408, 247, 71, 312, 100, 303, 9, 59, 363, 173, 237, 331, 356, 317, 5, 112, 369, 74, 76, 397, 93, 219, 282, 398, 60, 160, 131, 32, 410, 381, 75, 284, 289, 305, 49, 354, 307, 40, 186, 370, 395, 88, 211, 155, 276, 411, 161, 258, 372, 425, 134, 301, 401, 99, 84, 28, 58, 298, 389, 117, 20, 66, 11, 320, 107, 294, 193, 147, 367, 229, 106, 310, 417, 271, 61, 396, 213, 322, 48, 130, 362, 178, 302, 230, 268, 308, 223, 422, 235, 194, 346, 30, 309, 373, 287, 31, 382, 311, 105, 36, 8, 166, 293, 286, 53, 228, 378, 129, 221, 57, 189, 306, 278, 208, 405, 236, 123, 206, 184, 63, 290, 154, 270, 252, 79, 419, 325, 259, 175, 44, 137, 150, 328, 113, 45, 56, 365, 13, 269, 295, 148, 22, 69, 368, 124, 262, 172, 135, 126, 385, 26, 188, 10, 323, 4, 343, 1, 233, 376, 224, 246, 35, 400, 190, 249, 358, 15, 52, 14, 77, 42, 375, 359, 51, 340, 96, 18, 103, 120, 349, 191, 196, 179, 6, 225, 245, 23, 183, 94, 342, 200, 420, 334, 151, 254, 220, 248, 386, 318, 379, 169, 280, 348, 67, 360, 163, 37, 421, 54, 288, 392, 344, 110, 158, 393, 214, 319, 65, 272, 98, 144, 195, 168, 70, 133, 104, 217, 86, 403, 345, 412, 81, 388, 80, 361, 406, 409, 180, 174]
(w = 57) Correct Cyclicantibandwidth
Set parameter TimeLimit to value 1800
[runlim] sample:		1319.2 time, 1280.8 real, 2828.8 MB
[runlim] sample:		1329.3 time, 1290.8 real, 2895.6 MB
[runlim] sample:		1339.5 time, 1300.8 real, 2944.0 MB
[runlim] sample:		1349.7 time, 1310.8 real, 2992.6 MB
[runlim] sample:		1359.8 time, 1320.8 real, 3041.1 MB
[runlim] sample:		1370.0 time, 1330.8 real, 3091.0 MB
[runlim] sample:		1380.2 time, 1340.8 real, 3139.5 MB
[runlim] sample:		1390.3 time, 1350.8 real, 3345.0 MB
[runlim] sample:		1400.5 time, 1360.8 real, 3413.1 MB
[runlim] sample:		1410.6 time, 1370.8 real, 3483.7 MB
[runlim] sample:		1420.8 time, 1380.8 real, 3552.1 MB
[runlim] sample:		1430.9 time, 1390.8 real, 3621.7 MB
Academic license 2663665 - for non-commercial use only - registered to tu___@vnu.edu.vn
(w = 58) Value Cyclicantibandwidth: 58
Lables: [253, 100, 251, 61, 421, 369, 37, 325, 356, 300, 214, 199, 332, 181, 90, 347, 124, 207, 170, 352, 392, 280, 131, 328, 191, 73, 359, 318, 378, 34, 417, 288, 244, 35, 129, 139, 376, 402, 212, 274, 309, 8, 44, 127, 202, 83, 13, 101, 393, 338, 109, 294, 59, 149, 306, 355, 329, 136, 414, 419, 315, 114, 150, 155, 51, 208, 201, 372, 304, 133, 287, 231, 89, 98, 364, 85, 422, 305, 179, 375, 99, 275, 313, 78, 125, 415, 162, 19, 159, 386, 54, 299, 107, 366, 27, 25, 198, 400, 269, 394, 235, 132, 29, 268, 242, 423, 308, 316, 118, 260, 292, 71, 265, 204, 330, 279, 11, 17, 256, 349, 152, 283, 226, 243, 62, 108, 403, 171, 363, 153, 370, 245, 178, 57, 267, 105, 22, 241, 175, 156, 213, 7, 141, 186, 143, 404, 102, 220, 158, 229, 310, 41, 138, 331, 297, 168, 424, 187, 210, 128, 425, 337, 58, 145, 335, 122, 342, 361, 192, 276, 346, 55, 116, 416, 284, 12, 182, 411, 50, 234, 120, 408, 263, 6, 389, 103, 42, 167, 336, 30, 92, 302, 343, 237, 353, 190, 314, 247, 184, 123, 80, 340, 351, 60, 289, 396, 95, 367, 307, 362, 74, 312, 117, 32, 377, 401, 75, 219, 264, 248, 91, 354, 399, 164, 254, 104, 413, 88, 86, 69, 281, 111, 257, 258, 324, 76, 134, 282, 255, 371, 240, 374, 87, 221, 222, 197, 209, 412, 2, 277, 383, 420, 119, 110, 348, 239, 106, 72, 96, 311, 144, 291, 410, 409, 68, 216, 317, 333, 373, 230, 249, 303, 223, 406, 176, 165, 385, 339, 40, 82, 26, 31, 232, 391, 130, 185, 21, 166, 293, 173, 188, 228, 20, 262, 360, 380, 218, 140, 278, 148, 24, 94, 326, 215, 196, 63, 53, 157, 395, 252, 38, 70, 418, 193, 126, 151, 321, 137, 322, 298, 64, 327, 381, 146, 203, 295, 270, 407, 66, 368, 115, 301, 172, 358, 398, 46, 15, 65, 233, 319, 4, 1, 121, 225, 93, 224, 227, 206, 250, 195, 81, 345, 341, 390, 14, 3, 236, 45, 147, 16, 160, 266, 405, 28, 18, 161, 113, 382, 163, 211, 290, 97, 23, 194, 189, 271, 43, 350, 259, 49, 52, 48, 135, 384, 261, 344, 154, 174, 112, 273, 33, 142, 357, 177, 67, 296, 388, 320, 84, 397, 365, 39, 286, 47, 272, 79, 169, 246, 9, 56, 77, 36, 217, 238, 387, 205, 5, 285, 10, 200, 323, 379, 334, 180, 183]
(w = 58) Correct Cyclicantibandwidth
Set parameter TimeLimit to value 1800
[runlim] sample:		1441.0 time, 1400.8 real, 2865.2 MB
[runlim] sample:		1451.2 time, 1410.8 real, 2927.1 MB
[runlim] sample:		1461.3 time, 1420.8 real, 2975.8 MB
[runlim] sample:		1471.5 time, 1430.8 real, 3026.3 MB
[runlim] sample:		1481.7 time, 1440.8 real, 3074.4 MB
[runlim] sample:		1491.8 time, 1450.8 real, 3122.4 MB
[runlim] sample:		1502.0 time, 1460.8 real, 3172.6 MB
[runlim] sample:		1512.2 time, 1470.8 real, 3375.7 MB
[runlim] sample:		1522.3 time, 1480.8 real, 3444.1 MB
[runlim] sample:		1532.5 time, 1490.8 real, 3512.2 MB
[runlim] sample:		1542.6 time, 1500.8 real, 3580.3 MB
[runlim] sample:		1552.7 time, 1510.8 real, 3650.1 MB
Academic license 2663665 - for non-commercial use only - registered to tu___@vnu.edu.vn
(w = 59) Value Cyclicantibandwidth: 59
Lables: [33, 193, 74, 61, 47, 35, 37, 160, 356, 244, 127, 181, 183, 184, 111, 347, 124, 207, 422, 174, 285, 280, 66, 92, 197, 57, 377, 104, 144, 29, 259, 288, 243, 7, 129, 139, 152, 402, 212, 299, 309, 213, 81, 103, 265, 421, 298, 122, 12, 214, 211, 123, 85, 170, 68, 405, 336, 136, 17, 419, 395, 114, 318, 150, 3, 370, 96, 22, 304, 133, 325, 231, 77, 93, 323, 393, 38, 305, 178, 375, 374, 275, 338, 78, 145, 10, 162, 84, 357, 386, 34, 316, 262, 366, 401, 121, 199, 320, 269, 423, 222, 235, 391, 266, 252, 416, 308, 241, 118, 260, 272, 95, 171, 32, 238, 203, 106, 164, 256, 349, 383, 412, 83, 228, 355, 108, 24, 109, 28, 204, 87, 176, 157, 155, 273, 105, 39, 342, 179, 148, 398, 414, 141, 202, 286, 21, 102, 75, 71, 328, 292, 26, 138, 331, 297, 337, 424, 186, 210, 62, 425, 302, 125, 257, 79, 132, 413, 361, 192, 334, 400, 229, 117, 258, 284, 415, 208, 378, 52, 234, 112, 50, 267, 327, 380, 43, 42, 194, 332, 300, 264, 303, 362, 306, 363, 149, 317, 247, 110, 278, 56, 283, 130, 25, 289, 382, 69, 367, 307, 248, 339, 154, 100, 411, 237, 55, 232, 219, 291, 140, 344, 354, 403, 101, 187, 227, 404, 88, 90, 72, 63, 59, 343, 94, 324, 76, 134, 282, 255, 364, 99, 311, 159, 345, 191, 409, 209, 6, 41, 277, 330, 420, 369, 359, 335, 18, 65, 64, 321, 263, 216, 294, 408, 13, 418, 189, 396, 371, 276, 230, 82, 198, 223, 406, 27, 175, 301, 30, 310, 251, 195, 31, 329, 368, 86, 190, 135, 91, 287, 226, 44, 224, 20, 254, 360, 182, 281, 165, 215, 293, 166, 161, 326, 220, 350, 54, 346, 98, 314, 296, 11, 51, 352, 185, 126, 142, 417, 137, 322, 116, 45, 333, 381, 146, 313, 295, 270, 407, 351, 5, 115, 201, 172, 358, 119, 46, 2, 392, 233, 319, 4, 387, 113, 225, 394, 60, 246, 1, 250, 353, 206, 8, 341, 388, 14, 410, 236, 384, 147, 16, 156, 58, 49, 168, 205, 312, 128, 196, 340, 399, 290, 245, 15, 158, 188, 271, 143, 19, 376, 48, 315, 242, 249, 390, 274, 217, 153, 253, 221, 53, 373, 163, 389, 177, 131, 173, 89, 385, 70, 348, 365, 240, 268, 261, 218, 97, 169, 167, 40, 279, 73, 36, 239, 151, 397, 9, 107, 67, 23, 200, 80, 379, 372, 180, 120]
(w = 59) Correct Cyclicantibandwidth
Set parameter TimeLimit to value 1800
[runlim] sample:		1562.9 time, 1520.8 real, 2865.8 MB
[runlim] sample:		1573.0 time, 1530.8 real, 2865.8 MB
[runlim] sample:		1583.2 time, 1540.8 real, 2960.1 MB
[runlim] sample:		1593.4 time, 1550.8 real, 3009.5 MB
[runlim] sample:		1603.5 time, 1560.8 real, 3057.8 MB
[runlim] sample:		1613.7 time, 1570.8 real, 3105.3 MB
[runlim] sample:		1623.9 time, 1580.8 real, 3153.5 MB
[runlim] sample:		1634.1 time, 1590.8 real, 3201.4 MB
[runlim] sample:		1644.3 time, 1600.8 real, 3415.1 MB
[runlim] sample:		1654.5 time, 1610.8 real, 3483.2 MB
[runlim] sample:		1664.7 time, 1620.8 real, 3551.1 MB
[runlim] sample:		1674.9 time, 1630.8 real, 3616.2 MB
[runlim] sample:		1685.1 time, 1640.8 real, 3686.7 MB
Academic license 2663665 - for non-commercial use only - registered to tu___@vnu.edu.vn
(w = 60) Value Cyclicantibandwidth: 60
Lables: [253, 308, 169, 150, 2, 359, 44, 336, 356, 283, 419, 14, 332, 94, 120, 347, 82, 112, 170, 346, 92, 280, 422, 154, 147, 8, 328, 265, 310, 240, 18, 301, 257, 64, 23, 139, 397, 1, 358, 274, 216, 393, 90, 11, 199, 399, 133, 119, 12, 206, 168, 110, 26, 151, 61, 204, 175, 136, 414, 406, 315, 91, 385, 155, 68, 423, 373, 357, 304, 29, 251, 231, 89, 60, 407, 17, 38, 173, 188, 375, 387, 275, 309, 78, 126, 415, 109, 20, 372, 386, 401, 392, 99, 236, 391, 70, 261, 413, 269, 394, 210, 101, 97, 266, 242, 383, 85, 316, 425, 260, 144, 232, 317, 228, 342, 207, 288, 157, 348, 349, 152, 405, 72, 10, 380, 108, 222, 171, 376, 128, 370, 176, 181, 57, 338, 88, 39, 227, 19, 163, 224, 7, 103, 58, 286, 404, 102, 305, 244, 344, 292, 41, 138, 331, 297, 34, 189, 377, 213, 105, 300, 337, 146, 326, 335, 116, 172, 361, 194, 158, 369, 233, 111, 76, 319, 37, 134, 312, 27, 141, 106, 320, 263, 285, 389, 277, 25, 313, 218, 229, 230, 303, 352, 59, 363, 177, 205, 255, 184, 121, 80, 340, 135, 74, 289, 418, 95, 367, 299, 398, 67, 160, 117, 32, 421, 114, 75, 307, 294, 382, 279, 355, 411, 164, 123, 104, 333, 71, 86, 145, 282, 40, 247, 62, 159, 412, 129, 262, 420, 186, 69, 360, 87, 321, 284, 15, 48, 202, 179, 324, 167, 54, 125, 219, 256, 281, 122, 329, 174, 238, 140, 302, 35, 409, 215, 298, 362, 371, 276, 225, 148, 221, 287, 400, 182, 149, 379, 290, 250, 249, 198, 31, 203, 368, 124, 185, 53, 191, 293, 273, 208, 9, 93, 323, 211, 254, 267, 306, 73, 345, 183, 165, 325, 364, 334, 55, 50, 374, 248, 252, 241, 51, 5, 193, 339, 416, 365, 113, 322, 130, 45, 388, 381, 143, 311, 295, 258, 137, 30, 417, 115, 235, 226, 16, 142, 46, 223, 65, 237, 330, 4, 318, 166, 220, 118, 52, 197, 408, 6, 196, 178, 424, 341, 33, 187, 402, 79, 49, 162, 96, 156, 42, 63, 21, 83, 410, 28, 234, 351, 3, 201, 100, 24, 161, 190, 271, 153, 47, 390, 127, 314, 239, 259, 36, 98, 217, 132, 264, 209, 291, 13, 81, 278, 180, 378, 270, 396, 66, 272, 366, 195, 214, 296, 243, 268, 56, 384, 245, 395, 43, 77, 22, 131, 212, 246, 350, 354, 107, 327, 200, 353, 403, 343, 84, 192]
(w = 60) Correct Cyclicantibandwidth
Set parameter TimeLimit to value 1800
[runlim] sample:		1695.3 time, 1650.8 real, 2903.6 MB
[runlim] sample:		1705.4 time, 1660.8 real, 2965.4 MB
[runlim] sample:		1715.7 time, 1670.8 real, 3013.4 MB
[runlim] sample:		1725.8 time, 1680.8 real, 3061.6 MB
[runlim] sample:		1736.0 time, 1690.8 real, 3109.5 MB
[runlim] sample:		1746.2 time, 1700.8 real, 3266.8 MB
[runlim] sample:		1756.5 time, 1710.8 real, 3334.7 MB
[runlim] sample:		1766.6 time, 1720.8 real, 3403.3 MB
[runlim] sample:		1776.8 time, 1730.8 real, 3466.9 MB
[runlim] sample:		1787.0 time, 1740.8 real, 3534.8 MB
[runlim] sample:		1797.1 time, 1750.8 real, 3602.9 MB
[runlim] sample:		1807.3 time, 1760.8 real, 3673.9 MB
[runlim] sample:		1817.5 time, 1770.8 real, 3741.8 MB
Academic license 2663665 - for non-commercial use only - registered to tu___@vnu.edu.vn
(w = 61) Value Cyclicantibandwidth: 61
Lables: [212, 181, 56, 147, 230, 379, 88, 397, 263, 261, 143, 176, 26, 150, 91, 330, 94, 127, 11, 383, 366, 85, 64, 244, 110, 275, 387, 304, 310, 27, 259, 243, 316, 53, 128, 137, 388, 32, 186, 270, 382, 348, 178, 10, 184, 370, 163, 106, 12, 399, 177, 109, 113, 155, 20, 415, 173, 145, 279, 408, 320, 111, 31, 151, 161, 226, 132, 372, 193, 66, 1, 235, 340, 14, 257, 164, 37, 58, 371, 195, 374, 358, 345, 191, 398, 337, 131, 86, 16, 407, 410, 148, 391, 68, 165, 129, 204, 406, 341, 50, 220, 203, 197, 300, 242, 8, 333, 311, 29, 115, 334, 359, 154, 62, 351, 124, 152, 60, 187, 336, 202, 417, 76, 236, 45, 104, 368, 70, 6, 228, 373, 309, 219, 130, 338, 102, 38, 169, 185, 141, 227, 7, 135, 229, 288, 416, 136, 245, 412, 54, 271, 72, 396, 350, 241, 180, 295, 252, 384, 84, 71, 239, 125, 144, 331, 166, 305, 33, 258, 146, 307, 285, 114, 69, 200, 44, 240, 405, 216, 99, 112, 321, 317, 249, 389, 93, 35, 248, 349, 312, 323, 342, 390, 413, 363, 171, 232, 205, 89, 308, 24, 158, 133, 156, 315, 95, 96, 211, 25, 52, 201, 160, 157, 19, 344, 116, 420, 215, 264, 332, 284, 353, 319, 74, 260, 47, 2, 302, 274, 78, 107, 385, 209, 43, 324, 9, 105, 119, 174, 361, 98, 367, 313, 293, 329, 376, 223, 418, 87, 134, 402, 400, 378, 365, 328, 267, 121, 339, 318, 108, 77, 41, 394, 326, 46, 276, 79, 392, 360, 277, 57, 268, 286, 403, 179, 262, 377, 172, 189, 15, 306, 422, 281, 362, 233, 199, 67, 48, 289, 421, 255, 247, 81, 170, 5, 168, 192, 369, 73, 346, 49, 206, 153, 381, 222, 120, 409, 123, 292, 23, 42, 142, 425, 327, 126, 424, 357, 138, 246, 380, 122, 30, 347, 75, 214, 290, 298, 196, 140, 149, 254, 301, 175, 419, 183, 34, 198, 386, 266, 364, 82, 356, 55, 224, 375, 423, 291, 250, 103, 207, 97, 294, 194, 411, 17, 352, 139, 297, 231, 80, 354, 59, 92, 83, 225, 393, 51, 210, 414, 278, 335, 282, 182, 90, 190, 234, 117, 13, 395, 404, 61, 272, 273, 355, 303, 217, 159, 253, 118, 63, 238, 188, 401, 208, 4, 296, 40, 283, 221, 280, 213, 299, 269, 322, 265, 65, 167, 251, 162, 287, 39, 22, 218, 3, 325, 256, 343, 101, 36, 28, 314, 21, 237, 100, 18]
(w = 61) Correct Cyclicantibandwidth
Set parameter TimeLimit to value 1800
[runlim] sample:		1827.7 time, 1780.8 real, 2939.2 MB
[runlim] sample:		1837.8 time, 1790.8 real, 3003.2 MB
[runlim] end:			Fri Oct 10 13:59:54 2025
[runlim] status:		out of time
[runlim] result:		2
[runlim] children:		0
[runlim] real:			1800.17 seconds
[runlim] time:			1847.31 seconds
[runlim] space:			12067.0 MB
[runlim] samples:		17993
