[runlim] version:		1.10
[runlim] time limit:		311040000 seconds
[runlim] real time limit:	1800 seconds
[runlim] space limit:		30000 MB
[runlim] argv[0]:		python3
[runlim] argv[1]:		model.py
[runlim] argv[2]:		U-662_bus.mtx.rnd
[runlim] start:			Fri Oct 10 16:02:45 2025
[runlim] main pid:		55345
Set parameter WLSAccessID
Set parameter WLSSecret
Set parameter LicenseID to value 2663665
Academic license 2663665 - for non-commercial use only - registered to tu___@vnu.edu.vn
Set parameter TimeLimit to value 1800
[runlim] sample:		10.2 time, 10.4 real, 271.2 MB
[runlim] sample:		20.3 time, 20.4 real, 322.2 MB
[runlim] sample:		30.5 time, 30.4 real, 383.4 MB
[runlim] sample:		40.7 time, 40.4 real, 443.5 MB
[runlim] sample:		50.9 time, 50.4 real, 506.9 MB
[runlim] sample:		61.0 time, 60.4 real, 564.9 MB
[runlim] sample:		71.2 time, 70.4 real, 628.8 MB
[runlim] sample:		81.4 time, 80.4 real, 687.1 MB
[runlim] sample:		91.5 time, 90.4 real, 746.9 MB
[runlim] sample:		101.7 time, 100.4 real, 810.8 MB
[runlim] sample:		111.9 time, 110.4 real, 871.3 MB
[runlim] sample:		122.1 time, 120.4 real, 934.8 MB
[runlim] sample:		132.3 time, 130.4 real, 993.0 MB
[runlim] sample:		142.5 time, 140.4 real, 1053.8 MB
[runlim] sample:		152.7 time, 150.4 real, 1120.1 MB
[runlim] sample:		162.9 time, 160.4 real, 1180.8 MB
[runlim] sample:		173.1 time, 170.4 real, 1241.1 MB
[runlim] sample:		183.2 time, 180.4 real, 1299.4 MB
[runlim] sample:		193.4 time, 190.4 real, 1360.9 MB
[runlim] sample:		203.6 time, 200.4 real, 1423.2 MB
[runlim] sample:		213.8 time, 210.4 real, 1481.7 MB
[runlim] sample:		224.0 time, 220.4 real, 1554.8 MB
[runlim] sample:		234.2 time, 230.4 real, 1612.8 MB
[runlim] sample:		244.4 time, 240.4 real, 1670.8 MB
[runlim] sample:		254.6 time, 250.4 real, 1728.9 MB
[runlim] sample:		264.7 time, 260.4 real, 1786.9 MB
[runlim] sample:		274.9 time, 270.4 real, 1844.9 MB
[runlim] sample:		285.1 time, 280.4 real, 1907.7 MB
Academic license 2663665 - for non-commercial use only - registered to tu___@vnu.edu.vn
[runlim] sample:		295.3 time, 290.4 real, 9597.5 MB
[runlim] sample:		305.5 time, 300.4 real, 9637.5 MB
[runlim] sample:		315.6 time, 310.4 real, 12748.1 MB
[runlim] sample:		325.8 time, 320.4 real, 9673.4 MB
[runlim] sample:		336.0 time, 330.4 real, 12769.2 MB
[runlim] sample:		346.2 time, 340.4 real, 12769.6 MB
[runlim] sample:		356.4 time, 350.4 real, 12769.9 MB
[runlim] sample:		366.6 time, 360.4 real, 9658.3 MB
[runlim] sample:		376.8 time, 370.4 real, 12760.8 MB
[runlim] sample:		387.0 time, 380.4 real, 10707.6 MB
[runlim] sample:		397.2 time, 390.4 real, 15370.8 MB
[runlim] sample:		407.4 time, 400.4 real, 9683.1 MB
[runlim] sample:		417.6 time, 410.4 real, 9683.1 MB
[runlim] sample:		436.7 time, 420.4 real, 9762.6 MB
[runlim] sample:		447.3 time, 430.4 real, 13878.3 MB
[runlim] sample:		458.0 time, 440.4 real, 13898.3 MB
[runlim] sample:		468.6 time, 450.4 real, 14020.5 MB
[runlim] sample:		479.3 time, 460.4 real, 14144.5 MB
[runlim] sample:		490.0 time, 470.4 real, 14270.5 MB
[runlim] sample:		500.7 time, 480.4 real, 9767.8 MB
[runlim] sample:		511.3 time, 490.4 real, 9767.8 MB
[runlim] sample:		522.0 time, 500.4 real, 11693.3 MB
[runlim] sample:		532.7 time, 510.4 real, 11691.9 MB
(w = 112) Value Cyclicantibandwidth: 112
Lables: [134, 169, 283, 170, 179, 28, 479, 92, 353, 347, 119, 631, 187, 587, 93, 188, 509, 340, 356, 585, 72, 280, 184, 48, 73, 16, 546, 29, 281, 661, 17, 371, 235, 30, 115, 468, 31, 32, 116, 74, 469, 94, 190, 385, 193, 126, 650, 194, 195, 491, 234, 140, 203, 282, 298, 350, 125, 196, 197, 33, 198, 95, 286, 287, 49, 9, 200, 117, 448, 141, 96, 34, 145, 75, 623, 97, 76, 293, 288, 50, 51, 98, 99, 251, 144, 128, 100, 269, 357, 233, 101, 201, 252, 345, 289, 494, 202, 204, 510, 205, 120, 102, 77, 206, 359, 513, 35, 363, 482, 361, 36, 290, 524, 207, 103, 78, 238, 208, 209, 210, 52, 53, 158, 315, 104, 270, 390, 211, 139, 212, 365, 18, 291, 54, 253, 292, 213, 214, 516, 19, 366, 215, 239, 216, 217, 619, 231, 218, 55, 294, 180, 373, 244, 219, 37, 220, 221, 222, 223, 127, 348, 254, 246, 146, 426, 105, 3, 255, 79, 256, 333, 224, 355, 113, 228, 56, 458, 38, 80, 474, 301, 226, 147, 295, 296, 297, 299, 236, 81, 153, 39, 106, 380, 40, 107, 82, 300, 108, 302, 227, 109, 305, 306, 307, 308, 57, 496, 498, 653, 309, 41, 310, 311, 536, 367, 312, 313, 314, 391, 369, 1, 20, 628, 316, 438, 241, 317, 318, 319, 320, 152, 178, 4, 321, 322, 541, 481, 110, 58, 258, 83, 111, 225, 323, 59, 324, 325, 326, 112, 327, 328, 370, 276, 343, 398, 329, 42, 60, 330, 331, 332, 579, 148, 384, 10, 334, 61, 464, 138, 240, 379, 335, 84, 336, 248, 421, 338, 339, 259, 472, 341, 659, 342, 660, 372, 346, 548, 131, 150, 114, 62, 374, 375, 611, 376, 377, 149, 378, 382, 383, 386, 453, 387, 439, 388, 389, 392, 428, 182, 417, 154, 404, 136, 393, 260, 123, 394, 395, 242, 396, 129, 435, 151, 397, 173, 450, 488, 399, 400, 243, 401, 514, 257, 402, 63, 156, 403, 405, 85, 237, 406, 407, 444, 2, 475, 519, 408, 368, 508, 409, 604, 577, 550, 452, 261, 457, 512, 615, 442, 607, 432, 649, 573, 629, 563, 191, 142, 554, 515, 567, 538, 648, 337, 499, 447, 232, 456, 580, 422, 539, 459, 528, 183, 172, 412, 177, 618, 21, 86, 632, 64, 437, 647, 11, 529, 5, 597, 601, 658, 229, 133, 639, 431, 644, 12, 480, 471, 264, 118, 65, 66, 174, 416, 413, 352, 6, 523, 505, 130, 641, 640, 622, 549, 617, 155, 610, 522, 22, 655, 638, 564, 624, 449, 560, 185, 495, 511, 602, 643, 424, 484, 557, 164, 262, 265, 358, 434, 534, 454, 592, 161, 504, 263, 460, 124, 473, 410, 466, 531, 419, 121, 420, 642, 423, 477, 381, 561, 443, 7, 433, 501, 23, 593, 656, 132, 570, 461, 662, 135, 159, 13, 266, 627, 230, 303, 267, 609, 582, 634, 418, 652, 43, 589, 545, 517, 485, 489, 502, 268, 530, 544, 344, 160, 552, 633, 414, 574, 171, 559, 44, 445, 122, 284, 362, 189, 584, 24, 427, 487, 271, 490, 525, 532, 162, 540, 349, 25, 537, 581, 626, 272, 273, 451, 470, 507, 533, 192, 274, 651, 506, 620, 586, 547, 429, 630, 645, 440, 558, 67, 543, 521, 157, 578, 87, 571, 275, 636, 68, 69, 465, 526, 576, 551, 599, 603, 26, 463, 568, 163, 598, 245, 199, 566, 88, 503, 425, 446, 553, 657, 569, 137, 608, 89, 360, 590, 166, 181, 70, 600, 462, 90, 415, 492, 45, 565, 575, 14, 613, 621, 277, 625, 591, 542, 606, 594, 588, 46, 478, 562, 167, 175, 278, 47, 476, 616, 176, 497, 351, 654, 596, 8, 605, 583, 614, 411, 646, 535, 483, 168, 143, 441, 467, 556, 612, 555, 436, 364, 430, 520, 285, 486, 165, 595, 635, 354, 249, 518, 27, 279, 304, 500, 527, 572, 455, 493, 637, 186, 71, 15, 247, 250, 91]
(w = 112) Correct Cyclicantibandwidth
Set parameter TimeLimit to value 1800
[runlim] sample:		546.1 time, 520.4 real, 10282.9 MB
[runlim] sample:		556.3 time, 530.4 real, 10344.4 MB
[runlim] sample:		566.5 time, 540.4 real, 10425.9 MB
[runlim] sample:		576.7 time, 550.4 real, 10484.4 MB
[runlim] sample:		586.9 time, 560.4 real, 10540.9 MB
[runlim] sample:		597.0 time, 570.4 real, 10598.7 MB
[runlim] sample:		607.2 time, 580.4 real, 10656.7 MB
[runlim] sample:		617.4 time, 590.4 real, 10714.7 MB
[runlim] sample:		627.6 time, 600.4 real, 10770.4 MB
[runlim] sample:		637.8 time, 610.4 real, 10826.5 MB
[runlim] sample:		647.9 time, 620.4 real, 10884.5 MB
[runlim] sample:		658.1 time, 630.4 real, 10942.2 MB
[runlim] sample:		668.3 time, 640.4 real, 11000.0 MB
[runlim] sample:		678.5 time, 650.4 real, 11059.1 MB
[runlim] sample:		688.8 time, 660.4 real, 11115.2 MB
[runlim] sample:		698.9 time, 670.4 real, 11175.0 MB
[runlim] sample:		709.1 time, 680.4 real, 11230.8 MB
[runlim] sample:		719.3 time, 690.4 real, 11290.8 MB
[runlim] sample:		729.5 time, 700.4 real, 11346.5 MB
[runlim] sample:		739.7 time, 710.4 real, 11402.0 MB
[runlim] sample:		749.9 time, 720.4 real, 11456.9 MB
[runlim] sample:		760.1 time, 730.4 real, 11512.7 MB
[runlim] sample:		770.3 time, 740.4 real, 11570.4 MB
[runlim] sample:		780.5 time, 750.4 real, 11626.2 MB
[runlim] sample:		790.7 time, 760.4 real, 11683.9 MB
[runlim] sample:		800.9 time, 770.4 real, 11742.0 MB
[runlim] sample:		811.1 time, 780.4 real, 11797.7 MB
[runlim] sample:		821.3 time, 790.4 real, 11855.5 MB
[runlim] sample:		831.5 time, 800.4 real, 11913.3 MB
[runlim] sample:		841.7 time, 810.4 real, 11971.0 MB
Academic license 2663665 - for non-commercial use only - registered to tu___@vnu.edu.vn
(w = 113) Value Cyclicantibandwidth: 113
Lables: [437, 27, 478, 150, 268, 567, 306, 219, 156, 421, 435, 158, 86, 541, 517, 502, 361, 113, 220, 548, 512, 340, 364, 44, 378, 540, 537, 13, 241, 347, 234, 658, 439, 144, 152, 611, 461, 535, 385, 63, 515, 438, 644, 20, 311, 646, 568, 40, 374, 123, 612, 546, 260, 272, 465, 117, 494, 476, 375, 139, 81, 14, 73, 399, 482, 615, 303, 620, 600, 339, 432, 391, 416, 460, 251, 471, 367, 75, 200, 250, 531, 609, 525, 58, 77, 524, 563, 630, 39, 501, 513, 29, 489, 134, 162, 395, 442, 397, 545, 598, 82, 594, 455, 236, 203, 570, 235, 237, 345, 369, 22, 638, 606, 617, 622, 487, 4, 318, 496, 388, 175, 396, 542, 468, 590, 404, 67, 328, 433, 639, 101, 447, 657, 409, 33, 11, 163, 325, 313, 185, 316, 506, 208, 157, 116, 585, 95, 270, 456, 557, 521, 575, 7, 305, 360, 386, 143, 127, 276, 481, 83, 160, 588, 412, 248, 466, 539, 149, 453, 357, 559, 171, 180, 351, 579, 452, 384, 90, 186, 651, 516, 55, 238, 366, 266, 267, 111, 405, 362, 608, 580, 286, 400, 377, 335, 168, 566, 436, 202, 31, 85, 69, 497, 177, 636, 488, 287, 301, 418, 631, 322, 54, 277, 199, 206, 619, 633, 554, 565, 23, 122, 380, 176, 312, 174, 3, 129, 300, 441, 161, 221, 104, 255, 166, 321, 589, 406, 308, 273, 595, 19, 167, 648, 79, 379, 109, 440, 591, 98, 618, 331, 522, 118, 520, 616, 464, 473, 124, 547, 403, 226, 625, 106, 78, 381, 558, 544, 660, 42, 408, 178, 240, 214, 105, 227, 355, 133, 231, 353, 48, 307, 264, 326, 526, 602, 107, 605, 514, 294, 298, 285, 179, 132, 108, 215, 195, 10, 498, 37, 222, 490, 71, 320, 474, 346, 2, 500, 650, 242, 553, 140, 281, 505, 184, 74, 510, 329, 572, 96, 601, 211, 209, 450, 486, 419, 656, 159, 205, 135, 8, 89, 315, 372, 534, 528, 80, 393, 197, 146, 654, 394, 289, 477, 538, 484, 467, 302, 204, 509, 560, 571, 26, 15, 581, 32, 390, 632, 25, 271, 334, 411, 610, 647, 652, 181, 35, 552, 470, 583, 475, 190, 604, 112, 213, 370, 230, 126, 274, 319, 246, 371, 223, 593, 635, 392, 114, 275, 66, 543, 252, 343, 562, 72, 84, 463, 427, 46, 624, 621, 503, 444, 128, 282, 424, 387, 443, 449, 536, 576, 603, 358, 423, 51, 429, 115, 314, 607, 164, 245, 243, 183, 333, 637, 413, 131, 56, 309, 192, 479, 564, 499, 97, 398, 459, 261, 279, 401, 217, 422, 52, 34, 92, 446, 136, 225, 53, 573, 410, 330, 1, 43, 94, 327, 88, 201, 65, 382, 18, 508, 556, 249, 586, 649, 428, 229, 299, 165, 247, 653, 344, 193, 45, 368, 310, 137, 555, 155, 491, 64, 145, 36, 584, 189, 47, 170, 341, 290, 256, 634, 154, 485, 153, 269, 587, 363, 359, 232, 257, 141, 402, 218, 596, 448, 527, 76, 297, 352, 614, 233, 623, 659, 70, 336, 173, 295, 239, 198, 125, 472, 68, 259, 191, 582, 457, 38, 110, 138, 645, 62, 258, 592, 296, 350, 642, 288, 9, 304, 549, 99, 365, 613, 142, 187, 148, 469, 57, 196, 504, 60, 253, 492, 426, 151, 414, 462, 420, 389, 16, 228, 629, 262, 529, 349, 533, 147, 376, 292, 28, 519, 415, 417, 628, 21, 569, 216, 480, 5, 454, 574, 103, 383, 207, 655, 373, 662, 523, 188, 550, 254, 640, 425, 17, 332, 597, 210, 577, 283, 431, 532, 244, 599, 182, 30, 12, 495, 224, 280, 434, 120, 194, 641, 284, 130, 483, 511, 661, 451, 626, 100, 458, 324, 627, 518, 263, 169, 578, 348, 265, 643, 342, 119, 338, 317, 530, 93, 356, 59, 493, 24, 323, 445, 121, 91, 61, 278, 337, 6, 41, 87, 49, 407, 172, 293, 102, 551, 212, 291, 50, 354, 430, 561, 507]
(w = 113) Correct Cyclicantibandwidth
Set parameter TimeLimit to value 1800
[runlim] sample:		851.9 time, 820.4 real, 5706.8 MB
[runlim] sample:		862.0 time, 830.4 real, 5727.3 MB
[runlim] sample:		872.2 time, 840.4 real, 5729.9 MB
[runlim] sample:		882.4 time, 850.4 real, 5849.1 MB
[runlim] sample:		892.6 time, 860.4 real, 5889.7 MB
[runlim] sample:		902.8 time, 870.4 real, 5937.3 MB
[runlim] sample:		913.0 time, 880.4 real, 6095.3 MB
[runlim] sample:		923.2 time, 890.4 real, 6151.1 MB
[runlim] sample:		933.4 time, 900.4 real, 6206.9 MB
[runlim] sample:		943.6 time, 910.4 real, 6266.0 MB
[runlim] sample:		953.8 time, 920.4 real, 6323.8 MB
[runlim] sample:		964.0 time, 930.4 real, 6381.5 MB
[runlim] sample:		974.2 time, 940.4 real, 6439.5 MB
[runlim] sample:		984.4 time, 950.4 real, 6496.8 MB
[runlim] sample:		994.6 time, 960.4 real, 6548.0 MB
[runlim] sample:		1004.8 time, 970.4 real, 6605.8 MB
[runlim] sample:		1015.0 time, 980.4 real, 6663.5 MB
[runlim] sample:		1025.2 time, 990.4 real, 6721.6 MB
[runlim] sample:		1035.5 time, 1000.4 real, 6779.3 MB
[runlim] sample:		1045.7 time, 1010.4 real, 6837.1 MB
[runlim] sample:		1055.9 time, 1020.4 real, 6893.5 MB
[runlim] sample:		1066.0 time, 1030.4 real, 6951.2 MB
[runlim] sample:		1076.2 time, 1040.4 real, 7009.0 MB
[runlim] sample:		1086.4 time, 1050.4 real, 7062.8 MB
[runlim] sample:		1096.6 time, 1060.4 real, 7120.5 MB
[runlim] sample:		1106.8 time, 1070.4 real, 7178.3 MB
[runlim] sample:		1117.0 time, 1080.4 real, 7233.8 MB
[runlim] sample:		1127.1 time, 1090.4 real, 7291.6 MB
[runlim] sample:		1137.3 time, 1100.4 real, 7347.3 MB
[runlim] sample:		1147.5 time, 1110.4 real, 7405.8 MB
Academic license 2663665 - for non-commercial use only - registered to tu___@vnu.edu.vn
(w = 114) Value Cyclicantibandwidth: 114
Lables: [437, 528, 225, 150, 80, 393, 32, 486, 309, 618, 448, 334, 59, 369, 158, 502, 399, 113, 244, 209, 512, 324, 364, 44, 108, 513, 642, 13, 241, 283, 272, 646, 296, 389, 152, 237, 461, 535, 142, 246, 515, 116, 640, 447, 171, 96, 21, 580, 347, 235, 612, 126, 182, 451, 330, 107, 494, 476, 639, 273, 91, 183, 227, 423, 482, 31, 566, 620, 189, 196, 302, 294, 268, 460, 420, 248, 538, 465, 514, 144, 531, 609, 79, 1, 120, 524, 368, 634, 568, 505, 589, 181, 6, 134, 146, 344, 569, 557, 54, 168, 82, 594, 429, 121, 179, 357, 201, 143, 252, 463, 22, 381, 571, 263, 617, 222, 4, 499, 521, 64, 173, 550, 645, 28, 385, 404, 67, 307, 167, 551, 101, 387, 287, 308, 391, 501, 446, 479, 218, 185, 316, 52, 570, 267, 161, 49, 128, 137, 301, 487, 536, 332, 7, 327, 360, 432, 163, 631, 358, 407, 130, 333, 554, 416, 328, 406, 529, 149, 207, 394, 559, 50, 180, 270, 534, 613, 338, 90, 186, 452, 84, 157, 118, 366, 563, 5, 365, 336, 362, 608, 604, 63, 474, 516, 647, 466, 653, 40, 310, 650, 85, 205, 497, 239, 340, 489, 331, 545, 258, 115, 291, 112, 277, 148, 164, 255, 155, 599, 194, 2, 102, 380, 496, 175, 240, 3, 371, 300, 441, 172, 98, 160, 260, 127, 97, 136, 266, 390, 662, 595, 19, 184, 648, 383, 379, 467, 15, 468, 223, 329, 578, 203, 280, 619, 75, 224, 454, 124, 541, 8, 410, 654, 215, 583, 317, 549, 544, 418, 69, 408, 485, 138, 51, 367, 242, 488, 314, 247, 352, 48, 286, 132, 210, 625, 72, 159, 297, 388, 42, 257, 285, 154, 567, 348, 419, 587, 58, 378, 37, 555, 178, 71, 579, 17, 346, 213, 279, 375, 254, 353, 140, 11, 522, 38, 78, 510, 565, 572, 464, 311, 211, 624, 450, 403, 30, 626, 202, 86, 135, 509, 89, 363, 290, 320, 424, 616, 546, 198, 553, 655, 471, 343, 644, 539, 520, 581, 351, 111, 615, 350, 434, 26, 590, 422, 36, 400, 632, 187, 271, 226, 94, 105, 475, 425, 483, 35, 588, 214, 449, 81, 190, 552, 117, 250, 335, 230, 481, 274, 278, 236, 500, 103, 593, 492, 281, 114, 458, 637, 480, 123, 305, 457, 377, 88, 605, 341, 602, 284, 585, 503, 517, 104, 542, 47, 220, 575, 313, 533, 473, 603, 635, 269, 125, 386, 629, 319, 607, 122, 245, 431, 411, 200, 53, 339, 119, 216, 318, 192, 29, 83, 27, 321, 169, 435, 261, 397, 556, 217, 656, 165, 547, 9, 591, 14, 265, 62, 46, 243, 540, 633, 10, 428, 20, 92, 649, 652, 382, 106, 25, 259, 249, 586, 191, 472, 229, 409, 659, 43, 61, 560, 374, 55, 295, 275, 484, 18, 598, 234, 611, 145, 70, 630, 558, 60, 322, 349, 405, 573, 345, 526, 315, 153, 402, 326, 627, 359, 232, 453, 110, 564, 527, 417, 401, 511, 532, 498, 23, 614, 233, 24, 638, 495, 219, 601, 562, 73, 221, 658, 584, 582, 131, 147, 133, 469, 68, 139, 264, 470, 372, 421, 445, 262, 39, 415, 304, 197, 355, 477, 100, 592, 606, 543, 506, 177, 206, 57, 212, 504, 74, 253, 440, 426, 151, 414, 490, 427, 444, 204, 228, 413, 392, 325, 174, 56, 459, 376, 292, 166, 519, 439, 95, 628, 282, 621, 396, 41, 156, 596, 574, 622, 623, 342, 610, 443, 65, 129, 323, 66, 238, 600, 577, 576, 76, 597, 231, 293, 306, 491, 537, 660, 176, 77, 518, 438, 636, 525, 276, 370, 657, 12, 641, 508, 442, 170, 398, 288, 436, 412, 256, 354, 548, 208, 395, 195, 188, 462, 298, 251, 643, 651, 373, 299, 384, 661, 93, 356, 99, 162, 530, 141, 34, 289, 303, 193, 337, 493, 33, 45, 478, 523, 361, 456, 199, 16, 433, 109, 455, 87, 561, 430, 312, 507]
(w = 114) Correct Cyclicantibandwidth
Set parameter TimeLimit to value 1800
[runlim] sample:		1157.7 time, 1120.4 real, 5756.6 MB
[runlim] sample:		1168.0 time, 1130.4 real, 5797.1 MB
[runlim] sample:		1178.3 time, 1140.4 real, 5797.1 MB
[runlim] sample:		1188.6 time, 1150.4 real, 5797.1 MB
[runlim] sample:		1198.9 time, 1160.4 real, 5797.1 MB
[runlim] sample:		1209.2 time, 1170.4 real, 5900.0 MB
[runlim] sample:		1219.5 time, 1180.4 real, 5920.0 MB
[runlim] sample:		1229.8 time, 1190.4 real, 5940.5 MB
[runlim] sample:		1240.2 time, 1200.4 real, 5960.5 MB
[runlim] sample:		1250.5 time, 1210.4 real, 5982.0 MB
[runlim] sample:		1260.8 time, 1220.4 real, 6004.3 MB
[runlim] sample:		1271.0 time, 1230.4 real, 6030.3 MB
[runlim] sample:		1281.3 time, 1240.4 real, 6052.4 MB
[runlim] sample:		1291.6 time, 1250.4 real, 6085.7 MB
[runlim] sample:		1301.8 time, 1260.4 real, 6282.1 MB
[runlim] sample:		1311.9 time, 1270.4 real, 6339.9 MB
[runlim] sample:		1322.1 time, 1280.4 real, 6397.4 MB
[runlim] sample:		1332.3 time, 1290.4 real, 6455.2 MB
[runlim] sample:		1342.5 time, 1300.4 real, 6512.9 MB
[runlim] sample:		1352.7 time, 1310.4 real, 6570.5 MB
[runlim] sample:		1362.9 time, 1320.4 real, 6624.2 MB
[runlim] sample:		1373.1 time, 1330.4 real, 6681.7 MB
[runlim] sample:		1383.3 time, 1340.4 real, 6737.5 MB
[runlim] sample:		1393.5 time, 1350.4 real, 6793.3 MB
[runlim] sample:		1403.7 time, 1360.4 real, 6848.8 MB
[runlim] sample:		1413.9 time, 1370.4 real, 6905.9 MB
[runlim] sample:		1424.1 time, 1380.4 real, 6964.2 MB
[runlim] sample:		1434.3 time, 1390.4 real, 7021.9 MB
[runlim] sample:		1444.5 time, 1400.4 real, 7077.7 MB
[runlim] sample:		1454.7 time, 1410.4 real, 7135.5 MB
[runlim] sample:		1464.9 time, 1420.4 real, 7193.2 MB
[runlim] sample:		1475.2 time, 1430.4 real, 7246.7 MB
[runlim] sample:		1485.3 time, 1440.4 real, 7304.5 MB
[runlim] sample:		1495.5 time, 1450.4 real, 7362.3 MB
[runlim] sample:		1505.8 time, 1460.4 real, 7418.0 MB
[runlim] sample:		1516.0 time, 1470.4 real, 7475.6 MB
Academic license 2663665 - for non-commercial use only - registered to tu___@vnu.edu.vn
(w = 115) Value Cyclicantibandwidth: 115
Lables: [437, 148, 326, 150, 222, 350, 369, 486, 156, 439, 513, 644, 602, 541, 359, 502, 256, 238, 132, 574, 231, 352, 364, 44, 13, 523, 23, 542, 583, 283, 255, 208, 247, 340, 152, 374, 461, 535, 385, 246, 216, 116, 10, 394, 97, 633, 568, 319, 347, 39, 582, 126, 182, 472, 465, 107, 494, 476, 375, 139, 273, 190, 499, 46, 482, 9, 313, 620, 96, 339, 551, 391, 416, 376, 251, 506, 447, 75, 200, 187, 531, 609, 155, 1, 120, 524, 563, 634, 630, 423, 572, 29, 606, 86, 162, 333, 442, 547, 137, 8, 623, 588, 455, 94, 48, 174, 201, 237, 176, 324, 22, 331, 607, 617, 463, 487, 4, 119, 496, 388, 175, 596, 101, 28, 659, 404, 600, 197, 130, 204, 311, 387, 615, 308, 33, 501, 43, 325, 218, 185, 158, 653, 483, 592, 70, 219, 128, 270, 456, 421, 521, 383, 344, 459, 305, 512, 516, 628, 358, 625, 83, 160, 571, 622, 316, 406, 539, 149, 453, 357, 12, 50, 180, 511, 579, 125, 287, 80, 650, 452, 84, 322, 473, 330, 233, 64, 199, 537, 362, 470, 580, 548, 498, 454, 647, 610, 17, 578, 194, 31, 85, 69, 497, 643, 636, 106, 370, 353, 418, 307, 294, 163, 464, 214, 289, 239, 118, 65, 570, 365, 328, 380, 626, 420, 241, 3, 371, 300, 164, 18, 98, 466, 260, 527, 321, 349, 351, 390, 24, 561, 19, 543, 648, 79, 379, 258, 99, 519, 223, 489, 457, 55, 280, 598, 616, 291, 504, 124, 196, 220, 403, 485, 215, 170, 381, 378, 544, 660, 42, 408, 27, 240, 402, 632, 242, 488, 133, 361, 468, 589, 612, 432, 317, 143, 67, 159, 618, 514, 293, 649, 254, 363, 567, 157, 306, 546, 58, 629, 428, 604, 490, 134, 528, 655, 346, 355, 279, 66, 129, 384, 140, 138, 534, 184, 259, 526, 565, 225, 63, 102, 211, 209, 450, 264, 337, 458, 202, 205, 135, 395, 329, 348, 656, 505, 440, 53, 393, 336, 146, 651, 213, 343, 477, 533, 552, 467, 302, 111, 509, 367, 540, 26, 590, 422, 122, 400, 605, 7, 271, 396, 554, 436, 595, 652, 181, 35, 558, 449, 413, 123, 5, 100, 112, 178, 373, 230, 57, 474, 95, 585, 500, 103, 577, 520, 141, 114, 275, 637, 236, 252, 481, 562, 224, 88, 15, 341, 115, 624, 412, 503, 409, 401, 282, 424, 168, 575, 59, 536, 576, 603, 635, 25, 288, 429, 117, 285, 154, 113, 268, 431, 73, 318, 38, 91, 658, 11, 41, 105, 89, 564, 522, 299, 20, 435, 261, 397, 613, 217, 645, 557, 34, 654, 446, 136, 144, 419, 581, 243, 345, 250, 281, 559, 227, 179, 290, 47, 193, 267, 262, 556, 249, 586, 191, 195, 386, 415, 553, 56, 61, 560, 475, 45, 405, 368, 484, 555, 398, 631, 611, 92, 186, 32, 189, 60, 310, 296, 389, 573, 78, 272, 315, 153, 269, 587, 507, 192, 232, 76, 278, 226, 206, 451, 434, 234, 297, 172, 569, 614, 166, 594, 638, 81, 173, 37, 295, 382, 198, 462, 584, 145, 131, 212, 515, 469, 372, 110, 266, 601, 62, 167, 320, 639, 147, 417, 593, 492, 304, 549, 108, 171, 301, 493, 210, 177, 207, 183, 54, 16, 68, 253, 277, 426, 151, 414, 312, 427, 444, 104, 21, 508, 399, 529, 229, 36, 169, 441, 292, 6, 517, 608, 471, 274, 599, 221, 2, 74, 342, 491, 443, 621, 642, 327, 479, 366, 82, 495, 257, 550, 377, 14, 425, 228, 460, 591, 478, 597, 332, 127, 51, 244, 121, 77, 518, 438, 525, 354, 276, 265, 657, 640, 641, 284, 248, 411, 392, 30, 538, 40, 235, 303, 90, 72, 530, 545, 188, 314, 298, 627, 142, 71, 532, 338, 566, 433, 93, 356, 445, 263, 646, 161, 323, 662, 286, 203, 334, 510, 165, 448, 87, 661, 407, 480, 619, 49, 109, 245, 335, 52, 360, 430, 309, 410]
(w = 115) Correct Cyclicantibandwidth
Set parameter TimeLimit to value 1800
[runlim] sample:		1526.2 time, 1480.4 real, 5843.6 MB
[runlim] sample:		1536.4 time, 1490.4 real, 5844.5 MB
[runlim] sample:		1546.6 time, 1500.4 real, 5844.8 MB
[runlim] sample:		1556.8 time, 1510.4 real, 5903.3 MB
[runlim] sample:		1567.0 time, 1520.4 real, 6073.1 MB
[runlim] sample:		1577.2 time, 1530.4 real, 6125.6 MB
[runlim] sample:		1587.3 time, 1540.4 real, 6181.2 MB
[runlim] sample:		1597.5 time, 1550.4 real, 6236.7 MB
[runlim] sample:		1607.7 time, 1560.4 real, 6292.4 MB
[runlim] sample:		1617.9 time, 1570.4 real, 6349.5 MB
[runlim] sample:		1628.1 time, 1580.4 real, 6407.2 MB
[runlim] sample:		1638.3 time, 1590.4 real, 6465.0 MB
[runlim] sample:		1648.5 time, 1600.4 real, 6520.8 MB
[runlim] sample:		1658.7 time, 1610.4 real, 6579.7 MB
[runlim] sample:		1668.9 time, 1620.4 real, 6635.5 MB
[runlim] sample:		1679.1 time, 1630.4 real, 6693.2 MB
[runlim] sample:		1689.3 time, 1640.4 real, 6749.0 MB
[runlim] sample:		1699.5 time, 1650.4 real, 6806.5 MB
[runlim] sample:		1709.8 time, 1660.4 real, 6864.2 MB
[runlim] sample:		1720.0 time, 1670.4 real, 6922.0 MB
[runlim] sample:		1730.2 time, 1680.4 real, 6976.7 MB
[runlim] sample:		1740.4 time, 1690.4 real, 7034.5 MB
[runlim] sample:		1750.6 time, 1700.4 real, 7092.3 MB
[runlim] sample:		1760.8 time, 1710.4 real, 7147.8 MB
[runlim] sample:		1770.9 time, 1720.4 real, 7201.3 MB
[runlim] sample:		1781.1 time, 1730.4 real, 7257.1 MB
[runlim] sample:		1791.4 time, 1740.4 real, 7314.6 MB
[runlim] sample:		1801.6 time, 1750.4 real, 7372.3 MB
[runlim] sample:		1811.8 time, 1760.4 real, 7430.1 MB
[runlim] sample:		1821.9 time, 1770.4 real, 7487.8 MB
[runlim] sample:		1832.1 time, 1780.4 real, 2762.3 MB
Academic license 2663665 - for non-commercial use only - registered to tu___@vnu.edu.vn
[runlim] sample:		1842.3 time, 1790.4 real, 10515.5 MB
[runlim] end:			Fri Oct 10 16:32:45 2025
[runlim] status:		out of time
[runlim] result:		2
[runlim] children:		0
[runlim] real:			1800.23 seconds
[runlim] time:			1852.33 seconds
[runlim] space:			18341.4 MB
[runlim] samples:		17998
