[runlim] version:		1.10
[runlim] time limit:		311040000 seconds
[runlim] real time limit:	1800 seconds
[runlim] space limit:		30000 MB
[runlim] argv[0]:		python3
[runlim] argv[1]:		model.py
[runlim] argv[2]:		K-dwt__234.mtx.rnd
[runlim] start:			Fri Oct 10 11:55:16 2025
[runlim] main pid:		25725
Set parameter WLSAccessID
Set parameter WLSSecret
Set parameter LicenseID to value 2663665
Academic license 2663665 - for non-commercial use only - registered to tu___@vnu.edu.vn
Set parameter TimeLimit to value 1800
Academic license 2663665 - for non-commercial use only - registered to tu___@vnu.edu.vn
(w = 25) Value Cyclicantibandwidth: 25
Lables: [105, 38, 35, 55, 64, 75, 113, 93, 33, 11, 23, 86, 6, 99, 50, 26, 57, 37, 70, 27, 73, 4, 61, 68, 96, 20, 15, 102, 9, 1, 81, 109, 41, 22, 79, 13, 115, 34, 71, 30, 16, 97, 104, 39, 85, 14, 59, 101, 66, 10, 19, 5, 2, 76, 92, 114, 74, 72, 53, 107, 88, 91, 49, 25, 51, 36, 58, 90, 44, 77, 69, 43, 110, 94, 42, 100, 111, 78, 18, 46, 84, 47, 83, 24, 7, 106, 95, 31, 65, 56, 98, 112, 40, 17, 89, 3, 108, 82, 60, 117, 103, 32, 67, 52, 54, 87, 28, 116, 8, 12, 29, 62, 45, 48, 63, 21, 80]
(w = 25) Correct Cyclicantibandwidth
Set parameter TimeLimit to value 1800
Academic license 2663665 - for non-commercial use only - registered to tu___@vnu.edu.vn
(w = 26) Value Cyclicantibandwidth: 26
Lables: [109, 39, 63, 55, 64, 110, 77, 80, 35, 21, 68, 87, 112, 99, 66, 23, 95, 37, 73, 20, 1, 3, 94, 32, 8, 69, 56, 102, 92, 29, 84, 16, 103, 6, 96, 52, 27, 75, 76, 41, 4, 108, 9, 25, 2, 11, 79, 106, 58, 5, 71, 30, 10, 117, 116, 42, 22, 49, 19, 107, 40, 91, 83, 89, 24, 43, 57, 104, 48, 61, 44, 100, 97, 28, 46, 74, 31, 86, 54, 45, 111, 18, 50, 70, 7, 65, 88, 78, 98, 93, 105, 85, 113, 115, 72, 53, 47, 34, 101, 114, 90, 26, 14, 36, 13, 81, 17, 12, 38, 67, 82, 59, 62, 51, 60, 15, 33]
(w = 26) Correct Cyclicantibandwidth
Set parameter TimeLimit to value 1800
Academic license 2663665 - for non-commercial use only - registered to tu___@vnu.edu.vn
(w = 27) Value Cyclicantibandwidth: 27
Lables: [105, 5, 35, 20, 64, 114, 115, 80, 31, 48, 71, 88, 6, 99, 23, 29, 100, 37, 70, 28, 112, 4, 62, 47, 15, 68, 44, 110, 24, 1, 90, 16, 42, 101, 96, 49, 32, 75, 76, 84, 102, 108, 26, 36, 92, 14, 59, 106, 30, 7, 79, 87, 98, 2, 8, 82, 94, 45, 51, 107, 25, 91, 78, 61, 34, 55, 58, 22, 52, 113, 66, 43, 10, 21, 81, 97, 111, 86, 18, 46, 116, 19, 50, 53, 3, 27, 95, 67, 65, 56, 93, 85, 109, 83, 38, 60, 13, 117, 12, 63, 103, 54, 11, 9, 40, 72, 39, 104, 41, 89, 77, 73, 33, 57, 74, 17, 69]
(w = 27) Correct Cyclicantibandwidth
Set parameter TimeLimit to value 1800
Academic license 2663665 - for non-commercial use only - registered to tu___@vnu.edu.vn
(w = 28) Value Cyclicantibandwidth: 28
Lables: [101, 13, 35, 23, 65, 75, 115, 80, 34, 48, 61, 77, 93, 54, 31, 55, 39, 37, 102, 46, 52, 4, 99, 12, 89, 68, 15, 69, 98, 20, 43, 109, 40, 116, 96, 50, 105, 62, 76, 83, 38, 108, 9, 7, 104, 57, 63, 85, 2, 86, 56, 92, 19, 97, 113, 106, 1, 21, 11, 107, 25, 91, 49, 67, 22, 111, 58, 94, 88, 81, 33, 70, 79, 8, 26, 74, 24, 78, 64, 42, 5, 45, 95, 53, 3, 117, 112, 47, 51, 28, 18, 32, 66, 110, 60, 29, 71, 114, 103, 84, 100, 72, 90, 59, 10, 87, 16, 82, 6, 30, 73, 27, 36, 44, 17, 14, 41]
(w = 28) Correct Cyclicantibandwidth
Set parameter TimeLimit to value 1800
[runlim] sample:		10.2 time, 10.1 real, 106.7 MB
Academic license 2663665 - for non-commercial use only - registered to tu___@vnu.edu.vn
(w = 29) Value Cyclicantibandwidth: 29
Lables: [105, 5, 35, 70, 64, 74, 115, 80, 33, 48, 19, 79, 6, 99, 31, 52, 110, 24, 68, 44, 82, 4, 43, 73, 2, 75, 62, 102, 112, 1, 41, 109, 97, 101, 96, 37, 26, 66, 76, 53, 98, 72, 10, 30, 100, 14, 71, 116, 117, 86, 40, 9, 34, 25, 32, 20, 87, 23, 51, 107, 113, 91, 49, 89, 29, 57, 58, 17, 16, 81, 59, 38, 7, 8, 42, 90, 28, 103, 18, 46, 92, 47, 50, 65, 3, 106, 88, 61, 104, 56, 93, 85, 77, 114, 60, 12, 67, 13, 21, 111, 94, 54, 11, 36, 27, 84, 39, 95, 22, 83, 108, 69, 45, 55, 63, 15, 78]
(w = 29) Correct Cyclicantibandwidth
Set parameter TimeLimit to value 1800
Academic license 2663665 - for non-commercial use only - registered to tu___@vnu.edu.vn
(w = 30) Value Cyclicantibandwidth: 30
Lables: [111, 114, 41, 55, 26, 107, 74, 80, 54, 47, 61, 99, 95, 106, 44, 82, 110, 77, 70, 49, 113, 9, 18, 72, 101, 68, 42, 91, 76, 19, 65, 88, 40, 102, 100, 45, 32, 67, 23, 33, 20, 98, 63, 97, 94, 13, 24, 79, 31, 86, 27, 89, 116, 115, 103, 117, 60, 53, 69, 109, 48, 108, 81, 105, 35, 57, 62, 12, 38, 14, 50, 22, 93, 56, 37, 90, 112, 73, 104, 59, 2, 10, 46, 8, 16, 3, 96, 78, 66, 52, 71, 85, 87, 83, 43, 29, 51, 4, 58, 84, 92, 5, 7, 17, 21, 75, 30, 6, 34, 64, 25, 1, 39, 28, 11, 15, 36]
(w = 30) Correct Cyclicantibandwidth
Set parameter TimeLimit to value 1800
Academic license 2663665 - for non-commercial use only - registered to tu___@vnu.edu.vn
(w = 31) Value Cyclicantibandwidth: 31
Lables: [11, 60, 93, 79, 98, 55, 20, 107, 87, 33, 67, 35, 110, 30, 111, 85, 101, 65, 97, 62, 52, 49, 42, 50, 59, 47, 115, 38, 86, 43, 66, 61, 16, 94, 57, 51, 15, 90, 17, 58, 63, 77, 88, 64, 40, 112, 48, 80, 6, 89, 24, 105, 12, 78, 27, 106, 73, 36, 102, 103, 4, 32, 44, 74, 109, 22, 2, 10, 81, 3, 25, 28, 9, 34, 56, 99, 82, 70, 116, 54, 23, 39, 76, 113, 72, 13, 83, 26, 92, 46, 53, 45, 68, 71, 29, 19, 31, 7, 14, 69, 41, 96, 117, 21, 114, 1, 84, 100, 18, 91, 5, 95, 104, 8, 108, 75, 37]
(w = 31) Correct Cyclicantibandwidth
Set parameter TimeLimit to value 1800
[runlim] sample:		23.2 time, 20.1 real, 305.6 MB
Academic license 2663665 - for non-commercial use only - registered to tu___@vnu.edu.vn
(w = 32) Value Cyclicantibandwidth: 32
Lables: [94, 54, 53, 69, 30, 16, 41, 87, 83, 25, 95, 20, 58, 37, 68, 104, 43, 62, 17, 112, 5, 8, 45, 59, 74, 46, 75, 29, 88, 49, 108, 60, 52, 111, 18, 9, 89, 38, 11, 2, 64, 48, 79, 102, 116, 90, 23, 107, 13, 114, 66, 115, 98, 6, 81, 19, 96, 84, 82, 28, 93, 39, 31, 4, 85, 99, 117, 77, 21, 26, 109, 100, 36, 105, 73, 33, 44, 7, 32, 106, 56, 57, 42, 22, 35, 3, 55, 80, 50, 78, 72, 91, 51, 47, 103, 101, 97, 10, 65, 27, 110, 24, 14, 71, 61, 1, 67, 34, 86, 113, 12, 15, 63, 40, 70, 76, 92]
(w = 32) Correct Cyclicantibandwidth
Set parameter TimeLimit to value 1800
Academic license 2663665 - for non-commercial use only - registered to tu___@vnu.edu.vn
[runlim] sample:		36.2 time, 30.1 real, 254.9 MB
(w = 33) Value Cyclicantibandwidth: 33
Lables: [75, 38, 9, 52, 58, 97, 35, 81, 60, 40, 66, 95, 36, 2, 45, 70, 15, 21, 89, 74, 25, 4, 51, 13, 7, 3, 57, 117, 106, 28, 82, 72, 32, 93, 77, 42, 61, 112, 5, 69, 8, 6, 111, 24, 115, 20, 23, 114, 71, 67, 59, 86, 31, 96, 11, 1, 94, 80, 43, 18, 100, 12, 22, 108, 41, 78, 107, 39, 62, 104, 73, 27, 44, 103, 116, 17, 46, 110, 87, 101, 29, 68, 54, 30, 33, 91, 56, 84, 99, 10, 19, 14, 37, 102, 79, 113, 48, 65, 98, 109, 92, 55, 64, 26, 83, 105, 47, 49, 76, 90, 88, 16, 34, 50, 53, 63, 85]
(w = 33) Correct Cyclicantibandwidth
Set parameter TimeLimit to value 1800
Academic license 2663665 - for non-commercial use only - registered to tu___@vnu.edu.vn
(w = 34) Value Cyclicantibandwidth: 34
Lables: [30, 44, 80, 57, 60, 78, 72, 53, 24, 4, 21, 105, 89, 102, 9, 1, 64, 103, 87, 35, 56, 88, 112, 73, 90, 99, 16, 11, 95, 46, 54, 2, 23, 63, 13, 113, 14, 83, 74, 107, 48, 84, 66, 111, 98, 82, 77, 85, 19, 43, 10, 36, 47, 62, 15, 20, 92, 18, 51, 65, 31, 93, 109, 94, 41, 68, 81, 117, 25, 76, 52, 37, 58, 17, 6, 104, 39, 100, 38, 22, 70, 29, 32, 50, 5, 40, 12, 116, 91, 108, 115, 101, 97, 79, 55, 59, 114, 26, 69, 7, 106, 28, 61, 96, 75, 110, 45, 33, 34, 49, 3, 67, 86, 27, 71, 42, 8]
(w = 34) Correct Cyclicantibandwidth
Set parameter TimeLimit to value 1800
[runlim] sample:		52.6 time, 40.1 real, 266.3 MB
Academic license 2663665 - for non-commercial use only - registered to tu___@vnu.edu.vn
[runlim] sample:		66.2 time, 50.1 real, 445.4 MB
[runlim] sample:		76.8 time, 60.1 real, 436.4 MB
[runlim] sample:		87.6 time, 70.1 real, 360.5 MB
(w = 35) Value Cyclicantibandwidth: 35
Lables: [52, 57, 13, 17, 78, 71, 46, 38, 34, 81, 80, 74, 102, 75, 54, 68, 45, 11, 96, 66, 50, 77, 43, 88, 4, 100, 67, 55, 8, 82, 65, 62, 48, 103, 60, 99, 106, 91, 115, 83, 47, 97, 111, 29, 112, 108, 89, 19, 9, 21, 37, 109, 30, 3, 26, 5, 107, 39, 113, 1, 116, 105, 10, 61, 18, 64, 44, 25, 110, 104, 22, 24, 51, 36, 86, 101, 2, 84, 93, 63, 28, 73, 31, 98, 92, 23, 79, 59, 70, 58, 42, 72, 76, 56, 40, 117, 94, 12, 32, 69, 7, 114, 33, 14, 15, 20, 90, 95, 35, 85, 53, 27, 6, 49, 16, 87, 41]
(w = 35) Correct Cyclicantibandwidth
Set parameter TimeLimit to value 1800
[runlim] sample:		98.3 time, 80.1 real, 342.8 MB
Academic license 2663665 - for non-commercial use only - registered to tu___@vnu.edu.vn
[runlim] sample:		110.2 time, 90.1 real, 470.5 MB
[runlim] sample:		120.8 time, 100.1 real, 432.8 MB
[runlim] sample:		131.3 time, 110.1 real, 488.4 MB
[runlim] sample:		141.9 time, 120.1 real, 536.3 MB
[runlim] sample:		152.4 time, 130.1 real, 454.0 MB
[runlim] sample:		163.0 time, 140.1 real, 513.6 MB
(w = 36) Value Cyclicantibandwidth: 36
Lables: [87, 5, 47, 23, 46, 12, 15, 100, 59, 33, 117, 18, 36, 32, 57, 81, 40, 9, 49, 1, 30, 21, 42, 35, 72, 17, 64, 80, 88, 19, 114, 86, 93, 67, 113, 51, 89, 13, 20, 96, 2, 61, 70, 82, 99, 56, 16, 103, 85, 52, 6, 74, 111, 71, 83, 77, 84, 94, 69, 58, 79, 107, 48, 27, 98, 106, 91, 76, 73, 3, 112, 8, 34, 90, 92, 63, 39, 62, 65, 115, 37, 22, 95, 44, 29, 68, 11, 97, 45, 110, 102, 14, 31, 28, 116, 75, 78, 66, 109, 50, 105, 53, 54, 55, 26, 60, 24, 43, 108, 4, 101, 41, 7, 25, 38, 10, 104]
(w = 36) Correct Cyclicantibandwidth
Set parameter TimeLimit to value 1800
Academic license 2663665 - for non-commercial use only - registered to tu___@vnu.edu.vn
[runlim] sample:		173.3 time, 150.1 real, 442.8 MB
[runlim] sample:		186.6 time, 160.1 real, 508.4 MB
(w = 37) Value Cyclicantibandwidth: 37
Lables: [47, 115, 86, 15, 5, 87, 107, 48, 28, 105, 32, 90, 78, 99, 12, 33, 91, 85, 63, 51, 106, 88, 73, 6, 74, 9, 22, 61, 64, 110, 34, 62, 14, 70, 8, 7, 30, 114, 102, 58, 112, 117, 75, 44, 66, 55, 96, 59, 20, 31, 56, 54, 25, 42, 65, 40, 77, 52, 45, 93, 24, 71, 10, 97, 46, 23, 38, 76, 35, 83, 19, 111, 26, 50, 69, 92, 113, 84, 43, 29, 101, 1, 11, 13, 98, 57, 95, 17, 67, 109, 80, 79, 94, 2, 3, 49, 53, 37, 36, 89, 82, 116, 16, 68, 100, 39, 104, 60, 41, 27, 72, 103, 21, 4, 108, 81, 18]
(w = 37) Correct Cyclicantibandwidth
Set parameter TimeLimit to value 1800
[runlim] sample:		197.2 time, 170.1 real, 432.4 MB
Academic license 2663665 - for non-commercial use only - registered to tu___@vnu.edu.vn
[runlim] sample:		210.2 time, 180.1 real, 528.2 MB
[runlim] sample:		220.8 time, 190.1 real, 528.2 MB
[runlim] sample:		231.5 time, 200.1 real, 526.2 MB
[runlim] sample:		242.1 time, 210.1 real, 448.0 MB
[runlim] sample:		252.7 time, 220.1 real, 542.5 MB
[runlim] sample:		263.3 time, 230.1 real, 542.3 MB
[runlim] sample:		273.9 time, 240.1 real, 456.7 MB
[runlim] sample:		284.5 time, 250.1 real, 521.9 MB
[runlim] sample:		295.1 time, 260.1 real, 570.1 MB
[runlim] sample:		305.7 time, 270.1 real, 496.3 MB
[runlim] sample:		316.2 time, 280.1 real, 569.1 MB
[runlim] sample:		326.8 time, 290.1 real, 568.2 MB
[runlim] sample:		337.4 time, 300.1 real, 579.0 MB
[runlim] sample:		348.0 time, 310.1 real, 513.6 MB
(w = 38) Value Cyclicantibandwidth: 38
Lables: [104, 68, 26, 45, 86, 70, 8, 18, 25, 80, 30, 91, 92, 77, 69, 46, 62, 38, 117, 43, 56, 96, 94, 52, 100, 57, 60, 84, 4, 76, 49, 15, 54, 113, 66, 64, 114, 41, 79, 50, 48, 83, 111, 36, 99, 105, 63, 20, 107, 21, 40, 22, 78, 106, 13, 98, 95, 11, 115, 90, 17, 101, 34, 72, 19, 35, 7, 89, 9, 103, 32, 75, 23, 14, 87, 85, 82, 97, 102, 28, 88, 71, 27, 93, 81, 3, 74, 42, 37, 61, 29, 67, 58, 65, 47, 1, 112, 109, 44, 59, 10, 108, 24, 2, 33, 116, 39, 110, 12, 51, 6, 53, 5, 55, 31, 73, 16]
(w = 38) Correct Cyclicantibandwidth
Set parameter TimeLimit to value 1800
Academic license 2663665 - for non-commercial use only - registered to tu___@vnu.edu.vn
[runlim] sample:		360.9 time, 320.1 real, 515.5 MB
[runlim] sample:		376.2 time, 330.1 real, 508.9 MB
[runlim] sample:		386.5 time, 340.1 real, 508.9 MB
[runlim] sample:		396.8 time, 350.1 real, 508.9 MB
[runlim] sample:		407.1 time, 360.1 real, 509.1 MB
[runlim] sample:		417.5 time, 370.1 real, 509.1 MB
[runlim] sample:		427.8 time, 380.1 real, 509.1 MB
[runlim] sample:		446.9 time, 390.1 real, 714.2 MB
[runlim] sample:		474.5 time, 400.1 real, 817.1 MB
[runlim] sample:		494.8 time, 410.1 real, 822.3 MB
[runlim] sample:		515.1 time, 420.1 real, 848.3 MB
[runlim] sample:		535.4 time, 430.1 real, 850.3 MB
[runlim] sample:		555.7 time, 440.1 real, 847.6 MB
[runlim] sample:		576.0 time, 450.1 real, 847.6 MB
[runlim] sample:		596.3 time, 460.1 real, 847.9 MB
[runlim] sample:		616.6 time, 470.1 real, 849.9 MB
[runlim] sample:		629.0 time, 480.1 real, 826.3 MB
(w = 39) Value Cyclicantibandwidth: 39
Lables: [44, 25, 113, 105, 58, 35, 61, 45, 76, 6, 82, 116, 27, 86, 32, 77, 15, 99, 89, 73, 34, 5, 108, 85, 2, 106, 115, 60, 96, 24, 68, 79, 41, 87, 70, 94, 78, 92, 20, 101, 14, 100, 111, 98, 7, 22, 1, 74, 56, 54, 62, 80, 50, 88, 13, 26, 93, 51, 29, 12, 42, 37, 91, 117, 39, 52, 69, 18, 81, 36, 66, 40, 43, 19, 4, 112, 109, 114, 63, 72, 33, 11, 64, 31, 110, 49, 28, 90, 10, 9, 8, 17, 97, 103, 83, 30, 57, 59, 53, 84, 102, 95, 65, 21, 104, 71, 3, 48, 55, 67, 46, 38, 16, 47, 107, 23, 75]
(w = 39) Correct Cyclicantibandwidth
Set parameter TimeLimit to value 1800
Academic license 2663665 - for non-commercial use only - registered to tu___@vnu.edu.vn
[runlim] sample:		640.5 time, 490.1 real, 655.8 MB
[runlim] sample:		656.2 time, 500.1 real, 655.8 MB
[runlim] sample:		666.5 time, 510.1 real, 655.8 MB
[runlim] sample:		676.8 time, 520.1 real, 655.8 MB
[runlim] sample:		687.1 time, 530.1 real, 655.8 MB
(w = 40) Value Cyclicantibandwidth: 40
Lables: [66, 77, 108, 112, 31, 42, 33, 53, 82, 98, 63, 26, 19, 29, 105, 61, 11, 106, 18, 49, 45, 13, 88, 12, 104, 117, 97, 58, 3, 79, 85, 50, 64, 15, 34, 4, 87, 115, 9, 78, 93, 17, 110, 81, 7, 84, 16, 37, 39, 30, 62, 44, 92, 6, 72, 52, 14, 67, 80, 20, 48, 32, 21, 25, 76, 65, 38, 70, 43, 41, 59, 95, 54, 73, 94, 109, 100, 5, 23, 60, 2, 91, 8, 107, 114, 46, 113, 69, 47, 86, 90, 83, 116, 1, 96, 74, 51, 40, 68, 36, 101, 28, 35, 75, 102, 22, 99, 24, 56, 27, 57, 10, 111, 55, 103, 89, 71]
(w = 40) Correct Cyclicantibandwidth
Set parameter TimeLimit to value 1800
Academic license 2663665 - for non-commercial use only - registered to tu___@vnu.edu.vn
[runlim] sample:		697.6 time, 540.1 real, 750.2 MB
[runlim] sample:		716.5 time, 550.1 real, 664.7 MB
[runlim] sample:		726.8 time, 560.1 real, 664.7 MB
[runlim] sample:		737.1 time, 570.1 real, 664.7 MB
[runlim] sample:		747.5 time, 580.1 real, 664.7 MB
[runlim] sample:		757.9 time, 590.1 real, 664.7 MB
[runlim] sample:		768.2 time, 600.1 real, 664.7 MB
[runlim] sample:		778.6 time, 610.1 real, 665.1 MB
[runlim] sample:		803.0 time, 620.1 real, 786.6 MB
[runlim] sample:		833.1 time, 630.1 real, 842.9 MB
[runlim] sample:		863.3 time, 640.1 real, 849.1 MB
[runlim] sample:		893.5 time, 650.1 real, 849.1 MB
[runlim] sample:		923.7 time, 660.1 real, 872.2 MB
[runlim] sample:		938.9 time, 670.1 real, 872.2 MB
[runlim] sample:		949.4 time, 680.1 real, 873.9 MB
[runlim] sample:		959.9 time, 690.1 real, 875.3 MB
[runlim] sample:		970.3 time, 700.1 real, 875.3 MB
[runlim] sample:		980.8 time, 710.1 real, 877.3 MB
(w = 41) Value Cyclicantibandwidth: 41
Lables: [108, 112, 32, 87, 91, 100, 4, 26, 24, 90, 69, 75, 10, 63, 117, 66, 102, 33, 61, 59, 106, 99, 46, 64, 45, 42, 7, 34, 52, 96, 86, 38, 115, 54, 85, 67, 31, 60, 95, 74, 104, 76, 44, 39, 79, 9, 65, 48, 21, 30, 41, 43, 116, 49, 20, 8, 78, 37, 11, 113, 5, 83, 40, 72, 1, 25, 28, 18, 47, 82, 55, 114, 6, 16, 80, 101, 89, 71, 56, 57, 2, 111, 51, 107, 94, 22, 70, 68, 73, 98, 15, 92, 81, 77, 84, 12, 35, 29, 58, 62, 50, 17, 19, 13, 109, 36, 110, 23, 27, 88, 14, 93, 103, 3, 105, 97, 53]
(w = 41) Correct Cyclicantibandwidth
Set parameter TimeLimit to value 1800
Academic license 2663665 - for non-commercial use only - registered to tu___@vnu.edu.vn
[runlim] sample:		991.2 time, 720.1 real, 755.1 MB
[runlim] sample:		1010.2 time, 730.1 real, 722.1 MB
[runlim] sample:		1021.7 time, 740.1 real, 702.9 MB
[runlim] sample:		1032.2 time, 750.1 real, 702.9 MB
[runlim] sample:		1042.7 time, 760.1 real, 702.9 MB
[runlim] sample:		1053.1 time, 770.1 real, 702.9 MB
[runlim] sample:		1063.6 time, 780.1 real, 702.9 MB
[runlim] sample:		1074.1 time, 790.1 real, 702.9 MB
[runlim] sample:		1084.5 time, 800.1 real, 702.9 MB
[runlim] sample:		1095.0 time, 810.1 real, 702.9 MB
[runlim] sample:		1105.5 time, 820.1 real, 702.9 MB
[runlim] sample:		1131.2 time, 830.1 real, 820.9 MB
[runlim] sample:		1161.4 time, 840.1 real, 999.2 MB
[runlim] sample:		1191.5 time, 850.1 real, 1014.8 MB
[runlim] sample:		1221.7 time, 860.1 real, 1043.9 MB
[runlim] sample:		1251.8 time, 870.1 real, 1045.9 MB
[runlim] sample:		1282.0 time, 880.1 real, 1045.9 MB
[runlim] sample:		1312.2 time, 890.1 real, 1045.9 MB
[runlim] sample:		1342.3 time, 900.1 real, 1045.9 MB
[runlim] sample:		1372.4 time, 910.1 real, 1045.9 MB
[runlim] sample:		1402.6 time, 920.1 real, 1046.0 MB
[runlim] sample:		1432.7 time, 930.1 real, 1046.0 MB
[runlim] sample:		1462.9 time, 940.1 real, 1047.4 MB
[runlim] sample:		1493.0 time, 950.1 real, 1051.2 MB
[runlim] sample:		1523.2 time, 960.1 real, 1052.3 MB
[runlim] sample:		1552.7 time, 970.1 real, 1052.3 MB
[runlim] sample:		1573.0 time, 980.1 real, 1052.3 MB
[runlim] sample:		1593.3 time, 990.1 real, 1052.3 MB
[runlim] sample:		1613.7 time, 1000.1 real, 1052.3 MB
[runlim] sample:		1633.8 time, 1010.1 real, 1052.3 MB
(w = 42) Value Cyclicantibandwidth: 42
Lables: [85, 86, 26, 22, 103, 38, 18, 89, 112, 47, 6, 69, 55, 75, 78, 97, 42, 29, 13, 107, 25, 39, 80, 27, 81, 43, 79, 95, 82, 64, 101, 110, 84, 87, 99, 14, 92, 17, 60, 93, 71, 44, 57, 28, 67, 31, 41, 4, 5, 113, 104, 114, 88, 90, 54, 34, 62, 7, 33, 59, 32, 37, 10, 46, 1, 106, 108, 83, 109, 70, 117, 68, 9, 30, 65, 63, 51, 72, 2, 115, 49, 77, 102, 50, 35, 3, 36, 16, 19, 45, 58, 48, 76, 74, 98, 24, 116, 100, 21, 73, 61, 96, 111, 56, 52, 11, 53, 91, 8, 12, 94, 40, 23, 15, 20, 66, 105]
(w = 42) Correct Cyclicantibandwidth
Set parameter TimeLimit to value 1800
[runlim] sample:		1644.3 time, 1020.1 real, 992.6 MB
Academic license 2663665 - for non-commercial use only - registered to tu___@vnu.edu.vn
[runlim] sample:		1660.1 time, 1030.1 real, 992.6 MB
[runlim] sample:		1674.2 time, 1040.1 real, 992.6 MB
[runlim] sample:		1684.8 time, 1050.1 real, 992.6 MB
[runlim] sample:		1695.4 time, 1060.1 real, 992.6 MB
[runlim] sample:		1705.9 time, 1070.1 real, 992.6 MB
[runlim] sample:		1716.4 time, 1080.1 real, 992.6 MB
[runlim] sample:		1726.9 time, 1090.1 real, 992.6 MB
[runlim] sample:		1737.4 time, 1100.1 real, 992.6 MB
[runlim] sample:		1747.9 time, 1110.1 real, 992.6 MB
[runlim] sample:		1758.3 time, 1120.1 real, 992.6 MB
[runlim] sample:		1786.0 time, 1130.1 real, 992.6 MB
[runlim] sample:		1815.5 time, 1140.1 real, 1001.6 MB
[runlim] sample:		1845.7 time, 1150.1 real, 1026.3 MB
[runlim] sample:		1875.9 time, 1160.1 real, 1032.3 MB
[runlim] sample:		1906.0 time, 1170.1 real, 1032.3 MB
[runlim] sample:		1936.2 time, 1180.1 real, 1032.3 MB
[runlim] sample:		1966.3 time, 1190.1 real, 1032.3 MB
[runlim] sample:		1996.5 time, 1200.1 real, 1032.3 MB
[runlim] sample:		2026.6 time, 1210.1 real, 1032.5 MB
[runlim] sample:		2056.7 time, 1220.1 real, 1032.5 MB
[runlim] sample:		2086.9 time, 1230.1 real, 1032.5 MB
[runlim] sample:		2117.0 time, 1240.1 real, 1032.5 MB
[runlim] sample:		2147.2 time, 1250.1 real, 1032.5 MB
[runlim] sample:		2177.3 time, 1260.1 real, 1032.5 MB
[runlim] sample:		2207.4 time, 1270.1 real, 1032.5 MB
[runlim] sample:		2237.6 time, 1280.1 real, 1032.5 MB
[runlim] sample:		2267.7 time, 1290.1 real, 1032.5 MB
[runlim] sample:		2297.9 time, 1300.1 real, 1032.5 MB
[runlim] sample:		2328.0 time, 1310.1 real, 1032.5 MB
[runlim] sample:		2358.2 time, 1320.1 real, 1072.8 MB
[runlim] sample:		2382.5 time, 1330.1 real, 1084.3 MB
[runlim] sample:		2402.8 time, 1340.1 real, 1084.3 MB
[runlim] sample:		2423.1 time, 1350.1 real, 1084.3 MB
[runlim] sample:		2443.4 time, 1360.1 real, 1084.3 MB
[runlim] sample:		2463.7 time, 1370.1 real, 1084.5 MB
[runlim] sample:		2483.5 time, 1380.1 real, 1084.5 MB
[runlim] sample:		2494.0 time, 1390.1 real, 1084.5 MB
[runlim] sample:		2504.5 time, 1400.1 real, 1084.5 MB
[runlim] sample:		2514.9 time, 1410.1 real, 1084.5 MB
[runlim] sample:		2525.4 time, 1420.1 real, 1084.6 MB
[runlim] sample:		2535.8 time, 1430.1 real, 1084.6 MB
[runlim] sample:		2546.3 time, 1440.1 real, 1084.6 MB
(w = 43) Value Cyclicantibandwidth: 43
Lables: [78, 11, 33, 108, 107, 26, 114, 64, 90, 116, 76, 31, 18, 13, 2, 84, 10, 35, 55, 86, 28, 20, 25, 5, 48, 34, 111, 54, 74, 106, 91, 63, 103, 67, 99, 21, 79, 6, 19, 66, 7, 17, 45, 59, 46, 27, 22, 68, 72, 88, 73, 82, 109, 75, 53, 43, 51, 52, 56, 4, 71, 41, 32, 23, 87, 80, 39, 50, 81, 16, 83, 117, 94, 42, 40, 15, 113, 44, 97, 61, 12, 112, 100, 3, 110, 70, 95, 49, 36, 24, 38, 29, 115, 14, 89, 47, 62, 92, 58, 37, 57, 101, 85, 30, 105, 60, 8, 98, 69, 96, 65, 9, 102, 1, 104, 93, 77]
(w = 43) Correct Cyclicantibandwidth
Set parameter TimeLimit to value 1800
[runlim] sample:		2556.7 time, 1450.1 real, 1056.1 MB
Academic license 2663665 - for non-commercial use only - registered to tu___@vnu.edu.vn
[runlim] sample:		2571.3 time, 1460.1 real, 898.3 MB
[runlim] sample:		2584.4 time, 1470.1 real, 898.3 MB
[runlim] sample:		2594.7 time, 1480.1 real, 898.3 MB
[runlim] sample:		2605.0 time, 1490.1 real, 898.3 MB
[runlim] sample:		2615.3 time, 1500.1 real, 898.3 MB
[runlim] sample:		2625.6 time, 1510.1 real, 898.3 MB
[runlim] sample:		2635.8 time, 1520.1 real, 898.3 MB
[runlim] sample:		2646.2 time, 1530.1 real, 898.3 MB
[runlim] sample:		2656.4 time, 1540.1 real, 898.3 MB
[runlim] sample:		2666.7 time, 1550.1 real, 898.3 MB
[runlim] sample:		2677.0 time, 1560.1 real, 898.3 MB
[runlim] sample:		2687.3 time, 1570.1 real, 898.3 MB
[runlim] sample:		2697.6 time, 1580.1 real, 898.3 MB
[runlim] sample:		2707.9 time, 1590.1 real, 898.3 MB
[runlim] sample:		2718.2 time, 1600.1 real, 898.3 MB
[runlim] sample:		2735.8 time, 1610.1 real, 922.1 MB
[runlim] sample:		2765.9 time, 1620.1 real, 926.1 MB
[runlim] sample:		2796.0 time, 1630.1 real, 969.5 MB
[runlim] sample:		2826.1 time, 1640.1 real, 978.2 MB
[runlim] sample:		2856.3 time, 1650.1 real, 980.7 MB
[runlim] sample:		2886.4 time, 1660.1 real, 980.7 MB
[runlim] sample:		2916.6 time, 1670.1 real, 980.7 MB
[runlim] sample:		2946.7 time, 1680.1 real, 980.7 MB
[runlim] sample:		2976.9 time, 1690.1 real, 980.7 MB
[runlim] sample:		3007.0 time, 1700.1 real, 980.7 MB
[runlim] sample:		3037.2 time, 1710.1 real, 980.7 MB
[runlim] sample:		3067.3 time, 1720.1 real, 982.7 MB
[runlim] sample:		3097.4 time, 1730.1 real, 982.7 MB
[runlim] sample:		3127.6 time, 1740.1 real, 982.7 MB
[runlim] sample:		3157.7 time, 1750.1 real, 982.7 MB
[runlim] sample:		3187.8 time, 1760.1 real, 982.7 MB
[runlim] sample:		3218.0 time, 1770.1 real, 982.7 MB
[runlim] sample:		3248.1 time, 1780.1 real, 982.7 MB
[runlim] sample:		3278.2 time, 1790.1 real, 982.7 MB
[runlim] end:			Fri Oct 10 12:25:16 2025
[runlim] status:		out of time
[runlim] result:		2
[runlim] children:		0
[runlim] real:			1800.06 seconds
[runlim] time:			3308.07 seconds
[runlim] space:			1104.7 MB
[runlim] samples:		17999
