[runlim] version:		1.10
[runlim] time limit:		311040000 seconds
[runlim] real time limit:	1800 seconds
[runlim] space limit:		30000 MB
[runlim] argv[0]:		python3
[runlim] argv[1]:		model.py
[runlim] argv[2]:		P-can__445.mtx.rnd
[runlim] start:			Fri Oct 10 13:59:54 2025
[runlim] main pid:		43337
Set parameter WLSAccessID
Set parameter WLSSecret
Set parameter LicenseID to value 2663665
Academic license 2663665 - for non-commercial use only - registered to tu___@vnu.edu.vn
Set parameter TimeLimit to value 1800
[runlim] sample:		10.2 time, 10.2 real, 190.0 MB
[runlim] sample:		20.3 time, 20.2 real, 264.3 MB
[runlim] sample:		30.5 time, 30.2 real, 340.8 MB
[runlim] sample:		40.7 time, 40.2 real, 422.9 MB
[runlim] sample:		50.9 time, 50.2 real, 504.0 MB
[runlim] sample:		61.0 time, 60.2 real, 580.0 MB
[runlim] sample:		71.2 time, 70.2 real, 655.6 MB
[runlim] sample:		81.4 time, 80.2 real, 738.8 MB
[runlim] sample:		91.6 time, 90.2 real, 815.6 MB
[runlim] sample:		101.8 time, 100.2 real, 890.6 MB
[runlim] sample:		112.0 time, 110.2 real, 979.2 MB
Academic license 2663665 - for non-commercial use only - registered to tu___@vnu.edu.vn
(w = 41) Value Cyclicantibandwidth: 41
Lables: [92, 348, 437, 55, 152, 66, 278, 161, 400, 115, 192, 7, 142, 290, 30, 31, 354, 182, 329, 195, 113, 273, 308, 140, 174, 72, 168, 216, 264, 377, 202, 321, 61, 260, 373, 383, 78, 275, 284, 189, 158, 89, 433, 317, 265, 5, 9, 422, 2, 312, 415, 211, 387, 360, 237, 24, 87, 63, 77, 270, 332, 184, 442, 83, 212, 241, 16, 392, 130, 86, 137, 79, 225, 19, 257, 147, 99, 363, 445, 207, 413, 127, 60, 268, 156, 131, 150, 315, 325, 294, 164, 98, 304, 355, 242, 303, 73, 104, 301, 181, 49, 356, 44, 224, 334, 94, 358, 414, 109, 340, 166, 255, 230, 245, 347, 194, 440, 10, 386, 103, 146, 276, 206, 11, 8, 292, 171, 179, 22, 404, 251, 108, 316, 59, 376, 254, 350, 160, 134, 370, 169, 390, 149, 110, 263, 138, 155, 84, 199, 399, 289, 380, 395, 96, 215, 235, 407, 288, 23, 378, 438, 253, 385, 343, 75, 80, 309, 349, 291, 118, 85, 124, 243, 420, 183, 34, 148, 190, 432, 229, 305, 345, 128, 65, 175, 331, 173, 419, 20, 141, 133, 185, 6, 411, 328, 21, 200, 441, 311, 248, 362, 145, 318, 436, 45, 53, 203, 261, 346, 240, 282, 293, 125, 93, 322, 163, 365, 228, 1, 249, 18, 62, 102, 209, 421, 430, 162, 302, 193, 177, 285, 300, 191, 250, 295, 372, 269, 139, 371, 70, 64, 135, 426, 352, 231, 307, 398, 178, 81, 111, 29, 424, 324, 219, 339, 88, 271, 252, 33, 201, 37, 46, 391, 232, 220, 369, 351, 144, 256, 396, 402, 406, 423, 3, 43, 123, 247, 234, 357, 188, 41, 335, 13, 381, 112, 14, 132, 272, 153, 187, 47, 394, 129, 223, 119, 416, 262, 409, 205, 313, 267, 297, 388, 136, 15, 117, 306, 277, 196, 157, 435, 427, 218, 210, 36, 56, 101, 246, 91, 50, 51, 32, 76, 266, 154, 361, 48, 58, 238, 401, 338, 82, 367, 283, 12, 429, 353, 286, 106, 114, 405, 310, 431, 122, 428, 126, 344, 95, 333, 35, 120, 226, 227, 57, 198, 368, 296, 105, 244, 327, 341, 69, 366, 410, 299, 67, 52, 323, 172, 319, 100, 167, 342, 439, 379, 279, 186, 28, 418, 159, 359, 17, 434, 217, 42, 97, 389, 258, 364, 425, 40, 374, 25, 314, 74, 221, 176, 393, 121, 116, 259, 417, 444, 26, 382, 397, 336, 54, 90, 337, 408, 222, 236, 326, 280, 27, 208, 330, 233, 384, 204, 274, 38, 239, 287, 180, 68, 412, 143, 298, 170, 375, 213, 214, 443, 197, 39, 107, 281, 320, 4, 71, 151, 165, 403]
(w = 41) Correct Cyclicantibandwidth
Set parameter TimeLimit to value 1800
[runlim] sample:		122.2 time, 120.2 real, 2575.6 MB
[runlim] sample:		132.4 time, 130.2 real, 2662.0 MB
[runlim] sample:		142.6 time, 140.2 real, 2733.8 MB
[runlim] sample:		152.8 time, 150.2 real, 2808.5 MB
[runlim] sample:		163.0 time, 160.2 real, 2882.7 MB
[runlim] sample:		173.2 time, 170.2 real, 2957.3 MB
[runlim] sample:		183.5 time, 180.2 real, 3032.3 MB
[runlim] sample:		193.7 time, 190.2 real, 3101.8 MB
[runlim] sample:		203.9 time, 200.2 real, 3184.3 MB
[runlim] sample:		214.1 time, 210.2 real, 3256.0 MB
[runlim] sample:		224.3 time, 220.2 real, 3333.3 MB
[runlim] sample:		234.5 time, 230.2 real, 3418.9 MB
[runlim] sample:		244.7 time, 240.2 real, 3494.0 MB
Academic license 2663665 - for non-commercial use only - registered to tu___@vnu.edu.vn
[runlim] sample:		254.9 time, 250.2 real, 4764.6 MB
[runlim] sample:		265.1 time, 260.2 real, 5014.1 MB
[runlim] sample:		275.3 time, 270.2 real, 6241.5 MB
[runlim] sample:		285.6 time, 280.2 real, 4778.6 MB
[runlim] sample:		295.8 time, 290.2 real, 4784.1 MB
[runlim] sample:		305.9 time, 300.2 real, 7719.5 MB
[runlim] sample:		316.2 time, 310.2 real, 4795.4 MB
[runlim] sample:		334.5 time, 320.2 real, 4869.2 MB
[runlim] sample:		345.3 time, 330.2 real, 6804.3 MB
[runlim] sample:		356.1 time, 340.2 real, 6862.3 MB
[runlim] sample:		366.9 time, 350.2 real, 6924.4 MB
[runlim] sample:		377.7 time, 360.2 real, 6984.4 MB
[runlim] sample:		388.4 time, 370.2 real, 4878.4 MB
[runlim] sample:		399.1 time, 380.2 real, 4885.6 MB
[runlim] sample:		409.8 time, 390.2 real, 5883.9 MB
[runlim] sample:		420.5 time, 400.2 real, 6700.8 MB
(w = 42) Value Cyclicantibandwidth: 42
Lables: [8, 413, 24, 25, 26, 390, 419, 27, 404, 28, 287, 29, 30, 31, 95, 360, 389, 353, 88, 49, 9, 10, 72, 66, 63, 65, 379, 32, 33, 75, 56, 89, 34, 68, 110, 91, 59, 50, 339, 369, 98, 73, 115, 51, 67, 354, 152, 352, 92, 11, 93, 397, 35, 36, 37, 355, 137, 439, 366, 316, 38, 79, 39, 40, 349, 52, 41, 269, 42, 406, 54, 114, 55, 57, 131, 357, 108, 84, 80, 298, 116, 74, 58, 133, 94, 81, 128, 138, 414, 69, 12, 436, 250, 96, 78, 139, 345, 170, 109, 381, 70, 418, 410, 151, 173, 270, 338, 383, 76, 441, 407, 364, 374, 60, 45, 132, 121, 416, 4, 181, 329, 103, 256, 44, 182, 87, 157, 71, 174, 77, 100, 13, 14, 134, 442, 224, 15, 82, 175, 106, 362, 153, 130, 1, 107, 176, 323, 140, 111, 16, 83, 156, 194, 399, 97, 135, 17, 216, 183, 401, 171, 335, 180, 322, 136, 382, 290, 99, 343, 177, 154, 117, 101, 215, 307, 43, 266, 119, 274, 18, 225, 444, 388, 123, 158, 193, 102, 104, 105, 178, 308, 122, 235, 217, 112, 144, 143, 142, 425, 196, 200, 113, 186, 443, 356, 118, 420, 341, 120, 141, 195, 199, 184, 241, 124, 311, 395, 327, 185, 162, 365, 163, 435, 277, 46, 145, 257, 393, 361, 314, 201, 125, 204, 146, 218, 228, 126, 166, 238, 415, 127, 391, 148, 129, 386, 187, 179, 242, 168, 422, 149, 188, 326, 297, 210, 226, 243, 223, 220, 237, 340, 167, 189, 324, 19, 229, 190, 155, 222, 377, 426, 147, 280, 244, 219, 150, 227, 159, 230, 336, 3, 86, 61, 208, 191, 231, 273, 252, 258, 262, 373, 192, 232, 259, 234, 172, 233, 367, 197, 289, 320, 255, 160, 334, 260, 198, 165, 221, 268, 202, 161, 267, 20, 294, 301, 236, 203, 347, 164, 169, 205, 400, 286, 239, 412, 209, 359, 318, 432, 372, 328, 62, 240, 433, 245, 319, 332, 206, 246, 278, 423, 207, 283, 333, 5, 398, 330, 309, 299, 211, 21, 304, 291, 288, 212, 47, 302, 6, 279, 263, 325, 284, 48, 385, 348, 409, 344, 293, 282, 275, 2, 276, 264, 22, 213, 440, 337, 214, 315, 251, 351, 445, 247, 300, 248, 261, 249, 305, 321, 23, 303, 424, 285, 296, 342, 310, 306, 387, 434, 430, 53, 375, 265, 417, 350, 346, 384, 312, 295, 317, 85, 438, 431, 64, 408, 380, 427, 370, 378, 363, 396, 437, 429, 292, 405, 403, 313, 331, 7, 394, 254, 371, 253, 281, 411, 368, 421, 428, 402, 392, 271, 358, 90, 376, 272]
(w = 42) Correct Cyclicantibandwidth
Set parameter TimeLimit to value 1800
[runlim] sample:		441.2 time, 410.2 real, 5166.2 MB
[runlim] sample:		451.4 time, 420.2 real, 5281.9 MB
[runlim] sample:		461.6 time, 430.2 real, 5354.1 MB
[runlim] sample:		471.8 time, 440.2 real, 5426.4 MB
[runlim] sample:		482.0 time, 450.2 real, 5499.7 MB
[runlim] sample:		492.2 time, 460.2 real, 5572.0 MB
[runlim] sample:		502.4 time, 470.2 real, 5645.5 MB
[runlim] sample:		512.6 time, 480.2 real, 5718.9 MB
[runlim] sample:		522.8 time, 490.2 real, 5789.3 MB
[runlim] sample:		533.0 time, 500.2 real, 5863.1 MB
[runlim] sample:		543.2 time, 510.2 real, 5934.5 MB
[runlim] sample:		553.4 time, 520.2 real, 6005.6 MB
[runlim] sample:		563.5 time, 530.2 real, 2294.4 MB
Academic license 2663665 - for non-commercial use only - registered to tu___@vnu.edu.vn
(w = 43) Value Cyclicantibandwidth: 43
Lables: [24, 398, 127, 358, 320, 437, 248, 9, 22, 115, 67, 425, 116, 292, 435, 103, 211, 175, 32, 246, 100, 260, 308, 443, 135, 72, 198, 71, 174, 357, 349, 229, 37, 272, 373, 388, 296, 387, 287, 122, 300, 51, 136, 327, 270, 389, 13, 176, 158, 316, 85, 35, 382, 390, 80, 96, 346, 323, 314, 293, 417, 283, 442, 205, 192, 236, 423, 178, 383, 95, 199, 27, 210, 331, 284, 271, 212, 125, 41, 424, 445, 16, 60, 268, 124, 196, 150, 315, 332, 294, 217, 189, 359, 338, 245, 52, 145, 18, 169, 273, 172, 182, 26, 250, 369, 47, 25, 414, 264, 98, 164, 194, 274, 256, 348, 63, 440, 17, 433, 402, 333, 106, 148, 138, 429, 394, 365, 302, 19, 134, 253, 360, 218, 105, 355, 371, 350, 64, 137, 262, 223, 404, 140, 110, 156, 74, 342, 77, 188, 391, 251, 380, 282, 239, 328, 222, 411, 82, 255, 378, 193, 30, 252, 384, 28, 339, 84, 397, 50, 118, 121, 401, 266, 151, 3, 34, 208, 227, 220, 204, 165, 159, 152, 65, 224, 298, 1, 155, 366, 141, 102, 241, 86, 410, 381, 59, 39, 393, 362, 5, 305, 304, 128, 436, 269, 325, 364, 202, 45, 153, 157, 261, 163, 93, 286, 44, 324, 347, 235, 249, 55, 162, 99, 33, 108, 385, 29, 11, 257, 177, 285, 311, 354, 119, 185, 340, 275, 184, 277, 139, 183, 10, 317, 190, 53, 240, 126, 181, 46, 288, 40, 4, 230, 161, 329, 120, 243, 226, 334, 201, 111, 21, 225, 344, 216, 422, 231, 144, 395, 439, 290, 386, 413, 7, 186, 291, 345, 238, 242, 166, 15, 197, 62, 94, 167, 146, 56, 228, 281, 430, 129, 326, 132, 76, 142, 377, 352, 295, 232, 299, 399, 79, 78, 416, 23, 254, 306, 237, 318, 263, 187, 191, 31, 444, 309, 396, 81, 375, 131, 206, 43, 405, 147, 89, 117, 160, 179, 234, 244, 8, 247, 133, 83, 432, 12, 356, 104, 367, 279, 203, 428, 42, 418, 376, 149, 431, 408, 61, 330, 90, 91, 221, 409, 214, 407, 313, 406, 112, 49, 259, 321, 438, 421, 68, 337, 312, 170, 38, 200, 114, 215, 441, 301, 258, 87, 319, 267, 427, 195, 400, 123, 370, 420, 209, 361, 97, 372, 48, 207, 379, 343, 351, 73, 20, 88, 180, 58, 419, 54, 113, 75, 336, 171, 57, 70, 276, 310, 412, 6, 363, 434, 14, 297, 2, 265, 307, 303, 109, 233, 101, 392, 341, 353, 36, 219, 213, 130, 403, 107, 289, 143, 415, 66, 173, 278, 69, 335, 92, 280, 322, 374, 168, 368, 154, 426]
(w = 43) Correct Cyclicantibandwidth
Set parameter TimeLimit to value 1800
[runlim] sample:		573.7 time, 540.2 real, 3089.4 MB
[runlim] sample:		583.9 time, 550.2 real, 3112.7 MB
[runlim] sample:		594.1 time, 560.2 real, 3293.1 MB
[runlim] sample:		604.3 time, 570.2 real, 3363.9 MB
[runlim] sample:		614.5 time, 580.2 real, 3437.2 MB
[runlim] sample:		624.7 time, 590.2 real, 3507.8 MB
[runlim] sample:		634.9 time, 600.2 real, 3581.0 MB
[runlim] sample:		645.0 time, 610.2 real, 3652.1 MB
[runlim] sample:		655.3 time, 620.2 real, 3727.4 MB
[runlim] sample:		665.5 time, 630.2 real, 3798.3 MB
[runlim] sample:		675.7 time, 640.2 real, 3869.3 MB
[runlim] sample:		685.9 time, 650.2 real, 3940.7 MB
Academic license 2663665 - for non-commercial use only - registered to tu___@vnu.edu.vn
[runlim] sample:		696.2 time, 660.2 real, 2859.9 MB
[runlim] sample:		706.3 time, 670.2 real, 6598.4 MB
[runlim] sample:		716.6 time, 680.2 real, 5084.5 MB
[runlim] sample:		726.8 time, 690.2 real, 6598.4 MB
[runlim] sample:		737.0 time, 700.2 real, 5084.5 MB
[runlim] sample:		747.3 time, 710.2 real, 5084.5 MB
[runlim] sample:		757.5 time, 720.2 real, 5447.3 MB
[runlim] sample:		767.8 time, 730.2 real, 5268.2 MB
[runlim] sample:		786.2 time, 740.2 real, 7022.0 MB
[runlim] sample:		796.9 time, 750.2 real, 7156.0 MB
[runlim] sample:		807.6 time, 760.2 real, 7218.0 MB
[runlim] sample:		818.4 time, 770.2 real, 7280.0 MB
[runlim] sample:		829.2 time, 780.2 real, 7338.0 MB
[runlim] sample:		839.9 time, 790.2 real, 5125.6 MB
[runlim] sample:		850.7 time, 800.2 real, 6121.6 MB
[runlim] sample:		861.7 time, 810.2 real, 6121.6 MB
[runlim] sample:		872.5 time, 820.2 real, 6164.3 MB
(w = 44) Value Cyclicantibandwidth: 44
Lables: [8, 443, 24, 25, 26, 338, 426, 27, 356, 28, 340, 29, 30, 31, 99, 348, 336, 303, 92, 51, 9, 10, 74, 68, 65, 67, 327, 32, 33, 77, 58, 93, 34, 70, 114, 95, 61, 52, 382, 342, 102, 75, 119, 53, 69, 373, 158, 406, 96, 11, 97, 438, 35, 36, 37, 322, 143, 431, 385, 401, 38, 81, 39, 40, 352, 54, 41, 267, 42, 368, 43, 118, 56, 57, 44, 319, 112, 86, 82, 302, 120, 88, 59, 139, 98, 83, 134, 144, 386, 71, 12, 393, 417, 87, 80, 145, 315, 178, 113, 363, 72, 396, 378, 157, 132, 341, 411, 316, 78, 332, 370, 441, 249, 60, 47, 138, 125, 266, 4, 189, 242, 107, 383, 46, 190, 91, 163, 73, 137, 62, 103, 13, 14, 140, 304, 234, 15, 76, 182, 110, 260, 159, 136, 1, 111, 183, 403, 131, 115, 16, 84, 162, 202, 419, 79, 141, 17, 181, 175, 291, 179, 414, 188, 429, 142, 346, 259, 85, 345, 185, 160, 121, 100, 176, 314, 45, 278, 106, 415, 18, 123, 410, 389, 127, 164, 201, 101, 104, 105, 186, 282, 126, 245, 184, 108, 146, 147, 148, 358, 204, 208, 109, 191, 347, 422, 177, 395, 224, 116, 149, 203, 207, 192, 251, 117, 257, 369, 321, 180, 161, 335, 225, 360, 289, 48, 150, 221, 384, 354, 331, 209, 122, 205, 133, 227, 269, 124, 165, 248, 294, 128, 301, 154, 129, 151, 193, 265, 252, 168, 308, 155, 187, 399, 293, 212, 219, 253, 309, 230, 247, 432, 166, 194, 440, 19, 130, 195, 167, 232, 351, 425, 135, 292, 254, 226, 152, 236, 153, 235, 404, 3, 90, 63, 210, 196, 237, 281, 256, 228, 274, 333, 199, 238, 229, 243, 197, 233, 264, 198, 288, 329, 297, 156, 439, 271, 173, 171, 200, 263, 206, 169, 279, 20, 300, 273, 231, 211, 442, 170, 172, 213, 424, 298, 244, 412, 214, 337, 361, 328, 250, 174, 64, 217, 409, 255, 239, 318, 215, 240, 280, 423, 216, 295, 394, 5, 364, 381, 323, 310, 218, 21, 286, 362, 284, 283, 49, 299, 6, 275, 276, 339, 296, 50, 416, 400, 428, 343, 285, 261, 353, 2, 287, 246, 22, 307, 445, 324, 313, 325, 258, 367, 306, 220, 272, 241, 277, 222, 320, 359, 23, 334, 366, 390, 374, 223, 375, 420, 388, 262, 350, 55, 365, 398, 317, 430, 349, 434, 433, 391, 305, 89, 435, 392, 66, 379, 418, 436, 371, 290, 402, 405, 437, 427, 376, 312, 380, 408, 387, 7, 372, 397, 311, 330, 268, 407, 355, 421, 357, 326, 377, 344, 413, 94, 270, 444]
(w = 44) Correct Cyclicantibandwidth
Set parameter TimeLimit to value 1800
[runlim] sample:		889.2 time, 830.2 real, 5457.8 MB
[runlim] sample:		899.4 time, 840.2 real, 5565.2 MB
[runlim] sample:		909.6 time, 850.2 real, 5635.0 MB
[runlim] sample:		919.8 time, 860.2 real, 5707.3 MB
[runlim] sample:		929.9 time, 870.2 real, 5778.9 MB
[runlim] sample:		940.1 time, 880.2 real, 5849.2 MB
[runlim] sample:		950.3 time, 890.2 real, 5919.9 MB
[runlim] sample:		960.5 time, 900.2 real, 5990.6 MB
[runlim] sample:		970.7 time, 910.2 real, 6063.8 MB
[runlim] sample:		980.9 time, 920.2 real, 6134.8 MB
[runlim] sample:		991.1 time, 930.2 real, 6205.5 MB
[runlim] sample:		1001.3 time, 940.2 real, 6277.0 MB
[runlim] sample:		1011.4 time, 950.2 real, 6345.8 MB
Academic license 2663665 - for non-commercial use only - registered to tu___@vnu.edu.vn
(w = 45) Value Cyclicantibandwidth: 45
Lables: [24, 345, 53, 190, 156, 441, 223, 9, 67, 115, 186, 20, 162, 245, 134, 103, 154, 236, 329, 199, 100, 214, 308, 388, 135, 47, 204, 224, 292, 357, 349, 229, 37, 260, 373, 205, 222, 387, 287, 300, 440, 51, 430, 375, 384, 19, 13, 166, 88, 316, 415, 195, 131, 79, 94, 96, 346, 253, 26, 332, 137, 424, 442, 90, 282, 241, 423, 64, 189, 201, 147, 437, 116, 434, 107, 41, 196, 1, 325, 207, 401, 304, 324, 268, 159, 153, 150, 315, 264, 342, 217, 105, 359, 368, 240, 183, 145, 104, 301, 211, 192, 39, 16, 443, 369, 176, 80, 414, 122, 85, 167, 435, 333, 117, 348, 63, 35, 71, 433, 391, 284, 276, 385, 15, 425, 160, 321, 302, 334, 377, 436, 206, 174, 52, 400, 28, 350, 216, 182, 426, 408, 404, 271, 110, 133, 138, 343, 77, 208, 45, 296, 380, 285, 248, 209, 235, 411, 82, 317, 378, 409, 127, 270, 18, 281, 354, 362, 397, 65, 118, 399, 124, 335, 30, 234, 34, 188, 59, 220, 84, 351, 203, 102, 36, 173, 298, 179, 293, 269, 141, 46, 247, 86, 417, 328, 407, 200, 371, 314, 111, 305, 266, 318, 427, 262, 75, 148, 202, 164, 398, 152, 243, 29, 93, 340, 294, 372, 2, 272, 256, 130, 413, 250, 257, 279, 331, 419, 347, 249, 177, 336, 99, 327, 129, 185, 244, 295, 171, 33, 62, 194, 4, 226, 191, 8, 263, 27, 290, 178, 242, 56, 120, 126, 161, 239, 60, 379, 297, 337, 309, 3, 48, 265, 412, 286, 38, 231, 386, 395, 267, 212, 402, 128, 7, 382, 144, 406, 95, 254, 210, 10, 252, 389, 50, 12, 158, 76, 68, 410, 42, 232, 326, 132, 330, 119, 180, 311, 78, 283, 121, 352, 143, 251, 432, 32, 381, 306, 277, 364, 261, 187, 225, 31, 444, 125, 92, 81, 213, 184, 155, 43, 25, 89, 146, 66, 307, 259, 44, 356, 218, 255, 114, 87, 175, 11, 310, 97, 344, 221, 151, 429, 21, 149, 376, 439, 322, 323, 405, 142, 288, 91, 258, 181, 392, 197, 55, 163, 112, 421, 169, 275, 72, 5, 438, 361, 312, 61, 390, 320, 17, 219, 445, 363, 227, 101, 246, 422, 319, 418, 403, 123, 370, 420, 274, 374, 113, 40, 299, 193, 136, 198, 57, 69, 108, 49, 394, 74, 23, 54, 230, 238, 22, 172, 58, 383, 289, 428, 396, 165, 98, 140, 14, 313, 366, 431, 139, 83, 106, 233, 358, 416, 341, 170, 353, 228, 278, 365, 215, 291, 338, 6, 367, 73, 393, 273, 237, 360, 70, 280, 339, 355, 109, 168, 157, 303]
(w = 45) Correct Cyclicantibandwidth
Set parameter TimeLimit to value 1800
[runlim] sample:		1021.7 time, 960.2 real, 3187.8 MB
[runlim] sample:		1031.9 time, 970.2 real, 3209.3 MB
[runlim] sample:		1042.1 time, 980.2 real, 3300.8 MB
[runlim] sample:		1052.4 time, 990.2 real, 3350.3 MB
[runlim] sample:		1062.6 time, 1000.2 real, 3405.2 MB
[runlim] sample:		1072.8 time, 1010.2 real, 3559.0 MB
[runlim] sample:		1083.0 time, 1020.2 real, 3632.5 MB
[runlim] sample:		1093.2 time, 1030.2 real, 3705.2 MB
[runlim] sample:		1103.4 time, 1040.2 real, 3775.9 MB
[runlim] sample:		1113.6 time, 1050.2 real, 3841.4 MB
[runlim] sample:		1123.8 time, 1060.2 real, 3907.3 MB
[runlim] sample:		1133.9 time, 1070.2 real, 3975.8 MB
[runlim] sample:		1144.1 time, 1080.2 real, 4046.3 MB
[runlim] sample:		1154.2 time, 1090.2 real, 4116.8 MB
Academic license 2663665 - for non-commercial use only - registered to tu___@vnu.edu.vn
[runlim] sample:		1164.4 time, 1100.2 real, 5546.6 MB
[runlim] sample:		1174.6 time, 1110.2 real, 5546.6 MB
[runlim] sample:		1184.7 time, 1120.2 real, 7128.7 MB
[runlim] sample:		1194.9 time, 1130.2 real, 7128.7 MB
[runlim] sample:		1205.2 time, 1140.2 real, 7126.5 MB
[runlim] sample:		1215.4 time, 1150.2 real, 8180.1 MB
[runlim] sample:		1225.6 time, 1160.2 real, 5546.6 MB
[runlim] sample:		1239.0 time, 1170.2 real, 7794.4 MB
[runlim] sample:		1254.5 time, 1180.2 real, 7708.4 MB
[runlim] sample:		1265.3 time, 1190.2 real, 7738.4 MB
[runlim] sample:		1276.1 time, 1200.2 real, 7804.4 MB
[runlim] sample:		1287.0 time, 1210.2 real, 7866.4 MB
[runlim] sample:		1297.8 time, 1220.2 real, 7922.4 MB
[runlim] sample:		1308.7 time, 1230.2 real, 5601.6 MB
[runlim] sample:		1319.5 time, 1240.2 real, 4856.7 MB
[runlim] sample:		1330.2 time, 1250.2 real, 6440.0 MB
[runlim] sample:		1341.0 time, 1260.2 real, 6448.7 MB
(w = 46) Value Cyclicantibandwidth: 46
Lables: [8, 359, 24, 25, 26, 415, 409, 27, 317, 28, 358, 29, 30, 31, 103, 316, 426, 405, 96, 53, 9, 10, 76, 70, 67, 69, 355, 32, 33, 79, 60, 97, 34, 72, 118, 99, 63, 54, 338, 408, 106, 77, 123, 55, 71, 288, 164, 280, 100, 11, 101, 318, 35, 36, 37, 322, 149, 382, 306, 375, 38, 83, 39, 40, 351, 56, 41, 282, 42, 377, 43, 122, 58, 59, 44, 269, 116, 88, 84, 366, 124, 90, 45, 145, 102, 85, 46, 150, 396, 73, 12, 444, 326, 89, 82, 151, 278, 140, 117, 402, 74, 272, 406, 163, 136, 348, 347, 260, 80, 440, 430, 324, 344, 61, 49, 144, 129, 226, 4, 91, 279, 111, 274, 48, 197, 95, 169, 75, 143, 62, 92, 13, 14, 146, 259, 243, 15, 78, 190, 114, 332, 165, 142, 1, 115, 191, 319, 135, 119, 16, 86, 168, 210, 393, 81, 147, 17, 189, 181, 349, 148, 433, 196, 361, 152, 427, 362, 87, 395, 64, 166, 125, 104, 182, 373, 47, 289, 108, 445, 18, 127, 414, 341, 131, 170, 209, 105, 107, 109, 198, 403, 130, 255, 192, 110, 153, 154, 138, 417, 212, 216, 112, 199, 369, 418, 183, 443, 252, 194, 155, 113, 215, 184, 261, 120, 370, 439, 342, 185, 121, 335, 235, 276, 301, 50, 156, 229, 330, 388, 410, 217, 126, 240, 137, 237, 281, 128, 167, 258, 234, 132, 323, 160, 133, 157, 201, 275, 262, 174, 350, 161, 193, 413, 397, 220, 227, 263, 195, 244, 211, 300, 172, 200, 302, 19, 134, 202, 171, 242, 371, 363, 139, 304, 264, 236, 141, 230, 158, 245, 437, 3, 94, 65, 213, 203, 247, 293, 266, 238, 290, 428, 207, 246, 239, 253, 188, 159, 320, 204, 374, 257, 432, 162, 438, 283, 179, 177, 186, 273, 214, 173, 291, 20, 312, 285, 248, 218, 333, 176, 175, 219, 352, 310, 254, 298, 221, 434, 340, 389, 407, 178, 66, 225, 270, 265, 249, 391, 180, 241, 294, 401, 205, 307, 431, 5, 297, 364, 337, 321, 222, 21, 256, 329, 287, 295, 51, 311, 6, 296, 187, 353, 308, 52, 421, 345, 436, 357, 380, 271, 250, 2, 299, 232, 22, 206, 419, 400, 334, 339, 267, 383, 379, 208, 284, 251, 286, 223, 343, 376, 23, 399, 441, 327, 331, 398, 365, 325, 387, 305, 422, 57, 292, 303, 233, 429, 385, 392, 346, 313, 277, 93, 372, 309, 68, 394, 368, 412, 268, 228, 381, 425, 423, 420, 404, 360, 416, 356, 384, 7, 435, 354, 224, 336, 231, 390, 367, 386, 442, 378, 411, 315, 314, 98, 424, 328]
(w = 46) Correct Cyclicantibandwidth
Set parameter TimeLimit to value 1800
[runlim] sample:		1358.4 time, 1270.2 real, 5685.5 MB
[runlim] sample:		1368.6 time, 1280.2 real, 5754.0 MB
[runlim] sample:		1378.8 time, 1290.2 real, 5825.0 MB
[runlim] sample:		1389.0 time, 1300.2 real, 5898.6 MB
[runlim] sample:		1399.2 time, 1310.2 real, 5967.9 MB
[runlim] sample:		1409.3 time, 1320.2 real, 6038.5 MB
[runlim] sample:		1419.5 time, 1330.2 real, 6113.2 MB
[runlim] sample:		1429.7 time, 1340.2 real, 6185.6 MB
[runlim] sample:		1439.9 time, 1350.2 real, 6255.5 MB
[runlim] sample:		1450.1 time, 1360.2 real, 6327.9 MB
[runlim] sample:		1460.2 time, 1370.2 real, 6400.4 MB
[runlim] sample:		1470.4 time, 1380.2 real, 6472.7 MB
[runlim] sample:		1480.6 time, 1390.2 real, 6543.1 MB
[runlim] sample:		1490.8 time, 1400.2 real, 6615.8 MB
Academic license 2663665 - for non-commercial use only - registered to tu___@vnu.edu.vn
(w = 47) Value Cyclicantibandwidth: 47
Lables: [24, 400, 70, 291, 156, 441, 18, 9, 40, 115, 67, 20, 135, 120, 387, 288, 323, 236, 329, 336, 100, 287, 333, 443, 137, 84, 186, 256, 292, 243, 349, 229, 37, 260, 347, 204, 222, 89, 345, 300, 10, 51, 431, 317, 384, 234, 13, 423, 158, 214, 415, 78, 382, 390, 22, 170, 35, 271, 26, 237, 375, 178, 442, 30, 101, 241, 25, 392, 174, 196, 130, 203, 331, 434, 107, 41, 325, 1, 11, 207, 416, 16, 60, 268, 159, 153, 150, 315, 3, 294, 217, 179, 359, 360, 240, 183, 96, 68, 301, 71, 172, 145, 32, 250, 369, 94, 133, 414, 242, 98, 167, 224, 274, 245, 346, 63, 437, 126, 433, 402, 354, 276, 113, 264, 425, 394, 321, 283, 19, 377, 253, 34, 284, 52, 122, 28, 350, 64, 164, 426, 223, 404, 272, 110, 307, 138, 401, 124, 188, 176, 296, 380, 397, 286, 85, 212, 411, 82, 255, 378, 407, 79, 4, 281, 62, 152, 362, 339, 105, 118, 432, 134, 248, 154, 27, 338, 210, 228, 358, 417, 171, 334, 33, 65, 175, 298, 106, 293, 269, 116, 46, 247, 86, 351, 328, 59, 200, 388, 363, 111, 316, 304, 318, 436, 273, 76, 148, 198, 45, 398, 220, 140, 42, 93, 340, 195, 205, 2, 238, 249, 265, 162, 102, 297, 88, 385, 419, 5, 201, 177, 230, 194, 327, 129, 185, 366, 275, 184, 163, 66, 320, 235, 322, 192, 8, 251, 151, 190, 44, 144, 50, 108, 157, 161, 254, 370, 379, 252, 337, 355, 257, 21, 246, 344, 216, 83, 231, 314, 395, 439, 173, 386, 356, 7, 38, 266, 406, 95, 280, 302, 15, 208, 53, 239, 427, 99, 39, 75, 399, 430, 232, 326, 132, 206, 119, 180, 352, 127, 267, 121, 343, 143, 261, 282, 409, 131, 306, 277, 311, 141, 187, 191, 77, 444, 72, 47, 81, 371, 182, 155, 43, 424, 57, 244, 117, 103, 181, 209, 215, 139, 372, 422, 36, 31, 12, 58, 104, 165, 221, 146, 429, 73, 149, 376, 438, 309, 357, 391, 80, 330, 396, 285, 405, 23, 142, 136, 74, 112, 226, 169, 263, 69, 421, 259, 299, 312, 403, 310, 197, 147, 125, 445, 373, 258, 393, 213, 305, 319, 168, 410, 123, 342, 418, 219, 374, 97, 55, 270, 341, 128, 225, 90, 54, 114, 49, 166, 29, 413, 91, 290, 262, 412, 193, 61, 383, 324, 440, 335, 218, 368, 48, 14, 428, 56, 17, 332, 87, 408, 233, 367, 199, 364, 348, 295, 303, 189, 361, 381, 435, 289, 6, 420, 211, 389, 278, 227, 92, 202, 279, 313, 353, 109, 365, 160, 308]
(w = 47) Correct Cyclicantibandwidth
Set parameter TimeLimit to value 1800
[runlim] sample:		1501.0 time, 1410.2 real, 3356.5 MB
[runlim] sample:		1511.2 time, 1420.2 real, 3428.5 MB
[runlim] sample:		1521.3 time, 1430.2 real, 3477.5 MB
[runlim] sample:		1531.5 time, 1440.2 real, 3530.4 MB
[runlim] sample:		1541.7 time, 1450.2 real, 3582.3 MB
[runlim] sample:		1551.8 time, 1460.2 real, 3748.1 MB
[runlim] sample:		1562.0 time, 1470.2 real, 3818.3 MB
[runlim] sample:		1572.2 time, 1480.2 real, 3887.3 MB
[runlim] sample:		1582.4 time, 1490.2 real, 3961.5 MB
[runlim] sample:		1592.6 time, 1500.2 real, 4031.7 MB
[runlim] sample:		1602.8 time, 1510.2 real, 4104.1 MB
[runlim] sample:		1613.0 time, 1520.2 real, 4176.0 MB
[runlim] sample:		1623.2 time, 1530.2 real, 4248.2 MB
[runlim] sample:		1633.4 time, 1540.2 real, 2118.8 MB
Academic license 2663665 - for non-commercial use only - registered to tu___@vnu.edu.vn
(w = 48) Value Cyclicantibandwidth: 48
Lables: [24, 345, 388, 291, 156, 441, 224, 9, 22, 112, 67, 20, 58, 120, 134, 130, 316, 236, 140, 351, 29, 273, 310, 97, 135, 72, 198, 256, 174, 357, 349, 229, 30, 260, 373, 204, 222, 101, 287, 364, 439, 171, 431, 317, 384, 298, 13, 157, 158, 23, 415, 78, 382, 390, 259, 361, 346, 323, 17, 237, 375, 178, 442, 205, 207, 241, 423, 392, 189, 196, 147, 203, 218, 368, 303, 107, 325, 1, 11, 408, 244, 16, 60, 268, 159, 153, 411, 74, 27, 294, 214, 131, 336, 360, 240, 183, 145, 68, 301, 201, 163, 39, 283, 250, 66, 93, 137, 427, 122, 98, 167, 435, 302, 253, 348, 63, 440, 56, 433, 402, 333, 276, 226, 264, 425, 270, 321, 172, 19, 377, 225, 34, 181, 52, 133, 363, 350, 186, 164, 426, 223, 404, 86, 62, 126, 138, 342, 77, 188, 383, 296, 413, 239, 288, 177, 46, 414, 82, 255, 378, 358, 111, 4, 238, 91, 354, 362, 397, 105, 118, 26, 124, 25, 154, 141, 338, 210, 129, 220, 417, 228, 334, 116, 65, 381, 49, 179, 312, 286, 213, 369, 247, 176, 144, 328, 59, 200, 391, 199, 235, 305, 304, 318, 436, 262, 331, 148, 202, 45, 398, 152, 243, 284, 115, 394, 195, 71, 217, 242, 249, 94, 162, 96, 340, 83, 385, 419, 14, 257, 295, 285, 194, 327, 424, 79, 246, 275, 184, 420, 139, 320, 170, 100, 192, 438, 263, 151, 306, 44, 248, 50, 422, 437, 161, 254, 370, 371, 234, 337, 353, 175, 21, 128, 344, 216, 53, 231, 407, 395, 279, 212, 386, 356, 7, 37, 266, 406, 95, 280, 173, 15, 208, 57, 61, 185, 99, 215, 75, 399, 430, 290, 326, 73, 206, 119, 180, 352, 76, 311, 110, 343, 143, 274, 432, 409, 121, 308, 277, 106, 252, 187, 191, 84, 444, 36, 300, 81, 261, 182, 87, 43, 372, 89, 258, 117, 70, 309, 209, 127, 401, 267, 387, 38, 35, 12, 149, 104, 245, 289, 103, 429, 5, 3, 376, 428, 434, 324, 265, 80, 330, 396, 281, 405, 113, 197, 142, 329, 109, 443, 169, 132, 69, 416, 31, 299, 10, 403, 41, 314, 33, 125, 445, 55, 227, 282, 18, 319, 322, 341, 307, 123, 367, 418, 219, 374, 136, 51, 40, 90, 251, 230, 102, 389, 146, 47, 166, 8, 347, 54, 42, 269, 412, 168, 32, 379, 190, 232, 150, 165, 315, 2, 335, 297, 160, 211, 339, 85, 292, 233, 193, 410, 332, 6, 92, 221, 278, 355, 380, 293, 28, 108, 365, 88, 393, 271, 64, 48, 400, 272, 313, 359, 114, 366, 421, 155]
(w = 48) Correct Cyclicantibandwidth
Set parameter TimeLimit to value 1800
[runlim] sample:		1643.5 time, 1550.2 real, 3410.4 MB
[runlim] sample:		1653.7 time, 1560.2 real, 3414.0 MB
[runlim] sample:		1663.9 time, 1570.2 real, 3534.6 MB
[runlim] sample:		1674.1 time, 1580.2 real, 3583.8 MB
[runlim] sample:		1684.3 time, 1590.2 real, 3635.8 MB
[runlim] sample:		1694.5 time, 1600.2 real, 3802.7 MB
[runlim] sample:		1704.6 time, 1610.2 real, 3874.6 MB
[runlim] sample:		1714.8 time, 1620.2 real, 3943.0 MB
[runlim] sample:		1725.0 time, 1630.2 real, 4012.4 MB
[runlim] sample:		1735.1 time, 1640.2 real, 4078.1 MB
[runlim] sample:		1745.3 time, 1650.2 real, 4147.8 MB
[runlim] sample:		1755.5 time, 1660.2 real, 4217.2 MB
[runlim] sample:		1765.6 time, 1670.2 real, 4287.1 MB
[runlim] sample:		1775.8 time, 1680.2 real, 4357.1 MB
Academic license 2663665 - for non-commercial use only - registered to tu___@vnu.edu.vn
(w = 49) Value Cyclicantibandwidth: 49
Lables: [24, 345, 378, 443, 156, 181, 411, 5, 22, 117, 233, 20, 52, 247, 134, 103, 222, 170, 329, 336, 100, 351, 304, 119, 135, 72, 207, 130, 174, 349, 182, 293, 37, 310, 409, 324, 357, 387, 339, 224, 10, 51, 428, 317, 384, 218, 13, 360, 158, 319, 18, 78, 305, 15, 87, 140, 346, 274, 420, 365, 400, 229, 3, 211, 165, 230, 330, 394, 167, 26, 152, 217, 331, 432, 204, 94, 4, 440, 11, 208, 299, 16, 335, 259, 359, 261, 147, 260, 268, 110, 416, 131, 396, 436, 240, 183, 70, 68, 311, 246, 111, 47, 45, 250, 309, 168, 137, 414, 115, 98, 188, 435, 354, 164, 348, 28, 17, 66, 425, 402, 333, 104, 344, 264, 342, 266, 243, 302, 19, 377, 253, 39, 284, 113, 139, 30, 287, 64, 114, 323, 405, 371, 263, 89, 133, 31, 83, 80, 171, 176, 296, 381, 234, 225, 109, 235, 290, 82, 314, 369, 417, 129, 9, 159, 265, 412, 81, 340, 300, 118, 33, 124, 25, 155, 279, 40, 410, 294, 437, 389, 291, 128, 388, 210, 355, 49, 442, 228, 36, 141, 96, 219, 122, 105, 245, 59, 205, 322, 393, 236, 148, 316, 157, 21, 262, 194, 386, 347, 350, 398, 136, 153, 42, 338, 373, 213, 231, 212, 278, 249, 196, 162, 102, 220, 144, 383, 419, 433, 257, 184, 202, 199, 195, 108, 334, 328, 275, 248, 366, 288, 438, 107, 97, 192, 427, 237, 154, 356, 44, 292, 50, 41, 368, 161, 254, 370, 375, 252, 343, 193, 92, 295, 244, 271, 216, 32, 177, 401, 395, 439, 422, 441, 172, 431, 301, 376, 406, 361, 280, 173, 73, 201, 53, 63, 392, 382, 99, 75, 399, 445, 426, 258, 145, 221, 391, 180, 337, 127, 200, 121, 332, 101, 307, 27, 404, 272, 318, 298, 106, 143, 186, 191, 256, 444, 76, 56, 239, 363, 150, 327, 43, 273, 61, 407, 120, 71, 179, 226, 149, 163, 267, 308, 38, 35, 12, 88, 374, 160, 270, 146, 95, 14, 178, 352, 423, 65, 408, 79, 74, 282, 2, 142, 413, 90, 34, 283, 77, 60, 241, 189, 62, 69, 421, 372, 112, 312, 403, 48, 364, 7, 151, 1, 358, 57, 281, 206, 325, 29, 169, 238, 326, 341, 430, 215, 209, 23, 362, 54, 190, 125, 138, 303, 367, 123, 255, 166, 67, 434, 397, 286, 55, 321, 126, 223, 379, 197, 198, 251, 116, 93, 269, 132, 277, 175, 429, 289, 85, 86, 424, 187, 203, 390, 6, 214, 8, 232, 84, 242, 415, 297, 58, 315, 380, 353, 276, 227, 313, 385, 285, 320, 46, 91, 185, 418, 306]
(w = 49) Correct Cyclicantibandwidth
Set parameter TimeLimit to value 1800
[runlim] sample:		1786.0 time, 1690.2 real, 3455.2 MB
[runlim] sample:		1796.2 time, 1700.2 real, 3455.2 MB
[runlim] sample:		1806.3 time, 1710.2 real, 3555.6 MB
[runlim] sample:		1816.5 time, 1720.2 real, 3603.1 MB
[runlim] sample:		1826.7 time, 1730.2 real, 3654.6 MB
[runlim] sample:		1836.9 time, 1740.2 real, 3811.1 MB
[runlim] sample:		1847.1 time, 1750.2 real, 3881.0 MB
[runlim] sample:		1857.3 time, 1760.2 real, 3950.7 MB
[runlim] sample:		1867.4 time, 1770.2 real, 4020.5 MB
[runlim] sample:		1877.7 time, 1780.2 real, 4071.4 MB
[runlim] sample:		1887.9 time, 1790.2 real, 4141.1 MB
[runlim] sample:		1898.2 time, 1800.2 real, 0.0 MB
[runlim] end:			Fri Oct 10 14:29:54 2025
[runlim] status:		out of time
[runlim] result:		2
[runlim] children:		0
[runlim] real:			1800.23 seconds
[runlim] time:			1898.16 seconds
[runlim] space:			16129.2 MB
[runlim] samples:		18000
