[runlim] version:		1.10
[runlim] time limit:		311040000 seconds
[runlim] real time limit:	1800 seconds
[runlim] space limit:		30000 MB
[runlim] argv[0]:		python3
[runlim] argv[1]:		model.py
[runlim] argv[2]:		R-dwt__503.mtx.rnd
[runlim] start:			Fri Oct 10 14:59:54 2025
[runlim] main pid:		50011
Set parameter WLSAccessID
Set parameter WLSSecret
Set parameter LicenseID to value 2663665
Academic license 2663665 - for non-commercial use only - registered to tu___@vnu.edu.vn
Set parameter TimeLimit to value 1800
[runlim] sample:		10.3 time, 10.1 real, 208.5 MB
[runlim] sample:		20.6 time, 20.1 real, 289.6 MB
[runlim] sample:		30.8 time, 30.1 real, 375.7 MB
[runlim] sample:		41.0 time, 40.1 real, 460.9 MB
[runlim] sample:		51.3 time, 50.1 real, 550.6 MB
[runlim] sample:		61.5 time, 60.1 real, 632.6 MB
[runlim] sample:		71.8 time, 70.1 real, 727.2 MB
[runlim] sample:		82.0 time, 80.1 real, 810.8 MB
[runlim] sample:		92.3 time, 90.1 real, 892.8 MB
[runlim] sample:		102.6 time, 100.1 real, 975.2 MB
[runlim] sample:		112.9 time, 110.1 real, 1069.6 MB
[runlim] sample:		123.1 time, 120.1 real, 1155.9 MB
[runlim] sample:		133.4 time, 130.1 real, 1235.9 MB
Academic license 2663665 - for non-commercial use only - registered to tu___@vnu.edu.vn
(w = 25) Value Cyclicantibandwidth: 25
Lables: [177, 162, 219, 397, 288, 11, 173, 233, 438, 458, 351, 409, 483, 22, 370, 75, 428, 361, 87, 259, 49, 431, 479, 239, 228, 113, 211, 18, 268, 475, 59, 98, 33, 111, 457, 117, 73, 398, 134, 68, 36, 142, 392, 149, 23, 13, 29, 464, 72, 365, 304, 12, 115, 291, 385, 328, 47, 369, 386, 81, 183, 231, 166, 171, 463, 120, 389, 243, 284, 6, 190, 146, 336, 272, 439, 435, 39, 122, 30, 500, 287, 469, 114, 265, 90, 323, 160, 368, 377, 440, 34, 187, 121, 191, 197, 41, 271, 133, 143, 14, 451, 327, 309, 116, 338, 310, 264, 213, 295, 254, 1, 101, 425, 424, 199, 196, 484, 343, 52, 437, 297, 147, 193, 394, 421, 70, 262, 223, 444, 95, 174, 46, 91, 383, 184, 342, 367, 379, 105, 202, 502, 251, 94, 490, 164, 245, 416, 31, 356, 61, 387, 430, 354, 488, 67, 314, 65, 470, 246, 375, 473, 406, 478, 247, 215, 150, 159, 255, 25, 236, 390, 460, 393, 345, 244, 316, 494, 227, 44, 148, 185, 283, 151, 270, 85, 332, 230, 106, 434, 305, 380, 334, 403, 169, 194, 93, 128, 471, 208, 140, 362, 77, 330, 329, 119, 286, 62, 16, 497, 472, 423, 303, 214, 248, 426, 237, 109, 21, 366, 266, 318, 26, 296, 486, 445, 103, 179, 89, 404, 3, 474, 158, 415, 7, 100, 363, 382, 17, 172, 54, 125, 253, 285, 88, 50, 459, 76, 347, 492, 477, 82, 124, 210, 261, 104, 201, 384, 263, 180, 487, 278, 371, 5, 137, 407, 84, 154, 461, 322, 256, 96, 344, 273, 220, 204, 357, 53, 496, 139, 325, 9, 281, 381, 145, 335, 212, 447, 402, 153, 252, 349, 503, 63, 498, 491, 300, 221, 136, 10, 241, 218, 257, 97, 339, 152, 408, 19, 64, 364, 373, 276, 274, 24, 414, 234, 205, 326, 307, 298, 232, 378, 417, 436, 388, 448, 292, 170, 466, 260, 66, 107, 340, 123, 289, 60, 446, 489, 372, 294, 476, 225, 28, 413, 462, 37, 207, 32, 167, 168, 432, 333, 258, 467, 293, 198, 108, 319, 313, 317, 157, 456, 353, 422, 331, 433, 110, 482, 182, 480, 346, 250, 206, 499, 321, 299, 391, 200, 493, 468, 238, 118, 401, 2, 308, 126, 277, 395, 141, 443, 8, 99, 176, 74, 217, 290, 455, 144, 43, 495, 48, 249, 27, 4, 57, 481, 341, 442, 267, 501, 226, 175, 189, 20, 181, 352, 165, 40, 348, 312, 420, 235, 441, 279, 240, 209, 161, 155, 412, 15, 135, 192, 355, 79, 306, 222, 450, 186, 78, 69, 102, 130, 83, 376, 358, 374, 242, 56, 163, 320, 38, 360, 188, 131, 452, 400, 71, 45, 224, 350, 465, 42, 337, 324, 396, 302, 86, 399, 127, 359, 138, 216, 301, 229, 129, 275, 178, 427, 311, 92, 51, 203, 132, 315, 405, 419, 269, 156, 35, 282, 410, 429, 112, 55, 454, 411, 485, 80, 449, 453, 195, 418, 58, 280]
(w = 25) Correct Cyclicantibandwidth
Set parameter TimeLimit to value 1800
[runlim] sample:		143.7 time, 140.1 real, 3023.5 MB
[runlim] sample:		153.9 time, 150.1 real, 3182.7 MB
[runlim] sample:		164.2 time, 160.1 real, 3261.9 MB
[runlim] sample:		174.4 time, 170.1 real, 3339.1 MB
[runlim] sample:		184.6 time, 180.1 real, 3426.9 MB
[runlim] sample:		194.9 time, 190.1 real, 3515.9 MB
[runlim] sample:		205.2 time, 200.1 real, 3590.1 MB
[runlim] sample:		215.4 time, 210.1 real, 3673.5 MB
[runlim] sample:		225.6 time, 220.1 real, 3767.6 MB
[runlim] sample:		235.8 time, 230.1 real, 3841.6 MB
[runlim] sample:		246.1 time, 240.1 real, 3919.3 MB
[runlim] sample:		256.3 time, 250.1 real, 4013.0 MB
[runlim] sample:		266.5 time, 260.1 real, 4091.7 MB
[runlim] sample:		276.7 time, 270.1 real, 4171.7 MB
[runlim] sample:		286.9 time, 280.1 real, 4261.1 MB
Academic license 2663665 - for non-commercial use only - registered to tu___@vnu.edu.vn
(w = 26) Value Cyclicantibandwidth: 26
Lables: [177, 162, 48, 397, 288, 385, 173, 294, 438, 119, 68, 409, 483, 22, 370, 75, 406, 361, 87, 83, 39, 431, 479, 239, 228, 148, 255, 18, 432, 475, 321, 98, 393, 111, 457, 468, 476, 398, 134, 489, 36, 142, 392, 176, 23, 13, 29, 464, 84, 356, 304, 387, 80, 283, 372, 390, 47, 369, 235, 81, 183, 231, 276, 171, 335, 108, 389, 243, 109, 113, 190, 182, 169, 144, 439, 435, 11, 122, 30, 500, 442, 469, 114, 265, 278, 474, 160, 368, 377, 192, 34, 187, 121, 191, 197, 41, 271, 133, 298, 14, 451, 355, 485, 116, 338, 310, 264, 213, 204, 254, 1, 101, 425, 318, 117, 196, 143, 343, 57, 437, 297, 147, 472, 166, 44, 70, 262, 223, 444, 95, 413, 58, 379, 383, 184, 96, 367, 146, 105, 202, 348, 174, 16, 352, 164, 220, 416, 31, 342, 61, 268, 136, 354, 488, 67, 314, 65, 470, 246, 375, 473, 405, 478, 247, 215, 150, 159, 467, 15, 481, 90, 460, 205, 345, 244, 199, 494, 227, 151, 32, 69, 233, 33, 270, 261, 20, 230, 106, 434, 305, 380, 334, 403, 55, 194, 99, 128, 404, 502, 140, 362, 77, 330, 329, 238, 286, 62, 180, 497, 269, 186, 303, 214, 251, 426, 237, 412, 21, 366, 272, 313, 26, 296, 486, 445, 103, 179, 89, 189, 157, 386, 309, 415, 7, 100, 363, 359, 17, 88, 12, 125, 253, 285, 165, 50, 430, 419, 347, 490, 71, 82, 208, 210, 152, 188, 201, 384, 193, 124, 450, 49, 85, 5, 137, 407, 225, 154, 465, 322, 256, 97, 344, 273, 224, 149, 357, 53, 496, 139, 325, 242, 281, 45, 172, 373, 212, 447, 402, 153, 252, 349, 236, 63, 498, 93, 315, 221, 323, 10, 241, 436, 289, 282, 339, 259, 408, 19, 440, 364, 37, 181, 274, 24, 414, 234, 421, 365, 307, 394, 232, 104, 417, 27, 441, 448, 292, 170, 229, 332, 66, 107, 340, 123, 300, 60, 115, 260, 291, 40, 371, 267, 351, 138, 462, 248, 207, 327, 155, 455, 336, 333, 258, 376, 461, 198, 200, 319, 249, 317, 492, 456, 353, 324, 331, 46, 110, 482, 284, 480, 76, 91, 206, 3, 277, 295, 391, 360, 493, 328, 316, 120, 401, 2, 308, 126, 463, 395, 141, 400, 263, 226, 86, 52, 42, 163, 28, 118, 43, 495, 446, 501, 78, 423, 131, 219, 453, 130, 145, 491, 422, 4, 245, 458, 25, 428, 132, 211, 487, 312, 195, 388, 59, 484, 240, 374, 443, 161, 64, 459, 135, 503, 341, 73, 433, 168, 311, 306, 79, 218, 102, 279, 299, 381, 358, 94, 127, 175, 185, 320, 38, 466, 6, 112, 452, 420, 378, 167, 257, 72, 477, 346, 158, 326, 396, 449, 156, 399, 424, 350, 337, 216, 250, 74, 129, 9, 471, 178, 454, 92, 51, 56, 382, 410, 427, 290, 266, 217, 209, 8, 293, 222, 301, 499, 287, 411, 203, 418, 35, 275, 280, 429, 54, 302]
(w = 26) Correct Cyclicantibandwidth
Set parameter TimeLimit to value 1800
[runlim] sample:		297.1 time, 290.1 real, 3248.3 MB
[runlim] sample:		307.4 time, 300.1 real, 3328.7 MB
[runlim] sample:		317.6 time, 310.1 real, 3408.6 MB
[runlim] sample:		327.8 time, 320.1 real, 3485.9 MB
[runlim] sample:		338.0 time, 330.1 real, 3575.0 MB
[runlim] sample:		348.2 time, 340.1 real, 3667.6 MB
[runlim] sample:		358.4 time, 350.1 real, 3748.5 MB
[runlim] sample:		368.6 time, 360.1 real, 3839.5 MB
[runlim] sample:		378.9 time, 370.1 real, 3917.6 MB
[runlim] sample:		389.1 time, 380.1 real, 3993.6 MB
[runlim] sample:		399.3 time, 390.1 real, 4072.8 MB
[runlim] sample:		409.5 time, 400.1 real, 4182.8 MB
[runlim] sample:		419.7 time, 410.1 real, 4262.7 MB
[runlim] sample:		429.9 time, 420.1 real, 4344.9 MB
[runlim] sample:		440.1 time, 430.1 real, 4422.8 MB
Academic license 2663665 - for non-commercial use only - registered to tu___@vnu.edu.vn
(w = 27) Value Cyclicantibandwidth: 27
Lables: [177, 162, 48, 397, 288, 11, 35, 294, 469, 119, 68, 409, 483, 22, 370, 75, 406, 361, 87, 83, 39, 431, 479, 239, 228, 148, 447, 18, 432, 475, 321, 98, 323, 111, 457, 468, 476, 275, 134, 363, 36, 142, 392, 176, 23, 13, 29, 394, 315, 356, 304, 387, 80, 37, 385, 390, 47, 369, 235, 81, 183, 231, 276, 425, 328, 108, 492, 243, 109, 113, 343, 182, 464, 144, 439, 435, 45, 122, 30, 500, 287, 102, 114, 265, 278, 474, 160, 368, 377, 193, 34, 187, 121, 191, 197, 41, 271, 133, 298, 14, 451, 3, 485, 116, 338, 310, 264, 213, 204, 254, 1, 101, 269, 318, 309, 196, 143, 463, 57, 437, 297, 147, 472, 166, 44, 70, 262, 223, 444, 95, 413, 58, 379, 383, 184, 96, 367, 84, 105, 201, 7, 174, 16, 352, 396, 220, 418, 489, 342, 61, 268, 136, 354, 488, 67, 314, 65, 470, 246, 375, 473, 405, 5, 247, 215, 150, 317, 467, 15, 481, 214, 460, 205, 345, 244, 199, 494, 227, 151, 32, 69, 233, 33, 270, 261, 426, 230, 106, 434, 305, 380, 334, 164, 55, 194, 146, 128, 404, 208, 140, 362, 77, 330, 169, 238, 286, 62, 180, 497, 478, 186, 303, 427, 12, 103, 237, 412, 21, 366, 272, 9, 26, 296, 99, 445, 403, 179, 89, 189, 157, 386, 74, 126, 471, 100, 325, 339, 17, 88, 416, 125, 253, 285, 165, 50, 430, 419, 347, 490, 71, 82, 429, 210, 152, 104, 94, 384, 171, 124, 450, 49, 85, 291, 137, 407, 225, 154, 465, 322, 256, 417, 202, 273, 224, 149, 357, 381, 496, 139, 159, 242, 281, 46, 145, 373, 212, 226, 402, 153, 252, 349, 236, 420, 498, 388, 167, 221, 327, 10, 241, 283, 289, 282, 97, 259, 408, 19, 168, 117, 31, 181, 274, 24, 364, 234, 421, 365, 307, 195, 232, 378, 6, 27, 458, 448, 292, 170, 229, 332, 66, 107, 340, 123, 300, 60, 115, 260, 359, 40, 371, 436, 351, 138, 398, 248, 207, 329, 155, 455, 336, 333, 258, 374, 461, 198, 399, 319, 249, 245, 92, 456, 344, 324, 190, 348, 110, 482, 428, 480, 353, 91, 313, 499, 277, 295, 442, 200, 493, 389, 316, 120, 401, 2, 308, 443, 486, 395, 53, 400, 263, 495, 86, 52, 42, 163, 28, 118, 43, 306, 446, 501, 251, 423, 131, 376, 462, 130, 267, 491, 438, 4, 372, 25, 217, 422, 132, 211, 487, 312, 393, 503, 341, 484, 240, 382, 452, 161, 64, 185, 135, 79, 355, 73, 441, 222, 311, 299, 76, 218, 440, 279, 192, 172, 358, 326, 127, 59, 38, 320, 54, 466, 112, 175, 424, 410, 331, 93, 257, 188, 477, 219, 158, 453, 391, 449, 156, 411, 280, 360, 337, 216, 250, 335, 302, 414, 178, 90, 454, 63, 20, 56, 129, 255, 415, 284, 72, 141, 209, 266, 290, 346, 301, 502, 459, 173, 203, 206, 8, 78, 350, 433, 51, 293]
(w = 27) Correct Cyclicantibandwidth
Set parameter TimeLimit to value 1800
[runlim] sample:		450.3 time, 440.1 real, 3386.4 MB
[runlim] sample:		460.5 time, 450.1 real, 3457.7 MB
[runlim] sample:		470.7 time, 460.1 real, 3563.7 MB
[runlim] sample:		480.9 time, 470.1 real, 3640.7 MB
[runlim] sample:		491.1 time, 480.1 real, 3718.4 MB
[runlim] sample:		501.3 time, 490.1 real, 3796.8 MB
[runlim] sample:		511.5 time, 500.1 real, 3876.4 MB
[runlim] sample:		521.6 time, 510.1 real, 3958.5 MB
[runlim] sample:		531.8 time, 520.1 real, 4035.6 MB
[runlim] sample:		542.0 time, 530.1 real, 4113.3 MB
[runlim] sample:		552.2 time, 540.1 real, 4191.4 MB
[runlim] sample:		562.5 time, 550.1 real, 4295.3 MB
[runlim] sample:		572.7 time, 560.1 real, 4380.7 MB
[runlim] sample:		582.9 time, 570.1 real, 4458.9 MB
[runlim] sample:		593.1 time, 580.1 real, 4539.1 MB
Academic license 2663665 - for non-commercial use only - registered to tu___@vnu.edu.vn
(w = 28) Value Cyclicantibandwidth: 28
Lables: [177, 162, 305, 397, 288, 11, 173, 294, 438, 119, 68, 409, 483, 22, 370, 75, 93, 361, 87, 83, 39, 431, 479, 239, 228, 325, 255, 18, 273, 475, 327, 98, 393, 111, 457, 468, 476, 398, 423, 363, 293, 142, 392, 176, 23, 13, 321, 464, 148, 356, 304, 387, 80, 283, 385, 390, 47, 369, 235, 81, 183, 231, 276, 171, 335, 108, 389, 243, 109, 113, 190, 143, 169, 144, 439, 435, 45, 122, 30, 500, 274, 469, 114, 265, 278, 474, 160, 368, 248, 440, 34, 366, 90, 191, 197, 41, 271, 133, 427, 14, 451, 3, 485, 116, 338, 310, 264, 213, 204, 254, 1, 101, 425, 318, 117, 196, 210, 343, 57, 437, 297, 134, 472, 166, 364, 450, 262, 223, 447, 95, 413, 58, 89, 383, 184, 96, 367, 146, 105, 202, 502, 174, 16, 352, 277, 220, 285, 31, 342, 61, 268, 136, 354, 488, 67, 314, 291, 470, 118, 375, 420, 405, 478, 247, 215, 226, 159, 467, 121, 481, 15, 460, 205, 345, 244, 199, 494, 227, 151, 32, 69, 233, 33, 270, 261, 52, 230, 106, 434, 192, 380, 334, 403, 55, 194, 99, 128, 43, 208, 140, 362, 185, 330, 329, 74, 286, 62, 180, 452, 77, 186, 461, 214, 12, 426, 149, 412, 21, 6, 25, 492, 26, 296, 486, 445, 103, 179, 395, 189, 157, 386, 309, 415, 7, 100, 29, 382, 17, 88, 250, 125, 253, 97, 165, 50, 430, 419, 347, 490, 71, 82, 240, 112, 152, 104, 399, 158, 193, 124, 432, 49, 85, 5, 137, 407, 46, 154, 489, 323, 153, 322, 394, 374, 224, 365, 357, 53, 446, 107, 175, 242, 275, 237, 145, 373, 212, 463, 272, 465, 448, 349, 236, 63, 480, 388, 167, 221, 379, 10, 241, 416, 289, 282, 339, 259, 408, 260, 168, 301, 37, 181, 315, 350, 436, 471, 73, 20, 307, 195, 232, 378, 417, 27, 444, 198, 424, 170, 287, 332, 66, 94, 340, 123, 312, 60, 115, 120, 359, 40, 371, 466, 411, 396, 462, 79, 207, 249, 234, 455, 336, 333, 298, 172, 503, 497, 200, 319, 8, 320, 326, 138, 344, 324, 331, 433, 456, 313, 284, 501, 353, 86, 429, 499, 337, 442, 91, 360, 493, 328, 316, 129, 401, 498, 308, 391, 182, 459, 302, 400, 217, 495, 346, 348, 42, 155, 28, 281, 19, 306, 59, 292, 24, 54, 131, 376, 453, 2, 267, 491, 269, 263, 206, 458, 257, 4, 132, 211, 473, 258, 139, 161, 201, 484, 443, 372, 341, 164, 64, 256, 404, 92, 203, 84, 402, 147, 311, 44, 76, 225, 245, 377, 279, 187, 358, 317, 482, 135, 163, 229, 414, 35, 188, 351, 110, 78, 290, 70, 126, 280, 127, 219, 477, 72, 251, 56, 295, 299, 252, 428, 381, 216, 238, 303, 421, 9, 65, 441, 141, 178, 51, 246, 130, 156, 36, 266, 355, 209, 384, 410, 102, 38, 218, 496, 454, 418, 222, 422, 300, 406, 487, 449, 48, 150]
(w = 28) Correct Cyclicantibandwidth
Set parameter TimeLimit to value 1800
[runlim] sample:		603.3 time, 590.1 real, 3529.4 MB
[runlim] sample:		613.5 time, 600.1 real, 3582.5 MB
[runlim] sample:		623.8 time, 610.1 real, 3684.2 MB
[runlim] sample:		634.0 time, 620.1 real, 3761.7 MB
[runlim] sample:		644.2 time, 630.1 real, 3838.1 MB
[runlim] sample:		654.5 time, 640.1 real, 3914.6 MB
[runlim] sample:		664.6 time, 650.1 real, 3991.7 MB
[runlim] sample:		674.9 time, 660.1 real, 4070.2 MB
[runlim] sample:		685.1 time, 670.1 real, 4147.1 MB
[runlim] sample:		695.3 time, 680.1 real, 4228.0 MB
[runlim] sample:		705.5 time, 690.1 real, 4301.9 MB
[runlim] sample:		715.8 time, 700.1 real, 4377.0 MB
[runlim] sample:		726.0 time, 710.1 real, 4464.6 MB
[runlim] sample:		736.2 time, 720.1 real, 4542.3 MB
[runlim] sample:		746.4 time, 730.1 real, 4621.5 MB
[runlim] sample:		756.7 time, 740.1 real, 4700.4 MB
Academic license 2663665 - for non-commercial use only - registered to tu___@vnu.edu.vn
(w = 29) Value Cyclicantibandwidth: 29
Lables: [177, 162, 48, 397, 288, 11, 173, 294, 438, 148, 68, 427, 483, 22, 370, 75, 406, 361, 87, 83, 39, 431, 479, 239, 228, 327, 255, 18, 432, 475, 7, 98, 393, 111, 457, 468, 476, 480, 134, 363, 36, 142, 392, 176, 92, 13, 29, 350, 315, 356, 304, 387, 80, 283, 385, 390, 47, 369, 235, 81, 183, 231, 276, 171, 335, 108, 389, 210, 109, 26, 190, 182, 169, 144, 439, 435, 45, 122, 291, 500, 287, 469, 114, 104, 278, 474, 160, 368, 305, 440, 34, 187, 121, 191, 197, 70, 271, 133, 298, 14, 451, 3, 485, 398, 338, 310, 264, 213, 204, 501, 502, 364, 425, 326, 117, 196, 143, 343, 57, 437, 297, 147, 472, 166, 44, 436, 262, 223, 448, 95, 413, 58, 379, 383, 184, 96, 367, 146, 105, 202, 254, 174, 16, 352, 277, 220, 285, 31, 342, 61, 128, 136, 354, 488, 67, 314, 65, 470, 246, 41, 420, 243, 478, 247, 215, 150, 159, 467, 15, 481, 90, 460, 205, 380, 244, 199, 494, 227, 151, 32, 69, 233, 33, 270, 261, 20, 230, 106, 434, 193, 337, 334, 403, 55, 194, 99, 404, 30, 208, 140, 362, 77, 330, 329, 409, 286, 62, 180, 395, 269, 186, 461, 445, 12, 426, 149, 412, 21, 366, 25, 464, 24, 296, 486, 263, 103, 402, 344, 189, 157, 386, 309, 415, 1, 100, 300, 382, 17, 88, 250, 125, 253, 473, 165, 377, 430, 419, 347, 462, 71, 82, 240, 281, 289, 116, 399, 384, 267, 124, 450, 49, 85, 5, 137, 407, 46, 154, 465, 322, 153, 272, 394, 374, 201, 175, 357, 53, 496, 107, 50, 242, 219, 237, 145, 373, 212, 241, 130, 423, 405, 181, 236, 63, 498, 388, 167, 299, 345, 10, 91, 416, 454, 282, 139, 259, 336, 260, 168, 301, 37, 328, 317, 23, 321, 471, 73, 365, 307, 195, 232, 378, 417, 27, 441, 198, 424, 408, 229, 332, 101, 94, 340, 123, 452, 60, 115, 275, 339, 40, 371, 466, 411, 396, 258, 346, 207, 318, 234, 455, 341, 333, 274, 170, 503, 497, 200, 319, 112, 320, 238, 273, 348, 324, 331, 433, 456, 218, 284, 495, 353, 86, 429, 499, 119, 141, 446, 360, 268, 216, 316, 129, 401, 120, 308, 172, 463, 459, 302, 400, 217, 2, 206, 74, 42, 155, 28, 118, 19, 325, 421, 292, 323, 54, 131, 376, 453, 442, 313, 491, 226, 4, 245, 458, 178, 447, 163, 89, 487, 312, 295, 161, 59, 484, 443, 372, 444, 164, 64, 493, 428, 422, 203, 84, 375, 211, 311, 410, 76, 225, 102, 489, 279, 78, 358, 209, 482, 132, 185, 256, 6, 490, 188, 351, 110, 248, 290, 135, 126, 72, 127, 224, 477, 43, 249, 79, 391, 303, 138, 359, 152, 221, 251, 306, 214, 38, 66, 192, 414, 265, 51, 56, 97, 252, 418, 257, 355, 156, 8, 266, 293, 35, 93, 492, 222, 349, 113, 179, 280, 381, 158, 449, 52, 9]
(w = 29) Correct Cyclicantibandwidth
Set parameter TimeLimit to value 1800
[runlim] sample:		766.9 time, 750.1 real, 3636.5 MB
[runlim] sample:		777.0 time, 760.1 real, 3727.8 MB
[runlim] sample:		787.2 time, 770.1 real, 3807.9 MB
[runlim] sample:		797.4 time, 780.1 real, 3886.5 MB
[runlim] sample:		807.6 time, 790.1 real, 3963.1 MB
[runlim] sample:		817.8 time, 800.1 real, 4040.0 MB
[runlim] sample:		828.0 time, 810.1 real, 4118.1 MB
[runlim] sample:		838.1 time, 820.1 real, 4194.7 MB
[runlim] sample:		848.3 time, 830.1 real, 4271.1 MB
[runlim] sample:		858.5 time, 840.1 real, 4351.4 MB
[runlim] sample:		868.7 time, 850.1 real, 4427.7 MB
[runlim] sample:		878.9 time, 860.1 real, 4506.1 MB
[runlim] sample:		889.1 time, 870.1 real, 4580.0 MB
[runlim] sample:		899.2 time, 880.1 real, 4658.3 MB
[runlim] sample:		909.4 time, 890.1 real, 4734.7 MB
[runlim] sample:		919.6 time, 900.1 real, 4814.1 MB
Academic license 2663665 - for non-commercial use only - registered to tu___@vnu.edu.vn
(w = 30) Value Cyclicantibandwidth: 30
Lables: [70, 207, 47, 248, 288, 11, 330, 281, 14, 421, 60, 76, 483, 22, 267, 105, 456, 404, 87, 343, 372, 431, 479, 239, 229, 364, 255, 373, 432, 340, 339, 475, 350, 111, 457, 468, 476, 257, 233, 363, 6, 177, 380, 310, 23, 13, 29, 114, 77, 243, 304, 135, 80, 444, 376, 188, 489, 369, 235, 140, 183, 90, 276, 31, 335, 108, 478, 103, 109, 370, 357, 182, 82, 142, 469, 383, 45, 324, 19, 500, 287, 352, 244, 162, 277, 132, 141, 83, 242, 440, 222, 133, 163, 198, 185, 46, 271, 34, 298, 336, 451, 201, 485, 301, 313, 321, 264, 213, 283, 254, 397, 101, 294, 318, 181, 196, 143, 439, 57, 437, 297, 429, 472, 166, 44, 302, 130, 223, 296, 95, 191, 48, 379, 62, 246, 405, 366, 406, 262, 202, 356, 174, 360, 99, 274, 408, 285, 497, 342, 61, 295, 136, 346, 172, 200, 365, 374, 168, 245, 362, 430, 138, 378, 247, 81, 171, 159, 467, 67, 97, 18, 139, 205, 347, 234, 199, 494, 43, 151, 30, 398, 15, 33, 270, 261, 20, 259, 106, 434, 226, 409, 413, 403, 55, 453, 305, 128, 28, 161, 73, 41, 39, 322, 329, 155, 190, 410, 192, 395, 354, 186, 461, 445, 12, 252, 149, 309, 144, 241, 25, 492, 26, 193, 486, 263, 286, 179, 401, 361, 227, 448, 258, 449, 7, 100, 121, 400, 17, 88, 250, 125, 253, 474, 165, 284, 169, 54, 278, 490, 71, 338, 464, 471, 152, 104, 137, 384, 415, 124, 450, 265, 184, 5, 460, 462, 118, 154, 21, 220, 153, 272, 394, 377, 224, 175, 147, 53, 496, 107, 2, 204, 355, 237, 126, 75, 388, 238, 148, 488, 217, 349, 27, 465, 208, 58, 167, 435, 385, 10, 407, 416, 289, 282, 389, 446, 315, 260, 498, 436, 37, 8, 316, 160, 443, 459, 36, 382, 307, 195, 232, 85, 417, 214, 455, 187, 424, 236, 228, 332, 66, 94, 16, 123, 452, 170, 115, 120, 231, 40, 371, 3, 314, 396, 215, 419, 480, 327, 68, 495, 367, 359, 312, 411, 96, 458, 189, 319, 197, 317, 326, 273, 328, 65, 331, 433, 117, 218, 52, 119, 320, 91, 334, 499, 337, 418, 93, 420, 493, 344, 447, 134, 157, 484, 308, 391, 463, 89, 35, 381, 145, 482, 206, 74, 42, 323, 24, 487, 122, 325, 466, 292, 393, 209, 240, 502, 427, 280, 32, 375, 402, 477, 503, 279, 386, 423, 441, 69, 348, 390, 156, 56, 341, 428, 251, 150, 180, 164, 64, 345, 333, 501, 249, 84, 412, 225, 4, 306, 425, 368, 102, 438, 212, 269, 358, 49, 110, 59, 98, 113, 38, 299, 86, 63, 291, 442, 290, 92, 216, 311, 116, 293, 230, 72, 219, 79, 1, 268, 127, 473, 414, 481, 266, 399, 353, 173, 178, 203, 392, 426, 51, 351, 129, 303, 211, 9, 131, 210, 387, 470, 112, 300, 146, 491, 221, 158, 176, 454, 422, 275, 256, 194, 50, 78]
(w = 30) Correct Cyclicantibandwidth
Set parameter TimeLimit to value 1800
[runlim] sample:		929.9 time, 910.1 real, 3739.4 MB
[runlim] sample:		940.0 time, 920.1 real, 3809.3 MB
[runlim] sample:		950.2 time, 930.1 real, 3884.9 MB
[runlim] sample:		960.4 time, 940.1 real, 3961.5 MB
[runlim] sample:		970.6 time, 950.1 real, 4039.4 MB
[runlim] sample:		980.8 time, 960.1 real, 4117.0 MB
[runlim] sample:		991.0 time, 970.1 real, 4192.8 MB
[runlim] sample:		1001.1 time, 980.1 real, 4272.1 MB
[runlim] sample:		1011.3 time, 990.1 real, 4347.8 MB
[runlim] sample:		1021.4 time, 1000.1 real, 4425.6 MB
[runlim] sample:		1031.6 time, 1010.1 real, 4504.2 MB
[runlim] sample:		1041.8 time, 1020.1 real, 4580.0 MB
[runlim] sample:		1052.0 time, 1030.1 real, 4667.9 MB
[runlim] sample:		1062.1 time, 1040.1 real, 4745.8 MB
[runlim] sample:		1072.3 time, 1050.1 real, 4823.7 MB
[runlim] sample:		1082.5 time, 1060.1 real, 4899.2 MB
[runlim] sample:		1092.7 time, 1070.1 real, 4974.5 MB
Academic license 2663665 - for non-commercial use only - registered to tu___@vnu.edu.vn
(w = 31) Value Cyclicantibandwidth: 31
Lables: [177, 162, 470, 397, 288, 11, 173, 234, 80, 119, 207, 409, 483, 22, 276, 75, 47, 482, 87, 83, 39, 393, 479, 239, 228, 300, 255, 18, 432, 475, 321, 98, 327, 111, 457, 468, 476, 398, 134, 357, 36, 142, 392, 176, 159, 13, 29, 464, 315, 356, 304, 446, 418, 283, 385, 182, 171, 369, 291, 454, 183, 231, 243, 67, 206, 108, 389, 209, 109, 145, 190, 113, 365, 144, 439, 335, 45, 122, 30, 78, 287, 469, 114, 265, 278, 474, 160, 175, 246, 440, 34, 187, 121, 427, 197, 48, 271, 133, 363, 14, 451, 3, 485, 301, 338, 310, 164, 456, 204, 254, 1, 101, 425, 318, 117, 196, 281, 343, 57, 330, 299, 147, 472, 290, 166, 247, 262, 401, 444, 95, 413, 307, 169, 383, 184, 96, 367, 146, 105, 202, 502, 82, 294, 487, 277, 220, 285, 31, 342, 58, 268, 136, 351, 488, 157, 406, 65, 131, 438, 375, 420, 138, 477, 453, 189, 143, 390, 467, 15, 481, 90, 139, 205, 355, 244, 199, 10, 370, 298, 32, 69, 405, 412, 270, 284, 325, 230, 106, 434, 103, 380, 334, 403, 55, 194, 99, 128, 404, 208, 140, 362, 77, 293, 354, 238, 286, 62, 266, 395, 54, 186, 461, 500, 12, 426, 151, 89, 21, 366, 25, 492, 26, 296, 486, 263, 41, 179, 61, 213, 332, 386, 309, 337, 7, 100, 201, 382, 17, 88, 250, 125, 253, 235, 165, 359, 91, 419, 347, 490, 415, 430, 459, 46, 152, 104, 399, 384, 431, 124, 450, 49, 85, 5, 137, 149, 8, 38, 465, 322, 153, 97, 394, 374, 224, 52, 174, 53, 16, 436, 50, 242, 462, 237, 193, 373, 212, 241, 414, 442, 252, 349, 236, 305, 498, 223, 167, 302, 323, 478, 407, 416, 118, 282, 339, 259, 410, 264, 168, 102, 37, 6, 316, 24, 172, 471, 484, 148, 358, 195, 232, 378, 76, 227, 441, 448, 135, 170, 229, 19, 66, 107, 340, 123, 424, 60, 115, 150, 233, 40, 371, 466, 411, 314, 258, 336, 35, 249, 33, 455, 346, 400, 274, 180, 433, 497, 185, 319, 116, 317, 94, 280, 344, 324, 331, 326, 71, 368, 81, 495, 353, 86, 350, 297, 306, 435, 42, 200, 63, 328, 345, 261, 352, 215, 308, 391, 191, 463, 289, 489, 217, 452, 72, 443, 447, 155, 23, 429, 43, 272, 257, 364, 27, 59, 240, 154, 20, 130, 313, 491, 503, 198, 210, 273, 379, 245, 56, 211, 348, 312, 74, 163, 341, 473, 251, 372, 445, 161, 64, 260, 4, 501, 203, 279, 408, 181, 93, 73, 269, 225, 428, 28, 120, 221, 222, 292, 377, 402, 376, 437, 44, 333, 129, 127, 110, 79, 361, 112, 214, 311, 126, 70, 449, 141, 192, 460, 388, 423, 68, 360, 458, 216, 219, 320, 417, 9, 494, 84, 303, 92, 422, 295, 275, 132, 480, 496, 499, 218, 421, 267, 396, 329, 226, 493, 178, 158, 248, 156, 256, 381, 188, 387, 51, 2]
(w = 31) Correct Cyclicantibandwidth
Set parameter TimeLimit to value 1800
[runlim] sample:		1102.9 time, 1080.1 real, 3842.7 MB
[runlim] sample:		1113.1 time, 1090.1 real, 3941.8 MB
[runlim] sample:		1123.3 time, 1100.1 real, 4019.2 MB
[runlim] sample:		1133.5 time, 1110.1 real, 4096.6 MB
[runlim] sample:		1143.6 time, 1120.1 real, 4171.5 MB
[runlim] sample:		1153.8 time, 1130.1 real, 4249.7 MB
[runlim] sample:		1164.0 time, 1140.1 real, 4324.6 MB
[runlim] sample:		1174.2 time, 1150.1 real, 4403.1 MB
[runlim] sample:		1184.4 time, 1160.1 real, 4478.4 MB
[runlim] sample:		1194.6 time, 1170.1 real, 4555.8 MB
[runlim] sample:		1204.9 time, 1180.1 real, 4630.8 MB
[runlim] sample:		1215.2 time, 1190.1 real, 4708.1 MB
[runlim] sample:		1225.4 time, 1200.1 real, 4783.5 MB
[runlim] sample:		1235.6 time, 1210.1 real, 4858.1 MB
[runlim] sample:		1245.9 time, 1220.1 real, 4933.2 MB
[runlim] sample:		1256.2 time, 1230.1 real, 5006.0 MB
[runlim] sample:		1266.5 time, 1240.1 real, 5081.1 MB
Academic license 2663665 - for non-commercial use only - registered to tu___@vnu.edu.vn
(w = 32) Value Cyclicantibandwidth: 32
Lables: [177, 391, 48, 397, 420, 7, 475, 294, 237, 119, 68, 409, 483, 22, 370, 75, 234, 70, 61, 83, 374, 431, 479, 239, 229, 291, 4, 18, 290, 311, 321, 147, 379, 111, 59, 155, 327, 254, 485, 39, 43, 421, 365, 176, 28, 143, 29, 101, 315, 275, 20, 355, 86, 283, 265, 153, 364, 369, 235, 81, 182, 274, 449, 209, 78, 108, 380, 243, 109, 113, 190, 166, 161, 133, 439, 21, 45, 122, 63, 500, 287, 469, 482, 341, 278, 53, 151, 368, 277, 260, 236, 187, 121, 384, 419, 115, 271, 322, 16, 186, 406, 82, 160, 301, 329, 307, 38, 213, 204, 222, 1, 388, 425, 318, 345, 196, 349, 497, 67, 437, 297, 230, 472, 34, 44, 464, 465, 223, 185, 84, 413, 309, 219, 383, 184, 468, 356, 343, 105, 202, 502, 221, 269, 352, 273, 220, 264, 31, 342, 375, 58, 136, 188, 200, 144, 402, 300, 470, 252, 389, 473, 138, 478, 103, 77, 150, 159, 457, 15, 481, 90, 139, 205, 191, 231, 199, 494, 227, 335, 32, 435, 405, 33, 270, 261, 451, 169, 106, 434, 46, 233, 334, 49, 89, 347, 69, 128, 173, 208, 140, 247, 2, 293, 354, 238, 244, 42, 180, 400, 65, 339, 158, 392, 12, 426, 197, 54, 146, 9, 25, 333, 30, 296, 486, 98, 66, 367, 99, 377, 157, 386, 332, 415, 351, 259, 433, 286, 26, 88, 107, 87, 253, 281, 125, 284, 145, 378, 382, 490, 118, 432, 459, 13, 152, 3, 312, 268, 95, 430, 462, 450, 460, 358, 137, 171, 225, 258, 207, 168, 114, 97, 178, 8, 224, 362, 330, 142, 316, 458, 438, 304, 442, 381, 499, 373, 212, 241, 338, 452, 240, 361, 52, 463, 60, 325, 93, 299, 323, 10, 17, 412, 257, 390, 298, 214, 319, 266, 242, 436, 41, 314, 305, 24, 395, 228, 371, 471, 453, 203, 232, 175, 417, 218, 441, 394, 424, 170, 148, 19, 285, 174, 47, 353, 454, 331, 51, 120, 359, 50, 94, 466, 411, 407, 489, 124, 456, 317, 79, 429, 346, 328, 246, 350, 461, 189, 245, 179, 91, 320, 194, 104, 337, 324, 5, 416, 110, 477, 126, 76, 440, 56, 267, 255, 495, 418, 289, 387, 493, 404, 11, 134, 401, 492, 308, 408, 162, 403, 302, 195, 217, 443, 198, 74, 57, 163, 206, 444, 62, 496, 446, 292, 27, 167, 467, 154, 23, 165, 313, 491, 226, 201, 193, 262, 123, 423, 116, 211, 348, 498, 276, 503, 326, 428, 250, 372, 445, 132, 130, 363, 295, 501, 249, 92, 487, 181, 344, 306, 340, 135, 102, 310, 192, 366, 476, 71, 129, 127, 480, 96, 410, 35, 215, 112, 288, 248, 376, 55, 14, 422, 100, 488, 131, 64, 164, 117, 484, 399, 251, 360, 414, 216, 447, 72, 280, 448, 393, 210, 279, 6, 40, 303, 272, 183, 455, 282, 336, 85, 357, 149, 396, 36, 398, 427, 263, 141, 37, 156, 73, 80, 474, 172, 385, 256]
(w = 32) Correct Cyclicantibandwidth
Set parameter TimeLimit to value 1800
[runlim] sample:		1276.7 time, 1250.1 real, 3901.0 MB
[runlim] sample:		1286.9 time, 1260.1 real, 3971.6 MB
[runlim] sample:		1297.2 time, 1270.1 real, 4046.9 MB
[runlim] sample:		1307.3 time, 1280.1 real, 4119.7 MB
[runlim] sample:		1317.5 time, 1290.1 real, 4191.7 MB
[runlim] sample:		1327.7 time, 1300.1 real, 4266.9 MB
[runlim] sample:		1337.9 time, 1310.1 real, 4341.7 MB
[runlim] sample:		1348.0 time, 1320.1 real, 4418.0 MB
[runlim] sample:		1358.2 time, 1330.1 real, 4495.1 MB
[runlim] sample:		1368.4 time, 1340.1 real, 4569.4 MB
[runlim] sample:		1378.6 time, 1350.1 real, 4645.3 MB
[runlim] sample:		1388.7 time, 1360.1 real, 4722.2 MB
[runlim] sample:		1398.9 time, 1370.1 real, 4799.1 MB
[runlim] sample:		1409.1 time, 1380.1 real, 4900.4 MB
[runlim] sample:		1419.3 time, 1390.1 real, 4990.1 MB
[runlim] sample:		1429.5 time, 1400.1 real, 5068.7 MB
[runlim] sample:		1439.6 time, 1410.1 real, 5147.1 MB
[runlim] sample:		1449.8 time, 1420.1 real, 5223.9 MB
Academic license 2663665 - for non-commercial use only - registered to tu___@vnu.edu.vn
(w = 33) Value Cyclicantibandwidth: 33
Lables: [177, 162, 255, 27, 306, 11, 117, 294, 233, 150, 199, 409, 483, 110, 370, 473, 239, 460, 87, 83, 148, 412, 479, 299, 171, 192, 31, 223, 8, 475, 321, 98, 414, 102, 46, 231, 316, 172, 456, 363, 167, 279, 392, 428, 457, 107, 29, 464, 315, 108, 285, 387, 80, 356, 385, 390, 47, 91, 403, 81, 193, 64, 6, 18, 335, 307, 389, 243, 109, 113, 208, 500, 69, 141, 423, 466, 59, 395, 30, 465, 213, 469, 174, 355, 278, 474, 209, 368, 341, 166, 215, 357, 121, 271, 145, 155, 216, 320, 254, 14, 365, 206, 485, 301, 338, 310, 97, 187, 241, 252, 364, 186, 22, 318, 151, 224, 105, 455, 57, 240, 416, 281, 472, 382, 146, 361, 262, 331, 351, 144, 286, 360, 379, 251, 324, 60, 367, 36, 70, 202, 432, 179, 275, 352, 158, 44, 346, 3, 342, 65, 268, 136, 212, 61, 386, 402, 436, 375, 246, 191, 10, 302, 476, 75, 426, 34, 159, 467, 173, 274, 214, 139, 205, 345, 266, 203, 441, 439, 470, 32, 123, 244, 33, 270, 13, 1, 230, 116, 142, 92, 380, 48, 417, 55, 372, 138, 128, 225, 153, 354, 329, 45, 330, 314, 197, 328, 305, 236, 257, 304, 94, 111, 445, 229, 76, 446, 289, 497, 408, 272, 9, 350, 52, 486, 496, 79, 127, 89, 323, 157, 122, 309, 415, 7, 106, 283, 247, 2, 88, 15, 100, 253, 369, 90, 290, 430, 373, 343, 21, 71, 260, 459, 325, 78, 104, 399, 384, 170, 437, 277, 112, 16, 265, 124, 451, 263, 152, 288, 322, 256, 333, 433, 273, 211, 184, 68, 53, 58, 99, 96, 242, 462, 381, 259, 421, 406, 447, 140, 458, 413, 499, 220, 63, 383, 461, 276, 347, 394, 4, 336, 420, 287, 282, 339, 261, 444, 17, 26, 176, 37, 291, 480, 249, 452, 234, 178, 490, 180, 132, 435, 303, 222, 66, 175, 398, 297, 77, 189, 494, 217, 201, 125, 168, 300, 376, 250, 424, 359, 219, 374, 119, 411, 407, 296, 149, 207, 24, 450, 182, 130, 362, 258, 405, 226, 264, 404, 165, 5, 495, 492, 477, 337, 237, 397, 348, 50, 481, 51, 488, 313, 20, 334, 498, 453, 147, 371, 200, 493, 440, 427, 133, 401, 484, 410, 126, 463, 377, 181, 418, 442, 501, 86, 82, 42, 319, 448, 118, 43, 434, 39, 188, 56, 425, 134, 35, 28, 238, 23, 489, 358, 487, 101, 366, 232, 429, 72, 419, 185, 284, 195, 503, 344, 443, 269, 210, 160, 19, 85, 491, 221, 317, 137, 84, 54, 228, 311, 340, 378, 218, 93, 438, 120, 190, 454, 326, 196, 62, 163, 388, 38, 400, 396, 327, 103, 248, 312, 135, 115, 280, 12, 478, 131, 245, 227, 67, 431, 194, 49, 332, 156, 391, 183, 73, 353, 482, 502, 143, 235, 25, 40, 198, 95, 295, 449, 468, 41, 169, 298, 204, 293, 164, 129, 308, 114, 393, 161, 349, 422, 74, 471, 154, 267, 292]
(w = 33) Correct Cyclicantibandwidth
Set parameter TimeLimit to value 1800
[runlim] sample:		1460.0 time, 1430.1 real, 4038.4 MB
[runlim] sample:		1470.1 time, 1440.1 real, 4088.4 MB
[runlim] sample:		1480.3 time, 1450.1 real, 4191.0 MB
[runlim] sample:		1490.5 time, 1460.1 real, 4265.4 MB
[runlim] sample:		1500.6 time, 1470.1 real, 4339.7 MB
[runlim] sample:		1510.8 time, 1480.1 real, 4415.0 MB
[runlim] sample:		1521.0 time, 1490.1 real, 4492.4 MB
[runlim] sample:		1531.2 time, 1500.1 real, 4567.6 MB
[runlim] sample:		1541.3 time, 1510.1 real, 4646.2 MB
[runlim] sample:		1551.5 time, 1520.1 real, 4721.1 MB
[runlim] sample:		1561.7 time, 1530.1 real, 4799.0 MB
[runlim] sample:		1571.8 time, 1540.1 real, 4873.5 MB
[runlim] sample:		1582.0 time, 1550.1 real, 4950.1 MB
[runlim] sample:		1592.2 time, 1560.1 real, 5040.7 MB
[runlim] sample:		1602.3 time, 1570.1 real, 5123.3 MB
[runlim] sample:		1612.5 time, 1580.1 real, 5195.9 MB
[runlim] sample:		1622.7 time, 1590.1 real, 5272.7 MB
[runlim] sample:		1632.8 time, 1600.1 real, 5347.3 MB
Academic license 2663665 - for non-commercial use only - registered to tu___@vnu.edu.vn
(w = 34) Value Cyclicantibandwidth: 34
Lables: [177, 162, 438, 397, 288, 18, 192, 311, 143, 145, 65, 401, 483, 22, 279, 36, 125, 361, 79, 337, 169, 60, 458, 295, 228, 148, 364, 291, 432, 475, 316, 98, 393, 111, 457, 468, 476, 328, 459, 363, 14, 142, 392, 176, 23, 150, 207, 293, 9, 356, 116, 387, 236, 17, 394, 390, 360, 369, 359, 15, 190, 231, 39, 171, 335, 108, 389, 407, 80, 113, 197, 28, 220, 434, 479, 332, 45, 261, 100, 500, 287, 246, 283, 327, 278, 474, 160, 180, 368, 188, 86, 305, 121, 271, 400, 115, 307, 484, 234, 191, 487, 3, 485, 301, 338, 308, 264, 216, 204, 254, 218, 302, 425, 134, 232, 196, 93, 343, 57, 333, 297, 241, 430, 365, 123, 223, 262, 210, 444, 107, 48, 189, 379, 385, 323, 378, 173, 460, 122, 202, 52, 244, 16, 222, 384, 381, 102, 404, 502, 72, 268, 136, 346, 141, 199, 314, 182, 205, 357, 418, 62, 138, 462, 247, 215, 152, 276, 461, 410, 286, 33, 139, 451, 345, 340, 265, 178, 212, 75, 61, 69, 233, 155, 270, 409, 13, 230, 106, 110, 120, 380, 334, 403, 55, 194, 34, 239, 242, 318, 31, 362, 358, 313, 354, 238, 183, 448, 237, 450, 382, 416, 213, 442, 208, 87, 478, 70, 267, 366, 272, 12, 350, 296, 486, 200, 498, 179, 376, 56, 469, 386, 322, 456, 7, 259, 84, 499, 424, 88, 172, 315, 472, 285, 187, 284, 118, 419, 353, 490, 71, 431, 96, 46, 74, 89, 174, 29, 193, 124, 277, 2, 398, 355, 137, 146, 248, 154, 465, 225, 497, 294, 426, 492, 224, 491, 159, 466, 464, 140, 50, 30, 494, 26, 81, 373, 351, 443, 103, 11, 252, 181, 371, 440, 399, 388, 167, 43, 347, 10, 281, 209, 377, 282, 339, 214, 336, 19, 168, 97, 411, 83, 480, 344, 24, 227, 408, 473, 185, 149, 186, 133, 417, 433, 164, 341, 292, 170, 105, 21, 66, 94, 299, 101, 300, 439, 250, 119, 42, 370, 330, 77, 325, 163, 489, 131, 68, 256, 435, 221, 289, 402, 90, 35, 427, 132, 226, 263, 5, 405, 422, 477, 331, 324, 266, 348, 255, 421, 59, 109, 47, 20, 470, 319, 117, 310, 144, 78, 352, 436, 428, 129, 67, 493, 309, 126, 463, 395, 211, 420, 495, 175, 240, 54, 372, 429, 274, 135, 406, 235, 446, 257, 27, 253, 157, 219, 32, 92, 37, 496, 229, 453, 201, 269, 40, 414, 38, 64, 127, 317, 488, 503, 449, 452, 447, 280, 206, 128, 273, 455, 260, 501, 349, 306, 153, 53, 82, 166, 198, 112, 217, 258, 375, 249, 303, 320, 367, 383, 1, 445, 25, 423, 243, 49, 396, 454, 391, 95, 412, 321, 304, 326, 158, 63, 91, 161, 8, 441, 156, 130, 4, 437, 251, 467, 147, 482, 342, 195, 298, 415, 58, 203, 374, 165, 413, 85, 76, 481, 329, 99, 290, 104, 6, 312, 51, 151, 245, 114, 73, 471, 275, 41, 44, 184]
(w = 34) Correct Cyclicantibandwidth
Set parameter TimeLimit to value 1800
[runlim] sample:		1643.0 time, 1610.1 real, 4112.3 MB
[runlim] sample:		1653.2 time, 1620.1 real, 4201.0 MB
[runlim] sample:		1663.4 time, 1630.1 real, 4252.5 MB
[runlim] sample:		1673.6 time, 1640.1 real, 4366.1 MB
[runlim] sample:		1683.8 time, 1650.1 real, 4442.8 MB
[runlim] sample:		1694.0 time, 1660.1 real, 4514.4 MB
[runlim] sample:		1704.1 time, 1670.1 real, 4590.4 MB
[runlim] sample:		1714.3 time, 1680.1 real, 4666.0 MB
[runlim] sample:		1724.5 time, 1690.1 real, 4742.1 MB
[runlim] sample:		1734.8 time, 1700.1 real, 4818.1 MB
[runlim] sample:		1744.9 time, 1710.1 real, 4894.4 MB
[runlim] sample:		1755.2 time, 1720.1 real, 4968.4 MB
[runlim] sample:		1765.3 time, 1730.1 real, 5042.2 MB
[runlim] sample:		1775.5 time, 1740.1 real, 5118.2 MB
[runlim] sample:		1785.7 time, 1750.1 real, 5192.0 MB
[runlim] sample:		1795.9 time, 1760.1 real, 5268.1 MB
[runlim] sample:		1806.0 time, 1770.1 real, 5341.5 MB
[runlim] sample:		1816.2 time, 1780.1 real, 5415.3 MB
[runlim] sample:		1826.3 time, 1790.1 real, 5493.4 MB
Academic license 2663665 - for non-commercial use only - registered to tu___@vnu.edu.vn
(w = 35) Value Cyclicantibandwidth: 35
Lables: [197, 162, 335, 224, 201, 5, 457, 429, 45, 119, 42, 444, 483, 305, 404, 116, 177, 247, 87, 500, 434, 411, 356, 282, 209, 290, 125, 240, 443, 447, 321, 239, 393, 111, 74, 36, 34, 49, 39, 363, 128, 206, 392, 362, 478, 390, 416, 81, 401, 304, 22, 70, 80, 339, 425, 388, 492, 446, 235, 148, 189, 499, 481, 171, 485, 310, 338, 405, 256, 113, 190, 389, 16, 476, 469, 61, 219, 122, 146, 501, 287, 259, 114, 40, 486, 156, 144, 299, 377, 191, 319, 85, 52, 271, 157, 120, 164, 14, 140, 2, 309, 3, 182, 301, 334, 311, 318, 213, 1, 296, 421, 313, 279, 11, 117, 243, 204, 270, 57, 29, 343, 112, 468, 385, 44, 200, 459, 179, 130, 368, 215, 460, 72, 383, 184, 329, 367, 495, 92, 68, 48, 174, 186, 375, 450, 93, 453, 262, 358, 193, 268, 136, 346, 50, 196, 312, 387, 502, 246, 62, 104, 105, 487, 366, 220, 152, 173, 467, 351, 306, 372, 124, 205, 345, 314, 237, 195, 497, 280, 31, 78, 407, 155, 71, 402, 414, 248, 106, 477, 360, 293, 317, 236, 55, 37, 27, 163, 408, 437, 217, 75, 77, 330, 354, 95, 286, 448, 234, 261, 369, 135, 210, 445, 115, 442, 382, 51, 267, 340, 272, 6, 320, 15, 263, 109, 361, 479, 336, 449, 439, 386, 167, 472, 353, 322, 418, 462, 28, 373, 172, 100, 433, 435, 94, 17, 430, 438, 352, 490, 222, 260, 494, 315, 371, 316, 399, 384, 419, 89, 283, 86, 423, 192, 66, 145, 252, 134, 108, 169, 394, 97, 426, 46, 216, 185, 137, 53, 58, 132, 400, 147, 63, 410, 298, 264, 326, 284, 82, 325, 324, 406, 452, 428, 127, 242, 154, 464, 323, 131, 241, 110, 370, 391, 225, 214, 342, 12, 223, 102, 98, 168, 60, 344, 332, 482, 422, 365, 4, 454, 9, 379, 285, 232, 138, 374, 292, 159, 170, 153, 415, 245, 397, 7, 103, 54, 47, 126, 278, 328, 491, 466, 107, 142, 484, 350, 207, 441, 212, 181, 289, 203, 258, 35, 202, 327, 231, 276, 158, 180, 480, 143, 308, 303, 359, 302, 427, 249, 73, 26, 409, 254, 470, 300, 337, 24, 475, 139, 56, 265, 121, 129, 420, 496, 18, 417, 463, 396, 211, 348, 250, 83, 183, 341, 398, 376, 188, 226, 412, 456, 199, 297, 25, 59, 349, 244, 498, 165, 424, 489, 474, 38, 160, 269, 123, 10, 101, 43, 13, 273, 65, 99, 32, 471, 458, 274, 294, 275, 347, 440, 21, 291, 355, 175, 228, 161, 281, 133, 90, 503, 233, 8, 257, 253, 23, 79, 218, 76, 333, 118, 33, 380, 229, 227, 378, 436, 88, 432, 69, 30, 151, 64, 208, 238, 91, 266, 230, 465, 20, 96, 493, 403, 251, 473, 395, 41, 413, 84, 364, 255, 277, 451, 194, 295, 461, 178, 198, 357, 288, 455, 176, 187, 19, 488, 166, 141, 221, 307, 67, 149, 381, 150, 431, 331]
(w = 35) Correct Cyclicantibandwidth
Set parameter TimeLimit to value 1800
[runlim] sample:		1836.5 time, 1800.1 real, 0.0 MB
[runlim] end:			Fri Oct 10 15:29:54 2025
[runlim] status:		out of time
[runlim] result:		2
[runlim] children:		0
[runlim] real:			1800.15 seconds
[runlim] time:			1836.53 seconds
[runlim] space:			5523.0 MB
[runlim] samples:		18000
