[runlim] version:		1.10
[runlim] time limit:		311040000 seconds
[runlim] real time limit:	1800 seconds
[runlim] space limit:		30000 MB
[runlim] argv[0]:		python3
[runlim] argv[1]:		model.py
[runlim] argv[2]:		T-dwt__592.mtx.rnd
[runlim] start:			Fri Oct 10 15:43:49 2025
[runlim] main pid:		53492
Set parameter WLSAccessID
Set parameter WLSSecret
Set parameter LicenseID to value 2663665
Academic license 2663665 - for non-commercial use only - registered to tu___@vnu.edu.vn
Set parameter TimeLimit to value 1800
[runlim] sample:		10.1 time, 10.7 real, 264.1 MB
[runlim] sample:		20.3 time, 20.7 real, 336.2 MB
[runlim] sample:		30.4 time, 30.7 real, 407.5 MB
[runlim] sample:		40.6 time, 40.7 real, 480.0 MB
[runlim] sample:		50.8 time, 50.7 real, 552.5 MB
[runlim] sample:		61.0 time, 60.7 real, 622.8 MB
[runlim] sample:		71.1 time, 70.7 real, 707.4 MB
[runlim] sample:		81.3 time, 80.7 real, 778.8 MB
[runlim] sample:		91.5 time, 90.7 real, 851.1 MB
[runlim] sample:		101.6 time, 100.7 real, 932.1 MB
[runlim] sample:		111.8 time, 110.7 real, 1004.1 MB
[runlim] sample:		121.9 time, 120.7 real, 1076.4 MB
[runlim] sample:		132.1 time, 130.7 real, 1151.1 MB
[runlim] sample:		142.3 time, 140.7 real, 1239.5 MB
[runlim] sample:		152.5 time, 150.7 real, 1303.7 MB
[runlim] sample:		162.6 time, 160.7 real, 1375.1 MB
[runlim] sample:		172.8 time, 170.7 real, 1452.1 MB
[runlim] sample:		183.0 time, 180.7 real, 1522.3 MB
[runlim] sample:		193.2 time, 190.7 real, 1594.1 MB
[runlim] sample:		203.3 time, 200.7 real, 1671.6 MB
[runlim] sample:		213.5 time, 210.7 real, 1773.1 MB
[runlim] sample:		223.7 time, 220.7 real, 1842.5 MB
[runlim] sample:		233.8 time, 230.7 real, 1913.7 MB
[runlim] sample:		244.0 time, 240.7 real, 1988.8 MB
[runlim] sample:		254.1 time, 250.7 real, 2060.0 MB
[runlim] sample:		264.3 time, 260.7 real, 2133.4 MB
[runlim] sample:		274.4 time, 270.7 real, 2204.8 MB
Academic license 2663665 - for non-commercial use only - registered to tu___@vnu.edu.vn
(w = 54) Value Cyclicantibandwidth: 54
Lables: [206, 282, 20, 386, 387, 174, 592, 113, 226, 27, 501, 43, 441, 289, 121, 156, 362, 486, 55, 86, 466, 582, 497, 138, 112, 183, 152, 184, 472, 352, 394, 331, 448, 556, 246, 99, 355, 495, 337, 439, 492, 149, 158, 242, 356, 109, 2, 264, 37, 84, 195, 74, 573, 275, 210, 403, 295, 227, 31, 381, 92, 172, 67, 270, 301, 517, 357, 374, 372, 587, 253, 566, 338, 95, 48, 142, 266, 491, 105, 343, 241, 393, 480, 75, 504, 499, 287, 535, 231, 219, 11, 148, 345, 101, 305, 400, 256, 475, 110, 434, 157, 529, 329, 73, 516, 185, 194, 201, 9, 240, 574, 90, 177, 284, 173, 228, 191, 540, 141, 325, 5, 368, 87, 132, 234, 506, 538, 376, 268, 547, 115, 285, 306, 423, 498, 233, 215, 420, 26, 134, 236, 412, 283, 216, 64, 468, 428, 523, 514, 36, 15, 8, 136, 351, 144, 553, 440, 302, 452, 76, 1, 307, 311, 433, 418, 224, 410, 61, 474, 531, 63, 124, 488, 28, 315, 304, 464, 126, 21, 54, 170, 221, 45, 47, 483, 541, 416, 383, 120, 288, 511, 508, 588, 567, 299, 534, 260, 536, 570, 176, 378, 6, 296, 80, 180, 135, 320, 214, 313, 161, 3, 190, 10, 314, 108, 7, 235, 457, 365, 513, 333, 294, 430, 290, 429, 496, 348, 438, 487, 220, 292, 213, 57, 415, 578, 32, 271, 30, 52, 257, 116, 366, 318, 308, 373, 419, 322, 88, 254, 509, 187, 421, 225, 196, 35, 344, 33, 269, 456, 401, 85, 389, 548, 576, 249, 369, 310, 465, 39, 162, 203, 316, 367, 212, 406, 192, 426, 166, 79, 527, 478, 255, 328, 565, 133, 278, 431, 68, 437, 65, 510, 46, 484, 243, 186, 564, 50, 319, 479, 477, 414, 155, 364, 442, 197, 200, 222, 533, 537, 321, 324, 223, 591, 128, 111, 532, 118, 455, 245, 461, 263, 14, 327, 179, 422, 150, 49, 489, 481, 450, 349, 424, 238, 4, 583, 443, 341, 557, 38, 476, 460, 130, 262, 340, 568, 493, 371, 342, 524, 209, 62, 512, 100, 167, 551, 572, 494, 303, 470, 107, 229, 543, 458, 339, 309, 93, 405, 247, 563, 363, 585, 546, 432, 453, 146, 581, 515, 131, 589, 175, 560, 435, 375, 34, 335, 97, 125, 407, 19, 388, 153, 382, 545, 277, 451, 250, 526, 404, 66, 575, 82, 525, 462, 168, 490, 165, 280, 360, 258, 334, 552, 395, 51, 411, 427, 259, 336, 347, 145, 281, 323, 24, 459, 83, 297, 164, 188, 218, 96, 69, 29, 23, 151, 561, 539, 12, 385, 60, 397, 558, 205, 390, 291, 562, 569, 202, 98, 147, 425, 377, 59, 44, 70, 413, 18, 119, 446, 198, 522, 507, 56, 204, 384, 359, 436, 519, 272, 71, 129, 354, 248, 169, 78, 370, 13, 181, 482, 326, 485, 577, 182, 178, 463, 579, 542, 454, 417, 559, 286, 171, 261, 159, 445, 298, 139, 91, 467, 312, 544, 102, 53, 586, 584, 17, 530, 332, 353, 409, 230, 505, 276, 528, 330, 380, 503, 267, 521, 274, 500, 520, 217, 273, 117, 449, 251, 293, 502, 391, 40, 123, 193, 408, 143, 140, 549, 106, 77, 346, 300, 555, 317, 81, 237, 22, 89, 471, 350, 103, 279, 122, 447, 114, 402, 473, 361, 137, 94, 199, 232, 265, 554, 163, 444, 590, 392, 244, 580, 550, 58, 25, 399, 358, 396, 379, 239, 160, 208, 16, 207, 252, 72, 42, 189, 571, 518, 104, 211, 469, 398, 41, 154, 127]
(w = 54) Correct Cyclicantibandwidth
Set parameter TimeLimit to value 1800
[runlim] sample:		284.6 time, 280.7 real, 5780.9 MB
[runlim] sample:		294.8 time, 290.7 real, 5890.2 MB
[runlim] sample:		304.9 time, 300.7 real, 5961.2 MB
[runlim] sample:		315.1 time, 310.7 real, 6031.1 MB
[runlim] sample:		325.2 time, 320.7 real, 6102.3 MB
[runlim] sample:		335.4 time, 330.7 real, 6171.7 MB
[runlim] sample:		345.6 time, 340.7 real, 6245.4 MB
[runlim] sample:		355.8 time, 350.7 real, 6316.3 MB
[runlim] sample:		365.9 time, 360.7 real, 6387.3 MB
[runlim] sample:		376.1 time, 370.7 real, 6454.0 MB
[runlim] sample:		386.2 time, 380.7 real, 6522.6 MB
[runlim] sample:		396.4 time, 390.7 real, 6586.7 MB
[runlim] sample:		406.6 time, 400.7 real, 6656.3 MB
[runlim] sample:		416.7 time, 410.7 real, 6725.2 MB
[runlim] sample:		426.9 time, 420.7 real, 6802.9 MB
[runlim] sample:		437.1 time, 430.7 real, 6873.8 MB
[runlim] sample:		447.3 time, 440.7 real, 6948.8 MB
[runlim] sample:		457.5 time, 450.7 real, 7017.9 MB
[runlim] sample:		467.8 time, 460.7 real, 7088.9 MB
[runlim] sample:		477.9 time, 470.7 real, 7160.6 MB
[runlim] sample:		488.1 time, 480.7 real, 7232.2 MB
[runlim] sample:		498.3 time, 490.7 real, 7327.0 MB
[runlim] sample:		508.5 time, 500.7 real, 7393.7 MB
[runlim] sample:		518.7 time, 510.7 real, 7466.6 MB
[runlim] sample:		528.9 time, 520.7 real, 7535.5 MB
[runlim] sample:		539.1 time, 530.7 real, 7608.4 MB
[runlim] sample:		549.2 time, 540.7 real, 7679.3 MB
[runlim] sample:		559.4 time, 550.7 real, 7748.4 MB
Academic license 2663665 - for non-commercial use only - registered to tu___@vnu.edu.vn
[runlim] sample:		569.5 time, 560.7 real, 5804.1 MB
(w = 55) Value Cyclicantibandwidth: 55
Lables: [206, 301, 20, 253, 334, 174, 592, 113, 226, 27, 527, 41, 441, 83, 198, 156, 362, 486, 55, 86, 466, 582, 497, 138, 112, 183, 152, 184, 472, 352, 394, 331, 369, 556, 524, 434, 382, 14, 337, 439, 492, 24, 19, 446, 356, 109, 315, 264, 37, 84, 286, 74, 542, 275, 314, 575, 295, 227, 31, 381, 328, 143, 128, 270, 283, 517, 357, 171, 279, 395, 195, 566, 338, 95, 48, 211, 249, 511, 105, 343, 390, 289, 480, 75, 122, 477, 287, 371, 231, 360, 11, 148, 345, 101, 305, 530, 256, 475, 467, 80, 400, 529, 398, 73, 536, 233, 194, 129, 9, 240, 574, 90, 177, 284, 173, 228, 124, 540, 141, 325, 586, 368, 121, 132, 234, 501, 538, 442, 268, 547, 495, 535, 306, 585, 498, 379, 215, 420, 26, 134, 236, 412, 252, 216, 64, 468, 428, 523, 541, 59, 15, 68, 136, 351, 144, 553, 440, 293, 192, 76, 1, 510, 91, 433, 418, 224, 402, 61, 411, 531, 63, 150, 488, 28, 386, 316, 464, 126, 21, 54, 181, 221, 45, 217, 506, 396, 416, 405, 120, 288, 246, 508, 588, 567, 230, 534, 260, 329, 570, 168, 378, 548, 533, 18, 180, 117, 320, 214, 313, 161, 3, 190, 60, 243, 108, 7, 43, 457, 365, 513, 341, 145, 410, 290, 429, 496, 342, 438, 487, 397, 292, 213, 57, 415, 401, 242, 271, 104, 431, 266, 116, 157, 470, 384, 373, 419, 322, 88, 254, 509, 187, 421, 238, 196, 35, 528, 330, 269, 456, 452, 251, 389, 463, 119, 387, 344, 310, 465, 39, 162, 450, 333, 367, 25, 406, 514, 426, 166, 79, 591, 478, 255, 130, 565, 133, 321, 407, 87, 437, 580, 587, 115, 348, 203, 430, 564, 50, 319, 479, 257, 414, 155, 364, 5, 197, 200, 222, 30, 459, 521, 308, 274, 278, 158, 219, 532, 118, 455, 245, 461, 263, 403, 327, 179, 423, 516, 49, 53, 366, 413, 8, 424, 212, 578, 583, 443, 282, 557, 38, 476, 460, 96, 262, 447, 568, 33, 307, 359, 71, 209, 62, 512, 100, 167, 551, 572, 494, 303, 304, 220, 229, 543, 178, 339, 146, 93, 417, 247, 563, 363, 573, 546, 432, 484, 149, 581, 6, 131, 589, 175, 560, 435, 375, 34, 335, 135, 125, 324, 4, 36, 153, 399, 545, 277, 451, 250, 526, 404, 66, 170, 52, 70, 462, 110, 490, 165, 491, 137, 237, 561, 552, 355, 51, 391, 427, 259, 483, 347, 139, 281, 323, 361, 318, 285, 297, 164, 188, 218, 111, 69, 29, 23, 151, 46, 539, 12, 376, 499, 505, 507, 205, 191, 47, 571, 569, 202, 98, 147, 425, 377, 67, 525, 522, 248, 85, 201, 504, 142, 555, 562, 374, 107, 537, 500, 436, 291, 272, 388, 22, 354, 332, 176, 78, 370, 13, 296, 482, 326, 485, 577, 182, 186, 92, 16, 172, 454, 422, 559, 241, 163, 239, 159, 445, 493, 199, 520, 258, 232, 544, 102, 94, 458, 584, 17, 519, 474, 311, 409, 223, 383, 276, 358, 346, 380, 503, 515, 518, 300, 576, 210, 225, 299, 267, 449, 185, 89, 502, 393, 32, 372, 193, 408, 169, 140, 549, 106, 77, 353, 302, 471, 317, 82, 265, 244, 72, 444, 350, 103, 273, 65, 453, 579, 58, 469, 336, 97, 309, 235, 473, 590, 554, 207, 448, 298, 392, 312, 123, 550, 81, 294, 280, 349, 385, 261, 40, 160, 208, 10, 340, 114, 204, 42, 189, 2, 44, 489, 481, 127, 99, 56, 154, 558]
(w = 55) Correct Cyclicantibandwidth
Set parameter TimeLimit to value 1800
[runlim] sample:		579.7 time, 570.7 real, 5983.3 MB
[runlim] sample:		589.9 time, 580.7 real, 6052.2 MB
[runlim] sample:		600.1 time, 590.7 real, 6122.0 MB
[runlim] sample:		610.3 time, 600.7 real, 6191.2 MB
[runlim] sample:		620.4 time, 610.7 real, 6252.8 MB
[runlim] sample:		630.7 time, 620.7 real, 6285.2 MB
[runlim] sample:		641.0 time, 630.7 real, 6318.8 MB
[runlim] sample:		651.2 time, 640.7 real, 6355.1 MB
[runlim] sample:		661.5 time, 650.7 real, 6389.4 MB
[runlim] sample:		671.7 time, 660.7 real, 6423.8 MB
[runlim] sample:		682.0 time, 670.7 real, 6460.3 MB
[runlim] sample:		692.2 time, 680.7 real, 6498.5 MB
[runlim] sample:		702.5 time, 690.7 real, 6539.6 MB
[runlim] sample:		712.7 time, 700.7 real, 6580.7 MB
[runlim] sample:		723.0 time, 710.7 real, 6617.5 MB
[runlim] sample:		733.3 time, 720.7 real, 6658.6 MB
[runlim] sample:		743.5 time, 730.7 real, 6697.4 MB
[runlim] sample:		753.7 time, 740.7 real, 6763.1 MB
[runlim] sample:		763.9 time, 750.7 real, 6831.8 MB
[runlim] sample:		774.0 time, 760.7 real, 6900.4 MB
[runlim] sample:		784.2 time, 770.7 real, 6966.8 MB
[runlim] sample:		794.4 time, 780.7 real, 7038.0 MB
[runlim] sample:		804.5 time, 790.7 real, 7102.6 MB
[runlim] sample:		814.7 time, 800.7 real, 7177.4 MB
[runlim] sample:		824.9 time, 810.7 real, 7249.2 MB
[runlim] sample:		835.0 time, 820.7 real, 7318.1 MB
[runlim] sample:		845.2 time, 830.7 real, 7387.5 MB
[runlim] sample:		855.4 time, 840.7 real, 7474.0 MB
[runlim] sample:		865.5 time, 850.7 real, 7543.1 MB
[runlim] sample:		875.7 time, 860.7 real, 7614.3 MB
[runlim] sample:		885.9 time, 870.7 real, 7683.5 MB
[runlim] sample:		896.0 time, 880.7 real, 7756.1 MB
[runlim] sample:		906.2 time, 890.7 real, 7826.6 MB
[runlim] sample:		916.4 time, 900.7 real, 7897.2 MB
Academic license 2663665 - for non-commercial use only - registered to tu___@vnu.edu.vn
[runlim] sample:		926.5 time, 910.7 real, 5971.3 MB
[runlim] sample:		936.7 time, 920.7 real, 11031.0 MB
[runlim] sample:		946.9 time, 930.7 real, 13400.8 MB
[runlim] sample:		957.0 time, 940.7 real, 11062.2 MB
[runlim] sample:		967.2 time, 950.7 real, 11052.0 MB
[runlim] sample:		977.4 time, 960.7 real, 14502.2 MB
[runlim] sample:		987.5 time, 970.7 real, 14504.0 MB
[runlim] sample:		997.7 time, 980.7 real, 14505.3 MB
[runlim] sample:		1007.9 time, 990.7 real, 11041.7 MB
[runlim] sample:		1018.1 time, 1000.7 real, 14488.1 MB
[runlim] sample:		1028.2 time, 1010.7 real, 11072.7 MB
[runlim] sample:		1038.4 time, 1020.7 real, 15416.6 MB
[runlim] sample:		1048.6 time, 1030.7 real, 11240.5 MB
[runlim] sample:		1058.7 time, 1040.7 real, 11066.5 MB
[runlim] sample:		1068.9 time, 1050.7 real, 11066.5 MB
[runlim] sample:		1079.1 time, 1060.7 real, 15700.9 MB
[runlim] sample:		1101.7 time, 1070.7 real, 11131.0 MB
[runlim] sample:		1112.2 time, 1080.7 real, 9793.5 MB
[runlim] sample:		1122.8 time, 1090.7 real, 13372.7 MB
[runlim] sample:		1133.4 time, 1100.7 real, 13373.4 MB
[runlim] sample:		1144.0 time, 1110.7 real, 13385.8 MB
[runlim] sample:		1154.6 time, 1120.7 real, 13409.8 MB
[runlim] sample:		1166.3 time, 1130.7 real, 18461.7 MB
[runlim] end:			Fri Oct 10 16:02:45 2025
[runlim] status:		out of memory
[runlim] result:		3
[runlim] children:		0
[runlim] real:			1136.37 seconds
[runlim] time:			1179.61 seconds
[runlim] space:			30024.8 MB
[runlim] samples:		11356
