[runlim] version:		1.10
[runlim] time limit:		311040000 seconds
[runlim] real time limit:	1800 seconds
[runlim] space limit:		30000 MB
[runlim] argv[0]:		python3
[runlim] argv[1]:		model.py
[runlim] argv[2]:		W-685_bus.mtx.rnd
[runlim] start:			Fri Oct 10 16:48:01 2025
[runlim] main pid:		58557
Set parameter WLSAccessID
Set parameter WLSSecret
Set parameter LicenseID to value 2663665
Academic license 2663665 - for non-commercial use only - registered to tu___@vnu.edu.vn
Set parameter TimeLimit to value 1800
[runlim] sample:		10.2 time, 10.7 real, 294.2 MB
[runlim] sample:		20.5 time, 20.7 real, 361.4 MB
[runlim] sample:		30.6 time, 30.7 real, 423.8 MB
[runlim] sample:		40.9 time, 40.7 real, 488.2 MB
[runlim] sample:		51.1 time, 50.7 real, 555.1 MB
[runlim] sample:		61.3 time, 60.7 real, 622.3 MB
[runlim] sample:		71.5 time, 70.7 real, 687.1 MB
[runlim] sample:		81.8 time, 80.7 real, 753.9 MB
[runlim] sample:		92.0 time, 90.7 real, 825.9 MB
[runlim] sample:		102.2 time, 100.7 real, 893.0 MB
[runlim] sample:		112.5 time, 110.7 real, 963.0 MB
[runlim] sample:		122.7 time, 120.7 real, 1033.4 MB
[runlim] sample:		132.9 time, 130.7 real, 1115.2 MB
[runlim] sample:		143.2 time, 140.7 real, 1182.7 MB
[runlim] sample:		153.4 time, 150.7 real, 1250.0 MB
[runlim] sample:		163.6 time, 160.7 real, 1317.2 MB
[runlim] sample:		173.8 time, 170.7 real, 1381.4 MB
[runlim] sample:		184.0 time, 180.7 real, 1440.0 MB
[runlim] sample:		194.2 time, 190.7 real, 1521.0 MB
[runlim] sample:		204.4 time, 200.7 real, 1587.5 MB
[runlim] sample:		214.6 time, 210.7 real, 1656.4 MB
[runlim] sample:		224.8 time, 220.7 real, 1719.0 MB
[runlim] sample:		235.0 time, 230.7 real, 1785.8 MB
[runlim] sample:		245.2 time, 240.7 real, 1852.6 MB
Academic license 2663665 - for non-commercial use only - registered to tu___@vnu.edu.vn
[runlim] sample:		255.4 time, 250.7 real, 6735.1 MB
[runlim] sample:		265.6 time, 260.7 real, 8989.9 MB
[runlim] sample:		275.8 time, 270.7 real, 11852.1 MB
[runlim] sample:		286.1 time, 280.7 real, 9010.5 MB
[runlim] sample:		296.3 time, 290.7 real, 11870.3 MB
[runlim] sample:		306.6 time, 300.7 real, 11871.4 MB
[runlim] sample:		316.8 time, 310.7 real, 11871.9 MB
[runlim] sample:		327.0 time, 320.7 real, 9019.9 MB
[runlim] sample:		337.2 time, 330.7 real, 11864.1 MB
[runlim] sample:		347.4 time, 340.7 real, 9037.0 MB
[runlim] sample:		357.7 time, 350.7 real, 14747.4 MB
[runlim] sample:		367.9 time, 360.7 real, 9053.1 MB
[runlim] sample:		378.1 time, 370.7 real, 9053.1 MB
[runlim] sample:		398.8 time, 380.7 real, 9109.4 MB
[runlim] sample:		409.6 time, 390.7 real, 12885.4 MB
[runlim] sample:		420.2 time, 400.7 real, 12907.4 MB
[runlim] sample:		430.9 time, 410.7 real, 13025.6 MB
[runlim] sample:		441.6 time, 420.7 real, 13133.6 MB
[runlim] sample:		452.6 time, 430.7 real, 13215.6 MB
[runlim] sample:		463.2 time, 440.7 real, 13323.6 MB
[runlim] sample:		474.0 time, 450.7 real, 9119.4 MB
[runlim] sample:		484.8 time, 460.7 real, 8017.4 MB
[runlim] sample:		495.5 time, 470.7 real, 11008.4 MB
[runlim] sample:		508.7 time, 480.7 real, 18270.8 MB
(w = 70) Value Cyclicantibandwidth: 70
Lables: [147, 42, 268, 269, 103, 673, 271, 160, 272, 273, 91, 400, 173, 493, 18, 65, 308, 359, 66, 378, 148, 575, 551, 72, 449, 67, 141, 222, 10, 315, 81, 654, 151, 256, 625, 187, 499, 336, 274, 132, 43, 291, 515, 6, 111, 275, 602, 200, 68, 518, 251, 648, 123, 169, 176, 19, 11, 277, 618, 69, 113, 20, 93, 278, 510, 223, 70, 128, 139, 84, 178, 281, 341, 282, 239, 44, 76, 284, 468, 658, 258, 224, 310, 73, 124, 416, 94, 312, 334, 316, 318, 45, 507, 525, 114, 589, 198, 319, 288, 95, 320, 617, 46, 247, 678, 179, 624, 335, 309, 31, 361, 143, 321, 252, 125, 322, 680, 32, 99, 170, 226, 323, 324, 115, 607, 325, 327, 328, 47, 632, 142, 330, 331, 342, 628, 332, 333, 479, 425, 126, 317, 48, 184, 626, 181, 597, 337, 338, 127, 232, 375, 672, 339, 159, 367, 152, 533, 609, 360, 162, 524, 129, 233, 49, 514, 75, 140, 133, 172, 343, 157, 134, 344, 155, 345, 580, 347, 175, 348, 629, 50, 590, 410, 476, 349, 350, 351, 504, 135, 303, 352, 80, 89, 353, 536, 21, 637, 394, 234, 209, 453, 110, 354, 153, 136, 660, 446, 165, 356, 358, 292, 362, 174, 365, 87, 326, 368, 22, 245, 677, 369, 370, 477, 149, 566, 33, 623, 241, 137, 371, 88, 85, 97, 240, 138, 287, 372, 567, 373, 374, 376, 1, 118, 112, 92, 158, 377, 285, 599, 379, 190, 657, 301, 34, 380, 71, 23, 683, 656, 163, 235, 289, 98, 382, 383, 585, 671, 236, 180, 79, 35, 572, 646, 478, 467, 164, 384, 398, 182, 385, 386, 466, 36, 183, 167, 549, 225, 24, 401, 480, 7, 279, 675, 387, 388, 501, 397, 389, 390, 100, 185, 643, 483, 150, 391, 487, 538, 615, 51, 192, 392, 393, 290, 37, 193, 101, 456, 52, 194, 641, 395, 526, 462, 227, 293, 355, 457, 53, 472, 38, 228, 196, 545, 396, 402, 601, 215, 415, 586, 424, 579, 144, 559, 116, 302, 102, 403, 640, 556, 463, 404, 421, 405, 406, 527, 90, 489, 104, 503, 54, 492, 55, 674, 195, 506, 407, 408, 12, 242, 197, 409, 411, 633, 596, 412, 509, 655, 13, 564, 608, 8, 500, 357, 313, 105, 413, 591, 2, 56, 577, 304, 445, 57, 664, 414, 243, 682, 311, 3, 217, 498, 417, 106, 418, 244, 508, 145, 502, 199, 419, 420, 438, 82, 422, 9, 423, 676, 592, 447, 583, 574, 486, 201, 535, 166, 96, 496, 154, 161, 444, 426, 270, 573, 427, 560, 186, 39, 202, 428, 588, 455, 474, 429, 117, 494, 576, 587, 679, 497, 430, 188, 469, 431, 450, 432, 569, 481, 203, 229, 74, 286, 440, 634, 294, 297, 454, 433, 204, 434, 511, 495, 25, 516, 14, 563, 435, 482, 448, 512, 4, 627, 522, 521, 436, 598, 205, 437, 539, 314, 168, 488, 296, 246, 644, 532, 40, 439, 635, 26, 206, 441, 248, 305, 207, 364, 442, 58, 443, 230, 300, 621, 528, 59, 329, 665, 41, 216, 189, 548, 544, 27, 249, 616, 669, 531, 604, 208, 5, 60, 259, 15, 650, 614, 620, 594, 642, 649, 250, 517, 605, 636, 568, 581, 543, 61, 571, 554, 555, 366, 130, 470, 541, 210, 595, 131, 603, 562, 62, 28, 471, 659, 171, 253, 211, 520, 107, 399, 108, 458, 490, 460, 83, 461, 611, 530, 254, 459, 276, 464, 600, 237, 63, 16, 255, 473, 653, 546, 212, 651, 639, 606, 652, 523, 491, 257, 260, 381, 638, 220, 465, 261, 295, 484, 17, 540, 262, 306, 298, 299, 86, 631, 561, 557, 667, 218, 451, 645, 64, 647, 519, 542, 346, 29, 610, 452, 513, 238, 109, 578, 550, 593, 612, 219, 570, 283, 666, 662, 263, 264, 552, 670, 214, 565, 156, 529, 663, 582, 475, 534, 221, 265, 177, 630, 485, 119, 30, 267, 553, 584, 537, 668, 340, 661, 231, 684, 558, 613, 505, 120, 121, 307, 280, 191, 266, 78, 622, 681, 146, 685, 213, 363, 122, 619, 77, 547]
(w = 70) Correct Cyclicantibandwidth
Set parameter TimeLimit to value 1800
[runlim] sample:		526.0 time, 490.7 real, 9730.0 MB
[runlim] sample:		536.1 time, 500.7 real, 9832.9 MB
[runlim] sample:		546.3 time, 510.7 real, 9926.0 MB
[runlim] sample:		556.5 time, 520.7 real, 9990.3 MB
[runlim] sample:		566.7 time, 530.7 real, 10054.4 MB
[runlim] sample:		576.9 time, 540.7 real, 10121.2 MB
[runlim] sample:		587.0 time, 550.7 real, 10188.8 MB
[runlim] sample:		597.2 time, 560.7 real, 10256.4 MB
[runlim] sample:		607.4 time, 570.7 real, 10322.2 MB
[runlim] sample:		617.6 time, 580.7 real, 10386.8 MB
[runlim] sample:		627.8 time, 590.7 real, 10451.4 MB
[runlim] sample:		638.0 time, 600.7 real, 10518.2 MB
[runlim] sample:		648.2 time, 610.7 real, 10585.6 MB
[runlim] sample:		658.4 time, 620.7 real, 10652.2 MB
[runlim] sample:		668.5 time, 630.7 real, 10717.0 MB
[runlim] sample:		678.7 time, 640.7 real, 10784.5 MB
[runlim] sample:		688.9 time, 650.7 real, 10851.9 MB
[runlim] sample:		699.1 time, 660.7 real, 10918.7 MB
[runlim] sample:		709.3 time, 670.7 real, 10981.6 MB
[runlim] sample:		719.4 time, 680.7 real, 11046.5 MB
[runlim] sample:		729.6 time, 690.7 real, 11112.2 MB
[runlim] sample:		739.8 time, 700.7 real, 11179.2 MB
[runlim] sample:		750.0 time, 710.7 real, 11246.9 MB
[runlim] sample:		760.1 time, 720.7 real, 11315.3 MB
[runlim] sample:		770.3 time, 730.7 real, 11380.2 MB
Academic license 2663665 - for non-commercial use only - registered to tu___@vnu.edu.vn
(w = 71) Value Cyclicantibandwidth: 71
Lables: [498, 179, 119, 629, 200, 616, 60, 642, 234, 570, 312, 29, 434, 418, 187, 111, 171, 18, 95, 368, 415, 295, 47, 615, 257, 366, 41, 66, 214, 315, 284, 77, 662, 307, 387, 227, 620, 192, 445, 347, 606, 167, 394, 320, 516, 599, 426, 56, 260, 248, 339, 383, 30, 379, 487, 424, 435, 414, 602, 97, 430, 224, 548, 644, 573, 57, 408, 551, 594, 128, 340, 429, 513, 343, 108, 298, 137, 537, 67, 311, 334, 199, 362, 611, 39, 71, 211, 26, 527, 153, 469, 254, 185, 506, 488, 518, 190, 49, 253, 50, 104, 625, 510, 75, 11, 201, 169, 390, 281, 374, 19, 331, 5, 42, 441, 657, 543, 431, 302, 640, 8, 477, 605, 603, 654, 592, 468, 539, 377, 80, 473, 85, 532, 479, 306, 564, 86, 139, 664, 142, 562, 496, 327, 223, 645, 472, 157, 275, 181, 129, 258, 505, 21, 514, 661, 168, 515, 314, 149, 133, 623, 432, 607, 668, 667, 132, 135, 24, 70, 679, 325, 147, 84, 585, 398, 55, 250, 259, 127, 233, 482, 557, 407, 367, 410, 500, 581, 508, 54, 113, 217, 683, 324, 102, 309, 676, 43, 356, 163, 304, 252, 643, 131, 566, 595, 457, 578, 342, 208, 460, 397, 51, 586, 493, 447, 604, 400, 178, 36, 148, 583, 501, 239, 138, 299, 1, 652, 509, 152, 78, 536, 318, 511, 243, 381, 337, 637, 409, 463, 636, 155, 220, 61, 402, 437, 221, 359, 370, 531, 439, 109, 571, 375, 485, 587, 124, 427, 335, 266, 579, 417, 446, 344, 164, 122, 286, 235, 116, 74, 653, 507, 105, 184, 207, 525, 466, 203, 98, 497, 33, 396, 589, 213, 336, 283, 550, 246, 196, 678, 489, 552, 622, 141, 87, 519, 590, 145, 209, 494, 15, 349, 576, 125, 303, 292, 593, 462, 89, 648, 322, 533, 16, 385, 406, 72, 650, 58, 458, 345, 421, 633, 528, 194, 574, 346, 256, 273, 412, 271, 45, 681, 242, 22, 584, 597, 638, 453, 290, 646, 37, 580, 353, 685, 100, 591, 621, 596, 554, 480, 123, 308, 166, 613, 170, 665, 450, 121, 523, 251, 474, 255, 269, 449, 547, 183, 470, 136, 666, 351, 451, 247, 177, 529, 438, 287, 663, 40, 658, 541, 150, 46, 9, 338, 79, 560, 297, 237, 151, 291, 118, 249, 53, 577, 459, 561, 215, 380, 114, 140, 556, 278, 191, 144, 182, 627, 680, 28, 216, 448, 444, 491, 238, 436, 328, 230, 245, 25, 73, 154, 90, 329, 264, 490, 20, 352, 542, 6, 31, 44, 558, 569, 455, 610, 17, 172, 174, 499, 276, 544, 120, 101, 69, 288, 386, 660, 23, 134, 624, 241, 677, 632, 279, 88, 502, 228, 35, 378, 565, 92, 272, 568, 419, 555, 326, 265, 672, 226, 282, 384, 389, 204, 93, 189, 483, 655, 524, 321, 391, 195, 669, 504, 423, 355, 512, 399, 319, 143, 130, 305, 478, 99, 206, 443, 296, 674, 156, 316, 546, 65, 598, 218, 617, 341, 411, 401, 332, 647, 684, 212, 452, 267, 310, 232, 464, 392, 146, 673, 376, 388, 671, 161, 639, 268, 442, 521, 538, 358, 641, 94, 10, 675, 289, 520, 175, 608, 522, 219, 601, 369, 160, 229, 395, 465, 83, 159, 467, 534, 649, 81, 363, 350, 244, 2, 64, 405, 68, 48, 3, 456, 188, 348, 173, 372, 293, 659, 186, 600, 117, 420, 628, 634, 461, 277, 373, 63, 107, 361, 440, 180, 162, 382, 619, 614, 670, 126, 38, 59, 222, 236, 651, 176, 330, 7, 263, 549, 481, 261, 262, 165, 635, 364, 416, 495, 656, 333, 14, 475, 433, 357, 526, 27, 4, 274, 205, 91, 609, 110, 280, 96, 62, 231, 545, 34, 52, 294, 682, 588, 630, 240, 540, 270, 13, 535, 484, 517, 103, 471, 618, 301, 572, 492, 530, 106, 225, 112, 612, 82, 413, 76, 32, 323, 360, 575, 428, 193, 210, 158, 285, 12, 563, 198, 631, 371, 486, 454, 404, 567, 393, 197, 559, 626, 476, 300, 354, 553, 115, 403, 582, 202, 425, 503, 317, 365, 422, 313]
(w = 71) Correct Cyclicantibandwidth
Set parameter TimeLimit to value 1800
[runlim] sample:		780.5 time, 740.7 real, 5581.8 MB
[runlim] sample:		790.7 time, 750.7 real, 5591.5 MB
[runlim] sample:		800.9 time, 760.7 real, 5615.9 MB
[runlim] sample:		811.1 time, 770.7 real, 5624.6 MB
[runlim] sample:		821.4 time, 780.7 real, 5817.2 MB
[runlim] sample:		831.6 time, 790.7 real, 5863.8 MB
[runlim] sample:		841.8 time, 800.7 real, 5909.1 MB
[runlim] sample:		852.0 time, 810.7 real, 5953.5 MB
[runlim] sample:		862.1 time, 820.7 real, 5997.7 MB
[runlim] sample:		872.3 time, 830.7 real, 6042.3 MB
[runlim] sample:		882.5 time, 840.7 real, 6086.7 MB
[runlim] sample:		892.7 time, 850.7 real, 6133.3 MB
[runlim] sample:		902.9 time, 860.7 real, 6177.7 MB
[runlim] sample:		913.1 time, 870.7 real, 6481.0 MB
[runlim] sample:		923.3 time, 880.7 real, 6547.6 MB
[runlim] sample:		933.5 time, 890.7 real, 6611.9 MB
[runlim] sample:		943.7 time, 900.7 real, 6678.5 MB
[runlim] sample:		954.0 time, 910.7 real, 6732.1 MB
[runlim] sample:		964.2 time, 920.7 real, 6794.4 MB
[runlim] sample:		974.5 time, 930.7 real, 6859.7 MB
[runlim] sample:		984.7 time, 940.7 real, 6926.2 MB
[runlim] sample:		995.0 time, 950.7 real, 6988.6 MB
[runlim] sample:		1005.3 time, 960.7 real, 7052.9 MB
[runlim] sample:		1015.6 time, 970.7 real, 7115.2 MB
[runlim] sample:		1025.9 time, 980.7 real, 7168.8 MB
[runlim] sample:		1036.3 time, 990.7 real, 7222.1 MB
Academic license 2663665 - for non-commercial use only - registered to tu___@vnu.edu.vn
[runlim] sample:		1046.7 time, 1000.7 real, 5561.4 MB
(w = 72) Value Cyclicantibandwidth: 72
Lables: [479, 179, 119, 38, 200, 616, 60, 642, 234, 570, 312, 6, 434, 418, 187, 111, 171, 288, 95, 92, 415, 295, 47, 615, 257, 366, 314, 66, 214, 315, 284, 77, 662, 531, 387, 227, 620, 94, 445, 347, 606, 167, 394, 320, 516, 599, 426, 56, 260, 248, 339, 383, 30, 379, 487, 424, 170, 414, 602, 97, 430, 39, 548, 644, 573, 57, 408, 551, 594, 128, 340, 429, 513, 343, 108, 298, 137, 537, 67, 521, 334, 199, 362, 611, 117, 71, 211, 26, 127, 153, 469, 254, 185, 323, 488, 518, 190, 539, 253, 50, 104, 425, 510, 75, 11, 201, 169, 503, 281, 470, 19, 331, 5, 42, 441, 657, 543, 431, 302, 640, 8, 477, 605, 603, 654, 592, 363, 65, 377, 80, 473, 85, 532, 555, 135, 464, 86, 139, 664, 142, 683, 496, 265, 223, 645, 472, 157, 275, 181, 129, 258, 505, 21, 250, 661, 168, 515, 564, 224, 133, 103, 432, 607, 668, 667, 132, 192, 24, 554, 679, 325, 390, 84, 585, 398, 55, 162, 259, 514, 233, 482, 557, 407, 367, 410, 500, 581, 508, 54, 113, 217, 29, 324, 102, 309, 676, 544, 422, 163, 304, 252, 643, 307, 566, 595, 666, 444, 342, 208, 460, 397, 51, 586, 493, 447, 604, 400, 178, 36, 148, 583, 501, 239, 138, 299, 1, 652, 509, 152, 78, 536, 318, 207, 243, 381, 337, 637, 409, 463, 636, 155, 136, 61, 660, 437, 442, 359, 370, 228, 439, 109, 571, 375, 485, 587, 43, 427, 335, 266, 579, 417, 456, 344, 624, 122, 286, 235, 582, 74, 653, 507, 105, 184, 457, 525, 466, 203, 468, 497, 33, 396, 589, 213, 336, 283, 550, 246, 196, 678, 617, 552, 622, 141, 87, 519, 590, 145, 527, 494, 15, 349, 576, 125, 303, 292, 593, 462, 89, 648, 322, 311, 16, 385, 406, 356, 650, 58, 458, 345, 421, 633, 528, 194, 574, 276, 256, 273, 412, 48, 45, 681, 242, 450, 584, 597, 638, 453, 290, 646, 37, 580, 353, 685, 100, 591, 621, 596, 374, 480, 123, 308, 166, 613, 32, 665, 435, 121, 41, 251, 474, 255, 269, 131, 547, 380, 578, 506, 313, 489, 451, 247, 177, 271, 438, 287, 209, 40, 658, 541, 150, 46, 90, 338, 79, 529, 297, 237, 98, 291, 327, 249, 53, 151, 459, 561, 215, 72, 114, 140, 556, 278, 191, 144, 182, 627, 680, 28, 216, 448, 22, 491, 238, 436, 328, 230, 245, 25, 73, 154, 183, 329, 264, 490, 20, 352, 542, 484, 31, 44, 558, 569, 455, 130, 17, 172, 174, 499, 492, 124, 120, 101, 69, 368, 386, 498, 23, 134, 659, 241, 677, 632, 220, 88, 502, 449, 35, 378, 565, 523, 279, 568, 419, 623, 326, 164, 672, 226, 282, 384, 389, 204, 93, 189, 483, 655, 524, 321, 118, 195, 669, 504, 423, 355, 512, 399, 319, 143, 517, 305, 478, 99, 206, 443, 296, 674, 156, 316, 546, 49, 598, 218, 306, 341, 411, 401, 332, 647, 625, 212, 452, 267, 310, 232, 475, 392, 146, 673, 376, 388, 671, 161, 639, 268, 405, 272, 538, 358, 641, 175, 10, 675, 289, 520, 18, 608, 522, 219, 601, 369, 160, 229, 684, 465, 83, 159, 395, 534, 649, 81, 351, 350, 244, 2, 64, 629, 68, 149, 3, 614, 188, 348, 173, 372, 293, 562, 186, 600, 560, 420, 628, 446, 126, 277, 373, 63, 107, 361, 440, 180, 533, 382, 619, 280, 670, 147, 221, 59, 222, 393, 651, 176, 330, 7, 263, 549, 481, 261, 262, 634, 635, 364, 165, 495, 656, 333, 14, 116, 236, 357, 572, 27, 4, 274, 205, 91, 609, 110, 559, 96, 62, 231, 545, 34, 52, 294, 682, 588, 630, 626, 540, 270, 13, 535, 663, 301, 416, 433, 618, 300, 404, 346, 530, 106, 202, 240, 612, 82, 70, 76, 391, 511, 360, 575, 428, 225, 210, 158, 285, 12, 563, 198, 631, 471, 486, 454, 413, 567, 193, 197, 115, 9, 476, 553, 354, 526, 610, 403, 577, 112, 461, 467, 317, 371, 402, 365]
(w = 72) Correct Cyclicantibandwidth
Set parameter TimeLimit to value 1800
[runlim] sample:		1057.0 time, 1010.7 real, 5681.5 MB
[runlim] sample:		1067.3 time, 1020.7 real, 5686.6 MB
[runlim] sample:		1077.7 time, 1030.7 real, 5691.8 MB
[runlim] sample:		1088.0 time, 1040.7 real, 5698.8 MB
[runlim] sample:		1098.4 time, 1050.7 real, 5851.0 MB
[runlim] sample:		1108.7 time, 1060.7 real, 5888.3 MB
[runlim] sample:		1119.0 time, 1070.7 real, 5929.6 MB
[runlim] sample:		1129.4 time, 1080.7 real, 5970.3 MB
[runlim] sample:		1139.7 time, 1090.7 real, 6002.6 MB
[runlim] sample:		1150.1 time, 1100.7 real, 6026.2 MB
[runlim] sample:		1160.5 time, 1110.7 real, 6051.7 MB
[runlim] sample:		1170.8 time, 1120.7 real, 6076.1 MB
[runlim] sample:		1181.1 time, 1130.7 real, 6099.4 MB
[runlim] sample:		1191.5 time, 1140.7 real, 6124.9 MB
[runlim] sample:		1201.9 time, 1150.7 real, 6150.5 MB
[runlim] sample:		1212.2 time, 1160.7 real, 6173.8 MB
[runlim] sample:		1222.6 time, 1170.7 real, 6199.6 MB
[runlim] sample:		1232.9 time, 1180.7 real, 6227.5 MB
[runlim] sample:		1243.3 time, 1190.7 real, 6500.2 MB
[runlim] sample:		1253.7 time, 1200.7 real, 6540.0 MB
[runlim] sample:		1264.1 time, 1210.7 real, 6575.8 MB
[runlim] sample:		1274.5 time, 1220.7 real, 6615.6 MB
[runlim] sample:		1284.8 time, 1230.7 real, 6662.4 MB
[runlim] sample:		1295.1 time, 1240.7 real, 6726.5 MB
[runlim] sample:		1305.3 time, 1250.7 real, 6788.8 MB
[runlim] sample:		1315.6 time, 1260.7 real, 6852.9 MB
[runlim] sample:		1325.9 time, 1270.7 real, 6915.2 MB
[runlim] sample:		1336.2 time, 1280.7 real, 6977.5 MB
[runlim] sample:		1346.5 time, 1290.7 real, 7039.6 MB
[runlim] sample:		1356.7 time, 1300.7 real, 7102.0 MB
[runlim] sample:		1367.0 time, 1310.7 real, 7164.0 MB
[runlim] sample:		1377.2 time, 1320.7 real, 7226.1 MB
[runlim] sample:		1387.5 time, 1330.7 real, 7283.9 MB
Academic license 2663665 - for non-commercial use only - registered to tu___@vnu.edu.vn
[runlim] sample:		1397.8 time, 1340.7 real, 5630.1 MB
(w = 73) Value Cyclicantibandwidth: 73
Lables: [492, 179, 119, 38, 200, 616, 207, 642, 234, 570, 312, 29, 434, 418, 187, 111, 171, 31, 95, 484, 415, 295, 47, 615, 257, 366, 41, 66, 214, 315, 284, 77, 662, 531, 387, 227, 202, 94, 201, 347, 606, 167, 394, 320, 516, 515, 426, 56, 260, 248, 339, 383, 30, 379, 487, 424, 170, 458, 602, 97, 430, 224, 314, 644, 573, 57, 408, 551, 594, 128, 340, 538, 513, 285, 108, 298, 137, 537, 67, 311, 334, 199, 362, 611, 39, 71, 211, 26, 527, 153, 469, 254, 185, 506, 488, 518, 190, 49, 253, 50, 104, 425, 510, 75, 60, 679, 169, 390, 281, 374, 19, 331, 5, 42, 441, 657, 543, 431, 302, 445, 8, 477, 605, 603, 654, 592, 468, 539, 377, 80, 473, 85, 532, 555, 306, 564, 86, 139, 664, 142, 562, 496, 327, 223, 645, 472, 157, 275, 181, 129, 258, 505, 21, 3, 661, 168, 192, 110, 149, 133, 623, 432, 607, 668, 429, 132, 135, 24, 70, 463, 325, 147, 609, 585, 398, 523, 250, 259, 127, 233, 482, 557, 407, 367, 410, 500, 581, 508, 54, 113, 217, 683, 324, 102, 309, 676, 43, 422, 163, 304, 252, 643, 307, 566, 595, 667, 578, 342, 208, 460, 397, 51, 586, 493, 447, 604, 400, 178, 36, 148, 583, 501, 239, 138, 299, 1, 652, 509, 152, 78, 536, 318, 511, 243, 381, 337, 637, 409, 548, 636, 155, 229, 61, 402, 437, 442, 359, 55, 364, 439, 109, 571, 375, 485, 587, 124, 427, 335, 503, 579, 417, 456, 344, 164, 122, 286, 235, 116, 74, 653, 507, 105, 184, 514, 525, 466, 203, 98, 497, 266, 396, 589, 213, 336, 283, 550, 246, 196, 678, 489, 552, 622, 141, 87, 197, 590, 145, 416, 494, 15, 349, 576, 125, 303, 292, 593, 462, 479, 648, 322, 533, 16, 385, 406, 72, 650, 58, 84, 345, 421, 633, 528, 194, 574, 346, 256, 273, 565, 271, 45, 681, 242, 22, 584, 597, 638, 453, 290, 646, 37, 580, 353, 685, 100, 591, 621, 596, 554, 480, 123, 308, 166, 613, 32, 412, 450, 121, 11, 251, 474, 255, 269, 131, 547, 183, 76, 136, 666, 391, 451, 247, 177, 529, 438, 287, 209, 40, 658, 541, 150, 46, 368, 338, 79, 560, 297, 237, 151, 291, 625, 249, 53, 577, 459, 561, 215, 380, 114, 140, 556, 278, 191, 144, 182, 627, 680, 33, 216, 448, 444, 491, 238, 436, 328, 230, 245, 25, 73, 154, 414, 329, 264, 490, 20, 352, 542, 6, 378, 44, 558, 582, 455, 130, 17, 172, 174, 499, 276, 544, 120, 101, 69, 619, 386, 660, 23, 134, 28, 241, 677, 632, 220, 88, 502, 449, 35, 655, 81, 92, 279, 568, 226, 498, 326, 265, 672, 399, 282, 384, 389, 204, 93, 189, 483, 435, 356, 321, 118, 195, 669, 504, 423, 355, 512, 671, 319, 143, 517, 305, 640, 99, 206, 443, 296, 674, 156, 316, 665, 65, 598, 218, 624, 341, 411, 401, 332, 647, 684, 212, 452, 267, 310, 232, 464, 392, 146, 673, 228, 388, 89, 161, 639, 268, 405, 272, 354, 358, 641, 175, 10, 675, 289, 520, 18, 608, 522, 219, 601, 369, 160, 470, 395, 465, 83, 159, 467, 534, 649, 471, 351, 350, 244, 2, 64, 629, 68, 48, 370, 614, 188, 348, 173, 372, 293, 659, 186, 620, 117, 420, 628, 446, 126, 277, 373, 63, 107, 361, 440, 180, 162, 382, 618, 106, 670, 363, 221, 59, 376, 236, 651, 176, 222, 330, 263, 549, 476, 261, 262, 634, 635, 225, 165, 495, 656, 333, 14, 475, 481, 357, 572, 27, 4, 274, 205, 91, 90, 519, 280, 96, 62, 231, 545, 34, 52, 294, 682, 588, 630, 626, 540, 270, 13, 535, 663, 301, 103, 433, 365, 300, 546, 524, 530, 371, 210, 240, 612, 82, 413, 521, 617, 360, 343, 575, 553, 9, 158, 567, 478, 12, 569, 198, 631, 393, 486, 454, 404, 461, 403, 288, 559, 7, 323, 317, 610, 563, 115, 313, 599, 112, 428, 526, 600, 193, 419, 457]
(w = 73) Correct Cyclicantibandwidth
Set parameter TimeLimit to value 1800
[runlim] sample:		1408.1 time, 1350.7 real, 5744.4 MB
[runlim] sample:		1418.4 time, 1360.7 real, 5750.6 MB
[runlim] sample:		1428.7 time, 1370.7 real, 5756.5 MB
[runlim] sample:		1439.0 time, 1380.7 real, 5762.7 MB
[runlim] sample:		1449.3 time, 1390.7 real, 6030.5 MB
[runlim] sample:		1459.6 time, 1400.7 real, 6092.8 MB
[runlim] sample:		1469.7 time, 1410.7 real, 6151.9 MB
[runlim] sample:		1480.0 time, 1420.7 real, 6212.0 MB
[runlim] sample:		1490.3 time, 1430.7 real, 6272.0 MB
[runlim] sample:		1500.5 time, 1440.7 real, 6330.6 MB
[runlim] sample:		1510.8 time, 1450.7 real, 6390.5 MB
[runlim] sample:		1521.2 time, 1460.7 real, 6450.5 MB
[runlim] sample:		1531.5 time, 1470.7 real, 6512.6 MB
[runlim] sample:		1541.8 time, 1480.7 real, 6572.3 MB
[runlim] sample:		1552.1 time, 1490.7 real, 6634.3 MB
[runlim] sample:		1562.4 time, 1500.7 real, 6698.3 MB
[runlim] sample:		1572.7 time, 1510.7 real, 6760.4 MB
[runlim] sample:		1583.0 time, 1520.7 real, 6820.5 MB
[runlim] sample:		1593.3 time, 1530.7 real, 6882.7 MB
[runlim] sample:		1603.6 time, 1540.7 real, 6941.4 MB
[runlim] sample:		1614.0 time, 1550.7 real, 7000.9 MB
[runlim] sample:		1624.3 time, 1560.7 real, 7061.0 MB
[runlim] sample:		1634.6 time, 1570.7 real, 7120.8 MB
[runlim] sample:		1644.9 time, 1580.7 real, 7185.2 MB
[runlim] sample:		1655.2 time, 1590.7 real, 7247.6 MB
[runlim] sample:		1665.4 time, 1600.7 real, 7312.2 MB
[runlim] sample:		1675.7 time, 1610.7 real, 7376.5 MB
Academic license 2663665 - for non-commercial use only - registered to tu___@vnu.edu.vn
[runlim] sample:		1686.0 time, 1620.7 real, 5697.6 MB
[runlim] sample:		1696.3 time, 1630.7 real, 10092.4 MB
[runlim] sample:		1706.6 time, 1640.7 real, 12400.9 MB
[runlim] sample:		1716.9 time, 1650.7 real, 10092.9 MB
[runlim] sample:		1727.2 time, 1660.7 real, 10093.0 MB
[runlim] sample:		1737.4 time, 1670.7 real, 13082.1 MB
[runlim] sample:		1747.7 time, 1680.7 real, 13082.1 MB
[runlim] sample:		1758.0 time, 1690.7 real, 13082.1 MB
[runlim] sample:		1768.3 time, 1700.7 real, 10093.0 MB
[runlim] sample:		1778.5 time, 1710.7 real, 13076.6 MB
[runlim] sample:		1788.8 time, 1720.7 real, 10093.0 MB
[runlim] sample:		1799.1 time, 1730.7 real, 15065.8 MB
[runlim] sample:		1809.4 time, 1740.7 real, 10420.3 MB
[runlim] sample:		1819.6 time, 1750.7 real, 10092.9 MB
[runlim] sample:		1830.0 time, 1760.7 real, 14239.6 MB
[runlim] sample:		1851.9 time, 1770.7 real, 11128.6 MB
[runlim] sample:		1862.8 time, 1780.7 real, 14114.1 MB
[runlim] sample:		1873.7 time, 1790.7 real, 14142.1 MB
[runlim] end:			Fri Oct 10 17:18:01 2025
[runlim] status:		out of time
[runlim] result:		2
[runlim] children:		0
[runlim] real:			1800.18 seconds
[runlim] time:			1884.04 seconds
[runlim] space:			28119.2 MB
[runlim] samples:		17995
