[runlim] version:		1.10
[runlim] time limit:		311040000 seconds
[runlim] real time limit:	150 seconds
[runlim] space limit:		30000 MB
[runlim] argv[0]:		python3
[runlim] argv[1]:		model_MIP_CPLEX.py
[runlim] argv[2]:		./graph/caterpillar/caterpillar_30_10.txt
[runlim] start:			Sun Nov  2 09:39:42 2025
[runlim] main pid:		35919
[runlim] log captured:
(w = 4) Building and Solving
Value Cyclic-Antibandwidth: 4
Labels: [40, 11, 184, 129, 18, 248, 287, 121, 88, 197, 288, 229, 62, 42, 266, 166, 15, 170, 130, 115, 198, 250, 49, 155, 228, 79, 211, 43, 8, 66, 86, 90, 36, 128, 91, 249, 101, 286, 65, 156, 234, 277, 117, 195, 191, 165, 78, 131, 104, 6, 72, 51, 201, 30, 120, 127, 116, 296, 13, 173, 118, 261, 22, 32, 2, 280, 233, 149, 3, 204, 35, 235, 12, 77, 207, 255, 31, 134, 16, 171, 164, 187, 161, 222, 180, 67, 143, 213, 23, 57, 110, 209, 282, 251, 245, 140, 224, 160, 55, 246, 256, 284, 103, 38, 144, 74, 4, 29, 70, 188, 231, 244, 189, 243, 53, 26, 95, 192, 63, 25, 240, 157, 208, 199, 260, 268, 264, 28, 247, 20, 285, 193, 292, 7, 98, 44, 210, 146, 137, 68, 60, 132, 126, 241, 270, 39, 135, 212, 290, 69, 178, 152, 253, 295, 106, 214, 45, 105, 111, 138, 300, 56, 181, 151, 297, 254, 125, 194, 153, 227, 174, 279, 269, 136, 5, 283, 114, 196, 150, 218, 61, 14, 267, 215, 133, 274, 33, 239, 182, 102, 76, 52, 93, 71, 124, 47, 225, 147, 99, 46, 289, 230, 293, 265, 236, 159, 291, 202, 96, 262, 107, 119, 139, 278, 259, 81, 220, 37, 238, 113, 232, 17, 175, 85, 80, 9, 48, 58, 252, 64, 34, 89, 237, 83, 162, 1, 242, 183, 50, 169, 75, 186, 41, 167, 21, 275, 108, 84, 200, 122, 27, 221, 217, 100, 141, 294, 123, 271, 19, 145, 216, 223, 112, 276, 163, 97, 109, 87, 172, 154, 185, 281, 10, 73, 94, 299, 142, 176, 59, 168, 272, 82, 273, 177, 263, 24, 257, 203, 190, 54, 158, 206, 219, 179, 258, 298, 148, 205, 226, 92]
Correct solution
(w = 5) Building and Solving
Value Cyclic-Antibandwidth: 5
Labels: [40, 11, 265, 129, 18, 248, 287, 121, 88, 197, 288, 229, 279, 42, 266, 166, 97, 170, 55, 115, 198, 250, 49, 155, 228, 79, 264, 43, 8, 66, 61, 90, 36, 132, 91, 249, 101, 286, 65, 156, 234, 277, 117, 195, 96, 165, 78, 131, 104, 6, 72, 51, 201, 207, 120, 127, 116, 296, 13, 45, 118, 258, 22, 32, 2, 280, 233, 149, 3, 204, 35, 235, 12, 77, 26, 255, 31, 134, 271, 171, 164, 187, 161, 222, 180, 67, 143, 213, 23, 57, 110, 209, 282, 251, 245, 140, 224, 160, 285, 246, 256, 284, 103, 87, 144, 74, 191, 29, 70, 188, 231, 244, 189, 243, 53, 217, 95, 192, 62, 25, 269, 211, 184, 199, 260, 268, 128, 28, 247, 20, 177, 193, 292, 7, 98, 44, 210, 146, 137, 68, 60, 168, 126, 241, 270, 39, 135, 212, 290, 69, 178, 152, 253, 295, 16, 214, 261, 105, 111, 138, 300, 56, 181, 151, 297, 254, 125, 194, 153, 4, 174, 106, 19, 136, 5, 283, 114, 196, 150, 218, 93, 14, 267, 215, 133, 232, 33, 239, 182, 102, 76, 52, 154, 71, 124, 47, 225, 147, 99, 46, 289, 230, 293, 274, 236, 159, 291, 202, 38, 262, 107, 119, 139, 278, 259, 81, 63, 37, 238, 113, 86, 17, 175, 85, 80, 9, 48, 58, 252, 64, 34, 89, 237, 83, 162, 1, 242, 183, 50, 169, 75, 186, 41, 167, 21, 275, 108, 84, 200, 122, 27, 221, 240, 100, 141, 294, 123, 15, 173, 145, 216, 223, 112, 276, 163, 208, 130, 94, 220, 109, 185, 281, 10, 73, 157, 299, 142, 176, 59, 30, 272, 82, 273, 227, 263, 24, 257, 203, 190, 54, 158, 206, 219, 179, 172, 298, 148, 205, 226, 92]
Correct solution
(w = 6) Building and Solving
Value Cyclic-Antibandwidth: 6
Labels: [40, 11, 265, 129, 18, 248, 287, 121, 88, 197, 288, 229, 62, 42, 266, 166, 97, 170, 55, 115, 198, 250, 49, 155, 228, 79, 264, 43, 8, 66, 61, 90, 36, 128, 91, 249, 101, 286, 65, 156, 234, 277, 117, 195, 96, 165, 78, 131, 104, 6, 72, 51, 201, 30, 120, 127, 116, 296, 13, 173, 118, 261, 22, 32, 2, 280, 233, 149, 3, 204, 15, 235, 12, 77, 207, 255, 31, 134, 16, 171, 164, 187, 161, 222, 180, 67, 143, 213, 23, 57, 110, 209, 282, 251, 245, 140, 224, 160, 285, 246, 256, 106, 103, 157, 144, 74, 191, 29, 70, 188, 231, 244, 189, 243, 53, 26, 95, 7, 63, 25, 240, 211, 184, 199, 260, 268, 284, 28, 247, 20, 177, 193, 292, 281, 98, 44, 210, 146, 137, 68, 60, 132, 126, 241, 270, 39, 135, 212, 290, 69, 178, 152, 253, 295, 221, 214, 45, 105, 111, 138, 300, 56, 181, 151, 297, 254, 125, 194, 153, 4, 174, 279, 269, 136, 5, 50, 114, 196, 150, 218, 93, 14, 267, 215, 133, 232, 33, 239, 182, 102, 76, 52, 154, 71, 124, 47, 225, 147, 99, 46, 289, 230, 293, 274, 236, 159, 291, 202, 38, 262, 183, 119, 139, 278, 259, 81, 220, 37, 238, 113, 86, 17, 175, 283, 80, 9, 48, 58, 252, 64, 34, 89, 237, 83, 162, 1, 242, 35, 87, 169, 75, 186, 41, 167, 21, 275, 108, 84, 200, 122, 27, 107, 217, 100, 141, 294, 123, 271, 19, 145, 216, 223, 112, 276, 163, 208, 130, 94, 172, 109, 185, 73, 10, 85, 192, 299, 142, 176, 59, 168, 272, 82, 273, 227, 263, 24, 257, 203, 190, 54, 158, 206, 219, 179, 258, 298, 148, 205, 226, 92]
Correct solution
(w = 7) Building and Solving
Value Cyclic-Antibandwidth: 7
Labels: [27, 11, 61, 129, 18, 248, 287, 121, 88, 197, 23, 229, 62, 42, 266, 166, 97, 170, 55, 115, 198, 250, 49, 155, 251, 79, 264, 43, 8, 66, 86, 124, 36, 132, 91, 249, 101, 286, 65, 156, 234, 277, 117, 195, 96, 57, 78, 131, 104, 6, 72, 51, 201, 158, 120, 127, 116, 296, 13, 173, 118, 274, 22, 32, 2, 280, 233, 149, 3, 204, 15, 235, 12, 77, 207, 142, 31, 134, 16, 171, 164, 187, 161, 222, 180, 67, 143, 213, 113, 128, 110, 209, 282, 40, 245, 140, 224, 160, 285, 246, 256, 106, 103, 157, 144, 74, 191, 29, 70, 188, 231, 244, 189, 243, 53, 26, 95, 7, 63, 25, 240, 211, 184, 199, 260, 268, 284, 28, 247, 20, 177, 193, 292, 281, 98, 44, 210, 146, 137, 68, 60, 168, 126, 241, 270, 154, 135, 212, 90, 69, 178, 152, 253, 295, 221, 214, 45, 165, 111, 138, 300, 56, 181, 151, 297, 254, 125, 194, 153, 4, 174, 279, 269, 136, 5, 50, 114, 196, 150, 218, 93, 14, 267, 215, 133, 105, 33, 239, 182, 102, 76, 52, 290, 71, 255, 47, 225, 147, 99, 46, 289, 230, 293, 265, 236, 159, 291, 202, 38, 262, 183, 119, 139, 278, 259, 81, 220, 37, 238, 39, 232, 17, 175, 283, 80, 9, 48, 58, 252, 64, 34, 89, 237, 83, 162, 1, 242, 35, 87, 169, 75, 186, 41, 167, 21, 275, 108, 84, 200, 122, 263, 107, 217, 100, 141, 294, 123, 271, 19, 145, 216, 223, 112, 276, 163, 208, 130, 94, 172, 109, 185, 73, 10, 85, 192, 299, 228, 176, 59, 30, 272, 82, 273, 227, 288, 24, 257, 203, 190, 54, 261, 206, 219, 179, 258, 298, 148, 205, 226, 92]
Correct solution
(w = 8) Building and Solving
[runlim] sample:		10.9 time, 10.1 real, 351.8 MB
Value Cyclic-Antibandwidth: 8
Labels: [27, 11, 265, 129, 18, 248, 287, 121, 88, 197, 207, 229, 279, 42, 107, 166, 97, 170, 55, 115, 198, 250, 49, 155, 251, 79, 264, 43, 8, 66, 86, 124, 36, 132, 91, 249, 101, 286, 65, 156, 234, 277, 117, 195, 96, 165, 78, 131, 104, 6, 72, 51, 201, 30, 120, 76, 116, 296, 13, 173, 118, 274, 22, 32, 2, 280, 233, 149, 3, 204, 15, 235, 12, 77, 26, 142, 31, 134, 16, 171, 23, 187, 161, 222, 180, 67, 143, 213, 113, 57, 110, 209, 164, 40, 245, 140, 224, 160, 285, 246, 256, 284, 103, 157, 144, 74, 191, 29, 70, 188, 231, 244, 189, 243, 53, 223, 95, 7, 62, 25, 130, 211, 184, 199, 260, 268, 128, 28, 247, 20, 177, 193, 292, 281, 98, 44, 210, 146, 137, 282, 60, 68, 126, 241, 261, 154, 135, 212, 90, 69, 178, 152, 253, 295, 64, 214, 45, 217, 111, 138, 300, 56, 181, 151, 297, 254, 125, 194, 153, 4, 174, 106, 269, 136, 5, 50, 114, 196, 150, 218, 93, 14, 267, 215, 133, 105, 33, 239, 182, 102, 270, 52, 290, 71, 255, 266, 225, 147, 99, 46, 289, 230, 293, 47, 236, 159, 291, 202, 38, 262, 183, 119, 139, 278, 259, 81, 220, 37, 238, 39, 232, 17, 175, 283, 80, 9, 48, 58, 252, 1, 34, 89, 237, 83, 162, 127, 242, 35, 87, 169, 75, 186, 41, 167, 21, 275, 108, 84, 200, 122, 263, 221, 240, 100, 141, 294, 123, 271, 19, 145, 216, 61, 112, 276, 163, 208, 63, 94, 172, 109, 185, 73, 10, 85, 192, 299, 228, 176, 59, 168, 272, 82, 273, 227, 288, 24, 257, 203, 190, 54, 158, 206, 219, 179, 258, 298, 148, 205, 226, 92]
Correct solution
(w = 9) Building and Solving
Value Cyclic-Antibandwidth: 9
Labels: [27, 11, 184, 129, 216, 248, 287, 121, 88, 197, 207, 229, 62, 42, 107, 166, 97, 170, 55, 115, 234, 250, 49, 155, 251, 79, 264, 43, 8, 66, 86, 124, 198, 132, 83, 249, 135, 286, 65, 156, 18, 277, 117, 195, 96, 57, 78, 131, 104, 6, 72, 51, 201, 30, 120, 93, 116, 296, 13, 173, 118, 274, 22, 32, 2, 280, 233, 149, 3, 204, 15, 235, 12, 77, 26, 142, 31, 134, 16, 171, 23, 187, 161, 222, 180, 67, 101, 213, 45, 128, 110, 209, 164, 40, 245, 140, 224, 160, 285, 246, 256, 106, 103, 157, 144, 74, 191, 29, 70, 188, 231, 244, 189, 243, 53, 217, 95, 7, 63, 25, 130, 211, 202, 143, 200, 268, 284, 28, 247, 20, 177, 193, 292, 138, 98, 44, 210, 146, 137, 282, 91, 68, 126, 241, 270, 39, 60, 212, 90, 69, 36, 152, 253, 295, 64, 214, 261, 165, 111, 260, 300, 56, 181, 151, 297, 254, 125, 194, 153, 4, 174, 279, 269, 136, 5, 50, 114, 196, 150, 218, 61, 14, 267, 215, 133, 105, 33, 239, 182, 102, 76, 52, 290, 71, 255, 266, 225, 147, 99, 46, 289, 230, 293, 47, 236, 159, 291, 199, 38, 262, 183, 119, 139, 278, 259, 81, 220, 37, 238, 113, 232, 17, 175, 283, 80, 9, 48, 58, 252, 1, 34, 89, 237, 21, 162, 127, 242, 35, 87, 169, 75, 186, 41, 167, 178, 275, 108, 84, 154, 122, 263, 221, 240, 100, 141, 294, 123, 271, 19, 145, 85, 223, 112, 276, 163, 208, 265, 94, 172, 109, 185, 281, 10, 73, 192, 299, 228, 176, 59, 168, 272, 82, 273, 227, 288, 24, 257, 203, 190, 54, 158, 206, 219, 179, 258, 298, 148, 205, 226, 92]
Correct solution
(w = 10) Building and Solving
Value Cyclic-Antibandwidth: 10
Labels: [56, 139, 150, 270, 212, 170, 130, 181, 58, 233, 179, 25, 167, 70, 132, 42, 299, 213, 63, 1, 13, 262, 236, 193, 19, 209, 77, 113, 228, 276, 176, 260, 87, 68, 9, 102, 196, 244, 161, 104, 76, 252, 201, 253, 220, 156, 18, 129, 207, 147, 123, 39, 208, 57, 173, 126, 183, 50, 249, 237, 283, 40, 248, 154, 72, 295, 286, 187, 234, 164, 287, 60, 229, 175, 83, 47, 165, 94, 55, 217, 134, 188, 127, 272, 36, 99, 195, 145, 218, 268, 115, 265, 28, 93, 216, 142, 289, 191, 298, 69, 192, 45, 266, 159, 114, 284, 78, 226, 3, 117, 205, 121, 238, 215, 106, 140, 81, 197, 61, 239, 65, 160, 14, 73, 245, 51, 15, 89, 24, 282, 53, 204, 281, 26, 64, 31, 90, 185, 111, 278, 119, 82, 222, 254, 120, 149, 97, 223, 151, 4, 86, 300, 96, 110, 211, 135, 243, 273, 125, 109, 264, 206, 240, 288, 74, 294, 186, 32, 203, 246, 35, 17, 92, 241, 261, 29, 293, 153, 279, 22, 128, 198, 141, 112, 169, 221, 105, 184, 46, 257, 98, 143, 285, 37, 180, 52, 250, 168, 79, 166, 182, 137, 101, 23, 263, 118, 247, 148, 20, 291, 38, 21, 44, 172, 84, 6, 232, 178, 158, 290, 174, 210, 131, 227, 59, 108, 30, 163, 225, 54, 171, 231, 10, 251, 275, 75, 242, 27, 122, 12, 103, 256, 157, 80, 2, 162, 235, 258, 144, 219, 43, 136, 116, 177, 230, 296, 214, 280, 33, 100, 200, 16, 199, 271, 190, 297, 41, 259, 34, 194, 67, 155, 292, 202, 152, 7, 277, 5, 85, 11, 269, 88, 91, 124, 107, 274, 146, 189, 48, 71, 255, 95, 62, 49, 133, 267, 224, 8, 66, 138]
Correct solution
(w = 11) Building and Solving
[runlim] sample:		21.6 time, 20.1 real, 538.1 MB
Value Cyclic-Antibandwidth: 11
Labels: [56, 139, 150, 270, 212, 170, 130, 181, 58, 233, 179, 25, 167, 70, 132, 42, 299, 213, 63, 1, 13, 262, 236, 193, 19, 209, 77, 113, 228, 276, 176, 260, 87, 68, 9, 102, 196, 244, 161, 104, 76, 252, 201, 253, 220, 156, 18, 129, 207, 147, 123, 39, 208, 57, 173, 126, 183, 50, 249, 237, 283, 40, 248, 154, 72, 295, 286, 187, 234, 164, 287, 60, 229, 175, 83, 47, 165, 94, 55, 217, 134, 188, 127, 272, 36, 99, 195, 145, 218, 268, 115, 265, 28, 93, 216, 142, 289, 191, 298, 69, 192, 45, 266, 159, 114, 284, 78, 226, 3, 117, 205, 121, 238, 215, 106, 140, 81, 197, 61, 239, 65, 160, 14, 73, 245, 51, 15, 89, 24, 282, 53, 204, 281, 26, 64, 31, 90, 185, 111, 278, 119, 82, 222, 254, 120, 149, 97, 223, 151, 4, 86, 300, 96, 110, 211, 135, 243, 273, 125, 109, 264, 206, 240, 288, 74, 294, 186, 32, 203, 246, 35, 17, 92, 241, 261, 29, 293, 153, 279, 22, 128, 198, 141, 112, 169, 221, 105, 184, 46, 257, 98, 143, 285, 37, 180, 52, 250, 168, 79, 166, 182, 137, 101, 23, 263, 118, 247, 148, 20, 291, 38, 21, 44, 172, 84, 6, 232, 178, 158, 290, 174, 210, 131, 227, 59, 108, 30, 163, 225, 54, 171, 231, 10, 251, 275, 75, 242, 27, 122, 12, 103, 256, 157, 80, 2, 162, 235, 258, 144, 219, 43, 136, 116, 177, 230, 296, 214, 280, 33, 100, 200, 16, 199, 271, 190, 297, 41, 259, 34, 194, 67, 155, 292, 202, 152, 7, 277, 5, 85, 11, 269, 88, 91, 124, 107, 274, 146, 189, 48, 71, 255, 95, 62, 49, 133, 267, 224, 8, 66, 138]
Correct solution
(w = 12) Building and Solving
Value Cyclic-Antibandwidth: 12
Labels: [56, 139, 88, 270, 212, 170, 130, 181, 58, 233, 179, 25, 167, 70, 132, 42, 299, 213, 63, 1, 13, 262, 57, 193, 19, 209, 77, 113, 228, 276, 176, 260, 87, 68, 9, 102, 196, 244, 161, 104, 76, 252, 201, 253, 220, 156, 18, 129, 207, 147, 123, 39, 208, 23, 173, 126, 183, 50, 249, 237, 283, 40, 248, 154, 72, 295, 286, 187, 234, 164, 287, 60, 229, 175, 83, 47, 236, 94, 55, 217, 134, 188, 127, 272, 36, 99, 195, 145, 218, 268, 115, 265, 28, 93, 216, 142, 289, 191, 298, 69, 192, 45, 266, 159, 114, 284, 78, 226, 3, 117, 205, 121, 238, 215, 106, 140, 81, 197, 61, 239, 65, 160, 14, 73, 245, 51, 15, 89, 24, 282, 53, 204, 281, 26, 64, 31, 90, 185, 111, 278, 119, 82, 222, 254, 120, 149, 97, 223, 151, 4, 86, 300, 96, 110, 211, 135, 243, 273, 125, 109, 264, 206, 240, 74, 165, 294, 186, 32, 203, 246, 103, 17, 92, 241, 261, 29, 293, 153, 279, 22, 128, 198, 141, 112, 169, 221, 105, 184, 46, 257, 98, 143, 285, 37, 180, 52, 250, 168, 79, 166, 182, 137, 101, 288, 263, 118, 247, 148, 20, 291, 38, 21, 44, 172, 84, 6, 232, 178, 158, 290, 174, 210, 131, 227, 59, 108, 30, 163, 225, 54, 171, 231, 10, 251, 275, 75, 242, 27, 122, 12, 199, 256, 157, 80, 2, 162, 235, 258, 144, 219, 43, 136, 116, 177, 230, 296, 214, 280, 33, 100, 200, 16, 150, 271, 190, 297, 41, 259, 34, 194, 67, 155, 292, 202, 152, 7, 277, 5, 85, 11, 269, 35, 91, 124, 107, 274, 146, 189, 48, 71, 255, 95, 62, 49, 133, 267, 224, 8, 66, 138]
Correct solution
(w = 13) Building and Solving
[runlim] sample:		32.3 time, 30.1 real, 660.7 MB
Value Cyclic-Antibandwidth: 13
Labels: [56, 139, 88, 270, 212, 170, 130, 181, 58, 233, 179, 25, 167, 70, 132, 42, 299, 213, 63, 1, 23, 262, 57, 193, 19, 209, 77, 113, 228, 276, 176, 260, 87, 68, 9, 102, 196, 244, 161, 104, 76, 252, 201, 253, 220, 156, 18, 129, 207, 147, 123, 39, 208, 14, 173, 126, 183, 50, 110, 237, 283, 40, 248, 154, 72, 295, 286, 187, 234, 164, 287, 60, 229, 175, 83, 47, 236, 94, 55, 217, 134, 188, 127, 272, 36, 99, 195, 145, 218, 268, 115, 265, 28, 93, 216, 142, 289, 191, 298, 69, 192, 45, 266, 159, 114, 284, 78, 226, 3, 117, 205, 121, 238, 215, 106, 140, 81, 197, 61, 13, 65, 160, 249, 73, 245, 51, 15, 89, 24, 282, 53, 204, 281, 26, 64, 31, 90, 185, 111, 278, 119, 82, 222, 254, 120, 149, 97, 223, 151, 4, 86, 300, 96, 239, 211, 135, 243, 273, 125, 109, 264, 206, 240, 74, 165, 294, 186, 32, 203, 246, 103, 17, 92, 241, 261, 29, 293, 153, 279, 22, 128, 198, 141, 112, 169, 221, 105, 184, 46, 257, 98, 143, 285, 37, 180, 52, 250, 168, 79, 166, 182, 137, 101, 288, 263, 118, 247, 148, 20, 291, 38, 21, 44, 172, 84, 6, 232, 178, 158, 290, 174, 210, 131, 227, 59, 108, 30, 163, 225, 54, 171, 231, 10, 251, 275, 75, 242, 27, 122, 12, 199, 256, 157, 80, 2, 162, 235, 258, 144, 219, 43, 136, 116, 177, 230, 296, 214, 280, 33, 100, 200, 16, 150, 271, 190, 297, 41, 259, 34, 194, 67, 155, 292, 202, 152, 7, 277, 5, 85, 11, 269, 35, 91, 124, 107, 274, 146, 189, 48, 71, 255, 95, 62, 49, 133, 267, 224, 8, 66, 138]
Correct solution
(w = 14) Building and Solving
Value Cyclic-Antibandwidth: 14
Labels: [27, 11, 265, 125, 216, 248, 287, 121, 88, 192, 207, 229, 279, 42, 107, 166, 97, 170, 55, 115, 234, 250, 49, 155, 251, 79, 264, 43, 8, 66, 86, 124, 198, 132, 91, 249, 135, 286, 65, 156, 18, 277, 256, 195, 96, 32, 78, 131, 104, 6, 72, 51, 201, 30, 120, 93, 116, 296, 13, 220, 118, 274, 22, 80, 242, 280, 233, 149, 3, 204, 15, 235, 12, 77, 26, 142, 31, 134, 16, 171, 23, 187, 161, 222, 180, 67, 101, 213, 113, 57, 110, 209, 164, 40, 245, 140, 224, 160, 285, 254, 109, 240, 103, 87, 144, 74, 191, 284, 25, 188, 231, 123, 189, 243, 53, 223, 95, 7, 62, 37, 130, 211, 184, 199, 5, 268, 178, 28, 247, 20, 177, 193, 292, 138, 98, 44, 210, 146, 137, 68, 246, 122, 29, 241, 266, 39, 60, 212, 90, 69, 36, 152, 253, 295, 64, 214, 45, 165, 111, 260, 300, 56, 181, 151, 297, 126, 261, 194, 153, 4, 174, 106, 19, 136, 59, 283, 114, 196, 150, 218, 61, 14, 267, 215, 133, 105, 33, 239, 182, 102, 76, 52, 290, 71, 255, 47, 225, 147, 99, 46, 289, 230, 293, 173, 236, 159, 291, 202, 38, 262, 183, 119, 139, 278, 259, 81, 63, 190, 238, 129, 221, 17, 175, 85, 244, 9, 48, 282, 252, 1, 34, 89, 237, 83, 162, 127, 70, 35, 50, 169, 128, 186, 41, 167, 21, 275, 108, 84, 200, 232, 263, 197, 217, 100, 141, 272, 75, 271, 58, 145, 2, 219, 112, 276, 163, 208, 117, 94, 172, 154, 185, 281, 10, 73, 157, 299, 228, 176, 294, 168, 269, 82, 273, 227, 288, 24, 257, 203, 270, 54, 158, 206, 143, 179, 258, 298, 148, 205, 226, 92]
Correct solution
(w = 15) Building and Solving
[runlim] sample:		42.9 time, 40.1 real, 808.4 MB
Value Cyclic-Antibandwidth: 15
Labels: [56, 139, 88, 270, 212, 170, 130, 181, 58, 233, 179, 25, 167, 70, 132, 42, 299, 213, 63, 1, 23, 262, 57, 193, 19, 209, 77, 113, 228, 276, 176, 260, 87, 68, 9, 102, 196, 244, 161, 104, 76, 252, 201, 253, 220, 156, 18, 129, 207, 147, 123, 39, 208, 15, 173, 126, 183, 50, 110, 237, 283, 40, 248, 154, 72, 295, 286, 187, 234, 164, 287, 60, 229, 175, 83, 47, 236, 94, 55, 217, 134, 188, 127, 272, 36, 99, 195, 145, 218, 51, 115, 265, 28, 93, 216, 142, 289, 191, 298, 69, 192, 45, 266, 159, 114, 284, 78, 226, 3, 117, 205, 121, 238, 215, 106, 140, 81, 197, 61, 13, 65, 160, 249, 73, 245, 230, 49, 89, 24, 282, 53, 204, 281, 26, 64, 31, 90, 185, 111, 278, 119, 82, 222, 254, 120, 149, 97, 223, 151, 4, 86, 300, 96, 239, 211, 135, 243, 273, 125, 109, 264, 206, 240, 74, 165, 294, 186, 32, 203, 246, 268, 17, 92, 241, 261, 29, 293, 153, 279, 22, 128, 198, 141, 112, 169, 221, 105, 184, 46, 257, 98, 143, 285, 37, 180, 52, 250, 168, 79, 166, 182, 137, 101, 288, 263, 118, 247, 148, 20, 291, 38, 21, 44, 172, 84, 6, 232, 178, 158, 290, 174, 210, 131, 227, 59, 108, 30, 163, 225, 54, 171, 231, 10, 251, 275, 75, 242, 27, 122, 12, 103, 256, 157, 80, 2, 162, 235, 258, 144, 219, 43, 136, 116, 177, 14, 296, 214, 280, 33, 100, 200, 16, 199, 271, 190, 297, 41, 259, 34, 194, 67, 155, 292, 202, 152, 7, 277, 5, 85, 11, 269, 35, 91, 124, 107, 274, 146, 189, 48, 71, 255, 95, 62, 150, 133, 267, 224, 8, 66, 138]
Correct solution
(w = 16) Building and Solving
Value Cyclic-Antibandwidth: 16
Labels: [56, 139, 88, 270, 212, 170, 130, 181, 58, 233, 179, 25, 167, 70, 132, 42, 299, 213, 63, 1, 103, 262, 57, 193, 19, 209, 77, 113, 228, 276, 176, 260, 87, 68, 9, 102, 196, 244, 161, 104, 76, 252, 201, 253, 220, 156, 18, 129, 207, 147, 123, 39, 208, 14, 173, 126, 183, 50, 110, 237, 283, 40, 248, 154, 72, 295, 286, 187, 234, 164, 287, 60, 229, 175, 83, 47, 236, 94, 55, 217, 134, 188, 127, 272, 36, 99, 195, 145, 218, 51, 115, 265, 28, 93, 216, 142, 289, 191, 298, 69, 192, 45, 266, 159, 114, 284, 78, 226, 3, 117, 205, 121, 238, 215, 106, 140, 81, 197, 61, 13, 65, 160, 249, 73, 245, 23, 49, 89, 24, 282, 53, 204, 281, 26, 64, 31, 90, 185, 111, 278, 119, 82, 222, 254, 120, 149, 97, 223, 151, 4, 86, 300, 96, 239, 211, 135, 243, 273, 125, 109, 264, 206, 240, 74, 165, 294, 186, 32, 203, 246, 268, 17, 92, 241, 261, 29, 293, 153, 279, 22, 128, 198, 141, 112, 169, 221, 105, 184, 46, 257, 98, 143, 285, 37, 180, 52, 250, 168, 79, 166, 182, 137, 101, 15, 263, 118, 247, 148, 20, 291, 38, 21, 44, 172, 84, 6, 232, 178, 158, 290, 174, 210, 131, 227, 59, 108, 30, 163, 225, 54, 171, 231, 10, 251, 275, 75, 242, 27, 122, 12, 288, 256, 157, 80, 2, 162, 235, 258, 144, 219, 43, 136, 116, 177, 230, 296, 214, 280, 33, 100, 200, 16, 199, 271, 190, 297, 41, 259, 34, 194, 67, 155, 292, 202, 152, 7, 277, 5, 85, 11, 269, 35, 91, 124, 107, 274, 146, 189, 48, 71, 255, 95, 62, 150, 133, 267, 224, 8, 66, 138]
Correct solution
(w = 17) Building and Solving
[runlim] sample:		53.4 time, 50.1 real, 719.3 MB
Value Cyclic-Antibandwidth: 17
Labels: [40, 11, 184, 129, 216, 134, 287, 157, 67, 192, 97, 229, 62, 42, 107, 166, 15, 170, 55, 115, 198, 69, 49, 155, 228, 79, 264, 43, 8, 66, 86, 124, 162, 132, 83, 249, 135, 286, 65, 156, 234, 277, 256, 195, 96, 32, 78, 131, 104, 125, 72, 51, 201, 30, 120, 76, 26, 296, 214, 173, 118, 274, 24, 80, 242, 280, 233, 149, 3, 204, 35, 235, 12, 77, 207, 255, 31, 288, 16, 171, 127, 187, 161, 222, 180, 6, 101, 213, 113, 57, 110, 209, 164, 251, 36, 140, 224, 160, 88, 246, 109, 240, 103, 254, 144, 74, 191, 284, 25, 188, 231, 123, 189, 243, 53, 223, 95, 7, 63, 37, 269, 211, 71, 199, 5, 268, 130, 28, 247, 20, 285, 193, 292, 138, 248, 44, 210, 146, 137, 68, 91, 122, 29, 241, 266, 39, 60, 212, 90, 22, 178, 152, 253, 13, 106, 61, 45, 165, 111, 260, 300, 56, 181, 151, 297, 126, 261, 194, 153, 4, 174, 279, 19, 136, 59, 283, 114, 196, 150, 218, 93, 14, 267, 215, 133, 105, 33, 239, 182, 102, 245, 52, 290, 98, 262, 47, 225, 147, 99, 46, 289, 230, 293, 265, 236, 159, 291, 202, 38, 18, 250, 119, 139, 278, 23, 81, 220, 190, 238, 116, 221, 17, 175, 85, 244, 9, 48, 282, 252, 64, 34, 89, 237, 295, 270, 1, 70, 183, 50, 169, 128, 186, 41, 167, 21, 275, 108, 84, 200, 232, 27, 197, 217, 100, 141, 272, 75, 271, 58, 145, 2, 219, 112, 276, 163, 208, 117, 87, 172, 154, 185, 281, 10, 73, 94, 299, 142, 176, 294, 168, 121, 82, 273, 227, 263, 226, 257, 203, 177, 54, 158, 206, 143, 179, 258, 298, 148, 205, 259, 92]
Correct solution
(w = 18) Building and Solving
Value Cyclic-Antibandwidth: 18
Labels: [40, 11, 184, 129, 18, 134, 287, 121, 67, 192, 97, 229, 62, 42, 107, 166, 15, 170, 55, 115, 198, 69, 49, 155, 228, 79, 211, 43, 8, 66, 86, 124, 162, 132, 83, 249, 135, 286, 65, 156, 234, 3, 256, 195, 96, 165, 78, 131, 104, 125, 72, 51, 201, 149, 120, 76, 26, 296, 214, 173, 118, 258, 24, 80, 242, 280, 233, 168, 144, 204, 35, 235, 12, 77, 207, 255, 31, 288, 16, 171, 127, 187, 161, 222, 180, 6, 101, 213, 113, 57, 110, 209, 164, 251, 36, 140, 224, 160, 88, 254, 109, 240, 103, 157, 32, 74, 191, 284, 25, 188, 231, 123, 189, 243, 53, 223, 95, 7, 63, 37, 277, 246, 202, 138, 5, 268, 130, 28, 247, 20, 285, 193, 292, 111, 248, 44, 210, 146, 137, 68, 91, 122, 29, 241, 266, 39, 60, 212, 90, 22, 178, 152, 253, 13, 106, 61, 45, 105, 216, 260, 300, 56, 181, 151, 297, 126, 261, 194, 153, 4, 174, 279, 19, 136, 59, 283, 114, 196, 150, 218, 93, 14, 267, 215, 133, 274, 33, 264, 182, 102, 245, 52, 290, 71, 262, 47, 225, 147, 99, 46, 289, 230, 293, 265, 236, 159, 291, 199, 38, 98, 250, 119, 139, 278, 23, 81, 220, 190, 238, 116, 221, 17, 175, 85, 244, 9, 48, 282, 252, 64, 34, 89, 237, 295, 270, 1, 70, 183, 50, 169, 128, 186, 41, 167, 21, 275, 108, 84, 200, 232, 27, 197, 217, 100, 141, 272, 75, 271, 58, 145, 2, 219, 112, 276, 163, 208, 117, 87, 172, 154, 185, 281, 10, 73, 94, 299, 142, 176, 294, 30, 269, 82, 273, 227, 263, 226, 257, 203, 177, 54, 158, 206, 143, 179, 239, 298, 148, 205, 259, 92]
Correct solution
(w = 19) Building and Solving
[runlim] sample:		64.0 time, 60.1 real, 417.7 MB
Value Cyclic-Antibandwidth: 19
Labels: [3, 115, 37, 71, 167, 279, 187, 12, 131, 5, 268, 59, 138, 230, 36, 262, 293, 271, 181, 205, 78, 241, 74, 272, 69, 130, 255, 110, 233, 176, 156, 258, 60, 199, 92, 122, 221, 249, 290, 137, 54, 273, 149, 211, 266, 77, 204, 223, 282, 175, 244, 16, 150, 251, 127, 185, 95, 265, 11, 280, 256, 299, 26, 147, 182, 56, 202, 31, 225, 88, 1, 82, 22, 47, 198, 33, 192, 30, 125, 190, 97, 228, 179, 283, 208, 89, 42, 96, 170, 103, 250, 168, 119, 99, 264, 27, 289, 64, 84, 133, 201, 41, 288, 136, 13, 154, 232, 66, 207, 32, 76, 141, 94, 34, 152, 186, 215, 189, 269, 206, 212, 111, 298, 65, 86, 252, 100, 222, 72, 135, 226, 18, 224, 155, 40, 227, 75, 116, 87, 229, 38, 63, 188, 114, 277, 102, 180, 128, 55, 145, 81, 191, 218, 113, 140, 93, 143, 124, 105, 259, 35, 14, 161, 183, 39, 220, 267, 68, 291, 53, 172, 238, 10, 263, 214, 178, 245, 296, 171, 253, 15, 62, 153, 120, 217, 45, 219, 43, 200, 164, 261, 49, 98, 25, 91, 8, 146, 85, 275, 46, 126, 7, 29, 194, 247, 118, 237, 274, 70, 177, 109, 20, 246, 284, 163, 295, 19, 210, 2, 270, 174, 9, 79, 23, 142, 278, 44, 158, 234, 28, 148, 6, 231, 58, 300, 257, 292, 196, 297, 195, 80, 121, 240, 184, 209, 281, 260, 106, 235, 112, 17, 294, 117, 197, 286, 73, 157, 213, 83, 160, 248, 48, 67, 101, 144, 90, 239, 21, 51, 159, 276, 254, 61, 151, 242, 107, 236, 108, 216, 162, 203, 287, 165, 57, 193, 129, 24, 52, 134, 104, 4, 139, 169, 132, 173, 123, 285, 166, 50, 243]
Correct solution
(w = 20) Building and Solving
[runlim] sample:		74.3 time, 70.1 real, 547.9 MB
Value Cyclic-Antibandwidth: 20
Labels: [3, 115, 235, 71, 167, 279, 187, 12, 131, 5, 154, 59, 293, 230, 89, 262, 185, 271, 181, 205, 78, 241, 74, 272, 69, 116, 138, 255, 103, 176, 156, 258, 60, 199, 92, 122, 4, 106, 132, 137, 54, 273, 149, 211, 266, 77, 204, 96, 282, 175, 244, 16, 150, 251, 127, 18, 95, 265, 183, 280, 256, 299, 36, 147, 182, 56, 231, 31, 114, 208, 1, 82, 22, 47, 112, 33, 286, 30, 125, 190, 97, 263, 179, 37, 19, 53, 119, 161, 98, 216, 250, 168, 238, 99, 264, 27, 289, 38, 295, 133, 201, 41, 288, 136, 13, 285, 232, 66, 207, 32, 76, 141, 94, 219, 152, 186, 130, 189, 269, 206, 212, 111, 170, 65, 86, 252, 100, 222, 72, 135, 57, 11, 51, 155, 40, 227, 75, 229, 87, 43, 195, 226, 188, 84, 277, 102, 180, 128, 55, 145, 223, 191, 218, 113, 140, 93, 143, 62, 105, 259, 35, 144, 200, 237, 39, 20, 267, 68, 291, 202, 172, 107, 10, 249, 214, 283, 220, 296, 171, 253, 15, 268, 153, 120, 217, 45, 165, 50, 108, 198, 28, 49, 290, 25, 67, 8, 146, 85, 275, 46, 126, 7, 29, 194, 247, 118, 228, 274, 70, 177, 109, 298, 246, 284, 163, 81, 42, 210, 2, 270, 174, 9, 79, 23, 142, 278, 44, 158, 234, 123, 148, 6, 26, 58, 300, 257, 292, 196, 297, 261, 80, 121, 63, 184, 209, 281, 260, 88, 215, 64, 17, 294, 117, 197, 221, 73, 157, 213, 233, 160, 248, 48, 178, 101, 164, 90, 239, 21, 225, 159, 276, 254, 61, 151, 242, 192, 110, 240, 104, 236, 203, 287, 224, 162, 193, 129, 24, 52, 134, 245, 124, 139, 169, 91, 173, 34, 14, 166, 83, 243]
Correct solution
(w = 21) Building and Solving
Value Cyclic-Antibandwidth: 21
Labels: [56, 139, 88, 270, 212, 170, 130, 181, 58, 233, 179, 25, 167, 70, 132, 42, 299, 213, 63, 1, 211, 262, 116, 193, 19, 209, 77, 113, 228, 276, 176, 260, 201, 68, 9, 102, 196, 244, 161, 104, 76, 252, 282, 253, 220, 156, 18, 129, 207, 147, 123, 39, 208, 74, 173, 126, 183, 50, 110, 237, 283, 40, 248, 154, 72, 295, 35, 187, 234, 164, 287, 60, 229, 175, 83, 38, 236, 94, 55, 217, 134, 188, 127, 272, 36, 99, 195, 145, 218, 51, 115, 265, 28, 93, 216, 142, 289, 191, 298, 69, 192, 45, 266, 159, 114, 284, 78, 226, 3, 117, 205, 121, 238, 215, 106, 140, 81, 197, 61, 13, 65, 160, 249, 73, 245, 23, 49, 89, 24, 268, 53, 204, 281, 26, 109, 31, 90, 185, 111, 278, 119, 82, 222, 254, 120, 149, 97, 223, 151, 4, 86, 300, 96, 239, 138, 54, 243, 273, 125, 169, 264, 206, 240, 47, 165, 294, 186, 32, 203, 246, 103, 17, 92, 241, 261, 29, 293, 153, 279, 22, 128, 198, 141, 112, 168, 221, 105, 184, 46, 257, 98, 143, 285, 37, 180, 52, 250, 107, 79, 166, 135, 137, 101, 64, 263, 199, 247, 148, 20, 291, 118, 21, 44, 172, 84, 6, 232, 256, 158, 290, 174, 210, 131, 227, 59, 108, 30, 163, 225, 288, 171, 231, 10, 251, 275, 75, 242, 27, 122, 12, 286, 15, 157, 80, 2, 162, 235, 258, 144, 219, 43, 136, 57, 178, 230, 296, 214, 280, 33, 100, 200, 16, 150, 271, 190, 297, 41, 259, 34, 194, 67, 155, 292, 202, 152, 7, 277, 5, 85, 11, 269, 87, 91, 124, 182, 274, 146, 189, 48, 71, 255, 95, 62, 177, 133, 267, 224, 8, 66, 14]
Correct solution
(w = 22) Building and Solving
[runlim] sample:		85.0 time, 80.1 real, 530.5 MB
Value Cyclic-Antibandwidth: 22
Labels: [56, 139, 88, 270, 212, 170, 130, 181, 58, 233, 179, 25, 167, 70, 132, 42, 299, 213, 63, 1, 211, 262, 116, 193, 19, 209, 77, 113, 228, 276, 176, 260, 201, 68, 9, 102, 196, 244, 161, 104, 76, 252, 282, 253, 220, 156, 18, 129, 207, 147, 123, 39, 208, 74, 173, 126, 183, 50, 110, 237, 283, 40, 248, 154, 72, 295, 35, 187, 234, 164, 287, 60, 229, 175, 83, 38, 236, 94, 55, 217, 134, 188, 127, 272, 36, 99, 195, 145, 218, 51, 115, 265, 28, 93, 216, 142, 289, 191, 298, 69, 192, 45, 266, 159, 114, 284, 78, 226, 3, 117, 205, 121, 238, 215, 106, 140, 81, 197, 61, 13, 65, 160, 249, 73, 245, 23, 49, 89, 24, 268, 53, 204, 281, 26, 109, 31, 90, 185, 111, 278, 119, 82, 222, 254, 120, 149, 97, 223, 151, 4, 86, 300, 96, 239, 138, 54, 243, 273, 125, 169, 264, 206, 240, 47, 165, 294, 186, 32, 203, 246, 103, 17, 92, 241, 261, 29, 293, 153, 279, 22, 128, 198, 141, 112, 168, 221, 105, 184, 46, 257, 98, 143, 285, 37, 180, 52, 250, 107, 79, 166, 135, 137, 101, 64, 263, 199, 247, 148, 20, 291, 118, 21, 44, 172, 84, 6, 232, 256, 158, 290, 174, 210, 131, 227, 59, 108, 30, 163, 225, 288, 171, 231, 10, 251, 275, 75, 242, 27, 122, 12, 286, 15, 157, 80, 2, 162, 235, 258, 144, 219, 43, 136, 57, 178, 230, 296, 214, 280, 33, 100, 200, 16, 150, 271, 190, 297, 41, 259, 34, 194, 67, 155, 292, 202, 152, 7, 277, 5, 85, 11, 269, 87, 91, 124, 182, 274, 146, 189, 48, 71, 255, 95, 62, 177, 133, 267, 224, 8, 66, 14]
Correct solution
(w = 23) Building and Solving
[runlim] sample:		95.3 time, 90.1 real, 780.5 MB
Value Cyclic-Antibandwidth: 23
Labels: [56, 139, 88, 270, 212, 170, 130, 181, 58, 233, 179, 25, 167, 70, 132, 42, 299, 213, 63, 1, 211, 262, 116, 193, 19, 209, 77, 113, 228, 276, 176, 260, 201, 68, 9, 102, 196, 244, 161, 104, 76, 252, 282, 253, 220, 156, 18, 129, 207, 147, 123, 39, 208, 74, 173, 126, 183, 50, 110, 237, 283, 40, 248, 154, 72, 295, 35, 187, 234, 164, 287, 60, 229, 175, 83, 38, 236, 94, 55, 217, 134, 188, 127, 272, 36, 99, 195, 145, 218, 51, 115, 265, 28, 93, 216, 142, 289, 191, 298, 69, 192, 45, 266, 159, 114, 284, 78, 226, 3, 117, 205, 121, 238, 215, 106, 140, 81, 197, 61, 13, 65, 160, 249, 73, 245, 23, 49, 89, 24, 268, 53, 204, 281, 26, 109, 31, 90, 185, 111, 278, 119, 82, 222, 254, 120, 149, 97, 223, 151, 4, 86, 300, 96, 239, 138, 54, 243, 273, 125, 169, 264, 206, 240, 47, 165, 294, 186, 32, 203, 246, 103, 17, 92, 241, 261, 29, 293, 153, 279, 22, 128, 198, 141, 112, 168, 221, 105, 184, 46, 257, 98, 143, 285, 37, 180, 52, 250, 107, 79, 166, 135, 137, 101, 64, 263, 199, 247, 148, 20, 291, 118, 21, 44, 172, 84, 6, 232, 256, 158, 290, 174, 210, 131, 227, 59, 108, 30, 163, 225, 288, 171, 231, 10, 251, 275, 75, 242, 27, 122, 12, 286, 15, 157, 80, 2, 162, 235, 258, 144, 219, 43, 136, 57, 178, 230, 296, 214, 280, 33, 100, 200, 16, 150, 271, 190, 297, 41, 259, 34, 194, 67, 155, 292, 202, 152, 7, 277, 5, 85, 11, 269, 87, 91, 124, 182, 274, 146, 189, 48, 71, 255, 95, 62, 177, 133, 267, 224, 8, 66, 14]
Correct solution
(w = 24) Building and Solving
Value Cyclic-Antibandwidth: 24
Labels: [56, 139, 88, 270, 212, 170, 130, 181, 58, 233, 179, 25, 167, 70, 132, 42, 299, 213, 63, 1, 211, 262, 116, 193, 19, 209, 77, 113, 228, 276, 176, 260, 201, 68, 9, 102, 196, 244, 161, 104, 76, 252, 282, 253, 220, 156, 18, 129, 207, 147, 123, 39, 208, 41, 173, 74, 183, 50, 110, 237, 283, 40, 248, 154, 72, 295, 35, 187, 234, 164, 287, 60, 229, 175, 83, 47, 236, 94, 55, 217, 134, 188, 127, 272, 36, 99, 21, 145, 218, 51, 115, 265, 28, 93, 216, 142, 289, 191, 298, 69, 192, 45, 266, 159, 114, 284, 78, 226, 3, 117, 205, 121, 168, 215, 106, 140, 81, 197, 61, 13, 65, 160, 249, 73, 245, 23, 49, 89, 24, 268, 53, 204, 281, 26, 109, 31, 90, 185, 111, 278, 119, 82, 222, 254, 120, 149, 97, 223, 151, 4, 86, 300, 96, 239, 138, 54, 243, 273, 125, 169, 264, 206, 240, 288, 165, 294, 186, 32, 203, 246, 103, 17, 92, 241, 261, 29, 293, 153, 279, 22, 128, 198, 141, 112, 15, 221, 105, 184, 46, 257, 98, 143, 285, 37, 180, 52, 250, 107, 79, 166, 135, 137, 101, 64, 263, 118, 247, 148, 20, 291, 38, 177, 44, 172, 84, 6, 232, 256, 158, 290, 174, 210, 131, 227, 59, 108, 30, 163, 225, 14, 171, 231, 10, 251, 275, 75, 242, 27, 122, 12, 199, 238, 157, 80, 2, 162, 235, 286, 144, 219, 43, 136, 57, 178, 230, 296, 214, 280, 33, 100, 200, 16, 150, 271, 190, 297, 48, 259, 34, 194, 67, 155, 292, 202, 152, 7, 277, 5, 85, 11, 269, 87, 91, 124, 182, 274, 146, 189, 126, 71, 255, 95, 62, 195, 133, 267, 224, 8, 66, 258]
Correct solution
(w = 25) Building and Solving
[runlim] sample:		105.6 time, 100.1 real, 580.1 MB
Value Cyclic-Antibandwidth: 25
Labels: [56, 139, 88, 270, 212, 170, 130, 181, 58, 233, 179, 25, 167, 70, 132, 42, 299, 213, 63, 1, 211, 262, 116, 193, 19, 209, 77, 113, 228, 276, 123, 260, 201, 68, 9, 102, 196, 244, 161, 104, 76, 252, 282, 253, 220, 156, 18, 129, 207, 147, 28, 268, 208, 41, 173, 74, 183, 50, 110, 237, 283, 40, 248, 154, 72, 295, 251, 187, 234, 164, 287, 60, 229, 175, 83, 47, 236, 94, 55, 217, 134, 188, 127, 272, 36, 99, 21, 145, 218, 51, 115, 265, 203, 93, 216, 142, 289, 191, 298, 69, 192, 45, 266, 159, 114, 284, 78, 226, 3, 117, 205, 121, 168, 215, 106, 140, 81, 197, 61, 13, 65, 160, 249, 73, 245, 23, 49, 89, 24, 165, 53, 204, 281, 26, 109, 31, 90, 185, 111, 278, 119, 82, 222, 254, 120, 149, 97, 223, 151, 4, 86, 300, 96, 35, 138, 54, 243, 273, 125, 169, 264, 206, 240, 288, 176, 294, 186, 32, 118, 246, 103, 17, 92, 241, 261, 29, 293, 153, 279, 22, 128, 198, 141, 112, 39, 221, 105, 184, 46, 257, 98, 143, 285, 37, 180, 52, 250, 107, 79, 166, 135, 137, 101, 64, 263, 15, 247, 148, 20, 291, 38, 177, 44, 172, 84, 6, 232, 297, 158, 290, 174, 210, 131, 227, 59, 108, 30, 163, 225, 14, 171, 231, 10, 239, 275, 75, 242, 27, 122, 12, 199, 256, 157, 80, 2, 162, 235, 286, 144, 219, 43, 136, 57, 178, 230, 296, 214, 280, 33, 100, 200, 16, 150, 271, 190, 238, 48, 259, 34, 194, 67, 155, 292, 202, 152, 7, 277, 5, 85, 11, 269, 87, 91, 124, 182, 274, 146, 189, 126, 71, 255, 95, 62, 195, 133, 267, 224, 8, 66, 258]
Correct solution
(w = 26) Building and Solving
[runlim] sample:		115.9 time, 110.1 real, 575.9 MB
Value Cyclic-Antibandwidth: 26
Labels: [56, 139, 88, 270, 212, 170, 130, 181, 58, 233, 179, 25, 167, 70, 132, 42, 299, 213, 63, 1, 211, 262, 116, 193, 19, 209, 77, 113, 228, 276, 123, 260, 201, 68, 9, 102, 196, 244, 161, 104, 76, 252, 282, 253, 220, 156, 18, 129, 207, 147, 28, 268, 208, 41, 173, 74, 183, 50, 110, 237, 283, 40, 248, 154, 72, 295, 251, 187, 234, 164, 287, 60, 229, 175, 83, 47, 236, 94, 55, 217, 134, 188, 127, 272, 36, 99, 21, 145, 218, 51, 115, 265, 203, 93, 216, 142, 289, 191, 298, 69, 192, 45, 266, 159, 114, 284, 78, 226, 3, 117, 205, 121, 168, 215, 106, 140, 81, 197, 61, 13, 65, 160, 249, 73, 245, 23, 49, 89, 24, 165, 53, 204, 281, 26, 109, 31, 90, 185, 111, 278, 119, 82, 222, 254, 120, 149, 97, 223, 151, 4, 86, 300, 96, 35, 138, 54, 243, 273, 125, 169, 264, 206, 240, 288, 176, 294, 186, 32, 118, 246, 103, 17, 92, 241, 261, 29, 293, 153, 279, 22, 128, 198, 141, 112, 39, 221, 105, 184, 46, 257, 98, 143, 285, 37, 180, 52, 250, 107, 79, 166, 135, 137, 101, 64, 263, 15, 247, 148, 20, 291, 38, 177, 44, 172, 84, 6, 232, 297, 158, 290, 174, 210, 131, 227, 59, 108, 30, 163, 225, 14, 171, 231, 10, 239, 275, 75, 242, 27, 122, 12, 199, 256, 157, 80, 2, 162, 235, 286, 144, 219, 43, 136, 57, 178, 230, 296, 214, 280, 33, 100, 200, 16, 150, 271, 190, 238, 48, 259, 34, 194, 67, 155, 292, 202, 152, 7, 277, 5, 85, 11, 269, 87, 91, 124, 182, 274, 146, 189, 126, 71, 255, 95, 62, 195, 133, 267, 224, 8, 66, 258]
Correct solution
(w = 27) Building and Solving
[runlim] sample:		126.7 time, 120.1 real, 503.6 MB
Value Cyclic-Antibandwidth: 27
Labels: [56, 139, 88, 270, 212, 170, 130, 181, 58, 233, 179, 25, 167, 70, 132, 42, 299, 213, 63, 1, 211, 262, 116, 193, 19, 209, 77, 113, 228, 276, 123, 260, 201, 68, 9, 102, 196, 244, 161, 104, 76, 252, 282, 253, 220, 156, 18, 129, 207, 147, 28, 268, 208, 41, 173, 74, 183, 50, 110, 237, 283, 40, 248, 154, 72, 295, 251, 187, 234, 164, 287, 60, 229, 175, 83, 47, 236, 94, 55, 217, 134, 188, 127, 272, 36, 99, 21, 145, 218, 51, 115, 265, 203, 93, 216, 142, 289, 191, 298, 69, 192, 45, 266, 159, 114, 284, 78, 226, 3, 117, 205, 121, 168, 215, 106, 140, 81, 197, 61, 13, 65, 160, 249, 73, 245, 14, 49, 89, 24, 165, 53, 204, 281, 26, 109, 31, 90, 185, 111, 278, 119, 82, 222, 254, 120, 149, 97, 223, 151, 4, 86, 300, 96, 35, 138, 54, 243, 273, 125, 169, 264, 206, 240, 288, 176, 294, 186, 32, 118, 246, 103, 17, 92, 241, 261, 29, 293, 153, 279, 22, 128, 198, 141, 112, 39, 221, 105, 184, 46, 257, 98, 143, 285, 37, 180, 52, 250, 107, 79, 166, 135, 137, 101, 64, 263, 23, 247, 148, 20, 291, 38, 177, 44, 172, 84, 6, 232, 297, 158, 290, 174, 210, 131, 227, 59, 108, 30, 163, 225, 15, 171, 231, 10, 239, 275, 75, 242, 27, 122, 12, 199, 256, 157, 80, 2, 162, 235, 286, 144, 219, 43, 136, 57, 178, 230, 296, 214, 280, 33, 100, 200, 16, 150, 271, 190, 238, 48, 259, 34, 194, 67, 155, 292, 202, 152, 7, 277, 5, 85, 11, 269, 87, 91, 124, 182, 274, 146, 189, 126, 71, 255, 95, 62, 195, 133, 267, 224, 8, 66, 258]
Correct solution
(w = 28) Building and Solving
[runlim] sample:		137.0 time, 130.1 real, 431.4 MB
Value Cyclic-Antibandwidth: 28
Labels: [56, 139, 88, 270, 212, 170, 130, 181, 58, 233, 179, 25, 167, 70, 132, 42, 299, 213, 63, 1, 211, 262, 116, 193, 19, 209, 77, 113, 228, 276, 123, 260, 201, 68, 9, 102, 196, 244, 161, 104, 76, 252, 282, 253, 220, 156, 18, 129, 207, 147, 28, 268, 208, 41, 173, 74, 183, 50, 110, 237, 283, 40, 248, 154, 72, 295, 251, 187, 234, 164, 287, 60, 229, 175, 83, 47, 236, 94, 55, 217, 134, 188, 127, 272, 36, 99, 21, 145, 218, 51, 115, 265, 203, 93, 216, 142, 289, 191, 298, 69, 192, 45, 266, 159, 114, 284, 78, 226, 3, 117, 205, 121, 168, 215, 106, 140, 81, 197, 61, 13, 65, 160, 249, 73, 245, 14, 49, 89, 24, 165, 53, 204, 281, 26, 109, 31, 90, 185, 111, 278, 119, 82, 222, 254, 120, 149, 97, 223, 151, 4, 86, 300, 96, 35, 138, 54, 243, 273, 125, 169, 264, 206, 240, 288, 176, 294, 186, 32, 118, 246, 103, 17, 92, 241, 261, 29, 293, 153, 279, 22, 128, 198, 141, 112, 39, 221, 105, 184, 46, 257, 98, 143, 285, 37, 180, 52, 250, 107, 79, 166, 135, 137, 101, 64, 263, 23, 247, 148, 20, 291, 38, 177, 44, 172, 84, 6, 232, 297, 158, 290, 174, 210, 131, 227, 59, 108, 30, 163, 225, 15, 171, 231, 10, 239, 275, 75, 242, 27, 122, 12, 199, 256, 157, 80, 2, 162, 235, 286, 144, 219, 43, 136, 57, 178, 230, 296, 214, 280, 33, 100, 200, 16, 150, 271, 190, 238, 48, 259, 34, 194, 67, 155, 292, 202, 152, 7, 277, 5, 85, 11, 269, 87, 91, 124, 182, 274, 146, 189, 126, 71, 255, 95, 62, 195, 133, 267, 224, 8, 66, 258]
Correct solution
(w = 29) Building and Solving
[runlim] sample:		147.4 time, 140.1 real, 521.4 MB
Value Cyclic-Antibandwidth: 29
Labels: [56, 139, 238, 270, 212, 170, 130, 181, 58, 233, 179, 25, 167, 70, 132, 42, 299, 213, 63, 1, 90, 36, 116, 193, 19, 209, 296, 113, 228, 276, 123, 260, 201, 68, 9, 102, 196, 244, 161, 104, 34, 77, 282, 253, 220, 156, 18, 129, 76, 147, 28, 268, 208, 41, 173, 74, 183, 50, 110, 237, 283, 40, 248, 154, 72, 295, 251, 187, 234, 164, 287, 60, 229, 175, 83, 47, 236, 94, 55, 217, 134, 188, 127, 272, 252, 99, 21, 145, 218, 51, 115, 265, 203, 93, 216, 142, 289, 191, 298, 69, 192, 45, 266, 159, 114, 284, 78, 226, 3, 117, 205, 121, 23, 215, 106, 140, 81, 197, 61, 13, 65, 160, 249, 73, 245, 207, 49, 89, 24, 165, 53, 204, 281, 26, 109, 31, 88, 185, 111, 278, 119, 82, 222, 254, 120, 149, 97, 223, 151, 4, 86, 300, 96, 35, 138, 54, 243, 273, 125, 169, 264, 206, 240, 5, 176, 294, 186, 32, 103, 246, 101, 17, 92, 241, 261, 29, 293, 153, 279, 22, 128, 198, 141, 112, 64, 221, 105, 184, 46, 257, 98, 143, 285, 37, 180, 52, 250, 168, 79, 166, 135, 137, 262, 107, 263, 211, 247, 148, 20, 291, 38, 177, 44, 172, 84, 6, 232, 297, 158, 290, 174, 210, 131, 227, 59, 108, 30, 163, 225, 288, 171, 231, 10, 239, 275, 75, 242, 27, 122, 12, 199, 256, 157, 80, 2, 162, 235, 286, 144, 219, 43, 136, 57, 178, 230, 118, 214, 280, 33, 100, 200, 16, 150, 271, 190, 15, 48, 259, 39, 194, 67, 155, 292, 202, 152, 7, 277, 14, 85, 11, 269, 87, 91, 124, 182, 274, 146, 189, 126, 71, 255, 95, 62, 195, 133, 267, 224, 8, 66, 258]
Correct solution
(w = 30) Building and Solving
[runlim] end:			Sun Nov  2 09:42:12 2025
[runlim] status:		out of time
[runlim] result:		2
[runlim] children:		0
[runlim] real:			150.07 seconds
[runlim] time:			157.71 seconds
[runlim] space:			830.9 MB
[runlim] samples:		1499
