[runlim] version:		1.10
[runlim] time limit:		311040000 seconds
[runlim] real time limit:	150 seconds
[runlim] space limit:		30000 MB
[runlim] argv[0]:		python3
[runlim] argv[1]:		model_MIP_CPLEX.py
[runlim] argv[2]:		./graph/caterpillar/caterpillar_9_6.txt
[runlim] start:			Sun Nov  2 08:51:05 2025
[runlim] main pid:		30662
[runlim] log captured:
(w = 4) Building and Solving
Value Cyclic-Antibandwidth: 4
Labels: [51, 8, 26, 47, 4, 40, 10, 17, 53, 5, 13, 20, 15, 43, 46, 28, 45, 54, 27, 9, 35, 16, 2, 41, 38, 33, 39, 50, 31, 18, 12, 44, 36, 3, 32, 6, 48, 25, 42, 34, 19, 24, 1, 14, 29, 37, 22, 11, 49, 21, 7, 52, 23, 30]
Correct solution
(w = 5) Building and Solving
Value Cyclic-Antibandwidth: 5
Labels: [51, 8, 26, 47, 4, 40, 10, 17, 53, 5, 13, 20, 15, 43, 46, 28, 45, 54, 27, 9, 35, 16, 2, 41, 38, 33, 39, 50, 31, 18, 12, 44, 36, 3, 32, 6, 48, 25, 42, 34, 19, 24, 1, 14, 29, 37, 22, 11, 49, 21, 7, 52, 23, 30]
Correct solution
(w = 6) Building and Solving
Value Cyclic-Antibandwidth: 6
Labels: [32, 13, 26, 47, 4, 40, 20, 7, 53, 5, 21, 44, 15, 33, 46, 28, 45, 54, 27, 8, 35, 42, 2, 41, 38, 16, 39, 50, 31, 24, 10, 1, 12, 3, 17, 9, 48, 25, 18, 34, 19, 51, 37, 14, 29, 43, 22, 11, 49, 6, 36, 52, 23, 30]
Correct solution
(w = 7) Building and Solving
Value Cyclic-Antibandwidth: 7
Labels: [32, 13, 26, 47, 4, 40, 20, 7, 53, 5, 21, 44, 15, 33, 46, 28, 45, 54, 27, 8, 35, 42, 2, 41, 38, 16, 39, 50, 31, 24, 10, 1, 12, 3, 17, 9, 48, 25, 18, 34, 19, 51, 37, 14, 29, 43, 22, 11, 49, 6, 36, 52, 23, 30]
Correct solution
(w = 8) Building and Solving
Value Cyclic-Antibandwidth: 8
Labels: [37, 17, 3, 49, 39, 14, 44, 7, 47, 29, 12, 40, 25, 1, 53, 30, 11, 50, 31, 23, 5, 38, 9, 41, 18, 52, 13, 51, 16, 6, 35, 22, 46, 27, 42, 32, 19, 45, 4, 26, 54, 21, 8, 33, 28, 15, 2, 43, 34, 20, 36, 10, 24, 48]
Correct solution
(w = 9) Building and Solving
Value Cyclic-Antibandwidth: 9
Labels: [1, 13, 50, 15, 30, 54, 36, 17, 41, 44, 3, 21, 48, 19, 52, 42, 2, 46, 16, 23, 47, 20, 29, 10, 31, 40, 51, 35, 4, 9, 45, 5, 39, 28, 26, 38, 8, 22, 33, 49, 7, 37, 25, 6, 27, 11, 32, 14, 34, 24, 12, 53, 43, 18]
Correct solution
(w = 10) Building and Solving
Value Cyclic-Antibandwidth: 10
Labels: [1, 13, 50, 15, 30, 54, 36, 17, 41, 44, 3, 21, 48, 20, 52, 42, 32, 46, 16, 23, 47, 8, 29, 10, 31, 19, 51, 35, 4, 9, 45, 5, 40, 28, 26, 38, 2, 22, 33, 49, 7, 37, 25, 6, 27, 11, 39, 14, 34, 24, 12, 53, 43, 18]
Correct solution
(w = 11) Building and Solving
Value Cyclic-Antibandwidth: 11
Labels: [1, 13, 50, 15, 30, 54, 36, 20, 41, 44, 3, 21, 48, 19, 27, 42, 5, 46, 16, 23, 47, 8, 29, 10, 31, 17, 51, 35, 4, 9, 45, 2, 40, 28, 26, 38, 53, 22, 33, 49, 7, 39, 25, 6, 37, 11, 52, 14, 34, 24, 12, 32, 43, 18]
Correct solution
(w = 12) Building and Solving
Value Cyclic-Antibandwidth: 12
Labels: [1, 13, 50, 15, 30, 54, 36, 20, 41, 19, 44, 21, 48, 22, 27, 42, 17, 46, 16, 23, 47, 8, 29, 10, 53, 32, 51, 35, 4, 9, 45, 5, 40, 28, 26, 38, 18, 3, 33, 49, 7, 39, 25, 6, 37, 11, 52, 14, 34, 24, 12, 31, 43, 2]
Correct solution
(w = 13) Building and Solving
Value Cyclic-Antibandwidth: 13
Labels: [51, 26, 54, 13, 29, 12, 41, 11, 48, 15, 37, 19, 34, 6, 43, 23, 1, 18, 4, 32, 14, 31, 2, 28, 27, 3, 16, 36, 17, 47, 20, 52, 33, 8, 39, 10, 24, 7, 42, 5, 30, 44, 21, 45, 46, 9, 50, 35, 49, 22, 38, 25, 40, 53]
Correct solution
(w = 14) Building and Solving
Value Cyclic-Antibandwidth: 14
Labels: [51, 26, 54, 21, 7, 45, 22, 50, 11, 34, 49, 9, 44, 6, 40, 1, 19, 42, 13, 28, 14, 41, 16, 36, 35, 18, 46, 27, 52, 37, 17, 48, 24, 3, 29, 15, 30, 2, 20, 43, 8, 38, 23, 5, 12, 33, 4, 32, 10, 31, 47, 25, 39, 53]
Correct solution
(w = 15) Building and Solving
Value Cyclic-Antibandwidth: 15
Labels: [44, 14, 35, 7, 27, 46, 20, 5, 22, 26, 43, 16, 39, 4, 49, 33, 2, 34, 53, 54, 36, 13, 45, 23, 40, 10, 31, 47, 18, 12, 51, 24, 6, 42, 11, 29, 1, 19, 41, 38, 3, 32, 9, 48, 21, 50, 25, 8, 28, 37, 15, 30, 52, 17]
Correct solution
(w = 16) Building and Solving
Value Cyclic-Antibandwidth: 16
Labels: [22, 1, 20, 40, 8, 24, 45, 15, 33, 41, 12, 30, 48, 28, 17, 54, 36, 11, 35, 2, 39, 19, 46, 29, 3, 37, 5, 21, 49, 25, 6, 44, 23, 47, 50, 34, 13, 51, 14, 16, 38, 4, 26, 53, 31, 7, 27, 10, 42, 52, 32, 9, 43, 18]
Correct solution
(w = 17) Building and Solving
Value Cyclic-Antibandwidth: 17
Labels: [51, 17, 54, 18, 39, 3, 29, 12, 48, 21, 4, 41, 8, 44, 43, 6, 28, 1, 23, 37, 19, 36, 11, 38, 50, 31, 14, 35, 13, 22, 52, 20, 2, 25, 26, 9, 34, 5, 42, 7, 27, 45, 16, 40, 46, 24, 49, 32, 10, 30, 47, 15, 33, 53]
Correct solution
(w = 18) Building and Solving
Value Cyclic-Antibandwidth: 18
Labels: [51, 26, 54, 28, 46, 19, 41, 9, 35, 32, 10, 30, 12, 31, 44, 11, 29, 2, 37, 18, 52, 17, 50, 14, 48, 13, 45, 21, 3, 24, 6, 38, 8, 39, 1, 20, 40, 22, 4, 5, 23, 42, 7, 36, 43, 25, 47, 27, 49, 16, 34, 15, 33, 53]
Correct solution
(w = 19) Building and Solving
Value Cyclic-Antibandwidth: 19
Labels: [52, 19, 53, 33, 12, 45, 25, 5, 39, 17, 51, 32, 13, 48, 54, 35, 16, 37, 18, 34, 15, 46, 27, 8, 14, 49, 30, 50, 31, 47, 28, 9, 29, 10, 26, 7, 42, 23, 44, 6, 41, 22, 43, 24, 40, 20, 1, 21, 2, 11, 38, 3, 36, 4]
Correct solution
(w = 20) Building and Solving
Value Cyclic-Antibandwidth: 20
Labels: [2, 22, 50, 30, 54, 21, 41, 15, 49, 31, 11, 44, 18, 52, 43, 17, 48, 23, 3, 20, 40, 19, 47, 27, 4, 34, 13, 45, 14, 26, 6, 38, 9, 39, 42, 12, 37, 7, 33, 10, 35, 5, 25, 51, 46, 16, 36, 8, 28, 24, 1, 32, 53, 29]
Correct solution
(w = 21) Building and Solving
Value Cyclic-Antibandwidth: 21
Labels: [48, 19, 45, 23, 44, 20, 46, 13, 34, 17, 38, 9, 42, 18, 52, 30, 2, 29, 1, 12, 33, 5, 35, 14, 51, 28, 3, 24, 47, 15, 41, 11, 40, 10, 43, 22, 50, 26, 53, 25, 4, 36, 7, 32, 39, 6, 27, 54, 31, 8, 37, 16, 49, 21]
Correct solution
(w = 22) Building and Solving
Value Cyclic-Antibandwidth: 22
Labels: [52, 22, 53, 29, 6, 37, 14, 45, 21, 30, 8, 40, 18, 50, 54, 32, 10, 42, 20, 31, 9, 41, 19, 51, 7, 39, 17, 49, 27, 38, 16, 48, 26, 4, 15, 47, 25, 3, 35, 46, 24, 2, 34, 12, 23, 1, 33, 11, 43, 44, 13, 36, 5, 28]
Correct solution
(w = 23) Building and Solving
Value Cyclic-Antibandwidth: 23
Labels: [46, 19, 45, 15, 39, 8, 32, 7, 31, 22, 47, 24, 52, 28, 48, 17, 42, 13, 40, 14, 37, 12, 38, 10, 44, 21, 49, 18, 43, 16, 41, 11, 35, 6, 34, 3, 29, 2, 25, 9, 36, 5, 33, 4, 30, 54, 23, 50, 20, 1, 26, 51, 27, 53]
Correct solution
(w = 24) Building and Solving
[runlim] sample:		19.8 time, 10.1 real, 161.4 MB
Value Cyclic-Antibandwidth: 24
Labels: [51, 27, 2, 32, 8, 38, 14, 44, 18, 24, 48, 19, 45, 16, 52, 23, 47, 17, 46, 29, 1, 25, 53, 26, 7, 34, 5, 30, 54, 36, 6, 31, 4, 28, 10, 37, 9, 33, 3, 40, 15, 39, 13, 43, 20, 50, 21, 49, 22, 42, 12, 41, 11, 35]
Correct solution
(w = 25) Building and Solving
[runlim] sample:		42.1 time, 20.1 real, 168.4 MB
[runlim] sample:		62.1 time, 30.1 real, 168.4 MB
Value Cyclic-Antibandwidth: 25
Labels: [54, 26, 1, 30, 5, 34, 9, 38, 12, 25, 50, 21, 49, 24, 51, 22, 47, 20, 45, 27, 52, 23, 48, 19, 3, 29, 2, 28, 53, 32, 7, 36, 10, 35, 8, 33, 4, 31, 6, 37, 11, 40, 14, 39, 13, 42, 17, 44, 16, 41, 15, 43, 18, 46]
Correct solution
(w = 26) Building and Solving
[runlim] sample:		92.2 time, 40.1 real, 160.2 MB
[runlim] sample:		122.2 time, 50.1 real, 161.8 MB
Cannot find soluion with w = 26
Final result: CAB = 25
Labels = [54, 26, 1, 30, 5, 34, 9, 38, 12, 25, 50, 21, 49, 24, 51, 22, 47, 20, 45, 27, 52, 23, 48, 19, 3, 29, 2, 28, 53, 32, 7, 36, 10, 35, 8, 33, 4, 31, 6, 37, 11, 40, 14, 39, 13, 42, 17, 44, 16, 41, 15, 43, 18, 46]
[runlim] end:			Sun Nov  2 08:52:00 2025
[runlim] status:		ok
[runlim] result:		0
[runlim] children:		0
[runlim] real:			55.71 seconds
[runlim] time:			136.21 seconds
[runlim] space:			168.4 MB
[runlim] samples:		556
