[runlim] version:		1.10
[runlim] time limit:		311040000 seconds
[runlim] real time limit:	150 seconds
[runlim] space limit:		30000 MB
[runlim] argv[0]:		python3
[runlim] argv[1]:		model_MIP_CPLEX.py
[runlim] argv[2]:		./graph/caterpillar/caterpillar_20_4.txt
[runlim] start:			Sun Nov  2 09:09:42 2025
[runlim] main pid:		32935
[runlim] log captured:
(w = 4) Building and Solving
Value Cyclic-Antibandwidth: 4
Labels: [58, 7, 74, 66, 46, 35, 26, 78, 10, 77, 68, 3, 56, 23, 49, 73, 29, 60, 71, 42, 36, 70, 24, 63, 44, 27, 80, 16, 8, 30, 54, 18, 38, 43, 17, 11, 21, 65, 9, 52, 28, 37, 51, 75, 2, 12, 40, 45, 33, 4, 48, 31, 25, 55, 76, 57, 20, 15, 64, 13, 62, 79, 19, 34, 59, 22, 41, 5, 72, 53, 61, 6, 47, 32, 1, 67, 39, 14, 50, 69]
Correct solution
(w = 5) Building and Solving
Value Cyclic-Antibandwidth: 5
Labels: [58, 7, 74, 66, 46, 35, 26, 78, 10, 77, 68, 3, 56, 23, 49, 73, 29, 60, 71, 42, 36, 70, 24, 63, 44, 27, 80, 16, 8, 30, 54, 18, 38, 43, 17, 11, 21, 65, 9, 52, 28, 37, 51, 75, 2, 12, 40, 45, 33, 4, 48, 31, 25, 55, 76, 57, 20, 15, 64, 13, 62, 79, 19, 34, 59, 22, 41, 5, 72, 53, 61, 6, 47, 32, 1, 67, 39, 14, 50, 69]
Correct solution
(w = 6) Building and Solving
Value Cyclic-Antibandwidth: 6
Labels: [58, 29, 80, 53, 15, 35, 26, 78, 10, 77, 68, 3, 56, 23, 49, 73, 21, 30, 71, 42, 46, 70, 24, 63, 44, 27, 37, 16, 75, 38, 54, 18, 7, 43, 57, 11, 76, 65, 9, 52, 28, 60, 51, 17, 2, 12, 74, 45, 36, 4, 48, 31, 25, 40, 59, 33, 20, 34, 64, 13, 62, 79, 19, 66, 8, 22, 41, 5, 72, 55, 61, 6, 47, 32, 1, 67, 39, 14, 50, 69]
Correct solution
(w = 7) Building and Solving
Value Cyclic-Antibandwidth: 7
Labels: [58, 29, 80, 66, 15, 55, 26, 78, 10, 77, 68, 3, 56, 23, 49, 73, 21, 30, 71, 42, 46, 70, 24, 67, 44, 27, 37, 16, 35, 38, 54, 18, 31, 43, 57, 17, 76, 65, 9, 52, 28, 60, 51, 75, 2, 12, 74, 45, 36, 4, 48, 7, 25, 40, 59, 33, 20, 34, 64, 13, 62, 79, 19, 63, 8, 22, 41, 5, 72, 53, 61, 6, 47, 32, 1, 11, 39, 14, 50, 69]
Correct solution
(w = 8) Building and Solving
Value Cyclic-Antibandwidth: 8
Labels: [58, 29, 80, 66, 15, 55, 26, 78, 10, 77, 68, 3, 56, 23, 49, 73, 21, 30, 71, 42, 46, 70, 24, 67, 44, 27, 37, 16, 35, 38, 54, 18, 31, 43, 57, 17, 76, 65, 9, 52, 28, 60, 51, 75, 2, 12, 74, 45, 36, 4, 48, 7, 25, 40, 59, 33, 20, 34, 64, 13, 62, 79, 19, 63, 8, 22, 41, 5, 72, 53, 61, 6, 47, 32, 1, 11, 39, 14, 50, 69]
Correct solution
(w = 9) Building and Solving
Value Cyclic-Antibandwidth: 9
Labels: [58, 29, 40, 53, 15, 35, 52, 78, 10, 77, 68, 31, 56, 23, 49, 73, 21, 60, 71, 46, 22, 70, 24, 67, 44, 27, 80, 16, 75, 38, 54, 18, 66, 43, 57, 12, 76, 65, 36, 2, 55, 37, 51, 17, 48, 9, 74, 26, 42, 4, 30, 7, 25, 5, 59, 33, 20, 34, 64, 13, 62, 79, 19, 63, 8, 3, 41, 28, 72, 45, 61, 6, 47, 32, 1, 11, 39, 14, 50, 69]
Correct solution
(w = 10) Building and Solving
Value Cyclic-Antibandwidth: 10
Labels: [16, 29, 80, 53, 15, 55, 26, 62, 10, 46, 68, 3, 56, 23, 49, 73, 21, 60, 71, 54, 36, 70, 24, 63, 44, 27, 37, 12, 35, 38, 57, 18, 31, 43, 17, 11, 76, 65, 58, 2, 47, 77, 51, 75, 48, 9, 74, 78, 42, 4, 30, 7, 25, 40, 59, 33, 20, 34, 64, 13, 28, 79, 19, 66, 8, 22, 41, 5, 72, 45, 61, 6, 52, 32, 1, 67, 39, 14, 50, 69]
Correct solution
(w = 11) Building and Solving
Value Cyclic-Antibandwidth: 11
Labels: [16, 29, 80, 53, 15, 55, 26, 62, 10, 51, 68, 3, 56, 23, 49, 73, 21, 60, 71, 42, 46, 70, 24, 63, 44, 27, 37, 12, 35, 38, 57, 18, 31, 43, 17, 11, 76, 65, 58, 2, 47, 77, 13, 75, 48, 9, 74, 78, 36, 4, 30, 7, 25, 40, 59, 33, 20, 34, 64, 50, 28, 79, 19, 66, 8, 22, 41, 5, 72, 45, 61, 6, 52, 32, 54, 67, 39, 14, 1, 69]
Correct solution
(w = 12) Building and Solving
Value Cyclic-Antibandwidth: 12
Labels: [38, 10, 69, 55, 23, 74, 37, 14, 56, 71, 59, 35, 73, 52, 65, 30, 61, 32, 46, 33, 63, 78, 22, 36, 62, 20, 6, 26, 77, 31, 13, 40, 50, 76, 51, 57, 70, 17, 54, 11, 44, 29, 9, 72, 75, 28, 48, 3, 19, 49, 27, 41, 58, 12, 66, 1, 15, 68, 5, 21, 53, 8, 43, 79, 16, 18, 45, 7, 47, 25, 67, 80, 42, 64, 4, 60, 34, 2, 24, 39]
Correct solution
(w = 13) Building and Solving
Value Cyclic-Antibandwidth: 13
Labels: [68, 29, 74, 53, 31, 55, 26, 62, 10, 77, 36, 3, 56, 23, 39, 73, 21, 35, 71, 46, 22, 70, 24, 65, 44, 27, 52, 1, 15, 38, 57, 80, 66, 43, 17, 11, 76, 9, 58, 2, 47, 37, 13, 75, 48, 61, 40, 12, 42, 4, 49, 7, 25, 16, 59, 33, 20, 51, 30, 60, 28, 79, 19, 63, 8, 18, 41, 5, 72, 45, 67, 6, 64, 32, 54, 78, 34, 14, 50, 69]
Correct solution
(w = 14) Building and Solving
Value Cyclic-Antibandwidth: 14
Labels: [52, 32, 68, 23, 48, 74, 34, 60, 26, 4, 36, 62, 2, 38, 58, 10, 63, 12, 64, 78, 18, 49, 3, 17, 71, 6, 15, 33, 59, 46, 20, 1, 16, 77, 31, 24, 72, 44, 65, 50, 11, 13, 29, 51, 54, 73, 47, 67, 40, 9, 14, 42, 57, 5, 19, 41, 21, 43, 75, 80, 37, 70, 8, 66, 45, 56, 27, 79, 25, 39, 76, 53, 35, 61, 7, 28, 55, 22, 69, 30]
Correct solution
(w = 15) Building and Solving
Value Cyclic-Antibandwidth: 15
Labels: [52, 32, 68, 23, 48, 74, 34, 70, 26, 4, 36, 62, 5, 38, 58, 10, 63, 12, 59, 78, 18, 39, 3, 17, 71, 6, 15, 33, 49, 46, 64, 1, 16, 77, 31, 24, 72, 44, 65, 50, 11, 13, 29, 51, 54, 73, 47, 67, 40, 9, 14, 42, 57, 2, 19, 41, 21, 43, 75, 80, 37, 20, 8, 66, 45, 56, 27, 79, 25, 60, 76, 53, 35, 61, 7, 28, 55, 22, 69, 30]
Correct solution
(w = 16) Building and Solving
Value Cyclic-Antibandwidth: 16
Labels: [52, 32, 68, 23, 48, 74, 34, 65, 26, 4, 36, 62, 5, 38, 58, 10, 63, 12, 59, 78, 18, 42, 3, 70, 49, 6, 15, 33, 17, 46, 64, 1, 16, 77, 31, 24, 72, 44, 71, 50, 11, 13, 29, 51, 54, 73, 47, 67, 40, 9, 14, 39, 57, 2, 19, 41, 21, 43, 75, 80, 37, 20, 8, 66, 45, 56, 27, 79, 25, 60, 76, 53, 35, 61, 7, 28, 55, 22, 69, 30]
Correct solution
(w = 17) Building and Solving
Value Cyclic-Antibandwidth: 17
Labels: [52, 32, 68, 23, 48, 74, 34, 60, 26, 4, 36, 62, 2, 38, 58, 10, 63, 12, 29, 78, 18, 65, 3, 70, 49, 6, 15, 33, 59, 46, 64, 1, 16, 77, 31, 24, 72, 20, 71, 50, 11, 13, 69, 51, 54, 73, 47, 67, 40, 9, 14, 39, 57, 44, 19, 41, 21, 43, 75, 80, 37, 17, 8, 66, 45, 56, 27, 79, 25, 42, 76, 53, 35, 61, 7, 28, 55, 22, 5, 30]
Correct solution
(w = 18) Building and Solving
Value Cyclic-Antibandwidth: 18
Labels: [52, 32, 68, 23, 48, 74, 34, 67, 26, 4, 36, 62, 2, 38, 58, 10, 63, 12, 59, 78, 18, 42, 3, 70, 49, 6, 15, 33, 65, 46, 28, 1, 16, 77, 31, 24, 72, 20, 71, 50, 11, 13, 69, 51, 54, 73, 47, 60, 40, 9, 14, 39, 57, 44, 19, 41, 21, 43, 75, 80, 37, 17, 8, 66, 45, 56, 27, 79, 25, 5, 64, 53, 35, 61, 7, 29, 55, 22, 76, 30]
Correct solution
(w = 19) Building and Solving
Value Cyclic-Antibandwidth: 19
Labels: [52, 32, 68, 23, 48, 74, 34, 76, 26, 4, 39, 62, 2, 38, 58, 10, 63, 12, 59, 78, 18, 46, 3, 70, 49, 6, 13, 33, 53, 67, 29, 1, 16, 77, 31, 24, 72, 20, 71, 50, 11, 42, 15, 51, 54, 73, 47, 60, 40, 9, 14, 36, 57, 41, 19, 44, 21, 43, 75, 80, 37, 17, 8, 66, 45, 56, 27, 79, 25, 5, 64, 65, 35, 61, 7, 28, 55, 22, 69, 30]
Correct solution
(w = 20) Building and Solving
Value Cyclic-Antibandwidth: 20
Labels: [52, 32, 68, 23, 48, 74, 34, 77, 26, 4, 38, 62, 41, 20, 58, 10, 63, 12, 44, 78, 18, 54, 3, 70, 49, 6, 13, 33, 59, 67, 28, 1, 16, 53, 31, 24, 72, 15, 71, 50, 11, 42, 2, 51, 46, 73, 47, 60, 40, 9, 14, 36, 57, 39, 19, 76, 21, 43, 75, 80, 37, 17, 8, 66, 45, 56, 27, 79, 25, 5, 64, 65, 35, 61, 7, 29, 55, 22, 69, 30]
Correct solution
(w = 21) Building and Solving
Value Cyclic-Antibandwidth: 21
Labels: [31, 5, 33, 78, 22, 44, 11, 50, 24, 59, 23, 2, 40, 79, 27, 51, 74, 28, 57, 14, 53, 75, 37, 26, 48, 76, 6, 64, 36, 47, 69, 18, 46, 67, 17, 73, 20, 55, 68, 13, 43, 71, 25, 72, 45, 66, 8, 16, 60, 9, 58, 80, 39, 41, 15, 70, 19, 63, 10, 49, 4, 35, 52, 77, 38, 29, 56, 1, 42, 21, 65, 62, 7, 32, 34, 12, 54, 61, 3, 30]
Correct solution
(w = 22) Building and Solving
Value Cyclic-Antibandwidth: 22
Labels: [77, 39, 80, 51, 29, 1, 23, 48, 75, 44, 76, 38, 15, 43, 21, 46, 13, 52, 30, 2, 33, 64, 19, 5, 60, 20, 42, 67, 14, 3, 56, 16, 6, 59, 24, 49, 25, 47, 45, 17, 57, 72, 27, 79, 22, 78, 26, 74, 31, 53, 54, 10, 55, 7, 37, 9, 62, 35, 12, 8, 63, 40, 66, 18, 41, 68, 32, 69, 70, 34, 71, 28, 50, 73, 65, 11, 61, 36, 58, 4]
Correct solution
(w = 23) Building and Solving
Value Cyclic-Antibandwidth: 23
Labels: [77, 26, 80, 52, 27, 79, 33, 2, 49, 7, 30, 5, 43, 14, 63, 11, 40, 73, 31, 76, 22, 60, 13, 61, 9, 39, 41, 16, 53, 15, 71, 20, 62, 17, 45, 23, 46, 70, 56, 24, 75, 50, 21, 78, 74, 51, 25, 55, 29, 3, 58, 35, 8, 59, 36, 1, 19, 42, 66, 64, 28, 65, 38, 10, 44, 68, 34, 69, 72, 18, 48, 37, 6, 54, 57, 4, 32, 47, 12, 67]
Correct solution
(w = 24) Building and Solving
Value Cyclic-Antibandwidth: 24
Labels: [77, 40, 1, 48, 24, 80, 25, 75, 33, 7, 43, 15, 39, 5, 30, 68, 19, 57, 31, 3, 51, 8, 50, 13, 58, 34, 41, 69, 14, 73, 20, 44, 49, 6, 42, 45, 21, 46, 72, 28, 55, 22, 78, 27, 74, 29, 53, 36, 10, 59, 67, 35, 4, 60, 12, 61, 65, 37, 63, 54, 9, 38, 66, 11, 62, 16, 64, 17, 70, 26, 71, 23, 47, 18, 76, 52, 2, 56, 32, 79]
Correct solution
(w = 25) Building and Solving
Value Cyclic-Antibandwidth: 25
Labels: [77, 39, 80, 51, 26, 79, 52, 27, 2, 56, 18, 61, 19, 64, 13, 45, 8, 33, 58, 3, 44, 12, 54, 65, 11, 48, 42, 10, 35, 14, 69, 34, 68, 17, 47, 25, 76, 21, 23, 78, 36, 74, 24, 49, 53, 22, 55, 29, 59, 7, 57, 31, 4, 6, 60, 15, 62, 37, 70, 9, 38, 5, 66, 30, 67, 20, 46, 71, 63, 16, 41, 72, 40, 73, 28, 1, 43, 50, 75, 32]
Correct solution
(w = 26) Building and Solving
Value Cyclic-Antibandwidth: 26
Labels: [77, 39, 1, 45, 19, 62, 20, 46, 3, 29, 57, 6, 35, 64, 15, 42, 16, 48, 21, 73, 36, 10, 58, 67, 17, 43, 32, 80, 51, 9, 41, 12, 47, 5, 38, 18, 72, 34, 49, 78, 26, 74, 24, 52, 54, 25, 55, 56, 28, 2, 8, 59, 7, 60, 13, 61, 4, 31, 63, 11, 37, 65, 66, 14, 40, 68, 30, 69, 70, 33, 71, 22, 50, 23, 75, 44, 76, 27, 79, 53]
Correct solution
(w = 27) Building and Solving
[runlim] sample:		12.7 time, 10.1 real, 108.4 MB
Value Cyclic-Antibandwidth: 27
Labels: [73, 31, 4, 55, 8, 39, 10, 63, 36, 1, 34, 3, 32, 2, 29, 59, 11, 40, 5, 38, 23, 70, 24, 75, 27, 56, 54, 6, 52, 16, 66, 25, 45, 74, 41, 12, 43, 76, 61, 33, 78, 17, 68, 26, 67, 15, 42, 47, 77, 50, 7, 57, 20, 30, 79, 48, 80, 53, 22, 44, 9, 58, 72, 37, 69, 19, 51, 21, 62, 35, 64, 13, 65, 18, 46, 14, 49, 71, 28, 60]
Correct solution
(w = 28) Building and Solving
Value Cyclic-Antibandwidth: 28
Labels: [10, 40, 7, 38, 71, 29, 63, 28, 61, 17, 46, 76, 42, 70, 21, 53, 1, 36, 65, 14, 58, 30, 59, 9, 52, 8, 50, 79, 43, 67, 34, 78, 19, 69, 35, 72, 37, 5, 18, 57, 26, 62, 25, 66, 27, 73, 31, 49, 2, 32, 75, 24, 74, 41, 12, 54, 6, 47, 77, 20, 48, 3, 51, 4, 39, 22, 64, 23, 45, 80, 33, 68, 16, 60, 13, 44, 15, 55, 11, 56]
Correct solution
(w = 29) Building and Solving
Value Cyclic-Antibandwidth: 29
Labels: [10, 40, 1, 30, 78, 49, 6, 39, 69, 21, 72, 24, 75, 44, 13, 53, 8, 37, 3, 48, 56, 7, 46, 11, 51, 16, 52, 14, 43, 61, 19, 70, 36, 76, 28, 18, 66, 17, 45, 2, 38, 71, 35, 73, 25, 67, 26, 64, 32, 68, 33, 65, 20, 55, 9, 47, 42, 74, 27, 80, 29, 63, 60, 23, 59, 22, 57, 12, 58, 15, 54, 79, 31, 62, 50, 5, 34, 4, 41, 77]
Correct solution
(w = 30) Building and Solving
Value Cyclic-Antibandwidth: 30
Labels: [45, 14, 62, 30, 71, 35, 69, 26, 60, 13, 49, 8, 47, 15, 63, 33, 70, 40, 1, 37, 6, 53, 10, 59, 9, 56, 16, 64, 25, 79, 42, 80, 29, 78, 48, 65, 23, 58, 20, 51, 12, 68, 21, 57, 24, 73, 31, 55, 11, 44, 18, 66, 34, 54, 5, 39, 77, 27, 72, 61, 28, 74, 22, 52, 19, 2, 41, 76, 36, 75, 32, 4, 38, 3, 43, 7, 46, 67, 17, 50]
Correct solution
(w = 31) Building and Solving
Value Cyclic-Antibandwidth: 31
Labels: [7, 39, 72, 34, 65, 21, 58, 23, 56, 11, 43, 75, 32, 63, 14, 49, 13, 60, 24, 73, 50, 5, 52, 8, 42, 10, 37, 2, 45, 78, 30, 79, 29, 66, 19, 54, 12, 59, 27, 74, 33, 68, 22, 61, 9, 47, 6, 44, 76, 40, 1, 36, 3, 35, 77, 38, 70, 28, 69, 16, 48, 80, 55, 15, 53, 17, 64, 26, 62, 31, 67, 20, 51, 18, 71, 25, 57, 41, 4, 46]
Correct solution
(w = 32) Building and Solving
Value Cyclic-Antibandwidth: 32
Labels: [54, 17, 65, 32, 66, 28, 60, 13, 45, 77, 40, 6, 41, 7, 55, 18, 63, 22, 67, 20, 12, 48, 9, 56, 8, 44, 21, 62, 23, 79, 47, 4, 29, 61, 24, 75, 27, 69, 26, 71, 31, 57, 16, 59, 3, 43, 5, 38, 76, 33, 1, 35, 78, 46, 10, 49, 73, 39, 2, 50, 11, 53, 15, 51, 14, 58, 25, 68, 30, 74, 37, 70, 36, 72, 34, 80, 42, 52, 19, 64]
Correct solution
(w = 33) Building and Solving
Value Cyclic-Antibandwidth: 33
Labels: [54, 18, 52, 16, 59, 13, 56, 17, 55, 22, 68, 30, 75, 40, 73, 32, 76, 31, 64, 27, 15, 51, 5, 58, 25, 61, 9, 44, 77, 49, 3, 45, 19, 57, 14, 48, 6, 46, 10, 43, 7, 53, 8, 47, 12, 50, 11, 69, 34, 70, 21, 67, 24, 72, 28, 63, 37, 1, 42, 2, 36, 78, 39, 74, 29, 79, 41, 4, 35, 71, 38, 66, 33, 80, 23, 60, 20, 62, 26, 65]
Correct solution
(w = 34) Building and Solving
[runlim] sample:		30.1 time, 20.1 real, 156.4 MB
Value Cyclic-Antibandwidth: 34
Labels: [73, 33, 78, 41, 5, 51, 17, 58, 13, 48, 8, 42, 76, 30, 66, 28, 68, 25, 71, 29, 36, 70, 27, 69, 32, 67, 43, 3, 44, 77, 35, 80, 46, 9, 47, 15, 61, 18, 52, 10, 53, 12, 57, 20, 54, 14, 55, 6, 49, 7, 45, 11, 50, 4, 39, 79, 31, 65, 19, 74, 34, 75, 24, 62, 23, 72, 38, 2, 26, 63, 21, 59, 16, 56, 37, 1, 40, 64, 22, 60]
Correct solution
(w = 35) Building and Solving
[runlim] sample:		63.0 time, 30.1 real, 297.0 MB
[runlim] sample:		92.5 time, 40.1 real, 328.6 MB
[runlim] sample:		112.5 time, 50.1 real, 328.6 MB
Value Cyclic-Antibandwidth: 35
Labels: [50, 9, 53, 14, 54, 19, 62, 23, 65, 22, 60, 25, 68, 29, 73, 37, 78, 39, 80, 36, 5, 47, 6, 45, 3, 46, 12, 52, 11, 49, 8, 43, 18, 57, 13, 55, 17, 56, 24, 59, 15, 58, 20, 63, 27, 64, 28, 67, 30, 74, 16, 51, 10, 70, 33, 72, 26, 61, 21, 66, 31, 75, 35, 71, 34, 2, 40, 76, 41, 79, 38, 1, 44, 7, 42, 4, 48, 77, 32, 69]
Correct solution
(w = 36) Building and Solving
[runlim] sample:		131.9 time, 60.1 real, 229.9 MB
[runlim] sample:		165.5 time, 70.1 real, 296.9 MB
[runlim] sample:		195.5 time, 80.1 real, 301.5 MB
[runlim] sample:		225.5 time, 90.1 real, 324.4 MB
Value Cyclic-Antibandwidth: 36
Labels: [67, 23, 64, 25, 61, 19, 57, 14, 55, 13, 51, 8, 47, 4, 40, 76, 34, 71, 30, 66, 26, 69, 33, 62, 21, 59, 27, 63, 22, 68, 28, 70, 20, 58, 17, 56, 18, 60, 15, 52, 12, 50, 6, 46, 16, 53, 9, 49, 5, 42, 10, 54, 11, 44, 1, 39, 3, 43, 2, 45, 7, 48, 77, 41, 78, 37, 80, 38, 73, 36, 79, 35, 74, 31, 72, 32, 75, 29, 65, 24]
Correct solution
(w = 37) Building and Solving
[runlim] sample:		258.0 time, 100.1 real, 312.4 MB
[runlim] sample:		288.0 time, 110.1 real, 312.4 MB
[runlim] sample:		318.0 time, 120.1 real, 326.6 MB
Value Cyclic-Antibandwidth: 37
Labels: [69, 28, 71, 32, 72, 34, 77, 40, 3, 44, 7, 48, 10, 53, 16, 59, 17, 60, 18, 61, 29, 68, 27, 66, 23, 65, 33, 70, 31, 75, 38, 79, 30, 67, 25, 74, 37, 78, 35, 73, 36, 1, 39, 76, 45, 2, 41, 6, 49, 8, 46, 9, 50, 5, 42, 80, 47, 4, 43, 11, 54, 13, 56, 14, 52, 21, 62, 22, 55, 12, 51, 19, 57, 15, 58, 20, 63, 24, 64, 26]
Correct solution
(w = 38) Building and Solving
[runlim] sample:		349.9 time, 130.1 real, 316.2 MB
[runlim] sample:		379.9 time, 140.1 real, 327.6 MB
[runlim] sample:		409.9 time, 150.1 real, 327.6 MB
[runlim] end:			Sun Nov  2 09:12:12 2025
[runlim] status:		out of time
[runlim] result:		2
[runlim] children:		0
[runlim] real:			150.12 seconds
[runlim] time:			409.93 seconds
[runlim] space:			340.6 MB
[runlim] samples:		1500
