[runlim] version:		1.10
[runlim] time limit:		311040000 seconds
[runlim] real time limit:	150 seconds
[runlim] space limit:		30000 MB
[runlim] argv[0]:		python3
[runlim] argv[1]:		model_MIP_CPLEX.py
[runlim] argv[2]:		./graph/caterpillar/caterpillar_9_4.txt
[runlim] start:			Sun Nov  2 08:50:36 2025
[runlim] main pid:		30338
[runlim] log captured:
(w = 4) Building and Solving
Value Cyclic-Antibandwidth: 4
Labels: [10, 1, 15, 8, 27, 2, 26, 19, 23, 22, 16, 29, 14, 4, 21, 24, 7, 20, 30, 9, 34, 36, 13, 18, 31, 5, 12, 3, 17, 35, 32, 25, 11, 28, 6, 33]
Correct solution
(w = 5) Building and Solving
Value Cyclic-Antibandwidth: 5
Labels: [10, 1, 15, 8, 27, 2, 26, 33, 23, 16, 32, 17, 14, 22, 36, 24, 7, 20, 25, 9, 19, 4, 13, 18, 31, 5, 12, 3, 34, 28, 21, 35, 11, 29, 6, 30]
Correct solution
(w = 6) Building and Solving
Value Cyclic-Antibandwidth: 6
Labels: [23, 14, 20, 4, 21, 15, 26, 8, 30, 13, 2, 17, 29, 6, 16, 36, 9, 33, 11, 25, 19, 10, 18, 27, 24, 32, 22, 1, 31, 12, 34, 7, 35, 5, 28, 3]
Correct solution
(w = 7) Building and Solving
Value Cyclic-Antibandwidth: 7
Labels: [10, 1, 15, 8, 27, 18, 26, 19, 12, 22, 13, 29, 14, 4, 21, 24, 7, 20, 30, 9, 34, 36, 23, 35, 31, 5, 16, 3, 17, 2, 32, 25, 11, 28, 6, 33]
Correct solution
(w = 8) Building and Solving
Value Cyclic-Antibandwidth: 8
Labels: [29, 14, 23, 32, 6, 15, 34, 12, 20, 4, 21, 5, 30, 7, 18, 31, 8, 16, 22, 1, 28, 26, 13, 3, 25, 17, 2, 19, 33, 11, 24, 36, 10, 9, 35, 27]
Correct solution
(w = 9) Building and Solving
Value Cyclic-Antibandwidth: 9
Labels: [27, 14, 23, 32, 6, 15, 29, 7, 19, 4, 21, 5, 30, 8, 18, 36, 26, 16, 22, 1, 28, 31, 13, 3, 25, 12, 2, 20, 33, 11, 24, 34, 10, 9, 35, 17]
Correct solution
(w = 10) Building and Solving
Value Cyclic-Antibandwidth: 10
Labels: [1, 18, 35, 22, 36, 17, 4, 30, 8, 11, 29, 19, 5, 21, 31, 20, 33, 23, 9, 28, 13, 14, 32, 6, 27, 2, 26, 16, 3, 15, 10, 25, 7, 24, 34, 12]
Correct solution
(w = 11) Building and Solving
Value Cyclic-Antibandwidth: 11
Labels: [33, 17, 36, 18, 1, 26, 7, 22, 35, 9, 31, 11, 30, 6, 19, 24, 13, 34, 5, 20, 8, 14, 3, 25, 15, 2, 27, 28, 12, 29, 10, 21, 32, 23, 4, 16]
Correct solution
(w = 12) Building and Solving
Value Cyclic-Antibandwidth: 12
Labels: [33, 11, 31, 15, 3, 16, 1, 24, 36, 21, 9, 23, 30, 18, 6, 19, 34, 10, 27, 7, 22, 26, 13, 35, 2, 14, 29, 17, 5, 28, 8, 20, 32, 12, 25, 4]
Correct solution
(w = 13) Building and Solving
Value Cyclic-Antibandwidth: 13
Labels: [34, 13, 35, 21, 7, 29, 15, 1, 14, 11, 33, 20, 36, 23, 10, 22, 9, 25, 8, 26, 5, 30, 17, 4, 16, 3, 19, 2, 18, 32, 24, 6, 27, 31, 12, 28]
Correct solution
(w = 14) Building and Solving
Value Cyclic-Antibandwidth: 14
Labels: [34, 14, 35, 20, 5, 23, 4, 18, 32, 12, 33, 11, 36, 22, 8, 21, 7, 29, 6, 28, 13, 27, 10, 26, 9, 30, 16, 19, 3, 25, 1, 15, 31, 17, 2, 24]
Correct solution
(w = 15) Building and Solving
Value Cyclic-Antibandwidth: 15
Labels: [34, 15, 35, 19, 3, 23, 8, 27, 7, 13, 33, 12, 36, 21, 6, 20, 5, 26, 4, 25, 10, 24, 9, 28, 2, 17, 32, 29, 14, 30, 11, 31, 16, 22, 1, 18]
Correct solution
(w = 16) Building and Solving
Value Cyclic-Antibandwidth: 16
Labels: [22, 5, 24, 7, 27, 11, 31, 14, 30, 3, 19, 35, 21, 1, 17, 4, 20, 36, 26, 6, 23, 9, 25, 8, 28, 12, 32, 15, 33, 16, 34, 18, 2, 13, 29, 10]
Correct solution
(w = 17) Building and Solving
Cannot find soluion with w = 17
Final result: CAB = 16
Labels = [22, 5, 24, 7, 27, 11, 31, 14, 30, 3, 19, 35, 21, 1, 17, 4, 20, 36, 26, 6, 23, 9, 25, 8, 28, 12, 32, 15, 33, 16, 34, 18, 2, 13, 29, 10]
[runlim] end:			Sun Nov  2 08:50:41 2025
[runlim] status:		ok
[runlim] result:		0
[runlim] children:		0
[runlim] real:			5.43 seconds
[runlim] time:			17.17 seconds
[runlim] space:			106.7 MB
[runlim] samples:		50
