[runlim] version:		1.10
[runlim] time limit:		311040000 seconds
[runlim] real time limit:	150 seconds
[runlim] space limit:		30000 MB
[runlim] argv[0]:		python3
[runlim] argv[1]:		model_MIP_CPLEX.py
[runlim] argv[2]:		./graph/caterpillar/caterpillar_9_5.txt
[runlim] start:			Sun Nov  2 08:50:41 2025
[runlim] main pid:		30466
[runlim] log captured:
(w = 4) Building and Solving
Value Cyclic-Antibandwidth: 4
Labels: [45, 11, 16, 29, 8, 41, 28, 4, 35, 25, 12, 34, 10, 21, 42, 7, 22, 38, 33, 14, 30, 18, 39, 5, 9, 40, 2, 32, 3, 19, 27, 1, 6, 43, 17, 31, 13, 24, 20, 36, 23, 15, 37, 44, 26]
Correct solution
(w = 5) Building and Solving
Value Cyclic-Antibandwidth: 5
Labels: [45, 11, 22, 29, 8, 41, 28, 4, 35, 25, 12, 34, 10, 21, 42, 7, 20, 38, 33, 14, 30, 15, 39, 5, 13, 40, 2, 32, 3, 19, 27, 1, 6, 9, 17, 31, 43, 24, 18, 36, 23, 16, 37, 44, 26]
Correct solution
(w = 6) Building and Solving
Value Cyclic-Antibandwidth: 6
Labels: [45, 11, 22, 29, 8, 41, 28, 6, 35, 25, 12, 4, 10, 21, 42, 7, 20, 9, 33, 24, 30, 15, 39, 5, 13, 38, 44, 34, 3, 14, 27, 1, 32, 43, 17, 31, 2, 40, 18, 36, 23, 16, 37, 19, 26]
Correct solution
(w = 7) Building and Solving
Value Cyclic-Antibandwidth: 7
Labels: [45, 11, 22, 29, 8, 41, 28, 6, 33, 25, 13, 34, 10, 23, 30, 7, 19, 38, 3, 24, 35, 18, 39, 5, 21, 15, 43, 36, 4, 14, 27, 1, 32, 9, 17, 31, 2, 40, 20, 12, 42, 16, 37, 44, 26]
Correct solution
(w = 8) Building and Solving
Value Cyclic-Antibandwidth: 8
Labels: [45, 11, 2, 29, 8, 41, 28, 6, 33, 25, 12, 42, 10, 21, 30, 7, 22, 38, 3, 24, 35, 18, 39, 5, 13, 31, 44, 15, 4, 14, 27, 1, 32, 9, 17, 26, 43, 40, 20, 36, 23, 16, 37, 19, 34]
Correct solution
(w = 9) Building and Solving
Value Cyclic-Antibandwidth: 9
Labels: [45, 11, 2, 29, 8, 41, 28, 6, 33, 25, 12, 42, 10, 21, 30, 7, 20, 38, 3, 24, 35, 15, 39, 22, 9, 31, 44, 34, 4, 14, 27, 1, 32, 43, 17, 26, 13, 40, 18, 36, 23, 16, 37, 19, 5]
Correct solution
(w = 10) Building and Solving
Value Cyclic-Antibandwidth: 10
Labels: [45, 10, 39, 25, 12, 40, 17, 5, 16, 35, 9, 26, 13, 21, 43, 32, 3, 19, 31, 42, 7, 15, 37, 24, 6, 27, 8, 41, 11, 23, 36, 22, 4, 34, 18, 28, 38, 29, 14, 30, 1, 2, 33, 20, 44]
Correct solution
(w = 11) Building and Solving
Value Cyclic-Antibandwidth: 11
Labels: [45, 16, 39, 25, 11, 37, 21, 5, 36, 20, 9, 40, 13, 29, 12, 32, 3, 19, 31, 42, 15, 10, 35, 24, 6, 27, 8, 41, 28, 23, 43, 22, 4, 34, 18, 7, 38, 30, 14, 26, 1, 2, 33, 17, 44]
Correct solution
(w = 12) Building and Solving
Value Cyclic-Antibandwidth: 12
Labels: [36, 8, 41, 26, 38, 23, 9, 42, 29, 17, 35, 21, 4, 20, 3, 30, 15, 11, 34, 1, 31, 5, 28, 10, 27, 24, 7, 39, 16, 44, 14, 33, 2, 32, 12, 40, 19, 22, 6, 25, 37, 43, 13, 45, 18]
Correct solution
(w = 13) Building and Solving
Value Cyclic-Antibandwidth: 13
Labels: [8, 22, 7, 39, 16, 29, 15, 42, 17, 24, 40, 14, 35, 41, 19, 38, 9, 33, 4, 34, 2, 25, 10, 28, 11, 44, 27, 1, 26, 43, 12, 36, 20, 45, 31, 3, 21, 23, 5, 18, 32, 37, 6, 30, 13]
Correct solution
(w = 14) Building and Solving
Value Cyclic-Antibandwidth: 14
Labels: [22, 8, 39, 24, 5, 30, 16, 1, 27, 42, 20, 40, 21, 31, 12, 43, 23, 25, 2, 28, 7, 45, 17, 3, 32, 19, 33, 13, 34, 14, 35, 6, 26, 37, 11, 41, 10, 15, 38, 9, 36, 4, 18, 44, 29]
Correct solution
(w = 15) Building and Solving
Value Cyclic-Antibandwidth: 15
Labels: [40, 16, 1, 30, 5, 22, 6, 21, 41, 15, 34, 4, 23, 43, 25, 3, 27, 24, 39, 19, 42, 45, 17, 38, 9, 26, 7, 28, 11, 2, 32, 10, 36, 35, 18, 33, 12, 37, 13, 31, 8, 20, 44, 29, 14]
Correct solution
(w = 16) Building and Solving
Value Cyclic-Antibandwidth: 16
Labels: [43, 16, 44, 27, 9, 37, 20, 3, 32, 14, 42, 26, 10, 45, 29, 13, 31, 28, 12, 41, 25, 11, 34, 7, 35, 38, 22, 6, 23, 21, 5, 24, 8, 4, 33, 17, 36, 19, 2, 30, 1, 15, 39, 18, 40]
Correct solution
(w = 17) Building and Solving
Value Cyclic-Antibandwidth: 17
Labels: [38, 16, 44, 27, 5, 28, 10, 32, 6, 15, 37, 9, 30, 43, 24, 42, 25, 21, 2, 19, 1, 4, 29, 12, 35, 31, 13, 41, 23, 11, 39, 20, 3, 36, 17, 34, 8, 7, 26, 45, 18, 33, 14, 40, 22]
Correct solution
(w = 18) Building and Solving
Value Cyclic-Antibandwidth: 18
Labels: [44, 22, 3, 21, 39, 16, 36, 13, 37, 24, 5, 27, 2, 40, 17, 38, 20, 29, 11, 30, 10, 43, 25, 4, 31, 14, 35, 8, 33, 42, 15, 41, 23, 18, 45, 26, 6, 32, 12, 34, 7, 19, 1, 28, 9]
Correct solution
(w = 19) Building and Solving
Value Cyclic-Antibandwidth: 19
Labels: [43, 19, 44, 24, 4, 29, 9, 34, 14, 17, 42, 16, 41, 45, 26, 7, 33, 25, 6, 32, 13, 5, 31, 12, 38, 30, 11, 37, 18, 10, 36, 15, 35, 28, 3, 23, 1, 8, 27, 2, 22, 39, 20, 40, 21]
Correct solution
(w = 20) Building and Solving
Value Cyclic-Antibandwidth: 20
Labels: [42, 18, 39, 19, 44, 24, 3, 26, 5, 17, 37, 12, 34, 38, 13, 36, 16, 14, 35, 11, 32, 41, 20, 40, 15, 21, 43, 22, 45, 4, 29, 6, 28, 27, 7, 31, 8, 1, 25, 2, 23, 30, 10, 33, 9]
Correct solution
(w = 21) Building and Solving
[runlim] sample:		23.5 time, 10.4 real, 138.4 MB
[runlim] sample:		80.8 time, 20.4 real, 166.8 MB
Cannot find soluion with w = 21
Final result: CAB = 20
Labels = [42, 18, 39, 19, 44, 24, 3, 26, 5, 17, 37, 12, 34, 38, 13, 36, 16, 14, 35, 11, 32, 41, 20, 40, 15, 21, 43, 22, 45, 4, 29, 6, 28, 27, 7, 31, 8, 1, 25, 2, 23, 30, 10, 33, 9]
[runlim] end:			Sun Nov  2 08:51:05 2025
[runlim] status:		ok
[runlim] result:		0
[runlim] children:		0
[runlim] real:			24.08 seconds
[runlim] time:			90.29 seconds
[runlim] space:			169.1 MB
[runlim] samples:		236
