[runlim] version:		1.10
[runlim] time limit:		311040000 seconds
[runlim] real time limit:	150 seconds
[runlim] space limit:		30000 MB
[runlim] argv[0]:		python3
[runlim] argv[1]:		model_MIP_CPLEX.py
[runlim] argv[2]:		./graph/caterpillar/caterpillar_25_10.txt
[runlim] start:			Sun Nov  2 09:29:42 2025
[runlim] main pid:		35218
[runlim] log captured:
(w = 4) Building and Solving
Value Cyclic-Antibandwidth: 4
Labels: [207, 85, 53, 176, 96, 58, 143, 204, 226, 50, 224, 140, 59, 211, 117, 36, 230, 167, 87, 205, 3, 94, 208, 118, 156, 30, 192, 200, 9, 162, 39, 29, 216, 69, 191, 93, 158, 248, 145, 232, 121, 28, 106, 113, 220, 225, 75, 153, 18, 129, 229, 234, 217, 42, 25, 247, 99, 61, 148, 33, 250, 32, 141, 47, 160, 54, 27, 66, 62, 57, 48, 132, 190, 157, 71, 107, 89, 122, 181, 73, 88, 188, 227, 24, 104, 194, 22, 4, 245, 218, 56, 189, 91, 13, 138, 128, 237, 203, 185, 238, 246, 209, 76, 165, 150, 7, 114, 178, 14, 243, 168, 103, 95, 51, 241, 233, 214, 125, 80, 127, 20, 119, 78, 67, 126, 177, 231, 182, 175, 183, 249, 169, 64, 163, 23, 17, 239, 137, 63, 195, 152, 40, 84, 79, 146, 83, 38, 212, 154, 133, 166, 164, 49, 1, 124, 111, 8, 184, 180, 223, 105, 101, 170, 242, 12, 43, 136, 72, 142, 139, 130, 34, 172, 81, 2, 92, 228, 102, 44, 74, 206, 131, 98, 55, 147, 244, 15, 109, 135, 240, 116, 65, 159, 222, 198, 82, 155, 77, 201, 193, 149, 97, 174, 187, 46, 10, 179, 41, 221, 235, 186, 120, 215, 35, 19, 144, 196, 110, 171, 6, 70, 86, 68, 5, 31, 173, 37, 52, 219, 108, 197, 115, 26, 60, 16, 21, 100, 213, 134, 236, 151, 112, 45, 161, 210, 199, 11, 90, 123, 202]
Correct solution
(w = 5) Building and Solving
Value Cyclic-Antibandwidth: 5
Labels: [207, 85, 134, 142, 96, 58, 143, 204, 226, 50, 224, 140, 59, 211, 117, 36, 230, 167, 87, 205, 3, 94, 208, 66, 156, 30, 8, 200, 9, 162, 39, 29, 216, 69, 191, 93, 158, 248, 145, 232, 121, 28, 106, 113, 220, 70, 75, 153, 18, 129, 229, 6, 217, 42, 25, 247, 99, 61, 148, 33, 250, 32, 141, 47, 160, 54, 27, 105, 62, 57, 48, 132, 190, 116, 71, 107, 89, 122, 181, 73, 88, 188, 227, 24, 104, 194, 22, 4, 245, 218, 56, 189, 91, 124, 138, 128, 237, 203, 185, 238, 246, 209, 76, 165, 150, 7, 114, 178, 14, 243, 168, 103, 157, 51, 241, 233, 214, 125, 80, 127, 20, 119, 78, 67, 126, 177, 231, 182, 175, 183, 249, 169, 64, 163, 23, 17, 239, 137, 63, 195, 152, 40, 84, 79, 146, 83, 38, 212, 154, 133, 166, 164, 49, 1, 15, 130, 151, 111, 180, 223, 95, 101, 53, 242, 12, 43, 136, 184, 192, 139, 176, 34, 172, 81, 2, 92, 228, 102, 44, 74, 206, 131, 98, 55, 147, 244, 234, 13, 135, 240, 225, 65, 159, 222, 118, 82, 155, 77, 201, 193, 149, 97, 174, 187, 46, 10, 179, 41, 221, 235, 186, 120, 215, 35, 19, 144, 196, 110, 171, 72, 170, 86, 68, 5, 31, 173, 37, 52, 219, 108, 197, 115, 26, 60, 16, 21, 100, 213, 109, 236, 198, 112, 45, 161, 210, 199, 11, 90, 123, 202]
Correct solution
(w = 6) Building and Solving
Value Cyclic-Antibandwidth: 6
Labels: [213, 85, 134, 176, 96, 70, 143, 204, 226, 50, 20, 103, 59, 211, 117, 190, 230, 167, 151, 205, 13, 228, 208, 66, 156, 30, 8, 200, 9, 162, 39, 29, 216, 69, 191, 93, 158, 248, 145, 232, 121, 3, 106, 113, 186, 225, 75, 153, 18, 129, 229, 6, 217, 42, 144, 247, 99, 87, 148, 33, 154, 32, 141, 47, 160, 54, 140, 105, 62, 152, 48, 132, 61, 116, 71, 107, 89, 122, 181, 73, 88, 188, 201, 24, 52, 194, 22, 4, 245, 218, 56, 189, 91, 124, 138, 128, 237, 203, 185, 238, 173, 209, 76, 165, 150, 7, 114, 178, 14, 243, 227, 126, 157, 51, 241, 233, 214, 125, 80, 127, 240, 119, 78, 67, 136, 177, 231, 182, 175, 183, 58, 169, 64, 163, 23, 17, 239, 137, 63, 195, 207, 40, 41, 79, 146, 83, 38, 212, 171, 35, 166, 164, 49, 1, 15, 130, 25, 246, 180, 250, 95, 101, 142, 242, 12, 43, 220, 184, 192, 139, 27, 34, 172, 81, 2, 92, 68, 102, 44, 74, 206, 131, 98, 55, 147, 123, 234, 109, 135, 53, 224, 65, 159, 222, 118, 82, 155, 77, 111, 193, 149, 97, 174, 187, 46, 104, 179, 168, 221, 235, 133, 120, 215, 161, 19, 249, 196, 110, 36, 72, 10, 86, 244, 5, 31, 170, 37, 28, 219, 108, 197, 115, 26, 60, 16, 94, 100, 21, 84, 236, 198, 112, 45, 223, 210, 199, 11, 90, 57, 202]
Correct solution
(w = 7) Building and Solving
Value Cyclic-Antibandwidth: 7
Labels: [207, 85, 134, 176, 96, 58, 235, 204, 226, 50, 224, 103, 143, 211, 117, 16, 230, 167, 87, 205, 3, 44, 208, 118, 130, 30, 192, 200, 9, 162, 246, 29, 216, 69, 213, 93, 158, 248, 145, 232, 121, 28, 106, 113, 186, 225, 75, 153, 18, 129, 229, 6, 217, 42, 25, 247, 99, 61, 148, 33, 154, 32, 141, 47, 160, 54, 140, 66, 73, 59, 48, 132, 190, 157, 35, 107, 89, 122, 181, 51, 88, 188, 227, 24, 104, 194, 22, 4, 245, 218, 56, 189, 91, 13, 138, 128, 237, 203, 185, 238, 173, 209, 76, 165, 150, 7, 114, 178, 14, 243, 168, 126, 95, 39, 241, 233, 214, 125, 80, 127, 20, 119, 78, 67, 136, 177, 231, 182, 62, 183, 249, 169, 64, 163, 101, 17, 239, 137, 63, 195, 152, 40, 23, 79, 146, 83, 38, 212, 171, 191, 166, 164, 49, 1, 124, 57, 94, 111, 180, 250, 105, 71, 53, 242, 12, 43, 220, 184, 142, 139, 27, 34, 172, 81, 2, 92, 228, 102, 175, 74, 206, 131, 98, 55, 147, 244, 234, 109, 135, 240, 116, 65, 159, 222, 198, 82, 155, 77, 201, 193, 149, 97, 174, 187, 46, 10, 179, 41, 221, 70, 133, 120, 215, 161, 19, 144, 196, 110, 36, 72, 210, 86, 68, 5, 31, 170, 37, 52, 219, 108, 197, 115, 26, 60, 156, 15, 100, 21, 84, 236, 151, 112, 45, 223, 8, 199, 11, 90, 123, 202]
Correct solution
(w = 8) Building and Solving
Value Cyclic-Antibandwidth: 8
Labels: [213, 85, 134, 176, 96, 58, 143, 204, 226, 50, 224, 103, 59, 211, 117, 16, 230, 167, 87, 205, 3, 94, 208, 66, 156, 30, 8, 200, 9, 162, 39, 29, 216, 171, 191, 93, 158, 248, 145, 232, 121, 69, 106, 113, 186, 225, 75, 153, 18, 129, 229, 6, 217, 42, 25, 247, 99, 61, 148, 33, 250, 32, 141, 47, 160, 54, 140, 13, 62, 152, 48, 132, 190, 157, 244, 107, 89, 122, 181, 73, 88, 188, 227, 24, 52, 194, 22, 4, 245, 218, 56, 20, 91, 70, 27, 128, 237, 203, 185, 238, 173, 209, 76, 165, 150, 7, 114, 178, 14, 243, 168, 126, 95, 51, 241, 233, 214, 125, 80, 127, 240, 119, 78, 67, 136, 177, 231, 189, 175, 183, 249, 169, 64, 163, 101, 17, 239, 137, 63, 195, 207, 40, 23, 79, 146, 83, 38, 212, 154, 35, 166, 164, 49, 1, 124, 111, 151, 246, 180, 223, 105, 71, 142, 242, 12, 43, 220, 184, 192, 139, 130, 34, 172, 81, 2, 92, 228, 102, 44, 74, 206, 131, 98, 55, 147, 123, 234, 109, 135, 53, 116, 65, 159, 222, 118, 82, 155, 77, 201, 193, 149, 97, 174, 187, 46, 104, 179, 41, 221, 235, 133, 120, 215, 161, 19, 144, 196, 110, 36, 72, 10, 86, 68, 5, 31, 170, 37, 28, 219, 108, 197, 115, 26, 60, 182, 15, 100, 21, 84, 236, 198, 112, 45, 138, 210, 199, 11, 90, 57, 202]
Correct solution
(w = 9) Building and Solving
[runlim] sample:		10.9 time, 10.1 real, 412.2 MB
Value Cyclic-Antibandwidth: 9
Labels: [207, 85, 134, 176, 96, 58, 235, 204, 226, 50, 224, 103, 143, 211, 117, 16, 230, 167, 87, 205, 218, 175, 208, 66, 156, 30, 192, 52, 9, 162, 246, 29, 216, 69, 213, 93, 158, 248, 145, 232, 121, 3, 106, 113, 186, 225, 75, 153, 18, 129, 229, 6, 217, 42, 25, 247, 99, 61, 148, 33, 154, 32, 141, 47, 160, 54, 140, 105, 73, 59, 48, 132, 190, 201, 35, 107, 89, 122, 181, 51, 88, 188, 227, 24, 104, 194, 22, 4, 245, 8, 56, 189, 91, 13, 27, 128, 237, 203, 185, 238, 151, 209, 76, 165, 150, 7, 114, 178, 14, 243, 168, 126, 157, 39, 241, 233, 214, 125, 80, 127, 20, 119, 78, 67, 136, 177, 231, 182, 62, 183, 249, 169, 64, 163, 101, 17, 239, 137, 63, 195, 152, 40, 23, 79, 146, 83, 38, 212, 171, 191, 166, 164, 49, 1, 124, 57, 94, 111, 180, 223, 95, 71, 53, 242, 12, 43, 220, 184, 142, 139, 130, 34, 172, 81, 2, 92, 228, 102, 44, 74, 206, 131, 98, 55, 147, 244, 234, 109, 135, 240, 116, 65, 159, 222, 118, 82, 155, 77, 45, 193, 149, 97, 174, 187, 46, 10, 179, 41, 221, 70, 133, 120, 215, 161, 19, 144, 196, 110, 36, 72, 170, 86, 68, 5, 31, 173, 37, 28, 219, 108, 197, 115, 26, 60, 199, 15, 100, 21, 84, 236, 198, 112, 200, 138, 210, 250, 11, 90, 123, 202]
Correct solution
(w = 10) Building and Solving
Value Cyclic-Antibandwidth: 10
Labels: [207, 85, 134, 176, 96, 70, 143, 204, 226, 50, 20, 103, 190, 211, 117, 16, 230, 167, 151, 205, 3, 94, 208, 66, 130, 30, 212, 200, 31, 162, 246, 29, 216, 69, 213, 93, 158, 248, 145, 232, 121, 28, 106, 113, 186, 225, 75, 35, 18, 129, 229, 6, 217, 42, 144, 247, 99, 180, 148, 33, 250, 32, 141, 47, 160, 54, 140, 105, 73, 59, 48, 132, 61, 201, 244, 116, 89, 122, 181, 51, 88, 188, 227, 107, 52, 194, 22, 4, 245, 36, 56, 189, 91, 13, 27, 128, 237, 203, 185, 238, 173, 209, 9, 165, 150, 7, 114, 178, 14, 243, 168, 112, 157, 39, 241, 233, 214, 125, 80, 127, 240, 119, 175, 67, 136, 177, 231, 182, 62, 183, 58, 169, 64, 163, 101, 17, 239, 137, 63, 195, 152, 40, 23, 79, 146, 83, 38, 87, 154, 191, 166, 164, 49, 1, 124, 111, 25, 184, 78, 223, 95, 71, 170, 242, 12, 43, 220, 153, 192, 139, 218, 34, 172, 81, 2, 92, 228, 102, 44, 74, 206, 131, 98, 55, 147, 123, 234, 109, 135, 53, 224, 65, 159, 222, 118, 82, 155, 77, 126, 193, 149, 97, 174, 187, 46, 104, 179, 41, 221, 235, 133, 120, 215, 161, 19, 249, 196, 110, 171, 72, 10, 86, 68, 5, 24, 210, 37, 76, 219, 108, 197, 115, 26, 60, 156, 15, 100, 21, 84, 236, 198, 142, 45, 138, 8, 199, 11, 90, 57, 202]
Correct solution
(w = 11) Building and Solving
Value Cyclic-Antibandwidth: 11
Labels: [207, 85, 134, 176, 96, 70, 143, 204, 226, 50, 20, 103, 190, 211, 117, 16, 230, 167, 151, 205, 3, 94, 208, 66, 130, 30, 212, 200, 31, 162, 246, 29, 216, 69, 213, 93, 158, 248, 145, 232, 121, 28, 106, 113, 186, 225, 75, 35, 18, 129, 229, 6, 217, 42, 144, 247, 99, 180, 148, 33, 250, 32, 141, 47, 160, 54, 140, 105, 73, 59, 48, 132, 61, 201, 244, 116, 89, 122, 181, 51, 88, 188, 227, 107, 52, 194, 22, 4, 245, 36, 56, 189, 91, 13, 27, 128, 237, 203, 185, 238, 173, 209, 9, 165, 150, 7, 114, 178, 14, 243, 168, 112, 157, 39, 241, 233, 214, 125, 80, 127, 240, 119, 175, 67, 136, 177, 231, 182, 62, 183, 58, 169, 64, 163, 101, 17, 239, 137, 63, 195, 152, 40, 23, 79, 146, 83, 38, 87, 154, 191, 166, 164, 49, 1, 124, 111, 25, 184, 78, 223, 95, 71, 170, 242, 12, 43, 220, 153, 192, 139, 218, 34, 172, 81, 2, 92, 228, 102, 44, 74, 206, 131, 98, 55, 147, 123, 234, 109, 135, 53, 224, 65, 159, 222, 118, 82, 155, 77, 126, 193, 149, 97, 174, 187, 46, 104, 179, 41, 221, 235, 133, 120, 215, 161, 19, 249, 196, 110, 171, 72, 10, 86, 68, 5, 24, 210, 37, 76, 219, 108, 197, 115, 26, 60, 156, 15, 100, 21, 84, 236, 198, 142, 45, 138, 8, 199, 11, 90, 57, 202]
Correct solution
(w = 12) Building and Solving
Value Cyclic-Antibandwidth: 12
Labels: [207, 85, 134, 176, 96, 70, 143, 204, 226, 50, 20, 103, 190, 211, 117, 16, 230, 167, 151, 205, 3, 94, 208, 66, 130, 30, 212, 200, 31, 162, 246, 29, 216, 69, 213, 93, 158, 248, 145, 232, 121, 28, 106, 113, 186, 225, 75, 35, 18, 129, 229, 6, 217, 42, 144, 247, 99, 180, 148, 33, 250, 32, 141, 47, 160, 54, 140, 105, 73, 59, 48, 132, 61, 201, 244, 116, 89, 122, 181, 51, 88, 188, 227, 107, 52, 194, 22, 4, 245, 36, 56, 189, 91, 13, 27, 128, 237, 203, 185, 238, 173, 209, 9, 165, 150, 7, 114, 178, 14, 243, 168, 112, 157, 39, 241, 233, 214, 125, 80, 127, 240, 119, 175, 67, 136, 177, 231, 182, 62, 183, 58, 169, 64, 163, 101, 17, 239, 137, 63, 195, 152, 40, 23, 79, 146, 83, 38, 87, 154, 191, 166, 164, 49, 1, 124, 111, 25, 184, 78, 223, 95, 71, 170, 242, 12, 43, 220, 153, 192, 139, 218, 34, 172, 81, 2, 92, 228, 102, 44, 74, 206, 131, 98, 55, 147, 123, 234, 109, 135, 53, 224, 65, 159, 222, 118, 82, 155, 77, 126, 193, 149, 97, 174, 187, 46, 104, 179, 41, 221, 235, 133, 120, 215, 161, 19, 249, 196, 110, 171, 72, 10, 86, 68, 5, 24, 210, 37, 76, 219, 108, 197, 115, 26, 60, 156, 15, 100, 21, 84, 236, 198, 142, 45, 138, 8, 199, 11, 90, 57, 202]
Correct solution
(w = 13) Building and Solving
[runlim] sample:		21.6 time, 20.1 real, 459.5 MB
Value Cyclic-Antibandwidth: 13
Labels: [207, 85, 188, 137, 96, 58, 235, 204, 226, 50, 20, 103, 143, 211, 117, 16, 230, 167, 87, 205, 3, 94, 208, 66, 156, 30, 192, 139, 31, 162, 246, 29, 216, 69, 11, 93, 158, 248, 145, 232, 121, 28, 106, 113, 186, 225, 75, 153, 18, 129, 229, 6, 217, 42, 25, 247, 99, 61, 148, 33, 154, 32, 141, 47, 160, 54, 140, 105, 73, 59, 41, 132, 190, 116, 35, 134, 89, 122, 181, 51, 88, 109, 201, 107, 52, 194, 22, 4, 245, 218, 56, 189, 91, 124, 27, 128, 237, 203, 185, 238, 151, 209, 9, 165, 150, 7, 114, 178, 14, 243, 227, 126, 157, 39, 241, 233, 214, 125, 80, 127, 240, 119, 175, 67, 136, 177, 231, 182, 62, 183, 249, 169, 64, 163, 101, 17, 239, 179, 63, 195, 152, 40, 23, 79, 146, 83, 38, 212, 171, 191, 166, 164, 49, 1, 15, 130, 78, 111, 180, 223, 95, 71, 53, 242, 12, 68, 220, 184, 142, 8, 176, 34, 172, 81, 2, 92, 228, 102, 44, 74, 206, 131, 98, 55, 147, 123, 234, 13, 135, 48, 224, 65, 159, 222, 118, 82, 155, 77, 45, 193, 149, 97, 174, 187, 46, 104, 198, 168, 221, 70, 133, 120, 215, 161, 19, 144, 196, 110, 36, 72, 10, 86, 244, 5, 24, 173, 37, 76, 219, 108, 197, 115, 26, 60, 199, 21, 100, 213, 84, 236, 43, 112, 200, 138, 210, 250, 170, 90, 57, 202]
Correct solution
(w = 14) Building and Solving
Value Cyclic-Antibandwidth: 14
Labels: [207, 85, 188, 137, 96, 144, 235, 204, 226, 50, 224, 103, 190, 211, 117, 16, 230, 167, 151, 205, 3, 94, 208, 118, 156, 30, 8, 200, 31, 162, 246, 29, 216, 69, 191, 93, 158, 66, 145, 232, 121, 28, 106, 113, 186, 225, 75, 35, 153, 11, 229, 143, 217, 42, 140, 247, 99, 180, 148, 33, 154, 32, 141, 47, 160, 54, 129, 13, 73, 59, 48, 132, 61, 157, 244, 134, 89, 122, 181, 51, 88, 109, 201, 107, 52, 194, 22, 4, 245, 218, 56, 189, 91, 124, 27, 128, 237, 203, 185, 238, 18, 87, 9, 165, 150, 7, 114, 178, 14, 243, 168, 126, 95, 39, 241, 248, 214, 125, 80, 127, 240, 119, 175, 67, 136, 177, 231, 182, 62, 183, 58, 169, 64, 163, 101, 17, 239, 179, 63, 195, 152, 40, 23, 187, 146, 83, 38, 212, 171, 133, 166, 164, 49, 1, 15, 130, 25, 184, 78, 223, 105, 71, 142, 242, 12, 43, 220, 72, 192, 139, 176, 34, 172, 81, 2, 92, 228, 102, 44, 74, 206, 131, 98, 55, 147, 123, 234, 10, 135, 53, 116, 65, 159, 222, 198, 82, 155, 77, 111, 193, 149, 97, 174, 233, 46, 104, 209, 41, 221, 70, 138, 120, 215, 20, 19, 249, 196, 110, 36, 6, 227, 86, 68, 5, 24, 173, 37, 76, 219, 108, 197, 115, 26, 60, 199, 21, 100, 213, 84, 236, 79, 112, 45, 161, 210, 250, 170, 90, 57, 202]
Correct solution
(w = 15) Building and Solving
Value Cyclic-Antibandwidth: 15
Labels: [207, 85, 134, 176, 96, 144, 235, 204, 226, 50, 173, 103, 190, 211, 117, 16, 230, 167, 87, 205, 3, 94, 208, 118, 88, 30, 4, 200, 31, 162, 246, 29, 216, 69, 191, 93, 158, 66, 145, 232, 121, 28, 106, 113, 186, 225, 75, 153, 18, 129, 229, 143, 217, 42, 154, 247, 99, 180, 148, 33, 250, 32, 141, 47, 160, 54, 140, 13, 73, 57, 48, 132, 61, 157, 35, 116, 89, 122, 181, 51, 150, 109, 201, 107, 52, 194, 22, 59, 245, 218, 56, 189, 91, 168, 27, 128, 237, 90, 185, 238, 151, 209, 9, 165, 139, 7, 114, 178, 14, 243, 227, 126, 95, 39, 241, 248, 214, 125, 80, 127, 240, 119, 175, 67, 136, 177, 231, 182, 62, 183, 203, 169, 64, 163, 101, 17, 239, 137, 63, 195, 152, 40, 23, 187, 146, 83, 38, 212, 171, 133, 166, 164, 49, 1, 124, 108, 25, 184, 78, 223, 105, 71, 142, 242, 12, 43, 220, 72, 192, 8, 130, 34, 172, 81, 2, 92, 228, 102, 44, 74, 206, 131, 98, 55, 147, 244, 15, 10, 135, 53, 224, 65, 159, 222, 198, 82, 155, 77, 111, 193, 149, 97, 174, 233, 46, 104, 179, 41, 221, 70, 138, 120, 215, 20, 19, 249, 196, 110, 36, 6, 210, 86, 68, 5, 24, 170, 37, 76, 219, 58, 197, 115, 26, 60, 156, 21, 100, 213, 84, 236, 79, 112, 45, 161, 234, 199, 11, 188, 123, 202]
Correct solution
(w = 16) Building and Solving
[runlim] sample:		32.1 time, 30.1 real, 563.8 MB
Value Cyclic-Antibandwidth: 16
Labels: [50, 123, 88, 153, 245, 24, 40, 237, 151, 41, 68, 206, 130, 227, 147, 189, 99, 140, 232, 45, 162, 209, 93, 23, 61, 9, 157, 59, 43, 154, 110, 243, 225, 21, 39, 210, 113, 174, 239, 119, 201, 149, 122, 118, 156, 197, 125, 100, 73, 229, 137, 13, 10, 58, 133, 30, 48, 148, 55, 235, 29, 164, 143, 219, 159, 14, 134, 104, 238, 150, 216, 116, 155, 18, 38, 129, 186, 6, 230, 16, 94, 115, 234, 80, 103, 214, 106, 195, 120, 192, 213, 196, 212, 70, 241, 128, 191, 223, 22, 77, 56, 250, 85, 247, 200, 71, 19, 170, 84, 67, 87, 246, 185, 60, 207, 175, 74, 95, 121, 31, 188, 145, 101, 64, 184, 236, 92, 109, 79, 44, 173, 124, 244, 171, 62, 86, 179, 152, 233, 190, 1, 131, 165, 117, 161, 205, 11, 204, 182, 114, 7, 46, 66, 89, 69, 248, 139, 15, 218, 144, 146, 176, 127, 167, 82, 36, 53, 102, 217, 72, 215, 169, 111, 208, 96, 27, 166, 75, 107, 180, 54, 3, 26, 228, 20, 91, 49, 138, 65, 35, 52, 2, 221, 160, 32, 90, 226, 81, 224, 4, 158, 8, 112, 132, 78, 187, 240, 194, 51, 193, 211, 33, 142, 25, 178, 76, 203, 47, 163, 231, 17, 135, 57, 183, 5, 83, 202, 220, 198, 222, 37, 177, 98, 242, 28, 168, 34, 141, 105, 199, 249, 12, 63, 126, 108, 172, 42, 97, 181, 136]
Correct solution
(w = 17) Building and Solving
Value Cyclic-Antibandwidth: 17
Labels: [243, 97, 207, 177, 55, 143, 22, 48, 12, 131, 211, 228, 190, 210, 183, 164, 242, 166, 134, 23, 235, 153, 219, 75, 53, 20, 114, 45, 116, 67, 179, 215, 80, 31, 142, 44, 188, 108, 238, 184, 3, 109, 240, 245, 63, 118, 209, 161, 111, 165, 87, 43, 199, 104, 175, 125, 187, 4, 120, 90, 36, 224, 38, 244, 197, 250, 59, 35, 174, 49, 74, 127, 8, 71, 37, 123, 29, 81, 41, 66, 200, 69, 39, 202, 222, 241, 151, 33, 185, 27, 2, 72, 162, 7, 160, 56, 141, 212, 145, 95, 192, 110, 21, 195, 57, 191, 217, 107, 220, 98, 232, 117, 171, 248, 204, 236, 139, 189, 85, 146, 249, 126, 65, 115, 86, 230, 100, 149, 246, 172, 60, 239, 130, 129, 226, 92, 176, 234, 51, 205, 225, 169, 231, 88, 237, 17, 193, 25, 218, 119, 159, 203, 1, 216, 132, 89, 19, 182, 54, 14, 46, 64, 34, 156, 24, 201, 30, 93, 140, 79, 101, 32, 10, 73, 168, 42, 137, 154, 136, 5, 186, 83, 102, 148, 213, 181, 138, 167, 16, 221, 155, 18, 233, 70, 50, 214, 78, 147, 128, 82, 163, 15, 94, 223, 180, 198, 173, 40, 196, 105, 62, 194, 84, 113, 91, 52, 208, 122, 6, 26, 152, 9, 135, 47, 68, 28, 247, 229, 106, 58, 77, 13, 99, 178, 133, 206, 144, 103, 61, 112, 157, 96, 121, 227, 150, 170, 124, 11, 158, 76]
Correct solution
(w = 18) Building and Solving
Value Cyclic-Antibandwidth: 18
Labels: [50, 123, 88, 153, 196, 24, 216, 237, 151, 41, 68, 206, 130, 227, 147, 189, 99, 140, 232, 45, 14, 209, 93, 23, 61, 9, 157, 59, 195, 154, 110, 243, 67, 21, 39, 210, 113, 174, 239, 119, 201, 149, 122, 53, 156, 197, 125, 100, 73, 229, 137, 13, 10, 176, 133, 30, 48, 148, 55, 235, 29, 35, 143, 47, 159, 109, 134, 104, 238, 150, 188, 116, 155, 18, 38, 164, 186, 6, 230, 16, 94, 115, 234, 80, 103, 214, 106, 5, 120, 192, 213, 58, 212, 70, 241, 128, 191, 223, 22, 77, 56, 250, 85, 247, 200, 71, 19, 170, 84, 193, 87, 246, 185, 60, 207, 175, 74, 95, 121, 31, 219, 145, 101, 64, 184, 236, 92, 118, 79, 44, 173, 124, 244, 171, 62, 86, 179, 152, 233, 190, 1, 131, 165, 117, 161, 205, 11, 204, 182, 114, 7, 46, 66, 89, 69, 248, 139, 15, 218, 144, 146, 43, 127, 167, 82, 36, 225, 102, 217, 72, 215, 169, 111, 208, 96, 27, 166, 75, 107, 180, 54, 3, 26, 228, 20, 91, 49, 138, 65, 245, 52, 2, 221, 160, 32, 90, 226, 81, 224, 4, 158, 8, 112, 132, 78, 187, 240, 194, 51, 129, 211, 33, 142, 25, 178, 76, 203, 40, 163, 231, 17, 135, 57, 183, 162, 83, 202, 220, 198, 222, 37, 177, 98, 242, 28, 168, 34, 141, 105, 199, 249, 12, 63, 126, 108, 172, 42, 97, 181, 136]
Correct solution
(w = 19) Building and Solving
[runlim] sample:		42.7 time, 40.1 real, 555.7 MB
Value Cyclic-Antibandwidth: 19
Labels: [213, 85, 134, 176, 96, 144, 235, 204, 226, 50, 224, 103, 190, 211, 117, 16, 230, 175, 87, 205, 3, 94, 208, 118, 88, 30, 4, 200, 31, 221, 246, 29, 216, 69, 191, 93, 158, 66, 113, 232, 121, 28, 106, 179, 220, 55, 75, 153, 18, 129, 229, 143, 81, 42, 154, 247, 99, 180, 148, 33, 250, 32, 141, 47, 160, 54, 140, 105, 64, 152, 48, 132, 61, 201, 35, 162, 89, 122, 181, 73, 150, 109, 227, 107, 52, 194, 22, 59, 245, 218, 56, 189, 91, 167, 27, 128, 237, 39, 185, 238, 151, 209, 9, 165, 139, 7, 114, 178, 14, 243, 168, 112, 157, 51, 241, 248, 214, 125, 80, 127, 20, 119, 173, 67, 126, 177, 231, 182, 62, 183, 58, 169, 195, 163, 101, 17, 239, 137, 63, 145, 207, 40, 23, 187, 146, 83, 38, 212, 171, 133, 166, 164, 49, 1, 124, 53, 25, 184, 78, 223, 95, 71, 90, 242, 12, 43, 136, 72, 192, 8, 130, 34, 172, 225, 2, 92, 68, 102, 44, 74, 206, 131, 98, 203, 147, 123, 217, 10, 135, 240, 116, 65, 159, 222, 198, 82, 155, 77, 111, 193, 149, 97, 174, 233, 46, 104, 13, 41, 228, 70, 186, 120, 215, 161, 19, 249, 196, 110, 36, 6, 210, 86, 244, 5, 24, 170, 37, 76, 219, 108, 197, 115, 26, 60, 156, 15, 100, 21, 84, 236, 79, 142, 45, 138, 234, 199, 11, 188, 57, 202]
Correct solution
(w = 20) Building and Solving
Value Cyclic-Antibandwidth: 20
Labels: [207, 85, 134, 176, 96, 144, 235, 204, 226, 50, 173, 103, 190, 211, 117, 16, 230, 167, 87, 205, 3, 94, 208, 118, 156, 30, 4, 200, 27, 162, 246, 29, 216, 69, 191, 93, 158, 66, 113, 232, 121, 28, 106, 179, 220, 55, 75, 153, 18, 129, 229, 143, 81, 42, 154, 247, 99, 180, 148, 33, 250, 32, 141, 47, 160, 54, 140, 105, 64, 152, 48, 132, 61, 201, 35, 116, 89, 122, 181, 73, 150, 109, 227, 24, 52, 194, 22, 59, 38, 218, 56, 189, 91, 13, 138, 107, 237, 90, 185, 238, 151, 88, 9, 165, 139, 7, 114, 178, 14, 243, 168, 112, 157, 39, 241, 248, 214, 125, 80, 127, 240, 119, 175, 67, 126, 177, 231, 206, 62, 183, 58, 169, 195, 163, 101, 17, 239, 137, 63, 145, 202, 40, 23, 187, 146, 83, 128, 212, 171, 133, 166, 164, 49, 1, 124, 57, 25, 184, 78, 223, 95, 71, 142, 242, 12, 43, 136, 72, 192, 8, 130, 34, 172, 225, 2, 92, 228, 102, 44, 74, 51, 131, 98, 203, 147, 123, 15, 10, 135, 53, 224, 65, 159, 222, 198, 82, 155, 77, 111, 193, 149, 97, 174, 233, 46, 104, 209, 41, 221, 70, 186, 120, 215, 20, 19, 249, 196, 110, 36, 6, 210, 86, 244, 5, 31, 170, 37, 76, 219, 108, 197, 115, 26, 60, 182, 21, 100, 213, 84, 236, 79, 68, 45, 161, 234, 199, 11, 188, 217, 245]
Correct solution
(w = 21) Building and Solving
[runlim] sample:		53.1 time, 50.1 real, 735.2 MB
Value Cyclic-Antibandwidth: 21
Labels: [50, 123, 88, 153, 196, 24, 216, 237, 151, 41, 68, 206, 130, 18, 147, 189, 99, 140, 232, 45, 14, 209, 93, 23, 61, 9, 157, 59, 195, 154, 110, 243, 67, 21, 39, 210, 113, 174, 239, 119, 201, 149, 122, 53, 156, 197, 125, 100, 30, 229, 47, 13, 10, 176, 133, 208, 48, 220, 55, 235, 29, 35, 143, 105, 159, 109, 134, 104, 238, 150, 188, 116, 155, 185, 38, 112, 186, 6, 230, 16, 94, 115, 234, 80, 103, 214, 106, 5, 120, 192, 213, 20, 212, 70, 241, 128, 191, 223, 22, 77, 56, 250, 85, 247, 200, 71, 19, 170, 84, 193, 87, 246, 126, 60, 207, 175, 74, 95, 121, 31, 219, 145, 101, 64, 69, 236, 92, 118, 79, 44, 173, 124, 244, 171, 62, 86, 179, 152, 233, 190, 1, 131, 165, 117, 161, 205, 11, 204, 46, 114, 7, 227, 66, 89, 184, 248, 139, 15, 218, 144, 146, 43, 127, 167, 82, 36, 164, 102, 217, 72, 215, 169, 111, 27, 96, 225, 166, 75, 107, 180, 54, 3, 26, 228, 148, 91, 49, 138, 65, 245, 52, 2, 221, 160, 32, 90, 226, 81, 224, 4, 158, 8, 58, 132, 78, 187, 240, 194, 51, 129, 211, 33, 142, 25, 178, 76, 203, 40, 163, 231, 17, 135, 57, 183, 162, 83, 202, 137, 198, 222, 37, 177, 98, 242, 28, 168, 34, 141, 73, 199, 249, 12, 63, 182, 108, 172, 42, 97, 181, 136]
Correct solution
(w = 22) Building and Solving
Value Cyclic-Antibandwidth: 22
Labels: [50, 123, 88, 153, 196, 24, 216, 245, 151, 41, 68, 206, 130, 18, 147, 189, 99, 140, 232, 45, 162, 209, 93, 23, 61, 9, 157, 59, 195, 154, 110, 243, 67, 21, 39, 210, 113, 174, 239, 159, 31, 149, 122, 53, 156, 197, 125, 100, 30, 229, 47, 13, 10, 176, 133, 208, 48, 220, 55, 235, 29, 35, 143, 74, 164, 109, 134, 104, 238, 150, 188, 116, 227, 185, 38, 112, 186, 6, 230, 16, 94, 119, 234, 80, 103, 214, 106, 5, 120, 192, 27, 105, 212, 70, 241, 128, 191, 223, 22, 77, 201, 250, 85, 247, 200, 71, 19, 170, 84, 193, 87, 246, 126, 60, 207, 175, 72, 95, 121, 237, 69, 145, 101, 64, 184, 236, 92, 118, 79, 44, 173, 124, 244, 171, 62, 86, 179, 152, 233, 190, 1, 131, 165, 117, 161, 205, 11, 204, 46, 114, 7, 14, 66, 89, 213, 248, 139, 15, 218, 144, 146, 43, 127, 167, 82, 36, 129, 102, 217, 56, 215, 169, 111, 219, 96, 225, 166, 75, 107, 180, 54, 3, 26, 228, 148, 91, 49, 138, 65, 20, 52, 2, 221, 160, 32, 90, 226, 81, 224, 4, 158, 8, 58, 132, 78, 187, 240, 194, 51, 163, 211, 33, 142, 25, 178, 76, 203, 40, 115, 231, 17, 135, 57, 183, 155, 83, 202, 137, 198, 222, 37, 177, 98, 242, 28, 168, 34, 141, 73, 199, 249, 12, 63, 182, 108, 172, 42, 97, 181, 136]
Correct solution
(w = 23) Building and Solving
[runlim] sample:		63.6 time, 60.1 real, 762.9 MB
Value Cyclic-Antibandwidth: 23
Labels: [50, 123, 88, 153, 196, 24, 216, 245, 151, 105, 65, 206, 130, 18, 147, 189, 99, 140, 232, 45, 162, 209, 93, 23, 61, 9, 157, 59, 195, 154, 110, 243, 67, 21, 39, 210, 113, 174, 239, 159, 31, 149, 122, 53, 156, 197, 125, 100, 30, 229, 47, 13, 10, 176, 133, 208, 48, 220, 55, 235, 29, 35, 143, 74, 164, 109, 134, 104, 238, 150, 188, 116, 227, 185, 38, 112, 186, 6, 230, 16, 94, 119, 234, 129, 103, 214, 106, 5, 120, 192, 27, 184, 212, 70, 241, 128, 191, 223, 22, 77, 201, 250, 85, 247, 200, 71, 19, 170, 84, 193, 87, 246, 126, 60, 207, 175, 72, 95, 121, 237, 69, 145, 101, 64, 20, 236, 92, 118, 79, 44, 173, 124, 244, 171, 62, 86, 179, 152, 233, 190, 1, 131, 165, 117, 161, 205, 11, 204, 46, 114, 7, 14, 66, 89, 213, 248, 139, 15, 218, 144, 146, 43, 127, 167, 82, 36, 68, 102, 217, 56, 215, 169, 111, 219, 96, 225, 166, 75, 107, 180, 54, 3, 26, 228, 148, 91, 49, 138, 41, 80, 52, 2, 221, 160, 32, 90, 226, 81, 224, 4, 158, 8, 58, 132, 78, 187, 240, 194, 51, 163, 211, 33, 142, 25, 178, 76, 203, 40, 115, 231, 17, 135, 57, 183, 155, 83, 202, 137, 198, 222, 37, 177, 98, 242, 28, 168, 34, 141, 73, 199, 249, 12, 63, 182, 108, 172, 42, 97, 181, 136]
Correct solution
(w = 24) Building and Solving
Value Cyclic-Antibandwidth: 24
Labels: [50, 123, 88, 153, 196, 24, 216, 245, 151, 105, 65, 206, 130, 18, 147, 189, 99, 140, 232, 45, 14, 209, 93, 23, 61, 9, 157, 59, 195, 154, 110, 243, 67, 21, 39, 210, 113, 174, 239, 159, 31, 149, 122, 53, 156, 197, 125, 100, 30, 229, 89, 13, 10, 176, 133, 208, 48, 220, 55, 235, 29, 35, 143, 74, 164, 109, 134, 104, 238, 150, 188, 116, 72, 185, 38, 112, 186, 6, 230, 16, 94, 119, 234, 129, 103, 214, 106, 5, 120, 192, 27, 184, 212, 70, 241, 128, 191, 223, 22, 77, 201, 250, 85, 247, 200, 71, 19, 170, 84, 193, 87, 246, 126, 60, 207, 175, 3, 95, 121, 237, 69, 145, 101, 64, 47, 236, 92, 118, 79, 44, 173, 124, 244, 171, 62, 86, 179, 152, 233, 190, 1, 131, 165, 117, 161, 205, 11, 204, 46, 114, 7, 227, 66, 163, 213, 248, 139, 15, 218, 144, 146, 43, 127, 167, 82, 36, 68, 102, 217, 56, 215, 169, 111, 219, 96, 225, 166, 75, 107, 180, 54, 162, 26, 228, 148, 91, 49, 138, 41, 80, 52, 2, 221, 160, 32, 90, 226, 81, 224, 4, 158, 8, 58, 132, 78, 187, 240, 194, 51, 20, 211, 33, 142, 25, 178, 76, 203, 40, 115, 231, 17, 135, 57, 183, 155, 83, 202, 137, 198, 222, 37, 177, 98, 242, 28, 168, 34, 141, 73, 199, 249, 12, 63, 182, 108, 172, 42, 97, 181, 136]
Correct solution
(w = 25) Building and Solving
[runlim] sample:		74.0 time, 70.1 real, 605.4 MB
Value Cyclic-Antibandwidth: 25
Labels: [50, 123, 88, 153, 196, 24, 216, 245, 151, 105, 65, 206, 130, 18, 147, 189, 99, 140, 232, 45, 148, 209, 93, 23, 61, 9, 157, 59, 195, 154, 110, 243, 67, 21, 39, 210, 113, 174, 239, 159, 31, 149, 122, 53, 156, 197, 125, 100, 30, 229, 72, 13, 10, 176, 133, 208, 48, 220, 55, 235, 29, 35, 143, 74, 164, 109, 134, 104, 238, 150, 188, 116, 227, 185, 38, 112, 186, 6, 230, 16, 94, 119, 234, 129, 103, 214, 106, 5, 120, 192, 27, 184, 212, 70, 241, 128, 191, 223, 22, 77, 201, 250, 85, 247, 200, 71, 19, 170, 84, 193, 87, 246, 126, 60, 207, 175, 3, 160, 121, 237, 69, 145, 101, 64, 47, 236, 92, 118, 79, 44, 173, 124, 244, 171, 213, 86, 179, 152, 233, 190, 1, 131, 165, 117, 161, 205, 11, 204, 46, 114, 7, 14, 66, 163, 248, 222, 139, 15, 218, 144, 146, 43, 127, 167, 82, 36, 68, 102, 217, 56, 215, 169, 111, 219, 96, 225, 166, 75, 107, 180, 54, 162, 26, 228, 62, 91, 49, 138, 41, 80, 52, 2, 221, 89, 32, 90, 226, 81, 224, 4, 158, 8, 58, 132, 78, 187, 240, 194, 51, 20, 211, 33, 142, 25, 178, 76, 203, 40, 115, 231, 17, 135, 57, 183, 155, 83, 202, 137, 198, 95, 37, 177, 98, 242, 28, 168, 34, 141, 73, 199, 249, 12, 63, 182, 108, 172, 42, 97, 181, 136]
Correct solution
(w = 26) Building and Solving
Value Cyclic-Antibandwidth: 26
Labels: [50, 123, 88, 153, 196, 24, 216, 245, 151, 105, 65, 206, 130, 18, 147, 189, 99, 140, 232, 45, 148, 209, 93, 23, 61, 9, 157, 59, 195, 154, 110, 243, 67, 21, 39, 210, 113, 174, 239, 119, 31, 149, 122, 53, 156, 197, 162, 100, 30, 229, 72, 13, 10, 176, 133, 208, 48, 220, 55, 235, 29, 35, 143, 74, 109, 14, 134, 104, 238, 150, 188, 116, 159, 185, 38, 112, 186, 6, 230, 16, 94, 129, 234, 184, 103, 214, 106, 5, 120, 192, 27, 125, 212, 70, 241, 128, 191, 223, 22, 77, 201, 250, 85, 247, 200, 71, 19, 170, 84, 193, 87, 246, 126, 60, 207, 175, 3, 160, 121, 237, 69, 145, 101, 64, 68, 236, 92, 118, 79, 44, 173, 124, 244, 171, 47, 86, 179, 152, 233, 190, 1, 131, 165, 117, 161, 205, 11, 204, 46, 114, 7, 213, 66, 163, 248, 222, 139, 15, 218, 144, 146, 43, 127, 167, 82, 36, 164, 102, 217, 56, 215, 169, 111, 219, 96, 225, 166, 75, 107, 180, 54, 227, 26, 228, 62, 91, 49, 138, 41, 80, 52, 2, 221, 89, 32, 90, 226, 81, 224, 4, 158, 8, 58, 132, 78, 187, 240, 194, 51, 20, 211, 33, 142, 25, 178, 76, 203, 40, 115, 231, 17, 135, 57, 183, 155, 83, 202, 137, 198, 95, 37, 177, 98, 242, 28, 168, 34, 141, 73, 199, 249, 12, 63, 182, 108, 172, 42, 97, 181, 136]
Correct solution
(w = 27) Building and Solving
[runlim] sample:		84.3 time, 80.1 real, 619.3 MB
Value Cyclic-Antibandwidth: 27
Labels: [50, 123, 88, 153, 196, 24, 216, 245, 151, 105, 65, 206, 130, 18, 147, 189, 99, 140, 232, 45, 148, 209, 93, 23, 61, 9, 157, 59, 195, 154, 110, 243, 67, 21, 39, 210, 113, 174, 239, 119, 31, 149, 122, 53, 156, 197, 162, 100, 30, 229, 89, 13, 10, 176, 133, 208, 48, 220, 55, 235, 29, 35, 143, 68, 109, 14, 134, 104, 238, 150, 188, 116, 213, 185, 38, 112, 186, 6, 72, 16, 94, 159, 234, 20, 103, 214, 106, 5, 120, 192, 27, 125, 212, 70, 241, 128, 191, 223, 22, 77, 201, 250, 85, 247, 200, 71, 19, 170, 84, 193, 87, 246, 126, 60, 207, 175, 74, 230, 121, 237, 118, 145, 101, 64, 47, 236, 92, 184, 79, 44, 173, 124, 244, 171, 129, 86, 179, 152, 233, 190, 1, 131, 165, 117, 161, 205, 11, 204, 46, 114, 7, 3, 66, 163, 69, 222, 139, 15, 218, 144, 146, 43, 127, 167, 82, 36, 164, 102, 217, 56, 215, 169, 111, 219, 96, 225, 166, 75, 107, 180, 54, 227, 26, 228, 62, 91, 49, 138, 41, 80, 52, 2, 221, 160, 32, 90, 226, 81, 224, 4, 158, 8, 58, 132, 78, 187, 240, 194, 51, 248, 211, 33, 142, 25, 178, 76, 203, 40, 115, 231, 17, 135, 57, 183, 155, 83, 202, 137, 198, 95, 37, 177, 98, 242, 28, 168, 34, 141, 73, 199, 249, 12, 63, 182, 108, 172, 42, 97, 181, 136]
Correct solution
(w = 28) Building and Solving
[runlim] sample:		94.8 time, 90.1 real, 832.9 MB
Value Cyclic-Antibandwidth: 28
Labels: [50, 123, 88, 153, 118, 24, 216, 245, 151, 105, 65, 206, 130, 18, 147, 189, 99, 140, 232, 45, 148, 209, 93, 23, 61, 9, 157, 59, 195, 154, 110, 243, 67, 21, 39, 210, 113, 174, 239, 119, 31, 196, 122, 53, 156, 197, 162, 100, 30, 229, 89, 13, 10, 176, 133, 208, 48, 220, 55, 235, 29, 35, 143, 68, 109, 14, 134, 104, 238, 150, 188, 116, 213, 185, 38, 112, 186, 6, 72, 16, 94, 159, 234, 164, 103, 214, 106, 5, 120, 192, 27, 149, 212, 70, 241, 128, 191, 223, 22, 77, 201, 250, 85, 247, 200, 71, 19, 170, 84, 193, 87, 246, 126, 60, 207, 175, 74, 230, 121, 237, 20, 145, 101, 64, 47, 236, 92, 184, 79, 44, 173, 124, 244, 171, 125, 86, 179, 46, 233, 190, 1, 131, 165, 117, 161, 205, 11, 204, 242, 114, 7, 3, 66, 163, 69, 222, 139, 15, 218, 144, 146, 43, 127, 167, 82, 36, 152, 102, 217, 56, 215, 169, 111, 219, 96, 225, 166, 75, 107, 180, 54, 227, 26, 228, 62, 91, 49, 138, 41, 80, 52, 2, 221, 160, 32, 90, 226, 81, 224, 4, 158, 8, 58, 132, 78, 187, 240, 194, 51, 248, 211, 33, 142, 25, 178, 76, 203, 40, 115, 231, 17, 135, 57, 183, 155, 83, 202, 137, 198, 95, 37, 177, 98, 129, 28, 168, 34, 141, 73, 199, 249, 12, 63, 182, 108, 172, 42, 97, 181, 136]
Correct solution
(w = 29) Building and Solving
Value Cyclic-Antibandwidth: 29
Labels: [50, 123, 88, 153, 118, 24, 216, 245, 151, 105, 65, 206, 130, 18, 147, 189, 99, 140, 232, 45, 148, 209, 93, 23, 61, 9, 157, 59, 195, 154, 110, 243, 67, 21, 39, 210, 113, 174, 239, 119, 31, 196, 122, 53, 156, 197, 162, 100, 30, 229, 89, 13, 10, 176, 133, 208, 48, 220, 55, 235, 29, 35, 143, 80, 109, 14, 134, 104, 238, 150, 188, 116, 155, 185, 38, 112, 186, 6, 72, 16, 94, 159, 234, 164, 103, 214, 106, 5, 120, 192, 27, 149, 212, 70, 241, 128, 191, 223, 22, 77, 201, 250, 85, 247, 200, 71, 19, 170, 84, 193, 87, 246, 126, 60, 207, 175, 74, 230, 121, 237, 68, 145, 101, 64, 47, 236, 92, 184, 79, 44, 173, 124, 244, 171, 125, 86, 179, 46, 233, 190, 1, 131, 165, 117, 161, 205, 11, 204, 242, 114, 7, 3, 66, 163, 69, 222, 139, 15, 218, 144, 146, 43, 127, 167, 82, 36, 152, 102, 217, 56, 215, 169, 111, 219, 96, 225, 166, 75, 107, 180, 54, 227, 26, 228, 62, 91, 49, 138, 41, 248, 52, 2, 221, 160, 32, 90, 226, 81, 224, 4, 158, 8, 58, 132, 78, 187, 240, 194, 51, 129, 211, 33, 142, 25, 178, 76, 203, 40, 115, 231, 17, 135, 57, 183, 20, 83, 202, 137, 198, 95, 37, 177, 98, 213, 28, 168, 34, 141, 73, 199, 249, 12, 63, 182, 108, 172, 42, 97, 181, 136]
Correct solution
(w = 30) Building and Solving
[runlim] sample:		105.0 time, 100.1 real, 667.0 MB
Value Cyclic-Antibandwidth: 30
Labels: [50, 123, 88, 153, 118, 24, 216, 47, 151, 105, 65, 206, 130, 18, 147, 189, 99, 140, 232, 45, 125, 209, 93, 23, 61, 9, 157, 59, 195, 154, 110, 243, 67, 21, 39, 210, 113, 174, 239, 119, 31, 196, 122, 53, 156, 197, 162, 100, 30, 229, 89, 13, 10, 176, 133, 208, 48, 220, 55, 235, 29, 35, 143, 74, 109, 14, 134, 104, 238, 150, 188, 116, 155, 185, 38, 112, 186, 6, 72, 16, 94, 159, 234, 68, 103, 214, 106, 5, 120, 192, 27, 149, 212, 70, 241, 128, 191, 223, 22, 77, 201, 250, 85, 247, 200, 71, 19, 170, 84, 193, 87, 246, 126, 60, 207, 175, 62, 230, 121, 237, 80, 145, 101, 64, 164, 236, 92, 184, 79, 44, 173, 124, 244, 171, 213, 86, 179, 46, 233, 190, 1, 131, 165, 117, 161, 205, 11, 204, 242, 114, 7, 3, 66, 163, 69, 222, 139, 15, 218, 144, 146, 43, 127, 167, 82, 36, 152, 102, 217, 56, 215, 169, 111, 219, 96, 225, 166, 75, 107, 180, 54, 227, 26, 228, 148, 91, 49, 138, 41, 248, 52, 2, 221, 160, 32, 90, 226, 81, 224, 4, 158, 8, 58, 132, 78, 187, 240, 194, 51, 129, 211, 33, 142, 25, 178, 76, 203, 40, 115, 231, 17, 135, 57, 183, 20, 83, 202, 137, 198, 95, 37, 177, 98, 245, 28, 168, 34, 141, 73, 199, 249, 12, 63, 182, 108, 172, 42, 97, 181, 136]
Correct solution
(w = 31) Building and Solving
[runlim] sample:		115.6 time, 110.1 real, 708.8 MB
Value Cyclic-Antibandwidth: 31
Labels: [50, 125, 88, 153, 109, 24, 216, 47, 151, 105, 65, 206, 130, 18, 147, 189, 99, 140, 232, 45, 14, 209, 93, 23, 61, 9, 157, 59, 195, 154, 110, 243, 67, 21, 39, 210, 113, 174, 239, 119, 31, 196, 122, 53, 156, 197, 162, 100, 30, 229, 90, 13, 10, 176, 133, 208, 48, 220, 55, 235, 29, 68, 143, 74, 159, 126, 35, 104, 238, 150, 188, 116, 155, 213, 38, 112, 186, 6, 72, 16, 94, 129, 234, 164, 103, 214, 106, 5, 120, 192, 27, 149, 212, 70, 241, 128, 191, 223, 22, 77, 201, 250, 85, 247, 200, 71, 19, 170, 84, 193, 87, 246, 185, 60, 207, 175, 62, 230, 121, 237, 69, 145, 101, 64, 80, 236, 92, 184, 79, 44, 173, 124, 244, 171, 118, 86, 179, 46, 233, 190, 1, 131, 165, 117, 161, 205, 11, 204, 242, 114, 7, 3, 66, 163, 4, 222, 139, 15, 218, 144, 146, 43, 127, 167, 82, 36, 152, 102, 217, 56, 215, 169, 111, 219, 96, 225, 166, 75, 107, 180, 54, 227, 26, 228, 148, 91, 49, 138, 41, 248, 52, 2, 221, 160, 32, 134, 226, 81, 224, 123, 158, 8, 58, 132, 78, 187, 240, 194, 51, 89, 211, 33, 142, 25, 178, 76, 203, 40, 115, 231, 17, 135, 57, 183, 20, 83, 202, 137, 198, 95, 37, 177, 98, 245, 28, 168, 34, 141, 73, 199, 249, 12, 63, 182, 108, 172, 42, 97, 181, 136]
Correct solution
(w = 32) Building and Solving
[runlim] sample:		125.9 time, 120.1 real, 871.7 MB
Value Cyclic-Antibandwidth: 32
Labels: [50, 125, 88, 153, 109, 24, 216, 47, 151, 105, 65, 206, 130, 18, 147, 189, 99, 140, 232, 45, 80, 209, 93, 23, 61, 9, 157, 59, 195, 154, 110, 243, 67, 21, 39, 210, 113, 174, 239, 119, 31, 89, 122, 53, 156, 197, 162, 100, 30, 229, 90, 13, 10, 176, 133, 208, 48, 220, 55, 235, 29, 68, 143, 74, 159, 126, 35, 104, 238, 150, 188, 116, 155, 213, 38, 112, 186, 6, 72, 16, 94, 129, 234, 164, 103, 214, 106, 5, 120, 192, 27, 149, 212, 70, 241, 128, 191, 223, 22, 77, 201, 250, 85, 247, 200, 71, 19, 170, 84, 193, 87, 246, 185, 60, 207, 175, 62, 230, 121, 237, 69, 145, 101, 64, 152, 236, 92, 184, 79, 44, 173, 124, 244, 171, 118, 86, 179, 46, 233, 190, 1, 131, 165, 117, 161, 205, 11, 204, 242, 114, 7, 3, 66, 163, 4, 222, 139, 15, 218, 144, 146, 43, 127, 167, 82, 36, 221, 102, 217, 56, 215, 169, 111, 219, 96, 225, 166, 75, 107, 180, 54, 178, 26, 228, 20, 91, 49, 138, 41, 248, 52, 2, 196, 160, 32, 134, 226, 81, 224, 123, 158, 8, 58, 132, 78, 187, 240, 194, 51, 14, 211, 33, 142, 25, 148, 76, 203, 40, 115, 231, 17, 135, 57, 183, 245, 83, 202, 137, 198, 95, 37, 177, 98, 227, 28, 168, 34, 141, 73, 199, 249, 12, 63, 182, 108, 172, 42, 97, 181, 136]
Correct solution
(w = 33) Building and Solving
Value Cyclic-Antibandwidth: 33
Labels: [50, 4, 88, 153, 109, 24, 216, 47, 151, 105, 65, 206, 130, 18, 147, 189, 99, 140, 232, 45, 125, 209, 93, 23, 61, 9, 157, 59, 195, 154, 110, 243, 67, 21, 39, 210, 113, 174, 239, 119, 31, 89, 122, 53, 156, 197, 162, 100, 30, 229, 90, 13, 10, 176, 133, 208, 48, 220, 55, 235, 29, 68, 143, 74, 159, 126, 35, 104, 238, 150, 188, 116, 155, 213, 38, 112, 186, 6, 72, 16, 94, 129, 234, 164, 103, 214, 106, 5, 120, 192, 27, 149, 212, 70, 241, 128, 191, 223, 22, 77, 201, 250, 85, 247, 200, 71, 19, 170, 84, 193, 87, 246, 185, 60, 207, 175, 62, 230, 121, 237, 80, 145, 101, 64, 152, 236, 92, 184, 79, 44, 173, 124, 244, 171, 245, 86, 179, 46, 233, 190, 1, 131, 165, 117, 161, 205, 11, 204, 242, 114, 7, 3, 66, 163, 69, 222, 139, 15, 218, 144, 146, 43, 127, 167, 82, 36, 221, 102, 217, 56, 215, 169, 111, 219, 96, 225, 166, 75, 107, 180, 54, 178, 26, 228, 20, 91, 49, 138, 41, 248, 52, 2, 196, 160, 32, 134, 226, 81, 224, 123, 158, 8, 58, 132, 78, 187, 240, 194, 51, 14, 211, 33, 142, 25, 148, 76, 203, 40, 115, 231, 17, 135, 57, 183, 118, 83, 202, 137, 198, 95, 37, 177, 98, 227, 28, 168, 34, 141, 73, 199, 249, 12, 63, 182, 108, 172, 42, 97, 181, 136]
Correct solution
(w = 34) Building and Solving
[runlim] sample:		136.2 time, 130.1 real, 571.2 MB
Value Cyclic-Antibandwidth: 34
Labels: [50, 4, 88, 153, 109, 24, 216, 47, 151, 105, 65, 206, 130, 18, 147, 189, 99, 140, 232, 45, 125, 209, 93, 23, 61, 9, 157, 59, 195, 154, 110, 243, 67, 21, 39, 210, 113, 174, 239, 119, 31, 164, 122, 53, 156, 197, 162, 100, 30, 229, 90, 13, 10, 176, 133, 208, 48, 220, 55, 235, 29, 68, 143, 245, 89, 126, 35, 104, 238, 150, 188, 116, 159, 213, 38, 112, 186, 6, 152, 16, 94, 129, 234, 155, 103, 214, 106, 5, 120, 192, 27, 149, 212, 70, 241, 128, 191, 223, 22, 77, 201, 250, 85, 247, 200, 71, 19, 170, 84, 193, 87, 246, 185, 60, 207, 175, 62, 230, 121, 237, 80, 145, 101, 64, 74, 236, 92, 184, 79, 44, 173, 124, 244, 171, 14, 86, 179, 46, 233, 190, 1, 131, 165, 117, 161, 205, 11, 204, 242, 114, 7, 3, 66, 163, 69, 222, 139, 15, 218, 144, 146, 43, 127, 167, 82, 36, 221, 102, 217, 56, 215, 169, 111, 219, 96, 225, 166, 75, 72, 180, 54, 178, 26, 228, 20, 91, 49, 138, 41, 248, 52, 2, 196, 160, 32, 134, 226, 81, 224, 123, 158, 8, 58, 132, 78, 187, 240, 194, 51, 107, 211, 33, 142, 25, 148, 76, 203, 40, 115, 231, 17, 135, 57, 183, 118, 83, 202, 137, 198, 95, 37, 177, 98, 227, 28, 168, 34, 141, 73, 199, 249, 12, 63, 182, 108, 172, 42, 97, 181, 136]
Correct solution
(w = 35) Building and Solving
[runlim] sample:		146.4 time, 140.1 real, 531.9 MB
Value Cyclic-Antibandwidth: 35
Labels: [50, 4, 88, 153, 109, 24, 216, 47, 151, 105, 65, 206, 130, 18, 147, 189, 99, 140, 232, 45, 125, 209, 93, 23, 61, 9, 157, 59, 195, 154, 110, 243, 67, 21, 39, 210, 113, 174, 239, 119, 31, 164, 122, 53, 156, 197, 162, 100, 30, 229, 90, 13, 10, 176, 133, 208, 48, 220, 55, 235, 29, 68, 143, 245, 89, 126, 35, 104, 238, 150, 188, 116, 159, 213, 38, 112, 186, 6, 152, 16, 94, 129, 234, 155, 103, 214, 106, 5, 120, 192, 27, 149, 212, 70, 241, 128, 191, 223, 22, 77, 201, 250, 85, 247, 200, 71, 19, 170, 84, 193, 87, 246, 185, 60, 207, 175, 62, 230, 121, 237, 80, 145, 101, 64, 74, 236, 92, 184, 79, 44, 173, 124, 244, 171, 14, 86, 179, 46, 233, 190, 1, 131, 165, 117, 161, 205, 11, 204, 242, 114, 7, 3, 66, 163, 69, 222, 139, 15, 218, 144, 146, 43, 127, 167, 82, 36, 221, 102, 217, 56, 215, 169, 111, 219, 96, 225, 166, 75, 72, 180, 54, 178, 26, 228, 20, 91, 49, 138, 41, 248, 52, 2, 196, 160, 32, 134, 226, 81, 224, 123, 158, 8, 58, 132, 78, 187, 240, 194, 51, 107, 211, 33, 142, 25, 148, 76, 203, 40, 115, 231, 17, 135, 57, 183, 118, 83, 202, 137, 198, 95, 37, 177, 98, 227, 28, 168, 34, 141, 73, 199, 249, 12, 63, 182, 108, 172, 42, 97, 181, 136]
Correct solution
(w = 36) Building and Solving
[runlim] end:			Sun Nov  2 09:32:12 2025
[runlim] status:		out of time
[runlim] result:		2
[runlim] children:		0
[runlim] real:			150.07 seconds
[runlim] time:			156.94 seconds
[runlim] space:			896.9 MB
[runlim] samples:		1499
