[runlim] version:		1.10
[runlim] time limit:		311040000 seconds
[runlim] real time limit:	150 seconds
[runlim] space limit:		30000 MB
[runlim] argv[0]:		python3
[runlim] argv[1]:		model_MIP_CPLEX.py
[runlim] argv[2]:		./graph/caterpillar/caterpillar_15_6.txt
[runlim] start:			Sun Nov  2 09:04:42 2025
[runlim] main pid:		32286
[runlim] log captured:
(w = 4) Building and Solving
Value Cyclic-Antibandwidth: 4
Labels: [71, 11, 19, 28, 80, 65, 36, 18, 46, 1, 26, 70, 55, 73, 56, 45, 68, 82, 38, 75, 84, 27, 31, 54, 48, 9, 14, 85, 23, 12, 41, 51, 88, 10, 29, 62, 21, 86, 8, 47, 52, 4, 50, 63, 42, 6, 20, 79, 34, 57, 3, 74, 22, 87, 2, 33, 89, 53, 59, 24, 83, 61, 39, 5, 15, 30, 16, 67, 35, 43, 64, 77, 13, 66, 37, 7, 40, 76, 58, 69, 60, 32, 44, 72, 17, 90, 81, 49, 78, 25]
Correct solution
(w = 5) Building and Solving
Value Cyclic-Antibandwidth: 5
Labels: [71, 11, 19, 7, 80, 27, 36, 18, 76, 24, 33, 70, 37, 73, 56, 45, 68, 41, 29, 75, 84, 66, 74, 54, 48, 46, 14, 85, 12, 90, 38, 51, 88, 10, 22, 62, 77, 86, 21, 47, 52, 4, 82, 63, 42, 6, 16, 79, 34, 57, 3, 72, 26, 87, 20, 31, 89, 5, 59, 28, 83, 61, 2, 39, 15, 13, 8, 67, 53, 43, 64, 1, 65, 78, 55, 23, 40, 35, 58, 69, 60, 32, 44, 50, 17, 30, 81, 49, 9, 25]
Correct solution
(w = 6) Building and Solving
Value Cyclic-Antibandwidth: 6
Labels: [71, 11, 19, 28, 80, 27, 36, 18, 46, 1, 33, 70, 55, 73, 56, 45, 68, 82, 29, 75, 47, 66, 34, 54, 5, 48, 14, 85, 12, 90, 38, 51, 88, 10, 22, 62, 21, 86, 8, 41, 52, 4, 50, 63, 42, 6, 16, 79, 23, 57, 3, 74, 26, 87, 20, 31, 89, 53, 59, 24, 83, 61, 2, 39, 15, 13, 32, 67, 35, 43, 64, 77, 65, 78, 37, 7, 40, 76, 58, 69, 60, 84, 44, 72, 17, 30, 81, 49, 9, 25]
Correct solution
(w = 7) Building and Solving
Value Cyclic-Antibandwidth: 7
Labels: [59, 31, 41, 23, 7, 49, 37, 18, 72, 45, 38, 14, 48, 11, 32, 67, 13, 40, 73, 15, 53, 17, 34, 55, 25, 2, 29, 71, 64, 39, 51, 27, 56, 30, 43, 89, 47, 4, 16, 54, 90, 82, 9, 66, 87, 19, 10, 88, 81, 1, 5, 33, 60, 77, 3, 79, 28, 20, 61, 69, 58, 75, 84, 52, 35, 46, 85, 74, 44, 83, 68, 8, 24, 80, 12, 65, 6, 76, 26, 63, 21, 86, 62, 78, 70, 57, 22, 42, 50, 36]
Correct solution
(w = 8) Building and Solving
Value Cyclic-Antibandwidth: 8
Labels: [71, 11, 19, 7, 80, 27, 36, 18, 46, 1, 26, 70, 55, 73, 56, 45, 83, 51, 29, 75, 82, 66, 34, 54, 5, 79, 14, 85, 12, 90, 38, 61, 88, 10, 60, 62, 21, 86, 8, 47, 52, 4, 50, 63, 42, 6, 16, 30, 49, 57, 3, 74, 22, 87, 20, 33, 89, 53, 41, 24, 59, 81, 2, 39, 15, 13, 32, 67, 35, 43, 31, 77, 65, 78, 37, 23, 40, 76, 58, 69, 64, 84, 44, 72, 17, 68, 28, 48, 9, 25]
Correct solution
(w = 9) Building and Solving
Value Cyclic-Antibandwidth: 9
Labels: [59, 38, 14, 69, 35, 73, 45, 68, 88, 55, 13, 39, 54, 8, 65, 78, 10, 40, 50, 72, 81, 43, 77, 30, 83, 84, 9, 21, 57, 76, 34, 48, 24, 63, 85, 3, 53, 87, 29, 75, 25, 60, 16, 27, 11, 33, 61, 90, 20, 47, 26, 51, 70, 15, 5, 58, 19, 7, 41, 23, 28, 71, 46, 64, 42, 2, 74, 17, 37, 52, 66, 44, 67, 56, 36, 82, 1, 12, 22, 31, 86, 62, 6, 32, 79, 18, 49, 89, 80, 4]
Correct solution
(w = 10) Building and Solving
Value Cyclic-Antibandwidth: 10
Labels: [59, 38, 14, 69, 35, 73, 45, 68, 88, 55, 13, 39, 54, 8, 65, 78, 10, 40, 50, 72, 81, 43, 77, 30, 83, 84, 9, 21, 57, 76, 34, 48, 24, 63, 85, 3, 53, 87, 29, 75, 25, 60, 16, 27, 11, 33, 61, 90, 20, 47, 26, 51, 70, 15, 5, 58, 19, 7, 41, 23, 28, 71, 46, 64, 42, 2, 74, 17, 37, 52, 66, 44, 67, 22, 36, 82, 56, 12, 89, 31, 86, 62, 6, 32, 79, 18, 49, 1, 80, 4]
Correct solution
(w = 11) Building and Solving
Value Cyclic-Antibandwidth: 11
Labels: [59, 35, 49, 23, 88, 11, 37, 18, 72, 57, 38, 14, 33, 7, 64, 25, 62, 12, 73, 21, 53, 17, 32, 55, 90, 2, 29, 75, 15, 39, 51, 27, 4, 30, 43, 71, 47, 31, 16, 54, 40, 61, 46, 66, 87, 78, 10, 50, 81, 44, 89, 13, 60, 77, 3, 34, 79, 6, 28, 69, 19, 45, 84, 52, 82, 70, 85, 36, 80, 58, 68, 8, 24, 41, 5, 65, 9, 76, 26, 63, 20, 86, 56, 74, 42, 83, 22, 48, 1, 67]
Correct solution
(w = 12) Building and Solving
Value Cyclic-Antibandwidth: 12
Labels: [59, 35, 49, 23, 88, 11, 37, 18, 72, 57, 38, 14, 33, 7, 64, 25, 62, 12, 73, 21, 53, 17, 32, 55, 90, 2, 29, 75, 15, 39, 51, 27, 4, 30, 43, 71, 47, 31, 16, 54, 40, 61, 46, 66, 87, 78, 10, 50, 81, 44, 89, 13, 60, 77, 3, 34, 79, 6, 28, 69, 19, 45, 84, 52, 82, 70, 85, 36, 80, 58, 68, 8, 24, 41, 5, 65, 9, 76, 26, 63, 20, 86, 56, 74, 42, 83, 22, 48, 1, 67]
Correct solution
(w = 13) Building and Solving
Value Cyclic-Antibandwidth: 13
Labels: [59, 1, 14, 69, 35, 73, 45, 68, 27, 55, 21, 39, 54, 13, 65, 78, 10, 40, 56, 72, 33, 15, 77, 30, 83, 84, 9, 38, 57, 76, 34, 85, 24, 63, 8, 3, 53, 87, 29, 75, 25, 60, 16, 48, 11, 88, 61, 90, 20, 47, 26, 51, 70, 50, 5, 58, 22, 7, 41, 23, 28, 71, 46, 64, 42, 2, 74, 17, 37, 52, 66, 44, 67, 81, 36, 82, 43, 12, 89, 31, 86, 62, 6, 32, 79, 18, 49, 19, 80, 4]
Correct solution
(w = 14) Building and Solving
Value Cyclic-Antibandwidth: 14
Labels: [59, 1, 20, 69, 35, 73, 45, 68, 27, 55, 21, 39, 54, 13, 65, 78, 10, 40, 56, 72, 33, 15, 77, 30, 83, 84, 9, 38, 57, 76, 34, 85, 24, 63, 89, 3, 53, 87, 29, 75, 25, 60, 16, 48, 11, 88, 61, 90, 14, 47, 26, 51, 70, 50, 5, 58, 22, 7, 41, 23, 28, 71, 46, 64, 42, 2, 74, 17, 37, 52, 66, 44, 67, 8, 36, 82, 43, 12, 81, 31, 86, 62, 6, 32, 79, 18, 49, 19, 80, 4]
Correct solution
(w = 15) Building and Solving
Value Cyclic-Antibandwidth: 15
Labels: [59, 5, 20, 69, 35, 73, 45, 68, 27, 55, 21, 1, 54, 13, 65, 78, 10, 40, 56, 72, 33, 15, 77, 30, 83, 84, 9, 38, 57, 76, 34, 85, 24, 63, 89, 3, 53, 87, 29, 75, 25, 60, 16, 48, 11, 88, 61, 90, 22, 47, 26, 51, 70, 4, 19, 58, 39, 7, 41, 23, 28, 71, 46, 64, 42, 2, 74, 17, 37, 52, 66, 44, 67, 14, 36, 82, 50, 12, 81, 31, 86, 62, 6, 32, 79, 18, 49, 8, 80, 43]
Correct solution
(w = 16) Building and Solving
Value Cyclic-Antibandwidth: 16
Labels: [59, 1, 20, 69, 35, 73, 45, 68, 27, 55, 39, 5, 38, 13, 65, 78, 10, 40, 56, 72, 33, 9, 77, 30, 83, 84, 54, 21, 57, 76, 34, 89, 24, 63, 15, 3, 53, 87, 29, 75, 25, 60, 16, 48, 11, 88, 61, 90, 19, 47, 26, 51, 70, 4, 22, 58, 81, 7, 41, 23, 28, 71, 46, 64, 42, 2, 74, 17, 85, 52, 66, 44, 67, 14, 36, 82, 37, 12, 50, 31, 86, 62, 6, 32, 79, 18, 49, 8, 80, 43]
Correct solution
(w = 17) Building and Solving
Value Cyclic-Antibandwidth: 17
Labels: [59, 1, 20, 69, 35, 73, 45, 68, 27, 55, 38, 5, 56, 13, 65, 78, 10, 40, 14, 72, 33, 9, 77, 30, 83, 84, 54, 21, 57, 76, 34, 89, 24, 63, 15, 3, 53, 87, 29, 75, 25, 60, 16, 48, 11, 88, 61, 90, 22, 47, 26, 51, 70, 4, 50, 58, 39, 7, 41, 23, 28, 71, 46, 64, 42, 2, 74, 17, 85, 52, 66, 44, 67, 8, 36, 82, 37, 12, 81, 31, 86, 62, 6, 32, 79, 18, 49, 19, 80, 43]
Correct solution
(w = 18) Building and Solving
Value Cyclic-Antibandwidth: 18
Labels: [59, 1, 20, 69, 35, 73, 45, 68, 27, 55, 74, 13, 56, 22, 65, 78, 10, 40, 14, 72, 33, 9, 77, 30, 83, 84, 54, 21, 57, 76, 34, 89, 24, 63, 15, 3, 53, 87, 29, 75, 25, 60, 16, 48, 11, 88, 61, 90, 19, 47, 26, 51, 70, 4, 38, 58, 39, 7, 41, 23, 28, 71, 46, 64, 42, 2, 50, 17, 85, 52, 66, 44, 67, 5, 36, 82, 37, 12, 81, 31, 86, 62, 6, 32, 79, 18, 49, 8, 80, 43]
Correct solution
(w = 19) Building and Solving
Value Cyclic-Antibandwidth: 19
Labels: [59, 1, 20, 69, 35, 64, 45, 68, 14, 55, 27, 89, 56, 22, 65, 78, 10, 40, 5, 72, 33, 9, 77, 30, 83, 84, 54, 21, 57, 76, 34, 73, 24, 63, 15, 3, 53, 87, 29, 75, 25, 60, 16, 48, 11, 88, 61, 90, 19, 47, 26, 51, 70, 4, 38, 58, 39, 7, 74, 23, 28, 71, 46, 81, 42, 2, 41, 17, 85, 52, 66, 44, 67, 8, 36, 82, 37, 12, 50, 31, 86, 62, 6, 32, 79, 18, 49, 13, 80, 43]
Correct solution
(w = 20) Building and Solving
Value Cyclic-Antibandwidth: 20
Labels: [41, 5, 38, 69, 35, 81, 45, 68, 14, 55, 27, 1, 56, 22, 65, 78, 10, 40, 15, 72, 33, 9, 77, 30, 83, 84, 54, 21, 50, 76, 34, 89, 24, 63, 39, 3, 53, 87, 29, 75, 25, 60, 16, 70, 11, 88, 61, 90, 20, 47, 26, 51, 73, 4, 67, 58, 37, 7, 48, 23, 28, 71, 46, 13, 57, 2, 64, 17, 85, 52, 66, 44, 8, 59, 36, 82, 42, 12, 74, 31, 86, 62, 6, 32, 79, 18, 49, 19, 80, 43]
Correct solution
(w = 21) Building and Solving
Value Cyclic-Antibandwidth: 21
Labels: [41, 5, 38, 69, 35, 81, 45, 68, 14, 55, 27, 1, 56, 20, 65, 78, 10, 40, 15, 72, 33, 9, 77, 30, 83, 84, 54, 21, 50, 76, 34, 89, 24, 63, 39, 3, 53, 87, 29, 75, 25, 60, 16, 70, 11, 88, 61, 90, 22, 47, 26, 51, 73, 4, 67, 58, 37, 7, 48, 23, 28, 71, 46, 13, 57, 2, 64, 17, 85, 52, 66, 44, 8, 59, 36, 82, 42, 12, 74, 31, 86, 62, 6, 32, 79, 18, 49, 19, 80, 43]
Correct solution
(w = 22) Building and Solving
Value Cyclic-Antibandwidth: 22
Labels: [41, 8, 38, 69, 35, 81, 45, 68, 14, 55, 27, 1, 56, 20, 65, 78, 10, 40, 13, 72, 33, 9, 77, 30, 83, 84, 54, 21, 50, 76, 34, 67, 24, 63, 15, 3, 53, 87, 29, 75, 25, 60, 16, 70, 11, 88, 61, 90, 22, 47, 26, 51, 73, 42, 5, 74, 39, 7, 48, 23, 28, 71, 46, 4, 57, 2, 64, 17, 85, 52, 66, 44, 89, 59, 36, 82, 37, 12, 58, 31, 86, 62, 6, 32, 79, 18, 49, 19, 80, 43]
Correct solution
(w = 23) Building and Solving
Value Cyclic-Antibandwidth: 23
Labels: [87, 44, 1, 63, 34, 84, 41, 64, 38, 14, 37, 76, 22, 59, 19, 30, 67, 16, 72, 46, 20, 68, 33, 65, 32, 29, 69, 23, 60, 12, 35, 4, 51, 24, 49, 2, 25, 55, 26, 77, 53, 3, 52, 5, 28, 15, 58, 83, 36, 86, 27, 88, 62, 39, 90, 9, 43, 8, 45, 6, 70, 7, 71, 10, 47, 73, 21, 74, 50, 75, 48, 13, 56, 11, 78, 79, 31, 80, 54, 81, 82, 40, 17, 61, 85, 57, 18, 42, 66, 89]
Correct solution
(w = 24) Building and Solving
Value Cyclic-Antibandwidth: 24
Labels: [49, 20, 53, 7, 73, 48, 72, 12, 63, 89, 36, 86, 61, 17, 82, 77, 26, 71, 16, 44, 47, 8, 70, 23, 66, 80, 28, 57, 85, 35, 50, 90, 25, 64, 24, 9, 40, 69, 10, 39, 83, 27, 3, 30, 78, 29, 4, 42, 79, 37, 41, 68, 15, 52, 88, 33, 62, 2, 60, 5, 32, 56, 81, 46, 19, 75, 21, 74, 18, 45, 51, 84, 55, 14, 54, 31, 76, 43, 87, 22, 59, 13, 65, 38, 11, 34, 67, 6, 58, 1]
Correct solution
(w = 25) Building and Solving
Value Cyclic-Antibandwidth: 25
Labels: [16, 44, 11, 67, 29, 3, 57, 6, 43, 72, 27, 2, 47, 82, 31, 73, 48, 23, 51, 77, 18, 49, 75, 22, 54, 74, 40, 15, 62, 26, 30, 1, 55, 17, 70, 64, 4, 33, 59, 89, 39, 69, 36, 85, 50, 84, 45, 20, 56, 8, 37, 65, 90, 60, 25, 81, 24, 76, 13, 63, 46, 12, 68, 9, 41, 87, 35, 71, 19, 83, 61, 32, 5, 34, 88, 21, 79, 42, 14, 66, 28, 78, 52, 86, 53, 80, 38, 10, 58, 7]
Correct solution
(w = 26) Building and Solving
[runlim] sample:		10.8 time, 10.1 real, 137.0 MB
Value Cyclic-Antibandwidth: 26
Labels: [73, 44, 90, 59, 33, 83, 34, 8, 68, 6, 39, 13, 40, 82, 28, 45, 89, 25, 58, 26, 3, 29, 55, 16, 74, 38, 88, 42, 15, 53, 2, 56, 30, 71, 12, 67, 18, 54, 19, 64, 20, 61, 87, 23, 86, 60, 21, 84, 22, 62, 36, 1, 65, 32, 66, 4, 43, 69, 10, 37, 70, 41, 7, 46, 17, 11, 47, 14, 48, 75, 76, 49, 77, 50, 78, 79, 51, 80, 52, 81, 24, 57, 5, 31, 85, 72, 9, 35, 63, 27]
Correct solution
(w = 27) Building and Solving
Value Cyclic-Antibandwidth: 27
Labels: [87, 44, 90, 63, 33, 5, 54, 27, 67, 14, 51, 16, 79, 38, 2, 29, 78, 39, 11, 71, 8, 66, 17, 74, 37, 59, 18, 72, 45, 13, 23, 86, 46, 19, 50, 77, 22, 60, 30, 85, 55, 82, 28, 88, 56, 84, 24, 61, 25, 58, 64, 12, 43, 6, 34, 35, 62, 1, 41, 69, 70, 15, 42, 9, 40, 83, 48, 20, 47, 75, 76, 49, 10, 73, 26, 21, 52, 80, 32, 81, 3, 31, 4, 57, 89, 53, 7, 68, 36, 65]
Correct solution
(w = 28) Building and Solving
Value Cyclic-Antibandwidth: 28
Labels: [12, 44, 4, 57, 21, 83, 32, 2, 31, 70, 10, 46, 17, 45, 1, 63, 19, 61, 20, 76, 16, 66, 37, 3, 51, 38, 69, 15, 73, 35, 29, 68, 40, 9, 52, 54, 82, 27, 88, 33, 55, 86, 26, 84, 56, 60, 90, 62, 6, 34, 64, 23, 65, 25, 53, 87, 48, 7, 41, 13, 14, 71, 42, 72, 11, 50, 22, 74, 18, 75, 79, 47, 8, 36, 78, 77, 49, 80, 39, 81, 5, 67, 28, 58, 30, 59, 24, 85, 43, 89]
Correct solution
(w = 29) Building and Solving
Value Cyclic-Antibandwidth: 29
Labels: [87, 41, 90, 57, 13, 54, 25, 64, 32, 89, 43, 14, 69, 40, 79, 26, 74, 23, 52, 20, 10, 39, 9, 38, 72, 42, 12, 46, 78, 17, 21, 51, 22, 83, 47, 58, 2, 53, 86, 49, 85, 56, 88, 59, 1, 61, 5, 62, 31, 63, 33, 4, 35, 6, 66, 67, 34, 68, 7, 48, 44, 15, 70, 11, 71, 73, 29, 75, 18, 50, 65, 36, 76, 16, 45, 8, 37, 80, 28, 81, 82, 27, 84, 24, 55, 19, 77, 30, 60, 3]
Correct solution
(w = 30) Building and Solving
Value Cyclic-Antibandwidth: 30
Labels: [53, 6, 39, 78, 30, 79, 40, 70, 10, 42, 74, 14, 64, 33, 89, 5, 37, 67, 29, 77, 56, 13, 50, 84, 28, 8, 57, 87, 55, 24, 21, 51, 18, 75, 43, 88, 49, 3, 34, 4, 31, 62, 2, 32, 83, 7, 46, 86, 27, 66, 15, 71, 36, 68, 12, 65, 9, 41, 80, 23, 73, 38, 76, 19, 63, 25, 85, 52, 20, 60, 45, 82, 48, 17, 58, 16, 69, 35, 90, 44, 72, 26, 61, 11, 54, 59, 22, 81, 47, 1]
Correct solution
(w = 31) Building and Solving
Value Cyclic-Antibandwidth: 31
Labels: [87, 45, 4, 60, 25, 84, 42, 11, 47, 8, 58, 19, 70, 16, 67, 41, 90, 38, 85, 32, 13, 71, 40, 80, 28, 61, 9, 54, 22, 53, 29, 62, 20, 57, 89, 83, 51, 88, 30, 78, 52, 21, 59, 12, 49, 1, 33, 2, 48, 81, 65, 18, 64, 23, 66, 79, 35, 68, 36, 3, 63, 15, 56, 10, 69, 7, 39, 74, 31, 75, 77, 46, 14, 73, 27, 17, 50, 5, 44, 86, 55, 24, 82, 43, 6, 26, 72, 34, 76, 37]
Correct solution
(w = 32) Building and Solving
[runlim] sample:		25.9 time, 20.1 real, 183.8 MB
Value Cyclic-Antibandwidth: 32
Labels: [89, 44, 9, 66, 34, 81, 28, 86, 33, 85, 43, 84, 36, 87, 47, 37, 3, 53, 21, 69, 83, 41, 73, 17, 64, 49, 2, 57, 25, 68, 8, 46, 88, 54, 14, 75, 23, 55, 22, 80, 35, 1, 59, 27, 77, 76, 30, 62, 11, 63, 51, 19, 65, 18, 50, 71, 31, 74, 16, 61, 38, 6, 42, 10, 48, 90, 40, 4, 52, 20, 39, 82, 45, 5, 60, 72, 26, 78, 32, 79, 29, 67, 15, 70, 12, 7, 56, 24, 58, 13]
Correct solution
(w = 33) Building and Solving
Value Cyclic-Antibandwidth: 33
Labels: [10, 43, 79, 25, 59, 3, 36, 82, 48, 12, 52, 85, 28, 61, 5, 53, 14, 62, 9, 54, 76, 21, 60, 6, 45, 44, 88, 38, 74, 26, 81, 33, 68, 13, 70, 8, 51, 16, 65, 30, 58, 15, 66, 27, 63, 2, 56, 23, 57, 22, 34, 69, 24, 78, 42, 7, 64, 29, 77, 31, 50, 90, 35, 1, 55, 11, 67, 17, 71, 18, 49, 84, 39, 72, 20, 83, 32, 89, 46, 86, 4, 37, 73, 19, 75, 40, 80, 47, 87, 41]
Correct solution
(w = 34) Building and Solving
Value Cyclic-Antibandwidth: 34
Labels: [87, 45, 11, 58, 23, 75, 20, 76, 33, 89, 39, 5, 43, 1, 53, 47, 85, 51, 88, 46, 2, 36, 70, 35, 77, 64, 30, 83, 34, 86, 24, 80, 32, 68, 31, 65, 9, 56, 4, 57, 41, 90, 40, 78, 44, 62, 6, 42, 7, 49, 21, 55, 15, 66, 16, 67, 13, 69, 28, 72, 37, 3, 50, 84, 29, 73, 18, 63, 26, 79, 48, 14, 59, 25, 81, 82, 27, 61, 12, 52, 38, 74, 19, 71, 22, 8, 54, 10, 60, 17]
Correct solution
(w = 35) Building and Solving
Value Cyclic-Antibandwidth: 35
Labels: [77, 22, 75, 32, 79, 44, 2, 55, 6, 41, 76, 21, 67, 27, 71, 24, 65, 30, 81, 46, 59, 4, 53, 89, 50, 20, 74, 19, 66, 29, 87, 49, 1, 54, 17, 40, 3, 58, 23, 63, 7, 62, 26, 73, 25, 43, 8, 56, 10, 52, 12, 47, 11, 48, 5, 60, 14, 68, 13, 61, 90, 35, 88, 38, 80, 39, 82, 45, 84, 42, 64, 9, 51, 15, 57, 31, 86, 33, 83, 28, 78, 36, 85, 34, 69, 16, 70, 18, 72, 37]
Correct solution
(w = 36) Building and Solving
Value Cyclic-Antibandwidth: 36
Labels: [70, 18, 72, 25, 73, 31, 80, 38, 2, 50, 10, 46, 85, 43, 79, 28, 71, 33, 69, 23, 58, 14, 61, 11, 64, 36, 76, 22, 68, 20, 75, 39, 83, 45, 6, 24, 60, 19, 62, 16, 67, 17, 59, 12, 56, 26, 74, 37, 89, 53, 82, 34, 88, 44, 90, 54, 1, 48, 86, 32, 13, 51, 87, 49, 7, 52, 9, 55, 4, 40, 84, 35, 77, 30, 66, 41, 81, 42, 78, 29, 3, 57, 8, 47, 5, 27, 63, 15, 65, 21]
Correct solution
(w = 37) Building and Solving
[runlim] sample:		43.5 time, 30.1 real, 262.0 MB
Value Cyclic-Antibandwidth: 37
Labels: [77, 25, 78, 40, 89, 46, 6, 54, 17, 70, 27, 79, 42, 86, 45, 37, 88, 39, 85, 44, 62, 12, 63, 10, 47, 38, 90, 43, 82, 30, 1, 53, 15, 64, 26, 50, 87, 49, 11, 61, 84, 34, 83, 35, 75, 48, 9, 60, 23, 72, 14, 67, 28, 65, 16, 68, 20, 69, 19, 56, 21, 59, 18, 55, 4, 66, 22, 71, 24, 74, 31, 80, 29, 81, 41, 3, 51, 5, 58, 13, 33, 76, 32, 73, 36, 2, 52, 7, 57, 8]
Correct solution
(w = 38) Building and Solving
Value Cyclic-Antibandwidth: 38
Labels: [77, 28, 68, 16, 54, 3, 49, 10, 56, 8, 53, 5, 45, 87, 35, 32, 81, 36, 85, 46, 67, 29, 80, 31, 76, 19, 69, 18, 63, 25, 61, 21, 72, 27, 74, 7, 47, 9, 59, 12, 50, 89, 37, 75, 33, 88, 38, 82, 41, 83, 57, 17, 62, 24, 70, 15, 66, 14, 65, 20, 51, 2, 42, 4, 43, 11, 60, 22, 71, 26, 55, 6, 44, 90, 52, 86, 34, 79, 40, 84, 48, 1, 39, 78, 30, 73, 23, 64, 13, 58]
Correct solution
(w = 39) Building and Solving
Value Cyclic-Antibandwidth: 39
Labels: [47, 8, 55, 13, 64, 22, 72, 29, 77, 38, 80, 33, 78, 27, 74, 3, 46, 1, 49, 4, 54, 12, 56, 17, 61, 11, 62, 23, 68, 20, 52, 9, 50, 6, 53, 15, 63, 14, 58, 7, 66, 26, 71, 24, 67, 21, 60, 16, 57, 10, 76, 25, 65, 18, 59, 37, 88, 42, 90, 48, 87, 45, 5, 44, 86, 35, 82, 31, 70, 19, 84, 40, 89, 43, 83, 36, 81, 41, 2, 51, 69, 28, 73, 30, 75, 32, 79, 34, 85, 39]
Correct solution
(w = 40) Building and Solving
[runlim] sample:		77.0 time, 40.1 real, 194.7 MB
[runlim] sample:		111.8 time, 50.1 real, 407.8 MB
[runlim] sample:		141.8 time, 60.1 real, 409.9 MB
[runlim] sample:		171.8 time, 70.1 real, 433.3 MB
[runlim] sample:		201.8 time, 80.1 real, 459.6 MB
Value Cyclic-Antibandwidth: 40
Labels: [65, 16, 57, 9, 53, 8, 58, 17, 67, 27, 75, 34, 79, 39, 86, 25, 72, 31, 74, 28, 63, 20, 62, 21, 66, 10, 51, 7, 50, 5, 54, 6, 52, 12, 56, 4, 47, 1, 46, 2, 48, 90, 41, 89, 44, 13, 60, 14, 55, 11, 61, 15, 64, 19, 59, 24, 69, 23, 68, 18, 77, 30, 78, 38, 88, 35, 76, 36, 80, 32, 83, 42, 87, 40, 84, 29, 70, 26, 71, 22, 82, 37, 81, 33, 73, 45, 85, 43, 3, 49]
Correct solution
(w = 41) Building and Solving
[runlim] sample:		236.5 time, 90.1 real, 424.6 MB
[runlim] sample:		266.5 time, 100.1 real, 424.6 MB
[runlim] sample:		296.5 time, 110.1 real, 424.6 MB
[runlim] sample:		326.5 time, 120.1 real, 426.1 MB
[runlim] sample:		356.5 time, 130.1 real, 426.2 MB
[runlim] sample:		386.5 time, 140.1 real, 450.7 MB
[runlim] sample:		416.5 time, 150.1 real, 441.9 MB
[runlim] end:			Sun Nov  2 09:07:12 2025
[runlim] status:		out of time
[runlim] result:		2
[runlim] children:		0
[runlim] real:			150.13 seconds
[runlim] time:			416.52 seconds
[runlim] space:			459.6 MB
[runlim] samples:		1500
