[runlim] version:		1.10
[runlim] time limit:		311040000 seconds
[runlim] real time limit:	150 seconds
[runlim] space limit:		30000 MB
[runlim] argv[0]:		python3
[runlim] argv[1]:		model_MIP_CPLEX.py
[runlim] argv[2]:		./graph/caterpillar/caterpillar_20_10.txt
[runlim] start:			Sun Nov  2 09:19:42 2025
[runlim] main pid:		34339
[runlim] log captured:
(w = 4) Building and Solving
Value Cyclic-Antibandwidth: 4
Labels: [123, 19, 14, 152, 49, 138, 156, 10, 97, 116, 35, 46, 179, 58, 36, 154, 3, 71, 87, 142, 6, 95, 166, 41, 161, 40, 90, 113, 60, 94, 21, 91, 186, 191, 86, 164, 155, 130, 140, 200, 67, 23, 165, 120, 50, 9, 157, 106, 12, 77, 73, 190, 103, 37, 89, 197, 195, 144, 18, 112, 167, 117, 70, 111, 194, 101, 173, 2, 131, 135, 96, 4, 72, 47, 1, 100, 132, 180, 93, 28, 187, 175, 32, 22, 196, 54, 39, 178, 148, 56, 76, 43, 122, 162, 78, 183, 61, 159, 63, 160, 69, 181, 20, 83, 75, 104, 141, 107, 66, 16, 27, 82, 62, 193, 153, 38, 168, 34, 172, 177, 29, 129, 44, 68, 136, 182, 31, 24, 85, 189, 126, 115, 171, 81, 158, 137, 98, 151, 80, 174, 52, 108, 79, 133, 188, 15, 92, 199, 192, 26, 7, 185, 198, 25, 48, 150, 13, 102, 84, 55, 128, 33, 147, 59, 88, 11, 64, 53, 110, 121, 146, 99, 170, 125, 65, 184, 169, 114, 145, 163, 176, 149, 5, 127, 17, 42, 30, 109, 51, 105, 119, 8, 45, 118, 74, 124, 134, 57, 143, 139]
Correct solution
(w = 5) Building and Solving
Value Cyclic-Antibandwidth: 5
Labels: [52, 19, 14, 152, 49, 138, 156, 10, 97, 116, 35, 46, 179, 58, 36, 89, 3, 71, 87, 142, 6, 95, 166, 41, 161, 40, 90, 113, 60, 94, 21, 107, 123, 191, 86, 164, 155, 130, 140, 200, 67, 23, 165, 120, 50, 9, 157, 106, 12, 51, 73, 190, 103, 37, 186, 197, 195, 144, 18, 112, 167, 117, 70, 111, 29, 101, 173, 2, 141, 135, 96, 177, 72, 47, 136, 100, 132, 180, 93, 28, 187, 175, 32, 4, 196, 54, 39, 92, 148, 56, 76, 193, 122, 162, 78, 24, 61, 159, 63, 160, 69, 181, 20, 1, 75, 104, 178, 154, 66, 16, 7, 82, 62, 27, 153, 38, 168, 34, 172, 194, 143, 129, 83, 68, 43, 182, 31, 22, 85, 189, 126, 115, 171, 81, 158, 137, 98, 151, 80, 174, 169, 108, 79, 133, 188, 15, 44, 199, 192, 26, 131, 185, 198, 25, 48, 150, 13, 102, 84, 55, 128, 33, 147, 59, 88, 11, 64, 53, 110, 121, 99, 77, 170, 125, 65, 184, 91, 114, 145, 163, 176, 149, 5, 127, 17, 42, 30, 109, 146, 105, 119, 8, 45, 118, 74, 124, 134, 57, 183, 139]
Correct solution
(w = 6) Building and Solving
Value Cyclic-Antibandwidth: 6
Labels: [52, 19, 195, 152, 49, 138, 156, 10, 97, 116, 35, 46, 179, 58, 43, 89, 3, 71, 87, 142, 6, 95, 166, 41, 161, 40, 90, 113, 60, 94, 21, 107, 123, 191, 86, 164, 155, 130, 140, 200, 67, 23, 165, 120, 50, 9, 157, 174, 12, 51, 73, 190, 103, 37, 186, 197, 38, 144, 18, 112, 82, 117, 70, 111, 29, 101, 173, 2, 141, 135, 96, 177, 72, 47, 1, 100, 132, 180, 93, 28, 187, 167, 32, 22, 196, 54, 39, 92, 148, 56, 76, 193, 122, 162, 78, 25, 61, 159, 63, 160, 69, 181, 20, 83, 75, 104, 178, 154, 66, 16, 27, 14, 62, 147, 153, 128, 168, 34, 172, 194, 143, 129, 44, 68, 136, 182, 31, 24, 85, 189, 126, 115, 171, 81, 158, 137, 98, 151, 80, 131, 169, 108, 79, 133, 188, 15, 33, 199, 192, 26, 7, 185, 198, 175, 48, 150, 4, 102, 13, 55, 84, 106, 36, 59, 88, 11, 64, 53, 110, 121, 99, 77, 170, 125, 65, 184, 91, 114, 145, 163, 176, 149, 5, 127, 17, 42, 30, 109, 146, 105, 119, 8, 45, 118, 74, 124, 134, 57, 183, 139]
Correct solution
(w = 7) Building and Solving
Value Cyclic-Antibandwidth: 7
Labels: [52, 19, 65, 152, 49, 138, 20, 10, 97, 116, 35, 73, 179, 58, 36, 89, 174, 71, 196, 142, 6, 95, 166, 41, 161, 40, 90, 53, 60, 94, 21, 107, 123, 191, 86, 164, 155, 130, 140, 200, 67, 23, 165, 120, 50, 9, 157, 106, 12, 77, 135, 190, 103, 37, 186, 197, 195, 144, 18, 112, 82, 117, 70, 111, 29, 101, 173, 2, 141, 156, 96, 177, 72, 47, 1, 100, 132, 180, 93, 28, 187, 167, 32, 22, 105, 54, 39, 137, 148, 56, 76, 43, 122, 162, 78, 25, 61, 159, 63, 160, 69, 181, 128, 83, 75, 104, 178, 154, 66, 16, 27, 14, 62, 193, 153, 38, 168, 34, 172, 194, 143, 129, 44, 68, 136, 182, 31, 24, 85, 189, 126, 115, 171, 81, 158, 113, 98, 151, 80, 131, 169, 108, 79, 133, 119, 15, 92, 199, 192, 26, 7, 185, 198, 175, 48, 150, 4, 102, 13, 55, 84, 33, 147, 59, 88, 11, 64, 46, 110, 121, 146, 99, 170, 125, 87, 184, 91, 114, 145, 163, 176, 149, 5, 127, 17, 42, 30, 109, 51, 188, 3, 8, 45, 118, 74, 124, 134, 57, 183, 139]
Correct solution
(w = 8) Building and Solving
Value Cyclic-Antibandwidth: 8
Labels: [52, 19, 65, 152, 49, 138, 20, 10, 97, 15, 35, 73, 179, 58, 36, 89, 174, 71, 196, 142, 6, 95, 166, 41, 161, 40, 90, 113, 60, 94, 21, 91, 123, 191, 86, 164, 155, 130, 140, 200, 67, 23, 165, 120, 50, 9, 157, 106, 12, 77, 135, 190, 103, 37, 186, 197, 195, 144, 18, 112, 82, 117, 70, 111, 175, 101, 173, 2, 141, 156, 96, 177, 72, 47, 136, 100, 132, 180, 109, 28, 187, 167, 32, 76, 105, 54, 39, 92, 148, 56, 116, 29, 122, 162, 78, 24, 61, 159, 63, 160, 69, 181, 128, 1, 75, 104, 178, 107, 66, 16, 27, 14, 62, 193, 153, 38, 168, 34, 172, 194, 143, 129, 83, 68, 43, 182, 31, 22, 85, 189, 126, 115, 171, 81, 93, 137, 98, 151, 80, 131, 169, 108, 79, 133, 119, 110, 44, 154, 192, 26, 7, 185, 198, 25, 48, 150, 4, 102, 13, 55, 84, 33, 147, 59, 88, 11, 64, 53, 5, 121, 158, 99, 170, 125, 87, 199, 46, 114, 145, 163, 176, 149, 146, 127, 17, 42, 30, 184, 51, 188, 3, 8, 45, 118, 74, 124, 134, 57, 183, 139]
Correct solution
(w = 9) Building and Solving
Value Cyclic-Antibandwidth: 9
Labels: [52, 19, 195, 152, 49, 138, 20, 10, 134, 15, 116, 99, 179, 58, 36, 89, 174, 71, 87, 142, 6, 95, 166, 41, 161, 40, 90, 113, 60, 94, 21, 91, 123, 191, 86, 164, 155, 130, 140, 200, 67, 23, 165, 120, 50, 9, 157, 106, 12, 51, 73, 190, 103, 37, 186, 197, 38, 144, 18, 112, 82, 117, 70, 111, 175, 101, 173, 2, 141, 156, 96, 177, 72, 47, 136, 100, 132, 180, 109, 28, 187, 167, 32, 22, 196, 54, 39, 92, 148, 56, 76, 29, 122, 162, 78, 24, 61, 159, 63, 160, 69, 181, 145, 1, 75, 104, 178, 107, 66, 16, 27, 14, 62, 193, 153, 128, 168, 34, 172, 68, 143, 129, 44, 83, 43, 182, 31, 188, 85, 189, 126, 115, 151, 81, 93, 137, 98, 30, 97, 131, 169, 108, 79, 133, 119, 110, 80, 154, 192, 26, 7, 185, 198, 25, 48, 150, 4, 102, 13, 55, 84, 33, 147, 59, 88, 11, 64, 53, 5, 121, 158, 77, 170, 125, 65, 199, 46, 114, 194, 163, 176, 149, 171, 127, 17, 42, 139, 184, 146, 105, 3, 8, 45, 118, 74, 124, 35, 57, 183, 135]
Correct solution
(w = 10) Building and Solving
Value Cyclic-Antibandwidth: 10
Labels: [52, 19, 195, 152, 49, 138, 20, 10, 97, 116, 37, 79, 179, 58, 36, 89, 174, 71, 87, 142, 6, 95, 166, 41, 161, 40, 90, 113, 60, 94, 21, 91, 123, 191, 17, 164, 86, 130, 140, 200, 67, 23, 165, 120, 50, 9, 157, 106, 12, 51, 73, 190, 103, 127, 186, 197, 38, 144, 18, 112, 82, 117, 70, 111, 175, 101, 173, 2, 141, 156, 96, 4, 72, 47, 136, 100, 132, 180, 109, 28, 187, 167, 32, 22, 196, 54, 39, 92, 5, 56, 76, 29, 122, 162, 78, 25, 61, 159, 93, 160, 69, 181, 145, 1, 75, 104, 178, 107, 66, 16, 27, 14, 62, 193, 153, 128, 168, 34, 134, 68, 143, 129, 44, 83, 43, 182, 31, 188, 85, 189, 126, 115, 151, 81, 158, 137, 98, 30, 148, 131, 169, 155, 102, 133, 119, 15, 80, 154, 192, 26, 7, 185, 198, 35, 48, 150, 63, 24, 13, 55, 84, 33, 147, 59, 88, 172, 64, 53, 110, 121, 99, 77, 170, 125, 65, 199, 46, 114, 194, 163, 176, 149, 171, 11, 177, 42, 139, 184, 146, 105, 3, 8, 45, 118, 74, 124, 108, 57, 183, 135]
Correct solution
(w = 11) Building and Solving
Value Cyclic-Antibandwidth: 11
Labels: [52, 19, 195, 152, 49, 138, 20, 188, 134, 15, 116, 79, 179, 58, 36, 89, 174, 71, 87, 142, 6, 95, 166, 41, 161, 10, 90, 113, 60, 94, 21, 91, 123, 191, 17, 164, 86, 130, 140, 200, 67, 23, 165, 120, 50, 9, 157, 106, 12, 51, 73, 190, 103, 37, 186, 197, 38, 144, 18, 112, 82, 117, 70, 111, 175, 101, 173, 2, 141, 156, 96, 177, 72, 47, 136, 100, 132, 180, 109, 28, 187, 167, 97, 22, 196, 54, 39, 92, 5, 56, 76, 29, 122, 162, 78, 25, 61, 159, 93, 160, 69, 181, 145, 1, 75, 104, 178, 107, 66, 16, 27, 14, 62, 193, 153, 128, 168, 34, 172, 68, 143, 129, 44, 83, 43, 182, 31, 63, 85, 189, 126, 115, 151, 81, 158, 137, 98, 30, 148, 131, 169, 155, 102, 133, 119, 32, 80, 154, 192, 26, 7, 185, 198, 35, 48, 150, 4, 24, 13, 55, 84, 33, 147, 59, 88, 40, 64, 53, 110, 121, 99, 77, 170, 125, 65, 199, 46, 114, 194, 163, 176, 149, 171, 127, 11, 42, 139, 184, 146, 105, 3, 8, 45, 118, 74, 124, 108, 57, 183, 135]
Correct solution
(w = 12) Building and Solving
[runlim] sample:		10.8 time, 10.1 real, 252.3 MB
Value Cyclic-Antibandwidth: 12
Labels: [46, 97, 78, 44, 161, 41, 125, 183, 23, 88, 120, 139, 163, 192, 73, 117, 167, 136, 70, 131, 115, 153, 45, 113, 10, 128, 66, 31, 188, 168, 185, 127, 3, 92, 166, 102, 170, 29, 122, 47, 79, 186, 77, 16, 99, 179, 49, 116, 12, 180, 80, 7, 85, 149, 193, 112, 87, 38, 103, 165, 56, 109, 142, 159, 135, 194, 155, 53, 145, 68, 20, 190, 144, 178, 196, 25, 42, 121, 90, 62, 171, 51, 134, 151, 55, 5, 143, 2, 140, 33, 174, 76, 74, 54, 129, 9, 59, 86, 137, 184, 27, 173, 32, 199, 89, 118, 95, 107, 83, 172, 146, 19, 75, 132, 22, 61, 123, 14, 187, 18, 101, 65, 114, 6, 191, 30, 133, 48, 141, 69, 152, 182, 60, 82, 50, 160, 94, 162, 26, 43, 98, 110, 1, 138, 52, 181, 198, 169, 111, 164, 21, 4, 147, 40, 72, 57, 157, 8, 189, 91, 39, 130, 100, 148, 154, 11, 67, 177, 158, 197, 176, 93, 108, 17, 37, 175, 71, 124, 58, 28, 84, 64, 195, 34, 106, 200, 13, 81, 35, 96, 150, 119, 36, 156, 104, 15, 105, 63, 126, 24]
Correct solution
(w = 13) Building and Solving
Value Cyclic-Antibandwidth: 13
Labels: [59, 19, 119, 152, 49, 138, 20, 65, 97, 15, 35, 73, 179, 116, 36, 153, 3, 71, 87, 142, 6, 95, 166, 41, 161, 148, 90, 53, 38, 94, 21, 107, 123, 191, 17, 164, 86, 130, 140, 200, 67, 23, 165, 120, 50, 9, 157, 106, 12, 77, 14, 27, 103, 37, 89, 197, 195, 144, 18, 112, 82, 117, 70, 111, 175, 101, 173, 2, 131, 156, 96, 4, 72, 47, 136, 100, 132, 180, 109, 60, 187, 167, 32, 22, 196, 149, 51, 178, 192, 56, 76, 29, 122, 162, 78, 24, 61, 159, 93, 160, 69, 181, 145, 83, 62, 104, 141, 154, 66, 16, 7, 186, 105, 193, 91, 128, 168, 34, 134, 10, 143, 129, 44, 68, 43, 182, 31, 63, 85, 189, 163, 115, 151, 81, 158, 137, 98, 30, 80, 174, 52, 155, 102, 133, 188, 110, 92, 199, 169, 26, 75, 185, 198, 25, 48, 28, 13, 126, 39, 55, 84, 33, 79, 1, 88, 172, 64, 46, 5, 121, 146, 99, 170, 125, 58, 11, 190, 114, 194, 150, 176, 147, 171, 127, 177, 42, 139, 184, 113, 40, 54, 8, 45, 118, 74, 124, 108, 57, 183, 135]
Correct solution
(w = 14) Building and Solving
Value Cyclic-Antibandwidth: 14
Labels: [59, 19, 119, 152, 49, 138, 48, 65, 97, 15, 35, 99, 179, 116, 36, 153, 3, 71, 196, 142, 6, 25, 166, 41, 161, 10, 90, 53, 38, 189, 21, 107, 123, 191, 20, 164, 86, 130, 140, 200, 102, 23, 165, 120, 50, 9, 157, 106, 12, 51, 73, 27, 103, 37, 89, 197, 195, 144, 18, 112, 82, 117, 70, 111, 29, 101, 173, 2, 131, 156, 96, 177, 72, 47, 136, 100, 132, 180, 109, 60, 187, 167, 32, 22, 105, 54, 39, 92, 192, 56, 76, 193, 122, 162, 78, 24, 61, 159, 93, 160, 69, 181, 85, 145, 75, 104, 178, 154, 66, 16, 7, 186, 62, 151, 91, 128, 168, 34, 134, 68, 143, 129, 44, 83, 43, 182, 31, 63, 141, 95, 163, 115, 14, 94, 158, 137, 98, 30, 148, 174, 52, 155, 79, 133, 188, 110, 80, 199, 169, 26, 185, 81, 198, 175, 87, 28, 4, 126, 13, 55, 84, 33, 147, 1, 88, 172, 64, 46, 5, 121, 146, 77, 170, 125, 58, 11, 190, 114, 194, 150, 176, 149, 171, 127, 17, 42, 139, 184, 113, 40, 67, 8, 45, 118, 74, 124, 108, 57, 183, 135]
Correct solution
(w = 15) Building and Solving
Value Cyclic-Antibandwidth: 15
Labels: [111, 15, 58, 32, 101, 162, 36, 129, 18, 151, 82, 145, 67, 107, 77, 13, 28, 120, 80, 157, 194, 155, 11, 148, 170, 71, 164, 127, 61, 182, 154, 133, 198, 29, 159, 109, 30, 167, 42, 66, 135, 17, 60, 83, 181, 149, 79, 113, 92, 44, 130, 85, 51, 24, 106, 41, 172, 99, 74, 115, 141, 156, 86, 121, 174, 116, 189, 126, 150, 90, 59, 112, 3, 173, 70, 38, 136, 33, 187, 9, 160, 97, 16, 110, 69, 196, 114, 19, 183, 35, 8, 89, 134, 31, 180, 128, 37, 94, 25, 63, 124, 26, 146, 131, 168, 118, 175, 45, 185, 1, 190, 123, 87, 138, 165, 40, 95, 68, 195, 10, 96, 4, 53, 84, 7, 179, 43, 102, 152, 54, 2, 139, 23, 48, 140, 158, 186, 27, 147, 47, 197, 117, 200, 64, 88, 192, 153, 171, 91, 52, 21, 144, 56, 75, 103, 81, 50, 161, 193, 78, 142, 177, 98, 125, 46, 137, 76, 184, 12, 62, 119, 93, 20, 34, 49, 100, 6, 178, 73, 166, 199, 163, 122, 55, 39, 191, 108, 65, 188, 105, 169, 132, 5, 72, 22, 176, 104, 143, 57, 14]
Correct solution
(w = 16) Building and Solving
Value Cyclic-Antibandwidth: 16
Labels: [111, 15, 58, 32, 101, 179, 36, 129, 18, 151, 82, 145, 67, 107, 77, 13, 156, 120, 80, 157, 194, 155, 11, 148, 37, 71, 164, 127, 61, 182, 154, 133, 198, 29, 159, 109, 30, 167, 42, 66, 135, 24, 60, 83, 181, 149, 79, 113, 92, 44, 130, 85, 51, 25, 106, 55, 47, 99, 16, 115, 141, 74, 162, 65, 174, 116, 81, 126, 150, 90, 59, 112, 3, 173, 70, 38, 136, 33, 187, 9, 160, 97, 122, 110, 69, 196, 114, 19, 183, 35, 8, 89, 63, 31, 180, 41, 189, 94, 40, 86, 124, 26, 146, 56, 168, 118, 175, 45, 62, 1, 190, 123, 87, 138, 165, 185, 95, 68, 195, 10, 96, 4, 53, 84, 7, 172, 43, 102, 152, 54, 2, 139, 23, 48, 140, 158, 121, 27, 147, 28, 197, 117, 200, 64, 88, 192, 153, 171, 91, 52, 21, 144, 169, 75, 103, 128, 50, 161, 193, 78, 142, 177, 98, 125, 46, 134, 76, 184, 12, 170, 119, 93, 20, 34, 186, 100, 6, 178, 73, 166, 199, 163, 49, 131, 39, 191, 108, 137, 188, 105, 17, 132, 5, 72, 22, 176, 104, 143, 57, 14]
Correct solution
(w = 17) Building and Solving
[runlim] sample:		21.3 time, 20.1 real, 347.7 MB
Value Cyclic-Antibandwidth: 17
Labels: [46, 97, 78, 44, 161, 41, 125, 183, 23, 88, 22, 139, 163, 192, 73, 117, 193, 136, 70, 131, 115, 153, 45, 113, 10, 128, 66, 31, 188, 168, 185, 127, 3, 92, 166, 102, 170, 29, 122, 47, 79, 186, 77, 16, 54, 179, 49, 120, 12, 180, 80, 7, 85, 167, 147, 112, 87, 26, 103, 165, 56, 109, 142, 159, 135, 194, 174, 53, 145, 68, 20, 190, 144, 178, 196, 25, 42, 121, 90, 62, 171, 51, 134, 151, 55, 5, 143, 2, 140, 33, 191, 76, 74, 149, 129, 9, 59, 86, 137, 184, 27, 173, 32, 199, 89, 118, 95, 30, 83, 172, 146, 19, 75, 132, 107, 13, 123, 14, 187, 18, 101, 65, 114, 6, 155, 116, 133, 48, 141, 69, 152, 182, 60, 82, 50, 160, 94, 162, 99, 43, 148, 110, 1, 138, 52, 98, 198, 169, 111, 164, 21, 4, 106, 40, 72, 57, 157, 8, 119, 91, 39, 130, 100, 61, 154, 11, 67, 177, 158, 197, 176, 38, 108, 17, 37, 175, 71, 124, 58, 28, 84, 64, 195, 34, 181, 93, 189, 81, 35, 96, 150, 200, 36, 156, 104, 15, 105, 63, 126, 24]
Correct solution
(w = 18) Building and Solving
Value Cyclic-Antibandwidth: 18
Labels: [46, 97, 78, 44, 161, 41, 125, 183, 23, 88, 168, 139, 163, 192, 73, 117, 193, 136, 70, 131, 115, 153, 22, 113, 10, 128, 66, 31, 188, 61, 185, 127, 3, 92, 166, 102, 170, 29, 122, 47, 79, 186, 77, 16, 159, 179, 49, 120, 12, 180, 80, 7, 85, 167, 11, 112, 87, 26, 103, 165, 56, 109, 142, 54, 135, 194, 174, 53, 145, 68, 20, 190, 144, 178, 196, 84, 42, 121, 90, 62, 171, 51, 134, 151, 55, 5, 143, 2, 140, 33, 4, 76, 74, 149, 129, 191, 59, 86, 137, 184, 71, 173, 32, 199, 89, 118, 95, 30, 83, 172, 146, 19, 75, 132, 107, 13, 123, 14, 187, 18, 101, 65, 114, 6, 116, 25, 133, 48, 141, 69, 152, 182, 60, 82, 50, 160, 94, 162, 99, 43, 155, 110, 1, 138, 52, 98, 198, 169, 111, 164, 21, 124, 106, 40, 72, 57, 157, 8, 189, 91, 39, 130, 100, 148, 154, 45, 67, 177, 158, 197, 176, 38, 108, 17, 37, 175, 119, 27, 58, 28, 147, 64, 195, 34, 181, 93, 9, 81, 35, 96, 150, 200, 36, 156, 104, 15, 105, 63, 126, 24]
Correct solution
(w = 19) Building and Solving
Value Cyclic-Antibandwidth: 19
Labels: [46, 97, 78, 44, 161, 41, 125, 183, 23, 88, 168, 139, 163, 192, 73, 117, 193, 136, 70, 131, 115, 153, 22, 113, 10, 128, 66, 31, 188, 61, 185, 127, 3, 92, 166, 102, 170, 29, 122, 47, 79, 186, 77, 16, 159, 179, 49, 120, 12, 180, 80, 7, 85, 167, 11, 112, 87, 26, 103, 165, 56, 109, 142, 54, 135, 194, 106, 53, 145, 68, 20, 190, 144, 178, 196, 84, 42, 121, 90, 62, 171, 51, 134, 151, 55, 5, 143, 2, 140, 33, 4, 76, 74, 149, 129, 191, 59, 86, 137, 184, 71, 173, 32, 199, 89, 118, 95, 30, 83, 172, 146, 19, 75, 132, 107, 13, 123, 14, 187, 18, 101, 65, 114, 6, 116, 25, 133, 48, 141, 69, 152, 182, 60, 82, 50, 160, 94, 162, 99, 43, 174, 110, 1, 138, 52, 98, 198, 169, 111, 164, 21, 124, 9, 40, 72, 57, 157, 8, 189, 91, 39, 130, 100, 148, 154, 45, 67, 177, 158, 197, 176, 38, 108, 17, 37, 175, 119, 27, 58, 28, 155, 64, 195, 34, 181, 93, 147, 81, 35, 96, 150, 200, 36, 156, 104, 15, 105, 63, 126, 24]
Correct solution
(w = 20) Building and Solving
[runlim] sample:		31.8 time, 30.1 real, 443.0 MB
Value Cyclic-Antibandwidth: 20
Labels: [46, 97, 18, 44, 161, 41, 125, 183, 23, 88, 168, 139, 163, 192, 73, 117, 193, 136, 70, 131, 115, 153, 22, 113, 10, 128, 66, 31, 188, 61, 185, 127, 3, 92, 166, 102, 170, 29, 122, 47, 79, 186, 77, 16, 159, 179, 49, 120, 12, 180, 80, 7, 85, 167, 147, 112, 87, 26, 103, 165, 56, 109, 142, 189, 135, 194, 78, 53, 145, 68, 20, 190, 144, 178, 196, 84, 42, 121, 90, 62, 171, 51, 134, 151, 55, 5, 143, 2, 140, 33, 4, 76, 74, 149, 129, 191, 59, 86, 137, 184, 71, 173, 32, 199, 89, 118, 95, 30, 83, 172, 146, 19, 75, 132, 107, 13, 123, 14, 187, 11, 101, 65, 114, 6, 116, 25, 133, 48, 141, 69, 152, 182, 60, 82, 50, 160, 94, 162, 99, 43, 174, 110, 1, 138, 52, 98, 198, 169, 111, 164, 21, 124, 9, 40, 72, 57, 157, 8, 155, 91, 39, 130, 100, 54, 154, 45, 67, 177, 148, 197, 176, 38, 108, 17, 37, 175, 119, 27, 58, 28, 106, 64, 195, 34, 181, 93, 158, 81, 35, 96, 150, 200, 36, 156, 104, 15, 105, 63, 126, 24]
Correct solution
(w = 21) Building and Solving
Value Cyclic-Antibandwidth: 21
Labels: [46, 97, 18, 44, 161, 41, 125, 183, 23, 88, 168, 139, 163, 192, 73, 117, 193, 136, 70, 131, 115, 153, 22, 113, 10, 128, 66, 31, 188, 61, 185, 127, 3, 92, 166, 102, 170, 29, 122, 47, 79, 186, 77, 16, 106, 179, 49, 120, 12, 180, 80, 7, 85, 167, 11, 112, 87, 26, 103, 165, 56, 109, 142, 98, 135, 194, 78, 53, 145, 68, 20, 190, 144, 178, 196, 84, 42, 121, 90, 62, 171, 51, 134, 151, 55, 5, 143, 2, 140, 33, 4, 76, 74, 174, 129, 191, 59, 86, 137, 184, 71, 173, 32, 199, 89, 118, 95, 30, 83, 172, 146, 19, 75, 132, 107, 13, 123, 14, 187, 189, 101, 65, 114, 6, 116, 25, 133, 48, 141, 69, 152, 182, 60, 82, 50, 160, 94, 162, 99, 43, 155, 110, 1, 138, 52, 181, 37, 169, 111, 164, 21, 124, 9, 40, 72, 57, 157, 8, 159, 91, 39, 130, 100, 54, 154, 45, 67, 177, 148, 197, 176, 38, 108, 17, 147, 175, 119, 27, 58, 28, 149, 64, 195, 34, 198, 93, 158, 81, 35, 96, 150, 200, 36, 156, 104, 15, 105, 63, 126, 24]
Correct solution
(w = 22) Building and Solving
Value Cyclic-Antibandwidth: 22
Labels: [46, 97, 18, 44, 161, 41, 125, 183, 23, 88, 168, 139, 163, 192, 73, 117, 193, 136, 70, 131, 115, 153, 22, 113, 10, 128, 66, 31, 188, 61, 185, 127, 3, 92, 166, 102, 170, 29, 122, 47, 79, 186, 77, 16, 155, 179, 49, 120, 12, 180, 80, 7, 85, 167, 11, 112, 87, 26, 103, 165, 56, 109, 142, 98, 135, 194, 78, 53, 145, 68, 20, 190, 144, 178, 196, 84, 42, 121, 90, 62, 171, 51, 134, 151, 55, 5, 143, 2, 140, 33, 4, 76, 74, 197, 129, 191, 59, 86, 137, 184, 71, 173, 32, 199, 89, 118, 95, 30, 83, 172, 146, 19, 75, 132, 107, 13, 123, 14, 187, 189, 101, 65, 114, 6, 116, 25, 133, 48, 141, 69, 152, 182, 60, 82, 50, 160, 94, 162, 99, 43, 174, 110, 1, 138, 52, 181, 37, 169, 111, 164, 21, 124, 9, 40, 72, 57, 157, 8, 159, 91, 39, 130, 100, 54, 154, 106, 67, 177, 148, 45, 176, 38, 108, 17, 147, 175, 119, 27, 58, 28, 149, 64, 195, 34, 198, 93, 158, 81, 35, 96, 150, 200, 36, 156, 104, 15, 105, 63, 126, 24]
Correct solution
(w = 23) Building and Solving
Value Cyclic-Antibandwidth: 23
Labels: [46, 97, 18, 44, 161, 41, 125, 183, 23, 88, 22, 139, 163, 192, 73, 117, 193, 136, 70, 131, 115, 153, 82, 113, 10, 128, 66, 31, 188, 61, 185, 127, 3, 92, 166, 102, 170, 29, 122, 47, 79, 186, 77, 16, 155, 179, 49, 141, 12, 180, 80, 7, 85, 167, 54, 112, 87, 26, 103, 165, 56, 109, 142, 98, 135, 194, 78, 53, 145, 68, 20, 190, 144, 178, 196, 84, 42, 121, 90, 62, 171, 51, 134, 151, 55, 5, 143, 2, 140, 33, 4, 76, 74, 198, 129, 191, 59, 86, 137, 184, 71, 173, 32, 199, 89, 118, 95, 30, 83, 172, 146, 19, 75, 132, 107, 13, 123, 14, 187, 189, 101, 65, 114, 6, 120, 25, 133, 48, 11, 69, 152, 182, 60, 116, 50, 160, 94, 162, 99, 43, 174, 110, 1, 138, 52, 181, 37, 169, 111, 164, 21, 124, 9, 40, 72, 57, 157, 8, 159, 91, 39, 130, 100, 197, 154, 106, 67, 177, 148, 45, 176, 38, 108, 17, 147, 175, 119, 27, 58, 28, 149, 64, 195, 34, 168, 93, 158, 81, 35, 96, 150, 200, 36, 156, 104, 15, 105, 63, 126, 24]
Correct solution
(w = 24) Building and Solving
[runlim] sample:		42.2 time, 40.1 real, 410.6 MB
Value Cyclic-Antibandwidth: 24
Labels: [46, 97, 18, 44, 161, 41, 125, 183, 23, 88, 22, 139, 163, 192, 73, 117, 193, 136, 70, 131, 115, 153, 82, 113, 10, 128, 66, 31, 188, 61, 185, 127, 3, 92, 166, 102, 170, 29, 122, 47, 79, 186, 77, 16, 155, 179, 49, 120, 12, 180, 80, 7, 85, 167, 54, 112, 87, 26, 103, 165, 56, 109, 142, 98, 135, 194, 78, 53, 145, 68, 20, 190, 144, 178, 196, 84, 42, 118, 90, 62, 171, 51, 134, 151, 55, 5, 143, 2, 140, 33, 4, 76, 74, 198, 129, 191, 59, 86, 137, 184, 71, 173, 32, 199, 89, 141, 95, 121, 83, 172, 146, 19, 75, 132, 107, 13, 123, 14, 187, 30, 101, 65, 114, 6, 159, 25, 133, 48, 11, 69, 152, 182, 60, 116, 50, 160, 94, 162, 99, 43, 174, 110, 1, 138, 52, 181, 37, 169, 111, 164, 21, 124, 9, 40, 72, 57, 157, 8, 158, 91, 39, 130, 100, 197, 154, 106, 67, 177, 148, 45, 176, 38, 108, 17, 147, 175, 119, 27, 58, 28, 149, 64, 195, 34, 168, 93, 189, 81, 35, 96, 150, 200, 36, 156, 104, 15, 105, 63, 126, 24]
Correct solution
(w = 25) Building and Solving
Value Cyclic-Antibandwidth: 25
Labels: [46, 97, 18, 44, 161, 41, 125, 183, 23, 88, 120, 27, 163, 192, 73, 117, 193, 98, 70, 131, 115, 153, 82, 113, 10, 128, 66, 31, 188, 61, 185, 127, 3, 92, 166, 102, 170, 29, 122, 47, 79, 186, 77, 16, 147, 179, 49, 158, 12, 180, 80, 7, 85, 167, 22, 112, 87, 26, 103, 165, 56, 109, 142, 54, 135, 194, 78, 53, 145, 68, 20, 190, 144, 178, 196, 84, 42, 118, 90, 62, 171, 51, 134, 151, 55, 5, 143, 2, 140, 33, 4, 76, 74, 198, 129, 191, 59, 86, 137, 184, 71, 173, 32, 199, 89, 141, 95, 121, 83, 172, 146, 19, 75, 132, 107, 13, 123, 14, 187, 136, 101, 65, 114, 6, 155, 25, 133, 48, 11, 69, 152, 182, 60, 116, 50, 160, 94, 162, 99, 43, 174, 110, 1, 138, 52, 181, 37, 169, 111, 164, 21, 124, 9, 40, 72, 57, 157, 8, 159, 91, 39, 130, 100, 197, 154, 30, 67, 177, 148, 45, 176, 38, 108, 17, 119, 175, 106, 139, 58, 28, 149, 64, 195, 34, 168, 93, 189, 81, 35, 96, 150, 200, 36, 156, 104, 15, 105, 63, 126, 24]
Correct solution
(w = 26) Building and Solving
[runlim] sample:		52.6 time, 50.1 real, 551.9 MB
Value Cyclic-Antibandwidth: 26
Labels: [46, 97, 18, 44, 161, 41, 125, 183, 23, 88, 120, 27, 163, 192, 73, 117, 193, 98, 70, 131, 115, 153, 82, 113, 10, 128, 66, 31, 188, 61, 185, 127, 3, 92, 166, 102, 170, 29, 122, 47, 79, 186, 77, 16, 147, 179, 49, 158, 12, 180, 80, 7, 85, 167, 78, 112, 87, 26, 103, 165, 56, 109, 142, 54, 135, 194, 155, 53, 145, 68, 20, 190, 144, 178, 196, 84, 42, 118, 90, 62, 171, 51, 134, 151, 55, 5, 143, 2, 140, 33, 4, 76, 74, 198, 129, 191, 59, 86, 137, 184, 71, 173, 32, 199, 89, 141, 95, 121, 83, 172, 146, 19, 75, 132, 22, 189, 123, 14, 187, 136, 101, 65, 114, 6, 159, 25, 133, 48, 11, 69, 152, 182, 60, 116, 50, 160, 94, 162, 99, 43, 174, 110, 1, 138, 52, 181, 37, 169, 111, 164, 21, 124, 9, 40, 72, 57, 157, 8, 119, 91, 39, 130, 100, 197, 154, 30, 67, 177, 148, 107, 176, 38, 108, 17, 45, 175, 106, 139, 58, 28, 149, 64, 195, 34, 168, 93, 13, 81, 35, 96, 150, 200, 36, 156, 104, 15, 105, 63, 126, 24]
Correct solution
(w = 27) Building and Solving
Value Cyclic-Antibandwidth: 27
Labels: [46, 97, 18, 45, 161, 41, 125, 183, 23, 88, 119, 27, 163, 192, 73, 117, 193, 98, 70, 131, 115, 153, 82, 113, 10, 128, 66, 31, 188, 61, 185, 127, 3, 92, 166, 102, 170, 29, 122, 47, 79, 186, 77, 16, 121, 179, 49, 120, 12, 180, 80, 7, 85, 167, 78, 112, 87, 26, 103, 165, 56, 109, 142, 54, 135, 194, 155, 53, 145, 68, 20, 190, 144, 178, 196, 84, 42, 118, 90, 62, 171, 51, 134, 151, 55, 5, 143, 2, 140, 33, 4, 76, 74, 198, 129, 191, 59, 86, 137, 184, 71, 173, 32, 199, 89, 141, 95, 30, 83, 172, 146, 19, 75, 132, 22, 158, 123, 14, 187, 136, 101, 65, 114, 6, 159, 25, 133, 48, 11, 69, 152, 182, 60, 116, 50, 160, 94, 162, 99, 43, 174, 110, 1, 138, 52, 181, 37, 169, 111, 164, 21, 124, 9, 40, 72, 57, 157, 8, 44, 91, 39, 130, 100, 197, 154, 189, 67, 177, 148, 107, 176, 38, 108, 17, 147, 175, 106, 139, 58, 28, 149, 64, 195, 34, 168, 93, 13, 81, 35, 96, 150, 200, 36, 156, 104, 15, 105, 63, 126, 24]
Correct solution
(w = 28) Building and Solving
Value Cyclic-Antibandwidth: 28
Labels: [46, 97, 18, 54, 161, 41, 125, 183, 23, 88, 189, 27, 163, 192, 73, 117, 193, 98, 70, 131, 115, 153, 82, 113, 10, 128, 66, 31, 188, 61, 185, 127, 3, 92, 166, 102, 170, 29, 122, 47, 79, 186, 77, 16, 121, 179, 49, 120, 12, 180, 80, 7, 85, 167, 45, 112, 87, 26, 103, 165, 56, 109, 142, 14, 135, 194, 155, 53, 145, 68, 20, 190, 144, 178, 196, 84, 42, 118, 90, 62, 171, 51, 134, 151, 55, 5, 143, 2, 86, 33, 4, 76, 74, 198, 129, 191, 59, 9, 137, 184, 71, 173, 32, 199, 89, 141, 95, 30, 83, 172, 146, 19, 75, 132, 22, 159, 123, 158, 187, 136, 101, 65, 114, 6, 149, 25, 133, 48, 11, 69, 152, 182, 60, 116, 50, 160, 94, 162, 99, 43, 174, 110, 1, 138, 52, 181, 37, 169, 111, 164, 21, 124, 78, 40, 72, 57, 157, 8, 44, 91, 39, 130, 100, 197, 154, 119, 67, 177, 148, 107, 176, 38, 108, 17, 147, 175, 106, 139, 58, 28, 140, 64, 195, 34, 168, 93, 13, 81, 35, 96, 150, 200, 36, 156, 104, 15, 105, 63, 126, 24]
Correct solution
(w = 29) Building and Solving
[runlim] sample:		62.9 time, 60.1 real, 478.9 MB
Value Cyclic-Antibandwidth: 29
Labels: [46, 97, 18, 90, 161, 41, 125, 183, 23, 88, 189, 27, 163, 192, 73, 117, 193, 119, 70, 131, 115, 153, 82, 113, 10, 128, 66, 31, 188, 61, 185, 127, 3, 92, 166, 102, 170, 29, 122, 47, 79, 186, 77, 16, 121, 179, 49, 120, 12, 180, 80, 7, 85, 167, 45, 112, 87, 26, 103, 165, 56, 109, 142, 54, 135, 194, 155, 53, 145, 68, 20, 190, 144, 178, 196, 84, 42, 118, 174, 62, 171, 51, 134, 151, 55, 5, 143, 2, 86, 33, 4, 76, 74, 198, 129, 191, 59, 9, 137, 184, 71, 173, 32, 199, 89, 141, 95, 30, 83, 172, 146, 19, 75, 132, 22, 159, 123, 158, 187, 136, 101, 65, 114, 6, 149, 25, 133, 48, 11, 69, 152, 182, 60, 116, 50, 160, 94, 162, 99, 43, 147, 110, 1, 138, 52, 181, 37, 169, 111, 164, 21, 124, 78, 40, 72, 57, 157, 8, 44, 91, 39, 130, 100, 197, 154, 14, 67, 177, 148, 107, 176, 38, 108, 17, 98, 175, 106, 139, 58, 28, 140, 64, 195, 34, 168, 93, 13, 81, 35, 96, 150, 200, 36, 156, 104, 15, 105, 63, 126, 24]
Correct solution
(w = 30) Building and Solving
Value Cyclic-Antibandwidth: 30
Labels: [46, 97, 18, 90, 161, 41, 125, 183, 23, 88, 189, 139, 84, 192, 73, 117, 193, 136, 70, 131, 115, 153, 82, 113, 10, 128, 66, 31, 188, 61, 185, 127, 3, 92, 166, 102, 170, 29, 122, 47, 79, 186, 77, 16, 121, 179, 49, 120, 12, 180, 80, 7, 85, 167, 14, 112, 87, 26, 103, 165, 56, 109, 142, 54, 135, 194, 106, 53, 145, 68, 20, 190, 144, 178, 196, 149, 42, 118, 174, 62, 171, 51, 134, 151, 55, 5, 143, 2, 86, 33, 191, 76, 74, 198, 129, 98, 59, 9, 137, 184, 71, 173, 32, 199, 89, 141, 95, 30, 83, 172, 146, 19, 75, 132, 22, 163, 123, 45, 187, 4, 101, 65, 114, 6, 159, 25, 133, 48, 148, 69, 152, 182, 60, 116, 50, 160, 94, 162, 99, 43, 155, 110, 1, 138, 52, 181, 37, 169, 111, 164, 21, 124, 158, 40, 72, 57, 157, 8, 44, 91, 39, 130, 100, 197, 154, 11, 67, 177, 147, 107, 176, 38, 108, 17, 78, 175, 119, 27, 58, 28, 140, 64, 195, 34, 168, 93, 13, 81, 35, 96, 150, 200, 36, 156, 104, 15, 105, 63, 126, 24]
Correct solution
(w = 31) Building and Solving
[runlim] sample:		73.4 time, 70.1 real, 433.3 MB
Value Cyclic-Antibandwidth: 31
Labels: [46, 97, 18, 90, 161, 41, 125, 183, 23, 88, 45, 139, 84, 192, 73, 117, 193, 136, 70, 131, 115, 153, 82, 113, 10, 128, 66, 31, 188, 61, 185, 127, 3, 92, 166, 102, 170, 29, 122, 47, 79, 186, 77, 16, 120, 179, 49, 162, 12, 180, 80, 7, 85, 167, 71, 112, 87, 26, 103, 165, 56, 109, 142, 14, 135, 194, 106, 53, 145, 68, 147, 190, 144, 178, 196, 149, 42, 118, 174, 62, 171, 51, 134, 151, 55, 5, 143, 2, 86, 33, 191, 76, 74, 198, 129, 4, 59, 197, 137, 184, 27, 173, 32, 199, 89, 141, 95, 30, 83, 172, 146, 19, 75, 132, 22, 163, 123, 20, 187, 182, 101, 65, 114, 6, 99, 25, 133, 48, 148, 69, 152, 121, 60, 116, 50, 160, 94, 98, 164, 43, 155, 110, 1, 138, 52, 181, 37, 169, 111, 158, 21, 124, 9, 40, 72, 57, 157, 8, 44, 91, 39, 130, 11, 119, 154, 189, 67, 177, 58, 107, 176, 38, 108, 17, 78, 175, 54, 100, 159, 28, 140, 64, 195, 34, 168, 93, 13, 81, 35, 96, 150, 200, 36, 156, 104, 15, 105, 63, 126, 24]
Correct solution
(w = 32) Building and Solving
Value Cyclic-Antibandwidth: 32
Labels: [46, 97, 18, 90, 161, 41, 125, 183, 23, 88, 9, 139, 84, 192, 73, 117, 193, 136, 70, 131, 115, 153, 14, 113, 10, 128, 66, 31, 188, 61, 185, 127, 3, 92, 166, 102, 170, 29, 122, 47, 79, 186, 77, 16, 121, 179, 49, 162, 12, 180, 80, 7, 85, 167, 71, 112, 87, 26, 103, 165, 56, 109, 142, 20, 135, 194, 106, 53, 145, 68, 147, 190, 144, 178, 196, 149, 42, 118, 174, 62, 171, 51, 134, 151, 55, 5, 143, 2, 86, 33, 191, 76, 74, 198, 129, 4, 59, 197, 137, 184, 27, 173, 32, 199, 89, 141, 95, 30, 83, 172, 146, 19, 75, 132, 22, 163, 123, 45, 187, 182, 101, 65, 114, 6, 99, 25, 133, 48, 148, 69, 152, 119, 60, 116, 50, 160, 94, 98, 164, 43, 155, 110, 1, 138, 52, 181, 37, 169, 111, 158, 21, 124, 82, 40, 72, 57, 157, 8, 44, 91, 39, 130, 11, 120, 154, 189, 67, 177, 58, 107, 176, 38, 108, 17, 78, 175, 54, 100, 159, 28, 140, 64, 195, 34, 168, 93, 13, 81, 35, 96, 150, 200, 36, 156, 104, 15, 105, 63, 126, 24]
Correct solution
(w = 33) Building and Solving
[runlim] sample:		83.8 time, 80.1 real, 571.5 MB
Value Cyclic-Antibandwidth: 33
Labels: [46, 97, 18, 90, 161, 41, 125, 189, 23, 88, 183, 139, 84, 192, 73, 117, 193, 136, 70, 131, 115, 153, 14, 113, 10, 128, 66, 31, 188, 61, 185, 127, 3, 92, 166, 102, 170, 29, 122, 198, 79, 186, 77, 16, 121, 179, 49, 162, 20, 180, 80, 7, 85, 167, 71, 112, 87, 26, 103, 165, 56, 109, 142, 45, 135, 194, 106, 53, 145, 68, 147, 40, 144, 178, 196, 149, 42, 118, 174, 62, 171, 51, 134, 151, 55, 5, 143, 2, 86, 33, 191, 76, 74, 197, 129, 12, 59, 9, 137, 184, 27, 190, 32, 199, 89, 141, 95, 30, 83, 172, 146, 19, 75, 132, 22, 163, 123, 47, 187, 182, 101, 65, 114, 6, 99, 25, 133, 48, 148, 69, 152, 119, 60, 116, 50, 160, 94, 98, 164, 43, 155, 110, 1, 138, 52, 181, 4, 169, 111, 158, 21, 124, 82, 37, 72, 57, 157, 8, 44, 91, 39, 130, 11, 173, 154, 120, 67, 177, 58, 107, 176, 38, 108, 17, 78, 175, 54, 100, 159, 28, 140, 64, 195, 34, 168, 93, 13, 81, 35, 96, 150, 200, 36, 156, 104, 15, 105, 63, 126, 24]
Correct solution
(w = 34) Building and Solving
Value Cyclic-Antibandwidth: 34
Labels: [46, 97, 18, 90, 161, 41, 125, 189, 23, 88, 45, 139, 84, 192, 73, 117, 193, 136, 70, 131, 115, 153, 14, 113, 10, 128, 66, 31, 188, 61, 185, 127, 3, 92, 166, 102, 170, 29, 122, 198, 79, 186, 77, 16, 142, 179, 49, 183, 20, 180, 80, 7, 85, 167, 71, 112, 87, 26, 103, 165, 56, 109, 159, 199, 135, 194, 106, 53, 145, 68, 147, 40, 144, 178, 196, 149, 42, 118, 174, 62, 171, 51, 134, 151, 55, 5, 143, 2, 86, 33, 191, 76, 74, 197, 129, 12, 59, 9, 137, 184, 27, 190, 32, 140, 89, 141, 95, 30, 83, 172, 146, 19, 75, 132, 22, 163, 123, 47, 187, 182, 101, 65, 114, 6, 99, 25, 133, 48, 148, 69, 152, 4, 60, 116, 50, 160, 94, 98, 164, 43, 162, 110, 1, 138, 52, 181, 121, 169, 111, 158, 21, 124, 82, 37, 72, 57, 157, 8, 44, 91, 39, 130, 11, 173, 154, 120, 67, 177, 58, 107, 176, 38, 108, 17, 78, 175, 54, 100, 155, 28, 119, 64, 195, 34, 168, 93, 13, 81, 35, 96, 150, 200, 36, 156, 104, 15, 105, 63, 126, 24]
Correct solution
(w = 35) Building and Solving
[runlim] sample:		94.0 time, 90.1 real, 601.5 MB
Value Cyclic-Antibandwidth: 35
Labels: [46, 97, 18, 90, 161, 41, 125, 78, 23, 88, 45, 139, 84, 192, 73, 117, 193, 136, 70, 131, 115, 153, 14, 113, 10, 128, 66, 31, 188, 61, 185, 127, 3, 92, 166, 102, 170, 29, 122, 198, 79, 186, 77, 16, 142, 179, 49, 183, 20, 180, 80, 7, 85, 167, 71, 112, 87, 26, 103, 165, 56, 109, 159, 199, 135, 194, 106, 53, 145, 68, 147, 40, 119, 178, 196, 149, 42, 118, 174, 62, 171, 51, 134, 151, 55, 5, 143, 2, 86, 33, 191, 76, 74, 197, 129, 12, 59, 9, 137, 184, 27, 190, 32, 144, 89, 141, 95, 30, 83, 172, 146, 19, 75, 132, 22, 163, 123, 44, 187, 182, 101, 65, 114, 6, 99, 25, 133, 48, 148, 69, 152, 4, 60, 116, 50, 160, 94, 98, 164, 43, 162, 110, 1, 138, 52, 181, 120, 169, 111, 158, 21, 124, 82, 37, 72, 57, 157, 8, 47, 91, 39, 130, 11, 173, 154, 189, 67, 177, 58, 107, 176, 38, 108, 17, 121, 175, 54, 100, 155, 28, 140, 64, 195, 34, 168, 93, 13, 81, 35, 96, 150, 200, 36, 156, 104, 15, 105, 63, 126, 24]
Correct solution
(w = 36) Building and Solving
[runlim] sample:		104.3 time, 100.1 real, 636.3 MB
Value Cyclic-Antibandwidth: 36
Labels: [46, 97, 18, 90, 161, 41, 125, 78, 23, 88, 45, 139, 84, 192, 73, 117, 193, 136, 70, 131, 115, 153, 14, 113, 10, 128, 66, 104, 25, 61, 185, 127, 3, 92, 166, 102, 170, 29, 122, 198, 79, 186, 77, 16, 142, 179, 49, 183, 20, 180, 80, 7, 85, 167, 71, 112, 87, 26, 103, 165, 56, 109, 159, 199, 135, 194, 106, 53, 145, 68, 147, 40, 119, 178, 196, 149, 42, 118, 174, 62, 171, 51, 134, 151, 55, 5, 143, 2, 86, 33, 191, 76, 74, 197, 129, 12, 59, 9, 137, 184, 27, 190, 32, 144, 89, 141, 95, 30, 83, 172, 146, 19, 75, 132, 22, 163, 123, 31, 187, 182, 101, 65, 114, 6, 99, 47, 133, 48, 148, 69, 152, 189, 60, 116, 50, 160, 94, 98, 164, 43, 162, 110, 1, 138, 52, 181, 37, 169, 111, 158, 21, 124, 82, 155, 72, 57, 157, 8, 44, 91, 39, 130, 11, 173, 154, 4, 67, 177, 58, 107, 176, 38, 108, 17, 121, 175, 54, 100, 188, 28, 140, 64, 195, 34, 168, 93, 13, 81, 35, 96, 150, 200, 36, 156, 120, 15, 105, 63, 126, 24]
Correct solution
(w = 37) Building and Solving
Value Cyclic-Antibandwidth: 37
Labels: [46, 4, 78, 37, 161, 41, 125, 82, 23, 88, 44, 139, 84, 192, 73, 117, 193, 136, 70, 131, 115, 153, 14, 113, 10, 128, 66, 104, 25, 61, 185, 127, 3, 92, 166, 102, 170, 29, 122, 198, 79, 186, 77, 16, 142, 179, 49, 120, 20, 180, 80, 7, 85, 167, 71, 112, 87, 26, 103, 165, 56, 109, 159, 199, 135, 194, 106, 53, 145, 68, 147, 40, 119, 178, 196, 149, 42, 118, 174, 62, 171, 51, 134, 151, 55, 5, 143, 2, 86, 33, 191, 76, 74, 197, 129, 12, 59, 9, 137, 184, 27, 190, 32, 189, 89, 141, 95, 30, 83, 172, 146, 19, 75, 132, 22, 163, 123, 31, 187, 182, 101, 57, 114, 6, 99, 45, 133, 48, 148, 69, 152, 18, 60, 116, 50, 160, 94, 98, 164, 43, 162, 110, 1, 138, 52, 181, 121, 169, 111, 158, 21, 124, 47, 155, 72, 65, 157, 8, 144, 91, 39, 130, 11, 173, 154, 200, 67, 177, 58, 107, 176, 38, 108, 17, 97, 175, 54, 100, 188, 28, 140, 64, 195, 34, 168, 93, 13, 81, 35, 96, 150, 183, 36, 156, 90, 15, 105, 63, 126, 24]
Correct solution
(w = 38) Building and Solving
[runlim] sample:		114.7 time, 110.1 real, 781.2 MB
Value Cyclic-Antibandwidth: 38
Labels: [46, 4, 78, 37, 161, 41, 125, 82, 23, 88, 44, 139, 84, 192, 73, 117, 193, 136, 70, 131, 115, 153, 14, 113, 10, 128, 66, 104, 25, 61, 185, 127, 3, 92, 166, 102, 170, 29, 122, 198, 79, 186, 77, 16, 140, 179, 49, 120, 20, 180, 80, 7, 85, 167, 71, 112, 87, 26, 103, 165, 56, 109, 159, 199, 135, 194, 106, 53, 145, 68, 147, 40, 119, 178, 196, 149, 42, 118, 174, 62, 171, 51, 134, 151, 55, 5, 143, 2, 86, 33, 191, 76, 74, 197, 129, 12, 59, 9, 137, 184, 27, 190, 32, 189, 89, 141, 95, 30, 83, 172, 146, 19, 75, 132, 22, 163, 123, 31, 187, 182, 101, 57, 114, 6, 99, 45, 133, 48, 148, 69, 152, 18, 60, 116, 50, 160, 94, 98, 164, 43, 162, 110, 1, 138, 52, 181, 121, 169, 111, 158, 21, 124, 47, 155, 72, 65, 157, 8, 144, 91, 39, 130, 11, 173, 154, 200, 67, 177, 58, 107, 176, 38, 108, 17, 97, 175, 54, 100, 188, 28, 142, 64, 195, 34, 168, 93, 13, 81, 35, 96, 150, 183, 36, 156, 90, 15, 105, 63, 126, 24]
Correct solution
(w = 39) Building and Solving
Value Cyclic-Antibandwidth: 39
Labels: [46, 4, 78, 120, 161, 41, 125, 82, 23, 88, 44, 139, 84, 192, 73, 117, 193, 136, 70, 131, 115, 9, 163, 113, 10, 128, 66, 140, 25, 61, 185, 127, 3, 92, 166, 102, 170, 29, 122, 198, 79, 186, 77, 16, 121, 179, 49, 173, 20, 180, 80, 7, 85, 167, 71, 112, 87, 26, 103, 165, 56, 109, 159, 199, 135, 194, 106, 53, 145, 68, 147, 40, 119, 178, 196, 149, 42, 118, 174, 62, 171, 51, 134, 151, 55, 5, 143, 2, 86, 33, 191, 76, 74, 197, 129, 12, 59, 14, 137, 45, 153, 190, 32, 189, 89, 141, 95, 30, 83, 172, 146, 19, 75, 132, 22, 183, 123, 31, 187, 182, 101, 57, 114, 6, 99, 37, 133, 48, 148, 69, 152, 18, 60, 116, 50, 160, 94, 98, 164, 43, 162, 110, 1, 138, 52, 181, 27, 169, 111, 158, 21, 124, 47, 155, 72, 65, 157, 8, 144, 91, 39, 130, 11, 90, 154, 200, 67, 177, 58, 107, 176, 38, 108, 17, 97, 175, 54, 100, 188, 28, 142, 64, 195, 34, 168, 93, 13, 81, 35, 96, 150, 184, 36, 156, 104, 15, 105, 63, 126, 24]
Correct solution
(w = 40) Building and Solving
[runlim] sample:		124.9 time, 120.1 real, 726.5 MB
Value Cyclic-Antibandwidth: 40
Labels: [46, 4, 78, 37, 161, 41, 125, 82, 23, 88, 189, 139, 84, 192, 73, 117, 44, 136, 70, 131, 115, 9, 163, 113, 10, 128, 66, 140, 25, 61, 185, 127, 3, 92, 166, 102, 170, 29, 122, 198, 79, 186, 77, 16, 121, 179, 49, 162, 20, 180, 80, 7, 85, 167, 71, 112, 87, 26, 103, 165, 56, 109, 159, 199, 135, 194, 106, 53, 145, 68, 147, 40, 119, 178, 196, 149, 42, 118, 174, 62, 171, 51, 134, 151, 55, 5, 143, 2, 86, 33, 191, 76, 74, 197, 129, 12, 59, 14, 137, 45, 153, 190, 32, 184, 89, 141, 95, 30, 83, 172, 146, 19, 75, 132, 22, 173, 123, 31, 187, 182, 101, 57, 114, 6, 99, 193, 133, 48, 148, 69, 152, 18, 60, 116, 50, 160, 94, 98, 164, 43, 195, 110, 1, 138, 52, 181, 27, 169, 111, 158, 21, 124, 47, 155, 72, 65, 157, 8, 144, 91, 39, 130, 11, 90, 154, 200, 67, 177, 58, 107, 176, 38, 108, 17, 97, 175, 54, 100, 188, 28, 142, 64, 120, 34, 168, 93, 13, 81, 35, 96, 150, 183, 36, 156, 104, 15, 105, 63, 126, 24]
Correct solution
(w = 41) Building and Solving
[runlim] sample:		135.3 time, 130.1 real, 794.9 MB
Value Cyclic-Antibandwidth: 41
Labels: [197, 99, 200, 76, 14, 73, 152, 193, 144, 21, 64, 105, 15, 59, 16, 155, 29, 116, 75, 32, 94, 38, 80, 39, 81, 40, 87, 41, 83, 44, 3, 46, 1, 47, 92, 12, 90, 10, 48, 2, 50, 9, 60, 18, 88, 20, 68, 35, 106, 31, 138, 69, 26, 72, 27, 71, 89, 42, 86, 43, 97, 28, 102, 11, 61, 24, 107, 8, 95, 54, 96, 137, 55, 98, 100, 56, 101, 58, 104, 62, 108, 67, 117, 122, 78, 123, 79, 125, 7, 157, 49, 131, 6, 124, 166, 82, 127, 84, 133, 57, 132, 173, 51, 134, 52, 143, 5, 91, 17, 145, 183, 141, 185, 109, 150, 77, 148, 85, 147, 190, 112, 156, 113, 196, 149, 198, 151, 194, 111, 37, 159, 118, 160, 119, 161, 120, 162, 163, 121, 164, 53, 165, 45, 4, 126, 167, 168, 23, 169, 93, 170, 128, 171, 129, 172, 13, 130, 174, 65, 175, 103, 176, 135, 177, 178, 115, 179, 70, 180, 139, 181, 140, 182, 22, 63, 184, 66, 25, 136, 186, 33, 187, 188, 30, 189, 110, 19, 142, 191, 114, 192, 74, 153, 195, 154, 34, 146, 36, 158, 199]
Correct solution
(w = 42) Building and Solving
[runlim] sample:		148.3 time, 140.1 real, 716.0 MB
Value Cyclic-Antibandwidth: 42
Labels: [46, 4, 78, 27, 161, 41, 125, 82, 23, 88, 195, 139, 84, 192, 73, 117, 44, 136, 70, 131, 115, 9, 163, 113, 10, 128, 66, 140, 25, 61, 185, 127, 3, 92, 166, 102, 170, 29, 122, 198, 79, 186, 77, 16, 121, 179, 49, 184, 99, 180, 80, 7, 85, 167, 37, 112, 87, 26, 103, 165, 56, 109, 47, 199, 135, 194, 106, 53, 145, 68, 147, 40, 119, 178, 196, 149, 42, 118, 174, 62, 171, 51, 134, 151, 55, 5, 143, 2, 86, 33, 191, 76, 74, 197, 129, 12, 59, 188, 137, 45, 153, 190, 32, 189, 89, 141, 95, 30, 83, 172, 146, 19, 75, 132, 22, 173, 123, 31, 187, 182, 101, 57, 114, 6, 90, 193, 133, 48, 148, 69, 152, 18, 60, 116, 50, 160, 94, 98, 164, 43, 162, 110, 1, 138, 52, 181, 20, 169, 111, 158, 21, 124, 14, 155, 72, 65, 157, 8, 144, 91, 39, 130, 11, 97, 154, 200, 67, 177, 58, 107, 176, 38, 108, 17, 104, 175, 54, 100, 159, 28, 142, 64, 120, 34, 168, 93, 13, 81, 35, 96, 150, 183, 36, 156, 71, 15, 105, 63, 126, 24]
Correct solution
(w = 43) Building and Solving
[runlim] sample:		158.5 time, 150.1 real, 877.2 MB
[runlim] end:			Sun Nov  2 09:22:12 2025
[runlim] status:		out of time
[runlim] result:		2
[runlim] children:		0
[runlim] real:			150.10 seconds
[runlim] time:			158.51 seconds
[runlim] space:			1301.4 MB
[runlim] samples:		1500
