[runlim] version:		1.10
[runlim] time limit:		311040000 seconds
[runlim] real time limit:	1800 seconds
[runlim] space limit:		30000 MB
[runlim] argv[0]:		python3
[runlim] argv[1]:		model_MIP_CPLEX.py
[runlim] argv[2]:		./graph/harwell_boeing/B-ibm32.mtx.rnd
[runlim] start:			Tue Oct 14 09:58:30 2025
[runlim] main pid:		430382
[runlim] log captured:
(w = 7) Building and Solving
Value Cyclic-Antibandwidth: 7
Labels: [17, 5, 7, 11, 14, 18, 32, 1, 27, 3, 8, 28, 29, 10, 2, 9, 22, 16, 4, 6, 19, 26, 23, 21, 20, 30, 24, 31, 13, 15, 25, 12]
Correct solution
(w = 8) Building and Solving
Value Cyclic-Antibandwidth: 8
Labels: [20, 28, 27, 1, 29, 4, 12, 24, 17, 25, 22, 9, 7, 31, 19, 2, 14, 26, 18, 5, 23, 15, 16, 21, 30, 13, 10, 11, 6, 3, 8, 32]
Correct solution
(w = 9) Building and Solving
[runlim] sample:		51.7 time, 10.8 real, 133.6 MB
Cannot find soluion with w = 9
Final result: CAB = 8
Labels = [20, 28, 27, 1, 29, 4, 12, 24, 17, 25, 22, 9, 7, 31, 19, 2, 14, 26, 18, 5, 23, 15, 16, 21, 30, 13, 10, 11, 6, 3, 8, 32]
[runlim] end:			Tue Oct 14 09:58:49 2025
[runlim] status:		ok
[runlim] result:		0
[runlim] children:		0
[runlim] real:			19.69 seconds
[runlim] time:			84.40 seconds
[runlim] space:			143.6 MB
[runlim] samples:		188
