[runlim] version:		1.10
[runlim] time limit:		311040000 seconds
[runlim] real time limit:	1800 seconds
[runlim] space limit:		30000 MB
[runlim] argv[0]:		python3
[runlim] argv[1]:		model_MIP_CPLEX.py
[runlim] argv[2]:		./graph/harwell_boeing/C-bcspwr01.mtx.rnd
[runlim] start:			Tue Oct 14 09:58:49 2025
[runlim] main pid:		430466
[runlim] log captured:
(w = 10) Building and Solving
Value Cyclic-Antibandwidth: 10
Labels: [35, 8, 36, 20, 24, 18, 37, 27, 32, 29, 11, 6, 4, 38, 17, 12, 16, 15, 5, 26, 3, 10, 2, 13, 7, 22, 28, 39, 23, 14, 31, 33, 21, 30, 1, 19, 9, 25, 34]
Correct solution
(w = 11) Building and Solving
Value Cyclic-Antibandwidth: 11
Labels: [16, 34, 27, 24, 17, 5, 28, 8, 23, 14, 3, 33, 25, 22, 29, 38, 18, 9, 26, 20, 32, 35, 19, 1, 2, 6, 21, 10, 4, 36, 30, 37, 7, 12, 31, 11, 39, 13, 15]
Correct solution
(w = 12) Building and Solving
Value Cyclic-Antibandwidth: 12
Labels: [30, 38, 39, 26, 23, 18, 36, 35, 25, 22, 1, 37, 34, 27, 12, 2, 8, 19, 5, 6, 16, 11, 20, 13, 10, 24, 14, 28, 3, 9, 32, 31, 4, 33, 21, 15, 29, 7, 17]
Correct solution
(w = 13) Building and Solving
Value Cyclic-Antibandwidth: 13
Labels: [20, 1, 32, 33, 10, 6, 38, 24, 27, 39, 21, 23, 17, 36, 3, 31, 2, 35, 9, 14, 26, 11, 8, 7, 13, 16, 5, 18, 19, 34, 29, 22, 12, 25, 4, 15, 28, 30, 37]
Correct solution
(w = 14) Building and Solving
Cannot find soluion with w = 14
Final result: CAB = 13
Labels = [20, 1, 32, 33, 10, 6, 38, 24, 27, 39, 21, 23, 17, 36, 3, 31, 2, 35, 9, 14, 26, 11, 8, 7, 13, 16, 5, 18, 19, 34, 29, 22, 12, 25, 4, 15, 28, 30, 37]
[runlim] end:			Tue Oct 14 09:58:52 2025
[runlim] status:		ok
[runlim] result:		0
[runlim] children:		0
[runlim] real:			3.71 seconds
[runlim] time:			12.73 seconds
[runlim] space:			110.4 MB
[runlim] samples:		30
