[runlim] version:		1.10
[runlim] time limit:		311040000 seconds
[runlim] real time limit:	1800 seconds
[runlim] space limit:		30000 MB
[runlim] argv[0]:		python3
[runlim] argv[1]:		model_MIP_CPLEX.py
[runlim] argv[2]:		./graph/harwell_boeing/D-bcsstk01.mtx.rnd
[runlim] start:			Tue Oct 14 09:58:52 2025
[runlim] main pid:		430524
[runlim] log captured:
(w = 6) Building and Solving
Value Cyclic-Antibandwidth: 6
Labels: [6, 37, 1, 31, 8, 34, 40, 22, 23, 3, 45, 14, 33, 16, 32, 42, 48, 4, 17, 47, 15, 25, 2, 29, 36, 10, 20, 13, 24, 38, 43, 18, 27, 11, 28, 9, 19, 21, 30, 39, 7, 44, 41, 46, 12, 26, 5, 35]
Correct solution
(w = 7) Building and Solving
Value Cyclic-Antibandwidth: 7
Labels: [45, 26, 42, 34, 36, 29, 2, 10, 16, 17, 37, 24, 25, 8, 38, 31, 39, 32, 13, 43, 27, 46, 6, 4, 3, 40, 21, 5, 48, 30, 33, 11, 47, 19, 41, 1, 22, 18, 35, 12, 7, 9, 15, 28, 14, 44, 20, 23]
Correct solution
(w = 8) Building and Solving
Value Cyclic-Antibandwidth: 8
Labels: [31, 24, 41, 33, 40, 2, 44, 28, 13, 38, 47, 21, 46, 14, 5, 23, 15, 35, 26, 4, 12, 25, 10, 7, 48, 22, 29, 11, 30, 18, 6, 39, 1, 16, 43, 3, 19, 32, 36, 27, 17, 8, 42, 9, 45, 37, 20, 34]
Correct solution
(w = 9) Building and Solving
Cannot find soluion with w = 9
Final result: CAB = 8
Labels = [31, 24, 41, 33, 40, 2, 44, 28, 13, 38, 47, 21, 46, 14, 5, 23, 15, 35, 26, 4, 12, 25, 10, 7, 48, 22, 29, 11, 30, 18, 6, 39, 1, 16, 43, 3, 19, 32, 36, 27, 17, 8, 42, 9, 45, 37, 20, 34]
[runlim] end:			Tue Oct 14 09:59:01 2025
[runlim] status:		ok
[runlim] result:		0
[runlim] children:		0
[runlim] real:			9.26 seconds
[runlim] time:			40.32 seconds
[runlim] space:			152.9 MB
[runlim] samples:		85
