[runlim] version:		1.10
[runlim] time limit:		311040000 seconds
[runlim] real time limit:	1800 seconds
[runlim] space limit:		30000 MB
[runlim] argv[0]:		python3
[runlim] argv[1]:		model_MIP_CPLEX.py
[runlim] argv[2]:		./graph/harwell_boeing/E-bcspwr02.mtx.rnd
[runlim] start:			Tue Oct 14 09:59:01 2025
[runlim] main pid:		430578
[runlim] log captured:
(w = 13) Building and Solving
Value Cyclic-Antibandwidth: 13
Labels: [4, 5, 12, 29, 21, 30, 38, 34, 26, 31, 43, 44, 37, 13, 32, 18, 33, 14, 47, 42, 20, 19, 8, 40, 6, 11, 2, 1, 23, 10, 41, 25, 9, 46, 45, 36, 17, 27, 48, 22, 7, 16, 24, 35, 39, 28, 15, 3, 49]
Correct solution
(w = 14) Building and Solving
Value Cyclic-Antibandwidth: 14
Labels: [30, 42, 15, 39, 6, 5, 41, 33, 19, 43, 17, 27, 7, 14, 21, 45, 35, 31, 40, 47, 4, 49, 34, 12, 18, 9, 25, 10, 3, 2, 26, 11, 36, 38, 37, 22, 8, 13, 16, 1, 46, 20, 23, 32, 48, 44, 24, 28, 29]
Correct solution
(w = 15) Building and Solving
Value Cyclic-Antibandwidth: 15
Labels: [30, 4, 10, 27, 41, 48, 7, 15, 36, 26, 11, 1, 19, 47, 37, 34, 35, 29, 5, 20, 8, 17, 16, 44, 3, 38, 40, 9, 2, 46, 18, 24, 21, 23, 6, 25, 12, 42, 49, 45, 39, 32, 22, 14, 31, 13, 43, 33, 28]
Correct solution
(w = 16) Building and Solving
Value Cyclic-Antibandwidth: 16
Labels: [38, 7, 49, 18, 48, 30, 45, 32, 36, 23, 21, 46, 44, 39, 37, 20, 28, 25, 8, 16, 35, 17, 27, 42, 47, 40, 13, 2, 22, 5, 4, 29, 10, 15, 6, 19, 9, 31, 1, 43, 3, 14, 24, 26, 11, 12, 34, 33, 41]
Correct solution
(w = 17) Building and Solving
Cannot find soluion with w = 17
Final result: CAB = 16
Labels = [38, 7, 49, 18, 48, 30, 45, 32, 36, 23, 21, 46, 44, 39, 37, 20, 28, 25, 8, 16, 35, 17, 27, 42, 47, 40, 13, 2, 22, 5, 4, 29, 10, 15, 6, 19, 9, 31, 1, 43, 3, 14, 24, 26, 11, 12, 34, 33, 41]
[runlim] end:			Tue Oct 14 09:59:09 2025
[runlim] status:		ok
[runlim] result:		0
[runlim] children:		0
[runlim] real:			8.61 seconds
[runlim] time:			28.97 seconds
[runlim] space:			163.6 MB
[runlim] samples:		83
