[runlim] version:		1.10
[runlim] time limit:		311040000 seconds
[runlim] real time limit:	1800 seconds
[runlim] space limit:		30000 MB
[runlim] argv[0]:		python3
[runlim] argv[1]:		model_MIP_CPLEX.py
[runlim] argv[2]:		./graph/harwell_boeing/F-curtis54.mtx.rnd
[runlim] start:			Tue Oct 14 09:59:09 2025
[runlim] main pid:		430657
[runlim] log captured:
(w = 8) Building and Solving
Value Cyclic-Antibandwidth: 8
Labels: [1, 44, 23, 27, 3, 2, 47, 8, 14, 17, 35, 46, 21, 54, 13, 15, 39, 19, 53, 38, 29, 22, 37, 12, 30, 20, 48, 31, 36, 28, 10, 32, 16, 9, 51, 45, 49, 4, 6, 34, 5, 52, 33, 40, 42, 26, 11, 7, 50, 24, 41, 25, 43, 18]
Correct solution
(w = 9) Building and Solving
Value Cyclic-Antibandwidth: 9
Labels: [26, 7, 17, 46, 40, 6, 38, 28, 8, 30, 45, 22, 39, 12, 44, 27, 48, 47, 13, 34, 25, 19, 51, 9, 11, 49, 33, 53, 21, 31, 10, 37, 3, 4, 18, 41, 20, 16, 29, 24, 32, 43, 52, 50, 15, 36, 5, 54, 14, 1, 42, 35, 2, 23]
Correct solution
(w = 10) Building and Solving
Value Cyclic-Antibandwidth: 10
Labels: [29, 20, 50, 25, 31, 26, 52, 16, 11, 13, 2, 28, 43, 32, 38, 5, 33, 6, 24, 10, 41, 54, 3, 27, 53, 42, 15, 47, 1, 21, 30, 40, 4, 39, 34, 36, 9, 23, 22, 7, 48, 51, 12, 8, 44, 45, 18, 49, 35, 17, 37, 46, 19, 14]
Correct solution
(w = 11) Building and Solving
Cannot find soluion with w = 11
Final result: CAB = 10
Labels = [29, 20, 50, 25, 31, 26, 52, 16, 11, 13, 2, 28, 43, 32, 38, 5, 33, 6, 24, 10, 41, 54, 3, 27, 53, 42, 15, 47, 1, 21, 30, 40, 4, 39, 34, 36, 9, 23, 22, 7, 48, 51, 12, 8, 44, 45, 18, 49, 35, 17, 37, 46, 19, 14]
[runlim] end:			Tue Oct 14 09:59:11 2025
[runlim] status:		ok
[runlim] result:		0
[runlim] children:		0
[runlim] real:			2.75 seconds
[runlim] time:			5.61 seconds
[runlim] space:			99.5 MB
[runlim] samples:		21
