[runlim] version:		1.10
[runlim] time limit:		311040000 seconds
[runlim] real time limit:	1800 seconds
[runlim] space limit:		30000 MB
[runlim] argv[0]:		python3
[runlim] argv[1]:		model_MIP_CPLEX.py
[runlim] argv[2]:		./graph/harwell_boeing/K-dwt__234.mtx.rnd
[runlim] start:			Tue Oct 14 10:59:19 2025
[runlim] main pid:		435762
[runlim] log captured:
(w = 25) Building and Solving
Value Cyclic-Antibandwidth: 25
Labels: [42, 25, 80, 11, 27, 81, 1, 66, 109, 37, 46, 22, 19, 17, 45, 51, 4, 116, 61, 5, 6, 35, 38, 3, 29, 79, 40, 41, 31, 30, 44, 54, 8, 9, 107, 14, 47, 16, 26, 33, 13, 7, 32, 112, 28, 53, 72, 12, 113, 2, 78, 23, 36, 91, 52, 62, 83, 69, 68, 21, 70, 71, 67, 117, 48, 82, 60, 50, 115, 75, 96, 87, 18, 59, 55, 43, 85, 20, 24, 111, 86, 88, 89, 90, 92, 93, 94, 65, 95, 57, 76, 56, 34, 97, 98, 73, 64, 100, 77, 99, 101, 102, 103, 49, 104, 63, 105, 10, 74, 108, 39, 110, 15, 58, 84, 114, 106]
Correct solution
(w = 26) Building and Solving
Value Cyclic-Antibandwidth: 26
Labels: [40, 28, 110, 69, 75, 99, 23, 52, 48, 8, 42, 12, 15, 11, 3, 31, 112, 10, 116, 55, 17, 20, 39, 81, 70, 9, 25, 33, 64, 117, 41, 44, 36, 96, 27, 78, 45, 6, 115, 49, 65, 71, 72, 47, 76, 53, 14, 60, 63, 90, 13, 4, 34, 83, 18, 67, 62, 51, 86, 89, 73, 74, 66, 97, 38, 79, 26, 37, 57, 21, 54, 77, 1, 46, 59, 24, 84, 85, 80, 50, 87, 19, 88, 5, 92, 93, 94, 35, 95, 30, 111, 29, 16, 113, 98, 68, 22, 100, 56, 106, 101, 102, 103, 82, 104, 58, 105, 109, 107, 108, 7, 2, 61, 32, 91, 114, 43]
Correct solution
(w = 27) Building and Solving
[runlim] sample:		12.2 time, 10.1 real, 192.2 MB
Value Cyclic-Antibandwidth: 27
Labels: [89, 116, 117, 87, 12, 93, 7, 14, 33, 88, 11, 96, 65, 104, 21, 4, 81, 58, 36, 28, 76, 79, 63, 22, 25, 17, 5, 26, 6, 3, 31, 9, 8, 99, 74, 43, 48, 15, 94, 49, 66, 18, 2, 46, 102, 38, 60, 61, 106, 41, 13, 51, 67, 92, 39, 71, 30, 97, 47, 40, 111, 68, 34, 78, 45, 32, 85, 44, 23, 1, 29, 73, 109, 84, 70, 64, 16, 86, 69, 113, 82, 20, 90, 91, 54, 62, 52, 75, 95, 10, 42, 50, 27, 72, 98, 110, 19, 100, 24, 83, 101, 77, 103, 35, 53, 59, 105, 37, 107, 108, 56, 80, 55, 57, 112, 114, 115]
Correct solution
(w = 28) Building and Solving
Value Cyclic-Antibandwidth: 28
Labels: [72, 8, 101, 49, 114, 69, 63, 59, 38, 30, 102, 66, 42, 35, 64, 20, 67, 26, 96, 85, 9, 95, 112, 32, 94, 39, 45, 15, 88, 6, 76, 110, 53, 14, 16, 11, 98, 2, 82, 29, 68, 41, 83, 79, 116, 91, 4, 1, 21, 87, 71, 7, 62, 13, 74, 47, 111, 70, 105, 19, 23, 104, 12, 44, 108, 109, 93, 75, 89, 10, 99, 50, 65, 52, 115, 22, 34, 80, 18, 100, 57, 86, 5, 51, 31, 24, 36, 92, 25, 56, 48, 61, 106, 54, 113, 55, 103, 107, 84, 28, 81, 117, 33, 58, 73, 37, 97, 17, 77, 27, 3, 43, 90, 46, 60, 40, 78]
Correct solution
(w = 29) Building and Solving
Value Cyclic-Antibandwidth: 29
Labels: [87, 116, 14, 110, 2, 6, 79, 63, 41, 99, 46, 78, 59, 101, 8, 32, 16, 31, 76, 47, 9, 10, 23, 51, 64, 3, 19, 25, 62, 106, 22, 33, 12, 65, 73, 34, 45, 7, 72, 39, 37, 13, 40, 35, 70, 17, 11, 60, 61, 66, 53, 55, 24, 83, 57, 58, 43, 115, 18, 82, 71, 97, 49, 113, 42, 27, 52, 74, 54, 109, 30, 111, 84, 69, 36, 77, 20, 86, 68, 117, 88, 89, 90, 91, 92, 93, 94, 1, 95, 26, 38, 15, 29, 96, 28, 103, 67, 100, 48, 98, 44, 102, 85, 21, 104, 50, 105, 75, 107, 108, 81, 80, 56, 5, 112, 114, 4]
Correct solution
(w = 30) Building and Solving
[runlim] sample:		25.5 time, 20.1 real, 173.4 MB
Value Cyclic-Antibandwidth: 30
Labels: [86, 85, 12, 55, 6, 115, 72, 62, 66, 112, 38, 96, 111, 59, 116, 17, 69, 44, 117, 57, 61, 13, 35, 24, 22, 49, 26, 18, 7, 10, 31, 37, 43, 104, 47, 29, 30, 8, 5, 28, 39, 50, 16, 68, 2, 11, 4, 58, 80, 1, 14, 3, 64, 90, 60, 63, 21, 109, 97, 74, 77, 101, 54, 76, 19, 75, 51, 46, 56, 113, 65, 83, 84, 81, 42, 105, 20, 87, 103, 34, 88, 89, 45, 91, 92, 93, 94, 25, 95, 33, 36, 15, 23, 79, 32, 99, 9, 100, 27, 106, 82, 70, 73, 78, 48, 40, 71, 102, 67, 108, 107, 110, 53, 52, 98, 114, 41]
Correct solution
(w = 31) Building and Solving
Value Cyclic-Antibandwidth: 31
Labels: [78, 89, 109, 61, 59, 16, 36, 67, 66, 33, 48, 31, 86, 20, 40, 41, 11, 25, 53, 38, 1, 27, 97, 44, 73, 4, 32, 30, 57, 84, 51, 64, 17, 100, 24, 12, 54, 46, 8, 70, 88, 28, 103, 19, 99, 58, 111, 108, 82, 45, 49, 80, 93, 87, 102, 55, 79, 42, 105, 90, 56, 113, 5, 9, 65, 47, 21, 110, 81, 98, 52, 112, 26, 92, 77, 115, 69, 96, 85, 43, 6, 76, 116, 29, 101, 60, 75, 37, 15, 14, 13, 39, 7, 107, 10, 91, 50, 83, 35, 18, 106, 117, 2, 74, 94, 3, 62, 71, 68, 34, 114, 95, 72, 22, 104, 63, 23]
Correct solution
(w = 32) Building and Solving
[runlim] sample:		38.4 time, 30.1 real, 290.5 MB
Value Cyclic-Antibandwidth: 32
Labels: [9, 76, 94, 115, 95, 98, 45, 32, 22, 74, 58, 87, 73, 16, 42, 29, 72, 55, 14, 18, 57, 66, 112, 44, 110, 88, 40, 31, 113, 3, 20, 114, 91, 81, 62, 75, 13, 43, 69, 6, 99, 4, 10, 30, 107, 108, 64, 7, 54, 59, 28, 38, 60, 84, 63, 47, 86, 21, 101, 92, 56, 77, 93, 97, 48, 111, 83, 103, 36, 70, 33, 68, 52, 19, 8, 78, 15, 106, 67, 34, 90, 82, 53, 50, 116, 46, 35, 51, 96, 117, 17, 2, 102, 89, 1, 24, 39, 61, 5, 12, 11, 79, 41, 105, 109, 37, 100, 85, 25, 27, 80, 71, 65, 49, 104, 26, 23]
Correct solution
(w = 33) Building and Solving
Value Cyclic-Antibandwidth: 33
Labels: [44, 42, 79, 33, 26, 23, 90, 57, 95, 13, 109, 46, 68, 82, 24, 107, 41, 103, 105, 110, 9, 20, 36, 113, 76, 81, 50, 106, 87, 70, 22, 94, 35, 58, 8, 100, 92, 83, 27, 12, 56, 39, 52, 63, 49, 55, 11, 91, 97, 85, 28, 88, 64, 71, 60, 61, 67, 104, 45, 69, 101, 15, 4, 53, 5, 108, 37, 31, 111, 18, 7, 59, 102, 84, 40, 43, 3, 48, 54, 1, 47, 38, 114, 16, 98, 80, 117, 17, 30, 10, 96, 32, 21, 78, 19, 62, 6, 73, 77, 89, 75, 116, 99, 65, 66, 112, 34, 86, 93, 115, 74, 51, 29, 14, 25, 72, 2]
Correct solution
(w = 34) Building and Solving
[runlim] sample:		52.6 time, 40.1 real, 295.3 MB
Value Cyclic-Antibandwidth: 34
Labels: [42, 103, 91, 38, 11, 24, 31, 60, 76, 1, 59, 9, 23, 80, 100, 48, 13, 93, 63, 28, 56, 26, 2, 6, 107, 86, 85, 117, 96, 104, 72, 66, 27, 111, 34, 116, 90, 83, 21, 75, 115, 4, 105, 57, 110, 79, 3, 45, 50, 30, 58, 33, 98, 17, 87, 65, 95, 68, 114, 14, 46, 39, 97, 8, 44, 71, 69, 15, 36, 12, 64, 10, 32, 54, 73, 106, 18, 108, 112, 62, 109, 84, 37, 102, 7, 43, 20, 55, 40, 77, 51, 99, 5, 92, 101, 88, 47, 41, 25, 78, 89, 61, 29, 94, 82, 22, 81, 113, 67, 49, 74, 19, 35, 53, 52, 16, 70]
Correct solution
(w = 35) Building and Solving
Value Cyclic-Antibandwidth: 35
Labels: [46, 32, 95, 6, 92, 39, 62, 55, 74, 98, 21, 23, 82, 41, 67, 100, 35, 11, 68, 105, 33, 18, 117, 94, 112, 9, 70, 87, 97, 54, 45, 72, 24, 93, 30, 1, 111, 85, 31, 116, 25, 7, 103, 56, 109, 71, 8, 26, 75, 63, 61, 99, 104, 114, 28, 84, 110, 58, 81, 101, 76, 29, 2, 53, 88, 96, 16, 4, 3, 115, 14, 20, 65, 57, 27, 60, 79, 12, 52, 19, 59, 69, 106, 108, 90, 80, 91, 40, 34, 17, 15, 38, 22, 42, 47, 66, 89, 86, 5, 50, 13, 78, 73, 107, 51, 113, 48, 77, 102, 64, 44, 36, 10, 49, 43, 83, 37]
Correct solution
(w = 36) Building and Solving
[runlim] sample:		68.5 time, 50.1 real, 265.1 MB
Value Cyclic-Antibandwidth: 36
Labels: [80, 65, 116, 21, 8, 77, 62, 53, 41, 14, 55, 95, 94, 1, 103, 15, 67, 44, 28, 40, 75, 111, 104, 9, 85, 3, 16, 102, 115, 86, 39, 43, 105, 110, 35, 10, 19, 29, 4, 26, 71, 6, 89, 54, 98, 106, 2, 52, 38, 22, 23, 12, 101, 70, 81, 59, 72, 51, 78, 96, 42, 82, 17, 84, 46, 49, 50, 90, 36, 100, 47, 93, 18, 68, 99, 112, 13, 107, 5, 31, 91, 88, 56, 7, 117, 30, 11, 57, 64, 74, 79, 108, 109, 83, 20, 73, 24, 33, 63, 114, 76, 27, 58, 97, 60, 25, 61, 113, 48, 37, 69, 87, 66, 34, 45, 92, 32]
Correct solution
(w = 37) Building and Solving
[runlim] sample:		86.8 time, 60.1 real, 537.3 MB
Value Cyclic-Antibandwidth: 37
Labels: [69, 73, 29, 90, 88, 13, 113, 71, 87, 25, 56, 7, 1, 3, 8, 63, 115, 21, 4, 59, 15, 23, 20, 116, 39, 110, 10, 16, 74, 70, 67, 89, 83, 76, 102, 6, 66, 106, 48, 64, 72, 98, 62, 11, 43, 31, 19, 79, 75, 100, 68, 96, 84, 80, 9, 86, 60, 58, 47, 107, 92, 50, 27, 103, 44, 36, 30, 26, 95, 49, 46, 52, 117, 51, 40, 112, 109, 82, 85, 54, 17, 42, 93, 24, 108, 81, 97, 28, 18, 33, 32, 37, 12, 105, 38, 55, 35, 94, 34, 111, 41, 114, 101, 22, 91, 5, 61, 104, 65, 77, 53, 14, 57, 2, 78, 99, 45]
Correct solution
(w = 38) Building and Solving
Value Cyclic-Antibandwidth: 38
Labels: [48, 114, 88, 73, 32, 26, 57, 47, 64, 95, 42, 10, 102, 12, 113, 20, 36, 111, 65, 54, 27, 9, 112, 99, 85, 6, 86, 11, 93, 90, 34, 60, 22, 70, 24, 107, 94, 4, 21, 13, 25, 105, 82, 87, 103, 83, 7, 46, 76, 63, 59, 33, 2, 71, 106, 79, 104, 72, 62, 3, 74, 19, 110, 16, 56, 30, 14, 78, 39, 8, 45, 5, 66, 91, 115, 109, 81, 100, 29, 51, 92, 98, 41, 116, 89, 69, 68, 75, 50, 108, 84, 1, 17, 18, 23, 67, 96, 43, 40, 117, 101, 80, 44, 97, 58, 37, 77, 35, 61, 38, 31, 15, 53, 28, 52, 55, 49]
Correct solution
(w = 39) Building and Solving
[runlim] sample:		103.8 time, 70.1 real, 297.5 MB
Value Cyclic-Antibandwidth: 39
Labels: [30, 42, 85, 103, 22, 117, 13, 38, 40, 115, 56, 83, 109, 1, 32, 49, 20, 91, 100, 43, 10, 88, 95, 97, 82, 87, 6, 60, 84, 47, 57, 75, 37, 111, 9, 106, 65, 107, 116, 62, 25, 93, 72, 67, 89, 78, 92, 76, 27, 19, 55, 28, 31, 108, 79, 23, 102, 41, 73, 113, 50, 81, 94, 4, 44, 45, 8, 59, 29, 110, 54, 35, 34, 61, 80, 112, 86, 98, 114, 39, 105, 36, 12, 26, 77, 24, 64, 68, 104, 71, 74, 69, 101, 3, 70, 53, 66, 11, 58, 96, 99, 14, 7, 63, 15, 90, 21, 16, 52, 17, 46, 2, 18, 33, 5, 48, 51]
Correct solution
(w = 40) Building and Solving
[runlim] sample:		128.5 time, 80.1 real, 632.5 MB
Value Cyclic-Antibandwidth: 40
Labels: [26, 34, 70, 51, 109, 75, 96, 24, 35, 67, 22, 108, 94, 112, 42, 9, 73, 69, 105, 10, 102, 81, 56, 77, 59, 83, 40, 107, 53, 38, 23, 16, 28, 87, 116, 100, 29, 103, 78, 20, 60, 76, 72, 43, 79, 54, 97, 110, 6, 2, 27, 114, 30, 90, 61, 3, 82, 14, 71, 86, 11, 98, 101, 93, 36, 25, 113, 41, 7, 99, 19, 62, 12, 33, 55, 85, 68, 84, 117, 31, 74, 37, 111, 66, 64, 5, 47, 21, 106, 45, 65, 49, 80, 89, 48, 39, 15, 115, 17, 104, 58, 91, 8, 44, 57, 95, 50, 92, 18, 1, 4, 88, 63, 13, 46, 52, 32]
Correct solution
(w = 41) Building and Solving
Value Cyclic-Antibandwidth: 41
Labels: [35, 39, 89, 56, 29, 66, 55, 5, 14, 52, 12, 88, 100, 62, 27, 1, 73, 95, 94, 16, 53, 71, 75, 81, 91, 97, 17, 108, 114, 40, 38, 6, 36, 107, 30, 79, 9, 109, 72, 8, 43, 64, 105, 103, 90, 80, 76, 93, 3, 22, 31, 13, 23, 110, 82, 112, 102, 4, 104, 77, 116, 61, 96, 70, 21, 28, 111, 60, 19, 59, 33, 50, 51, 101, 98, 83, 65, 84, 20, 26, 68, 44, 7, 47, 48, 113, 46, 32, 78, 63, 87, 67, 57, 69, 37, 99, 2, 10, 42, 85, 86, 117, 25, 92, 45, 115, 58, 106, 15, 18, 11, 74, 34, 41, 49, 54, 24]
Correct solution
(w = 42) Building and Solving
[runlim] sample:		156.2 time, 90.1 real, 284.4 MB
[runlim] sample:		193.0 time, 100.1 real, 664.7 MB
Value Cyclic-Antibandwidth: 42
Labels: [40, 27, 85, 9, 26, 116, 14, 69, 48, 23, 58, 111, 105, 110, 51, 33, 108, 95, 80, 55, 8, 4, 87, 109, 78, 97, 28, 84, 66, 34, 47, 63, 22, 62, 24, 113, 50, 115, 3, 64, 12, 102, 83, 79, 90, 98, 112, 93, 46, 38, 57, 60, 36, 59, 94, 74, 81, 65, 67, 1, 42, 99, 103, 100, 45, 73, 82, 71, 39, 6, 44, 13, 16, 68, 89, 2, 10, 91, 41, 61, 107, 29, 49, 21, 7, 54, 20, 75, 96, 104, 101, 106, 117, 114, 30, 70, 56, 35, 77, 88, 92, 32, 43, 76, 11, 86, 15, 31, 72, 19, 52, 5, 18, 17, 25, 37, 53]
Correct solution
(w = 43) Building and Solving
[runlim] sample:		223.0 time, 110.1 real, 756.3 MB
Value Cyclic-Antibandwidth: 43
Labels: [7, 40, 76, 56, 27, 70, 96, 107, 5, 35, 10, 69, 90, 58, 28, 20, 67, 71, 110, 19, 63, 55, 75, 57, 87, 66, 21, 99, 108, 22, 45, 116, 44, 103, 32, 61, 17, 50, 48, 30, 64, 68, 100, 95, 77, 79, 51, 89, 3, 113, 18, 117, 37, 102, 94, 109, 80, 9, 106, 74, 2, 72, 81, 83, 14, 24, 86, 104, 1, 49, 16, 62, 6, 97, 53, 82, 41, 84, 11, 26, 73, 23, 13, 46, 42, 112, 12, 29, 91, 54, 85, 59, 52, 65, 39, 98, 114, 105, 38, 88, 92, 111, 4, 78, 47, 93, 33, 101, 8, 31, 115, 60, 43, 34, 36, 15, 25]
Correct solution
(w = 44) Building and Solving
[runlim] sample:		251.8 time, 120.1 real, 747.2 MB
Value Cyclic-Antibandwidth: 44
Labels: [52, 30, 99, 19, 23, 108, 85, 63, 44, 1, 51, 105, 109, 11, 14, 49, 10, 96, 93, 43, 18, 117, 104, 8, 87, 2, 24, 89, 91, 28, 62, 65, 36, 75, 37, 4, 64, 7, 111, 35, 27, 115, 98, 67, 94, 110, 116, 74, 72, 58, 46, 47, 45, 76, 88, 82, 102, 53, 83, 97, 59, 95, 106, 114, 55, 41, 86, 77, 57, 112, 61, 20, 56, 70, 12, 107, 13, 100, 48, 42, 103, 21, 60, 17, 15, 71, 26, 25, 113, 3, 92, 6, 9, 5, 38, 81, 78, 66, 34, 101, 90, 79, 69, 84, 33, 80, 32, 73, 54, 31, 68, 16, 39, 29, 22, 40, 50]
Correct solution
(w = 45) Building and Solving
[runlim] sample:		284.0 time, 130.1 real, 509.5 MB
[runlim] sample:		334.1 time, 140.1 real, 822.9 MB
[runlim] sample:		364.1 time, 150.1 real, 896.9 MB
[runlim] sample:		394.1 time, 160.1 real, 896.9 MB
[runlim] sample:		424.1 time, 170.1 real, 896.9 MB
[runlim] sample:		454.1 time, 180.1 real, 896.9 MB
[runlim] sample:		484.1 time, 190.1 real, 900.7 MB
[runlim] sample:		514.1 time, 200.1 real, 900.7 MB
[runlim] sample:		544.1 time, 210.1 real, 900.7 MB
[runlim] sample:		574.1 time, 220.1 real, 900.7 MB
[runlim] sample:		604.1 time, 230.1 real, 900.7 MB
[runlim] sample:		634.1 time, 240.1 real, 900.8 MB
[runlim] sample:		664.0 time, 250.1 real, 911.6 MB
[runlim] sample:		694.0 time, 260.1 real, 911.6 MB
[runlim] sample:		724.0 time, 270.1 real, 911.6 MB
[runlim] sample:		754.0 time, 280.1 real, 911.6 MB
[runlim] sample:		784.0 time, 290.1 real, 911.6 MB
[runlim] sample:		814.0 time, 300.1 real, 911.6 MB
[runlim] sample:		844.0 time, 310.1 real, 911.6 MB
[runlim] sample:		874.0 time, 320.1 real, 911.6 MB
[runlim] sample:		904.0 time, 330.1 real, 911.6 MB
[runlim] sample:		934.1 time, 340.1 real, 911.6 MB
[runlim] sample:		964.0 time, 350.1 real, 911.6 MB
[runlim] sample:		994.0 time, 360.1 real, 911.6 MB
[runlim] sample:		1024.0 time, 370.1 real, 911.7 MB
[runlim] sample:		1054.0 time, 380.1 real, 911.7 MB
[runlim] sample:		1084.0 time, 390.1 real, 911.7 MB
[runlim] sample:		1114.0 time, 400.1 real, 911.7 MB
[runlim] sample:		1144.0 time, 410.1 real, 911.7 MB
[runlim] sample:		1174.0 time, 420.1 real, 911.7 MB
[runlim] sample:		1204.0 time, 430.1 real, 911.9 MB
[runlim] sample:		1234.0 time, 440.1 real, 913.9 MB
[runlim] sample:		1264.0 time, 450.1 real, 913.9 MB
[runlim] sample:		1294.0 time, 460.1 real, 913.9 MB
[runlim] sample:		1324.0 time, 470.1 real, 913.9 MB
[runlim] sample:		1354.0 time, 480.1 real, 913.9 MB
[runlim] sample:		1384.0 time, 490.1 real, 913.9 MB
[runlim] sample:		1414.0 time, 500.1 real, 913.9 MB
[runlim] sample:		1444.0 time, 510.1 real, 913.9 MB
[runlim] sample:		1474.0 time, 520.1 real, 913.9 MB
[runlim] sample:		1504.0 time, 530.1 real, 913.9 MB
[runlim] sample:		1534.0 time, 540.1 real, 913.9 MB
[runlim] sample:		1564.0 time, 550.1 real, 913.9 MB
[runlim] sample:		1594.0 time, 560.1 real, 914.4 MB
[runlim] sample:		1624.0 time, 570.1 real, 923.5 MB
[runlim] sample:		1654.0 time, 580.1 real, 923.5 MB
[runlim] sample:		1684.0 time, 590.1 real, 925.1 MB
[runlim] sample:		1714.0 time, 600.1 real, 925.4 MB
[runlim] sample:		1744.0 time, 610.1 real, 925.5 MB
[runlim] sample:		1774.0 time, 620.1 real, 925.5 MB
[runlim] sample:		1804.0 time, 630.1 real, 927.9 MB
[runlim] sample:		1834.0 time, 640.1 real, 927.9 MB
[runlim] sample:		1864.0 time, 650.1 real, 1079.4 MB
[runlim] sample:		1894.0 time, 660.1 real, 1080.5 MB
[runlim] sample:		1924.0 time, 670.1 real, 1083.3 MB
[runlim] sample:		1954.0 time, 680.1 real, 1083.3 MB
[runlim] sample:		1984.0 time, 690.1 real, 1083.3 MB
[runlim] sample:		2014.0 time, 700.1 real, 1083.3 MB
[runlim] sample:		2044.0 time, 710.1 real, 1083.3 MB
[runlim] sample:		2074.0 time, 720.1 real, 1083.3 MB
[runlim] sample:		2104.0 time, 730.1 real, 1083.4 MB
[runlim] sample:		2134.0 time, 740.1 real, 1083.4 MB
[runlim] sample:		2164.0 time, 750.1 real, 1083.4 MB
[runlim] sample:		2194.0 time, 760.1 real, 1083.8 MB
[runlim] sample:		2224.0 time, 770.1 real, 1126.4 MB
[runlim] sample:		2254.0 time, 780.1 real, 1130.5 MB
[runlim] sample:		2284.0 time, 790.1 real, 1130.5 MB
[runlim] sample:		2314.0 time, 800.1 real, 1138.9 MB
[runlim] sample:		2344.0 time, 810.1 real, 1140.2 MB
[runlim] sample:		2374.0 time, 820.1 real, 1140.6 MB
[runlim] sample:		2404.0 time, 830.1 real, 1141.9 MB
[runlim] sample:		2434.0 time, 840.1 real, 1141.9 MB
[runlim] sample:		2464.0 time, 850.1 real, 1141.9 MB
[runlim] sample:		2494.0 time, 860.1 real, 1141.9 MB
[runlim] sample:		2524.0 time, 870.1 real, 1141.9 MB
[runlim] sample:		2554.0 time, 880.1 real, 1141.9 MB
[runlim] sample:		2584.0 time, 890.1 real, 1141.9 MB
[runlim] sample:		2614.0 time, 900.1 real, 1141.9 MB
[runlim] sample:		2644.0 time, 910.1 real, 1152.3 MB
[runlim] sample:		2674.0 time, 920.1 real, 1152.3 MB
[runlim] sample:		2704.0 time, 930.1 real, 1152.3 MB
[runlim] sample:		2734.0 time, 940.1 real, 1152.3 MB
[runlim] sample:		2764.0 time, 950.1 real, 1152.3 MB
[runlim] sample:		2794.0 time, 960.1 real, 1152.3 MB
[runlim] sample:		2824.0 time, 970.1 real, 1152.3 MB
[runlim] sample:		2854.0 time, 980.1 real, 1152.3 MB
[runlim] sample:		2884.0 time, 990.1 real, 1152.3 MB
[runlim] sample:		2914.0 time, 1000.1 real, 1152.3 MB
[runlim] sample:		2944.0 time, 1010.1 real, 1152.3 MB
[runlim] sample:		2974.0 time, 1020.1 real, 1152.3 MB
[runlim] sample:		3004.0 time, 1030.1 real, 1152.3 MB
[runlim] sample:		3034.0 time, 1040.1 real, 1152.3 MB
[runlim] sample:		3064.0 time, 1050.1 real, 1152.3 MB
[runlim] sample:		3094.0 time, 1060.1 real, 1152.3 MB
[runlim] sample:		3124.0 time, 1070.1 real, 1152.3 MB
[runlim] sample:		3154.0 time, 1080.1 real, 1152.3 MB
[runlim] sample:		3184.0 time, 1090.1 real, 1152.3 MB
[runlim] sample:		3214.0 time, 1100.1 real, 1152.3 MB
[runlim] sample:		3244.0 time, 1110.1 real, 1152.3 MB
[runlim] sample:		3274.0 time, 1120.1 real, 1152.3 MB
[runlim] sample:		3304.0 time, 1130.1 real, 1152.3 MB
[runlim] sample:		3334.0 time, 1140.1 real, 1152.3 MB
[runlim] sample:		3364.0 time, 1150.1 real, 1152.3 MB
[runlim] sample:		3394.0 time, 1160.1 real, 1152.3 MB
[runlim] sample:		3424.0 time, 1170.1 real, 1152.3 MB
[runlim] sample:		3454.0 time, 1180.1 real, 1152.3 MB
[runlim] sample:		3484.0 time, 1190.1 real, 1152.3 MB
[runlim] sample:		3514.0 time, 1200.1 real, 1152.3 MB
[runlim] sample:		3544.0 time, 1210.1 real, 1152.3 MB
[runlim] sample:		3574.0 time, 1220.1 real, 1152.3 MB
[runlim] sample:		3604.0 time, 1230.1 real, 1152.3 MB
[runlim] sample:		3634.0 time, 1240.1 real, 1152.3 MB
[runlim] sample:		3664.0 time, 1250.1 real, 1152.3 MB
[runlim] sample:		3694.0 time, 1260.1 real, 1152.3 MB
[runlim] sample:		3724.0 time, 1270.1 real, 1152.3 MB
Value Cyclic-Antibandwidth: 45
Labels: [71, 58, 1, 39, 51, 23, 107, 94, 74, 43, 73, 16, 117, 31, 45, 68, 37, 116, 111, 81, 36, 27, 5, 18, 109, 17, 67, 98, 104, 49, 54, 89, 65, 100, 53, 24, 83, 25, 26, 60, 42, 15, 4, 101, 2, 8, 21, 115, 88, 95, 63, 82, 64, 105, 112, 92, 9, 78, 103, 7, 77, 12, 11, 22, 76, 72, 110, 96, 84, 29, 69, 41, 80, 97, 35, 14, 38, 10, 75, 70, 13, 56, 79, 44, 48, 93, 59, 57, 19, 30, 3, 34, 28, 20, 47, 99, 91, 87, 61, 6, 113, 106, 90, 108, 33, 114, 46, 102, 86, 50, 85, 32, 52, 55, 40, 62, 66]
Correct solution
(w = 46) Building and Solving
[runlim] sample:		3749.1 time, 1280.1 real, 699.2 MB
[runlim] sample:		3788.8 time, 1290.1 real, 925.5 MB
[runlim] sample:		3847.4 time, 1300.1 real, 988.3 MB
[runlim] sample:		3882.1 time, 1310.1 real, 996.3 MB
[runlim] sample:		3912.1 time, 1320.1 real, 1021.4 MB
[runlim] sample:		3942.1 time, 1330.1 real, 1051.2 MB
[runlim] sample:		3972.1 time, 1340.1 real, 1051.2 MB
[runlim] sample:		4002.1 time, 1350.1 real, 1051.2 MB
[runlim] sample:		4032.1 time, 1360.1 real, 1051.2 MB
[runlim] sample:		4062.1 time, 1370.1 real, 1051.2 MB
[runlim] sample:		4092.1 time, 1380.1 real, 1051.2 MB
[runlim] sample:		4122.0 time, 1390.1 real, 1051.2 MB
[runlim] sample:		4152.0 time, 1400.1 real, 1051.2 MB
[runlim] sample:		4182.0 time, 1410.1 real, 1051.2 MB
[runlim] sample:		4212.0 time, 1420.1 real, 1051.2 MB
[runlim] sample:		4242.0 time, 1430.1 real, 1051.2 MB
[runlim] sample:		4272.0 time, 1440.1 real, 1051.2 MB
[runlim] sample:		4302.0 time, 1450.1 real, 1051.2 MB
[runlim] sample:		4332.0 time, 1460.1 real, 1051.2 MB
[runlim] sample:		4362.0 time, 1470.1 real, 1051.2 MB
[runlim] sample:		4392.0 time, 1480.1 real, 1051.2 MB
[runlim] sample:		4422.0 time, 1490.1 real, 1051.2 MB
[runlim] sample:		4452.0 time, 1500.1 real, 1051.2 MB
[runlim] sample:		4482.0 time, 1510.1 real, 1051.2 MB
[runlim] sample:		4512.0 time, 1520.1 real, 1051.2 MB
[runlim] sample:		4542.0 time, 1530.1 real, 1051.2 MB
[runlim] sample:		4572.0 time, 1540.1 real, 1051.2 MB
[runlim] sample:		4602.0 time, 1550.1 real, 1051.2 MB
[runlim] sample:		4632.0 time, 1560.1 real, 1051.2 MB
[runlim] sample:		4662.0 time, 1570.1 real, 1051.2 MB
[runlim] sample:		4692.0 time, 1580.1 real, 1051.2 MB
[runlim] sample:		4722.0 time, 1590.1 real, 1051.2 MB
[runlim] sample:		4752.0 time, 1600.1 real, 1051.2 MB
[runlim] sample:		4782.0 time, 1610.1 real, 1051.7 MB
[runlim] sample:		4812.0 time, 1620.1 real, 1051.7 MB
[runlim] sample:		4842.0 time, 1630.1 real, 1051.7 MB
[runlim] sample:		4872.0 time, 1640.1 real, 1051.7 MB
[runlim] sample:		4902.0 time, 1650.1 real, 1051.7 MB
[runlim] sample:		4932.0 time, 1660.1 real, 1051.7 MB
[runlim] sample:		4962.0 time, 1670.1 real, 1051.7 MB
[runlim] sample:		4992.0 time, 1680.1 real, 1051.7 MB
[runlim] sample:		5022.0 time, 1690.1 real, 1051.7 MB
[runlim] sample:		5052.0 time, 1700.1 real, 1051.7 MB
[runlim] sample:		5082.0 time, 1710.1 real, 1051.7 MB
[runlim] sample:		5112.0 time, 1720.1 real, 1051.7 MB
[runlim] sample:		5142.0 time, 1730.1 real, 1051.7 MB
[runlim] sample:		5172.0 time, 1740.1 real, 1051.7 MB
[runlim] sample:		5202.0 time, 1750.1 real, 1051.7 MB
[runlim] sample:		5232.0 time, 1760.1 real, 1077.0 MB
[runlim] sample:		5262.0 time, 1770.1 real, 1077.0 MB
[runlim] sample:		5292.0 time, 1780.1 real, 1078.6 MB
[runlim] sample:		5322.0 time, 1790.1 real, 1078.6 MB
[runlim] sample:		5352.0 time, 1800.1 real, 1078.6 MB
[runlim] end:			Tue Oct 14 11:29:19 2025
[runlim] status:		out of time
[runlim] result:		2
[runlim] children:		0
[runlim] real:			1800.09 seconds
[runlim] time:			5352.00 seconds
[runlim] space:			1172.0 MB
[runlim] samples:		18000
