[runlim] version:		1.10
[runlim] time limit:		311040000 seconds
[runlim] real time limit:	1800 seconds
[runlim] space limit:		30000 MB
[runlim] argv[0]:		python3
[runlim] argv[1]:		model_MIP_CPLEX.py
[runlim] argv[2]:		./graph/harwell_boeing/M-bcsstk06.mtx.rnd
[runlim] start:			Tue Oct 14 11:59:19 2025
[runlim] main pid:		440009
[runlim] log captured:
(w = 16) Building and Solving
[runlim] sample:		10.0 time, 10.1 real, 950.4 MB
[runlim] sample:		20.0 time, 20.1 real, 1862.0 MB
[runlim] sample:		30.0 time, 30.1 real, 2177.5 MB
[runlim] sample:		45.2 time, 40.1 real, 4315.1 MB
[runlim] sample:		65.2 time, 50.1 real, 4328.7 MB
[runlim] sample:		85.2 time, 60.1 real, 4342.7 MB
[runlim] sample:		105.2 time, 70.1 real, 4354.7 MB
[runlim] sample:		125.2 time, 80.1 real, 4368.7 MB
[runlim] sample:		145.2 time, 90.1 real, 4382.7 MB
[runlim] sample:		165.2 time, 100.1 real, 4398.8 MB
[runlim] sample:		185.2 time, 110.1 real, 4416.6 MB
[runlim] sample:		205.2 time, 120.1 real, 4437.1 MB
[runlim] sample:		225.2 time, 130.1 real, 4462.7 MB
[runlim] sample:		245.2 time, 140.1 real, 4472.7 MB
[runlim] sample:		265.2 time, 150.1 real, 4486.7 MB
[runlim] sample:		285.2 time, 160.1 real, 4496.7 MB
[runlim] sample:		305.2 time, 170.1 real, 4512.7 MB
[runlim] sample:		316.6 time, 180.1 real, 3004.8 MB
[runlim] sample:		326.6 time, 190.1 real, 2261.0 MB
[runlim] sample:		336.6 time, 200.1 real, 1813.4 MB
[runlim] sample:		348.1 time, 210.1 real, 2364.8 MB
Value Cyclic-Antibandwidth: 16
Labels: [2, 419, 90, 148, 366, 18, 370, 342, 6, 13, 207, 9, 5, 178, 118, 145, 71, 42, 38, 10, 205, 47, 79, 12, 23, 4, 236, 17, 33, 415, 418, 19, 20, 104, 21, 26, 46, 24, 51, 27, 39, 52, 36, 25, 55, 16, 82, 89, 362, 49, 64, 130, 50, 22, 29, 67, 81, 63, 94, 86, 65, 80, 78, 405, 381, 99, 34, 8, 37, 1, 85, 40, 53, 76, 87, 330, 83, 84, 70, 108, 7, 56, 420, 142, 54, 74, 11, 91, 95, 59, 311, 66, 109, 93, 166, 96, 68, 98, 69, 131, 106, 100, 116, 143, 62, 61, 114, 41, 115, 144, 110, 57, 119, 138, 127, 128, 102, 129, 146, 117, 32, 35, 149, 101, 121, 125, 151, 132, 77, 134, 136, 92, 107, 124, 123, 147, 155, 97, 139, 157, 126, 140, 159, 152, 122, 137, 167, 171, 186, 158, 172, 161, 162, 160, 164, 156, 28, 43, 141, 111, 213, 174, 48, 30, 45, 58, 201, 193, 173, 73, 176, 177, 192, 175, 75, 60, 181, 195, 72, 215, 88, 103, 187, 133, 179, 188, 14, 217, 163, 185, 194, 191, 180, 219, 189, 210, 196, 197, 198, 200, 105, 3, 135, 203, 204, 113, 206, 202, 209, 208, 226, 218, 15, 182, 211, 216, 223, 165, 224, 190, 225, 238, 212, 220, 228, 247, 154, 120, 170, 231, 240, 31, 233, 232, 150, 234, 245, 257, 255, 253, 256, 242, 258, 277, 271, 230, 248, 246, 250, 249, 227, 261, 302, 262, 263, 272, 221, 276, 235, 254, 239, 291, 183, 293, 278, 295, 265, 329, 251, 260, 287, 264, 273, 284, 279, 281, 285, 282, 269, 270, 286, 288, 241, 266, 280, 292, 290, 222, 303, 237, 184, 299, 305, 300, 301, 199, 294, 324, 306, 307, 297, 310, 252, 322, 214, 312, 328, 308, 314, 316, 317, 323, 309, 320, 325, 313, 336, 229, 327, 283, 298, 168, 332, 267, 341, 338, 335, 339, 340, 337, 349, 289, 268, 356, 275, 353, 244, 351, 369, 333, 321, 318, 259, 352, 345, 315, 355, 331, 334, 359, 387, 243, 365, 169, 344, 371, 296, 367, 346, 350, 368, 319, 357, 360, 388, 375, 382, 379, 347, 378, 374, 364, 383, 384, 385, 386, 372, 326, 354, 373, 348, 358, 389, 391, 392, 274, 408, 304, 411, 413, 343, 394, 395, 153, 112, 399, 376, 401, 402, 403, 397, 396, 398, 404, 44, 363, 406, 407, 377, 409, 410, 380, 393, 400, 412, 361, 414, 416, 417, 390]
Correct solution
(w = 17) Building and Solving
[runlim] sample:		370.4 time, 220.1 real, 1695.9 MB
[runlim] sample:		380.4 time, 230.1 real, 2457.0 MB
[runlim] sample:		390.4 time, 240.1 real, 2484.0 MB
[runlim] sample:		400.4 time, 250.1 real, 2608.6 MB
[runlim] sample:		417.4 time, 260.1 real, 4565.8 MB
[runlim] sample:		437.4 time, 270.1 real, 4577.8 MB
[runlim] sample:		457.4 time, 280.1 real, 4592.9 MB
[runlim] sample:		477.4 time, 290.1 real, 4609.2 MB
[runlim] sample:		497.4 time, 300.1 real, 4625.0 MB
[runlim] sample:		517.4 time, 310.1 real, 4641.0 MB
[runlim] sample:		537.4 time, 320.1 real, 4653.2 MB
[runlim] sample:		557.4 time, 330.1 real, 4671.0 MB
[runlim] sample:		577.4 time, 340.1 real, 4686.3 MB
[runlim] sample:		597.4 time, 350.1 real, 4705.1 MB
[runlim] sample:		617.4 time, 360.1 real, 4729.2 MB
[runlim] sample:		637.4 time, 370.1 real, 4742.2 MB
[runlim] sample:		657.4 time, 380.1 real, 4755.2 MB
[runlim] sample:		677.3 time, 390.1 real, 4767.2 MB
[runlim] sample:		697.3 time, 400.1 real, 4780.9 MB
[runlim] sample:		715.1 time, 410.1 real, 4792.4 MB
[runlim] sample:		725.1 time, 420.1 real, 4804.5 MB
[runlim] sample:		735.1 time, 430.1 real, 2594.0 MB
[runlim] sample:		745.1 time, 440.1 real, 2497.4 MB
[runlim] sample:		756.7 time, 450.1 real, 2538.1 MB
[runlim] sample:		769.4 time, 460.1 real, 3250.4 MB
Value Cyclic-Antibandwidth: 17
Labels: [388, 7, 420, 85, 343, 408, 367, 418, 6, 8, 356, 3, 126, 268, 419, 277, 323, 188, 4, 53, 49, 108, 89, 45, 11, 5, 10, 112, 24, 403, 15, 125, 16, 17, 177, 75, 35, 31, 348, 18, 29, 74, 19, 32, 36, 33, 50, 25, 27, 54, 55, 2, 34, 20, 21, 180, 56, 47, 37, 13, 80, 72, 64, 57, 81, 65, 38, 39, 12, 40, 98, 48, 51, 99, 43, 68, 52, 28, 416, 71, 100, 23, 41, 67, 70, 379, 58, 370, 42, 76, 22, 69, 107, 73, 84, 101, 132, 116, 105, 60, 79, 113, 375, 114, 82, 61, 131, 83, 66, 97, 88, 90, 117, 129, 102, 181, 358, 122, 123, 14, 104, 144, 130, 59, 165, 1, 152, 121, 118, 151, 143, 120, 44, 169, 124, 145, 138, 155, 134, 163, 136, 137, 106, 95, 183, 87, 154, 184, 170, 146, 159, 198, 153, 91, 77, 63, 119, 160, 135, 139, 103, 150, 96, 111, 161, 187, 179, 162, 148, 127, 164, 133, 86, 186, 166, 167, 191, 192, 193, 93, 168, 211, 182, 171, 196, 200, 178, 265, 217, 197, 185, 213, 156, 214, 225, 218, 26, 264, 220, 208, 216, 149, 172, 271, 250, 247, 210, 204, 249, 226, 203, 228, 207, 147, 229, 199, 230, 175, 246, 140, 224, 245, 235, 236, 239, 209, 202, 194, 248, 241, 242, 232, 243, 252, 212, 231, 257, 256, 258, 219, 259, 255, 260, 272, 261, 227, 281, 244, 274, 215, 233, 283, 315, 289, 311, 251, 275, 276, 273, 263, 266, 290, 234, 291, 319, 332, 287, 262, 201, 296, 279, 292, 293, 294, 321, 309, 303, 304, 267, 280, 305, 284, 195, 307, 278, 298, 223, 310, 312, 295, 308, 313, 322, 282, 30, 297, 299, 328, 288, 325, 306, 345, 314, 346, 327, 324, 240, 330, 329, 335, 300, 336, 331, 78, 115, 94, 347, 46, 128, 141, 173, 142, 363, 157, 340, 341, 62, 342, 337, 344, 351, 338, 352, 354, 339, 316, 360, 353, 357, 110, 158, 189, 205, 361, 174, 190, 221, 237, 355, 206, 372, 253, 371, 269, 373, 374, 222, 238, 254, 285, 301, 369, 368, 381, 382, 380, 397, 286, 333, 92, 362, 318, 392, 383, 398, 384, 317, 270, 349, 385, 386, 320, 365, 387, 390, 302, 391, 334, 393, 377, 411, 415, 394, 366, 364, 401, 389, 400, 9, 402, 396, 395, 109, 404, 405, 350, 406, 407, 376, 409, 410, 378, 359, 399, 412, 413, 414, 176, 417, 326]
Correct solution
(w = 18) Building and Solving
[runlim] sample:		796.0 time, 470.1 real, 1852.4 MB
[runlim] sample:		806.0 time, 480.1 real, 2744.4 MB
[runlim] sample:		816.0 time, 490.1 real, 1389.3 MB
[runlim] sample:		826.0 time, 500.1 real, 2684.8 MB
[runlim] sample:		844.8 time, 510.1 real, 4724.3 MB
[runlim] sample:		864.8 time, 520.1 real, 4737.4 MB
[runlim] sample:		884.8 time, 530.1 real, 4751.4 MB
[runlim] sample:		904.8 time, 540.1 real, 4778.7 MB
[runlim] sample:		924.8 time, 550.1 real, 4803.5 MB
[runlim] sample:		944.8 time, 560.1 real, 4815.3 MB
[runlim] sample:		964.8 time, 570.1 real, 4827.1 MB
[runlim] sample:		984.8 time, 580.1 real, 4839.3 MB
[runlim] sample:		1004.8 time, 590.1 real, 4857.1 MB
[runlim] sample:		1024.8 time, 600.1 real, 4880.1 MB
[runlim] sample:		1044.8 time, 610.1 real, 4891.2 MB
[runlim] sample:		1064.8 time, 620.1 real, 4911.2 MB
[runlim] sample:		1084.8 time, 630.1 real, 4929.2 MB
[runlim] sample:		1104.8 time, 640.1 real, 4937.2 MB
[runlim] sample:		1124.8 time, 650.1 real, 4949.5 MB
[runlim] sample:		1144.8 time, 660.1 real, 4963.3 MB
[runlim] sample:		1164.8 time, 670.1 real, 4977.3 MB
[runlim] sample:		1181.7 time, 680.1 real, 4991.4 MB
[runlim] sample:		1191.7 time, 690.1 real, 4995.4 MB
[runlim] sample:		1201.7 time, 700.1 real, 3393.9 MB
[runlim] sample:		1211.7 time, 710.1 real, 3195.2 MB
[runlim] sample:		1223.3 time, 720.1 real, 3600.9 MB
[runlim] sample:		1233.3 time, 730.1 real, 3488.2 MB
Value Cyclic-Antibandwidth: 18
Labels: [3, 359, 420, 106, 377, 366, 369, 365, 7, 373, 86, 197, 56, 30, 14, 37, 108, 103, 12, 84, 70, 16, 21, 5, 31, 50, 204, 67, 418, 402, 51, 358, 140, 20, 179, 1, 144, 66, 46, 71, 48, 68, 6, 19, 123, 203, 153, 72, 2, 54, 383, 42, 10, 11, 23, 419, 53, 81, 121, 55, 82, 64, 85, 38, 35, 41, 174, 113, 69, 61, 24, 22, 39, 87, 59, 75, 76, 136, 8, 25, 83, 57, 89, 73, 44, 88, 192, 324, 91, 60, 17, 98, 126, 100, 119, 313, 74, 142, 93, 120, 110, 36, 94, 101, 177, 90, 111, 32, 115, 143, 43, 18, 26, 125, 104, 116, 77, 102, 134, 132, 92, 95, 135, 109, 9, 133, 137, 117, 65, 128, 45, 145, 28, 58, 107, 29, 127, 52, 138, 164, 139, 159, 112, 129, 141, 118, 160, 149, 181, 195, 162, 158, 63, 188, 165, 146, 172, 166, 47, 169, 79, 155, 96, 80, 97, 156, 130, 154, 148, 210, 170, 163, 171, 147, 199, 173, 175, 182, 196, 27, 114, 178, 187, 185, 198, 40, 168, 131, 186, 215, 152, 180, 62, 201, 269, 150, 228, 202, 229, 222, 78, 206, 392, 209, 15, 167, 211, 176, 189, 193, 212, 244, 213, 194, 243, 205, 255, 190, 214, 33, 257, 260, 122, 161, 218, 207, 219, 124, 184, 157, 270, 221, 220, 258, 262, 233, 216, 256, 264, 237, 238, 279, 276, 239, 227, 49, 240, 271, 241, 261, 272, 235, 151, 250, 292, 259, 273, 245, 236, 254, 223, 290, 226, 252, 291, 287, 191, 247, 208, 299, 267, 224, 284, 294, 274, 275, 288, 278, 286, 295, 277, 304, 280, 316, 301, 312, 230, 306, 281, 263, 305, 253, 338, 246, 99, 289, 293, 314, 297, 323, 307, 303, 308, 339, 298, 320, 322, 329, 325, 326, 309, 310, 327, 318, 315, 311, 330, 225, 282, 242, 328, 105, 331, 265, 248, 340, 232, 341, 332, 183, 344, 283, 345, 351, 333, 349, 266, 350, 4, 348, 321, 217, 335, 337, 234, 268, 387, 367, 317, 354, 361, 353, 362, 368, 375, 380, 300, 346, 334, 249, 356, 352, 400, 378, 379, 381, 384, 360, 302, 347, 231, 357, 385, 386, 382, 200, 371, 251, 355, 372, 389, 342, 390, 408, 411, 285, 413, 319, 370, 415, 391, 397, 393, 13, 364, 388, 363, 399, 403, 401, 395, 394, 396, 404, 405, 336, 406, 407, 34, 409, 410, 376, 343, 398, 412, 374, 414, 416, 417, 296]
Correct solution
(w = 19) Building and Solving
[runlim] sample:		1262.5 time, 740.1 real, 1667.0 MB
[runlim] sample:		1272.5 time, 750.1 real, 2498.9 MB
[runlim] sample:		1282.5 time, 760.1 real, 3337.9 MB
[runlim] sample:		1292.5 time, 770.1 real, 2727.6 MB
[runlim] sample:		1306.0 time, 780.1 real, 4894.3 MB
[runlim] sample:		1326.0 time, 790.1 real, 4913.2 MB
[runlim] sample:		1346.0 time, 800.1 real, 4932.4 MB
[runlim] sample:		1366.0 time, 810.1 real, 4950.5 MB
[runlim] sample:		1386.0 time, 820.1 real, 4962.5 MB
[runlim] sample:		1406.0 time, 830.1 real, 4974.3 MB
[runlim] sample:		1426.0 time, 840.1 real, 4988.3 MB
[runlim] sample:		1446.0 time, 850.1 real, 4999.6 MB
[runlim] sample:		1466.0 time, 860.1 real, 5018.4 MB
[runlim] sample:		1486.0 time, 870.1 real, 5036.4 MB
[runlim] sample:		1506.0 time, 880.1 real, 5050.4 MB
[runlim] sample:		1526.0 time, 890.1 real, 5070.4 MB
[runlim] sample:		1546.0 time, 900.1 real, 5086.4 MB
[runlim] sample:		1566.0 time, 910.1 real, 5095.7 MB
[runlim] sample:		1586.0 time, 920.1 real, 5116.5 MB
[runlim] sample:		1606.0 time, 930.1 real, 5128.3 MB
[runlim] sample:		1626.0 time, 940.1 real, 5144.5 MB
[runlim] sample:		1646.0 time, 950.1 real, 5158.6 MB
[runlim] sample:		1666.0 time, 960.1 real, 5164.6 MB
[runlim] sample:		1686.0 time, 970.1 real, 5185.6 MB
[runlim] sample:		1706.0 time, 980.1 real, 5206.4 MB
[runlim] sample:		1717.9 time, 990.1 real, 5210.4 MB
[runlim] sample:		1727.9 time, 1000.1 real, 2789.3 MB
[runlim] sample:		1737.9 time, 1010.1 real, 2601.3 MB
[runlim] sample:		1747.9 time, 1020.1 real, 2606.9 MB
[runlim] sample:		1759.8 time, 1030.1 real, 2648.1 MB
[runlim] sample:		1769.8 time, 1040.1 real, 2922.9 MB
[runlim] sample:		1809.2 time, 1050.1 real, 4465.1 MB
Value Cyclic-Antibandwidth: 19
Labels: [396, 21, 420, 338, 357, 404, 367, 10, 28, 416, 4, 368, 3, 266, 51, 6, 52, 7, 301, 15, 347, 44, 11, 40, 27, 311, 26, 1, 92, 56, 113, 43, 83, 13, 58, 57, 60, 30, 87, 25, 61, 46, 110, 19, 74, 63, 32, 42, 64, 47, 68, 405, 62, 41, 22, 65, 95, 69, 66, 18, 85, 156, 31, 408, 76, 38, 16, 79, 81, 77, 89, 71, 49, 96, 17, 176, 82, 336, 418, 139, 114, 80, 223, 93, 111, 128, 163, 291, 108, 70, 45, 390, 105, 100, 174, 356, 39, 101, 106, 126, 36, 102, 121, 78, 107, 84, 120, 75, 109, 117, 175, 180, 73, 122, 8, 146, 5, 53, 125, 127, 115, 118, 164, 150, 59, 91, 293, 67, 148, 112, 166, 130, 354, 160, 86, 119, 177, 131, 133, 168, 104, 268, 147, 9, 134, 136, 29, 24, 218, 137, 23, 269, 149, 12, 54, 141, 151, 196, 55, 186, 155, 124, 94, 116, 286, 188, 419, 144, 90, 99, 138, 234, 213, 287, 185, 103, 157, 187, 158, 48, 72, 189, 181, 194, 167, 249, 37, 159, 154, 132, 179, 195, 248, 198, 204, 229, 197, 193, 214, 230, 190, 192, 169, 205, 224, 129, 217, 162, 145, 143, 201, 251, 219, 207, 252, 170, 221, 14, 98, 199, 253, 225, 153, 209, 208, 226, 191, 152, 140, 240, 239, 228, 258, 288, 171, 203, 215, 231, 289, 210, 227, 232, 279, 233, 236, 142, 172, 237, 33, 235, 247, 264, 211, 182, 278, 241, 173, 206, 244, 250, 245, 183, 212, 274, 314, 267, 200, 312, 375, 135, 246, 123, 97, 242, 270, 265, 307, 254, 161, 276, 222, 294, 255, 282, 320, 296, 303, 309, 283, 261, 346, 343, 216, 184, 295, 334, 243, 315, 277, 298, 319, 313, 271, 322, 331, 316, 332, 344, 280, 317, 333, 299, 2, 302, 300, 262, 364, 202, 324, 263, 327, 325, 321, 220, 340, 88, 272, 366, 345, 297, 273, 310, 373, 369, 281, 348, 290, 349, 377, 306, 238, 330, 259, 308, 350, 284, 370, 351, 352, 342, 383, 355, 358, 292, 337, 378, 318, 341, 260, 285, 359, 360, 361, 362, 379, 363, 380, 381, 304, 335, 328, 305, 382, 395, 34, 35, 165, 257, 384, 385, 388, 275, 323, 389, 371, 178, 392, 329, 391, 415, 411, 399, 339, 365, 256, 402, 376, 398, 403, 400, 394, 393, 387, 401, 50, 374, 406, 407, 372, 409, 410, 326, 353, 397, 412, 413, 414, 20, 417, 386]
Correct solution
(w = 20) Building and Solving
[runlim] sample:		1819.2 time, 1060.1 real, 2335.8 MB
[runlim] sample:		1829.2 time, 1070.1 real, 3190.4 MB
[runlim] sample:		1839.2 time, 1080.1 real, 2919.0 MB
[runlim] sample:		1849.2 time, 1090.1 real, 3193.8 MB
[runlim] sample:		1868.6 time, 1100.1 real, 5082.7 MB
[runlim] sample:		1888.6 time, 1110.1 real, 5092.5 MB
[runlim] sample:		1908.6 time, 1120.1 real, 5106.8 MB
[runlim] sample:		1928.6 time, 1130.1 real, 5115.5 MB
[runlim] sample:		1948.6 time, 1140.1 real, 5126.8 MB
[runlim] sample:		1968.6 time, 1150.1 real, 5136.8 MB
[runlim] sample:		1988.6 time, 1160.1 real, 5149.3 MB
[runlim] sample:		2008.6 time, 1170.1 real, 5164.6 MB
[runlim] sample:		2028.6 time, 1180.1 real, 5174.6 MB
[runlim] sample:		2048.6 time, 1190.1 real, 5194.7 MB
[runlim] sample:		2068.6 time, 1200.1 real, 5220.6 MB
[runlim] sample:		2088.6 time, 1210.1 real, 5230.6 MB
[runlim] sample:		2108.6 time, 1220.1 real, 5242.6 MB
[runlim] sample:		2128.6 time, 1230.1 real, 5252.9 MB
[runlim] sample:		2148.6 time, 1240.1 real, 5268.6 MB
[runlim] sample:		2168.6 time, 1250.1 real, 5288.3 MB
[runlim] sample:		2188.6 time, 1260.1 real, 5300.3 MB
[runlim] sample:		2208.6 time, 1270.1 real, 5310.3 MB
[runlim] sample:		2228.6 time, 1280.1 real, 5330.3 MB
[runlim] sample:		2248.6 time, 1290.1 real, 5347.0 MB
[runlim] sample:		2268.6 time, 1300.1 real, 5356.8 MB
[runlim] sample:		2288.6 time, 1310.1 real, 5366.3 MB
[runlim] sample:		2308.6 time, 1320.1 real, 5370.3 MB
[runlim] sample:		2328.6 time, 1330.1 real, 5378.2 MB
[runlim] sample:		2340.8 time, 1340.1 real, 5386.2 MB
[runlim] sample:		2350.8 time, 1350.1 real, 5392.2 MB
[runlim] sample:		2360.8 time, 1360.1 real, 3700.4 MB
[runlim] sample:		2370.8 time, 1370.1 real, 3436.5 MB
[runlim] sample:		2381.4 time, 1380.1 real, 3473.2 MB
[runlim] sample:		2392.5 time, 1390.1 real, 3473.7 MB
[runlim] sample:		2420.1 time, 1400.1 real, 5788.3 MB
Value Cyclic-Antibandwidth: 20
Labels: [405, 419, 420, 373, 329, 8, 385, 20, 418, 2, 59, 359, 23, 181, 156, 7, 162, 190, 15, 173, 135, 46, 117, 38, 10, 6, 4, 125, 11, 93, 21, 337, 79, 174, 17, 67, 58, 36, 206, 22, 41, 30, 386, 40, 107, 89, 343, 5, 166, 29, 403, 9, 47, 212, 81, 60, 69, 34, 1, 16, 324, 80, 51, 87, 52, 137, 12, 66, 72, 35, 68, 118, 366, 50, 85, 86, 78, 64, 42, 98, 159, 18, 33, 70, 55, 177, 32, 305, 110, 54, 102, 26, 28, 99, 65, 153, 161, 14, 49, 116, 127, 100, 71, 103, 112, 90, 97, 13, 157, 141, 113, 119, 83, 120, 121, 140, 48, 193, 259, 142, 25, 39, 115, 94, 139, 53, 129, 62, 179, 130, 43, 91, 84, 123, 163, 61, 164, 134, 165, 170, 144, 146, 96, 122, 24, 111, 145, 175, 27, 128, 176, 124, 101, 104, 138, 88, 149, 147, 182, 131, 160, 371, 109, 204, 106, 201, 63, 178, 172, 168, 126, 180, 242, 209, 192, 105, 154, 3, 75, 167, 108, 253, 74, 76, 196, 200, 155, 197, 77, 203, 148, 183, 191, 221, 233, 220, 187, 230, 210, 151, 150, 189, 158, 222, 223, 57, 232, 152, 82, 213, 19, 211, 185, 194, 254, 239, 231, 31, 234, 184, 214, 235, 95, 171, 198, 186, 195, 114, 237, 188, 236, 215, 238, 216, 169, 199, 244, 251, 248, 249, 256, 252, 45, 257, 297, 92, 245, 280, 255, 260, 217, 271, 298, 143, 272, 273, 56, 262, 264, 133, 247, 291, 136, 240, 274, 312, 288, 243, 292, 287, 218, 202, 290, 275, 276, 267, 319, 268, 229, 219, 258, 322, 261, 303, 269, 326, 310, 313, 323, 289, 278, 314, 279, 132, 302, 304, 306, 73, 311, 325, 293, 270, 263, 341, 224, 327, 334, 330, 331, 277, 308, 344, 283, 227, 332, 250, 307, 265, 294, 266, 321, 226, 353, 205, 333, 207, 346, 342, 328, 241, 345, 225, 376, 348, 286, 357, 285, 368, 347, 295, 246, 284, 354, 336, 355, 299, 381, 37, 340, 356, 382, 374, 358, 364, 228, 375, 309, 350, 349, 315, 300, 377, 378, 363, 379, 365, 380, 383, 351, 316, 384, 352, 406, 408, 370, 335, 281, 208, 387, 411, 413, 318, 388, 390, 391, 296, 415, 317, 395, 398, 338, 400, 360, 282, 401, 402, 361, 397, 44, 399, 393, 392, 394, 404, 301, 320, 362, 407, 369, 409, 410, 372, 389, 396, 412, 367, 414, 416, 417, 339]
Correct solution
(w = 21) Building and Solving
[runlim] sample:		2434.5 time, 1410.1 real, 2190.7 MB
[runlim] sample:		2444.5 time, 1420.1 real, 3000.4 MB
[runlim] sample:		2454.5 time, 1430.1 real, 1572.8 MB
[runlim] sample:		2464.5 time, 1440.1 real, 3082.7 MB
[runlim] sample:		2479.4 time, 1450.1 real, 5244.6 MB
[runlim] sample:		2499.4 time, 1460.1 real, 5250.6 MB
[runlim] sample:		2519.4 time, 1470.1 real, 5260.8 MB
[runlim] sample:		2539.4 time, 1480.1 real, 5272.8 MB
[runlim] sample:		2559.4 time, 1490.1 real, 5284.8 MB
[runlim] sample:		2579.4 time, 1500.1 real, 5302.4 MB
[runlim] sample:		2599.4 time, 1510.1 real, 5314.6 MB
[runlim] sample:		2619.4 time, 1520.1 real, 5324.4 MB
[runlim] sample:		2639.4 time, 1530.1 real, 5344.4 MB
[runlim] sample:		2659.4 time, 1540.1 real, 5359.7 MB
[runlim] sample:		2679.4 time, 1550.1 real, 5376.5 MB
[runlim] sample:		2699.4 time, 1560.1 real, 5390.3 MB
[runlim] sample:		2719.4 time, 1570.1 real, 5396.6 MB
[runlim] sample:		2739.4 time, 1580.1 real, 5408.6 MB
[runlim] sample:		2759.4 time, 1590.1 real, 5427.0 MB
[runlim] sample:		2779.4 time, 1600.1 real, 5444.6 MB
[runlim] sample:		2799.4 time, 1610.1 real, 5466.1 MB
[runlim] sample:		2819.4 time, 1620.1 real, 5484.7 MB
[runlim] sample:		2839.4 time, 1630.1 real, 5494.7 MB
[runlim] sample:		2859.4 time, 1640.1 real, 5502.7 MB
[runlim] sample:		2879.4 time, 1650.1 real, 5512.7 MB
[runlim] sample:		2899.4 time, 1660.1 real, 5522.7 MB
[runlim] sample:		2919.4 time, 1670.1 real, 5534.7 MB
[runlim] sample:		2939.4 time, 1680.1 real, 5538.7 MB
[runlim] sample:		2959.4 time, 1690.1 real, 5548.5 MB
[runlim] sample:		2979.4 time, 1700.1 real, 5558.6 MB
[runlim] sample:		2995.4 time, 1710.1 real, 5566.6 MB
[runlim] sample:		3005.4 time, 1720.1 real, 5570.3 MB
[runlim] sample:		3015.4 time, 1730.1 real, 5576.6 MB
[runlim] sample:		3025.4 time, 1740.1 real, 3844.9 MB
[runlim] sample:		3035.4 time, 1750.1 real, 3783.0 MB
[runlim] sample:		3045.4 time, 1760.1 real, 3594.2 MB
[runlim] sample:		3057.1 time, 1770.1 real, 3630.0 MB
[runlim] sample:		3067.1 time, 1780.1 real, 3929.4 MB
Value Cyclic-Antibandwidth: 21
Labels: [7, 419, 420, 31, 231, 408, 416, 17, 371, 56, 350, 365, 76, 322, 97, 12, 34, 185, 84, 3, 87, 11, 60, 52, 414, 13, 14, 417, 156, 391, 57, 374, 128, 93, 320, 29, 92, 61, 168, 66, 41, 15, 385, 152, 111, 62, 5, 105, 47, 42, 261, 18, 49, 236, 69, 37, 2, 36, 73, 187, 21, 71, 43, 95, 51, 86, 4, 32, 38, 35, 89, 110, 19, 116, 48, 210, 103, 104, 418, 124, 9, 335, 50, 1, 24, 28, 107, 101, 106, 74, 58, 384, 125, 98, 140, 364, 30, 8, 126, 112, 80, 75, 118, 82, 94, 25, 153, 64, 109, 127, 46, 65, 149, 148, 160, 162, 26, 135, 137, 184, 63, 79, 130, 150, 119, 355, 138, 27, 96, 157, 39, 88, 44, 166, 117, 139, 172, 141, 313, 45, 70, 143, 144, 102, 108, 85, 142, 129, 54, 151, 191, 33, 178, 122, 186, 68, 158, 67, 183, 198, 164, 20, 91, 16, 134, 182, 406, 190, 123, 23, 145, 196, 229, 206, 179, 174, 180, 77, 133, 72, 40, 222, 215, 212, 199, 131, 113, 167, 176, 213, 225, 244, 205, 226, 202, 245, 235, 177, 90, 232, 100, 146, 170, 227, 214, 159, 233, 115, 189, 249, 315, 154, 163, 147, 247, 114, 252, 10, 278, 216, 207, 257, 99, 171, 246, 165, 120, 173, 81, 217, 253, 209, 272, 316, 194, 136, 285, 192, 290, 270, 267, 282, 269, 274, 275, 276, 258, 203, 264, 314, 237, 277, 219, 234, 318, 279, 197, 259, 265, 256, 204, 286, 218, 299, 266, 223, 238, 262, 239, 155, 193, 132, 273, 300, 292, 284, 293, 289, 195, 317, 280, 294, 230, 295, 175, 302, 250, 343, 323, 296, 297, 298, 330, 287, 255, 324, 220, 326, 304, 348, 306, 307, 240, 340, 169, 328, 333, 55, 334, 336, 337, 263, 303, 243, 356, 242, 376, 325, 228, 260, 121, 327, 338, 288, 342, 200, 188, 339, 344, 283, 389, 309, 352, 367, 268, 378, 308, 305, 372, 357, 248, 332, 310, 329, 312, 319, 349, 211, 353, 358, 375, 208, 359, 360, 377, 393, 345, 362, 370, 161, 354, 346, 366, 221, 379, 363, 381, 382, 373, 251, 311, 291, 383, 386, 401, 281, 397, 201, 224, 387, 369, 181, 331, 390, 415, 241, 394, 301, 271, 399, 411, 400, 351, 321, 78, 402, 388, 396, 403, 398, 392, 22, 380, 404, 405, 341, 361, 407, 368, 409, 254, 410, 347, 395, 412, 413, 53, 83, 6, 59]
Correct solution
(w = 22) Building and Solving
[runlim] sample:		3091.0 time, 1790.1 real, 2323.0 MB
[runlim] sample:		3101.0 time, 1800.1 real, 0.0 MB
[runlim] end:			Tue Oct 14 12:29:19 2025
[runlim] status:		out of time
[runlim] result:		2
[runlim] children:		0
[runlim] real:			1800.18 seconds
[runlim] time:			3101.00 seconds
[runlim] space:			6568.0 MB
[runlim] samples:		18000
