[runlim] version:		1.10
[runlim] time limit:		311040000 seconds
[runlim] real time limit:	1800 seconds
[runlim] space limit:		30000 MB
[runlim] argv[0]:		python3
[runlim] argv[1]:		model_MIP_CPLEX.py
[runlim] argv[2]:		./graph/harwell_boeing/N-bcsstk07.mtx.rnd
[runlim] start:			Tue Oct 14 12:29:19 2025
[runlim] main pid:		441938
[runlim] log captured:
(w = 16) Building and Solving
[runlim] sample:		10.0 time, 10.2 real, 953.4 MB
[runlim] sample:		20.0 time, 20.2 real, 1934.4 MB
[runlim] sample:		30.0 time, 30.2 real, 2222.5 MB
[runlim] sample:		46.5 time, 40.2 real, 4318.6 MB
[runlim] sample:		66.5 time, 50.2 real, 4333.1 MB
[runlim] sample:		86.5 time, 60.2 real, 4347.1 MB
[runlim] sample:		106.5 time, 70.2 real, 4357.2 MB
[runlim] sample:		126.5 time, 80.2 real, 4373.7 MB
[runlim] sample:		146.5 time, 90.2 real, 4390.0 MB
[runlim] sample:		166.5 time, 100.2 real, 4408.0 MB
[runlim] sample:		186.5 time, 110.2 real, 4424.0 MB
[runlim] sample:		206.5 time, 120.2 real, 4445.8 MB
[runlim] sample:		226.5 time, 130.2 real, 4467.6 MB
[runlim] sample:		246.5 time, 140.2 real, 4483.6 MB
[runlim] sample:		266.5 time, 150.2 real, 4495.7 MB
[runlim] sample:		286.5 time, 160.2 real, 4511.8 MB
[runlim] sample:		301.0 time, 170.2 real, 4521.8 MB
[runlim] sample:		310.9 time, 180.2 real, 2260.5 MB
[runlim] sample:		321.0 time, 190.2 real, 2298.0 MB
[runlim] sample:		332.5 time, 200.2 real, 2363.7 MB
Value Cyclic-Antibandwidth: 16
Labels: [2, 419, 90, 148, 366, 18, 370, 342, 6, 13, 207, 9, 5, 178, 118, 145, 71, 42, 38, 10, 205, 47, 79, 12, 23, 4, 236, 17, 33, 415, 418, 19, 20, 104, 21, 26, 46, 24, 51, 27, 39, 52, 36, 25, 55, 16, 82, 89, 362, 49, 64, 130, 50, 22, 29, 67, 81, 63, 94, 86, 65, 80, 78, 405, 381, 99, 34, 8, 37, 1, 85, 40, 53, 76, 87, 330, 83, 84, 70, 108, 7, 56, 420, 142, 54, 74, 11, 91, 95, 59, 311, 66, 109, 93, 166, 96, 68, 98, 69, 131, 106, 100, 116, 143, 62, 61, 114, 41, 115, 144, 110, 57, 119, 138, 127, 128, 102, 129, 146, 117, 32, 35, 149, 101, 121, 125, 151, 132, 77, 134, 136, 92, 107, 124, 123, 147, 155, 97, 139, 157, 126, 140, 159, 152, 122, 137, 167, 171, 186, 158, 172, 161, 162, 160, 164, 156, 28, 43, 141, 111, 213, 174, 48, 30, 45, 58, 201, 193, 173, 73, 176, 177, 192, 175, 75, 60, 181, 195, 72, 215, 88, 103, 187, 133, 179, 188, 14, 217, 163, 185, 194, 191, 180, 219, 189, 210, 196, 197, 198, 200, 105, 3, 135, 203, 204, 113, 206, 202, 209, 208, 226, 218, 15, 182, 211, 216, 223, 165, 224, 190, 225, 238, 212, 220, 228, 247, 154, 120, 170, 231, 240, 31, 233, 232, 150, 234, 245, 257, 255, 253, 256, 242, 258, 277, 271, 230, 248, 246, 250, 249, 227, 261, 302, 262, 263, 272, 221, 276, 235, 254, 239, 291, 183, 293, 278, 295, 265, 329, 251, 260, 287, 264, 273, 284, 279, 281, 285, 282, 269, 270, 286, 288, 241, 266, 280, 292, 290, 222, 303, 237, 184, 299, 305, 300, 301, 199, 294, 324, 306, 307, 297, 310, 252, 322, 214, 312, 328, 308, 314, 316, 317, 323, 309, 320, 325, 313, 336, 229, 327, 283, 298, 168, 332, 267, 341, 338, 335, 339, 340, 337, 349, 289, 268, 356, 275, 353, 244, 351, 369, 333, 321, 318, 259, 352, 345, 315, 355, 331, 334, 359, 387, 243, 365, 169, 344, 371, 296, 367, 346, 350, 368, 319, 357, 360, 388, 375, 382, 379, 347, 378, 374, 364, 383, 384, 385, 386, 372, 326, 354, 373, 348, 358, 389, 391, 392, 274, 408, 304, 411, 413, 343, 394, 395, 153, 112, 399, 376, 401, 402, 403, 397, 396, 398, 404, 44, 363, 406, 407, 377, 409, 410, 380, 393, 400, 412, 361, 414, 416, 417, 390]
Correct solution
(w = 17) Building and Solving
[runlim] sample:		352.6 time, 210.2 real, 1704.6 MB
[runlim] sample:		362.6 time, 220.2 real, 2572.4 MB
[runlim] sample:		372.6 time, 230.2 real, 1506.1 MB
[runlim] sample:		382.6 time, 240.2 real, 2615.0 MB
[runlim] sample:		400.8 time, 250.2 real, 4562.2 MB
[runlim] sample:		420.8 time, 260.2 real, 4574.5 MB
[runlim] sample:		440.8 time, 270.2 real, 4591.9 MB
[runlim] sample:		460.8 time, 280.2 real, 4605.9 MB
[runlim] sample:		480.8 time, 290.2 real, 4627.9 MB
[runlim] sample:		500.8 time, 300.2 real, 4638.7 MB
[runlim] sample:		520.8 time, 310.2 real, 4656.0 MB
[runlim] sample:		540.8 time, 320.2 real, 4673.8 MB
[runlim] sample:		560.8 time, 330.2 real, 4690.1 MB
[runlim] sample:		580.8 time, 340.2 real, 4709.8 MB
[runlim] sample:		600.8 time, 350.2 real, 4731.8 MB
[runlim] sample:		620.8 time, 360.2 real, 4746.5 MB
[runlim] sample:		640.8 time, 370.2 real, 4756.5 MB
[runlim] sample:		660.8 time, 380.2 real, 4773.2 MB
[runlim] sample:		680.8 time, 390.2 real, 4783.3 MB
[runlim] sample:		693.3 time, 400.2 real, 4797.3 MB
[runlim] sample:		703.4 time, 410.2 real, 2591.1 MB
[runlim] sample:		713.3 time, 420.2 real, 2496.9 MB
[runlim] sample:		723.9 time, 430.2 real, 2535.3 MB
[runlim] sample:		735.0 time, 440.2 real, 2536.2 MB
Value Cyclic-Antibandwidth: 17
Labels: [388, 7, 420, 85, 343, 408, 367, 418, 6, 8, 356, 3, 126, 268, 419, 277, 323, 188, 4, 53, 49, 108, 89, 45, 11, 5, 10, 112, 24, 403, 15, 125, 16, 17, 177, 75, 35, 31, 348, 18, 29, 74, 19, 32, 36, 33, 50, 25, 27, 54, 55, 2, 34, 20, 21, 180, 56, 47, 37, 13, 80, 72, 64, 57, 81, 65, 38, 39, 12, 40, 98, 48, 51, 99, 43, 68, 52, 28, 416, 71, 100, 23, 41, 67, 70, 379, 58, 370, 42, 76, 22, 69, 107, 73, 84, 101, 132, 116, 105, 60, 79, 113, 375, 114, 82, 61, 131, 83, 66, 97, 88, 90, 117, 129, 102, 181, 358, 122, 123, 14, 104, 144, 130, 59, 165, 1, 152, 121, 118, 151, 143, 120, 44, 169, 124, 145, 138, 155, 134, 163, 136, 137, 106, 95, 183, 87, 154, 184, 170, 146, 159, 198, 153, 91, 77, 63, 119, 160, 135, 139, 103, 150, 96, 111, 161, 187, 179, 162, 148, 127, 164, 133, 86, 186, 166, 167, 191, 192, 193, 93, 168, 211, 182, 171, 196, 200, 178, 265, 217, 197, 185, 213, 156, 214, 225, 218, 26, 264, 220, 208, 216, 149, 172, 271, 250, 247, 210, 204, 249, 226, 203, 228, 207, 147, 229, 199, 230, 175, 246, 140, 224, 245, 235, 236, 239, 209, 202, 194, 248, 241, 242, 232, 243, 252, 212, 231, 257, 256, 258, 219, 259, 255, 260, 272, 261, 227, 281, 244, 274, 215, 233, 283, 315, 289, 311, 251, 275, 276, 273, 263, 266, 290, 234, 291, 319, 332, 287, 262, 201, 296, 279, 292, 293, 294, 321, 309, 303, 304, 267, 280, 305, 284, 195, 307, 278, 298, 223, 310, 312, 295, 308, 313, 322, 282, 30, 297, 299, 328, 288, 325, 306, 345, 314, 346, 327, 324, 240, 330, 329, 335, 300, 336, 331, 78, 115, 94, 347, 46, 128, 141, 173, 142, 363, 157, 340, 341, 62, 342, 337, 344, 351, 338, 352, 354, 339, 316, 360, 353, 357, 110, 158, 189, 205, 361, 174, 190, 221, 237, 355, 206, 372, 253, 371, 269, 373, 374, 222, 238, 254, 285, 301, 369, 368, 381, 382, 380, 397, 286, 333, 92, 362, 318, 392, 383, 398, 384, 317, 270, 349, 385, 386, 320, 365, 387, 390, 302, 391, 334, 393, 377, 411, 415, 394, 366, 364, 401, 389, 400, 9, 402, 396, 395, 109, 404, 405, 350, 406, 407, 376, 409, 410, 378, 359, 399, 412, 413, 414, 176, 417, 326]
Correct solution
(w = 18) Building and Solving
[runlim] sample:		763.1 time, 450.2 real, 1518.3 MB
[runlim] sample:		773.1 time, 460.2 real, 2391.0 MB
[runlim] sample:		783.1 time, 470.2 real, 3280.7 MB
[runlim] sample:		793.1 time, 480.2 real, 2671.8 MB
[runlim] sample:		807.9 time, 490.2 real, 4707.7 MB
[runlim] sample:		827.9 time, 500.2 real, 4719.8 MB
[runlim] sample:		847.9 time, 510.2 real, 4727.8 MB
[runlim] sample:		867.9 time, 520.2 real, 4751.8 MB
[runlim] sample:		887.9 time, 530.2 real, 4769.9 MB
[runlim] sample:		907.9 time, 540.2 real, 4789.9 MB
[runlim] sample:		927.9 time, 550.2 real, 4803.7 MB
[runlim] sample:		947.9 time, 560.2 real, 4815.7 MB
[runlim] sample:		967.9 time, 570.2 real, 4831.7 MB
[runlim] sample:		987.9 time, 580.2 real, 4843.5 MB
[runlim] sample:		1007.8 time, 590.2 real, 4864.5 MB
[runlim] sample:		1027.8 time, 600.2 real, 4877.6 MB
[runlim] sample:		1047.8 time, 610.2 real, 4895.6 MB
[runlim] sample:		1067.8 time, 620.2 real, 4915.6 MB
[runlim] sample:		1087.8 time, 630.2 real, 4923.6 MB
[runlim] sample:		1107.8 time, 640.2 real, 4935.7 MB
[runlim] sample:		1127.8 time, 650.2 real, 4947.7 MB
[runlim] sample:		1147.8 time, 660.2 real, 4963.7 MB
[runlim] sample:		1167.4 time, 670.2 real, 4977.7 MB
[runlim] sample:		1177.4 time, 680.2 real, 4981.7 MB
[runlim] sample:		1187.4 time, 690.2 real, 3381.0 MB
[runlim] sample:		1197.4 time, 700.2 real, 3182.5 MB
[runlim] sample:		1208.0 time, 710.2 real, 3317.9 MB
[runlim] sample:		1219.2 time, 720.2 real, 3226.3 MB
[runlim] sample:		1253.8 time, 730.2 real, 4734.1 MB
Value Cyclic-Antibandwidth: 18
Labels: [3, 359, 420, 106, 377, 366, 369, 365, 7, 373, 86, 197, 56, 30, 14, 37, 108, 103, 12, 84, 70, 16, 21, 5, 31, 50, 204, 67, 418, 402, 51, 358, 140, 20, 179, 1, 144, 66, 46, 71, 48, 68, 6, 19, 123, 203, 153, 72, 2, 54, 383, 42, 10, 11, 23, 419, 53, 81, 121, 55, 82, 64, 85, 38, 35, 41, 174, 113, 69, 61, 24, 22, 39, 87, 59, 75, 76, 136, 8, 25, 83, 57, 89, 73, 44, 88, 192, 324, 91, 60, 17, 98, 126, 100, 119, 313, 74, 142, 93, 120, 110, 36, 94, 101, 177, 90, 111, 32, 115, 143, 43, 18, 26, 125, 104, 116, 77, 102, 134, 132, 92, 95, 135, 109, 9, 133, 137, 117, 65, 128, 45, 145, 28, 58, 107, 29, 127, 52, 138, 164, 139, 159, 112, 129, 141, 118, 160, 149, 181, 195, 162, 158, 63, 188, 165, 146, 172, 166, 47, 169, 79, 155, 96, 80, 97, 156, 130, 154, 148, 210, 170, 163, 171, 147, 199, 173, 175, 182, 196, 27, 114, 178, 187, 185, 198, 40, 168, 131, 186, 215, 152, 180, 62, 201, 269, 150, 228, 202, 229, 222, 78, 206, 392, 209, 15, 167, 211, 176, 189, 193, 212, 244, 213, 194, 243, 205, 255, 190, 214, 33, 257, 260, 122, 161, 218, 207, 219, 124, 184, 157, 270, 221, 220, 258, 262, 233, 216, 256, 264, 237, 238, 279, 276, 239, 227, 49, 240, 271, 241, 261, 272, 235, 151, 250, 292, 259, 273, 245, 236, 254, 223, 290, 226, 252, 291, 287, 191, 247, 208, 299, 267, 224, 284, 294, 274, 275, 288, 278, 286, 295, 277, 304, 280, 316, 301, 312, 230, 306, 281, 263, 305, 253, 338, 246, 99, 289, 293, 314, 297, 323, 307, 303, 308, 339, 298, 320, 322, 329, 325, 326, 309, 310, 327, 318, 315, 311, 330, 225, 282, 242, 328, 105, 331, 265, 248, 340, 232, 341, 332, 183, 344, 283, 345, 351, 333, 349, 266, 350, 4, 348, 321, 217, 335, 337, 234, 268, 387, 367, 317, 354, 361, 353, 362, 368, 375, 380, 300, 346, 334, 249, 356, 352, 400, 378, 379, 381, 384, 360, 302, 347, 231, 357, 385, 386, 382, 200, 371, 251, 355, 372, 389, 342, 390, 408, 411, 285, 413, 319, 370, 415, 391, 397, 393, 13, 364, 388, 363, 399, 403, 401, 395, 394, 396, 404, 405, 336, 406, 407, 34, 409, 410, 376, 343, 398, 412, 374, 414, 416, 417, 296]
Correct solution
(w = 19) Building and Solving
[runlim] sample:		1263.8 time, 740.2 real, 2084.8 MB
[runlim] sample:		1273.8 time, 750.2 real, 2866.3 MB
[runlim] sample:		1283.8 time, 760.2 real, 1346.0 MB
[runlim] sample:		1293.8 time, 770.2 real, 2746.7 MB
[runlim] sample:		1311.8 time, 780.2 real, 4882.7 MB
[runlim] sample:		1331.8 time, 790.2 real, 4903.4 MB
[runlim] sample:		1351.8 time, 800.2 real, 4922.7 MB
[runlim] sample:		1371.8 time, 810.2 real, 4938.7 MB
[runlim] sample:		1391.8 time, 820.2 real, 4949.4 MB
[runlim] sample:		1411.8 time, 830.2 real, 4964.7 MB
[runlim] sample:		1431.8 time, 840.2 real, 4978.6 MB
[runlim] sample:		1451.8 time, 850.2 real, 4994.4 MB
[runlim] sample:		1471.8 time, 860.2 real, 5010.4 MB
[runlim] sample:		1491.8 time, 870.2 real, 5024.4 MB
[runlim] sample:		1511.8 time, 880.2 real, 5047.8 MB
[runlim] sample:		1531.8 time, 890.2 real, 5062.4 MB
[runlim] sample:		1551.8 time, 900.2 real, 5078.4 MB
[runlim] sample:		1571.8 time, 910.2 real, 5094.4 MB
[runlim] sample:		1591.8 time, 920.2 real, 5114.3 MB
[runlim] sample:		1611.8 time, 930.2 real, 5124.3 MB
[runlim] sample:		1631.8 time, 940.2 real, 5140.3 MB
[runlim] sample:		1651.8 time, 950.2 real, 5152.4 MB
[runlim] sample:		1671.8 time, 960.2 real, 5164.2 MB
[runlim] sample:		1691.8 time, 970.2 real, 5182.3 MB
[runlim] sample:		1711.8 time, 980.2 real, 5202.3 MB
[runlim] sample:		1722.4 time, 990.2 real, 5206.8 MB
[runlim] sample:		1732.4 time, 1000.2 real, 2785.3 MB
[runlim] sample:		1742.4 time, 1010.2 real, 2599.5 MB
[runlim] sample:		1752.4 time, 1020.2 real, 2605.0 MB
[runlim] sample:		1764.1 time, 1030.2 real, 2646.2 MB
[runlim] sample:		1774.3 time, 1040.2 real, 2740.5 MB
[runlim] sample:		1819.6 time, 1050.2 real, 4424.8 MB
Value Cyclic-Antibandwidth: 19
Labels: [396, 21, 420, 338, 357, 404, 367, 10, 28, 416, 4, 368, 3, 266, 51, 6, 52, 7, 301, 15, 347, 44, 11, 40, 27, 311, 26, 1, 92, 56, 113, 43, 83, 13, 58, 57, 60, 30, 87, 25, 61, 46, 110, 19, 74, 63, 32, 42, 64, 47, 68, 405, 62, 41, 22, 65, 95, 69, 66, 18, 85, 156, 31, 408, 76, 38, 16, 79, 81, 77, 89, 71, 49, 96, 17, 176, 82, 336, 418, 139, 114, 80, 223, 93, 111, 128, 163, 291, 108, 70, 45, 390, 105, 100, 174, 356, 39, 101, 106, 126, 36, 102, 121, 78, 107, 84, 120, 75, 109, 117, 175, 180, 73, 122, 8, 146, 5, 53, 125, 127, 115, 118, 164, 150, 59, 91, 293, 67, 148, 112, 166, 130, 354, 160, 86, 119, 177, 131, 133, 168, 104, 268, 147, 9, 134, 136, 29, 24, 218, 137, 23, 269, 149, 12, 54, 141, 151, 196, 55, 186, 155, 124, 94, 116, 286, 188, 419, 144, 90, 99, 138, 234, 213, 287, 185, 103, 157, 187, 158, 48, 72, 189, 181, 194, 167, 249, 37, 159, 154, 132, 179, 195, 248, 198, 204, 229, 197, 193, 214, 230, 190, 192, 169, 205, 224, 129, 217, 162, 145, 143, 201, 251, 219, 207, 252, 170, 221, 14, 98, 199, 253, 225, 153, 209, 208, 226, 191, 152, 140, 240, 239, 228, 258, 288, 171, 203, 215, 231, 289, 210, 227, 232, 279, 233, 236, 142, 172, 237, 33, 235, 247, 264, 211, 182, 278, 241, 173, 206, 244, 250, 245, 183, 212, 274, 314, 267, 200, 312, 375, 135, 246, 123, 97, 242, 270, 265, 307, 254, 161, 276, 222, 294, 255, 282, 320, 296, 303, 309, 283, 261, 346, 343, 216, 184, 295, 334, 243, 315, 277, 298, 319, 313, 271, 322, 331, 316, 332, 344, 280, 317, 333, 299, 2, 302, 300, 262, 364, 202, 324, 263, 327, 325, 321, 220, 340, 88, 272, 366, 345, 297, 273, 310, 373, 369, 281, 348, 290, 349, 377, 306, 238, 330, 259, 308, 350, 284, 370, 351, 352, 342, 383, 355, 358, 292, 337, 378, 318, 341, 260, 285, 359, 360, 361, 362, 379, 363, 380, 381, 304, 335, 328, 305, 382, 395, 34, 35, 165, 257, 384, 385, 388, 275, 323, 389, 371, 178, 392, 329, 391, 415, 411, 399, 339, 365, 256, 402, 376, 398, 403, 400, 394, 393, 387, 401, 50, 374, 406, 407, 372, 409, 410, 326, 353, 397, 412, 413, 414, 20, 417, 386]
Correct solution
(w = 20) Building and Solving
[runlim] sample:		1829.8 time, 1060.2 real, 2374.9 MB
[runlim] sample:		1839.8 time, 1070.2 real, 3233.5 MB
[runlim] sample:		1849.8 time, 1080.2 real, 2911.0 MB
[runlim] sample:		1859.9 time, 1090.2 real, 3751.4 MB
[runlim] sample:		1879.9 time, 1100.2 real, 5086.2 MB
[runlim] sample:		1899.9 time, 1110.2 real, 5098.3 MB
[runlim] sample:		1919.9 time, 1120.2 real, 5114.3 MB
[runlim] sample:		1939.9 time, 1130.2 real, 5119.8 MB
[runlim] sample:		1959.9 time, 1140.2 real, 5128.3 MB
[runlim] sample:		1979.9 time, 1150.2 real, 5142.3 MB
[runlim] sample:		1999.9 time, 1160.2 real, 5156.1 MB
[runlim] sample:		2019.9 time, 1170.2 real, 5168.4 MB
[runlim] sample:		2039.9 time, 1180.2 real, 5186.2 MB
[runlim] sample:		2059.9 time, 1190.2 real, 5202.4 MB
[runlim] sample:		2079.9 time, 1200.2 real, 5226.3 MB
[runlim] sample:		2099.9 time, 1210.2 real, 5238.3 MB
[runlim] sample:		2119.9 time, 1220.2 real, 5248.3 MB
[runlim] sample:		2139.9 time, 1230.2 real, 5262.1 MB
[runlim] sample:		2159.9 time, 1240.2 real, 5282.1 MB
[runlim] sample:		2179.9 time, 1250.2 real, 5300.3 MB
[runlim] sample:		2199.9 time, 1260.2 real, 5313.3 MB
[runlim] sample:		2219.9 time, 1270.2 real, 5332.1 MB
[runlim] sample:		2239.9 time, 1280.2 real, 5345.9 MB
[runlim] sample:		2259.9 time, 1290.2 real, 5356.2 MB
[runlim] sample:		2279.9 time, 1300.2 real, 5364.2 MB
[runlim] sample:		2299.9 time, 1310.2 real, 5370.2 MB
[runlim] sample:		2317.2 time, 1320.2 real, 5374.2 MB
[runlim] sample:		2327.2 time, 1330.2 real, 5380.3 MB
[runlim] sample:		2337.2 time, 1340.2 real, 3787.8 MB
[runlim] sample:		2347.2 time, 1350.2 real, 3641.8 MB
[runlim] sample:		2357.1 time, 1360.2 real, 3426.3 MB
[runlim] sample:		2367.7 time, 1370.2 real, 3485.9 MB
[runlim] sample:		2378.8 time, 1380.2 real, 3468.0 MB
[runlim] sample:		2408.1 time, 1390.2 real, 6043.9 MB
Value Cyclic-Antibandwidth: 20
Labels: [405, 419, 420, 373, 329, 8, 385, 20, 418, 2, 59, 359, 23, 181, 156, 7, 162, 190, 15, 173, 135, 46, 117, 38, 10, 6, 4, 125, 11, 93, 21, 337, 79, 174, 17, 67, 58, 36, 206, 22, 41, 30, 386, 40, 107, 89, 343, 5, 166, 29, 403, 9, 47, 212, 81, 60, 69, 34, 1, 16, 324, 80, 51, 87, 52, 137, 12, 66, 72, 35, 68, 118, 366, 50, 85, 86, 78, 64, 42, 98, 159, 18, 33, 70, 55, 177, 32, 305, 110, 54, 102, 26, 28, 99, 65, 153, 161, 14, 49, 116, 127, 100, 71, 103, 112, 90, 97, 13, 157, 141, 113, 119, 83, 120, 121, 140, 48, 193, 259, 142, 25, 39, 115, 94, 139, 53, 129, 62, 179, 130, 43, 91, 84, 123, 163, 61, 164, 134, 165, 170, 144, 146, 96, 122, 24, 111, 145, 175, 27, 128, 176, 124, 101, 104, 138, 88, 149, 147, 182, 131, 160, 371, 109, 204, 106, 201, 63, 178, 172, 168, 126, 180, 242, 209, 192, 105, 154, 3, 75, 167, 108, 253, 74, 76, 196, 200, 155, 197, 77, 203, 148, 183, 191, 221, 233, 220, 187, 230, 210, 151, 150, 189, 158, 222, 223, 57, 232, 152, 82, 213, 19, 211, 185, 194, 254, 239, 231, 31, 234, 184, 214, 235, 95, 171, 198, 186, 195, 114, 237, 188, 236, 215, 238, 216, 169, 199, 244, 251, 248, 249, 256, 252, 45, 257, 297, 92, 245, 280, 255, 260, 217, 271, 298, 143, 272, 273, 56, 262, 264, 133, 247, 291, 136, 240, 274, 312, 288, 243, 292, 287, 218, 202, 290, 275, 276, 267, 319, 268, 229, 219, 258, 322, 261, 303, 269, 326, 310, 313, 323, 289, 278, 314, 279, 132, 302, 304, 306, 73, 311, 325, 293, 270, 263, 341, 224, 327, 334, 330, 331, 277, 308, 344, 283, 227, 332, 250, 307, 265, 294, 266, 321, 226, 353, 205, 333, 207, 346, 342, 328, 241, 345, 225, 376, 348, 286, 357, 285, 368, 347, 295, 246, 284, 354, 336, 355, 299, 381, 37, 340, 356, 382, 374, 358, 364, 228, 375, 309, 350, 349, 315, 300, 377, 378, 363, 379, 365, 380, 383, 351, 316, 384, 352, 406, 408, 370, 335, 281, 208, 387, 411, 413, 318, 388, 390, 391, 296, 415, 317, 395, 398, 338, 400, 360, 282, 401, 402, 361, 397, 44, 399, 393, 392, 394, 404, 301, 320, 362, 407, 369, 409, 410, 372, 389, 396, 412, 367, 414, 416, 417, 339]
Correct solution
(w = 21) Building and Solving
[runlim] sample:		2423.9 time, 1400.2 real, 2424.5 MB
[runlim] sample:		2433.9 time, 1410.2 real, 3271.8 MB
[runlim] sample:		2443.9 time, 1420.2 real, 1721.1 MB
[runlim] sample:		2453.9 time, 1430.2 real, 3231.1 MB
[runlim] sample:		2470.4 time, 1440.2 real, 5241.5 MB
[runlim] sample:		2490.4 time, 1450.2 real, 5249.5 MB
[runlim] sample:		2510.4 time, 1460.2 real, 5259.0 MB
[runlim] sample:		2530.4 time, 1470.2 real, 5270.3 MB
[runlim] sample:		2550.4 time, 1480.2 real, 5284.3 MB
[runlim] sample:		2570.4 time, 1490.2 real, 5301.6 MB
[runlim] sample:		2590.4 time, 1500.2 real, 5313.6 MB
[runlim] sample:		2610.4 time, 1510.2 real, 5321.8 MB
[runlim] sample:		2630.4 time, 1520.2 real, 5345.7 MB
[runlim] sample:		2650.4 time, 1530.2 real, 5359.7 MB
[runlim] sample:		2670.4 time, 1540.2 real, 5373.7 MB
[runlim] sample:		2690.4 time, 1550.2 real, 5386.5 MB
[runlim] sample:		2710.4 time, 1560.2 real, 5397.8 MB
[runlim] sample:		2730.4 time, 1570.2 real, 5409.8 MB
[runlim] sample:		2750.4 time, 1580.2 real, 5424.0 MB
[runlim] sample:		2770.4 time, 1590.2 real, 5440.5 MB
[runlim] sample:		2790.4 time, 1600.2 real, 5457.1 MB
[runlim] sample:		2810.4 time, 1610.2 real, 5479.6 MB
[runlim] sample:		2830.4 time, 1620.2 real, 5491.6 MB
[runlim] sample:		2850.4 time, 1630.2 real, 5499.6 MB
[runlim] sample:		2870.4 time, 1640.2 real, 5505.9 MB
[runlim] sample:		2890.4 time, 1650.2 real, 5517.7 MB
[runlim] sample:		2910.4 time, 1660.2 real, 5527.7 MB
[runlim] sample:		2930.4 time, 1670.2 real, 5535.7 MB
[runlim] sample:		2950.4 time, 1680.2 real, 5542.7 MB
[runlim] sample:		2970.4 time, 1690.2 real, 5551.8 MB
[runlim] sample:		2988.4 time, 1700.2 real, 5559.8 MB
[runlim] sample:		2998.4 time, 1710.2 real, 5565.8 MB
[runlim] sample:		3008.4 time, 1720.2 real, 5571.8 MB
[runlim] sample:		3018.4 time, 1730.2 real, 5575.8 MB
[runlim] sample:		3028.4 time, 1740.2 real, 3228.3 MB
[runlim] sample:		3038.4 time, 1750.2 real, 2827.5 MB
[runlim] sample:		3048.9 time, 1760.2 real, 2461.8 MB
[runlim] sample:		3060.2 time, 1770.2 real, 2858.2 MB
[runlim] sample:		3075.3 time, 1780.2 real, 3677.7 MB
Value Cyclic-Antibandwidth: 21
Labels: [7, 419, 420, 31, 231, 408, 416, 17, 371, 56, 350, 365, 76, 322, 97, 12, 34, 185, 84, 3, 87, 11, 60, 52, 414, 13, 14, 417, 156, 391, 57, 374, 128, 93, 320, 29, 92, 61, 168, 66, 41, 15, 385, 152, 111, 62, 5, 105, 47, 42, 261, 18, 49, 236, 69, 37, 2, 36, 73, 187, 21, 71, 43, 95, 51, 86, 4, 32, 38, 35, 89, 110, 19, 116, 48, 210, 103, 104, 418, 124, 9, 335, 50, 1, 24, 28, 107, 101, 106, 74, 58, 384, 125, 98, 140, 364, 30, 8, 126, 112, 80, 75, 118, 82, 94, 25, 153, 64, 109, 127, 46, 65, 149, 148, 160, 162, 26, 135, 137, 184, 63, 79, 130, 150, 119, 355, 138, 27, 96, 157, 39, 88, 44, 166, 117, 139, 172, 141, 313, 45, 70, 143, 144, 102, 108, 85, 142, 129, 54, 151, 191, 33, 178, 122, 186, 68, 158, 67, 183, 198, 164, 20, 91, 16, 134, 182, 406, 190, 123, 23, 145, 196, 229, 206, 179, 174, 180, 77, 133, 72, 40, 222, 215, 212, 199, 131, 113, 167, 176, 213, 225, 244, 205, 226, 202, 245, 235, 177, 90, 232, 100, 146, 170, 227, 214, 159, 233, 115, 189, 249, 315, 154, 163, 147, 247, 114, 252, 10, 278, 216, 207, 257, 99, 171, 246, 165, 120, 173, 81, 217, 253, 209, 272, 316, 194, 136, 285, 192, 290, 270, 267, 282, 269, 274, 275, 276, 258, 203, 264, 314, 237, 277, 219, 234, 318, 279, 197, 259, 265, 256, 204, 286, 218, 299, 266, 223, 238, 262, 239, 155, 193, 132, 273, 300, 292, 284, 293, 289, 195, 317, 280, 294, 230, 295, 175, 302, 250, 343, 323, 296, 297, 298, 330, 287, 255, 324, 220, 326, 304, 348, 306, 307, 240, 340, 169, 328, 333, 55, 334, 336, 337, 263, 303, 243, 356, 242, 376, 325, 228, 260, 121, 327, 338, 288, 342, 200, 188, 339, 344, 283, 389, 309, 352, 367, 268, 378, 308, 305, 372, 357, 248, 332, 310, 329, 312, 319, 349, 211, 353, 358, 375, 208, 359, 360, 377, 393, 345, 362, 370, 161, 354, 346, 366, 221, 379, 363, 381, 382, 373, 251, 311, 291, 383, 386, 401, 281, 397, 201, 224, 387, 369, 181, 331, 390, 415, 241, 394, 301, 271, 399, 411, 400, 351, 321, 78, 402, 388, 396, 403, 398, 392, 22, 380, 404, 405, 341, 361, 407, 368, 409, 254, 410, 347, 395, 412, 413, 53, 83, 6, 59]
Correct solution
(w = 22) Building and Solving
[runlim] sample:		3095.2 time, 1790.2 real, 2581.5 MB
[runlim] sample:		3105.2 time, 1800.2 real, 0.0 MB
[runlim] end:			Tue Oct 14 12:59:19 2025
[runlim] status:		out of time
[runlim] result:		2
[runlim] children:		0
[runlim] real:			1800.28 seconds
[runlim] time:			3105.19 seconds
[runlim] space:			6377.5 MB
[runlim] samples:		18000
