[runlim] version:		1.10
[runlim] time limit:		311040000 seconds
[runlim] real time limit:	1800 seconds
[runlim] space limit:		30000 MB
[runlim] argv[0]:		python3
[runlim] argv[1]:		model_MIP_CPLEX.py
[runlim] argv[2]:		./graph/harwell_boeing/O-impcol_d.mtx.rnd
[runlim] start:			Tue Oct 14 12:59:19 2025
[runlim] main pid:		443925
[runlim] log captured:
(w = 48) Building and Solving
[runlim] sample:		10.0 time, 10.3 real, 955.3 MB
[runlim] sample:		20.0 time, 20.3 real, 1631.5 MB
[runlim] sample:		30.4 time, 30.3 real, 3393.6 MB
[runlim] sample:		50.4 time, 40.3 real, 3982.4 MB
[runlim] sample:		70.4 time, 50.3 real, 3986.4 MB
[runlim] sample:		90.4 time, 60.3 real, 3988.4 MB
[runlim] sample:		110.4 time, 70.3 real, 3990.4 MB
[runlim] sample:		130.4 time, 80.3 real, 3992.4 MB
[runlim] sample:		150.4 time, 90.3 real, 3994.4 MB
[runlim] sample:		170.4 time, 100.3 real, 3996.4 MB
[runlim] sample:		190.4 time, 110.3 real, 3996.6 MB
[runlim] sample:		210.4 time, 120.3 real, 3999.5 MB
[runlim] sample:		230.4 time, 130.3 real, 4002.2 MB
[runlim] sample:		250.4 time, 140.3 real, 4004.5 MB
[runlim] sample:		270.4 time, 150.3 real, 4006.5 MB
[runlim] sample:		290.4 time, 160.3 real, 4006.5 MB
[runlim] sample:		310.4 time, 170.3 real, 4010.5 MB
[runlim] sample:		330.4 time, 180.3 real, 4012.7 MB
[runlim] sample:		350.4 time, 190.3 real, 4014.7 MB
[runlim] sample:		370.4 time, 200.3 real, 4016.7 MB
[runlim] sample:		390.4 time, 210.3 real, 4016.7 MB
[runlim] sample:		410.4 time, 220.3 real, 4018.7 MB
[runlim] sample:		423.6 time, 230.3 real, 4020.7 MB
[runlim] sample:		433.6 time, 240.3 real, 4020.7 MB
[runlim] sample:		443.6 time, 250.3 real, 4021.2 MB
[runlim] sample:		453.6 time, 260.3 real, 4024.3 MB
[runlim] sample:		463.6 time, 270.3 real, 2830.3 MB
[runlim] sample:		473.6 time, 280.3 real, 2830.3 MB
[runlim] sample:		483.6 time, 290.3 real, 2830.3 MB
[runlim] sample:		493.6 time, 300.3 real, 2753.0 MB
[runlim] sample:		503.6 time, 310.3 real, 5733.7 MB
[runlim] sample:		513.6 time, 320.3 real, 5211.2 MB
[runlim] sample:		523.6 time, 330.3 real, 5211.2 MB
[runlim] sample:		533.6 time, 340.3 real, 5211.2 MB
[runlim] sample:		544.2 time, 350.3 real, 4888.7 MB
[runlim] sample:		557.1 time, 360.3 real, 4893.7 MB
[runlim] sample:		567.1 time, 370.3 real, 4893.7 MB
[runlim] sample:		577.1 time, 380.3 real, 4893.7 MB
[runlim] sample:		587.1 time, 390.3 real, 6027.5 MB
[runlim] sample:		613.4 time, 400.3 real, 9389.5 MB
Value Cyclic-Antibandwidth: 48
Labels: [198, 374, 357, 366, 221, 323, 34, 51, 371, 103, 149, 39, 307, 379, 422, 50, 184, 219, 318, 320, 348, 274, 398, 69, 158, 295, 189, 356, 336, 201, 102, 18, 55, 313, 14, 162, 87, 33, 209, 131, 360, 261, 270, 279, 182, 296, 236, 367, 143, 376, 85, 345, 363, 68, 373, 414, 406, 385, 134, 8, 113, 6, 351, 384, 255, 332, 297, 233, 391, 239, 265, 1, 10, 213, 263, 362, 5, 416, 267, 181, 240, 339, 275, 9, 26, 66, 161, 78, 355, 142, 397, 208, 257, 29, 58, 15, 108, 145, 110, 404, 400, 147, 238, 139, 193, 164, 95, 63, 393, 280, 62, 413, 407, 216, 222, 305, 130, 358, 251, 126, 399, 57, 76, 127, 217, 89, 388, 64, 311, 365, 163, 168, 264, 317, 96, 418, 403, 140, 180, 204, 271, 125, 37, 67, 72, 354, 205, 48, 301, 299, 65, 135, 312, 137, 200, 151, 118, 223, 214, 423, 290, 338, 159, 148, 319, 54, 80, 146, 408, 254, 246, 218, 381, 228, 21, 334, 325, 344, 383, 210, 31, 310, 123, 288, 248, 402, 2, 250, 326, 13, 3, 47, 340, 232, 19, 382, 27, 107, 215, 276, 32, 333, 77, 24, 61, 120, 187, 152, 281, 249, 230, 172, 81, 237, 84, 286, 111, 364, 196, 153, 28, 129, 93, 38, 284, 155, 291, 197, 169, 157, 395, 117, 206, 335, 359, 412, 421, 185, 154, 308, 190, 49, 56, 43, 235, 242, 341, 105, 396, 294, 316, 243, 353, 292, 378, 124, 203, 40, 327, 92, 394, 45, 199, 321, 346, 73, 380, 166, 405, 136, 141, 375, 244, 420, 262, 183, 132, 343, 417, 415, 277, 322, 386, 411, 425, 114, 226, 231, 59, 234, 179, 324, 337, 229, 225, 269, 20, 75, 328, 377, 331, 170, 11, 133, 30, 165, 285, 258, 202, 70, 71, 289, 302, 116, 247, 260, 53, 266, 409, 194, 245, 41, 83, 278, 283, 23, 410, 330, 52, 224, 259, 174, 176, 167, 300, 160, 220, 282, 86, 46, 192, 309, 7, 191, 22, 128, 273, 100, 253, 17, 293, 315, 44, 4, 94, 177, 369, 97, 106, 211, 195, 104, 115, 272, 361, 150, 304, 306, 370, 329, 349, 119, 419, 252, 390, 342, 173, 74, 60, 352, 99, 175, 90, 91, 112, 368, 241, 227, 314, 424, 12, 298, 178, 188, 156, 82, 207, 16, 268, 79, 171, 121, 138, 109, 36, 387, 212, 186, 372, 287, 122, 35, 303, 256, 88, 389, 347, 25, 144, 42, 98, 101, 401, 392, 350]
Correct solution
(w = 49) Building and Solving
[runlim] sample:		658.7 time, 410.3 real, 2086.6 MB
[runlim] sample:		668.7 time, 420.3 real, 2255.5 MB
[runlim] sample:		678.6 time, 430.3 real, 3152.1 MB
[runlim] sample:		689.8 time, 440.3 real, 4098.8 MB
[runlim] sample:		709.8 time, 450.3 real, 4102.8 MB
[runlim] sample:		729.8 time, 460.3 real, 4106.8 MB
[runlim] sample:		749.8 time, 470.3 real, 4108.8 MB
[runlim] sample:		769.8 time, 480.3 real, 4108.8 MB
[runlim] sample:		789.8 time, 490.3 real, 4112.8 MB
[runlim] sample:		809.8 time, 500.3 real, 4112.8 MB
[runlim] sample:		829.8 time, 510.3 real, 4116.8 MB
[runlim] sample:		849.8 time, 520.3 real, 4119.6 MB
[runlim] sample:		869.8 time, 530.3 real, 4124.8 MB
[runlim] sample:		889.8 time, 540.3 real, 4124.8 MB
[runlim] sample:		909.8 time, 550.3 real, 4126.8 MB
[runlim] sample:		929.8 time, 560.3 real, 4128.8 MB
[runlim] sample:		949.8 time, 570.3 real, 4130.8 MB
[runlim] sample:		969.8 time, 580.3 real, 4132.8 MB
[runlim] sample:		989.8 time, 590.3 real, 4134.8 MB
[runlim] sample:		1009.8 time, 600.3 real, 4138.8 MB
[runlim] sample:		1029.8 time, 610.3 real, 4138.8 MB
[runlim] sample:		1049.8 time, 620.3 real, 4138.8 MB
[runlim] sample:		1063.4 time, 630.3 real, 4140.8 MB
[runlim] sample:		1073.4 time, 640.3 real, 4140.8 MB
[runlim] sample:		1083.4 time, 650.3 real, 4142.8 MB
[runlim] sample:		1093.4 time, 660.3 real, 4142.8 MB
[runlim] sample:		1103.4 time, 670.3 real, 3306.4 MB
[runlim] sample:		1113.4 time, 680.3 real, 3306.4 MB
[runlim] sample:		1123.4 time, 690.3 real, 3306.4 MB
[runlim] sample:		1133.4 time, 700.3 real, 3306.4 MB
[runlim] sample:		1143.4 time, 710.3 real, 5469.9 MB
[runlim] sample:		1153.4 time, 720.3 real, 5455.7 MB
[runlim] sample:		1163.4 time, 730.3 real, 5455.7 MB
[runlim] sample:		1173.4 time, 740.3 real, 5455.7 MB
[runlim] sample:		1184.0 time, 750.3 real, 5210.5 MB
[runlim] sample:		1196.3 time, 760.3 real, 6626.7 MB
[runlim] sample:		1206.9 time, 770.3 real, 5197.6 MB
[runlim] sample:		1216.9 time, 780.3 real, 5197.6 MB
[runlim] sample:		1226.9 time, 790.3 real, 5198.9 MB
[runlim] sample:		1244.5 time, 800.3 real, 7204.3 MB
[runlim] sample:		1289.8 time, 810.3 real, 8696.0 MB
Value Cyclic-Antibandwidth: 49
Labels: [180, 33, 135, 400, 376, 363, 91, 163, 74, 104, 402, 40, 87, 378, 420, 164, 178, 142, 289, 263, 134, 302, 341, 369, 272, 287, 315, 49, 347, 173, 36, 21, 140, 88, 12, 123, 193, 379, 371, 121, 171, 303, 29, 398, 125, 275, 153, 372, 162, 366, 102, 161, 137, 6, 222, 410, 11, 42, 34, 417, 122, 418, 219, 285, 251, 297, 309, 250, 388, 184, 93, 1, 412, 256, 313, 390, 421, 416, 299, 188, 397, 308, 241, 413, 351, 109, 183, 307, 344, 48, 277, 229, 84, 38, 150, 13, 159, 167, 111, 414, 387, 364, 73, 151, 97, 187, 176, 62, 267, 332, 108, 409, 14, 377, 85, 356, 340, 373, 325, 76, 405, 154, 194, 71, 330, 179, 254, 59, 221, 247, 334, 213, 246, 279, 103, 415, 328, 114, 198, 145, 199, 345, 120, 55, 259, 260, 269, 23, 291, 352, 64, 90, 144, 210, 39, 318, 322, 255, 243, 423, 208, 185, 79, 168, 22, 100, 127, 353, 3, 252, 227, 139, 381, 77, 157, 293, 165, 175, 44, 98, 27, 202, 160, 147, 311, 407, 2, 301, 273, 19, 422, 82, 336, 28, 382, 110, 31, 314, 220, 283, 131, 399, 236, 15, 61, 45, 92, 323, 368, 329, 362, 63, 155, 374, 192, 350, 349, 306, 204, 355, 393, 206, 65, 359, 141, 230, 189, 191, 319, 215, 406, 367, 166, 365, 177, 249, 7, 326, 80, 394, 290, 156, 56, 298, 338, 128, 232, 26, 30, 296, 218, 197, 320, 360, 35, 94, 271, 41, 312, 149, 170, 375, 25, 268, 324, 57, 129, 305, 10, 138, 242, 316, 304, 419, 237, 50, 148, 258, 411, 16, 239, 357, 358, 295, 425, 60, 231, 286, 81, 37, 224, 266, 32, 203, 408, 217, 43, 403, 172, 339, 190, 282, 101, 228, 83, 66, 346, 182, 205, 70, 99, 327, 214, 18, 207, 257, 107, 310, 4, 146, 274, 361, 69, 78, 404, 17, 116, 331, 276, 284, 262, 370, 143, 253, 54, 292, 278, 333, 317, 47, 105, 294, 8, 52, 20, 67, 342, 261, 348, 106, 354, 186, 383, 5, 72, 136, 225, 53, 117, 158, 195, 89, 112, 245, 396, 391, 288, 321, 248, 86, 240, 200, 9, 401, 386, 181, 270, 126, 46, 264, 133, 238, 174, 201, 118, 234, 380, 233, 223, 424, 24, 335, 216, 51, 235, 113, 209, 389, 384, 132, 244, 95, 130, 75, 68, 226, 212, 152, 395, 124, 392, 115, 119, 280, 169, 281, 343, 196, 96, 385, 58, 211, 337, 300, 265]
Correct solution
(w = 50) Building and Solving
[runlim] sample:		1300.1 time, 820.3 real, 2404.1 MB
[runlim] sample:		1310.1 time, 830.3 real, 2152.4 MB
[runlim] sample:		1320.1 time, 840.3 real, 3393.2 MB
[runlim] sample:		1334.8 time, 850.3 real, 3425.1 MB
[runlim] sample:		1344.8 time, 860.3 real, 3425.1 MB
[runlim] sample:		1354.8 time, 870.3 real, 3425.1 MB
[runlim] sample:		1364.8 time, 880.3 real, 3425.1 MB
[runlim] sample:		1374.8 time, 890.3 real, 5892.2 MB
[runlim] sample:		1384.8 time, 900.3 real, 5880.3 MB
[runlim] sample:		1394.8 time, 910.3 real, 5880.3 MB
[runlim] sample:		1404.8 time, 920.3 real, 5880.3 MB
[runlim] sample:		1414.8 time, 930.3 real, 5880.3 MB
[runlim] sample:		1425.4 time, 940.3 real, 5595.9 MB
[runlim] sample:		1438.0 time, 950.3 real, 7181.0 MB
[runlim] sample:		1448.8 time, 960.3 real, 5597.4 MB
[runlim] sample:		1458.8 time, 970.3 real, 5597.4 MB
[runlim] sample:		1468.8 time, 980.3 real, 5597.4 MB
[runlim] sample:		1478.8 time, 990.3 real, 6504.3 MB
[runlim] sample:		1507.6 time, 1000.3 real, 11477.4 MB
[runlim] sample:		1552.8 time, 1010.3 real, 8882.3 MB
Value Cyclic-Antibandwidth: 50
Labels: [257, 324, 251, 369, 94, 295, 84, 380, 123, 161, 54, 177, 389, 63, 168, 125, 64, 239, 418, 284, 38, 96, 400, 254, 107, 424, 200, 58, 416, 103, 150, 310, 146, 104, 82, 207, 148, 89, 331, 334, 404, 328, 363, 204, 37, 230, 408, 260, 83, 371, 128, 332, 155, 292, 247, 176, 14, 55, 116, 127, 18, 143, 229, 53, 319, 407, 354, 231, 208, 405, 29, 20, 68, 297, 144, 412, 149, 49, 384, 283, 304, 100, 225, 42, 373, 222, 126, 316, 374, 166, 387, 417, 392, 358, 145, 129, 362, 262, 85, 188, 32, 160, 323, 50, 12, 10, 130, 11, 159, 395, 65, 98, 7, 401, 252, 272, 118, 275, 44, 338, 158, 9, 105, 72, 47, 227, 368, 66, 386, 202, 111, 234, 342, 379, 180, 21, 344, 264, 376, 17, 414, 290, 122, 124, 343, 372, 115, 294, 226, 415, 181, 75, 325, 87, 209, 289, 350, 299, 197, 152, 357, 341, 138, 326, 385, 39, 298, 175, 198, 398, 422, 366, 71, 273, 15, 13, 43, 243, 59, 22, 301, 303, 92, 421, 142, 51, 157, 394, 285, 397, 46, 3, 321, 213, 174, 2, 1, 370, 305, 185, 133, 339, 336, 91, 346, 184, 77, 419, 306, 411, 345, 187, 315, 154, 134, 320, 352, 267, 27, 40, 156, 191, 268, 381, 361, 163, 235, 99, 31, 277, 190, 217, 220, 179, 307, 333, 147, 406, 214, 351, 224, 265, 36, 420, 311, 236, 390, 347, 162, 282, 173, 393, 322, 81, 219, 70, 228, 327, 171, 108, 313, 296, 250, 391, 274, 186, 291, 114, 80, 203, 364, 259, 232, 183, 349, 201, 164, 399, 35, 192, 287, 396, 182, 281, 212, 61, 74, 293, 88, 221, 215, 189, 382, 309, 172, 375, 24, 216, 279, 308, 45, 378, 109, 266, 106, 73, 312, 253, 4, 23, 95, 360, 199, 8, 276, 241, 137, 383, 25, 423, 97, 330, 113, 365, 329, 136, 196, 359, 337, 288, 300, 34, 93, 355, 410, 41, 256, 140, 102, 205, 90, 425, 206, 33, 153, 16, 101, 317, 280, 26, 52, 167, 67, 5, 409, 388, 233, 76, 69, 112, 261, 62, 119, 223, 178, 340, 242, 258, 249, 60, 413, 248, 195, 377, 19, 238, 271, 286, 57, 403, 56, 121, 170, 255, 79, 335, 141, 402, 367, 78, 218, 263, 194, 86, 131, 120, 211, 240, 348, 139, 244, 117, 28, 151, 6, 278, 210, 269, 165, 246, 318, 135, 314, 245, 270, 302, 169, 356, 48, 30, 110, 132, 353, 193, 237]
Correct solution
(w = 51) Building and Solving
[runlim] sample:		1562.8 time, 1020.3 real, 2453.4 MB
[runlim] sample:		1572.8 time, 1030.3 real, 2322.7 MB
[runlim] sample:		1582.8 time, 1040.3 real, 3588.2 MB
[runlim] sample:		1598.0 time, 1050.3 real, 3687.7 MB
[runlim] sample:		1608.0 time, 1060.3 real, 3687.7 MB
[runlim] sample:		1618.0 time, 1070.3 real, 3687.7 MB
[runlim] sample:		1628.0 time, 1080.3 real, 3687.7 MB
[runlim] sample:		1638.0 time, 1090.3 real, 6204.2 MB
[runlim] sample:		1648.0 time, 1100.3 real, 6807.7 MB
[runlim] sample:		1657.9 time, 1110.3 real, 6236.8 MB
[runlim] sample:		1667.9 time, 1120.3 real, 6236.8 MB
[runlim] sample:		1677.9 time, 1130.3 real, 6236.8 MB
[runlim] sample:		1688.5 time, 1140.3 real, 4457.0 MB
[runlim] sample:		1698.7 time, 1150.3 real, 6480.8 MB
[runlim] sample:		1712.0 time, 1160.3 real, 5706.8 MB
[runlim] sample:		1722.0 time, 1170.3 real, 5706.8 MB
[runlim] sample:		1732.0 time, 1180.3 real, 5706.8 MB
[runlim] sample:		1742.0 time, 1190.3 real, 5706.8 MB
[runlim] sample:		1761.5 time, 1200.3 real, 7931.0 MB
[runlim] sample:		1808.6 time, 1210.3 real, 13060.3 MB
Value Cyclic-Antibandwidth: 51
Labels: [152, 216, 354, 296, 292, 45, 273, 409, 262, 164, 118, 184, 222, 206, 112, 86, 87, 169, 403, 417, 160, 177, 300, 395, 239, 357, 35, 91, 244, 176, 230, 255, 138, 105, 100, 204, 22, 188, 304, 110, 146, 267, 320, 159, 29, 339, 46, 332, 3, 194, 319, 249, 303, 294, 394, 258, 133, 108, 352, 39, 203, 134, 235, 287, 362, 358, 284, 309, 201, 221, 37, 200, 147, 174, 210, 286, 119, 50, 359, 338, 412, 355, 158, 114, 80, 189, 101, 254, 34, 5, 143, 215, 36, 281, 130, 71, 225, 293, 231, 13, 127, 372, 368, 51, 77, 97, 224, 11, 157, 95, 20, 109, 74, 47, 193, 315, 172, 413, 242, 223, 209, 149, 122, 75, 270, 132, 233, 10, 414, 163, 98, 314, 398, 420, 128, 62, 348, 63, 64, 191, 113, 371, 21, 207, 342, 366, 135, 90, 349, 387, 4, 383, 298, 8, 116, 334, 343, 411, 381, 136, 290, 217, 173, 373, 272, 344, 243, 384, 72, 256, 61, 333, 182, 401, 92, 78, 307, 196, 187, 197, 408, 283, 226, 350, 70, 125, 107, 251, 423, 306, 153, 55, 323, 89, 104, 2, 192, 269, 380, 271, 17, 369, 385, 14, 241, 96, 79, 425, 416, 126, 310, 379, 322, 139, 326, 297, 129, 282, 27, 391, 56, 199, 117, 165, 257, 168, 213, 151, 26, 154, 422, 418, 161, 407, 424, 399, 185, 404, 53, 275, 247, 141, 140, 277, 402, 311, 259, 396, 81, 419, 405, 388, 285, 33, 305, 317, 312, 318, 330, 265, 248, 329, 345, 347, 142, 190, 162, 313, 99, 121, 264, 232, 400, 19, 44, 205, 178, 327, 65, 295, 301, 280, 171, 261, 212, 58, 85, 346, 16, 41, 316, 167, 386, 370, 393, 82, 186, 260, 220, 237, 376, 240, 145, 170, 211, 69, 252, 337, 1, 156, 7, 227, 234, 68, 299, 340, 106, 120, 131, 102, 123, 356, 57, 268, 228, 30, 351, 214, 288, 181, 291, 32, 179, 276, 31, 54, 278, 289, 410, 67, 38, 253, 6, 73, 25, 124, 263, 364, 331, 198, 219, 336, 66, 111, 389, 238, 360, 12, 202, 144, 229, 103, 83, 88, 250, 325, 367, 415, 60, 245, 353, 52, 166, 236, 180, 397, 302, 392, 59, 43, 23, 390, 24, 9, 42, 308, 195, 421, 382, 115, 94, 279, 378, 40, 324, 15, 150, 365, 361, 175, 363, 48, 28, 76, 84, 274, 208, 266, 137, 375, 321, 183, 246, 406, 335, 328, 218, 93, 49, 18, 374, 155, 377, 341, 148]
Correct solution
(w = 52) Building and Solving
[runlim] sample:		1832.6 time, 1220.3 real, 2586.3 MB
[runlim] sample:		1842.6 time, 1230.3 real, 3091.1 MB
[runlim] sample:		1852.6 time, 1240.3 real, 3819.4 MB
[runlim] sample:		1865.6 time, 1250.3 real, 4652.9 MB
[runlim] sample:		1878.4 time, 1260.3 real, 3835.1 MB
[runlim] sample:		1888.4 time, 1270.3 real, 3835.8 MB
[runlim] sample:		1898.4 time, 1280.3 real, 3835.8 MB
[runlim] sample:		1908.4 time, 1290.3 real, 3835.8 MB
[runlim] sample:		1918.4 time, 1300.3 real, 6405.3 MB
[runlim] sample:		1928.4 time, 1310.3 real, 6439.6 MB
[runlim] sample:		1938.4 time, 1320.3 real, 6439.6 MB
[runlim] sample:		1948.4 time, 1330.3 real, 6441.5 MB
[runlim] sample:		1958.4 time, 1340.3 real, 6442.2 MB
[runlim] sample:		1968.5 time, 1350.3 real, 4581.5 MB
[runlim] sample:		1978.9 time, 1360.3 real, 6403.3 MB
[runlim] sample:		1992.3 time, 1370.3 real, 5807.8 MB
[runlim] sample:		2002.3 time, 1380.3 real, 5807.8 MB
[runlim] sample:		2012.3 time, 1390.3 real, 5807.8 MB
[runlim] sample:		2022.3 time, 1400.3 real, 5809.4 MB
[runlim] sample:		2041.0 time, 1410.3 real, 8062.9 MB
[runlim] sample:		2087.3 time, 1420.3 real, 14581.3 MB
Value Cyclic-Antibandwidth: 52
Labels: [257, 351, 380, 373, 302, 347, 197, 138, 153, 54, 24, 212, 398, 137, 161, 183, 150, 266, 72, 273, 288, 292, 145, 395, 63, 283, 98, 425, 56, 232, 421, 298, 189, 196, 203, 104, 164, 75, 394, 379, 60, 314, 84, 274, 34, 354, 233, 297, 26, 77, 200, 149, 80, 119, 254, 320, 136, 180, 377, 91, 129, 89, 35, 419, 414, 73, 251, 374, 59, 349, 53, 94, 122, 218, 264, 382, 39, 51, 284, 220, 248, 296, 141, 114, 275, 318, 267, 256, 182, 2, 396, 331, 166, 276, 268, 156, 420, 381, 271, 5, 201, 125, 357, 52, 95, 208, 172, 10, 140, 228, 76, 401, 3, 370, 397, 417, 65, 244, 102, 390, 258, 211, 116, 198, 169, 160, 372, 70, 43, 285, 221, 300, 45, 341, 19, 79, 176, 352, 64, 250, 135, 207, 16, 112, 335, 133, 262, 306, 329, 340, 20, 239, 260, 186, 303, 304, 294, 343, 286, 194, 190, 376, 21, 375, 412, 128, 175, 389, 8, 383, 270, 348, 66, 227, 127, 13, 152, 326, 210, 290, 154, 123, 148, 241, 202, 155, 29, 301, 261, 279, 120, 90, 58, 171, 173, 174, 83, 100, 253, 280, 69, 246, 400, 99, 423, 67, 41, 105, 236, 229, 315, 14, 144, 307, 407, 346, 424, 316, 28, 85, 106, 6, 111, 38, 337, 333, 355, 15, 31, 163, 44, 255, 74, 269, 408, 339, 179, 404, 47, 366, 278, 185, 32, 367, 178, 191, 406, 410, 195, 217, 332, 259, 291, 193, 308, 237, 242, 205, 344, 272, 234, 402, 224, 299, 226, 25, 168, 391, 131, 118, 353, 387, 252, 88, 245, 209, 204, 327, 61, 243, 384, 317, 82, 413, 1, 187, 310, 365, 87, 277, 334, 126, 230, 157, 386, 199, 107, 411, 282, 342, 422, 364, 62, 81, 108, 263, 399, 223, 7, 23, 11, 49, 214, 4, 358, 313, 121, 115, 142, 403, 33, 325, 192, 361, 238, 68, 369, 113, 330, 146, 409, 130, 134, 350, 92, 231, 213, 287, 206, 101, 71, 328, 42, 159, 188, 235, 109, 309, 240, 96, 165, 295, 57, 158, 393, 124, 338, 319, 37, 184, 289, 12, 167, 385, 321, 371, 345, 363, 216, 324, 305, 336, 22, 323, 93, 162, 405, 416, 147, 170, 17, 281, 322, 311, 9, 40, 18, 103, 293, 151, 312, 249, 360, 36, 362, 48, 177, 418, 132, 181, 415, 30, 27, 265, 86, 222, 110, 117, 359, 139, 215, 55, 356, 225, 368, 388, 143, 46, 50, 78, 378, 219, 97, 247, 392]
Correct solution
(w = 53) Building and Solving
[runlim] sample:		2108.7 time, 1430.3 real, 2245.3 MB
[runlim] sample:		2118.7 time, 1440.3 real, 2889.7 MB
[runlim] sample:		2128.7 time, 1450.3 real, 3497.6 MB
[runlim] sample:		2143.6 time, 1460.3 real, 4343.3 MB
[runlim] sample:		2153.6 time, 1470.3 real, 3589.5 MB
[runlim] sample:		2163.6 time, 1480.3 real, 3589.5 MB
[runlim] sample:		2173.6 time, 1490.3 real, 3589.5 MB
[runlim] sample:		2183.6 time, 1500.3 real, 3589.4 MB
[runlim] sample:		2193.6 time, 1510.3 real, 6283.8 MB
[runlim] sample:		2203.6 time, 1520.3 real, 6189.8 MB
[runlim] sample:		2213.6 time, 1530.3 real, 6189.8 MB
[runlim] sample:		2223.6 time, 1540.3 real, 6189.8 MB
[runlim] sample:		2233.6 time, 1550.3 real, 6189.8 MB
[runlim] sample:		2244.1 time, 1560.3 real, 5890.3 MB
[runlim] sample:		2257.5 time, 1570.3 real, 7500.5 MB
[runlim] sample:		2267.6 time, 1580.3 real, 5876.1 MB
[runlim] sample:		2277.6 time, 1590.3 real, 5876.1 MB
[runlim] sample:		2287.6 time, 1600.3 real, 5876.1 MB
[runlim] sample:		2297.6 time, 1610.3 real, 6834.5 MB
[runlim] sample:		2323.8 time, 1620.3 real, 9497.4 MB
[runlim] sample:		2373.8 time, 1630.3 real, 12432.0 MB
Value Cyclic-Antibandwidth: 53
Labels: [4, 140, 359, 366, 288, 196, 197, 137, 165, 90, 418, 212, 417, 136, 170, 81, 57, 50, 286, 270, 128, 87, 424, 38, 97, 156, 66, 141, 239, 17, 158, 389, 194, 207, 63, 89, 116, 135, 240, 337, 36, 379, 164, 311, 32, 303, 250, 334, 13, 249, 289, 115, 218, 117, 248, 320, 46, 182, 284, 55, 149, 101, 142, 281, 421, 338, 217, 361, 191, 387, 56, 186, 3, 181, 83, 413, 21, 52, 422, 200, 420, 127, 410, 34, 383, 24, 267, 39, 269, 192, 290, 154, 291, 395, 129, 14, 35, 283, 299, 16, 153, 184, 278, 53, 205, 210, 151, 119, 138, 327, 65, 400, 70, 392, 343, 390, 199, 405, 100, 223, 315, 190, 178, 113, 294, 401, 260, 77, 266, 40, 386, 298, 396, 393, 93, 75, 202, 363, 385, 246, 367, 416, 166, 112, 348, 274, 408, 228, 349, 268, 68, 372, 354, 76, 180, 253, 350, 252, 375, 126, 231, 313, 104, 309, 374, 103, 243, 213, 62, 391, 238, 351, 92, 258, 5, 37, 336, 232, 206, 263, 94, 150, 155, 371, 355, 109, 209, 305, 382, 302, 25, 69, 326, 308, 171, 74, 169, 347, 198, 333, 175, 425, 345, 71, 262, 159, 22, 412, 318, 358, 264, 380, 211, 321, 404, 235, 233, 335, 28, 403, 168, 15, 102, 293, 95, 234, 346, 7, 31, 110, 360, 221, 163, 219, 373, 230, 8, 58, 342, 251, 356, 121, 108, 324, 241, 411, 279, 143, 44, 384, 91, 227, 397, 85, 88, 419, 295, 118, 364, 271, 265, 131, 301, 344, 222, 61, 256, 362, 45, 67, 275, 49, 328, 204, 287, 124, 123, 399, 9, 48, 319, 33, 370, 377, 1, 167, 96, 365, 73, 130, 152, 187, 272, 369, 285, 340, 183, 339, 381, 323, 99, 273, 41, 368, 114, 2, 236, 423, 11, 120, 195, 60, 157, 12, 84, 292, 111, 177, 78, 398, 125, 122, 189, 376, 406, 72, 332, 353, 306, 307, 193, 86, 105, 409, 134, 312, 229, 237, 215, 201, 79, 247, 59, 27, 20, 80, 106, 107, 330, 173, 42, 331, 161, 6, 280, 214, 188, 54, 82, 276, 10, 144, 23, 300, 47, 341, 314, 304, 317, 255, 325, 132, 98, 407, 147, 296, 388, 224, 160, 242, 139, 297, 357, 185, 64, 282, 259, 145, 261, 19, 162, 244, 402, 30, 394, 133, 179, 226, 329, 174, 352, 26, 29, 245, 176, 220, 148, 172, 146, 322, 254, 203, 378, 277, 316, 414, 216, 415, 51, 18, 208, 257, 43, 225, 310]
Correct solution
(w = 54) Building and Solving
[runlim] sample:		2384.6 time, 1640.3 real, 2588.6 MB
[runlim] sample:		2394.6 time, 1650.3 real, 3254.3 MB
[runlim] sample:		2404.6 time, 1660.3 real, 3850.4 MB
[runlim] sample:		2419.5 time, 1670.3 real, 4674.5 MB
[runlim] sample:		2429.6 time, 1680.3 real, 3920.1 MB
[runlim] sample:		2439.6 time, 1690.3 real, 3920.1 MB
[runlim] sample:		2449.6 time, 1700.3 real, 3920.1 MB
[runlim] sample:		2459.6 time, 1710.3 real, 3920.1 MB
[runlim] sample:		2469.6 time, 1720.3 real, 6586.0 MB
[runlim] sample:		2479.6 time, 1730.3 real, 6588.8 MB
[runlim] sample:		2489.6 time, 1740.3 real, 6588.8 MB
[runlim] sample:		2499.6 time, 1750.3 real, 6588.8 MB
[runlim] sample:		2509.6 time, 1760.3 real, 6588.8 MB
[runlim] sample:		2520.0 time, 1770.3 real, 5983.8 MB
[runlim] sample:		2531.2 time, 1780.3 real, 7571.2 MB
[runlim] sample:		2543.6 time, 1790.3 real, 5967.4 MB
[runlim] end:			Tue Oct 14 13:29:19 2025
[runlim] status:		out of time
[runlim] result:		2
[runlim] children:		0
[runlim] real:			1800.14 seconds
[runlim] time:			2553.37 seconds
[runlim] space:			16076.4 MB
[runlim] samples:		17998
