[runlim] version:		1.10
[runlim] time limit:		311040000 seconds
[runlim] real time limit:	1800 seconds
[runlim] space limit:		30000 MB
[runlim] argv[0]:		python3
[runlim] argv[1]:		model_MIP_CPLEX.py
[runlim] argv[2]:		./graph/complete_binary_trees/cbt_50.txt
[runlim] start:			Sun Nov  2 13:55:54 2025
[runlim] main pid:		64044
[runlim] log captured:
(w = 4) Building and Solving
Value Cyclic-Antibandwidth: 4
Labels: [43, 16, 17, 1, 26, 24, 25, 33, 10, 49, 30, 35, 28, 20, 36, 18, 46, 4, 27, 5, 12, 21, 23, 45, 7, 40, 34, 13, 2, 6, 29, 3, 38, 19, 22, 41, 50, 42, 39, 15, 9, 37, 44, 31, 48, 47, 8, 11, 32, 14]
Correct solution
(w = 5) Building and Solving
Value Cyclic-Antibandwidth: 5
Labels: [43, 6, 14, 1, 12, 24, 25, 33, 10, 5, 30, 35, 48, 31, 36, 22, 46, 4, 27, 16, 50, 20, 23, 45, 18, 40, 21, 17, 2, 49, 3, 15, 38, 19, 28, 41, 34, 42, 39, 29, 9, 37, 44, 7, 26, 47, 32, 11, 13, 8]
Correct solution
(w = 6) Building and Solving
Value Cyclic-Antibandwidth: 6
Labels: [43, 6, 33, 20, 12, 24, 14, 47, 10, 49, 30, 35, 48, 46, 28, 22, 36, 4, 27, 16, 7, 13, 23, 45, 18, 40, 21, 17, 2, 5, 3, 15, 38, 19, 50, 41, 34, 42, 39, 29, 25, 37, 44, 31, 26, 1, 32, 11, 9, 8]
Correct solution
(w = 7) Building and Solving
Value Cyclic-Antibandwidth: 7
Labels: [48, 9, 20, 2, 31, 43, 28, 23, 40, 47, 8, 12, 7, 11, 5, 16, 46, 3, 32, 13, 33, 27, 37, 36, 1, 29, 19, 38, 21, 24, 30, 25, 4, 10, 39, 41, 34, 14, 17, 42, 45, 6, 44, 35, 49, 18, 50, 15, 26, 22]
Correct solution
(w = 8) Building and Solving
Value Cyclic-Antibandwidth: 8
Labels: [48, 25, 20, 6, 13, 43, 28, 26, 40, 35, 37, 9, 11, 12, 5, 16, 46, 3, 32, 8, 14, 29, 7, 31, 1, 50, 19, 38, 33, 24, 30, 4, 2, 10, 23, 41, 34, 18, 17, 42, 45, 36, 44, 39, 49, 27, 21, 15, 47, 22]
Correct solution
(w = 9) Building and Solving
Value Cyclic-Antibandwidth: 9
Labels: [48, 25, 32, 6, 12, 43, 2, 34, 40, 31, 37, 15, 14, 19, 33, 16, 46, 50, 11, 20, 5, 27, 7, 26, 1, 29, 3, 38, 10, 24, 9, 30, 4, 13, 23, 41, 17, 28, 36, 42, 45, 35, 44, 39, 49, 18, 21, 8, 47, 22]
Correct solution
(w = 10) Building and Solving
Value Cyclic-Antibandwidth: 10
Labels: [42, 4, 17, 16, 44, 7, 35, 50, 45, 31, 9, 29, 25, 11, 1, 33, 39, 12, 24, 47, 15, 37, 22, 40, 19, 10, 41, 21, 46, 30, 20, 49, 8, 6, 27, 23, 32, 3, 34, 13, 26, 5, 43, 14, 18, 38, 48, 28, 2, 36]
Correct solution
(w = 11) Building and Solving
Value Cyclic-Antibandwidth: 11
Labels: [42, 5, 27, 16, 44, 7, 15, 47, 40, 31, 11, 43, 29, 34, 1, 33, 25, 4, 24, 45, 50, 37, 22, 14, 19, 10, 41, 21, 46, 30, 20, 49, 8, 6, 39, 23, 32, 3, 35, 13, 26, 17, 12, 9, 18, 38, 48, 28, 2, 36]
Correct solution
(w = 12) Building and Solving
Value Cyclic-Antibandwidth: 12
Labels: [42, 4, 29, 28, 16, 7, 14, 15, 40, 31, 50, 35, 25, 34, 1, 33, 44, 11, 24, 45, 43, 37, 22, 17, 19, 10, 41, 21, 46, 30, 20, 49, 8, 6, 27, 23, 32, 3, 39, 13, 26, 5, 12, 9, 18, 38, 48, 47, 2, 36]
Correct solution
(w = 13) Building and Solving
Value Cyclic-Antibandwidth: 13
Labels: [7, 25, 41, 12, 44, 18, 24, 45, 47, 10, 20, 34, 39, 50, 40, 26, 9, 32, 15, 23, 35, 3, 37, 14, 21, 17, 4, 16, 30, 8, 27, 11, 49, 33, 22, 46, 13, 2, 29, 43, 36, 48, 19, 38, 31, 6, 5, 1, 28, 42]
Correct solution
(w = 14) Building and Solving
Value Cyclic-Antibandwidth: 14
Labels: [11, 25, 47, 6, 44, 28, 32, 21, 37, 8, 30, 49, 2, 9, 15, 35, 42, 5, 3, 31, 36, 14, 48, 13, 27, 22, 34, 29, 39, 1, 43, 20, 4, 17, 23, 41, 40, 24, 19, 46, 16, 7, 18, 50, 33, 12, 26, 45, 38, 10]
Correct solution
(w = 15) Building and Solving
Value Cyclic-Antibandwidth: 15
Labels: [10, 25, 43, 4, 8, 27, 28, 31, 39, 23, 33, 50, 1, 6, 11, 16, 46, 24, 22, 48, 40, 14, 18, 32, 34, 26, 30, 36, 21, 38, 37, 47, 45, 13, 17, 41, 3, 44, 42, 15, 19, 20, 5, 29, 49, 35, 2, 12, 9, 7]
Correct solution
(w = 16) Building and Solving
Value Cyclic-Antibandwidth: 16
Labels: [42, 16, 8, 43, 50, 34, 35, 21, 23, 30, 31, 17, 9, 11, 19, 4, 5, 6, 7, 12, 13, 14, 15, 1, 33, 25, 26, 27, 32, 2, 3, 22, 20, 36, 37, 38, 39, 40, 41, 29, 28, 46, 47, 45, 48, 44, 49, 18, 24, 10]
Correct solution
(w = 17) Building and Solving
Value Cyclic-Antibandwidth: 17
Labels: [5, 25, 37, 2, 6, 18, 8, 34, 19, 33, 35, 49, 47, 39, 40, 16, 15, 42, 48, 1, 3, 13, 11, 30, 32, 20, 26, 14, 22, 21, 7, 41, 36, 43, 44, 10, 12, 17, 27, 29, 28, 23, 24, 46, 45, 31, 38, 9, 50, 4]
Correct solution
(w = 18) Building and Solving
Value Cyclic-Antibandwidth: 18
Labels: [45, 25, 14, 6, 7, 34, 43, 27, 24, 31, 36, 5, 2, 11, 12, 9, 4, 42, 47, 8, 49, 18, 16, 23, 32, 20, 21, 38, 40, 33, 44, 41, 39, 35, 26, 13, 15, 17, 22, 29, 28, 19, 30, 50, 46, 48, 37, 3, 1, 10]
Correct solution
(w = 19) Building and Solving
Value Cyclic-Antibandwidth: 19
Labels: [49, 25, 30, 47, 6, 9, 8, 17, 24, 37, 35, 31, 38, 32, 27, 42, 43, 44, 46, 12, 18, 14, 7, 50, 5, 16, 10, 3, 1, 4, 2, 11, 20, 13, 21, 15, 19, 26, 23, 40, 36, 48, 41, 39, 45, 33, 34, 28, 22, 29]
Correct solution
(w = 20) Building and Solving
Value Cyclic-Antibandwidth: 20
Labels: [40, 18, 15, 48, 38, 43, 42, 25, 26, 8, 11, 16, 21, 19, 13, 1, 50, 47, 6, 33, 28, 32, 34, 46, 37, 49, 41, 45, 44, 36, 39, 30, 24, 23, 29, 22, 27, 35, 31, 3, 4, 2, 5, 7, 12, 9, 14, 17, 20, 10]
Correct solution
(w = 21) Building and Solving
Value Cyclic-Antibandwidth: 21
Labels: [29, 6, 5, 27, 34, 31, 33, 1, 48, 12, 13, 10, 2, 8, 4, 25, 24, 23, 22, 41, 39, 42, 40, 38, 36, 28, 30, 35, 37, 32, 26, 47, 3, 45, 46, 49, 44, 43, 50, 19, 20, 16, 14, 18, 21, 11, 15, 17, 9, 7]
Correct solution
(w = 22) Building and Solving
[runlim] sample:		33.1 time, 10.1 real, 155.1 MB
[runlim] sample:		79.1 time, 20.1 real, 210.8 MB
Cannot find soluion with w = 22
Final result: CAB = 21
Labels = [29, 6, 5, 27, 34, 31, 33, 1, 48, 12, 13, 10, 2, 8, 4, 25, 24, 23, 22, 41, 39, 42, 40, 38, 36, 28, 30, 35, 37, 32, 26, 47, 3, 45, 46, 49, 44, 43, 50, 19, 20, 16, 14, 18, 21, 11, 15, 17, 9, 7]
[runlim] end:			Sun Nov  2 13:56:21 2025
[runlim] status:		ok
[runlim] result:		0
[runlim] children:		0
[runlim] real:			27.24 seconds
[runlim] time:			105.46 seconds
[runlim] space:			221.2 MB
[runlim] samples:		271
