[runlim] version:		1.10
[runlim] time limit:		311040000 seconds
[runlim] real time limit:	1800 seconds
[runlim] space limit:		30000 MB
[runlim] argv[0]:		python3
[runlim] argv[1]:		model_MIP_CPLEX.py
[runlim] argv[2]:		./graph/complete_binary_trees/cbt_46.txt
[runlim] start:			Sun Nov  2 13:54:17 2025
[runlim] main pid:		63132
[runlim] log captured:
(w = 4) Building and Solving
Value Cyclic-Antibandwidth: 4
Labels: [43, 6, 19, 39, 30, 26, 27, 7, 28, 2, 24, 20, 32, 37, 10, 18, 14, 35, 9, 44, 21, 33, 45, 40, 13, 1, 25, 16, 29, 23, 3, 41, 34, 8, 46, 31, 11, 42, 4, 5, 36, 17, 12, 15, 38, 22]
Correct solution
(w = 5) Building and Solving
Value Cyclic-Antibandwidth: 5
Labels: [43, 6, 19, 35, 30, 26, 27, 7, 17, 2, 24, 20, 14, 37, 42, 18, 32, 10, 9, 34, 21, 36, 45, 40, 13, 31, 25, 16, 29, 28, 3, 41, 44, 8, 46, 39, 1, 38, 4, 5, 11, 33, 12, 15, 23, 22]
Correct solution
(w = 6) Building and Solving
Value Cyclic-Antibandwidth: 6
Labels: [43, 5, 19, 39, 32, 37, 45, 7, 17, 2, 14, 20, 23, 25, 29, 18, 46, 35, 9, 34, 21, 36, 30, 26, 40, 31, 3, 16, 4, 38, 13, 41, 44, 8, 27, 6, 10, 42, 28, 1, 11, 33, 12, 15, 24, 22]
Correct solution
(w = 7) Building and Solving
Value Cyclic-Antibandwidth: 7
Labels: [44, 6, 19, 35, 32, 28, 45, 7, 42, 2, 1, 20, 14, 25, 29, 18, 46, 24, 9, 34, 21, 36, 30, 40, 13, 31, 3, 16, 4, 38, 17, 41, 37, 8, 27, 39, 10, 26, 43, 5, 11, 33, 12, 15, 23, 22]
Correct solution
(w = 8) Building and Solving
Value Cyclic-Antibandwidth: 8
Labels: [44, 6, 19, 35, 32, 28, 45, 7, 17, 2, 24, 20, 14, 25, 29, 18, 38, 26, 9, 34, 21, 36, 42, 10, 40, 31, 3, 16, 4, 46, 13, 41, 37, 8, 27, 39, 1, 30, 43, 5, 11, 33, 12, 15, 23, 22]
Correct solution
(w = 9) Building and Solving
Value Cyclic-Antibandwidth: 9
Labels: [18, 6, 42, 39, 38, 26, 17, 7, 28, 2, 24, 35, 14, 30, 29, 22, 44, 10, 9, 34, 21, 36, 45, 19, 13, 31, 25, 16, 4, 46, 3, 41, 37, 8, 27, 32, 1, 40, 43, 5, 11, 33, 12, 15, 23, 20]
Correct solution
(w = 10) Building and Solving
Value Cyclic-Antibandwidth: 10
Labels: [33, 4, 19, 32, 14, 8, 9, 43, 42, 37, 41, 36, 44, 29, 38, 13, 17, 23, 16, 11, 1, 7, 24, 21, 15, 34, 22, 6, 40, 20, 12, 31, 45, 3, 28, 46, 10, 5, 39, 27, 30, 18, 25, 26, 35, 2]
Correct solution
(w = 11) Building and Solving
Value Cyclic-Antibandwidth: 11
Labels: [46, 11, 22, 37, 38, 1, 8, 5, 2, 25, 3, 23, 13, 21, 20, 18, 17, 14, 19, 4, 12, 16, 31, 7, 9, 24, 26, 10, 33, 44, 43, 41, 32, 6, 28, 40, 39, 36, 35, 34, 15, 30, 29, 27, 45, 42]
Correct solution
(w = 12) Building and Solving
Value Cyclic-Antibandwidth: 12
Labels: [34, 7, 4, 21, 40, 33, 32, 35, 9, 10, 23, 20, 45, 14, 2, 12, 3, 42, 31, 39, 24, 1, 11, 38, 8, 13, 22, 36, 41, 27, 16, 29, 43, 37, 18, 30, 26, 15, 17, 5, 19, 6, 46, 28, 25, 44]
Correct solution
(w = 13) Building and Solving
Value Cyclic-Antibandwidth: 13
Labels: [32, 13, 19, 40, 46, 1, 37, 20, 21, 24, 25, 33, 34, 14, 15, 38, 39, 7, 8, 9, 10, 11, 12, 3, 4, 5, 6, 36, 27, 2, 35, 16, 17, 18, 26, 28, 29, 30, 31, 23, 22, 41, 42, 43, 44, 45]
Correct solution
(w = 14) Building and Solving
Value Cyclic-Antibandwidth: 14
Labels: [35, 14, 3, 40, 46, 33, 34, 22, 23, 26, 27, 5, 1, 4, 2, 39, 36, 37, 38, 10, 11, 12, 13, 19, 20, 31, 32, 21, 28, 29, 30, 7, 8, 9, 15, 16, 17, 18, 6, 25, 24, 42, 43, 41, 44, 45]
Correct solution
(w = 15) Building and Solving
Value Cyclic-Antibandwidth: 15
Labels: [31, 7, 1, 32, 22, 16, 23, 5, 3, 38, 40, 37, 45, 42, 41, 26, 35, 33, 34, 18, 13, 20, 21, 9, 10, 30, 15, 27, 25, 12, 24, 46, 11, 14, 17, 4, 2, 19, 8, 39, 36, 28, 29, 43, 44, 6]
Correct solution
(w = 16) Building and Solving
Value Cyclic-Antibandwidth: 16
Labels: [5, 22, 35, 6, 46, 7, 14, 34, 23, 25, 16, 36, 26, 31, 43, 10, 4, 3, 44, 41, 8, 45, 39, 11, 13, 42, 2, 12, 1, 18, 27, 37, 40, 28, 33, 29, 32, 24, 21, 20, 17, 30, 38, 19, 15, 9]
Correct solution
(w = 17) Building and Solving
Value Cyclic-Antibandwidth: 17
Labels: [44, 23, 26, 5, 4, 7, 45, 34, 25, 32, 29, 36, 30, 19, 28, 13, 16, 42, 43, 3, 14, 46, 2, 12, 11, 6, 8, 41, 1, 9, 10, 37, 40, 35, 38, 18, 15, 17, 21, 24, 31, 33, 39, 27, 20, 22]
Correct solution
(w = 18) Building and Solving
Value Cyclic-Antibandwidth: 18
Labels: [1, 22, 24, 40, 3, 44, 2, 14, 15, 28, 26, 25, 21, 23, 30, 38, 34, 35, 43, 10, 9, 6, 4, 7, 45, 42, 39, 41, 46, 11, 5, 18, 20, 13, 8, 12, 16, 19, 17, 32, 36, 33, 37, 31, 27, 29]
Correct solution
(w = 19) Building and Solving
Value Cyclic-Antibandwidth: 19
Labels: [43, 19, 18, 38, 45, 39, 44, 11, 15, 26, 25, 14, 13, 23, 21, 36, 30, 35, 40, 7, 2, 4, 5, 33, 41, 37, 34, 1, 3, 46, 42, 9, 16, 6, 10, 12, 8, 20, 17, 28, 27, 29, 22, 31, 24, 32]
Correct solution
(w = 20) Building and Solving
[runlim] sample:		39.0 time, 10.7 real, 154.6 MB
[runlim] sample:		93.3 time, 20.7 real, 163.4 MB
[runlim] sample:		157.7 time, 30.7 real, 166.6 MB
[runlim] sample:		234.2 time, 40.7 real, 173.5 MB
Cannot find soluion with w = 20
Final result: CAB = 19
Labels = [43, 19, 18, 38, 45, 39, 44, 11, 15, 26, 25, 14, 13, 23, 21, 36, 30, 35, 40, 7, 2, 4, 5, 33, 41, 37, 34, 1, 3, 46, 42, 9, 16, 6, 10, 12, 8, 20, 17, 28, 27, 29, 22, 31, 24, 32]
[runlim] end:			Sun Nov  2 13:55:02 2025
[runlim] status:		ok
[runlim] result:		0
[runlim] children:		0
[runlim] real:			45.45 seconds
[runlim] time:			265.59 seconds
[runlim] space:			174.5 MB
[runlim] samples:		447
