[runlim] version:		1.10
[runlim] time limit:		311040000 seconds
[runlim] real time limit:	1800 seconds
[runlim] space limit:		30000 MB
[runlim] argv[0]:		python3
[runlim] argv[1]:		model_MIP_CPLEX.py
[runlim] argv[2]:		./graph/3dmesh/3dmesh_4_4_68.txt
[runlim] start:			Sat Nov  1 11:38:59 2025
[runlim] main pid:		38997
[runlim] log captured:
(w = 4) Building and Solving
[runlim] sample:		10.0 time, 10.0 real, 582.4 MB
[runlim] sample:		20.0 time, 20.0 real, 1147.2 MB
[runlim] sample:		30.0 time, 30.0 real, 1665.2 MB
[runlim] sample:		40.0 time, 40.0 real, 1782.9 MB
[runlim] sample:		56.4 time, 50.0 real, 3159.2 MB
[runlim] sample:		67.1 time, 60.0 real, 2238.9 MB
[runlim] sample:		77.1 time, 70.0 real, 4975.5 MB
[runlim] sample:		87.1 time, 80.0 real, 5438.2 MB
[runlim] sample:		97.1 time, 90.0 real, 3786.8 MB
[runlim] sample:		116.8 time, 100.0 real, 6483.2 MB
[runlim] sample:		133.0 time, 110.0 real, 7400.2 MB
[runlim] sample:		143.0 time, 120.0 real, 6439.4 MB
[runlim] sample:		153.0 time, 130.0 real, 7477.3 MB
[runlim] sample:		169.7 time, 140.0 real, 8617.9 MB
[runlim] sample:		218.3 time, 150.0 real, 12676.7 MB
[runlim] sample:		277.4 time, 160.0 real, 14267.5 MB
Value Cyclic-Antibandwidth: 4
Labels: [1074, 1085, 1, 1082, 1078, 1069, 1051, 1064, 1052, 1047, 1011, 957, 911, 834, 816, 638, 554, 566, 44, 31, 85, 50, 55, 379, 978, 494, 490, 23, 12, 25, 10, 14, 18, 6, 19, 15, 11, 16, 30, 20, 33, 7, 17, 980, 21, 463, 22, 35, 24, 29, 39, 27, 36, 58, 46, 37, 495, 34, 38, 56, 32, 43, 51, 47, 40, 54, 8, 41, 57, 49, 53, 28, 52, 42, 482, 64, 65, 92, 66, 71, 59, 72, 61, 69, 67, 76, 70, 78, 45, 68, 77, 60, 90, 73, 434, 83, 74, 80, 84, 95, 81, 97, 79, 86, 487, 111, 94, 75, 82, 93, 109, 87, 96, 89, 98, 123, 102, 118, 107, 99, 108, 101, 119, 91, 103, 114, 105, 110, 117, 121, 106, 116, 122, 130, 100, 120, 104, 124, 129, 125, 411, 128, 243, 412, 187, 267, 215, 357, 147, 126, 143, 283, 339, 263, 311, 179, 239, 139, 211, 331, 259, 352, 371, 175, 207, 279, 235, 295, 255, 171, 361, 135, 307, 319, 203, 343, 131, 167, 231, 376, 227, 348, 251, 159, 195, 367, 303, 271, 223, 155, 287, 315, 191, 183, 247, 335, 151, 127, 349, 113, 219, 112, 299, 132, 133, 275, 377, 199, 163, 291, 327, 134, 372, 144, 149, 368, 365, 369, 373, 148, 154, 158, 164, 168, 172, 178, 182, 188, 192, 196, 202, 206, 212, 216, 220, 226, 230, 236, 240, 244, 250, 254, 260, 264, 268, 274, 278, 284, 288, 292, 298, 302, 308, 312, 316, 322, 326, 330, 141, 137, 145, 340, 346, 356, 350, 354, 334, 345, 852, 306, 282, 258, 234, 210, 162, 186, 138, 380, 140, 136, 153, 142, 157, 146, 161, 150, 165, 152, 169, 156, 173, 160, 177, 166, 181, 170, 185, 174, 189, 176, 193, 180, 197, 184, 201, 190, 205, 194, 209, 198, 213, 200, 217, 204, 221, 208, 225, 214, 229, 218, 233, 222, 237, 224, 241, 228, 245, 232, 249, 238, 253, 242, 257, 246, 261, 248, 265, 252, 269, 256, 273, 262, 277, 266, 281, 270, 285, 272, 289, 276, 293, 280, 297, 286, 301, 290, 305, 294, 309, 296, 313, 300, 317, 304, 321, 310, 325, 314, 329, 318, 333, 320, 337, 324, 341, 328, 347, 336, 966, 338, 355, 342, 359, 344, 366, 358, 353, 360, 362, 378, 363, 370, 382, 364, 392, 375, 374, 383, 332, 384, 415, 381, 386, 394, 323, 385, 393, 387, 397, 389, 402, 391, 388, 395, 390, 413, 420, 396, 403, 429, 398, 404, 1005, 418, 419, 400, 416, 399, 401, 417, 496, 405, 406, 425, 407, 479, 421, 408, 422, 410, 409, 424, 436, 423, 431, 439, 492, 428, 437, 430, 438, 445, 444, 449, 497, 433, 464, 477, 472, 450, 478, 447, 440, 459, 456, 476, 442, 1055, 461, 485, 446, 457, 448, 443, 460, 547, 454, 480, 471, 451, 481, 452, 458, 453, 455, 462, 88, 26, 63, 2, 62, 5, 4, 432, 3, 427, 426, 466, 435, 469, 467, 484, 468, 473, 493, 475, 115, 499, 489, 465, 498, 470, 483, 505, 474, 506, 500, 414, 507, 486, 510, 501, 48, 514, 502, 488, 503, 508, 509, 516, 504, 441, 515, 511, 535, 512, 524, 517, 513, 518, 519, 534, 520, 546, 522, 533, 527, 548, 536, 526, 553, 528, 552, 558, 529, 539, 525, 530, 537, 531, 540, 557, 532, 541, 523, 542, 538, 561, 556, 549, 543, 551, 544, 559, 565, 560, 573, 545, 550, 563, 564, 569, 555, 584, 572, 521, 562, 567, 568, 575, 570, 576, 591, 577, 588, 578, 582, 592, 583, 589, 590, 574, 579, 585, 586, 581, 587, 596, 610, 603, 571, 594, 595, 580, 618, 607, 606, 597, 593, 598, 599, 620, 601, 624, 623, 619, 600, 604, 605, 609, 625, 616, 626, 602, 612, 622, 630, 613, 634, 614, 628, 611, 642, 627, 615, 629, 637, 621, 643, 617, 631, 636, 635, 608, 666, 641, 632, 639, 633, 640, 655, 644, 650, 645, 651, 657, 646, 652, 672, 653, 659, 648, 656, 674, 654, 649, 688, 658, 664, 677, 662, 647, 673, 665, 667, 663, 668, 660, 669, 684, 670, 678, 679, 675, 680, 687, 699, 681, 661, 682, 683, 692, 685, 671, 708, 690, 676, 691, 700, 704, 693, 702, 689, 694, 716, 695, 696, 705, 697, 706, 686, 707, 698, 709, 710, 724, 711, 735, 723, 712, 701, 713, 737, 717, 740, 718, 714, 719, 703, 720, 721, 728, 722, 726, 736, 741, 730, 743, 727, 732, 746, 729, 738, 725, 739, 750, 731, 748, 733, 744, 715, 787, 745, 756, 734, 758, 751, 765, 747, 742, 753, 788, 757, 764, 749, 769, 766, 759, 755, 760, 761, 771, 762, 770, 767, 763, 775, 768, 772, 754, 789, 752, 792, 773, 779, 774, 777, 781, 791, 780, 782, 790, 795, 778, 800, 783, 799, 784, 807, 794, 785, 796, 802, 798, 803, 786, 810, 797, 811, 805, 806, 793, 827, 815, 801, 808, 804, 809, 812, 830, 813, 776, 840, 824, 817, 825, 818, 838, 823, 819, 828, 820, 836, 814, 821, 839, 822, 837, 826, 845, 851, 843, 831, 857, 844, 832, 835, 841, 856, 846, 842, 847, 865, 850, 848, 829, 833, 351, 853, 879, 854, 858, 859, 855, 860, 882, 871, 861, 872, 866, 867, 862, 868, 863, 874, 869, 849, 870, 899, 887, 883, 864, 875, 880, 888, 877, 878, 889, 876, 897, 890, 884, 896, 891, 886, 910, 873, 881, 898, 892, 909, 893, 885, 894, 915, 902, 895, 916, 900, 907, 908, 924, 905, 912, 923, 914, 931, 904, 913, 906, 921, 917, 918, 901, 930, 922, 903, 920, 925, 945, 932, 936, 947, 938, 928, 934, 942, 929, 937, 927, 919, 933, 953, 939, 935, 940, 941, 958, 962, 946, 950, 944, 952, 943, 926, 948, 963, 949, 959, 972, 951, 955, 976, 964, 969, 965, 960, 13, 956, 982, 967, 983, 968, 974, 975, 954, 961, 985, 988, 977, 973, 9, 979, 990, 491, 971, 986, 1003, 984, 995, 992, 981, 996, 970, 1007, 991, 1000, 993, 994, 998, 989, 999, 1008, 1017, 1001, 1006, 997, 1002, 1018, 987, 1028, 1013, 1009, 1016, 1023, 1010, 1014, 1004, 1019, 1040, 1020, 1015, 1025, 1021, 1026, 1022, 1035, 1027, 1031, 1012, 1033, 1029, 1046, 1041, 1045, 1024, 1042, 1048, 1036, 1030, 1037, 1044, 1043, 1034, 1054, 1038, 1061, 1039, 1062, 1056, 1057, 1032, 1058, 1065, 1049, 1059, 1050, 1060, 1076, 1066, 1072, 1067, 1068, 1053, 1070, 1086, 1077, 1071, 1081, 1073, 1087, 1083, 1088, 1084, 1080, 1075, 1079, 1063]
Correct solution
(w = 5) Building and Solving
[runlim] sample:		308.5 time, 170.0 real, 4102.9 MB
[runlim] sample:		318.6 time, 180.0 real, 4884.9 MB
[runlim] sample:		328.6 time, 190.0 real, 3229.0 MB
[runlim] sample:		339.2 time, 200.0 real, 3771.4 MB
[runlim] sample:		355.1 time, 210.0 real, 3771.4 MB
[runlim] sample:		365.1 time, 220.0 real, 3278.0 MB
[runlim] sample:		375.1 time, 230.0 real, 6309.0 MB
[runlim] sample:		385.1 time, 240.0 real, 5890.1 MB
[runlim] sample:		395.1 time, 250.0 real, 5577.6 MB
[runlim] sample:		413.2 time, 260.0 real, 8681.3 MB
[runlim] sample:		428.6 time, 270.0 real, 8740.0 MB
[runlim] sample:		438.6 time, 280.0 real, 8574.6 MB
[runlim] sample:		448.6 time, 290.0 real, 8871.7 MB
[runlim] sample:		475.5 time, 300.0 real, 10168.0 MB
[runlim] sample:		527.1 time, 310.0 real, 16408.4 MB
[runlim] sample:		587.0 time, 320.0 real, 16457.7 MB
Value Cyclic-Antibandwidth: 5
Labels: [1070, 583, 1, 1080, 601, 1069, 1061, 1072, 1055, 1029, 603, 640, 314, 604, 109, 8, 206, 490, 84, 115, 326, 54, 608, 51, 13, 27, 10, 503, 611, 12, 17, 613, 18, 495, 614, 15, 615, 633, 623, 636, 147, 169, 637, 626, 31, 639, 46, 140, 30, 743, 142, 751, 144, 253, 631, 48, 158, 646, 40, 647, 644, 39, 227, 38, 35, 56, 47, 53, 55, 61, 52, 58, 44, 36, 60, 73, 670, 69, 76, 63, 65, 104, 71, 698, 81, 19, 77, 72, 683, 41, 684, 78, 82, 685, 93, 88, 680, 62, 91, 682, 189, 116, 230, 92, 74, 700, 114, 693, 702, 95, 694, 94, 695, 110, 97, 697, 113, 100, 119, 98, 99, 709, 101, 111, 717, 134, 118, 124, 105, 3, 120, 68, 721, 121, 133, 122, 156, 724, 732, 127, 141, 734, 131, 137, 727, 136, 736, 762, 737, 130, 257, 132, 746, 738, 143, 741, 157, 749, 249, 263, 862, 365, 259, 1052, 752, 744, 1075, 168, 148, 165, 171, 155, 417, 154, 159, 166, 162, 167, 160, 192, 220, 184, 173, 163, 161, 175, 780, 191, 218, 183, 174, 181, 187, 777, 217, 176, 172, 787, 778, 185, 795, 193, 796, 789, 194, 798, 790, 195, 177, 792, 800, 791, 801, 228, 793, 802, 810, 803, 811, 197, 804, 813, 205, 186, 199, 808, 226, 209, 204, 170, 221, 826, 215, 188, 828, 208, 210, 229, 212, 232, 241, 234, 832, 238, 224, 245, 233, 243, 834, 239, 251, 837, 242, 252, 838, 250, 356, 840, 847, 354, 848, 107, 841, 255, 256, 851, 283, 852, 966, 7, 1062, 359, 287, 260, 273, 261, 262, 274, 290, 276, 288, 268, 237, 271, 272, 284, 410, 278, 240, 277, 265, 279, 280, 266, 275, 285, 892, 282, 299, 294, 308, 295, 286, 897, 281, 297, 292, 898, 900, 303, 899, 306, 908, 901, 289, 903, 902, 304, 904, 437, 422, 1047, 913, 321, 312, 425, 923, 311, 915, 329, 324, 918, 328, 917, 388, 928, 335, 323, 334, 342, 931, 367, 339, 348, 939, 933, 331, 336, 351, 338, 352, 943, 467, 347, 327, 369, 946, 449, 955, 330, 364, 948, 380, 353, 958, 345, 361, 960, 951, 370, 473, 349, 963, 400, 355, 964, 357, 965, 24, 1084, 70, 974, 962, 383, 360, 382, 363, 379, 384, 392, 386, 397, 401, 387, 491, 389, 391, 398, 390, 399, 377, 394, 403, 393, 405, 385, 395, 510, 396, 404, 372, 409, 402, 1005, 492, 497, 999, 442, 1007, 1000, 413, 1008, 1019, 1009, 421, 1021, 406, 419, 1022, 521, 538, 1016, 428, 129, 539, 530, 1025, 440, 1030, 1040, 461, 1026, 426, 1018, 427, 1035, 431, 444, 434, 429, 1036, 435, 443, 418, 1048, 371, 455, 462, 438, 416, 445, 1050, 447, 468, 481, 469, 1053, 470, 1054, 474, 378, 1086, 471, 457, 1085, 450, 466, 1067, 1073, 634, 1088, 214, 1064, 587, 453, 182, 459, 484, 153, 1087, 219, 5, 2, 415, 6, 411, 11, 4, 9, 479, 478, 90, 476, 493, 494, 487, 456, 488, 489, 475, 507, 498, 508, 412, 509, 499, 381, 25, 501, 511, 512, 502, 513, 20, 504, 29, 22, 516, 625, 23, 524, 21, 518, 525, 519, 641, 527, 629, 642, 630, 628, 149, 522, 26, 652, 37, 50, 532, 32, 57, 534, 59, 543, 535, 544, 222, 569, 545, 537, 547, 554, 546, 555, 548, 549, 64, 550, 557, 558, 551, 559, 552, 79, 560, 570, 562, 571, 67, 572, 66, 564, 573, 75, 574, 575, 80, 576, 567, 689, 87, 691, 85, 586, 692, 701, 580, 581, 89, 582, 246, 590, 96, 591, 584, 108, 592, 585, 594, 602, 593, 112, 595, 596, 117, 597, 605, 606, 598, 607, 599, 635, 135, 600, 610, 617, 609, 618, 138, 612, 619, 126, 620, 621, 123, 622, 128, 616, 739, 729, 145, 624, 139, 151, 638, 150, 627, 742, 750, 853, 258, 973, 745, 645, 374, 632, 152, 146, 653, 448, 654, 655, 648, 656, 649, 650, 657, 667, 658, 660, 651, 659, 668, 661, 669, 662, 164, 671, 663, 672, 664, 665, 673, 180, 674, 676, 666, 675, 178, 677, 179, 678, 223, 686, 679, 687, 190, 681, 688, 201, 825, 307, 196, 690, 200, 207, 231, 203, 216, 703, 225, 704, 198, 696, 705, 211, 706, 708, 761, 707, 715, 414, 716, 710, 202, 718, 711, 719, 712, 713, 720, 730, 213, 723, 714, 722, 731, 842, 264, 725, 733, 235, 726, 735, 236, 728, 320, 248, 857, 244, 269, 254, 270, 740, 747, 247, 748, 860, 373, 358, 42, 854, 861, 267, 505, 754, 763, 753, 764, 755, 765, 756, 766, 767, 757, 768, 758, 759, 769, 760, 770, 772, 888, 771, 779, 773, 296, 774, 781, 782, 775, 783, 776, 305, 784, 794, 785, 300, 293, 786, 298, 788, 302, 316, 797, 301, 313, 799, 912, 905, 922, 315, 309, 310, 914, 322, 317, 924, 318, 805, 812, 319, 806, 814, 807, 333, 815, 809, 816, 818, 325, 817, 827, 819, 340, 820, 829, 830, 821, 831, 822, 823, 341, 824, 833, 835, 889, 337, 344, 836, 843, 350, 844, 845, 291, 846, 839, 346, 952, 961, 343, 850, 362, 849, 858, 375, 859, 972, 16, 1074, 332, 368, 376, 855, 863, 890, 864, 866, 856, 865, 873, 867, 874, 868, 875, 876, 869, 877, 870, 871, 878, 872, 879, 881, 891, 880, 995, 882, 893, 883, 894, 896, 884, 436, 885, 886, 407, 887, 430, 423, 907, 408, 420, 451, 909, 452, 910, 911, 1012, 1023, 454, 529, 28, 906, 1057, 458, 433, 916, 483, 424, 925, 480, 926, 927, 919, 439, 920, 953, 929, 921, 441, 930, 938, 932, 432, 446, 940, 934, 941, 942, 935, 125, 936, 937, 944, 954, 463, 945, 465, 947, 956, 460, 957, 949, 464, 959, 950, 472, 1028, 1082, 486, 1013, 482, 506, 970, 496, 971, 485, 477, 895, 366, 102, 967, 975, 968, 969, 976, 985, 978, 977, 986, 979, 987, 980, 988, 981, 989, 990, 982, 991, 983, 984, 992, 1014, 994, 993, 1001, 500, 1002, 996, 1003, 997, 1004, 14, 998, 1006, 514, 1015, 523, 515, 45, 517, 83, 1010, 1020, 526, 1011, 520, 528, 643, 49, 34, 43, 531, 33, 1017, 540, 1024, 533, 541, 1031, 542, 1032, 1041, 1033, 536, 1044, 1034, 1043, 1045, 103, 1046, 1037, 1038, 556, 1058, 1049, 1042, 1051, 1056, 1068, 553, 1039, 1065, 1027, 1059, 561, 1060, 563, 1078, 1066, 565, 1063, 1076, 566, 1071, 1079, 568, 577, 699, 579, 1083, 106, 578, 1077, 86, 588, 1081, 589]
Correct solution
(w = 6) Building and Solving
[runlim] sample:		628.5 time, 330.0 real, 4332.3 MB
[runlim] sample:		638.5 time, 340.0 real, 5190.9 MB
[runlim] sample:		648.5 time, 350.0 real, 5453.6 MB
[runlim] sample:		658.5 time, 360.0 real, 4092.0 MB
[runlim] sample:		674.3 time, 370.0 real, 4642.8 MB
[runlim] sample:		684.3 time, 380.0 real, 4124.0 MB
[runlim] sample:		694.3 time, 390.0 real, 6773.5 MB
[runlim] sample:		704.3 time, 400.0 real, 7370.7 MB
[runlim] sample:		714.3 time, 410.0 real, 6864.3 MB
[runlim] sample:		731.5 time, 420.0 real, 8272.7 MB
[runlim] sample:		745.1 time, 430.0 real, 9701.7 MB
[runlim] sample:		757.7 time, 440.0 real, 8313.3 MB
[runlim] sample:		767.7 time, 450.0 real, 9382.9 MB
[runlim] sample:		777.7 time, 460.0 real, 9683.3 MB
[runlim] sample:		807.6 time, 470.0 real, 10714.0 MB
[runlim] sample:		857.6 time, 480.0 real, 16330.4 MB
[runlim] sample:		911.2 time, 490.0 real, 17931.9 MB
Value Cyclic-Antibandwidth: 6
Labels: [1072, 1083, 1, 1079, 1078, 1043, 1057, 1063, 1030, 1002, 966, 896, 830, 797, 761, 613, 568, 546, 258, 397, 105, 235, 180, 123, 490, 503, 497, 3, 496, 4, 18, 12, 5, 11, 19, 10, 13, 50, 25, 16, 21, 14, 70, 58, 15, 537, 29, 22, 17, 23, 34, 26, 24, 33, 46, 35, 36, 47, 32, 52, 82, 27, 83, 28, 84, 56, 80, 53, 44, 85, 31, 62, 55, 67, 59, 73, 61, 54, 43, 64, 57, 63, 146, 66, 69, 45, 65, 77, 81, 93, 491, 101, 100, 71, 90, 72, 68, 74, 91, 106, 75, 96, 76, 95, 99, 78, 309, 30, 92, 310, 97, 86, 249, 88, 312, 89, 103, 686, 108, 114, 111, 98, 2, 131, 102, 113, 60, 115, 110, 135, 109, 37, 117, 104, 118, 132, 124, 112, 136, 116, 144, 121, 129, 122, 119, 107, 133, 79, 126, 138, 127, 120, 140, 128, 142, 130, 152, 143, 154, 139, 157, 151, 141, 149, 145, 125, 155, 134, 245, 147, 250, 153, 262, 156, 148, 159, 150, 200, 163, 94, 169, 158, 172, 246, 161, 765, 166, 183, 184, 165, 251, 167, 168, 311, 247, 178, 199, 170, 164, 171, 173, 206, 174, 207, 195, 175, 182, 176, 177, 201, 179, 202, 185, 248, 254, 181, 203, 186, 160, 187, 189, 197, 244, 198, 188, 208, 190, 217, 209, 192, 215, 193, 218, 252, 194, 211, 196, 212, 162, 223, 230, 214, 204, 253, 216, 205, 224, 210, 231, 219, 213, 220, 221, 240, 232, 241, 222, 233, 227, 234, 239, 225, 242, 226, 191, 237, 228, 238, 229, 265, 259, 266, 236, 273, 243, 261, 267, 260, 289, 269, 336, 268, 277, 290, 286, 255, 284, 274, 280, 331, 278, 271, 291, 276, 137, 256, 279, 294, 264, 272, 308, 281, 275, 282, 295, 283, 296, 285, 270, 297, 287, 299, 298, 288, 300, 292, 317, 301, 293, 302, 472, 303, 477, 318, 313, 470, 319, 474, 305, 320, 330, 307, 263, 326, 315, 322, 304, 323, 306, 324, 321, 314, 325, 316, 352, 337, 343, 327, 338, 344, 328, 341, 332, 346, 333, 345, 403, 334, 342, 335, 339, 348, 401, 347, 351, 360, 354, 361, 364, 340, 353, 376, 467, 350, 359, 349, 355, 388, 394, 357, 402, 408, 329, 370, 356, 405, 399, 362, 363, 398, 365, 404, 382, 366, 406, 367, 368, 377, 369, 378, 371, 379, 372, 380, 381, 373, 383, 374, 375, 384, 414, 385, 386, 416, 387, 417, 418, 390, 435, 389, 391, 415, 392, 412, 426, 393, 427, 395, 400, 425, 419, 429, 396, 423, 475, 424, 409, 257, 428, 358, 420, 410, 421, 430, 431, 438, 432, 442, 1040, 443, 457, 437, 440, 433, 439, 459, 454, 422, 476, 452, 460, 453, 441, 434, 458, 449, 463, 455, 446, 456, 448, 495, 436, 447, 461, 444, 450, 462, 471, 464, 484, 478, 451, 465, 468, 488, 480, 489, 51, 42, 500, 41, 40, 49, 39, 48, 38, 502, 6, 479, 482, 8, 506, 7, 466, 473, 485, 493, 970, 486, 516, 487, 494, 509, 483, 469, 501, 519, 411, 514, 481, 413, 507, 445, 407, 508, 87, 510, 512, 521, 511, 498, 524, 513, 20, 504, 517, 499, 518, 536, 535, 492, 526, 520, 527, 541, 505, 522, 545, 530, 544, 538, 539, 549, 528, 552, 523, 529, 554, 542, 543, 531, 557, 550, 532, 553, 533, 562, 559, 570, 563, 534, 548, 555, 573, 525, 551, 558, 547, 560, 561, 582, 540, 515, 579, 564, 581, 565, 566, 580, 567, 583, 571, 603, 575, 619, 584, 576, 592, 577, 556, 594, 574, 596, 578, 588, 604, 590, 585, 569, 591, 608, 606, 586, 600, 593, 587, 607, 589, 605, 598, 617, 597, 616, 599, 624, 572, 601, 620, 609, 630, 622, 602, 615, 623, 612, 618, 626, 640, 627, 628, 636, 629, 621, 610, 595, 611, 631, 632, 625, 633, 657, 644, 637, 647, 638, 666, 648, 635, 614, 641, 681, 642, 656, 663, 639, 661, 643, 653, 646, 667, 655, 645, 634, 652, 658, 659, 669, 660, 679, 676, 651, 670, 662, 682, 668, 650, 683, 664, 699, 665, 678, 674, 654, 703, 672, 649, 697, 677, 698, 671, 684, 701, 707, 687, 715, 688, 704, 706, 689, 675, 690, 691, 680, 692, 673, 700, 693, 717, 694, 716, 695, 739, 712, 685, 721, 696, 724, 730, 708, 702, 709, 718, 726, 710, 720, 705, 722, 713, 723, 711, 731, 725, 738, 719, 740, 746, 727, 728, 714, 729, 737, 745, 734, 749, 735, 736, 748, 742, 753, 744, 754, 733, 743, 755, 768, 750, 756, 770, 778, 760, 766, 752, 769, 751, 732, 783, 763, 757, 767, 762, 785, 764, 773, 782, 758, 789, 777, 771, 794, 774, 796, 759, 772, 781, 775, 786, 779, 799, 787, 803, 792, 800, 791, 795, 780, 806, 776, 807, 747, 741, 784, 798, 788, 820, 804, 825, 814, 793, 805, 802, 790, 821, 828, 817, 829, 810, 801, 811, 818, 832, 815, 813, 826, 819, 827, 822, 816, 809, 835, 808, 841, 823, 812, 824, 831, 850, 839, 834, 842, 836, 843, 840, 833, 844, 852, 846, 882, 838, 845, 837, 848, 857, 851, 847, 858, 867, 860, 853, 875, 861, 869, 872, 854, 874, 855, 880, 865, 885, 868, 899, 889, 878, 870, 871, 864, 890, 879, 888, 873, 849, 862, 856, 887, 903, 881, 876, 883, 891, 884, 901, 895, 863, 897, 894, 859, 898, 886, 866, 877, 915, 900, 907, 917, 902, 911, 919, 910, 931, 921, 913, 932, 914, 905, 920, 892, 908, 916, 924, 906, 912, 918, 904, 935, 923, 909, 933, 925, 944, 927, 926, 934, 928, 936, 949, 893, 937, 960, 938, 951, 930, 939, 950, 940, 922, 945, 942, 948, 968, 961, 943, 929, 946, 952, 953, 963, 954, 981, 964, 955, 941, 956, 983, 975, 957, 969, 958, 9, 959, 971, 972, 989, 973, 947, 982, 974, 962, 976, 993, 965, 978, 985, 986, 1003, 987, 1006, 979, 967, 980, 988, 990, 984, 991, 998, 999, 992, 1016, 977, 994, 1012, 1020, 1000, 1001, 995, 1004, 1013, 1014, 1005, 1018, 1007, 1021, 1029, 1009, 1019, 1028, 996, 1011, 1024, 1022, 1015, 1023, 1037, 1033, 1025, 1034, 1026, 1052, 1035, 1042, 1036, 1017, 1032, 1038, 1045, 1010, 1039, 997, 1008, 1041, 1062, 1044, 1064, 1060, 1048, 1055, 1049, 1059, 1050, 1031, 1051, 1027, 1070, 1053, 1068, 1047, 1054, 1066, 1056, 1073, 1065, 1046, 1067, 1085, 1069, 1061, 1088, 1071, 1081, 1074, 1082, 1086, 1075, 1084, 1076, 1080, 1058, 1077, 1087]
Correct solution
(w = 7) Building and Solving
[runlim] sample:		959.1 time, 500.0 real, 4964.1 MB
[runlim] sample:		969.1 time, 510.0 real, 5810.3 MB
[runlim] sample:		979.1 time, 520.0 real, 6329.0 MB
[runlim] sample:		989.1 time, 530.0 real, 4568.9 MB
[runlim] sample:		1000.6 time, 540.0 real, 5491.8 MB
[runlim] sample:		1015.9 time, 550.0 real, 4601.1 MB
[runlim] sample:		1025.9 time, 560.0 real, 4601.1 MB
[runlim] sample:		1035.9 time, 570.0 real, 7196.7 MB
[runlim] sample:		1045.9 time, 580.0 real, 7996.9 MB
[runlim] sample:		1055.9 time, 590.0 real, 7261.1 MB
[runlim] sample:		1065.9 time, 600.0 real, 5399.1 MB
[runlim] sample:		1082.8 time, 610.0 real, 7345.9 MB
[runlim] sample:		1095.7 time, 620.0 real, 9677.7 MB
[runlim] sample:		1109.4 time, 630.0 real, 7394.4 MB
[runlim] sample:		1119.4 time, 640.0 real, 7394.4 MB
[runlim] sample:		1129.4 time, 650.0 real, 8625.9 MB
[runlim] sample:		1144.8 time, 660.0 real, 10549.1 MB
[runlim] sample:		1188.5 time, 670.0 real, 16489.5 MB
[runlim] sample:		1243.0 time, 680.0 real, 19540.1 MB
[runlim] sample:		1302.8 time, 690.0 real, 21669.0 MB
Value Cyclic-Antibandwidth: 7
Labels: [1069, 1082, 1, 605, 711, 1039, 92, 577, 579, 970, 581, 868, 93, 684, 119, 568, 607, 482, 399, 173, 70, 116, 610, 102, 14, 617, 15, 612, 23, 16, 611, 627, 31, 614, 647, 132, 131, 638, 619, 639, 620, 739, 643, 629, 138, 621, 630, 781, 147, 854, 240, 773, 262, 134, 634, 759, 164, 143, 785, 654, 637, 50, 65, 53, 810, 25, 657, 664, 44, 55, 68, 57, 56, 667, 109, 87, 30, 58, 121, 60, 685, 675, 71, 640, 62, 72, 681, 75, 90, 682, 73, 680, 69, 696, 84, 95, 98, 794, 94, 690, 679, 831, 203, 298, 200, 911, 714, 824, 301, 688, 700, 693, 88, 698, 77, 702, 212, 255, 123, 731, 101, 222, 104, 839, 125, 709, 687, 708, 706, 747, 128, 720, 126, 713, 115, 211, 721, 120, 715, 224, 492, 724, 734, 725, 735, 225, 819, 736, 727, 429, 719, 238, 849, 239, 268, 855, 730, 269, 1021, 242, 857, 973, 9, 650, 866, 245, 534, 267, 289, 165, 158, 166, 157, 175, 750, 176, 163, 791, 170, 133, 153, 167, 160, 760, 183, 155, 169, 184, 171, 185, 764, 293, 177, 766, 156, 789, 162, 778, 189, 779, 196, 799, 199, 802, 780, 124, 803, 180, 906, 323, 312, 428, 309, 249, 300, 908, 321, 918, 426, 919, 213, 422, 198, 806, 812, 827, 326, 220, 329, 807, 925, 808, 214, 338, 317, 834, 817, 228, 207, 821, 209, 836, 823, 969, 230, 825, 959, 232, 334, 231, 826, 842, 234, 833, 359, 829, 828, 965, 845, 237, 853, 593, 248, 847, 876, 250, 848, 348, 471, 508, 966, 503, 533, 261, 78, 259, 861, 246, 270, 364, 247, 257, 140, 271, 860, 291, 273, 897, 880, 274, 462, 284, 914, 459, 883, 276, 280, 879, 277, 294, 832, 388, 306, 886, 226, 899, 282, 898, 275, 936, 297, 928, 292, 902, 517, 917, 904, 299, 905, 1015, 423, 415, 907, 439, 414, 1038, 1030, 1022, 441, 526, 1042, 931, 420, 920, 421, 922, 932, 427, 923, 328, 924, 307, 438, 947, 538, 926, 467, 913, 333, 320, 601, 1061, 946, 934, 337, 316, 324, 367, 1076, 960, 950, 449, 336, 1067, 972, 952, 350, 954, 468, 981, 466, 361, 985, 1074, 473, 1075, 469, 988, 11, 1057, 161, 390, 371, 352, 378, 616, 975, 353, 354, 382, 395, 385, 379, 389, 990, 396, 387, 365, 405, 993, 391, 384, 994, 400, 995, 393, 386, 407, 392, 374, 1005, 998, 416, 406, 1046, 1018, 410, 372, 431, 1003, 1011, 417, 505, 1014, 401, 1033, 26, 513, 1013, 1026, 515, 64, 1025, 521, 635, 45, 525, 536, 67, 1031, 1041, 151, 440, 547, 1064, 530, 1044, 434, 1045, 786, 495, 1047, 545, 1040, 487, 111, 368, 458, 1050, 442, 1051, 366, 595, 454, 1062, 448, 1084, 453, 1055, 481, 1056, 369, 865, 1000, 574, 1002, 455, 1071, 582, 1072, 584, 1083, 1073, 587, 599, 172, 484, 1078, 91, 3, 370, 494, 1087, 288, 609, 443, 6, 483, 4, 456, 464, 12, 615, 18, 430, 474, 485, 475, 457, 117, 477, 501, 512, 461, 363, 502, 479, 486, 980, 480, 19, 540, 24, 17, 27, 148, 32, 509, 8, 628, 48, 22, 472, 644, 500, 531, 28, 632, 40, 145, 744, 141, 625, 243, 983, 244, 652, 66, 37, 351, 602, 39, 537, 42, 555, 256, 43, 543, 529, 544, 556, 110, 892, 59, 594, 546, 554, 561, 549, 81, 61, 550, 82, 955, 571, 83, 566, 552, 63, 559, 692, 564, 76, 539, 565, 686, 190, 596, 103, 86, 697, 193, 89, 674, 38, 253, 705, 793, 100, 201, 583, 541, 598, 97, 695, 585, 112, 586, 99, 570, 701, 717, 205, 600, 589, 127, 108, 590, 107, 591, 592, 114, 603, 689, 122, 604, 722, 136, 606, 613, 130, 144, 618, 716, 726, 575, 149, 139, 129, 728, 142, 729, 740, 146, 741, 137, 218, 743, 135, 751, 877, 264, 746, 265, 809, 984, 152, 118, 187, 113, 624, 658, 626, 168, 79, 646, 179, 648, 641, 653, 642, 662, 174, 655, 668, 676, 656, 672, 651, 775, 195, 661, 186, 670, 659, 194, 669, 197, 202, 673, 188, 649, 191, 313, 677, 666, 891, 678, 784, 796, 795, 916, 797, 504, 798, 811, 310, 254, 302, 800, 691, 801, 217, 671, 805, 221, 683, 712, 252, 822, 208, 215, 815, 235, 216, 206, 710, 718, 229, 663, 219, 703, 210, 233, 837, 281, 840, 223, 738, 258, 723, 843, 241, 852, 349, 263, 957, 236, 737, 694, 227, 875, 958, 260, 971, 347, 742, 851, 496, 7, 850, 869, 10, 377, 870, 266, 748, 755, 770, 782, 749, 767, 757, 272, 758, 745, 451, 783, 768, 761, 769, 753, 376, 771, 762, 772, 763, 754, 774, 887, 278, 765, 279, 776, 295, 777, 296, 732, 283, 790, 285, 752, 964, 287, 788, 314, 787, 921, 631, 381, 941, 425, 804, 311, 1029, 909, 419, 325, 542, 332, 315, 303, 327, 814, 304, 357, 816, 305, 813, 437, 937, 331, 939, 308, 330, 322, 343, 841, 927, 830, 318, 942, 319, 792, 943, 573, 949, 344, 818, 339, 358, 335, 446, 535, 340, 844, 1081, 342, 360, 341, 345, 362, 346, 356, 986, 588, 871, 13, 894, 74, 178, 874, 838, 856, 398, 383, 859, 867, 858, 846, 873, 862, 885, 380, 864, 820, 935, 404, 881, 835, 882, 355, 890, 403, 893, 884, 863, 872, 895, 411, 182, 896, 888, 397, 445, 889, 900, 878, 409, 901, 21, 408, 394, 903, 1024, 522, 412, 432, 41, 1027, 1016, 514, 1019, 33, 524, 150, 402, 516, 912, 433, 519, 1043, 528, 1034, 436, 424, 915, 450, 938, 1020, 1036, 435, 447, 578, 1054, 944, 930, 948, 940, 1052, 5, 444, 933, 910, 953, 490, 489, 452, 488, 1058, 951, 962, 548, 460, 961, 192, 498, 476, 1086, 286, 974, 580, 465, 1077, 1085, 105, 290, 463, 665, 2, 106, 1070, 956, 968, 963, 181, 967, 976, 987, 945, 979, 989, 491, 511, 1012, 991, 992, 1004, 506, 982, 977, 493, 1017, 478, 1006, 978, 996, 1007, 997, 497, 510, 1008, 1009, 608, 499, 1001, 1028, 1010, 470, 251, 520, 999, 29, 1023, 34, 645, 622, 633, 623, 154, 35, 523, 756, 36, 636, 49, 159, 52, 518, 527, 373, 1032, 660, 733, 551, 54, 1035, 51, 413, 20, 418, 507, 46, 1048, 1068, 1049, 1059, 557, 1060, 532, 558, 929, 1053, 560, 1063, 563, 1037, 567, 553, 1065, 47, 1066, 1080, 375, 1088, 1079, 85, 572, 704, 569, 707, 96, 204, 699, 597, 80, 562, 576]
Correct solution
(w = 8) Building and Solving
[runlim] sample:		1319.8 time, 700.0 real, 5828.2 MB
[runlim] sample:		1329.8 time, 710.0 real, 6626.1 MB
[runlim] sample:		1339.8 time, 720.0 real, 5025.5 MB
[runlim] sample:		1349.8 time, 730.0 real, 5025.5 MB
[runlim] sample:		1367.0 time, 740.0 real, 5711.4 MB
[runlim] sample:		1377.0 time, 750.0 real, 5025.5 MB
[runlim] sample:		1387.0 time, 760.0 real, 5025.5 MB
[runlim] sample:		1397.0 time, 770.0 real, 7838.8 MB
[runlim] sample:		1407.0 time, 780.0 real, 7816.2 MB
[runlim] sample:		1417.0 time, 790.0 real, 7816.2 MB
[runlim] sample:		1427.0 time, 800.0 real, 5722.8 MB
[runlim] sample:		1443.9 time, 810.0 real, 7838.3 MB
[runlim] sample:		1455.3 time, 820.0 real, 10143.2 MB
[runlim] sample:		1470.5 time, 830.0 real, 8548.7 MB
[runlim] sample:		1480.5 time, 840.0 real, 8548.7 MB
[runlim] sample:		1490.5 time, 850.0 real, 9792.5 MB
[runlim] sample:		1500.5 time, 860.0 real, 10101.3 MB
[runlim] sample:		1530.3 time, 870.0 real, 12415.4 MB
[runlim] sample:		1578.3 time, 880.0 real, 19396.1 MB
[runlim] sample:		1636.5 time, 890.0 real, 20081.7 MB
Value Cyclic-Antibandwidth: 8
Labels: [1088, 1061, 1, 1076, 1075, 1042, 1060, 1052, 1053, 1032, 980, 895, 804, 727, 582, 553, 576, 479, 978, 15, 270, 137, 498, 506, 23, 12, 28, 16, 11, 22, 490, 25, 156, 18, 33, 24, 27, 43, 21, 5, 46, 29, 47, 491, 30, 40, 31, 44, 55, 26, 41, 32, 42, 499, 56, 45, 34, 14, 39, 60, 57, 67, 48, 69, 35, 49, 64, 51, 50, 534, 209, 65, 58, 66, 52, 81, 68, 54, 62, 4, 53, 61, 86, 71, 70, 87, 72, 92, 129, 74, 95, 73, 96, 88, 76, 97, 78, 38, 77, 120, 131, 100, 132, 75, 93, 84, 457, 94, 79, 130, 103, 80, 106, 83, 111, 85, 98, 119, 99, 63, 110, 101, 113, 121, 102, 115, 141, 105, 142, 107, 125, 108, 109, 143, 91, 126, 480, 122, 104, 112, 114, 134, 116, 124, 118, 144, 152, 136, 140, 160, 127, 146, 157, 145, 90, 128, 147, 155, 139, 159, 158, 253, 163, 153, 168, 133, 154, 166, 148, 123, 165, 151, 135, 167, 215, 169, 149, 161, 172, 162, 280, 174, 138, 184, 173, 150, 180, 170, 206, 182, 190, 181, 398, 283, 197, 171, 177, 196, 183, 281, 187, 179, 192, 178, 175, 193, 203, 195, 204, 185, 207, 186, 188, 211, 164, 199, 176, 191, 284, 276, 194, 208, 189, 496, 279, 212, 198, 213, 214, 200, 217, 226, 205, 216, 201, 218, 220, 298, 219, 488, 256, 221, 274, 224, 234, 469, 230, 292, 17, 252, 260, 464, 237, 227, 239, 228, 229, 261, 231, 254, 266, 243, 222, 232, 233, 223, 235, 248, 225, 236, 286, 238, 265, 240, 259, 241, 242, 257, 244, 263, 262, 245, 468, 273, 246, 267, 275, 264, 255, 269, 249, 288, 268, 294, 258, 313, 295, 271, 311, 296, 314, 303, 291, 309, 304, 293, 272, 312, 277, 310, 297, 289, 210, 301, 287, 305, 306, 318, 307, 322, 285, 330, 308, 326, 474, 342, 316, 300, 345, 317, 337, 319, 320, 338, 321, 340, 302, 315, 323, 334, 341, 324, 335, 325, 327, 299, 347, 336, 390, 282, 367, 353, 356, 343, 359, 348, 332, 357, 349, 339, 354, 344, 364, 352, 368, 331, 346, 333, 378, 394, 374, 358, 391, 328, 360, 370, 366, 355, 372, 362, 382, 373, 363, 375, 361, 350, 383, 371, 399, 377, 351, 393, 379, 369, 380, 414, 404, 381, 405, 395, 376, 456, 400, 384, 411, 401, 385, 402, 403, 386, 406, 387, 388, 408, 389, 409, 397, 329, 412, 365, 510, 416, 460, 392, 413, 427, 415, 407, 429, 417, 430, 422, 431, 423, 470, 426, 421, 433, 425, 465, 500, 419, 497, 418, 36, 428, 420, 472, 461, 471, 509, 466, 435, 424, 436, 454, 485, 437, 489, 439, 438, 452, 511, 450, 483, 463, 455, 443, 501, 410, 446, 247, 458, 447, 459, 448, 504, 202, 467, 478, 449, 117, 493, 451, 481, 432, 82, 482, 89, 3, 950, 2, 10, 251, 8, 250, 9, 445, 7, 434, 444, 6, 441, 19, 13, 473, 453, 396, 278, 440, 476, 507, 462, 520, 502, 514, 516, 486, 544, 442, 494, 503, 484, 475, 505, 523, 492, 518, 517, 545, 524, 290, 508, 495, 513, 521, 522, 487, 525, 512, 549, 477, 548, 526, 539, 527, 547, 528, 529, 515, 530, 541, 542, 532, 567, 533, 561, 543, 59, 555, 556, 535, 557, 536, 537, 558, 538, 559, 560, 519, 546, 574, 540, 562, 554, 563, 585, 564, 579, 592, 565, 606, 566, 577, 580, 590, 581, 531, 568, 552, 569, 584, 570, 583, 571, 612, 617, 551, 586, 604, 572, 605, 573, 587, 588, 575, 589, 601, 620, 595, 618, 591, 578, 611, 596, 619, 550, 593, 607, 598, 599, 608, 642, 609, 600, 632, 597, 622, 610, 602, 623, 594, 624, 613, 636, 626, 640, 627, 614, 638, 643, 603, 625, 637, 628, 615, 639, 629, 711, 630, 616, 710, 631, 641, 633, 647, 652, 621, 634, 712, 644, 635, 648, 658, 669, 645, 670, 649, 653, 667, 654, 666, 663, 655, 671, 656, 674, 682, 657, 672, 650, 659, 680, 660, 661, 676, 691, 677, 678, 664, 679, 668, 694, 673, 665, 681, 675, 646, 697, 651, 692, 701, 713, 689, 695, 685, 714, 690, 686, 698, 683, 699, 700, 715, 705, 684, 726, 687, 662, 702, 703, 724, 688, 706, 731, 716, 704, 720, 721, 707, 693, 708, 738, 728, 719, 729, 742, 709, 730, 722, 763, 732, 746, 733, 734, 744, 735, 725, 718, 736, 745, 737, 717, 696, 747, 739, 740, 748, 762, 750, 753, 773, 754, 741, 743, 756, 774, 757, 775, 749, 765, 755, 751, 759, 776, 797, 764, 790, 798, 777, 778, 766, 758, 767, 760, 768, 796, 781, 769, 782, 723, 770, 787, 771, 784, 800, 761, 785, 772, 786, 779, 788, 780, 810, 789, 805, 752, 783, 807, 791, 806, 792, 793, 809, 794, 808, 811, 823, 812, 795, 799, 813, 801, 814, 819, 828, 820, 840, 802, 817, 832, 822, 826, 815, 827, 818, 843, 803, 838, 859, 829, 841, 830, 821, 846, 831, 851, 833, 842, 853, 845, 834, 824, 816, 825, 848, 847, 864, 849, 837, 868, 877, 865, 850, 854, 863, 872, 860, 869, 839, 852, 835, 858, 887, 866, 857, 876, 867, 878, 870, 871, 855, 844, 836, 861, 873, 892, 874, 888, 928, 875, 897, 862, 891, 856, 880, 909, 881, 907, 879, 882, 898, 883, 899, 900, 884, 901, 911, 885, 902, 893, 903, 894, 904, 890, 905, 906, 920, 910, 918, 886, 908, 935, 896, 912, 922, 913, 923, 914, 934, 915, 924, 926, 954, 930, 939, 916, 889, 921, 929, 937, 947, 933, 944, 948, 917, 927, 936, 940, 932, 941, 973, 960, 942, 952, 943, 945, 919, 964, 955, 956, 969, 957, 946, 925, 958, 931, 959, 974, 991, 961, 951, 953, 962, 983, 963, 37, 20, 975, 965, 966, 979, 967, 976, 985, 968, 986, 938, 970, 990, 1016, 987, 999, 988, 1001, 993, 989, 1009, 949, 984, 971, 992, 972, 995, 996, 977, 997, 1012, 1013, 998, 1034, 1007, 1002, 981, 1003, 1017, 1019, 1004, 1018, 1005, 1011, 1020, 1030, 1021, 1037, 1028, 1014, 1031, 1027, 1044, 1035, 1006, 1010, 1024, 1045, 1023, 1025, 1040, 1008, 1000, 1026, 1038, 1022, 1043, 1015, 1029, 1046, 1055, 1048, 1039, 1057, 1047, 1062, 1049, 1066, 1058, 1067, 1050, 1064, 1056, 1041, 1065, 1054, 1071, 1033, 1081, 1036, 1063, 1084, 1059, 1051, 1079, 1078, 1068, 1080, 1069, 1070, 1086, 982, 1082, 1083, 1072, 994, 1073, 1074, 1085, 1077, 1087]
Correct solution
(w = 9) Building and Solving
[runlim] sample:		1678.7 time, 900.0 real, 5317.7 MB
[runlim] sample:		1688.7 time, 910.0 real, 6214.9 MB
[runlim] sample:		1698.7 time, 920.0 real, 6704.5 MB
[runlim] sample:		1708.7 time, 930.0 real, 5500.6 MB
[runlim] sample:		1718.7 time, 940.0 real, 5500.6 MB
[runlim] sample:		1735.5 time, 950.0 real, 6262.8 MB
[runlim] sample:		1745.5 time, 960.0 real, 5500.4 MB
[runlim] sample:		1755.5 time, 970.0 real, 5500.4 MB
[runlim] sample:		1765.5 time, 980.0 real, 8206.0 MB
[runlim] sample:		1775.5 time, 990.0 real, 8999.4 MB
[runlim] sample:		1785.5 time, 1000.0 real, 8270.5 MB
[runlim] sample:		1795.5 time, 1010.0 real, 8270.5 MB
[runlim] sample:		1805.5 time, 1020.0 real, 5953.8 MB
[runlim] sample:		1822.2 time, 1030.0 real, 8357.0 MB
[runlim] sample:		1838.8 time, 1040.0 real, 10626.9 MB
[runlim] sample:		1849.1 time, 1050.0 real, 8370.8 MB
[runlim] sample:		1859.1 time, 1060.0 real, 8370.8 MB
[runlim] sample:		1869.1 time, 1070.0 real, 9707.0 MB
[runlim] sample:		1879.1 time, 1080.0 real, 7759.7 MB
[runlim] sample:		1911.7 time, 1090.0 real, 12449.0 MB
[runlim] sample:		1961.1 time, 1100.0 real, 19237.2 MB
[runlim] sample:		2015.0 time, 1110.0 real, 22794.6 MB
Value Cyclic-Antibandwidth: 9
Labels: [1065, 1080, 1, 1075, 1074, 1050, 900, 1049, 1061, 1037, 978, 922, 885, 811, 728, 553, 995, 181, 404, 391, 405, 319, 304, 489, 305, 98, 490, 499, 8, 190, 264, 163, 154, 145, 136, 120, 110, 100, 16, 91, 30, 80, 71, 32, 39, 12, 660, 13, 43, 19, 7, 33, 208, 519, 37, 15, 17, 35, 21, 41, 29, 459, 34, 58, 26, 45, 23, 644, 36, 24, 50, 25, 27, 14, 638, 57, 42, 31, 67, 28, 40, 69, 54, 18, 49, 38, 74, 61, 73, 47, 64, 48, 545, 63, 51, 70, 66, 46, 68, 53, 234, 59, 44, 22, 83, 20, 669, 78, 72, 86, 102, 88, 75, 94, 79, 92, 85, 76, 95, 81, 96, 87, 193, 99, 126, 77, 90, 109, 112, 62, 93, 113, 97, 116, 107, 133, 124, 106, 127, 111, 101, 89, 105, 121, 130, 114, 84, 125, 117, 129, 118, 108, 500, 255, 137, 128, 735, 104, 119, 140, 115, 135, 258, 138, 738, 194, 148, 123, 141, 158, 256, 139, 152, 132, 103, 151, 176, 160, 143, 167, 146, 134, 257, 144, 155, 201, 756, 153, 173, 147, 156, 168, 150, 169, 185, 157, 159, 179, 131, 259, 174, 161, 175, 162, 164, 177, 166, 178, 170, 260, 171, 180, 182, 200, 183, 165, 203, 184, 204, 186, 187, 197, 188, 198, 195, 209, 149, 189, 261, 191, 263, 205, 217, 206, 215, 196, 207, 218, 266, 212, 210, 192, 268, 214, 219, 202, 211, 294, 270, 220, 229, 213, 222, 231, 216, 225, 223, 142, 235, 224, 241, 262, 221, 285, 286, 300, 849, 227, 232, 278, 233, 880, 60, 281, 245, 236, 226, 239, 230, 249, 237, 228, 240, 861, 273, 242, 272, 243, 253, 244, 275, 246, 287, 534, 247, 282, 248, 265, 279, 250, 293, 251, 295, 269, 298, 283, 252, 288, 276, 254, 289, 302, 291, 238, 267, 290, 277, 296, 310, 299, 313, 292, 301, 312, 297, 372, 314, 330, 306, 318, 478, 303, 324, 307, 331, 316, 325, 315, 327, 393, 311, 394, 336, 320, 321, 271, 322, 342, 348, 323, 341, 397, 343, 328, 317, 326, 332, 309, 395, 339, 350, 334, 344, 329, 335, 345, 399, 346, 355, 338, 396, 340, 374, 349, 364, 351, 362, 400, 353, 365, 347, 333, 370, 356, 366, 357, 367, 358, 354, 401, 381, 368, 379, 361, 284, 382, 359, 373, 383, 398, 375, 390, 376, 408, 392, 377, 363, 378, 337, 352, 380, 402, 371, 384, 477, 385, 386, 419, 476, 387, 416, 475, 389, 417, 308, 422, 412, 474, 388, 406, 421, 410, 411, 436, 426, 413, 456, 369, 462, 434, 431, 409, 423, 414, 415, 424, 473, 425, 442, 427, 439, 428, 429, 441, 430, 444, 418, 432, 447, 433, 445, 463, 435, 449, 481, 450, 479, 451, 448, 505, 455, 483, 403, 469, 838, 461, 472, 420, 468, 274, 464, 480, 837, 471, 485, 466, 492, 1058, 847, 56, 939, 3, 199, 460, 6, 457, 4, 438, 5, 437, 454, 2, 446, 9, 10, 533, 82, 467, 465, 443, 453, 440, 452, 535, 512, 503, 482, 493, 484, 494, 495, 470, 497, 458, 486, 980, 487, 496, 515, 488, 498, 65, 538, 502, 520, 52, 504, 522, 507, 360, 517, 508, 11, 509, 536, 518, 529, 510, 511, 555, 501, 539, 523, 513, 524, 514, 541, 525, 542, 526, 527, 544, 516, 528, 559, 521, 560, 548, 549, 540, 550, 563, 530, 551, 531, 552, 546, 570, 543, 554, 580, 547, 576, 565, 532, 407, 566, 579, 558, 572, 556, 569, 537, 561, 577, 568, 562, 575, 557, 658, 581, 615, 583, 607, 571, 584, 599, 585, 586, 574, 587, 578, 602, 588, 567, 589, 591, 564, 592, 616, 603, 593, 659, 594, 604, 595, 608, 596, 628, 617, 597, 609, 610, 600, 611, 598, 590, 612, 624, 613, 614, 605, 619, 606, 601, 122, 634, 621, 620, 643, 623, 646, 636, 625, 639, 627, 630, 665, 640, 629, 641, 631, 622, 642, 632, 657, 633, 666, 618, 635, 654, 645, 661, 573, 582, 647, 672, 648, 664, 674, 649, 626, 650, 637, 681, 651, 667, 676, 670, 682, 671, 686, 652, 673, 653, 710, 680, 656, 683, 655, 663, 684, 695, 685, 698, 662, 688, 675, 668, 689, 679, 690, 691, 707, 692, 711, 703, 693, 704, 694, 687, 677, 715, 705, 696, 725, 700, 718, 709, 697, 717, 702, 730, 714, 734, 723, 708, 722, 701, 716, 740, 699, 712, 729, 678, 713, 731, 746, 741, 732, 721, 733, 726, 739, 719, 280, 751, 720, 736, 757, 706, 737, 755, 772, 750, 773, 743, 753, 744, 767, 745, 754, 774, 747, 758, 724, 749, 759, 775, 760, 761, 742, 762, 786, 764, 727, 771, 794, 787, 765, 789, 780, 766, 782, 752, 792, 799, 768, 785, 769, 778, 803, 748, 763, 798, 788, 779, 804, 816, 770, 791, 781, 784, 805, 776, 793, 801, 777, 807, 795, 827, 848, 796, 826, 790, 829, 809, 797, 806, 820, 832, 823, 824, 810, 783, 825, 802, 834, 817, 800, 835, 818, 828, 866, 815, 836, 819, 843, 808, 840, 831, 844, 833, 814, 841, 830, 852, 842, 858, 845, 862, 853, 871, 856, 863, 55, 870, 855, 879, 860, 850, 864, 865, 851, 877, 854, 881, 867, 857, 868, 812, 839, 859, 869, 821, 883, 872, 884, 846, 873, 894, 874, 899, 887, 875, 888, 878, 813, 886, 895, 889, 822, 901, 910, 876, 891, 882, 925, 890, 903, 893, 904, 915, 905, 916, 927, 906, 896, 931, 898, 892, 908, 919, 907, 930, 921, 909, 924, 902, 917, 897, 911, 928, 940, 912, 929, 913, 926, 935, 918, 953, 936, 920, 937, 933, 965, 938, 960, 957, 914, 923, 943, 932, 942, 961, 973, 941, 958, 948, 959, 950, 975, 947, 982, 969, 952, 964, 954, 956, 976, 988, 944, 966, 991, 967, 981, 968, 172, 974, 949, 985, 970, 986, 977, 1000, 945, 934, 989, 990, 491, 993, 972, 994, 951, 998, 983, 1009, 996, 1007, 992, 963, 1008, 971, 962, 999, 1024, 1013, 984, 1006, 979, 1014, 1005, 1032, 1015, 997, 1017, 1020, 987, 1028, 1001, 1010, 1034, 1002, 1018, 1035, 1019, 506, 1021, 1022, 1004, 1023, 1003, 1011, 1033, 1048, 1025, 1026, 1016, 1027, 1044, 955, 946, 1038, 1047, 1012, 1039, 1051, 1029, 1040, 1052, 1030, 1041, 1057, 1042, 1056, 1067, 1055, 1043, 1070, 1059, 1078, 1060, 1031, 1045, 1064, 1084, 1063, 1054, 1046, 1062, 1088, 1077, 1079, 1066, 1086, 1068, 1069, 1081, 1071, 1082, 1083, 1072, 1053, 1073, 1036, 1085, 1076, 1087]
Correct solution
(w = 10) Building and Solving
[runlim] sample:		2053.2 time, 1120.0 real, 5672.1 MB
[runlim] sample:		2063.2 time, 1130.0 real, 6407.9 MB
[runlim] sample:		2073.2 time, 1140.0 real, 7129.0 MB
[runlim] sample:		2083.2 time, 1150.0 real, 7686.9 MB
[runlim] sample:		2093.2 time, 1160.0 real, 5319.8 MB
[runlim] sample:		2107.8 time, 1170.0 real, 6352.9 MB
[runlim] sample:		2120.4 time, 1180.0 real, 6224.2 MB
[runlim] sample:		2130.4 time, 1190.0 real, 6224.2 MB
[runlim] sample:		2140.4 time, 1200.0 real, 6224.2 MB
[runlim] sample:		2150.4 time, 1210.0 real, 9535.3 MB
[runlim] sample:		2160.4 time, 1220.0 real, 10399.4 MB
[runlim] sample:		2170.4 time, 1230.0 real, 9599.8 MB
[runlim] sample:		2180.4 time, 1240.0 real, 9599.8 MB
[runlim] sample:		2190.4 time, 1250.0 real, 7099.9 MB
[runlim] sample:		2206.4 time, 1260.0 real, 9849.3 MB
[runlim] sample:		2216.9 time, 1270.0 real, 9695.5 MB
[runlim] sample:		2233.6 time, 1280.0 real, 11287.5 MB
[runlim] sample:		2244.0 time, 1290.0 real, 9585.1 MB
[runlim] sample:		2254.0 time, 1300.0 real, 9585.1 MB
[runlim] sample:		2264.0 time, 1310.0 real, 11003.7 MB
[runlim] sample:		2274.0 time, 1320.0 real, 11188.1 MB
[runlim] sample:		2292.2 time, 1330.0 real, 13376.7 MB
[runlim] sample:		2334.8 time, 1340.0 real, 21564.3 MB
[runlim] sample:		2385.5 time, 1350.0 real, 22153.6 MB
[runlim] sample:		2438.8 time, 1360.0 real, 6496.1 MB
Value Cyclic-Antibandwidth: 10
Labels: [393, 1079, 1, 1076, 599, 1066, 1018, 1030, 1053, 1031, 1042, 1013, 998, 902, 857, 735, 562, 14, 430, 489, 978, 2, 24, 499, 26, 979, 37, 25, 357, 29, 490, 36, 956, 626, 16, 591, 30, 13, 35, 18, 15, 613, 17, 40, 43, 19, 31, 21, 39, 23, 651, 618, 639, 146, 619, 641, 620, 640, 1000, 66, 62, 46, 644, 49, 381, 42, 53, 647, 76, 54, 81, 55, 1050, 630, 58, 628, 48, 59, 88, 60, 51, 61, 86, 50, 64, 83, 65, 85, 47, 67, 87, 68, 80, 27, 69, 84, 79, 96, 70, 107, 52, 71, 89, 678, 662, 94, 691, 93, 692, 106, 92, 118, 97, 109, 95, 684, 121, 98, 117, 99, 91, 143, 100, 124, 102, 123, 113, 137, 134, 122, 112, 135, 101, 140, 130, 115, 114, 126, 110, 74, 127, 138, 125, 111, 154, 743, 160, 149, 116, 158, 148, 136, 132, 142, 128, 147, 742, 168, 738, 728, 747, 843, 734, 892, 737, 177, 755, 153, 156, 741, 145, 739, 170, 152, 131, 171, 164, 748, 169, 155, 185, 141, 496, 787, 174, 162, 184, 231, 192, 181, 150, 191, 178, 167, 189, 173, 234, 196, 486, 186, 190, 179, 195, 175, 204, 193, 182, 233, 805, 183, 201, 28, 180, 797, 773, 798, 813, 237, 811, 232, 725, 205, 194, 206, 239, 802, 243, 208, 199, 209, 799, 242, 241, 220, 258, 210, 213, 249, 217, 250, 251, 221, 207, 252, 225, 253, 236, 214, 215, 203, 216, 200, 254, 218, 229, 860, 238, 157, 222, 212, 211, 223, 840, 224, 226, 255, 821, 257, 966, 22, 727, 20, 1037, 248, 261, 276, 845, 264, 280, 240, 659, 288, 266, 277, 284, 274, 285, 824, 295, 271, 245, 302, 269, 890, 268, 282, 283, 244, 294, 367, 303, 286, 275, 287, 279, 259, 478, 289, 290, 270, 291, 305, 358, 292, 306, 293, 262, 307, 910, 308, 297, 310, 298, 311, 419, 886, 915, 932, 300, 925, 338, 313, 328, 339, 316, 904, 349, 278, 309, 333, 334, 317, 351, 319, 321, 341, 320, 337, 345, 329, 304, 360, 359, 326, 340, 361, 322, 342, 323, 343, 336, 324, 344, 325, 318, 955, 327, 346, 330, 347, 376, 350, 961, 365, 354, 331, 977, 355, 8, 690, 469, 382, 366, 377, 378, 391, 362, 396, 417, 348, 388, 369, 363, 384, 370, 380, 992, 394, 383, 491, 368, 352, 392, 970, 386, 364, 374, 385, 375, 397, 387, 402, 398, 997, 412, 1022, 390, 409, 425, 410, 413, 63, 414, 400, 395, 418, 404, 426, 999, 405, 435, 1040, 1026, 532, 1041, 56, 427, 44, 436, 422, 1033, 437, 423, 1036, 467, 1052, 1035, 429, 440, 457, 424, 452, 416, 428, 466, 432, 433, 488, 434, 474, 481, 442, 301, 439, 411, 431, 476, 510, 475, 444, 958, 482, 120, 459, 246, 1080, 462, 485, 507, 470, 458, 1083, 1071, 401, 443, 464, 1085, 465, 980, 5, 133, 235, 555, 460, 12, 448, 7, 449, 6, 441, 455, 11, 456, 3, 9, 454, 4, 447, 497, 77, 453, 78, 451, 479, 446, 506, 508, 493, 505, 495, 473, 483, 550, 484, 487, 32, 517, 503, 512, 561, 38, 477, 498, 551, 471, 511, 525, 273, 617, 41, 144, 105, 75, 104, 33, 272, 57, 188, 515, 526, 833, 528, 553, 514, 527, 516, 72, 536, 463, 530, 1046, 522, 82, 523, 540, 557, 543, 574, 567, 537, 563, 538, 535, 559, 541, 560, 542, 572, 544, 534, 566, 518, 472, 558, 545, 568, 546, 569, 570, 547, 571, 548, 73, 108, 529, 176, 533, 90, 607, 575, 576, 594, 577, 595, 119, 578, 605, 579, 597, 586, 598, 580, 616, 539, 581, 600, 601, 554, 602, 582, 583, 603, 584, 604, 585, 632, 663, 606, 564, 590, 608, 625, 589, 609, 139, 610, 611, 592, 612, 633, 740, 596, 614, 638, 634, 615, 636, 587, 161, 758, 230, 756, 356, 45, 872, 163, 642, 621, 643, 660, 622, 720, 623, 645, 646, 635, 151, 624, 627, 648, 629, 649, 172, 650, 593, 637, 652, 631, 653, 722, 669, 654, 721, 668, 764, 674, 664, 680, 683, 666, 655, 667, 670, 656, 671, 657, 658, 672, 661, 681, 673, 588, 263, 187, 665, 202, 675, 197, 695, 676, 696, 677, 682, 697, 198, 709, 698, 716, 699, 685, 679, 723, 700, 718, 729, 702, 686, 703, 704, 687, 710, 693, 688, 705, 689, 706, 701, 711, 730, 708, 712, 724, 713, 746, 219, 714, 745, 726, 717, 731, 719, 256, 715, 871, 752, 227, 732, 267, 228, 10, 552, 753, 260, 159, 744, 247, 774, 754, 736, 750, 733, 751, 757, 768, 494, 769, 265, 694, 770, 759, 761, 771, 281, 775, 779, 760, 778, 762, 790, 780, 765, 788, 766, 749, 783, 772, 776, 786, 810, 791, 800, 782, 804, 785, 767, 803, 789, 296, 781, 763, 809, 792, 905, 312, 299, 315, 335, 165, 314, 806, 777, 822, 847, 825, 332, 812, 794, 807, 814, 793, 808, 834, 848, 815, 801, 817, 796, 849, 828, 844, 816, 835, 818, 832, 830, 819, 836, 855, 831, 841, 827, 846, 852, 820, 371, 826, 842, 853, 838, 859, 868, 353, 862, 839, 854, 373, 867, 468, 707, 875, 129, 874, 795, 823, 861, 829, 880, 865, 876, 863, 866, 837, 882, 869, 884, 850, 379, 858, 851, 897, 877, 893, 372, 878, 901, 879, 856, 870, 896, 881, 399, 883, 864, 899, 389, 873, 911, 921, 914, 900, 888, 906, 907, 889, 909, 898, 891, 421, 894, 924, 415, 887, 1051, 408, 438, 406, 509, 916, 407, 908, 935, 917, 912, 926, 420, 939, 930, 913, 941, 927, 918, 936, 951, 938, 940, 920, 954, 928, 922, 943, 931, 953, 949, 903, 960, 942, 937, 947, 933, 952, 965, 946, 934, 948, 450, 968, 945, 974, 975, 923, 480, 461, 963, 976, 959, 445, 986, 103, 1002, 166, 973, 985, 895, 964, 944, 962, 885, 950, 556, 990, 969, 1007, 929, 919, 987, 971, 984, 1015, 1005, 981, 1008, 983, 502, 1006, 994, 1016, 995, 1019, 1009, 1023, 1012, 989, 972, 988, 500, 957, 1032, 1021, 1003, 967, 1017, 1049, 1024, 1043, 1044, 996, 1025, 513, 403, 501, 520, 34, 519, 531, 1028, 521, 1039, 1004, 1048, 504, 1034, 1045, 1010, 784, 1014, 524, 991, 1060, 993, 1059, 1001, 1011, 1063, 1020, 1072, 1057, 1061, 1082, 1067, 1029, 1075, 1062, 1038, 1073, 1047, 1087, 1054, 1027, 1077, 1055, 1088, 1078, 1086, 1068, 982, 1069, 1056, 1081, 1070, 1058, 573, 492, 1084, 565, 1065, 549, 1074, 1064]
Correct solution
(w = 11) Building and Solving
[runlim] sample:		2448.8 time, 1370.0 real, 7297.1 MB
[runlim] sample:		2458.8 time, 1380.0 real, 8096.8 MB
[runlim] sample:		2468.8 time, 1390.0 real, 8354.8 MB
[runlim] sample:		2478.8 time, 1400.0 real, 6071.4 MB
[runlim] sample:		2488.8 time, 1410.0 real, 6071.4 MB
[runlim] sample:		2506.2 time, 1420.0 real, 6553.6 MB
[runlim] sample:		2516.2 time, 1430.0 real, 6119.4 MB
[runlim] sample:		2526.2 time, 1440.0 real, 6119.4 MB
[runlim] sample:		2536.2 time, 1450.0 real, 6119.4 MB
[runlim] sample:		2546.2 time, 1460.0 real, 9978.2 MB
[runlim] sample:		2556.2 time, 1470.0 real, 10463.6 MB
[runlim] sample:		2566.2 time, 1480.0 real, 10042.8 MB
[runlim] sample:		2576.2 time, 1490.0 real, 10042.8 MB
[runlim] sample:		2586.2 time, 1500.0 real, 10042.8 MB
[runlim] sample:		2596.2 time, 1510.0 real, 7394.6 MB
[runlim] sample:		2612.9 time, 1520.0 real, 9028.0 MB
[runlim] sample:		2622.9 time, 1530.0 real, 9862.4 MB
[runlim] sample:		2639.9 time, 1540.0 real, 11689.2 MB
[runlim] sample:		2650.3 time, 1550.0 real, 9895.5 MB
[runlim] sample:		2660.3 time, 1560.0 real, 9895.5 MB
[runlim] sample:		2670.3 time, 1570.0 real, 9895.5 MB
[runlim] sample:		2680.3 time, 1580.0 real, 11411.1 MB
[runlim] sample:		2690.3 time, 1590.0 real, 11712.1 MB
[runlim] sample:		2712.1 time, 1600.0 real, 14088.5 MB
[runlim] sample:		2757.0 time, 1610.0 real, 22548.9 MB
[runlim] sample:		2806.9 time, 1620.0 real, 22128.2 MB
[runlim] sample:		2861.6 time, 1630.0 real, 25890.1 MB
[runlim] sample:		2921.6 time, 1640.0 real, 26695.7 MB
Value Cyclic-Antibandwidth: 11
Labels: [961, 491, 1, 554, 949, 573, 592, 574, 1049, 1028, 998, 587, 929, 800, 714, 632, 584, 373, 311, 34, 978, 2, 15, 490, 586, 16, 73, 17, 21, 33, 18, 39, 42, 19, 47, 22, 26, 50, 27, 59, 41, 642, 51, 162, 645, 254, 36, 650, 609, 754, 610, 157, 648, 611, 161, 215, 637, 764, 1078, 597, 155, 58, 70, 723, 48, 32, 71, 35, 60, 49, 661, 63, 80, 658, 329, 647, 67, 137, 90, 68, 75, 103, 87, 100, 91, 370, 101, 83, 102, 53, 74, 104, 649, 72, 105, 86, 97, 131, 98, 78, 118, 683, 76, 691, 673, 206, 674, 218, 186, 675, 121, 676, 82, 112, 708, 692, 679, 694, 198, 113, 114, 93, 686, 95, 127, 116, 132, 698, 119, 96, 209, 107, 468, 145, 703, 150, 125, 111, 142, 117, 143, 129, 160, 144, 151, 135, 153, 122, 123, 502, 124, 724, 136, 742, 730, 138, 166, 713, 753, 866, 846, 158, 343, 624, 371, 762, 456, 148, 149, 171, 152, 213, 717, 156, 168, 146, 774, 292, 760, 183, 139, 175, 187, 801, 244, 159, 174, 154, 216, 181, 195, 176, 188, 199, 178, 200, 173, 147, 980, 189, 191, 794, 192, 177, 179, 193, 180, 727, 810, 182, 210, 798, 190, 820, 927, 829, 818, 316, 824, 811, 196, 851, 197, 223, 852, 815, 844, 814, 202, 226, 203, 228, 746, 204, 248, 205, 217, 756, 224, 241, 211, 184, 242, 231, 797, 249, 838, 243, 207, 238, 219, 232, 240, 251, 237, 252, 259, 234, 267, 253, 854, 837, 212, 845, 816, 295, 867, 369, 966, 7, 623, 6, 69, 245, 256, 271, 247, 272, 233, 257, 279, 260, 912, 236, 268, 284, 269, 280, 265, 286, 275, 250, 281, 874, 299, 278, 262, 308, 274, 305, 287, 270, 304, 291, 313, 266, 214, 303, 326, 392, 882, 483, 893, 289, 306, 322, 298, 884, 330, 917, 300, 905, 302, 277, 520, 1043, 906, 412, 908, 891, 333, 907, 319, 918, 932, 325, 909, 946, 323, 294, 354, 320, 933, 324, 931, 331, 317, 934, 341, 368, 835, 362, 363, 479, 342, 314, 459, 350, 361, 344, 345, 364, 346, 359, 360, 347, 365, 348, 327, 358, 925, 993, 357, 973, 989, 972, 984, 351, 23, 960, 455, 975, 1042, 372, 352, 385, 986, 383, 375, 355, 376, 424, 1003, 377, 465, 366, 378, 477, 386, 438, 400, 467, 395, 1019, 462, 497, 442, 393, 410, 390, 405, 460, 432, 401, 430, 402, 413, 394, 408, 478, 296, 523, 1037, 1023, 426, 507, 417, 970, 1034, 418, 1038, 419, 1039, 532, 1046, 416, 525, 474, 1001, 434, 508, 1000, 528, 1010, 1047, 475, 991, 433, 741, 1054, 733, 435, 1061, 420, 436, 1067, 453, 439, 425, 443, 440, 428, 447, 487, 481, 1066, 451, 476, 444, 381, 480, 445, 470, 826, 466, 485, 697, 446, 831, 448, 551, 1083, 1060, 449, 1071, 559, 106, 1074, 452, 1064, 140, 473, 1073, 461, 5, 382, 11, 409, 4, 391, 406, 9, 389, 3, 13, 496, 12, 387, 871, 14, 399, 46, 407, 384, 398, 621, 495, 396, 499, 388, 484, 471, 522, 472, 510, 454, 511, 8, 500, 489, 29, 486, 40, 52, 488, 504, 505, 65, 638, 56, 43, 130, 44, 612, 134, 62, 641, 37, 61, 526, 622, 985, 994, 45, 529, 513, 55, 530, 515, 25, 509, 521, 66, 533, 84, 552, 535, 516, 581, 536, 566, 537, 538, 563, 539, 561, 540, 562, 541, 463, 568, 85, 572, 543, 545, 564, 548, 570, 567, 547, 577, 549, 99, 88, 695, 89, 120, 109, 94, 575, 108, 553, 569, 81, 555, 92, 77, 126, 576, 596, 560, 115, 599, 578, 595, 556, 79, 607, 580, 518, 598, 585, 626, 110, 600, 583, 546, 601, 588, 602, 620, 590, 603, 591, 604, 625, 643, 605, 589, 606, 743, 630, 557, 164, 608, 579, 141, 128, 285, 263, 593, 288, 707, 282, 748, 163, 613, 750, 458, 614, 594, 629, 665, 644, 618, 664, 631, 659, 167, 627, 646, 616, 169, 617, 172, 634, 633, 656, 619, 657, 651, 635, 652, 636, 672, 653, 666, 654, 615, 628, 660, 170, 684, 671, 639, 669, 194, 682, 670, 655, 221, 705, 808, 185, 201, 812, 334, 220, 663, 689, 222, 690, 678, 225, 239, 227, 312, 662, 680, 693, 709, 230, 744, 700, 685, 710, 235, 731, 701, 667, 681, 702, 668, 229, 721, 732, 728, 699, 711, 729, 740, 722, 745, 718, 677, 735, 719, 739, 738, 246, 261, 761, 283, 264, 759, 276, 255, 836, 941, 20, 1027, 696, 734, 862, 872, 258, 769, 726, 782, 751, 770, 293, 758, 780, 712, 788, 771, 297, 749, 765, 789, 775, 273, 778, 768, 779, 799, 752, 792, 763, 784, 165, 755, 804, 772, 791, 802, 821, 783, 803, 290, 805, 823, 773, 809, 785, 309, 790, 307, 819, 321, 737, 926, 315, 482, 990, 301, 332, 318, 822, 955, 813, 825, 338, 928, 328, 339, 832, 747, 828, 757, 335, 736, 767, 830, 777, 340, 833, 766, 834, 839, 787, 840, 336, 776, 716, 786, 841, 807, 853, 842, 817, 796, 864, 806, 795, 857, 843, 827, 379, 367, 858, 337, 349, 847, 374, 855, 380, 725, 793, 64, 353, 878, 860, 849, 876, 863, 880, 868, 850, 865, 356, 869, 888, 887, 996, 894, 848, 861, 886, 873, 895, 498, 859, 896, 875, 877, 901, 890, 687, 913, 856, 879, 720, 885, 870, 892, 881, 900, 950, 914, 429, 915, 883, 902, 920, 403, 903, 404, 904, 457, 930, 981, 524, 971, 542, 715, 415, 414, 464, 423, 437, 1020, 421, 897, 422, 427, 898, 910, 899, 911, 431, 889, 706, 921, 411, 922, 935, 942, 954, 937, 953, 919, 939, 967, 938, 940, 962, 943, 956, 963, 923, 944, 964, 924, 936, 957, 982, 958, 441, 133, 968, 1032, 469, 450, 1045, 979, 31, 310, 10, 1062, 952, 974, 1012, 976, 965, 1005, 987, 1004, 945, 916, 969, 1013, 983, 1008, 988, 959, 1014, 995, 977, 1026, 997, 492, 1006, 992, 493, 1002, 1017, 999, 1018, 1057, 1015, 947, 1033, 1016, 397, 1009, 1022, 1036, 501, 1024, 517, 503, 1035, 1025, 951, 208, 506, 54, 28, 519, 640, 30, 57, 24, 781, 1044, 544, 1048, 38, 527, 1052, 512, 704, 1011, 514, 1053, 1030, 531, 1021, 1040, 494, 1065, 1051, 534, 1050, 1056, 1072, 1031, 1007, 1041, 1058, 1084, 1070, 1029, 1076, 1055, 1088, 1077, 1063, 1086, 1075, 1079, 1059, 1080, 1069, 1068, 1081, 948, 1082, 565, 550, 571, 688, 582, 1085, 558, 1087]
Correct solution
(w = 12) Building and Solving
[runlim] sample:		2937.9 time, 1650.0 real, 6897.7 MB
[runlim] sample:		2947.9 time, 1660.0 real, 7643.6 MB
[runlim] sample:		2957.9 time, 1670.0 real, 8218.8 MB
[runlim] sample:		2967.9 time, 1680.0 real, 8218.8 MB
[runlim] sample:		2977.9 time, 1690.0 real, 7087.6 MB
[runlim] sample:		2987.9 time, 1700.0 real, 7087.6 MB
[runlim] sample:		3005.9 time, 1710.0 real, 7381.7 MB
[runlim] sample:		3015.9 time, 1720.0 real, 7087.6 MB
[runlim] sample:		3025.9 time, 1730.0 real, 7087.6 MB
[runlim] sample:		3035.9 time, 1740.0 real, 7087.6 MB
[runlim] sample:		3045.9 time, 1750.0 real, 7666.1 MB
[runlim] sample:		3055.9 time, 1760.0 real, 10622.1 MB
[runlim] sample:		3065.9 time, 1770.0 real, 11633.1 MB
[runlim] sample:		3075.9 time, 1780.0 real, 10696.5 MB
[runlim] sample:		3085.9 time, 1790.0 real, 10696.5 MB
[runlim] sample:		3095.9 time, 1800.0 real, 10696.5 MB
[runlim] end:			Sat Nov  1 12:08:59 2025
[runlim] status:		out of time
[runlim] result:		2
[runlim] children:		0
[runlim] real:			1800.21 seconds
[runlim] time:			3095.98 seconds
[runlim] space:			27375.7 MB
[runlim] samples:		18001
