[runlim] version:		1.10
[runlim] time limit:		311040000 seconds
[runlim] real time limit:	1800 seconds
[runlim] space limit:		30000 MB
[runlim] argv[0]:		python3
[runlim] argv[1]:		model_MIP_CPLEX.py
[runlim] argv[2]:		./graph/3dmesh/3dmesh_2_2_3.txt
[runlim] start:			Sat Nov  1 09:30:28 2025
[runlim] main pid:		36709
[runlim] log captured:
(w = 4) Building and Solving
Value Cyclic-Antibandwidth: 4
Labels: [1, 7, 6, 12, 5, 11, 10, 4, 9, 3, 2, 8]
Correct solution
(w = 5) Building and Solving
w = 5 larger upper bounds
Final result: CAB = 4
Labels = [1, 7, 6, 12, 5, 11, 10, 4, 9, 3, 2, 8]
[runlim] end:			Sat Nov  1 09:30:28 2025
[runlim] status:		ok
[runlim] result:		0
[runlim] children:		0
[runlim] real:			0.51 seconds
[runlim] time:			0.20 seconds
[runlim] space:			27.7 MB
[runlim] samples:		2
