[runlim] version:		1.10
[runlim] time limit:		311040000 seconds
[runlim] real time limit:	1800 seconds
[runlim] space limit:		30000 MB
[runlim] argv[0]:		python3
[runlim] argv[1]:		model_MIP_CPLEX.py
[runlim] argv[2]:		./graph/3dmesh/3dmesh_6_6_36.txt
[runlim] start:			Sat Nov  1 14:20:25 2025
[runlim] main pid:		42390
[runlim] log captured:
(w = 4) Building and Solving
[runlim] sample:		10.0 time, 10.1 real, 887.9 MB
[runlim] sample:		20.0 time, 20.1 real, 1427.0 MB
[runlim] sample:		30.0 time, 30.1 real, 2073.7 MB
[runlim] sample:		40.0 time, 40.1 real, 2588.5 MB
[runlim] sample:		50.0 time, 50.1 real, 2554.8 MB
[runlim] sample:		64.0 time, 60.1 real, 4654.9 MB
[runlim] sample:		79.2 time, 70.1 real, 4623.4 MB
[runlim] sample:		89.2 time, 80.1 real, 3252.5 MB
[runlim] sample:		99.2 time, 90.1 real, 7251.8 MB
[runlim] sample:		109.2 time, 100.1 real, 7924.8 MB
[runlim] sample:		119.2 time, 110.1 real, 7328.9 MB
[runlim] sample:		129.2 time, 120.1 real, 5479.2 MB
[runlim] sample:		150.0 time, 130.1 real, 6078.6 MB
[runlim] sample:		160.0 time, 140.1 real, 7800.8 MB
[runlim] sample:		179.1 time, 150.1 real, 8833.3 MB
[runlim] sample:		189.1 time, 160.1 real, 7476.4 MB
[runlim] sample:		199.1 time, 170.1 real, 8762.3 MB
[runlim] sample:		209.1 time, 180.1 real, 8780.2 MB
[runlim] sample:		219.1 time, 190.1 real, 9258.5 MB
[runlim] sample:		236.6 time, 200.1 real, 11531.7 MB
[runlim] sample:		280.5 time, 210.1 real, 16860.5 MB
[runlim] sample:		330.4 time, 220.1 real, 19586.0 MB
[runlim] sample:		374.4 time, 230.1 real, 22858.2 MB
Value Cyclic-Antibandwidth: 4
Labels: [1284, 1293, 1, 1288, 1276, 1282, 1277, 1263, 1258, 1217, 1169, 1125, 1078, 1040, 972, 916, 851, 763, 433, 445, 254, 389, 259, 246, 222, 164, 116, 23, 102, 98, 19, 698, 21, 30, 24, 32, 124, 8, 16, 265, 10, 65, 34, 12, 20, 14, 27, 79, 25, 18, 28, 22, 66, 29, 37, 31, 9, 35, 40, 33, 42, 36, 46, 67, 702, 41, 51, 44, 39, 43, 60, 47, 48, 58, 68, 53, 57, 49, 63, 54, 50, 61, 52, 56, 45, 64, 55, 69, 235, 71, 70, 234, 62, 233, 434, 439, 17, 139, 460, 7, 13, 6, 11, 84, 95, 80, 74, 81, 78, 73, 59, 796, 77, 82, 869, 85, 76, 87, 103, 89, 90, 104, 114, 110, 83, 117, 75, 94, 105, 88, 108, 86, 97, 101, 92, 106, 93, 107, 109, 96, 100, 118, 111, 119, 91, 120, 112, 122, 128, 121, 123, 431, 129, 681, 727, 126, 131, 115, 125, 130, 137, 149, 127, 143, 150, 134, 144, 135, 132, 136, 145, 138, 148, 141, 151, 146, 113, 155, 160, 152, 158, 153, 161, 165, 142, 166, 170, 162, 703, 159, 163, 172, 154, 174, 15, 167, 181, 202, 169, 182, 186, 171, 176, 183, 179, 173, 168, 184, 180, 175, 156, 177, 269, 178, 204, 191, 188, 194, 203, 190, 185, 192, 193, 189, 196, 534, 200, 207, 211, 195, 208, 699, 214, 198, 199, 209, 201, 210, 206, 212, 217, 213, 224, 215, 221, 216, 236, 218, 228, 237, 225, 229, 822, 227, 231, 248, 230, 226, 242, 238, 245, 240, 219, 241, 247, 232, 220, 258, 244, 250, 260, 243, 257, 251, 256, 261, 255, 263, 252, 267, 376, 274, 285, 271, 275, 303, 272, 262, 239, 264, 281, 276, 266, 279, 871, 270, 293, 287, 277, 292, 289, 278, 286, 291, 284, 280, 249, 290, 295, 273, 288, 334, 302, 297, 301, 312, 294, 309, 316, 311, 897, 675, 310, 296, 282, 298, 680, 304, 299, 306, 332, 321, 314, 308, 315, 322, 313, 157, 326, 319, 378, 317, 324, 283, 318, 323, 330, 342, 320, 353, 335, 327, 346, 328, 325, 329, 347, 331, 336, 341, 338, 333, 340, 350, 343, 349, 307, 339, 418, 337, 300, 354, 351, 355, 348, 352, 424, 361, 358, 425, 360, 356, 367, 357, 365, 359, 364, 345, 667, 362, 369, 363, 370, 426, 542, 368, 393, 374, 407, 375, 379, 384, 427, 366, 371, 419, 373, 380, 390, 385, 395, 386, 381, 391, 429, 508, 382, 591, 392, 383, 387, 394, 388, 408, 430, 398, 396, 402, 410, 401, 414, 404, 397, 438, 399, 409, 400, 411, 403, 412, 405, 413, 406, 421, 415, 420, 416, 440, 417, 197, 422, 437, 423, 435, 377, 441, 436, 432, 444, 449, 442, 72, 443, 447, 469, 458, 451, 459, 456, 452, 457, 448, 455, 462, 450, 461, 479, 463, 446, 468, 470, 569, 560, 471, 465, 561, 474, 467, 480, 559, 428, 472, 466, 473, 543, 487, 453, 476, 482, 477, 483, 475, 484, 489, 485, 478, 496, 486, 494, 488, 510, 490, 584, 558, 498, 492, 491, 509, 493, 454, 507, 501, 481, 499, 503, 512, 497, 506, 513, 495, 511, 500, 517, 502, 504, 514, 505, 519, 585, 516, 515, 524, 587, 525, 664, 520, 523, 518, 522, 678, 622, 536, 528, 540, 532, 526, 521, 527, 538, 529, 539, 530, 537, 531, 533, 541, 545, 535, 562, 544, 554, 546, 553, 547, 568, 551, 548, 552, 565, 550, 563, 570, 566, 556, 586, 557, 549, 555, 1177, 571, 564, 572, 567, 588, 573, 589, 574, 656, 576, 581, 578, 602, 580, 595, 582, 575, 590, 577, 601, 608, 603, 607, 596, 606, 1203, 579, 598, 604, 600, 583, 623, 605, 611, 599, 609, 597, 593, 464, 615, 642, 628, 619, 630, 612, 620, 613, 610, 614, 621, 616, 625, 617, 633, 629, 639, 631, 618, 632, 640, 635, 644, 637, 592, 636, 634, 624, 648, 641, 627, 651, 645, 649, 638, 646, 650, 659, 594, 643, 647, 654, 670, 686, 666, 657, 652, 661, 653, 658, 655, 689, 663, 672, 694, 683, 674, 626, 673, 665, 677, 671, 704, 140, 205, 187, 372, 305, 344, 5, 949, 3, 268, 2, 4, 662, 147, 660, 684, 668, 685, 676, 682, 687, 693, 688, 253, 669, 690, 753, 710, 692, 700, 711, 695, 691, 701, 705, 696, 706, 712, 708, 679, 709, 707, 751, 755, 736, 750, 714, 713, 719, 715, 697, 717, 725, 718, 734, 740, 720, 758, 721, 722, 756, 723, 38, 743, 726, 724, 728, 716, 729, 735, 730, 731, 754, 732, 738, 745, 739, 737, 733, 747, 757, 764, 744, 741, 752, 742, 746, 771, 759, 748, 769, 749, 765, 776, 766, 767, 760, 768, 779, 770, 781, 761, 26, 773, 762, 786, 777, 774, 778, 789, 780, 772, 800, 784, 99, 783, 775, 794, 787, 797, 788, 798, 807, 799, 793, 808, 838, 791, 795, 809, 785, 790, 815, 839, 801, 816, 802, 803, 792, 804, 810, 805, 811, 813, 806, 814, 829, 812, 841, 843, 817, 823, 842, 819, 826, 827, 846, 828, 821, 833, 133, 845, 820, 824, 844, 825, 830, 854, 831, 847, 832, 856, 834, 849, 835, 850, 836, 818, 837, 860, 855, 864, 857, 840, 858, 848, 859, 886, 852, 866, 862, 861, 853, 870, 865, 873, 868, 905, 782, 880, 906, 867, 874, 881, 885, 875, 863, 883, 879, 877, 908, 893, 872, 878, 882, 910, 884, 888, 876, 901, 891, 898, 892, 913, 890, 909, 900, 902, 911, 894, 899, 917, 912, 889, 895, 920, 887, 922, 903, 904, 927, 896, 907, 932, 921, 919, 914, 930, 923, 946, 925, 924, 944, 938, 928, 918, 929, 915, 223, 926, 950, 941, 936, 945, 937, 933, 964, 935, 942, 939, 943, 948, 931, 940, 951, 952, 934, 975, 947, 959, 965, 970, 962, 955, 961, 968, 957, 958, 977, 966, 956, 960, 973, 976, 963, 953, 978, 974, 969, 983, 954, 986, 971, 981, 990, 987, 967, 979, 984, 1007, 985, 997, 980, 989, 999, 988, 992, 993, 982, 1006, 995, 1008, 996, 1023, 994, 998, 1025, 1021, 1002, 1001, 1015, 1003, 1016, 1004, 1009, 1005, 1010, 991, 1012, 1017, 1013, 1028, 1014, 1000, 1022, 1033, 1024, 1018, 1037, 1019, 1031, 1011, 1032, 1020, 1026, 1030, 1035, 1042, 1036, 1034, 1049, 1043, 1029, 1053, 1041, 1027, 1058, 1039, 1044, 1060, 1047, 1052, 1048, 1059, 1038, 1046, 1051, 1062, 1070, 1050, 1054, 1064, 1055, 1056, 1045, 1057, 1061, 1068, 1063, 1071, 1083, 1072, 1067, 1079, 1066, 1065, 1073, 1087, 1074, 1086, 1080, 1069, 1081, 1076, 1082, 1090, 1075, 1084, 1092, 1085, 1106, 1096, 1091, 1088, 1102, 1094, 1089, 1077, 1095, 1093, 1097, 1105, 1100, 1107, 1101, 1099, 1108, 1115, 1103, 1113, 1104, 1118, 1098, 1110, 1130, 1121, 1109, 1112, 1119, 1123, 1114, 1129, 1116, 1117, 1111, 1131, 1127, 1134, 1128, 1126, 1120, 1141, 1122, 1148, 1136, 1133, 1137, 1124, 1139, 1135, 1140, 1151, 1132, 1138, 1142, 1147, 1143, 1144, 1164, 1145, 1150, 1157, 1149, 1162, 1155, 1161, 1156, 1163, 1158, 1170, 1159, 1152, 1160, 1146, 1165, 1184, 1153, 1173, 1166, 1154, 1174, 1171, 1175, 1188, 1176, 1167, 1187, 1178, 1191, 1183, 1179, 1189, 1168, 1201, 1186, 1193, 1185, 1194, 1181, 1197, 1211, 1198, 1172, 1199, 1195, 1190, 1196, 1202, 1180, 1204, 1223, 1200, 1192, 1213, 1205, 1182, 1206, 1207, 1214, 1208, 1215, 1209, 1216, 1210, 1218, 1233, 1212, 1220, 1224, 1221, 1225, 1238, 1226, 1242, 1229, 1228, 1219, 1230, 1235, 1231, 1236, 1232, 1237, 1249, 1222, 1251, 1240, 1241, 1253, 1239, 1227, 1255, 1245, 1246, 1234, 1256, 1247, 1259, 1254, 1252, 1248, 1266, 1250, 1261, 1257, 1267, 1243, 1273, 1244, 1271, 1278, 1262, 1281, 1268, 1272, 1260, 1269, 1270, 1264, 1285, 1265, 1274, 1279, 1280, 1292, 1296, 1275, 1286, 1291, 1287, 1283, 1289, 1294, 1290, 1295]
Correct solution
(w = 5) Building and Solving
[runlim] sample:		384.7 time, 240.1 real, 3618.9 MB
[runlim] sample:		394.7 time, 250.1 real, 4032.7 MB
[runlim] sample:		404.7 time, 260.1 real, 4412.4 MB
[runlim] sample:		414.7 time, 270.1 real, 4895.0 MB
[runlim] sample:		424.7 time, 280.1 real, 5143.3 MB
[runlim] sample:		434.7 time, 290.1 real, 5143.3 MB
[runlim] sample:		444.7 time, 300.1 real, 5191.7 MB
[runlim] sample:		454.7 time, 310.1 real, 3737.4 MB
[runlim] sample:		464.7 time, 320.1 real, 3741.4 MB
[runlim] sample:		475.7 time, 330.1 real, 5269.7 MB
[runlim] sample:		494.1 time, 340.1 real, 5469.8 MB
[runlim] sample:		504.1 time, 350.1 real, 3724.6 MB
[runlim] sample:		514.1 time, 360.1 real, 3745.6 MB
[runlim] sample:		524.1 time, 370.1 real, 8306.7 MB
[runlim] sample:		534.1 time, 380.1 real, 9074.8 MB
[runlim] sample:		544.1 time, 390.1 real, 8402.2 MB
[runlim] sample:		554.1 time, 400.1 real, 6112.6 MB
[runlim] sample:		564.1 time, 410.1 real, 7864.5 MB
[runlim] sample:		584.5 time, 420.1 real, 8307.4 MB
[runlim] sample:		599.1 time, 430.1 real, 10186.4 MB
[runlim] sample:		613.2 time, 440.1 real, 10156.8 MB
[runlim] sample:		623.2 time, 450.1 real, 8368.0 MB
[runlim] sample:		633.2 time, 460.1 real, 9808.9 MB
[runlim] sample:		643.2 time, 470.1 real, 9980.1 MB
[runlim] sample:		654.8 time, 480.1 real, 9371.7 MB
[runlim] sample:		692.7 time, 490.1 real, 12402.5 MB
[runlim] sample:		742.2 time, 500.1 real, 20881.9 MB
[runlim] sample:		786.0 time, 510.1 real, 18564.2 MB
Value Cyclic-Antibandwidth: 5
Labels: [587, 1276, 1, 1289, 588, 1287, 1294, 1158, 1253, 1208, 1149, 1078, 1002, 914, 799, 733, 697, 488, 112, 3, 188, 794, 703, 98, 698, 11, 210, 33, 24, 9, 20, 26, 15, 22, 616, 25, 21, 50, 27, 38, 796, 30, 16, 29, 107, 31, 39, 106, 4, 34, 41, 55, 28, 42, 36, 45, 35, 44, 56, 47, 46, 101, 43, 85, 48, 59, 363, 51, 66, 49, 94, 87, 661, 91, 663, 108, 355, 77, 669, 86, 1290, 682, 675, 670, 676, 1295, 74, 102, 72, 679, 667, 678, 358, 674, 359, 287, 81, 301, 767, 13, 69, 18, 17, 71, 23, 68, 37, 78, 88, 80, 89, 680, 82, 97, 79, 93, 84, 104, 92, 103, 95, 117, 96, 119, 695, 113, 126, 100, 111, 124, 116, 122, 705, 115, 123, 138, 121, 109, 105, 110, 10, 129, 139, 707, 132, 140, 130, 125, 133, 148, 151, 145, 704, 142, 150, 143, 135, 152, 118, 740, 136, 149, 144, 128, 153, 161, 146, 141, 155, 137, 747, 156, 753, 157, 163, 154, 159, 169, 75, 791, 769, 777, 761, 166, 173, 165, 162, 167, 770, 765, 771, 766, 176, 134, 65, 1159, 526, 187, 183, 190, 185, 179, 194, 181, 191, 182, 192, 184, 189, 202, 186, 193, 164, 212, 99, 211, 196, 204, 198, 218, 209, 203, 805, 197, 213, 266, 216, 222, 219, 214, 819, 215, 207, 217, 261, 206, 230, 221, 229, 223, 234, 822, 235, 263, 236, 231, 228, 233, 262, 239, 225, 260, 232, 369, 227, 244, 237, 245, 242, 247, 238, 249, 226, 259, 264, 240, 248, 241, 845, 243, 846, 253, 271, 254, 855, 251, 255, 856, 875, 857, 848, 854, 269, 258, 201, 374, 859, 371, 877, 884, 276, 370, 780, 67, 1268, 869, 372, 282, 289, 279, 295, 280, 291, 277, 283, 290, 288, 294, 285, 292, 1089, 284, 299, 286, 293, 373, 307, 297, 334, 309, 303, 361, 312, 306, 310, 305, 313, 308, 298, 314, 304, 375, 319, 687, 311, 322, 315, 321, 296, 921, 335, 300, 343, 333, 341, 328, 323, 318, 325, 317, 326, 274, 329, 324, 320, 327, 342, 330, 336, 331, 356, 332, 346, 338, 351, 337, 956, 350, 340, 347, 339, 348, 386, 951, 349, 958, 352, 949, 954, 963, 354, 365, 357, 384, 962, 353, 381, 964, 976, 965, 868, 377, 281, 275, 32, 1167, 364, 393, 376, 389, 401, 388, 396, 407, 390, 399, 458, 400, 409, 398, 404, 413, 383, 414, 378, 405, 127, 392, 408, 479, 412, 446, 391, 410, 419, 406, 394, 415, 423, 416, 411, 417, 420, 403, 422, 435, 421, 1028, 425, 418, 436, 424, 437, 431, 447, 483, 429, 438, 397, 442, 434, 427, 445, 428, 439, 430, 480, 432, 440, 1046, 433, 441, 456, 448, 1043, 450, 444, 454, 449, 462, 468, 1061, 451, 1062, 457, 1070, 1063, 1075, 463, 455, 452, 525, 1071, 464, 471, 1069, 366, 469, 481, 979, 1081, 402, 1073, 1057, 178, 1085, 474, 491, 1141, 494, 476, 496, 693, 499, 493, 563, 529, 702, 495, 1095, 477, 482, 490, 501, 558, 497, 498, 492, 527, 506, 500, 513, 516, 509, 503, 517, 512, 504, 489, 502, 508, 530, 505, 510, 511, 1121, 531, 519, 514, 521, 520, 515, 522, 533, 523, 538, 544, 524, 537, 545, 539, 551, 534, 541, 547, 536, 548, 566, 553, 395, 540, 507, 556, 550, 546, 552, 570, 555, 549, 1155, 568, 1162, 562, 1163, 557, 1168, 677, 528, 573, 1175, 673, 560, 1183, 466, 1186, 485, 574, 1165, 1178, 1184, 585, 1188, 694, 576, 577, 586, 591, 602, 575, 1203, 592, 578, 561, 758, 581, 603, 605, 589, 686, 583, 606, 596, 614, 543, 597, 607, 595, 600, 599, 654, 611, 594, 601, 649, 608, 598, 653, 624, 609, 620, 622, 617, 623, 1227, 652, 610, 628, 651, 629, 621, 613, 618, 619, 641, 658, 615, 625, 632, 657, 631, 638, 626, 634, 627, 662, 637, 630, 635, 642, 636, 633, 650, 612, 644, 659, 643, 645, 1261, 646, 1249, 639, 1282, 640, 1254, 671, 664, 647, 1271, 648, 668, 1176, 1277, 604, 1288, 666, 582, 1275, 1292, 1284, 1296, 1291, 683, 672, 564, 685, 62, 60, 2, 969, 1283, 968, 7, 6, 64, 12, 63, 302, 52, 723, 768, 53, 724, 681, 689, 690, 708, 691, 684, 692, 665, 655, 735, 701, 19, 729, 696, 730, 532, 712, 205, 382, 40, 706, 728, 700, 717, 709, 714, 715, 710, 716, 535, 725, 731, 736, 718, 711, 719, 713, 720, 721, 743, 749, 737, 746, 738, 739, 727, 732, 726, 741, 734, 752, 722, 750, 744, 751, 745, 742, 70, 760, 73, 759, 754, 748, 755, 208, 57, 1272, 362, 90, 76, 756, 762, 757, 763, 764, 61, 83, 58, 114, 778, 782, 5, 1279, 554, 774, 699, 776, 781, 195, 773, 795, 790, 783, 825, 784, 797, 785, 800, 804, 779, 801, 809, 802, 786, 787, 803, 788, 775, 789, 14, 806, 813, 807, 792, 808, 814, 812, 120, 827, 815, 810, 816, 817, 798, 818, 836, 821, 826, 131, 833, 811, 823, 828, 839, 829, 793, 840, 830, 843, 831, 820, 832, 873, 837, 872, 824, 847, 841, 849, 842, 850, 835, 851, 844, 834, 147, 852, 172, 838, 853, 864, 772, 865, 160, 200, 171, 180, 174, 876, 862, 863, 858, 874, 158, 871, 168, 175, 866, 860, 54, 1052, 542, 199, 883, 870, 882, 906, 880, 881, 889, 879, 905, 912, 878, 886, 899, 893, 887, 919, 888, 898, 907, 885, 895, 904, 896, 890, 897, 891, 908, 917, 901, 900, 910, 902, 220, 903, 915, 909, 916, 927, 918, 924, 894, 920, 929, 224, 911, 922, 938, 928, 923, 936, 925, 945, 930, 939, 931, 947, 933, 940, 948, 932, 913, 934, 946, 935, 942, 926, 941, 953, 937, 943, 250, 944, 246, 960, 950, 957, 265, 952, 973, 272, 256, 270, 252, 257, 955, 975, 961, 971, 267, 989, 273, 268, 867, 861, 177, 170, 8, 892, 967, 980, 959, 966, 981, 970, 982, 993, 983, 984, 994, 1000, 991, 1001, 992, 1007, 999, 972, 985, 974, 995, 996, 1008, 997, 990, 998, 1004, 1024, 1014, 1023, 1011, 988, 1012, 1013, 1021, 1005, 1022, 1015, 1003, 1041, 1016, 1010, 1017, 316, 1018, 1019, 1031, 1026, 1035, 1040, 1032, 1033, 1025, 1034, 1020, 1027, 1006, 1051, 1036, 1009, 1037, 1044, 1038, 1039, 1058, 1029, 1042, 1054, 1045, 1047, 345, 1055, 1048, 1067, 1059, 1060, 1049, 344, 1056, 360, 1050, 379, 367, 385, 1064, 1053, 1065, 1066, 380, 1080, 1099, 472, 977, 978, 986, 278, 987, 387, 475, 443, 1074, 660, 1030, 1076, 1082, 1088, 1096, 1090, 1077, 1092, 1087, 1101, 1111, 1104, 1068, 1105, 1100, 1094, 1102, 1127, 1103, 1114, 1093, 1113, 1097, 1091, 1106, 1117, 1109, 1119, 1110, 1116, 1137, 1108, 1128, 1107, 1118, 1129, 1098, 1135, 1120, 426, 1134, 1122, 1115, 1123, 1147, 1136, 1124, 1112, 1125, 1131, 1138, 1126, 1139, 1133, 1140, 1156, 1148, 1132, 1142, 1150, 1143, 1151, 1170, 1145, 1152, 1144, 1153, 1130, 1154, 1169, 1157, 1171, 1160, 459, 1161, 460, 1146, 470, 461, 453, 1173, 1179, 1166, 688, 1164, 1177, 1083, 1079, 1084, 1072, 467, 368, 484, 580, 473, 478, 486, 1185, 1192, 1191, 487, 1182, 1172, 656, 1180, 1198, 1189, 1195, 1190, 1196, 1174, 1187, 1197, 1215, 1204, 1212, 1199, 1200, 1206, 1201, 1194, 1202, 1207, 1218, 1213, 1225, 1205, 1211, 1216, 1217, 1235, 1214, 1209, 1236, 1230, 1226, 1219, 518, 1234, 1228, 1221, 1220, 1229, 1238, 1222, 1237, 1231, 1232, 1210, 1233, 1244, 1250, 1241, 1224, 1242, 1255, 1223, 1240, 1246, 1256, 1247, 1260, 1248, 1262, 1257, 1269, 1259, 1245, 1266, 1252, 1243, 567, 1239, 1251, 1258, 571, 1263, 572, 1264, 1270, 1265, 559, 1280, 1273, 569, 1181, 465, 565, 1274, 1086, 593, 579, 1193, 590, 584, 1281, 1286, 1267, 1293, 1278, 1285]
Correct solution
(w = 6) Building and Solving
[runlim] sample:		796.0 time, 520.1 real, 5506.5 MB
[runlim] sample:		806.0 time, 530.1 real, 6371.2 MB
[runlim] sample:		816.0 time, 540.1 real, 6831.6 MB
[runlim] sample:		826.0 time, 550.1 real, 4226.3 MB
[runlim] sample:		836.0 time, 560.1 real, 4237.1 MB
[runlim] sample:		851.5 time, 570.1 real, 6182.1 MB
[runlim] sample:		865.5 time, 580.1 real, 6152.6 MB
[runlim] sample:		875.5 time, 590.1 real, 4182.9 MB
[runlim] sample:		885.5 time, 600.1 real, 4647.8 MB
[runlim] sample:		895.5 time, 610.1 real, 9286.0 MB
[runlim] sample:		905.5 time, 620.1 real, 10142.9 MB
[runlim] sample:		915.5 time, 630.1 real, 9411.6 MB
[runlim] sample:		925.5 time, 640.1 real, 9411.6 MB
[runlim] sample:		935.5 time, 650.1 real, 6866.8 MB
[runlim] sample:		956.3 time, 660.1 real, 9225.9 MB
[runlim] sample:		970.5 time, 670.1 real, 11394.6 MB
[runlim] sample:		985.5 time, 680.1 real, 11365.1 MB
[runlim] sample:		995.5 time, 690.1 real, 9615.8 MB
[runlim] sample:		1005.5 time, 700.1 real, 9582.1 MB
[runlim] sample:		1015.5 time, 710.1 real, 11196.4 MB
[runlim] sample:		1025.5 time, 720.1 real, 11644.1 MB
[runlim] sample:		1039.5 time, 730.1 real, 13305.9 MB
[runlim] sample:		1076.1 time, 740.1 real, 14538.1 MB
[runlim] sample:		1125.9 time, 750.1 real, 21599.5 MB
[runlim] sample:		1175.1 time, 760.1 real, 20664.3 MB
[runlim] sample:		1229.8 time, 770.1 real, 26325.9 MB
[runlim] sample:		1289.8 time, 780.1 real, 28439.0 MB
Value Cyclic-Antibandwidth: 6
Labels: [1260, 1281, 1, 1287, 1294, 1285, 1252, 1258, 1238, 1183, 1147, 1118, 1010, 958, 893, 822, 741, 418, 209, 231, 196, 357, 184, 4, 116, 38, 27, 48, 24, 16, 3, 98, 104, 704, 698, 30, 699, 28, 182, 19, 26, 33, 32, 14, 31, 108, 35, 94, 47, 29, 49, 34, 42, 36, 37, 43, 57, 40, 55, 45, 99, 56, 78, 62, 46, 58, 59, 76, 13, 51, 146, 52, 65, 50, 25, 79, 64, 83, 86, 63, 89, 102, 109, 170, 97, 80, 67, 124, 85, 73, 68, 74, 103, 82, 72, 81, 53, 6, 61, 8, 66, 18, 20, 90, 21, 70, 17, 69, 15, 91, 54, 96, 84, 93, 92, 101, 118, 112, 95, 111, 75, 107, 87, 39, 634, 705, 23, 117, 71, 123, 100, 106, 122, 105, 125, 113, 127, 114, 128, 120, 44, 130, 115, 131, 126, 138, 110, 136, 144, 135, 132, 121, 133, 143, 137, 156, 140, 157, 141, 190, 149, 139, 134, 142, 153, 145, 161, 119, 771, 167, 147, 164, 148, 159, 160, 150, 158, 151, 162, 152, 154, 163, 177, 165, 181, 169, 180, 155, 77, 178, 171, 183, 188, 174, 780, 623, 185, 173, 175, 186, 172, 129, 229, 189, 204, 193, 166, 205, 191, 202, 195, 212, 197, 216, 203, 214, 658, 201, 218, 244, 187, 211, 217, 179, 200, 213, 206, 219, 208, 220, 287, 221, 261, 225, 223, 236, 228, 210, 222, 215, 168, 224, 263, 232, 253, 226, 831, 235, 227, 239, 230, 241, 266, 233, 272, 234, 260, 237, 238, 251, 240, 255, 242, 258, 250, 676, 259, 243, 252, 245, 409, 254, 247, 262, 395, 256, 264, 248, 257, 274, 265, 275, 276, 268, 277, 267, 278, 269, 285, 270, 279, 271, 283, 289, 273, 280, 343, 207, 290, 311, 198, 292, 301, 293, 299, 288, 294, 286, 313, 300, 317, 295, 282, 296, 307, 314, 298, 305, 319, 304, 297, 303, 310, 291, 306, 359, 312, 302, 308, 321, 329, 323, 284, 330, 318, 327, 309, 331, 325, 316, 328, 335, 320, 337, 354, 324, 393, 322, 326, 406, 338, 332, 342, 336, 410, 346, 356, 344, 334, 345, 339, 350, 404, 341, 347, 363, 348, 281, 364, 349, 361, 351, 362, 352, 340, 379, 370, 407, 353, 366, 315, 367, 358, 368, 377, 433, 408, 360, 371, 411, 369, 375, 365, 373, 485, 374, 376, 394, 355, 372, 378, 398, 389, 381, 397, 385, 989, 391, 689, 390, 380, 396, 333, 382, 383, 675, 392, 384, 405, 414, 417, 386, 399, 421, 388, 401, 400, 419, 428, 415, 425, 416, 451, 439, 403, 432, 422, 429, 424, 430, 436, 426, 434, 443, 435, 441, 427, 413, 88, 460, 442, 598, 420, 438, 431, 423, 464, 437, 455, 444, 461, 446, 452, 486, 447, 456, 412, 458, 664, 459, 448, 457, 449, 462, 450, 465, 471, 440, 468, 454, 492, 474, 487, 463, 490, 467, 473, 466, 519, 469, 680, 494, 493, 445, 1078, 475, 495, 477, 470, 478, 497, 481, 472, 484, 476, 489, 479, 496, 480, 498, 491, 499, 543, 482, 500, 483, 506, 516, 501, 541, 562, 503, 488, 524, 686, 522, 502, 511, 539, 504, 1109, 505, 520, 542, 508, 521, 509, 528, 510, 530, 512, 531, 525, 517, 533, 523, 526, 507, 514, 527, 546, 515, 549, 538, 529, 535, 554, 536, 556, 544, 552, 561, 532, 555, 548, 518, 560, 551, 563, 534, 573, 559, 568, 545, 557, 564, 570, 537, 547, 566, 585, 567, 540, 565, 576, 589, 575, 590, 579, 571, 586, 572, 583, 574, 597, 580, 569, 584, 577, 667, 578, 550, 587, 558, 588, 581, 592, 582, 600, 606, 594, 602, 593, 603, 591, 605, 635, 612, 604, 614, 608, 599, 610, 637, 613, 607, 595, 609, 601, 611, 627, 615, 1224, 616, 625, 617, 619, 636, 621, 628, 618, 629, 630, 677, 649, 674, 626, 620, 679, 622, 631, 678, 624, 638, 641, 632, 639, 633, 640, 647, 685, 656, 648, 671, 646, 665, 644, 729, 642, 650, 657, 645, 651, 683, 652, 643, 663, 653, 681, 654, 661, 655, 730, 659, 713, 731, 660, 684, 733, 513, 662, 672, 387, 453, 176, 666, 249, 2, 246, 10, 194, 9, 7, 673, 12, 668, 5, 192, 669, 11, 670, 60, 553, 688, 687, 694, 682, 695, 706, 696, 690, 697, 691, 734, 709, 700, 596, 711, 701, 693, 702, 719, 712, 703, 732, 199, 715, 402, 722, 716, 708, 717, 707, 718, 714, 692, 720, 737, 723, 740, 736, 724, 743, 725, 751, 726, 710, 727, 739, 728, 744, 757, 745, 759, 747, 721, 735, 41, 753, 742, 764, 755, 746, 756, 738, 748, 758, 770, 813, 750, 752, 760, 774, 761, 754, 762, 763, 783, 765, 749, 766, 772, 767, 22, 768, 775, 769, 776, 815, 789, 777, 792, 778, 784, 779, 812, 785, 798, 786, 794, 787, 781, 795, 788, 797, 773, 799, 790, 801, 816, 791, 800, 814, 802, 818, 803, 782, 807, 804, 820, 832, 823, 805, 821, 824, 806, 825, 808, 829, 810, 796, 830, 819, 828, 793, 817, 809, 845, 811, 861, 833, 826, 844, 834, 827, 835, 851, 836, 838, 887, 840, 854, 841, 850, 837, 846, 852, 842, 853, 847, 888, 839, 875, 855, 882, 856, 857, 849, 858, 865, 859, 866, 869, 860, 867, 848, 868, 843, 883, 890, 876, 870, 879, 871, 864, 872, 886, 880, 897, 889, 878, 892, 873, 881, 874, 900, 896, 877, 895, 901, 894, 908, 910, 862, 902, 911, 905, 898, 903, 909, 920, 904, 916, 907, 915, 921, 906, 913, 899, 914, 922, 952, 917, 929, 918, 932, 931, 919, 933, 863, 885, 936, 925, 939, 927, 934, 924, 954, 937, 928, 935, 941, 912, 942, 930, 940, 926, 953, 943, 951, 959, 891, 884, 944, 964, 945, 946, 938, 947, 955, 948, 962, 963, 957, 966, 960, 973, 967, 971, 965, 978, 969, 961, 980, 923, 949, 968, 981, 974, 987, 975, 983, 976, 970, 992, 977, 984, 956, 950, 979, 986, 997, 1003, 988, 994, 972, 996, 990, 1001, 982, 1002, 1009, 995, 1014, 993, 1017, 1008, 998, 1013, 1006, 999, 985, 1021, 1015, 1005, 1016, 991, 1004, 1012, 1000, 1018, 1028, 1024, 1031, 1020, 1033, 1061, 1022, 1037, 1023, 1011, 1019, 1025, 1034, 1035, 1063, 1036, 1058, 1026, 1007, 1029, 1038, 1047, 1039, 1032, 1040, 1060, 1049, 1030, 1050, 1041, 1051, 1052, 1042, 1053, 1043, 1055, 1044, 1045, 1056, 1046, 1057, 1071, 1059, 1076, 1070, 1064, 1075, 1081, 1072, 1048, 1054, 1073, 1106, 1074, 1067, 1065, 1083, 1101, 1066, 1085, 1077, 1093, 1068, 1086, 1027, 1079, 1089, 1080, 1090, 1069, 1098, 1091, 1082, 1092, 1084, 1102, 1088, 1100, 1094, 1108, 1096, 1110, 1097, 1107, 1115, 1111, 1062, 1112, 1099, 1113, 1103, 1131, 1114, 1123, 1105, 1125, 1116, 1117, 1104, 1095, 1087, 1119, 1132, 1130, 1120, 1134, 1124, 1135, 1122, 1121, 1142, 1126, 1143, 1127, 1144, 1133, 1153, 1136, 1152, 1137, 1156, 1145, 1155, 1149, 1138, 1150, 1139, 1151, 1140, 1163, 1128, 1141, 1154, 1164, 1129, 1157, 1148, 1158, 1167, 1146, 1161, 1171, 1162, 1180, 1159, 1179, 1168, 1189, 1169, 1160, 1172, 1170, 1193, 1173, 1181, 1174, 1185, 1186, 1175, 1187, 1176, 1188, 1177, 1199, 1165, 1178, 1190, 1214, 1191, 1192, 1184, 1194, 1211, 1195, 1203, 1204, 1215, 1205, 1196, 1206, 1182, 1197, 1207, 1216, 1208, 1200, 1209, 1210, 1223, 1198, 1166, 1212, 1220, 1221, 1213, 1222, 1251, 1201, 1218, 1235, 1202, 1239, 1225, 1236, 1226, 1227, 1219, 1228, 1240, 1229, 1241, 1243, 1230, 1242, 1231, 1244, 1253, 1232, 1246, 1233, 1254, 1217, 1247, 1249, 1257, 1250, 1265, 1234, 1256, 1248, 1237, 1272, 1259, 1273, 1261, 1268, 1262, 1245, 1269, 1286, 1270, 1278, 1271, 1263, 1282, 1255, 1284, 1264, 1288, 1274, 1291, 1267, 1275, 1296, 1276, 1290, 1277, 1283, 1289, 1279, 1292, 1280, 1293, 1266, 1295]
Correct solution
(w = 7) Building and Solving
[runlim] sample:		1312.7 time, 790.1 real, 6531.2 MB
[runlim] sample:		1322.7 time, 800.1 real, 7412.2 MB
[runlim] sample:		1332.7 time, 810.1 real, 8158.3 MB
[runlim] sample:		1342.7 time, 820.1 real, 8158.3 MB
[runlim] sample:		1352.7 time, 830.1 real, 5889.1 MB
[runlim] sample:		1362.7 time, 840.1 real, 5889.1 MB
[runlim] sample:		1381.7 time, 850.1 real, 7536.9 MB
[runlim] sample:		1392.3 time, 860.1 real, 5854.6 MB
[runlim] sample:		1402.3 time, 870.1 real, 5854.6 MB
[runlim] sample:		1412.3 time, 880.1 real, 5854.6 MB
[runlim] sample:		1422.3 time, 890.1 real, 10188.2 MB
[runlim] sample:		1432.3 time, 900.1 real, 11344.9 MB
[runlim] sample:		1442.3 time, 910.1 real, 10283.8 MB
[runlim] sample:		1452.3 time, 920.1 real, 10283.8 MB
[runlim] sample:		1462.3 time, 930.1 real, 7489.9 MB
[runlim] sample:		1482.4 time, 940.1 real, 9969.2 MB
[runlim] sample:		1492.4 time, 950.1 real, 10184.0 MB
[runlim] sample:		1510.7 time, 960.1 real, 13339.8 MB
[runlim] sample:		1522.1 time, 970.1 real, 10084.6 MB
[runlim] sample:		1532.1 time, 980.1 real, 10084.6 MB
[runlim] sample:		1542.0 time, 990.1 real, 10050.9 MB
[runlim] sample:		1552.0 time, 1000.1 real, 11804.5 MB
[runlim] sample:		1562.0 time, 1010.1 real, 12246.5 MB
[runlim] sample:		1579.8 time, 1020.1 real, 15042.0 MB
[runlim] sample:		1618.8 time, 1030.1 real, 18489.0 MB
[runlim] sample:		1668.8 time, 1040.1 real, 25098.4 MB
Value Cyclic-Antibandwidth: 7
Labels: [577, 176, 1197, 1188, 1198, 602, 589, 1181, 585, 594, 1260, 1140, 1263, 344, 605, 633, 596, 583, 165, 94, 101, 108, 4, 641, 98, 1217, 697, 623, 698, 17, 622, 762, 603, 1228, 1238, 616, 609, 598, 617, 599, 618, 62, 1231, 79, 636, 621, 23, 14, 73, 638, 1237, 647, 1233, 640, 626, 1262, 639, 58, 110, 46, 59, 78, 29, 48, 60, 144, 670, 650, 75, 648, 668, 659, 649, 669, 1167, 1287, 1274, 644, 664, 1289, 560, 1278, 1150, 586, 671, 74, 578, 1077, 255, 88, 1281, 1272, 1265, 674, 689, 675, 691, 1051, 1230, 1255, 432, 582, 895, 64, 19, 71, 692, 40, 50, 710, 49, 198, 700, 690, 8, 760, 1285, 97, 996, 121, 109, 518, 136, 111, 120, 663, 705, 112, 123, 42, 113, 719, 118, 701, 56, 127, 91, 708, 715, 138, 716, 41, 704, 718, 164, 116, 132, 141, 707, 733, 137, 722, 139, 721, 741, 142, 149, 197, 124, 140, 147, 156, 159, 740, 729, 53, 158, 742, 734, 787, 96, 77, 743, 661, 179, 747, 731, 748, 69, 746, 679, 83, 750, 764, 667, 677, 751, 166, 770, 82, 447, 1293, 103, 753, 43, 1130, 93, 1277, 430, 785, 143, 189, 203, 194, 200, 190, 150, 779, 174, 1270, 656, 791, 693, 792, 107, 786, 213, 784, 794, 803, 184, 789, 201, 39, 1042, 217, 230, 215, 212, 798, 104, 232, 809, 231, 222, 810, 857, 811, 728, 249, 234, 220, 236, 341, 814, 223, 224, 815, 226, 816, 713, 818, 254, 829, 651, 242, 820, 239, 191, 263, 240, 250, 833, 251, 243, 846, 835, 155, 265, 177, 183, 855, 257, 247, 160, 237, 852, 862, 172, 876, 752, 181, 864, 171, 266, 858, 771, 173, 65, 885, 875, 175, 783, 15, 869, 1267, 431, 1261, 322, 873, 476, 289, 272, 279, 286, 894, 273, 202, 192, 319, 914, 887, 280, 880, 277, 897, 889, 898, 920, 99, 290, 848, 900, 300, 902, 320, 294, 903, 225, 904, 1290, 305, 317, 921, 20, 653, 228, 334, 309, 321, 368, 333, 349, 587, 345, 513, 347, 512, 342, 945, 323, 940, 326, 346, 939, 340, 330, 351, 335, 944, 938, 329, 353, 253, 378, 952, 356, 941, 953, 968, 954, 355, 955, 260, 977, 261, 312, 957, 981, 276, 959, 951, 960, 985, 299, 970, 292, 285, 987, 861, 271, 871, 775, 877, 32, 967, 866, 270, 434, 962, 348, 395, 388, 993, 978, 383, 264, 385, 352, 1009, 379, 350, 402, 994, 393, 410, 403, 976, 911, 1005, 1017, 397, 301, 398, 1007, 399, 314, 304, 1032, 436, 1020, 422, 295, 1003, 1012, 404, 421, 408, 414, 1023, 928, 327, 337, 925, 1031, 1049, 423, 63, 965, 1018, 514, 1035, 1214, 1036, 418, 426, 460, 515, 1055, 1045, 439, 1085, 440, 455, 444, 1056, 457, 1057, 1047, 442, 1067, 357, 1097, 958, 450, 950, 1054, 467, 1076, 1063, 1060, 1071, 461, 1065, 1022, 973, 1074, 366, 881, 365, 974, 367, 891, 384, 370, 392, 1079, 51, 930, 1081, 487, 1105, 489, 482, 478, 1096, 1083, 1095, 484, 1100, 485, 504, 494, 479, 503, 1119, 1103, 1114, 1104, 486, 493, 505, 490, 1106, 1118, 499, 1120, 496, 1121, 497, 424, 1123, 526, 1122, 521, 509, 1124, 1037, 411, 419, 1127, 420, 1131, 511, 531, 1129, 1046, 1144, 533, 522, 1145, 1153, 1146, 541, 1155, 1148, 427, 1142, 548, 519, 544, 552, 576, 758, 517, 1166, 1156, 1165, 443, 568, 445, 571, 558, 543, 1151, 1159, 570, 1208, 1138, 470, 1139, 413, 1163, 464, 453, 1133, 472, 454, 377, 1089, 488, 469, 1170, 371, 466, 581, 468, 477, 1195, 1187, 495, 597, 7, 655, 483, 498, 1189, 1199, 178, 559, 593, 606, 592, 1192, 1201, 1193, 1211, 595, 608, 687, 600, 1206, 1222, 612, 635, 611, 1110, 615, 607, 1226, 613, 1219, 614, 601, 527, 535, 1223, 1243, 529, 1240, 629, 1229, 620, 539, 1246, 610, 1244, 637, 1254, 624, 1252, 625, 551, 1247, 627, 549, 628, 642, 631, 643, 588, 685, 665, 630, 646, 1253, 554, 666, 1266, 1275, 1256, 565, 1273, 555, 673, 1171, 562, 1292, 652, 1180, 1016, 1178, 1283, 563, 703, 1169, 1271, 990, 1280, 1291, 1183, 688, 569, 1286, 604, 1284, 1295, 590, 354, 660, 591, 6, 584, 686, 654, 684, 3, 658, 35, 972, 763, 1259, 766, 682, 532, 429, 681, 694, 523, 695, 696, 5, 737, 727, 11, 756, 711, 757, 714, 657, 47, 89, 24, 1136, 10, 45, 13, 44, 619, 27, 717, 21, 33, 738, 680, 759, 16, 31, 90, 34, 25, 796, 26, 76, 724, 702, 725, 739, 730, 709, 761, 744, 54, 70, 1264, 732, 57, 80, 61, 1268, 645, 115, 767, 66, 86, 68, 662, 1296, 1288, 84, 575, 1075, 768, 81, 72, 1294, 676, 102, 573, 92, 1224, 28, 773, 18, 1117, 129, 117, 1282, 841, 776, 795, 838, 777, 842, 778, 839, 95, 805, 790, 9, 106, 534, 87, 100, 807, 793, 556, 1019, 119, 840, 706, 843, 806, 126, 153, 808, 797, 804, 12, 712, 125, 114, 800, 837, 122, 131, 528, 134, 812, 128, 823, 813, 824, 720, 825, 151, 135, 826, 723, 827, 152, 828, 52, 819, 831, 163, 830, 821, 822, 832, 844, 154, 845, 834, 146, 745, 735, 836, 157, 860, 161, 867, 167, 736, 749, 672, 765, 22, 188, 1279, 769, 162, 55, 865, 754, 196, 755, 772, 195, 182, 67, 133, 915, 38, 180, 193, 204, 893, 884, 892, 878, 896, 859, 882, 199, 781, 85, 782, 105, 209, 218, 207, 214, 906, 229, 216, 206, 780, 890, 899, 211, 405, 886, 208, 901, 919, 799, 1204, 269, 221, 924, 907, 233, 801, 219, 130, 908, 916, 927, 909, 934, 311, 929, 942, 238, 296, 235, 148, 256, 932, 246, 947, 905, 252, 923, 943, 969, 933, 912, 241, 956, 966, 849, 145, 850, 946, 244, 258, 245, 851, 971, 281, 168, 853, 169, 863, 854, 170, 872, 262, 306, 874, 315, 856, 267, 185, 868, 310, 774, 187, 788, 2, 917, 963, 374, 964, 210, 282, 313, 984, 1015, 975, 888, 879, 988, 999, 989, 274, 284, 997, 986, 1004, 287, 1001, 293, 1013, 288, 1029, 298, 291, 699, 297, 998, 922, 1025, 302, 918, 316, 1010, 931, 1011, 205, 318, 308, 1027, 1038, 1028, 1014, 935, 847, 910, 817, 913, 1024, 227, 325, 1026, 1033, 1, 1034, 937, 1000, 332, 1043, 1053, 1044, 1048, 336, 948, 1052, 324, 1021, 1064, 1040, 338, 380, 331, 339, 1041, 381, 248, 372, 358, 376, 259, 362, 1062, 359, 406, 360, 375, 1072, 361, 980, 363, 400, 983, 870, 982, 303, 275, 992, 186, 949, 802, 979, 396, 536, 30, 1094, 373, 1093, 1082, 1002, 1069, 401, 390, 1084, 391, 1135, 1090, 1101, 1091, 1102, 417, 394, 386, 1006, 1116, 435, 1099, 1008, 1107, 409, 1108, 412, 1109, 415, 926, 307, 407, 1111, 1125, 1112, 1113, 995, 428, 1030, 1039, 437, 328, 1115, 416, 1137, 438, 936, 451, 1132, 425, 456, 449, 1154, 1147, 1221, 446, 1143, 462, 1152, 448, 1086, 1141, 1179, 1245, 343, 678, 441, 1176, 1059, 1050, 452, 1061, 1173, 364, 481, 1161, 1177, 961, 459, 1058, 1073, 1066, 471, 389, 475, 991, 1087, 278, 1088, 382, 1078, 1070, 480, 268, 1080, 1210, 283, 387, 36, 883, 1134, 1186, 1209, 1068, 433, 37, 516, 501, 1190, 1168, 1200, 1191, 1202, 520, 500, 492, 502, 1203, 1212, 1205, 1216, 542, 491, 1213, 1225, 1207, 506, 683, 1235, 507, 1234, 508, 1241, 1218, 1126, 1098, 510, 530, 1227, 1128, 1220, 524, 1242, 1149, 546, 1232, 525, 1215, 540, 547, 634, 1248, 1157, 538, 1239, 537, 1249, 1257, 1250, 1258, 1251, 550, 1236, 553, 1182, 545, 1158, 458, 557, 1160, 726, 463, 572, 1269, 1276, 474, 1162, 580, 632, 567, 1172, 1164, 1174, 1184, 1175, 465, 579, 561, 369, 566, 1092, 473, 1194, 1185, 564, 574, 1196]
Correct solution
(w = 8) Building and Solving
[runlim] sample:		1703.1 time, 1050.1 real, 6661.0 MB
[runlim] sample:		1713.1 time, 1060.1 real, 7507.7 MB
[runlim] sample:		1723.1 time, 1070.1 real, 8395.1 MB
[runlim] sample:		1733.1 time, 1080.1 real, 8829.7 MB
[runlim] sample:		1743.1 time, 1090.1 real, 5285.0 MB
[runlim] sample:		1753.1 time, 1100.1 real, 5285.0 MB
[runlim] sample:		1765.1 time, 1110.1 real, 7868.5 MB
[runlim] sample:		1782.9 time, 1120.1 real, 7868.5 MB
[runlim] sample:		1792.9 time, 1130.1 real, 5285.0 MB
[runlim] sample:		1802.9 time, 1140.1 real, 5285.0 MB
[runlim] sample:		1812.9 time, 1150.1 real, 5285.0 MB
[runlim] sample:		1822.9 time, 1160.1 real, 10891.1 MB
[runlim] sample:		1832.9 time, 1170.1 real, 10974.3 MB
[runlim] sample:		1842.9 time, 1180.1 real, 12046.9 MB
[runlim] sample:		1852.9 time, 1190.1 real, 10986.7 MB
[runlim] sample:		1862.9 time, 1200.1 real, 10986.7 MB
[runlim] sample:		1872.9 time, 1210.1 real, 7888.7 MB
[runlim] sample:		1892.1 time, 1220.1 real, 10572.3 MB
[runlim] sample:		1902.1 time, 1230.1 real, 10624.2 MB
[runlim] sample:		1919.2 time, 1240.1 real, 13931.3 MB
[runlim] sample:		1933.2 time, 1250.1 real, 13931.3 MB
[runlim] sample:		1943.2 time, 1260.1 real, 10675.0 MB
[runlim] sample:		1953.2 time, 1270.1 real, 10675.0 MB
[runlim] sample:		1963.2 time, 1280.1 real, 12522.2 MB
[runlim] sample:		1973.2 time, 1290.1 real, 12536.0 MB
[runlim] sample:		1983.2 time, 1300.1 real, 12980.8 MB
[runlim] sample:		2008.3 time, 1310.1 real, 18970.2 MB
[runlim] sample:		2052.3 time, 1320.1 real, 26840.0 MB
[runlim] sample:		2101.9 time, 1330.1 real, 27586.6 MB
[runlim] end:			Sat Nov  1 14:42:40 2025
[runlim] status:		out of memory
[runlim] result:		3
[runlim] children:		0
[runlim] real:			1335.86 seconds
[runlim] time:			2132.73 seconds
[runlim] space:			30029.2 MB
[runlim] samples:		13357
