[runlim] version:		1.10
[runlim] time limit:		311040000 seconds
[runlim] real time limit:	1800 seconds
[runlim] space limit:		30000 MB
[runlim] argv[0]:		python3
[runlim] argv[1]:		model_MIP_CPLEX.py
[runlim] argv[2]:		./graph/3dmesh/3dmesh_3_3_135.txt
[runlim] start:			Sat Nov  1 10:35:12 2025
[runlim] main pid:		37985
[runlim] log captured:
(w = 4) Building and Solving
[runlim] sample:		10.0 time, 10.0 real, 792.5 MB
[runlim] sample:		20.0 time, 20.0 real, 1415.1 MB
[runlim] sample:		30.0 time, 30.0 real, 2006.7 MB
[runlim] sample:		40.0 time, 40.0 real, 2101.5 MB
[runlim] sample:		55.4 time, 50.0 real, 3748.8 MB
[runlim] sample:		69.2 time, 60.0 real, 3748.8 MB
[runlim] sample:		79.2 time, 70.0 real, 2591.3 MB
[runlim] sample:		89.2 time, 80.0 real, 6204.8 MB
[runlim] sample:		99.2 time, 90.0 real, 6436.5 MB
[runlim] sample:		109.2 time, 100.0 real, 4468.4 MB
[runlim] sample:		129.3 time, 110.0 real, 6215.2 MB
[runlim] sample:		141.2 time, 120.0 real, 8441.8 MB
[runlim] sample:		157.3 time, 130.0 real, 8441.8 MB
[runlim] sample:		167.3 time, 140.0 real, 7305.0 MB
[runlim] sample:		177.3 time, 150.0 real, 8328.2 MB
[runlim] sample:		205.9 time, 160.0 real, 9619.4 MB
[runlim] sample:		254.5 time, 170.0 real, 16102.6 MB
[runlim] sample:		305.7 time, 180.0 real, 17627.8 MB
[runlim] sample:		364.2 time, 190.0 real, 22819.9 MB
Value Cyclic-Antibandwidth: 4
Labels: [1206, 1212, 1, 1199, 1205, 1198, 1204, 504, 1213, 1166, 1116, 1079, 1011, 607, 891, 838, 795, 626, 577, 374, 509, 248, 267, 236, 235, 217, 244, 212, 33, 208, 240, 197, 222, 89, 625, 632, 13, 21, 181, 133, 37, 41, 101, 617, 621, 69, 113, 145, 65, 125, 97, 9, 185, 17, 61, 57, 121, 169, 165, 141, 93, 5, 177, 117, 49, 77, 173, 157, 149, 73, 193, 29, 105, 137, 129, 161, 45, 631, 153, 85, 53, 201, 191, 658, 195, 39, 43, 187, 47, 183, 179, 51, 55, 59, 63, 67, 71, 75, 79, 83, 87, 91, 95, 99, 103, 107, 111, 115, 119, 123, 127, 131, 135, 139, 143, 147, 151, 155, 159, 163, 167, 171, 7, 11, 15, 19, 23, 27, 31, 789, 3, 152, 144, 92, 52, 160, 72, 120, 172, 48, 188, 88, 140, 44, 40, 175, 84, 180, 156, 80, 132, 36, 112, 136, 32, 168, 76, 192, 24, 108, 28, 196, 737, 68, 20, 176, 164, 16, 128, 64, 100, 200, 148, 12, 184, 8, 60, 96, 4, 759, 124, 198, 194, 190, 186, 182, 178, 174, 170, 166, 162, 158, 154, 150, 146, 142, 787, 134, 130, 126, 122, 118, 114, 110, 106, 102, 98, 94, 90, 86, 82, 78, 74, 70, 66, 62, 58, 54, 50, 46, 42, 38, 34, 30, 26, 22, 618, 14, 10, 6, 2, 206, 56, 211, 207, 216, 209, 213, 223, 214, 189, 228, 218, 219, 224, 220, 225, 231, 203, 221, 205, 227, 230, 241, 226, 242, 210, 233, 229, 239, 215, 256, 261, 255, 247, 253, 243, 257, 246, 254, 250, 622, 251, 288, 232, 237, 249, 260, 264, 265, 258, 343, 279, 266, 275, 272, 234, 245, 259, 268, 263, 269, 282, 270, 401, 271, 277, 276, 284, 278, 340, 291, 283, 285, 360, 290, 295, 361, 286, 289, 281, 292, 293, 287, 596, 318, 294, 418, 898, 302, 296, 298, 578, 903, 300, 327, 297, 306, 518, 328, 362, 299, 303, 321, 317, 301, 313, 305, 311, 309, 314, 363, 307, 333, 319, 320, 316, 335, 325, 329, 312, 331, 315, 304, 308, 364, 323, 332, 310, 330, 322, 280, 324, 347, 326, 334, 336, 345, 338, 337, 344, 339, 366, 354, 348, 353, 349, 355, 365, 351, 370, 350, 391, 352, 367, 359, 346, 380, 356, 375, 357, 377, 358, 379, 384, 378, 376, 381, 412, 368, 390, 382, 383, 984, 387, 371, 238, 388, 394, 404, 392, 369, 385, 397, 393, 372, 395, 389, 396, 516, 399, 403, 409, 398, 410, 400, 408, 402, 411, 420, 425, 419, 424, 415, 422, 417, 421, 416, 405, 476, 386, 484, 436, 406, 430, 407, 437, 423, 435, 426, 492, 427, 413, 438, 432, 428, 431, 441, 433, 440, 445, 434, 414, 439, 496, 443, 462, 444, 457, 429, 442, 449, 458, 447, 453, 446, 452, 451, 469, 454, 455, 448, 493, 460, 456, 461, 494, 459, 470, 450, 463, 477, 467, 472, 465, 478, 471, 1098, 495, 479, 1093, 473, 464, 483, 466, 482, 468, 475, 501, 480, 481, 486, 498, 487, 491, 512, 497, 485, 489, 488, 510, 503, 506, 529, 490, 514, 505, 500, 474, 569, 507, 524, 511, 519, 528, 606, 525, 521, 499, 515, 513, 520, 536, 517, 535, 502, 533, 526, 534, 538, 530, 542, 532, 508, 522, 593, 531, 540, 543, 537, 549, 527, 545, 539, 541, 373, 547, 559, 548, 544, 555, 620, 550, 546, 556, 561, 614, 552, 560, 562, 557, 564, 571, 565, 570, 567, 579, 572, 553, 575, 554, 615, 551, 558, 616, 563, 592, 566, 523, 582, 573, 580, 574, 584, 829, 585, 588, 581, 589, 583, 587, 597, 342, 601, 262, 274, 202, 273, 199, 341, 25, 35, 109, 252, 590, 586, 591, 599, 568, 600, 594, 576, 627, 602, 598, 603, 608, 604, 609, 636, 610, 605, 611, 624, 612, 628, 633, 629, 613, 630, 637, 81, 595, 18, 653, 645, 638, 623, 643, 619, 639, 634, 640, 646, 641, 647, 660, 648, 644, 649, 704, 650, 654, 665, 655, 651, 656, 652, 659, 635, 657, 708, 669, 661, 663, 642, 664, 671, 706, 684, 666, 662, 667, 668, 678, 711, 693, 683, 673, 676, 709, 677, 707, 674, 679, 675, 696, 691, 680, 690, 682, 672, 681, 685, 694, 686, 695, 687, 670, 688, 697, 689, 698, 710, 699, 716, 700, 705, 701, 720, 702, 713, 703, 714, 727, 724, 764, 718, 725, 719, 692, 712, 735, 721, 717, 722, 729, 715, 740, 723, 728, 749, 730, 733, 738, 734, 732, 736, 766, 765, 770, 116, 739, 751, 726, 741, 773, 742, 731, 743, 755, 744, 757, 745, 758, 746, 753, 747, 104, 748, 769, 752, 756, 763, 750, 778, 767, 754, 760, 761, 768, 776, 777, 783, 762, 204, 775, 771, 781, 788, 782, 772, 779, 800, 780, 801, 784, 786, 794, 798, 799, 785, 138, 774, 790, 812, 792, 802, 793, 810, 791, 806, 804, 796, 819, 818, 813, 805, 821, 797, 825, 816, 803, 807, 808, 817, 823, 831, 809, 814, 820, 824, 834, 827, 837, 830, 841, 828, 822, 832, 839, 811, 836, 846, 815, 826, 835, 840, 867, 871, 844, 847, 852, 848, 864, 849, 869, 850, 833, 851, 859, 884, 857, 842, 860, 854, 855, 843, 868, 877, 858, 862, 883, 856, 861, 863, 887, 845, 872, 865, 873, 875, 866, 876, 853, 870, 897, 878, 874, 879, 893, 880, 899, 881, 896, 882, 892, 911, 894, 885, 904, 895, 890, 910, 901, 902, 933, 888, 905, 900, 906, 917, 886, 918, 889, 908, 912, 921, 913, 932, 926, 907, 914, 919, 915, 920, 916, 922, 937, 909, 934, 923, 924, 939, 927, 935, 940, 928, 929, 961, 945, 936, 931, 938, 930, 925, 941, 964, 942, 956, 943, 962, 944, 970, 953, 963, 947, 969, 948, 954, 949, 955, 950, 946, 951, 957, 952, 958, 967, 959, 975, 968, 982, 965, 972, 992, 973, 978, 974, 979, 980, 976, 995, 966, 1000, 977, 990, 994, 983, 1007, 985, 960, 991, 981, 986, 998, 987, 999, 989, 971, 988, 1001, 997, 1002, 1015, 1004, 993, 1006, 1016, 1008, 1010, 1021, 996, 1022, 1012, 1003, 1030, 1005, 1013, 1017, 1026, 1018, 1009, 1019, 1023, 1024, 1032, 1037, 1035, 1020, 1014, 1028, 1034, 1029, 1047, 1027, 1031, 1025, 1041, 1055, 1038, 1061, 1039, 1033, 1049, 1045, 1040, 1065, 1070, 1060, 1044, 1048, 1054, 1042, 1063, 1050, 1046, 1051, 1056, 1052, 1057, 1072, 1058, 1053, 1043, 1036, 1059, 1062, 1067, 1071, 1068, 1064, 1069, 1073, 1086, 1074, 1084, 1075, 1088, 1076, 1083, 1078, 1087, 1101, 1096, 1077, 1081, 1092, 1082, 1104, 1094, 1066, 1085, 1080, 1089, 1102, 1097, 1110, 1099, 1124, 1090, 1095, 1100, 1109, 1126, 1105, 1103, 1113, 1106, 1107, 1091, 1114, 1117, 1108, 1118, 1115, 1119, 1130, 1120, 1131, 1135, 1111, 1121, 1125, 1122, 1112, 1147, 1127, 1123, 1128, 1140, 1132, 1137, 1134, 1146, 1136, 1138, 1129, 1152, 1151, 1139, 1145, 1141, 1133, 1161, 1160, 1143, 1148, 1144, 1149, 1153, 1154, 1150, 1155, 1172, 1156, 1142, 1157, 1163, 1158, 1164, 1159, 1165, 1186, 1180, 1170, 1173, 1189, 1174, 1171, 1175, 1188, 1176, 1162, 1177, 1181, 1167, 1182, 1178, 1183, 1195, 1184, 1169, 1185, 1193, 1203, 1194, 1191, 1179, 1187, 1196, 1192, 1197, 1208, 1168, 1201, 1200, 1190, 1211, 1209, 1215, 1207, 1202, 1210, 1214]
Correct solution
(w = 5) Building and Solving
[runlim] sample:		387.6 time, 200.0 real, 4266.6 MB
[runlim] sample:		397.6 time, 210.0 real, 5001.4 MB
[runlim] sample:		407.6 time, 220.0 real, 5641.8 MB
[runlim] sample:		417.6 time, 230.0 real, 3827.4 MB
[runlim] sample:		429.6 time, 240.0 real, 4349.8 MB
[runlim] sample:		445.6 time, 250.0 real, 4349.8 MB
[runlim] sample:		455.6 time, 260.0 real, 3836.3 MB
[runlim] sample:		465.6 time, 270.0 real, 6835.3 MB
[runlim] sample:		475.6 time, 280.0 real, 7423.0 MB
[runlim] sample:		485.6 time, 290.0 real, 6935.2 MB
[runlim] sample:		495.6 time, 300.0 real, 5867.9 MB
[runlim] sample:		515.1 time, 310.0 real, 6799.1 MB
[runlim] sample:		532.3 time, 320.0 real, 8071.7 MB
[runlim] sample:		543.2 time, 330.0 real, 6781.3 MB
[runlim] sample:		553.2 time, 340.0 real, 7889.6 MB
[runlim] sample:		563.2 time, 350.0 real, 5848.0 MB
[runlim] sample:		602.8 time, 360.0 real, 16149.4 MB
[runlim] sample:		652.6 time, 370.0 real, 19242.7 MB
[runlim] sample:		712.0 time, 380.0 real, 25468.4 MB
Value Cyclic-Antibandwidth: 5
Labels: [1202, 1211, 1, 1207, 1191, 1210, 1199, 1186, 1180, 1175, 1151, 152, 1095, 607, 843, 14, 177, 899, 294, 63, 179, 61, 19, 33, 3, 622, 15, 23, 617, 21, 16, 7, 2, 1072, 172, 791, 114, 22, 12, 24, 31, 50, 30, 619, 28, 26, 618, 27, 625, 655, 627, 1080, 624, 170, 620, 46, 39, 44, 633, 54, 49, 42, 35, 43, 58, 636, 628, 65, 41, 36, 626, 936, 38, 623, 82, 56, 37, 55, 47, 78, 40, 71, 52, 659, 45, 86, 666, 688, 53, 48, 662, 670, 77, 689, 96, 691, 80, 226, 98, 76, 675, 91, 673, 155, 678, 97, 677, 68, 674, 695, 681, 634, 99, 697, 661, 698, 88, 1022, 706, 761, 703, 679, 293, 168, 81, 714, 705, 109, 119, 711, 722, 139, 94, 73, 709, 710, 704, 105, 106, 735, 113, 738, 718, 874, 719, 727, 707, 737, 120, 368, 112, 730, 123, 115, 746, 732, 729, 132, 151, 739, 145, 136, 728, 367, 121, 126, 725, 128, 721, 174, 752, 932, 733, 141, 754, 150, 165, 158, 134, 764, 149, 767, 745, 769, 608, 770, 747, 766, 753, 157, 775, 798, 167, 153, 776, 778, 160, 169, 181, 176, 583, 927, 758, 686, 786, 801, 782, 784, 188, 215, 182, 806, 789, 781, 192, 803, 832, 785, 814, 788, 184, 648, 191, 807, 195, 808, 220, 178, 233, 810, 163, 811, 193, 835, 210, 805, 748, 826, 185, 214, 833, 212, 207, 804, 211, 230, 816, 219, 812, 216, 235, 229, 827, 221, 246, 848, 237, 842, 206, 222, 849, 236, 254, 850, 828, 851, 245, 873, 837, 225, 870, 856, 291, 847, 862, 223, 865, 270, 863, 853, 224, 861, 868, 269, 885, 278, 857, 271, 869, 250, 872, 878, 255, 202, 267, 867, 258, 904, 260, 893, 277, 249, 281, 793, 884, 265, 285, 892, 274, 894, 266, 895, 284, 309, 903, 896, 275, 901, 906, 313, 287, 273, 898, 310, 905, 910, 257, 911, 934, 301, 891, 276, 369, 312, 320, 918, 324, 303, 327, 917, 322, 684, 924, 931, 305, 311, 937, 334, 935, 332, 326, 938, 315, 336, 419, 329, 941, 945, 939, 333, 967, 347, 942, 948, 394, 371, 344, 952, 961, 943, 962, 370, 357, 953, 355, 984, 958, 350, 959, 971, 358, 682, 353, 582, 964, 375, 963, 354, 346, 372, 983, 395, 972, 373, 365, 985, 366, 412, 378, 387, 988, 999, 989, 1000, 991, 1005, 362, 1002, 381, 396, 1009, 404, 994, 388, 398, 384, 390, 272, 1001, 1024, 998, 361, 1010, 650, 1006, 397, 407, 1012, 392, 1014, 428, 420, 1013, 421, 416, 1027, 1007, 1028, 393, 1016, 1037, 1029, 411, 1030, 424, 452, 1017, 432, 426, 410, 433, 442, 429, 408, 1039, 447, 418, 1064, 1042, 1040, 1051, 446, 451, 465, 435, 444, 438, 445, 448, 471, 440, 1057, 441, 1063, 1050, 1059, 475, 1060, 462, 470, 468, 476, 18, 474, 443, 454, 473, 455, 1086, 480, 1078, 478, 469, 481, 1090, 479, 467, 496, 488, 497, 487, 495, 508, 482, 484, 1097, 485, 401, 477, 1094, 531, 498, 489, 499, 472, 502, 491, 503, 509, 500, 1104, 501, 1129, 504, 512, 505, 1130, 521, 520, 525, 515, 524, 529, 557, 513, 506, 516, 1119, 517, 1115, 530, 493, 507, 1134, 537, 527, 518, 528, 534, 544, 551, 540, 532, 519, 1148, 538, 545, 539, 536, 523, 1162, 559, 546, 541, 570, 564, 549, 542, 552, 547, 550, 1169, 584, 543, 553, 566, 561, 1166, 563, 590, 585, 572, 562, 571, 578, 555, 565, 573, 1183, 554, 567, 569, 576, 589, 1195, 579, 599, 587, 568, 556, 602, 595, 577, 598, 586, 1215, 654, 581, 601, 130, 600, 1213, 603, 597, 84, 10, 825, 591, 459, 13, 6, 794, 466, 4, 604, 615, 606, 588, 20, 612, 464, 5, 955, 295, 461, 299, 460, 614, 457, 611, 649, 580, 616, 253, 653, 621, 639, 610, 59, 1132, 652, 605, 630, 11, 631, 651, 632, 637, 629, 85, 594, 646, 463, 641, 34, 8, 613, 9, 1023, 29, 101, 292, 296, 664, 658, 638, 663, 668, 647, 683, 643, 116, 609, 32, 64, 640, 57, 642, 635, 929, 669, 644, 17, 297, 685, 660, 687, 671, 665, 62, 51, 25, 645, 66, 159, 67, 161, 672, 74, 69, 696, 70, 836, 734, 708, 700, 252, 186, 75, 89, 79, 692, 680, 90, 60, 92, 690, 736, 676, 72, 701, 102, 83, 667, 87, 103, 702, 1044, 717, 107, 124, 108, 118, 217, 712, 111, 93, 699, 117, 110, 715, 104, 716, 95, 135, 100, 713, 726, 137, 122, 720, 755, 723, 125, 1089, 740, 133, 731, 724, 147, 131, 129, 777, 744, 127, 762, 742, 140, 743, 749, 750, 156, 142, 593, 144, 694, 741, 772, 138, 148, 166, 751, 763, 980, 765, 143, 757, 154, 756, 171, 760, 290, 146, 790, 180, 596, 164, 796, 773, 795, 199, 768, 774, 779, 175, 780, 771, 783, 173, 162, 787, 802, 800, 209, 982, 818, 189, 815, 190, 200, 183, 204, 187, 302, 198, 797, 196, 834, 194, 205, 197, 809, 817, 823, 213, 208, 201, 799, 819, 813, 234, 227, 203, 820, 218, 821, 829, 979, 840, 822, 841, 824, 242, 846, 852, 247, 854, 845, 231, 831, 830, 838, 232, 839, 228, 243, 858, 844, 248, 244, 259, 241, 866, 855, 256, 261, 251, 888, 239, 282, 864, 238, 656, 882, 792, 880, 240, 886, 264, 887, 859, 877, 871, 879, 900, 279, 860, 875, 262, 876, 883, 263, 926, 298, 268, 897, 912, 889, 907, 890, 300, 283, 909, 280, 902, 317, 286, 308, 908, 759, 913, 922, 914, 318, 306, 881, 916, 923, 304, 921, 289, 314, 307, 919, 928, 316, 944, 319, 930, 957, 933, 915, 951, 288, 976, 338, 940, 335, 946, 331, 947, 330, 343, 960, 949, 965, 920, 328, 657, 325, 925, 966, 342, 337, 321, 323, 950, 340, 341, 352, 974, 969, 978, 339, 986, 345, 954, 956, 968, 349, 990, 351, 356, 973, 360, 348, 987, 975, 374, 977, 364, 970, 359, 981, 400, 992, 376, 993, 363, 693, 1019, 399, 1003, 996, 1018, 995, 1021, 389, 380, 391, 379, 386, 402, 385, 1026, 382, 403, 1004, 383, 1033, 997, 1035, 1011, 1020, 377, 409, 1015, 1036, 414, 458, 406, 405, 1008, 415, 1034, 417, 1031, 1043, 1032, 413, 1038, 1047, 427, 422, 1025, 425, 431, 548, 1054, 423, 1056, 1048, 430, 1049, 1058, 1074, 1055, 1046, 1045, 1073, 1041, 1053, 439, 453, 434, 1076, 437, 1052, 1061, 1081, 1062, 1082, 1066, 1084, 1067, 1077, 1069, 436, 1070, 450, 1071, 449, 1100, 456, 1065, 1083, 1101, 1088, 1068, 1102, 1079, 1091, 1096, 1103, 483, 1087, 1098, 1085, 486, 1099, 492, 1075, 1112, 1105, 1092, 1106, 1107, 1123, 1093, 1128, 1109, 490, 1110, 1116, 1111, 494, 1144, 1108, 1113, 1120, 1114, 1121, 1137, 1122, 1117, 1127, 510, 1124, 511, 1125, 1131, 1126, 514, 1135, 1142, 1133, 1146, 1136, 1149, 1138, 1153, 1139, 1140, 526, 1118, 522, 1168, 1141, 1145, 558, 1156, 1155, 1143, 1158, 1165, 1159, 1172, 1160, 1167, 1161, 533, 1154, 1171, 1177, 1182, 1164, 535, 1174, 1150, 1147, 1181, 1152, 1157, 1163, 1190, 1173, 1192, 560, 1179, 1193, 1184, 1185, 1170, 575, 1178, 1187, 1200, 1188, 1176, 1189, 1203, 1198, 1212, 1194, 574, 1205, 1209, 1204, 1197, 1196, 592, 1206, 1201, 1208, 1214]
Correct solution
(w = 6) Building and Solving
[runlim] sample:		735.1 time, 390.0 real, 5165.1 MB
[runlim] sample:		745.1 time, 400.0 real, 6034.2 MB
[runlim] sample:		755.1 time, 410.0 real, 6557.8 MB
[runlim] sample:		765.1 time, 420.0 real, 5008.0 MB
[runlim] sample:		776.5 time, 430.0 real, 5192.0 MB
[runlim] sample:		794.3 time, 440.0 real, 5192.0 MB
[runlim] sample:		804.3 time, 450.0 real, 4991.4 MB
[runlim] sample:		814.3 time, 460.0 real, 5107.3 MB
[runlim] sample:		824.3 time, 470.0 real, 8172.0 MB
[runlim] sample:		834.3 time, 480.0 real, 7884.8 MB
[runlim] sample:		844.3 time, 490.0 real, 7884.8 MB
[runlim] sample:		863.4 time, 500.0 real, 7401.0 MB
[runlim] sample:		874.6 time, 510.0 real, 9018.3 MB
[runlim] sample:		892.0 time, 520.0 real, 9018.3 MB
[runlim] sample:		902.0 time, 530.0 real, 7448.3 MB
[runlim] sample:		912.0 time, 540.0 real, 8660.8 MB
[runlim] sample:		922.4 time, 550.0 real, 7850.8 MB
[runlim] sample:		960.3 time, 560.0 real, 11603.5 MB
[runlim] sample:		1010.3 time, 570.0 real, 18917.5 MB
[runlim] sample:		1060.3 time, 580.0 real, 20461.7 MB
[runlim] sample:		1112.7 time, 590.0 real, 22267.9 MB
[runlim] sample:		1170.5 time, 600.0 real, 23673.1 MB
[runlim] sample:		1191.1 time, 610.0 real, 20447.7 MB
Value Cyclic-Antibandwidth: 6
Labels: [1199, 1210, 1, 1205, 1179, 1194, 1196, 585, 1175, 1162, 1124, 1082, 1007, 607, 887, 804, 13, 520, 521, 8, 29, 99, 148, 54, 4, 160, 17, 12, 623, 21, 46, 16, 9, 14, 727, 55, 23, 84, 618, 606, 27, 20, 24, 37, 28, 32, 22, 31, 42, 34, 617, 15, 48, 39, 18, 44, 25, 33, 56, 35, 47, 36, 45, 38, 60, 40, 49, 41, 51, 58, 50, 26, 53, 71, 57, 90, 61, 68, 126, 73, 85, 59, 683, 72, 70, 78, 86, 63, 43, 65, 69, 76, 66, 104, 67, 80, 52, 101, 95, 77, 30, 81, 62, 82, 74, 87, 75, 83, 103, 88, 106, 79, 114, 96, 116, 105, 113, 112, 433, 91, 102, 265, 110, 92, 111, 94, 125, 107, 97, 109, 121, 128, 98, 140, 115, 108, 122, 129, 118, 130, 119, 135, 123, 133, 124, 131, 144, 147, 432, 132, 172, 150, 142, 151, 139, 127, 137, 145, 152, 146, 138, 100, 117, 156, 149, 161, 203, 159, 154, 163, 153, 143, 120, 164, 136, 166, 178, 179, 155, 165, 162, 182, 176, 181, 175, 167, 171, 184, 177, 168, 134, 183, 174, 185, 141, 190, 157, 187, 186, 180, 191, 158, 228, 209, 170, 192, 173, 195, 188, 206, 202, 213, 194, 193, 204, 215, 201, 210, 217, 218, 196, 205, 212, 219, 197, 207, 391, 226, 624, 208, 199, 221, 227, 220, 200, 222, 216, 223, 234, 224, 229, 247, 232, 225, 233, 169, 246, 833, 235, 236, 214, 242, 231, 244, 253, 237, 434, 241, 243, 198, 254, 266, 230, 239, 256, 248, 258, 270, 276, 245, 238, 282, 262, 249, 257, 250, 259, 251, 260, 261, 255, 274, 240, 263, 857, 269, 278, 271, 292, 273, 308, 277, 252, 288, 284, 272, 280, 275, 295, 279, 283, 301, 268, 300, 285, 304, 287, 281, 297, 299, 291, 423, 286, 333, 267, 298, 289, 316, 310, 303, 309, 302, 311, 293, 313, 305, 294, 321, 312, 322, 314, 325, 315, 327, 337, 318, 351, 306, 340, 296, 317, 324, 319, 326, 348, 328, 345, 329, 320, 330, 344, 339, 346, 307, 350, 332, 347, 343, 349, 357, 323, 619, 335, 426, 361, 355, 336, 384, 342, 331, 370, 593, 371, 353, 372, 359, 373, 356, 365, 338, 352, 354, 369, 358, 377, 362, 375, 379, 363, 376, 360, 383, 364, 366, 374, 381, 368, 386, 400, 428, 403, 378, 385, 427, 387, 388, 380, 389, 382, 390, 461, 395, 404, 394, 398, 407, 399, 392, 430, 411, 410, 396, 402, 406, 341, 413, 412, 405, 420, 401, 414, 429, 415, 409, 506, 436, 416, 408, 417, 397, 418, 438, 419, 437, 516, 439, 424, 440, 515, 592, 518, 510, 1029, 446, 431, 393, 421, 442, 448, 422, 451, 443, 507, 425, 454, 441, 450, 464, 435, 445, 453, 452, 460, 447, 466, 444, 455, 467, 508, 468, 458, 449, 456, 472, 463, 469, 459, 470, 462, 465, 476, 489, 480, 511, 477, 484, 517, 334, 1090, 486, 475, 473, 479, 1091, 581, 1094, 471, 481, 474, 482, 556, 512, 264, 503, 485, 554, 487, 604, 492, 529, 493, 457, 497, 524, 509, 525, 488, 526, 490, 500, 491, 478, 501, 494, 504, 495, 505, 496, 528, 498, 499, 519, 527, 535, 502, 538, 551, 540, 531, 532, 541, 534, 595, 523, 580, 536, 530, 537, 579, 533, 544, 547, 577, 553, 578, 552, 543, 571, 539, 557, 555, 548, 542, 549, 567, 550, 514, 545, 575, 546, 576, 609, 583, 560, 584, 569, 563, 611, 562, 483, 561, 522, 798, 568, 601, 570, 599, 572, 594, 615, 596, 564, 597, 565, 591, 573, 367, 566, 598, 602, 211, 590, 1085, 600, 290, 93, 2, 19, 3, 89, 7, 6, 589, 5, 614, 559, 587, 588, 10, 558, 586, 11, 603, 633, 639, 616, 605, 513, 635, 574, 608, 627, 626, 620, 637, 582, 613, 622, 189, 629, 621, 642, 636, 643, 625, 648, 628, 640, 650, 632, 634, 657, 610, 646, 631, 647, 630, 658, 649, 612, 638, 660, 653, 644, 654, 705, 651, 641, 655, 645, 652, 686, 656, 663, 712, 659, 678, 706, 672, 661, 674, 664, 675, 662, 676, 665, 680, 666, 64, 667, 679, 668, 692, 669, 707, 670, 696, 671, 677, 688, 681, 682, 713, 673, 700, 684, 693, 685, 694, 711, 701, 687, 709, 689, 697, 715, 698, 722, 699, 695, 708, 691, 724, 717, 702, 718, 703, 719, 720, 690, 721, 704, 710, 739, 725, 738, 728, 729, 723, 732, 714, 733, 716, 735, 749, 736, 755, 734, 726, 748, 741, 752, 742, 756, 745, 731, 743, 757, 758, 730, 744, 750, 762, 751, 747, 761, 740, 737, 781, 753, 794, 772, 763, 764, 754, 765, 782, 766, 746, 767, 760, 776, 800, 768, 778, 769, 779, 770, 780, 771, 759, 777, 795, 806, 783, 773, 784, 792, 785, 807, 786, 810, 787, 803, 788, 808, 809, 815, 789, 802, 790, 813, 811, 775, 820, 793, 823, 812, 796, 816, 824, 819, 799, 805, 801, 814, 821, 822, 831, 818, 837, 774, 797, 791, 844, 832, 834, 825, 859, 828, 836, 829, 838, 830, 840, 847, 841, 848, 865, 849, 860, 850, 839, 846, 826, 817, 878, 842, 861, 843, 879, 827, 853, 862, 851, 863, 854, 871, 855, 845, 856, 872, 868, 880, 852, 882, 835, 870, 866, 881, 888, 899, 867, 858, 864, 873, 885, 874, 891, 875, 869, 876, 889, 877, 890, 904, 892, 921, 896, 883, 906, 895, 917, 900, 926, 902, 909, 903, 893, 915, 905, 884, 894, 886, 910, 901, 911, 912, 923, 913, 924, 914, 907, 916, 922, 898, 936, 957, 897, 918, 927, 919, 928, 942, 930, 929, 920, 931, 961, 933, 908, 937, 951, 938, 939, 947, 940, 954, 941, 934, 943, 959, 944, 965, 925, 958, 948, 969, 950, 968, 949, 971, 973, 935, 952, 955, 962, 972, 976, 932, 964, 963, 977, 966, 970, 956, 990, 960, 979, 999, 953, 946, 974, 981, 975, 997, 945, 991, 967, 983, 993, 984, 1005, 986, 978, 987, 1002, 989, 1000, 985, 1001, 988, 994, 1010, 995, 1011, 996, 982, 992, 980, 998, 1006, 1025, 1009, 1027, 1017, 1018, 1003, 1015, 1004, 1026, 1036, 1016, 1034, 1023, 1012, 1019, 1030, 1022, 1040, 1008, 1031, 1024, 1032, 1045, 1013, 1041, 1028, 1020, 1049, 1038, 1014, 1042, 1052, 1021, 1033, 1037, 1046, 1060, 1047, 1054, 1048, 1044, 1035, 1063, 1067, 1073, 1050, 1039, 1061, 1069, 1059, 1074, 1057, 1043, 1065, 1071, 1068, 1055, 1079, 1076, 1056, 1072, 1070, 1077, 1084, 1078, 1064, 1058, 1051, 1062, 1080, 1081, 1087, 1102, 1089, 1053, 1066, 1098, 1083, 1092, 1104, 1093, 1117, 1075, 1103, 1095, 1086, 1100, 1115, 1096, 1111, 1101, 1105, 1121, 1107, 1099, 1119, 1108, 1131, 1097, 1133, 1112, 1088, 1113, 1109, 1130, 1114, 1118, 1106, 1122, 1127, 1116, 1128, 1123, 1136, 1129, 1110, 1126, 1146, 1145, 1151, 1137, 1134, 1150, 1144, 1143, 1135, 1155, 1153, 1142, 1149, 1152, 1138, 1120, 1158, 1147, 1141, 1164, 1154, 1161, 1139, 1132, 1176, 1125, 1177, 1148, 1156, 1163, 1186, 1182, 1140, 1183, 1157, 1171, 1165, 1166, 1187, 1173, 1168, 1159, 1167, 1178, 1188, 1180, 1185, 1198, 1190, 1189, 1181, 1191, 1169, 1202, 1174, 1197, 1208, 1200, 1203, 1211, 1201, 1160, 1170, 1195, 1172, 1215, 1207, 1209, 1193, 1213, 1192, 1184, 1204, 1212, 1206, 1214]
Correct solution
(w = 7) Building and Solving
[runlim] sample:		1203.1 time, 620.0 real, 5450.1 MB
[runlim] sample:		1213.1 time, 630.0 real, 5811.8 MB
[runlim] sample:		1223.1 time, 640.0 real, 6208.3 MB
[runlim] sample:		1233.1 time, 650.0 real, 6664.6 MB
[runlim] sample:		1243.1 time, 660.0 real, 6989.4 MB
[runlim] sample:		1253.1 time, 670.0 real, 7038.7 MB
[runlim] sample:		1263.0 time, 680.0 real, 5384.7 MB
[runlim] sample:		1273.0 time, 690.0 real, 5384.7 MB
[runlim] sample:		1291.1 time, 700.0 real, 6374.4 MB
[runlim] sample:		1303.4 time, 710.0 real, 6296.6 MB
[runlim] sample:		1313.4 time, 720.0 real, 5402.1 MB
[runlim] sample:		1323.4 time, 730.0 real, 5888.4 MB
[runlim] sample:		1333.4 time, 740.0 real, 8653.3 MB
[runlim] sample:		1343.4 time, 750.0 real, 9607.1 MB
[runlim] sample:		1353.4 time, 760.0 real, 8736.8 MB
[runlim] sample:		1363.4 time, 770.0 real, 8736.8 MB
[runlim] sample:		1373.4 time, 780.0 real, 6561.2 MB
[runlim] sample:		1393.7 time, 790.0 real, 8177.5 MB
[runlim] sample:		1405.8 time, 800.0 real, 10699.4 MB
[runlim] sample:		1423.5 time, 810.0 real, 10699.4 MB
[runlim] sample:		1433.5 time, 820.0 real, 8227.1 MB
[runlim] sample:		1443.5 time, 830.0 real, 8227.1 MB
[runlim] sample:		1453.5 time, 840.0 real, 9560.4 MB
[runlim] sample:		1474.3 time, 850.0 real, 12260.4 MB
[runlim] sample:		1516.0 time, 860.0 real, 12499.8 MB
[runlim] sample:		1565.5 time, 870.0 real, 20651.4 MB
[runlim] sample:		1615.1 time, 880.0 real, 21610.2 MB
[runlim] sample:		1651.6 time, 890.0 real, 17301.9 MB
Value Cyclic-Antibandwidth: 7
Labels: [1199, 1209, 1, 1206, 1150, 1157, 1196, 1205, 1190, 1176, 1165, 1058, 1048, 607, 935, 840, 11, 596, 15, 187, 263, 616, 59, 9, 623, 24, 17, 2, 653, 617, 48, 22, 624, 631, 12, 25, 10, 23, 16, 26, 47, 27, 71, 28, 290, 21, 31, 57, 35, 618, 627, 44, 54, 32, 55, 19, 49, 45, 36, 56, 37, 29, 42, 33, 41, 34, 52, 666, 46, 64, 40, 66, 20, 61, 51, 39, 70, 62, 91, 63, 77, 75, 43, 58, 53, 60, 72, 65, 74, 85, 67, 76, 69, 79, 68, 81, 156, 82, 73, 80, 112, 92, 93, 83, 101, 105, 94, 87, 38, 97, 78, 102, 113, 86, 95, 104, 96, 98, 88, 99, 111, 100, 114, 84, 116, 132, 115, 103, 90, 50, 125, 106, 129, 107, 119, 108, 120, 109, 142, 110, 123, 121, 144, 137, 124, 139, 128, 151, 89, 135, 131, 152, 145, 117, 126, 143, 140, 149, 127, 148, 141, 134, 146, 158, 150, 122, 133, 118, 167, 154, 161, 157, 223, 159, 176, 169, 138, 155, 147, 170, 171, 160, 172, 164, 180, 162, 174, 191, 153, 250, 175, 163, 185, 192, 177, 166, 184, 194, 196, 182, 195, 173, 206, 188, 181, 193, 202, 186, 625, 204, 199, 168, 179, 207, 200, 214, 201, 209, 197, 208, 222, 205, 219, 210, 221, 225, 190, 232, 189, 803, 217, 808, 224, 236, 215, 227, 246, 228, 579, 229, 216, 247, 136, 239, 611, 231, 212, 233, 220, 234, 226, 235, 230, 198, 258, 237, 253, 238, 251, 241, 252, 244, 256, 249, 254, 245, 260, 242, 259, 243, 255, 264, 279, 218, 257, 645, 278, 270, 261, 271, 307, 265, 280, 266, 287, 267, 305, 268, 262, 269, 283, 272, 284, 273, 281, 274, 282, 275, 285, 276, 294, 348, 286, 313, 288, 248, 289, 311, 292, 310, 293, 302, 297, 383, 323, 298, 291, 240, 277, 304, 295, 320, 296, 309, 322, 306, 321, 335, 314, 328, 299, 330, 318, 300, 319, 303, 325, 333, 315, 317, 308, 339, 332, 312, 334, 340, 324, 342, 347, 316, 326, 904, 343, 354, 327, 336, 301, 337, 329, 338, 344, 331, 341, 352, 429, 355, 345, 357, 346, 351, 360, 349, 361, 183, 430, 353, 367, 359, 362, 370, 432, 350, 377, 363, 368, 395, 382, 421, 379, 365, 358, 366, 378, 376, 433, 369, 364, 356, 380, 372, 385, 371, 388, 373, 381, 374, 386, 400, 390, 375, 393, 402, 391, 405, 387, 394, 434, 436, 403, 1000, 389, 435, 397, 404, 444, 416, 396, 437, 398, 406, 496, 408, 440, 409, 401, 420, 399, 413, 643, 412, 425, 419, 426, 414, 427, 415, 451, 438, 392, 417, 411, 418, 407, 384, 441, 422, 410, 423, 443, 424, 445, 456, 460, 428, 446, 453, 465, 455, 457, 464, 447, 448, 473, 459, 461, 454, 469, 450, 472, 458, 462, 452, 468, 470, 463, 479, 467, 481, 439, 480, 466, 549, 498, 475, 489, 490, 548, 492, 504, 476, 485, 471, 552, 477, 474, 500, 478, 484, 491, 503, 550, 483, 493, 501, 512, 488, 494, 505, 495, 506, 497, 507, 509, 499, 508, 487, 513, 482, 553, 431, 515, 502, 511, 522, 517, 524, 556, 527, 516, 525, 557, 518, 531, 528, 510, 519, 514, 523, 532, 535, 646, 555, 521, 551, 534, 530, 537, 545, 526, 540, 533, 538, 520, 573, 574, 529, 536, 588, 571, 543, 562, 539, 563, 541, 569, 576, 561, 542, 568, 544, 560, 577, 564, 546, 565, 575, 566, 547, 622, 597, 567, 602, 572, 591, 442, 593, 578, 603, 570, 594, 595, 1207, 610, 644, 614, 598, 582, 600, 608, 1210, 637, 599, 590, 601, 211, 1198, 8, 558, 5, 589, 4, 3, 585, 7, 609, 592, 213, 586, 6, 587, 583, 14, 584, 13, 581, 604, 613, 130, 580, 605, 615, 606, 612, 649, 203, 620, 449, 626, 559, 18, 619, 628, 178, 630, 641, 650, 642, 638, 554, 632, 621, 633, 648, 634, 486, 635, 629, 636, 651, 668, 654, 667, 656, 670, 657, 659, 671, 658, 639, 661, 675, 665, 678, 30, 640, 660, 677, 647, 165, 663, 655, 664, 673, 681, 652, 662, 674, 690, 676, 695, 682, 692, 700, 683, 669, 691, 712, 697, 684, 693, 685, 686, 711, 687, 698, 688, 718, 672, 680, 696, 699, 689, 679, 723, 701, 694, 702, 714, 703, 715, 705, 725, 704, 719, 706, 720, 707, 721, 708, 773, 716, 724, 709, 726, 710, 727, 744, 728, 717, 729, 713, 730, 781, 731, 743, 732, 798, 733, 774, 734, 746, 735, 776, 736, 759, 737, 750, 738, 751, 739, 752, 740, 754, 741, 755, 742, 756, 778, 757, 745, 758, 747, 777, 748, 760, 749, 761, 779, 762, 795, 763, 753, 764, 788, 765, 783, 766, 784, 767, 785, 768, 786, 769, 787, 770, 830, 771, 789, 772, 790, 801, 791, 805, 792, 782, 793, 806, 794, 814, 780, 804, 796, 807, 797, 809, 799, 810, 832, 811, 775, 722, 800, 812, 802, 813, 848, 815, 828, 821, 834, 817, 845, 820, 836, 823, 843, 849, 842, 822, 837, 824, 846, 847, 816, 827, 826, 818, 835, 859, 839, 857, 838, 831, 819, 858, 829, 844, 833, 854, 868, 855, 866, 856, 851, 841, 853, 825, 872, 861, 884, 891, 873, 867, 886, 874, 877, 865, 885, 870, 879, 863, 878, 850, 862, 869, 881, 892, 882, 871, 883, 864, 897, 880, 894, 852, 860, 875, 887, 905, 899, 888, 917, 922, 895, 903, 896, 907, 876, 920, 910, 900, 912, 902, 913, 889, 914, 906, 893, 901, 908, 921, 909, 932, 911, 925, 918, 924, 937, 930, 938, 927, 915, 928, 936, 929, 945, 916, 898, 931, 940, 890, 941, 923, 942, 934, 943, 919, 944, 933, 926, 967, 946, 963, 947, 959, 948, 979, 949, 939, 950, 972, 951, 964, 952, 965, 953, 974, 954, 969, 955, 983, 956, 968, 957, 992, 958, 970, 962, 975, 961, 973, 984, 994, 966, 976, 987, 977, 985, 978, 960, 997, 980, 993, 986, 1002, 1008, 995, 988, 996, 1009, 1017, 1010, 1001, 989, 1028, 1012, 1004, 1007, 982, 1006, 990, 1015, 1022, 998, 971, 981, 1020, 991, 1013, 1027, 1003, 1032, 1016, 1023, 999, 1005, 1018, 1038, 1044, 1033, 1019, 1036, 1047, 1037, 1030, 1042, 1031, 1014, 1024, 1039, 1029, 1040, 1056, 1053, 1034, 1041, 1026, 1055, 1021, 1011, 1025, 1045, 1046, 1069, 1050, 1054, 1043, 1035, 1071, 1057, 1073, 1067, 1049, 1068, 1074, 1065, 1079, 1062, 1072, 1063, 1082, 1060, 1077, 1064, 1075, 1066, 1076, 1088, 1078, 1070, 1085, 1098, 1080, 1051, 1081, 1097, 1059, 1093, 1094, 1052, 1087, 1139, 1103, 1095, 1104, 1096, 1086, 1105, 1061, 1112, 1084, 1091, 1083, 1092, 1119, 1099, 1118, 1108, 1100, 1109, 1101, 1110, 1102, 1111, 1124, 1089, 1127, 1113, 1133, 1114, 1126, 1115, 1140, 1116, 1106, 1090, 1120, 1146, 1128, 1137, 1134, 1121, 1129, 1130, 1123, 1131, 1117, 1135, 1149, 1152, 1145, 1136, 1141, 1153, 1144, 1132, 1125, 1160, 1122, 1155, 1147, 1148, 1177, 1170, 1158, 1107, 1143, 1138, 1164, 1154, 1159, 1151, 1161, 1142, 1172, 1179, 1173, 1183, 1167, 1182, 1162, 1169, 1189, 1180, 1188, 1166, 1191, 1178, 1163, 1171, 1156, 1175, 1194, 1202, 1186, 1203, 1195, 1187, 1214, 1197, 1168, 1201, 1181, 1193, 1215, 1208, 1213, 1204, 1185, 1200, 1211, 1174, 1212, 1192, 1184]
Correct solution
(w = 8) Building and Solving
[runlim] sample:		1661.6 time, 900.0 real, 6460.0 MB
[runlim] sample:		1671.6 time, 910.0 real, 7289.1 MB
[runlim] sample:		1681.6 time, 920.0 real, 7631.5 MB
[runlim] sample:		1691.6 time, 930.0 real, 5874.7 MB
[runlim] sample:		1701.6 time, 940.0 real, 5874.7 MB
[runlim] sample:		1719.8 time, 950.0 real, 6681.6 MB
[runlim] sample:		1730.6 time, 960.0 real, 5865.5 MB
[runlim] sample:		1740.6 time, 970.0 real, 5865.5 MB
[runlim] sample:		1750.6 time, 980.0 real, 5865.5 MB
[runlim] sample:		1760.6 time, 990.0 real, 9306.3 MB
[runlim] sample:		1770.6 time, 1000.0 real, 10157.9 MB
[runlim] sample:		1780.6 time, 1010.0 real, 9285.3 MB
[runlim] sample:		1790.6 time, 1020.0 real, 9285.3 MB
[runlim] sample:		1800.6 time, 1030.0 real, 6856.7 MB
[runlim] sample:		1820.2 time, 1040.0 real, 8582.9 MB
[runlim] sample:		1830.9 time, 1050.0 real, 10477.6 MB
[runlim] sample:		1849.1 time, 1060.0 real, 11221.2 MB
[runlim] sample:		1859.1 time, 1070.0 real, 8633.2 MB
[runlim] sample:		1869.1 time, 1080.0 real, 8633.2 MB
[runlim] sample:		1879.1 time, 1090.0 real, 10056.5 MB
[runlim] sample:		1891.3 time, 1100.0 real, 11495.8 MB
[runlim] sample:		1927.7 time, 1110.0 real, 13051.6 MB
[runlim] sample:		1977.6 time, 1120.0 real, 21608.1 MB
[runlim] sample:		2029.1 time, 1130.0 real, 24870.8 MB
[runlim] end:			Sat Nov  1 10:54:09 2025
[runlim] status:		out of memory
[runlim] result:		3
[runlim] children:		0
[runlim] real:			1137.44 seconds
[runlim] time:			2066.17 seconds
[runlim] space:			30084.6 MB
[runlim] samples:		11374
