[runlim] version:		1.10
[runlim] time limit:		311040000 seconds
[runlim] real time limit:	1800 seconds
[runlim] space limit:		30000 MB
[runlim] argv[0]:		python3
[runlim] argv[1]:		model_MIP_CPLEX.py
[runlim] argv[2]:		./graph/3dmesh/3dmesh_2_2_335.txt
[runlim] start:			Sat Nov  1 10:00:28 2025
[runlim] main pid:		37535
[runlim] log captured:
(w = 4) Building and Solving
[runlim] sample:		10.0 time, 10.1 real, 814.4 MB
[runlim] sample:		20.0 time, 20.1 real, 1496.9 MB
[runlim] sample:		30.0 time, 30.1 real, 2174.1 MB
[runlim] sample:		40.0 time, 40.1 real, 2260.8 MB
[runlim] sample:		54.9 time, 50.1 real, 4133.6 MB
[runlim] sample:		69.5 time, 60.1 real, 2876.3 MB
[runlim] sample:		79.5 time, 70.1 real, 6459.6 MB
[runlim] sample:		89.5 time, 80.1 real, 7058.8 MB
[runlim] sample:		99.5 time, 90.1 real, 6491.3 MB
[runlim] sample:		109.5 time, 100.1 real, 4975.7 MB
[runlim] sample:		132.4 time, 110.1 real, 8784.3 MB
[runlim] sample:		145.9 time, 120.1 real, 10108.1 MB
[runlim] sample:		161.5 time, 130.1 real, 8828.6 MB
[runlim] sample:		171.5 time, 140.1 real, 9948.7 MB
[runlim] sample:		181.5 time, 150.1 real, 8507.6 MB
[runlim] sample:		216.3 time, 160.1 real, 12145.9 MB
[runlim] sample:		266.2 time, 170.1 real, 18183.3 MB
[runlim] sample:		324.5 time, 180.1 real, 19198.8 MB
Value Cyclic-Antibandwidth: 4
Labels: [1337, 568, 574, 1334, 670, 577, 1332, 1338, 576, 1279, 1272, 1224, 1179, 585, 589, 941, 588, 592, 142, 146, 742, 746, 591, 555, 1300, 602, 572, 21, 7, 33, 19, 403, 235, 61, 10, 608, 36, 977, 23, 613, 28, 614, 617, 30, 623, 630, 27, 1242, 627, 37, 66, 625, 31, 73, 42, 38, 622, 39, 71, 645, 40, 648, 626, 41, 65, 44, 644, 64, 76, 649, 55, 658, 651, 53, 1275, 1112, 519, 659, 1265, 514, 427, 655, 50, 662, 665, 85, 1291, 669, 56, 641, 84, 673, 674, 88, 89, 647, 2, 690, 683, 678, 668, 1306, 675, 1005, 92, 677, 681, 1312, 688, 1304, 533, 1165, 1303, 1172, 694, 552, 118, 1325, 702, 1313, 714, 699, 1267, 158, 698, 129, 703, 162, 719, 1322, 695, 116, 696, 721, 113, 108, 722, 709, 63, 52, 11, 3, 1316, 60, 6, 97, 12, 26, 13, 32, 124, 132, 125, 159, 131, 122, 154, 741, 352, 130, 128, 151, 140, 163, 68, 133, 152, 137, 744, 138, 135, 145, 353, 743, 745, 153, 757, 25, 147, 756, 174, 164, 156, 774, 354, 759, 760, 1040, 761, 178, 775, 166, 167, 780, 175, 355, 783, 177, 144, 779, 778, 172, 189, 786, 191, 781, 184, 351, 793, 221, 337, 187, 213, 787, 789, 257, 798, 58, 161, 792, 74, 790, 200, 796, 799, 1283, 78, 261, 305, 797, 195, 814, 804, 813, 827, 345, 812, 185, 188, 810, 822, 815, 245, 192, 811, 685, 194, 817, 293, 148, 818, 87, 101, 682, 199, 103, 112, 1323, 281, 841, 697, 109, 111, 1309, 301, 198, 120, 857, 848, 362, 360, 835, 853, 978, 255, 855, 643, 856, 863, 869, 858, 243, 17, 1328, 358, 866, 231, 69, 227, 223, 350, 287, 219, 1246, 319, 215, 211, 315, 335, 884, 343, 207, 205, 271, 311, 267, 331, 203, 349, 263, 896, 348, 283, 209, 210, 214, 212, 905, 902, 222, 899, 224, 226, 922, 228, 232, 169, 238, 913, 907, 897, 246, 908, 248, 250, 910, 252, 256, 942, 262, 911, 264, 929, 270, 268, 272, 274, 278, 276, 928, 933, 286, 1162, 288, 948, 917, 290, 937, 938, 949, 273, 961, 304, 944, 306, 943, 289, 955, 946, 318, 320, 959, 322, 960, 285, 332, 330, 334, 336, 342, 344, 980, 340, 958, 367, 375, 329, 967, 966, 823, 377, 269, 333, 1249, 843, 341, 1001, 317, 233, 963, 850, 201, 197, 217, 984, 388, 402, 986, 386, 747, 202, 432, 401, 373, 988, 368, 991, 251, 405, 1009, 412, 1000, 1230, 860, 859, 59, 919, 489, 1014, 291, 410, 1018, 384, 430, 414, 1022, 409, 415, 1020, 486, 416, 1024, 381, 1051, 420, 1270, 1041, 491, 435, 421, 422, 436, 974, 434, 437, 425, 492, 438, 216, 378, 1039, 1049, 1057, 487, 439, 1042, 453, 441, 443, 1055, 1056, 454, 450, 445, 1074, 556, 254, 1069, 557, 455, 446, 684, 1067, 447, 1066, 456, 457, 452, 460, 469, 496, 459, 1072, 1080, 1086, 1068, 1081, 493, 294, 477, 1121, 1084, 302, 1091, 308, 1123, 1095, 312, 1090, 473, 474, 497, 498, 1093, 481, 501, 1094, 1108, 510, 1119, 483, 507, 502, 1104, 517, 1101, 1100, 476, 1105, 495, 512, 379, 1111, 969, 970, 370, 971, 382, 985, 518, 428, 391, 994, 1127, 1132, 1142, 1152, 530, 1137, 531, 540, 1135, 1146, 1136, 1153, 1118, 542, 983, 536, 1145, 998, 1144, 1158, 398, 1147, 406, 997, 1157, 871, 1013, 15, 713, 1156, 95, 925, 1155, 573, 1159, 562, 558, 559, 635, 584, 1169, 549, 1181, 553, 1192, 727, 565, 652, 575, 567, 729, 1180, 734, 578, 569, 566, 581, 1186, 449, 426, 1188, 579, 583, 587, 1199, 601, 596, 580, 1211, 1204, 1168, 593, 582, 1218, 600, 599, 1257, 586, 590, 605, 637, 463, 611, 612, 603, 607, 616, 96, 609, 736, 610, 1227, 621, 620, 1220, 1237, 1225, 1232, 604, 1226, 1235, 1240, 1247, 636, 467, 619, 642, 1255, 632, 706, 638, 631, 1239, 624, 633, 1253, 639, 1250, 1245, 628, 646, 629, 1252, 653, 660, 1271, 661, 1266, 1274, 654, 1261, 509, 1133, 521, 1113, 1129, 524, 689, 525, 522, 515, 1285, 1278, 1276, 663, 773, 1297, 1296, 667, 672, 666, 1282, 676, 1277, 1292, 1154, 1287, 671, 1149, 1311, 679, 1299, 1143, 535, 1302, 539, 1167, 408, 570, 571, 546, 413, 1305, 545, 99, 1203, 550, 1319, 708, 488, 1321, 718, 1329, 700, 1317, 701, 1073, 1331, 704, 707, 712, 728, 1340, 711, 705, 451, 710, 9, 1124, 1004, 4, 1208, 1, 5, 14, 143, 121, 716, 730, 715, 732, 733, 615, 725, 739, 754, 735, 731, 720, 748, 20, 740, 461, 18, 737, 749, 738, 766, 366, 634, 768, 750, 1163, 767, 758, 22, 751, 35, 717, 47, 618, 755, 107, 29, 772, 762, 24, 770, 763, 43, 788, 776, 821, 784, 45, 769, 764, 62, 765, 51, 34, 777, 771, 782, 48, 801, 785, 830, 67, 75, 57, 650, 46, 657, 1269, 72, 511, 49, 795, 54, 806, 656, 753, 77, 126, 81, 664, 98, 805, 833, 80, 809, 800, 100, 802, 93, 82, 86, 820, 110, 160, 90, 842, 83, 808, 724, 686, 1301, 680, 543, 1310, 687, 845, 692, 836, 1281, 102, 851, 693, 119, 829, 106, 94, 1251, 114, 844, 136, 183, 594, 840, 150, 123, 862, 828, 117, 598, 462, 854, 8, 936, 640, 920, 873, 876, 865, 893, 868, 870, 877, 878, 872, 892, 864, 874, 879, 134, 875, 861, 867, 901, 880, 894, 882, 883, 895, 918, 149, 904, 885, 881, 886, 887, 139, 888, 141, 155, 889, 165, 890, 752, 900, 176, 923, 906, 168, 356, 173, 914, 157, 926, 909, 363, 921, 931, 171, 924, 834, 912, 179, 930, 915, 903, 916, 181, 932, 180, 186, 934, 950, 935, 791, 365, 249, 927, 208, 313, 794, 182, 325, 241, 939, 265, 807, 321, 229, 803, 947, 361, 953, 225, 1122, 196, 968, 956, 951, 952, 957, 277, 190, 297, 816, 962, 838, 193, 979, 237, 987, 837, 825, 691, 824, 826, 91, 847, 115, 359, 104, 397, 105, 846, 253, 440, 973, 995, 170, 206, 849, 989, 891, 339, 259, 852, 1006, 1161, 303, 327, 247, 239, 299, 374, 16, 723, 70, 431, 490, 429, 1008, 1007, 1029, 1017, 1027, 279, 1010, 1012, 1031, 1033, 1023, 275, 1015, 1206, 1035, 1030, 1026, 1025, 1021, 1034, 1050, 1052, 307, 1045, 1036, 1037, 1032, 1038, 1043, 1044, 218, 898, 220, 1028, 1046, 230, 1047, 1048, 234, 1062, 236, 240, 1064, 1058, 244, 1054, 1059, 242, 1060, 1076, 258, 1063, 260, 1070, 266, 1079, 1053, 1075, 1061, 1071, 1082, 1092, 282, 280, 284, 940, 292, 1098, 1065, 1083, 296, 819, 300, 298, 1085, 945, 975, 1096, 310, 1088, 314, 316, 1103, 324, 1102, 1089, 326, 328, 1097, 1099, 1110, 1078, 1120, 338, 964, 346, 1087, 1109, 347, 369, 1130, 981, 371, 965, 383, 204, 309, 972, 376, 1106, 996, 1003, 385, 990, 394, 387, 392, 1134, 1117, 393, 992, 1139, 390, 1140, 1290, 999, 1141, 400, 993, 482, 127, 395, 1011, 1016, 399, 1019, 364, 1002, 976, 1293, 396, 504, 494, 417, 1183, 499, 1170, 407, 1171, 1151, 418, 1173, 1160, 411, 1174, 419, 1177, 433, 1182, 1187, 1166, 1178, 1190, 1196, 423, 1189, 1195, 1185, 1193, 1175, 424, 1176, 839, 831, 442, 1194, 1202, 448, 1184, 1198, 1191, 534, 458, 1213, 1200, 1197, 444, 1207, 1216, 1201, 1210, 1212, 1221, 1217, 1077, 1223, 1205, 1229, 1219, 1209, 1214, 1222, 1236, 1215, 475, 1244, 465, 470, 466, 464, 471, 1231, 480, 505, 484, 468, 1233, 478, 954, 472, 503, 1234, 1241, 1243, 1238, 485, 1228, 1258, 479, 500, 1263, 506, 1264, 1254, 1259, 513, 1260, 1262, 508, 1248, 606, 1116, 1256, 1107, 832, 1268, 1128, 372, 1125, 1126, 1114, 1131, 1115, 520, 516, 523, 532, 1288, 526, 1289, 1138, 1280, 1284, 1273, 538, 1298, 527, 544, 1286, 529, 1294, 1164, 528, 541, 548, 537, 1148, 561, 389, 1150, 404, 295, 1308, 323, 554, 982, 547, 563, 79, 380, 595, 1314, 1295, 597, 1315, 551, 1320, 560, 1307, 564, 357, 1327, 1336, 1318, 1326, 726, 1330, 1324, 1335, 1333, 1339]
Correct solution
(w = 5) Building and Solving
[runlim] sample:		360.4 time, 190.1 real, 4957.5 MB
[runlim] sample:		370.4 time, 200.1 real, 5755.6 MB
[runlim] sample:		380.4 time, 210.1 real, 6299.3 MB
[runlim] sample:		390.4 time, 220.1 real, 4062.3 MB
[runlim] sample:		402.9 time, 230.1 real, 4747.0 MB
[runlim] sample:		419.4 time, 240.1 real, 4076.0 MB
[runlim] sample:		429.4 time, 250.1 real, 4873.5 MB
[runlim] sample:		439.4 time, 260.1 real, 7864.6 MB
[runlim] sample:		449.4 time, 270.1 real, 8112.1 MB
[runlim] sample:		459.4 time, 280.1 real, 5706.9 MB
[runlim] sample:		469.4 time, 290.1 real, 6309.6 MB
[runlim] sample:		491.8 time, 300.1 real, 8251.1 MB
[runlim] sample:		507.1 time, 310.1 real, 9663.7 MB
[runlim] sample:		521.0 time, 320.1 real, 8285.2 MB
[runlim] sample:		531.0 time, 330.1 real, 9511.8 MB
[runlim] sample:		541.0 time, 340.1 real, 9916.7 MB
[runlim] sample:		571.6 time, 350.1 real, 13060.7 MB
[runlim] sample:		616.5 time, 360.1 real, 19223.8 MB
[runlim] sample:		673.2 time, 370.1 real, 5424.8 MB
Value Cyclic-Antibandwidth: 5
Labels: [1336, 1315, 1, 1327, 670, 1326, 1330, 1321, 1311, 1258, 1146, 891, 544, 40, 595, 406, 716, 752, 238, 146, 43, 33, 10, 151, 152, 622, 22, 142, 614, 882, 147, 19, 628, 11, 27, 638, 23, 32, 38, 45, 7, 53, 31, 20, 63, 631, 21, 26, 17, 25, 35, 42, 39, 884, 632, 37, 645, 34, 46, 648, 41, 28, 56, 656, 76, 49, 50, 661, 57, 77, 69, 58, 96, 55, 75, 667, 666, 60, 121, 52, 85, 665, 668, 59, 122, 671, 673, 87, 683, 62, 86, 78, 80, 71, 684, 84, 126, 79, 82, 244, 81, 89, 99, 83, 16, 688, 104, 698, 1301, 1296, 693, 1304, 415, 1305, 1312, 721, 136, 725, 710, 105, 708, 113, 103, 732, 118, 54, 399, 102, 112, 106, 124, 114, 329, 115, 116, 736, 117, 328, 132, 95, 200, 553, 637, 199, 15, 198, 133, 14, 137, 12, 120, 134, 150, 135, 108, 744, 139, 145, 48, 18, 742, 156, 128, 748, 127, 141, 747, 148, 149, 154, 144, 162, 175, 164, 125, 94, 167, 153, 160, 166, 173, 163, 131, 158, 159, 129, 299, 778, 165, 182, 155, 130, 184, 168, 178, 185, 176, 187, 791, 179, 215, 793, 188, 214, 186, 787, 790, 189, 717, 245, 191, 174, 183, 172, 241, 180, 210, 801, 808, 211, 203, 190, 192, 804, 218, 206, 715, 821, 213, 822, 823, 205, 197, 212, 202, 220, 826, 207, 208, 231, 235, 230, 219, 224, 227, 209, 239, 832, 177, 88, 840, 140, 834, 109, 278, 835, 107, 852, 232, 844, 300, 841, 281, 254, 268, 284, 286, 246, 857, 248, 269, 706, 247, 256, 1245, 249, 326, 869, 252, 259, 267, 260, 8, 703, 217, 757, 255, 263, 291, 264, 266, 257, 265, 271, 275, 285, 274, 289, 297, 276, 292, 272, 894, 294, 273, 225, 295, 282, 897, 283, 279, 296, 293, 298, 301, 314, 306, 312, 444, 303, 290, 304, 308, 316, 552, 313, 315, 305, 309, 321, 397, 311, 288, 307, 322, 366, 310, 323, 317, 332, 928, 333, 394, 930, 325, 320, 334, 939, 932, 368, 324, 330, 361, 340, 341, 335, 337, 369, 346, 954, 945, 336, 357, 345, 347, 948, 957, 352, 1012, 958, 349, 967, 960, 354, 343, 348, 350, 362, 970, 353, 371, 351, 355, 360, 364, 356, 375, 365, 372, 233, 984, 373, 383, 842, 978, 379, 287, 980, 374, 990, 376, 989, 983, 998, 388, 378, 380, 390, 381, 994, 414, 382, 411, 384, 405, 413, 223, 391, 367, 1006, 407, 386, 1017, 410, 865, 6, 2, 13, 393, 424, 426, 417, 412, 419, 421, 398, 427, 437, 433, 423, 420, 400, 443, 434, 1028, 429, 430, 459, 425, 436, 1037, 431, 432, 445, 455, 440, 439, 450, 448, 456, 453, 490, 460, 447, 441, 452, 449, 457, 461, 446, 442, 462, 454, 465, 395, 491, 468, 498, 463, 469, 458, 479, 1068, 527, 464, 1071, 492, 471, 526, 1082, 474, 487, 1083, 482, 489, 477, 466, 475, 478, 484, 493, 529, 1088, 494, 480, 495, 503, 1098, 525, 1091, 1092, 1108, 451, 1109, 731, 486, 497, 512, 472, 499, 1104, 604, 521, 504, 500, 505, 508, 728, 507, 1116, 533, 1125, 1118, 510, 511, 519, 403, 1127, 1128, 514, 1129, 515, 517, 1126, 523, 1132, 538, 518, 536, 547, 531, 1147, 528, 540, 1270, 730, 556, 530, 550, 559, 543, 1152, 564, 1160, 428, 1161, 1154, 1010, 416, 422, 36, 1277, 1157, 551, 216, 565, 560, 539, 592, 571, 568, 573, 578, 584, 574, 566, 1171, 575, 594, 572, 585, 580, 1189, 577, 579, 586, 555, 582, 608, 576, 590, 569, 601, 587, 602, 588, 581, 600, 609, 598, 633, 607, 603, 589, 610, 616, 613, 606, 689, 611, 554, 612, 596, 624, 1221, 627, 591, 1223, 615, 639, 605, 1218, 625, 618, 1226, 597, 642, 623, 621, 644, 620, 646, 626, 634, 1239, 636, 643, 629, 619, 1243, 630, 640, 1244, 501, 653, 1246, 1260, 659, 680, 650, 662, 651, 1250, 664, 635, 617, 649, 657, 669, 658, 655, 1264, 681, 1267, 1278, 660, 663, 677, 672, 1284, 532, 652, 682, 1279, 686, 542, 675, 1291, 691, 704, 685, 729, 701, 1285, 696, 674, 676, 697, 709, 692, 695, 679, 690, 1299, 1288, 714, 1309, 1155, 1162, 561, 557, 700, 1303, 722, 1173, 1314, 570, 1306, 694, 1322, 720, 734, 392, 723, 733, 719, 712, 735, 705, 687, 718, 724, 520, 385, 1340, 358, 488, 549, 678, 193, 90, 1287, 756, 91, 221, 92, 65, 4, 67, 3, 93, 66, 240, 64, 746, 738, 654, 739, 740, 641, 758, 749, 745, 759, 750, 760, 761, 751, 762, 280, 753, 763, 754, 764, 765, 755, 767, 143, 774, 766, 775, 768, 769, 776, 770, 777, 47, 771, 779, 772, 773, 780, 789, 782, 781, 30, 783, 24, 792, 784, 51, 785, 786, 794, 44, 795, 796, 788, 798, 820, 805, 797, 806, 799, 800, 807, 97, 70, 809, 802, 810, 803, 72, 811, 73, 1281, 812, 61, 814, 157, 824, 815, 825, 816, 817, 74, 818, 827, 828, 819, 830, 885, 837, 829, 838, 831, 119, 727, 699, 100, 713, 138, 711, 123, 836, 101, 170, 845, 98, 853, 110, 854, 855, 847, 856, 848, 849, 111, 850, 858, 859, 851, 861, 886, 868, 860, 327, 862, 863, 870, 864, 5, 883, 524, 873, 866, 867, 874, 887, 876, 875, 888, 877, 889, 890, 878, 892, 879, 880, 893, 881, 29, 896, 743, 895, 903, 904, 161, 905, 898, 899, 906, 900, 907, 908, 901, 909, 902, 918, 911, 919, 910, 912, 920, 913, 921, 922, 914, 923, 915, 916, 924, 917, 925, 927, 949, 926, 934, 935, 169, 936, 929, 195, 937, 931, 938, 181, 253, 940, 933, 950, 942, 951, 941, 943, 952, 944, 953, 196, 226, 955, 946, 947, 956, 201, 813, 959, 204, 194, 966, 228, 222, 968, 961, 962, 969, 963, 229, 971, 964, 972, 965, 981, 974, 982, 973, 975, 839, 833, 726, 985, 977, 251, 236, 979, 843, 258, 988, 234, 1013, 846, 997, 242, 991, 999, 992, 993, 1000, 741, 1001, 1002, 995, 1003, 996, 1014, 1005, 1015, 1004, 250, 1016, 1007, 871, 872, 68, 702, 243, 593, 1020, 1011, 1021, 1023, 1139, 1022, 1030, 1031, 1024, 1032, 1025, 1026, 1033, 1027, 1034, 1035, 277, 1036, 1029, 1045, 1038, 1046, 237, 1039, 1047, 1040, 1048, 1049, 1041, 1050, 1042, 1043, 1051, 1044, 1052, 1054, 1076, 1053, 1061, 1062, 1055, 1063, 1056, 1057, 1064, 1058, 1065, 1066, 1059, 1067, 1060, 1077, 1069, 1078, 318, 1070, 1079, 319, 1080, 1081, 1072, 339, 1073, 1074, 338, 1075, 1084, 1086, 1140, 1085, 1093, 1094, 1087, 1095, 342, 1089, 1096, 1090, 1097, 331, 302, 1099, 359, 344, 1101, 370, 1100, 1102, 1110, 1103, 1111, 1112, 363, 1113, 1105, 1106, 1114, 1107, 1115, 1117, 1141, 976, 1124, 402, 389, 986, 1119, 1120, 987, 1121, 401, 387, 737, 1130, 1123, 396, 408, 377, 1131, 1133, 1144, 1134, 1145, 409, 1135, 1148, 1136, 1137, 1149, 1138, 1151, 1150, 1158, 404, 1159, 1018, 1008, 1019, 1009, 270, 262, 1266, 1163, 1164, 647, 1166, 418, 1174, 1165, 1175, 1167, 1168, 1176, 1169, 1177, 1178, 1170, 1179, 435, 1172, 1180, 1204, 1182, 1181, 438, 1183, 1190, 1191, 1184, 1192, 1185, 1186, 1193, 1187, 1194, 1195, 1188, 1197, 1205, 1206, 1196, 1207, 1198, 1199, 1208, 1200, 1209, 1210, 1201, 1211, 1202, 1203, 1212, 1253, 1214, 1213, 470, 1215, 1222, 707, 1216, 1224, 1217, 473, 1225, 1219, 476, 1227, 1220, 1229, 1236, 1237, 1228, 1238, 1230, 1231, 467, 1232, 1240, 1242, 1233, 481, 1234, 1235, 485, 1254, 483, 502, 496, 1248, 1241, 1265, 1249, 1256, 506, 1251, 1257, 1247, 1268, 1269, 1262, 1252, 1263, 516, 1275, 509, 535, 1273, 1261, 1276, 513, 522, 1122, 1289, 541, 1142, 1271, 1143, 1274, 534, 1282, 1259, 1283, 1272, 1293, 537, 1295, 1280, 1286, 1300, 1290, 1292, 1297, 1307, 1298, 558, 1153, 545, 583, 567, 546, 1156, 261, 562, 1317, 548, 9, 1255, 563, 1294, 1320, 171, 1313, 1316, 1302, 1334, 1308, 1328, 1319, 1310, 1331, 1335, 1329, 1324, 1337, 1323, 599, 1318, 1332, 1338, 1325, 1333, 1339]
Correct solution
(w = 6) Building and Solving
[runlim] sample:		683.2 time, 380.1 real, 6170.9 MB
[runlim] sample:		693.2 time, 390.1 real, 7064.2 MB
[runlim] sample:		703.2 time, 400.1 real, 7107.0 MB
[runlim] sample:		713.2 time, 410.1 real, 5580.4 MB
[runlim] sample:		728.4 time, 420.1 real, 5743.1 MB
[runlim] sample:		742.2 time, 430.1 real, 5580.5 MB
[runlim] sample:		752.2 time, 440.1 real, 5766.2 MB
[runlim] sample:		762.2 time, 450.1 real, 8306.8 MB
[runlim] sample:		772.2 time, 460.1 real, 8867.0 MB
[runlim] sample:		782.2 time, 470.1 real, 8303.8 MB
[runlim] sample:		792.2 time, 480.1 real, 6152.5 MB
[runlim] sample:		814.0 time, 490.1 real, 8872.3 MB
[runlim] sample:		826.0 time, 500.1 real, 10291.1 MB
[runlim] sample:		842.6 time, 510.1 real, 8904.5 MB
[runlim] sample:		852.6 time, 520.1 real, 8904.5 MB
[runlim] sample:		862.6 time, 530.1 real, 10245.3 MB
[runlim] sample:		872.6 time, 540.1 real, 10666.5 MB
[runlim] sample:		903.5 time, 550.1 real, 13928.7 MB
[runlim] sample:		949.4 time, 560.1 real, 21222.7 MB
[runlim] sample:		1007.2 time, 570.1 real, 21576.5 MB
[runlim] sample:		1066.3 time, 580.1 real, 24503.5 MB
Value Cyclic-Antibandwidth: 6
Labels: [1335, 1243, 1, 1319, 670, 1320, 1328, 1306, 1297, 1286, 1263, 1325, 1164, 1094, 1022, 894, 786, 440, 273, 260, 219, 225, 204, 217, 24, 36, 283, 18, 141, 19, 148, 882, 742, 142, 44, 743, 748, 38, 15, 45, 46, 84, 32, 11, 631, 28, 26, 201, 27, 85, 34, 57, 13, 37, 134, 31, 632, 60, 47, 68, 48, 35, 39, 51, 129, 53, 52, 40, 56, 64, 76, 50, 49, 58, 41, 65, 59, 66, 71, 108, 69, 55, 62, 70, 63, 82, 72, 61, 79, 107, 42, 67, 73, 98, 101, 74, 92, 75, 80, 93, 100, 83, 89, 99, 87, 136, 130, 90, 133, 96, 97, 119, 91, 102, 109, 131, 103, 77, 116, 20, 112, 104, 105, 113, 94, 110, 230, 121, 115, 124, 123, 114, 95, 118, 713, 127, 126, 111, 146, 140, 29, 9, 8, 22, 12, 21, 23, 10, 25, 43, 17, 30, 16, 88, 86, 749, 128, 135, 144, 156, 272, 120, 132, 150, 81, 154, 152, 139, 161, 173, 145, 153, 151, 157, 159, 147, 166, 78, 149, 155, 122, 170, 171, 177, 174, 158, 160, 169, 744, 803, 178, 162, 750, 172, 163, 188, 179, 164, 203, 181, 165, 185, 187, 167, 182, 176, 168, 183, 175, 184, 200, 193, 186, 675, 180, 235, 192, 209, 208, 194, 206, 197, 189, 212, 198, 191, 210, 218, 229, 214, 216, 195, 196, 207, 223, 215, 205, 213, 199, 221, 211, 228, 224, 236, 241, 222, 231, 245, 226, 232, 125, 726, 240, 246, 220, 233, 247, 202, 269, 248, 239, 249, 250, 242, 251, 243, 244, 252, 234, 253, 254, 270, 255, 262, 266, 256, 264, 138, 257, 267, 274, 258, 268, 275, 259, 281, 238, 294, 285, 271, 363, 277, 316, 871, 280, 293, 278, 292, 261, 279, 265, 276, 299, 289, 297, 237, 282, 298, 284, 296, 352, 286, 300, 315, 287, 302, 288, 306, 301, 290, 305, 295, 311, 303, 291, 304, 355, 328, 307, 357, 317, 308, 354, 309, 310, 323, 312, 320, 322, 313, 324, 331, 314, 321, 318, 325, 327, 338, 332, 319, 344, 326, 350, 335, 333, 365, 337, 329, 353, 336, 330, 339, 340, 356, 341, 349, 334, 343, 358, 342, 345, 364, 346, 366, 427, 348, 368, 359, 360, 428, 431, 372, 347, 361, 385, 362, 371, 377, 374, 380, 398, 351, 382, 369, 375, 381, 373, 388, 430, 397, 383, 376, 370, 384, 393, 386, 387, 378, 367, 396, 432, 389, 404, 390, 392, 401, 394, 429, 402, 395, 405, 399, 412, 406, 391, 407, 436, 413, 379, 435, 409, 419, 410, 418, 447, 411, 403, 434, 414, 425, 415, 408, 441, 416, 445, 417, 421, 442, 731, 462, 439, 451, 420, 449, 453, 422, 400, 433, 426, 450, 446, 424, 452, 444, 456, 448, 490, 437, 443, 454, 455, 470, 651, 466, 475, 458, 476, 457, 459, 477, 460, 473, 1070, 461, 474, 463, 489, 1066, 464, 483, 479, 465, 480, 467, 472, 481, 469, 482, 1074, 491, 227, 499, 471, 484, 478, 485, 486, 493, 492, 501, 503, 526, 504, 494, 487, 502, 438, 506, 507, 495, 513, 500, 498, 510, 545, 512, 505, 497, 496, 725, 514, 508, 509, 520, 521, 557, 527, 511, 556, 519, 515, 524, 522, 532, 558, 516, 533, 523, 534, 528, 517, 535, 541, 518, 530, 544, 562, 537, 538, 531, 542, 548, 560, 540, 536, 529, 543, 554, 559, 568, 580, 546, 539, 547, 549, 567, 550, 570, 572, 551, 488, 552, 553, 571, 569, 586, 582, 595, 563, 577, 591, 585, 575, 564, 137, 594, 555, 590, 566, 576, 578, 561, 609, 589, 602, 579, 581, 596, 583, 598, 599, 618, 600, 584, 592, 601, 628, 573, 603, 625, 604, 597, 613, 605, 615, 606, 627, 614, 607, 623, 617, 608, 616, 610, 766, 620, 624, 720, 634, 588, 635, 622, 776, 719, 587, 612, 633, 626, 621, 629, 648, 636, 630, 640, 638, 650, 644, 525, 657, 637, 658, 619, 639, 653, 641, 654, 664, 642, 656, 643, 645, 655, 646, 659, 660, 647, 662, 649, 678, 661, 652, 663, 667, 717, 673, 679, 682, 665, 683, 666, 668, 681, 773, 686, 677, 700, 669, 680, 684, 671, 692, 672, 674, 685, 701, 691, 688, 676, 689, 697, 716, 690, 722, 775, 693, 703, 694, 687, 707, 695, 706, 696, 698, 708, 699, 709, 710, 774, 712, 718, 702, 711, 704, 468, 715, 705, 714, 611, 423, 190, 730, 6, 4, 728, 3, 729, 727, 2, 760, 7, 5, 734, 54, 1287, 732, 106, 735, 724, 723, 733, 777, 736, 737, 263, 738, 746, 745, 739, 747, 740, 759, 117, 741, 752, 753, 574, 754, 764, 780, 757, 778, 758, 721, 768, 761, 784, 755, 762, 33, 565, 765, 782, 593, 751, 789, 767, 756, 779, 769, 785, 770, 763, 791, 771, 790, 772, 802, 792, 799, 793, 788, 800, 783, 801, 794, 810, 795, 811, 804, 796, 805, 797, 814, 806, 819, 812, 808, 820, 781, 823, 798, 813, 817, 849, 827, 807, 834, 809, 821, 787, 883, 815, 833, 824, 818, 825, 826, 836, 884, 816, 852, 828, 822, 829, 845, 837, 830, 838, 839, 831, 841, 832, 851, 842, 850, 843, 844, 856, 885, 835, 864, 846, 840, 847, 848, 862, 870, 855, 857, 888, 858, 14, 865, 859, 867, 860, 876, 868, 878, 869, 887, 861, 872, 853, 866, 873, 891, 874, 880, 896, 875, 892, 854, 877, 881, 863, 890, 903, 899, 143, 906, 895, 905, 893, 886, 907, 897, 904, 879, 898, 889, 921, 916, 945, 901, 908, 910, 902, 912, 931, 900, 913, 922, 914, 915, 925, 946, 923, 928, 917, 911, 930, 918, 909, 932, 919, 926, 1011, 947, 929, 920, 991, 933, 962, 927, 934, 924, 935, 936, 948, 938, 949, 950, 937, 951, 939, 940, 952, 941, 953, 954, 942, 955, 943, 944, 958, 969, 959, 960, 967, 956, 968, 1014, 961, 1013, 957, 970, 978, 971, 963, 964, 972, 965, 974, 975, 984, 976, 966, 993, 977, 986, 1016, 979, 987, 980, 973, 995, 981, 989, 982, 983, 992, 1017, 994, 996, 1004, 997, 1020, 1012, 998, 1029, 1000, 1001, 985, 1002, 988, 1019, 1003, 990, 1015, 1005, 1028, 1006, 999, 1027, 1007, 1035, 1008, 1009, 1018, 1021, 1033, 1034, 1024, 1010, 1042, 1025, 1031, 1030, 1023, 1038, 1049, 1039, 1052, 1058, 1040, 1090, 1041, 1026, 1032, 1043, 1059, 1037, 1044, 1055, 1045, 1046, 1056, 1064, 1057, 1036, 1047, 1085, 1048, 1053, 1060, 1054, 1061, 1062, 1069, 1063, 1050, 1071, 1088, 1073, 1065, 1089, 1075, 1067, 1076, 1077, 1068, 1078, 1091, 1095, 1079, 1092, 1080, 1081, 1051, 1082, 1103, 1098, 1083, 1096, 1109, 1107, 1099, 1084, 1100, 1101, 1111, 1108, 1072, 1116, 1102, 1093, 1086, 1087, 1119, 1112, 1104, 1105, 1113, 1121, 1114, 1115, 1131, 1106, 1136, 1123, 1117, 1097, 1118, 1140, 1127, 1122, 1128, 1129, 1120, 1137, 1110, 1149, 1130, 1156, 1138, 1125, 1146, 1126, 1132, 1133, 1139, 1151, 1142, 1143, 1163, 1144, 1159, 1154, 1147, 1160, 1148, 1124, 1165, 1135, 1157, 1141, 1150, 1158, 1134, 1166, 1174, 1167, 1152, 1153, 1168, 1200, 1170, 1171, 1162, 1172, 1155, 1181, 1173, 1182, 1145, 1175, 1188, 1176, 1169, 1192, 1177, 1196, 1183, 1185, 1193, 1186, 1199, 1194, 1180, 1178, 1187, 1201, 1195, 1197, 1179, 1189, 1161, 1216, 1191, 1202, 1221, 1207, 1184, 1215, 1203, 1190, 1208, 1209, 1218, 1204, 1223, 1222, 1211, 1212, 1205, 1206, 1217, 1225, 1213, 1214, 1226, 1238, 1229, 1227, 1220, 1228, 1219, 1241, 1231, 1242, 1232, 1233, 1244, 1236, 1247, 1246, 1237, 1248, 1230, 1239, 1249, 1235, 1251, 1254, 1240, 1252, 1245, 1261, 1253, 1269, 1256, 1250, 1264, 1259, 1265, 1266, 1274, 1267, 1255, 1257, 1268, 1258, 1273, 1275, 1262, 1270, 1260, 1284, 1271, 1280, 1272, 1234, 1285, 1293, 1283, 1224, 1292, 1277, 1290, 1289, 1298, 1303, 1278, 1279, 1291, 1295, 1305, 1308, 1299, 1281, 1296, 1302, 1312, 1210, 1276, 1310, 1301, 1198, 1316, 1317, 1309, 1282, 1288, 1311, 1322, 1300, 1294, 1326, 1313, 1307, 1314, 1337, 1330, 1323, 1332, 1331, 1340, 1333, 1324, 1315, 1334, 1318, 1336, 1327, 1321, 1338, 1329, 1304, 1339]
Correct solution
(w = 7) Building and Solving
[runlim] sample:		1098.5 time, 590.1 real, 6347.1 MB
[runlim] sample:		1108.5 time, 600.1 real, 7131.9 MB
[runlim] sample:		1118.5 time, 610.1 real, 7907.4 MB
[runlim] sample:		1128.5 time, 620.1 real, 7907.4 MB
[runlim] sample:		1138.5 time, 630.1 real, 6589.8 MB
[runlim] sample:		1152.2 time, 640.1 real, 7133.1 MB
[runlim] sample:		1167.6 time, 650.1 real, 6617.0 MB
[runlim] sample:		1177.6 time, 660.1 real, 6617.0 MB
[runlim] sample:		1187.6 time, 670.1 real, 9624.3 MB
[runlim] sample:		1197.6 time, 680.1 real, 10704.1 MB
[runlim] sample:		1207.6 time, 690.1 real, 9692.6 MB
[runlim] sample:		1217.6 time, 700.1 real, 9692.6 MB
[runlim] sample:		1227.6 time, 710.1 real, 7320.4 MB
[runlim] sample:		1248.8 time, 720.1 real, 9884.3 MB
[runlim] sample:		1260.6 time, 730.1 real, 12742.3 MB
[runlim] sample:		1278.1 time, 740.1 real, 9916.4 MB
[runlim] sample:		1288.1 time, 750.1 real, 9916.4 MB
[runlim] sample:		1298.1 time, 760.1 real, 11362.4 MB
[runlim] sample:		1308.1 time, 770.1 real, 8662.2 MB
[runlim] sample:		1342.7 time, 780.1 real, 15236.5 MB
[runlim] sample:		1387.1 time, 790.1 real, 21216.8 MB
[runlim] sample:		1442.2 time, 800.1 real, 23873.5 MB
[runlim] sample:		1502.2 time, 810.1 real, 26815.5 MB
Value Cyclic-Antibandwidth: 7
Labels: [1184, 1192, 617, 1333, 584, 595, 1326, 588, 598, 587, 1261, 1211, 737, 1218, 456, 600, 453, 1203, 1212, 1071, 1215, 608, 199, 599, 964, 1062, 609, 76, 1222, 604, 602, 627, 622, 1234, 1239, 396, 1226, 1098, 624, 1237, 607, 493, 185, 113, 108, 628, 1223, 1235, 610, 1233, 1241, 249, 643, 631, 1102, 1265, 634, 494, 1270, 630, 1263, 1093, 508, 1251, 1253, 1287, 636, 1277, 633, 1267, 1242, 646, 1273, 1254, 651, 1276, 1260, 985, 525, 1256, 526, 1124, 653, 541, 1272, 1283, 40, 378, 545, 681, 530, 543, 678, 586, 1278, 675, 1297, 1200, 534, 1299, 696, 391, 548, 1217, 688, 1282, 397, 1135, 736, 547, 1004, 1169, 707, 556, 1308, 405, 555, 1304, 537, 557, 1330, 552, 1157, 1327, 701, 1320, 305, 705, 741, 83, 1322, 697, 507, 288, 1336, 725, 136, 926, 117, 290, 388, 505, 562, 594, 303, 142, 10, 664, 109, 26, 24, 695, 21, 111, 726, 137, 629, 132, 592, 120, 729, 157, 601, 730, 2, 1210, 96, 669, 733, 128, 133, 734, 134, 145, 611, 138, 747, 3, 139, 603, 114, 766, 151, 745, 152, 749, 162, 1259, 613, 774, 46, 53, 772, 754, 7, 780, 178, 251, 101, 309, 256, 23, 1269, 784, 635, 642, 804, 118, 786, 779, 180, 787, 181, 48, 1104, 1275, 641, 11, 789, 195, 190, 654, 44, 677, 674, 593, 658, 791, 776, 1285, 42, 682, 838, 47, 73, 542, 300, 809, 58, 685, 684, 816, 795, 64, 1305, 839, 818, 102, 1145, 67, 65, 1293, 71, 1314, 81, 566, 568, 441, 1321, 1171, 302, 702, 694, 105, 825, 84, 258, 1163, 79, 814, 227, 867, 829, 1252, 110, 103, 156, 872, 724, 72, 869, 9, 585, 982, 135, 242, 877, 91, 863, 276, 270, 293, 306, 1046, 865, 272, 886, 273, 878, 416, 894, 295, 661, 279, 883, 732, 285, 884, 278, 857, 141, 280, 298, 880, 888, 898, 907, 748, 738, 176, 296, 890, 140, 320, 289, 325, 330, 169, 896, 933, 918, 909, 90, 891, 159, 168, 124, 188, 175, 916, 782, 172, 796, 930, 174, 189, 342, 173, 917, 942, 170, 337, 1236, 800, 797, 946, 792, 194, 197, 939, 193, 911, 360, 922, 202, 803, 955, 29, 211, 836, 940, 201, 203, 961, 951, 217, 212, 812, 204, 819, 962, 208, 214, 365, 817, 223, 949, 966, 840, 233, 228, 987, 971, 1117, 78, 55, 1301, 967, 234, 692, 224, 716, 704, 237, 847, 999, 85, 977, 976, 241, 243, 864, 851, 264, 721, 250, 1011, 247, 244, 870, 860, 115, 1155, 717, 715, 387, 1079, 129, 462, 769, 1020, 380, 407, 304, 422, 1014, 1021, 424, 409, 1022, 1033, 434, 1006, 882, 1015, 960, 1034, 432, 415, 1042, 1026, 425, 1291, 1028, 417, 1038, 1036, 310, 1017, 297, 286, 1039, 619, 463, 1073, 467, 436, 1037, 454, 1044, 1061, 1054, 471, 326, 154, 260, 1049, 335, 319, 451, 927, 910, 332, 182, 323, 466, 354, 334, 1056, 1065, 1064, 920, 1066, 328, 329, 1067, 937, 1068, 499, 355, 1099, 465, 1077, 1105, 489, 1085, 1050, 945, 344, 198, 1087, 1072, 200, 366, 470, 349, 348, 1091, 1090, 1255, 954, 943, 252, 720, 215, 513, 222, 347, 367, 520, 959, 1151, 524, 301, 972, 373, 822, 850, 815, 392, 974, 376, 710, 63, 371, 390, 1137, 375, 1128, 978, 277, 401, 979, 1130, 1007, 418, 255, 74, 399, 1008, 1133, 1146, 1144, 404, 1018, 1134, 245, 266, 271, 246, 4, 983, 92, 171, 1303, 95, 1154, 1185, 437, 567, 573, 509, 560, 574, 412, 1176, 1165, 583, 1179, 563, 536, 1166, 1035, 589, 1207, 1196, 590, 575, 581, 433, 1052, 444, 516, 1053, 476, 1195, 445, 1202, 718, 1209, 618, 1188, 1208, 1009, 1198, 913, 1197, 1204, 1059, 807, 477, 1214, 1221, 448, 458, 660, 1230, 1220, 665, 452, 1219, 1227, 626, 483, 1231, 623, 1078, 1069, 1201, 1084, 350, 662, 1240, 615, 1232, 1258, 1086, 481, 640, 1088, 522, 1244, 1264, 359, 644, 511, 1103, 1245, 1246, 496, 1243, 122, 722, 521, 500, 364, 372, 663, 639, 1126, 1111, 638, 523, 1112, 671, 510, 676, 1123, 948, 1114, 398, 1116, 1125, 1288, 254, 969, 657, 1268, 1001, 1140, 1266, 1149, 400, 673, 377, 546, 1131, 549, 553, 1296, 1286, 706, 1311, 668, 558, 578, 1003, 1160, 427, 1019, 1032, 1153, 700, 1162, 550, 564, 565, 25, 1224, 1318, 1159, 164, 616, 559, 712, 576, 1173, 1337, 1329, 984, 571, 1310, 570, 1312, 1313, 232, 1317, 666, 739, 1331, 1339, 580, 761, 1193, 1097, 386, 383, 6, 381, 19, 596, 143, 17, 382, 1199, 315, 728, 597, 620, 612, 1058, 473, 731, 740, 621, 746, 206, 69, 758, 61, 18, 757, 777, 487, 292, 1187, 605, 760, 484, 614, 32, 213, 751, 778, 752, 775, 220, 161, 235, 1095, 625, 16, 767, 689, 192, 1247, 86, 647, 637, 1228, 514, 12, 645, 28, 652, 1271, 512, 14, 30, 22, 788, 31, 37, 649, 504, 45, 648, 1122, 1257, 36, 667, 1279, 474, 62, 519, 59, 49, 679, 56, 1300, 1289, 54, 1274, 531, 1307, 66, 77, 1284, 1280, 50, 687, 99, 680, 60, 719, 1298, 698, 1148, 1292, 759, 1152, 554, 1150, 735, 1316, 691, 569, 421, 1229, 1324, 104, 1175, 709, 1309, 856, 20, 1334, 832, 106, 98, 149, 708, 699, 830, 835, 131, 831, 1338, 116, 1315, 714, 13, 538, 659, 1249, 841, 723, 5, 842, 855, 858, 875, 876, 460, 866, 121, 868, 119, 881, 160, 743, 893, 895, 123, 144, 125, 885, 902, 158, 146, 765, 887, 150, 742, 744, 768, 39, 606, 785, 900, 147, 88, 924, 148, 904, 167, 770, 750, 153, 753, 755, 650, 166, 713, 155, 756, 781, 771, 773, 981, 762, 783, 15, 793, 632, 27, 210, 163, 41, 177, 179, 35, 518, 805, 806, 8, 33, 932, 790, 34, 184, 801, 802, 794, 655, 810, 191, 38, 1281, 798, 808, 950, 799, 207, 683, 656, 834, 52, 821, 837, 686, 43, 209, 57, 1306, 238, 218, 693, 820, 216, 1290, 236, 690, 1325, 823, 80, 824, 843, 70, 1302, 100, 75, 827, 229, 230, 848, 849, 828, 112, 126, 94, 107, 844, 852, 853, 672, 1262, 990, 986, 127, 879, 346, 1, 89, 1164, 130, 93, 311, 925, 294, 1024, 1013, 1005, 1029, 314, 262, 1012, 265, 1023, 274, 994, 275, 923, 992, 892, 316, 281, 1043, 317, 903, 1027, 321, 670, 318, 282, 1016, 899, 284, 889, 1040, 283, 727, 1096, 287, 1051, 1041, 897, 1048, 291, 312, 338, 901, 339, 906, 931, 914, 929, 915, 1060, 331, 333, 941, 1094, 231, 1055, 322, 912, 938, 327, 919, 345, 980, 935, 944, 196, 340, 947, 336, 183, 921, 341, 186, 362, 1070, 205, 833, 187, 936, 51, 529, 989, 356, 1075, 358, 353, 975, 953, 219, 361, 577, 363, 351, 956, 965, 957, 253, 357, 958, 970, 225, 811, 394, 389, 813, 973, 374, 239, 703, 988, 845, 226, 846, 826, 419, 82, 240, 379, 991, 261, 996, 997, 402, 998, 263, 403, 873, 259, 859, 426, 993, 968, 307, 410, 257, 861, 854, 1010, 764, 1100, 711, 269, 1194, 461, 97, 384, 464, 408, 459, 1156, 1174, 438, 411, 1030, 428, 1025, 429, 443, 413, 1161, 1177, 468, 439, 1182, 430, 420, 1180, 1136, 440, 431, 908, 1031, 928, 905, 1205, 435, 165, 479, 1138, 449, 1191, 442, 469, 1057, 299, 1047, 446, 472, 450, 1213, 1045, 1186, 478, 324, 1074, 480, 1063, 1206, 475, 490, 1083, 1076, 455, 1081, 457, 1216, 482, 506, 485, 1082, 1250, 486, 503, 1225, 488, 447, 934, 352, 1118, 343, 1080, 495, 1089, 517, 492, 1092, 952, 491, 1106, 1107, 963, 1108, 498, 1121, 1109, 497, 527, 1110, 501, 528, 502, 1248, 368, 1119, 1101, 369, 1113, 515, 1115, 221, 370, 1002, 393, 535, 1139, 1127, 532, 1120, 395, 308, 68, 1129, 1141, 1295, 1142, 1143, 533, 544, 1132, 1000, 540, 1294, 539, 1147, 995, 414, 406, 862, 871, 268, 423, 874, 267, 1167, 87, 1238, 1170, 1158, 1183, 385, 551, 1335, 763, 1181, 1319, 1168, 561, 1340, 248, 1332, 313, 1178, 1190, 572, 579, 1323, 591, 582, 1328, 1172, 1189]
Correct solution
(w = 8) Building and Solving
[runlim] sample:		1526.8 time, 820.1 real, 7154.1 MB
[runlim] sample:		1536.8 time, 830.1 real, 8035.3 MB
[runlim] sample:		1546.8 time, 840.1 real, 8426.2 MB
[runlim] sample:		1556.8 time, 850.1 real, 6579.5 MB
[runlim] sample:		1566.8 time, 860.1 real, 6579.5 MB
[runlim] sample:		1583.7 time, 870.1 real, 7410.8 MB
[runlim] sample:		1597.3 time, 880.1 real, 6599.9 MB
[runlim] sample:		1607.3 time, 890.1 real, 6599.9 MB
[runlim] sample:		1617.3 time, 900.1 real, 10051.1 MB
[runlim] sample:		1627.3 time, 910.1 real, 11123.4 MB
[runlim] sample:		1637.3 time, 920.1 real, 10119.4 MB
[runlim] sample:		1647.3 time, 930.1 real, 10119.4 MB
[runlim] sample:		1657.3 time, 940.1 real, 7514.6 MB
[runlim] sample:		1677.6 time, 950.1 real, 8514.6 MB
[runlim] sample:		1687.6 time, 960.1 real, 10300.2 MB
[runlim] sample:		1703.6 time, 970.1 real, 13214.3 MB
[runlim] sample:		1716.9 time, 980.1 real, 10257.4 MB
[runlim] sample:		1726.9 time, 990.1 real, 10257.4 MB
[runlim] sample:		1736.9 time, 1000.1 real, 11818.8 MB
[runlim] sample:		1747.1 time, 1010.1 real, 9065.0 MB
[runlim] sample:		1783.9 time, 1020.1 real, 15857.0 MB
[runlim] sample:		1829.9 time, 1030.1 real, 23394.1 MB
[runlim] sample:		1880.7 time, 1040.1 real, 25056.0 MB
[runlim] sample:		1940.6 time, 1050.1 real, 28389.0 MB
Value Cyclic-Antibandwidth: 8
Labels: [591, 1187, 435, 607, 437, 595, 447, 1203, 605, 454, 1213, 441, 1065, 599, 1075, 456, 1056, 444, 473, 1193, 612, 150, 1217, 865, 641, 1204, 1234, 488, 27, 1241, 470, 30, 1239, 529, 604, 257, 606, 766, 631, 1225, 648, 1226, 622, 1253, 481, 625, 356, 1229, 642, 651, 628, 52, 41, 1242, 1259, 42, 1247, 524, 1172, 509, 1263, 655, 646, 1257, 975, 1256, 499, 658, 504, 638, 1264, 1255, 660, 1271, 515, 1123, 969, 761, 654, 676, 146, 1270, 65, 553, 1296, 987, 521, 1291, 1140, 547, 402, 526, 527, 562, 548, 74, 672, 684, 1287, 675, 539, 106, 690, 1326, 400, 682, 546, 564, 528, 544, 1304, 1032, 734, 1306, 551, 1174, 1305, 566, 664, 1308, 1329, 44, 799, 568, 132, 883, 572, 103, 253, 1334, 1180, 726, 275, 744, 735, 121, 25, 700, 1327, 1199, 467, 714, 113, 1190, 339, 1194, 1, 458, 6, 24, 602, 7, 613, 598, 40, 21, 46, 72, 624, 129, 1330, 737, 140, 760, 135, 601, 739, 614, 740, 167, 173, 741, 18, 1210, 608, 32, 742, 1246, 619, 183, 78, 746, 176, 754, 116, 76, 777, 972, 802, 39, 493, 511, 775, 98, 181, 778, 277, 652, 49, 472, 62, 782, 661, 58, 1258, 774, 55, 636, 68, 786, 188, 805, 635, 73, 1091, 57, 804, 662, 790, 205, 148, 75, 202, 793, 1280, 138, 1262, 152, 1292, 685, 1139, 674, 818, 61, 1285, 788, 94, 210, 64, 97, 1288, 814, 563, 834, 692, 1311, 1302, 706, 557, 1303, 1324, 686, 841, 1161, 107, 695, 550, 1307, 126, 552, 1309, 711, 99, 282, 720, 846, 267, 1331, 849, 1320, 2, 1106, 50, 801, 863, 261, 264, 854, 878, 169, 868, 707, 45, 912, 4, 800, 105, 531, 228, 1175, 432, 302, 51, 1235, 875, 887, 885, 288, 128, 280, 290, 886, 530, 423, 314, 284, 429, 900, 165, 292, 256, 916, 879, 921, 162, 295, 924, 147, 300, 166, 34, 918, 922, 309, 919, 763, 764, 168, 137, 83, 38, 185, 77, 172, 100, 324, 927, 1019, 179, 930, 101, 178, 872, 944, 180, 783, 784, 198, 196, 187, 344, 914, 1133, 197, 789, 371, 115, 791, 207, 647, 220, 200, 950, 226, 812, 177, 203, 816, 204, 941, 233, 955, 82, 234, 208, 977, 235, 209, 182, 958, 822, 689, 211, 236, 242, 842, 824, 214, 723, 829, 959, 968, 694, 964, 225, 390, 231, 240, 833, 843, 559, 862, 844, 246, 110, 560, 730, 859, 860, 832, 1026, 262, 847, 586, 1322, 996, 1005, 136, 994, 283, 232, 47, 698, 713, 1339, 15, 796, 670, 16, 424, 1314, 537, 421, 410, 1014, 272, 413, 1029, 1039, 411, 1030, 753, 1015, 895, 727, 1196, 291, 149, 436, 286, 305, 8, 1272, 306, 1035, 452, 1036, 1057, 718, 296, 453, 461, 372, 317, 909, 732, 917, 892, 299, 1051, 1062, 386, 322, 794, 304, 321, 1063, 445, 313, 474, 1076, 350, 1207, 193, 319, 943, 342, 329, 195, 343, 1094, 1067, 486, 1084, 1079, 332, 1085, 192, 487, 1088, 219, 1107, 1092, 951, 335, 1073, 940, 336, 221, 505, 513, 1097, 1098, 1118, 947, 351, 957, 1096, 360, 1240, 1090, 355, 385, 1103, 984, 967, 966, 382, 387, 989, 981, 223, 143, 374, 946, 244, 1115, 532, 986, 520, 978, 988, 1127, 1003, 696, 369, 990, 381, 245, 992, 953, 1153, 1142, 270, 1162, 389, 250, 873, 1154, 1007, 1146, 728, 998, 415, 416, 404, 3, 141, 1021, 48, 71, 1294, 425, 460, 699, 577, 702, 1165, 1043, 427, 426, 104, 535, 1016, 1182, 592, 490, 316, 1169, 1034, 571, 1171, 1178, 1170, 581, 1184, 1054, 1185, 747, 1047, 593, 1202, 1058, 1189, 902, 1060, 590, 1205, 1061, 597, 469, 1216, 28, 907, 1078, 475, 1223, 600, 1289, 703, 1053, 1215, 491, 468, 84, 448, 1080, 483, 485, 1083, 1221, 330, 1222, 484, 1236, 1220, 677, 639, 478, 1068, 1237, 1227, 489, 347, 479, 1095, 507, 721, 1248, 1231, 621, 1249, 630, 495, 510, 1109, 1265, 1254, 496, 516, 497, 1117, 1102, 1244, 1111, 518, 1266, 650, 1252, 1121, 514, 523, 1141, 983, 1132, 388, 1276, 1261, 519, 665, 1267, 668, 666, 1128, 1278, 380, 1197, 1281, 828, 991, 1283, 237, 1284, 838, 1295, 1004, 549, 1297, 558, 1156, 1299, 554, 1145, 340, 1158, 1148, 1290, 1160, 1010, 869, 1150, 406, 1149, 573, 866, 1164, 408, 10, 906, 366, 1166, 20, 89, 1318, 1313, 691, 567, 1332, 69, 1112, 580, 1310, 446, 1312, 538, 758, 1321, 259, 583, 1315, 585, 308, 1173, 749, 252, 1209, 589, 13, 708, 1218, 462, 1191, 615, 1192, 1208, 610, 1212, 611, 609, 704, 534, 748, 620, 770, 617, 1219, 603, 755, 765, 756, 757, 618, 616, 5, 12, 962, 1224, 31, 70, 633, 33, 643, 1243, 35, 1228, 1250, 644, 216, 640, 575, 79, 153, 649, 767, 102, 795, 632, 657, 1245, 174, 653, 37, 1268, 498, 663, 1277, 500, 67, 59, 659, 645, 1282, 1214, 1230, 1273, 681, 584, 806, 807, 1260, 56, 656, 66, 396, 673, 687, 522, 543, 525, 1274, 693, 60, 712, 683, 201, 669, 1286, 125, 667, 688, 678, 90, 1300, 555, 542, 1147, 95, 86, 717, 120, 117, 722, 827, 417, 1325, 731, 418, 724, 1105, 556, 569, 716, 1337, 729, 145, 1037, 1000, 719, 123, 131, 353, 377, 96, 189, 864, 134, 855, 745, 733, 913, 710, 19, 23, 533, 14, 908, 904, 582, 852, 239, 876, 151, 896, 307, 157, 897, 1319, 851, 903, 762, 880, 889, 139, 853, 910, 898, 882, 155, 891, 91, 142, 709, 159, 768, 285, 759, 303, 171, 769, 901, 163, 144, 154, 164, 928, 156, 623, 634, 626, 29, 776, 893, 161, 217, 798, 779, 190, 780, 781, 701, 936, 772, 773, 637, 738, 184, 785, 463, 803, 517, 186, 938, 255, 808, 971, 108, 80, 63, 191, 821, 809, 792, 199, 961, 787, 679, 212, 815, 215, 671, 835, 175, 817, 88, 545, 831, 85, 840, 837, 813, 811, 823, 819, 92, 36, 839, 845, 114, 243, 224, 826, 1323, 87, 1023, 1017, 830, 725, 158, 715, 22, 258, 1328, 118, 281, 1317, 130, 133, 260, 111, 249, 850, 93, 1041, 266, 274, 11, 836, 861, 858, 877, 856, 705, 561, 43, 870, 1238, 466, 752, 1114, 276, 888, 1013, 751, 293, 287, 358, 743, 278, 1031, 1018, 1002, 464, 1195, 1028, 1025, 501, 1042, 890, 315, 1022, 1050, 1040, 503, 294, 311, 905, 911, 310, 925, 1024, 1048, 297, 17, 325, 1059, 127, 298, 629, 899, 301, 160, 923, 926, 894, 323, 354, 1064, 929, 1093, 942, 771, 327, 1069, 194, 328, 933, 934, 218, 53, 331, 341, 54, 935, 954, 1086, 985, 948, 939, 937, 949, 960, 346, 884, 357, 952, 1269, 973, 373, 1108, 362, 361, 945, 956, 206, 810, 364, 974, 820, 359, 970, 965, 230, 241, 1298, 979, 365, 213, 81, 238, 680, 825, 122, 378, 254, 229, 376, 1113, 368, 391, 227, 848, 247, 976, 393, 1001, 394, 697, 982, 248, 422, 399, 993, 112, 398, 867, 268, 995, 1006, 736, 997, 1008, 397, 403, 263, 871, 881, 26, 1020, 1316, 271, 279, 576, 750, 477, 251, 465, 109, 874, 1176, 431, 1177, 1167, 119, 420, 1188, 1038, 1033, 433, 480, 1052, 457, 1183, 438, 451, 430, 440, 450, 312, 442, 1186, 434, 1232, 797, 1049, 1055, 439, 1046, 289, 1206, 326, 320, 443, 1045, 265, 338, 170, 915, 1044, 1200, 482, 1201, 1066, 931, 1089, 318, 932, 1081, 1071, 920, 1070, 449, 471, 1072, 963, 476, 345, 352, 1074, 512, 334, 428, 333, 1027, 1082, 337, 1116, 1087, 492, 508, 494, 1251, 1233, 1077, 1122, 349, 1099, 1100, 1110, 383, 1125, 375, 222, 414, 980, 1104, 1119, 1275, 1129, 506, 1101, 363, 379, 367, 857, 1124, 1301, 536, 1135, 1136, 1126, 1137, 1279, 401, 1138, 384, 1120, 124, 1152, 502, 1130, 395, 269, 1134, 541, 1143, 455, 1144, 409, 348, 627, 1157, 459, 392, 999, 1009, 1159, 273, 1011, 405, 1012, 1151, 407, 419, 1163, 9, 1155, 565, 412, 370, 579, 574, 1131, 1168, 1340, 594, 1333, 1179, 588, 578, 540, 570, 1335, 587, 1336, 1293, 1198, 1338, 1181, 1211, 596]
Correct solution
(w = 9) Building and Solving
[runlim] sample:		1958.8 time, 1060.1 real, 7117.8 MB
[runlim] sample:		1968.8 time, 1070.1 real, 8002.4 MB
[runlim] sample:		1978.8 time, 1080.1 real, 8484.0 MB
[runlim] sample:		1988.8 time, 1090.1 real, 7281.7 MB
[runlim] sample:		1998.8 time, 1100.1 real, 6428.5 MB
[runlim] sample:		2011.2 time, 1110.1 real, 7625.8 MB
[runlim] sample:		2028.4 time, 1120.1 real, 7391.5 MB
[runlim] sample:		2038.4 time, 1130.1 real, 7391.5 MB
[runlim] sample:		2048.4 time, 1140.1 real, 7937.9 MB
[runlim] sample:		2058.4 time, 1150.1 real, 11403.1 MB
[runlim] sample:		2068.4 time, 1160.1 real, 12476.7 MB
[runlim] sample:		2078.4 time, 1170.1 real, 11471.4 MB
[runlim] sample:		2088.4 time, 1180.1 real, 11471.4 MB
[runlim] sample:		2098.4 time, 1190.1 real, 8600.3 MB
[runlim] sample:		2108.4 time, 1200.1 real, 10563.9 MB
[runlim] sample:		2128.9 time, 1210.1 real, 11511.0 MB
[runlim] sample:		2140.3 time, 1220.1 real, 13728.8 MB
[runlim] sample:		2158.5 time, 1230.1 real, 13728.8 MB
[runlim] sample:		2168.5 time, 1240.1 real, 11530.6 MB
[runlim] sample:		2178.5 time, 1250.1 real, 11530.6 MB
[runlim] sample:		2188.5 time, 1260.1 real, 13205.2 MB
[runlim] sample:		2200.8 time, 1270.1 real, 14640.3 MB
[runlim] sample:		2238.1 time, 1280.1 real, 17315.8 MB
[runlim] sample:		2285.2 time, 1290.1 real, 23333.3 MB
[runlim] sample:		2339.1 time, 1300.1 real, 27101.3 MB
[runlim] sample:		2399.1 time, 1310.1 real, 26962.2 MB
[runlim] sample:		2459.0 time, 1320.1 real, 29218.1 MB
[runlim] end:			Sat Nov  1 10:22:29 2025
[runlim] status:		out of memory
[runlim] result:		3
[runlim] children:		0
[runlim] real:			1321.93 seconds
[runlim] time:			2467.80 seconds
[runlim] space:			30043.7 MB
[runlim] samples:		13217
