[runlim] version:		1.10
[runlim] time limit:		311040000 seconds
[runlim] real time limit:	150 seconds
[runlim] space limit:		30000 MB
[runlim] argv[0]:		python3
[runlim] argv[1]:		model_MIP_CPLEX.py
[runlim] argv[2]:		./graph/double_star/double_star_40_25.txt
[runlim] start:			Sun Nov  2 12:10:22 2025
[runlim] main pid:		47731
[runlim] log captured:
(w = 4) Building and Solving
Value Cyclic-Antibandwidth: 4
Labels: [10, 36, 46, 60, 51, 41, 19, 22, 58, 59, 62, 56, 49, 53, 1, 34, 39, 54, 21, 32, 2, 43, 40, 24, 44, 55, 37, 57, 42, 33, 23, 47, 50, 28, 52, 61, 45, 48, 31, 38, 35, 14, 13, 30, 17, 4, 5, 12, 29, 8, 65, 64, 3, 18, 7, 9, 16, 6, 26, 11, 27, 20, 63, 25, 15]
Correct solution
(w = 5) Building and Solving
Value Cyclic-Antibandwidth: 5
Labels: [23, 58, 54, 1, 63, 57, 33, 41, 47, 50, 40, 32, 3, 11, 53, 45, 43, 39, 56, 44, 31, 62, 6, 59, 30, 29, 61, 37, 13, 2, 46, 55, 65, 18, 28, 48, 16, 52, 60, 38, 64, 7, 10, 8, 14, 17, 25, 35, 4, 12, 26, 36, 27, 42, 19, 51, 15, 34, 22, 9, 24, 49, 21, 5, 20]
Correct solution
(w = 6) Building and Solving
Value Cyclic-Antibandwidth: 6
Labels: [10, 55, 46, 60, 44, 41, 31, 22, 58, 59, 26, 56, 49, 53, 1, 34, 39, 54, 2, 65, 64, 43, 40, 24, 23, 29, 62, 57, 42, 28, 16, 47, 50, 19, 52, 51, 45, 48, 63, 38, 61, 32, 17, 30, 35, 3, 8, 12, 5, 4, 13, 6, 7, 18, 33, 9, 20, 14, 21, 11, 27, 37, 36, 25, 15]
Correct solution
(w = 7) Building and Solving
Value Cyclic-Antibandwidth: 7
Labels: [1, 20, 9, 36, 59, 12, 14, 51, 27, 48, 35, 54, 29, 44, 41, 33, 49, 15, 8, 10, 16, 37, 39, 18, 30, 28, 24, 50, 19, 52, 11, 23, 57, 58, 22, 13, 56, 34, 21, 31, 17, 62, 46, 55, 43, 63, 47, 38, 42, 6, 5, 65, 32, 60, 53, 2, 64, 3, 61, 7, 26, 45, 4, 40, 25]
Correct solution
(w = 8) Building and Solving
Value Cyclic-Antibandwidth: 8
Labels: [10, 55, 46, 27, 44, 41, 19, 22, 58, 21, 37, 56, 49, 53, 1, 33, 63, 54, 25, 64, 30, 43, 40, 24, 32, 29, 2, 57, 42, 28, 23, 47, 50, 59, 52, 51, 45, 48, 31, 20, 26, 14, 17, 39, 35, 3, 8, 38, 5, 4, 13, 65, 62, 18, 60, 9, 16, 6, 12, 11, 7, 61, 36, 34, 15]
Correct solution
(w = 9) Building and Solving
Value Cyclic-Antibandwidth: 9
Labels: [14, 55, 46, 27, 44, 41, 39, 58, 57, 37, 26, 56, 49, 53, 1, 33, 34, 54, 2, 63, 30, 43, 32, 24, 23, 29, 31, 38, 42, 28, 40, 47, 50, 59, 52, 51, 45, 48, 3, 36, 35, 19, 13, 22, 17, 4, 8, 12, 5, 10, 65, 64, 62, 18, 60, 9, 16, 6, 21, 11, 7, 20, 61, 25, 15]
Correct solution
(w = 10) Building and Solving
Value Cyclic-Antibandwidth: 10
Labels: [14, 55, 46, 27, 44, 34, 31, 41, 30, 37, 26, 56, 49, 53, 39, 33, 1, 54, 2, 63, 59, 43, 32, 57, 58, 29, 61, 38, 42, 28, 40, 47, 50, 24, 52, 51, 45, 48, 3, 36, 35, 19, 13, 22, 17, 23, 8, 12, 5, 10, 65, 64, 62, 18, 60, 9, 16, 6, 21, 11, 7, 20, 15, 25, 4]
Correct solution
(w = 11) Building and Solving
Value Cyclic-Antibandwidth: 11
Labels: [14, 55, 46, 27, 44, 34, 31, 41, 30, 2, 26, 39, 49, 53, 1, 33, 63, 54, 25, 58, 37, 43, 42, 57, 32, 29, 62, 38, 56, 28, 40, 47, 50, 59, 52, 51, 45, 48, 3, 36, 35, 19, 13, 16, 17, 23, 8, 12, 5, 10, 65, 64, 7, 18, 60, 9, 20, 6, 24, 11, 21, 61, 15, 22, 4]
Correct solution
(w = 12) Building and Solving
Value Cyclic-Antibandwidth: 12
Labels: [32, 1, 2, 3, 4, 5, 6, 7, 8, 9, 10, 11, 12, 13, 14, 15, 16, 17, 18, 19, 20, 44, 45, 46, 47, 48, 49, 50, 51, 54, 55, 56, 57, 58, 59, 60, 61, 62, 63, 64, 65, 52, 53, 21, 22, 23, 24, 25, 26, 27, 28, 29, 30, 31, 33, 34, 35, 36, 37, 38, 39, 40, 41, 42, 43]
Correct solution
(w = 13) Building and Solving
Value Cyclic-Antibandwidth: 13
Labels: [32, 1, 2, 3, 4, 5, 6, 7, 8, 9, 10, 11, 12, 13, 14, 15, 16, 17, 18, 19, 45, 46, 47, 48, 49, 50, 51, 52, 53, 54, 55, 56, 57, 58, 59, 60, 61, 62, 63, 64, 65, 20, 21, 22, 23, 24, 25, 26, 27, 28, 29, 30, 31, 33, 34, 35, 36, 37, 38, 39, 40, 41, 42, 43, 44]
Correct solution
(w = 14) Building and Solving
w = 14 larger upper bounds
Final result: CAB = 13
Labels = [32, 1, 2, 3, 4, 5, 6, 7, 8, 9, 10, 11, 12, 13, 14, 15, 16, 17, 18, 19, 45, 46, 47, 48, 49, 50, 51, 52, 53, 54, 55, 56, 57, 58, 59, 60, 61, 62, 63, 64, 65, 20, 21, 22, 23, 24, 25, 26, 27, 28, 29, 30, 31, 33, 34, 35, 36, 37, 38, 39, 40, 41, 42, 43, 44]
[runlim] end:			Sun Nov  2 12:10:25 2025
[runlim] status:		ok
[runlim] result:		0
[runlim] children:		0
[runlim] real:			3.15 seconds
[runlim] time:			2.09 seconds
[runlim] space:			59.0 MB
[runlim] samples:		21
