[runlim] version:		1.10
[runlim] time limit:		311040000 seconds
[runlim] real time limit:	150 seconds
[runlim] space limit:		30000 MB
[runlim] argv[0]:		python3
[runlim] argv[1]:		model_MIP_CPLEX.py
[runlim] argv[2]:		./graph/double_star/double_star_30_25.txt
[runlim] start:			Mon Nov 17 08:00:41 2025
[runlim] main pid:		26294
[runlim] log captured:
(w = 3) Building and Solving
Value Cyclic-Antibandwidth: 3
Labels: [26, 46, 42, 6, 1, 47, 52, 38, 33, 37, 35, 43, 31, 21, 48, 34, 41, 53, 45, 51, 40, 44, 39, 49, 55, 32, 36, 29, 30, 50, 54, 14, 22, 19, 15, 20, 16, 24, 17, 8, 7, 12, 23, 2, 4, 11, 25, 10, 5, 28, 18, 9, 27, 3, 13]
Correct solution
(w = 4) Building and Solving
Value Cyclic-Antibandwidth: 4
Labels: [26, 46, 42, 12, 10, 54, 52, 38, 33, 47, 35, 43, 31, 14, 48, 34, 41, 37, 45, 51, 40, 44, 39, 49, 15, 32, 36, 16, 50, 11, 13, 18, 29, 19, 20, 17, 55, 53, 21, 24, 30, 8, 23, 2, 4, 7, 25, 22, 5, 1, 28, 9, 27, 3, 6]
Correct solution
(w = 5) Building and Solving
Value Cyclic-Antibandwidth: 5
Labels: [18, 52, 32, 7, 48, 27, 50, 39, 47, 33, 35, 36, 44, 45, 1, 3, 26, 42, 31, 53, 29, 30, 9, 13, 37, 12, 54, 43, 5, 38, 34, 46, 10, 6, 23, 17, 40, 41, 28, 19, 8, 21, 11, 16, 20, 22, 49, 2, 4, 14, 51, 24, 55, 15, 25]
Correct solution
(w = 6) Building and Solving
Value Cyclic-Antibandwidth: 6
Labels: [18, 46, 32, 7, 48, 27, 50, 39, 47, 33, 35, 36, 44, 45, 1, 3, 26, 42, 31, 53, 29, 30, 9, 54, 37, 12, 24, 43, 5, 38, 34, 13, 10, 6, 23, 17, 40, 52, 28, 19, 8, 21, 11, 16, 20, 22, 49, 2, 4, 14, 51, 41, 55, 15, 25]
Correct solution
(w = 7) Building and Solving
Value Cyclic-Antibandwidth: 7
Labels: [9, 39, 28, 55, 20, 34, 40, 41, 53, 50, 32, 16, 22, 38, 42, 46, 29, 49, 1, 18, 26, 19, 43, 17, 36, 45, 48, 47, 31, 2, 44, 10, 52, 8, 27, 25, 35, 3, 21, 15, 37, 23, 24, 7, 5, 51, 4, 14, 6, 12, 11, 13, 30, 33, 54]
Correct solution
(w = 8) Building and Solving
Value Cyclic-Antibandwidth: 8
Labels: [9, 39, 28, 55, 20, 34, 40, 41, 53, 50, 51, 1, 22, 38, 42, 46, 44, 54, 52, 18, 26, 19, 43, 17, 36, 45, 48, 47, 31, 32, 49, 10, 5, 8, 27, 25, 35, 3, 21, 15, 37, 23, 24, 7, 2, 29, 4, 14, 13, 12, 11, 16, 30, 33, 6]
Correct solution
(w = 9) Building and Solving
Value Cyclic-Antibandwidth: 9
Labels: [13, 4, 28, 55, 39, 34, 40, 41, 53, 50, 29, 1, 22, 38, 42, 46, 44, 54, 52, 2, 32, 26, 43, 51, 36, 45, 48, 47, 31, 3, 49, 10, 5, 8, 27, 25, 35, 18, 21, 15, 37, 23, 24, 7, 19, 6, 14, 17, 16, 12, 11, 9, 30, 33, 20]
Correct solution
(w = 10) Building and Solving
Value Cyclic-Antibandwidth: 10
Labels: [27, 1, 2, 3, 4, 5, 6, 7, 8, 9, 10, 11, 12, 13, 14, 15, 16, 17, 37, 38, 39, 46, 47, 48, 49, 50, 51, 52, 53, 54, 55, 40, 41, 42, 43, 44, 45, 18, 19, 20, 21, 22, 23, 24, 25, 26, 28, 29, 30, 31, 32, 33, 34, 35, 36]
Correct solution
(w = 11) Building and Solving
Value Cyclic-Antibandwidth: 11
Labels: [20, 4, 9, 55, 39, 34, 40, 41, 53, 50, 54, 1, 42, 38, 5, 46, 44, 35, 52, 2, 32, 6, 43, 51, 36, 45, 48, 47, 31, 3, 49, 10, 22, 8, 27, 25, 13, 18, 21, 15, 37, 23, 24, 7, 19, 29, 14, 17, 28, 12, 11, 16, 30, 33, 26]
Correct solution
(w = 12) Building and Solving
Value Cyclic-Antibandwidth: 12
Labels: [27, 1, 2, 3, 4, 5, 6, 7, 8, 9, 10, 11, 12, 13, 14, 15, 39, 40, 41, 44, 45, 46, 47, 48, 49, 50, 51, 52, 53, 54, 55, 42, 43, 16, 17, 18, 19, 20, 21, 22, 23, 24, 25, 26, 28, 29, 30, 31, 32, 33, 34, 35, 36, 37, 38]
Correct solution
(w = 13) Building and Solving
Value Cyclic-Antibandwidth: 13
Labels: [27, 1, 2, 3, 4, 5, 6, 7, 8, 9, 10, 11, 12, 13, 14, 40, 41, 42, 43, 44, 45, 46, 47, 48, 49, 50, 51, 52, 53, 54, 55, 15, 16, 17, 18, 19, 20, 21, 22, 23, 24, 25, 26, 28, 29, 30, 31, 32, 33, 34, 35, 36, 37, 38, 39]
Correct solution
(w = 14) Building and Solving
[runlim] sample:		19.9 time, 10.8 real, 137.1 MB
Cannot find soluion with w = 14
Final result: CAB = 13
Labels = [27, 1, 2, 3, 4, 5, 6, 7, 8, 9, 10, 11, 12, 13, 14, 40, 41, 42, 43, 44, 45, 46, 47, 48, 49, 50, 51, 52, 53, 54, 55, 15, 16, 17, 18, 19, 20, 21, 22, 23, 24, 25, 26, 28, 29, 30, 31, 32, 33, 34, 35, 36, 37, 38, 39]
[runlim] end:			Mon Nov 17 08:00:51 2025
[runlim] status:		ok
[runlim] result:		0
[runlim] children:		0
[runlim] real:			10.99 seconds
[runlim] time:			20.10 seconds
[runlim] space:			137.1 MB
[runlim] samples:		101
