[runlim] version:		1.10
[runlim] time limit:		311040000 seconds
[runlim] real time limit:	150 seconds
[runlim] space limit:		30000 MB
[runlim] argv[0]:		python3
[runlim] argv[1]:		model_MIP_CPLEX.py
[runlim] argv[2]:		./graph/double_star/double_star_35_25.txt
[runlim] start:			Mon Nov 17 08:00:56 2025
[runlim] main pid:		26557
[runlim] log captured:
(w = 3) Building and Solving
Value Cyclic-Antibandwidth: 3
Labels: [26, 56, 33, 39, 55, 45, 52, 54, 37, 57, 46, 53, 35, 49, 12, 44, 43, 40, 20, 50, 48, 42, 19, 58, 41, 30, 34, 47, 5, 36, 23, 6, 51, 22, 38, 21, 59, 4, 18, 9, 13, 32, 14, 3, 11, 28, 31, 2, 15, 16, 25, 7, 27, 29, 8, 24, 1, 10, 17, 60]
Correct solution
(w = 4) Building and Solving
Value Cyclic-Antibandwidth: 4
Labels: [19, 56, 48, 39, 55, 45, 52, 54, 37, 57, 46, 53, 35, 49, 12, 44, 43, 40, 13, 50, 10, 42, 24, 9, 41, 30, 34, 47, 5, 36, 27, 8, 51, 14, 38, 11, 59, 21, 18, 22, 6, 32, 26, 3, 4, 28, 15, 2, 23, 16, 25, 7, 20, 29, 33, 58, 1, 31, 17, 60]
Correct solution
(w = 5) Building and Solving
Value Cyclic-Antibandwidth: 5
Labels: [21, 56, 48, 39, 55, 45, 52, 54, 37, 16, 46, 53, 35, 49, 12, 44, 10, 40, 7, 50, 15, 42, 34, 9, 41, 30, 43, 47, 5, 36, 13, 8, 51, 14, 38, 11, 59, 4, 18, 17, 6, 32, 26, 3, 22, 28, 24, 2, 23, 27, 25, 57, 20, 29, 33, 58, 1, 31, 19, 60]
Correct solution
(w = 6) Building and Solving
Value Cyclic-Antibandwidth: 6
Labels: [9, 22, 42, 58, 50, 2, 36, 57, 48, 59, 34, 24, 23, 20, 49, 18, 40, 45, 15, 25, 16, 54, 41, 44, 21, 27, 37, 33, 3, 47, 60, 43, 26, 28, 51, 46, 6, 19, 7, 8, 56, 29, 39, 53, 35, 31, 1, 32, 55, 14, 4, 10, 52, 38, 13, 11, 30, 17, 5, 12]
Correct solution
(w = 7) Building and Solving
Value Cyclic-Antibandwidth: 7
Labels: [9, 22, 19, 58, 50, 2, 52, 57, 48, 59, 34, 30, 45, 20, 49, 18, 40, 27, 42, 25, 55, 54, 41, 44, 21, 36, 37, 33, 16, 24, 60, 43, 26, 47, 51, 46, 6, 28, 7, 8, 15, 29, 39, 53, 35, 31, 1, 32, 23, 14, 4, 10, 3, 38, 13, 11, 56, 17, 5, 12]
Correct solution
(w = 8) Building and Solving
Value Cyclic-Antibandwidth: 8
Labels: [9, 22, 19, 20, 56, 58, 52, 41, 48, 57, 25, 24, 45, 1, 36, 18, 40, 53, 55, 46, 59, 54, 47, 44, 50, 27, 34, 33, 26, 21, 60, 43, 42, 28, 51, 49, 6, 37, 7, 8, 15, 29, 39, 32, 35, 31, 2, 16, 23, 14, 4, 10, 3, 38, 13, 11, 30, 17, 5, 12]
Correct solution
(w = 9) Building and Solving
Value Cyclic-Antibandwidth: 9
Labels: [30, 1, 2, 3, 4, 5, 6, 7, 8, 9, 10, 11, 12, 13, 14, 15, 16, 17, 18, 19, 20, 21, 39, 40, 41, 42, 43, 52, 53, 54, 55, 56, 57, 58, 59, 60, 44, 45, 46, 47, 48, 49, 50, 51, 22, 23, 24, 25, 26, 27, 28, 29, 31, 32, 33, 34, 35, 36, 37, 38]
Correct solution
(w = 10) Building and Solving
Value Cyclic-Antibandwidth: 10
Labels: [30, 1, 2, 3, 4, 5, 6, 7, 8, 9, 10, 11, 12, 13, 14, 15, 16, 17, 18, 19, 20, 40, 41, 42, 43, 44, 51, 52, 53, 54, 55, 56, 57, 58, 59, 60, 45, 46, 47, 48, 49, 50, 21, 22, 23, 24, 25, 26, 27, 28, 29, 31, 32, 33, 34, 35, 36, 37, 38, 39]
Correct solution
(w = 11) Building and Solving
Value Cyclic-Antibandwidth: 11
Labels: [30, 1, 2, 3, 4, 5, 6, 7, 8, 9, 10, 11, 12, 13, 14, 15, 16, 17, 18, 19, 41, 42, 43, 44, 45, 50, 51, 52, 53, 54, 55, 56, 57, 58, 59, 60, 46, 47, 48, 49, 20, 21, 22, 23, 24, 25, 26, 27, 28, 29, 31, 32, 33, 34, 35, 36, 37, 38, 39, 40]
Correct solution
(w = 12) Building and Solving
Value Cyclic-Antibandwidth: 12
Labels: [30, 1, 2, 3, 4, 5, 6, 7, 8, 9, 10, 11, 12, 13, 14, 15, 16, 17, 18, 42, 43, 44, 45, 46, 49, 50, 51, 52, 53, 54, 55, 56, 57, 58, 59, 60, 47, 48, 19, 20, 21, 22, 23, 24, 25, 26, 27, 28, 29, 31, 32, 33, 34, 35, 36, 37, 38, 39, 40, 41]
Correct solution
(w = 13) Building and Solving
Value Cyclic-Antibandwidth: 13
Labels: [30, 1, 2, 3, 4, 5, 6, 7, 8, 9, 10, 11, 12, 13, 14, 15, 16, 17, 43, 44, 45, 46, 47, 48, 49, 50, 51, 52, 53, 54, 55, 56, 57, 58, 59, 60, 18, 19, 20, 21, 22, 23, 24, 25, 26, 27, 28, 29, 31, 32, 33, 34, 35, 36, 37, 38, 39, 40, 41, 42]
Correct solution
(w = 14) Building and Solving
Cannot find soluion with w = 14
Final result: CAB = 13
Labels = [30, 1, 2, 3, 4, 5, 6, 7, 8, 9, 10, 11, 12, 13, 14, 15, 16, 17, 43, 44, 45, 46, 47, 48, 49, 50, 51, 52, 53, 54, 55, 56, 57, 58, 59, 60, 18, 19, 20, 21, 22, 23, 24, 25, 26, 27, 28, 29, 31, 32, 33, 34, 35, 36, 37, 38, 39, 40, 41, 42]
[runlim] end:			Mon Nov 17 08:01:05 2025
[runlim] status:		ok
[runlim] result:		0
[runlim] children:		0
[runlim] real:			9.01 seconds
[runlim] time:			24.49 seconds
[runlim] space:			168.6 MB
[runlim] samples:		88
