[runlim] version:		1.10
[runlim] time limit:		311040000 seconds
[runlim] real time limit:	150 seconds
[runlim] space limit:		30000 MB
[runlim] argv[0]:		python3
[runlim] argv[1]:		model_MIP_CPLEX.py
[runlim] argv[2]:		./graph/double_star/double_star_15_12.txt
[runlim] start:			Mon Nov 17 08:00:36 2025
[runlim] main pid:		26143
[runlim] log captured:
(w = 3) Building and Solving
Value Cyclic-Antibandwidth: 3
Labels: [1, 8, 24, 21, 23, 22, 25, 9, 19, 5, 18, 16, 6, 20, 17, 7, 10, 13, 3, 12, 15, 26, 27, 14, 11, 4, 2]
Correct solution
(w = 4) Building and Solving
Value Cyclic-Antibandwidth: 4
Labels: [5, 14, 24, 21, 23, 22, 17, 27, 19, 9, 18, 26, 13, 20, 15, 16, 10, 25, 3, 11, 12, 7, 6, 1, 8, 4, 2]
Correct solution
(w = 5) Building and Solving
Value Cyclic-Antibandwidth: 5
Labels: [12, 24, 25, 21, 23, 22, 4, 2, 19, 5, 18, 3, 27, 20, 26, 1, 10, 13, 16, 11, 15, 17, 9, 14, 8, 6, 7]
Correct solution
(w = 6) Building and Solving
Value Cyclic-Antibandwidth: 6
Labels: [12, 19, 1, 21, 5, 20, 18, 6, 26, 2, 22, 23, 3, 27, 25, 24, 10, 17, 9, 4, 16, 15, 14, 11, 7, 8, 13]
Correct solution
(w = 7) Building and Solving
Cannot find soluion with w = 7
Final result: CAB = 6
Labels = [12, 19, 1, 21, 5, 20, 18, 6, 26, 2, 22, 23, 3, 27, 25, 24, 10, 17, 9, 4, 16, 15, 14, 11, 7, 8, 13]
[runlim] end:			Mon Nov 17 08:00:37 2025
[runlim] status:		ok
[runlim] result:		0
[runlim] children:		0
[runlim] real:			1.43 seconds
[runlim] time:			0.53 seconds
[runlim] space:			60.1 MB
[runlim] samples:		4
