[runlim] version:		1.10
[runlim] time limit:		311040000 seconds
[runlim] real time limit:	150 seconds
[runlim] space limit:		30000 MB
[runlim] argv[0]:		python3
[runlim] argv[1]:		model_MIP_CPLEX.py
[runlim] argv[2]:		./graph/double_star/double_star_150_25.txt
[runlim] start:			Mon Nov 17 08:07:30 2025
[runlim] main pid:		29451
[runlim] log captured:
(w = 3) Building and Solving
Value Cyclic-Antibandwidth: 3
Labels: [75, 111, 120, 166, 30, 19, 49, 163, 130, 87, 17, 138, 44, 67, 81, 39, 143, 83, 25, 109, 106, 72, 4, 139, 113, 7, 172, 60, 14, 33, 13, 48, 78, 12, 134, 10, 154, 41, 116, 9, 43, 69, 124, 22, 108, 54, 92, 46, 62, 170, 102, 57, 141, 148, 126, 132, 165, 11, 133, 15, 65, 55, 147, 82, 131, 47, 151, 79, 174, 100, 175, 169, 114, 119, 104, 156, 159, 97, 38, 16, 128, 40, 90, 167, 125, 117, 24, 127, 144, 107, 95, 153, 86, 64, 162, 110, 99, 112, 28, 135, 168, 145, 51, 84, 101, 31, 155, 71, 129, 98, 136, 137, 171, 53, 146, 105, 6, 121, 96, 118, 158, 123, 149, 32, 88, 18, 164, 20, 115, 140, 94, 93, 161, 142, 160, 66, 23, 8, 150, 173, 91, 157, 68, 36, 63, 152, 61, 122, 21, 103, 70, 26, 29, 58, 45, 37, 89, 3, 74, 27, 76, 35, 85, 52, 2, 80, 5, 59, 73, 50, 77, 1, 42, 56, 34]
Correct solution
(w = 4) Building and Solving
Value Cyclic-Antibandwidth: 4
Labels: [75, 111, 120, 166, 30, 19, 39, 163, 130, 87, 17, 138, 44, 67, 81, 54, 143, 83, 52, 109, 106, 10, 4, 139, 113, 7, 172, 60, 14, 33, 13, 48, 71, 12, 134, 31, 154, 41, 116, 35, 43, 61, 124, 22, 108, 46, 92, 90, 62, 170, 102, 56, 141, 148, 126, 132, 165, 11, 133, 15, 65, 80, 147, 82, 131, 47, 151, 79, 86, 100, 175, 169, 114, 119, 104, 156, 159, 97, 38, 16, 128, 40, 94, 167, 125, 117, 24, 127, 144, 107, 95, 153, 55, 64, 162, 110, 99, 112, 28, 135, 168, 145, 51, 69, 101, 173, 155, 25, 129, 98, 136, 137, 171, 53, 146, 105, 6, 121, 96, 118, 158, 123, 149, 32, 88, 70, 164, 57, 115, 140, 21, 93, 161, 142, 160, 66, 23, 8, 150, 174, 91, 157, 68, 84, 63, 152, 18, 122, 50, 103, 49, 26, 29, 58, 45, 37, 89, 3, 74, 27, 78, 72, 85, 9, 2, 20, 5, 59, 73, 36, 77, 1, 42, 76, 34]
Correct solution
(w = 5) Building and Solving
Value Cyclic-Antibandwidth: 5
Labels: [8, 61, 85, 119, 19, 2, 28, 56, 31, 68, 109, 22, 121, 126, 137, 96, 161, 131, 162, 83, 108, 125, 35, 70, 43, 44, 166, 104, 14, 140, 146, 139, 102, 77, 97, 142, 98, 92, 27, 54, 95, 170, 143, 88, 57, 158, 1, 111, 94, 112, 113, 82, 138, 45, 136, 89, 116, 91, 127, 41, 101, 124, 135, 39, 100, 110, 64, 160, 87, 24, 36, 107, 46, 25, 133, 69, 34, 52, 80, 134, 174, 115, 84, 118, 153, 163, 74, 120, 150, 147, 49, 130, 117, 167, 155, 63, 51, 144, 157, 20, 129, 23, 78, 164, 53, 73, 105, 38, 79, 114, 66, 93, 67, 59, 37, 71, 30, 149, 42, 3, 145, 26, 18, 40, 62, 152, 175, 168, 55, 33, 16, 159, 75, 50, 90, 13, 106, 86, 21, 81, 122, 29, 15, 103, 156, 165, 72, 128, 154, 60, 17, 7, 148, 151, 11, 6, 171, 141, 48, 173, 172, 10, 5, 4, 123, 12, 99, 32, 58, 76, 9, 132, 65, 169, 47]
Correct solution
(w = 6) Building and Solving
Value Cyclic-Antibandwidth: 6
Labels: [85, 38, 114, 92, 36, 12, 162, 11, 134, 31, 129, 138, 47, 152, 167, 75, 161, 103, 141, 49, 27, 26, 123, 175, 50, 60, 16, 102, 99, 29, 62, 3, 145, 116, 61, 146, 115, 18, 130, 136, 173, 174, 66, 119, 2, 166, 67, 93, 158, 35, 120, 131, 135, 156, 6, 163, 5, 22, 70, 143, 55, 110, 111, 46, 10, 45, 95, 41, 121, 107, 98, 125, 168, 15, 165, 44, 113, 109, 68, 25, 128, 1, 100, 101, 17, 43, 142, 147, 157, 112, 127, 148, 59, 69, 56, 133, 54, 151, 96, 39, 122, 21, 8, 24, 57, 149, 40, 65, 7, 118, 126, 20, 63, 171, 78, 155, 51, 160, 72, 169, 58, 137, 164, 28, 13, 77, 73, 71, 4, 79, 42, 153, 104, 105, 124, 76, 30, 132, 172, 19, 9, 53, 94, 48, 140, 108, 159, 150, 144, 32, 106, 37, 80, 74, 64, 83, 139, 52, 82, 33, 87, 14, 170, 81, 89, 154, 86, 84, 97, 117, 23, 90, 88, 91, 34]
Correct solution
(w = 7) Building and Solving
[runlim] sample:		11.9 time, 10.7 real, 152.7 MB
Value Cyclic-Antibandwidth: 7
Labels: [28, 153, 106, 48, 154, 79, 5, 46, 155, 38, 163, 65, 39, 115, 145, 127, 119, 78, 97, 7, 139, 60, 160, 85, 105, 151, 80, 122, 96, 150, 147, 74, 141, 152, 77, 36, 13, 99, 129, 62, 64, 174, 55, 137, 56, 118, 1, 128, 20, 133, 93, 164, 2, 18, 8, 161, 148, 136, 158, 35, 125, 67, 87, 101, 42, 113, 50, 10, 162, 156, 89, 169, 110, 131, 144, 47, 166, 138, 108, 70, 111, 73, 12, 91, 112, 17, 130, 107, 71, 59, 167, 45, 66, 95, 140, 100, 98, 57, 92, 116, 126, 43, 135, 51, 121, 82, 86, 149, 9, 83, 75, 123, 19, 171, 84, 61, 53, 6, 3, 114, 124, 120, 102, 88, 146, 132, 143, 134, 104, 15, 4, 157, 52, 142, 165, 159, 168, 170, 172, 40, 81, 11, 72, 14, 54, 16, 94, 44, 173, 68, 76, 63, 175, 22, 37, 103, 29, 31, 25, 26, 21, 69, 58, 27, 109, 23, 49, 32, 30, 117, 41, 90, 33, 24, 34]
Correct solution
(w = 8) Building and Solving
Value Cyclic-Antibandwidth: 8
Labels: [1, 87, 88, 89, 20, 96, 97, 149, 167, 100, 24, 101, 19, 140, 116, 102, 26, 125, 106, 77, 44, 168, 57, 120, 49, 13, 146, 34, 54, 62, 108, 93, 50, 158, 31, 159, 64, 58, 163, 98, 9, 128, 94, 137, 90, 75, 60, 51, 142, 139, 141, 161, 165, 135, 123, 86, 17, 72, 65, 122, 134, 22, 127, 43, 73, 160, 33, 145, 151, 143, 41, 103, 166, 14, 32, 92, 157, 79, 74, 130, 36, 69, 68, 155, 117, 56, 67, 154, 81, 110, 63, 147, 78, 80, 131, 114, 45, 112, 25, 71, 16, 162, 82, 95, 37, 133, 55, 153, 38, 15, 39, 35, 28, 40, 152, 59, 109, 48, 136, 105, 150, 121, 11, 99, 111, 18, 164, 70, 156, 148, 66, 124, 144, 113, 119, 104, 138, 46, 47, 126, 91, 27, 30, 23, 118, 21, 52, 107, 85, 84, 61, 10, 53, 42, 7, 129, 175, 29, 83, 174, 173, 169, 172, 76, 171, 170, 12, 8, 115, 6, 5, 132, 4, 3, 2]
Correct solution
(w = 9) Building and Solving
Value Cyclic-Antibandwidth: 9
Labels: [25, 6, 5, 88, 174, 90, 116, 98, 100, 101, 99, 102, 15, 138, 65, 34, 51, 133, 103, 95, 151, 126, 54, 169, 37, 72, 146, 172, 158, 62, 109, 94, 107, 63, 115, 47, 175, 71, 165, 173, 61, 129, 44, 145, 89, 76, 122, 104, 13, 85, 142, 162, 143, 136, 40, 87, 171, 73, 66, 123, 97, 140, 128, 119, 75, 166, 70, 83, 38, 144, 42, 41, 149, 3, 132, 92, 157, 79, 74, 130, 170, 124, 68, 160, 117, 56, 49, 154, 81, 110, 55, 139, 77, 78, 168, 112, 155, 167, 147, 125, 14, 164, 1, 153, 91, 57, 52, 137, 35, 127, 108, 48, 159, 134, 131, 152, 106, 45, 156, 10, 113, 118, 8, 60, 148, 9, 161, 121, 150, 105, 67, 36, 96, 135, 120, 82, 12, 43, 86, 111, 11, 2, 58, 80, 69, 50, 39, 7, 64, 163, 114, 33, 93, 32, 4, 31, 59, 26, 30, 141, 53, 17, 29, 28, 27, 24, 23, 22, 21, 46, 18, 20, 19, 84, 16]
Correct solution
(w = 10) Building and Solving
[runlim] sample:		28.1 time, 20.7 real, 214.5 MB
Value Cyclic-Antibandwidth: 10
Labels: [1, 152, 12, 85, 88, 38, 98, 99, 101, 102, 22, 103, 47, 137, 64, 33, 25, 89, 50, 95, 151, 126, 54, 100, 122, 138, 146, 34, 21, 62, 108, 93, 57, 158, 165, 83, 28, 96, 164, 104, 60, 128, 127, 144, 90, 75, 121, 51, 142, 84, 31, 159, 27, 71, 40, 45, 17, 106, 65, 35, 134, 139, 56, 118, 112, 39, 69, 82, 125, 143, 41, 111, 148, 133, 131, 91, 78, 52, 73, 129, 120, 124, 67, 19, 116, 55, 48, 153, 163, 109, 66, 29, 76, 77, 130, 113, 156, 80, 24, 70, 110, 140, 23, 154, 92, 87, 117, 72, 36, 13, 123, 49, 26, 44, 132, 147, 107, 160, 157, 11, 136, 119, 155, 61, 149, 16, 162, 86, 14, 166, 68, 59, 94, 63, 97, 105, 46, 43, 42, 141, 74, 32, 58, 20, 150, 18, 30, 115, 15, 81, 114, 7, 174, 173, 4, 171, 145, 3, 161, 8, 53, 175, 169, 167, 10, 135, 9, 37, 168, 170, 79, 172, 6, 2, 5]
Correct solution
(w = 11) Building and Solving
Value Cyclic-Antibandwidth: 11
Labels: [6, 111, 120, 90, 27, 66, 49, 163, 130, 87, 17, 138, 44, 168, 81, 39, 143, 68, 52, 109, 106, 72, 97, 139, 113, 30, 18, 167, 91, 33, 25, 45, 71, 65, 134, 31, 154, 96, 116, 29, 43, 95, 124, 93, 108, 34, 42, 89, 73, 26, 102, 56, 141, 148, 126, 132, 165, 67, 133, 94, 74, 35, 147, 82, 131, 47, 151, 79, 170, 100, 76, 128, 114, 119, 104, 156, 159, 60, 38, 19, 46, 40, 51, 152, 125, 117, 20, 127, 144, 107, 36, 153, 86, 64, 162, 110, 99, 112, 28, 135, 48, 145, 54, 69, 101, 24, 155, 92, 129, 98, 136, 137, 80, 53, 146, 105, 75, 121, 84, 118, 158, 123, 149, 32, 88, 70, 164, 57, 115, 140, 21, 37, 161, 142, 160, 169, 85, 62, 150, 61, 50, 157, 166, 77, 63, 23, 55, 122, 83, 103, 41, 174, 7, 58, 171, 175, 4, 172, 14, 3, 13, 15, 2, 16, 8, 173, 5, 59, 78, 22, 9, 1, 12, 10, 11]
Correct solution
(w = 12) Building and Solving
[runlim] sample:		43.7 time, 30.7 real, 251.1 MB
Value Cyclic-Antibandwidth: 12
Labels: [5, 83, 141, 84, 89, 98, 102, 101, 103, 104, 119, 105, 79, 139, 115, 111, 21, 30, 73, 87, 33, 59, 28, 125, 50, 126, 147, 77, 22, 63, 97, 94, 58, 159, 166, 160, 29, 64, 164, 106, 137, 95, 23, 144, 90, 75, 121, 51, 18, 128, 140, 161, 142, 135, 39, 110, 85, 72, 65, 167, 96, 122, 56, 118, 112, 74, 26, 82, 151, 143, 41, 40, 148, 20, 145, 91, 156, 78, 157, 131, 35, 68, 67, 19, 43, 55, 61, 153, 80, 109, 92, 138, 76, 168, 130, 113, 44, 31, 25, 127, 57, 162, 24, 114, 36, 42, 54, 88, 37, 129, 124, 49, 27, 136, 133, 154, 150, 47, 100, 66, 149, 120, 155, 62, 71, 17, 48, 69, 86, 81, 70, 123, 107, 38, 99, 108, 93, 45, 46, 146, 34, 158, 60, 132, 152, 134, 32, 117, 53, 165, 116, 173, 52, 16, 6, 12, 1, 4, 163, 15, 14, 170, 9, 175, 174, 3, 11, 171, 169, 13, 8, 2, 10, 7, 172]
Correct solution
(w = 13) Building and Solving
[runlim] sample:		64.3 time, 40.7 real, 394.6 MB
Value Cyclic-Antibandwidth: 13
Labels: [1, 17, 88, 89, 90, 40, 103, 102, 104, 105, 22, 19, 121, 152, 64, 34, 125, 122, 37, 162, 33, 127, 55, 130, 123, 159, 147, 35, 76, 24, 106, 153, 65, 58, 117, 49, 160, 74, 139, 21, 107, 100, 143, 62, 92, 148, 54, 53, 52, 141, 142, 161, 31, 157, 77, 47, 14, 25, 67, 124, 136, 72, 96, 126, 154, 99, 71, 84, 66, 145, 98, 110, 23, 149, 73, 93, 115, 50, 75, 133, 97, 114, 69, 41, 118, 57, 68, 155, 85, 87, 95, 140, 78, 79, 131, 132, 158, 108, 26, 128, 120, 163, 111, 156, 146, 43, 119, 44, 38, 15, 39, 51, 28, 46, 134, 59, 151, 48, 30, 138, 150, 94, 129, 137, 63, 18, 36, 86, 16, 82, 70, 61, 135, 112, 109, 60, 91, 45, 144, 113, 42, 80, 29, 81, 27, 20, 32, 101, 56, 83, 116, 9, 13, 164, 11, 173, 7, 5, 166, 10, 169, 168, 171, 4, 12, 8, 174, 165, 170, 172, 2, 3, 167, 175, 6]
Correct solution
(w = 14) Building and Solving
[runlim] sample:		85.5 time, 50.7 real, 453.4 MB
[runlim] sample:		115.5 time, 60.7 real, 465.1 MB
[runlim] sample:		145.5 time, 70.7 real, 449.2 MB
[runlim] sample:		158.1 time, 80.7 real, 512.5 MB
[runlim] sample:		168.1 time, 90.7 real, 519.6 MB
[runlim] sample:		179.0 time, 100.7 real, 556.2 MB
[runlim] sample:		189.7 time, 110.7 real, 556.5 MB
[runlim] sample:		236.0 time, 120.7 real, 702.2 MB
[runlim] sample:		294.7 time, 130.7 real, 712.0 MB
[runlim] sample:		336.8 time, 140.7 real, 714.3 MB
Cannot find soluion with w = 14
Final result: CAB = 13
Labels = [1, 17, 88, 89, 90, 40, 103, 102, 104, 105, 22, 19, 121, 152, 64, 34, 125, 122, 37, 162, 33, 127, 55, 130, 123, 159, 147, 35, 76, 24, 106, 153, 65, 58, 117, 49, 160, 74, 139, 21, 107, 100, 143, 62, 92, 148, 54, 53, 52, 141, 142, 161, 31, 157, 77, 47, 14, 25, 67, 124, 136, 72, 96, 126, 154, 99, 71, 84, 66, 145, 98, 110, 23, 149, 73, 93, 115, 50, 75, 133, 97, 114, 69, 41, 118, 57, 68, 155, 85, 87, 95, 140, 78, 79, 131, 132, 158, 108, 26, 128, 120, 163, 111, 156, 146, 43, 119, 44, 38, 15, 39, 51, 28, 46, 134, 59, 151, 48, 30, 138, 150, 94, 129, 137, 63, 18, 36, 86, 16, 82, 70, 61, 135, 112, 109, 60, 91, 45, 144, 113, 42, 80, 29, 81, 27, 20, 32, 101, 56, 83, 116, 9, 13, 164, 11, 173, 7, 5, 166, 10, 169, 168, 171, 4, 12, 8, 174, 165, 170, 172, 2, 3, 167, 175, 6]
[runlim] end:			Mon Nov 17 08:09:54 2025
[runlim] status:		ok
[runlim] result:		0
[runlim] children:		0
[runlim] real:			144.79 seconds
[runlim] time:			345.16 seconds
[runlim] space:			714.3 MB
[runlim] samples:		1441
