[runlim] version:		1.10
[runlim] time limit:		311040000 seconds
[runlim] real time limit:	150 seconds
[runlim] space limit:		30000 MB
[runlim] argv[0]:		python3
[runlim] argv[1]:		model_MIP_CPLEX.py
[runlim] argv[2]:		./graph/double_star/double_star_40_20.txt
[runlim] start:			Mon Nov 17 08:01:05 2025
[runlim] main pid:		26709
[runlim] log captured:
(w = 3) Building and Solving
Value Cyclic-Antibandwidth: 3
Labels: [2, 56, 33, 39, 11, 45, 52, 54, 37, 57, 46, 53, 35, 49, 12, 44, 59, 40, 7, 50, 30, 15, 19, 58, 41, 18, 34, 47, 5, 36, 27, 28, 51, 14, 38, 21, 42, 48, 55, 43, 13, 32, 26, 9, 4, 6, 31, 23, 22, 16, 25, 3, 20, 29, 8, 24, 1, 10, 17, 60]
Correct solution
(w = 4) Building and Solving
Value Cyclic-Antibandwidth: 4
Labels: [26, 56, 30, 39, 11, 45, 52, 54, 37, 57, 46, 53, 35, 49, 12, 44, 10, 40, 7, 50, 15, 16, 58, 9, 41, 18, 34, 47, 5, 36, 19, 6, 51, 14, 38, 21, 42, 48, 55, 43, 13, 32, 23, 3, 4, 28, 31, 2, 22, 27, 25, 17, 20, 29, 33, 24, 1, 59, 60, 8]
Correct solution
(w = 5) Building and Solving
Value Cyclic-Antibandwidth: 5
Labels: [26, 56, 58, 39, 11, 45, 52, 54, 37, 6, 46, 53, 35, 49, 12, 44, 10, 40, 7, 50, 15, 16, 34, 9, 41, 60, 17, 47, 5, 36, 31, 18, 51, 14, 38, 21, 42, 48, 55, 43, 13, 32, 23, 30, 4, 28, 24, 2, 22, 27, 25, 3, 20, 29, 33, 57, 1, 59, 19, 8]
Correct solution
(w = 6) Building and Solving
Value Cyclic-Antibandwidth: 6
Labels: [28, 22, 18, 6, 56, 8, 52, 57, 48, 59, 34, 14, 16, 1, 49, 51, 40, 45, 15, 10, 55, 54, 47, 44, 5, 43, 37, 36, 3, 21, 60, 2, 42, 7, 13, 53, 20, 19, 46, 4, 58, 29, 39, 9, 35, 41, 25, 32, 26, 33, 27, 23, 50, 38, 24, 11, 30, 17, 31, 12]
Correct solution
(w = 7) Building and Solving
Value Cyclic-Antibandwidth: 7
Labels: [30, 1, 2, 3, 4, 5, 6, 7, 8, 9, 10, 11, 12, 13, 14, 15, 16, 17, 18, 19, 20, 21, 22, 23, 37, 38, 39, 40, 41, 42, 43, 44, 45, 46, 54, 55, 56, 57, 58, 59, 60, 47, 48, 49, 50, 51, 52, 53, 24, 25, 26, 27, 28, 29, 31, 32, 33, 34, 35, 36]
Correct solution
(w = 8) Building and Solving
Value Cyclic-Antibandwidth: 8
Labels: [30, 1, 2, 3, 4, 5, 6, 7, 8, 9, 10, 11, 12, 13, 14, 15, 16, 17, 18, 19, 20, 21, 22, 38, 39, 40, 41, 42, 43, 44, 45, 46, 47, 53, 54, 55, 56, 57, 58, 59, 60, 48, 49, 50, 51, 52, 23, 24, 25, 26, 27, 28, 29, 31, 32, 33, 34, 35, 36, 37]
Correct solution
(w = 9) Building and Solving
Value Cyclic-Antibandwidth: 9
Labels: [30, 1, 2, 3, 4, 5, 6, 7, 8, 9, 10, 11, 12, 13, 14, 15, 16, 17, 18, 19, 20, 21, 39, 40, 41, 42, 43, 44, 45, 46, 47, 48, 52, 53, 54, 55, 56, 57, 58, 59, 60, 49, 50, 51, 22, 23, 24, 25, 26, 27, 28, 29, 31, 32, 33, 34, 35, 36, 37, 38]
Correct solution
(w = 10) Building and Solving
Value Cyclic-Antibandwidth: 10
Labels: [30, 1, 2, 3, 4, 5, 6, 7, 8, 9, 10, 11, 12, 13, 14, 15, 16, 17, 18, 19, 20, 40, 41, 42, 43, 44, 45, 46, 47, 48, 49, 51, 52, 53, 54, 55, 56, 57, 58, 59, 60, 50, 21, 22, 23, 24, 25, 26, 27, 28, 29, 31, 32, 33, 34, 35, 36, 37, 38, 39]
Correct solution
(w = 11) Building and Solving
Cannot find soluion with w = 11
Final result: CAB = 10
Labels = [30, 1, 2, 3, 4, 5, 6, 7, 8, 9, 10, 11, 12, 13, 14, 15, 16, 17, 18, 19, 20, 40, 41, 42, 43, 44, 45, 46, 47, 48, 49, 51, 52, 53, 54, 55, 56, 57, 58, 59, 60, 50, 21, 22, 23, 24, 25, 26, 27, 28, 29, 31, 32, 33, 34, 35, 36, 37, 38, 39]
[runlim] end:			Mon Nov 17 08:01:09 2025
[runlim] status:		ok
[runlim] result:		0
[runlim] children:		0
[runlim] real:			4.39 seconds
[runlim] time:			12.01 seconds
[runlim] space:			150.6 MB
[runlim] samples:		43
