[runlim] version:		1.10
[runlim] time limit:		311040000 seconds
[runlim] real time limit:	150 seconds
[runlim] space limit:		30000 MB
[runlim] argv[0]:		python3
[runlim] argv[1]:		model_MIP_CPLEX.py
[runlim] argv[2]:		./graph/double_star/double_star_100_20.txt
[runlim] start:			Mon Nov 17 08:02:02 2025
[runlim] main pid:		27628
[runlim] log captured:
(w = 3) Building and Solving
Value Cyclic-Antibandwidth: 3
Labels: [50, 29, 73, 57, 44, 35, 61, 60, 41, 67, 6, 68, 55, 99, 108, 113, 9, 40, 81, 83, 58, 84, 74, 85, 111, 103, 77, 96, 30, 17, 36, 79, 92, 37, 18, 112, 76, 71, 65, 12, 27, 88, 47, 119, 117, 90, 72, 89, 59, 100, 56, 21, 22, 8, 63, 87, 120, 115, 64, 23, 93, 66, 46, 2, 104, 109, 75, 94, 69, 116, 101, 4, 105, 114, 97, 70, 91, 33, 24, 45, 39, 86, 82, 78, 118, 95, 110, 10, 80, 14, 102, 38, 31, 98, 3, 106, 107, 42, 11, 53, 1, 7, 15, 16, 28, 62, 32, 48, 25, 54, 51, 20, 43, 49, 5, 52, 26, 34, 13, 19]
Correct solution
(w = 4) Building and Solving
Value Cyclic-Antibandwidth: 4
Labels: [51, 25, 73, 63, 44, 35, 39, 45, 41, 67, 6, 68, 26, 99, 108, 113, 9, 40, 81, 83, 58, 84, 74, 85, 111, 103, 77, 96, 42, 17, 36, 79, 92, 37, 30, 112, 76, 71, 65, 12, 27, 88, 60, 119, 117, 90, 72, 89, 33, 100, 56, 21, 22, 8, 13, 87, 120, 115, 64, 23, 93, 66, 118, 2, 104, 109, 75, 94, 69, 116, 101, 4, 105, 114, 97, 70, 91, 61, 24, 20, 16, 86, 82, 78, 18, 95, 110, 10, 80, 55, 102, 38, 31, 98, 3, 106, 107, 47, 11, 57, 1, 7, 15, 14, 28, 62, 32, 48, 59, 54, 29, 46, 53, 49, 5, 52, 43, 50, 34, 19]
Correct solution
(w = 5) Building and Solving
Value Cyclic-Antibandwidth: 5
Labels: [51, 1, 73, 36, 44, 35, 61, 64, 41, 67, 6, 68, 26, 99, 108, 113, 9, 40, 81, 83, 58, 84, 74, 85, 12, 103, 77, 96, 42, 17, 60, 79, 92, 37, 30, 112, 76, 71, 65, 63, 27, 88, 39, 119, 69, 90, 72, 89, 59, 100, 56, 21, 22, 8, 13, 87, 120, 115, 111, 23, 93, 66, 46, 2, 104, 109, 75, 94, 25, 116, 101, 4, 105, 114, 97, 70, 91, 33, 24, 45, 16, 86, 82, 78, 117, 95, 110, 10, 80, 14, 102, 38, 31, 98, 3, 106, 107, 18, 11, 57, 118, 7, 15, 55, 28, 62, 32, 48, 54, 47, 29, 20, 53, 49, 5, 52, 43, 50, 34, 19]
Correct solution
(w = 6) Building and Solving
Value Cyclic-Antibandwidth: 6
Labels: [43, 29, 73, 57, 34, 35, 61, 64, 10, 67, 6, 68, 55, 99, 108, 37, 9, 116, 81, 83, 58, 84, 74, 85, 30, 103, 77, 96, 49, 17, 36, 79, 92, 65, 18, 112, 76, 71, 113, 12, 27, 88, 21, 119, 69, 90, 72, 89, 59, 100, 56, 52, 22, 8, 13, 87, 120, 115, 111, 23, 93, 66, 118, 2, 104, 109, 75, 94, 26, 62, 101, 4, 105, 114, 97, 70, 91, 33, 24, 20, 16, 86, 82, 78, 117, 95, 110, 28, 80, 14, 102, 32, 31, 98, 3, 106, 107, 60, 1, 53, 63, 7, 15, 11, 39, 41, 38, 45, 25, 54, 47, 46, 48, 42, 5, 51, 40, 50, 44, 19]
Correct solution
(w = 7) Building and Solving
Value Cyclic-Antibandwidth: 7
Labels: [50, 29, 73, 57, 41, 34, 61, 64, 10, 67, 6, 68, 26, 99, 108, 37, 9, 116, 81, 83, 66, 84, 74, 85, 30, 103, 77, 96, 115, 17, 36, 79, 92, 39, 18, 112, 76, 71, 113, 12, 27, 88, 60, 119, 69, 90, 72, 89, 59, 100, 11, 21, 22, 8, 13, 87, 120, 80, 111, 23, 93, 35, 118, 42, 104, 109, 75, 94, 25, 62, 101, 4, 105, 114, 97, 70, 91, 33, 24, 20, 16, 86, 82, 78, 117, 95, 110, 2, 65, 14, 102, 38, 31, 98, 3, 106, 107, 40, 1, 58, 63, 7, 15, 55, 28, 56, 32, 45, 53, 54, 47, 46, 48, 49, 5, 52, 43, 51, 44, 19]
Correct solution
(w = 8) Building and Solving
Value Cyclic-Antibandwidth: 8
Labels: [47, 36, 29, 82, 90, 25, 108, 80, 104, 28, 117, 76, 37, 98, 39, 103, 99, 89, 58, 101, 18, 34, 32, 109, 100, 94, 3, 33, 31, 57, 79, 75, 86, 1, 61, 105, 2, 78, 85, 59, 115, 19, 84, 65, 13, 14, 11, 30, 110, 74, 92, 69, 62, 8, 112, 102, 17, 56, 97, 88, 93, 106, 20, 22, 35, 9, 60, 91, 87, 5, 96, 68, 77, 12, 10, 16, 38, 70, 24, 116, 55, 72, 66, 4, 21, 67, 111, 64, 6, 63, 7, 118, 23, 113, 27, 114, 26, 95, 83, 120, 15, 40, 73, 48, 71, 51, 54, 42, 81, 53, 46, 45, 119, 50, 43, 44, 107, 41, 49, 52]
Correct solution
(w = 9) Building and Solving
Value Cyclic-Antibandwidth: 9
Labels: [47, 36, 29, 82, 90, 25, 73, 80, 104, 28, 117, 76, 37, 98, 101, 103, 99, 89, 58, 71, 18, 34, 32, 109, 100, 94, 3, 33, 31, 57, 79, 75, 86, 1, 61, 105, 2, 78, 85, 59, 115, 19, 84, 65, 13, 14, 11, 30, 110, 74, 92, 69, 62, 8, 112, 102, 17, 56, 97, 88, 93, 106, 20, 22, 35, 9, 60, 91, 87, 5, 96, 68, 77, 12, 10, 16, 38, 70, 24, 116, 6, 72, 66, 4, 21, 67, 111, 64, 108, 63, 7, 118, 23, 113, 27, 114, 26, 95, 83, 120, 15, 40, 39, 48, 43, 51, 54, 42, 81, 53, 46, 45, 119, 50, 55, 44, 107, 41, 49, 52]
Correct solution
(w = 10) Building and Solving
Value Cyclic-Antibandwidth: 10
Labels: [57, 2, 29, 82, 90, 34, 116, 80, 73, 28, 41, 104, 37, 98, 101, 103, 99, 89, 74, 71, 84, 40, 32, 109, 67, 95, 3, 33, 31, 86, 79, 75, 120, 1, 81, 105, 42, 78, 85, 97, 115, 19, 76, 118, 13, 14, 11, 30, 110, 91, 92, 69, 25, 8, 112, 102, 17, 10, 47, 88, 93, 106, 20, 44, 35, 9, 22, 18, 87, 5, 119, 68, 77, 12, 107, 16, 38, 70, 24, 43, 6, 72, 100, 4, 27, 39, 7, 36, 108, 111, 113, 21, 23, 94, 96, 114, 26, 46, 83, 45, 15, 62, 51, 48, 58, 61, 54, 66, 59, 53, 65, 56, 117, 50, 55, 60, 64, 63, 49, 52]
Correct solution
(w = 11) Building and Solving
[runlim] sample:		13.9 time, 10.7 real, 240.5 MB
[runlim] sample:		40.4 time, 20.7 real, 270.5 MB
Cannot find soluion with w = 11
Final result: CAB = 10
Labels = [57, 2, 29, 82, 90, 34, 116, 80, 73, 28, 41, 104, 37, 98, 101, 103, 99, 89, 74, 71, 84, 40, 32, 109, 67, 95, 3, 33, 31, 86, 79, 75, 120, 1, 81, 105, 42, 78, 85, 97, 115, 19, 76, 118, 13, 14, 11, 30, 110, 91, 92, 69, 25, 8, 112, 102, 17, 10, 47, 88, 93, 106, 20, 44, 35, 9, 22, 18, 87, 5, 119, 68, 77, 12, 107, 16, 38, 70, 24, 43, 6, 72, 100, 4, 27, 39, 7, 36, 108, 111, 113, 21, 23, 94, 96, 114, 26, 46, 83, 45, 15, 62, 51, 48, 58, 61, 54, 66, 59, 53, 65, 56, 117, 50, 55, 60, 64, 63, 49, 52]
[runlim] end:			Mon Nov 17 08:02:32 2025
[runlim] status:		ok
[runlim] result:		0
[runlim] children:		0
[runlim] real:			30.39 seconds
[runlim] time:			65.49 seconds
[runlim] space:			359.4 MB
[runlim] samples:		297
