[runlim] version:		1.10
[runlim] time limit:		311040000 seconds
[runlim] real time limit:	150 seconds
[runlim] space limit:		30000 MB
[runlim] argv[0]:		python3
[runlim] argv[1]:		model_MIP_CPLEX.py
[runlim] argv[2]:		./graph/double_star/double_star_100_25.txt
[runlim] start:			Mon Nov 17 08:02:32 2025
[runlim] main pid:		27820
[runlim] log captured:
(w = 3) Building and Solving
Value Cyclic-Antibandwidth: 3
Labels: [37, 87, 80, 110, 117, 86, 51, 84, 49, 22, 81, 6, 42, 71, 54, 44, 50, 58, 18, 75, 85, 78, 121, 90, 111, 112, 19, 68, 43, 2, 115, 74, 7, 55, 29, 3, 47, 66, 99, 56, 91, 109, 83, 116, 96, 124, 119, 100, 62, 72, 69, 15, 11, 25, 41, 45, 101, 12, 73, 77, 30, 122, 120, 76, 114, 97, 16, 23, 106, 94, 113, 108, 67, 105, 125, 102, 57, 103, 104, 123, 98, 59, 9, 95, 79, 70, 118, 89, 93, 88, 33, 65, 82, 48, 92, 20, 26, 8, 24, 107, 1, 14, 36, 28, 64, 5, 10, 13, 38, 17, 27, 53, 21, 52, 31, 60, 61, 34, 63, 35, 4, 39, 32, 46, 40]
Correct solution
(w = 4) Building and Solving
Value Cyclic-Antibandwidth: 4
Labels: [37, 87, 80, 110, 117, 86, 11, 84, 49, 22, 81, 6, 123, 71, 54, 44, 50, 58, 18, 75, 85, 78, 121, 90, 111, 112, 19, 68, 43, 2, 115, 74, 30, 55, 29, 3, 9, 66, 99, 56, 91, 109, 83, 116, 96, 124, 119, 100, 62, 72, 69, 15, 65, 25, 41, 45, 101, 12, 73, 77, 48, 122, 120, 76, 114, 97, 16, 23, 106, 94, 113, 47, 67, 105, 125, 102, 57, 103, 104, 108, 98, 59, 42, 95, 79, 70, 118, 89, 93, 88, 33, 24, 82, 51, 92, 4, 26, 8, 7, 107, 1, 14, 36, 28, 64, 5, 10, 13, 38, 17, 27, 53, 21, 52, 31, 60, 61, 34, 63, 35, 20, 39, 32, 46, 40]
Correct solution
(w = 5) Building and Solving
Value Cyclic-Antibandwidth: 5
Labels: [48, 18, 16, 84, 116, 97, 31, 11, 36, 72, 76, 17, 90, 27, 1, 22, 92, 28, 124, 15, 75, 69, 23, 74, 80, 58, 78, 123, 117, 21, 86, 93, 30, 81, 59, 115, 13, 19, 102, 33, 32, 29, 53, 120, 62, 20, 71, 40, 96, 77, 83, 101, 12, 24, 121, 68, 106, 89, 112, 67, 10, 95, 14, 85, 118, 79, 104, 125, 107, 94, 61, 7, 88, 3, 42, 4, 37, 57, 60, 6, 119, 43, 34, 8, 38, 9, 2, 63, 25, 114, 109, 39, 73, 110, 35, 64, 56, 70, 87, 113, 91, 108, 52, 55, 98, 26, 47, 66, 49, 54, 46, 51, 103, 99, 50, 45, 105, 111, 65, 100, 82, 44, 5, 122, 41]
Correct solution
(w = 6) Building and Solving
Value Cyclic-Antibandwidth: 6
Labels: [44, 106, 27, 84, 53, 97, 31, 11, 36, 72, 76, 124, 90, 30, 1, 22, 92, 28, 112, 15, 75, 51, 23, 74, 80, 58, 26, 123, 117, 21, 86, 93, 64, 81, 78, 105, 13, 19, 102, 33, 32, 56, 55, 29, 62, 8, 71, 59, 96, 77, 83, 101, 12, 24, 121, 68, 69, 89, 108, 67, 10, 95, 14, 85, 118, 79, 111, 16, 107, 94, 61, 7, 88, 3, 104, 4, 37, 57, 60, 6, 119, 17, 34, 50, 38, 9, 2, 63, 25, 114, 109, 116, 73, 110, 35, 52, 115, 20, 87, 113, 91, 18, 70, 99, 98, 40, 47, 66, 49, 54, 42, 120, 103, 41, 43, 45, 125, 39, 65, 100, 82, 46, 5, 122, 48]
Correct solution
(w = 7) Building and Solving
Value Cyclic-Antibandwidth: 7
Labels: [44, 106, 27, 84, 116, 97, 31, 11, 36, 72, 76, 124, 55, 30, 1, 22, 92, 28, 112, 15, 54, 51, 23, 74, 80, 58, 122, 123, 117, 21, 26, 93, 64, 81, 78, 105, 13, 19, 83, 33, 32, 56, 53, 29, 62, 90, 71, 59, 96, 77, 86, 101, 12, 24, 121, 68, 69, 89, 108, 67, 98, 95, 14, 85, 118, 79, 111, 16, 107, 94, 61, 7, 88, 75, 104, 4, 37, 57, 60, 6, 119, 17, 34, 8, 3, 9, 2, 63, 25, 114, 109, 102, 73, 110, 35, 52, 115, 20, 87, 113, 91, 18, 70, 99, 50, 40, 47, 66, 49, 38, 42, 120, 103, 41, 43, 45, 125, 39, 65, 100, 82, 46, 5, 10, 48]
Correct solution
(w = 8) Building and Solving
Value Cyclic-Antibandwidth: 8
Labels: [44, 18, 27, 84, 116, 97, 31, 11, 36, 72, 76, 124, 55, 30, 1, 22, 92, 28, 112, 15, 54, 69, 23, 74, 80, 58, 122, 123, 117, 21, 26, 93, 64, 81, 78, 105, 13, 19, 83, 33, 32, 29, 53, 120, 62, 90, 71, 59, 96, 77, 86, 101, 12, 24, 121, 68, 106, 89, 108, 67, 98, 95, 14, 85, 115, 79, 111, 16, 107, 94, 61, 7, 88, 118, 104, 4, 75, 82, 60, 6, 119, 17, 34, 8, 3, 9, 2, 63, 25, 114, 109, 102, 73, 110, 35, 52, 56, 20, 87, 113, 91, 57, 70, 99, 50, 40, 47, 66, 49, 38, 42, 51, 103, 41, 37, 45, 125, 39, 65, 100, 43, 46, 5, 10, 48]
Correct solution
(w = 9) Building and Solving
Value Cyclic-Antibandwidth: 9
Labels: [44, 18, 16, 84, 116, 97, 31, 11, 73, 72, 76, 124, 90, 27, 1, 122, 92, 22, 112, 15, 54, 69, 28, 74, 80, 58, 26, 23, 117, 21, 86, 93, 30, 81, 78, 105, 13, 19, 102, 33, 32, 29, 53, 120, 62, 20, 71, 59, 96, 77, 83, 101, 12, 24, 121, 68, 106, 89, 108, 67, 98, 95, 14, 85, 115, 79, 111, 125, 107, 94, 61, 7, 88, 118, 104, 4, 75, 82, 60, 6, 119, 17, 34, 8, 3, 9, 2, 63, 25, 114, 109, 99, 123, 110, 35, 64, 56, 70, 87, 113, 91, 57, 52, 55, 50, 40, 47, 66, 49, 38, 42, 51, 103, 41, 37, 45, 36, 39, 65, 100, 43, 46, 5, 10, 48]
Correct solution
(w = 10) Building and Solving
Value Cyclic-Antibandwidth: 10
Labels: [44, 61, 27, 84, 116, 78, 31, 11, 73, 102, 76, 124, 90, 30, 1, 22, 92, 66, 112, 15, 54, 69, 28, 74, 80, 58, 122, 23, 117, 97, 86, 93, 62, 81, 18, 105, 13, 19, 83, 33, 32, 16, 55, 120, 9, 20, 71, 59, 96, 77, 100, 101, 12, 24, 121, 68, 106, 89, 108, 67, 98, 95, 72, 85, 115, 79, 111, 125, 107, 94, 110, 7, 88, 118, 104, 4, 75, 82, 60, 6, 119, 17, 34, 8, 3, 14, 2, 63, 25, 26, 109, 99, 123, 114, 21, 64, 56, 70, 87, 113, 91, 57, 52, 38, 50, 40, 47, 10, 49, 51, 42, 35, 103, 41, 37, 45, 36, 39, 65, 29, 43, 46, 5, 53, 48]
Correct solution
(w = 11) Building and Solving
Value Cyclic-Antibandwidth: 11
Labels: [44, 61, 16, 84, 116, 78, 31, 27, 73, 102, 76, 124, 90, 30, 1, 22, 92, 66, 112, 103, 11, 69, 28, 74, 80, 58, 122, 23, 117, 97, 86, 93, 62, 81, 18, 105, 13, 19, 83, 33, 32, 29, 55, 120, 9, 20, 71, 59, 96, 119, 100, 101, 12, 24, 121, 68, 106, 89, 108, 67, 98, 95, 72, 85, 115, 79, 111, 125, 107, 94, 110, 7, 88, 118, 104, 4, 75, 82, 60, 6, 15, 17, 10, 8, 3, 14, 2, 63, 25, 26, 109, 99, 123, 114, 21, 64, 56, 70, 87, 113, 91, 57, 52, 38, 50, 40, 47, 54, 49, 51, 42, 35, 34, 41, 37, 45, 36, 39, 65, 77, 43, 46, 5, 53, 48]
Correct solution
(w = 12) Building and Solving
[runlim] sample:		10.5 time, 10.4 real, 122.6 MB
Value Cyclic-Antibandwidth: 12
Labels: [44, 106, 89, 25, 116, 78, 31, 27, 73, 72, 76, 124, 90, 114, 93, 22, 92, 66, 112, 103, 11, 6, 23, 74, 80, 58, 122, 5, 117, 97, 86, 28, 30, 81, 65, 105, 13, 19, 83, 70, 32, 29, 101, 120, 62, 99, 71, 59, 96, 1, 100, 119, 12, 24, 121, 68, 69, 84, 108, 67, 98, 95, 14, 85, 115, 79, 111, 16, 107, 94, 61, 7, 88, 118, 104, 4, 75, 82, 60, 15, 77, 17, 10, 8, 3, 9, 2, 63, 57, 26, 109, 102, 123, 110, 21, 64, 56, 20, 87, 113, 125, 18, 55, 38, 50, 40, 47, 54, 49, 51, 42, 35, 34, 41, 37, 45, 36, 33, 91, 39, 43, 46, 52, 53, 48]
Correct solution
(w = 13) Building and Solving
Value Cyclic-Antibandwidth: 13
Labels: [58, 38, 5, 74, 90, 84, 41, 102, 113, 97, 125, 77, 8, 75, 80, 7, 82, 9, 73, 124, 37, 42, 45, 92, 32, 44, 106, 10, 107, 109, 112, 71, 89, 36, 95, 116, 118, 121, 40, 31, 39, 22, 13, 34, 85, 6, 3, 110, 101, 4, 104, 11, 83, 98, 72, 81, 26, 78, 108, 103, 30, 21, 114, 93, 15, 79, 94, 86, 96, 115, 117, 99, 119, 120, 122, 123, 35, 23, 20, 28, 18, 33, 100, 87, 2, 19, 91, 17, 27, 16, 12, 76, 14, 111, 25, 105, 88, 24, 43, 29, 1, 49, 46, 48, 70, 69, 68, 67, 55, 64, 61, 60, 65, 47, 59, 52, 56, 54, 62, 53, 66, 51, 63, 57, 50]
Correct solution
(w = 14) Building and Solving
[runlim] sample:		29.5 time, 20.4 real, 286.3 MB
[runlim] sample:		59.5 time, 30.4 real, 306.4 MB
[runlim] sample:		82.0 time, 40.4 real, 338.2 MB
[runlim] sample:		92.5 time, 50.4 real, 339.7 MB
Cannot find soluion with w = 14
Final result: CAB = 13
Labels = [58, 38, 5, 74, 90, 84, 41, 102, 113, 97, 125, 77, 8, 75, 80, 7, 82, 9, 73, 124, 37, 42, 45, 92, 32, 44, 106, 10, 107, 109, 112, 71, 89, 36, 95, 116, 118, 121, 40, 31, 39, 22, 13, 34, 85, 6, 3, 110, 101, 4, 104, 11, 83, 98, 72, 81, 26, 78, 108, 103, 30, 21, 114, 93, 15, 79, 94, 86, 96, 115, 117, 99, 119, 120, 122, 123, 35, 23, 20, 28, 18, 33, 100, 87, 2, 19, 91, 17, 27, 16, 12, 76, 14, 111, 25, 105, 88, 24, 43, 29, 1, 49, 46, 48, 70, 69, 68, 67, 55, 64, 61, 60, 65, 47, 59, 52, 56, 54, 62, 53, 66, 51, 63, 57, 50]
[runlim] end:			Mon Nov 17 08:03:26 2025
[runlim] status:		ok
[runlim] result:		0
[runlim] children:		0
[runlim] real:			54.60 seconds
[runlim] time:			98.87 seconds
[runlim] space:			353.6 MB
[runlim] samples:		542
