[runlim] version:		1.10
[runlim] time limit:		311040000 seconds
[runlim] real time limit:	150 seconds
[runlim] space limit:		30000 MB
[runlim] argv[0]:		python3
[runlim] argv[1]:		model_MIP_CPLEX.py
[runlim] argv[2]:		./graph/double_star/double_star_150_30.txt
[runlim] start:			Sun Nov  2 12:11:52 2025
[runlim] main pid:		48790
[runlim] log captured:
(w = 4) Building and Solving
Value Cyclic-Antibandwidth: 4
Labels: [20, 123, 82, 142, 153, 58, 170, 168, 89, 175, 95, 113, 124, 46, 93, 121, 72, 78, 57, 130, 158, 156, 159, 119, 33, 145, 109, 27, 164, 87, 90, 157, 115, 59, 94, 131, 167, 61, 30, 98, 165, 42, 1, 152, 105, 135, 104, 45, 37, 117, 160, 163, 155, 129, 53, 85, 62, 111, 51, 171, 138, 144, 47, 116, 100, 15, 31, 71, 81, 55, 166, 84, 174, 147, 12, 35, 150, 133, 146, 136, 99, 75, 32, 127, 106, 9, 10, 68, 120, 16, 110, 125, 112, 126, 149, 177, 63, 40, 101, 128, 11, 137, 34, 28, 92, 154, 44, 2, 50, 70, 172, 141, 140, 169, 66, 107, 49, 73, 102, 7, 36, 122, 97, 5, 74, 41, 176, 67, 118, 139, 96, 148, 24, 162, 132, 173, 64, 143, 3, 86, 134, 108, 114, 39, 103, 52, 161, 80, 151, 43, 60, 29, 38, 91, 179, 13, 18, 77, 14, 17, 48, 83, 76, 79, 21, 54, 69, 26, 56, 4, 180, 8, 25, 22, 6, 23, 19, 88, 65, 178]
Correct solution
(w = 5) Building and Solving
Value Cyclic-Antibandwidth: 5
Labels: [32, 91, 15, 4, 153, 67, 17, 96, 119, 150, 23, 125, 76, 163, 177, 102, 174, 130, 66, 111, 129, 154, 3, 146, 58, 162, 68, 57, 37, 134, 59, 142, 79, 138, 41, 95, 90, 133, 113, 11, 60, 147, 159, 43, 45, 84, 164, 140, 48, 167, 82, 42, 21, 152, 128, 56, 178, 50, 145, 158, 14, 127, 27, 126, 2, 131, 122, 144, 63, 124, 22, 117, 55, 165, 24, 62, 20, 13, 106, 64, 81, 69, 148, 103, 47, 18, 78, 44, 132, 85, 166, 118, 121, 143, 54, 65, 70, 61, 115, 100, 179, 40, 10, 108, 116, 49, 105, 77, 8, 109, 46, 110, 86, 73, 112, 141, 104, 176, 172, 107, 9, 52, 101, 83, 161, 136, 180, 39, 137, 120, 170, 94, 53, 72, 151, 88, 1, 6, 25, 135, 168, 157, 156, 87, 7, 97, 114, 173, 38, 74, 155, 92, 36, 98, 29, 93, 71, 51, 12, 160, 34, 175, 169, 33, 149, 5, 171, 123, 26, 89, 99, 139, 80, 75, 28, 30, 16, 31, 35, 19]
Correct solution
(w = 6) Building and Solving
Value Cyclic-Antibandwidth: 6
Labels: [20, 123, 82, 142, 153, 87, 170, 168, 89, 175, 33, 113, 124, 46, 93, 121, 5, 78, 57, 130, 158, 156, 159, 119, 60, 145, 109, 9, 164, 53, 90, 157, 115, 45, 114, 131, 167, 7, 30, 98, 165, 42, 1, 152, 105, 135, 104, 70, 37, 117, 160, 163, 155, 129, 177, 85, 62, 111, 51, 171, 138, 144, 47, 116, 100, 65, 31, 71, 69, 55, 166, 84, 174, 147, 48, 88, 150, 133, 146, 136, 99, 75, 32, 127, 106, 178, 10, 68, 120, 95, 110, 125, 112, 126, 149, 3, 27, 40, 101, 128, 11, 137, 34, 28, 92, 154, 44, 2, 50, 180, 172, 141, 140, 169, 66, 107, 49, 73, 102, 76, 36, 122, 97, 26, 74, 41, 179, 67, 118, 139, 96, 148, 43, 162, 132, 173, 64, 143, 63, 12, 134, 108, 86, 35, 103, 52, 161, 80, 151, 58, 176, 29, 38, 91, 94, 13, 59, 77, 14, 22, 61, 83, 23, 79, 21, 54, 15, 81, 56, 4, 39, 8, 25, 16, 6, 17, 19, 72, 18, 24]
Correct solution
(w = 7) Building and Solving
Value Cyclic-Antibandwidth: 7
Labels: [20, 123, 91, 142, 153, 58, 170, 168, 89, 150, 33, 113, 124, 46, 93, 121, 72, 78, 57, 130, 158, 156, 159, 119, 12, 145, 109, 9, 164, 87, 90, 157, 115, 45, 114, 131, 167, 7, 30, 98, 165, 96, 1, 152, 105, 135, 104, 70, 175, 117, 160, 163, 155, 129, 53, 85, 62, 111, 51, 171, 138, 144, 47, 116, 100, 177, 42, 71, 81, 55, 166, 84, 174, 147, 48, 37, 60, 133, 146, 136, 99, 75, 32, 127, 106, 178, 10, 68, 120, 95, 110, 125, 112, 126, 149, 3, 27, 40, 101, 128, 11, 137, 34, 28, 92, 154, 44, 2, 50, 180, 172, 141, 140, 169, 66, 107, 49, 73, 102, 76, 36, 122, 97, 5, 74, 41, 179, 67, 118, 139, 69, 148, 43, 162, 132, 173, 64, 143, 63, 65, 134, 108, 86, 35, 103, 52, 161, 80, 151, 79, 176, 29, 38, 31, 94, 13, 59, 77, 14, 22, 61, 83, 23, 82, 21, 54, 15, 26, 56, 4, 39, 8, 25, 16, 6, 17, 19, 88, 18, 24]
Correct solution
(w = 8) Building and Solving
Value Cyclic-Antibandwidth: 8
Labels: [20, 123, 82, 142, 153, 58, 170, 168, 89, 150, 33, 113, 124, 46, 93, 121, 5, 78, 57, 130, 158, 156, 159, 119, 12, 145, 109, 9, 164, 87, 90, 157, 115, 45, 114, 131, 167, 61, 30, 98, 165, 96, 1, 152, 105, 135, 104, 70, 37, 117, 160, 163, 155, 129, 177, 97, 62, 111, 51, 171, 138, 144, 47, 116, 100, 65, 42, 71, 81, 55, 166, 84, 7, 147, 34, 88, 60, 133, 146, 136, 99, 75, 32, 127, 106, 178, 94, 68, 120, 95, 110, 125, 112, 126, 149, 3, 35, 40, 101, 128, 11, 137, 77, 28, 92, 154, 44, 2, 176, 180, 172, 141, 140, 169, 66, 107, 49, 73, 102, 76, 36, 122, 175, 85, 74, 41, 179, 67, 118, 139, 69, 148, 43, 162, 132, 173, 64, 143, 63, 86, 134, 108, 52, 39, 103, 91, 161, 80, 151, 10, 174, 29, 38, 31, 8, 13, 59, 27, 14, 22, 48, 83, 23, 79, 21, 54, 15, 26, 56, 4, 53, 50, 25, 16, 6, 17, 19, 72, 18, 24]
Correct solution
(w = 9) Building and Solving
Value Cyclic-Antibandwidth: 9
Labels: [20, 123, 82, 142, 153, 58, 170, 168, 89, 150, 33, 113, 124, 46, 93, 121, 5, 78, 57, 130, 158, 156, 159, 119, 31, 145, 109, 61, 164, 66, 90, 157, 80, 45, 114, 131, 167, 7, 30, 115, 165, 96, 1, 152, 105, 135, 104, 70, 175, 117, 160, 163, 155, 129, 53, 85, 62, 111, 51, 171, 138, 144, 47, 116, 100, 177, 42, 87, 81, 55, 166, 84, 37, 147, 34, 88, 60, 133, 146, 136, 99, 75, 32, 127, 106, 178, 10, 68, 120, 95, 110, 125, 112, 126, 149, 3, 63, 79, 101, 128, 11, 137, 98, 9, 92, 154, 44, 2, 176, 180, 172, 141, 140, 169, 173, 107, 49, 77, 102, 48, 36, 122, 76, 71, 74, 41, 179, 67, 118, 139, 69, 148, 43, 162, 132, 40, 64, 143, 50, 65, 134, 108, 86, 35, 103, 52, 161, 97, 151, 73, 174, 56, 38, 91, 94, 13, 59, 27, 14, 22, 25, 83, 23, 28, 21, 54, 15, 26, 12, 4, 39, 8, 19, 16, 6, 17, 29, 72, 18, 24]
Correct solution
(w = 10) Building and Solving
Value Cyclic-Antibandwidth: 10
Labels: [20, 123, 82, 142, 153, 87, 170, 168, 89, 150, 33, 113, 124, 46, 93, 121, 72, 78, 57, 130, 158, 156, 159, 119, 31, 145, 109, 61, 164, 66, 90, 157, 80, 45, 114, 131, 167, 7, 30, 115, 165, 96, 1, 152, 105, 135, 104, 70, 50, 117, 160, 62, 155, 129, 53, 85, 58, 111, 51, 171, 138, 144, 47, 116, 100, 177, 99, 71, 81, 55, 166, 84, 37, 147, 34, 176, 60, 133, 146, 136, 175, 75, 32, 127, 106, 178, 10, 68, 120, 95, 110, 125, 112, 126, 149, 3, 35, 79, 101, 128, 86, 137, 98, 9, 92, 154, 44, 2, 172, 180, 163, 141, 140, 169, 173, 107, 49, 77, 102, 48, 36, 122, 76, 5, 74, 41, 179, 67, 118, 139, 69, 148, 43, 162, 132, 40, 64, 143, 63, 65, 134, 108, 42, 39, 103, 52, 161, 97, 151, 73, 174, 56, 38, 91, 94, 13, 59, 27, 14, 22, 25, 83, 23, 28, 21, 54, 15, 26, 12, 4, 11, 8, 19, 16, 6, 17, 29, 88, 18, 24]
Correct solution
(w = 11) Building and Solving
[runlim] sample:		10.5 time, 10.3 real, 188.0 MB
Value Cyclic-Antibandwidth: 11
Labels: [20, 123, 82, 142, 153, 68, 170, 168, 89, 150, 33, 113, 124, 171, 174, 121, 5, 48, 57, 130, 158, 156, 159, 119, 99, 145, 109, 61, 164, 66, 90, 157, 80, 59, 114, 131, 167, 173, 91, 115, 165, 96, 1, 152, 105, 135, 104, 70, 50, 117, 160, 62, 155, 129, 177, 85, 58, 111, 51, 74, 138, 144, 47, 116, 103, 38, 42, 87, 81, 55, 166, 84, 37, 147, 34, 88, 60, 133, 146, 136, 175, 53, 32, 127, 106, 178, 94, 100, 120, 95, 110, 125, 112, 126, 149, 3, 35, 45, 101, 128, 86, 137, 98, 9, 92, 154, 44, 2, 176, 180, 163, 141, 140, 169, 54, 107, 49, 77, 102, 7, 36, 122, 76, 71, 73, 41, 172, 67, 118, 139, 69, 148, 43, 162, 132, 40, 64, 143, 63, 65, 134, 108, 46, 39, 52, 93, 161, 97, 151, 79, 56, 29, 28, 31, 8, 13, 179, 27, 14, 22, 75, 83, 21, 15, 10, 78, 30, 26, 12, 4, 11, 23, 25, 16, 6, 17, 19, 72, 18, 24]
Correct solution
(w = 12) Building and Solving
Value Cyclic-Antibandwidth: 12
Labels: [88, 123, 18, 142, 153, 58, 14, 168, 25, 150, 65, 113, 124, 171, 174, 121, 23, 48, 45, 130, 158, 156, 159, 119, 31, 145, 109, 27, 164, 66, 170, 157, 33, 59, 114, 131, 167, 61, 21, 115, 165, 42, 1, 152, 105, 135, 104, 70, 17, 117, 160, 50, 155, 129, 177, 57, 62, 111, 51, 29, 138, 144, 47, 116, 103, 38, 30, 71, 9, 55, 166, 100, 37, 147, 8, 20, 60, 133, 146, 136, 175, 75, 32, 127, 106, 178, 10, 76, 120, 16, 110, 125, 112, 126, 68, 3, 35, 54, 149, 128, 11, 137, 34, 28, 53, 154, 44, 2, 176, 180, 163, 141, 140, 169, 173, 107, 49, 101, 102, 7, 36, 122, 69, 5, 73, 41, 172, 67, 118, 139, 46, 148, 24, 162, 132, 40, 64, 143, 63, 12, 134, 108, 26, 39, 74, 52, 161, 22, 151, 43, 56, 179, 93, 91, 89, 13, 92, 77, 72, 90, 84, 83, 86, 82, 95, 78, 97, 81, 15, 4, 79, 98, 19, 87, 6, 80, 94, 99, 96, 85]
Correct solution
(w = 13) Building and Solving
Value Cyclic-Antibandwidth: 13
Labels: [88, 123, 18, 142, 153, 58, 14, 168, 25, 150, 64, 113, 124, 63, 102, 121, 23, 174, 57, 130, 158, 156, 159, 119, 12, 145, 109, 27, 164, 66, 170, 157, 33, 45, 114, 131, 167, 61, 21, 115, 165, 42, 1, 152, 105, 135, 104, 6, 17, 117, 160, 13, 155, 129, 177, 72, 62, 111, 51, 29, 138, 144, 47, 116, 103, 38, 30, 71, 9, 171, 166, 74, 37, 147, 48, 20, 60, 133, 146, 136, 175, 75, 32, 127, 106, 178, 10, 11, 120, 16, 110, 125, 112, 126, 68, 70, 35, 54, 149, 128, 55, 137, 34, 28, 53, 154, 44, 2, 50, 180, 163, 141, 140, 59, 173, 107, 49, 101, 176, 7, 36, 122, 31, 5, 73, 41, 172, 67, 118, 139, 69, 148, 24, 162, 132, 40, 4, 143, 3, 65, 134, 108, 46, 39, 26, 52, 161, 22, 151, 43, 56, 179, 100, 91, 93, 8, 92, 77, 98, 90, 84, 83, 86, 82, 95, 78, 97, 81, 15, 169, 79, 80, 19, 87, 76, 96, 94, 99, 89, 85]
Correct solution
(w = 14) Building and Solving
[runlim] sample:		24.5 time, 20.3 real, 571.2 MB
Value Cyclic-Antibandwidth: 14
Labels: [58, 86, 82, 179, 105, 106, 107, 166, 108, 109, 145, 167, 110, 175, 139, 130, 93, 37, 13, 168, 122, 10, 154, 146, 111, 77, 79, 94, 97, 120, 118, 25, 123, 124, 88, 28, 100, 153, 35, 165, 142, 89, 101, 148, 117, 102, 137, 81, 125, 160, 34, 40, 164, 170, 91, 2, 36, 147, 155, 162, 176, 87, 151, 140, 98, 180, 144, 134, 85, 43, 174, 104, 8, 75, 135, 127, 42, 95, 131, 22, 143, 103, 169, 157, 1, 44, 159, 23, 11, 80, 30, 138, 20, 32, 132, 21, 141, 158, 7, 78, 126, 33, 84, 136, 74, 129, 5, 96, 31, 3, 16, 99, 115, 178, 6, 133, 76, 73, 116, 163, 19, 26, 9, 150, 24, 17, 149, 121, 4, 161, 41, 39, 72, 18, 172, 113, 112, 92, 15, 171, 177, 12, 38, 83, 156, 119, 27, 14, 173, 152, 114, 57, 71, 64, 90, 61, 55, 66, 52, 70, 53, 29, 68, 128, 47, 56, 65, 62, 48, 63, 60, 54, 67, 49, 59, 50, 46, 69, 51, 45]
Correct solution
(w = 15) Building and Solving
Value Cyclic-Antibandwidth: 15
Labels: [20, 123, 82, 142, 153, 58, 92, 63, 89, 150, 64, 113, 124, 171, 102, 121, 72, 78, 57, 130, 158, 156, 159, 119, 60, 145, 109, 61, 164, 66, 170, 157, 80, 104, 40, 131, 103, 173, 91, 115, 165, 96, 1, 152, 105, 135, 174, 70, 68, 117, 160, 83, 155, 129, 177, 85, 62, 111, 51, 74, 138, 144, 47, 116, 114, 38, 99, 71, 81, 55, 166, 84, 35, 147, 48, 167, 169, 133, 146, 136, 175, 75, 42, 127, 106, 178, 94, 100, 120, 95, 110, 125, 112, 126, 90, 3, 101, 45, 149, 128, 86, 137, 98, 37, 53, 154, 44, 2, 172, 180, 163, 141, 140, 59, 54, 107, 49, 77, 176, 76, 36, 122, 87, 5, 73, 41, 179, 67, 118, 139, 69, 148, 43, 162, 132, 88, 4, 143, 50, 65, 134, 108, 46, 39, 52, 93, 161, 97, 151, 79, 56, 29, 28, 31, 7, 13, 18, 27, 33, 22, 34, 14, 21, 25, 10, 168, 30, 26, 12, 32, 11, 23, 9, 16, 6, 17, 19, 8, 15, 24]
Correct solution
(w = 16) Building and Solving
w = 16 larger upper bounds
Final result: CAB = 15
Labels = [20, 123, 82, 142, 153, 58, 92, 63, 89, 150, 64, 113, 124, 171, 102, 121, 72, 78, 57, 130, 158, 156, 159, 119, 60, 145, 109, 61, 164, 66, 170, 157, 80, 104, 40, 131, 103, 173, 91, 115, 165, 96, 1, 152, 105, 135, 174, 70, 68, 117, 160, 83, 155, 129, 177, 85, 62, 111, 51, 74, 138, 144, 47, 116, 114, 38, 99, 71, 81, 55, 166, 84, 35, 147, 48, 167, 169, 133, 146, 136, 175, 75, 42, 127, 106, 178, 94, 100, 120, 95, 110, 125, 112, 126, 90, 3, 101, 45, 149, 128, 86, 137, 98, 37, 53, 154, 44, 2, 172, 180, 163, 141, 140, 59, 54, 107, 49, 77, 176, 76, 36, 122, 87, 5, 73, 41, 179, 67, 118, 139, 69, 148, 43, 162, 132, 88, 4, 143, 50, 65, 134, 108, 46, 39, 52, 93, 161, 97, 151, 79, 56, 29, 28, 31, 7, 13, 18, 27, 33, 22, 34, 14, 21, 25, 10, 168, 30, 26, 12, 32, 11, 23, 9, 16, 6, 17, 19, 8, 15, 24]
[runlim] end:			Sun Nov  2 12:12:15 2025
[runlim] status:		ok
[runlim] result:		0
[runlim] children:		0
[runlim] real:			23.88 seconds
[runlim] time:			29.61 seconds
[runlim] space:			613.4 MB
[runlim] samples:		236
