[runlim] version:		1.10
[runlim] time limit:		311040000 seconds
[runlim] real time limit:	150 seconds
[runlim] space limit:		30000 MB
[runlim] argv[0]:		python3
[runlim] argv[1]:		model_MIP_CPLEX.py
[runlim] argv[2]:		./graph/double_star/double_star_35_20.txt
[runlim] start:			Sun Nov  2 12:10:18 2025
[runlim] main pid:		47539
[runlim] log captured:
(w = 4) Building and Solving
Value Cyclic-Antibandwidth: 4
Labels: [23, 46, 42, 12, 28, 54, 52, 38, 33, 48, 35, 43, 31, 14, 29, 18, 41, 13, 45, 51, 40, 17, 39, 49, 27, 32, 36, 8, 50, 11, 37, 44, 34, 16, 47, 15, 55, 53, 21, 24, 30, 20, 25, 7, 4, 19, 10, 22, 5, 1, 9, 2, 26, 3, 6]
Correct solution
(w = 5) Building and Solving
Value Cyclic-Antibandwidth: 5
Labels: [23, 46, 42, 6, 28, 54, 50, 38, 33, 48, 35, 43, 29, 14, 15, 10, 41, 12, 45, 51, 40, 5, 39, 49, 7, 32, 36, 4, 44, 11, 37, 9, 34, 31, 47, 8, 16, 21, 17, 24, 26, 20, 25, 2, 30, 19, 27, 22, 55, 52, 18, 53, 1, 3, 13]
Correct solution
(w = 6) Building and Solving
Value Cyclic-Antibandwidth: 6
Labels: [10, 4, 28, 55, 20, 3, 40, 41, 53, 49, 32, 16, 22, 38, 42, 46, 1, 25, 34, 18, 26, 19, 43, 45, 36, 39, 48, 47, 31, 2, 17, 52, 29, 50, 27, 44, 35, 6, 21, 15, 37, 23, 24, 7, 9, 51, 8, 14, 5, 12, 11, 13, 30, 33, 54]
Correct solution
(w = 7) Building and Solving
Value Cyclic-Antibandwidth: 7
Labels: [8, 39, 28, 55, 20, 34, 40, 41, 53, 49, 32, 16, 22, 38, 42, 46, 35, 29, 54, 18, 26, 19, 43, 45, 36, 25, 48, 47, 31, 1, 17, 52, 15, 50, 27, 44, 6, 10, 21, 2, 37, 23, 24, 7, 9, 51, 4, 14, 3, 12, 11, 13, 30, 33, 5]
Correct solution
(w = 8) Building and Solving
Value Cyclic-Antibandwidth: 8
Labels: [27, 1, 2, 3, 4, 5, 6, 7, 8, 9, 10, 11, 12, 13, 14, 15, 16, 17, 18, 19, 35, 36, 37, 38, 39, 40, 41, 42, 48, 49, 50, 51, 52, 53, 54, 55, 43, 44, 45, 46, 47, 20, 21, 22, 23, 24, 25, 26, 28, 29, 30, 31, 32, 33, 34]
Correct solution
(w = 9) Building and Solving
Value Cyclic-Antibandwidth: 9
Labels: [2, 46, 21, 34, 28, 35, 42, 38, 24, 31, 23, 43, 29, 14, 15, 19, 41, 13, 45, 17, 40, 26, 39, 22, 27, 36, 30, 16, 44, 25, 37, 18, 12, 32, 47, 20, 55, 49, 48, 51, 50, 8, 33, 7, 4, 11, 10, 54, 5, 52, 9, 53, 1, 3, 6]
Correct solution
(w = 10) Building and Solving
Value Cyclic-Antibandwidth: 10
Labels: [2, 46, 26, 34, 28, 12, 42, 38, 24, 31, 47, 43, 36, 21, 15, 25, 41, 13, 45, 19, 40, 17, 39, 22, 27, 14, 30, 16, 44, 33, 37, 18, 29, 32, 20, 35, 55, 49, 48, 51, 50, 8, 23, 7, 4, 11, 10, 54, 5, 52, 9, 53, 1, 3, 6]
Correct solution
(w = 11) Building and Solving
w = 11 larger upper bounds
Final result: CAB = 10
Labels = [2, 46, 26, 34, 28, 12, 42, 38, 24, 31, 47, 43, 36, 21, 15, 25, 41, 13, 45, 19, 40, 17, 39, 22, 27, 14, 30, 16, 44, 33, 37, 18, 29, 32, 20, 35, 55, 49, 48, 51, 50, 8, 23, 7, 4, 11, 10, 54, 5, 52, 9, 53, 1, 3, 6]
[runlim] end:			Sun Nov  2 12:10:19 2025
[runlim] status:		ok
[runlim] result:		0
[runlim] children:		0
[runlim] real:			1.86 seconds
[runlim] time:			0.89 seconds
[runlim] space:			52.6 MB
[runlim] samples:		9
