[runlim] version:		1.10
[runlim] time limit:		311040000 seconds
[runlim] real time limit:	150 seconds
[runlim] space limit:		30000 MB
[runlim] argv[0]:		python3
[runlim] argv[1]:		model.py
[runlim] argv[2]:		./graph/caterpillar/caterpillar_20_5.txt
[runlim] start:			Tue Nov  4 06:02:59 2025
[runlim] main pid:		58707
[runlim] log captured:
Set parameter WLSAccessID
Set parameter WLSSecret
Set parameter LicenseID to value 2663665
Academic license 2663665 - for non-commercial use only - registered to tu___@vnu.edu.vn
Set parameter TimeLimit to value 1800
(w = 4) Value Cyclicantibandwidth: 4
Lables: [38, 27, 11, 5, 44, 24, 89, 99, 4, 83, 43, 35, 21, 25, 50, 68, 61, 13, 75, 1, 92, 22, 14, 70, 32, 67, 41, 85, 78, 98, 8, 97, 46, 71, 12, 94, 28, 62, 76, 64, 100, 58, 10, 65, 48, 56, 60, 96, 82, 87, 26, 33, 52, 15, 42, 72, 93, 66, 34, 90, 19, 51, 18, 73, 40, 36, 6, 63, 86, 2, 31, 17, 29, 54, 84, 47, 20, 88, 74, 39, 45, 7, 77, 53, 81, 57, 91, 16, 59, 69, 80, 95, 30, 79, 9, 37, 49, 23, 3, 55]
(w = 4) Correct Cyclicantibandwidth
Set parameter TimeLimit to value 1800
(w = 5) Value Cyclicantibandwidth: 5
Lables: [38, 16, 11, 5, 44, 24, 89, 75, 4, 83, 43, 35, 21, 41, 50, 68, 61, 13, 27, 1, 92, 22, 14, 70, 32, 67, 25, 85, 78, 98, 8, 97, 46, 71, 12, 94, 28, 62, 76, 64, 55, 90, 10, 65, 48, 56, 36, 96, 82, 87, 26, 33, 52, 15, 42, 72, 93, 66, 34, 80, 19, 51, 18, 73, 40, 60, 6, 63, 86, 2, 31, 17, 29, 54, 84, 47, 20, 88, 74, 39, 45, 7, 77, 53, 81, 57, 91, 99, 59, 69, 3, 58, 95, 79, 9, 37, 49, 30, 100, 23]
(w = 5) Correct Cyclicantibandwidth
Set parameter TimeLimit to value 1800
(w = 6) Value Cyclicantibandwidth: 6
Lables: [38, 50, 11, 5, 44, 24, 89, 75, 4, 83, 43, 35, 21, 7, 77, 68, 61, 13, 27, 1, 92, 22, 14, 70, 32, 67, 41, 85, 78, 98, 8, 97, 46, 71, 12, 94, 28, 62, 76, 64, 55, 90, 10, 65, 48, 56, 25, 96, 82, 60, 26, 33, 52, 15, 42, 72, 93, 66, 34, 80, 19, 51, 18, 73, 99, 6, 54, 63, 86, 2, 31, 17, 29, 16, 84, 47, 20, 88, 74, 39, 45, 30, 40, 53, 81, 57, 91, 59, 3, 69, 87, 58, 95, 79, 9, 37, 36, 23, 100, 49]
(w = 6) Correct Cyclicantibandwidth
Set parameter TimeLimit to value 1800
(w = 7) Value Cyclicantibandwidth: 7
Lables: [38, 11, 97, 5, 44, 24, 89, 99, 60, 4, 43, 35, 21, 7, 50, 68, 61, 13, 27, 1, 92, 22, 14, 70, 32, 67, 41, 85, 78, 98, 8, 55, 46, 71, 12, 94, 28, 62, 76, 64, 75, 83, 10, 65, 48, 56, 25, 96, 82, 9, 26, 33, 52, 15, 42, 72, 93, 66, 34, 90, 19, 51, 18, 73, 100, 36, 6, 63, 86, 40, 31, 17, 29, 54, 84, 47, 20, 88, 74, 39, 2, 45, 77, 53, 81, 57, 91, 16, 59, 69, 87, 58, 95, 79, 37, 3, 80, 30, 49, 23]
(w = 7) Correct Cyclicantibandwidth
Set parameter TimeLimit to value 1800
(w = 8) Value Cyclicantibandwidth: 8
Lables: [38, 1, 11, 75, 44, 24, 89, 99, 60, 4, 43, 35, 21, 7, 50, 33, 61, 13, 27, 71, 92, 22, 14, 5, 32, 67, 41, 85, 78, 98, 8, 97, 91, 39, 12, 94, 28, 62, 76, 64, 55, 83, 10, 65, 48, 56, 25, 96, 82, 9, 46, 68, 52, 15, 42, 72, 93, 66, 34, 90, 19, 51, 18, 73, 100, 36, 6, 63, 86, 40, 31, 17, 29, 54, 84, 47, 20, 88, 74, 57, 2, 45, 77, 53, 81, 69, 26, 16, 59, 49, 87, 58, 70, 79, 95, 37, 80, 30, 3, 23]
(w = 8) Correct Cyclicantibandwidth
Set parameter TimeLimit to value 1800
(w = 9) Value Cyclicantibandwidth: 9
Lables: [38, 1, 11, 25, 44, 24, 89, 99, 60, 76, 52, 81, 21, 7, 50, 35, 59, 13, 27, 62, 92, 22, 56, 5, 32, 67, 41, 85, 78, 98, 8, 97, 46, 71, 12, 94, 28, 68, 51, 64, 55, 83, 10, 75, 48, 14, 39, 96, 82, 9, 26, 93, 43, 15, 42, 72, 88, 66, 34, 90, 61, 4, 18, 73, 100, 36, 6, 63, 86, 40, 31, 17, 29, 54, 84, 47, 20, 79, 23, 69, 2, 45, 77, 53, 33, 57, 91, 16, 3, 74, 87, 58, 70, 37, 95, 80, 49, 19, 30, 65]
(w = 9) Correct Cyclicantibandwidth
Set parameter TimeLimit to value 1800
(w = 10) Value Cyclicantibandwidth: 10
Lables: [38, 49, 11, 25, 44, 24, 89, 99, 60, 4, 43, 20, 34, 21, 50, 70, 59, 13, 27, 1, 92, 22, 88, 5, 32, 67, 41, 85, 78, 98, 8, 97, 46, 71, 12, 94, 28, 14, 76, 64, 48, 83, 10, 81, 75, 23, 57, 96, 82, 9, 26, 93, 86, 68, 42, 72, 84, 66, 15, 36, 61, 51, 18, 73, 40, 6, 90, 63, 52, 62, 31, 17, 87, 54, 35, 47, 74, 56, 3, 29, 2, 45, 77, 53, 7, 39, 91, 16, 33, 69, 80, 58, 55, 79, 95, 37, 19, 30, 100, 65]
(w = 10) Correct Cyclicantibandwidth
Set parameter TimeLimit to value 1800
(w = 11) Value Cyclicantibandwidth: 11
Lables: [12, 49, 11, 25, 44, 24, 89, 15, 60, 4, 43, 20, 34, 21, 50, 68, 81, 28, 51, 1, 92, 22, 88, 5, 32, 67, 41, 85, 78, 98, 69, 97, 46, 71, 52, 94, 65, 14, 76, 64, 55, 83, 10, 84, 48, 23, 57, 96, 82, 9, 26, 93, 86, 30, 42, 72, 17, 56, 33, 90, 61, 77, 18, 73, 40, 27, 6, 63, 99, 62, 31, 79, 87, 54, 35, 75, 74, 95, 66, 29, 2, 45, 13, 53, 100, 39, 91, 16, 59, 8, 80, 58, 70, 37, 7, 38, 36, 19, 3, 47]
(w = 11) Correct Cyclicantibandwidth
Set parameter TimeLimit to value 1800
(w = 12) Value Cyclicantibandwidth: 12
Lables: [38, 50, 11, 25, 44, 24, 89, 41, 4, 83, 43, 20, 34, 21, 48, 68, 15, 28, 51, 13, 92, 22, 88, 5, 32, 67, 47, 85, 78, 98, 19, 97, 46, 71, 12, 94, 8, 62, 76, 64, 55, 90, 10, 65, 70, 23, 57, 96, 82, 60, 26, 93, 52, 30, 42, 72, 99, 56, 14, 36, 61, 84, 18, 73, 40, 27, 6, 63, 86, 2, 31, 17, 87, 54, 35, 9, 74, 49, 66, 29, 45, 7, 77, 53, 81, 33, 91, 16, 59, 75, 3, 58, 69, 37, 79, 95, 80, 100, 39, 1]
(w = 12) Correct Cyclicantibandwidth
Set parameter TimeLimit to value 1800
(w = 13) Value Cyclicantibandwidth: 13
Lables: [23, 47, 11, 25, 44, 24, 89, 41, 70, 83, 43, 74, 34, 21, 50, 68, 15, 28, 51, 13, 92, 22, 88, 5, 80, 67, 31, 85, 78, 98, 19, 97, 46, 94, 12, 87, 8, 62, 76, 42, 48, 64, 10, 65, 75, 20, 57, 96, 82, 60, 18, 93, 52, 30, 55, 26, 99, 56, 14, 36, 61, 84, 49, 73, 40, 27, 45, 63, 86, 2, 72, 17, 6, 54, 35, 9, 71, 90, 66, 29, 32, 7, 77, 53, 81, 33, 91, 16, 59, 38, 3, 58, 4, 37, 79, 95, 69, 100, 39, 1]
(w = 13) Correct Cyclicantibandwidth
Set parameter TimeLimit to value 1800
(w = 14) Value Cyclicantibandwidth: 14
Lables: [14, 45, 92, 59, 44, 75, 89, 25, 66, 83, 43, 18, 72, 21, 39, 68, 53, 13, 46, 28, 61, 34, 55, 5, 29, 9, 52, 85, 58, 98, 19, 97, 40, 71, 12, 38, 67, 35, 74, 42, 11, 90, 41, 65, 47, 6, 22, 96, 82, 60, 7, 78, 50, 69, 86, 4, 99, 56, 100, 36, 24, 95, 48, 73, 81, 1, 33, 63, 15, 62, 31, 94, 87, 10, 76, 93, 20, 3, 30, 51, 84, 37, 77, 26, 70, 32, 91, 16, 88, 54, 80, 17, 23, 8, 57, 2, 79, 49, 64, 27]
(w = 14) Correct Cyclicantibandwidth
Set parameter TimeLimit to value 1800
(w = 15) Value Cyclicantibandwidth: 15
Lables: [38, 12, 97, 66, 44, 24, 89, 41, 4, 83, 43, 11, 34, 75, 28, 68, 15, 99, 27, 91, 92, 22, 88, 5, 32, 67, 47, 85, 78, 98, 19, 50, 46, 71, 25, 94, 73, 14, 76, 18, 55, 90, 10, 65, 48, 7, 39, 96, 82, 60, 26, 93, 52, 23, 42, 72, 51, 8, 84, 36, 61, 16, 58, 31, 40, 6, 33, 63, 86, 62, 1, 17, 29, 54, 35, 9, 74, 56, 13, 69, 2, 45, 77, 53, 81, 57, 87, 30, 59, 21, 64, 80, 70, 37, 79, 95, 49, 100, 20, 3]
(w = 15) Correct Cyclicantibandwidth
Set parameter TimeLimit to value 1800
(w = 16) Value Cyclicantibandwidth: 16
Lables: [62, 46, 11, 83, 12, 80, 30, 99, 33, 70, 43, 2, 68, 21, 50, 85, 61, 90, 51, 1, 92, 48, 66, 5, 89, 67, 41, 10, 78, 98, 42, 97, 32, 71, 7, 87, 28, 96, 38, 64, 55, 39, 100, 65, 75, 23, 57, 24, 82, 9, 26, 93, 86, 37, 20, 72, 22, 56, 14, 36, 15, 84, 18, 73, 40, 6, 88, 63, 34, 81, 52, 17, 94, 54, 35, 76, 74, 49, 95, 29, 45, 19, 77, 53, 31, 3, 25, 59, 44, 69, 4, 58, 27, 79, 60, 13, 47, 8, 91, 16]
(w = 16) Correct Cyclicantibandwidth
Set parameter TimeLimit to value 1800
(w = 17) Value Cyclicantibandwidth: 17
Lables: [19, 50, 11, 52, 7, 83, 60, 99, 42, 4, 43, 23, 94, 21, 41, 100, 61, 13, 51, 1, 92, 65, 88, 54, 32, 67, 39, 90, 78, 56, 37, 86, 73, 53, 8, 87, 28, 62, 22, 64, 55, 75, 31, 89, 16, 96, 25, 45, 82, 9, 44, 68, 98, 46, 20, 38, 30, 97, 34, 15, 18, 66, 14, 35, 40, 63, 33, 5, 36, 2, 48, 17, 72, 10, 93, 76, 74, 49, 95, 71, 27, 80, 29, 85, 26, 81, 59, 6, 91, 69, 3, 58, 70, 47, 79, 12, 77, 57, 84, 24]
(w = 17) Correct Cyclicantibandwidth
Set parameter TimeLimit to value 1800
(w = 18) Value Cyclicantibandwidth: 18
Lables: [15, 49, 11, 52, 83, 32, 68, 2, 42, 4, 43, 24, 63, 21, 50, 85, 61, 13, 51, 1, 92, 22, 88, 26, 27, 67, 41, 90, 78, 97, 19, 58, 10, 71, 7, 87, 65, 14, 76, 57, 55, 37, 100, 25, 16, 64, 39, 96, 82, 9, 75, 93, 86, 46, 20, 72, 30, 56, 8, 36, 80, 99, 18, 73, 94, 47, 6, 40, 34, 62, 31, 79, 48, 17, 84, 38, 74, 35, 66, 29, 5, 45, 77, 54, 81, 28, 91, 12, 44, 89, 53, 95, 70, 33, 60, 3, 59, 23, 69, 98]
(w = 18) Correct Cyclicantibandwidth
Set parameter TimeLimit to value 1800
[runlim] sample:		10.0 time, 10.1 real, 68.0 MB
(w = 19) Value Cyclicantibandwidth: 19
Lables: [64, 7, 28, 52, 12, 83, 60, 99, 42, 4, 43, 24, 68, 21, 50, 85, 61, 13, 51, 1, 92, 22, 88, 37, 32, 67, 41, 90, 78, 98, 19, 58, 8, 71, 26, 87, 65, 14, 76, 11, 10, 75, 100, 69, 16, 55, 74, 33, 30, 9, 81, 23, 86, 46, 20, 72, 48, 82, 15, 36, 80, 49, 18, 73, 94, 47, 6, 63, 34, 62, 31, 93, 59, 17, 84, 27, 25, 96, 66, 29, 5, 45, 97, 56, 95, 38, 91, 40, 44, 89, 54, 35, 70, 2, 57, 3, 79, 53, 77, 39]
(w = 19) Correct Cyclicantibandwidth
Set parameter TimeLimit to value 1800
(w = 20) Value Cyclicantibandwidth: 20
Lables: [38, 11, 35, 80, 12, 83, 60, 99, 42, 4, 51, 24, 68, 21, 50, 85, 61, 13, 33, 1, 92, 52, 22, 47, 32, 84, 41, 90, 78, 98, 19, 49, 10, 71, 7, 87, 65, 14, 76, 55, 8, 74, 40, 89, 16, 88, 25, 96, 75, 6, 81, 5, 86, 46, 20, 72, 48, 82, 15, 36, 26, 59, 30, 73, 94, 67, 27, 63, 34, 62, 31, 93, 64, 3, 43, 9, 77, 97, 66, 29, 18, 45, 17, 56, 95, 28, 91, 57, 44, 69, 2, 58, 70, 37, 79, 39, 54, 23, 53, 100]
(w = 20) Correct Cyclicantibandwidth
Set parameter TimeLimit to value 1800
(w = 21) Value Cyclicantibandwidth: 21
Lables: [9, 47, 23, 73, 12, 83, 60, 99, 66, 4, 43, 89, 52, 82, 10, 85, 61, 13, 51, 21, 59, 22, 88, 20, 24, 67, 41, 90, 63, 19, 53, 97, 1, 30, 7, 55, 65, 14, 71, 49, 25, 81, 40, 84, 11, 64, 18, 96, 76, 44, 5, 50, 100, 32, 70, 33, 72, 8, 34, 80, 15, 93, 16, 94, 54, 6, 36, 3, 98, 46, 68, 42, 48, 17, 77, 2, 74, 28, 92, 69, 45, 95, 29, 56, 31, 62, 91, 57, 38, 79, 27, 58, 86, 37, 87, 35, 78, 39, 75, 26]
(w = 21) Correct Cyclicantibandwidth
Set parameter TimeLimit to value 1800
(w = 22) Value Cyclicantibandwidth: 22
Lables: [28, 50, 16, 77, 12, 83, 57, 99, 42, 4, 66, 89, 21, 71, 36, 85, 61, 13, 51, 1, 59, 22, 88, 47, 24, 67, 41, 93, 65, 14, 72, 97, 10, 46, 7, 43, 70, 38, 76, 27, 55, 3, 40, 84, 31, 64, 25, 96, 30, 87, 26, 75, 86, 32, 81, 5, 52, 82, 8, 80, 19, 73, 2, 45, 60, 6, 33, 90, 68, 98, 20, 94, 48, 17, 91, 37, 74, 49, 23, 69, 9, 34, 100, 56, 18, 62, 39, 11, 44, 15, 92, 58, 95, 53, 79, 29, 54, 78, 35, 63]
(w = 22) Correct Cyclicantibandwidth
Set parameter TimeLimit to value 1800
(w = 23) Value Cyclicantibandwidth: 23
Lables: [97, 43, 3, 80, 14, 83, 60, 94, 42, 4, 36, 89, 21, 67, 31, 68, 6, 37, 92, 38, 72, 28, 77, 2, 99, 49, 11, 85, 78, 50, 5, 81, 10, 47, 7, 69, 45, 18, 53, 27, 19, 62, 24, 84, 96, 64, 93, 65, 40, 87, 26, 52, 86, 57, 1, 32, 30, 76, 15, 55, 75, 34, 59, 82, 51, 98, 33, 95, 61, 8, 48, 17, 20, 46, 16, 41, 73, 25, 74, 29, 22, 70, 13, 88, 44, 9, 39, 63, 66, 90, 56, 91, 54, 79, 12, 35, 71, 23, 100, 58]
(w = 23) Correct Cyclicantibandwidth
Set parameter TimeLimit to value 1800
(w = 24) Value Cyclicantibandwidth: 24
Lables: [21, 48, 11, 83, 12, 84, 51, 99, 42, 5, 46, 18, 53, 77, 41, 68, 15, 69, 2, 33, 55, 22, 90, 60, 98, 67, 91, 17, 70, 24, 79, 45, 25, 52, 7, 36, 40, 14, 76, 50, 27, 85, 9, 72, 16, 89, 38, 96, 43, 87, 26, 61, 86, 32, 1, 28, 37, 10, 34, 80, 19, 94, 59, 3, 63, 97, 56, 93, 82, 30, 62, 88, 49, 95, 35, 66, 78, 47, 23, 92, 29, 58, 8, 54, 44, 71, 39, 64, 6, 81, 20, 75, 65, 4, 74, 100, 73, 31, 57, 13]
(w = 24) Correct Cyclicantibandwidth
Set parameter TimeLimit to value 1800
(w = 25) Value Cyclicantibandwidth: 25
Lables: [43, 10, 47, 77, 9, 84, 27, 94, 33, 92, 51, 86, 21, 71, 1, 70, 3, 56, 6, 75, 89, 45, 73, 42, 58, 87, 14, 76, 12, 53, 98, 55, 37, 11, 46, 74, 65, 39, 95, 48, 29, 81, 40, 88, 67, 30, 57, 23, 25, 100, 52, 22, 68, 13, 41, 15, 64, 34, 80, 5, 83, 49, 99, 31, 28, 62, 35, 72, 60, 2, 59, 91, 97, 54, 17, 66, 26, 78, 18, 85, 36, 4, 79, 38, 44, 69, 19, 93, 24, 96, 63, 90, 32, 7, 61, 8, 50, 20, 82, 16]
(w = 25) Correct Cyclicantibandwidth
Set parameter TimeLimit to value 1800
(w = 26) Value Cyclicantibandwidth: 26
Lables: [60, 9, 79, 52, 12, 82, 23, 95, 32, 3, 43, 89, 21, 71, 2, 68, 28, 98, 56, 1, 92, 47, 88, 18, 40, 75, 41, 85, 11, 50, 5, 45, 83, 49, 22, 91, 48, 14, 76, 44, 55, 8, 78, 10, 54, 87, 58, 86, 51, 99, 63, 26, 97, 61, 4, 37, 67, 100, 39, 80, 69, 16, 72, 34, 27, 62, 33, 94, 93, 31, 57, 24, 29, 59, 15, 81, 42, 70, 17, 74, 36, 6, 66, 13, 65, 19, 90, 64, 25, 53, 84, 20, 96, 35, 7, 46, 73, 30, 77, 38]
(w = 26) Correct Cyclicantibandwidth
Set parameter TimeLimit to value 1800
(w = 27) Value Cyclicantibandwidth: 27
Lables: [38, 10, 39, 83, 18, 55, 23, 95, 35, 4, 43, 85, 17, 57, 12, 73, 15, 56, 29, 1, 92, 22, 50, 20, 51, 80, 41, 79, 6, 78, 5, 76, 45, 82, 34, 66, 65, 14, 58, 91, 27, 90, 40, 11, 54, 86, 13, 63, 24, 87, 60, 26, 2, 32, 100, 70, 64, 8, 52, 21, 75, 16, 72, 31, 48, 77, 33, 94, 61, 89, 44, 84, 25, 93, 37, 67, 42, 81, 9, 47, 36, 7, 69, 99, 46, 19, 59, 96, 88, 53, 97, 49, 62, 98, 28, 68, 71, 30, 74, 3]
(w = 27) Correct Cyclicantibandwidth
Set parameter TimeLimit to value 1800
[runlim] sample:		20.0 time, 20.1 real, 76.5 MB
(w = 28) Value Cyclicantibandwidth: 28
Lables: [54, 3, 41, 81, 12, 83, 23, 95, 61, 4, 43, 2, 38, 67, 37, 68, 15, 56, 27, 96, 92, 22, 88, 47, 34, 72, 17, 46, 78, 48, 5, 50, 52, 10, 45, 94, 82, 18, 76, 31, 24, 90, 40, 85, 51, 84, 25, 93, 59, 87, 26, 89, 30, 98, 42, 1, 36, 8, 53, 6, 73, 29, 64, 28, 66, 99, 33, 62, 75, 32, 60, 7, 11, 80, 35, 63, 74, 19, 70, 16, 100, 71, 13, 57, 44, 77, 20, 91, 14, 69, 97, 65, 58, 9, 79, 39, 55, 21, 49, 86]
(w = 28) Correct Cyclicantibandwidth
Set parameter TimeLimit to value 1800
(w = 29) Value Cyclicantibandwidth: 29
Lables: [14, 49, 20, 70, 7, 77, 25, 90, 57, 4, 43, 88, 19, 71, 33, 68, 13, 65, 27, 82, 63, 24, 76, 16, 12, 67, 17, 55, 81, 50, 5, 48, 10, 73, 41, 100, 44, 15, 58, 11, 23, 89, 40, 84, 54, 85, 31, 97, 38, 95, 61, 26, 28, 98, 42, 75, 64, 8, 60, 92, 80, 32, 94, 52, 59, 30, 62, 1, 78, 46, 93, 37, 29, 66, 6, 72, 79, 21, 74, 39, 2, 69, 18, 86, 83, 35, 96, 45, 3, 51, 91, 36, 56, 9, 47, 87, 34, 99, 53, 22]
(w = 29) Correct Cyclicantibandwidth
Set parameter TimeLimit to value 1800
(w = 30) Value Cyclicantibandwidth: 30
Lables: [54, 1, 36, 74, 19, 79, 15, 49, 5, 45, 93, 33, 65, 24, 57, 87, 23, 91, 21, 72, 92, 43, 13, 47, 60, 99, 32, 86, 76, 14, 50, 8, 10, 71, 27, 94, 66, 98, 37, 78, 44, 81, 17, 48, 53, 2, 58, 28, 6, 52, 83, 16, 56, 25, 59, 20, 89, 30, 85, 18, 61, 7, 40, 3, 68, 38, 73, 26, 96, 64, 12, 75, 80, 42, 11, 46, 90, 51, 82, 29, 35, 100, 55, 88, 77, 31, 62, 95, 22, 69, 4, 63, 70, 34, 67, 97, 9, 39, 84, 41]
(w = 30) Correct Cyclicantibandwidth
Set parameter TimeLimit to value 1800
(w = 31) Value Cyclicantibandwidth: 31
Lables: [75, 33, 2, 50, 1, 32, 63, 3, 34, 65, 4, 35, 66, 5, 36, 67, 6, 37, 68, 7, 8, 39, 70, 28, 78, 9, 40, 88, 38, 69, 10, 59, 11, 42, 73, 25, 41, 72, 12, 56, 64, 13, 44, 91, 14, 45, 76, 30, 43, 74, 15, 57, 71, 16, 47, 100, 17, 48, 79, 27, 46, 77, 18, 82, 80, 19, 51, 86, 20, 52, 21, 89, 49, 81, 22, 85, 92, 26, 95, 61, 31, 97, 53, 99, 60, 93, 58, 96, 83, 23, 62, 94, 29, 84, 24, 87, 55, 90, 54, 98]
(w = 31) Correct Cyclicantibandwidth
Set parameter TimeLimit to value 1800
(w = 32) Value Cyclicantibandwidth: 32
Lables: [39, 1, 33, 65, 2, 34, 66, 3, 35, 67, 4, 36, 68, 5, 37, 69, 6, 38, 70, 7, 71, 8, 40, 85, 41, 9, 42, 90, 72, 10, 43, 78, 11, 44, 12, 77, 45, 13, 46, 82, 73, 14, 47, 100, 15, 48, 16, 63, 49, 17, 50, 95, 74, 18, 51, 89, 19, 52, 20, 79, 53, 21, 54, 86, 75, 22, 55, 92, 23, 56, 24, 84, 57, 25, 58, 96, 76, 28, 93, 61, 26, 83, 31, 99, 62, 94, 60, 98, 91, 59, 27, 80, 32, 88, 30, 87, 64, 97, 29, 81]
(w = 32) Correct Cyclicantibandwidth
Set parameter TimeLimit to value 1800
[runlim] sample:		30.4 time, 30.1 real, 158.5 MB
(w = 33) Value Cyclicantibandwidth: 33
Lables: [40, 1, 34, 67, 2, 35, 68, 3, 36, 69, 4, 37, 70, 5, 38, 71, 6, 39, 72, 7, 73, 8, 41, 81, 42, 9, 43, 82, 74, 10, 44, 84, 11, 45, 12, 66, 46, 13, 47, 85, 75, 14, 48, 86, 15, 49, 16, 83, 50, 17, 51, 88, 76, 18, 52, 89, 19, 53, 20, 87, 54, 21, 55, 90, 77, 22, 56, 92, 23, 57, 24, 91, 58, 25, 59, 93, 78, 26, 60, 94, 27, 61, 28, 95, 62, 29, 63, 96, 79, 30, 64, 97, 31, 80, 32, 99, 65, 98, 33, 100]
(w = 33) Correct Cyclicantibandwidth
Set parameter TimeLimit to value 1800
(w = 34) Value Cyclicantibandwidth: 34
Lables: [42, 1, 35, 69, 3, 37, 2, 36, 70, 4, 38, 72, 6, 40, 5, 39, 73, 7, 41, 75, 8, 43, 9, 67, 44, 10, 45, 80, 71, 11, 46, 83, 12, 47, 13, 65, 48, 14, 49, 93, 74, 15, 50, 96, 51, 16, 52, 88, 76, 17, 53, 95, 18, 54, 19, 84, 55, 20, 56, 92, 77, 21, 57, 91, 22, 58, 23, 86, 59, 24, 60, 94, 78, 25, 61, 100, 66, 30, 79, 29, 99, 64, 98, 63, 28, 90, 34, 85, 68, 32, 97, 62, 81, 27, 87, 33, 26, 89, 31, 82]
(w = 34) Correct Cyclicantibandwidth
Set parameter TimeLimit to value 1800
(w = 35) Value Cyclicantibandwidth: 35
Lables: [40, 1, 36, 71, 6, 41, 2, 37, 72, 7, 42, 3, 38, 73, 8, 43, 4, 39, 74, 9, 5, 44, 79, 32, 45, 10, 46, 81, 75, 11, 47, 84, 12, 48, 13, 70, 49, 14, 50, 91, 76, 15, 51, 97, 52, 16, 53, 88, 77, 17, 54, 89, 18, 55, 19, 67, 56, 20, 57, 92, 78, 21, 58, 94, 59, 22, 60, 95, 80, 23, 61, 96, 24, 62, 25, 86, 65, 100, 63, 98, 99, 64, 28, 66, 68, 33, 82, 31, 85, 35, 93, 29, 30, 87, 34, 90, 69, 27, 83, 26]
(w = 35) Correct Cyclicantibandwidth
Set parameter TimeLimit to value 1800
[runlim] sample:		41.4 time, 40.1 real, 195.8 MB
(w = 36) Value Cyclicantibandwidth: 36
Lables: [41, 1, 37, 73, 9, 45, 2, 38, 74, 10, 46, 3, 39, 75, 11, 47, 4, 40, 76, 12, 5, 42, 6, 64, 43, 7, 44, 88, 77, 13, 49, 86, 14, 50, 8, 70, 48, 84, 20, 72, 81, 17, 53, 94, 51, 15, 52, 90, 78, 16, 54, 93, 18, 55, 19, 67, 56, 92, 28, 85, 82, 21, 57, 95, 58, 22, 59, 96, 79, 23, 60, 98, 24, 61, 97, 34, 71, 33, 69, 31, 83, 35, 89, 36, 66, 25, 63, 100, 80, 26, 62, 99, 32, 91, 27, 87, 65, 29, 68, 30]
(w = 36) Correct Cyclicantibandwidth
Set parameter TimeLimit to value 1800
[runlim] sample:		52.4 time, 50.1 real, 252.7 MB
(w = 37) Value Cyclicantibandwidth: 37
Lables: [92, 49, 9, 70, 17, 72, 27, 67, 19, 71, 10, 54, 94, 44, 93, 55, 2, 59, 18, 68, 38, 1, 63, 15, 5, 45, 6, 64, 62, 25, 73, 34, 16, 58, 20, 65, 60, 7, 66, 24, 33, 76, 14, 74, 88, 32, 86, 28, 29, 78, 39, 89, 57, 12, 51, 97, 23, 84, 30, 83, 48, 85, 26, 75, 3, 40, 80, 36, 52, 13, 50, 4, 81, 22, 77, 37, 41, 98, 42, 82, 95, 46, 87, 47, 61, 100, 43, 99, 96, 53, 91, 31, 69, 8, 56, 11, 21, 79, 35, 90]
(w = 37) Correct Cyclicantibandwidth
Set parameter TimeLimit to value 1800
[runlim] sample:		64.1 time, 60.1 real, 333.4 MB
(w = 38) Value Cyclicantibandwidth: 38
Lables: [92, 40, 88, 47, 95, 33, 75, 21, 80, 22, 84, 30, 69, 7, 67, 24, 73, 17, 78, 32, 44, 85, 39, 89, 94, 52, 8, 61, 42, 1, 49, 3, 6, 51, 93, 45, 34, 86, 48, 10, 83, 31, 70, 29, 13, 54, 100, 55, 62, 16, 59, 19, 23, 76, 38, 90, 79, 37, 77, 18, 25, 66, 28, 87, 81, 43, 97, 58, 9, 50, 2, 41, 46, 91, 35, 96, 5, 56, 99, 57, 82, 36, 98, 53, 26, 65, 11, 64, 68, 12, 74, 27, 20, 63, 4, 60, 71, 14, 72, 15]
(w = 38) Correct Cyclicantibandwidth
Set parameter TimeLimit to value 1800
[runlim] sample:		76.0 time, 70.1 real, 336.9 MB
(w = 39) Value Cyclicantibandwidth: 39
Lables: [92, 47, 87, 34, 78, 22, 69, 26, 65, 15, 70, 13, 56, 4, 58, 100, 52, 9, 67, 28, 32, 74, 25, 84, 90, 36, 88, 49, 37, 96, 57, 7, 93, 48, 6, 45, 38, 94, 44, 83, 61, 1, 53, 10, 27, 80, 33, 82, 66, 11, 55, 8, 23, 73, 20, 60, 63, 2, 41, 97, 31, 71, 16, 76, 62, 12, 72, 24, 17, 64, 5, 51, 54, 99, 43, 86, 18, 77, 30, 75, 39, 91, 35, 79, 3, 42, 81, 21, 50, 95, 46, 85, 14, 59, 98, 40, 89, 29, 68, 19]
(w = 39) Correct Cyclicantibandwidth
Set parameter TimeLimit to value 1800
[runlim] sample:		86.4 time, 80.1 real, 255.1 MB
[runlim] sample:		97.2 time, 90.1 real, 356.9 MB
(w = 40) Value Cyclicantibandwidth: 40
Lables: [96, 37, 97, 52, 12, 72, 29, 88, 46, 100, 44, 85, 38, 78, 25, 66, 26, 67, 8, 50, 53, 4, 63, 3, 87, 43, 90, 30, 41, 84, 36, 86, 98, 58, 13, 62, 56, 16, 76, 31, 24, 74, 21, 65, 69, 28, 68, 9, 47, 6, 51, 1, 2, 42, 82, 23, 54, 5, 60, 14, 89, 32, 73, 15, 34, 93, 35, 95, 79, 19, 59, 7, 18, 61, 11, 64, 83, 27, 81, 39, 10, 57, 17, 75, 77, 33, 92, 48, 20, 71, 22, 70, 55, 99, 40, 80, 91, 45, 94, 49]
(w = 40) Correct Cyclicantibandwidth
Set parameter TimeLimit to value 1800
[runlim] sample:		113.8 time, 100.1 real, 477.3 MB
[runlim] sample:		126.7 time, 110.1 real, 477.3 MB
[runlim] sample:		136.8 time, 120.1 real, 477.3 MB
[runlim] sample:		160.6 time, 130.1 real, 482.5 MB
[runlim] sample:		180.7 time, 140.1 real, 482.5 MB
(w = 41) Value Cyclicantibandwidth: 41
Lables: [69, 12, 63, 16, 68, 27, 86, 45, 2, 46, 91, 35, 79, 20, 77, 36, 81, 24, 65, 6, 15, 64, 5, 59, 62, 14, 61, 3, 13, 72, 23, 75, 58, 10, 66, 18, 9, 54, 8, 52, 85, 44, 97, 55, 29, 78, 22, 70, 93, 34, 82, 30, 60, 19, 73, 17, 90, 38, 88, 37, 50, 4, 57, 7, 92, 42, 84, 28, 25, 80, 39, 83, 71, 26, 67, 21, 32, 74, 31, 87, 95, 53, 1, 48, 40, 98, 49, 100, 76, 33, 89, 41, 11, 56, 99, 47, 51, 96, 43, 94]
(w = 41) Correct Cyclicantibandwidth
Set parameter TimeLimit to value 1800
[runlim] sample:		198.0 time, 150.1 real, 482.8 MB
[runlim] end:			Tue Nov  4 06:05:29 2025
[runlim] status:		out of time
[runlim] result:		2
[runlim] children:		0
[runlim] real:			150.10 seconds
[runlim] time:			197.97 seconds
[runlim] space:			513.4 MB
[runlim] samples:		1500
