[runlim] version:		1.10
[runlim] time limit:		311040000 seconds
[runlim] real time limit:	150 seconds
[runlim] space limit:		30000 MB
[runlim] argv[0]:		python3
[runlim] argv[1]:		model.py
[runlim] argv[2]:		./graph/caterpillar/caterpillar_15_6.txt
[runlim] start:			Tue Nov  4 05:55:29 2025
[runlim] main pid:		58558
[runlim] log captured:
Set parameter WLSAccessID
Set parameter WLSSecret
Set parameter LicenseID to value 2663665
Academic license 2663665 - for non-commercial use only - registered to tu___@vnu.edu.vn
Set parameter TimeLimit to value 1800
(w = 4) Value Cyclicantibandwidth: 4
Lables: [22, 26, 79, 69, 19, 72, 64, 59, 20, 4, 56, 2, 35, 80, 27, 48, 68, 83, 65, 21, 14, 28, 67, 34, 13, 52, 57, 31, 85, 41, 3, 78, 71, 54, 33, 81, 40, 23, 1, 63, 90, 74, 84, 45, 86, 77, 18, 11, 51, 16, 17, 70, 89, 37, 24, 60, 88, 46, 38, 32, 55, 29, 73, 25, 44, 9, 87, 5, 76, 43, 10, 62, 39, 8, 42, 50, 12, 36, 30, 61, 7, 15, 58, 49, 53, 66, 6, 75, 82, 47]
(w = 4) Correct Cyclicantibandwidth
Set parameter TimeLimit to value 1800
(w = 5) Value Cyclicantibandwidth: 5
Lables: [22, 45, 79, 69, 19, 3, 64, 59, 20, 4, 56, 2, 35, 80, 27, 48, 68, 83, 65, 21, 14, 28, 67, 34, 13, 52, 57, 31, 85, 41, 49, 78, 71, 54, 33, 81, 40, 23, 1, 82, 75, 26, 8, 29, 58, 77, 18, 11, 90, 50, 17, 70, 89, 37, 24, 86, 63, 46, 38, 32, 55, 87, 73, 84, 44, 9, 72, 5, 76, 43, 10, 62, 39, 16, 42, 60, 74, 36, 30, 25, 88, 7, 61, 12, 51, 66, 53, 6, 15, 47]
(w = 5) Correct Cyclicantibandwidth
Set parameter TimeLimit to value 1800
(w = 6) Value Cyclicantibandwidth: 6
Lables: [22, 28, 79, 69, 19, 3, 25, 59, 20, 4, 56, 2, 35, 80, 27, 48, 68, 83, 65, 21, 14, 43, 67, 34, 13, 52, 64, 31, 85, 41, 49, 78, 71, 54, 33, 81, 40, 23, 1, 16, 75, 82, 53, 26, 86, 5, 18, 11, 90, 50, 17, 70, 89, 37, 24, 51, 63, 46, 38, 32, 55, 29, 73, 84, 44, 9, 72, 12, 76, 87, 10, 62, 39, 8, 42, 60, 74, 36, 30, 57, 88, 7, 58, 77, 61, 45, 6, 47, 15, 66]
(w = 6) Correct Cyclicantibandwidth
Set parameter TimeLimit to value 1800
(w = 7) Value Cyclicantibandwidth: 7
Lables: [36, 28, 79, 69, 19, 3, 64, 48, 20, 4, 56, 2, 35, 80, 27, 45, 68, 83, 65, 21, 14, 43, 67, 34, 13, 52, 75, 31, 85, 41, 49, 78, 71, 57, 33, 81, 40, 23, 1, 16, 82, 74, 84, 26, 86, 77, 18, 11, 90, 50, 17, 70, 89, 37, 24, 51, 63, 7, 38, 46, 55, 29, 73, 25, 54, 9, 72, 5, 76, 12, 10, 62, 39, 8, 42, 60, 53, 22, 30, 61, 88, 32, 58, 15, 47, 87, 59, 44, 66, 6]
(w = 7) Correct Cyclicantibandwidth
Set parameter TimeLimit to value 1800
(w = 8) Value Cyclicantibandwidth: 8
Lables: [22, 7, 79, 69, 19, 3, 64, 48, 20, 4, 56, 2, 35, 80, 27, 45, 68, 83, 65, 21, 26, 43, 67, 34, 13, 52, 75, 31, 85, 41, 49, 78, 14, 57, 33, 81, 40, 23, 1, 16, 82, 74, 84, 46, 86, 77, 59, 11, 90, 50, 17, 70, 89, 37, 24, 51, 63, 53, 38, 60, 55, 32, 73, 28, 54, 9, 72, 5, 76, 12, 10, 62, 39, 8, 42, 44, 15, 36, 47, 25, 88, 71, 58, 29, 61, 87, 30, 18, 66, 6]
(w = 8) Correct Cyclicantibandwidth
Set parameter TimeLimit to value 1800
(w = 9) Value Cyclicantibandwidth: 9
Lables: [22, 4, 79, 69, 19, 3, 64, 48, 20, 29, 56, 2, 35, 80, 27, 45, 68, 83, 65, 21, 26, 43, 67, 34, 13, 52, 75, 31, 85, 41, 49, 78, 50, 73, 33, 81, 40, 23, 1, 16, 14, 74, 84, 46, 86, 77, 18, 37, 90, 54, 17, 57, 89, 25, 39, 51, 63, 53, 38, 60, 55, 32, 76, 28, 44, 9, 72, 5, 36, 12, 82, 70, 88, 8, 42, 7, 62, 15, 30, 11, 10, 71, 58, 24, 61, 87, 59, 6, 66, 47]
(w = 9) Correct Cyclicantibandwidth
Set parameter TimeLimit to value 1800
(w = 10) Value Cyclicantibandwidth: 10
Lables: [22, 33, 79, 69, 19, 3, 64, 48, 20, 4, 56, 2, 35, 80, 27, 45, 68, 83, 65, 21, 14, 28, 67, 34, 13, 52, 75, 31, 85, 41, 49, 78, 50, 73, 89, 81, 40, 23, 1, 16, 82, 6, 84, 26, 86, 77, 18, 37, 90, 54, 17, 57, 72, 25, 46, 51, 63, 53, 38, 60, 55, 32, 76, 66, 44, 9, 87, 12, 36, 59, 15, 70, 39, 8, 42, 5, 74, 58, 30, 11, 7, 43, 61, 24, 10, 71, 88, 29, 62, 47]
(w = 10) Correct Cyclicantibandwidth
Set parameter TimeLimit to value 1800
(w = 11) Value Cyclicantibandwidth: 11
Lables: [22, 33, 14, 69, 19, 3, 64, 48, 20, 4, 56, 2, 35, 80, 27, 45, 68, 83, 65, 21, 85, 28, 67, 34, 13, 52, 75, 31, 66, 41, 49, 78, 50, 73, 89, 81, 40, 23, 1, 16, 82, 6, 84, 26, 86, 77, 18, 37, 90, 54, 17, 57, 72, 25, 46, 51, 79, 53, 38, 60, 55, 32, 76, 63, 44, 9, 87, 12, 36, 59, 15, 70, 39, 8, 42, 5, 74, 58, 30, 11, 7, 43, 61, 24, 10, 71, 88, 29, 62, 47]
(w = 11) Correct Cyclicantibandwidth
Set parameter TimeLimit to value 1800
(w = 12) Value Cyclicantibandwidth: 12
Lables: [82, 34, 79, 56, 19, 3, 16, 48, 20, 4, 70, 39, 18, 80, 49, 45, 68, 83, 50, 21, 64, 43, 67, 26, 13, 28, 54, 31, 85, 69, 15, 35, 71, 55, 30, 60, 89, 23, 1, 41, 81, 58, 84, 65, 14, 77, 22, 61, 5, 72, 17, 47, 2, 40, 24, 90, 33, 46, 7, 32, 75, 42, 59, 6, 78, 9, 52, 76, 37, 86, 10, 62, 36, 51, 63, 73, 87, 38, 53, 11, 8, 44, 57, 27, 88, 74, 29, 12, 66, 25]
(w = 12) Correct Cyclicantibandwidth
Set parameter TimeLimit to value 1800
(w = 13) Value Cyclicantibandwidth: 13
Lables: [22, 41, 79, 9, 76, 3, 64, 48, 20, 4, 56, 39, 73, 26, 62, 45, 68, 83, 65, 21, 14, 28, 50, 34, 13, 27, 57, 31, 85, 67, 72, 35, 71, 54, 33, 30, 78, 23, 1, 16, 75, 90, 77, 46, 86, 5, 18, 80, 51, 7, 17, 70, 89, 37, 24, 60, 74, 52, 38, 59, 63, 32, 69, 84, 44, 36, 87, 12, 81, 43, 10, 42, 29, 8, 58, 15, 49, 82, 53, 11, 88, 19, 55, 40, 61, 6, 25, 2, 47, 66]
(w = 13) Correct Cyclicantibandwidth
Set parameter TimeLimit to value 1800
(w = 14) Value Cyclicantibandwidth: 14
Lables: [22, 7, 79, 9, 76, 3, 64, 48, 20, 4, 56, 39, 2, 42, 62, 45, 68, 83, 65, 21, 49, 28, 67, 34, 13, 27, 57, 31, 85, 41, 72, 35, 18, 54, 33, 30, 14, 61, 1, 16, 75, 90, 29, 46, 86, 5, 23, 80, 51, 73, 17, 70, 89, 37, 77, 60, 74, 52, 38, 15, 63, 32, 69, 84, 44, 26, 78, 12, 81, 43, 10, 71, 24, 8, 58, 50, 36, 82, 53, 11, 88, 19, 55, 87, 47, 40, 25, 59, 6, 66]
(w = 14) Correct Cyclicantibandwidth
Set parameter TimeLimit to value 1800
(w = 15) Value Cyclicantibandwidth: 15
Lables: [22, 2, 37, 69, 19, 3, 64, 48, 20, 4, 79, 39, 73, 26, 76, 45, 68, 83, 65, 21, 49, 28, 67, 34, 13, 52, 75, 31, 85, 41, 35, 78, 50, 81, 33, 80, 14, 61, 1, 16, 74, 90, 29, 46, 86, 5, 43, 11, 51, 7, 17, 57, 89, 25, 84, 60, 9, 70, 38, 15, 63, 36, 56, 24, 54, 23, 72, 12, 59, 18, 10, 62, 30, 8, 32, 44, 27, 58, 42, 77, 88, 55, 6, 71, 53, 40, 66, 87, 47, 82]
(w = 15) Correct Cyclicantibandwidth
Set parameter TimeLimit to value 1800
(w = 16) Value Cyclicantibandwidth: 16
Lables: [22, 2, 34, 69, 19, 3, 67, 48, 20, 4, 64, 39, 73, 26, 76, 45, 68, 16, 65, 21, 49, 28, 89, 42, 13, 52, 75, 31, 85, 41, 35, 78, 50, 33, 15, 80, 14, 61, 1, 37, 74, 90, 29, 46, 86, 5, 43, 11, 51, 7, 17, 57, 81, 25, 84, 60, 9, 70, 38, 83, 63, 32, 56, 24, 54, 23, 72, 12, 36, 18, 10, 62, 30, 8, 27, 44, 87, 58, 79, 59, 88, 55, 6, 77, 53, 40, 71, 47, 66, 82]
(w = 16) Correct Cyclicantibandwidth
Set parameter TimeLimit to value 1800
(w = 17) Value Cyclicantibandwidth: 17
Lables: [22, 2, 19, 69, 37, 3, 64, 45, 20, 90, 56, 39, 73, 26, 76, 51, 68, 7, 65, 21, 49, 28, 83, 66, 13, 53, 75, 31, 85, 41, 35, 78, 50, 79, 33, 81, 14, 61, 1, 25, 74, 48, 29, 46, 86, 5, 43, 11, 71, 16, 17, 57, 89, 24, 67, 60, 9, 70, 38, 59, 63, 32, 77, 40, 80, 23, 72, 12, 36, 18, 10, 62, 30, 8, 27, 44, 87, 58, 34, 84, 52, 4, 55, 82, 47, 54, 6, 42, 15, 88]
(w = 17) Correct Cyclicantibandwidth
Set parameter TimeLimit to value 1800
(w = 18) Value Cyclicantibandwidth: 18
Lables: [22, 2, 37, 69, 19, 71, 41, 59, 20, 60, 79, 39, 73, 26, 76, 48, 68, 4, 65, 21, 49, 28, 83, 34, 77, 62, 89, 31, 74, 47, 3, 53, 81, 57, 33, 80, 14, 61, 1, 45, 90, 66, 84, 27, 86, 85, 18, 82, 51, 16, 17, 70, 36, 75, 24, 38, 9, 46, 13, 32, 29, 5, 56, 7, 40, 23, 72, 12, 67, 43, 10, 54, 35, 8, 78, 50, 25, 55, 30, 11, 52, 15, 58, 88, 64, 42, 6, 44, 87, 63]
(w = 18) Correct Cyclicantibandwidth
Set parameter TimeLimit to value 1800
(w = 19) Value Cyclicantibandwidth: 19
Lables: [22, 2, 37, 69, 19, 71, 41, 64, 84, 60, 79, 39, 73, 26, 76, 48, 67, 7, 65, 21, 49, 28, 59, 34, 13, 62, 89, 31, 85, 47, 3, 35, 81, 57, 33, 80, 14, 61, 1, 25, 90, 66, 20, 45, 86, 77, 18, 82, 51, 16, 17, 70, 4, 50, 83, 38, 63, 27, 54, 32, 29, 5, 56, 75, 44, 23, 72, 12, 52, 9, 10, 42, 68, 8, 58, 15, 78, 36, 55, 11, 46, 74, 6, 53, 30, 40, 88, 43, 87, 24]
(w = 19) Correct Cyclicantibandwidth
Set parameter TimeLimit to value 1800
(w = 20) Value Cyclicantibandwidth: 20
Lables: [22, 2, 37, 69, 19, 71, 41, 80, 20, 60, 85, 39, 73, 7, 76, 48, 68, 31, 65, 21, 49, 28, 56, 34, 13, 62, 89, 55, 83, 47, 3, 35, 81, 57, 33, 87, 23, 61, 1, 63, 26, 66, 86, 45, 8, 77, 18, 82, 51, 16, 17, 70, 4, 50, 24, 79, 9, 46, 15, 58, 29, 5, 54, 75, 14, 25, 72, 12, 67, 43, 10, 42, 74, 11, 32, 44, 90, 36, 64, 84, 52, 78, 38, 88, 53, 30, 59, 27, 6, 40]
(w = 20) Correct Cyclicantibandwidth
Set parameter TimeLimit to value 1800
[runlim] sample:		10.0 time, 10.1 real, 59.3 MB
(w = 21) Value Cyclicantibandwidth: 21
Lables: [25, 2, 37, 69, 46, 71, 41, 80, 20, 60, 10, 39, 73, 26, 76, 48, 72, 7, 65, 21, 49, 28, 83, 55, 13, 62, 89, 31, 85, 47, 3, 35, 81, 56, 33, 87, 18, 61, 27, 57, 14, 74, 29, 4, 58, 77, 34, 82, 51, 16, 17, 70, 23, 90, 53, 86, 63, 88, 54, 32, 30, 5, 40, 84, 44, 36, 79, 12, 75, 9, 68, 42, 67, 8, 59, 19, 78, 38, 66, 11, 50, 24, 1, 22, 52, 45, 6, 43, 64, 15]
(w = 21) Correct Cyclicantibandwidth
Set parameter TimeLimit to value 1800
(w = 22) Value Cyclicantibandwidth: 22
Lables: [22, 45, 79, 40, 16, 71, 41, 80, 20, 60, 10, 39, 73, 26, 76, 48, 4, 72, 38, 13, 14, 65, 33, 67, 44, 27, 88, 31, 85, 47, 64, 35, 2, 54, 89, 81, 51, 23, 1, 25, 21, 74, 29, 7, 58, 77, 55, 82, 53, 5, 17, 70, 8, 37, 84, 87, 63, 86, 49, 15, 30, 56, 28, 75, 32, 36, 69, 12, 52, 9, 90, 62, 18, 50, 78, 24, 57, 83, 46, 68, 66, 43, 19, 42, 3, 11, 34, 61, 6, 59]
(w = 22) Correct Cyclicantibandwidth
Set parameter TimeLimit to value 1800
(w = 23) Value Cyclicantibandwidth: 23
Lables: [22, 45, 79, 40, 76, 16, 64, 28, 65, 4, 56, 2, 35, 80, 54, 48, 20, 83, 38, 13, 14, 43, 71, 34, 5, 52, 75, 31, 85, 41, 3, 27, 81, 57, 33, 30, 62, 23, 55, 25, 82, 17, 58, 26, 86, 36, 78, 47, 74, 50, 87, 46, 89, 37, 8, 1, 63, 90, 61, 32, 44, 77, 29, 66, 11, 9, 69, 12, 51, 6, 67, 21, 73, 39, 70, 60, 10, 72, 49, 7, 42, 19, 84, 24, 68, 88, 53, 15, 59, 18]
(w = 23) Correct Cyclicantibandwidth
Set parameter TimeLimit to value 1800
(w = 24) Value Cyclicantibandwidth: 24
Lables: [78, 45, 79, 52, 76, 16, 80, 28, 65, 4, 56, 2, 35, 86, 27, 48, 20, 83, 38, 13, 14, 43, 67, 34, 5, 26, 75, 31, 85, 41, 11, 58, 17, 57, 81, 30, 62, 23, 49, 90, 82, 22, 84, 59, 33, 36, 70, 42, 74, 50, 87, 25, 89, 37, 8, 18, 63, 9, 54, 15, 64, 32, 69, 24, 55, 21, 72, 12, 51, 6, 46, 3, 39, 66, 1, 60, 10, 68, 44, 7, 53, 19, 61, 88, 29, 71, 47, 73, 40, 77]
(w = 24) Correct Cyclicantibandwidth
Set parameter TimeLimit to value 1800
(w = 25) Value Cyclicantibandwidth: 25
Lables: [85, 41, 4, 31, 76, 16, 64, 28, 65, 1, 56, 7, 35, 88, 27, 48, 20, 66, 38, 11, 68, 14, 74, 34, 3, 52, 89, 59, 90, 29, 2, 58, 22, 57, 83, 30, 80, 23, 49, 87, 47, 17, 77, 26, 63, 36, 78, 37, 75, 50, 84, 25, 69, 24, 55, 18, 62, 9, 54, 79, 43, 70, 8, 33, 86, 21, 72, 12, 51, 6, 32, 73, 39, 67, 42, 82, 53, 10, 46, 13, 44, 19, 61, 5, 60, 71, 45, 81, 40, 15]
(w = 25) Correct Cyclicantibandwidth
Set parameter TimeLimit to value 1800
(w = 26) Value Cyclicantibandwidth: 26
Lables: [3, 42, 79, 40, 76, 16, 80, 28, 65, 4, 62, 2, 35, 87, 48, 56, 9, 55, 19, 75, 14, 51, 6, 61, 5, 49, 89, 59, 85, 41, 90, 64, 31, 58, 15, 27, 72, 23, 52, 88, 47, 20, 83, 26, 86, 36, 78, 37, 74, 25, 77, 43, 69, 24, 84, 18, 63, 32, 60, 13, 44, 8, 34, 66, 39, 21, 57, 12, 67, 30, 46, 73, 11, 70, 38, 82, 50, 10, 53, 22, 54, 81, 17, 71, 45, 1, 29, 68, 33, 7]
(w = 26) Correct Cyclicantibandwidth
Set parameter TimeLimit to value 1800
(w = 27) Value Cyclicantibandwidth: 27
Lables: [75, 42, 79, 40, 76, 16, 64, 28, 65, 4, 56, 2, 35, 80, 27, 48, 20, 83, 38, 1, 14, 43, 90, 55, 87, 52, 22, 51, 13, 41, 3, 33, 84, 57, 89, 30, 62, 9, 49, 88, 47, 15, 77, 26, 85, 36, 78, 37, 74, 45, 58, 25, 69, 24, 86, 23, 63, 34, 7, 50, 54, 11, 73, 17, 44, 21, 72, 12, 67, 6, 32, 70, 39, 8, 61, 82, 53, 10, 46, 81, 31, 60, 19, 71, 29, 66, 5, 59, 18, 68]
(w = 27) Correct Cyclicantibandwidth
Set parameter TimeLimit to value 1800
(w = 28) Value Cyclicantibandwidth: 28
Lables: [52, 21, 80, 40, 76, 26, 85, 30, 61, 4, 58, 2, 48, 88, 27, 89, 43, 15, 56, 1, 78, 45, 90, 28, 57, 51, 13, 64, 3, 41, 87, 37, 8, 68, 35, 23, 62, 31, 77, 39, 75, 14, 44, 7, 42, 38, 84, 34, 74, 17, 60, 12, 69, 24, 55, 18, 63, 33, 86, 32, 54, 11, 73, 36, 79, 9, 47, 82, 25, 70, 46, 83, 22, 66, 5, 81, 50, 10, 49, 20, 59, 19, 72, 29, 67, 71, 16, 65, 6, 53]
(w = 28) Correct Cyclicantibandwidth
Set parameter TimeLimit to value 1800
(w = 29) Value Cyclicantibandwidth: 29
Lables: [63, 15, 76, 23, 52, 4, 48, 18, 54, 2, 56, 88, 27, 60, 10, 29, 64, 7, 55, 11, 70, 31, 90, 59, 12, 39, 82, 42, 1, 41, 81, 33, 71, 30, 89, 6, 62, 13, 51, 22, 49, 86, 34, 73, 43, 14, 68, 36, 74, 44, 75, 46, 5, 57, 20, 3, 47, 85, 24, 84, 61, 32, 72, 25, 77, 16, 53, 8, 67, 38, 37, 79, 21, 50, 17, 80, 26, 87, 40, 69, 19, 78, 45, 83, 35, 58, 28, 66, 9, 65]
(w = 29) Correct Cyclicantibandwidth
Set parameter TimeLimit to value 1800
[runlim] sample:		20.0 time, 20.1 real, 89.8 MB
(w = 30) Value Cyclicantibandwidth: 30
Lables: [65, 33, 3, 45, 1, 31, 61, 2, 32, 62, 4, 34, 64, 5, 35, 6, 36, 66, 7, 60, 63, 8, 38, 68, 24, 37, 67, 9, 39, 77, 10, 40, 70, 11, 51, 41, 71, 12, 42, 75, 69, 13, 43, 73, 22, 14, 44, 74, 15, 54, 46, 16, 47, 17, 76, 72, 18, 48, 78, 26, 19, 49, 79, 20, 56, 50, 80, 21, 52, 86, 87, 30, 82, 27, 57, 23, 58, 89, 53, 90, 59, 25, 83, 28, 84, 81, 29, 88, 55, 85]
(w = 30) Correct Cyclicantibandwidth
Set parameter TimeLimit to value 1800
(w = 31) Value Cyclicantibandwidth: 31
Lables: [66, 33, 2, 45, 1, 32, 63, 4, 35, 3, 34, 65, 6, 37, 5, 7, 38, 69, 10, 59, 64, 8, 39, 70, 25, 36, 67, 9, 40, 76, 11, 42, 73, 14, 56, 41, 72, 13, 44, 82, 68, 12, 43, 74, 22, 15, 46, 77, 18, 58, 47, 16, 48, 17, 57, 71, 19, 50, 81, 24, 49, 80, 21, 52, 86, 75, 20, 51, 89, 54, 23, 60, 29, 88, 55, 62, 30, 83, 28, 87, 85, 31, 84, 53, 90, 61, 27, 78, 26, 79]
(w = 31) Correct Cyclicantibandwidth
Set parameter TimeLimit to value 1800
(w = 32) Value Cyclicantibandwidth: 32
Lables: [36, 1, 33, 65, 7, 39, 2, 34, 66, 8, 40, 3, 35, 67, 9, 4, 37, 5, 38, 78, 41, 6, 42, 10, 61, 68, 11, 43, 75, 22, 12, 44, 76, 18, 73, 45, 13, 46, 14, 59, 71, 15, 47, 79, 27, 48, 16, 49, 17, 64, 69, 19, 51, 83, 32, 20, 52, 84, 26, 81, 50, 82, 24, 56, 88, 72, 21, 74, 23, 77, 55, 89, 57, 90, 58, 70, 29, 85, 53, 86, 31, 63, 30, 87, 54, 62, 28, 60, 25, 80]
(w = 32) Correct Cyclicantibandwidth
Set parameter TimeLimit to value 1800
(w = 33) Value Cyclicantibandwidth: 33
Lables: [37, 1, 34, 67, 10, 43, 2, 35, 68, 11, 44, 3, 36, 69, 12, 4, 38, 5, 39, 84, 40, 6, 41, 7, 60, 70, 13, 46, 8, 63, 14, 47, 9, 42, 86, 45, 78, 21, 54, 87, 76, 19, 52, 15, 65, 48, 81, 24, 57, 90, 71, 16, 49, 82, 31, 17, 50, 83, 26, 61, 51, 18, 53, 20, 66, 77, 29, 75, 27, 72, 59, 22, 64, 25, 58, 80, 30, 85, 33, 79, 32, 88, 55, 89, 56, 62, 23, 73, 28, 74]
(w = 33) Correct Cyclicantibandwidth
Set parameter TimeLimit to value 1800
[runlim] sample:		31.6 time, 30.1 real, 214.8 MB
(w = 34) Value Cyclicantibandwidth: 34
Lables: [57, 10, 44, 79, 25, 60, 8, 54, 89, 55, 90, 52, 13, 56, 1, 22, 61, 26, 68, 15, 47, 81, 27, 67, 28, 2, 58, 23, 75, 32, 36, 70, 33, 69, 14, 59, 17, 53, 4, 38, 19, 72, 16, 66, 11, 42, 82, 48, 6, 40, 3, 39, 88, 50, 12, 41, 85, 29, 74, 18, 21, 76, 35, 71, 20, 34, 77, 24, 78, 43, 87, 46, 80, 37, 73, 64, 30, 65, 9, 62, 5, 45, 83, 31, 84, 51, 86, 49, 7, 63]
(w = 34) Correct Cyclicantibandwidth
Set parameter TimeLimit to value 1800
[runlim] sample:		44.4 time, 40.1 real, 341.9 MB
(w = 35) Value Cyclicantibandwidth: 35
Lables: [55, 18, 67, 14, 57, 11, 61, 17, 66, 16, 65, 30, 84, 48, 5, 2, 44, 90, 39, 83, 72, 22, 59, 7, 56, 26, 77, 33, 78, 29, 49, 86, 38, 75, 20, 10, 64, 28, 73, 37, 46, 85, 47, 6, 60, 12, 52, 4, 43, 87, 70, 15, 53, 3, 51, 25, 63, 24, 71, 31, 69, 19, 58, 8, 62, 23, 74, 21, 76, 35, 68, 13, 50, 89, 34, 40, 82, 36, 81, 27, 88, 41, 79, 32, 80, 45, 9, 54, 1, 42]
(w = 35) Correct Cyclicantibandwidth
Set parameter TimeLimit to value 1800
[runlim] sample:		59.2 time, 50.1 real, 395.4 MB
(w = 36) Value Cyclicantibandwidth: 36
Lables: [80, 30, 82, 45, 6, 60, 13, 49, 89, 35, 77, 40, 76, 24, 65, 26, 79, 41, 3, 52, 71, 29, 70, 32, 86, 43, 90, 39, 83, 38, 7, 59, 22, 74, 27, 58, 19, 64, 18, 56, 16, 61, 8, 53, 17, 67, 23, 62, 9, 50, 2, 44, 81, 42, 85, 36, 88, 34, 72, 20, 73, 21, 57, 10, 54, 33, 78, 31, 84, 47, 4, 46, 5, 55, 1, 28, 69, 25, 75, 37, 66, 14, 68, 15, 63, 12, 51, 11, 48, 87]
(w = 36) Correct Cyclicantibandwidth
Set parameter TimeLimit to value 1800
(w = 37) Value Cyclicantibandwidth: 37
Lables: [40, 1, 38, 75, 22, 59, 6, 43, 2, 39, 76, 23, 60, 7, 44, 3, 41, 4, 42, 82, 45, 5, 46, 8, 57, 77, 24, 61, 9, 55, 25, 62, 10, 47, 88, 63, 11, 48, 85, 34, 12, 49, 86, 33, 84, 50, 13, 51, 14, 54, 80, 27, 64, 15, 67, 52, 89, 36, 73, 21, 78, 26, 65, 16, 58, 28, 81, 37, 90, 53, 66, 17, 70, 32, 79, 18, 71, 29, 69, 20, 56, 19, 72, 35, 87, 83, 31, 68, 30, 74]
(w = 37) Correct Cyclicantibandwidth
Set parameter TimeLimit to value 1800
[runlim] sample:		71.5 time, 60.1 real, 407.9 MB
(w = 38) Value Cyclicantibandwidth: 38
Lables: [76, 35, 82, 32, 81, 41, 2, 42, 88, 49, 8, 57, 19, 68, 24, 34, 74, 26, 66, 15, 78, 30, 73, 22, 61, 40, 90, 38, 85, 33, 84, 37, 77, 29, 71, 39, 79, 36, 86, 44, 1, 52, 6, 55, 11, 54, 13, 65, 23, 62, 80, 28, 67, 20, 69, 47, 9, 51, 89, 50, 5, 43, 87, 45, 3, 48, 10, 60, 16, 64, 14, 53, 12, 63, 17, 58, 18, 56, 4, 46, 25, 70, 21, 59, 7, 75, 27, 72, 31, 83]
(w = 38) Correct Cyclicantibandwidth
Set parameter TimeLimit to value 1800
(w = 39) Value Cyclicantibandwidth: 39
Lables: [42, 1, 40, 79, 28, 67, 16, 55, 4, 43, 2, 41, 80, 29, 68, 3, 44, 5, 45, 85, 52, 6, 46, 7, 51, 81, 30, 69, 18, 61, 31, 70, 19, 58, 12, 71, 20, 59, 8, 54, 17, 56, 9, 48, 90, 57, 10, 49, 88, 39, 11, 50, 89, 38, 87, 47, 86, 35, 74, 25, 82, 32, 72, 21, 60, 53, 13, 64, 23, 62, 83, 36, 76, 27, 77, 34, 84, 37, 78, 33, 75, 24, 65, 15, 66, 26, 73, 22, 63, 14]
(w = 39) Correct Cyclicantibandwidth
Set parameter TimeLimit to value 1800
(w = 40) Value Cyclicantibandwidth: 40
Lables: [43, 1, 41, 81, 31, 71, 21, 61, 11, 51, 2, 42, 82, 32, 72, 3, 44, 4, 45, 85, 48, 5, 46, 6, 54, 83, 33, 73, 23, 68, 34, 74, 24, 64, 20, 75, 25, 65, 15, 58, 22, 62, 12, 52, 8, 63, 13, 53, 7, 55, 14, 57, 16, 66, 18, 59, 19, 60, 17, 67, 10, 56, 9, 49, 89, 50, 90, 40, 84, 39, 86, 36, 79, 30, 80, 35, 78, 38, 88, 47, 76, 29, 77, 37, 87, 28, 69, 26, 70, 27]
(w = 40) Correct Cyclicantibandwidth
Set parameter TimeLimit to value 1800
[runlim] sample:		83.3 time, 70.1 real, 336.3 MB
[runlim] sample:		95.6 time, 80.1 real, 359.3 MB
[runlim] sample:		105.7 time, 90.1 real, 359.3 MB
[runlim] sample:		118.2 time, 100.1 real, 363.9 MB
[runlim] sample:		148.2 time, 110.1 real, 471.5 MB
[runlim] sample:		178.2 time, 120.1 real, 484.5 MB
[runlim] sample:		208.2 time, 130.1 real, 491.1 MB
[runlim] sample:		238.3 time, 140.1 real, 485.1 MB
[runlim] sample:		268.3 time, 150.1 real, 489.8 MB
[runlim] end:			Tue Nov  4 05:57:59 2025
[runlim] status:		out of time
[runlim] result:		2
[runlim] children:		0
[runlim] real:			150.10 seconds
[runlim] time:			268.31 seconds
[runlim] space:			491.1 MB
[runlim] samples:		1500
