[runlim] version:		1.10
[runlim] time limit:		311040000 seconds
[runlim] real time limit:	150 seconds
[runlim] space limit:		30000 MB
[runlim] argv[0]:		python3
[runlim] argv[1]:		model.py
[runlim] argv[2]:		./graph/caterpillar/caterpillar_20_10.txt
[runlim] start:			Tue Nov  4 06:10:29 2025
[runlim] main pid:		58885
[runlim] log captured:
Set parameter WLSAccessID
Set parameter WLSSecret
Set parameter LicenseID to value 2663665
Academic license 2663665 - for non-commercial use only - registered to tu___@vnu.edu.vn
Set parameter TimeLimit to value 1800
(w = 4) Value Cyclicantibandwidth: 4
Lables: [154, 5, 186, 169, 158, 150, 21, 68, 107, 1, 166, 183, 67, 85, 50, 129, 133, 102, 128, 64, 124, 84, 56, 96, 60, 33, 101, 72, 82, 177, 185, 108, 141, 117, 167, 11, 42, 76, 160, 29, 104, 119, 94, 31, 88, 165, 79, 47, 138, 87, 92, 173, 134, 4, 49, 106, 136, 41, 120, 180, 142, 22, 38, 187, 55, 193, 3, 114, 168, 54, 130, 51, 122, 112, 152, 28, 34, 182, 105, 26, 135, 52, 66, 192, 176, 200, 99, 171, 98, 161, 74, 95, 59, 65, 23, 184, 27, 6, 145, 62, 19, 188, 143, 90, 190, 25, 155, 70, 170, 159, 97, 191, 35, 127, 80, 132, 45, 93, 197, 156, 149, 10, 18, 46, 164, 115, 172, 139, 195, 17, 71, 113, 15, 118, 30, 83, 110, 20, 194, 91, 73, 116, 103, 146, 175, 179, 39, 148, 40, 53, 81, 2, 111, 9, 43, 109, 63, 100, 121, 126, 131, 16, 144, 8, 174, 24, 44, 196, 37, 157, 32, 61, 151, 7, 13, 123, 162, 137, 198, 77, 14, 189, 78, 12, 181, 153, 199, 48, 178, 75, 57, 36, 58, 140, 86, 163, 89, 125, 147, 69]
(w = 4) Correct Cyclicantibandwidth
Set parameter TimeLimit to value 1800
(w = 5) Value Cyclicantibandwidth: 5
Lables: [154, 5, 186, 169, 158, 150, 21, 68, 107, 1, 166, 183, 67, 85, 50, 129, 152, 102, 128, 64, 124, 84, 56, 96, 60, 33, 101, 72, 82, 177, 185, 108, 141, 117, 167, 11, 42, 76, 32, 145, 104, 119, 94, 31, 88, 165, 79, 47, 138, 87, 92, 173, 134, 4, 49, 106, 136, 41, 120, 180, 142, 22, 38, 187, 55, 193, 3, 114, 168, 54, 130, 51, 122, 112, 97, 28, 34, 182, 105, 26, 135, 52, 66, 192, 176, 200, 99, 171, 98, 161, 74, 95, 59, 65, 23, 184, 27, 6, 24, 62, 19, 188, 143, 90, 190, 25, 155, 70, 170, 159, 175, 191, 35, 127, 80, 132, 45, 93, 29, 197, 149, 156, 18, 46, 164, 115, 172, 139, 195, 17, 71, 113, 15, 118, 30, 83, 110, 20, 194, 91, 73, 116, 103, 146, 133, 179, 39, 148, 40, 53, 81, 2, 111, 9, 43, 109, 63, 100, 121, 126, 131, 16, 144, 8, 174, 37, 44, 196, 57, 157, 199, 61, 151, 7, 13, 123, 162, 137, 198, 77, 14, 189, 10, 36, 78, 153, 75, 181, 160, 86, 147, 89, 48, 140, 163, 69, 12, 125, 178, 58]
(w = 5) Correct Cyclicantibandwidth
Set parameter TimeLimit to value 1800
(w = 6) Value Cyclicantibandwidth: 6
Lables: [154, 81, 92, 169, 158, 119, 171, 44, 107, 86, 62, 183, 67, 85, 138, 129, 198, 83, 135, 120, 124, 131, 56, 96, 42, 133, 150, 72, 196, 177, 185, 108, 141, 117, 167, 11, 134, 25, 32, 145, 104, 159, 60, 31, 191, 165, 105, 8, 143, 87, 26, 35, 54, 4, 49, 106, 136, 41, 84, 68, 142, 22, 38, 82, 55, 193, 46, 114, 168, 80, 187, 51, 122, 112, 152, 28, 34, 182, 70, 64, 5, 52, 115, 192, 176, 200, 166, 47, 113, 161, 74, 95, 59, 65, 23, 184, 27, 6, 24, 53, 3, 173, 180, 90, 151, 140, 149, 130, 170, 79, 97, 128, 19, 127, 91, 132, 45, 93, 29, 197, 126, 156, 18, 57, 164, 50, 172, 139, 195, 17, 71, 21, 15, 118, 30, 123, 76, 20, 194, 146, 73, 116, 103, 190, 175, 102, 39, 148, 155, 186, 16, 2, 111, 9, 43, 109, 63, 100, 40, 110, 66, 188, 144, 94, 174, 37, 98, 179, 121, 157, 199, 61, 88, 7, 13, 99, 162, 137, 33, 77, 14, 189, 10, 36, 78, 153, 75, 181, 160, 101, 147, 89, 48, 1, 163, 69, 12, 125, 178, 58]
(w = 6) Correct Cyclicantibandwidth
Set parameter TimeLimit to value 1800
(w = 7) Value Cyclicantibandwidth: 7
Lables: [154, 5, 186, 169, 158, 150, 21, 68, 107, 1, 166, 183, 67, 85, 50, 129, 198, 102, 128, 64, 124, 84, 56, 96, 60, 133, 101, 72, 82, 177, 185, 108, 141, 117, 167, 11, 42, 76, 32, 145, 104, 119, 94, 31, 88, 165, 79, 47, 138, 87, 136, 173, 134, 4, 49, 106, 194, 41, 120, 180, 142, 22, 38, 187, 55, 193, 3, 114, 168, 54, 130, 51, 122, 112, 97, 65, 34, 182, 105, 26, 135, 52, 66, 192, 176, 200, 99, 171, 98, 161, 74, 95, 59, 152, 23, 184, 27, 6, 24, 62, 19, 33, 143, 90, 190, 25, 155, 70, 170, 159, 28, 191, 35, 127, 80, 132, 45, 93, 29, 197, 149, 156, 18, 46, 164, 115, 172, 139, 195, 17, 71, 113, 15, 118, 30, 83, 110, 20, 163, 91, 73, 116, 103, 146, 175, 81, 39, 148, 40, 53, 16, 2, 111, 9, 43, 109, 63, 100, 121, 13, 131, 188, 144, 8, 92, 37, 44, 196, 126, 157, 199, 61, 151, 7, 69, 123, 162, 137, 179, 77, 14, 189, 10, 36, 78, 153, 75, 181, 160, 86, 57, 89, 48, 140, 178, 12, 174, 125, 58, 147]
(w = 7) Correct Cyclicantibandwidth
Set parameter TimeLimit to value 1800
(w = 8) Value Cyclicantibandwidth: 8
Lables: [154, 5, 186, 169, 158, 150, 21, 68, 107, 1, 166, 183, 67, 85, 50, 129, 198, 102, 128, 64, 124, 84, 56, 96, 60, 133, 101, 72, 82, 177, 185, 108, 141, 117, 167, 11, 42, 76, 32, 145, 104, 119, 94, 31, 88, 165, 79, 47, 138, 87, 136, 173, 134, 4, 49, 106, 194, 41, 120, 180, 142, 22, 38, 187, 55, 193, 3, 114, 168, 54, 130, 51, 122, 112, 152, 28, 148, 182, 105, 26, 135, 52, 66, 192, 176, 200, 99, 171, 98, 161, 74, 95, 59, 86, 23, 184, 27, 6, 24, 62, 19, 33, 143, 90, 190, 25, 65, 9, 170, 159, 97, 191, 35, 127, 80, 132, 45, 93, 29, 34, 44, 156, 18, 46, 164, 115, 172, 139, 195, 17, 71, 113, 15, 118, 30, 83, 110, 20, 163, 91, 73, 116, 103, 146, 175, 81, 39, 13, 40, 53, 16, 2, 111, 92, 197, 109, 63, 100, 121, 70, 131, 188, 144, 8, 174, 37, 149, 196, 43, 157, 199, 61, 151, 7, 69, 123, 162, 137, 179, 77, 14, 189, 10, 36, 78, 153, 126, 181, 160, 75, 57, 89, 48, 140, 178, 12, 155, 125, 58, 147]
(w = 8) Correct Cyclicantibandwidth
Set parameter TimeLimit to value 1800
[runlim] sample:		10.0 time, 10.1 real, 111.3 MB
(w = 9) Value Cyclicantibandwidth: 9
Lables: [154, 5, 186, 157, 177, 150, 21, 68, 107, 1, 166, 183, 67, 85, 50, 129, 198, 102, 128, 64, 124, 84, 18, 96, 60, 133, 101, 72, 82, 44, 185, 108, 141, 117, 167, 11, 42, 169, 32, 145, 104, 119, 56, 31, 88, 165, 79, 47, 138, 87, 136, 173, 134, 4, 49, 106, 194, 41, 120, 180, 142, 22, 38, 187, 55, 193, 3, 114, 168, 54, 130, 51, 122, 112, 152, 28, 148, 182, 105, 26, 135, 52, 66, 192, 176, 200, 99, 171, 98, 161, 74, 95, 59, 86, 23, 184, 27, 6, 24, 62, 19, 33, 143, 90, 190, 25, 65, 9, 170, 159, 97, 191, 35, 127, 80, 132, 45, 93, 29, 34, 149, 10, 94, 46, 164, 115, 172, 139, 195, 17, 71, 113, 15, 118, 30, 83, 110, 20, 163, 91, 73, 156, 103, 146, 175, 81, 39, 13, 40, 53, 16, 2, 111, 92, 197, 109, 63, 100, 121, 70, 131, 188, 144, 8, 174, 37, 155, 196, 43, 76, 199, 61, 151, 7, 69, 123, 162, 137, 179, 77, 14, 189, 78, 12, 181, 153, 126, 48, 178, 75, 160, 36, 158, 57, 116, 147, 89, 125, 140, 58]
(w = 9) Correct Cyclicantibandwidth
Set parameter TimeLimit to value 1800
(w = 10) Value Cyclicantibandwidth: 10
Lables: [154, 5, 186, 169, 158, 110, 21, 68, 107, 1, 166, 183, 67, 85, 50, 129, 198, 102, 128, 64, 124, 84, 56, 96, 60, 133, 101, 72, 82, 150, 185, 108, 141, 117, 194, 11, 42, 76, 32, 145, 104, 119, 94, 31, 88, 165, 79, 47, 138, 87, 136, 173, 134, 4, 49, 106, 121, 41, 120, 180, 142, 22, 38, 187, 55, 193, 3, 114, 168, 54, 130, 51, 122, 112, 152, 28, 148, 182, 105, 26, 135, 52, 66, 192, 176, 200, 99, 171, 98, 161, 74, 95, 59, 86, 23, 184, 27, 6, 24, 62, 19, 33, 143, 90, 190, 25, 65, 9, 170, 159, 97, 191, 35, 127, 80, 132, 45, 93, 29, 34, 149, 10, 100, 46, 164, 115, 172, 139, 195, 17, 71, 113, 15, 118, 30, 83, 197, 20, 163, 91, 73, 156, 177, 146, 175, 103, 39, 13, 40, 53, 81, 2, 111, 92, 167, 109, 63, 189, 18, 126, 70, 16, 188, 8, 174, 37, 155, 196, 43, 157, 131, 61, 151, 7, 69, 123, 162, 137, 179, 77, 14, 125, 78, 12, 181, 153, 199, 48, 178, 144, 75, 36, 58, 140, 44, 160, 89, 57, 116, 147]
(w = 10) Correct Cyclicantibandwidth
Set parameter TimeLimit to value 1800
(w = 11) Value Cyclicantibandwidth: 11
Lables: [154, 5, 186, 169, 158, 124, 21, 68, 107, 1, 166, 183, 67, 85, 50, 129, 198, 102, 128, 64, 38, 84, 56, 96, 60, 133, 101, 72, 122, 150, 185, 108, 141, 117, 167, 11, 42, 76, 32, 145, 104, 119, 94, 31, 88, 165, 79, 47, 138, 87, 136, 173, 134, 4, 49, 106, 194, 41, 120, 180, 142, 22, 130, 187, 55, 162, 3, 114, 168, 54, 140, 51, 82, 112, 152, 28, 148, 182, 105, 26, 135, 52, 66, 192, 176, 200, 99, 171, 98, 161, 74, 95, 59, 86, 23, 184, 27, 6, 24, 62, 19, 33, 143, 90, 190, 25, 65, 9, 170, 159, 97, 191, 35, 127, 80, 132, 45, 93, 29, 34, 149, 10, 100, 46, 164, 115, 172, 139, 195, 17, 71, 113, 15, 118, 30, 83, 110, 193, 163, 91, 73, 156, 177, 146, 175, 103, 39, 13, 40, 53, 81, 2, 111, 92, 197, 109, 63, 189, 18, 126, 70, 16, 188, 8, 174, 37, 155, 196, 43, 157, 131, 61, 151, 7, 69, 123, 20, 137, 179, 77, 14, 125, 78, 12, 181, 153, 199, 48, 178, 144, 75, 36, 58, 116, 44, 121, 89, 57, 160, 147]
(w = 11) Correct Cyclicantibandwidth
Set parameter TimeLimit to value 1800
(w = 12) Value Cyclicantibandwidth: 12
Lables: [154, 5, 186, 169, 64, 124, 21, 68, 107, 1, 166, 183, 67, 85, 170, 129, 198, 102, 128, 94, 38, 84, 56, 96, 60, 133, 101, 72, 182, 150, 185, 108, 141, 117, 167, 11, 42, 76, 32, 145, 104, 119, 158, 31, 88, 165, 79, 47, 138, 87, 136, 173, 134, 4, 49, 106, 194, 41, 120, 180, 142, 22, 130, 187, 55, 193, 110, 45, 168, 54, 140, 51, 122, 3, 152, 28, 148, 18, 105, 26, 135, 52, 66, 192, 176, 200, 99, 171, 98, 161, 74, 95, 59, 86, 23, 184, 27, 6, 24, 62, 19, 33, 112, 90, 190, 25, 65, 9, 50, 159, 97, 191, 35, 127, 80, 132, 179, 93, 29, 34, 149, 10, 100, 46, 164, 115, 172, 139, 195, 17, 71, 113, 15, 118, 30, 83, 155, 20, 163, 91, 73, 156, 177, 146, 175, 103, 39, 13, 82, 53, 81, 2, 111, 143, 197, 109, 63, 189, 121, 70, 131, 16, 188, 8, 92, 37, 153, 196, 43, 157, 199, 61, 151, 7, 69, 123, 162, 137, 160, 77, 14, 125, 78, 12, 181, 116, 40, 174, 75, 144, 57, 36, 48, 89, 44, 126, 114, 58, 178, 147]
(w = 12) Correct Cyclicantibandwidth
Set parameter TimeLimit to value 1800
[runlim] sample:		20.0 time, 20.1 real, 128.7 MB
(w = 13) Value Cyclicantibandwidth: 13
Lables: [154, 5, 48, 169, 83, 150, 21, 68, 107, 1, 166, 183, 67, 85, 50, 129, 198, 102, 128, 64, 124, 158, 56, 96, 60, 133, 101, 72, 182, 177, 51, 108, 141, 117, 167, 11, 42, 76, 32, 145, 104, 119, 94, 31, 88, 165, 79, 47, 138, 87, 136, 173, 134, 4, 49, 106, 194, 41, 120, 180, 142, 22, 38, 187, 55, 193, 116, 45, 168, 54, 130, 86, 122, 3, 152, 28, 148, 18, 105, 26, 135, 52, 66, 192, 176, 200, 99, 171, 98, 161, 74, 95, 59, 10, 23, 184, 27, 6, 24, 62, 19, 33, 112, 90, 190, 25, 65, 9, 170, 69, 97, 191, 35, 127, 80, 132, 179, 93, 185, 34, 149, 73, 100, 46, 164, 115, 172, 139, 195, 17, 71, 113, 15, 159, 84, 58, 155, 20, 163, 91, 125, 156, 103, 146, 175, 118, 197, 13, 82, 53, 81, 2, 111, 143, 43, 109, 63, 189, 121, 70, 131, 16, 188, 8, 92, 37, 153, 196, 39, 157, 199, 61, 151, 7, 29, 123, 186, 137, 160, 77, 14, 78, 178, 12, 181, 162, 40, 174, 75, 144, 57, 36, 110, 140, 44, 126, 89, 30, 114, 147]
(w = 13) Correct Cyclicantibandwidth
Set parameter TimeLimit to value 1800
(w = 14) Value Cyclicantibandwidth: 14
Lables: [154, 5, 186, 169, 83, 150, 21, 68, 107, 1, 166, 183, 67, 85, 50, 129, 198, 102, 128, 64, 124, 158, 56, 96, 60, 133, 101, 72, 182, 177, 51, 108, 141, 117, 167, 11, 42, 76, 32, 145, 104, 119, 94, 31, 88, 165, 79, 47, 138, 87, 136, 173, 134, 4, 49, 106, 194, 41, 120, 180, 142, 22, 38, 187, 55, 193, 116, 45, 168, 54, 130, 86, 122, 3, 152, 28, 148, 18, 105, 26, 135, 52, 66, 192, 176, 200, 99, 171, 98, 161, 74, 95, 59, 10, 110, 184, 27, 6, 24, 62, 19, 33, 112, 90, 190, 25, 65, 9, 170, 69, 97, 191, 35, 127, 80, 132, 179, 93, 185, 34, 149, 73, 100, 46, 164, 115, 172, 139, 195, 17, 71, 113, 15, 159, 84, 58, 155, 20, 163, 91, 125, 156, 103, 146, 175, 118, 197, 13, 82, 53, 81, 2, 111, 143, 23, 109, 63, 189, 121, 70, 131, 16, 188, 8, 92, 37, 153, 196, 39, 157, 199, 61, 151, 7, 29, 123, 43, 137, 160, 77, 14, 78, 178, 12, 181, 162, 40, 174, 75, 144, 57, 36, 147, 48, 126, 44, 89, 30, 114, 140]
(w = 14) Correct Cyclicantibandwidth
Set parameter TimeLimit to value 1800
(w = 15) Value Cyclicantibandwidth: 15
Lables: [154, 5, 186, 169, 83, 150, 21, 68, 107, 1, 166, 183, 67, 85, 50, 129, 198, 102, 128, 64, 124, 158, 56, 96, 60, 133, 101, 72, 182, 177, 51, 108, 141, 117, 167, 11, 42, 76, 32, 145, 104, 119, 94, 31, 88, 165, 79, 47, 138, 87, 136, 173, 134, 4, 49, 106, 194, 41, 120, 180, 142, 22, 38, 187, 55, 193, 110, 45, 168, 54, 130, 86, 122, 3, 97, 28, 148, 18, 105, 26, 135, 30, 66, 192, 176, 200, 99, 171, 98, 161, 74, 95, 59, 10, 126, 184, 27, 6, 24, 62, 19, 33, 112, 90, 190, 25, 65, 9, 170, 69, 52, 191, 35, 127, 80, 132, 179, 93, 185, 34, 149, 73, 100, 46, 164, 115, 172, 139, 195, 17, 71, 113, 15, 159, 84, 58, 155, 20, 163, 91, 125, 156, 103, 146, 175, 118, 197, 13, 82, 53, 81, 2, 111, 143, 43, 109, 63, 189, 121, 70, 131, 16, 188, 8, 92, 37, 153, 196, 39, 157, 199, 61, 151, 7, 29, 123, 162, 137, 160, 77, 14, 78, 23, 147, 12, 116, 40, 181, 75, 144, 57, 36, 140, 48, 178, 114, 89, 174, 44, 152]
(w = 15) Correct Cyclicantibandwidth
Set parameter TimeLimit to value 1800
[runlim] sample:		30.0 time, 30.1 real, 169.6 MB
(w = 16) Value Cyclicantibandwidth: 16
Lables: [154, 5, 119, 169, 83, 150, 21, 68, 107, 1, 166, 183, 67, 85, 50, 129, 198, 102, 128, 64, 124, 158, 56, 96, 60, 133, 101, 72, 182, 177, 51, 108, 141, 117, 167, 11, 42, 76, 32, 145, 104, 196, 94, 31, 88, 165, 79, 47, 138, 87, 136, 173, 134, 4, 49, 106, 194, 41, 120, 180, 142, 22, 38, 187, 55, 193, 110, 45, 168, 54, 130, 86, 122, 3, 152, 28, 148, 18, 105, 26, 135, 52, 159, 192, 176, 200, 66, 171, 98, 161, 74, 95, 59, 10, 126, 184, 27, 6, 24, 62, 19, 33, 112, 90, 190, 25, 65, 9, 170, 69, 97, 191, 35, 127, 80, 132, 179, 93, 185, 34, 149, 73, 100, 46, 164, 115, 172, 139, 195, 17, 71, 113, 15, 118, 84, 58, 155, 20, 163, 91, 125, 156, 103, 146, 175, 81, 197, 13, 82, 53, 30, 2, 111, 143, 43, 109, 63, 189, 121, 70, 131, 16, 188, 8, 92, 37, 153, 186, 39, 157, 99, 61, 151, 7, 29, 123, 162, 137, 160, 77, 14, 78, 199, 36, 12, 116, 40, 181, 75, 23, 57, 89, 44, 140, 178, 147, 174, 144, 114, 48]
(w = 16) Correct Cyclicantibandwidth
Set parameter TimeLimit to value 1800
(w = 17) Value Cyclicantibandwidth: 17
Lables: [154, 5, 186, 169, 83, 150, 21, 68, 107, 1, 166, 183, 67, 85, 50, 129, 198, 102, 128, 64, 124, 158, 56, 96, 60, 133, 197, 72, 182, 177, 51, 108, 141, 117, 167, 11, 42, 76, 32, 145, 104, 155, 94, 31, 88, 165, 79, 47, 138, 87, 136, 173, 134, 4, 49, 106, 194, 41, 120, 180, 142, 181, 38, 187, 55, 193, 110, 45, 168, 54, 130, 86, 122, 3, 152, 28, 148, 179, 105, 26, 135, 52, 159, 192, 18, 200, 66, 171, 98, 161, 74, 95, 59, 10, 126, 184, 27, 6, 24, 62, 19, 33, 112, 90, 190, 25, 65, 9, 170, 69, 97, 191, 35, 127, 80, 132, 75, 93, 185, 34, 149, 73, 100, 46, 164, 115, 172, 139, 119, 17, 71, 113, 15, 118, 84, 58, 2, 20, 163, 91, 125, 156, 103, 146, 175, 81, 176, 13, 82, 53, 30, 137, 195, 143, 43, 109, 63, 189, 121, 70, 131, 16, 111, 8, 92, 37, 153, 196, 39, 157, 99, 61, 151, 7, 29, 123, 162, 22, 188, 77, 14, 160, 78, 12, 144, 116, 199, 48, 178, 23, 101, 36, 147, 40, 114, 44, 89, 174, 140, 57]
(w = 17) Correct Cyclicantibandwidth
Set parameter TimeLimit to value 1800
[runlim] sample:		40.1 time, 40.1 real, 146.1 MB
(w = 18) Value Cyclicantibandwidth: 18
Lables: [154, 5, 94, 169, 83, 150, 21, 68, 107, 1, 137, 183, 67, 85, 50, 129, 198, 102, 128, 64, 124, 158, 56, 96, 60, 166, 101, 72, 182, 177, 51, 108, 141, 117, 167, 11, 42, 76, 32, 145, 104, 155, 52, 31, 88, 165, 79, 47, 138, 87, 136, 173, 134, 4, 49, 106, 194, 41, 120, 180, 142, 22, 130, 187, 55, 193, 110, 45, 168, 54, 140, 86, 122, 3, 152, 28, 148, 18, 105, 26, 135, 200, 159, 192, 10, 151, 66, 171, 98, 161, 74, 95, 59, 196, 23, 184, 27, 6, 24, 62, 19, 33, 112, 90, 190, 25, 65, 9, 170, 69, 97, 191, 35, 127, 80, 176, 46, 93, 185, 34, 149, 73, 100, 174, 126, 172, 13, 139, 119, 17, 186, 113, 15, 118, 84, 58, 2, 20, 163, 91, 125, 156, 103, 146, 175, 81, 197, 179, 82, 53, 30, 133, 195, 164, 43, 109, 63, 189, 121, 70, 131, 16, 111, 8, 92, 38, 153, 44, 99, 157, 199, 61, 116, 7, 29, 123, 162, 57, 188, 77, 14, 143, 78, 12, 71, 89, 40, 181, 160, 75, 147, 36, 115, 39, 132, 37, 144, 48, 178, 114]
(w = 18) Correct Cyclicantibandwidth
Set parameter TimeLimit to value 1800
(w = 19) Value Cyclicantibandwidth: 19
Lables: [154, 5, 186, 15, 158, 124, 21, 68, 107, 1, 166, 70, 120, 85, 50, 129, 198, 102, 128, 64, 38, 84, 56, 96, 60, 133, 101, 72, 182, 150, 185, 108, 141, 183, 46, 11, 42, 76, 32, 145, 104, 155, 94, 31, 88, 165, 79, 47, 138, 87, 136, 173, 134, 4, 49, 106, 194, 41, 99, 180, 142, 22, 130, 187, 55, 193, 110, 45, 168, 54, 140, 51, 122, 3, 152, 28, 148, 18, 105, 26, 135, 169, 66, 117, 176, 200, 121, 171, 98, 161, 74, 95, 59, 86, 23, 184, 27, 73, 24, 62, 167, 33, 112, 90, 190, 25, 65, 9, 170, 192, 97, 191, 35, 127, 80, 132, 179, 93, 29, 34, 149, 10, 67, 177, 126, 172, 13, 139, 195, 17, 52, 113, 156, 118, 30, 83, 2, 20, 163, 91, 6, 116, 159, 69, 175, 103, 197, 39, 82, 119, 81, 137, 53, 164, 43, 109, 63, 100, 36, 131, 174, 16, 111, 8, 92, 143, 44, 196, 37, 157, 199, 61, 151, 7, 71, 123, 162, 57, 188, 77, 14, 189, 78, 12, 115, 19, 40, 181, 160, 75, 147, 89, 48, 146, 178, 153, 125, 144, 114, 58]
(w = 19) Correct Cyclicantibandwidth
Set parameter TimeLimit to value 1800
(w = 20) Value Cyclicantibandwidth: 20
Lables: [154, 5, 110, 15, 158, 124, 21, 68, 107, 1, 166, 70, 120, 85, 50, 129, 198, 102, 128, 64, 38, 84, 56, 96, 60, 133, 101, 72, 182, 150, 185, 108, 141, 183, 46, 11, 42, 76, 32, 145, 104, 155, 94, 31, 88, 165, 79, 47, 138, 87, 136, 173, 134, 4, 49, 106, 194, 41, 99, 180, 142, 22, 130, 187, 55, 193, 116, 45, 168, 54, 140, 51, 122, 3, 152, 28, 148, 18, 105, 26, 135, 169, 66, 117, 176, 200, 121, 171, 98, 161, 74, 95, 59, 86, 23, 184, 27, 6, 163, 62, 167, 33, 112, 90, 190, 25, 65, 9, 170, 192, 97, 191, 35, 127, 80, 132, 179, 93, 29, 34, 149, 10, 67, 177, 126, 172, 13, 139, 195, 17, 52, 113, 156, 118, 30, 83, 2, 20, 181, 91, 125, 188, 159, 69, 175, 103, 197, 39, 82, 119, 81, 137, 53, 164, 186, 109, 63, 100, 36, 131, 174, 16, 111, 8, 92, 143, 44, 196, 37, 157, 199, 61, 151, 43, 71, 123, 162, 57, 160, 77, 14, 189, 78, 12, 115, 19, 40, 7, 178, 144, 75, 89, 48, 146, 114, 153, 73, 24, 58, 147]
(w = 20) Correct Cyclicantibandwidth
Set parameter TimeLimit to value 1800
[runlim] sample:		50.1 time, 50.1 real, 175.4 MB
(w = 21) Value Cyclicantibandwidth: 21
Lables: [154, 5, 83, 169, 16, 150, 21, 68, 107, 1, 166, 70, 120, 85, 50, 152, 198, 102, 128, 64, 124, 158, 56, 96, 60, 133, 101, 72, 182, 177, 51, 108, 141, 183, 46, 11, 42, 76, 32, 145, 104, 155, 94, 31, 88, 165, 79, 47, 138, 87, 136, 173, 134, 4, 49, 106, 194, 41, 99, 180, 142, 186, 38, 187, 55, 193, 110, 45, 168, 54, 130, 86, 122, 3, 97, 28, 148, 18, 105, 26, 135, 52, 159, 117, 176, 200, 66, 171, 98, 161, 74, 95, 59, 10, 126, 184, 27, 6, 163, 62, 167, 33, 112, 90, 190, 25, 65, 9, 170, 192, 44, 191, 35, 127, 80, 132, 179, 93, 185, 34, 149, 69, 100, 23, 164, 115, 172, 139, 195, 17, 71, 113, 15, 118, 84, 58, 2, 20, 181, 91, 125, 156, 103, 146, 175, 81, 197, 39, 82, 119, 30, 137, 53, 143, 43, 109, 63, 19, 121, 13, 131, 188, 111, 8, 92, 24, 129, 196, 37, 157, 199, 61, 151, 7, 29, 123, 162, 57, 160, 77, 14, 189, 67, 12, 78, 153, 40, 116, 178, 144, 75, 36, 73, 22, 114, 147, 89, 174, 140, 48]
(w = 21) Correct Cyclicantibandwidth
Set parameter TimeLimit to value 1800
(w = 22) Value Cyclicantibandwidth: 22
Lables: [154, 5, 83, 169, 16, 150, 21, 68, 107, 1, 166, 70, 120, 85, 50, 129, 198, 102, 128, 64, 124, 158, 56, 96, 60, 133, 101, 72, 182, 177, 51, 108, 141, 183, 46, 11, 42, 76, 32, 145, 104, 155, 94, 31, 88, 165, 79, 47, 138, 87, 136, 173, 48, 4, 49, 106, 194, 41, 99, 180, 142, 186, 38, 187, 55, 193, 110, 45, 168, 54, 130, 86, 122, 3, 152, 28, 148, 18, 105, 26, 135, 52, 159, 117, 176, 200, 27, 171, 98, 161, 134, 95, 59, 10, 126, 184, 74, 6, 163, 62, 167, 33, 112, 90, 190, 25, 65, 9, 170, 192, 97, 191, 35, 127, 80, 132, 179, 93, 185, 34, 149, 69, 100, 23, 164, 115, 172, 139, 195, 17, 71, 113, 15, 118, 84, 58, 2, 20, 181, 91, 125, 156, 103, 146, 175, 81, 197, 39, 82, 119, 30, 137, 53, 143, 43, 63, 116, 19, 121, 13, 131, 188, 111, 8, 92, 24, 153, 196, 37, 157, 199, 61, 109, 7, 29, 123, 162, 57, 160, 77, 14, 189, 67, 12, 78, 22, 44, 151, 178, 144, 75, 36, 73, 140, 114, 147, 89, 174, 40, 66]
(w = 22) Correct Cyclicantibandwidth
Set parameter TimeLimit to value 1800
[runlim] sample:		60.1 time, 60.1 real, 197.1 MB
(w = 23) Value Cyclicantibandwidth: 23
Lables: [154, 5, 83, 169, 90, 150, 21, 68, 107, 1, 166, 70, 120, 185, 50, 129, 198, 102, 128, 64, 124, 158, 56, 96, 60, 133, 101, 72, 182, 177, 51, 108, 141, 183, 46, 11, 42, 76, 32, 104, 29, 155, 94, 31, 88, 165, 79, 47, 138, 87, 136, 173, 134, 4, 49, 106, 194, 130, 99, 180, 85, 186, 38, 187, 55, 193, 110, 45, 168, 54, 123, 86, 122, 3, 152, 28, 148, 18, 105, 26, 135, 52, 159, 117, 176, 200, 66, 171, 98, 161, 74, 131, 59, 10, 126, 184, 27, 75, 24, 62, 167, 33, 112, 16, 190, 25, 65, 9, 170, 195, 97, 191, 35, 127, 80, 132, 179, 93, 22, 34, 149, 69, 100, 23, 164, 115, 172, 139, 192, 17, 71, 113, 15, 118, 6, 58, 142, 20, 163, 91, 125, 156, 103, 146, 175, 81, 197, 84, 119, 53, 30, 137, 111, 143, 43, 95, 63, 19, 121, 13, 67, 188, 109, 8, 92, 37, 153, 196, 82, 157, 199, 61, 151, 7, 41, 114, 162, 57, 160, 77, 14, 189, 78, 12, 181, 116, 40, 174, 144, 36, 147, 89, 44, 145, 178, 73, 48, 140, 2, 39]
(w = 23) Correct Cyclicantibandwidth
Set parameter TimeLimit to value 1800
(w = 24) Value Cyclicantibandwidth: 24
Lables: [154, 9, 83, 169, 16, 150, 21, 68, 107, 1, 166, 70, 120, 85, 50, 129, 198, 102, 128, 64, 124, 158, 56, 96, 60, 133, 101, 72, 182, 177, 51, 108, 141, 183, 46, 11, 42, 76, 181, 145, 104, 155, 94, 31, 88, 165, 79, 47, 138, 87, 136, 173, 134, 4, 49, 106, 121, 41, 99, 180, 142, 186, 38, 187, 55, 193, 110, 45, 168, 54, 130, 86, 122, 3, 152, 28, 148, 18, 105, 26, 135, 52, 159, 117, 194, 151, 66, 171, 98, 161, 74, 131, 59, 10, 126, 184, 27, 75, 24, 62, 167, 33, 112, 174, 147, 25, 65, 32, 170, 69, 97, 191, 35, 127, 80, 176, 19, 93, 185, 34, 149, 73, 190, 23, 164, 115, 172, 139, 195, 40, 200, 113, 15, 118, 6, 58, 2, 20, 163, 91, 125, 156, 103, 146, 175, 81, 197, 84, 119, 5, 30, 137, 111, 143, 43, 95, 160, 100, 22, 153, 192, 71, 188, 116, 92, 8, 44, 196, 82, 157, 90, 61, 109, 7, 37, 123, 162, 57, 179, 77, 14, 189, 67, 12, 78, 39, 199, 48, 178, 144, 17, 36, 63, 140, 29, 132, 89, 53, 114, 13]
(w = 24) Correct Cyclicantibandwidth
Set parameter TimeLimit to value 1800
[runlim] sample:		70.2 time, 70.1 real, 209.4 MB
(w = 25) Value Cyclicantibandwidth: 25
Lables: [154, 5, 83, 169, 16, 150, 21, 68, 107, 1, 166, 70, 120, 85, 50, 129, 198, 102, 128, 64, 124, 158, 56, 96, 60, 133, 101, 72, 182, 177, 51, 108, 141, 183, 46, 11, 42, 76, 32, 145, 104, 155, 94, 31, 88, 165, 79, 47, 138, 87, 136, 173, 134, 4, 49, 106, 121, 41, 99, 180, 142, 186, 38, 187, 55, 193, 110, 45, 168, 54, 130, 86, 122, 3, 152, 28, 148, 18, 105, 26, 135, 52, 159, 117, 194, 151, 66, 171, 98, 161, 74, 131, 59, 10, 126, 184, 27, 75, 24, 62, 167, 33, 112, 174, 147, 25, 65, 9, 170, 69, 97, 191, 35, 127, 80, 176, 19, 93, 185, 34, 149, 73, 190, 23, 164, 115, 172, 139, 195, 40, 200, 113, 15, 118, 6, 58, 2, 20, 163, 91, 125, 156, 103, 146, 175, 81, 197, 84, 119, 53, 162, 137, 111, 143, 43, 95, 63, 100, 22, 153, 192, 71, 188, 116, 92, 8, 44, 196, 82, 157, 90, 61, 109, 7, 37, 123, 78, 179, 17, 77, 14, 189, 67, 12, 181, 89, 199, 48, 178, 144, 57, 36, 140, 39, 132, 13, 160, 30, 114, 29]
(w = 25) Correct Cyclicantibandwidth
Set parameter TimeLimit to value 1800
(w = 26) Value Cyclicantibandwidth: 26
Lables: [154, 5, 83, 169, 16, 150, 21, 68, 107, 1, 166, 70, 120, 85, 50, 129, 198, 102, 128, 64, 124, 158, 56, 96, 60, 133, 101, 72, 182, 177, 51, 108, 141, 183, 46, 11, 42, 76, 32, 145, 104, 155, 94, 31, 88, 165, 79, 47, 138, 87, 136, 173, 134, 4, 49, 106, 121, 41, 99, 180, 142, 186, 38, 187, 55, 193, 110, 45, 168, 54, 130, 86, 122, 3, 152, 28, 148, 18, 105, 26, 135, 52, 159, 117, 194, 151, 66, 171, 98, 161, 74, 131, 59, 10, 126, 184, 27, 75, 24, 62, 167, 33, 112, 174, 147, 25, 65, 9, 170, 69, 97, 191, 35, 127, 80, 176, 19, 93, 185, 34, 149, 73, 190, 23, 164, 115, 172, 139, 195, 40, 200, 113, 15, 118, 6, 58, 2, 20, 163, 91, 125, 156, 103, 146, 175, 81, 197, 84, 119, 53, 162, 14, 111, 143, 43, 95, 63, 100, 22, 153, 192, 71, 188, 116, 92, 8, 44, 196, 82, 157, 90, 61, 109, 7, 37, 123, 78, 179, 17, 77, 137, 189, 67, 12, 181, 89, 199, 48, 178, 144, 57, 36, 140, 39, 132, 13, 160, 30, 114, 29]
(w = 26) Correct Cyclicantibandwidth
Set parameter TimeLimit to value 1800
[runlim] sample:		80.2 time, 80.1 real, 219.1 MB
(w = 27) Value Cyclicantibandwidth: 27
Lables: [154, 5, 128, 169, 16, 150, 21, 68, 107, 1, 166, 70, 120, 85, 50, 129, 198, 102, 196, 64, 124, 158, 56, 96, 60, 133, 101, 72, 182, 177, 51, 108, 141, 183, 46, 11, 42, 76, 32, 145, 104, 155, 94, 31, 88, 165, 79, 47, 138, 87, 136, 173, 134, 4, 49, 106, 121, 41, 99, 180, 142, 186, 38, 187, 55, 193, 110, 45, 168, 54, 130, 86, 122, 3, 152, 28, 148, 18, 105, 26, 135, 52, 159, 117, 194, 151, 66, 189, 98, 161, 74, 131, 59, 10, 126, 184, 27, 75, 24, 62, 167, 33, 112, 174, 147, 25, 65, 9, 170, 69, 97, 191, 35, 127, 80, 176, 19, 93, 185, 34, 149, 73, 190, 23, 164, 115, 172, 139, 195, 40, 200, 113, 15, 118, 6, 58, 2, 20, 163, 91, 125, 156, 103, 146, 175, 81, 197, 84, 119, 53, 162, 109, 82, 143, 43, 95, 63, 100, 22, 137, 192, 71, 111, 8, 92, 37, 90, 171, 39, 157, 199, 61, 116, 7, 78, 123, 67, 179, 17, 77, 14, 132, 160, 12, 181, 153, 83, 48, 178, 144, 57, 36, 188, 29, 114, 13, 89, 44, 140, 30]
(w = 27) Correct Cyclicantibandwidth
Set parameter TimeLimit to value 1800
(w = 28) Value Cyclicantibandwidth: 28
Lables: [154, 5, 83, 169, 16, 150, 21, 68, 107, 1, 166, 70, 120, 85, 50, 129, 198, 102, 135, 64, 124, 158, 56, 96, 60, 133, 101, 72, 182, 128, 185, 108, 141, 183, 46, 11, 42, 76, 32, 145, 104, 155, 94, 31, 88, 165, 79, 47, 138, 87, 136, 173, 134, 4, 49, 106, 121, 41, 99, 180, 142, 186, 38, 187, 55, 193, 110, 45, 168, 54, 130, 51, 122, 3, 152, 28, 148, 18, 105, 26, 93, 52, 159, 117, 194, 151, 66, 171, 98, 161, 74, 131, 174, 86, 23, 184, 27, 75, 24, 62, 167, 33, 112, 82, 147, 25, 65, 9, 170, 69, 97, 191, 35, 127, 80, 176, 19, 146, 29, 34, 149, 10, 67, 177, 126, 172, 13, 139, 195, 40, 200, 113, 15, 118, 6, 58, 2, 20, 163, 91, 125, 156, 103, 160, 192, 81, 197, 84, 119, 53, 162, 109, 59, 164, 43, 95, 63, 100, 22, 137, 189, 71, 111, 8, 92, 143, 44, 196, 39, 157, 90, 61, 116, 7, 37, 123, 78, 179, 17, 77, 14, 132, 199, 36, 115, 153, 188, 48, 178, 144, 57, 175, 73, 140, 190, 114, 30, 89, 12, 181]
(w = 28) Correct Cyclicantibandwidth
Set parameter TimeLimit to value 1800
[runlim] sample:		90.2 time, 90.1 real, 234.1 MB
(w = 29) Value Cyclicantibandwidth: 29
Lables: [154, 5, 114, 169, 16, 150, 21, 68, 107, 1, 166, 70, 120, 85, 50, 129, 198, 102, 135, 64, 124, 158, 56, 96, 60, 133, 101, 72, 182, 128, 185, 108, 141, 183, 46, 11, 42, 76, 32, 145, 104, 155, 94, 31, 88, 165, 79, 47, 138, 87, 136, 173, 134, 4, 49, 106, 121, 41, 99, 180, 142, 186, 38, 187, 55, 193, 110, 45, 168, 54, 130, 51, 122, 3, 152, 28, 148, 18, 105, 26, 93, 52, 159, 117, 194, 151, 66, 171, 98, 161, 74, 131, 59, 10, 126, 184, 27, 75, 24, 62, 167, 33, 112, 174, 7, 90, 139, 9, 170, 69, 97, 191, 35, 127, 80, 176, 19, 146, 29, 34, 149, 73, 190, 23, 164, 115, 172, 123, 195, 40, 200, 113, 15, 118, 6, 58, 2, 20, 163, 91, 25, 156, 103, 160, 192, 81, 197, 84, 119, 53, 162, 109, 175, 143, 43, 95, 63, 100, 22, 137, 67, 177, 111, 8, 92, 37, 153, 116, 82, 157, 199, 61, 125, 13, 71, 36, 83, 179, 17, 77, 14, 132, 78, 12, 181, 89, 189, 48, 178, 144, 57, 147, 188, 39, 86, 196, 65, 30, 140, 44]
(w = 29) Correct Cyclicantibandwidth
Set parameter TimeLimit to value 1800
(w = 30) Value Cyclicantibandwidth: 30
Lables: [154, 5, 83, 169, 10, 150, 21, 68, 107, 1, 166, 70, 120, 85, 50, 129, 198, 102, 135, 64, 124, 158, 56, 96, 60, 133, 101, 15, 113, 128, 185, 108, 141, 183, 46, 11, 42, 76, 32, 145, 104, 155, 94, 31, 88, 165, 79, 47, 138, 87, 136, 173, 134, 4, 49, 106, 121, 41, 99, 180, 142, 186, 38, 187, 55, 193, 110, 45, 168, 54, 130, 51, 122, 3, 152, 28, 148, 18, 105, 26, 182, 52, 159, 117, 194, 151, 66, 171, 98, 161, 74, 131, 59, 93, 126, 184, 27, 75, 24, 62, 167, 33, 112, 174, 7, 90, 139, 9, 170, 69, 97, 191, 35, 127, 80, 176, 19, 146, 29, 34, 149, 73, 190, 23, 164, 115, 172, 123, 195, 40, 200, 72, 16, 118, 6, 58, 2, 20, 163, 91, 25, 156, 103, 160, 192, 81, 197, 84, 119, 53, 162, 109, 175, 143, 43, 95, 63, 100, 22, 137, 67, 177, 111, 8, 92, 37, 153, 196, 82, 157, 199, 61, 116, 13, 71, 36, 125, 179, 17, 77, 14, 132, 78, 12, 181, 89, 189, 48, 178, 144, 57, 147, 188, 39, 86, 44, 114, 30, 140, 65]
(w = 30) Correct Cyclicantibandwidth
Set parameter TimeLimit to value 1800
[runlim] sample:		100.2 time, 100.1 real, 247.0 MB
(w = 31) Value Cyclicantibandwidth: 31
Lables: [154, 5, 83, 169, 16, 150, 21, 68, 107, 1, 166, 70, 120, 85, 50, 129, 198, 102, 135, 64, 7, 158, 56, 96, 60, 133, 101, 183, 82, 128, 185, 108, 141, 2, 167, 11, 42, 76, 32, 145, 104, 155, 94, 31, 88, 165, 79, 47, 138, 87, 136, 173, 134, 4, 49, 106, 121, 41, 99, 180, 142, 186, 38, 187, 55, 193, 110, 45, 103, 54, 130, 51, 122, 3, 168, 28, 148, 182, 105, 26, 93, 52, 159, 117, 194, 151, 66, 171, 98, 161, 197, 131, 59, 10, 126, 184, 27, 75, 24, 62, 19, 33, 112, 72, 190, 25, 65, 9, 170, 69, 97, 191, 35, 127, 80, 176, 46, 146, 29, 34, 149, 73, 18, 177, 53, 115, 172, 139, 195, 40, 200, 113, 15, 118, 6, 58, 164, 20, 163, 91, 125, 156, 39, 160, 192, 81, 124, 84, 119, 67, 30, 137, 175, 143, 43, 95, 63, 100, 22, 111, 174, 71, 188, 116, 92, 8, 44, 196, 74, 157, 90, 181, 109, 152, 37, 123, 162, 61, 179, 77, 14, 132, 78, 12, 153, 89, 189, 48, 178, 23, 57, 147, 13, 140, 86, 199, 144, 36, 114, 17]
(w = 31) Correct Cyclicantibandwidth
Set parameter TimeLimit to value 1800
[runlim] sample:		110.2 time, 110.1 real, 267.4 MB
(w = 32) Value Cyclicantibandwidth: 32
Lables: [154, 5, 83, 169, 86, 150, 21, 69, 107, 1, 166, 70, 120, 85, 50, 129, 198, 102, 135, 64, 38, 158, 16, 96, 60, 133, 101, 183, 82, 128, 185, 108, 141, 2, 167, 125, 42, 76, 32, 145, 104, 155, 94, 31, 88, 165, 79, 47, 138, 87, 136, 173, 134, 4, 49, 106, 121, 41, 99, 180, 142, 186, 130, 187, 55, 193, 110, 45, 168, 54, 140, 51, 122, 3, 152, 28, 148, 182, 105, 26, 93, 52, 159, 124, 194, 151, 66, 171, 98, 161, 74, 131, 59, 10, 126, 184, 27, 75, 24, 62, 19, 33, 112, 72, 190, 25, 65, 9, 170, 56, 97, 191, 35, 127, 80, 176, 117, 68, 29, 34, 149, 73, 18, 177, 53, 115, 172, 139, 195, 40, 200, 113, 15, 118, 6, 58, 164, 20, 163, 91, 11, 156, 103, 146, 192, 81, 197, 84, 119, 67, 30, 137, 175, 143, 43, 46, 116, 13, 89, 17, 174, 71, 111, 8, 92, 37, 90, 196, 39, 157, 199, 61, 109, 7, 78, 123, 162, 57, 179, 77, 14, 132, 63, 12, 100, 153, 189, 48, 178, 23, 160, 147, 188, 22, 95, 44, 144, 36, 114, 181]
(w = 32) Correct Cyclicantibandwidth
Set parameter TimeLimit to value 1800
(w = 33) Value Cyclicantibandwidth: 33
Lables: [154, 5, 83, 169, 16, 150, 21, 68, 156, 1, 166, 70, 120, 85, 50, 95, 198, 49, 135, 64, 38, 158, 56, 96, 60, 133, 75, 183, 82, 128, 185, 108, 141, 107, 167, 79, 172, 76, 32, 145, 104, 155, 42, 164, 88, 165, 132, 47, 138, 87, 136, 173, 134, 4, 67, 106, 121, 41, 99, 180, 142, 186, 130, 187, 55, 193, 110, 45, 168, 54, 101, 51, 122, 3, 152, 28, 148, 182, 105, 26, 93, 52, 159, 124, 33, 151, 66, 171, 98, 161, 2, 131, 59, 94, 23, 184, 27, 140, 24, 62, 19, 74, 112, 72, 190, 25, 65, 9, 129, 69, 97, 191, 35, 127, 80, 176, 117, 188, 29, 34, 149, 10, 177, 11, 126, 195, 147, 48, 197, 31, 71, 113, 15, 118, 6, 58, 143, 20, 163, 91, 125, 14, 103, 146, 192, 81, 17, 84, 119, 53, 162, 109, 175, 92, 43, 46, 116, 13, 115, 18, 174, 77, 111, 8, 139, 37, 90, 196, 39, 157, 199, 61, 170, 7, 73, 123, 78, 137, 179, 40, 160, 63, 100, 12, 153, 89, 189, 102, 30, 144, 57, 178, 44, 200, 86, 22, 181, 36, 114, 194]
(w = 33) Correct Cyclicantibandwidth
Set parameter TimeLimit to value 1800
[runlim] sample:		120.2 time, 120.1 real, 272.9 MB
(w = 34) Value Cyclicantibandwidth: 34
Lables: [154, 5, 83, 169, 16, 150, 21, 68, 107, 1, 166, 70, 120, 85, 165, 129, 198, 50, 135, 64, 38, 158, 56, 96, 60, 133, 65, 130, 82, 128, 185, 108, 54, 183, 46, 11, 172, 76, 32, 145, 104, 155, 42, 164, 88, 187, 79, 47, 138, 87, 136, 173, 134, 4, 49, 106, 121, 41, 99, 180, 142, 186, 90, 141, 55, 193, 110, 45, 168, 36, 140, 51, 122, 3, 152, 28, 148, 182, 105, 26, 93, 52, 159, 124, 194, 151, 66, 171, 98, 161, 74, 131, 59, 94, 23, 184, 27, 75, 24, 62, 167, 118, 179, 72, 190, 25, 139, 9, 170, 69, 97, 191, 35, 127, 80, 176, 117, 33, 197, 34, 149, 10, 67, 177, 126, 195, 147, 48, 188, 31, 71, 113, 15, 156, 6, 58, 2, 20, 163, 91, 125, 14, 103, 146, 192, 81, 17, 84, 119, 53, 162, 19, 111, 37, 73, 95, 18, 100, 22, 101, 174, 109, 39, 116, 92, 8, 44, 196, 43, 157, 199, 61, 132, 7, 78, 123, 63, 137, 181, 77, 13, 143, 175, 12, 115, 153, 189, 112, 178, 144, 57, 160, 102, 200, 86, 30, 89, 29, 114, 40]
(w = 34) Correct Cyclicantibandwidth
Set parameter TimeLimit to value 1800
[runlim] sample:		130.3 time, 130.1 real, 287.0 MB
(w = 35) Value Cyclicantibandwidth: 35
Lables: [154, 5, 83, 169, 16, 150, 21, 68, 107, 1, 166, 70, 120, 85, 50, 151, 198, 102, 194, 64, 38, 158, 56, 96, 60, 133, 65, 130, 82, 128, 185, 147, 36, 108, 46, 11, 141, 76, 32, 145, 104, 155, 42, 129, 88, 165, 79, 47, 182, 87, 136, 173, 134, 4, 49, 106, 121, 41, 99, 180, 142, 186, 90, 187, 55, 193, 110, 45, 168, 81, 140, 51, 122, 3, 152, 28, 184, 54, 105, 26, 135, 52, 159, 124, 176, 89, 33, 171, 98, 161, 74, 131, 59, 94, 23, 91, 27, 75, 24, 62, 167, 118, 179, 138, 190, 25, 139, 9, 170, 69, 97, 191, 35, 127, 80, 132, 19, 93, 29, 34, 149, 10, 67, 183, 126, 172, 13, 123, 195, 31, 71, 113, 12, 156, 6, 58, 2, 20, 163, 15, 125, 188, 117, 66, 175, 103, 197, 84, 119, 53, 162, 109, 8, 143, 43, 95, 18, 100, 22, 148, 192, 72, 111, 37, 92, 200, 44, 196, 39, 157, 199, 61, 164, 7, 101, 144, 78, 137, 17, 77, 14, 160, 63, 177, 115, 153, 189, 112, 178, 30, 73, 116, 48, 146, 86, 181, 40, 174, 57, 114]
(w = 35) Correct Cyclicantibandwidth
Set parameter TimeLimit to value 1800
(w = 36) Value Cyclicantibandwidth: 36
Lables: [105, 5, 83, 121, 16, 57, 21, 68, 109, 1, 161, 70, 120, 156, 3, 160, 37, 150, 12, 64, 24, 158, 56, 163, 60, 133, 80, 130, 2, 45, 185, 108, 36, 90, 46, 128, 30, 76, 32, 145, 58, 193, 72, 162, 19, 165, 79, 8, 71, 181, 84, 173, 134, 4, 49, 149, 157, 41, 99, 180, 142, 200, 126, 29, 118, 9, 110, 176, 131, 54, 107, 197, 122, 167, 152, 28, 102, 18, 62, 26, 135, 52, 159, 124, 23, 89, 33, 171, 98, 183, 74, 25, 44, 178, 141, 184, 27, 96, 20, 123, 35, 51, 179, 48, 190, 94, 139, 75, 170, 69, 97, 136, 87, 127, 11, 88, 186, 93, 138, 191, 85, 166, 67, 177, 34, 172, 13, 168, 195, 31, 192, 113, 15, 137, 6, 111, 182, 114, 169, 91, 144, 188, 117, 66, 175, 103, 153, 65, 119, 53, 194, 101, 47, 154, 73, 63, 116, 38, 174, 17, 164, 10, 147, 189, 92, 55, 104, 196, 43, 115, 199, 106, 151, 7, 148, 61, 112, 198, 132, 77, 14, 82, 78, 42, 81, 146, 100, 143, 40, 86, 50, 155, 39, 95, 59, 129, 187, 125, 22, 140]
(w = 36) Correct Cyclicantibandwidth
Set parameter TimeLimit to value 1800
[runlim] sample:		140.3 time, 140.1 real, 259.7 MB
(w = 37) Value Cyclicantibandwidth: 37
Lables: [154, 5, 83, 169, 16, 150, 21, 68, 107, 1, 86, 183, 67, 177, 50, 129, 198, 102, 194, 64, 38, 158, 56, 96, 196, 133, 65, 130, 82, 128, 185, 108, 36, 117, 167, 11, 141, 76, 32, 145, 104, 155, 42, 164, 88, 165, 79, 47, 138, 87, 136, 173, 134, 4, 49, 106, 121, 41, 120, 180, 142, 186, 90, 187, 55, 193, 110, 45, 168, 54, 140, 51, 122, 3, 152, 28, 148, 18, 105, 26, 135, 52, 159, 124, 176, 89, 33, 171, 98, 161, 74, 131, 59, 166, 23, 184, 27, 75, 24, 62, 19, 118, 179, 72, 190, 84, 139, 70, 170, 69, 44, 99, 35, 127, 191, 132, 46, 93, 29, 34, 149, 10, 94, 151, 53, 115, 172, 123, 119, 17, 71, 113, 15, 156, 31, 143, 97, 20, 163, 91, 25, 116, 162, 66, 175, 60, 197, 39, 114, 2, 81, 137, 195, 92, 43, 63, 199, 100, 22, 126, 192, 80, 188, 144, 85, 6, 153, 103, 37, 157, 9, 61, 109, 7, 101, 178, 112, 57, 8, 77, 14, 125, 78, 12, 95, 146, 189, 48, 181, 30, 160, 174, 111, 182, 40, 147, 73, 13, 58, 200]
(w = 37) Correct Cyclicantibandwidth
Set parameter TimeLimit to value 1800
[runlim] sample:		150.3 time, 150.1 real, 259.7 MB
[runlim] end:			Tue Nov  4 06:12:59 2025
[runlim] status:		out of time
[runlim] result:		2
[runlim] children:		0
[runlim] real:			150.09 seconds
[runlim] time:			150.31 seconds
[runlim] space:			287.0 MB
[runlim] samples:		1500
