[runlim] version:		1.10
[runlim] time limit:		311040000 seconds
[runlim] real time limit:	150 seconds
[runlim] space limit:		30000 MB
[runlim] argv[0]:		python3
[runlim] argv[1]:		model.py
[runlim] argv[2]:		./graph/caterpillar/caterpillar_20_6.txt
[runlim] start:			Tue Nov  4 06:05:29 2025
[runlim] main pid:		58750
[runlim] log captured:
Set parameter WLSAccessID
Set parameter WLSSecret
Set parameter LicenseID to value 2663665
Academic license 2663665 - for non-commercial use only - registered to tu___@vnu.edu.vn
Set parameter TimeLimit to value 1800
(w = 4) Value Cyclicantibandwidth: 4
Lables: [75, 27, 69, 78, 24, 59, 8, 2, 39, 35, 50, 93, 82, 26, 107, 64, 29, 67, 16, 101, 31, 95, 46, 106, 98, 117, 96, 85, 28, 102, 32, 118, 45, 4, 58, 109, 73, 119, 110, 41, 5, 51, 44, 61, 65, 25, 74, 94, 49, 104, 99, 57, 15, 23, 36, 12, 60, 80, 55, 11, 105, 100, 115, 48, 88, 92, 68, 120, 116, 56, 87, 19, 1, 97, 84, 62, 76, 103, 21, 47, 38, 83, 52, 89, 53, 33, 66, 3, 111, 10, 86, 77, 71, 17, 34, 108, 81, 114, 13, 112, 22, 18, 72, 14, 90, 37, 42, 113, 20, 63, 54, 91, 6, 43, 70, 9, 79, 7, 30, 40]
(w = 4) Correct Cyclicantibandwidth
Set parameter TimeLimit to value 1800
(w = 5) Value Cyclicantibandwidth: 5
Lables: [75, 14, 69, 78, 24, 59, 8, 2, 18, 35, 50, 93, 82, 26, 107, 64, 29, 67, 16, 101, 31, 116, 46, 106, 98, 117, 96, 85, 28, 102, 32, 118, 45, 4, 58, 109, 73, 119, 110, 41, 5, 51, 44, 89, 65, 25, 74, 94, 49, 104, 99, 57, 15, 23, 36, 12, 60, 80, 55, 11, 105, 100, 115, 48, 88, 92, 68, 120, 108, 56, 87, 19, 1, 97, 84, 62, 76, 103, 21, 47, 38, 83, 52, 27, 53, 33, 66, 3, 111, 10, 86, 77, 71, 17, 34, 72, 63, 114, 13, 112, 22, 39, 61, 95, 90, 37, 42, 113, 20, 81, 54, 91, 6, 43, 70, 9, 79, 7, 30, 40]
(w = 5) Correct Cyclicantibandwidth
Set parameter TimeLimit to value 1800
(w = 6) Value Cyclicantibandwidth: 6
Lables: [75, 9, 69, 78, 24, 59, 8, 2, 39, 51, 27, 48, 82, 26, 107, 64, 29, 67, 16, 101, 31, 95, 46, 106, 50, 117, 96, 41, 28, 102, 32, 118, 93, 4, 58, 109, 73, 119, 110, 12, 5, 97, 44, 89, 65, 25, 74, 94, 49, 104, 99, 57, 15, 23, 36, 108, 60, 80, 55, 11, 105, 61, 115, 6, 88, 92, 45, 120, 71, 56, 87, 19, 1, 68, 84, 62, 76, 103, 21, 47, 116, 83, 52, 38, 53, 33, 66, 3, 111, 10, 86, 77, 91, 17, 34, 72, 100, 114, 13, 35, 22, 37, 85, 14, 90, 18, 112, 40, 98, 81, 113, 54, 42, 7, 70, 30, 79, 43, 63, 20]
(w = 6) Correct Cyclicantibandwidth
Set parameter TimeLimit to value 1800
(w = 7) Value Cyclicantibandwidth: 7
Lables: [75, 27, 69, 78, 24, 59, 8, 108, 39, 51, 12, 48, 82, 26, 107, 64, 29, 67, 16, 101, 31, 95, 46, 106, 50, 117, 96, 85, 28, 102, 32, 118, 93, 4, 58, 109, 73, 119, 110, 41, 5, 97, 44, 89, 65, 25, 74, 94, 49, 104, 99, 57, 15, 23, 36, 2, 60, 80, 55, 11, 105, 35, 115, 6, 88, 100, 45, 120, 71, 56, 87, 19, 1, 68, 84, 62, 76, 103, 21, 47, 116, 83, 52, 38, 92, 33, 66, 53, 111, 10, 86, 77, 91, 17, 34, 72, 63, 114, 13, 112, 22, 37, 61, 14, 90, 18, 42, 113, 98, 3, 81, 54, 79, 43, 70, 9, 30, 7, 40, 20]
(w = 7) Correct Cyclicantibandwidth
Set parameter TimeLimit to value 1800
(w = 8) Value Cyclicantibandwidth: 8
Lables: [75, 56, 69, 78, 24, 59, 8, 22, 2, 35, 50, 93, 82, 44, 107, 64, 29, 67, 16, 101, 31, 95, 46, 106, 98, 117, 96, 85, 28, 102, 32, 118, 45, 4, 58, 109, 73, 119, 110, 41, 5, 51, 108, 89, 65, 25, 74, 94, 49, 104, 99, 57, 39, 23, 36, 12, 60, 80, 55, 11, 105, 17, 115, 48, 88, 100, 68, 120, 71, 19, 87, 103, 1, 97, 84, 62, 76, 66, 21, 47, 116, 83, 52, 27, 92, 33, 86, 53, 111, 10, 15, 77, 91, 37, 114, 72, 63, 38, 13, 112, 79, 26, 61, 14, 90, 18, 42, 113, 20, 3, 81, 54, 6, 43, 70, 9, 34, 7, 30, 40]
(w = 8) Correct Cyclicantibandwidth
Set parameter TimeLimit to value 1800
(w = 9) Value Cyclicantibandwidth: 9
Lables: [75, 58, 69, 78, 24, 59, 8, 22, 2, 35, 50, 93, 82, 26, 107, 64, 29, 67, 16, 101, 31, 95, 46, 106, 120, 117, 96, 85, 28, 102, 32, 118, 45, 4, 18, 109, 73, 119, 110, 41, 5, 51, 99, 6, 65, 25, 74, 94, 49, 104, 20, 57, 39, 23, 36, 108, 60, 80, 55, 11, 105, 17, 115, 48, 88, 100, 68, 12, 71, 56, 87, 19, 1, 97, 84, 62, 76, 103, 21, 47, 116, 83, 52, 27, 92, 77, 66, 53, 111, 10, 15, 72, 91, 37, 114, 33, 63, 38, 13, 112, 79, 89, 61, 14, 90, 44, 34, 113, 43, 3, 81, 54, 42, 7, 70, 86, 98, 30, 40, 9]
(w = 9) Correct Cyclicantibandwidth
Set parameter TimeLimit to value 1800
(w = 10) Value Cyclicantibandwidth: 10
Lables: [116, 25, 86, 119, 87, 72, 38, 106, 13, 69, 37, 114, 59, 102, 67, 77, 29, 70, 107, 53, 11, 52, 84, 28, 5, 4, 49, 16, 68, 17, 6, 48, 98, 44, 27, 85, 99, 22, 8, 41, 35, 64, 110, 83, 65, 46, 26, 94, 10, 117, 20, 57, 82, 45, 101, 78, 60, 80, 115, 93, 66, 18, 81, 56, 9, 2, 88, 120, 30, 74, 105, 61, 1, 97, 71, 62, 76, 103, 21, 34, 100, 31, 58, 96, 79, 112, 47, 12, 109, 50, 95, 36, 91, 73, 118, 15, 63, 23, 55, 39, 54, 14, 51, 24, 90, 111, 33, 19, 43, 3, 92, 113, 42, 7, 104, 32, 75, 40, 108, 89]
(w = 10) Correct Cyclicantibandwidth
Set parameter TimeLimit to value 1800
(w = 11) Value Cyclicantibandwidth: 11
Lables: [75, 12, 69, 112, 24, 59, 8, 22, 2, 35, 50, 93, 82, 26, 107, 64, 29, 67, 16, 101, 31, 95, 46, 78, 98, 88, 102, 85, 28, 87, 32, 118, 45, 4, 58, 80, 20, 119, 70, 96, 5, 51, 99, 30, 65, 41, 74, 94, 110, 60, 109, 57, 39, 23, 36, 108, 79, 55, 105, 11, 38, 100, 49, 106, 56, 92, 68, 120, 71, 86, 3, 19, 1, 97, 84, 62, 48, 103, 21, 47, 116, 83, 52, 27, 53, 104, 66, 25, 111, 10, 15, 77, 91, 17, 34, 33, 63, 114, 13, 90, 115, 18, 61, 14, 54, 44, 81, 113, 43, 72, 37, 117, 42, 7, 76, 9, 73, 89, 40, 6]
(w = 11) Correct Cyclicantibandwidth
Set parameter TimeLimit to value 1800
(w = 12) Value Cyclicantibandwidth: 12
Lables: [75, 7, 69, 112, 24, 59, 8, 22, 82, 35, 50, 93, 72, 26, 107, 64, 29, 67, 16, 101, 31, 95, 46, 78, 98, 88, 102, 85, 28, 87, 32, 118, 45, 4, 58, 80, 20, 119, 70, 96, 5, 51, 99, 33, 65, 41, 74, 94, 110, 60, 109, 57, 39, 23, 36, 9, 79, 55, 105, 11, 38, 2, 49, 106, 56, 92, 68, 120, 71, 86, 3, 19, 1, 97, 84, 62, 48, 103, 21, 47, 116, 83, 52, 27, 53, 104, 66, 25, 111, 10, 15, 77, 91, 108, 34, 114, 63, 37, 13, 90, 115, 18, 61, 89, 54, 14, 42, 30, 117, 81, 113, 17, 100, 43, 76, 73, 6, 44, 12, 40]
(w = 12) Correct Cyclicantibandwidth
Set parameter TimeLimit to value 1800
(w = 13) Value Cyclicantibandwidth: 13
Lables: [75, 6, 69, 112, 24, 59, 8, 22, 2, 35, 50, 93, 58, 26, 107, 64, 29, 67, 16, 101, 31, 95, 46, 78, 98, 88, 102, 85, 28, 87, 32, 118, 45, 4, 90, 80, 20, 119, 70, 96, 5, 51, 99, 33, 65, 41, 74, 94, 110, 60, 109, 57, 39, 23, 36, 9, 82, 55, 105, 11, 38, 100, 49, 106, 56, 92, 68, 120, 71, 86, 3, 19, 1, 97, 84, 62, 48, 103, 21, 47, 116, 83, 52, 27, 53, 104, 66, 25, 111, 10, 15, 77, 91, 17, 34, 114, 63, 37, 13, 76, 79, 115, 61, 89, 54, 14, 42, 72, 117, 81, 113, 18, 108, 43, 73, 40, 12, 44, 7, 30]
(w = 13) Correct Cyclicantibandwidth
Set parameter TimeLimit to value 1800
(w = 14) Value Cyclicantibandwidth: 14
Lables: [75, 9, 69, 112, 24, 59, 8, 22, 2, 35, 50, 93, 58, 26, 107, 64, 29, 67, 16, 101, 31, 95, 46, 78, 98, 88, 102, 85, 28, 87, 32, 118, 45, 4, 90, 80, 20, 119, 70, 96, 5, 51, 99, 33, 65, 41, 74, 94, 110, 60, 109, 57, 39, 23, 108, 97, 82, 55, 105, 11, 38, 100, 49, 106, 56, 92, 68, 120, 71, 86, 3, 19, 1, 36, 84, 62, 48, 103, 21, 47, 116, 83, 52, 27, 53, 104, 66, 25, 111, 10, 15, 77, 91, 17, 34, 114, 63, 37, 13, 76, 79, 115, 61, 89, 54, 14, 42, 72, 117, 81, 113, 18, 43, 12, 40, 73, 6, 44, 7, 30]
(w = 14) Correct Cyclicantibandwidth
Set parameter TimeLimit to value 1800
(w = 15) Value Cyclicantibandwidth: 15
Lables: [75, 53, 69, 112, 24, 59, 81, 22, 2, 35, 50, 93, 58, 26, 107, 64, 29, 67, 16, 101, 31, 95, 46, 78, 98, 88, 48, 6, 28, 87, 32, 118, 45, 4, 90, 80, 20, 119, 70, 96, 5, 51, 99, 33, 65, 41, 74, 94, 110, 60, 109, 57, 39, 23, 117, 79, 56, 104, 55, 11, 105, 82, 49, 106, 77, 100, 68, 120, 71, 86, 3, 19, 1, 97, 63, 62, 44, 103, 21, 47, 116, 83, 52, 27, 108, 115, 66, 25, 111, 10, 15, 72, 91, 17, 34, 36, 84, 114, 13, 76, 61, 18, 37, 89, 38, 102, 12, 113, 8, 92, 54, 7, 42, 73, 40, 9, 85, 30, 14, 43]
(w = 15) Correct Cyclicantibandwidth
Set parameter TimeLimit to value 1800
[runlim] sample:		10.0 time, 10.1 real, 77.3 MB
(w = 16) Value Cyclicantibandwidth: 16
Lables: [75, 31, 69, 112, 24, 59, 8, 109, 39, 89, 50, 93, 58, 26, 107, 64, 29, 67, 16, 101, 11, 95, 46, 2, 98, 108, 25, 85, 28, 102, 32, 118, 45, 4, 90, 80, 20, 119, 70, 96, 5, 51, 99, 33, 65, 41, 74, 94, 110, 60, 78, 57, 15, 72, 36, 12, 82, 55, 105, 19, 71, 100, 49, 106, 56, 48, 68, 120, 88, 38, 87, 104, 1, 97, 63, 62, 103, 79, 21, 47, 116, 83, 52, 27, 92, 86, 66, 3, 81, 10, 54, 77, 14, 35, 114, 22, 84, 23, 115, 17, 13, 37, 61, 44, 91, 18, 42, 111, 43, 73, 113, 34, 6, 53, 76, 9, 30, 7, 40, 117]
(w = 16) Correct Cyclicantibandwidth
Set parameter TimeLimit to value 1800
(w = 17) Value Cyclicantibandwidth: 17
Lables: [75, 14, 69, 112, 24, 59, 8, 109, 39, 89, 50, 93, 58, 26, 107, 64, 29, 67, 16, 101, 31, 95, 46, 2, 98, 88, 61, 85, 28, 102, 32, 118, 45, 4, 90, 80, 20, 119, 70, 96, 5, 51, 99, 33, 65, 41, 74, 13, 110, 60, 78, 57, 15, 72, 36, 12, 82, 55, 105, 11, 115, 35, 92, 48, 113, 44, 68, 120, 71, 53, 87, 19, 1, 97, 63, 62, 103, 49, 21, 106, 116, 83, 52, 27, 79, 104, 66, 3, 81, 100, 86, 7, 91, 17, 34, 114, 84, 23, 43, 76, 94, 77, 108, 10, 38, 25, 42, 111, 18, 56, 37, 54, 6, 30, 47, 9, 73, 40, 22, 117]
(w = 17) Correct Cyclicantibandwidth
Set parameter TimeLimit to value 1800
(w = 18) Value Cyclicantibandwidth: 18
Lables: [75, 34, 69, 112, 24, 59, 8, 109, 39, 89, 50, 93, 58, 26, 107, 64, 29, 67, 16, 101, 31, 95, 46, 2, 98, 88, 25, 85, 28, 102, 32, 118, 45, 4, 90, 80, 20, 119, 70, 96, 5, 51, 99, 33, 65, 41, 74, 94, 49, 104, 78, 57, 15, 72, 36, 12, 82, 55, 105, 11, 115, 35, 110, 48, 113, 44, 68, 120, 71, 53, 87, 19, 1, 97, 63, 62, 103, 79, 21, 106, 116, 83, 52, 27, 92, 77, 47, 3, 66, 100, 86, 7, 91, 17, 108, 114, 84, 23, 43, 76, 111, 18, 61, 10, 38, 14, 42, 73, 117, 56, 37, 81, 6, 30, 9, 13, 60, 40, 22, 54]
(w = 18) Correct Cyclicantibandwidth
Set parameter TimeLimit to value 1800
(w = 19) Value Cyclicantibandwidth: 19
Lables: [75, 19, 69, 112, 24, 85, 8, 83, 39, 89, 50, 93, 58, 26, 107, 64, 29, 94, 16, 59, 31, 95, 46, 2, 98, 88, 25, 54, 28, 102, 32, 118, 45, 4, 90, 80, 20, 119, 70, 96, 5, 51, 99, 33, 65, 41, 74, 9, 49, 104, 78, 57, 15, 72, 36, 12, 82, 55, 105, 11, 115, 35, 110, 48, 113, 44, 68, 120, 71, 52, 87, 53, 1, 97, 63, 62, 103, 79, 21, 106, 116, 27, 101, 66, 92, 77, 47, 3, 67, 100, 86, 7, 91, 17, 114, 22, 84, 23, 43, 76, 111, 18, 61, 10, 38, 14, 42, 73, 108, 56, 37, 81, 6, 30, 109, 13, 34, 60, 40, 117]
(w = 19) Correct Cyclicantibandwidth
Set parameter TimeLimit to value 1800
(w = 20) Value Cyclicantibandwidth: 20
Lables: [75, 8, 69, 112, 32, 59, 24, 109, 39, 89, 50, 93, 58, 26, 107, 64, 29, 67, 16, 101, 13, 98, 46, 2, 52, 88, 25, 85, 28, 102, 47, 118, 45, 4, 90, 80, 20, 119, 70, 96, 5, 51, 6, 33, 65, 100, 74, 94, 49, 104, 78, 57, 15, 72, 36, 12, 82, 55, 105, 11, 115, 35, 110, 48, 113, 44, 68, 120, 71, 40, 108, 19, 61, 97, 63, 62, 103, 79, 21, 106, 116, 83, 41, 18, 92, 77, 31, 3, 66, 10, 86, 7, 91, 17, 114, 1, 84, 23, 43, 76, 111, 22, 117, 56, 99, 14, 42, 73, 34, 81, 37, 87, 27, 53, 9, 38, 60, 30, 54, 95]
(w = 20) Correct Cyclicantibandwidth
Set parameter TimeLimit to value 1800
(w = 21) Value Cyclicantibandwidth: 21
Lables: [52, 31, 69, 112, 21, 59, 33, 65, 2, 35, 114, 48, 82, 26, 107, 64, 29, 67, 37, 101, 9, 75, 46, 95, 50, 88, 30, 85, 28, 102, 32, 118, 93, 4, 58, 80, 20, 119, 70, 36, 44, 97, 39, 89, 60, 3, 24, 94, 49, 5, 99, 57, 100, 72, 47, 12, 79, 55, 105, 11, 38, 76, 23, 106, 56, 92, 45, 120, 51, 86, 43, 19, 61, 109, 84, 91, 115, 42, 78, 15, 22, 83, 41, 103, 53, 98, 66, 110, 17, 68, 10, 74, 14, 73, 34, 1, 25, 117, 90, 16, 111, 18, 62, 108, 54, 8, 71, 113, 63, 87, 81, 116, 27, 96, 7, 13, 77, 104, 6, 40]
(w = 21) Correct Cyclicantibandwidth
Set parameter TimeLimit to value 1800
(w = 22) Value Cyclicantibandwidth: 22
Lables: [75, 6, 69, 112, 24, 59, 8, 65, 2, 35, 114, 48, 82, 26, 107, 58, 30, 67, 16, 101, 31, 95, 46, 78, 50, 28, 72, 41, 4, 102, 32, 118, 93, 54, 29, 80, 20, 47, 70, 1, 77, 51, 99, 33, 60, 25, 74, 117, 49, 5, 97, 57, 15, 89, 36, 12, 79, 55, 105, 34, 38, 100, 39, 106, 56, 92, 45, 120, 96, 40, 87, 19, 86, 109, 84, 23, 76, 103, 21, 88, 116, 83, 52, 27, 53, 104, 66, 110, 17, 68, 64, 7, 91, 37, 11, 22, 63, 85, 13, 90, 98, 18, 62, 108, 71, 14, 42, 111, 43, 3, 113, 61, 115, 81, 10, 9, 44, 73, 119, 94]
(w = 22) Correct Cyclicantibandwidth
Set parameter TimeLimit to value 1800
[runlim] sample:		20.0 time, 20.1 real, 89.6 MB
(w = 23) Value Cyclicantibandwidth: 23
Lables: [75, 5, 82, 112, 24, 59, 8, 65, 2, 35, 114, 48, 92, 26, 107, 64, 29, 67, 16, 101, 31, 95, 46, 78, 22, 28, 96, 41, 6, 102, 32, 118, 93, 4, 58, 80, 20, 44, 110, 61, 77, 51, 99, 33, 60, 25, 74, 117, 49, 12, 97, 57, 15, 70, 36, 105, 79, 55, 119, 68, 38, 100, 39, 106, 56, 86, 45, 120, 71, 40, 87, 19, 88, 116, 84, 109, 76, 103, 21, 47, 115, 83, 52, 27, 53, 104, 66, 11, 98, 10, 54, 85, 14, 73, 34, 1, 94, 23, 62, 17, 111, 63, 37, 89, 42, 18, 108, 72, 43, 3, 113, 81, 50, 7, 91, 13, 90, 30, 69, 9]
(w = 23) Correct Cyclicantibandwidth
Set parameter TimeLimit to value 1800
(w = 24) Value Cyclicantibandwidth: 24
Lables: [75, 1, 69, 112, 24, 59, 8, 65, 2, 35, 114, 48, 82, 26, 107, 64, 29, 67, 16, 101, 31, 95, 46, 78, 50, 28, 96, 41, 6, 102, 32, 118, 93, 4, 58, 80, 20, 44, 110, 61, 77, 51, 99, 33, 60, 25, 74, 117, 49, 5, 97, 57, 15, 70, 36, 12, 79, 55, 119, 68, 38, 100, 39, 106, 56, 92, 45, 120, 71, 40, 87, 113, 88, 116, 84, 109, 76, 103, 21, 47, 115, 83, 52, 27, 53, 104, 66, 11, 98, 10, 54, 85, 14, 73, 34, 19, 63, 23, 62, 17, 111, 86, 37, 89, 42, 18, 94, 9, 43, 3, 108, 81, 105, 72, 30, 13, 90, 7, 91, 22]
(w = 24) Correct Cyclicantibandwidth
Set parameter TimeLimit to value 1800
(w = 25) Value Cyclicantibandwidth: 25
Lables: [75, 1, 69, 112, 24, 94, 8, 65, 2, 35, 114, 48, 82, 26, 107, 64, 29, 67, 16, 101, 31, 95, 46, 78, 50, 59, 96, 41, 66, 102, 32, 118, 93, 4, 58, 80, 20, 55, 110, 61, 77, 51, 99, 33, 60, 25, 74, 117, 49, 5, 97, 57, 15, 70, 36, 12, 79, 44, 119, 68, 28, 100, 39, 106, 56, 92, 45, 120, 71, 6, 87, 19, 88, 116, 84, 109, 76, 103, 21, 47, 115, 83, 52, 27, 105, 104, 40, 11, 98, 10, 54, 85, 14, 73, 34, 38, 63, 23, 62, 17, 111, 86, 37, 89, 42, 18, 53, 9, 43, 3, 81, 108, 30, 72, 113, 13, 90, 7, 91, 22]
(w = 25) Correct Cyclicantibandwidth
Set parameter TimeLimit to value 1800
(w = 26) Value Cyclicantibandwidth: 26
Lables: [75, 2, 69, 112, 24, 59, 8, 65, 109, 35, 114, 48, 82, 26, 107, 64, 29, 67, 16, 101, 31, 95, 46, 113, 50, 28, 96, 41, 6, 88, 32, 118, 74, 4, 58, 80, 20, 91, 17, 61, 77, 51, 99, 33, 60, 25, 73, 117, 49, 5, 97, 57, 15, 70, 36, 12, 42, 104, 55, 11, 38, 100, 39, 106, 56, 102, 45, 120, 71, 119, 87, 19, 52, 94, 63, 105, 76, 103, 21, 93, 116, 83, 27, 72, 10, 115, 66, 110, 81, 3, 54, 85, 14, 108, 34, 1, 84, 23, 62, 90, 98, 18, 79, 44, 78, 37, 89, 40, 111, 22, 53, 86, 47, 7, 68, 13, 43, 9, 92, 30]
(w = 26) Correct Cyclicantibandwidth
Set parameter TimeLimit to value 1800
(w = 27) Value Cyclicantibandwidth: 27
Lables: [75, 1, 83, 112, 24, 94, 8, 65, 2, 35, 114, 48, 82, 26, 107, 67, 29, 95, 16, 101, 31, 78, 118, 46, 110, 28, 96, 41, 6, 61, 32, 59, 88, 4, 58, 80, 20, 91, 17, 103, 108, 51, 99, 33, 60, 25, 74, 117, 49, 5, 97, 57, 15, 70, 36, 12, 79, 37, 119, 68, 38, 100, 39, 106, 13, 102, 69, 120, 71, 40, 87, 19, 52, 7, 63, 109, 76, 111, 77, 47, 116, 64, 27, 72, 10, 104, 66, 11, 98, 45, 55, 93, 14, 73, 34, 22, 84, 23, 62, 90, 56, 92, 54, 89, 42, 18, 81, 50, 21, 85, 105, 30, 113, 44, 3, 53, 86, 9, 43, 115]
(w = 27) Correct Cyclicantibandwidth
Set parameter TimeLimit to value 1800
(w = 28) Value Cyclicantibandwidth: 28
Lables: [75, 29, 69, 112, 24, 59, 17, 65, 2, 35, 117, 48, 82, 26, 107, 76, 116, 67, 16, 101, 31, 95, 46, 13, 105, 57, 4, 64, 6, 70, 40, 118, 45, 8, 96, 80, 20, 91, 41, 100, 77, 106, 44, 89, 28, 114, 72, 9, 49, 5, 99, 56, 15, 73, 108, 12, 79, 37, 119, 36, 32, 68, 39, 104, 71, 102, 53, 86, 51, 10, 50, 19, 52, 97, 25, 109, 62, 103, 21, 60, 30, 83, 27, 58, 87, 115, 66, 11, 98, 7, 55, 93, 14, 42, 110, 33, 84, 23, 61, 90, 85, 18, 54, 94, 47, 113, 78, 111, 43, 3, 81, 120, 92, 63, 34, 38, 74, 1, 88, 22]
(w = 28) Correct Cyclicantibandwidth
Set parameter TimeLimit to value 1800
[runlim] sample:		30.1 time, 30.1 real, 99.3 MB
(w = 29) Value Cyclicantibandwidth: 29
Lables: [117, 39, 71, 112, 24, 92, 8, 65, 99, 27, 114, 48, 10, 47, 106, 68, 120, 67, 16, 76, 31, 87, 5, 78, 110, 6, 96, 41, 2, 88, 118, 82, 38, 86, 35, 50, 20, 91, 62, 100, 77, 113, 44, 119, 28, 25, 74, 17, 49, 89, 94, 57, 15, 70, 108, 12, 79, 43, 90, 29, 30, 69, 26, 104, 56, 102, 37, 83, 13, 51, 63, 19, 52, 97, 7, 109, 33, 101, 21, 64, 42, 1, 45, 103, 72, 115, 66, 11, 98, 60, 55, 93, 14, 58, 116, 32, 84, 23, 59, 4, 85, 18, 80, 3, 54, 34, 75, 105, 73, 22, 81, 36, 107, 61, 95, 46, 9, 53, 111, 40]
(w = 29) Correct Cyclicantibandwidth
Set parameter TimeLimit to value 1800
(w = 30) Value Cyclicantibandwidth: 30
Lables: [75, 5, 69, 112, 24, 59, 8, 65, 2, 35, 114, 48, 82, 26, 107, 64, 29, 67, 16, 101, 31, 95, 46, 78, 34, 62, 96, 41, 6, 88, 32, 118, 45, 4, 58, 80, 20, 90, 17, 61, 54, 106, 44, 89, 50, 108, 74, 117, 49, 113, 91, 57, 15, 70, 36, 99, 28, 104, 55, 11, 38, 100, 39, 79, 18, 102, 68, 120, 51, 119, 77, 116, 52, 97, 63, 109, 76, 111, 21, 110, 115, 83, 27, 103, 53, 94, 33, 92, 42, 10, 19, 93, 14, 73, 105, 1, 84, 23, 60, 7, 98, 22, 72, 3, 43, 37, 71, 40, 87, 12, 81, 30, 66, 25, 56, 13, 86, 9, 47, 85]
(w = 30) Correct Cyclicantibandwidth
Set parameter TimeLimit to value 1800
(w = 31) Value Cyclicantibandwidth: 31
Lables: [75, 7, 69, 112, 24, 59, 8, 65, 2, 35, 114, 48, 82, 26, 107, 64, 29, 67, 16, 101, 31, 105, 46, 78, 37, 40, 96, 41, 6, 88, 32, 118, 45, 4, 58, 80, 20, 91, 17, 61, 77, 38, 99, 33, 98, 111, 74, 113, 49, 90, 97, 57, 15, 70, 36, 12, 50, 104, 55, 11, 42, 100, 39, 106, 21, 102, 68, 120, 51, 119, 47, 116, 52, 94, 28, 109, 63, 108, 76, 25, 115, 83, 27, 103, 53, 89, 5, 92, 30, 85, 19, 93, 14, 73, 34, 1, 84, 23, 62, 10, 79, 18, 72, 110, 56, 13, 71, 22, 66, 3, 81, 117, 43, 87, 9, 54, 86, 44, 95, 60]
(w = 31) Correct Cyclicantibandwidth
Set parameter TimeLimit to value 1800
(w = 32) Value Cyclicantibandwidth: 32
Lables: [70, 7, 69, 112, 37, 96, 19, 65, 2, 34, 82, 48, 80, 26, 99, 64, 29, 63, 16, 67, 105, 68, 24, 88, 36, 62, 9, 75, 40, 6, 113, 77, 45, 4, 58, 59, 20, 91, 17, 101, 5, 38, 106, 33, 98, 25, 66, 114, 49, 93, 97, 57, 15, 85, 118, 12, 50, 104, 55, 11, 42, 79, 39, 110, 56, 115, 32, 108, 51, 119, 47, 116, 52, 107, 31, 109, 44, 120, 60, 92, 41, 83, 27, 103, 53, 89, 3, 74, 30, 117, 28, 102, 14, 73, 111, 1, 84, 23, 94, 46, 78, 18, 72, 10, 90, 21, 71, 22, 100, 61, 81, 35, 86, 43, 76, 13, 87, 8, 95, 54]
(w = 32) Correct Cyclicantibandwidth
Set parameter TimeLimit to value 1800
[runlim] sample:		40.1 time, 40.1 real, 118.5 MB
(w = 33) Value Cyclicantibandwidth: 33
Lables: [75, 6, 65, 102, 23, 95, 8, 76, 2, 69, 114, 48, 82, 47, 107, 66, 29, 101, 25, 63, 31, 112, 46, 80, 16, 59, 96, 41, 88, 45, 32, 118, 78, 4, 58, 56, 91, 54, 17, 61, 77, 38, 99, 33, 98, 30, 64, 117, 49, 5, 71, 108, 39, 89, 36, 12, 50, 104, 55, 11, 42, 100, 67, 106, 19, 35, 68, 120, 51, 119, 74, 116, 34, 70, 109, 115, 37, 111, 24, 94, 26, 83, 27, 72, 10, 103, 22, 92, 44, 85, 57, 93, 14, 73, 110, 1, 84, 15, 62, 7, 79, 18, 97, 13, 60, 20, 53, 105, 28, 113, 81, 3, 86, 43, 9, 21, 87, 40, 90, 52]
(w = 33) Correct Cyclicantibandwidth
Set parameter TimeLimit to value 1800
(w = 34) Value Cyclicantibandwidth: 34
Lables: [84, 5, 40, 112, 31, 86, 32, 79, 37, 101, 50, 93, 58, 8, 52, 18, 90, 34, 92, 25, 43, 95, 59, 106, 68, 44, 81, 119, 57, 21, 108, 54, 98, 20, 66, 26, 73, 4, 70, 24, 77, 111, 67, 29, 109, 28, 74, 114, 49, 11, 99, 62, 15, 87, 36, 39, 116, 80, 23, 105, 71, 35, 115, 48, 2, 45, 82, 120, 51, 118, 103, 19, 61, 16, 65, 42, 76, 30, 110, 38, 17, 83, 27, 102, 64, 94, 33, 85, 12, 78, 89, 7, 91, 13, 75, 104, 55, 97, 63, 9, 22, 72, 107, 56, 1, 100, 53, 113, 60, 3, 41, 88, 6, 69, 14, 96, 47, 10, 46, 117]
(w = 34) Correct Cyclicantibandwidth
Set parameter TimeLimit to value 1800
(w = 35) Value Cyclicantibandwidth: 35
Lables: [75, 11, 69, 106, 28, 78, 41, 2, 52, 88, 14, 99, 58, 9, 44, 7, 90, 34, 102, 47, 31, 92, 46, 119, 80, 50, 85, 17, 57, 19, 110, 26, 73, 108, 67, 70, 33, 115, 36, 81, 77, 38, 101, 23, 107, 25, 72, 118, 48, 105, 120, 62, 15, 79, 114, 71, 18, 55, 20, 65, 117, 35, 84, 39, 96, 37, 74, 1, 51, 103, 87, 8, 61, 97, 16, 64, 27, 111, 45, 100, 104, 63, 24, 98, 30, 94, 32, 83, 12, 68, 4, 42, 93, 40, 76, 49, 10, 91, 43, 116, 22, 59, 109, 66, 5, 89, 53, 113, 54, 3, 29, 86, 6, 82, 13, 112, 56, 21, 60, 95]
(w = 35) Correct Cyclicantibandwidth
Set parameter TimeLimit to value 1800
(w = 36) Value Cyclicantibandwidth: 36
Lables: [75, 3, 69, 112, 28, 103, 41, 2, 39, 89, 50, 93, 47, 8, 84, 120, 70, 34, 92, 18, 31, 95, 46, 106, 65, 44, 96, 16, 57, 102, 105, 26, 98, 20, 67, 37, 73, 4, 66, 107, 77, 38, 101, 29, 113, 25, 74, 117, 49, 86, 99, 62, 15, 72, 35, 79, 5, 80, 23, 68, 108, 71, 115, 48, 9, 33, 82, 13, 51, 118, 87, 19, 61, 97, 24, 42, 1, 43, 83, 7, 116, 63, 27, 64, 109, 52, 90, 53, 110, 55, 10, 78, 14, 81, 21, 36, 114, 45, 104, 54, 22, 94, 40, 91, 32, 76, 12, 85, 6, 58, 11, 88, 30, 111, 59, 60, 119, 56, 100, 17]
(w = 36) Correct Cyclicantibandwidth
Set parameter TimeLimit to value 1800
(w = 37) Value Cyclicantibandwidth: 37
Lables: [75, 3, 69, 112, 36, 103, 41, 2, 39, 89, 50, 93, 46, 8, 52, 14, 90, 34, 92, 28, 31, 95, 35, 78, 5, 44, 96, 13, 57, 102, 108, 26, 98, 20, 58, 37, 86, 4, 70, 24, 119, 38, 101, 29, 73, 25, 74, 117, 49, 104, 99, 62, 15, 91, 47, 79, 18, 80, 23, 68, 105, 43, 115, 48, 88, 33, 82, 120, 51, 118, 87, 19, 61, 16, 97, 42, 84, 10, 60, 21, 116, 65, 27, 64, 109, 71, 32, 110, 67, 17, 107, 59, 1, 40, 114, 56, 9, 85, 12, 77, 22, 94, 54, 100, 63, 76, 11, 55, 113, 45, 53, 106, 66, 7, 72, 83, 6, 81, 30, 111]
(w = 37) Correct Cyclicantibandwidth
Set parameter TimeLimit to value 1800
[runlim] sample:		50.1 time, 50.1 real, 93.6 MB
(w = 38) Value Cyclicantibandwidth: 38
Lables: [75, 1, 53, 91, 45, 103, 41, 119, 43, 89, 28, 93, 46, 8, 52, 12, 90, 34, 112, 70, 115, 58, 19, 78, 5, 44, 96, 18, 57, 102, 108, 47, 98, 20, 60, 9, 85, 27, 88, 10, 6, 50, 110, 29, 94, 22, 74, 35, 73, 13, 106, 62, 7, 72, 4, 79, 39, 80, 14, 68, 105, 48, 101, 54, 95, 33, 82, 120, 71, 25, 99, 23, 61, 16, 97, 42, 84, 24, 77, 37, 116, 63, 17, 64, 109, 66, 11, 92, 15, 67, 118, 59, 107, 40, 87, 56, 104, 31, 81, 26, 36, 86, 30, 100, 38, 76, 2, 49, 117, 55, 51, 3, 83, 32, 111, 114, 69, 113, 65, 21]
(w = 38) Correct Cyclicantibandwidth
Set parameter TimeLimit to value 1800
(w = 39) Value Cyclicantibandwidth: 39
Lables: [46, 1, 40, 79, 2, 41, 80, 3, 42, 81, 4, 43, 82, 5, 44, 83, 6, 45, 84, 7, 85, 8, 47, 86, 34, 48, 9, 49, 10, 72, 87, 11, 50, 89, 28, 12, 51, 90, 13, 68, 52, 91, 14, 53, 109, 88, 15, 54, 93, 29, 16, 55, 94, 17, 75, 56, 95, 18, 57, 108, 92, 19, 58, 97, 32, 20, 59, 98, 21, 74, 60, 99, 22, 61, 113, 96, 23, 62, 101, 31, 24, 63, 102, 25, 100, 64, 103, 26, 104, 33, 115, 73, 116, 69, 111, 27, 78, 119, 67, 120, 65, 105, 36, 110, 35, 106, 66, 107, 37, 114, 38, 77, 118, 39, 112, 71, 30, 76, 117, 70]
(w = 39) Correct Cyclicantibandwidth
Set parameter TimeLimit to value 1800
(w = 40) Value Cyclicantibandwidth: 40
Lables: [75, 2, 69, 112, 45, 103, 41, 119, 57, 104, 50, 93, 46, 5, 52, 8, 54, 99, 33, 101, 31, 95, 35, 78, 7, 44, 97, 19, 59, 102, 6, 61, 116, 67, 26, 37, 85, 20, 70, 24, 108, 51, 118, 49, 98, 25, 74, 28, 90, 36, 109, 65, 15, 89, 27, 79, 18, 80, 23, 68, 105, 43, 115, 48, 88, 39, 82, 29, 71, 111, 3, 83, 11, 77, 17, 42, 87, 10, 60, 106, 120, 72, 32, 73, 117, 58, 9, 53, 110, 55, 92, 12, 91, 40, 114, 62, 107, 66, 13, 86, 1, 81, 30, 100, 38, 21, 64, 113, 63, 22, 94, 47, 96, 16, 76, 34, 84, 4, 56, 14]
(w = 40) Correct Cyclicantibandwidth
Set parameter TimeLimit to value 1800
[runlim] sample:		60.7 time, 60.1 real, 206.7 MB
(w = 41) Value Cyclicantibandwidth: 41
Lables: [74, 1, 53, 2, 45, 89, 48, 92, 13, 56, 100, 59, 103, 24, 67, 111, 70, 5, 78, 37, 16, 81, 40, 82, 22, 42, 84, 41, 90, 28, 95, 27, 68, 114, 54, 46, 93, 34, 79, 11, 101, 35, 104, 49, 98, 10, 51, 106, 57, 118, 4, 60, 7, 62, 116, 15, 71, 12, 73, 117, 64, 18, 75, 23, 91, 97, 26, 86, 29, 87, 32, 108, 38, 112, 33, 119, 43, 120, 47, 88, 25, 69, 3, 50, 96, 65, 6, 52, 8, 85, 14, 58, 17, 61, 115, 36, 80, 19, 63, 110, 21, 72, 113, 39, 99, 83, 9, 77, 20, 76, 31, 102, 44, 105, 55, 94, 30, 109, 66, 107]
(w = 41) Correct Cyclicantibandwidth
Set parameter TimeLimit to value 1800
[runlim] sample:		73.9 time, 70.1 real, 272.4 MB
(w = 42) Value Cyclicantibandwidth: 42
Lables: [43, 1, 57, 4, 46, 90, 34, 79, 7, 49, 93, 15, 60, 104, 26, 68, 12, 71, 18, 82, 101, 23, 67, 112, 53, 75, 29, 73, 120, 77, 100, 37, 81, 38, 113, 48, 92, 40, 84, 9, 89, 41, 95, 42, 118, 45, 103, 51, 106, 30, 78, 3, 56, 6, 64, 14, 59, 17, 62, 5, 70, 25, 69, 111, 39, 91, 28, 72, 115, 44, 35, 80, 36, 83, 13, 58, 102, 47, 94, 21, 105, 50, 96, 52, 119, 54, 98, 20, 63, 10, 74, 116, 61, 107, 31, 2, 65, 109, 33, 108, 76, 16, 85, 8, 86, 22, 87, 27, 97, 19, 88, 24, 99, 32, 110, 11, 55, 114, 66, 117]
(w = 42) Correct Cyclicantibandwidth
Set parameter TimeLimit to value 1800
[runlim] sample:		88.4 time, 80.1 real, 255.5 MB
(w = 43) Value Cyclicantibandwidth: 43
Lables: [70, 5, 72, 117, 45, 115, 68, 113, 42, 88, 17, 74, 9, 77, 8, 51, 120, 48, 116, 50, 114, 56, 112, 58, 118, 73, 6, 81, 35, 103, 3, 47, 95, 19, 90, 43, 96, 22, 98, 25, 100, 37, 94, 31, 102, 40, 83, 7, 52, 111, 24, 78, 34, 89, 12, 44, 1, 66, 109, 33, 108, 49, 110, 38, 99, 14, 63, 16, 85, 41, 93, 36, 79, 2, 67, 30, 92, 27, 80, 26, 61, 18, 75, 23, 71, 21, 82, 32, 76, 15, 62, 105, 60, 4, 65, 104, 28, 87, 20, 69, 57, 11, 84, 13, 64, 106, 39, 86, 10, 55, 59, 107, 46, 91, 29, 97, 54, 101, 53, 119]
(w = 43) Correct Cyclicantibandwidth
Set parameter TimeLimit to value 1800
[runlim] sample:		104.1 time, 90.1 real, 263.7 MB
(w = 44) Value Cyclicantibandwidth: 44
Lables: [55, 1, 56, 107, 45, 89, 13, 59, 103, 48, 92, 16, 62, 106, 51, 95, 19, 67, 111, 35, 100, 24, 70, 2, 65, 54, 5, 73, 8, 75, 4, 78, 27, 81, 22, 40, 84, 30, 74, 119, 90, 37, 82, 38, 109, 15, 60, 104, 46, 97, 57, 101, 49, 93, 31, 114, 52, 96, 23, 76, 29, 79, 7, 63, 118, 112, 68, 12, 71, 116, 18, 85, 26, 72, 21, 80, 34, 83, 36, 105, 117, 41, 87, 43, 88, 44, 120, 47, 3, 66, 6, 50, 94, 20, 91, 25, 69, 9, 53, 115, 64, 14, 58, 108, 33, 113, 42, 98, 32, 102, 39, 99, 28, 77, 11, 110, 61, 10, 86, 17]
(w = 44) Correct Cyclicantibandwidth
Set parameter TimeLimit to value 1800
[runlim] sample:		119.0 time, 100.1 real, 250.7 MB
[runlim] sample:		131.0 time, 110.1 real, 270.4 MB
(w = 45) Value Cyclicantibandwidth: 45
Lables: [103, 42, 117, 61, 10, 85, 37, 107, 51, 5, 80, 27, 79, 32, 82, 8, 53, 120, 49, 119, 50, 95, 22, 87, 12, 94, 19, 64, 17, 90, 44, 89, 21, 86, 14, 116, 68, 23, 91, 25, 57, 115, 69, 15, 67, 31, 84, 11, 72, 16, 98, 34, 92, 26, 88, 60, 113, 55, 1, 47, 96, 43, 118, 71, 24, 58, 112, 65, 20, 66, 18, 93, 39, 97, 45, 75, 28, 73, 13, 62, 6, 59, 104, 38, 105, 99, 36, 83, 9, 77, 7, 54, 111, 56, 102, 78, 4, 70, 3, 52, 2, 48, 101, 30, 76, 46, 106, 35, 109, 41, 114, 63, 108, 40, 110, 74, 29, 81, 33, 100]
(w = 45) Correct Cyclicantibandwidth
Set parameter TimeLimit to value 1800
[runlim] sample:		141.2 time, 120.1 real, 236.1 MB
(w = 46) Value Cyclicantibandwidth: 46
Lables: [1, 48, 94, 40, 88, 16, 64, 4, 52, 100, 28, 76, 7, 55, 103, 31, 79, 10, 58, 106, 49, 97, 34, 82, 36, 120, 46, 119, 45, 118, 35, 85, 38, 91, 44, 114, 43, 117, 61, 116, 42, 115, 67, 113, 66, 90, 41, 112, 65, 19, 111, 37, 110, 63, 109, 78, 32, 105, 59, 13, 108, 62, 15, 89, 39, 54, 107, 60, 14, 87, 102, 56, 104, 57, 11, 30, 101, 53, 99, 51, 81, 33, 98, 50, 96, 9, 83, 27, 95, 26, 29, 92, 25, 86, 24, 84, 23, 80, 22, 77, 21, 75, 18, 74, 17, 73, 12, 72, 8, 71, 6, 70, 5, 69, 3, 47, 93, 20, 68, 2]
(w = 46) Correct Cyclicantibandwidth
Set parameter TimeLimit to value 1800
[runlim] sample:		153.6 time, 130.1 real, 285.8 MB
(w = 47) Value Cyclicantibandwidth: 47
Lables: [105, 56, 1, 53, 101, 37, 85, 13, 61, 4, 52, 100, 28, 76, 7, 55, 103, 31, 79, 16, 40, 88, 19, 67, 119, 2, 49, 97, 25, 95, 64, 111, 38, 91, 42, 120, 73, 3, 51, 106, 30, 78, 6, 54, 117, 87, 15, 63, 110, 50, 18, 66, 114, 43, 112, 75, 27, 90, 17, 71, 115, 46, 99, 47, 113, 77, 29, 102, 32, 86, 5, 57, 8, 58, 118, 33, 80, 9, 62, 109, 81, 10, 65, 14, 84, 20, 68, 21, 69, 116, 70, 22, 74, 26, 98, 104, 34, 82, 35, 107, 41, 89, 39, 94, 45, 92, 24, 83, 36, 108, 23, 93, 44, 96, 48, 72, 11, 59, 12, 60]
(w = 47) Correct Cyclicantibandwidth
Set parameter TimeLimit to value 1800
[runlim] sample:		168.7 time, 140.1 real, 259.8 MB
(w = 48) Value Cyclicantibandwidth: 48
Lables: [117, 57, 1, 49, 97, 25, 73, 4, 52, 100, 28, 76, 7, 55, 103, 31, 79, 13, 61, 110, 64, 16, 67, 19, 78, 105, 34, 85, 14, 83, 65, 17, 88, 38, 96, 115, 43, 91, 20, 75, 26, 74, 2, 50, 102, 77, 5, 53, 101, 30, 8, 56, 104, 32, 87, 58, 10, 62, 112, 63, 106, 40, 89, 22, 93, 29, 80, 9, 68, 18, 82, 11, 70, 118, 69, 15, 86, 37, 92, 21, 59, 113, 41, 94, 27, 109, 39, 98, 44, 95, 46, 111, 47, 116, 66, 99, 48, 119, 60, 6, 24, 72, 120, 71, 23, 81, 33, 90, 42, 114, 12, 84, 35, 107, 36, 51, 3, 54, 108, 45]
(w = 48) Correct Cyclicantibandwidth
Set parameter TimeLimit to value 1800
[runlim] end:			Tue Nov  4 06:07:59 2025
[runlim] status:		out of time
[runlim] result:		2
[runlim] children:		0
[runlim] real:			150.03 seconds
[runlim] time:			183.02 seconds
[runlim] space:			384.0 MB
[runlim] samples:		1499
