[runlim] version:		1.10
[runlim] time limit:		311040000 seconds
[runlim] real time limit:	150 seconds
[runlim] space limit:		30000 MB
[runlim] argv[0]:		python3
[runlim] argv[1]:		model.py
[runlim] argv[2]:		./graph/caterpillar/caterpillar_9_6.txt
[runlim] start:			Tue Nov  4 05:46:33 2025
[runlim] main pid:		58101
[runlim] log captured:
Set parameter WLSAccessID
Set parameter WLSSecret
Set parameter LicenseID to value 2663665
Academic license 2663665 - for non-commercial use only - registered to tu___@vnu.edu.vn
Set parameter TimeLimit to value 1800
(w = 4) Value Cyclicantibandwidth: 4
Lables: [38, 6, 25, 16, 43, 8, 52, 9, 30, 3, 35, 45, 32, 48, 20, 42, 33, 23, 46, 39, 17, 26, 4, 28, 27, 54, 19, 10, 5, 11, 31, 37, 15, 53, 14, 49, 24, 29, 36, 7, 18, 34, 44, 1, 47, 51, 40, 21, 41, 2, 22, 13, 50, 12]
(w = 4) Correct Cyclicantibandwidth
Set parameter TimeLimit to value 1800
(w = 5) Value Cyclicantibandwidth: 5
Lables: [38, 6, 19, 46, 37, 8, 2, 9, 43, 3, 35, 45, 32, 48, 20, 30, 42, 23, 13, 39, 17, 26, 4, 28, 27, 54, 41, 50, 5, 16, 31, 21, 34, 12, 14, 49, 24, 29, 36, 7, 18, 47, 10, 1, 22, 51, 40, 52, 15, 53, 33, 25, 44, 11]
(w = 5) Correct Cyclicantibandwidth
Set parameter TimeLimit to value 1800
(w = 6) Value Cyclicantibandwidth: 6
Lables: [38, 6, 19, 41, 24, 8, 2, 9, 43, 20, 35, 45, 32, 48, 25, 16, 42, 23, 46, 39, 17, 26, 4, 28, 27, 54, 13, 50, 5, 3, 31, 37, 7, 30, 14, 49, 12, 29, 36, 34, 18, 47, 10, 1, 22, 51, 40, 52, 15, 53, 33, 21, 44, 11]
(w = 6) Correct Cyclicantibandwidth
Set parameter TimeLimit to value 1800
(w = 7) Value Cyclicantibandwidth: 7
Lables: [38, 6, 19, 11, 3, 32, 46, 9, 36, 20, 10, 1, 28, 48, 25, 42, 16, 5, 34, 50, 7, 26, 4, 41, 27, 54, 13, 49, 15, 23, 31, 12, 43, 30, 14, 40, 24, 2, 18, 35, 8, 47, 37, 17, 22, 51, 39, 52, 29, 53, 45, 33, 44, 21]
(w = 7) Correct Cyclicantibandwidth
Set parameter TimeLimit to value 1800
(w = 8) Value Cyclicantibandwidth: 8
Lables: [38, 6, 19, 41, 3, 32, 2, 12, 43, 20, 29, 45, 28, 48, 25, 42, 16, 35, 46, 39, 17, 26, 4, 49, 27, 54, 13, 50, 5, 11, 31, 21, 34, 1, 14, 40, 24, 7, 37, 30, 18, 47, 10, 23, 22, 51, 8, 52, 9, 53, 36, 15, 44, 33]
(w = 8) Correct Cyclicantibandwidth
Set parameter TimeLimit to value 1800
(w = 9) Value Cyclicantibandwidth: 9
Lables: [38, 6, 19, 41, 3, 32, 2, 24, 43, 20, 35, 45, 28, 48, 25, 42, 16, 7, 31, 39, 17, 26, 4, 49, 27, 54, 13, 50, 5, 23, 44, 21, 34, 12, 14, 40, 51, 29, 11, 30, 18, 9, 46, 1, 47, 10, 36, 52, 22, 53, 33, 8, 37, 15]
(w = 9) Correct Cyclicantibandwidth
Set parameter TimeLimit to value 1800
(w = 10) Value Cyclicantibandwidth: 10
Lables: [38, 6, 19, 41, 3, 32, 2, 24, 43, 20, 35, 45, 28, 48, 25, 42, 17, 7, 46, 39, 5, 26, 4, 33, 27, 54, 13, 50, 16, 47, 9, 37, 22, 12, 14, 40, 51, 29, 10, 30, 18, 52, 31, 1, 49, 23, 8, 36, 53, 15, 34, 21, 11, 44]
(w = 10) Correct Cyclicantibandwidth
Set parameter TimeLimit to value 1800
(w = 11) Value Cyclicantibandwidth: 11
Lables: [38, 6, 19, 41, 3, 32, 2, 24, 43, 20, 33, 45, 10, 48, 25, 42, 16, 44, 14, 39, 17, 50, 27, 49, 21, 54, 13, 29, 5, 35, 9, 37, 7, 31, 47, 4, 18, 30, 52, 23, 46, 15, 36, 1, 53, 12, 26, 51, 22, 28, 11, 40, 8, 34]
(w = 11) Correct Cyclicantibandwidth
Set parameter TimeLimit to value 1800
(w = 12) Value Cyclicantibandwidth: 12
Lables: [38, 6, 19, 41, 3, 32, 2, 24, 43, 1, 35, 49, 28, 48, 25, 42, 16, 51, 34, 39, 17, 50, 27, 5, 21, 54, 13, 45, 12, 26, 9, 37, 7, 31, 14, 40, 4, 18, 52, 30, 46, 15, 44, 23, 47, 10, 22, 36, 53, 29, 11, 33, 8, 20]
(w = 12) Correct Cyclicantibandwidth
Set parameter TimeLimit to value 1800
(w = 13) Value Cyclicantibandwidth: 13
Lables: [38, 6, 19, 41, 3, 32, 2, 24, 43, 20, 35, 49, 28, 12, 25, 1, 31, 45, 23, 39, 17, 50, 27, 5, 16, 54, 13, 29, 42, 26, 9, 37, 7, 48, 14, 40, 4, 18, 36, 30, 46, 15, 44, 10, 47, 11, 51, 22, 53, 21, 34, 8, 33, 52]
(w = 13) Correct Cyclicantibandwidth
Set parameter TimeLimit to value 1800
(w = 14) Value Cyclicantibandwidth: 14
Lables: [38, 6, 21, 41, 3, 32, 2, 28, 43, 1, 35, 49, 30, 13, 25, 42, 16, 45, 23, 39, 20, 50, 27, 5, 26, 54, 15, 29, 48, 24, 9, 37, 7, 31, 14, 40, 4, 18, 52, 22, 46, 17, 44, 10, 47, 11, 51, 36, 53, 8, 34, 19, 33, 12]
(w = 14) Correct Cyclicantibandwidth
Set parameter TimeLimit to value 1800
(w = 15) Value Cyclicantibandwidth: 15
Lables: [38, 6, 24, 41, 3, 32, 2, 28, 43, 1, 20, 49, 34, 11, 25, 42, 16, 45, 23, 39, 17, 50, 27, 5, 21, 54, 30, 10, 40, 26, 9, 37, 7, 31, 15, 47, 19, 4, 36, 29, 52, 35, 12, 33, 53, 18, 51, 14, 48, 13, 44, 8, 46, 22]
(w = 15) Correct Cyclicantibandwidth
Set parameter TimeLimit to value 1800
(w = 16) Value Cyclicantibandwidth: 16
Lables: [42, 6, 24, 41, 10, 33, 2, 18, 43, 19, 39, 17, 49, 12, 25, 44, 16, 45, 23, 5, 32, 50, 27, 53, 21, 54, 34, 1, 37, 26, 9, 40, 7, 31, 14, 46, 22, 4, 35, 20, 3, 28, 8, 38, 36, 11, 48, 29, 52, 13, 51, 30, 47, 15]
(w = 16) Correct Cyclicantibandwidth
Set parameter TimeLimit to value 1800
(w = 17) Value Cyclicantibandwidth: 17
Lables: [38, 6, 24, 41, 4, 32, 2, 22, 43, 3, 35, 18, 46, 20, 25, 44, 16, 45, 23, 52, 26, 53, 17, 49, 21, 54, 30, 10, 27, 40, 9, 28, 7, 31, 14, 39, 19, 50, 29, 34, 8, 36, 5, 42, 47, 12, 48, 15, 51, 13, 37, 1, 33, 11]
(w = 17) Correct Cyclicantibandwidth
Set parameter TimeLimit to value 1800
(w = 18) Value Cyclicantibandwidth: 18
Lables: [37, 1, 27, 5, 23, 41, 19, 39, 20, 16, 38, 3, 26, 2, 28, 49, 25, 52, 33, 8, 44, 22, 47, 24, 34, 15, 51, 18, 40, 46, 10, 36, 9, 43, 6, 30, 4, 29, 11, 54, 31, 7, 32, 53, 13, 35, 14, 50, 17, 45, 21, 42, 12, 48]
(w = 18) Correct Cyclicantibandwidth
Set parameter TimeLimit to value 1800
(w = 19) Value Cyclicantibandwidth: 19
Lables: [7, 27, 8, 33, 1, 20, 39, 4, 23, 34, 2, 21, 40, 19, 6, 35, 3, 22, 46, 36, 5, 24, 43, 14, 9, 28, 47, 12, 45, 25, 44, 10, 29, 52, 41, 11, 30, 49, 18, 13, 48, 26, 53, 32, 37, 16, 51, 31, 54, 42, 17, 50, 15, 38]
(w = 19) Correct Cyclicantibandwidth
Set parameter TimeLimit to value 1800
(w = 20) Value Cyclicantibandwidth: 20
Lables: [6, 27, 7, 33, 1, 21, 41, 8, 28, 34, 2, 22, 42, 19, 5, 35, 3, 23, 53, 36, 4, 24, 44, 20, 9, 29, 49, 15, 40, 25, 45, 11, 31, 54, 43, 10, 30, 50, 26, 12, 32, 52, 18, 46, 37, 13, 38, 14, 47, 48, 16, 39, 17, 51]
(w = 20) Correct Cyclicantibandwidth
Set parameter TimeLimit to value 1800
(w = 21) Value Cyclicantibandwidth: 21
Lables: [5, 27, 6, 33, 1, 22, 43, 10, 31, 34, 2, 23, 44, 21, 4, 35, 3, 24, 54, 36, 7, 28, 49, 26, 8, 29, 50, 17, 42, 25, 46, 13, 37, 16, 45, 12, 38, 9, 30, 11, 32, 53, 20, 47, 39, 14, 40, 15, 48, 52, 19, 41, 18, 51]
(w = 21) Correct Cyclicantibandwidth
Set parameter TimeLimit to value 1800
(w = 22) Value Cyclicantibandwidth: 22
Lables: [54, 27, 53, 31, 9, 41, 19, 51, 29, 32, 10, 42, 20, 52, 50, 28, 6, 38, 16, 30, 8, 40, 18, 49, 7, 39, 17, 48, 26, 37, 15, 47, 25, 3, 14, 46, 24, 2, 34, 45, 23, 1, 33, 11, 22, 44, 21, 43, 13, 5, 36, 12, 35, 4]
(w = 22) Correct Cyclicantibandwidth
Set parameter TimeLimit to value 1800
(w = 23) Value Cyclicantibandwidth: 23
Lables: [3, 27, 4, 33, 2, 25, 1, 24, 47, 34, 5, 28, 51, 21, 54, 31, 6, 29, 52, 35, 7, 30, 53, 23, 10, 36, 11, 37, 12, 26, 50, 19, 45, 22, 49, 18, 43, 15, 46, 32, 8, 39, 16, 41, 48, 20, 44, 14, 42, 17, 40, 9, 38, 13]
(w = 23) Correct Cyclicantibandwidth
Set parameter TimeLimit to value 1800
(w = 24) Value Cyclicantibandwidth: 24
Lables: [2, 27, 3, 33, 4, 28, 1, 25, 49, 32, 5, 29, 53, 24, 54, 30, 6, 35, 11, 31, 7, 36, 8, 38, 9, 37, 12, 39, 14, 34, 10, 40, 13, 42, 52, 22, 46, 17, 43, 26, 51, 21, 45, 15, 50, 20, 44, 16, 41, 23, 47, 18, 48, 19]
(w = 24) Correct Cyclicantibandwidth
Set parameter TimeLimit to value 1800
(w = 25) Value Cyclicantibandwidth: 25
Lables: [29, 1, 26, 51, 22, 47, 18, 43, 15, 4, 33, 6, 35, 9, 30, 5, 34, 8, 37, 54, 28, 3, 32, 7, 25, 53, 27, 2, 31, 48, 23, 50, 21, 46, 19, 44, 16, 42, 17, 45, 20, 49, 24, 52, 14, 40, 12, 38, 11, 41, 13, 39, 10, 36]
(w = 25) Correct Cyclicantibandwidth
Set parameter TimeLimit to value 1800
[runlim] sample:		14.0 time, 10.2 real, 185.4 MB
[runlim] sample:		36.9 time, 20.2 real, 284.8 MB
(w = 26) Not found solution with CAB = 26.
Final result: CAB = 25, Labels = [29, 1, 26, 51, 22, 47, 18, 43, 15, 4, 33, 6, 35, 9, 30, 5, 34, 8, 37, 54, 28, 3, 32, 7, 25, 53, 27, 2, 31, 48, 23, 50, 21, 46, 19, 44, 16, 42, 17, 45, 20, 49, 24, 52, 14, 40, 12, 38, 11, 41, 13, 39, 10, 36]
Real time: 20.84637141227722 seconds
[runlim] end:			Tue Nov  4 05:46:54 2025
[runlim] status:		ok
[runlim] result:		0
[runlim] children:		0
[runlim] real:			21.08 seconds
[runlim] time:			38.68 seconds
[runlim] space:			284.8 MB
[runlim] samples:		209
