[runlim] version:		1.10
[runlim] time limit:		311040000 seconds
[runlim] real time limit:	150 seconds
[runlim] space limit:		30000 MB
[runlim] argv[0]:		python3
[runlim] argv[1]:		model.py
[runlim] argv[2]:		./graph/caterpillar/caterpillar_10_4.txt
[runlim] start:			Tue Nov  4 05:48:42 2025
[runlim] main pid:		58374
[runlim] log captured:
Set parameter WLSAccessID
Set parameter WLSSecret
Set parameter LicenseID to value 2663665
Academic license 2663665 - for non-commercial use only - registered to tu___@vnu.edu.vn
Set parameter TimeLimit to value 1800
(w = 4) Value Cyclicantibandwidth: 4
Lables: [19, 12, 5, 28, 24, 16, 33, 2, 9, 25, 15, 30, 8, 1, 14, 22, 18, 10, 40, 7, 36, 11, 35, 3, 31, 39, 13, 6, 29, 20, 27, 37, 17, 32, 21, 38, 23, 4, 34, 26]
(w = 4) Correct Cyclicantibandwidth
Set parameter TimeLimit to value 1800
(w = 5) Value Cyclicantibandwidth: 5
Lables: [34, 12, 5, 28, 4, 16, 33, 2, 9, 25, 15, 24, 38, 1, 14, 22, 18, 10, 40, 7, 36, 11, 35, 3, 31, 39, 13, 6, 17, 37, 27, 20, 29, 23, 21, 26, 32, 30, 19, 8]
(w = 5) Correct Cyclicantibandwidth
Set parameter TimeLimit to value 1800
(w = 6) Value Cyclicantibandwidth: 6
Lables: [19, 12, 6, 28, 38, 16, 33, 2, 9, 25, 5, 24, 8, 1, 14, 22, 18, 10, 40, 7, 36, 30, 17, 3, 31, 39, 13, 34, 15, 35, 27, 20, 29, 21, 23, 11, 32, 4, 26, 37]
(w = 6) Correct Cyclicantibandwidth
Set parameter TimeLimit to value 1800
(w = 7) Value Cyclicantibandwidth: 7
Lables: [27, 19, 36, 28, 5, 14, 33, 40, 9, 34, 38, 17, 31, 1, 23, 3, 18, 10, 20, 15, 7, 26, 32, 24, 12, 39, 29, 13, 21, 4, 37, 22, 11, 35, 16, 8, 30, 6, 25, 2]
(w = 7) Correct Cyclicantibandwidth
Set parameter TimeLimit to value 1800
(w = 8) Value Cyclicantibandwidth: 8
Lables: [6, 15, 5, 28, 8, 16, 33, 19, 9, 25, 35, 27, 1, 40, 24, 7, 18, 10, 22, 4, 36, 11, 17, 34, 26, 31, 39, 23, 14, 37, 12, 30, 21, 3, 20, 38, 29, 13, 32, 2]
(w = 8) Correct Cyclicantibandwidth
Set parameter TimeLimit to value 1800
(w = 9) Value Cyclicantibandwidth: 9
Lables: [23, 13, 3, 28, 39, 16, 34, 14, 25, 37, 4, 18, 29, 36, 24, 38, 27, 9, 40, 5, 26, 12, 20, 7, 19, 1, 22, 31, 10, 21, 8, 30, 11, 33, 35, 17, 32, 6, 15, 2]
(w = 9) Correct Cyclicantibandwidth
Set parameter TimeLimit to value 1800
(w = 10) Value Cyclicantibandwidth: 10
Lables: [14, 2, 17, 4, 24, 12, 33, 9, 32, 15, 35, 16, 30, 13, 27, 37, 6, 21, 3, 23, 38, 22, 11, 31, 1, 36, 10, 34, 20, 5, 25, 19, 8, 29, 7, 26, 39, 28, 40, 18]
(w = 10) Correct Cyclicantibandwidth
Set parameter TimeLimit to value 1800
(w = 11) Value Cyclicantibandwidth: 11
Lables: [19, 2, 21, 36, 24, 12, 33, 5, 28, 17, 35, 15, 39, 26, 38, 9, 34, 18, 40, 20, 7, 23, 10, 22, 4, 31, 11, 27, 13, 1, 25, 29, 6, 30, 14, 37, 8, 3, 32, 16]
(w = 11) Correct Cyclicantibandwidth
Set parameter TimeLimit to value 1800
(w = 12) Value Cyclicantibandwidth: 12
Lables: [7, 20, 8, 21, 1, 13, 25, 2, 14, 26, 19, 3, 31, 6, 18, 33, 22, 4, 32, 5, 17, 34, 15, 27, 39, 28, 9, 35, 10, 23, 36, 16, 29, 12, 30, 11, 37, 38, 24, 40]
(w = 12) Correct Cyclicantibandwidth
Set parameter TimeLimit to value 1800
(w = 13) Value Cyclicantibandwidth: 13
Lables: [39, 14, 27, 2, 28, 9, 31, 16, 34, 17, 12, 38, 19, 30, 5, 20, 1, 21, 40, 29, 7, 26, 13, 37, 23, 36, 11, 24, 10, 25, 4, 32, 18, 3, 15, 33, 8, 35, 22, 6]
(w = 13) Correct Cyclicantibandwidth
Set parameter TimeLimit to value 1800
(w = 14) Value Cyclicantibandwidth: 14
Lables: [5, 20, 6, 21, 1, 15, 29, 3, 17, 2, 19, 33, 13, 4, 18, 37, 22, 7, 32, 35, 9, 34, 16, 30, 11, 31, 8, 28, 10, 24, 38, 26, 40, 23, 36, 12, 27, 25, 39, 14]
(w = 14) Correct Cyclicantibandwidth
Set parameter TimeLimit to value 1800
(w = 15) Value Cyclicantibandwidth: 15
Lables: [4, 20, 5, 21, 1, 16, 31, 6, 22, 2, 19, 34, 13, 3, 18, 40, 23, 7, 26, 36, 11, 27, 17, 32, 12, 33, 8, 28, 9, 24, 39, 29, 14, 35, 38, 15, 37, 25, 10, 30]
(w = 15) Correct Cyclicantibandwidth
Set parameter TimeLimit to value 1800
(w = 16) Value Cyclicantibandwidth: 16
Lables: [3, 20, 4, 21, 1, 17, 33, 9, 25, 5, 19, 35, 16, 2, 18, 39, 22, 6, 27, 37, 13, 30, 23, 7, 28, 34, 10, 26, 11, 31, 14, 32, 15, 38, 8, 24, 40, 29, 12, 36]
(w = 16) Correct Cyclicantibandwidth
Set parameter TimeLimit to value 1800
(w = 17) Value Cyclicantibandwidth: 17
Lables: [2, 20, 3, 26, 9, 27, 4, 21, 1, 18, 25, 8, 31, 40, 23, 5, 24, 7, 30, 6, 28, 11, 29, 12, 33, 10, 32, 14, 22, 39, 16, 38, 15, 37, 19, 36, 17, 35, 13, 34]
(w = 17) Correct Cyclicantibandwidth
Set parameter TimeLimit to value 1800
(w = 18) Value Cyclicantibandwidth: 18
Lables: [2, 20, 39, 21, 3, 25, 7, 29, 11, 32, 23, 1, 19, 38, 16, 36, 17, 35, 14, 40, 18, 37, 22, 4, 26, 5, 24, 6, 28, 10, 30, 8, 27, 9, 33, 13, 31, 12, 34, 15]
(w = 18) Correct Cyclicantibandwidth
Set parameter TimeLimit to value 1800
(w = 19) Not found solution with CAB = 19.
Final result: CAB = 18, Labels = [2, 20, 39, 21, 3, 25, 7, 29, 11, 32, 23, 1, 19, 38, 16, 36, 17, 35, 14, 40, 18, 37, 22, 4, 26, 5, 24, 6, 28, 10, 30, 8, 27, 9, 33, 13, 31, 12, 34, 15]
Real time: 6.62961745262146 seconds
[runlim] end:			Tue Nov  4 05:48:49 2025
[runlim] status:		ok
[runlim] result:		0
[runlim] children:		0
[runlim] real:			7.16 seconds
[runlim] time:			12.70 seconds
[runlim] space:			131.1 MB
[runlim] samples:		66
