[runlim] version:		1.10
[runlim] time limit:		311040000 seconds
[runlim] real time limit:	150 seconds
[runlim] space limit:		30000 MB
[runlim] argv[0]:		python3
[runlim] argv[1]:		model.py
[runlim] argv[2]:		./graph/caterpillar/caterpillar_30_10.txt
[runlim] start:			Tue Nov  4 06:30:29 2025
[runlim] main pid:		59139
[runlim] log captured:
Set parameter WLSAccessID
Set parameter WLSSecret
Set parameter LicenseID to value 2663665
Academic license 2663665 - for non-commercial use only - registered to tu___@vnu.edu.vn
Set parameter TimeLimit to value 1800
(w = 4) Value Cyclicantibandwidth: 4
Lables: [140, 147, 124, 276, 165, 290, 217, 183, 230, 293, 213, 252, 76, 232, 144, 96, 296, 101, 207, 150, 117, 298, 118, 255, 84, 32, 88, 261, 242, 294, 270, 154, 127, 92, 59, 240, 193, 204, 1, 180, 78, 38, 174, 267, 31, 168, 164, 214, 77, 152, 139, 182, 282, 26, 58, 192, 4, 66, 15, 11, 236, 253, 65, 299, 167, 145, 195, 275, 137, 3, 285, 70, 54, 136, 114, 238, 271, 216, 57, 34, 123, 227, 87, 130, 82, 119, 224, 287, 156, 6, 132, 20, 181, 73, 222, 280, 25, 39, 143, 264, 138, 231, 300, 129, 89, 22, 288, 221, 247, 259, 279, 177, 85, 208, 153, 106, 93, 176, 97, 284, 134, 80, 274, 19, 149, 122, 105, 249, 35, 79, 239, 63, 102, 64, 206, 121, 169, 48, 45, 99, 115, 246, 75, 272, 163, 291, 179, 110, 251, 289, 266, 197, 268, 47, 260, 95, 83, 161, 51, 86, 109, 10, 203, 2, 30, 219, 29, 62, 263, 21, 172, 190, 33, 245, 128, 67, 281, 81, 27, 223, 209, 158, 258, 170, 228, 257, 90, 220, 142, 188, 133, 226, 68, 46, 126, 199, 113, 8, 186, 212, 278, 69, 91, 100, 61, 160, 244, 74, 40, 55, 155, 120, 191, 23, 189, 229, 53, 194, 269, 141, 116, 146, 237, 202, 162, 256, 71, 175, 111, 185, 56, 233, 171, 49, 17, 178, 7, 148, 196, 94, 218, 210, 14, 265, 211, 201, 37, 295, 234, 277, 135, 41, 103, 159, 125, 36, 248, 297, 44, 151, 43, 250, 286, 24, 104, 16, 205, 112, 184, 13, 262, 225, 241, 108, 131, 254, 5, 98, 42, 173, 243, 52, 50, 28, 215, 12, 292, 166, 72, 18, 60, 9, 283, 235, 157, 273, 187, 200, 107, 198]
(w = 4) Correct Cyclicantibandwidth
Set parameter TimeLimit to value 1800
(w = 5) Value Cyclicantibandwidth: 5
Lables: [140, 65, 124, 276, 165, 290, 217, 183, 230, 293, 213, 252, 76, 232, 144, 96, 296, 101, 207, 150, 117, 298, 118, 255, 84, 15, 88, 261, 242, 294, 270, 154, 127, 92, 147, 240, 193, 204, 1, 180, 78, 38, 174, 267, 31, 186, 164, 214, 77, 152, 139, 182, 282, 26, 58, 192, 4, 66, 32, 11, 236, 253, 103, 299, 167, 145, 195, 275, 137, 3, 285, 70, 54, 136, 114, 238, 271, 216, 57, 34, 123, 227, 87, 130, 82, 119, 224, 287, 156, 6, 132, 20, 181, 73, 222, 280, 25, 39, 143, 264, 138, 231, 300, 129, 89, 22, 288, 221, 247, 259, 279, 177, 85, 208, 153, 106, 93, 176, 97, 284, 134, 80, 274, 19, 149, 122, 105, 249, 35, 79, 239, 63, 102, 64, 206, 121, 169, 48, 45, 99, 115, 246, 75, 272, 163, 291, 179, 110, 251, 289, 266, 197, 268, 47, 260, 95, 83, 161, 51, 86, 109, 10, 203, 2, 30, 219, 29, 62, 263, 21, 172, 190, 33, 245, 128, 67, 281, 81, 27, 223, 59, 158, 258, 170, 228, 257, 90, 220, 142, 188, 133, 226, 68, 46, 126, 199, 113, 8, 209, 28, 278, 69, 91, 100, 61, 160, 244, 74, 40, 212, 155, 120, 191, 23, 189, 229, 53, 194, 269, 141, 116, 146, 237, 202, 162, 256, 71, 175, 111, 185, 56, 233, 171, 49, 17, 178, 7, 148, 196, 94, 218, 210, 14, 265, 211, 201, 37, 295, 234, 277, 135, 41, 55, 159, 125, 36, 248, 297, 44, 151, 43, 250, 286, 24, 104, 16, 205, 112, 184, 13, 262, 225, 241, 108, 131, 254, 5, 98, 42, 173, 243, 52, 50, 9, 215, 12, 292, 166, 72, 18, 60, 168, 283, 235, 157, 273, 187, 200, 107, 198]
(w = 5) Correct Cyclicantibandwidth
Set parameter TimeLimit to value 1800
[runlim] sample:		10.0 time, 10.1 real, 208.7 MB
(w = 6) Value Cyclicantibandwidth: 6
Lables: [140, 85, 124, 276, 165, 290, 217, 183, 230, 293, 213, 252, 76, 232, 144, 96, 296, 101, 207, 150, 117, 298, 186, 255, 84, 32, 88, 261, 242, 294, 270, 154, 127, 92, 147, 240, 193, 204, 1, 180, 78, 38, 174, 267, 31, 168, 145, 214, 77, 152, 139, 182, 282, 26, 58, 192, 4, 66, 15, 237, 94, 253, 65, 299, 167, 24, 195, 275, 137, 3, 285, 70, 54, 136, 114, 238, 271, 216, 57, 34, 123, 227, 87, 130, 82, 119, 224, 287, 156, 6, 132, 20, 181, 73, 222, 280, 25, 39, 143, 264, 138, 231, 300, 129, 89, 22, 288, 221, 247, 259, 279, 177, 118, 208, 153, 106, 93, 176, 97, 284, 134, 80, 274, 19, 149, 122, 105, 249, 35, 79, 239, 63, 102, 64, 206, 121, 169, 48, 45, 99, 115, 246, 75, 272, 163, 291, 179, 110, 164, 289, 266, 197, 268, 47, 260, 95, 83, 161, 51, 86, 109, 10, 203, 2, 30, 219, 29, 62, 263, 21, 172, 190, 33, 245, 128, 67, 281, 81, 27, 223, 59, 158, 11, 170, 228, 257, 90, 220, 142, 188, 133, 226, 68, 46, 126, 199, 113, 8, 209, 28, 278, 69, 91, 100, 61, 160, 244, 74, 40, 212, 155, 120, 191, 23, 189, 229, 53, 236, 258, 141, 116, 146, 235, 202, 162, 256, 71, 175, 111, 185, 56, 233, 171, 269, 17, 49, 7, 194, 166, 196, 218, 210, 14, 265, 178, 201, 37, 295, 234, 277, 135, 41, 55, 159, 125, 104, 248, 297, 44, 151, 43, 250, 286, 251, 12, 108, 205, 112, 184, 13, 262, 225, 241, 98, 131, 254, 5, 283, 42, 211, 243, 52, 50, 9, 16, 36, 292, 200, 173, 18, 148, 72, 157, 103, 198, 215, 187, 273, 107, 60]
(w = 6) Correct Cyclicantibandwidth
Set parameter TimeLimit to value 1800
(w = 7) Value Cyclicantibandwidth: 7
Lables: [140, 85, 124, 276, 165, 290, 217, 183, 230, 293, 213, 252, 76, 232, 144, 96, 296, 101, 207, 150, 117, 298, 186, 255, 84, 32, 88, 261, 242, 294, 270, 154, 127, 92, 147, 240, 193, 204, 1, 180, 78, 38, 174, 267, 31, 168, 145, 214, 77, 152, 139, 182, 282, 26, 58, 192, 4, 66, 15, 237, 94, 253, 65, 299, 167, 24, 195, 275, 137, 3, 285, 70, 54, 136, 114, 238, 271, 216, 57, 34, 123, 227, 87, 130, 82, 119, 224, 287, 156, 6, 132, 20, 181, 73, 222, 280, 25, 39, 143, 264, 138, 231, 300, 129, 89, 22, 288, 221, 247, 259, 279, 177, 118, 208, 153, 106, 93, 176, 97, 284, 134, 80, 274, 19, 149, 122, 105, 249, 35, 79, 239, 63, 102, 64, 206, 121, 169, 48, 45, 99, 115, 246, 75, 272, 163, 291, 179, 110, 164, 289, 266, 197, 268, 47, 260, 95, 83, 161, 51, 86, 109, 10, 203, 2, 30, 219, 29, 62, 263, 21, 172, 190, 33, 245, 128, 67, 281, 81, 27, 223, 59, 158, 11, 170, 228, 257, 90, 220, 142, 188, 133, 226, 68, 46, 126, 199, 113, 8, 209, 28, 278, 69, 91, 100, 61, 160, 244, 74, 40, 212, 155, 120, 191, 23, 189, 229, 53, 236, 258, 141, 116, 146, 235, 202, 162, 256, 71, 175, 111, 185, 56, 233, 171, 269, 17, 49, 7, 194, 166, 196, 218, 210, 14, 265, 178, 201, 37, 295, 234, 277, 135, 41, 55, 159, 125, 104, 248, 297, 44, 151, 43, 250, 286, 251, 12, 108, 205, 112, 184, 13, 262, 225, 241, 98, 131, 254, 5, 283, 42, 211, 243, 52, 50, 9, 16, 36, 292, 200, 173, 18, 148, 72, 157, 103, 198, 215, 187, 273, 107, 60]
(w = 7) Correct Cyclicantibandwidth
Set parameter TimeLimit to value 1800
[runlim] sample:		20.0 time, 20.1 real, 245.5 MB
(w = 8) Value Cyclicantibandwidth: 8
Lables: [140, 3, 124, 276, 165, 290, 217, 183, 230, 293, 213, 252, 76, 232, 144, 96, 296, 101, 207, 150, 117, 298, 9, 255, 84, 32, 88, 261, 242, 294, 270, 154, 127, 92, 147, 240, 193, 204, 1, 112, 78, 38, 174, 267, 31, 168, 145, 214, 77, 152, 139, 182, 282, 26, 58, 192, 4, 66, 15, 237, 94, 253, 65, 180, 167, 24, 195, 275, 137, 271, 285, 70, 54, 136, 114, 238, 187, 216, 57, 34, 123, 227, 87, 130, 82, 119, 224, 287, 156, 6, 132, 20, 181, 73, 222, 280, 25, 39, 143, 264, 138, 231, 300, 129, 89, 22, 288, 221, 247, 259, 279, 177, 85, 208, 153, 106, 93, 176, 97, 284, 134, 80, 274, 19, 149, 122, 105, 249, 35, 79, 239, 63, 102, 64, 206, 121, 169, 48, 45, 99, 115, 246, 75, 272, 163, 291, 179, 110, 164, 289, 266, 197, 268, 47, 260, 95, 83, 161, 51, 86, 109, 10, 203, 2, 30, 219, 299, 62, 263, 21, 172, 190, 33, 245, 128, 67, 281, 81, 27, 223, 59, 158, 11, 170, 228, 257, 90, 220, 142, 188, 133, 226, 68, 46, 126, 199, 113, 8, 209, 28, 278, 69, 91, 100, 61, 160, 244, 74, 40, 212, 155, 120, 191, 23, 189, 229, 53, 236, 258, 141, 116, 146, 235, 202, 162, 256, 71, 175, 111, 185, 56, 233, 171, 269, 17, 49, 7, 29, 196, 103, 218, 210, 14, 265, 178, 201, 37, 295, 234, 277, 135, 41, 55, 159, 125, 104, 248, 297, 44, 151, 43, 250, 286, 251, 12, 108, 205, 283, 184, 13, 262, 225, 241, 98, 131, 254, 5, 292, 42, 211, 243, 52, 50, 118, 16, 36, 166, 200, 173, 18, 148, 72, 157, 60, 198, 215, 186, 194, 273, 107]
(w = 8) Correct Cyclicantibandwidth
Set parameter TimeLimit to value 1800
(w = 9) Value Cyclicantibandwidth: 9
Lables: [140, 69, 124, 276, 165, 290, 217, 183, 230, 293, 213, 252, 76, 232, 144, 96, 296, 101, 207, 150, 117, 298, 118, 255, 84, 32, 88, 261, 242, 294, 270, 154, 127, 92, 147, 240, 193, 204, 1, 112, 78, 38, 174, 267, 31, 168, 145, 214, 77, 152, 139, 182, 282, 26, 58, 192, 4, 66, 15, 237, 94, 253, 65, 180, 167, 24, 195, 275, 137, 3, 285, 70, 54, 136, 114, 238, 271, 216, 57, 34, 123, 227, 87, 130, 82, 119, 224, 287, 156, 6, 132, 20, 181, 73, 222, 280, 25, 39, 143, 264, 138, 231, 300, 129, 89, 22, 288, 221, 247, 259, 279, 177, 85, 208, 153, 106, 93, 176, 97, 284, 134, 80, 274, 218, 149, 122, 105, 249, 35, 79, 239, 63, 102, 64, 206, 121, 169, 48, 45, 99, 115, 246, 75, 272, 163, 291, 179, 110, 164, 289, 266, 197, 268, 47, 260, 95, 83, 161, 51, 86, 109, 10, 203, 2, 30, 219, 299, 62, 263, 21, 172, 190, 33, 245, 128, 67, 281, 81, 27, 223, 59, 158, 11, 170, 228, 257, 90, 220, 142, 188, 133, 226, 68, 46, 126, 199, 113, 8, 209, 28, 278, 19, 91, 100, 61, 160, 244, 74, 40, 212, 155, 120, 191, 23, 189, 229, 53, 236, 258, 141, 116, 146, 235, 202, 162, 256, 71, 175, 211, 185, 56, 233, 171, 269, 17, 49, 7, 29, 196, 103, 186, 210, 14, 265, 178, 201, 37, 295, 234, 277, 135, 41, 55, 159, 125, 104, 248, 297, 44, 151, 43, 250, 286, 251, 12, 108, 205, 283, 184, 13, 262, 225, 111, 98, 131, 254, 5, 292, 42, 173, 243, 52, 50, 9, 215, 36, 166, 200, 72, 241, 148, 194, 16, 157, 198, 60, 187, 18, 273, 107]
(w = 9) Correct Cyclicantibandwidth
Set parameter TimeLimit to value 1800
[runlim] sample:		30.0 time, 30.1 real, 269.2 MB
(w = 10) Value Cyclicantibandwidth: 10
Lables: [140, 91, 124, 276, 165, 290, 217, 183, 230, 293, 213, 252, 76, 232, 144, 96, 296, 101, 207, 150, 117, 298, 118, 255, 84, 32, 88, 261, 242, 294, 270, 154, 127, 92, 147, 240, 193, 204, 1, 112, 78, 38, 174, 267, 31, 168, 145, 214, 77, 152, 139, 182, 282, 26, 58, 192, 4, 66, 15, 237, 94, 253, 65, 180, 167, 24, 195, 275, 137, 3, 285, 70, 54, 136, 114, 238, 271, 216, 57, 34, 123, 227, 87, 130, 82, 119, 224, 287, 156, 6, 132, 20, 181, 73, 222, 280, 25, 39, 143, 264, 138, 231, 300, 129, 89, 22, 288, 221, 247, 259, 279, 177, 85, 208, 153, 106, 93, 176, 97, 284, 134, 80, 274, 19, 149, 122, 105, 249, 35, 79, 239, 63, 102, 64, 206, 121, 169, 48, 45, 99, 115, 246, 75, 272, 163, 291, 179, 110, 164, 289, 266, 197, 268, 47, 260, 95, 83, 161, 51, 86, 109, 10, 203, 2, 30, 219, 299, 62, 263, 21, 172, 190, 33, 245, 128, 67, 281, 81, 27, 223, 59, 158, 11, 170, 228, 257, 90, 220, 142, 188, 133, 226, 68, 46, 126, 199, 113, 8, 209, 28, 278, 69, 186, 100, 61, 160, 244, 74, 40, 212, 155, 120, 191, 23, 189, 229, 53, 236, 258, 141, 116, 146, 235, 202, 162, 256, 71, 175, 211, 185, 56, 233, 171, 269, 17, 49, 7, 29, 196, 103, 218, 12, 225, 265, 178, 201, 37, 295, 234, 277, 135, 41, 55, 159, 125, 104, 248, 297, 44, 151, 43, 250, 286, 251, 72, 16, 205, 283, 184, 13, 262, 9, 210, 108, 131, 254, 5, 98, 42, 173, 243, 52, 50, 107, 215, 36, 292, 166, 194, 241, 148, 198, 157, 200, 18, 60, 187, 14, 273, 111]
(w = 10) Correct Cyclicantibandwidth
Set parameter TimeLimit to value 1800
(w = 11) Value Cyclicantibandwidth: 11
Lables: [140, 85, 124, 276, 165, 290, 217, 183, 230, 293, 213, 252, 76, 232, 144, 96, 296, 101, 207, 150, 117, 298, 186, 255, 84, 32, 88, 261, 242, 294, 270, 154, 127, 92, 147, 240, 193, 204, 1, 112, 78, 38, 174, 267, 31, 168, 145, 214, 77, 152, 139, 182, 282, 26, 58, 192, 4, 66, 15, 237, 94, 253, 65, 180, 167, 24, 195, 275, 137, 3, 285, 70, 54, 136, 114, 238, 271, 216, 57, 34, 123, 227, 87, 130, 82, 119, 224, 287, 156, 6, 132, 20, 181, 73, 222, 280, 25, 39, 143, 264, 138, 231, 300, 129, 89, 22, 288, 221, 247, 259, 279, 177, 118, 208, 153, 106, 93, 176, 97, 284, 134, 80, 274, 19, 149, 122, 105, 249, 35, 79, 239, 63, 102, 64, 206, 121, 169, 48, 45, 99, 115, 246, 75, 272, 163, 291, 179, 110, 164, 289, 266, 197, 268, 47, 260, 95, 83, 161, 51, 86, 109, 10, 203, 2, 30, 219, 299, 62, 263, 21, 172, 190, 33, 245, 128, 67, 281, 81, 27, 223, 59, 158, 11, 170, 228, 257, 90, 220, 142, 188, 133, 226, 68, 46, 126, 199, 113, 8, 209, 28, 278, 69, 91, 61, 104, 160, 244, 74, 40, 212, 155, 120, 191, 23, 189, 229, 53, 236, 258, 141, 116, 146, 235, 202, 162, 256, 71, 175, 211, 185, 56, 233, 171, 269, 17, 49, 7, 29, 196, 103, 218, 12, 225, 265, 178, 201, 37, 295, 234, 277, 135, 41, 55, 159, 125, 273, 248, 297, 44, 151, 43, 100, 286, 251, 72, 16, 205, 250, 184, 13, 262, 9, 210, 108, 131, 254, 5, 98, 42, 173, 243, 52, 50, 107, 215, 36, 292, 166, 194, 241, 148, 198, 283, 200, 157, 60, 187, 18, 111, 14]
(w = 11) Correct Cyclicantibandwidth
Set parameter TimeLimit to value 1800
[runlim] sample:		40.0 time, 40.1 real, 266.1 MB
(w = 12) Value Cyclicantibandwidth: 12
Lables: [140, 69, 124, 276, 165, 290, 217, 183, 230, 293, 213, 252, 76, 232, 144, 96, 296, 101, 207, 150, 117, 298, 118, 255, 84, 32, 88, 261, 242, 294, 270, 154, 127, 92, 147, 240, 186, 204, 1, 112, 78, 38, 174, 267, 31, 168, 145, 214, 77, 152, 139, 182, 282, 26, 58, 192, 4, 66, 15, 237, 94, 253, 65, 180, 167, 24, 195, 275, 137, 3, 285, 70, 54, 136, 114, 238, 271, 216, 57, 34, 123, 227, 87, 130, 82, 119, 224, 287, 156, 6, 132, 20, 181, 73, 222, 280, 25, 39, 143, 264, 138, 231, 300, 129, 89, 22, 288, 221, 247, 259, 279, 177, 85, 208, 153, 106, 93, 176, 97, 284, 134, 80, 274, 19, 149, 122, 105, 249, 35, 79, 239, 63, 102, 64, 206, 121, 169, 48, 45, 99, 115, 246, 75, 272, 163, 291, 179, 110, 164, 289, 266, 197, 268, 47, 260, 95, 83, 161, 51, 86, 109, 10, 203, 2, 30, 219, 299, 62, 263, 21, 172, 190, 33, 245, 128, 67, 281, 81, 27, 223, 193, 158, 11, 170, 228, 257, 90, 220, 142, 188, 133, 226, 68, 46, 126, 199, 113, 8, 209, 28, 278, 59, 91, 61, 104, 160, 244, 74, 40, 212, 155, 120, 191, 23, 189, 229, 53, 236, 258, 141, 116, 146, 235, 202, 162, 256, 71, 175, 211, 185, 56, 233, 171, 269, 17, 49, 7, 29, 196, 103, 218, 12, 225, 265, 178, 201, 37, 295, 234, 277, 135, 41, 55, 159, 125, 273, 248, 297, 44, 151, 43, 100, 286, 251, 72, 16, 205, 250, 184, 13, 262, 9, 210, 108, 131, 254, 5, 98, 42, 173, 243, 52, 50, 107, 215, 36, 292, 166, 194, 241, 148, 198, 283, 200, 157, 60, 187, 18, 111, 14]
(w = 12) Correct Cyclicantibandwidth
Set parameter TimeLimit to value 1800
(w = 13) Value Cyclicantibandwidth: 13
Lables: [140, 69, 124, 276, 165, 290, 217, 183, 230, 293, 213, 252, 76, 232, 144, 96, 296, 101, 207, 150, 117, 298, 118, 255, 84, 32, 88, 261, 242, 294, 270, 154, 127, 92, 147, 240, 193, 206, 1, 112, 78, 38, 174, 267, 31, 168, 145, 214, 77, 152, 139, 182, 282, 204, 58, 192, 4, 66, 15, 237, 94, 253, 65, 180, 167, 24, 195, 275, 137, 3, 285, 70, 54, 136, 114, 238, 271, 216, 57, 34, 123, 227, 87, 130, 82, 119, 224, 287, 156, 6, 132, 20, 181, 73, 222, 280, 25, 39, 143, 264, 138, 231, 300, 129, 89, 22, 288, 221, 186, 259, 279, 177, 85, 208, 153, 106, 93, 176, 97, 284, 134, 80, 274, 19, 149, 122, 105, 249, 35, 79, 239, 63, 102, 64, 205, 121, 169, 48, 45, 99, 115, 246, 75, 272, 163, 291, 179, 110, 164, 289, 266, 197, 268, 47, 260, 95, 83, 161, 51, 86, 109, 10, 203, 2, 30, 219, 299, 62, 263, 21, 172, 190, 33, 245, 128, 67, 281, 81, 27, 223, 247, 158, 11, 170, 228, 257, 90, 220, 142, 188, 133, 226, 68, 46, 126, 199, 113, 8, 209, 28, 278, 59, 91, 61, 104, 160, 244, 74, 40, 212, 155, 120, 191, 23, 189, 229, 53, 236, 258, 141, 116, 146, 235, 202, 162, 256, 71, 175, 211, 185, 56, 233, 171, 269, 17, 49, 7, 29, 196, 103, 218, 12, 225, 265, 178, 201, 37, 295, 234, 277, 135, 41, 55, 159, 125, 273, 248, 297, 44, 151, 43, 100, 286, 251, 72, 16, 173, 250, 184, 13, 262, 9, 26, 108, 131, 254, 5, 98, 42, 166, 243, 52, 50, 107, 215, 36, 292, 200, 187, 241, 148, 194, 283, 111, 157, 60, 210, 18, 198, 14]
(w = 13) Correct Cyclicantibandwidth
Set parameter TimeLimit to value 1800
[runlim] sample:		50.0 time, 50.1 real, 272.8 MB
(w = 14) Value Cyclicantibandwidth: 14
Lables: [140, 65, 124, 276, 165, 290, 217, 183, 230, 293, 213, 252, 76, 232, 144, 96, 296, 101, 207, 150, 117, 298, 118, 255, 84, 32, 88, 261, 242, 294, 270, 154, 127, 92, 147, 240, 193, 152, 1, 112, 78, 38, 174, 267, 31, 168, 145, 214, 77, 167, 139, 182, 282, 204, 58, 192, 4, 66, 15, 237, 94, 253, 22, 180, 106, 24, 195, 275, 137, 3, 285, 70, 54, 136, 114, 238, 271, 216, 57, 34, 123, 227, 87, 130, 82, 119, 224, 287, 156, 6, 132, 20, 181, 73, 222, 280, 25, 39, 143, 264, 138, 231, 300, 129, 89, 186, 288, 221, 247, 171, 279, 177, 85, 208, 153, 206, 93, 176, 97, 284, 134, 80, 274, 19, 149, 122, 105, 249, 35, 79, 239, 63, 102, 64, 205, 121, 169, 48, 45, 99, 115, 246, 75, 272, 163, 291, 179, 110, 164, 289, 266, 197, 268, 47, 260, 95, 83, 161, 51, 86, 109, 10, 203, 2, 30, 219, 299, 62, 263, 21, 172, 190, 33, 245, 128, 67, 281, 81, 27, 223, 59, 158, 11, 170, 228, 257, 90, 220, 142, 188, 133, 226, 68, 46, 126, 199, 113, 8, 209, 28, 278, 69, 91, 61, 104, 160, 244, 74, 40, 212, 155, 120, 191, 23, 189, 229, 53, 236, 258, 141, 116, 146, 235, 202, 162, 256, 71, 175, 211, 185, 56, 233, 108, 269, 17, 49, 7, 29, 196, 103, 218, 12, 225, 265, 178, 201, 37, 295, 234, 277, 135, 41, 55, 159, 125, 273, 248, 297, 44, 151, 43, 100, 286, 251, 72, 16, 173, 250, 184, 13, 262, 9, 26, 98, 131, 254, 5, 283, 42, 166, 243, 52, 259, 107, 215, 50, 292, 200, 36, 241, 148, 194, 157, 111, 198, 60, 187, 18, 210, 14]
(w = 14) Correct Cyclicantibandwidth
Set parameter TimeLimit to value 1800
[runlim] sample:		60.1 time, 60.1 real, 287.4 MB
(w = 15) Value Cyclicantibandwidth: 15
Lables: [140, 25, 124, 276, 165, 290, 217, 183, 230, 293, 213, 252, 76, 232, 144, 96, 296, 101, 207, 150, 117, 298, 118, 255, 84, 32, 88, 261, 242, 294, 270, 154, 127, 92, 147, 240, 193, 121, 1, 112, 78, 38, 174, 267, 31, 168, 145, 214, 77, 152, 5, 182, 282, 204, 58, 192, 4, 66, 15, 237, 94, 253, 65, 180, 265, 24, 195, 275, 137, 3, 285, 70, 54, 136, 114, 238, 271, 216, 57, 34, 123, 227, 87, 130, 82, 119, 224, 287, 156, 6, 132, 20, 181, 73, 222, 280, 186, 39, 143, 264, 138, 231, 300, 129, 89, 22, 288, 221, 247, 171, 279, 177, 85, 208, 153, 106, 91, 176, 97, 284, 134, 80, 274, 19, 149, 122, 105, 249, 35, 79, 239, 63, 102, 64, 206, 103, 169, 48, 45, 99, 115, 246, 75, 272, 163, 291, 179, 110, 164, 289, 266, 197, 268, 47, 260, 95, 83, 161, 51, 86, 109, 10, 203, 2, 30, 219, 299, 62, 263, 21, 172, 190, 33, 245, 128, 67, 281, 81, 27, 223, 59, 158, 11, 170, 228, 257, 90, 220, 142, 188, 133, 226, 68, 46, 126, 199, 113, 8, 209, 93, 278, 69, 162, 100, 61, 160, 244, 74, 40, 212, 155, 120, 191, 23, 189, 229, 53, 236, 258, 141, 116, 146, 235, 202, 295, 256, 71, 175, 211, 185, 56, 233, 108, 269, 17, 49, 7, 29, 196, 167, 218, 12, 225, 241, 259, 201, 37, 55, 234, 277, 135, 41, 139, 159, 125, 104, 248, 297, 44, 151, 43, 250, 286, 178, 72, 16, 205, 283, 184, 13, 262, 9, 26, 98, 131, 254, 36, 292, 42, 173, 243, 52, 50, 28, 215, 251, 166, 200, 18, 273, 148, 194, 157, 111, 198, 60, 187, 14, 107, 210]
(w = 15) Correct Cyclicantibandwidth
Set parameter TimeLimit to value 1800
[runlim] sample:		70.1 time, 70.1 real, 347.1 MB
(w = 16) Value Cyclicantibandwidth: 16
Lables: [140, 27, 124, 276, 165, 290, 217, 183, 230, 293, 213, 252, 76, 232, 144, 96, 296, 101, 207, 150, 117, 298, 118, 255, 84, 32, 88, 261, 242, 294, 270, 154, 127, 92, 147, 240, 193, 121, 1, 112, 78, 38, 174, 267, 31, 168, 145, 214, 77, 152, 5, 182, 282, 204, 58, 192, 4, 66, 15, 237, 94, 253, 65, 180, 265, 24, 195, 275, 137, 3, 285, 70, 54, 136, 114, 238, 271, 216, 57, 34, 123, 227, 87, 130, 82, 119, 224, 287, 156, 6, 132, 20, 181, 73, 222, 280, 25, 197, 143, 264, 106, 231, 300, 129, 89, 22, 288, 221, 247, 171, 279, 177, 85, 208, 153, 186, 91, 176, 97, 284, 134, 80, 274, 19, 149, 122, 105, 249, 35, 79, 239, 63, 102, 64, 206, 103, 169, 48, 45, 99, 115, 246, 75, 272, 163, 291, 179, 110, 164, 289, 266, 51, 268, 47, 260, 95, 83, 161, 36, 86, 109, 10, 203, 2, 30, 219, 299, 62, 263, 21, 172, 190, 33, 245, 128, 67, 281, 81, 138, 223, 59, 158, 11, 170, 228, 257, 90, 220, 142, 188, 133, 226, 68, 46, 126, 199, 113, 8, 209, 93, 278, 69, 162, 100, 61, 160, 244, 74, 40, 212, 155, 120, 191, 23, 189, 229, 53, 236, 258, 141, 116, 146, 235, 202, 295, 256, 71, 175, 211, 185, 56, 233, 108, 269, 17, 49, 7, 29, 196, 167, 218, 12, 225, 39, 259, 201, 37, 55, 234, 277, 135, 41, 139, 159, 125, 104, 248, 297, 44, 151, 43, 250, 286, 178, 72, 16, 205, 283, 184, 13, 262, 9, 26, 98, 131, 254, 210, 292, 42, 173, 243, 52, 50, 28, 215, 251, 166, 200, 18, 241, 148, 194, 157, 111, 198, 60, 187, 14, 273, 107]
(w = 16) Correct Cyclicantibandwidth
Set parameter TimeLimit to value 1800
(w = 17) Value Cyclicantibandwidth: 17
Lables: [140, 70, 124, 276, 165, 290, 217, 183, 230, 293, 213, 252, 76, 232, 144, 96, 296, 101, 207, 150, 117, 298, 118, 255, 84, 32, 231, 261, 242, 294, 270, 154, 127, 92, 147, 240, 193, 121, 1, 112, 78, 38, 174, 267, 31, 168, 145, 214, 77, 152, 5, 182, 282, 204, 58, 192, 4, 66, 15, 237, 94, 253, 65, 180, 265, 24, 195, 275, 137, 3, 285, 99, 54, 136, 114, 238, 271, 216, 57, 34, 123, 227, 87, 130, 82, 119, 224, 287, 156, 6, 132, 20, 181, 73, 222, 88, 25, 197, 143, 264, 138, 280, 300, 129, 89, 22, 288, 221, 247, 171, 279, 177, 85, 208, 153, 106, 206, 176, 97, 284, 134, 80, 274, 19, 149, 122, 105, 249, 35, 79, 239, 63, 102, 64, 205, 103, 169, 48, 45, 186, 115, 246, 75, 272, 163, 291, 179, 110, 164, 289, 266, 51, 268, 47, 260, 95, 83, 161, 36, 86, 109, 10, 203, 2, 30, 219, 299, 62, 263, 21, 172, 190, 33, 245, 128, 67, 281, 81, 27, 223, 59, 158, 11, 170, 228, 257, 90, 220, 142, 188, 133, 226, 68, 46, 126, 199, 113, 8, 209, 93, 278, 69, 91, 61, 104, 160, 244, 74, 40, 212, 155, 120, 191, 23, 189, 229, 53, 236, 258, 141, 116, 146, 235, 202, 162, 256, 71, 175, 211, 185, 56, 233, 108, 269, 17, 49, 7, 29, 196, 167, 218, 12, 225, 39, 259, 201, 37, 295, 234, 277, 135, 41, 139, 159, 125, 273, 248, 297, 44, 151, 43, 100, 286, 178, 72, 16, 173, 250, 184, 13, 262, 9, 26, 98, 131, 254, 55, 283, 42, 166, 243, 52, 50, 28, 215, 251, 292, 200, 18, 241, 148, 194, 157, 111, 198, 60, 187, 14, 107, 210]
(w = 17) Correct Cyclicantibandwidth
Set parameter TimeLimit to value 1800
[runlim] sample:		80.1 time, 80.1 real, 367.3 MB
(w = 18) Value Cyclicantibandwidth: 18
Lables: [140, 69, 124, 276, 165, 290, 217, 183, 230, 293, 213, 252, 76, 232, 144, 96, 296, 101, 207, 150, 117, 298, 118, 255, 84, 32, 88, 261, 242, 294, 270, 154, 127, 92, 147, 240, 193, 121, 1, 112, 78, 38, 174, 267, 31, 168, 145, 214, 77, 152, 5, 182, 282, 204, 58, 192, 4, 66, 15, 237, 94, 253, 65, 180, 265, 24, 195, 275, 137, 3, 285, 70, 18, 136, 114, 238, 271, 216, 57, 34, 123, 227, 87, 130, 82, 119, 224, 287, 156, 6, 132, 20, 181, 73, 222, 280, 25, 197, 143, 264, 138, 231, 300, 129, 89, 22, 288, 221, 247, 171, 279, 177, 85, 208, 153, 106, 206, 176, 97, 284, 134, 80, 274, 19, 149, 122, 9, 249, 35, 79, 239, 63, 102, 64, 205, 103, 169, 48, 45, 99, 60, 246, 75, 272, 163, 291, 179, 110, 164, 289, 266, 51, 268, 47, 260, 95, 54, 161, 36, 86, 109, 10, 203, 2, 30, 219, 299, 83, 263, 21, 172, 190, 33, 62, 128, 67, 281, 81, 27, 223, 186, 158, 11, 170, 228, 257, 90, 220, 142, 188, 133, 226, 68, 46, 126, 199, 113, 8, 209, 93, 278, 59, 91, 61, 104, 160, 244, 74, 40, 212, 155, 120, 191, 23, 189, 229, 53, 236, 258, 141, 116, 146, 235, 202, 162, 256, 71, 175, 211, 185, 56, 233, 108, 269, 17, 49, 7, 29, 196, 167, 218, 12, 225, 115, 259, 201, 37, 295, 234, 277, 135, 41, 139, 159, 125, 273, 248, 297, 44, 151, 43, 100, 286, 178, 148, 16, 173, 250, 184, 13, 245, 105, 26, 98, 131, 254, 55, 283, 42, 166, 243, 39, 50, 28, 215, 251, 292, 200, 72, 52, 241, 194, 157, 111, 198, 262, 187, 14, 107, 210]
(w = 18) Correct Cyclicantibandwidth
Set parameter TimeLimit to value 1800
[runlim] sample:		90.1 time, 90.1 real, 368.1 MB
(w = 19) Value Cyclicantibandwidth: 19
Lables: [140, 9, 124, 276, 165, 290, 217, 183, 230, 293, 213, 252, 76, 232, 144, 96, 296, 101, 207, 150, 117, 298, 118, 255, 84, 32, 88, 261, 242, 294, 270, 154, 127, 92, 147, 240, 193, 121, 1, 112, 78, 38, 174, 267, 31, 168, 145, 214, 77, 152, 5, 182, 282, 204, 58, 192, 4, 66, 15, 237, 94, 253, 65, 180, 265, 24, 195, 275, 137, 186, 285, 70, 18, 136, 114, 238, 271, 216, 57, 34, 123, 227, 87, 130, 82, 119, 224, 287, 156, 6, 132, 20, 181, 73, 222, 280, 25, 197, 143, 264, 138, 231, 300, 129, 89, 22, 288, 221, 247, 171, 279, 177, 85, 208, 153, 106, 206, 176, 97, 284, 134, 80, 274, 19, 149, 122, 51, 249, 35, 79, 239, 63, 102, 64, 205, 103, 169, 48, 45, 99, 60, 246, 75, 272, 163, 291, 179, 110, 164, 289, 266, 98, 268, 47, 260, 95, 54, 161, 36, 86, 109, 10, 203, 2, 30, 219, 299, 83, 263, 21, 172, 3, 33, 62, 128, 67, 281, 81, 27, 223, 59, 158, 11, 170, 228, 257, 90, 220, 142, 188, 133, 226, 68, 46, 126, 199, 113, 8, 209, 93, 278, 69, 91, 61, 104, 160, 244, 74, 40, 212, 155, 120, 191, 23, 189, 229, 53, 236, 258, 141, 116, 146, 235, 202, 162, 256, 71, 175, 211, 185, 56, 233, 108, 269, 17, 49, 7, 29, 196, 167, 218, 12, 225, 115, 259, 201, 37, 295, 234, 277, 135, 41, 139, 159, 125, 273, 248, 297, 44, 151, 43, 100, 286, 178, 148, 16, 173, 250, 184, 13, 245, 39, 210, 292, 131, 254, 55, 283, 42, 166, 243, 190, 50, 28, 215, 251, 111, 200, 72, 52, 241, 105, 157, 187, 14, 198, 26, 194, 107, 262]
(w = 19) Correct Cyclicantibandwidth
Set parameter TimeLimit to value 1800
[runlim] sample:		100.1 time, 100.1 real, 320.6 MB
(w = 20) Value Cyclicantibandwidth: 20
Lables: [140, 69, 124, 276, 165, 290, 217, 183, 230, 123, 213, 252, 76, 232, 144, 96, 296, 101, 207, 150, 117, 298, 118, 255, 293, 32, 88, 186, 242, 294, 84, 154, 127, 92, 147, 240, 193, 121, 1, 112, 78, 38, 174, 267, 31, 168, 145, 214, 77, 152, 5, 182, 282, 204, 58, 192, 4, 66, 15, 237, 94, 253, 65, 180, 265, 24, 195, 275, 137, 3, 59, 227, 54, 136, 114, 238, 271, 216, 57, 34, 164, 67, 87, 130, 82, 119, 224, 287, 156, 6, 132, 20, 181, 73, 222, 280, 25, 197, 143, 264, 138, 231, 300, 129, 89, 22, 288, 221, 247, 171, 279, 177, 85, 208, 153, 106, 70, 176, 97, 284, 134, 80, 274, 19, 149, 122, 51, 249, 35, 79, 239, 63, 102, 64, 206, 103, 169, 48, 45, 99, 60, 246, 75, 272, 163, 291, 179, 110, 261, 289, 266, 98, 268, 47, 260, 95, 83, 161, 36, 86, 109, 10, 203, 2, 30, 219, 299, 62, 263, 21, 172, 245, 33, 146, 128, 258, 281, 81, 27, 223, 248, 158, 11, 170, 228, 257, 90, 220, 142, 188, 133, 226, 68, 190, 126, 199, 113, 8, 209, 93, 278, 270, 91, 61, 104, 160, 244, 74, 40, 212, 155, 120, 191, 23, 189, 229, 53, 236, 269, 141, 116, 194, 235, 202, 162, 256, 71, 175, 211, 185, 56, 233, 108, 49, 17, 178, 7, 29, 196, 167, 46, 210, 14, 115, 259, 201, 37, 295, 234, 277, 135, 41, 139, 159, 125, 273, 198, 297, 44, 151, 43, 100, 286, 251, 12, 254, 218, 250, 184, 13, 262, 225, 26, 292, 131, 187, 55, 283, 42, 173, 243, 39, 50, 28, 215, 285, 166, 200, 72, 52, 205, 105, 16, 111, 241, 18, 148, 107, 157, 9]
(w = 20) Correct Cyclicantibandwidth
Set parameter TimeLimit to value 1800
[runlim] sample:		110.1 time, 110.1 real, 329.8 MB
(w = 21) Value Cyclicantibandwidth: 21
Lables: [140, 87, 124, 276, 165, 290, 217, 183, 230, 293, 213, 252, 76, 232, 144, 96, 296, 101, 207, 150, 117, 298, 118, 255, 84, 32, 88, 261, 125, 294, 270, 154, 127, 92, 147, 240, 193, 121, 1, 112, 78, 38, 174, 267, 31, 168, 145, 214, 77, 152, 5, 182, 282, 204, 58, 192, 242, 66, 15, 237, 94, 253, 65, 180, 265, 24, 195, 275, 137, 3, 59, 227, 54, 136, 114, 238, 271, 216, 57, 34, 123, 67, 186, 130, 82, 119, 224, 287, 156, 6, 132, 20, 181, 73, 222, 280, 25, 197, 143, 264, 138, 231, 300, 129, 89, 22, 288, 221, 247, 171, 279, 177, 85, 208, 153, 106, 70, 176, 97, 284, 134, 80, 274, 19, 149, 122, 51, 249, 35, 79, 239, 63, 102, 64, 206, 103, 169, 48, 45, 99, 60, 246, 75, 272, 163, 291, 179, 110, 139, 289, 164, 98, 268, 47, 260, 95, 83, 161, 36, 86, 109, 10, 203, 2, 30, 219, 299, 62, 263, 21, 172, 245, 33, 146, 128, 258, 281, 81, 27, 223, 248, 158, 11, 170, 228, 257, 90, 220, 142, 188, 133, 226, 68, 190, 126, 199, 113, 8, 209, 93, 278, 69, 91, 61, 104, 160, 244, 74, 40, 212, 155, 120, 191, 23, 189, 229, 4, 236, 269, 141, 116, 194, 235, 202, 162, 256, 71, 175, 211, 185, 56, 233, 108, 49, 17, 178, 7, 29, 196, 167, 46, 210, 14, 115, 259, 201, 37, 295, 234, 277, 135, 41, 266, 159, 297, 273, 198, 173, 44, 151, 43, 100, 286, 251, 12, 254, 218, 250, 184, 13, 262, 225, 26, 292, 131, 187, 55, 283, 42, 166, 243, 39, 50, 28, 215, 285, 111, 53, 200, 52, 205, 72, 16, 157, 241, 18, 105, 148, 107, 9]
(w = 21) Correct Cyclicantibandwidth
Set parameter TimeLimit to value 1800
[runlim] sample:		120.2 time, 120.1 real, 330.1 MB
(w = 22) Value Cyclicantibandwidth: 22
Lables: [140, 85, 124, 276, 165, 290, 217, 183, 230, 293, 213, 252, 76, 232, 144, 96, 296, 101, 207, 150, 117, 298, 186, 255, 84, 32, 88, 261, 125, 294, 270, 154, 127, 92, 147, 240, 193, 121, 1, 112, 78, 38, 174, 267, 31, 168, 145, 214, 77, 152, 5, 182, 282, 204, 58, 192, 242, 66, 15, 237, 94, 253, 65, 180, 265, 24, 195, 275, 137, 3, 59, 227, 54, 136, 114, 238, 271, 216, 57, 34, 123, 67, 13, 130, 82, 119, 224, 287, 156, 6, 132, 20, 181, 73, 222, 280, 25, 197, 143, 264, 138, 231, 300, 129, 89, 22, 288, 221, 247, 171, 279, 177, 118, 208, 153, 106, 70, 176, 97, 284, 134, 80, 274, 19, 149, 122, 51, 249, 35, 79, 239, 63, 102, 64, 206, 103, 169, 48, 45, 99, 60, 246, 75, 272, 163, 291, 179, 110, 164, 289, 266, 98, 268, 47, 260, 95, 83, 161, 36, 86, 109, 10, 203, 2, 30, 219, 299, 62, 263, 21, 172, 245, 33, 146, 128, 258, 281, 81, 27, 223, 248, 158, 11, 170, 228, 257, 90, 220, 142, 188, 133, 226, 68, 190, 126, 199, 113, 8, 209, 93, 278, 69, 91, 61, 104, 160, 244, 74, 40, 212, 155, 120, 191, 23, 189, 229, 4, 236, 269, 141, 116, 194, 235, 202, 162, 256, 71, 175, 211, 185, 56, 233, 108, 49, 17, 178, 7, 29, 196, 167, 46, 210, 14, 115, 259, 201, 37, 295, 234, 277, 135, 41, 139, 254, 297, 273, 198, 173, 44, 151, 43, 100, 286, 251, 12, 39, 218, 250, 184, 262, 16, 225, 26, 87, 131, 187, 55, 283, 42, 166, 243, 52, 50, 28, 215, 285, 111, 53, 200, 241, 205, 72, 148, 292, 157, 18, 105, 159, 107, 9]
(w = 22) Correct Cyclicantibandwidth
Set parameter TimeLimit to value 1800
[runlim] sample:		130.2 time, 130.1 real, 341.0 MB
(w = 23) Value Cyclicantibandwidth: 23
Lables: [140, 50, 124, 276, 165, 290, 217, 183, 230, 293, 213, 252, 76, 232, 144, 96, 296, 101, 207, 150, 117, 298, 118, 255, 84, 32, 88, 261, 125, 294, 270, 154, 127, 92, 147, 240, 193, 121, 1, 112, 78, 136, 174, 205, 31, 168, 145, 214, 77, 152, 5, 182, 282, 204, 58, 192, 242, 66, 15, 237, 94, 253, 65, 180, 265, 24, 195, 275, 137, 3, 59, 227, 54, 186, 114, 238, 271, 216, 57, 34, 123, 67, 13, 130, 82, 119, 224, 287, 156, 6, 132, 20, 181, 73, 222, 280, 25, 197, 143, 264, 138, 231, 300, 129, 89, 22, 288, 221, 247, 171, 279, 177, 85, 208, 153, 106, 70, 176, 97, 284, 134, 80, 274, 19, 149, 122, 51, 249, 35, 79, 239, 63, 102, 64, 206, 103, 169, 48, 45, 99, 60, 246, 75, 272, 163, 291, 179, 110, 164, 289, 266, 98, 268, 47, 260, 95, 83, 161, 36, 86, 109, 10, 203, 2, 30, 219, 299, 62, 263, 21, 172, 245, 33, 146, 128, 258, 281, 81, 27, 223, 248, 158, 11, 170, 228, 257, 90, 220, 142, 188, 133, 226, 68, 190, 126, 199, 113, 8, 209, 93, 278, 225, 91, 61, 104, 160, 244, 74, 40, 212, 155, 120, 191, 23, 189, 229, 4, 236, 269, 141, 116, 194, 235, 202, 162, 256, 71, 175, 211, 185, 56, 233, 108, 49, 17, 178, 7, 29, 196, 167, 46, 210, 14, 115, 259, 201, 37, 295, 234, 277, 135, 41, 139, 254, 297, 273, 198, 173, 44, 151, 43, 100, 286, 251, 12, 39, 218, 250, 184, 262, 16, 267, 26, 87, 131, 187, 55, 283, 42, 166, 243, 52, 69, 28, 215, 285, 111, 53, 200, 241, 38, 72, 148, 292, 157, 18, 105, 159, 107, 9]
(w = 23) Correct Cyclicantibandwidth
Set parameter TimeLimit to value 1800
[runlim] sample:		140.2 time, 140.1 real, 351.4 MB
(w = 24) Value Cyclicantibandwidth: 24
Lables: [140, 58, 124, 276, 165, 290, 217, 183, 230, 293, 213, 252, 76, 232, 144, 96, 296, 101, 207, 150, 117, 298, 118, 255, 84, 32, 88, 261, 125, 294, 270, 154, 127, 92, 147, 240, 193, 121, 1, 112, 78, 38, 174, 267, 31, 168, 289, 214, 77, 152, 5, 182, 282, 204, 245, 192, 242, 66, 15, 237, 94, 253, 65, 180, 265, 24, 195, 275, 137, 3, 59, 227, 54, 136, 110, 238, 271, 216, 57, 186, 123, 67, 13, 130, 82, 119, 224, 287, 156, 6, 132, 20, 181, 73, 222, 280, 25, 197, 143, 264, 138, 231, 300, 129, 89, 22, 288, 221, 247, 171, 279, 177, 85, 208, 153, 106, 70, 176, 97, 284, 134, 80, 274, 19, 149, 122, 51, 249, 35, 79, 239, 63, 102, 64, 206, 103, 169, 48, 45, 99, 60, 246, 75, 272, 163, 291, 179, 108, 164, 34, 266, 98, 268, 47, 260, 95, 83, 161, 36, 86, 262, 10, 203, 2, 30, 219, 299, 62, 263, 21, 172, 281, 33, 146, 128, 258, 145, 81, 27, 223, 248, 158, 11, 170, 228, 257, 90, 220, 142, 188, 133, 226, 68, 190, 126, 199, 113, 8, 209, 93, 278, 69, 162, 100, 61, 160, 244, 74, 40, 212, 155, 120, 191, 23, 189, 229, 4, 236, 269, 91, 116, 194, 235, 202, 295, 256, 71, 175, 211, 185, 56, 233, 167, 49, 17, 178, 7, 29, 196, 141, 46, 210, 14, 115, 259, 201, 37, 87, 234, 277, 135, 41, 139, 254, 297, 104, 198, 173, 44, 151, 43, 250, 286, 251, 114, 16, 218, 12, 184, 109, 285, 225, 26, 159, 131, 187, 55, 283, 42, 166, 243, 39, 50, 9, 215, 18, 292, 53, 200, 52, 205, 72, 28, 111, 241, 273, 105, 148, 107, 157]
(w = 24) Correct Cyclicantibandwidth
Set parameter TimeLimit to value 1800
[runlim] sample:		150.2 time, 150.1 real, 375.3 MB
[runlim] end:			Tue Nov  4 06:32:59 2025
[runlim] status:		out of time
[runlim] result:		2
[runlim] children:		0
[runlim] real:			150.12 seconds
[runlim] time:			150.19 seconds
[runlim] space:			420.0 MB
[runlim] samples:		1500
