[runlim] version:		1.10
[runlim] time limit:		311040000 seconds
[runlim] real time limit:	150 seconds
[runlim] space limit:		30000 MB
[runlim] argv[0]:		python3
[runlim] argv[1]:		model.py
[runlim] argv[2]:		./graph/caterpillar/caterpillar_15_4.txt
[runlim] start:			Tue Nov  4 05:51:59 2025
[runlim] main pid:		58487
[runlim] log captured:
Set parameter WLSAccessID
Set parameter WLSSecret
Set parameter LicenseID to value 2663665
Academic license 2663665 - for non-commercial use only - registered to tu___@vnu.edu.vn
Set parameter TimeLimit to value 1800
(w = 4) Value Cyclicantibandwidth: 4
Lables: [26, 5, 28, 16, 11, 2, 48, 30, 3, 24, 50, 59, 8, 56, 4, 22, 39, 33, 19, 35, 18, 14, 36, 45, 10, 58, 47, 6, 32, 21, 25, 17, 57, 29, 40, 34, 55, 23, 52, 9, 42, 31, 7, 41, 12, 46, 13, 51, 38, 27, 54, 20, 1, 44, 49, 43, 37, 53, 15, 60]
(w = 4) Correct Cyclicantibandwidth
Set parameter TimeLimit to value 1800
(w = 5) Value Cyclicantibandwidth: 5
Lables: [46, 5, 28, 16, 11, 2, 48, 30, 3, 24, 36, 59, 8, 26, 4, 56, 39, 33, 19, 35, 18, 50, 31, 55, 10, 27, 47, 6, 32, 21, 25, 58, 43, 29, 40, 34, 1, 23, 52, 9, 42, 13, 7, 41, 12, 45, 15, 51, 38, 60, 54, 20, 57, 44, 49, 37, 17, 53, 22, 14]
(w = 5) Correct Cyclicantibandwidth
Set parameter TimeLimit to value 1800
(w = 6) Value Cyclicantibandwidth: 6
Lables: [26, 5, 28, 16, 25, 2, 48, 30, 3, 24, 36, 59, 8, 56, 4, 18, 39, 33, 19, 35, 7, 50, 31, 17, 10, 27, 47, 6, 32, 21, 45, 58, 43, 29, 40, 34, 11, 23, 52, 9, 42, 13, 37, 22, 41, 46, 15, 51, 12, 60, 54, 20, 57, 44, 49, 38, 55, 53, 1, 14]
(w = 6) Correct Cyclicantibandwidth
Set parameter TimeLimit to value 1800
(w = 7) Value Cyclicantibandwidth: 7
Lables: [26, 5, 28, 40, 50, 2, 48, 30, 3, 24, 36, 59, 8, 56, 4, 18, 39, 16, 19, 35, 7, 53, 31, 45, 10, 27, 47, 6, 32, 21, 25, 58, 43, 29, 54, 34, 55, 23, 52, 33, 42, 13, 37, 22, 41, 46, 15, 51, 12, 60, 9, 20, 57, 11, 49, 38, 17, 44, 1, 14]
(w = 7) Correct Cyclicantibandwidth
Set parameter TimeLimit to value 1800
(w = 8) Value Cyclicantibandwidth: 8
Lables: [47, 5, 28, 16, 50, 2, 48, 30, 3, 24, 36, 59, 8, 56, 4, 18, 39, 13, 19, 35, 23, 53, 31, 45, 25, 58, 7, 6, 32, 21, 26, 17, 57, 29, 40, 22, 55, 38, 27, 51, 11, 44, 33, 12, 41, 46, 10, 42, 9, 60, 43, 20, 1, 49, 34, 54, 15, 52, 14, 37]
(w = 8) Correct Cyclicantibandwidth
Set parameter TimeLimit to value 1800
(w = 9) Value Cyclicantibandwidth: 9
Lables: [26, 5, 28, 16, 50, 2, 48, 30, 3, 24, 9, 59, 8, 22, 4, 17, 39, 13, 19, 35, 7, 53, 31, 45, 33, 58, 47, 6, 32, 21, 25, 36, 57, 29, 40, 23, 55, 38, 27, 51, 11, 44, 56, 12, 41, 46, 10, 42, 18, 60, 43, 20, 1, 49, 34, 54, 15, 52, 14, 37]
(w = 9) Correct Cyclicantibandwidth
Set parameter TimeLimit to value 1800
(w = 10) Value Cyclicantibandwidth: 10
Lables: [35, 5, 28, 16, 50, 2, 48, 30, 3, 24, 36, 26, 8, 56, 42, 14, 39, 13, 19, 60, 18, 53, 31, 45, 33, 58, 47, 6, 32, 21, 25, 44, 57, 29, 40, 7, 55, 23, 52, 27, 11, 43, 37, 22, 41, 46, 10, 51, 9, 59, 49, 20, 1, 38, 17, 54, 15, 4, 34, 12]
(w = 10) Correct Cyclicantibandwidth
Set parameter TimeLimit to value 1800
(w = 11) Value Cyclicantibandwidth: 11
Lables: [26, 5, 28, 16, 50, 2, 48, 30, 3, 24, 11, 46, 20, 8, 42, 14, 39, 13, 19, 32, 18, 53, 31, 45, 33, 58, 47, 6, 52, 21, 25, 38, 57, 29, 40, 7, 55, 12, 23, 27, 59, 43, 56, 22, 41, 44, 10, 51, 9, 35, 54, 60, 49, 36, 37, 4, 15, 1, 17, 34]
(w = 11) Correct Cyclicantibandwidth
Set parameter TimeLimit to value 1800
(w = 12) Value Cyclicantibandwidth: 12
Lables: [26, 5, 28, 16, 50, 2, 48, 30, 3, 24, 36, 59, 20, 8, 42, 58, 39, 13, 47, 35, 18, 53, 12, 45, 33, 11, 32, 6, 49, 21, 25, 44, 57, 19, 40, 7, 55, 23, 52, 27, 14, 43, 56, 22, 41, 1, 15, 51, 34, 60, 29, 38, 10, 46, 31, 54, 17, 4, 37, 9]
(w = 12) Correct Cyclicantibandwidth
Set parameter TimeLimit to value 1800
(w = 13) Value Cyclicantibandwidth: 13
Lables: [26, 5, 31, 16, 50, 12, 53, 30, 3, 24, 42, 59, 23, 8, 25, 2, 39, 13, 19, 35, 18, 49, 9, 45, 33, 17, 46, 6, 32, 58, 28, 44, 57, 15, 54, 20, 55, 10, 43, 47, 11, 40, 41, 22, 56, 1, 34, 51, 38, 60, 21, 48, 14, 27, 29, 7, 37, 4, 36, 52]
(w = 13) Correct Cyclicantibandwidth
Set parameter TimeLimit to value 1800
(w = 14) Value Cyclicantibandwidth: 14
Lables: [26, 5, 20, 35, 50, 9, 48, 30, 3, 24, 58, 32, 8, 41, 4, 2, 22, 39, 19, 33, 51, 53, 36, 1, 59, 27, 56, 6, 49, 21, 25, 45, 23, 29, 10, 34, 55, 37, 18, 47, 11, 31, 7, 40, 17, 16, 52, 15, 60, 14, 57, 44, 13, 46, 12, 38, 54, 43, 28, 42]
(w = 14) Correct Cyclicantibandwidth
Set parameter TimeLimit to value 1800
(w = 15) Value Cyclicantibandwidth: 15
Lables: [44, 3, 28, 12, 50, 9, 48, 30, 8, 24, 58, 32, 6, 41, 4, 2, 22, 39, 19, 35, 59, 53, 18, 57, 33, 54, 13, 10, 36, 21, 26, 42, 16, 27, 49, 34, 55, 37, 52, 47, 11, 31, 7, 40, 17, 20, 46, 15, 60, 29, 14, 23, 45, 5, 56, 38, 1, 43, 25, 51]
(w = 15) Correct Cyclicantibandwidth
Set parameter TimeLimit to value 1800
(w = 16) Value Cyclicantibandwidth: 16
Lables: [26, 9, 28, 7, 50, 6, 48, 30, 10, 42, 5, 32, 8, 41, 4, 2, 22, 45, 38, 20, 56, 53, 19, 1, 35, 54, 37, 24, 49, 21, 27, 44, 25, 29, 12, 51, 55, 34, 16, 47, 11, 31, 18, 40, 57, 43, 15, 58, 60, 17, 33, 46, 3, 23, 14, 52, 13, 36, 59, 39]
(w = 16) Correct Cyclicantibandwidth
Set parameter TimeLimit to value 1800
(w = 17) Value Cyclicantibandwidth: 17
Lables: [27, 5, 35, 12, 47, 9, 49, 30, 54, 24, 58, 32, 8, 41, 4, 3, 22, 2, 38, 20, 39, 56, 26, 44, 37, 55, 13, 25, 53, 21, 28, 51, 23, 29, 10, 34, 48, 16, 52, 31, 11, 50, 7, 40, 17, 33, 59, 42, 60, 18, 57, 45, 6, 46, 14, 43, 15, 36, 1, 19]
(w = 17) Correct Cyclicantibandwidth
Set parameter TimeLimit to value 1800
(w = 18) Value Cyclicantibandwidth: 18
Lables: [26, 7, 33, 59, 31, 12, 47, 6, 39, 17, 56, 28, 3, 45, 22, 53, 20, 1, 48, 18, 37, 54, 24, 42, 19, 49, 14, 13, 55, 16, 34, 15, 35, 29, 10, 52, 46, 5, 30, 58, 40, 11, 41, 21, 44, 38, 60, 23, 9, 27, 51, 43, 2, 25, 8, 36, 57, 4, 32, 50]
(w = 18) Correct Cyclicantibandwidth
Set parameter TimeLimit to value 1800
(w = 19) Value Cyclicantibandwidth: 19
Lables: [26, 2, 28, 7, 34, 3, 32, 4, 44, 24, 58, 27, 8, 36, 60, 45, 22, 57, 38, 17, 56, 50, 19, 48, 35, 54, 20, 14, 40, 1, 29, 53, 23, 10, 31, 5, 37, 16, 52, 9, 30, 11, 47, 21, 55, 33, 59, 39, 51, 18, 43, 42, 12, 46, 13, 49, 15, 41, 6, 25]
(w = 19) Correct Cyclicantibandwidth
Set parameter TimeLimit to value 1800
(w = 20) Value Cyclicantibandwidth: 20
Lables: [9, 30, 10, 33, 1, 21, 41, 2, 22, 42, 3, 23, 43, 4, 24, 34, 5, 39, 8, 35, 55, 36, 6, 29, 7, 27, 48, 25, 45, 17, 44, 11, 50, 12, 32, 52, 26, 46, 16, 47, 13, 53, 14, 37, 59, 28, 51, 19, 54, 20, 58, 18, 38, 60, 40, 15, 49, 57, 31, 56]
(w = 20) Correct Cyclicantibandwidth
Set parameter TimeLimit to value 1800
(w = 21) Value Cyclicantibandwidth: 21
Lables: [8, 30, 9, 33, 1, 22, 43, 4, 25, 2, 23, 44, 5, 26, 3, 34, 6, 41, 7, 35, 56, 36, 10, 31, 11, 32, 57, 24, 45, 21, 46, 12, 51, 13, 37, 58, 27, 48, 16, 47, 14, 52, 28, 49, 17, 50, 29, 55, 15, 39, 60, 38, 59, 20, 53, 19, 54, 40, 18, 42]
(w = 21) Correct Cyclicantibandwidth
Set parameter TimeLimit to value 1800
(w = 22) Value Cyclicantibandwidth: 22
Lables: [6, 30, 8, 33, 1, 23, 45, 7, 29, 2, 24, 46, 9, 31, 3, 34, 4, 27, 5, 35, 58, 36, 10, 44, 11, 37, 59, 25, 47, 15, 48, 12, 40, 13, 38, 60, 32, 54, 28, 51, 14, 50, 26, 49, 18, 53, 22, 52, 19, 43, 17, 42, 20, 56, 57, 21, 55, 39, 16, 41]
(w = 22) Correct Cyclicantibandwidth
Set parameter TimeLimit to value 1800
(w = 23) Value Cyclicantibandwidth: 23
Lables: [6, 30, 7, 33, 1, 24, 47, 10, 34, 2, 25, 48, 11, 35, 3, 36, 4, 31, 5, 37, 60, 38, 8, 45, 9, 32, 56, 26, 49, 15, 50, 13, 41, 12, 39, 16, 40, 14, 42, 57, 20, 43, 27, 51, 17, 52, 18, 44, 22, 59, 23, 46, 21, 55, 58, 29, 54, 28, 53, 19]
(w = 23) Correct Cyclicantibandwidth
Set parameter TimeLimit to value 1800
(w = 24) Value Cyclicantibandwidth: 24
Lables: [48, 12, 44, 9, 43, 8, 40, 16, 51, 19, 54, 23, 50, 14, 39, 15, 45, 17, 41, 11, 37, 20, 56, 24, 35, 5, 30, 10, 36, 2, 34, 6, 32, 4, 33, 57, 47, 22, 49, 18, 52, 26, 53, 25, 1, 27, 58, 31, 59, 29, 60, 21, 46, 13, 42, 7, 38, 3, 28, 55]
(w = 24) Correct Cyclicantibandwidth
Set parameter TimeLimit to value 1800
[runlim] sample:		11.5 time, 10.5 real, 124.7 MB
(w = 25) Value Cyclicantibandwidth: 25
Lables: [40, 15, 48, 17, 51, 24, 49, 22, 50, 18, 45, 10, 35, 1, 26, 5, 31, 6, 47, 14, 43, 23, 57, 32, 52, 19, 44, 16, 41, 12, 59, 34, 3, 21, 56, 25, 53, 27, 58, 20, 54, 28, 46, 13, 39, 11, 38, 7, 36, 4, 37, 9, 42, 8, 30, 60, 33, 55, 29, 2]
(w = 25) Correct Cyclicantibandwidth
Set parameter TimeLimit to value 1800
(w = 26) Value Cyclicantibandwidth: 26
Lables: [60, 30, 4, 33, 1, 27, 53, 19, 45, 11, 37, 3, 29, 2, 36, 34, 6, 39, 59, 25, 51, 35, 8, 41, 7, 40, 14, 31, 58, 24, 55, 21, 54, 23, 49, 17, 47, 20, 48, 13, 46, 18, 43, 16, 50, 10, 44, 12, 32, 5, 38, 57, 26, 52, 28, 56, 22, 9, 42, 15]
(w = 26) Correct Cyclicantibandwidth
Set parameter TimeLimit to value 1800
(w = 27) Value Cyclicantibandwidth: 27
Lables: [56, 29, 2, 33, 60, 30, 58, 25, 52, 24, 51, 18, 45, 12, 40, 23, 50, 17, 57, 28, 1, 35, 8, 41, 6, 34, 7, 32, 4, 37, 3, 36, 5, 31, 59, 27, 53, 26, 55, 19, 49, 22, 54, 21, 48, 20, 47, 14, 46, 13, 43, 16, 44, 15, 39, 10, 42, 11, 38, 9]
(w = 27) Correct Cyclicantibandwidth
Set parameter TimeLimit to value 1800
[runlim] sample:		31.8 time, 20.5 real, 266.2 MB
(w = 28) Value Cyclicantibandwidth: 28
Lables: [54, 23, 53, 21, 49, 17, 45, 13, 41, 9, 37, 6, 38, 7, 35, 26, 58, 29, 55, 27, 59, 25, 57, 28, 52, 24, 56, 19, 51, 22, 48, 20, 50, 16, 47, 18, 43, 15, 46, 12, 44, 14, 40, 10, 42, 5, 33, 1, 34, 2, 30, 8, 39, 11, 36, 4, 32, 3, 31, 60]
(w = 28) Correct Cyclicantibandwidth
Set parameter TimeLimit to value 1800
[runlim] sample:		50.9 time, 30.5 real, 312.3 MB
[runlim] sample:		78.8 time, 40.5 real, 346.3 MB
[runlim] sample:		108.8 time, 50.5 real, 354.6 MB
(w = 29) Not found solution with CAB = 29.
Final result: CAB = 28, Labels = [54, 23, 53, 21, 49, 17, 45, 13, 41, 9, 37, 6, 38, 7, 35, 26, 58, 29, 55, 27, 59, 25, 57, 28, 52, 24, 56, 19, 51, 22, 48, 20, 50, 16, 47, 18, 43, 15, 46, 12, 44, 14, 40, 10, 42, 5, 33, 1, 34, 2, 30, 8, 39, 11, 36, 4, 32, 3, 31, 60]
Real time: 59.75844979286194 seconds
[runlim] end:			Tue Nov  4 05:52:59 2025
[runlim] status:		ok
[runlim] result:		0
[runlim] children:		0
[runlim] real:			60.33 seconds
[runlim] time:			135.29 seconds
[runlim] space:			357.7 MB
[runlim] samples:		598
