[runlim] version:		1.10
[runlim] time limit:		311040000 seconds
[runlim] real time limit:	150 seconds
[runlim] space limit:		30000 MB
[runlim] argv[0]:		python3
[runlim] argv[1]:		model.py
[runlim] argv[2]:		./graph/caterpillar/caterpillar_20_15.txt
[runlim] start:			Tue Nov  4 06:12:59 2025
[runlim] main pid:		58915
[runlim] log captured:
Set parameter WLSAccessID
Set parameter WLSSecret
Set parameter LicenseID to value 2663665
Academic license 2663665 - for non-commercial use only - registered to tu___@vnu.edu.vn
Set parameter TimeLimit to value 1800
(w = 4) Value Cyclicantibandwidth: 4
Lables: [140, 9, 124, 276, 165, 290, 217, 183, 230, 293, 213, 252, 76, 232, 144, 96, 296, 101, 207, 150, 117, 298, 118, 255, 84, 32, 88, 261, 242, 294, 270, 154, 127, 92, 147, 240, 193, 204, 1, 180, 78, 38, 174, 267, 31, 168, 164, 214, 77, 152, 139, 182, 282, 26, 58, 192, 4, 66, 15, 11, 236, 253, 65, 299, 167, 145, 195, 275, 137, 3, 285, 70, 54, 136, 114, 238, 271, 216, 57, 34, 123, 227, 87, 130, 82, 119, 224, 287, 156, 6, 132, 20, 181, 73, 222, 280, 25, 39, 143, 264, 138, 231, 300, 129, 89, 22, 288, 221, 247, 259, 279, 177, 85, 208, 153, 106, 93, 176, 97, 284, 134, 80, 274, 19, 149, 122, 105, 249, 35, 79, 239, 63, 102, 64, 206, 121, 169, 186, 45, 99, 115, 246, 75, 272, 163, 291, 179, 110, 251, 289, 266, 197, 268, 47, 260, 95, 83, 161, 51, 86, 109, 10, 203, 2, 30, 219, 29, 62, 263, 21, 172, 190, 33, 245, 128, 67, 281, 81, 27, 223, 59, 158, 258, 170, 228, 257, 90, 220, 142, 188, 133, 226, 68, 46, 126, 199, 113, 8, 209, 48, 278, 69, 91, 100, 61, 160, 244, 74, 40, 55, 155, 120, 191, 23, 189, 229, 53, 194, 269, 141, 116, 146, 237, 202, 162, 256, 71, 175, 111, 185, 56, 233, 171, 49, 17, 178, 7, 148, 196, 94, 218, 210, 14, 265, 211, 201, 37, 295, 234, 277, 135, 41, 103, 159, 125, 36, 248, 297, 44, 151, 43, 250, 286, 24, 104, 16, 205, 112, 184, 13, 262, 225, 241, 108, 131, 254, 5, 98, 42, 173, 243, 52, 187, 28, 215, 50, 292, 166, 12, 18, 60, 72, 283, 235, 157, 273, 200, 212, 107, 198]
(w = 4) Correct Cyclicantibandwidth
Set parameter TimeLimit to value 1800
(w = 5) Value Cyclicantibandwidth: 5
Lables: [140, 9, 124, 276, 165, 290, 217, 183, 230, 293, 213, 252, 76, 232, 144, 96, 296, 101, 207, 150, 117, 298, 118, 255, 84, 32, 88, 261, 242, 294, 270, 154, 127, 92, 147, 240, 193, 204, 1, 180, 78, 38, 174, 267, 31, 168, 15, 214, 77, 152, 139, 182, 282, 26, 58, 192, 4, 66, 186, 11, 236, 253, 65, 299, 167, 145, 195, 275, 137, 3, 285, 70, 54, 136, 114, 238, 271, 216, 57, 34, 123, 227, 87, 130, 82, 119, 224, 287, 156, 6, 132, 20, 181, 73, 222, 280, 25, 39, 143, 264, 138, 231, 300, 129, 89, 22, 288, 221, 247, 259, 279, 177, 85, 208, 153, 106, 93, 176, 97, 284, 134, 80, 274, 19, 149, 122, 105, 249, 35, 79, 239, 63, 102, 64, 206, 121, 169, 48, 131, 99, 115, 246, 75, 272, 163, 291, 179, 110, 251, 289, 266, 197, 268, 47, 260, 95, 83, 161, 51, 86, 109, 10, 203, 2, 30, 219, 29, 62, 263, 21, 172, 190, 33, 245, 128, 67, 281, 81, 27, 223, 59, 158, 258, 170, 228, 257, 90, 220, 142, 188, 133, 226, 68, 46, 126, 199, 113, 8, 209, 28, 278, 69, 91, 100, 61, 160, 244, 74, 40, 212, 155, 120, 191, 23, 189, 229, 53, 194, 269, 141, 116, 146, 237, 202, 162, 256, 71, 175, 111, 185, 56, 233, 171, 49, 17, 178, 7, 148, 196, 94, 218, 210, 14, 265, 211, 201, 37, 295, 234, 277, 135, 41, 55, 159, 125, 36, 248, 297, 44, 151, 43, 250, 286, 24, 104, 16, 205, 112, 45, 13, 262, 225, 241, 108, 283, 184, 5, 98, 42, 173, 243, 254, 50, 18, 215, 12, 292, 166, 72, 52, 60, 103, 235, 200, 157, 273, 187, 164, 107, 198]
(w = 5) Correct Cyclicantibandwidth
Set parameter TimeLimit to value 1800
[runlim] sample:		10.0 time, 10.1 real, 220.5 MB
(w = 6) Value Cyclicantibandwidth: 6
Lables: [140, 85, 124, 276, 165, 290, 217, 183, 230, 293, 213, 252, 76, 232, 144, 96, 296, 101, 207, 150, 117, 298, 186, 255, 84, 32, 88, 261, 242, 294, 270, 154, 127, 92, 147, 240, 193, 204, 1, 180, 78, 38, 174, 267, 31, 168, 145, 214, 77, 152, 139, 182, 282, 26, 58, 192, 4, 66, 15, 237, 94, 253, 65, 299, 167, 24, 195, 275, 137, 3, 285, 70, 54, 136, 114, 238, 271, 216, 57, 34, 123, 227, 87, 130, 82, 119, 224, 287, 156, 6, 132, 20, 181, 73, 222, 280, 25, 39, 143, 264, 138, 231, 300, 129, 89, 22, 288, 221, 247, 259, 279, 177, 118, 208, 153, 106, 93, 176, 97, 284, 134, 80, 274, 19, 149, 122, 105, 249, 35, 79, 239, 63, 102, 64, 206, 121, 169, 48, 131, 99, 115, 246, 75, 272, 163, 291, 179, 110, 164, 289, 266, 197, 268, 47, 260, 95, 83, 161, 51, 86, 109, 10, 203, 2, 30, 219, 29, 62, 263, 21, 172, 190, 33, 245, 128, 67, 281, 81, 27, 223, 59, 158, 11, 170, 228, 257, 90, 220, 142, 188, 133, 226, 68, 46, 126, 199, 113, 8, 209, 28, 278, 69, 91, 100, 61, 160, 244, 74, 40, 212, 155, 120, 191, 23, 189, 229, 53, 236, 258, 141, 116, 146, 235, 202, 162, 256, 71, 175, 111, 185, 56, 233, 171, 269, 17, 49, 7, 194, 166, 196, 218, 210, 14, 265, 178, 201, 37, 295, 234, 277, 135, 41, 55, 159, 125, 36, 248, 297, 44, 151, 43, 250, 286, 251, 104, 16, 205, 112, 45, 13, 262, 225, 241, 108, 211, 184, 5, 98, 42, 173, 243, 254, 50, 9, 215, 12, 292, 200, 72, 52, 148, 103, 283, 157, 198, 60, 187, 18, 273, 107]
(w = 6) Correct Cyclicantibandwidth
Set parameter TimeLimit to value 1800
(w = 7) Value Cyclicantibandwidth: 7
Lables: [140, 85, 124, 276, 165, 290, 217, 183, 230, 293, 213, 252, 76, 232, 144, 96, 296, 101, 207, 150, 117, 298, 186, 255, 84, 32, 88, 261, 242, 294, 270, 154, 127, 92, 147, 240, 193, 204, 1, 180, 78, 38, 174, 267, 31, 168, 145, 214, 77, 152, 139, 182, 282, 26, 58, 192, 4, 66, 15, 237, 94, 253, 65, 299, 167, 24, 195, 275, 137, 3, 285, 70, 54, 136, 114, 238, 271, 216, 57, 34, 123, 227, 87, 130, 82, 119, 224, 287, 156, 6, 132, 20, 181, 73, 222, 280, 25, 39, 143, 264, 138, 231, 300, 129, 89, 22, 288, 221, 247, 259, 279, 177, 118, 208, 153, 106, 93, 176, 97, 284, 134, 80, 274, 19, 149, 122, 105, 249, 35, 79, 239, 63, 102, 64, 206, 121, 169, 48, 131, 99, 115, 246, 75, 272, 163, 291, 179, 110, 164, 289, 266, 197, 268, 47, 260, 95, 83, 161, 51, 86, 109, 10, 203, 2, 30, 219, 29, 62, 263, 21, 172, 190, 33, 245, 128, 67, 281, 81, 27, 223, 59, 158, 11, 170, 228, 257, 90, 220, 142, 188, 133, 226, 68, 46, 126, 199, 113, 8, 209, 28, 278, 69, 91, 100, 61, 160, 244, 74, 40, 212, 155, 120, 191, 23, 189, 229, 53, 236, 258, 141, 116, 146, 235, 202, 162, 256, 71, 175, 111, 185, 56, 233, 171, 269, 17, 49, 7, 194, 166, 196, 218, 210, 14, 265, 178, 201, 37, 295, 234, 277, 135, 41, 55, 159, 125, 36, 248, 297, 44, 151, 43, 250, 286, 251, 104, 16, 205, 112, 45, 13, 262, 225, 241, 108, 211, 184, 5, 98, 42, 173, 243, 254, 50, 9, 215, 12, 292, 200, 72, 52, 148, 103, 283, 157, 198, 60, 187, 18, 273, 107]
(w = 7) Correct Cyclicantibandwidth
Set parameter TimeLimit to value 1800
[runlim] sample:		20.0 time, 20.1 real, 206.6 MB
(w = 8) Value Cyclicantibandwidth: 8
Lables: [140, 85, 124, 276, 165, 290, 217, 183, 230, 293, 213, 252, 76, 232, 144, 96, 296, 101, 207, 150, 117, 298, 186, 255, 84, 32, 88, 261, 242, 294, 270, 154, 127, 92, 147, 240, 193, 204, 1, 180, 78, 38, 174, 267, 31, 168, 145, 214, 77, 152, 139, 182, 282, 26, 58, 192, 4, 66, 15, 237, 94, 253, 65, 299, 167, 24, 195, 275, 137, 3, 285, 70, 54, 136, 114, 238, 271, 216, 57, 34, 123, 227, 87, 130, 82, 119, 224, 287, 156, 6, 132, 20, 181, 73, 222, 280, 25, 39, 143, 264, 138, 231, 300, 129, 89, 22, 288, 221, 247, 259, 279, 177, 118, 208, 153, 106, 93, 176, 97, 284, 134, 80, 274, 19, 149, 122, 105, 249, 35, 79, 239, 63, 102, 64, 206, 121, 169, 48, 131, 99, 115, 246, 75, 272, 163, 291, 179, 110, 164, 289, 266, 197, 268, 47, 260, 95, 83, 161, 51, 86, 109, 10, 203, 2, 30, 219, 29, 62, 263, 21, 172, 190, 33, 245, 128, 67, 281, 81, 27, 223, 59, 158, 11, 170, 228, 257, 90, 220, 142, 188, 133, 226, 68, 46, 126, 199, 113, 8, 209, 28, 278, 69, 91, 100, 61, 160, 244, 74, 40, 212, 155, 120, 191, 23, 189, 229, 53, 236, 258, 141, 116, 146, 235, 202, 162, 256, 71, 175, 111, 185, 56, 233, 171, 269, 17, 49, 7, 194, 166, 196, 218, 210, 14, 265, 178, 201, 37, 295, 234, 277, 135, 41, 55, 159, 125, 36, 248, 297, 44, 151, 43, 250, 286, 251, 104, 16, 205, 112, 45, 13, 262, 225, 241, 108, 211, 184, 5, 98, 42, 173, 243, 254, 50, 9, 215, 12, 292, 200, 72, 52, 148, 103, 283, 157, 198, 60, 187, 18, 273, 107]
(w = 8) Correct Cyclicantibandwidth
Set parameter TimeLimit to value 1800
(w = 9) Value Cyclicantibandwidth: 9
Lables: [140, 69, 124, 276, 165, 290, 217, 183, 230, 293, 213, 252, 76, 232, 144, 96, 296, 101, 207, 150, 117, 298, 118, 255, 84, 32, 88, 261, 242, 294, 270, 154, 127, 92, 147, 240, 193, 204, 1, 180, 78, 38, 174, 267, 31, 168, 145, 214, 77, 152, 139, 182, 282, 26, 58, 192, 4, 66, 15, 237, 94, 253, 65, 299, 167, 24, 195, 275, 137, 3, 285, 70, 54, 136, 114, 238, 271, 216, 57, 34, 123, 227, 87, 130, 82, 119, 224, 287, 156, 6, 132, 20, 181, 73, 222, 280, 25, 39, 143, 264, 138, 231, 300, 129, 89, 22, 288, 221, 247, 259, 279, 177, 85, 208, 153, 106, 93, 176, 97, 284, 134, 80, 274, 218, 149, 122, 105, 249, 35, 79, 239, 63, 102, 64, 206, 121, 169, 48, 131, 99, 115, 246, 75, 272, 163, 291, 179, 110, 164, 289, 266, 197, 268, 47, 260, 95, 83, 161, 51, 86, 109, 10, 203, 2, 30, 219, 29, 62, 263, 21, 172, 190, 33, 245, 128, 67, 281, 81, 27, 223, 59, 158, 11, 170, 228, 257, 90, 220, 142, 188, 133, 226, 68, 46, 126, 199, 113, 8, 209, 28, 278, 19, 91, 100, 61, 160, 244, 74, 40, 212, 155, 120, 191, 23, 189, 229, 53, 236, 258, 141, 116, 146, 235, 202, 162, 256, 71, 175, 111, 185, 56, 233, 171, 269, 17, 49, 7, 194, 166, 196, 186, 210, 14, 265, 178, 201, 37, 295, 234, 277, 135, 41, 55, 159, 125, 36, 248, 297, 44, 151, 43, 250, 286, 251, 104, 16, 205, 112, 45, 13, 262, 225, 241, 108, 211, 184, 5, 98, 42, 173, 243, 254, 50, 9, 215, 12, 292, 200, 72, 52, 148, 103, 283, 157, 198, 60, 187, 18, 273, 107]
(w = 9) Correct Cyclicantibandwidth
Set parameter TimeLimit to value 1800
[runlim] sample:		30.0 time, 30.1 real, 269.7 MB
(w = 10) Value Cyclicantibandwidth: 10
Lables: [140, 91, 124, 276, 165, 290, 217, 183, 230, 293, 213, 252, 76, 232, 144, 96, 296, 101, 207, 150, 117, 298, 118, 255, 84, 32, 88, 261, 242, 294, 270, 154, 127, 92, 147, 240, 193, 204, 1, 180, 78, 38, 174, 267, 31, 168, 145, 214, 77, 152, 139, 182, 282, 26, 58, 192, 4, 66, 15, 237, 94, 253, 65, 299, 167, 24, 195, 275, 137, 3, 285, 70, 54, 136, 114, 238, 271, 216, 57, 34, 123, 227, 87, 130, 82, 119, 224, 287, 156, 6, 132, 20, 181, 73, 222, 280, 25, 39, 143, 264, 138, 231, 300, 129, 89, 22, 288, 221, 247, 259, 279, 177, 85, 208, 153, 106, 93, 176, 97, 284, 134, 80, 274, 19, 149, 122, 105, 249, 35, 79, 239, 63, 102, 64, 206, 121, 169, 48, 131, 99, 115, 246, 75, 272, 163, 291, 179, 110, 164, 289, 266, 197, 268, 47, 260, 95, 83, 161, 51, 86, 109, 10, 203, 2, 30, 219, 29, 62, 263, 21, 172, 190, 33, 245, 128, 67, 281, 81, 27, 223, 59, 158, 11, 170, 228, 257, 90, 220, 142, 188, 133, 226, 68, 46, 126, 199, 113, 8, 209, 28, 278, 69, 186, 100, 61, 160, 244, 74, 40, 212, 155, 120, 191, 23, 189, 229, 53, 236, 258, 141, 116, 146, 235, 202, 162, 256, 71, 175, 111, 185, 56, 233, 171, 269, 17, 49, 7, 194, 166, 196, 218, 12, 225, 265, 178, 201, 37, 295, 234, 277, 135, 41, 55, 159, 125, 36, 248, 297, 44, 151, 43, 250, 286, 251, 104, 16, 205, 112, 45, 13, 262, 9, 241, 108, 211, 184, 5, 98, 42, 173, 243, 254, 50, 107, 215, 18, 292, 200, 72, 52, 148, 103, 283, 157, 198, 60, 187, 14, 273, 210]
(w = 10) Correct Cyclicantibandwidth
Set parameter TimeLimit to value 1800
(w = 11) Value Cyclicantibandwidth: 11
Lables: [140, 85, 124, 276, 165, 290, 217, 183, 230, 293, 213, 252, 76, 232, 144, 96, 296, 101, 207, 150, 117, 298, 186, 255, 84, 32, 88, 261, 242, 294, 270, 154, 127, 92, 147, 240, 193, 204, 1, 180, 78, 38, 174, 267, 31, 168, 145, 214, 77, 152, 139, 182, 282, 26, 58, 192, 4, 66, 15, 237, 94, 253, 65, 299, 167, 24, 195, 275, 137, 3, 285, 70, 54, 136, 114, 238, 271, 216, 57, 34, 123, 227, 87, 130, 82, 119, 224, 287, 156, 6, 132, 20, 181, 73, 222, 280, 25, 39, 143, 264, 138, 231, 300, 129, 89, 22, 288, 221, 247, 259, 279, 177, 118, 208, 153, 106, 93, 176, 97, 284, 134, 80, 274, 19, 149, 122, 105, 249, 35, 79, 239, 63, 102, 64, 206, 121, 169, 48, 131, 99, 115, 246, 75, 272, 163, 291, 179, 110, 164, 289, 266, 197, 268, 47, 260, 95, 83, 161, 51, 86, 109, 10, 203, 2, 30, 219, 29, 62, 263, 21, 172, 190, 33, 245, 128, 67, 281, 81, 27, 223, 59, 158, 11, 170, 228, 257, 90, 220, 142, 188, 133, 226, 68, 46, 126, 199, 113, 8, 209, 28, 278, 69, 91, 61, 104, 160, 244, 74, 40, 212, 155, 120, 191, 23, 189, 229, 53, 236, 258, 141, 116, 146, 235, 202, 162, 256, 71, 175, 111, 185, 56, 233, 171, 269, 17, 49, 7, 194, 166, 196, 218, 12, 225, 265, 178, 201, 37, 295, 234, 277, 135, 41, 55, 159, 125, 36, 248, 297, 44, 151, 43, 100, 286, 251, 72, 16, 205, 112, 45, 13, 262, 9, 250, 108, 211, 184, 5, 98, 42, 173, 243, 254, 50, 107, 215, 18, 292, 200, 187, 52, 148, 103, 283, 157, 241, 60, 210, 198, 273, 14]
(w = 11) Correct Cyclicantibandwidth
Set parameter TimeLimit to value 1800
[runlim] sample:		40.1 time, 40.1 real, 268.1 MB
(w = 12) Value Cyclicantibandwidth: 12
Lables: [140, 9, 124, 276, 165, 290, 217, 183, 230, 293, 213, 252, 76, 232, 144, 96, 296, 101, 207, 150, 117, 298, 118, 255, 84, 32, 88, 261, 242, 294, 270, 154, 127, 92, 147, 240, 186, 204, 1, 180, 78, 38, 174, 267, 31, 168, 145, 214, 77, 152, 139, 182, 282, 26, 58, 192, 4, 66, 15, 237, 94, 253, 65, 299, 167, 24, 195, 275, 137, 3, 285, 70, 54, 136, 114, 238, 271, 216, 57, 34, 123, 227, 87, 130, 82, 119, 224, 287, 156, 6, 132, 20, 181, 73, 222, 280, 25, 39, 143, 264, 138, 231, 300, 129, 89, 22, 288, 221, 247, 259, 279, 177, 85, 208, 153, 106, 93, 176, 97, 284, 134, 80, 274, 19, 149, 122, 105, 249, 35, 79, 239, 63, 102, 64, 206, 121, 169, 48, 131, 99, 115, 246, 75, 272, 163, 291, 179, 110, 164, 289, 266, 197, 268, 47, 260, 95, 83, 161, 51, 86, 109, 10, 203, 2, 30, 219, 29, 62, 263, 21, 172, 190, 33, 245, 128, 67, 281, 81, 27, 223, 59, 158, 11, 170, 228, 257, 90, 220, 142, 188, 133, 226, 68, 46, 126, 199, 113, 8, 209, 28, 278, 69, 91, 61, 104, 160, 244, 74, 40, 212, 155, 120, 191, 23, 189, 229, 53, 236, 258, 141, 116, 146, 235, 202, 162, 256, 71, 175, 111, 185, 56, 233, 171, 269, 17, 49, 7, 194, 166, 196, 218, 12, 225, 265, 178, 201, 37, 295, 234, 277, 135, 41, 55, 159, 125, 36, 248, 297, 44, 151, 43, 100, 286, 251, 72, 16, 205, 112, 45, 13, 262, 198, 250, 108, 211, 184, 5, 98, 42, 173, 243, 193, 50, 107, 215, 18, 292, 200, 187, 52, 148, 103, 283, 157, 241, 60, 210, 254, 273, 14]
(w = 12) Correct Cyclicantibandwidth
Set parameter TimeLimit to value 1800
(w = 13) Value Cyclicantibandwidth: 13
Lables: [140, 65, 124, 276, 165, 290, 217, 183, 230, 293, 213, 252, 76, 232, 144, 96, 296, 101, 207, 150, 117, 298, 118, 255, 84, 32, 88, 261, 242, 294, 270, 154, 127, 92, 147, 240, 193, 206, 1, 180, 78, 259, 174, 267, 31, 168, 145, 214, 77, 152, 139, 182, 282, 204, 58, 192, 4, 66, 15, 237, 94, 253, 38, 299, 167, 24, 195, 275, 137, 3, 285, 70, 54, 136, 114, 238, 271, 216, 57, 34, 123, 227, 87, 130, 82, 119, 224, 287, 156, 6, 132, 20, 181, 73, 222, 280, 25, 39, 143, 264, 138, 231, 300, 129, 89, 22, 288, 221, 247, 95, 279, 177, 85, 208, 153, 106, 93, 176, 97, 284, 134, 80, 274, 19, 149, 122, 105, 249, 35, 79, 239, 63, 102, 64, 205, 121, 169, 48, 131, 99, 115, 246, 75, 272, 163, 291, 179, 110, 164, 289, 266, 197, 268, 47, 260, 186, 83, 161, 51, 86, 109, 10, 203, 2, 30, 219, 29, 62, 263, 21, 172, 190, 33, 245, 128, 67, 281, 81, 27, 223, 59, 158, 11, 170, 228, 257, 90, 220, 142, 188, 133, 226, 68, 46, 126, 199, 113, 8, 209, 28, 278, 69, 91, 61, 104, 160, 244, 74, 40, 212, 155, 120, 191, 23, 189, 229, 53, 236, 258, 141, 116, 146, 235, 202, 162, 256, 71, 175, 111, 185, 56, 233, 171, 269, 17, 49, 7, 194, 166, 196, 218, 12, 225, 265, 178, 201, 37, 295, 234, 277, 135, 41, 55, 159, 125, 36, 248, 297, 44, 151, 43, 100, 286, 251, 72, 16, 211, 112, 45, 13, 262, 9, 250, 108, 283, 184, 5, 98, 42, 173, 243, 52, 187, 107, 254, 50, 292, 200, 26, 241, 148, 103, 157, 60, 198, 215, 18, 273, 14, 210]
(w = 13) Correct Cyclicantibandwidth
Set parameter TimeLimit to value 1800
[runlim] sample:		50.1 time, 50.1 real, 271.9 MB
(w = 14) Value Cyclicantibandwidth: 14
Lables: [140, 106, 124, 276, 165, 290, 217, 183, 230, 293, 213, 252, 76, 232, 144, 96, 296, 101, 207, 150, 117, 298, 118, 255, 84, 32, 88, 261, 242, 294, 270, 154, 127, 92, 147, 240, 193, 152, 1, 180, 78, 38, 174, 267, 31, 168, 145, 214, 77, 292, 139, 182, 282, 204, 58, 192, 4, 66, 15, 237, 94, 253, 65, 299, 167, 24, 195, 275, 137, 3, 285, 70, 54, 136, 114, 238, 271, 216, 57, 34, 123, 227, 87, 130, 82, 119, 224, 287, 156, 6, 132, 20, 181, 73, 222, 280, 25, 39, 143, 264, 138, 231, 300, 129, 89, 22, 288, 221, 247, 171, 279, 177, 85, 208, 153, 206, 93, 176, 97, 284, 134, 80, 274, 19, 149, 122, 105, 249, 35, 259, 239, 63, 102, 64, 205, 121, 169, 48, 131, 99, 115, 246, 75, 272, 163, 291, 179, 110, 164, 289, 266, 197, 268, 47, 260, 95, 116, 161, 51, 86, 109, 10, 203, 2, 30, 219, 29, 83, 263, 21, 172, 190, 33, 62, 128, 67, 281, 81, 27, 223, 59, 158, 11, 170, 228, 257, 90, 220, 142, 188, 133, 226, 68, 46, 126, 199, 113, 8, 209, 28, 278, 69, 91, 61, 104, 160, 244, 74, 40, 212, 155, 120, 79, 23, 189, 229, 53, 236, 258, 141, 265, 146, 235, 202, 162, 256, 71, 175, 111, 185, 56, 233, 108, 269, 17, 49, 7, 191, 166, 196, 218, 12, 225, 241, 245, 201, 37, 295, 234, 277, 135, 41, 55, 159, 125, 36, 248, 297, 44, 151, 43, 100, 286, 178, 72, 16, 211, 112, 45, 13, 262, 9, 250, 98, 283, 184, 5, 186, 42, 173, 243, 52, 187, 107, 254, 50, 103, 200, 251, 18, 148, 194, 157, 60, 198, 215, 26, 273, 14, 210]
(w = 14) Correct Cyclicantibandwidth
Set parameter TimeLimit to value 1800
[runlim] sample:		60.1 time, 60.1 real, 300.9 MB
(w = 15) Value Cyclicantibandwidth: 15
Lables: [140, 25, 124, 276, 165, 290, 217, 183, 230, 293, 213, 252, 76, 232, 144, 96, 296, 101, 207, 150, 117, 298, 118, 255, 84, 32, 88, 261, 242, 294, 270, 154, 127, 92, 147, 240, 193, 121, 1, 180, 78, 38, 174, 267, 31, 168, 145, 214, 77, 152, 5, 182, 282, 204, 58, 192, 4, 66, 15, 237, 94, 253, 65, 299, 167, 24, 195, 275, 137, 3, 285, 70, 54, 136, 114, 238, 271, 216, 57, 34, 123, 227, 87, 130, 82, 119, 224, 287, 156, 6, 132, 20, 181, 73, 222, 280, 186, 39, 143, 264, 138, 231, 300, 129, 89, 22, 288, 221, 247, 171, 279, 177, 85, 208, 153, 106, 91, 176, 97, 284, 134, 80, 274, 19, 149, 122, 105, 249, 35, 259, 239, 63, 102, 64, 206, 103, 169, 48, 131, 99, 115, 246, 75, 272, 163, 291, 179, 110, 164, 289, 266, 197, 268, 47, 260, 95, 116, 161, 51, 86, 109, 10, 203, 2, 30, 219, 29, 83, 263, 21, 172, 190, 33, 62, 128, 67, 281, 81, 27, 223, 59, 158, 11, 170, 228, 257, 90, 220, 142, 188, 133, 226, 68, 46, 126, 199, 113, 8, 209, 93, 278, 69, 112, 61, 104, 160, 244, 74, 40, 212, 155, 120, 79, 23, 189, 229, 53, 236, 258, 141, 265, 146, 235, 202, 162, 256, 71, 175, 111, 185, 56, 233, 108, 269, 17, 49, 7, 191, 166, 196, 218, 12, 225, 241, 245, 201, 37, 295, 234, 277, 135, 41, 139, 159, 125, 36, 248, 297, 44, 151, 43, 100, 286, 178, 72, 16, 205, 250, 45, 13, 262, 9, 26, 98, 211, 184, 55, 283, 42, 173, 243, 52, 187, 28, 254, 50, 292, 200, 251, 18, 148, 194, 157, 60, 198, 215, 107, 14, 273, 210]
(w = 15) Correct Cyclicantibandwidth
Set parameter TimeLimit to value 1800
[runlim] sample:		70.1 time, 70.1 real, 329.5 MB
(w = 16) Value Cyclicantibandwidth: 16
Lables: [140, 106, 124, 276, 165, 290, 217, 183, 230, 293, 213, 252, 76, 232, 144, 96, 296, 101, 207, 150, 117, 298, 118, 255, 84, 32, 88, 261, 242, 294, 270, 154, 127, 92, 147, 240, 193, 121, 1, 180, 78, 38, 174, 267, 31, 168, 145, 214, 77, 152, 5, 182, 282, 204, 58, 192, 4, 66, 15, 237, 94, 253, 65, 299, 167, 24, 195, 275, 137, 3, 285, 70, 54, 136, 114, 238, 271, 216, 57, 34, 123, 227, 87, 130, 82, 119, 224, 287, 156, 6, 132, 20, 181, 73, 222, 280, 25, 197, 143, 264, 138, 231, 300, 129, 89, 22, 288, 221, 247, 171, 279, 177, 85, 208, 153, 186, 91, 176, 97, 284, 134, 80, 274, 19, 149, 122, 105, 249, 35, 259, 239, 63, 102, 64, 206, 103, 169, 48, 131, 99, 115, 246, 75, 272, 163, 291, 179, 110, 164, 289, 266, 51, 268, 47, 260, 95, 116, 161, 36, 86, 109, 10, 203, 2, 30, 219, 29, 83, 263, 21, 172, 190, 33, 62, 128, 67, 281, 81, 27, 223, 59, 158, 11, 170, 228, 257, 90, 220, 142, 188, 133, 226, 68, 46, 126, 199, 113, 8, 209, 93, 278, 69, 112, 61, 104, 160, 244, 74, 40, 212, 155, 120, 79, 23, 189, 229, 53, 236, 258, 141, 265, 146, 235, 202, 162, 256, 71, 175, 111, 185, 56, 233, 108, 269, 17, 49, 7, 191, 166, 196, 218, 12, 225, 39, 245, 201, 37, 295, 234, 277, 135, 41, 139, 159, 125, 26, 248, 297, 44, 151, 43, 100, 286, 178, 72, 16, 205, 250, 45, 13, 262, 9, 241, 98, 211, 184, 55, 283, 42, 173, 243, 52, 187, 28, 254, 50, 292, 200, 251, 18, 148, 194, 157, 60, 198, 215, 107, 14, 273, 210]
(w = 16) Correct Cyclicantibandwidth
Set parameter TimeLimit to value 1800
(w = 17) Value Cyclicantibandwidth: 17
Lables: [140, 54, 124, 276, 165, 290, 217, 183, 230, 293, 213, 252, 76, 232, 144, 96, 296, 101, 207, 150, 117, 298, 118, 255, 84, 32, 88, 261, 242, 294, 270, 154, 127, 92, 147, 240, 193, 121, 1, 180, 78, 38, 174, 267, 31, 168, 145, 214, 77, 152, 5, 235, 282, 204, 58, 192, 4, 66, 15, 237, 94, 253, 65, 299, 167, 24, 195, 275, 137, 3, 285, 70, 186, 136, 114, 238, 271, 216, 57, 34, 123, 227, 87, 130, 82, 119, 224, 287, 156, 6, 132, 20, 181, 73, 222, 280, 25, 197, 143, 264, 138, 231, 300, 129, 89, 22, 288, 221, 247, 171, 279, 177, 85, 208, 153, 106, 206, 176, 97, 284, 134, 80, 274, 19, 149, 122, 105, 249, 35, 259, 239, 63, 102, 64, 205, 103, 169, 48, 131, 182, 115, 246, 75, 272, 163, 291, 179, 110, 164, 289, 266, 51, 268, 47, 260, 95, 116, 161, 36, 86, 109, 10, 203, 2, 30, 219, 29, 83, 263, 21, 172, 190, 33, 62, 128, 67, 281, 81, 27, 223, 59, 158, 11, 170, 228, 257, 90, 220, 142, 188, 133, 226, 68, 46, 126, 199, 113, 8, 209, 93, 278, 69, 91, 61, 104, 160, 244, 74, 40, 212, 155, 120, 79, 23, 189, 229, 53, 236, 258, 141, 265, 146, 99, 202, 162, 256, 71, 175, 111, 185, 56, 233, 108, 269, 17, 49, 7, 191, 166, 196, 218, 12, 225, 39, 245, 201, 37, 295, 234, 277, 135, 41, 139, 159, 125, 26, 248, 297, 44, 151, 43, 100, 286, 178, 72, 16, 211, 112, 45, 13, 262, 9, 250, 98, 283, 184, 55, 292, 42, 173, 243, 52, 187, 28, 254, 50, 251, 200, 18, 241, 148, 194, 157, 60, 198, 215, 107, 14, 273, 210]
(w = 17) Correct Cyclicantibandwidth
Set parameter TimeLimit to value 1800
[runlim] sample:		80.1 time, 80.1 real, 298.6 MB
(w = 18) Value Cyclicantibandwidth: 18
Lables: [140, 84, 124, 276, 165, 290, 217, 183, 230, 293, 213, 252, 76, 232, 144, 96, 296, 101, 207, 150, 117, 298, 118, 255, 167, 32, 88, 261, 242, 294, 270, 154, 127, 92, 147, 240, 193, 121, 1, 180, 78, 38, 174, 267, 31, 168, 145, 214, 77, 152, 5, 182, 282, 204, 58, 192, 4, 66, 15, 237, 94, 253, 65, 299, 277, 24, 195, 275, 137, 3, 285, 70, 215, 136, 114, 238, 271, 216, 57, 34, 123, 227, 87, 130, 82, 119, 224, 287, 156, 6, 132, 20, 181, 73, 222, 280, 25, 197, 143, 264, 138, 231, 300, 129, 89, 22, 288, 221, 247, 171, 279, 177, 85, 208, 153, 106, 206, 176, 97, 284, 134, 80, 274, 19, 149, 186, 105, 249, 35, 259, 239, 63, 102, 64, 205, 103, 169, 48, 131, 99, 60, 246, 75, 272, 163, 291, 179, 110, 164, 289, 233, 51, 268, 47, 260, 95, 54, 161, 36, 86, 109, 10, 203, 2, 30, 219, 29, 83, 263, 21, 172, 190, 33, 62, 128, 67, 281, 81, 27, 223, 122, 158, 11, 170, 228, 257, 90, 220, 142, 188, 133, 226, 68, 46, 126, 199, 113, 8, 209, 93, 278, 69, 91, 61, 104, 160, 244, 74, 40, 212, 155, 120, 79, 23, 189, 229, 53, 236, 258, 141, 116, 146, 235, 202, 162, 256, 71, 175, 111, 185, 56, 211, 108, 269, 17, 49, 7, 191, 166, 196, 218, 12, 225, 115, 245, 201, 37, 295, 234, 18, 135, 41, 139, 159, 125, 26, 248, 297, 44, 151, 43, 100, 286, 178, 265, 16, 59, 112, 45, 13, 262, 9, 250, 98, 283, 184, 55, 292, 42, 173, 243, 39, 187, 28, 254, 50, 251, 200, 72, 52, 148, 194, 157, 241, 198, 266, 107, 14, 273, 210]
(w = 18) Correct Cyclicantibandwidth
Set parameter TimeLimit to value 1800
[runlim] sample:		90.1 time, 90.1 real, 344.4 MB
(w = 19) Value Cyclicantibandwidth: 19
Lables: [140, 19, 124, 276, 165, 290, 217, 183, 230, 293, 213, 252, 76, 232, 144, 96, 296, 101, 207, 150, 117, 298, 118, 255, 84, 32, 88, 261, 242, 294, 270, 154, 127, 92, 147, 240, 193, 121, 1, 180, 78, 38, 174, 267, 31, 168, 145, 214, 77, 152, 5, 182, 282, 204, 58, 192, 4, 66, 15, 237, 94, 253, 65, 299, 167, 24, 195, 275, 137, 3, 172, 70, 18, 136, 114, 238, 271, 216, 57, 34, 123, 227, 87, 130, 82, 119, 224, 287, 156, 6, 132, 20, 181, 73, 222, 280, 25, 197, 143, 264, 138, 231, 300, 129, 186, 22, 288, 221, 247, 171, 279, 177, 85, 208, 153, 106, 206, 176, 97, 284, 134, 80, 274, 210, 149, 122, 51, 249, 35, 259, 239, 63, 102, 64, 205, 103, 169, 48, 131, 99, 60, 246, 75, 272, 163, 291, 179, 110, 164, 289, 266, 98, 268, 47, 260, 95, 54, 161, 36, 86, 109, 10, 203, 2, 30, 219, 29, 83, 263, 21, 285, 190, 33, 62, 128, 67, 281, 81, 27, 223, 59, 158, 11, 170, 228, 257, 90, 220, 142, 188, 133, 226, 68, 46, 126, 199, 113, 8, 209, 93, 278, 69, 91, 61, 104, 160, 244, 74, 40, 212, 155, 120, 79, 23, 189, 229, 53, 236, 258, 141, 116, 146, 235, 202, 162, 256, 71, 175, 111, 185, 56, 233, 108, 269, 17, 49, 7, 191, 166, 196, 218, 12, 225, 115, 245, 201, 37, 295, 234, 277, 135, 41, 139, 159, 125, 26, 248, 297, 44, 151, 43, 100, 286, 178, 265, 16, 211, 112, 45, 13, 262, 9, 250, 292, 52, 184, 55, 283, 42, 173, 243, 39, 187, 28, 254, 50, 251, 200, 72, 241, 148, 105, 157, 273, 198, 107, 194, 14, 215, 89]
(w = 19) Correct Cyclicantibandwidth
Set parameter TimeLimit to value 1800
[runlim] sample:		100.1 time, 100.1 real, 347.9 MB
(w = 20) Value Cyclicantibandwidth: 20
Lables: [140, 69, 124, 276, 165, 290, 217, 183, 230, 293, 213, 252, 76, 232, 144, 96, 296, 101, 207, 150, 117, 298, 118, 255, 84, 32, 88, 186, 242, 294, 270, 154, 127, 92, 147, 240, 193, 121, 1, 180, 78, 38, 174, 267, 31, 168, 145, 214, 77, 152, 5, 182, 282, 204, 58, 192, 4, 66, 15, 237, 94, 253, 65, 299, 167, 24, 195, 275, 137, 3, 59, 227, 54, 136, 114, 238, 271, 216, 57, 34, 123, 67, 87, 130, 82, 119, 224, 287, 156, 6, 132, 20, 181, 73, 222, 280, 25, 197, 143, 264, 138, 231, 300, 129, 89, 22, 288, 221, 247, 171, 279, 177, 85, 208, 153, 106, 70, 176, 97, 284, 134, 80, 274, 19, 149, 122, 51, 249, 35, 259, 239, 63, 102, 64, 206, 103, 169, 48, 131, 99, 60, 246, 75, 272, 163, 291, 179, 110, 261, 289, 266, 98, 268, 47, 260, 95, 116, 161, 36, 86, 109, 10, 203, 2, 30, 219, 29, 83, 263, 21, 172, 245, 33, 62, 128, 258, 281, 81, 27, 223, 248, 158, 11, 170, 228, 257, 90, 220, 142, 188, 133, 226, 68, 190, 126, 199, 113, 8, 209, 93, 278, 164, 91, 61, 104, 160, 244, 74, 40, 212, 155, 120, 79, 23, 189, 229, 53, 236, 269, 141, 265, 146, 235, 202, 162, 256, 71, 175, 111, 185, 56, 233, 108, 49, 17, 178, 7, 191, 166, 196, 46, 210, 14, 115, 211, 44, 285, 55, 201, 277, 135, 41, 139, 159, 125, 26, 198, 297, 39, 151, 43, 100, 295, 37, 12, 254, 218, 112, 45, 13, 262, 234, 250, 292, 52, 184, 225, 283, 42, 173, 243, 200, 50, 28, 215, 251, 286, 9, 72, 241, 205, 105, 16, 157, 18, 273, 187, 148, 107, 194]
(w = 20) Correct Cyclicantibandwidth
Set parameter TimeLimit to value 1800
[runlim] sample:		110.2 time, 110.1 real, 371.7 MB
(w = 21) Value Cyclicantibandwidth: 21
Lables: [140, 67, 124, 276, 165, 290, 217, 183, 230, 293, 213, 252, 76, 232, 144, 96, 296, 101, 207, 150, 117, 298, 118, 255, 84, 32, 88, 261, 125, 294, 270, 154, 127, 92, 147, 240, 193, 121, 1, 180, 78, 38, 174, 267, 31, 168, 145, 214, 77, 152, 5, 182, 282, 204, 58, 192, 242, 66, 15, 237, 94, 253, 65, 299, 167, 24, 195, 275, 137, 3, 59, 227, 54, 136, 114, 238, 271, 216, 57, 34, 123, 259, 87, 130, 82, 119, 224, 287, 156, 6, 132, 20, 181, 73, 222, 280, 25, 197, 143, 264, 138, 231, 300, 129, 89, 22, 288, 221, 247, 171, 279, 177, 85, 208, 153, 106, 70, 176, 97, 284, 134, 80, 274, 19, 149, 122, 51, 249, 35, 139, 239, 63, 102, 64, 206, 103, 169, 48, 131, 99, 60, 246, 75, 272, 163, 291, 179, 110, 164, 289, 266, 98, 268, 47, 260, 95, 116, 161, 36, 86, 109, 10, 203, 2, 30, 219, 29, 83, 263, 21, 172, 245, 33, 62, 128, 258, 281, 81, 27, 223, 248, 158, 11, 170, 228, 257, 90, 220, 142, 188, 133, 226, 68, 190, 126, 199, 113, 8, 209, 93, 278, 69, 91, 61, 104, 160, 244, 74, 40, 212, 155, 120, 79, 23, 189, 229, 4, 236, 269, 141, 265, 146, 235, 202, 162, 256, 71, 175, 111, 185, 56, 233, 108, 49, 17, 178, 7, 191, 166, 196, 46, 210, 14, 115, 211, 44, 285, 55, 201, 277, 135, 41, 186, 159, 234, 26, 198, 297, 39, 151, 43, 100, 295, 37, 12, 254, 218, 112, 45, 13, 262, 225, 250, 292, 52, 184, 243, 283, 42, 173, 107, 241, 50, 28, 215, 251, 286, 53, 194, 18, 205, 72, 16, 200, 157, 273, 105, 148, 187, 9]
(w = 21) Correct Cyclicantibandwidth
Set parameter TimeLimit to value 1800
[runlim] sample:		120.2 time, 120.1 real, 379.3 MB
(w = 22) Value Cyclicantibandwidth: 22
Lables: [140, 95, 124, 276, 165, 290, 217, 183, 230, 293, 213, 252, 76, 232, 144, 96, 296, 101, 207, 150, 117, 298, 118, 255, 84, 32, 88, 261, 125, 294, 270, 154, 127, 92, 147, 240, 193, 121, 1, 180, 78, 38, 174, 267, 31, 168, 145, 214, 77, 152, 5, 182, 282, 204, 58, 192, 242, 66, 15, 237, 94, 253, 65, 299, 167, 24, 195, 275, 137, 3, 59, 227, 54, 136, 114, 238, 271, 216, 57, 34, 123, 67, 13, 130, 82, 119, 224, 287, 156, 6, 132, 20, 181, 73, 222, 280, 25, 197, 143, 264, 138, 231, 300, 129, 89, 22, 288, 221, 247, 171, 279, 177, 85, 208, 153, 106, 70, 176, 97, 284, 134, 80, 274, 19, 149, 122, 51, 249, 35, 259, 56, 239, 102, 64, 206, 103, 169, 48, 131, 99, 60, 246, 75, 272, 163, 291, 179, 110, 164, 289, 266, 98, 268, 47, 260, 186, 116, 161, 36, 86, 109, 10, 203, 2, 30, 219, 29, 83, 263, 21, 172, 245, 33, 62, 128, 258, 281, 81, 27, 223, 248, 158, 11, 170, 228, 257, 90, 220, 142, 188, 133, 226, 68, 190, 126, 199, 113, 8, 209, 93, 278, 69, 91, 61, 104, 160, 244, 74, 40, 212, 155, 120, 79, 23, 189, 229, 4, 236, 269, 141, 265, 146, 235, 202, 162, 256, 71, 175, 111, 185, 16, 233, 108, 49, 17, 178, 7, 191, 166, 196, 46, 210, 14, 115, 211, 63, 37, 295, 201, 277, 135, 41, 139, 254, 297, 26, 198, 173, 44, 151, 43, 100, 286, 251, 12, 39, 218, 112, 45, 262, 234, 9, 250, 87, 283, 184, 55, 292, 42, 225, 107, 241, 50, 28, 215, 285, 205, 53, 194, 52, 148, 72, 157, 200, 18, 273, 105, 159, 243, 187]
(w = 22) Correct Cyclicantibandwidth
Set parameter TimeLimit to value 1800
[runlim] sample:		130.2 time, 130.1 real, 380.7 MB
(w = 23) Value Cyclicantibandwidth: 23
Lables: [140, 27, 124, 276, 165, 290, 217, 183, 230, 293, 213, 252, 76, 232, 144, 96, 296, 101, 207, 150, 117, 298, 118, 255, 84, 32, 88, 261, 125, 294, 270, 154, 127, 92, 147, 240, 193, 121, 1, 180, 78, 38, 174, 267, 31, 168, 145, 214, 77, 152, 5, 182, 282, 204, 58, 192, 242, 66, 15, 237, 94, 253, 65, 299, 167, 24, 195, 275, 137, 3, 59, 227, 54, 186, 114, 238, 271, 216, 57, 34, 123, 67, 13, 130, 82, 119, 224, 287, 156, 6, 132, 20, 181, 73, 222, 280, 25, 197, 143, 264, 138, 231, 300, 129, 89, 136, 288, 221, 247, 171, 279, 177, 85, 208, 153, 106, 70, 176, 97, 284, 134, 80, 274, 19, 149, 122, 51, 249, 35, 259, 56, 239, 102, 64, 206, 103, 169, 48, 131, 99, 60, 246, 75, 272, 163, 291, 179, 110, 164, 289, 266, 98, 268, 47, 260, 95, 203, 161, 36, 86, 109, 10, 277, 2, 30, 219, 29, 83, 263, 21, 172, 245, 33, 62, 128, 258, 281, 81, 22, 223, 248, 158, 11, 170, 228, 257, 90, 220, 142, 188, 133, 226, 68, 190, 126, 199, 113, 8, 209, 93, 278, 69, 91, 61, 104, 160, 244, 74, 40, 212, 155, 120, 79, 23, 189, 229, 4, 236, 269, 141, 116, 146, 235, 202, 162, 256, 71, 175, 111, 185, 16, 233, 108, 49, 17, 178, 7, 191, 166, 196, 46, 210, 14, 115, 211, 63, 37, 295, 201, 254, 135, 41, 139, 198, 234, 26, 173, 297, 44, 151, 43, 100, 286, 251, 12, 39, 218, 112, 45, 262, 285, 225, 250, 87, 283, 184, 55, 292, 42, 18, 243, 52, 205, 28, 265, 50, 9, 53, 194, 241, 148, 72, 157, 200, 159, 215, 105, 273, 107, 187]
(w = 23) Correct Cyclicantibandwidth
Set parameter TimeLimit to value 1800
[runlim] sample:		140.2 time, 140.1 real, 384.7 MB
(w = 24) Value Cyclicantibandwidth: 24
Lables: [140, 99, 124, 259, 41, 244, 150, 264, 230, 184, 53, 252, 76, 280, 144, 175, 236, 182, 207, 266, 176, 255, 118, 292, 227, 32, 288, 260, 125, 47, 71, 37, 262, 92, 147, 240, 279, 121, 1, 180, 106, 38, 174, 201, 31, 247, 285, 214, 257, 152, 9, 202, 282, 204, 77, 186, 242, 66, 15, 237, 298, 253, 105, 299, 211, 54, 169, 24, 258, 3, 155, 251, 22, 205, 110, 250, 127, 7, 60, 34, 123, 193, 13, 130, 82, 109, 63, 5, 156, 272, 132, 84, 181, 73, 222, 67, 131, 96, 154, 249, 33, 296, 138, 270, 231, 198, 25, 196, 68, 171, 86, 177, 137, 208, 153, 213, 70, 8, 215, 284, 104, 80, 107, 19, 149, 199, 158, 241, 216, 143, 14, 79, 102, 297, 167, 271, 75, 275, 206, 173, 142, 293, 49, 20, 163, 291, 233, 108, 164, 88, 48, 98, 268, 40, 135, 95, 203, 161, 134, 217, 195, 229, 94, 183, 120, 57, 29, 119, 239, 21, 128, 245, 122, 62, 148, 188, 281, 81, 27, 2, 248, 89, 11, 274, 228, 59, 90, 220, 6, 65, 133, 166, 263, 190, 126, 85, 113, 56, 209, 93, 194, 69, 197, 61, 210, 160, 10, 74, 50, 212, 179, 300, 265, 23, 58, 165, 4, 136, 269, 141, 116, 146, 97, 226, 162, 12, 44, 16, 111, 185, 219, 243, 100, 276, 17, 178, 221, 191, 64, 112, 46, 223, 51, 115, 42, 145, 101, 295, 45, 254, 83, 267, 172, 52, 234, 26, 139, 168, 35, 151, 43, 225, 87, 30, 114, 39, 218, 294, 224, 192, 117, 18, 246, 159, 283, 103, 55, 256, 232, 277, 238, 290, 235, 28, 289, 170, 91, 287, 189, 278, 129, 72, 157, 286, 187, 273, 78, 200, 36, 261]
(w = 24) Correct Cyclicantibandwidth
Set parameter TimeLimit to value 1800
[runlim] sample:		150.2 time, 150.1 real, 367.1 MB
[runlim] end:			Tue Nov  4 06:15:29 2025
[runlim] status:		out of time
[runlim] result:		2
[runlim] children:		0
[runlim] real:			150.12 seconds
[runlim] time:			150.23 seconds
[runlim] space:			425.9 MB
[runlim] samples:		1500
