[runlim] version:		1.10
[runlim] time limit:		311040000 seconds
[runlim] real time limit:	150 seconds
[runlim] space limit:		30000 MB
[runlim] argv[0]:		python3
[runlim] argv[1]:		model.py
[runlim] argv[2]:		./graph/caterpillar/caterpillar_5_7.txt
[runlim] start:			Tue Nov  4 05:46:01 2025
[runlim] main pid:		57996
[runlim] log captured:
Set parameter WLSAccessID
Set parameter WLSSecret
Set parameter LicenseID to value 2663665
Academic license 2663665 - for non-commercial use only - registered to tu___@vnu.edu.vn
Set parameter TimeLimit to value 1800
(w = 4) Value Cyclicantibandwidth: 4
Lables: [4, 9, 26, 6, 28, 34, 7, 33, 10, 15, 11, 19, 27, 12, 5, 13, 20, 1, 30, 16, 8, 29, 17, 23, 18, 14, 3, 32, 25, 35, 22, 2, 21, 31, 24]
(w = 4) Correct Cyclicantibandwidth
Set parameter TimeLimit to value 1800
(w = 5) Value Cyclicantibandwidth: 5
Lables: [4, 17, 2, 19, 28, 34, 7, 33, 10, 1, 11, 9, 27, 12, 5, 35, 13, 23, 30, 16, 8, 15, 29, 14, 25, 18, 3, 20, 26, 6, 22, 31, 21, 32, 24]
(w = 5) Correct Cyclicantibandwidth
Set parameter TimeLimit to value 1800
(w = 6) Value Cyclicantibandwidth: 6
Lables: [4, 10, 2, 31, 12, 25, 16, 29, 6, 28, 11, 19, 27, 17, 24, 13, 20, 23, 30, 1, 8, 15, 33, 7, 21, 9, 3, 26, 34, 35, 22, 5, 18, 32, 14]
(w = 6) Correct Cyclicantibandwidth
Set parameter TimeLimit to value 1800
(w = 7) Value Cyclicantibandwidth: 7
Lables: [4, 12, 5, 31, 10, 15, 7, 33, 25, 1, 11, 19, 27, 34, 26, 2, 20, 23, 30, 16, 8, 29, 17, 14, 21, 28, 3, 18, 9, 35, 13, 6, 22, 32, 24]
(w = 7) Correct Cyclicantibandwidth
Set parameter TimeLimit to value 1800
(w = 8) Value Cyclicantibandwidth: 8
Lables: [25, 10, 28, 19, 3, 5, 23, 31, 9, 26, 1, 30, 4, 12, 2, 29, 11, 17, 6, 21, 13, 35, 16, 8, 32, 14, 24, 15, 7, 22, 34, 20, 33, 18, 27]
(w = 8) Correct Cyclicantibandwidth
Set parameter TimeLimit to value 1800
(w = 9) Value Cyclicantibandwidth: 9
Lables: [24, 7, 23, 6, 22, 4, 14, 35, 21, 1, 20, 16, 2, 27, 15, 26, 5, 12, 33, 17, 8, 32, 9, 30, 18, 28, 3, 13, 25, 34, 11, 31, 19, 29, 10]
(w = 9) Correct Cyclicantibandwidth
Set parameter TimeLimit to value 1800
(w = 10) Value Cyclicantibandwidth: 10
Lables: [25, 1, 22, 3, 28, 15, 32, 16, 5, 19, 30, 17, 4, 14, 35, 10, 21, 2, 24, 7, 18, 8, 26, 27, 13, 29, 6, 31, 20, 11, 33, 9, 34, 12, 23]
(w = 10) Correct Cyclicantibandwidth
Set parameter TimeLimit to value 1800
(w = 11) Value Cyclicantibandwidth: 11
Lables: [25, 9, 20, 35, 23, 7, 29, 15, 2, 26, 6, 28, 14, 32, 21, 1, 12, 31, 11, 22, 5, 17, 34, 19, 4, 27, 8, 24, 13, 10, 30, 18, 3, 16, 33]
(w = 11) Correct Cyclicantibandwidth
Set parameter TimeLimit to value 1800
(w = 12) Value Cyclicantibandwidth: 12
Lables: [14, 2, 23, 7, 21, 33, 16, 28, 6, 29, 12, 15, 1, 17, 35, 13, 32, 11, 25, 5, 22, 8, 27, 24, 9, 31, 19, 4, 26, 34, 20, 3, 18, 30, 10]
(w = 12) Correct Cyclicantibandwidth
Set parameter TimeLimit to value 1800
(w = 13) Value Cyclicantibandwidth: 13
Lables: [2, 17, 4, 26, 5, 18, 1, 14, 27, 6, 24, 3, 25, 7, 20, 33, 16, 19, 32, 10, 23, 8, 30, 9, 22, 35, 13, 28, 15, 21, 34, 12, 29, 11, 31]
(w = 13) Correct Cyclicantibandwidth
Set parameter TimeLimit to value 1800
(w = 14) Value Cyclicantibandwidth: 14
Lables: [19, 5, 23, 6, 22, 33, 12, 31, 10, 24, 3, 26, 8, 27, 7, 21, 4, 9, 29, 14, 28, 13, 34, 20, 1, 15, 30, 11, 25, 2, 18, 32, 16, 35, 17]
(w = 14) Correct Cyclicantibandwidth
Set parameter TimeLimit to value 1800
(w = 15) Value Cyclicantibandwidth: 15
Lables: [19, 4, 20, 5, 24, 1, 16, 34, 15, 31, 11, 22, 2, 21, 3, 18, 33, 35, 17, 32, 12, 29, 14, 23, 7, 26, 9, 25, 6, 8, 27, 10, 28, 13, 30]
(w = 15) Correct Cyclicantibandwidth
Set parameter TimeLimit to value 1800
(w = 16) Value Cyclicantibandwidth: 16
Lables: [35, 17, 34, 18, 2, 19, 3, 22, 6, 25, 9, 33, 16, 32, 14, 30, 13, 15, 31, 12, 29, 11, 28, 1, 20, 4, 23, 7, 26, 21, 5, 24, 8, 27, 10]
(w = 16) Correct Cyclicantibandwidth
Set parameter TimeLimit to value 1800
(w = 17) Not found solution with CAB = 17.
Final result: CAB = 16, Labels = [35, 17, 34, 18, 2, 19, 3, 22, 6, 25, 9, 33, 16, 32, 14, 30, 13, 15, 31, 12, 29, 11, 28, 1, 20, 4, 23, 7, 26, 21, 5, 24, 8, 27, 10]
Real time: 2.1618404388427734 seconds
[runlim] end:			Tue Nov  4 05:46:03 2025
[runlim] status:		ok
[runlim] result:		0
[runlim] children:		0
[runlim] real:			2.41 seconds
[runlim] time:			2.63 seconds
[runlim] space:			52.3 MB
[runlim] samples:		22
