[runlim] version:		1.10
[runlim] time limit:		311040000 seconds
[runlim] real time limit:	150 seconds
[runlim] space limit:		30000 MB
[runlim] argv[0]:		python3
[runlim] argv[1]:		model.py
[runlim] argv[2]:		./graph/caterpillar/caterpillar_35_10.txt
[runlim] start:			Tue Nov  4 06:40:29 2025
[runlim] main pid:		59545
[runlim] log captured:
Set parameter WLSAccessID
Set parameter WLSSecret
Set parameter LicenseID to value 2663665
Academic license 2663665 - for non-commercial use only - registered to tu___@vnu.edu.vn
Set parameter TimeLimit to value 1800
(w = 4) Value Cyclicantibandwidth: 4
Lables: [284, 22, 7, 21, 182, 217, 143, 85, 2, 220, 246, 338, 48, 82, 222, 72, 167, 117, 87, 194, 163, 98, 126, 261, 302, 66, 31, 138, 162, 147, 216, 1, 62, 333, 174, 38, 335, 313, 201, 245, 129, 77, 239, 120, 178, 221, 145, 124, 164, 297, 253, 241, 19, 65, 207, 301, 287, 125, 274, 3, 9, 323, 80, 349, 79, 271, 307, 298, 277, 60, 228, 130, 114, 247, 70, 273, 133, 37, 262, 91, 196, 75, 200, 39, 156, 315, 64, 223, 71, 89, 189, 340, 266, 111, 100, 177, 81, 242, 269, 97, 119, 78, 249, 132, 193, 235, 105, 122, 203, 278, 295, 76, 224, 342, 150, 146, 30, 309, 192, 99, 310, 175, 107, 139, 106, 332, 86, 168, 6, 110, 36, 47, 90, 296, 215, 232, 128, 57, 234, 229, 219, 144, 149, 83, 300, 318, 345, 131, 185, 322, 116, 225, 45, 20, 153, 244, 199, 61, 158, 191, 142, 304, 257, 316, 211, 94, 317, 280, 160, 101, 41, 104, 202, 112, 205, 108, 276, 52, 93, 326, 11, 213, 67, 289, 306, 58, 331, 33, 339, 73, 4, 311, 321, 312, 34, 121, 102, 238, 15, 28, 113, 40, 140, 176, 281, 95, 341, 337, 49, 259, 346, 208, 171, 26, 305, 109, 268, 154, 172, 248, 155, 44, 279, 127, 336, 118, 256, 260, 324, 240, 43, 347, 84, 161, 299, 329, 8, 54, 254, 180, 212, 16, 218, 46, 237, 35, 264, 42, 50, 255, 115, 103, 334, 231, 29, 291, 135, 96, 308, 328, 210, 63, 92, 151, 184, 14, 233, 123, 283, 152, 226, 141, 148, 55, 275, 166, 18, 13, 10, 59, 68, 243, 181, 169, 236, 214, 292, 170, 195, 136, 251, 69, 265, 294, 303, 32, 282, 270, 53, 186, 179, 348, 327, 5, 198, 23, 293, 187, 159, 137, 330, 165, 134, 314, 285, 173, 350, 320, 74, 51, 319, 343, 288, 157, 227, 24, 197, 27, 204, 344, 25, 230, 325, 258, 12, 286, 272, 263, 183, 190, 290, 252, 267, 88, 17, 209, 250, 188, 206, 56]
(w = 4) Correct Cyclicantibandwidth
Set parameter TimeLimit to value 1800
(w = 5) Value Cyclicantibandwidth: 5
Lables: [284, 24, 7, 21, 182, 217, 143, 85, 2, 220, 246, 338, 48, 82, 222, 72, 167, 117, 87, 194, 163, 98, 126, 261, 302, 66, 31, 138, 162, 147, 216, 1, 62, 333, 174, 38, 335, 313, 201, 245, 129, 77, 239, 120, 178, 221, 145, 124, 164, 297, 253, 241, 19, 65, 207, 301, 287, 125, 274, 3, 9, 323, 80, 349, 79, 271, 307, 298, 277, 60, 228, 130, 114, 247, 70, 273, 133, 37, 262, 91, 196, 75, 200, 39, 156, 315, 64, 223, 71, 89, 189, 340, 266, 111, 100, 177, 81, 242, 269, 97, 119, 78, 249, 132, 193, 235, 105, 122, 203, 278, 295, 76, 224, 342, 337, 146, 30, 309, 192, 99, 310, 175, 107, 139, 106, 332, 86, 168, 6, 110, 36, 47, 90, 296, 215, 232, 128, 57, 234, 229, 219, 144, 149, 83, 300, 318, 345, 131, 185, 322, 116, 225, 45, 20, 153, 244, 199, 61, 158, 191, 142, 304, 257, 316, 211, 94, 317, 280, 160, 101, 41, 104, 202, 112, 205, 108, 276, 52, 93, 326, 11, 213, 67, 289, 306, 58, 331, 33, 339, 73, 4, 311, 321, 312, 34, 121, 102, 238, 15, 28, 113, 40, 140, 176, 281, 95, 341, 150, 49, 259, 346, 208, 171, 26, 305, 109, 268, 154, 172, 260, 155, 44, 279, 127, 336, 118, 256, 22, 324, 240, 43, 347, 84, 161, 299, 329, 8, 54, 254, 180, 212, 16, 218, 46, 237, 35, 264, 42, 50, 255, 115, 103, 334, 231, 29, 291, 135, 96, 308, 328, 210, 63, 92, 151, 184, 14, 233, 123, 283, 152, 226, 141, 148, 55, 275, 166, 18, 13, 10, 59, 68, 243, 181, 169, 236, 214, 292, 170, 195, 136, 251, 69, 265, 294, 303, 32, 282, 270, 53, 186, 179, 348, 327, 5, 198, 23, 293, 187, 159, 137, 330, 165, 134, 314, 285, 173, 350, 320, 74, 51, 319, 343, 288, 157, 227, 12, 197, 27, 204, 344, 25, 230, 325, 258, 248, 286, 272, 263, 183, 190, 290, 252, 267, 88, 17, 209, 250, 188, 206, 56]
(w = 5) Correct Cyclicantibandwidth
Set parameter TimeLimit to value 1800
[runlim] sample:		10.0 time, 10.1 real, 235.7 MB
(w = 6) Value Cyclicantibandwidth: 6
Lables: [284, 171, 7, 21, 182, 217, 143, 85, 2, 220, 246, 338, 48, 82, 222, 72, 167, 117, 87, 194, 163, 98, 126, 261, 302, 66, 31, 138, 162, 147, 216, 1, 62, 333, 174, 38, 335, 313, 201, 245, 129, 77, 239, 120, 178, 221, 145, 124, 164, 297, 253, 241, 19, 65, 207, 301, 287, 125, 274, 3, 9, 323, 80, 349, 79, 271, 307, 298, 277, 60, 228, 130, 114, 247, 70, 273, 133, 37, 262, 91, 196, 75, 200, 39, 156, 315, 64, 223, 71, 89, 189, 340, 266, 111, 100, 177, 81, 242, 269, 97, 119, 78, 249, 132, 193, 235, 105, 122, 203, 278, 295, 76, 224, 342, 150, 319, 234, 309, 192, 99, 310, 175, 107, 139, 106, 332, 86, 168, 6, 110, 36, 47, 90, 296, 215, 232, 128, 57, 144, 229, 219, 18, 149, 83, 300, 318, 345, 131, 185, 322, 116, 225, 45, 20, 153, 244, 199, 61, 158, 191, 142, 304, 257, 316, 211, 94, 317, 280, 160, 101, 41, 104, 202, 112, 205, 108, 276, 52, 93, 326, 11, 213, 67, 289, 306, 58, 331, 33, 339, 73, 4, 311, 321, 312, 34, 121, 102, 238, 15, 28, 113, 40, 140, 176, 281, 95, 341, 17, 49, 259, 346, 208, 265, 26, 305, 109, 268, 154, 172, 260, 155, 44, 279, 127, 336, 118, 256, 22, 324, 240, 43, 347, 84, 161, 299, 329, 8, 54, 254, 180, 212, 16, 218, 46, 237, 35, 264, 42, 50, 255, 115, 103, 334, 231, 29, 291, 30, 96, 308, 328, 210, 63, 92, 151, 184, 14, 233, 123, 283, 152, 226, 141, 148, 55, 275, 166, 248, 13, 10, 59, 68, 243, 181, 169, 236, 214, 292, 170, 195, 136, 251, 69, 135, 294, 303, 32, 282, 270, 53, 186, 179, 348, 327, 337, 198, 23, 293, 187, 159, 137, 330, 165, 134, 146, 285, 173, 350, 320, 74, 51, 5, 343, 288, 157, 227, 24, 197, 27, 204, 344, 25, 230, 325, 258, 12, 286, 272, 314, 183, 190, 290, 252, 267, 88, 250, 209, 56, 263, 188, 206]
(w = 6) Correct Cyclicantibandwidth
Set parameter TimeLimit to value 1800
[runlim] sample:		20.0 time, 20.1 real, 287.4 MB
(w = 7) Value Cyclicantibandwidth: 7
Lables: [284, 112, 7, 21, 182, 217, 143, 85, 2, 220, 246, 338, 48, 82, 222, 72, 167, 117, 87, 194, 163, 3, 126, 261, 302, 66, 31, 138, 162, 147, 216, 1, 62, 333, 174, 38, 335, 313, 201, 245, 129, 77, 239, 120, 178, 221, 145, 124, 164, 297, 253, 241, 19, 65, 207, 301, 287, 125, 274, 324, 9, 323, 80, 349, 79, 271, 307, 298, 277, 60, 228, 130, 114, 247, 70, 273, 133, 37, 262, 91, 196, 75, 200, 39, 156, 315, 64, 223, 71, 89, 189, 340, 266, 111, 100, 177, 81, 242, 269, 97, 119, 78, 249, 132, 193, 235, 105, 122, 203, 278, 295, 76, 224, 342, 150, 319, 30, 309, 192, 99, 310, 175, 107, 139, 106, 332, 86, 168, 6, 110, 36, 47, 90, 296, 215, 232, 128, 57, 234, 292, 219, 144, 44, 83, 300, 318, 345, 131, 185, 322, 116, 225, 45, 20, 153, 244, 199, 61, 158, 191, 142, 304, 257, 316, 211, 94, 317, 280, 160, 101, 41, 104, 202, 98, 205, 108, 276, 52, 93, 326, 11, 149, 67, 289, 306, 58, 331, 33, 339, 73, 4, 311, 321, 312, 34, 121, 102, 238, 15, 28, 113, 40, 140, 176, 281, 95, 341, 17, 49, 259, 346, 208, 171, 26, 305, 109, 268, 154, 172, 260, 155, 22, 279, 127, 336, 118, 256, 330, 248, 240, 43, 347, 84, 161, 299, 329, 8, 54, 254, 180, 212, 16, 218, 46, 237, 35, 264, 42, 50, 255, 115, 103, 334, 231, 29, 291, 135, 96, 308, 328, 210, 63, 92, 151, 184, 14, 233, 123, 283, 152, 226, 141, 148, 55, 275, 166, 18, 288, 10, 59, 68, 243, 181, 169, 236, 214, 88, 170, 195, 136, 251, 69, 265, 294, 303, 32, 282, 270, 53, 186, 179, 348, 327, 337, 198, 23, 293, 187, 159, 137, 25, 13, 134, 146, 285, 173, 350, 320, 213, 51, 5, 343, 56, 157, 227, 24, 197, 27, 165, 344, 204, 230, 325, 229, 258, 286, 272, 314, 183, 190, 290, 252, 267, 206, 250, 209, 74, 12, 188, 263]
(w = 7) Correct Cyclicantibandwidth
Set parameter TimeLimit to value 1800
(w = 8) Value Cyclicantibandwidth: 8
Lables: [284, 42, 7, 21, 182, 217, 143, 85, 2, 220, 246, 338, 48, 82, 222, 72, 167, 117, 87, 194, 163, 98, 126, 261, 302, 66, 31, 138, 162, 147, 216, 1, 62, 333, 174, 38, 335, 313, 201, 245, 129, 77, 239, 120, 178, 221, 145, 124, 164, 297, 253, 241, 19, 65, 207, 301, 287, 125, 274, 3, 341, 323, 80, 349, 79, 271, 307, 298, 277, 60, 228, 130, 114, 247, 70, 273, 133, 37, 262, 91, 196, 75, 200, 39, 156, 315, 64, 223, 71, 89, 189, 340, 266, 111, 100, 177, 81, 242, 269, 97, 119, 78, 249, 132, 193, 235, 105, 122, 203, 278, 295, 76, 224, 342, 150, 319, 30, 309, 192, 99, 310, 175, 107, 139, 106, 332, 86, 168, 6, 110, 36, 47, 90, 296, 215, 232, 128, 57, 234, 292, 219, 144, 44, 83, 300, 318, 345, 131, 185, 322, 116, 225, 45, 20, 153, 244, 199, 61, 158, 191, 142, 304, 257, 316, 211, 94, 317, 280, 160, 101, 41, 104, 202, 112, 205, 108, 276, 52, 93, 326, 11, 149, 67, 289, 306, 58, 331, 33, 339, 73, 4, 311, 321, 312, 186, 121, 102, 238, 15, 28, 113, 40, 140, 176, 281, 95, 69, 337, 49, 259, 346, 208, 171, 26, 305, 109, 268, 154, 172, 260, 155, 22, 279, 127, 336, 118, 256, 330, 35, 240, 43, 347, 84, 161, 299, 329, 8, 54, 254, 180, 212, 16, 218, 46, 237, 214, 264, 34, 9, 255, 115, 103, 334, 231, 29, 291, 135, 96, 308, 328, 210, 63, 92, 151, 184, 14, 233, 123, 283, 152, 226, 141, 248, 55, 275, 166, 18, 288, 10, 59, 68, 243, 181, 169, 236, 285, 88, 170, 195, 136, 251, 23, 265, 294, 303, 32, 282, 270, 53, 148, 179, 348, 327, 5, 198, 229, 293, 187, 159, 137, 25, 13, 134, 146, 227, 173, 350, 320, 213, 51, 27, 343, 56, 324, 183, 50, 197, 12, 165, 344, 204, 230, 325, 258, 209, 286, 272, 157, 314, 190, 290, 252, 267, 206, 17, 263, 74, 250, 188, 24]
(w = 8) Correct Cyclicantibandwidth
Set parameter TimeLimit to value 1800
[runlim] sample:		30.0 time, 30.1 real, 297.6 MB
(w = 9) Value Cyclicantibandwidth: 9
Lables: [284, 59, 7, 21, 182, 217, 143, 85, 2, 220, 246, 338, 48, 82, 222, 72, 167, 117, 87, 194, 163, 98, 126, 261, 302, 66, 31, 138, 162, 147, 216, 1, 62, 278, 174, 38, 335, 313, 201, 245, 129, 77, 239, 120, 178, 221, 145, 124, 164, 297, 253, 241, 19, 65, 207, 301, 287, 125, 274, 3, 341, 323, 80, 349, 79, 271, 307, 298, 277, 60, 228, 130, 114, 247, 70, 273, 133, 37, 262, 91, 196, 75, 200, 39, 156, 315, 64, 223, 71, 89, 189, 340, 266, 111, 100, 177, 81, 242, 269, 97, 119, 78, 249, 132, 193, 235, 105, 122, 203, 219, 295, 76, 224, 342, 150, 319, 30, 309, 192, 99, 310, 175, 107, 139, 106, 332, 86, 168, 6, 110, 36, 47, 90, 296, 215, 232, 128, 57, 234, 292, 333, 144, 44, 83, 300, 318, 345, 131, 185, 322, 116, 225, 45, 20, 153, 244, 199, 61, 158, 191, 142, 304, 257, 316, 211, 94, 317, 280, 160, 101, 41, 104, 202, 112, 205, 108, 276, 52, 93, 326, 11, 149, 67, 289, 306, 58, 331, 33, 339, 73, 4, 311, 321, 312, 34, 121, 102, 238, 15, 28, 113, 40, 140, 176, 281, 95, 69, 337, 49, 259, 346, 208, 171, 26, 305, 109, 268, 154, 172, 260, 155, 22, 279, 127, 336, 118, 256, 330, 35, 240, 43, 347, 84, 161, 299, 329, 8, 54, 254, 180, 212, 16, 218, 46, 237, 214, 264, 42, 9, 255, 115, 103, 334, 231, 29, 291, 135, 96, 308, 328, 210, 63, 92, 151, 184, 14, 233, 123, 283, 152, 226, 141, 13, 55, 275, 166, 18, 288, 10, 190, 68, 243, 181, 169, 236, 285, 88, 248, 195, 136, 251, 23, 265, 294, 148, 32, 282, 270, 53, 186, 137, 348, 327, 5, 198, 229, 293, 187, 303, 74, 25, 165, 134, 146, 227, 173, 350, 320, 213, 51, 27, 343, 56, 324, 183, 50, 159, 12, 204, 344, 188, 230, 325, 258, 197, 286, 179, 157, 314, 272, 290, 252, 267, 206, 170, 17, 250, 263, 24, 209]
(w = 9) Correct Cyclicantibandwidth
Set parameter TimeLimit to value 1800
[runlim] sample:		40.0 time, 40.1 real, 327.3 MB
(w = 10) Value Cyclicantibandwidth: 10
Lables: [284, 59, 7, 21, 182, 217, 143, 85, 2, 220, 246, 338, 48, 82, 222, 72, 167, 117, 87, 194, 163, 98, 126, 261, 302, 66, 31, 138, 162, 147, 216, 1, 62, 333, 174, 38, 335, 313, 201, 245, 129, 77, 165, 120, 178, 221, 145, 124, 164, 297, 253, 241, 19, 65, 207, 301, 287, 125, 274, 3, 341, 323, 80, 349, 79, 271, 248, 298, 277, 60, 228, 130, 114, 247, 70, 273, 133, 37, 262, 91, 196, 75, 200, 39, 156, 315, 64, 223, 71, 89, 189, 340, 266, 111, 100, 177, 81, 242, 269, 97, 119, 78, 249, 132, 193, 235, 105, 122, 203, 278, 295, 76, 224, 342, 150, 319, 30, 309, 192, 99, 310, 175, 107, 139, 106, 332, 86, 168, 6, 110, 36, 47, 90, 296, 215, 232, 128, 57, 234, 292, 219, 144, 44, 83, 300, 318, 345, 131, 185, 322, 116, 225, 45, 20, 153, 244, 199, 61, 158, 191, 142, 304, 257, 316, 211, 94, 317, 280, 160, 101, 41, 104, 202, 112, 205, 108, 276, 52, 93, 326, 11, 149, 67, 289, 306, 58, 331, 33, 339, 73, 4, 311, 239, 312, 34, 121, 102, 238, 15, 28, 113, 40, 140, 176, 281, 95, 69, 337, 49, 259, 346, 208, 171, 26, 305, 109, 268, 154, 172, 260, 155, 22, 279, 127, 336, 118, 256, 330, 35, 240, 43, 347, 84, 161, 299, 329, 8, 54, 254, 180, 212, 16, 218, 46, 237, 214, 264, 42, 9, 255, 115, 103, 334, 231, 29, 291, 135, 96, 308, 328, 210, 63, 92, 151, 184, 14, 233, 123, 283, 152, 226, 141, 13, 55, 275, 166, 18, 288, 10, 307, 68, 243, 181, 169, 236, 285, 88, 173, 195, 136, 251, 23, 265, 294, 148, 32, 282, 270, 53, 186, 137, 348, 327, 5, 198, 229, 293, 187, 303, 74, 25, 321, 134, 146, 227, 286, 170, 320, 213, 51, 27, 343, 56, 350, 183, 50, 159, 12, 204, 344, 188, 230, 290, 258, 197, 325, 179, 157, 324, 272, 209, 252, 267, 206, 314, 17, 250, 263, 190, 24]
(w = 10) Correct Cyclicantibandwidth
Set parameter TimeLimit to value 1800
(w = 11) Value Cyclicantibandwidth: 11
Lables: [284, 112, 7, 21, 182, 217, 143, 85, 2, 220, 246, 338, 48, 82, 222, 72, 167, 117, 87, 194, 163, 293, 126, 261, 302, 66, 31, 138, 162, 147, 216, 1, 62, 333, 174, 38, 335, 313, 201, 245, 129, 77, 239, 120, 178, 221, 145, 124, 164, 297, 253, 241, 19, 65, 207, 301, 287, 125, 274, 3, 341, 323, 80, 349, 79, 271, 307, 185, 277, 60, 228, 130, 114, 247, 70, 273, 133, 37, 262, 91, 196, 75, 200, 39, 156, 315, 64, 223, 71, 89, 189, 340, 266, 111, 100, 177, 81, 242, 269, 97, 119, 78, 249, 132, 193, 235, 105, 122, 203, 278, 295, 76, 224, 342, 150, 319, 30, 309, 192, 99, 310, 175, 107, 139, 106, 332, 86, 168, 6, 110, 36, 47, 90, 296, 215, 232, 128, 57, 234, 292, 219, 144, 44, 83, 300, 318, 345, 131, 55, 322, 116, 225, 45, 20, 153, 244, 199, 61, 158, 191, 142, 304, 257, 316, 211, 94, 317, 280, 160, 101, 41, 104, 202, 98, 205, 108, 276, 52, 93, 326, 11, 149, 67, 289, 306, 58, 331, 33, 339, 73, 4, 311, 248, 14, 34, 121, 102, 238, 15, 28, 113, 40, 140, 176, 281, 95, 69, 337, 49, 259, 346, 208, 171, 26, 305, 109, 268, 154, 172, 260, 155, 22, 279, 127, 336, 118, 256, 330, 35, 240, 43, 347, 84, 161, 299, 329, 8, 54, 254, 180, 212, 16, 218, 46, 237, 298, 264, 42, 9, 255, 115, 103, 334, 231, 29, 291, 135, 96, 308, 328, 210, 63, 92, 151, 184, 312, 233, 123, 283, 152, 226, 141, 13, 344, 275, 166, 18, 288, 10, 59, 314, 243, 181, 169, 236, 214, 88, 173, 195, 136, 251, 23, 265, 294, 148, 32, 282, 270, 53, 186, 137, 348, 327, 5, 198, 229, 68, 321, 303, 74, 25, 165, 134, 146, 285, 230, 170, 320, 213, 51, 27, 343, 56, 350, 227, 50, 159, 12, 204, 252, 188, 250, 290, 258, 187, 286, 179, 157, 183, 325, 272, 24, 197, 267, 324, 17, 206, 263, 190, 209]
(w = 11) Correct Cyclicantibandwidth
Set parameter TimeLimit to value 1800
[runlim] sample:		50.1 time, 50.1 real, 356.1 MB
(w = 12) Value Cyclicantibandwidth: 12
Lables: [284, 162, 7, 21, 182, 217, 143, 85, 2, 220, 246, 338, 48, 82, 222, 72, 167, 117, 87, 194, 163, 98, 126, 261, 302, 66, 31, 138, 111, 147, 216, 1, 62, 333, 174, 38, 335, 313, 201, 245, 129, 77, 239, 120, 178, 221, 145, 124, 164, 297, 253, 241, 19, 65, 207, 301, 287, 125, 274, 3, 341, 323, 80, 349, 79, 271, 307, 185, 277, 60, 228, 130, 114, 247, 70, 273, 133, 37, 262, 91, 196, 75, 200, 39, 156, 315, 64, 223, 71, 89, 189, 340, 266, 36, 100, 177, 81, 242, 269, 97, 119, 78, 249, 132, 193, 235, 105, 122, 203, 278, 295, 76, 224, 342, 150, 319, 30, 309, 192, 99, 310, 175, 107, 139, 106, 332, 86, 168, 6, 110, 248, 47, 90, 296, 215, 232, 128, 57, 234, 292, 219, 144, 44, 83, 300, 318, 345, 131, 55, 322, 116, 225, 45, 20, 153, 244, 199, 61, 158, 191, 142, 304, 257, 316, 211, 94, 317, 280, 160, 101, 41, 104, 202, 112, 205, 108, 276, 52, 93, 326, 11, 149, 67, 289, 306, 58, 331, 33, 339, 73, 4, 311, 255, 312, 34, 121, 102, 238, 15, 28, 113, 40, 140, 176, 281, 95, 69, 337, 49, 259, 346, 208, 171, 26, 305, 109, 268, 154, 172, 260, 155, 22, 279, 127, 336, 118, 256, 330, 35, 240, 43, 347, 84, 161, 299, 329, 8, 54, 254, 180, 212, 16, 218, 46, 237, 298, 264, 42, 9, 286, 115, 103, 334, 231, 29, 291, 135, 321, 308, 328, 210, 63, 92, 151, 184, 14, 233, 123, 283, 152, 226, 141, 13, 344, 275, 166, 18, 288, 10, 59, 314, 243, 181, 169, 236, 214, 88, 173, 195, 136, 251, 23, 265, 294, 148, 32, 282, 270, 53, 186, 137, 348, 327, 5, 198, 229, 68, 293, 159, 74, 25, 165, 96, 146, 285, 303, 170, 320, 213, 51, 27, 343, 56, 350, 134, 50, 187, 227, 204, 252, 188, 230, 290, 258, 12, 325, 179, 157, 183, 272, 209, 24, 197, 250, 324, 17, 267, 190, 206, 263]
(w = 12) Correct Cyclicantibandwidth
Set parameter TimeLimit to value 1800
[runlim] sample:		60.1 time, 60.1 real, 345.3 MB
(w = 13) Value Cyclicantibandwidth: 13
Lables: [284, 111, 7, 21, 182, 217, 143, 85, 2, 220, 246, 338, 48, 82, 222, 72, 167, 117, 87, 194, 163, 98, 126, 90, 302, 66, 31, 138, 162, 147, 216, 1, 62, 333, 174, 38, 335, 313, 201, 245, 129, 77, 239, 120, 178, 221, 145, 124, 164, 297, 3, 241, 19, 65, 207, 301, 287, 125, 274, 253, 341, 323, 80, 349, 79, 271, 307, 185, 277, 60, 228, 130, 114, 247, 70, 273, 133, 37, 262, 91, 196, 75, 200, 39, 156, 315, 64, 223, 71, 89, 189, 340, 266, 288, 171, 190, 81, 242, 269, 97, 119, 78, 249, 132, 193, 235, 105, 122, 203, 278, 295, 76, 224, 342, 150, 319, 30, 309, 192, 99, 310, 175, 107, 139, 106, 332, 86, 168, 6, 110, 36, 199, 181, 296, 215, 232, 128, 57, 234, 292, 219, 144, 44, 83, 300, 318, 345, 131, 55, 322, 116, 225, 45, 20, 153, 244, 101, 61, 158, 191, 142, 304, 257, 316, 211, 94, 317, 280, 160, 176, 41, 104, 202, 112, 205, 108, 276, 52, 93, 326, 11, 149, 67, 289, 306, 58, 331, 33, 339, 73, 4, 311, 255, 312, 34, 121, 102, 238, 15, 28, 113, 40, 140, 29, 281, 95, 69, 337, 49, 259, 346, 208, 127, 26, 305, 109, 268, 154, 172, 47, 155, 22, 279, 308, 336, 118, 256, 330, 35, 240, 43, 347, 84, 161, 299, 329, 8, 54, 254, 180, 212, 16, 218, 46, 237, 298, 264, 42, 9, 286, 115, 103, 334, 231, 258, 291, 135, 321, 18, 328, 210, 63, 92, 151, 184, 100, 233, 123, 283, 152, 226, 141, 13, 344, 275, 166, 270, 248, 10, 59, 314, 243, 261, 169, 236, 214, 88, 260, 195, 14, 251, 23, 265, 294, 148, 32, 282, 68, 53, 186, 137, 348, 327, 5, 198, 229, 293, 187, 303, 74, 25, 177, 96, 146, 285, 173, 350, 320, 213, 51, 27, 343, 56, 324, 134, 50, 159, 227, 165, 206, 170, 230, 290, 209, 12, 325, 204, 157, 136, 272, 188, 252, 197, 24, 250, 17, 267, 183, 263, 179]
(w = 13) Correct Cyclicantibandwidth
Set parameter TimeLimit to value 1800
[runlim] sample:		70.1 time, 70.1 real, 346.9 MB
(w = 14) Value Cyclicantibandwidth: 14
Lables: [284, 28, 7, 21, 182, 217, 143, 85, 2, 220, 246, 338, 48, 82, 222, 72, 167, 117, 87, 194, 163, 98, 126, 261, 302, 66, 31, 138, 162, 147, 216, 1, 62, 333, 174, 38, 335, 313, 201, 245, 129, 77, 239, 120, 178, 221, 145, 124, 164, 297, 253, 206, 19, 65, 207, 301, 287, 125, 274, 3, 175, 323, 80, 349, 79, 271, 307, 185, 277, 60, 228, 130, 114, 247, 70, 273, 133, 37, 262, 91, 196, 75, 200, 39, 156, 315, 64, 223, 71, 89, 189, 340, 266, 111, 171, 190, 81, 242, 269, 97, 119, 78, 249, 132, 193, 235, 105, 122, 203, 278, 295, 76, 224, 342, 150, 319, 30, 309, 192, 99, 310, 270, 107, 139, 106, 332, 86, 168, 6, 110, 36, 199, 90, 296, 215, 232, 128, 57, 234, 292, 219, 144, 44, 83, 300, 318, 345, 131, 55, 322, 116, 225, 45, 20, 153, 244, 101, 61, 158, 191, 142, 304, 257, 316, 211, 94, 317, 280, 160, 176, 41, 104, 202, 112, 205, 108, 276, 52, 93, 326, 11, 149, 67, 289, 241, 58, 331, 306, 339, 73, 4, 311, 255, 312, 34, 121, 102, 238, 15, 248, 113, 40, 140, 33, 281, 95, 341, 17, 49, 259, 346, 208, 127, 26, 305, 109, 268, 154, 172, 47, 155, 22, 279, 308, 336, 118, 256, 330, 35, 240, 43, 347, 84, 161, 299, 329, 8, 54, 254, 180, 212, 16, 218, 46, 237, 298, 264, 42, 9, 286, 115, 103, 334, 231, 29, 291, 135, 321, 18, 328, 210, 63, 92, 151, 184, 100, 233, 123, 283, 152, 226, 141, 13, 344, 275, 166, 12, 288, 10, 59, 314, 243, 181, 258, 236, 214, 88, 260, 195, 14, 251, 69, 265, 294, 148, 32, 282, 68, 53, 186, 137, 348, 327, 5, 198, 23, 293, 187, 303, 74, 25, 177, 96, 146, 285, 173, 350, 320, 213, 51, 27, 343, 56, 324, 134, 50, 169, 227, 165, 204, 170, 230, 290, 229, 197, 325, 179, 157, 136, 337, 272, 252, 159, 24, 250, 209, 267, 183, 263, 188]
(w = 14) Correct Cyclicantibandwidth
Set parameter TimeLimit to value 1800
[runlim] sample:		80.1 time, 80.1 real, 380.5 MB
(w = 15) Value Cyclicantibandwidth: 15
Lables: [284, 7, 261, 21, 182, 217, 143, 85, 2, 220, 246, 338, 48, 82, 222, 72, 167, 117, 87, 194, 163, 98, 126, 183, 302, 66, 31, 138, 162, 147, 216, 1, 62, 333, 174, 38, 335, 313, 201, 245, 129, 77, 239, 120, 178, 221, 145, 124, 164, 297, 253, 206, 19, 65, 207, 99, 287, 125, 274, 3, 175, 323, 80, 349, 79, 271, 307, 185, 202, 60, 228, 130, 114, 247, 70, 273, 133, 37, 262, 91, 196, 75, 200, 39, 156, 315, 64, 223, 71, 89, 189, 340, 266, 111, 171, 190, 81, 242, 269, 97, 119, 78, 249, 132, 193, 235, 105, 122, 203, 278, 295, 76, 224, 342, 150, 319, 30, 309, 192, 334, 310, 270, 107, 139, 106, 332, 86, 168, 6, 110, 36, 199, 90, 296, 248, 232, 128, 57, 234, 292, 219, 144, 44, 83, 300, 318, 345, 131, 55, 322, 116, 225, 45, 20, 153, 244, 101, 61, 158, 191, 142, 304, 257, 316, 211, 94, 317, 280, 160, 176, 41, 104, 301, 112, 205, 108, 276, 52, 93, 326, 11, 149, 67, 289, 241, 58, 331, 306, 339, 73, 4, 311, 255, 312, 34, 121, 102, 238, 15, 208, 113, 40, 140, 33, 281, 95, 341, 17, 49, 259, 346, 256, 127, 26, 305, 109, 268, 154, 172, 47, 155, 22, 279, 308, 336, 118, 159, 330, 35, 240, 43, 347, 84, 161, 299, 329, 8, 54, 254, 180, 212, 16, 218, 46, 237, 298, 264, 42, 9, 286, 115, 103, 277, 231, 29, 291, 135, 321, 18, 328, 210, 63, 28, 151, 184, 100, 233, 123, 283, 152, 226, 141, 13, 344, 275, 166, 12, 288, 10, 59, 314, 243, 92, 169, 236, 214, 88, 260, 195, 14, 251, 69, 265, 294, 148, 32, 282, 68, 53, 186, 137, 348, 327, 5, 198, 23, 293, 187, 303, 74, 25, 177, 96, 146, 285, 173, 350, 320, 213, 51, 27, 343, 56, 324, 134, 50, 197, 227, 165, 204, 170, 230, 290, 229, 258, 325, 179, 157, 136, 337, 272, 252, 267, 24, 250, 209, 181, 263, 188, 215]
(w = 15) Correct Cyclicantibandwidth
Set parameter TimeLimit to value 1800
[runlim] sample:		90.1 time, 90.1 real, 357.1 MB
(w = 16) Value Cyclicantibandwidth: 16
Lables: [284, 162, 7, 145, 182, 217, 143, 85, 2, 220, 246, 338, 48, 82, 222, 72, 167, 117, 87, 194, 163, 98, 126, 261, 302, 66, 31, 138, 225, 147, 216, 1, 62, 333, 174, 38, 335, 313, 201, 245, 129, 77, 239, 120, 178, 221, 112, 192, 164, 297, 253, 206, 19, 65, 207, 301, 79, 125, 187, 3, 175, 323, 80, 349, 103, 274, 307, 185, 277, 60, 228, 130, 114, 247, 70, 273, 133, 37, 262, 91, 196, 75, 200, 39, 156, 315, 64, 223, 71, 89, 189, 340, 266, 111, 171, 190, 81, 242, 269, 97, 119, 78, 249, 124, 193, 235, 105, 122, 203, 278, 295, 76, 224, 342, 150, 319, 30, 309, 142, 99, 310, 270, 107, 139, 106, 332, 86, 168, 6, 110, 36, 199, 90, 248, 215, 232, 128, 57, 234, 292, 219, 144, 44, 132, 300, 318, 345, 131, 55, 322, 116, 296, 45, 20, 153, 244, 101, 61, 158, 191, 265, 304, 257, 316, 211, 94, 317, 280, 160, 176, 41, 104, 202, 226, 205, 108, 276, 83, 51, 326, 11, 149, 67, 287, 241, 58, 331, 306, 339, 73, 4, 311, 255, 312, 34, 121, 102, 238, 15, 208, 113, 40, 140, 33, 281, 95, 341, 17, 49, 259, 346, 256, 127, 26, 305, 109, 268, 154, 172, 47, 155, 22, 289, 308, 336, 118, 159, 330, 35, 240, 43, 347, 84, 161, 299, 329, 8, 54, 254, 180, 212, 16, 218, 46, 237, 298, 264, 42, 9, 286, 115, 267, 334, 231, 29, 291, 135, 321, 18, 328, 210, 63, 28, 151, 184, 100, 233, 123, 283, 152, 209, 141, 13, 344, 275, 166, 12, 288, 10, 59, 314, 243, 92, 169, 236, 214, 88, 260, 195, 14, 251, 93, 69, 294, 148, 52, 282, 21, 53, 186, 137, 348, 327, 32, 198, 23, 68, 293, 134, 74, 25, 279, 96, 146, 285, 303, 170, 320, 213, 5, 27, 343, 56, 350, 227, 50, 173, 252, 165, 204, 188, 230, 290, 229, 258, 325, 179, 157, 136, 337, 272, 24, 197, 250, 324, 183, 263, 181, 271, 177]
(w = 16) Correct Cyclicantibandwidth
Set parameter TimeLimit to value 1800
[runlim] sample:		100.1 time, 100.1 real, 399.2 MB
(w = 17) Value Cyclicantibandwidth: 17
Lables: [284, 56, 7, 145, 182, 217, 143, 85, 2, 220, 246, 338, 48, 82, 222, 72, 167, 117, 87, 194, 163, 98, 126, 261, 302, 66, 31, 138, 162, 296, 216, 1, 62, 333, 174, 38, 335, 313, 201, 245, 129, 77, 239, 120, 178, 221, 112, 192, 164, 297, 253, 206, 19, 65, 207, 301, 79, 125, 274, 3, 175, 323, 80, 349, 103, 271, 307, 185, 277, 60, 228, 130, 176, 247, 70, 273, 133, 37, 262, 91, 196, 75, 200, 39, 156, 315, 64, 223, 71, 89, 189, 340, 266, 111, 171, 190, 81, 242, 269, 97, 119, 78, 249, 124, 193, 235, 105, 122, 203, 278, 295, 76, 224, 342, 150, 319, 30, 309, 142, 99, 310, 270, 248, 139, 106, 332, 86, 168, 6, 110, 36, 199, 90, 42, 215, 232, 128, 57, 234, 292, 219, 144, 44, 132, 300, 318, 345, 131, 55, 322, 116, 225, 45, 20, 153, 244, 101, 61, 158, 191, 265, 304, 257, 316, 211, 94, 317, 280, 160, 114, 41, 104, 202, 226, 205, 108, 276, 83, 51, 326, 11, 149, 67, 287, 241, 58, 331, 306, 339, 73, 4, 311, 255, 312, 34, 121, 102, 238, 15, 208, 113, 40, 140, 33, 281, 95, 341, 17, 49, 259, 346, 256, 127, 26, 305, 109, 268, 154, 172, 47, 155, 22, 289, 308, 336, 118, 159, 330, 35, 240, 43, 147, 84, 161, 299, 329, 8, 54, 254, 180, 212, 16, 218, 46, 237, 298, 264, 188, 9, 286, 115, 267, 334, 231, 29, 291, 135, 321, 18, 328, 210, 63, 28, 151, 184, 100, 233, 123, 283, 152, 209, 141, 13, 344, 275, 166, 12, 288, 10, 59, 314, 243, 92, 169, 236, 214, 88, 347, 195, 14, 251, 93, 69, 294, 148, 52, 327, 21, 53, 186, 137, 348, 258, 32, 198, 23, 68, 293, 134, 74, 25, 279, 96, 146, 285, 303, 170, 320, 213, 260, 5, 230, 187, 350, 227, 50, 173, 27, 165, 204, 252, 337, 290, 229, 282, 325, 179, 157, 136, 272, 24, 263, 197, 343, 324, 183, 250, 181, 107, 177]
(w = 17) Correct Cyclicantibandwidth
Set parameter TimeLimit to value 1800
[runlim] sample:		110.1 time, 110.1 real, 440.7 MB
(w = 18) Value Cyclicantibandwidth: 18
Lables: [284, 99, 7, 145, 182, 217, 143, 85, 2, 220, 246, 338, 48, 82, 222, 72, 167, 117, 87, 194, 163, 98, 126, 261, 302, 66, 31, 138, 162, 296, 216, 1, 62, 333, 174, 38, 335, 313, 201, 245, 129, 77, 239, 120, 178, 221, 112, 192, 164, 297, 253, 206, 19, 65, 207, 301, 79, 125, 274, 3, 175, 323, 80, 349, 103, 271, 307, 185, 277, 60, 228, 130, 181, 247, 70, 273, 133, 37, 262, 91, 196, 75, 200, 39, 156, 315, 64, 223, 71, 89, 189, 340, 266, 111, 171, 190, 81, 242, 269, 97, 119, 78, 249, 124, 193, 235, 105, 122, 203, 248, 295, 76, 224, 342, 150, 319, 30, 309, 142, 202, 310, 270, 107, 139, 106, 332, 86, 168, 6, 110, 36, 199, 90, 42, 215, 237, 128, 57, 234, 292, 219, 144, 44, 132, 300, 318, 345, 131, 55, 322, 116, 225, 45, 20, 153, 244, 101, 61, 158, 191, 265, 304, 257, 316, 211, 94, 317, 280, 160, 325, 41, 104, 278, 226, 205, 108, 276, 83, 51, 326, 11, 149, 67, 287, 241, 58, 232, 306, 339, 73, 4, 311, 255, 312, 34, 121, 102, 238, 15, 208, 113, 40, 140, 176, 281, 95, 341, 17, 49, 259, 346, 256, 127, 26, 305, 109, 268, 154, 172, 47, 155, 22, 289, 308, 336, 118, 159, 330, 35, 240, 43, 147, 84, 161, 299, 329, 8, 54, 254, 180, 212, 16, 218, 46, 187, 298, 264, 188, 9, 286, 115, 267, 334, 231, 29, 291, 135, 321, 18, 328, 210, 114, 28, 151, 184, 100, 233, 123, 283, 152, 209, 141, 13, 344, 275, 166, 12, 288, 10, 59, 314, 243, 92, 169, 236, 214, 88, 347, 195, 14, 251, 93, 69, 294, 148, 52, 327, 21, 53, 186, 137, 348, 258, 32, 198, 23, 68, 293, 134, 74, 25, 279, 96, 146, 285, 303, 170, 63, 213, 260, 5, 230, 56, 320, 227, 50, 350, 27, 165, 204, 33, 250, 290, 229, 282, 136, 179, 157, 183, 337, 272, 252, 197, 24, 343, 324, 173, 263, 177, 331]
(w = 18) Correct Cyclicantibandwidth
Set parameter TimeLimit to value 1800
[runlim] sample:		120.2 time, 120.1 real, 442.5 MB
[runlim] sample:		130.2 time, 130.1 real, 490.8 MB
(w = 19) Value Cyclicantibandwidth: 19
Lables: [284, 99, 7, 145, 182, 217, 143, 85, 2, 220, 246, 338, 48, 82, 222, 72, 167, 117, 87, 194, 163, 98, 126, 261, 302, 66, 31, 138, 162, 296, 216, 1, 62, 333, 174, 38, 335, 313, 201, 245, 129, 77, 239, 120, 178, 221, 112, 192, 164, 297, 253, 206, 19, 65, 207, 301, 79, 125, 274, 3, 175, 323, 80, 349, 103, 271, 307, 185, 277, 60, 228, 130, 181, 247, 70, 273, 133, 37, 262, 91, 196, 75, 200, 39, 156, 315, 64, 223, 71, 89, 189, 340, 266, 111, 171, 190, 81, 242, 269, 97, 119, 78, 249, 124, 193, 235, 105, 122, 203, 278, 219, 76, 224, 342, 150, 319, 30, 309, 142, 227, 310, 270, 107, 139, 106, 332, 86, 168, 6, 110, 36, 199, 90, 42, 215, 322, 128, 57, 234, 292, 88, 144, 44, 132, 285, 318, 345, 131, 55, 93, 116, 225, 45, 20, 153, 244, 295, 61, 158, 191, 265, 304, 257, 316, 211, 94, 317, 280, 160, 101, 41, 104, 202, 226, 205, 108, 276, 83, 51, 326, 11, 149, 67, 287, 241, 58, 331, 306, 339, 73, 4, 311, 255, 312, 34, 121, 102, 238, 15, 208, 113, 40, 140, 176, 281, 95, 341, 17, 49, 259, 346, 232, 127, 26, 305, 109, 268, 300, 172, 47, 155, 22, 289, 308, 336, 118, 256, 330, 35, 240, 43, 147, 84, 161, 299, 329, 8, 54, 254, 180, 212, 16, 218, 46, 237, 298, 264, 188, 9, 286, 115, 267, 334, 231, 29, 291, 135, 321, 18, 328, 210, 114, 28, 151, 184, 100, 233, 123, 283, 152, 209, 141, 13, 344, 275, 166, 12, 288, 10, 59, 314, 243, 92, 169, 236, 214, 170, 347, 195, 14, 251, 69, 5, 294, 148, 52, 327, 21, 53, 186, 137, 348, 258, 32, 198, 23, 68, 293, 159, 74, 25, 279, 96, 146, 154, 303, 350, 63, 213, 260, 27, 343, 56, 320, 134, 50, 173, 248, 165, 204, 33, 230, 290, 229, 282, 325, 179, 157, 136, 337, 272, 252, 197, 24, 324, 183, 250, 187, 263, 177]
(w = 19) Correct Cyclicantibandwidth
Set parameter TimeLimit to value 1800
[runlim] sample:		140.2 time, 140.1 real, 455.7 MB
(w = 20) Value Cyclicantibandwidth: 20
Lables: [284, 152, 7, 145, 182, 217, 143, 85, 2, 220, 246, 338, 48, 82, 222, 72, 167, 117, 87, 194, 163, 98, 126, 261, 302, 66, 31, 138, 162, 296, 216, 1, 62, 333, 174, 38, 335, 313, 201, 245, 129, 77, 239, 120, 178, 221, 112, 192, 164, 297, 253, 206, 19, 65, 207, 301, 79, 125, 274, 3, 175, 323, 80, 349, 103, 271, 307, 185, 277, 60, 228, 130, 181, 247, 70, 273, 133, 37, 262, 91, 196, 75, 200, 39, 156, 315, 64, 223, 71, 89, 189, 340, 266, 111, 308, 190, 81, 242, 269, 97, 119, 78, 249, 124, 193, 235, 105, 122, 203, 278, 219, 76, 224, 342, 150, 319, 30, 309, 142, 99, 310, 270, 107, 139, 106, 332, 86, 168, 6, 110, 36, 199, 90, 42, 215, 322, 128, 57, 234, 292, 88, 144, 44, 132, 300, 324, 345, 131, 55, 93, 116, 225, 45, 20, 153, 244, 295, 61, 158, 191, 265, 304, 257, 316, 211, 94, 317, 280, 160, 101, 41, 104, 202, 226, 205, 108, 276, 83, 51, 326, 11, 149, 67, 287, 241, 58, 331, 306, 339, 73, 4, 311, 255, 312, 34, 171, 102, 238, 15, 208, 113, 40, 140, 176, 281, 95, 121, 337, 49, 259, 346, 232, 127, 26, 305, 109, 268, 154, 290, 47, 155, 22, 289, 248, 336, 118, 256, 330, 35, 240, 43, 147, 84, 161, 299, 329, 8, 54, 254, 180, 212, 16, 218, 46, 237, 298, 264, 188, 9, 286, 115, 267, 334, 231, 29, 291, 172, 321, 18, 328, 210, 114, 28, 151, 184, 100, 233, 318, 283, 123, 209, 141, 13, 341, 275, 166, 12, 288, 10, 59, 314, 243, 92, 169, 236, 214, 170, 347, 195, 14, 251, 69, 17, 294, 148, 52, 327, 21, 53, 186, 137, 348, 258, 32, 198, 23, 68, 293, 159, 74, 25, 279, 96, 146, 285, 173, 350, 303, 213, 260, 5, 230, 56, 320, 134, 50, 187, 227, 165, 135, 33, 250, 63, 229, 282, 325, 204, 157, 136, 344, 272, 252, 27, 343, 179, 263, 197, 177, 24, 183]
(w = 20) Correct Cyclicantibandwidth
Set parameter TimeLimit to value 1800
[runlim] sample:		150.2 time, 150.1 real, 466.2 MB
[runlim] end:			Tue Nov  4 06:42:59 2025
[runlim] status:		out of time
[runlim] result:		2
[runlim] children:		0
[runlim] real:			150.11 seconds
[runlim] time:			150.21 seconds
[runlim] space:			494.8 MB
[runlim] samples:		1500
