[runlim] version:		1.10
[runlim] time limit:		311040000 seconds
[runlim] real time limit:	150 seconds
[runlim] space limit:		30000 MB
[runlim] argv[0]:		python3
[runlim] argv[1]:		model.py
[runlim] argv[2]:		./graph/caterpillar/caterpillar_9_4.txt
[runlim] start:			Tue Nov  4 05:46:03 2025
[runlim] main pid:		58018
[runlim] log captured:
Set parameter WLSAccessID
Set parameter WLSSecret
Set parameter LicenseID to value 2663665
Academic license 2663665 - for non-commercial use only - registered to tu___@vnu.edu.vn
Set parameter TimeLimit to value 1800
(w = 4) Value Cyclicantibandwidth: 4
Lables: [24, 2, 6, 23, 12, 16, 22, 31, 8, 28, 7, 3, 20, 5, 35, 32, 1, 33, 10, 17, 34, 29, 11, 30, 4, 13, 21, 36, 19, 26, 18, 25, 14, 27, 9, 15]
(w = 4) Correct Cyclicantibandwidth
Set parameter TimeLimit to value 1800
(w = 5) Value Cyclicantibandwidth: 5
Lables: [29, 15, 6, 23, 28, 16, 22, 31, 9, 2, 26, 5, 20, 30, 36, 32, 1, 12, 10, 17, 7, 19, 11, 24, 4, 13, 21, 34, 14, 33, 18, 25, 35, 3, 27, 8]
(w = 5) Correct Cyclicantibandwidth
Set parameter TimeLimit to value 1800
(w = 6) Value Cyclicantibandwidth: 6
Lables: [24, 14, 3, 23, 5, 16, 22, 31, 8, 2, 26, 9, 20, 28, 36, 32, 4, 12, 10, 17, 7, 19, 11, 30, 27, 13, 21, 34, 25, 33, 18, 35, 15, 1, 29, 6]
(w = 6) Correct Cyclicantibandwidth
Set parameter TimeLimit to value 1800
(w = 7) Value Cyclicantibandwidth: 7
Lables: [24, 13, 6, 23, 14, 21, 11, 31, 8, 2, 26, 9, 28, 5, 20, 32, 3, 12, 10, 17, 7, 29, 4, 30, 1, 15, 25, 36, 19, 33, 18, 34, 27, 16, 35, 22]
(w = 7) Correct Cyclicantibandwidth
Set parameter TimeLimit to value 1800
(w = 8) Value Cyclicantibandwidth: 8
Lables: [32, 14, 3, 23, 5, 29, 19, 36, 17, 11, 26, 1, 28, 8, 20, 16, 7, 24, 10, 34, 18, 31, 15, 4, 21, 13, 35, 30, 9, 33, 27, 2, 12, 25, 6, 22]
(w = 8) Correct Cyclicantibandwidth
Set parameter TimeLimit to value 1800
(w = 9) Value Cyclicantibandwidth: 9
Lables: [24, 3, 18, 30, 16, 33, 13, 22, 8, 2, 26, 4, 20, 36, 27, 32, 6, 17, 19, 28, 7, 1, 11, 31, 15, 5, 29, 23, 12, 34, 9, 25, 10, 21, 35, 14]
(w = 9) Correct Cyclicantibandwidth
Set parameter TimeLimit to value 1800
(w = 10) Value Cyclicantibandwidth: 10
Lables: [13, 2, 18, 30, 9, 33, 14, 31, 8, 1, 26, 12, 20, 5, 27, 32, 6, 29, 10, 28, 7, 25, 11, 21, 15, 3, 16, 4, 19, 34, 17, 36, 23, 24, 35, 22]
(w = 10) Correct Cyclicantibandwidth
Set parameter TimeLimit to value 1800
(w = 11) Value Cyclicantibandwidth: 11
Lables: [6, 18, 7, 22, 1, 12, 23, 2, 13, 17, 3, 28, 5, 21, 32, 20, 4, 29, 8, 19, 30, 14, 25, 36, 24, 9, 34, 10, 26, 15, 27, 11, 31, 35, 16, 33]
(w = 11) Correct Cyclicantibandwidth
Set parameter TimeLimit to value 1800
(w = 12) Value Cyclicantibandwidth: 12
Lables: [33, 9, 25, 12, 34, 21, 1, 15, 30, 20, 32, 18, 29, 5, 19, 11, 35, 17, 36, 24, 6, 13, 26, 3, 8, 27, 10, 22, 2, 16, 31, 14, 28, 7, 23, 4]
(w = 12) Correct Cyclicantibandwidth
Set parameter TimeLimit to value 1800
(w = 13) Value Cyclicantibandwidth: 13
Lables: [3, 18, 5, 19, 1, 14, 27, 4, 17, 16, 29, 12, 2, 15, 33, 20, 6, 24, 32, 9, 25, 21, 7, 26, 28, 8, 31, 10, 23, 36, 22, 35, 13, 30, 11, 34]
(w = 13) Correct Cyclicantibandwidth
Set parameter TimeLimit to value 1800
(w = 14) Value Cyclicantibandwidth: 14
Lables: [36, 18, 35, 21, 7, 29, 15, 34, 20, 22, 8, 30, 33, 19, 5, 17, 32, 16, 6, 28, 14, 27, 13, 31, 11, 25, 10, 1, 23, 9, 12, 26, 4, 3, 24, 2]
(w = 14) Correct Cyclicantibandwidth
Set parameter TimeLimit to value 1800
(w = 15) Value Cyclicantibandwidth: 15
Lables: [36, 18, 35, 20, 5, 26, 11, 32, 17, 21, 6, 27, 34, 19, 4, 16, 33, 15, 3, 24, 9, 25, 10, 31, 8, 29, 14, 28, 7, 23, 13, 30, 12, 2, 22, 1]
(w = 15) Correct Cyclicantibandwidth
Set parameter TimeLimit to value 1800
(w = 16) Value Cyclicantibandwidth: 16
Lables: [33, 16, 35, 17, 34, 14, 30, 10, 26, 13, 32, 15, 36, 20, 4, 19, 3, 23, 1, 21, 5, 18, 2, 22, 31, 11, 29, 12, 28, 8, 27, 9, 25, 6, 24, 7]
(w = 16) Correct Cyclicantibandwidth
Set parameter TimeLimit to value 1800
(w = 17) Not found solution with CAB = 17.
Final result: CAB = 16, Labels = [33, 16, 35, 17, 34, 14, 30, 10, 26, 13, 32, 15, 36, 20, 4, 19, 3, 23, 1, 21, 5, 18, 2, 22, 31, 11, 29, 12, 28, 8, 27, 9, 25, 6, 24, 7]
Real time: 4.497138261795044 seconds
[runlim] end:			Tue Nov  4 05:46:07 2025
[runlim] status:		ok
[runlim] result:		0
[runlim] children:		0
[runlim] real:			4.98 seconds
[runlim] time:			8.92 seconds
[runlim] space:			101.9 MB
[runlim] samples:		45
