[runlim] version:		1.10
[runlim] time limit:		311040000 seconds
[runlim] real time limit:	1800 seconds
[runlim] space limit:		30000 MB
[runlim] argv[0]:		python3
[runlim] argv[1]:		model.py
[runlim] argv[2]:		./graph/complete_binary_trees/cbt_47.txt
[runlim] start:			Tue Nov  4 09:06:36 2025
[runlim] main pid:		66569
[runlim] log captured:
Set parameter WLSAccessID
Set parameter WLSSecret
Set parameter LicenseID to value 2663665
Academic license 2663665 - for non-commercial use only - registered to tu___@vnu.edu.vn
Set parameter TimeLimit to value 1800
(w = 4) Value Cyclicantibandwidth: 4
Lables: [45, 11, 25, 37, 4, 34, 46, 29, 32, 30, 31, 8, 23, 6, 38, 9, 22, 42, 18, 1, 20, 7, 24, 41, 3, 35, 27, 15, 21, 19, 10, 44, 16, 5, 28, 47, 2, 13, 36, 14, 12, 33, 39, 26, 43, 40, 17]
(w = 4) Correct Cyclicantibandwidth
Set parameter TimeLimit to value 1800
(w = 5) Value Cyclicantibandwidth: 5
Lables: [45, 18, 32, 37, 4, 11, 46, 29, 27, 30, 31, 19, 23, 6, 24, 9, 22, 42, 2, 1, 20, 7, 25, 41, 3, 35, 15, 44, 21, 38, 34, 33, 16, 5, 10, 8, 36, 13, 28, 14, 12, 40, 39, 26, 43, 17, 47]
(w = 5) Correct Cyclicantibandwidth
Set parameter TimeLimit to value 1800
(w = 6) Value Cyclicantibandwidth: 6
Lables: [45, 16, 25, 37, 4, 11, 46, 29, 27, 30, 31, 19, 23, 6, 38, 9, 22, 42, 2, 1, 20, 7, 24, 41, 3, 35, 15, 44, 21, 32, 10, 33, 18, 5, 34, 8, 36, 13, 28, 14, 12, 40, 39, 26, 43, 17, 47]
(w = 6) Correct Cyclicantibandwidth
Set parameter TimeLimit to value 1800
(w = 7) Value Cyclicantibandwidth: 7
Lables: [45, 12, 25, 21, 4, 11, 46, 29, 34, 30, 31, 19, 23, 6, 38, 43, 20, 42, 18, 1, 22, 7, 9, 41, 3, 35, 15, 44, 40, 2, 10, 33, 16, 5, 28, 8, 24, 36, 37, 27, 13, 39, 14, 26, 32, 17, 47]
(w = 7) Correct Cyclicantibandwidth
Set parameter TimeLimit to value 1800
(w = 8) Value Cyclicantibandwidth: 8
Lables: [45, 7, 25, 26, 19, 11, 15, 46, 34, 1, 43, 32, 21, 30, 38, 24, 22, 42, 18, 9, 20, 23, 27, 41, 13, 35, 6, 44, 40, 2, 10, 16, 36, 5, 8, 12, 4, 28, 37, 47, 31, 39, 29, 14, 33, 17, 3]
(w = 8) Correct Cyclicantibandwidth
Set parameter TimeLimit to value 1800
(w = 9) Value Cyclicantibandwidth: 9
Lables: [45, 14, 25, 5, 4, 11, 46, 29, 34, 30, 31, 23, 32, 18, 19, 9, 7, 17, 3, 1, 20, 21, 12, 41, 35, 44, 15, 28, 40, 2, 10, 33, 42, 26, 27, 8, 6, 13, 36, 24, 16, 39, 43, 38, 47, 37, 22]
(w = 9) Correct Cyclicantibandwidth
Set parameter TimeLimit to value 1800
(w = 10) Value Cyclicantibandwidth: 10
Lables: [35, 8, 25, 21, 44, 11, 43, 46, 34, 30, 31, 24, 23, 18, 20, 9, 22, 14, 3, 1, 47, 42, 12, 41, 4, 7, 40, 28, 5, 2, 38, 33, 29, 37, 10, 36, 45, 13, 32, 15, 19, 16, 17, 27, 6, 39, 26]
(w = 10) Correct Cyclicantibandwidth
Set parameter TimeLimit to value 1800
(w = 11) Value Cyclicantibandwidth: 11
Lables: [15, 4, 31, 21, 16, 45, 46, 44, 34, 30, 28, 26, 23, 17, 20, 9, 22, 14, 3, 1, 47, 42, 12, 41, 7, 35, 40, 5, 36, 32, 38, 33, 24, 37, 10, 25, 2, 18, 29, 27, 19, 13, 11, 8, 6, 39, 43]
(w = 11) Correct Cyclicantibandwidth
Set parameter TimeLimit to value 1800
(w = 12) Value Cyclicantibandwidth: 12
Lables: [39, 10, 25, 22, 37, 45, 46, 9, 38, 20, 16, 27, 28, 12, 19, 21, 26, 11, 15, 3, 33, 40, 43, 13, 14, 47, 44, 36, 31, 32, 2, 6, 4, 8, 7, 41, 42, 34, 29, 35, 17, 1, 18, 23, 5, 24, 30]
(w = 12) Correct Cyclicantibandwidth
Set parameter TimeLimit to value 1800
(w = 13) Value Cyclicantibandwidth: 13
Lables: [36, 23, 2, 10, 9, 15, 16, 24, 25, 22, 26, 1, 28, 3, 29, 4, 5, 6, 7, 8, 35, 11, 12, 14, 17, 13, 41, 18, 19, 42, 47, 27, 30, 31, 32, 33, 34, 37, 38, 39, 40, 20, 21, 43, 44, 45, 46]
(w = 13) Correct Cyclicantibandwidth
Set parameter TimeLimit to value 1800
(w = 14) Value Cyclicantibandwidth: 14
Lables: [37, 23, 4, 9, 8, 18, 19, 24, 25, 22, 26, 1, 2, 3, 5, 6, 7, 10, 11, 36, 47, 45, 46, 33, 34, 16, 30, 17, 31, 28, 20, 38, 35, 39, 40, 41, 43, 42, 44, 15, 12, 27, 21, 14, 29, 32, 13]
(w = 14) Correct Cyclicantibandwidth
Set parameter TimeLimit to value 1800
(w = 15) Value Cyclicantibandwidth: 15
Lables: [33, 6, 17, 34, 22, 37, 47, 16, 19, 2, 38, 21, 20, 32, 30, 31, 35, 46, 42, 29, 24, 7, 18, 44, 41, 3, 39, 4, 13, 12, 11, 1, 10, 5, 14, 28, 15, 26, 23, 45, 9, 8, 40, 25, 27, 36, 43]
(w = 15) Correct Cyclicantibandwidth
Set parameter TimeLimit to value 1800
(w = 16) Value Cyclicantibandwidth: 16
Lables: [35, 9, 5, 36, 27, 21, 25, 6, 16, 45, 10, 42, 41, 43, 1, 33, 22, 47, 44, 19, 23, 34, 29, 26, 11, 14, 12, 18, 15, 32, 20, 3, 8, 2, 38, 30, 31, 24, 28, 37, 40, 7, 39, 4, 17, 46, 13]
(w = 16) Correct Cyclicantibandwidth
Set parameter TimeLimit to value 1800
(w = 17) Value Cyclicantibandwidth: 17
Lables: [32, 9, 6, 27, 26, 24, 35, 3, 47, 7, 44, 41, 4, 16, 18, 21, 23, 30, 29, 37, 36, 14, 15, 20, 22, 25, 28, 40, 42, 46, 45, 2, 39, 43, 5, 13, 12, 11, 1, 19, 17, 10, 8, 38, 31, 34, 33]
(w = 17) Correct Cyclicantibandwidth
Set parameter TimeLimit to value 1800
(w = 18) Value Cyclicantibandwidth: 18
Lables: [41, 13, 15, 32, 31, 38, 39, 6, 14, 4, 8, 11, 16, 20, 10, 25, 33, 40, 42, 26, 24, 27, 37, 35, 30, 34, 36, 47, 2, 29, 28, 43, 3, 12, 7, 19, 21, 22, 23, 46, 5, 1, 44, 45, 9, 18, 17]
(w = 18) Correct Cyclicantibandwidth
Set parameter TimeLimit to value 1800
(w = 19) Value Cyclicantibandwidth: 19
Lables: [47, 23, 27, 4, 3, 46, 8, 30, 29, 22, 31, 19, 18, 35, 28, 10, 5, 1, 9, 42, 43, 7, 12, 41, 45, 44, 37, 11, 13, 6, 2, 38, 36, 24, 25, 20, 21, 33, 32, 16, 14, 15, 17, 34, 26, 40, 39]
(w = 19) Correct Cyclicantibandwidth
Set parameter TimeLimit to value 1800
(w = 20) Value Cyclicantibandwidth: 20
Lables: [47, 23, 21, 43, 3, 41, 1, 20, 16, 30, 28, 14, 17, 22, 26, 46, 40, 36, 39, 8, 10, 5, 7, 38, 34, 44, 42, 45, 2, 6, 4, 19, 24, 13, 15, 11, 9, 18, 12, 35, 29, 33, 37, 31, 25, 32, 27]
(w = 20) Correct Cyclicantibandwidth
Set parameter TimeLimit to value 1800
[runlim] sample:		18.0 time, 10.1 real, 189.7 MB
[runlim] sample:		45.5 time, 20.1 real, 252.5 MB
[runlim] sample:		85.5 time, 30.1 real, 279.5 MB
[runlim] sample:		125.5 time, 40.1 real, 287.0 MB
[runlim] sample:		165.5 time, 50.1 real, 289.8 MB
[runlim] sample:		205.5 time, 60.1 real, 287.9 MB
[runlim] sample:		245.5 time, 70.1 real, 307.0 MB
[runlim] sample:		285.5 time, 80.1 real, 298.7 MB
[runlim] sample:		325.6 time, 90.1 real, 301.0 MB
[runlim] sample:		365.6 time, 100.1 real, 293.8 MB
[runlim] sample:		405.6 time, 110.1 real, 289.5 MB
[runlim] sample:		445.6 time, 120.1 real, 303.7 MB
[runlim] sample:		485.6 time, 130.1 real, 305.9 MB
[runlim] sample:		521.9 time, 140.1 real, 301.4 MB
[runlim] sample:		546.7 time, 150.1 real, 433.7 MB
[runlim] sample:		576.3 time, 160.1 real, 465.5 MB
[runlim] sample:		616.3 time, 170.1 real, 472.7 MB
[runlim] sample:		656.3 time, 180.1 real, 472.7 MB
[runlim] sample:		696.3 time, 190.1 real, 474.7 MB
[runlim] sample:		736.3 time, 200.1 real, 474.8 MB
[runlim] sample:		776.3 time, 210.1 real, 474.8 MB
[runlim] sample:		816.4 time, 220.1 real, 476.8 MB
[runlim] sample:		855.7 time, 230.1 real, 476.8 MB
[runlim] sample:		895.8 time, 240.1 real, 477.2 MB
[runlim] sample:		935.8 time, 250.1 real, 477.2 MB
[runlim] sample:		975.8 time, 260.1 real, 477.2 MB
[runlim] sample:		1015.8 time, 270.1 real, 477.5 MB
[runlim] sample:		1050.7 time, 280.1 real, 477.5 MB
[runlim] sample:		1079.8 time, 290.1 real, 477.5 MB
(w = 21) Not found solution with CAB = 21.
Final result: CAB = 20, Labels = [47, 23, 21, 43, 3, 41, 1, 20, 16, 30, 28, 14, 17, 22, 26, 46, 40, 36, 39, 8, 10, 5, 7, 38, 34, 44, 42, 45, 2, 6, 4, 19, 24, 13, 15, 11, 9, 18, 12, 35, 29, 33, 37, 31, 25, 32, 27]
Real time: 296.96747493743896 seconds
[runlim] end:			Tue Nov  4 09:11:33 2025
[runlim] status:		ok
[runlim] result:		0
[runlim] children:		0
[runlim] real:			297.13 seconds
[runlim] time:			1097.87 seconds
[runlim] space:			477.5 MB
[runlim] samples:		2970
