[runlim] version:		1.10
[runlim] time limit:		311040000 seconds
[runlim] real time limit:	1800 seconds
[runlim] space limit:		30000 MB
[runlim] argv[0]:		python3
[runlim] argv[1]:		model.py
[runlim] argv[2]:		./graph/complete_binary_trees/cbt_49.txt
[runlim] start:			Tue Nov  4 09:41:33 2025
[runlim] main pid:		66982
[runlim] log captured:
Set parameter WLSAccessID
Set parameter WLSSecret
Set parameter LicenseID to value 2663665
Academic license 2663665 - for non-commercial use only - registered to tu___@vnu.edu.vn
Set parameter TimeLimit to value 1800
(w = 4) Value Cyclicantibandwidth: 4
Lables: [20, 24, 34, 41, 7, 27, 38, 23, 11, 12, 2, 21, 18, 44, 8, 45, 14, 39, 46, 17, 40, 22, 42, 29, 32, 33, 49, 15, 5, 13, 48, 37, 19, 30, 43, 4, 26, 10, 9, 1, 3, 25, 47, 28, 16, 35, 31, 6, 36]
(w = 4) Correct Cyclicantibandwidth
Set parameter TimeLimit to value 1800
(w = 5) Value Cyclicantibandwidth: 5
Lables: [20, 15, 34, 41, 7, 27, 24, 23, 11, 12, 2, 21, 18, 44, 8, 45, 14, 39, 46, 17, 40, 22, 42, 29, 32, 33, 49, 9, 5, 13, 48, 37, 19, 30, 43, 4, 26, 10, 38, 1, 3, 25, 47, 28, 16, 35, 31, 6, 36]
(w = 5) Correct Cyclicantibandwidth
Set parameter TimeLimit to value 1800
(w = 6) Value Cyclicantibandwidth: 6
Lables: [20, 6, 34, 41, 38, 27, 45, 23, 11, 12, 5, 19, 18, 39, 37, 47, 14, 24, 46, 21, 40, 22, 42, 2, 8, 33, 49, 15, 9, 13, 10, 17, 29, 30, 43, 4, 44, 25, 3, 1, 32, 7, 48, 28, 16, 35, 31, 36, 26]
(w = 6) Correct Cyclicantibandwidth
Set parameter TimeLimit to value 1800
(w = 7) Value Cyclicantibandwidth: 7
Lables: [20, 6, 34, 41, 38, 45, 27, 23, 11, 12, 5, 21, 18, 39, 37, 47, 14, 24, 46, 26, 40, 22, 42, 2, 8, 33, 49, 15, 9, 13, 10, 17, 29, 30, 43, 4, 44, 25, 19, 1, 16, 7, 48, 3, 32, 35, 31, 28, 36]
(w = 7) Correct Cyclicantibandwidth
Set parameter TimeLimit to value 1800
(w = 8) Value Cyclicantibandwidth: 8
Lables: [20, 6, 35, 41, 38, 27, 45, 23, 31, 12, 5, 15, 18, 24, 28, 37, 14, 21, 46, 26, 40, 22, 42, 2, 32, 9, 49, 8, 43, 13, 10, 17, 29, 30, 44, 4, 47, 25, 19, 1, 3, 7, 48, 33, 39, 11, 16, 36, 34]
(w = 8) Correct Cyclicantibandwidth
Set parameter TimeLimit to value 1800
(w = 9) Value Cyclicantibandwidth: 9
Lables: [20, 6, 32, 41, 38, 42, 4, 23, 11, 12, 5, 27, 18, 34, 37, 47, 14, 21, 46, 26, 40, 22, 35, 2, 8, 39, 49, 15, 43, 13, 24, 9, 29, 30, 45, 36, 48, 17, 19, 1, 3, 7, 10, 33, 31, 16, 44, 28, 25]
(w = 9) Correct Cyclicantibandwidth
Set parameter TimeLimit to value 1800
(w = 10) Value Cyclicantibandwidth: 10
Lables: [20, 6, 34, 41, 38, 7, 45, 30, 11, 12, 5, 27, 18, 24, 8, 47, 14, 21, 46, 26, 40, 22, 15, 2, 37, 39, 49, 48, 43, 36, 23, 13, 29, 42, 44, 4, 35, 10, 9, 1, 3, 25, 16, 33, 32, 28, 31, 17, 19]
(w = 10) Correct Cyclicantibandwidth
Set parameter TimeLimit to value 1800
(w = 11) Value Cyclicantibandwidth: 11
Lables: [20, 6, 34, 41, 38, 7, 45, 23, 11, 12, 5, 27, 18, 24, 8, 47, 10, 22, 35, 26, 40, 21, 42, 2, 14, 39, 49, 44, 43, 36, 30, 31, 29, 25, 33, 46, 48, 17, 9, 1, 3, 28, 15, 32, 37, 13, 4, 16, 19]
(w = 11) Correct Cyclicantibandwidth
Set parameter TimeLimit to value 1800
(w = 12) Value Cyclicantibandwidth: 12
Lables: [20, 6, 33, 41, 38, 7, 45, 24, 11, 12, 5, 27, 25, 31, 8, 47, 10, 39, 46, 26, 40, 22, 42, 2, 14, 48, 49, 44, 43, 36, 30, 13, 29, 28, 37, 17, 15, 18, 9, 4, 1, 3, 16, 34, 35, 19, 21, 32, 23]
(w = 12) Correct Cyclicantibandwidth
Set parameter TimeLimit to value 1800
(w = 13) Value Cyclicantibandwidth: 13
Lables: [20, 5, 34, 41, 38, 9, 4, 23, 11, 12, 7, 27, 42, 39, 36, 45, 10, 24, 46, 26, 40, 21, 32, 2, 8, 13, 17, 15, 22, 6, 49, 18, 29, 30, 43, 37, 47, 31, 19, 1, 3, 25, 16, 44, 35, 48, 14, 33, 28]
(w = 13) Correct Cyclicantibandwidth
Set parameter TimeLimit to value 1800
(w = 14) Value Cyclicantibandwidth: 14
Lables: [38, 21, 9, 46, 2, 42, 44, 23, 28, 24, 19, 16, 22, 12, 20, 40, 3, 48, 8, 10, 43, 37, 49, 41, 36, 39, 7, 31, 47, 1, 35, 6, 5, 17, 25, 30, 15, 34, 26, 45, 32, 13, 29, 11, 4, 33, 14, 18, 27]
(w = 14) Correct Cyclicantibandwidth
Set parameter TimeLimit to value 1800
(w = 15) Value Cyclicantibandwidth: 15
Lables: [42, 11, 27, 45, 26, 1, 44, 24, 23, 2, 49, 18, 35, 21, 10, 48, 8, 46, 4, 19, 17, 22, 32, 38, 33, 6, 5, 43, 39, 29, 34, 20, 14, 40, 28, 31, 16, 25, 30, 36, 37, 41, 47, 7, 3, 13, 15, 12, 9]
(w = 15) Correct Cyclicantibandwidth
Set parameter TimeLimit to value 1800
(w = 16) Value Cyclicantibandwidth: 16
Lables: [41, 16, 23, 34, 49, 46, 6, 5, 2, 33, 29, 17, 26, 27, 39, 21, 22, 32, 18, 7, 3, 45, 47, 42, 36, 1, 43, 10, 8, 12, 11, 48, 40, 44, 38, 4, 15, 35, 37, 30, 24, 28, 31, 25, 14, 20, 19, 9, 13]
(w = 16) Correct Cyclicantibandwidth
Set parameter TimeLimit to value 1800
(w = 17) Value Cyclicantibandwidth: 17
Lables: [43, 24, 17, 6, 44, 45, 37, 32, 38, 25, 16, 28, 20, 8, 15, 5, 13, 11, 19, 49, 48, 34, 39, 46, 4, 3, 42, 29, 31, 47, 36, 26, 30, 40, 35, 33, 41, 1, 2, 23, 18, 27, 21, 9, 12, 10, 7, 22, 14]
(w = 17) Correct Cyclicantibandwidth
Set parameter TimeLimit to value 1800
(w = 18) Value Cyclicantibandwidth: 18
Lables: [37, 14, 8, 34, 33, 31, 39, 16, 4, 15, 2, 1, 5, 9, 18, 42, 45, 32, 22, 41, 46, 29, 27, 19, 21, 30, 35, 28, 36, 40, 44, 23, 24, 17, 26, 3, 12, 48, 47, 13, 11, 20, 25, 10, 7, 49, 6, 43, 38]
(w = 18) Correct Cyclicantibandwidth
Set parameter TimeLimit to value 1800
(w = 19) Value Cyclicantibandwidth: 19
Lables: [44, 24, 20, 3, 5, 49, 47, 27, 22, 32, 34, 21, 29, 26, 23, 48, 46, 42, 43, 4, 12, 9, 10, 40, 41, 6, 8, 7, 45, 2, 1, 18, 28, 16, 25, 14, 19, 15, 17, 30, 31, 39, 36, 33, 38, 35, 37, 13, 11]
(w = 19) Correct Cyclicantibandwidth
Set parameter TimeLimit to value 1800
(w = 20) Value Cyclicantibandwidth: 20
Lables: [1, 24, 30, 2, 4, 8, 5, 31, 27, 25, 33, 37, 36, 29, 28, 3, 10, 6, 47, 45, 46, 11, 13, 17, 12, 15, 14, 49, 9, 48, 7, 26, 23, 32, 39, 34, 35, 20, 19, 22, 16, 18, 21, 40, 38, 42, 41, 43, 44]
(w = 20) Correct Cyclicantibandwidth
Set parameter TimeLimit to value 1800
(w = 21) Value Cyclicantibandwidth: 21
Lables: [27, 1, 3, 22, 28, 31, 24, 44, 43, 7, 49, 8, 10, 2, 45, 20, 17, 15, 16, 34, 35, 21, 26, 30, 29, 32, 33, 25, 23, 19, 18, 41, 46, 39, 40, 37, 36, 38, 42, 11, 12, 14, 13, 48, 47, 5, 4, 9, 6]
(w = 21) Correct Cyclicantibandwidth
Set parameter TimeLimit to value 1800
[runlim] sample:		18.3 time, 10.1 real, 217.8 MB
[runlim] sample:		46.6 time, 20.1 real, 253.7 MB
[runlim] sample:		80.6 time, 30.1 real, 277.3 MB
[runlim] sample:		120.6 time, 40.1 real, 302.8 MB
[runlim] sample:		160.6 time, 50.1 real, 310.7 MB
[runlim] sample:		200.6 time, 60.1 real, 318.3 MB
[runlim] sample:		240.5 time, 70.1 real, 319.3 MB
[runlim] sample:		280.5 time, 80.1 real, 319.5 MB
[runlim] sample:		320.5 time, 90.1 real, 305.7 MB
[runlim] sample:		360.6 time, 100.1 real, 319.0 MB
[runlim] sample:		400.6 time, 110.1 real, 324.3 MB
[runlim] sample:		436.7 time, 120.1 real, 326.3 MB
[runlim] sample:		473.2 time, 130.1 real, 326.6 MB
[runlim] sample:		510.3 time, 140.1 real, 319.3 MB
[runlim] sample:		550.3 time, 150.1 real, 331.5 MB
[runlim] sample:		590.3 time, 160.1 real, 336.1 MB
[runlim] sample:		630.4 time, 170.1 real, 339.2 MB
[runlim] sample:		670.4 time, 180.1 real, 324.3 MB
[runlim] sample:		710.4 time, 190.1 real, 338.0 MB
[runlim] sample:		750.4 time, 200.1 real, 338.6 MB
[runlim] sample:		790.5 time, 210.1 real, 335.8 MB
[runlim] sample:		816.6 time, 220.1 real, 423.7 MB
[runlim] sample:		846.7 time, 230.1 real, 448.1 MB
[runlim] sample:		877.3 time, 240.1 real, 460.1 MB
[runlim] sample:		917.3 time, 250.1 real, 464.1 MB
[runlim] sample:		957.3 time, 260.1 real, 464.1 MB
[runlim] sample:		997.3 time, 270.1 real, 468.1 MB
[runlim] sample:		1037.3 time, 280.1 real, 468.1 MB
[runlim] sample:		1077.3 time, 290.1 real, 468.1 MB
[runlim] sample:		1117.4 time, 300.1 real, 468.1 MB
[runlim] sample:		1157.4 time, 310.1 real, 468.1 MB
[runlim] sample:		1197.4 time, 320.1 real, 468.1 MB
[runlim] sample:		1237.4 time, 330.1 real, 468.1 MB
[runlim] sample:		1277.4 time, 340.1 real, 468.1 MB
[runlim] sample:		1317.5 time, 350.1 real, 468.4 MB
[runlim] sample:		1357.5 time, 360.1 real, 468.4 MB
[runlim] sample:		1397.5 time, 370.1 real, 470.4 MB
[runlim] sample:		1437.5 time, 380.1 real, 470.5 MB
[runlim] sample:		1477.5 time, 390.1 real, 470.5 MB
[runlim] sample:		1517.5 time, 400.1 real, 470.5 MB
[runlim] sample:		1557.5 time, 410.1 real, 470.7 MB
[runlim] sample:		1597.6 time, 420.1 real, 471.0 MB
[runlim] sample:		1632.0 time, 430.1 real, 471.0 MB
(w = 22) Not found solution with CAB = 22.
Final result: CAB = 21, Labels = [27, 1, 3, 22, 28, 31, 24, 44, 43, 7, 49, 8, 10, 2, 45, 20, 17, 15, 16, 34, 35, 21, 26, 30, 29, 32, 33, 25, 23, 19, 18, 41, 46, 39, 40, 37, 36, 38, 42, 11, 12, 14, 13, 48, 47, 5, 4, 9, 6]
Real time: 438.4520049095154 seconds
[runlim] end:			Tue Nov  4 09:48:51 2025
[runlim] status:		ok
[runlim] result:		0
[runlim] children:		0
[runlim] real:			438.57 seconds
[runlim] time:			1655.00 seconds
[runlim] space:			476.7 MB
[runlim] samples:		4385
