[runlim] version:		1.10
[runlim] time limit:		311040000 seconds
[runlim] real time limit:	150 seconds
[runlim] space limit:		30000 MB
[runlim] argv[0]:		python3
[runlim] argv[1]:		model_MIP_CPLEX.py
[runlim] argv[2]:		./graph/harwell_boeing/H-impcol_b.mtx.rnd
[runlim] start:			Sat Nov  1 16:13:27 2025
[runlim] main pid:		46915
[runlim] log captured:
(w = 6) Building and Solving
Value Cyclic-Antibandwidth: 6
Labels: [51, 12, 29, 25, 4, 9, 43, 44, 58, 57, 16, 56, 53, 52, 6, 54, 8, 32, 35, 41, 26, 45, 14, 47, 37, 7, 19, 10, 17, 38, 55, 31, 1, 27, 46, 49, 15, 20, 42, 11, 13, 22, 21, 24, 36, 3, 5, 34, 28, 50, 39, 59, 18, 33, 2, 40, 30, 23, 48]
Correct solution
(w = 7) Building and Solving
Value Cyclic-Antibandwidth: 7
Labels: [57, 23, 37, 30, 26, 14, 36, 12, 27, 16, 46, 24, 25, 40, 31, 33, 7, 48, 1, 10, 18, 8, 22, 11, 59, 20, 13, 28, 4, 19, 29, 43, 56, 47, 38, 42, 54, 6, 32, 53, 50, 17, 49, 39, 5, 35, 44, 58, 41, 51, 9, 21, 2, 3, 15, 55, 45, 52, 34]
Correct solution
(w = 8) Building and Solving
Cannot find soluion with w = 8
Final result: CAB = 7
Labels = [57, 23, 37, 30, 26, 14, 36, 12, 27, 16, 46, 24, 25, 40, 31, 33, 7, 48, 1, 10, 18, 8, 22, 11, 59, 20, 13, 28, 4, 19, 29, 43, 56, 47, 38, 42, 54, 6, 32, 53, 50, 17, 49, 39, 5, 35, 44, 58, 41, 51, 9, 21, 2, 3, 15, 55, 45, 52, 34]
[runlim] end:			Sat Nov  1 16:13:32 2025
[runlim] status:		ok
[runlim] result:		0
[runlim] children:		0
[runlim] real:			5.60 seconds
[runlim] time:			15.17 seconds
[runlim] space:			185.8 MB
[runlim] samples:		52
