[runlim] version:		1.10
[runlim] time limit:		311040000 seconds
[runlim] real time limit:	150 seconds
[runlim] space limit:		30000 MB
[runlim] argv[0]:		python3
[runlim] argv[1]:		model_MIP_CPLEX.py
[runlim] argv[2]:		./graph/harwell_boeing/L-bcspwr03.mtx.rnd
[runlim] start:			Sat Nov  1 16:21:02 2025
[runlim] main pid:		48667
[runlim] log captured:
(w = 22) Building and Solving
Value Cyclic-Antibandwidth: 22
Labels: [69, 3, 118, 6, 115, 86, 34, 85, 15, 71, 26, 64, 1, 10, 25, 29, 46, 89, 9, 45, 11, 4, 79, 65, 14, 22, 117, 32, 50, 5, 30, 36, 31, 7, 38, 27, 2, 66, 90, 44, 37, 81, 55, 23, 33, 48, 8, 41, 13, 35, 47, 40, 51, 52, 53, 57, 72, 68, 58, 104, 59, 54, 80, 60, 43, 73, 39, 24, 67, 19, 98, 28, 62, 76, 91, 112, 18, 12, 95, 17, 84, 61, 87, 111, 75, 78, 77, 88, 92, 74, 93, 96, 49, 16, 83, 94, 70, 99, 100, 21, 101, 102, 63, 103, 42, 97, 20, 105, 106, 107, 108, 109, 110, 56, 113, 114, 82, 116]
Correct solution
(w = 23) Building and Solving
Value Cyclic-Antibandwidth: 23
Labels: [86, 117, 38, 5, 89, 24, 80, 15, 114, 22, 115, 102, 14, 8, 60, 94, 56, 13, 20, 23, 21, 10, 107, 73, 29, 11, 1, 105, 52, 16, 3, 34, 12, 62, 6, 4, 118, 19, 39, 42, 18, 40, 43, 7, 32, 72, 45, 46, 25, 48, 90, 57, 108, 50, 51, 55, 41, 53, 28, 27, 44, 64, 82, 30, 61, 47, 17, 35, 67, 88, 93, 66, 76, 26, 81, 116, 49, 79, 92, 84, 85, 37, 54, 91, 78, 74, 77, 103, 111, 68, 95, 65, 58, 97, 98, 87, 69, 99, 100, 83, 75, 9, 71, 96, 59, 63, 104, 31, 106, 101, 36, 109, 110, 112, 113, 70, 2, 33]
Correct solution
(w = 24) Building and Solving
[runlim] sample:		12.5 time, 10.1 real, 258.2 MB
Value Cyclic-Antibandwidth: 24
Labels: [27, 89, 60, 92, 67, 107, 18, 48, 63, 84, 61, 58, 4, 24, 55, 11, 20, 105, 112, 3, 72, 99, 88, 44, 102, 2, 96, 41, 35, 104, 42, 5, 95, 117, 57, 1, 39, 17, 94, 71, 34, 53, 36, 50, 22, 30, 14, 45, 65, 32, 23, 91, 109, 26, 13, 49, 103, 6, 38, 7, 118, 29, 66, 100, 76, 74, 90, 116, 83, 69, 54, 59, 93, 85, 77, 62, 56, 82, 87, 33, 68, 28, 114, 12, 37, 101, 70, 40, 47, 43, 113, 25, 10, 115, 80, 75, 46, 98, 21, 111, 9, 86, 110, 52, 31, 108, 8, 79, 81, 64, 16, 106, 78, 15, 73, 97, 19, 51]
Correct solution
(w = 25) Building and Solving
Value Cyclic-Antibandwidth: 25
Labels: [70, 94, 61, 104, 38, 68, 37, 66, 98, 82, 63, 60, 67, 48, 42, 4, 11, 103, 36, 40, 112, 49, 93, 41, 109, 2, 95, 83, 5, 77, 101, 8, 111, 100, 55, 44, 12, 71, 35, 23, 115, 52, 34, 14, 47, 28, 10, 31, 86, 27, 13, 80, 110, 91, 97, 15, 75, 56, 81, 58, 62, 46, 65, 19, 26, 79, 78, 102, 76, 85, 3, 51, 73, 84, 74, 108, 54, 87, 22, 6, 32, 1, 21, 25, 24, 57, 99, 50, 113, 39, 118, 90, 107, 117, 92, 9, 53, 18, 7, 106, 16, 96, 59, 20, 33, 30, 64, 114, 45, 72, 29, 17, 88, 89, 69, 116, 105, 43]
Correct solution
(w = 26) Building and Solving
Value Cyclic-Antibandwidth: 26
Labels: [65, 59, 42, 40, 63, 28, 24, 110, 60, 93, 50, 118, 61, 55, 2, 29, 16, 108, 33, 3, 116, 53, 88, 54, 67, 4, 94, 13, 6, 114, 79, 17, 84, 62, 7, 51, 30, 109, 80, 26, 38, 56, 113, 103, 117, 85, 20, 27, 72, 15, 10, 107, 12, 96, 78, 25, 102, 5, 34, 58, 11, 73, 92, 49, 23, 68, 98, 89, 106, 100, 21, 1, 82, 99, 64, 74, 47, 83, 90, 41, 105, 35, 14, 19, 22, 45, 95, 71, 97, 70, 112, 101, 37, 115, 87, 75, 43, 77, 8, 111, 39, 86, 46, 9, 32, 66, 52, 104, 44, 31, 57, 69, 76, 36, 81, 18, 91, 48]
Correct solution
(w = 27) Building and Solving
[runlim] sample:		25.8 time, 20.1 real, 218.6 MB
Value Cyclic-Antibandwidth: 27
Labels: [113, 95, 115, 8, 71, 12, 38, 72, 86, 97, 64, 60, 109, 30, 46, 7, 68, 29, 118, 3, 111, 69, 88, 47, 77, 1, 85, 36, 40, 89, 62, 11, 102, 63, 49, 2, 34, 116, 32, 44, 37, 14, 42, 22, 27, 28, 16, 31, 94, 9, 53, 106, 83, 39, 96, 58, 101, 10, 100, 6, 78, 21, 67, 114, 35, 76, 80, 117, 90, 81, 59, 54, 70, 112, 87, 84, 55, 79, 107, 51, 48, 18, 26, 104, 41, 57, 82, 45, 75, 105, 108, 91, 56, 17, 73, 43, 61, 19, 23, 25, 4, 93, 50, 20, 33, 65, 110, 74, 52, 66, 13, 24, 92, 5, 103, 98, 99, 15]
Correct solution
(w = 28) Building and Solving
Value Cyclic-Antibandwidth: 28
Labels: [39, 89, 43, 10, 114, 33, 108, 97, 61, 99, 12, 60, 62, 56, 3, 9, 41, 73, 54, 1, 75, 46, 92, 35, 22, 48, 86, 29, 8, 45, 79, 77, 104, 98, 103, 51, 32, 24, 52, 17, 27, 11, 44, 21, 55, 88, 2, 26, 95, 5, 50, 66, 40, 84, 63, 4, 18, 59, 14, 58, 71, 109, 65, 87, 112, 82, 70, 118, 107, 102, 19, 57, 101, 68, 36, 53, 7, 72, 116, 31, 64, 34, 42, 83, 110, 93, 106, 30, 23, 38, 47, 49, 74, 115, 91, 94, 113, 111, 37, 69, 105, 90, 67, 20, 28, 13, 80, 96, 25, 117, 15, 16, 76, 100, 78, 81, 85, 6]
Correct solution
(w = 29) Building and Solving
[runlim] sample:		38.6 time, 30.1 real, 280.1 MB
Value Cyclic-Antibandwidth: 29
Labels: [11, 94, 40, 103, 31, 97, 36, 43, 67, 80, 118, 78, 108, 52, 50, 6, 17, 105, 57, 56, 115, 104, 87, 30, 18, 1, 92, 4, 21, 88, 106, 71, 34, 91, 53, 96, 25, 109, 110, 24, 15, 54, 65, 68, 45, 35, 59, 28, 113, 39, 14, 101, 38, 62, 82, 16, 98, 46, 76, 58, 44, 99, 102, 64, 66, 37, 100, 77, 90, 89, 10, 51, 112, 70, 117, 8, 3, 93, 9, 12, 48, 19, 23, 32, 20, 73, 107, 27, 7, 26, 63, 75, 55, 61, 79, 13, 116, 81, 33, 111, 49, 86, 69, 22, 29, 42, 74, 83, 41, 72, 5, 85, 95, 2, 60, 84, 114, 47]
Correct solution
(w = 30) Building and Solving
[runlim] sample:		63.5 time, 40.1 real, 570.6 MB
[runlim] sample:		96.8 time, 50.1 real, 731.8 MB
[runlim] sample:		126.8 time, 60.1 real, 731.8 MB
[runlim] sample:		156.9 time, 70.1 real, 711.7 MB
[runlim] sample:		186.8 time, 80.1 real, 711.7 MB
[runlim] sample:		216.8 time, 90.1 real, 730.7 MB
[runlim] sample:		246.8 time, 100.1 real, 730.7 MB
[runlim] sample:		276.9 time, 110.1 real, 730.7 MB
[runlim] sample:		306.9 time, 120.1 real, 730.7 MB
[runlim] sample:		336.9 time, 130.1 real, 799.1 MB
[runlim] sample:		366.9 time, 140.1 real, 799.1 MB
[runlim] sample:		396.9 time, 150.1 real, 799.1 MB
[runlim] end:			Sat Nov  1 16:23:32 2025
[runlim] status:		out of time
[runlim] result:		2
[runlim] children:		0
[runlim] real:			150.14 seconds
[runlim] time:			396.85 seconds
[runlim] space:			799.1 MB
[runlim] samples:		1500
