[runlim] version:		1.10
[runlim] time limit:		311040000 seconds
[runlim] real time limit:	150 seconds
[runlim] space limit:		30000 MB
[runlim] argv[0]:		python3
[runlim] argv[1]:		model_MIP_CPLEX.py
[runlim] argv[2]:		./graph/harwell_boeing/O-impcol_d.mtx.rnd
[runlim] start:			Sat Nov  1 16:28:32 2025
[runlim] main pid:		50011
[runlim] log captured:
(w = 48) Building and Solving
[runlim] sample:		10.0 time, 10.1 real, 940.9 MB
[runlim] sample:		20.0 time, 20.1 real, 1628.4 MB
[runlim] sample:		30.0 time, 30.1 real, 2448.0 MB
[runlim] sample:		49.5 time, 40.1 real, 3966.8 MB
[runlim] sample:		69.5 time, 50.1 real, 3970.8 MB
[runlim] sample:		89.5 time, 60.1 real, 3972.8 MB
[runlim] sample:		109.5 time, 70.1 real, 3972.8 MB
[runlim] sample:		129.6 time, 80.1 real, 3976.8 MB
[runlim] sample:		149.5 time, 90.1 real, 3976.8 MB
[runlim] sample:		169.5 time, 100.1 real, 3980.8 MB
[runlim] sample:		189.5 time, 110.1 real, 3982.8 MB
[runlim] sample:		209.5 time, 120.1 real, 3987.9 MB
[runlim] sample:		229.5 time, 130.1 real, 3989.9 MB
[runlim] sample:		249.5 time, 140.1 real, 3989.9 MB
[runlim] sample:		269.5 time, 150.1 real, 3993.9 MB
[runlim] end:			Sat Nov  1 16:31:02 2025
[runlim] status:		out of time
[runlim] result:		2
[runlim] children:		0
[runlim] real:			150.22 seconds
[runlim] time:			269.64 seconds
[runlim] space:			3993.9 MB
[runlim] samples:		1501
