[runlim] version:		1.10
[runlim] time limit:		311040000 seconds
[runlim] real time limit:	150 seconds
[runlim] space limit:		30000 MB
[runlim] argv[0]:		python3
[runlim] argv[1]:		model_MIP_CPLEX.py
[runlim] argv[2]:		./graph/harwell_boeing/Q-494_bus.mtx.rnd
[runlim] start:			Sat Nov  1 16:33:32 2025
[runlim] main pid:		50862
[runlim] log captured:
(w = 112) Building and Solving
[runlim] sample:		10.0 time, 10.2 real, 1001.6 MB
[runlim] sample:		20.0 time, 20.2 real, 3100.3 MB
[runlim] sample:		30.0 time, 30.2 real, 3254.1 MB
[runlim] sample:		41.0 time, 40.2 real, 3276.2 MB
[runlim] sample:		51.0 time, 50.2 real, 3276.2 MB
[runlim] sample:		61.0 time, 60.2 real, 3276.2 MB
[runlim] sample:		71.0 time, 70.2 real, 3276.2 MB
[runlim] sample:		81.0 time, 80.2 real, 3272.6 MB
[runlim] sample:		91.0 time, 90.2 real, 6444.7 MB
[runlim] sample:		101.0 time, 100.2 real, 6483.0 MB
[runlim] sample:		111.0 time, 110.2 real, 6483.0 MB
[runlim] sample:		121.0 time, 120.2 real, 6483.0 MB
[runlim] sample:		131.0 time, 130.2 real, 6483.0 MB
[runlim] sample:		141.0 time, 140.2 real, 4207.9 MB
[runlim] sample:		151.7 time, 150.2 real, 0.0 MB
[runlim] end:			Sat Nov  1 16:36:02 2025
[runlim] status:		out of time
[runlim] result:		2
[runlim] children:		0
[runlim] real:			150.24 seconds
[runlim] time:			151.69 seconds
[runlim] space:			7077.3 MB
[runlim] samples:		1500
