[runlim] version:		1.10
[runlim] time limit:		311040000 seconds
[runlim] real time limit:	150 seconds
[runlim] space limit:		30000 MB
[runlim] argv[0]:		python3
[runlim] argv[1]:		model_MIP_CPLEX.py
[runlim] argv[2]:		./graph/harwell_boeing/S-sherman4.mtx.rnd
[runlim] start:			Sat Nov  1 16:38:32 2025
[runlim] main pid:		51714
[runlim] log captured:
(w = 130) Building and Solving
[runlim] sample:		10.0 time, 10.1 real, 1049.2 MB
[runlim] sample:		20.0 time, 20.1 real, 1869.7 MB
[runlim] sample:		30.0 time, 30.1 real, 2531.2 MB
[runlim] sample:		40.0 time, 40.1 real, 3138.6 MB
[runlim] sample:		50.0 time, 50.1 real, 3999.5 MB
[runlim] sample:		60.0 time, 60.1 real, 5147.5 MB
[runlim] sample:		70.0 time, 70.1 real, 5691.6 MB
[runlim] sample:		80.0 time, 80.1 real, 5691.6 MB
[runlim] sample:		90.0 time, 90.1 real, 8607.7 MB
[runlim] sample:		100.0 time, 100.1 real, 8607.7 MB
[runlim] sample:		110.0 time, 110.1 real, 8608.0 MB
[runlim] sample:		121.3 time, 120.1 real, 11583.2 MB
[runlim] sample:		135.2 time, 130.1 real, 8608.3 MB
[runlim] sample:		145.2 time, 140.1 real, 8608.3 MB
[runlim] sample:		155.2 time, 150.1 real, 0.0 MB
[runlim] end:			Sat Nov  1 16:41:02 2025
[runlim] status:		out of time
[runlim] result:		2
[runlim] children:		0
[runlim] real:			150.32 seconds
[runlim] time:			155.26 seconds
[runlim] space:			15421.4 MB
[runlim] samples:		1501
