[runlim] version:		1.10
[runlim] time limit:		311040000 seconds
[runlim] real time limit:	150 seconds
[runlim] space limit:		30000 MB
[runlim] argv[0]:		python3
[runlim] argv[1]:		model_MIP_CPLEX.py
[runlim] argv[2]:		./graph/harwell_boeing/U-662_bus.mtx.rnd
[runlim] start:			Sat Nov  1 16:43:32 2025
[runlim] main pid:		52558
[runlim] log captured:
(w = 112) Building and Solving
[runlim] sample:		10.0 time, 10.3 real, 965.3 MB
[runlim] sample:		20.0 time, 20.3 real, 1818.4 MB
[runlim] sample:		30.0 time, 30.3 real, 2707.0 MB
[runlim] sample:		40.0 time, 40.3 real, 3805.0 MB
[runlim] sample:		50.0 time, 50.3 real, 4102.9 MB
[runlim] sample:		60.0 time, 60.3 real, 6175.8 MB
[runlim] sample:		70.0 time, 70.3 real, 6176.3 MB
[runlim] sample:		82.2 time, 80.3 real, 6183.5 MB
[runlim] sample:		92.2 time, 90.3 real, 6183.5 MB
[runlim] sample:		102.2 time, 100.3 real, 6183.5 MB
[runlim] sample:		112.2 time, 110.3 real, 6183.5 MB
[runlim] sample:		122.2 time, 120.3 real, 6183.5 MB
[runlim] sample:		132.2 time, 130.3 real, 6183.5 MB
[runlim] sample:		142.2 time, 140.3 real, 6183.5 MB
[runlim] sample:		152.2 time, 150.3 real, 0.0 MB
[runlim] end:			Sat Nov  1 16:46:02 2025
[runlim] status:		out of time
[runlim] result:		2
[runlim] children:		0
[runlim] real:			150.42 seconds
[runlim] time:			152.29 seconds
[runlim] space:			9437.5 MB
[runlim] samples:		1501
