[runlim] version:		1.10
[runlim] time limit:		311040000 seconds
[runlim] real time limit:	150 seconds
[runlim] space limit:		30000 MB
[runlim] argv[0]:		python3
[runlim] argv[1]:		model_MIP_CPLEX.py
[runlim] argv[2]:		./graph/harwell_boeing/V-nos6.mtx.rnd
[runlim] start:			Sat Nov  1 16:46:02 2025
[runlim] main pid:		52974
[runlim] log captured:
(w = 165) Building and Solving
[runlim] sample:		10.0 time, 10.4 real, 1056.1 MB
[runlim] sample:		20.0 time, 20.4 real, 1956.6 MB
[runlim] sample:		30.0 time, 30.4 real, 2757.1 MB
[runlim] sample:		40.0 time, 40.4 real, 3671.4 MB
[runlim] sample:		50.0 time, 50.4 real, 4182.5 MB
[runlim] sample:		60.0 time, 60.4 real, 4877.2 MB
[runlim] sample:		70.0 time, 70.4 real, 5955.2 MB
[runlim] sample:		80.0 time, 80.4 real, 7065.2 MB
[runlim] sample:		90.0 time, 90.4 real, 8119.7 MB
[runlim] sample:		100.0 time, 100.4 real, 8580.7 MB
[runlim] sample:		110.0 time, 110.4 real, 8580.7 MB
[runlim] sample:		120.0 time, 120.4 real, 11903.1 MB
[runlim] sample:		130.0 time, 130.4 real, 11903.1 MB
[runlim] sample:		140.0 time, 140.4 real, 11903.1 MB
[runlim] sample:		150.0 time, 150.4 real, 0.0 MB
[runlim] end:			Sat Nov  1 16:48:32 2025
[runlim] status:		out of time
[runlim] result:		2
[runlim] children:		0
[runlim] real:			150.47 seconds
[runlim] time:			149.98 seconds
[runlim] space:			15489.1 MB
[runlim] samples:		1500
