[runlim] version:		1.10
[runlim] time limit:		311040000 seconds
[runlim] real time limit:	1800 seconds
[runlim] space limit:		30000 MB
[runlim] argv[0]:		python3
[runlim] argv[1]:		model.py
[runlim] argv[2]:		./graph/hypercube/hypercube_8_256.txt
[runlim] start:			Tue Nov  4 17:18:27 2025
[runlim] main pid:		81846
[runlim] log captured:
Set parameter WLSAccessID
Set parameter WLSSecret
Set parameter LicenseID to value 2663665
Academic license 2663665 - for non-commercial use only - registered to tu___@vnu.edu.vn
Set parameter TimeLimit to value 1800
[runlim] sample:		10.0 time, 10.1 real, 116.9 MB
[runlim] sample:		20.0 time, 20.1 real, 185.6 MB
[runlim] sample:		30.0 time, 30.1 real, 253.5 MB
[runlim] sample:		40.0 time, 40.1 real, 320.7 MB
[runlim] sample:		50.0 time, 50.1 real, 384.6 MB
(w = 45) Value Cyclicantibandwidth: 45
Lables: [74, 120, 210, 8, 145, 55, 15, 178, 149, 70, 23, 164, 42, 216, 118, 43, 144, 31, 98, 217, 38, 153, 212, 24, 69, 181, 182, 116, 142, 48, 11, 177, 220, 22, 112, 219, 21, 211, 66, 132, 93, 165, 234, 39, 143, 41, 189, 241, 64, 195, 173, 114, 123, 9, 7, 198, 150, 44, 36, 191, 252, 128, 126, 54, 247, 174, 104, 59, 61, 110, 196, 249, 37, 232, 180, 115, 172, 62, 65, 162, 194, 102, 51, 154, 239, 50, 140, 202, 136, 29, 2, 199, 46, 155, 188, 94, 84, 223, 187, 12, 135, 32, 1, 193, 156, 103, 28, 161, 85, 151, 137, 56, 254, 47, 125, 218, 73, 148, 197, 27, 52, 183, 205, 95, 152, 33, 16, 141, 6, 168, 159, 90, 77, 226, 224, 18, 92, 228, 225, 25, 235, 30, 72, 147, 82, 242, 248, 139, 163, 100, 111, 221, 3, 129, 79, 185, 57, 175, 167, 75, 113, 231, 245, 34, 229, 20, 122, 209, 233, 109, 49, 208, 40, 179, 246, 88, 5, 134, 124, 244, 67, 192, 176, 131, 83, 240, 201, 106, 157, 81, 60, 251, 101, 26, 14, 138, 250, 158, 117, 68, 186, 71, 99, 230, 53, 203, 170, 19, 10, 166, 127, 255, 80, 236, 243, 146, 87, 238, 184, 107, 160, 35, 58, 227, 17, 130, 121, 214, 76, 213, 169, 4, 96, 204, 237, 108, 206, 45, 86, 190, 105, 256, 207, 63, 171, 89, 91, 200, 253, 119, 133, 13, 97, 215, 222, 78]
(w = 45) Correct Cyclicantibandwidth
Set parameter TimeLimit to value 1800
[runlim] sample:		60.0 time, 60.1 real, 1032.6 MB
[runlim] sample:		70.1 time, 70.1 real, 1095.5 MB
[runlim] sample:		80.1 time, 80.1 real, 1163.4 MB
[runlim] sample:		90.1 time, 90.1 real, 1226.2 MB
[runlim] sample:		100.1 time, 100.1 real, 1295.5 MB
(w = 46) Value Cyclicantibandwidth: 46
Lables: [67, 120, 213, 12, 145, 55, 18, 191, 149, 26, 101, 164, 30, 117, 177, 35, 237, 31, 98, 217, 91, 211, 212, 123, 86, 189, 204, 13, 201, 48, 68, 179, 152, 22, 95, 219, 21, 132, 161, 15, 37, 226, 163, 96, 143, 41, 42, 167, 53, 187, 173, 108, 153, 34, 3, 198, 157, 44, 87, 155, 47, 169, 156, 88, 255, 174, 109, 58, 54, 110, 181, 4, 89, 227, 180, 116, 172, 28, 20, 184, 190, 102, 51, 160, 254, 50, 135, 209, 136, 29, 2, 210, 46, 238, 188, 129, 84, 223, 216, 105, 141, 32, 69, 203, 154, 56, 38, 214, 40, 130, 186, 45, 1, 49, 118, 208, 70, 125, 197, 33, 52, 126, 205, 75, 146, 76, 64, 178, 6, 168, 159, 90, 60, 220, 218, 24, 59, 236, 215, 27, 151, 36, 39, 175, 140, 221, 248, 139, 230, 43, 61, 199, 8, 85, 94, 185, 104, 195, 150, 93, 66, 225, 5, 162, 128, 82, 79, 222, 247, 92, 114, 235, 80, 240, 196, 119, 244, 138, 103, 7, 62, 200, 206, 127, 74, 249, 256, 106, 246, 81, 72, 183, 113, 14, 9, 137, 250, 165, 121, 73, 228, 171, 99, 231, 97, 232, 170, 25, 10, 166, 147, 57, 111, 251, 194, 133, 83, 233, 202, 112, 243, 122, 71, 182, 17, 115, 134, 23, 65, 224, 11, 144, 100, 252, 207, 142, 245, 77, 63, 234, 158, 242, 19, 124, 16, 78, 107, 193, 241, 176, 148, 229, 192, 239, 253, 131]
(w = 46) Correct Cyclicantibandwidth
Set parameter TimeLimit to value 1800
[runlim] sample:		110.1 time, 110.1 real, 1032.0 MB
[runlim] sample:		120.1 time, 120.1 real, 1093.6 MB
[runlim] sample:		130.2 time, 130.1 real, 1156.9 MB
[runlim] sample:		140.2 time, 140.1 real, 1223.1 MB
[runlim] sample:		150.2 time, 150.1 real, 1291.4 MB
[runlim] sample:		160.2 time, 160.1 real, 1356.0 MB
(w = 47) Value Cyclicantibandwidth: 47
Lables: [60, 120, 208, 8, 145, 244, 18, 131, 149, 26, 99, 164, 16, 161, 165, 73, 134, 35, 37, 215, 38, 153, 221, 17, 15, 129, 150, 63, 142, 237, 58, 155, 219, 22, 112, 173, 68, 178, 207, 11, 14, 146, 185, 96, 143, 41, 9, 210, 70, 187, 229, 104, 227, 92, 34, 205, 157, 44, 93, 252, 47, 140, 154, 88, 247, 174, 109, 62, 54, 110, 218, 12, 89, 232, 180, 115, 172, 28, 29, 196, 64, 222, 211, 111, 239, 50, 48, 216, 136, 45, 3, 212, 46, 127, 107, 33, 132, 223, 242, 125, 228, 21, 51, 203, 181, 56, 65, 2, 81, 128, 135, 69, 254, 102, 55, 1, 76, 220, 213, 121, 52, 241, 167, 74, 144, 57, 7, 189, 197, 42, 116, 194, 95, 159, 226, 20, 98, 231, 209, 71, 151, 23, 31, 124, 253, 137, 190, 75, 201, 36, 79, 147, 160, 40, 19, 224, 5, 148, 168, 43, 72, 163, 251, 114, 166, 10, 91, 184, 170, 80, 122, 182, 25, 133, 179, 13, 177, 235, 103, 27, 67, 141, 152, 90, 255, 162, 202, 105, 139, 83, 6, 176, 138, 234, 243, 117, 200, 61, 119, 204, 199, 106, 118, 225, 250, 171, 193, 30, 206, 87, 77, 217, 123, 230, 233, 82, 256, 169, 191, 101, 186, 32, 24, 158, 238, 100, 86, 248, 85, 156, 236, 78, 113, 245, 240, 130, 183, 59, 39, 192, 126, 175, 195, 94, 249, 53, 97, 4, 198, 108, 49, 246, 66, 188, 214, 84]
(w = 47) Correct Cyclicantibandwidth
Set parameter TimeLimit to value 1800
[runlim] sample:		170.2 time, 170.1 real, 1098.2 MB
[runlim] sample:		180.2 time, 180.1 real, 1158.7 MB
[runlim] sample:		190.2 time, 190.1 real, 1219.4 MB
[runlim] sample:		200.3 time, 200.1 real, 1282.3 MB
[runlim] sample:		210.3 time, 210.1 real, 1344.6 MB
(w = 48) Value Cyclicantibandwidth: 48
Lables: [48, 115, 177, 253, 145, 55, 18, 124, 193, 26, 99, 187, 33, 113, 204, 35, 144, 235, 5, 89, 225, 104, 134, 231, 3, 129, 163, 252, 142, 214, 24, 92, 159, 29, 97, 183, 21, 172, 207, 56, 93, 146, 212, 30, 208, 41, 9, 201, 227, 94, 162, 243, 123, 240, 25, 105, 150, 233, 27, 182, 62, 130, 119, 32, 157, 50, 109, 180, 54, 168, 165, 11, 37, 230, 198, 114, 222, 28, 22, 173, 246, 102, 171, 248, 126, 4, 219, 67, 151, 34, 12, 200, 68, 137, 132, 251, 84, 237, 234, 116, 224, 59, 96, 202, 216, 64, 65, 206, 78, 128, 205, 255, 152, 31, 91, 194, 63, 186, 158, 10, 100, 166, 153, 74, 210, 23, 71, 122, 213, 49, 51, 176, 90, 226, 181, 46, 15, 184, 174, 43, 170, 52, 254, 118, 73, 127, 121, 249, 147, 36, 256, 98, 143, 40, 6, 178, 57, 140, 125, 241, 79, 175, 154, 38, 197, 83, 14, 185, 203, 17, 60, 161, 81, 220, 133, 47, 131, 236, 244, 136, 16, 188, 103, 1, 53, 107, 120, 245, 139, 20, 239, 111, 101, 229, 196, 117, 247, 110, 42, 209, 169, 106, 250, 195, 95, 167, 148, 7, 149, 45, 2, 199, 75, 211, 156, 19, 87, 221, 141, 82, 8, 88, 66, 155, 238, 76, 61, 232, 85, 242, 192, 135, 86, 218, 164, 108, 228, 72, 77, 189, 70, 160, 191, 69, 223, 112, 39, 190, 217, 13, 58, 179, 80, 215, 138, 44]
(w = 48) Correct Cyclicantibandwidth
Set parameter TimeLimit to value 1800
[runlim] sample:		220.3 time, 220.1 real, 1073.3 MB
[runlim] sample:		230.3 time, 230.1 real, 1140.5 MB
[runlim] sample:		240.3 time, 240.1 real, 1200.8 MB
[runlim] sample:		250.3 time, 250.1 real, 1264.3 MB
[runlim] sample:		260.3 time, 260.1 real, 1324.4 MB
[runlim] sample:		270.4 time, 270.1 real, 1385.6 MB
(w = 49) Value Cyclicantibandwidth: 49
Lables: [11, 107, 162, 239, 142, 242, 221, 113, 216, 26, 13, 148, 61, 112, 124, 235, 147, 49, 5, 131, 16, 106, 171, 250, 80, 129, 133, 234, 130, 253, 240, 100, 218, 19, 95, 176, 72, 138, 165, 25, 93, 170, 197, 94, 222, 31, 63, 154, 38, 105, 184, 243, 126, 204, 244, 146, 223, 37, 27, 163, 76, 141, 178, 237, 188, 2, 109, 59, 54, 153, 161, 9, 89, 177, 185, 7, 225, 40, 71, 122, 1, 99, 173, 248, 206, 4, 92, 143, 152, 226, 252, 166, 75, 172, 156, 249, 84, 167, 231, 116, 219, 81, 97, 174, 210, 90, 70, 209, 86, 211, 213, 66, 136, 220, 44, 169, 64, 134, 181, 247, 87, 164, 199, 67, 14, 73, 78, 135, 149, 254, 55, 157, 39, 155, 158, 46, 15, 102, 200, 32, 127, 52, 60, 118, 6, 98, 110, 251, 123, 241, 255, 101, 205, 10, 18, 82, 57, 121, 175, 233, 29, 179, 198, 65, 145, 42, 68, 201, 180, 232, 111, 182, 58, 125, 245, 48, 114, 236, 12, 139, 62, 132, 151, 36, 45, 128, 202, 17, 217, 20, 47, 108, 83, 140, 196, 3, 246, 74, 104, 207, 192, 43, 256, 190, 50, 214, 193, 28, 159, 238, 35, 103, 56, 137, 160, 51, 85, 144, 203, 33, 215, 21, 24, 120, 195, 77, 119, 187, 53, 191, 208, 23, 22, 168, 189, 117, 228, 30, 91, 224, 41, 150, 212, 8, 230, 69, 96, 194, 183, 79, 88, 186, 115, 227, 229, 34]
(w = 49) Correct Cyclicantibandwidth
Set parameter TimeLimit to value 1800
[runlim] sample:		280.4 time, 280.1 real, 1113.8 MB
[runlim] sample:		290.4 time, 290.1 real, 1174.0 MB
[runlim] sample:		300.4 time, 300.1 real, 1237.1 MB
[runlim] sample:		310.4 time, 310.1 real, 1295.2 MB
[runlim] sample:		320.4 time, 320.1 real, 1357.6 MB
[runlim] sample:		330.4 time, 330.1 real, 1419.2 MB
(w = 50) Value Cyclicantibandwidth: 50
Lables: [50, 139, 167, 255, 222, 55, 18, 113, 199, 33, 23, 177, 17, 112, 147, 235, 130, 42, 244, 127, 48, 105, 102, 234, 5, 125, 106, 229, 157, 227, 217, 129, 158, 215, 90, 162, 79, 136, 160, 15, 93, 155, 223, 96, 197, 34, 71, 175, 19, 107, 148, 243, 225, 47, 44, 99, 209, 7, 28, 159, 61, 135, 122, 230, 247, 88, 43, 169, 60, 143, 115, 219, 89, 151, 201, 30, 173, 1, 35, 119, 45, 138, 176, 245, 133, 210, 238, 92, 196, 29, 21, 131, 77, 140, 134, 251, 84, 14, 231, 66, 174, 65, 63, 123, 232, 91, 73, 203, 82, 207, 211, 62, 154, 214, 39, 149, 41, 132, 117, 10, 98, 164, 221, 74, 216, 12, 20, 145, 163, 25, 241, 124, 32, 172, 110, 246, 68, 187, 171, 38, 206, 54, 9, 137, 13, 146, 126, 249, 108, 239, 248, 118, 202, 49, 253, 161, 6, 104, 116, 220, 64, 142, 191, 69, 182, 83, 250, 184, 190, 46, 97, 236, 81, 226, 180, 40, 128, 240, 16, 141, 24, 179, 101, 242, 3, 181, 186, 75, 205, 26, 51, 165, 95, 152, 178, 36, 189, 58, 256, 121, 183, 94, 56, 228, 103, 156, 204, 67, 192, 37, 11, 109, 8, 111, 120, 237, 86, 233, 198, 52, 212, 27, 31, 144, 195, 70, 78, 213, 85, 170, 168, 57, 100, 200, 254, 53, 218, 80, 72, 166, 2, 153, 188, 22, 193, 4, 252, 150, 185, 76, 59, 224, 114, 208, 194, 87]
(w = 50) Correct Cyclicantibandwidth
Set parameter TimeLimit to value 1800
[runlim] sample:		340.4 time, 340.1 real, 1143.9 MB
[runlim] sample:		350.4 time, 350.1 real, 1202.0 MB
[runlim] sample:		360.5 time, 360.1 real, 1261.7 MB
[runlim] sample:		370.5 time, 370.1 real, 1322.6 MB
[runlim] sample:		380.5 time, 380.1 real, 1384.7 MB
[runlim] sample:		390.5 time, 390.1 real, 1446.6 MB
(w = 51) Value Cyclicantibandwidth: 51
Lables: [60, 120, 213, 8, 145, 55, 46, 110, 149, 26, 23, 201, 20, 171, 117, 40, 144, 224, 24, 132, 39, 112, 134, 227, 3, 129, 163, 11, 142, 38, 28, 127, 154, 33, 37, 177, 82, 225, 207, 25, 12, 169, 212, 96, 214, 41, 63, 226, 16, 158, 150, 243, 215, 34, 44, 109, 157, 68, 27, 160, 52, 232, 126, 32, 247, 43, 107, 164, 76, 235, 219, 53, 89, 228, 221, 105, 156, 54, 30, 184, 50, 102, 194, 248, 211, 51, 42, 140, 190, 29, 31, 170, 7, 155, 147, 251, 92, 222, 229, 111, 202, 62, 135, 203, 216, 91, 123, 2, 48, 234, 191, 97, 148, 22, 93, 187, 64, 122, 196, 10, 13, 210, 205, 74, 137, 70, 9, 186, 197, 49, 61, 185, 90, 151, 176, 56, 71, 159, 218, 94, 166, 67, 18, 223, 253, 108, 189, 249, 165, 244, 256, 118, 138, 242, 15, 146, 233, 130, 87, 21, 79, 136, 237, 58, 193, 81, 125, 209, 199, 80, 88, 254, 73, 152, 179, 95, 131, 236, 45, 161, 17, 141, 182, 4, 19, 162, 173, 83, 139, 75, 1, 172, 143, 239, 250, 103, 246, 84, 104, 252, 198, 69, 124, 217, 77, 178, 200, 86, 195, 35, 98, 175, 114, 183, 168, 47, 65, 133, 204, 78, 181, 255, 14, 188, 238, 66, 128, 241, 106, 5, 231, 72, 100, 245, 240, 121, 220, 99, 113, 174, 36, 153, 230, 101, 206, 57, 115, 208, 167, 59, 116, 6, 85, 192, 180, 119]
(w = 51) Correct Cyclicantibandwidth
Set parameter TimeLimit to value 1800
[runlim] sample:		400.5 time, 400.1 real, 1153.8 MB
[runlim] sample:		410.5 time, 410.1 real, 1212.7 MB
[runlim] sample:		420.5 time, 420.1 real, 1275.2 MB
[runlim] sample:		430.6 time, 430.1 real, 1335.7 MB
[runlim] sample:		440.6 time, 440.1 real, 1395.8 MB
[runlim] sample:		450.6 time, 450.1 real, 1461.9 MB
(w = 52) Value Cyclicantibandwidth: 52
Lables: [75, 137, 211, 49, 148, 45, 18, 189, 143, 8, 36, 155, 237, 105, 119, 20, 147, 239, 24, 136, 240, 152, 146, 16, 5, 129, 139, 242, 92, 40, 21, 156, 159, 63, 104, 165, 88, 167, 193, 109, 3, 200, 199, 95, 158, 15, 9, 212, 44, 166, 226, 26, 182, 34, 70, 205, 131, 10, 27, 160, 6, 134, 195, 74, 171, 82, 107, 210, 71, 179, 207, 116, 19, 145, 214, 39, 162, 28, 37, 213, 234, 142, 168, 7, 125, 2, 42, 196, 138, 224, 31, 102, 254, 118, 161, 14, 87, 204, 230, 81, 222, 69, 96, 217, 194, 55, 128, 233, 106, 188, 208, 98, 154, 65, 91, 206, 62, 130, 170, 17, 11, 127, 184, 33, 192, 256, 97, 191, 198, 56, 38, 113, 90, 223, 201, 23, 253, 120, 151, 241, 178, 47, 22, 117, 51, 157, 135, 4, 173, 35, 79, 174, 124, 252, 53, 176, 238, 132, 141, 247, 77, 228, 235, 41, 218, 103, 85, 175, 133, 59, 57, 183, 76, 181, 209, 25, 245, 84, 83, 202, 108, 172, 244, 93, 50, 153, 231, 99, 177, 73, 89, 187, 80, 250, 185, 46, 248, 78, 123, 190, 144, 66, 48, 126, 86, 180, 216, 43, 169, 60, 29, 122, 67, 149, 229, 58, 54, 150, 227, 30, 186, 13, 32, 163, 255, 110, 100, 236, 164, 220, 246, 115, 72, 251, 243, 52, 12, 112, 140, 225, 94, 249, 219, 64, 1, 68, 101, 221, 197, 61, 114, 232, 121, 203, 215, 111]
(w = 52) Correct Cyclicantibandwidth
Set parameter TimeLimit to value 1800
[runlim] sample:		460.6 time, 460.1 real, 1172.1 MB
[runlim] sample:		470.6 time, 470.1 real, 1232.7 MB
[runlim] sample:		480.6 time, 480.1 real, 1292.9 MB
[runlim] sample:		490.6 time, 490.1 real, 1350.6 MB
[runlim] sample:		500.7 time, 500.1 real, 1412.8 MB
[runlim] sample:		510.7 time, 510.1 real, 1473.7 MB
(w = 53) Value Cyclicantibandwidth: 53
Lables: [52, 120, 208, 32, 145, 250, 75, 133, 222, 61, 93, 146, 82, 163, 186, 35, 119, 230, 39, 153, 21, 143, 134, 227, 57, 132, 150, 232, 203, 48, 31, 127, 225, 22, 37, 173, 23, 137, 207, 79, 109, 213, 236, 68, 211, 66, 126, 234, 25, 158, 151, 243, 142, 65, 18, 141, 214, 38, 50, 160, 24, 226, 197, 51, 247, 47, 148, 231, 49, 116, 219, 58, 89, 233, 245, 70, 209, 33, 87, 212, 56, 115, 229, 30, 154, 17, 80, 139, 190, 41, 95, 162, 7, 128, 161, 15, 53, 117, 228, 59, 202, 63, 92, 147, 216, 55, 86, 152, 111, 164, 10, 81, 210, 13, 85, 149, 8, 123, 204, 3, 107, 183, 205, 11, 193, 69, 108, 189, 138, 14, 44, 124, 27, 159, 176, 34, 64, 167, 185, 251, 199, 76, 254, 195, 253, 101, 121, 249, 169, 237, 256, 99, 135, 238, 248, 90, 36, 130, 97, 252, 60, 136, 171, 20, 220, 74, 112, 166, 178, 83, 105, 170, 96, 2, 179, 106, 131, 242, 12, 104, 28, 129, 191, 4, 16, 140, 188, 241, 198, 73, 1, 182, 78, 177, 239, 62, 223, 54, 94, 235, 187, 84, 67, 155, 103, 201, 200, 45, 144, 26, 40, 125, 91, 174, 194, 46, 246, 184, 180, 6, 168, 19, 255, 172, 244, 43, 118, 221, 98, 165, 218, 71, 100, 157, 9, 77, 217, 88, 113, 224, 42, 122, 215, 29, 192, 5, 114, 206, 175, 240, 110, 181, 72, 156, 196, 102]
(w = 53) Correct Cyclicantibandwidth
Set parameter TimeLimit to value 1800
[runlim] sample:		520.7 time, 520.1 real, 1163.9 MB
[runlim] sample:		530.7 time, 530.1 real, 1224.0 MB
[runlim] sample:		540.7 time, 540.1 real, 1281.4 MB
[runlim] sample:		550.7 time, 550.1 real, 1342.4 MB
[runlim] sample:		560.7 time, 560.1 real, 1403.1 MB
[runlim] sample:		570.8 time, 570.1 real, 1467.2 MB
[runlim] sample:		580.8 time, 580.1 real, 1529.8 MB
(w = 54) Value Cyclicantibandwidth: 54
Lables: [66, 120, 212, 39, 217, 30, 26, 216, 196, 43, 23, 103, 28, 140, 118, 41, 130, 12, 16, 132, 18, 116, 115, 14, 3, 129, 119, 232, 142, 49, 222, 122, 156, 220, 40, 154, 21, 137, 199, 79, 93, 164, 152, 7, 150, 75, 9, 209, 34, 92, 157, 243, 123, 20, 38, 143, 193, 251, 1, 153, 63, 185, 126, 64, 247, 58, 109, 231, 99, 230, 200, 131, 68, 228, 187, 48, 159, 31, 22, 211, 50, 114, 186, 33, 215, 51, 42, 214, 149, 36, 248, 173, 86, 225, 146, 57, 84, 160, 229, 91, 205, 74, 127, 2, 226, 97, 98, 208, 87, 203, 190, 125, 221, 19, 83, 145, 45, 148, 239, 89, 90, 151, 170, 82, 218, 72, 53, 244, 172, 5, 17, 180, 70, 184, 163, 105, 80, 138, 158, 24, 188, 77, 35, 219, 253, 117, 106, 249, 182, 29, 256, 181, 135, 32, 250, 144, 78, 227, 155, 25, 69, 166, 178, 95, 213, 52, 37, 192, 245, 62, 88, 165, 44, 206, 197, 111, 133, 242, 11, 169, 59, 113, 134, 255, 71, 128, 147, 234, 237, 55, 65, 176, 101, 201, 183, 110, 162, 73, 107, 202, 198, 67, 100, 210, 96, 233, 195, 121, 189, 10, 4, 174, 27, 194, 191, 13, 6, 136, 161, 15, 167, 76, 254, 175, 236, 56, 81, 241, 104, 246, 238, 94, 139, 240, 207, 108, 235, 124, 112, 224, 60, 141, 179, 46, 223, 54, 47, 171, 204, 61, 8, 168, 85, 252, 177, 102]
(w = 54) Correct Cyclicantibandwidth
Set parameter TimeLimit to value 1800
[runlim] sample:		590.8 time, 590.1 real, 1223.8 MB
[runlim] sample:		600.8 time, 600.1 real, 1283.2 MB
[runlim] sample:		610.8 time, 610.1 real, 1343.6 MB
[runlim] sample:		620.8 time, 620.1 real, 1403.1 MB
[runlim] sample:		630.8 time, 630.1 real, 1462.5 MB
[runlim] sample:		640.9 time, 640.1 real, 1525.5 MB
(w = 55) Value Cyclicantibandwidth: 55
Lables: [66, 122, 213, 40, 129, 11, 22, 103, 155, 224, 58, 156, 222, 163, 118, 38, 180, 256, 53, 124, 236, 116, 127, 231, 1, 142, 150, 244, 92, 246, 34, 133, 211, 48, 28, 225, 30, 105, 218, 35, 36, 168, 212, 25, 144, 234, 17, 128, 52, 135, 159, 27, 123, 13, 44, 106, 178, 69, 63, 177, 16, 125, 126, 31, 245, 49, 107, 204, 45, 198, 189, 39, 89, 162, 235, 91, 154, 41, 60, 238, 67, 201, 200, 3, 173, 4, 15, 153, 166, 73, 37, 182, 20, 190, 147, 72, 46, 161, 210, 104, 193, 26, 96, 217, 216, 94, 120, 214, 76, 169, 208, 59, 232, 56, 102, 202, 61, 130, 181, 24, 93, 226, 223, 77, 164, 33, 68, 196, 183, 249, 64, 132, 21, 87, 187, 12, 54, 165, 185, 71, 149, 252, 6, 143, 10, 108, 121, 242, 138, 199, 9, 85, 139, 227, 250, 131, 215, 78, 141, 205, 50, 151, 229, 32, 167, 239, 90, 152, 237, 75, 88, 188, 82, 148, 192, 8, 109, 241, 43, 114, 253, 113, 171, 5, 42, 137, 179, 243, 158, 220, 55, 134, 101, 175, 240, 70, 184, 255, 115, 176, 254, 98, 99, 219, 80, 194, 207, 86, 195, 18, 57, 136, 251, 111, 191, 29, 84, 170, 172, 23, 146, 7, 79, 145, 228, 47, 110, 209, 100, 174, 248, 95, 160, 230, 233, 83, 2, 81, 117, 206, 51, 119, 197, 14, 186, 19, 112, 203, 221, 62, 97, 157, 74, 140, 247, 65]
(w = 55) Correct Cyclicantibandwidth
Set parameter TimeLimit to value 1800
[runlim] sample:		650.9 time, 650.1 real, 1206.4 MB
[runlim] sample:		660.9 time, 660.1 real, 1276.5 MB
[runlim] sample:		670.9 time, 670.1 real, 1334.3 MB
[runlim] sample:		680.9 time, 680.1 real, 1394.8 MB
[runlim] sample:		690.9 time, 690.1 real, 1456.0 MB
[runlim] sample:		700.9 time, 700.1 real, 1515.5 MB
[runlim] sample:		710.9 time, 710.1 real, 1576.9 MB
[runlim] sample:		721.0 time, 720.1 real, 2218.8 MB
[runlim] sample:		731.0 time, 730.1 real, 2221.0 MB
[runlim] sample:		741.0 time, 740.1 real, 2224.0 MB
[runlim] sample:		754.3 time, 750.1 real, 3196.8 MB
[runlim] sample:		764.5 time, 760.1 real, 3258.8 MB
[runlim] sample:		774.7 time, 770.1 real, 2712.8 MB
[runlim] sample:		798.4 time, 780.1 real, 10573.1 MB
[runlim] sample:		838.1 time, 790.1 real, 8693.6 MB
[runlim] sample:		861.0 time, 800.1 real, 4803.7 MB
[runlim] sample:		871.3 time, 810.1 real, 5683.8 MB
[runlim] sample:		881.6 time, 820.1 real, 5738.2 MB
(w = 56) Value Cyclicantibandwidth: 56
Lables: [62, 194, 251, 96, 187, 108, 90, 173, 193, 120, 74, 217, 87, 235, 242, 68, 119, 47, 53, 206, 35, 232, 182, 43, 30, 189, 145, 48, 153, 41, 56, 130, 186, 103, 122, 197, 17, 198, 202, 2, 98, 222, 240, 50, 204, 71, 64, 143, 252, 175, 185, 22, 136, 40, 14, 165, 154, 38, 46, 116, 23, 219, 132, 33, 177, 4, 99, 158, 59, 169, 161, 249, 13, 191, 160, 32, 167, 76, 93, 151, 233, 110, 156, 6, 148, 49, 241, 109, 105, 248, 216, 114, 237, 137, 149, 246, 31, 183, 207, 25, 150, 9, 12, 81, 155, 91, 82, 215, 18, 166, 188, 15, 139, 45, 11, 134, 243, 138, 101, 8, 44, 147, 142, 16, 115, 27, 3, 129, 5, 126, 107, 228, 124, 239, 234, 57, 127, 236, 250, 125, 255, 111, 121, 229, 63, 245, 171, 106, 230, 117, 73, 231, 210, 123, 55, 209, 78, 226, 221, 42, 118, 238, 211, 100, 195, 89, 102, 162, 7, 128, 112, 213, 72, 244, 214, 52, 176, 51, 97, 190, 34, 225, 164, 75, 86, 205, 220, 24, 223, 67, 66, 181, 113, 196, 174, 92, 1, 80, 104, 168, 201, 135, 65, 218, 95, 254, 224, 58, 170, 54, 253, 180, 85, 212, 178, 37, 21, 192, 140, 20, 157, 69, 36, 146, 208, 61, 94, 163, 88, 203, 172, 19, 79, 227, 247, 70, 152, 77, 84, 141, 83, 199, 179, 256, 184, 39, 10, 131, 144, 28, 60, 200, 26, 133, 159, 29]
(w = 56) Correct Cyclicantibandwidth
Set parameter TimeLimit to value 1800
[runlim] sample:		891.8 time, 830.1 real, 2643.0 MB
[runlim] sample:		901.8 time, 840.1 real, 2646.3 MB
[runlim] sample:		911.9 time, 850.1 real, 2760.4 MB
[runlim] sample:		921.9 time, 860.1 real, 2819.5 MB
[runlim] sample:		931.9 time, 870.1 real, 2877.7 MB
[runlim] sample:		941.9 time, 880.1 real, 2939.4 MB
[runlim] sample:		951.9 time, 890.1 real, 2996.8 MB
[runlim] sample:		961.9 time, 900.1 real, 2546.7 MB
[runlim] sample:		971.9 time, 910.1 real, 3232.4 MB
[runlim] sample:		982.0 time, 920.1 real, 2546.9 MB
[runlim] sample:		995.2 time, 930.1 real, 3477.4 MB
[runlim] sample:		1005.5 time, 940.1 real, 3547.0 MB
[runlim] sample:		1015.7 time, 950.1 real, 2565.9 MB
[runlim] sample:		1029.6 time, 960.1 real, 7182.9 MB
[runlim] sample:		1069.6 time, 970.1 real, 8846.3 MB
[runlim] sample:		1097.4 time, 980.1 real, 7304.9 MB
[runlim] sample:		1107.7 time, 990.1 real, 6534.3 MB
[runlim] sample:		1117.9 time, 1000.1 real, 6590.5 MB
[runlim] sample:		1128.2 time, 1010.1 real, 6590.8 MB
[runlim] sample:		1138.4 time, 1020.1 real, 6590.8 MB
[runlim] sample:		1148.7 time, 1030.1 real, 6590.8 MB
[runlim] sample:		1158.9 time, 1040.1 real, 6590.8 MB
[runlim] sample:		1169.2 time, 1050.1 real, 6590.8 MB
[runlim] sample:		1179.4 time, 1060.1 real, 6590.8 MB
[runlim] sample:		1189.7 time, 1070.1 real, 5778.9 MB
[runlim] sample:		1199.9 time, 1080.1 real, 5786.9 MB
[runlim] sample:		1210.2 time, 1090.1 real, 5791.2 MB
[runlim] sample:		1220.4 time, 1100.1 real, 5793.2 MB
[runlim] sample:		1230.6 time, 1110.1 real, 5797.2 MB
[runlim] sample:		1240.8 time, 1120.1 real, 5799.2 MB
[runlim] sample:		1251.1 time, 1130.1 real, 4255.5 MB
[runlim] sample:		1261.3 time, 1140.1 real, 4255.5 MB
[runlim] sample:		1271.5 time, 1150.1 real, 2764.1 MB
(w = 57) Value Cyclicantibandwidth: 57
Lables: [6, 123, 125, 189, 115, 180, 183, 33, 127, 3, 192, 63, 191, 73, 50, 134, 64, 182, 1, 58, 179, 17, 59, 142, 193, 82, 60, 165, 24, 155, 168, 18, 81, 15, 204, 76, 199, 110, 12, 170, 256, 97, 104, 240, 95, 252, 173, 71, 206, 79, 61, 141, 51, 175, 169, 255, 94, 234, 172, 43, 163, 68, 83, 164, 137, 217, 194, 29, 200, 34, 5, 118, 214, 131, 20, 211, 27, 224, 122, 28, 198, 102, 62, 176, 57, 160, 156, 242, 129, 233, 197, 46, 186, 35, 45, 144, 195, 88, 9, 201, 40, 220, 124, 25, 105, 251, 174, 78, 208, 53, 47, 138, 7, 167, 154, 2, 133, 36, 4, 148, 187, 75, 38, 135, 52, 140, 143, 8, 101, 229, 210, 39, 203, 114, 74, 190, 30, 117, 108, 238, 128, 10, 244, 72, 196, 106, 65, 184, 11, 188, 157, 13, 111, 14, 202, 90, 185, 89, 48, 147, 181, 77, 42, 161, 80, 246, 171, 103, 121, 16, 239, 86, 237, 145, 112, 241, 22, 205, 139, 32, 153, 96, 19, 166, 216, 126, 44, 228, 92, 254, 215, 70, 243, 152, 93, 225, 99, 221, 162, 26, 132, 247, 213, 119, 219, 130, 49, 223, 87, 227, 253, 84, 159, 98, 55, 158, 236, 120, 107, 232, 85, 226, 231, 37, 100, 245, 177, 91, 218, 113, 31, 209, 249, 136, 109, 250, 151, 230, 222, 56, 178, 67, 54, 150, 21, 207, 146, 23, 116, 248, 235, 66, 212, 69, 41, 149]
(w = 57) Correct Cyclicantibandwidth
Set parameter TimeLimit to value 1800
[runlim] sample:		1281.6 time, 1160.1 real, 2707.4 MB
[runlim] sample:		1291.6 time, 1170.1 real, 2716.4 MB
[runlim] sample:		1301.6 time, 1180.1 real, 2879.9 MB
[runlim] sample:		1311.6 time, 1190.1 real, 2940.4 MB
[runlim] sample:		1321.6 time, 1200.1 real, 2996.1 MB
[runlim] sample:		1331.6 time, 1210.1 real, 3057.5 MB
[runlim] sample:		1341.7 time, 1220.1 real, 1579.6 MB
[runlim] sample:		1351.7 time, 1230.1 real, 3302.5 MB
[runlim] sample:		1361.7 time, 1240.1 real, 2742.1 MB
[runlim] sample:		1374.8 time, 1250.1 real, 3564.2 MB
[runlim] sample:		1385.1 time, 1260.1 real, 3620.2 MB
[runlim] sample:		1395.3 time, 1270.1 real, 3678.4 MB
[runlim] sample:		1405.6 time, 1280.1 real, 3005.9 MB
[runlim] sample:		1441.8 time, 1290.1 real, 13326.0 MB
[runlim] sample:		1474.4 time, 1300.1 real, 7842.7 MB
[runlim] sample:		1484.7 time, 1310.1 real, 5821.1 MB
[runlim] sample:		1495.0 time, 1320.1 real, 6713.4 MB
[runlim] sample:		1505.2 time, 1330.1 real, 6713.4 MB
[runlim] sample:		1515.4 time, 1340.1 real, 6713.4 MB
[runlim] sample:		1525.7 time, 1350.1 real, 6713.4 MB
[runlim] sample:		1535.9 time, 1360.1 real, 6713.4 MB
[runlim] sample:		1546.2 time, 1370.1 real, 6713.4 MB
[runlim] sample:		1556.5 time, 1380.1 real, 6713.4 MB
[runlim] sample:		1566.7 time, 1390.1 real, 6713.4 MB
[runlim] sample:		1577.0 time, 1400.1 real, 6713.4 MB
[runlim] sample:		1587.2 time, 1410.1 real, 6713.4 MB
[runlim] sample:		1597.5 time, 1420.1 real, 6681.4 MB
[runlim] sample:		1607.7 time, 1430.1 real, 6693.4 MB
[runlim] sample:		1618.0 time, 1440.1 real, 6703.6 MB
[runlim] sample:		1628.3 time, 1450.1 real, 6709.6 MB
[runlim] sample:		1638.5 time, 1460.1 real, 6717.6 MB
[runlim] sample:		1648.8 time, 1470.1 real, 6719.6 MB
[runlim] sample:		1659.0 time, 1480.1 real, 5125.8 MB
[runlim] sample:		1669.2 time, 1490.1 real, 5125.8 MB
[runlim] sample:		1679.5 time, 1500.1 real, 5125.8 MB
[runlim] sample:		1689.8 time, 1510.1 real, 5145.1 MB
[runlim] sample:		1700.0 time, 1520.1 real, 3562.9 MB
[runlim] sample:		1710.3 time, 1530.1 real, 4446.7 MB
[runlim] sample:		1720.5 time, 1540.1 real, 4447.4 MB
[runlim] sample:		1730.8 time, 1550.1 real, 4510.2 MB
[runlim] sample:		1741.0 time, 1560.1 real, 4916.6 MB
[runlim] sample:		1751.2 time, 1570.1 real, 4923.2 MB
[runlim] sample:		1761.5 time, 1580.1 real, 4808.2 MB
[runlim] sample:		1771.7 time, 1590.1 real, 4476.1 MB
[runlim] sample:		1782.0 time, 1600.1 real, 4478.1 MB
[runlim] sample:		1792.2 time, 1610.1 real, 6126.0 MB
[runlim] sample:		1802.5 time, 1620.1 real, 6159.4 MB
(w = 58) Value Cyclicantibandwidth: 58
Lables: [127, 6, 2, 106, 4, 117, 113, 31, 3, 175, 125, 30, 135, 46, 55, 222, 249, 95, 119, 241, 126, 25, 47, 133, 116, 22, 37, 177, 54, 195, 178, 49, 8, 197, 148, 23, 153, 33, 39, 218, 170, 110, 44, 193, 42, 198, 207, 98, 145, 26, 20, 158, 27, 223, 143, 75, 51, 200, 167, 96, 192, 122, 72, 215, 246, 174, 129, 41, 149, 24, 255, 161, 180, 105, 48, 214, 50, 217, 165, 100, 130, 35, 1, 132, 56, 221, 173, 66, 21, 201, 199, 59, 209, 134, 36, 202, 166, 63, 251, 191, 62, 163, 179, 101, 104, 5, 189, 112, 232, 92, 107, 11, 53, 216, 185, 70, 225, 97, 80, 213, 194, 124, 102, 237, 38, 231, 230, 123, 15, 103, 118, 13, 142, 245, 234, 152, 131, 28, 18, 203, 19, 186, 171, 89, 121, 29, 247, 164, 248, 187, 141, 65, 58, 208, 182, 85, 138, 71, 64, 243, 140, 32, 12, 183, 14, 169, 172, 88, 16, 212, 206, 109, 159, 45, 87, 239, 57, 220, 156, 77, 176, 99, 74, 7, 205, 136, 81, 256, 69, 228, 219, 94, 146, 34, 40, 147, 9, 160, 150, 86, 10, 188, 181, 84, 151, 76, 90, 227, 61, 224, 168, 68, 162, 93, 52, 244, 196, 115, 108, 250, 60, 252, 226, 128, 43, 210, 190, 78, 154, 73, 91, 236, 184, 67, 111, 235, 82, 238, 240, 155, 233, 114, 83, 229, 79, 242, 204, 139, 120, 254, 17, 157, 211, 137, 144, 253]
(w = 58) Correct Cyclicantibandwidth
Set parameter TimeLimit to value 1800
[runlim] sample:		1812.7 time, 1630.1 real, 2892.2 MB
[runlim] sample:		1822.7 time, 1640.1 real, 2896.2 MB
[runlim] sample:		1832.7 time, 1650.1 real, 3011.4 MB
[runlim] sample:		1842.7 time, 1660.1 real, 3069.0 MB
[runlim] sample:		1852.7 time, 1670.1 real, 3129.4 MB
[runlim] sample:		1862.8 time, 1680.1 real, 3189.6 MB
[runlim] sample:		1872.8 time, 1690.1 real, 3246.7 MB
[runlim] sample:		1882.8 time, 1700.1 real, 1786.8 MB
[runlim] sample:		1892.8 time, 1710.1 real, 3539.4 MB
[runlim] sample:		1902.8 time, 1720.1 real, 2830.2 MB
[runlim] sample:		1915.3 time, 1730.1 real, 2844.9 MB
[runlim] sample:		1926.2 time, 1740.1 real, 3836.4 MB
[runlim] sample:		1936.4 time, 1750.1 real, 3896.4 MB
[runlim] sample:		1946.7 time, 1760.1 real, 3223.1 MB
[runlim] sample:		1978.3 time, 1770.1 real, 12697.0 MB
[runlim] sample:		2018.2 time, 1780.1 real, 8312.2 MB
[runlim] sample:		2038.9 time, 1790.1 real, 7411.4 MB
[runlim] sample:		2059.0 time, 1800.1 real, 7154.0 MB
[runlim] end:			Tue Nov  4 17:48:27 2025
[runlim] status:		out of time
[runlim] result:		2
[runlim] children:		0
[runlim] real:			1800.12 seconds
[runlim] time:			2059.02 seconds
[runlim] space:			14223.2 MB
[runlim] samples:		18000
