[runlim] version:		1.10
[runlim] time limit:		311040000 seconds
[runlim] real time limit:	1800 seconds
[runlim] space limit:		30000 MB
[runlim] argv[0]:		python3
[runlim] argv[1]:		model.py
[runlim] argv[2]:		./graph/hypercube/hypercube_4_16.txt
[runlim] start:			Tue Nov  4 16:44:47 2025
[runlim] main pid:		80933
[runlim] log captured:
Set parameter WLSAccessID
Set parameter WLSSecret
Set parameter LicenseID to value 2663665
Academic license 2663665 - for non-commercial use only - registered to tu___@vnu.edu.vn
Set parameter TimeLimit to value 1800
(w = 4) Value Cyclicantibandwidth: 4
Lables: [5, 9, 15, 4, 10, 1, 6, 13, 11, 16, 7, 12, 2, 8, 14, 3]
(w = 4) Correct Cyclicantibandwidth
Real time: 0.444141149520874 seconds
[runlim] end:			Tue Nov  4 16:44:48 2025
[runlim] status:		ok
[runlim] result:		0
[runlim] children:		0
[runlim] real:			1.34 seconds
[runlim] time:			0.11 seconds
[runlim] space:			24.1 MB
[runlim] samples:		5
