[runlim] version:		1.10
[runlim] time limit:		311040000 seconds
[runlim] real time limit:	1800 seconds
[runlim] space limit:		30000 MB
[runlim] argv[0]:		python3
[runlim] argv[1]:		model.py
[runlim] argv[2]:		./graph/random_generated_graph_2013/p11_100_600
[runlim] start:			Wed Nov 12 14:23:44 2025
[runlim] main pid:		42805
[runlim] log captured:
Set parameter WLSAccessID
Set parameter WLSSecret
Set parameter LicenseID to value 2663665
Academic license 2663665 - for non-commercial use only - registered to tu___@vnu.edu.vn
Set parameter TimeLimit to value 1800
(w = 4) Value Cyclicantibandwidth: 4
Lables: [38, 75, 11, 78, 44, 24, 3, 99, 4, 8, 43, 35, 21, 25, 52, 68, 61, 13, 27, 1, 92, 22, 45, 70, 85, 63, 2, 37, 17, 57, 96, 97, 14, 95, 12, 88, 98, 62, 91, 64, 55, 58, 10, 65, 20, 56, 60, 28, 82, 53, 26, 49, 46, 19, 94, 72, 93, 15, 51, 90, 31, 71, 18, 73, 76, 6, 54, 74, 34, 42, 87, 79, 29, 66, 32, 86, 5, 77, 40, 39, 69, 7, 84, 83, 100, 89, 59, 16, 81, 48, 30, 80, 47, 9, 50, 67, 36, 41, 33, 23]
(w = 4) Correct Cyclicantibandwidth
Set parameter TimeLimit to value 1800
(w = 5) Value Cyclicantibandwidth: 5
Lables: [46, 53, 11, 40, 44, 24, 14, 51, 67, 37, 43, 35, 69, 25, 17, 61, 54, 28, 49, 98, 99, 15, 1, 30, 32, 33, 36, 82, 63, 72, 96, 64, 29, 89, 12, 81, 91, 86, 45, 85, 100, 6, 38, 76, 21, 9, 18, 4, 75, 95, 26, 66, 56, 2, 60, 80, 55, 62, 7, 48, 19, 88, 68, 34, 27, 50, 74, 20, 92, 83, 57, 94, 65, 5, 23, 58, 70, 79, 47, 93, 97, 22, 77, 90, 42, 52, 41, 73, 16, 78, 71, 13, 84, 87, 8, 59, 10, 39, 31, 3]
(w = 5) Correct Cyclicantibandwidth
Set parameter TimeLimit to value 1800
(w = 6) Value Cyclicantibandwidth: 6
Lables: [83, 74, 25, 56, 86, 98, 11, 99, 4, 3, 62, 36, 20, 27, 43, 84, 61, 88, 12, 13, 78, 6, 14, 70, 50, 63, 41, 77, 9, 71, 55, 100, 52, 91, 37, 2, 45, 68, 82, 47, 95, 58, 10, 90, 35, 64, 48, 44, 22, 18, 5, 92, 75, 46, 42, 72, 60, 85, 15, 49, 65, 57, 54, 73, 66, 97, 32, 24, 8, 17, 89, 94, 40, 31, 23, 76, 29, 21, 80, 39, 96, 1, 69, 33, 19, 81, 53, 79, 16, 26, 67, 87, 34, 28, 7, 30, 93, 51, 38, 59]
(w = 6) Correct Cyclicantibandwidth
Set parameter TimeLimit to value 1800
(w = 7) Value Cyclicantibandwidth: 7
Lables: [89, 99, 1, 7, 59, 24, 43, 98, 5, 25, 88, 34, 15, 29, 45, 91, 22, 9, 100, 31, 92, 40, 97, 65, 48, 12, 74, 76, 32, 71, 8, 44, 82, 73, 66, 77, 57, 55, 52, 27, 90, 58, 54, 84, 49, 64, 56, 62, 19, 23, 68, 87, 39, 94, 42, 2, 18, 41, 46, 81, 17, 63, 11, 70, 30, 93, 37, 20, 51, 21, 80, 6, 36, 67, 33, 72, 10, 78, 79, 47, 14, 53, 28, 38, 75, 61, 60, 13, 4, 83, 69, 3, 16, 85, 95, 96, 86, 50, 35, 26]
(w = 7) Correct Cyclicantibandwidth
Set parameter TimeLimit to value 1800
[runlim] sample:		10.0 time, 10.1 real, 117.7 MB
(w = 8) Value Cyclicantibandwidth: 8
Lables: [38, 75, 68, 97, 44, 33, 5, 71, 4, 90, 43, 96, 21, 27, 50, 76, 36, 35, 51, 1, 92, 99, 14, 70, 8, 23, 30, 3, 52, 72, 28, 2, 85, 91, 66, 88, 74, 62, 87, 29, 98, 37, 10, 84, 26, 65, 57, 67, 54, 89, 22, 15, 55, 46, 42, 82, 60, 41, 6, 39, 19, 61, 18, 73, 16, 12, 78, 63, 86, 93, 34, 79, 40, 31, 100, 53, 17, 77, 94, 95, 80, 7, 58, 11, 48, 81, 24, 83, 13, 49, 64, 20, 56, 59, 45, 47, 9, 69, 32, 25]
(w = 8) Correct Cyclicantibandwidth
Set parameter TimeLimit to value 1800
(w = 9) Value Cyclicantibandwidth: 9
Lables: [64, 40, 81, 38, 49, 88, 1, 25, 45, 31, 92, 69, 30, 3, 20, 93, 68, 9, 5, 55, 78, 61, 36, 21, 29, 82, 46, 79, 67, 32, 56, 13, 77, 34, 58, 65, 14, 99, 41, 19, 72, 76, 97, 51, 53, 17, 4, 89, 27, 70, 90, 15, 94, 62, 54, 48, 42, 84, 91, 100, 10, 47, 57, 16, 24, 2, 73, 7, 80, 35, 63, 39, 12, 22, 44, 28, 8, 37, 33, 87, 23, 6, 11, 95, 66, 96, 60, 75, 86, 85, 18, 83, 26, 43, 98, 59, 71, 50, 52, 74]
(w = 9) Correct Cyclicantibandwidth
Set parameter TimeLimit to value 1800
[runlim] sample:		20.5 time, 20.1 real, 196.4 MB
(w = 10) Value Cyclicantibandwidth: 10
Lables: [42, 56, 90, 41, 45, 91, 1, 27, 51, 35, 7, 72, 33, 3, 97, 9, 71, 8, 5, 53, 52, 87, 40, 23, 31, 76, 75, 81, 77, 25, 64, 14, 82, 37, 55, 30, 15, 57, 43, 22, 100, 65, 62, 48, 70, 18, 4, 63, 28, 46, 69, 16, 96, 80, 44, 88, 38, 84, 66, 98, 11, 68, 78, 17, 26, 2, 74, 10, 59, 39, 21, 54, 13, 24, 49, 32, 79, 73, 34, 94, 60, 85, 12, 20, 67, 95, 58, 86, 92, 83, 19, 93, 29, 36, 6, 61, 99, 50, 47, 89]
(w = 10) Correct Cyclicantibandwidth
Set parameter TimeLimit to value 1800
[runlim] sample:		31.8 time, 30.1 real, 367.1 MB
[runlim] sample:		43.1 time, 40.1 real, 465.7 MB
(w = 11) Value Cyclicantibandwidth: 11
Lables: [31, 54, 91, 62, 33, 9, 34, 19, 87, 65, 98, 37, 8, 41, 2, 93, 79, 99, 48, 43, 29, 55, 7, 53, 66, 6, 40, 22, 35, 59, 46, 1, 44, 52, 85, 3, 92, 14, 20, 74, 49, 50, 89, 71, 4, 56, 96, 72, 58, 77, 60, 73, 30, 36, 94, 61, 5, 21, 28, 70, 11, 81, 12, 67, 84, 97, 45, 100, 18, 10, 69, 68, 83, 23, 25, 57, 42, 17, 39, 15, 16, 75, 47, 32, 26, 86, 82, 27, 63, 64, 90, 51, 80, 88, 38, 24, 13, 95, 76, 78]
(w = 11) Correct Cyclicantibandwidth
Set parameter TimeLimit to value 1800
[runlim] sample:		53.2 time, 50.1 real, 369.2 MB
(w = 12) Value Cyclicantibandwidth: 12
Lables: [74, 71, 52, 46, 39, 88, 1, 55, 61, 53, 11, 25, 56, 4, 96, 70, 19, 9, 5, 49, 66, 48, 80, 28, 35, 21, 47, 64, 82, 31, 38, 17, 91, 29, 98, 85, 18, 36, 68, 57, 77, 67, 58, 72, 92, 59, 2, 76, 37, 87, 45, 27, 34, 95, 93, 89, 43, 97, 6, 40, 13, 65, 94, 26, 63, 3, 99, 10, 78, 14, 22, 44, 16, 30, 73, 83, 12, 20, 42, 84, 62, 86, 15, 23, 24, 8, 100, 69, 51, 79, 33, 90, 32, 54, 7, 75, 60, 50, 41, 81]
(w = 12) Correct Cyclicantibandwidth
Set parameter TimeLimit to value 1800
[runlim] sample:		65.0 time, 60.1 real, 385.0 MB
[runlim] sample:		75.2 time, 70.1 real, 442.7 MB
[runlim] sample:		85.3 time, 80.1 real, 510.6 MB
[runlim] sample:		95.5 time, 90.1 real, 562.7 MB
[runlim] sample:		105.6 time, 100.1 real, 565.8 MB
[runlim] sample:		115.7 time, 110.1 real, 566.9 MB
[runlim] sample:		125.9 time, 120.1 real, 568.6 MB
[runlim] sample:		136.0 time, 130.1 real, 584.0 MB
[runlim] sample:		146.2 time, 140.1 real, 574.8 MB
[runlim] sample:		156.3 time, 150.1 real, 583.5 MB
[runlim] sample:		166.5 time, 160.1 real, 597.1 MB
[runlim] sample:		176.7 time, 170.1 real, 584.2 MB
[runlim] sample:		186.8 time, 180.1 real, 561.9 MB
[runlim] sample:		196.9 time, 190.1 real, 519.6 MB
[runlim] sample:		207.1 time, 200.1 real, 581.5 MB
[runlim] sample:		221.3 time, 210.1 real, 826.2 MB
[runlim] sample:		260.3 time, 220.1 real, 910.0 MB
[runlim] sample:		299.0 time, 230.1 real, 1071.2 MB
(w = 13) Value Cyclicantibandwidth: 13
Lables: [1, 19, 68, 87, 47, 60, 4, 78, 76, 34, 18, 37, 53, 5, 73, 72, 57, 16, 3, 29, 96, 66, 25, 39, 50, 59, 9, 12, 94, 90, 31, 24, 8, 41, 28, 61, 74, 10, 7, 86, 89, 42, 77, 97, 17, 54, 69, 38, 52, 35, 79, 45, 98, 83, 84, 71, 26, 14, 92, 99, 64, 40, 6, 44, 56, 22, 63, 62, 70, 23, 81, 20, 65, 48, 93, 51, 13, 21, 15, 11, 33, 85, 100, 49, 88, 32, 75, 55, 30, 91, 46, 82, 43, 58, 36, 95, 27, 80, 2, 67]
(w = 13) Correct Cyclicantibandwidth
Set parameter TimeLimit to value 1800
[runlim] sample:		311.9 time, 240.1 real, 900.8 MB
[runlim] sample:		322.0 time, 250.1 real, 966.7 MB
[runlim] sample:		332.2 time, 260.1 real, 909.4 MB
[runlim] sample:		342.3 time, 270.1 real, 1002.3 MB
[runlim] sample:		352.5 time, 280.1 real, 1020.8 MB
[runlim] sample:		362.6 time, 290.1 real, 878.0 MB
[runlim] sample:		372.8 time, 300.1 real, 1004.1 MB
[runlim] sample:		382.9 time, 310.1 real, 964.2 MB
[runlim] sample:		393.1 time, 320.1 real, 886.9 MB
[runlim] sample:		403.2 time, 330.1 real, 982.1 MB
[runlim] sample:		413.4 time, 340.1 real, 976.2 MB
[runlim] sample:		423.5 time, 350.1 real, 970.0 MB
[runlim] sample:		433.7 time, 360.1 real, 944.2 MB
[runlim] sample:		443.8 time, 370.1 real, 927.8 MB
[runlim] sample:		454.0 time, 380.1 real, 968.2 MB
[runlim] sample:		466.0 time, 390.1 real, 968.2 MB
[runlim] sample:		488.9 time, 400.1 real, 931.0 MB
[runlim] sample:		527.6 time, 410.1 real, 966.1 MB
[runlim] sample:		567.6 time, 420.1 real, 1037.9 MB
(w = 14) Value Cyclicantibandwidth: 14
Lables: [91, 96, 71, 25, 82, 55, 3, 67, 78, 19, 16, 36, 32, 10, 47, 4, 28, 65, 76, 12, 1, 81, 30, 52, 27, 18, 37, 88, 97, 98, 62, 24, 64, 31, 58, 26, 79, 9, 80, 53, 48, 43, 72, 99, 15, 50, 75, 68, 6, 51, 66, 41, 44, 85, 35, 86, 54, 14, 40, 87, 73, 39, 11, 38, 8, 17, 5, 29, 70, 22, 56, 59, 84, 33, 2, 94, 21, 20, 13, 57, 42, 77, 100, 90, 95, 60, 74, 92, 49, 89, 63, 61, 34, 83, 45, 93, 23, 69, 46, 7]
(w = 14) Correct Cyclicantibandwidth
Set parameter TimeLimit to value 1800
[runlim] sample:		587.2 time, 430.1 real, 1020.9 MB
[runlim] sample:		605.7 time, 440.1 real, 1107.4 MB
[runlim] sample:		625.7 time, 450.1 real, 1093.3 MB
[runlim] sample:		642.2 time, 460.1 real, 1038.7 MB
[runlim] sample:		662.2 time, 470.1 real, 1115.4 MB
[runlim] sample:		680.0 time, 480.1 real, 1112.9 MB
[runlim] sample:		700.0 time, 490.1 real, 1117.0 MB
[runlim] sample:		718.2 time, 500.1 real, 1120.6 MB
[runlim] sample:		738.2 time, 510.1 real, 1114.6 MB
[runlim] sample:		756.0 time, 520.1 real, 1040.0 MB
[runlim] sample:		773.2 time, 530.1 real, 1120.9 MB
[runlim] sample:		793.2 time, 540.1 real, 1116.9 MB
[runlim] sample:		808.5 time, 550.1 real, 1113.1 MB
[runlim] sample:		828.5 time, 560.1 real, 1115.1 MB
[runlim] sample:		846.5 time, 570.1 real, 1034.5 MB
[runlim] sample:		865.7 time, 580.1 real, 1133.8 MB
[runlim] sample:		885.6 time, 590.1 real, 1116.0 MB
[runlim] sample:		895.7 time, 600.1 real, 1122.7 MB
[runlim] sample:		905.9 time, 610.1 real, 1124.3 MB
[runlim] sample:		916.0 time, 620.1 real, 1093.4 MB
[runlim] sample:		926.2 time, 630.1 real, 1143.5 MB
[runlim] sample:		936.3 time, 640.1 real, 1118.5 MB
[runlim] sample:		948.3 time, 650.1 real, 1095.3 MB
[runlim] sample:		958.7 time, 660.1 real, 1085.5 MB
[runlim] sample:		988.4 time, 670.1 real, 1055.3 MB
[runlim] sample:		1028.0 time, 680.1 real, 1059.8 MB
[runlim] sample:		1068.0 time, 690.1 real, 1082.7 MB
[runlim] sample:		1106.4 time, 700.1 real, 1104.2 MB
[runlim] sample:		1146.4 time, 710.1 real, 1114.5 MB
[runlim] sample:		1185.9 time, 720.1 real, 1110.1 MB
[runlim] sample:		1225.9 time, 730.1 real, 1113.8 MB
[runlim] sample:		1265.9 time, 740.1 real, 1138.8 MB
[runlim] sample:		1306.0 time, 750.1 real, 1132.7 MB
[runlim] sample:		1346.0 time, 760.1 real, 1124.1 MB
[runlim] sample:		1384.4 time, 770.1 real, 1158.5 MB
[runlim] sample:		1424.5 time, 780.1 real, 1177.7 MB
[runlim] sample:		1463.8 time, 790.1 real, 1180.7 MB
[runlim] sample:		1503.3 time, 800.1 real, 1215.2 MB
[runlim] sample:		1543.3 time, 810.1 real, 1202.3 MB
[runlim] sample:		1583.0 time, 820.1 real, 1144.4 MB
[runlim] sample:		1622.9 time, 830.1 real, 1188.4 MB
[runlim] sample:		1663.0 time, 840.1 real, 1209.6 MB
[runlim] sample:		1702.9 time, 850.1 real, 1210.4 MB
[runlim] sample:		1742.9 time, 860.1 real, 1156.0 MB
[runlim] sample:		1783.0 time, 870.1 real, 1192.0 MB
[runlim] sample:		1822.7 time, 880.1 real, 1161.5 MB
[runlim] sample:		1862.6 time, 890.1 real, 1139.8 MB
[runlim] sample:		1902.6 time, 900.1 real, 1209.2 MB
[runlim] sample:		1941.9 time, 910.1 real, 1160.3 MB
[runlim] sample:		1982.0 time, 920.1 real, 1205.1 MB
[runlim] sample:		2022.0 time, 930.1 real, 1204.1 MB
[runlim] sample:		2061.7 time, 940.1 real, 1185.5 MB
[runlim] sample:		2101.7 time, 950.1 real, 1178.6 MB
[runlim] sample:		2141.0 time, 960.1 real, 1210.1 MB
[runlim] sample:		2181.1 time, 970.1 real, 1210.9 MB
[runlim] sample:		2220.5 time, 980.1 real, 1153.5 MB
[runlim] sample:		2255.9 time, 990.1 real, 1253.0 MB
[runlim] sample:		2266.4 time, 1000.1 real, 1282.6 MB
[runlim] sample:		2276.8 time, 1010.1 real, 1282.6 MB
[runlim] sample:		2293.1 time, 1020.1 real, 1298.7 MB
[runlim] sample:		2323.3 time, 1030.1 real, 1452.0 MB
[runlim] sample:		2363.4 time, 1040.1 real, 1453.4 MB
[runlim] sample:		2388.3 time, 1050.1 real, 1248.1 MB
[runlim] sample:		2398.7 time, 1060.1 real, 1283.3 MB
[runlim] sample:		2409.1 time, 1070.1 real, 1285.3 MB
[runlim] sample:		2419.6 time, 1080.1 real, 1287.3 MB
[runlim] sample:		2429.9 time, 1090.1 real, 1291.5 MB
[runlim] sample:		2440.3 time, 1100.1 real, 1293.5 MB
[runlim] sample:		2450.8 time, 1110.1 real, 1295.5 MB
[runlim] sample:		2461.2 time, 1120.1 real, 1295.5 MB
[runlim] sample:		2471.6 time, 1130.1 real, 1295.5 MB
[runlim] sample:		2482.0 time, 1140.1 real, 1295.5 MB
[runlim] sample:		2492.4 time, 1150.1 real, 1295.5 MB
[runlim] sample:		2502.8 time, 1160.1 real, 1283.9 MB
[runlim] sample:		2513.2 time, 1170.1 real, 1285.9 MB
[runlim] sample:		2523.6 time, 1180.1 real, 1291.9 MB
[runlim] sample:		2533.9 time, 1190.1 real, 1296.2 MB
[runlim] sample:		2544.4 time, 1200.1 real, 1298.2 MB
[runlim] sample:		2554.8 time, 1210.1 real, 1298.2 MB
[runlim] sample:		2565.2 time, 1220.1 real, 1298.2 MB
[runlim] sample:		2575.6 time, 1230.1 real, 1298.2 MB
[runlim] sample:		2586.0 time, 1240.1 real, 1300.2 MB
[runlim] sample:		2596.4 time, 1250.1 real, 1300.2 MB
[runlim] sample:		2622.0 time, 1260.1 real, 1835.5 MB
[runlim] sample:		2652.2 time, 1270.1 real, 1720.8 MB
[runlim] sample:		2682.3 time, 1280.1 real, 1896.8 MB
[runlim] sample:		2712.4 time, 1290.1 real, 1821.2 MB
[runlim] sample:		2742.6 time, 1300.1 real, 1901.6 MB
[runlim] sample:		2772.7 time, 1310.1 real, 1812.7 MB
[runlim] sample:		2802.9 time, 1320.1 real, 1885.4 MB
[runlim] sample:		2833.0 time, 1330.1 real, 2034.1 MB
[runlim] sample:		2863.2 time, 1340.1 real, 1781.1 MB
[runlim] sample:		2893.3 time, 1350.1 real, 1882.3 MB
[runlim] sample:		2923.5 time, 1360.1 real, 1894.6 MB
[runlim] sample:		2953.6 time, 1370.1 real, 1826.6 MB
[runlim] sample:		2980.5 time, 1380.1 real, 1824.1 MB
[runlim] sample:		3000.7 time, 1390.1 real, 1705.2 MB
[runlim] sample:		3021.2 time, 1400.1 real, 1909.9 MB
[runlim] sample:		3048.7 time, 1410.1 real, 1997.7 MB
[runlim] sample:		3078.8 time, 1420.1 real, 1898.3 MB
[runlim] sample:		3109.0 time, 1430.1 real, 1743.8 MB
[runlim] sample:		3139.2 time, 1440.1 real, 1748.1 MB
[runlim] sample:		3169.3 time, 1450.1 real, 1752.4 MB
[runlim] sample:		3199.4 time, 1460.1 real, 1711.9 MB
[runlim] sample:		3229.6 time, 1470.1 real, 1716.0 MB
[runlim] sample:		3259.8 time, 1480.1 real, 1716.8 MB
[runlim] sample:		3289.9 time, 1490.1 real, 1717.4 MB
[runlim] sample:		3320.0 time, 1500.1 real, 1682.0 MB
[runlim] sample:		3350.2 time, 1510.1 real, 1682.0 MB
[runlim] sample:		3380.3 time, 1520.1 real, 1658.7 MB
[runlim] sample:		3410.5 time, 1530.1 real, 1743.6 MB
[runlim] sample:		3440.6 time, 1540.1 real, 1751.4 MB
[runlim] sample:		3470.8 time, 1550.1 real, 1747.7 MB
[runlim] sample:		3500.9 time, 1560.1 real, 1700.5 MB
[runlim] sample:		3531.1 time, 1570.1 real, 1704.5 MB
[runlim] sample:		3561.2 time, 1580.1 real, 1706.5 MB
[runlim] sample:		3591.4 time, 1590.1 real, 1710.5 MB
[runlim] sample:		3621.5 time, 1600.1 real, 1710.5 MB
[runlim] sample:		3651.7 time, 1610.1 real, 1710.5 MB
[runlim] sample:		3681.8 time, 1620.1 real, 1710.5 MB
[runlim] sample:		3711.9 time, 1630.1 real, 1710.5 MB
[runlim] sample:		3742.1 time, 1640.1 real, 1712.5 MB
[runlim] sample:		3770.2 time, 1650.1 real, 1683.5 MB
[runlim] sample:		3790.5 time, 1660.1 real, 1683.7 MB
[runlim] sample:		3820.1 time, 1670.1 real, 1747.9 MB
[runlim] sample:		3850.2 time, 1680.1 real, 1696.7 MB
[runlim] sample:		3880.3 time, 1690.1 real, 1700.8 MB
[runlim] sample:		3910.5 time, 1700.1 real, 1700.8 MB
[runlim] sample:		3940.7 time, 1710.1 real, 1702.8 MB
[runlim] sample:		3970.8 time, 1720.1 real, 1702.8 MB
[runlim] sample:		4001.0 time, 1730.1 real, 1702.8 MB
[runlim] sample:		4031.1 time, 1740.1 real, 1704.8 MB
[runlim] sample:		4061.2 time, 1750.1 real, 1706.8 MB
[runlim] sample:		4091.4 time, 1760.1 real, 1707.9 MB
[runlim] sample:		4121.6 time, 1770.1 real, 1707.9 MB
[runlim] sample:		4151.7 time, 1780.1 real, 1707.9 MB
[runlim] sample:		4181.9 time, 1790.1 real, 1671.9 MB
[runlim] sample:		4205.1 time, 1800.1 real, 1671.9 MB
[runlim] end:			Wed Nov 12 14:53:44 2025
[runlim] status:		out of time
[runlim] result:		2
[runlim] children:		0
[runlim] real:			1800.12 seconds
[runlim] time:			4205.12 seconds
[runlim] space:			2107.4 MB
[runlim] samples:		18000
