[runlim] version:		1.10
[runlim] time limit:		311040000 seconds
[runlim] real time limit:	1800 seconds
[runlim] space limit:		30000 MB
[runlim] argv[0]:		python3
[runlim] argv[1]:		model.py
[runlim] argv[2]:		./graph/random_generated_graph_2013/p15_100_600
[runlim] start:			Wed Nov 12 16:23:44 2025
[runlim] main pid:		44299
[runlim] log captured:
Set parameter WLSAccessID
Set parameter WLSSecret
Set parameter LicenseID to value 2663665
Academic license 2663665 - for non-commercial use only - registered to tu___@vnu.edu.vn
Set parameter TimeLimit to value 1800
(w = 4) Value Cyclicantibandwidth: 4
Lables: [39, 75, 70, 5, 76, 22, 7, 24, 89, 41, 66, 35, 69, 98, 62, 68, 26, 13, 27, 1, 92, 15, 17, 95, 32, 67, 83, 85, 64, 77, 96, 97, 99, 31, 18, 86, 4, 55, 6, 43, 46, 58, 14, 84, 3, 36, 16, 51, 30, 56, 88, 33, 21, 49, 42, 72, 93, 82, 50, 10, 44, 52, 100, 73, 40, 80, 61, 63, 28, 54, 11, 19, 87, 34, 90, 2, 20, 53, 74, 48, 78, 45, 29, 37, 38, 47, 91, 94, 71, 59, 60, 23, 81, 57, 25, 12, 9, 79, 8, 65]
(w = 4) Correct Cyclicantibandwidth
Set parameter TimeLimit to value 1800
(w = 5) Value Cyclicantibandwidth: 5
Lables: [75, 76, 11, 5, 88, 19, 89, 99, 4, 83, 49, 51, 70, 7, 67, 68, 30, 65, 17, 1, 92, 22, 14, 47, 56, 26, 71, 55, 78, 44, 43, 97, 10, 91, 12, 21, 34, 3, 74, 18, 79, 58, 100, 84, 61, 50, 73, 41, 6, 60, 81, 33, 52, 32, 42, 64, 24, 82, 53, 85, 63, 16, 9, 72, 15, 25, 8, 27, 20, 40, 80, 39, 94, 54, 35, 59, 62, 87, 29, 28, 93, 45, 46, 86, 31, 96, 69, 57, 48, 77, 13, 95, 23, 2, 37, 36, 66, 90, 98, 38]
(w = 5) Correct Cyclicantibandwidth
Set parameter TimeLimit to value 1800
(w = 6) Value Cyclicantibandwidth: 6
Lables: [38, 75, 11, 5, 44, 24, 89, 99, 27, 83, 43, 51, 45, 1, 67, 68, 61, 13, 4, 84, 92, 22, 14, 47, 56, 20, 71, 85, 78, 98, 96, 97, 10, 63, 12, 16, 28, 62, 21, 41, 40, 58, 34, 31, 48, 64, 25, 72, 7, 76, 8, 60, 17, 46, 42, 30, 33, 81, 82, 35, 23, 29, 9, 18, 50, 6, 53, 15, 52, 54, 80, 36, 94, 66, 91, 2, 32, 49, 74, 19, 88, 39, 3, 86, 69, 26, 59, 100, 93, 77, 55, 73, 70, 65, 95, 37, 87, 79, 90, 57]
(w = 6) Correct Cyclicantibandwidth
Set parameter TimeLimit to value 1800
(w = 7) Value Cyclicantibandwidth: 7
Lables: [38, 19, 21, 5, 79, 24, 89, 66, 78, 7, 43, 51, 6, 70, 34, 68, 61, 44, 27, 1, 92, 86, 49, 15, 56, 32, 71, 85, 82, 23, 97, 14, 10, 91, 12, 16, 64, 81, 76, 18, 95, 58, 40, 84, 48, 52, 25, 41, 67, 9, 50, 33, 30, 46, 42, 72, 93, 31, 28, 99, 22, 26, 45, 90, 37, 80, 54, 63, 60, 53, 88, 17, 39, 47, 35, 83, 87, 73, 74, 11, 59, 75, 29, 8, 3, 57, 69, 13, 96, 77, 55, 2, 36, 94, 100, 4, 20, 98, 62, 65]
(w = 7) Correct Cyclicantibandwidth
Set parameter TimeLimit to value 1800
[runlim] sample:		10.0 time, 10.0 real, 115.3 MB
(w = 8) Value Cyclicantibandwidth: 8
Lables: [31, 72, 3, 5, 33, 24, 89, 100, 60, 81, 43, 51, 34, 7, 37, 68, 61, 63, 92, 75, 46, 22, 14, 23, 58, 67, 55, 85, 87, 50, 93, 42, 10, 88, 16, 49, 19, 25, 76, 91, 95, 13, 40, 80, 38, 64, 66, 53, 17, 45, 97, 86, 70, 32, 4, 47, 18, 8, 69, 2, 15, 26, 62, 73, 83, 65, 54, 90, 52, 84, 77, 21, 71, 39, 35, 94, 74, 28, 12, 9, 96, 78, 98, 1, 82, 27, 44, 6, 36, 29, 56, 99, 20, 57, 48, 11, 41, 79, 30, 59]
(w = 8) Correct Cyclicantibandwidth
Set parameter TimeLimit to value 1800
(w = 9) Value Cyclicantibandwidth: 9
Lables: [78, 39, 75, 18, 99, 58, 19, 91, 61, 6, 32, 47, 79, 9, 21, 71, 57, 50, 12, 92, 31, 36, 67, 2, 53, 74, 62, 35, 15, 29, 95, 46, 38, 49, 8, 88, 82, 1, 7, 25, 11, 93, 77, 34, 4, 51, 37, 30, 16, 96, 59, 76, 84, 54, 3, 41, 44, 66, 83, 85, 42, 64, 55, 5, 43, 20, 22, 72, 52, 28, 68, 80, 70, 87, 81, 100, 69, 13, 73, 10, 48, 27, 97, 45, 23, 33, 26, 89, 94, 60, 56, 98, 40, 63, 14, 24, 17, 90, 65, 86]
(w = 9) Correct Cyclicantibandwidth
Set parameter TimeLimit to value 1800
[runlim] sample:		20.4 time, 20.0 real, 257.5 MB
(w = 10) Value Cyclicantibandwidth: 10
Lables: [81, 72, 84, 4, 82, 33, 97, 34, 60, 53, 75, 65, 44, 15, 47, 35, 32, 85, 21, 67, 2, 56, 73, 88, 8, 23, 27, 57, 38, 100, 39, 63, 9, 68, 10, 94, 86, 54, 69, 76, 71, 17, 26, 61, 48, 16, 36, 42, 3, 46, 96, 89, 14, 24, 55, 40, 6, 52, 28, 70, 30, 29, 99, 74, 20, 79, 59, 92, 25, 1, 22, 49, 31, 7, 18, 13, 91, 58, 45, 50, 62, 77, 80, 87, 41, 78, 19, 64, 43, 11, 12, 37, 83, 5, 66, 95, 98, 51, 90, 93]
(w = 10) Correct Cyclicantibandwidth
Set parameter TimeLimit to value 1800
(w = 11) Value Cyclicantibandwidth: 11
Lables: [93, 65, 88, 2, 83, 11, 70, 50, 38, 46, 85, 60, 61, 35, 41, 6, 13, 89, 26, 43, 28, 54, 8, 49, 29, 23, 58, 67, 69, 78, 53, 57, 90, 33, 99, 94, 44, 47, 75, 48, 97, 92, 16, 9, 71, 18, 68, 34, 3, 40, 95, 87, 14, 39, 37, 81, 27, 45, 19, 80, 55, 82, 22, 73, 20, 91, 79, 98, 25, 1, 36, 77, 15, 100, 64, 30, 31, 52, 7, 17, 56, 76, 32, 51, 42, 10, 21, 72, 24, 12, 4, 59, 66, 5, 63, 84, 86, 74, 62, 96]
(w = 11) Correct Cyclicantibandwidth
Set parameter TimeLimit to value 1800
[runlim] sample:		31.9 time, 30.0 real, 353.0 MB
[runlim] sample:		43.5 time, 40.0 real, 463.0 MB
[runlim] sample:		53.6 time, 50.0 real, 386.5 MB
(w = 12) Value Cyclicantibandwidth: 12
Lables: [41, 83, 3, 37, 13, 35, 32, 50, 30, 27, 71, 84, 63, 65, 5, 44, 24, 60, 93, 70, 81, 23, 39, 94, 78, 95, 74, 26, 40, 46, 77, 67, 91, 75, 49, 16, 33, 31, 68, 42, 73, 4, 100, 72, 11, 61, 85, 80, 92, 20, 29, 88, 59, 2, 58, 17, 89, 34, 82, 6, 36, 97, 47, 55, 19, 86, 69, 53, 43, 14, 76, 99, 57, 54, 15, 38, 51, 25, 10, 1, 21, 87, 48, 22, 28, 98, 8, 7, 9, 79, 12, 64, 56, 52, 66, 96, 90, 18, 45, 62]
(w = 12) Correct Cyclicantibandwidth
Set parameter TimeLimit to value 1800
[runlim] sample:		64.8 time, 60.0 real, 465.9 MB
[runlim] sample:		76.6 time, 70.0 real, 486.2 MB
(w = 13) Value Cyclicantibandwidth: 13
Lables: [44, 62, 63, 2, 77, 21, 97, 68, 31, 79, 81, 96, 85, 42, 35, 69, 15, 88, 64, 66, 28, 89, 90, 83, 39, 17, 93, 80, 9, 72, 32, 47, 22, 36, 37, 74, 45, 56, 34, 73, 100, 38, 18, 51, 86, 26, 65, 54, 3, 84, 95, 53, 41, 55, 87, 20, 50, 76, 57, 67, 12, 49, 7, 75, 40, 33, 92, 10, 5, 1, 43, 82, 16, 48, 52, 78, 46, 8, 13, 14, 61, 25, 60, 94, 98, 23, 58, 70, 29, 30, 4, 59, 71, 27, 91, 6, 19, 24, 11, 99]
(w = 13) Correct Cyclicantibandwidth
Set parameter TimeLimit to value 1800
[runlim] sample:		86.7 time, 80.0 real, 378.1 MB
[runlim] sample:		97.5 time, 90.0 real, 483.4 MB
[runlim] sample:		107.6 time, 100.0 real, 467.9 MB
[runlim] sample:		117.7 time, 110.0 real, 526.5 MB
[runlim] sample:		127.9 time, 120.0 real, 543.6 MB
[runlim] sample:		138.0 time, 130.0 real, 527.6 MB
[runlim] sample:		148.1 time, 140.0 real, 535.2 MB
[runlim] sample:		158.2 time, 150.0 real, 566.1 MB
[runlim] sample:		168.3 time, 160.0 real, 474.3 MB
[runlim] sample:		178.5 time, 170.0 real, 566.1 MB
[runlim] sample:		188.6 time, 180.0 real, 501.5 MB
[runlim] sample:		198.8 time, 190.0 real, 593.3 MB
[runlim] sample:		208.8 time, 200.0 real, 603.3 MB
[runlim] sample:		219.0 time, 210.0 real, 594.8 MB
[runlim] sample:		229.1 time, 220.0 real, 578.9 MB
[runlim] sample:		239.3 time, 230.0 real, 581.9 MB
[runlim] sample:		249.4 time, 240.0 real, 589.1 MB
[runlim] sample:		261.3 time, 250.0 real, 628.4 MB
[runlim] sample:		278.1 time, 260.0 real, 864.0 MB
[runlim] sample:		318.2 time, 270.0 real, 929.4 MB
[runlim] sample:		357.8 time, 280.0 real, 1003.1 MB
(w = 14) Value Cyclicantibandwidth: 14
Lables: [69, 16, 46, 18, 8, 55, 38, 64, 78, 75, 48, 41, 9, 23, 71, 43, 93, 90, 19, 83, 10, 65, 26, 14, 58, 3, 30, 6, 61, 60, 77, 2, 47, 72, 27, 37, 67, 74, 1, 7, 40, 17, 56, 42, 66, 81, 54, 59, 28, 80, 73, 94, 96, 79, 31, 89, 22, 87, 45, 44, 25, 95, 11, 86, 20, 91, 82, 52, 29, 39, 33, 100, 98, 92, 97, 68, 99, 32, 34, 24, 70, 88, 15, 5, 76, 13, 85, 57, 49, 84, 50, 53, 63, 4, 36, 35, 12, 21, 62, 51]
(w = 14) Correct Cyclicantibandwidth
Set parameter TimeLimit to value 1800
[runlim] sample:		375.8 time, 290.0 real, 991.0 MB
[runlim] sample:		387.8 time, 300.0 real, 1019.8 MB
[runlim] sample:		397.9 time, 310.0 real, 938.7 MB
[runlim] sample:		408.0 time, 320.0 real, 959.0 MB
[runlim] sample:		418.1 time, 330.0 real, 970.7 MB
[runlim] sample:		428.2 time, 340.0 real, 958.4 MB
[runlim] sample:		438.4 time, 350.0 real, 957.3 MB
[runlim] sample:		448.5 time, 360.0 real, 877.3 MB
[runlim] sample:		458.7 time, 370.0 real, 897.2 MB
[runlim] sample:		468.8 time, 380.0 real, 915.8 MB
[runlim] sample:		479.0 time, 390.0 real, 902.6 MB
[runlim] sample:		489.1 time, 400.0 real, 892.4 MB
[runlim] sample:		499.2 time, 410.0 real, 885.9 MB
[runlim] sample:		509.4 time, 420.0 real, 873.6 MB
[runlim] sample:		519.5 time, 430.0 real, 887.0 MB
[runlim] sample:		529.7 time, 440.0 real, 894.0 MB
[runlim] sample:		541.6 time, 450.0 real, 911.5 MB
[runlim] sample:		552.0 time, 460.0 real, 897.4 MB
[runlim] sample:		588.5 time, 470.0 real, 1059.6 MB
[runlim] sample:		628.6 time, 480.0 real, 1082.2 MB
[runlim] sample:		668.6 time, 490.0 real, 1128.5 MB
[runlim] sample:		708.4 time, 500.0 real, 1130.3 MB
[runlim] sample:		748.4 time, 510.0 real, 1184.7 MB
[runlim] sample:		785.7 time, 520.0 real, 1173.4 MB
[runlim] sample:		825.7 time, 530.0 real, 1203.0 MB
[runlim] sample:		864.8 time, 540.0 real, 1205.4 MB
[runlim] sample:		904.9 time, 550.0 real, 1215.0 MB
[runlim] sample:		944.6 time, 560.0 real, 1260.8 MB
[runlim] sample:		984.7 time, 570.0 real, 1273.4 MB
[runlim] sample:		1023.3 time, 580.0 real, 1284.1 MB
[runlim] sample:		1063.4 time, 590.0 real, 1303.4 MB
[runlim] sample:		1103.2 time, 600.0 real, 1251.9 MB
[runlim] sample:		1143.2 time, 610.0 real, 1290.7 MB
[runlim] sample:		1182.4 time, 620.0 real, 1301.9 MB
[runlim] sample:		1222.4 time, 630.0 real, 1302.8 MB
[runlim] sample:		1262.4 time, 640.0 real, 1326.1 MB
[runlim] sample:		1302.5 time, 650.0 real, 1309.7 MB
[runlim] sample:		1342.3 time, 660.0 real, 1306.8 MB
[runlim] sample:		1382.3 time, 670.0 real, 1314.9 MB
[runlim] sample:		1421.9 time, 680.0 real, 1310.5 MB
[runlim] sample:		1459.0 time, 690.0 real, 1311.0 MB
[runlim] sample:		1499.0 time, 700.0 real, 1321.5 MB
[runlim] sample:		1537.9 time, 710.0 real, 1311.2 MB
[runlim] sample:		1577.9 time, 720.0 real, 1261.3 MB
[runlim] sample:		1616.4 time, 730.0 real, 1271.6 MB
[runlim] sample:		1656.5 time, 740.0 real, 1307.9 MB
[runlim] sample:		1696.4 time, 750.0 real, 1268.3 MB
[runlim] sample:		1736.4 time, 760.0 real, 1301.0 MB
[runlim] sample:		1753.3 time, 770.0 real, 1387.3 MB
[runlim] sample:		1763.6 time, 780.0 real, 1402.2 MB
[runlim] sample:		1774.0 time, 790.0 real, 1402.2 MB
[runlim] sample:		1795.4 time, 800.0 real, 1526.5 MB
[runlim] sample:		1805.8 time, 810.0 real, 1532.7 MB
[runlim] sample:		1818.4 time, 820.0 real, 1660.5 MB
[runlim] sample:		1848.5 time, 830.0 real, 1969.2 MB
[runlim] sample:		1878.7 time, 840.0 real, 1972.0 MB
[runlim] sample:		1907.0 time, 850.0 real, 1844.4 MB
[runlim] sample:		1935.3 time, 860.0 real, 1845.4 MB
[runlim] sample:		1965.5 time, 870.0 real, 1866.4 MB
[runlim] sample:		1995.6 time, 880.0 real, 1932.3 MB
[runlim] sample:		2025.8 time, 890.0 real, 1889.1 MB
[runlim] sample:		2055.9 time, 900.0 real, 1902.4 MB
[runlim] sample:		2086.0 time, 910.0 real, 1814.5 MB
[runlim] sample:		2111.1 time, 920.0 real, 1889.9 MB
[runlim] sample:		2131.4 time, 930.0 real, 1886.6 MB
(w = 15) Value Cyclicantibandwidth: 15
Lables: [25, 90, 56, 39, 97, 34, 28, 82, 31, 11, 62, 50, 3, 81, 60, 37, 18, 5, 89, 86, 61, 55, 32, 99, 64, 88, 35, 44, 51, 72, 91, 70, 92, 83, 65, 66, 27, 33, 30, 59, 79, 87, 14, 23, 78, 12, 8, 68, 43, 58, 52, 16, 94, 13, 67, 95, 100, 85, 15, 84, 20, 49, 42, 9, 57, 38, 45, 98, 71, 46, 54, 22, 26, 74, 17, 80, 24, 53, 29, 1, 69, 21, 75, 47, 41, 2, 10, 73, 96, 4, 6, 7, 76, 36, 40, 19, 48, 77, 93, 63]
(w = 15) Correct Cyclicantibandwidth
Set parameter TimeLimit to value 1800
[runlim] sample:		2142.6 time, 940.0 real, 1519.6 MB
[runlim] sample:		2152.7 time, 950.0 real, 1519.6 MB
[runlim] sample:		2162.8 time, 960.0 real, 1224.4 MB
[runlim] sample:		2172.9 time, 970.0 real, 1270.1 MB
[runlim] sample:		2183.0 time, 980.0 real, 1265.9 MB
[runlim] sample:		2193.1 time, 990.0 real, 1267.8 MB
[runlim] sample:		2203.3 time, 1000.0 real, 1299.9 MB
[runlim] sample:		2213.4 time, 1010.0 real, 1281.7 MB
[runlim] sample:		2223.5 time, 1020.0 real, 1287.0 MB
[runlim] sample:		2233.7 time, 1030.0 real, 1288.7 MB
[runlim] sample:		2243.8 time, 1040.0 real, 1306.7 MB
[runlim] sample:		2253.9 time, 1050.0 real, 1302.5 MB
[runlim] sample:		2264.1 time, 1060.0 real, 1277.4 MB
[runlim] sample:		2274.2 time, 1070.0 real, 1270.4 MB
[runlim] sample:		2284.3 time, 1080.0 real, 1324.2 MB
[runlim] sample:		2294.5 time, 1090.0 real, 1291.1 MB
[runlim] sample:		2304.6 time, 1100.0 real, 1290.6 MB
[runlim] sample:		2314.7 time, 1110.0 real, 1290.3 MB
[runlim] sample:		2326.7 time, 1120.0 real, 1284.3 MB
[runlim] sample:		2349.6 time, 1130.0 real, 1297.6 MB
[runlim] sample:		2389.0 time, 1140.0 real, 1316.0 MB
[runlim] sample:		2427.1 time, 1150.0 real, 1310.4 MB
[runlim] sample:		2464.6 time, 1160.0 real, 1341.9 MB
[runlim] sample:		2504.5 time, 1170.0 real, 1338.0 MB
[runlim] sample:		2544.6 time, 1180.0 real, 1355.1 MB
[runlim] sample:		2581.7 time, 1190.0 real, 1351.7 MB
[runlim] sample:		2621.7 time, 1200.0 real, 1358.0 MB
[runlim] sample:		2661.8 time, 1210.0 real, 1363.9 MB
[runlim] sample:		2700.7 time, 1220.0 real, 1362.4 MB
[runlim] sample:		2740.7 time, 1230.0 real, 1366.4 MB
[runlim] sample:		2780.7 time, 1240.0 real, 1360.2 MB
[runlim] sample:		2819.5 time, 1250.0 real, 1358.1 MB
[runlim] sample:		2859.6 time, 1260.0 real, 1360.9 MB
[runlim] sample:		2899.4 time, 1270.0 real, 1371.9 MB
[runlim] sample:		2939.4 time, 1280.0 real, 1368.7 MB
[runlim] sample:		2979.5 time, 1290.0 real, 1370.8 MB
[runlim] sample:		3015.4 time, 1300.0 real, 1399.6 MB
[runlim] sample:		3055.5 time, 1310.0 real, 1397.3 MB
[runlim] sample:		3095.5 time, 1320.0 real, 1344.5 MB
[runlim] sample:		3133.1 time, 1330.0 real, 1338.9 MB
[runlim] sample:		3173.1 time, 1340.0 real, 1347.0 MB
[runlim] sample:		3210.8 time, 1350.0 real, 1366.3 MB
[runlim] sample:		3250.8 time, 1360.0 real, 1369.2 MB
[runlim] sample:		3290.9 time, 1370.0 real, 1370.0 MB
[runlim] sample:		3328.1 time, 1380.0 real, 1375.5 MB
[runlim] sample:		3368.2 time, 1390.0 real, 1343.4 MB
[runlim] sample:		3407.5 time, 1400.0 real, 1316.6 MB
[runlim] sample:		3447.5 time, 1410.0 real, 1373.4 MB
[runlim] sample:		3487.5 time, 1420.0 real, 1368.5 MB
[runlim] sample:		3525.9 time, 1430.0 real, 1370.8 MB
[runlim] sample:		3566.0 time, 1440.0 real, 1374.7 MB
[runlim] sample:		3606.0 time, 1450.0 real, 1373.8 MB
[runlim] sample:		3643.2 time, 1460.0 real, 1335.8 MB
[runlim] sample:		3683.2 time, 1470.0 real, 1392.1 MB
[runlim] sample:		3723.0 time, 1480.0 real, 1348.5 MB
[runlim] sample:		3763.0 time, 1490.0 real, 1371.3 MB
[runlim] sample:		3803.0 time, 1500.0 real, 1373.2 MB
[runlim] sample:		3840.3 time, 1510.0 real, 1377.5 MB
[runlim] sample:		3880.3 time, 1520.0 real, 1368.4 MB
[runlim] sample:		3920.4 time, 1530.0 real, 1378.1 MB
[runlim] sample:		3959.9 time, 1540.0 real, 1314.6 MB
[runlim] sample:		3999.9 time, 1550.0 real, 1360.5 MB
[runlim] sample:		4037.4 time, 1560.0 real, 1362.8 MB
[runlim] sample:		4077.4 time, 1570.0 real, 1345.5 MB
[runlim] sample:		4117.4 time, 1580.0 real, 1352.3 MB
[runlim] sample:		4157.1 time, 1590.0 real, 1391.7 MB
[runlim] sample:		4197.1 time, 1600.0 real, 1355.4 MB
[runlim] sample:		4236.0 time, 1610.0 real, 1360.4 MB
[runlim] sample:		4276.0 time, 1620.0 real, 1400.9 MB
[runlim] sample:		4316.0 time, 1630.0 real, 1418.4 MB
[runlim] sample:		4354.0 time, 1640.0 real, 1338.9 MB
[runlim] sample:		4394.1 time, 1650.0 real, 1391.4 MB
[runlim] sample:		4431.6 time, 1660.0 real, 1377.8 MB
[runlim] sample:		4471.6 time, 1670.0 real, 1385.8 MB
[runlim] sample:		4511.6 time, 1680.0 real, 1381.5 MB
[runlim] sample:		4550.9 time, 1690.0 real, 1362.9 MB
[runlim] sample:		4590.9 time, 1700.0 real, 1375.3 MB
[runlim] sample:		4630.4 time, 1710.0 real, 1346.5 MB
[runlim] sample:		4669.7 time, 1720.0 real, 1430.0 MB
[runlim] sample:		4709.7 time, 1730.0 real, 1378.5 MB
[runlim] sample:		4748.4 time, 1740.0 real, 1333.4 MB
[runlim] sample:		4788.5 time, 1750.0 real, 1390.2 MB
[runlim] sample:		4828.5 time, 1760.0 real, 1366.4 MB
[runlim] sample:		4866.7 time, 1770.0 real, 1364.1 MB
[runlim] sample:		4906.7 time, 1780.0 real, 1383.4 MB
[runlim] sample:		4943.7 time, 1790.0 real, 1334.8 MB
[runlim] sample:		4983.7 time, 1800.0 real, 1340.9 MB
[runlim] end:			Wed Nov 12 16:53:44 2025
[runlim] status:		out of time
[runlim] result:		2
[runlim] children:		0
[runlim] real:			1800.08 seconds
[runlim] time:			4983.72 seconds
[runlim] space:			2035.6 MB
[runlim] samples:		18000
