[runlim] version:		1.10
[runlim] time limit:		311040000 seconds
[runlim] real time limit:	1800 seconds
[runlim] space limit:		30000 MB
[runlim] argv[0]:		python3
[runlim] argv[1]:		model.py
[runlim] argv[2]:		./graph/random_generated_graph_2013/p19_100_600
[runlim] start:			Wed Nov 12 18:23:44 2025
[runlim] main pid:		45654
[runlim] log captured:
Set parameter WLSAccessID
Set parameter WLSSecret
Set parameter LicenseID to value 2663665
Academic license 2663665 - for non-commercial use only - registered to tu___@vnu.edu.vn
Set parameter TimeLimit to value 1800
(w = 4) Value Cyclicantibandwidth: 4
Lables: [30, 41, 11, 5, 44, 27, 89, 99, 4, 73, 20, 56, 38, 48, 59, 68, 74, 13, 32, 37, 54, 66, 75, 98, 65, 67, 34, 81, 61, 70, 1, 94, 69, 79, 58, 26, 82, 2, 76, 18, 55, 77, 10, 92, 35, 64, 8, 95, 46, 60, 25, 51, 52, 3, 42, 72, 88, 28, 50, 24, 78, 84, 9, 57, 40, 36, 6, 63, 33, 21, 80, 17, 29, 97, 23, 83, 96, 93, 19, 45, 47, 85, 49, 86, 31, 22, 39, 71, 14, 62, 87, 91, 90, 53, 43, 15, 12, 100, 7, 16]
(w = 4) Correct Cyclicantibandwidth
Set parameter TimeLimit to value 1800
(w = 5) Value Cyclicantibandwidth: 5
Lables: [36, 75, 11, 55, 44, 70, 89, 57, 5, 83, 51, 35, 77, 25, 38, 67, 39, 13, 54, 60, 92, 22, 48, 31, 32, 86, 61, 27, 78, 7, 1, 3, 40, 98, 96, 65, 71, 2, 76, 50, 68, 58, 14, 46, 16, 69, 8, 24, 82, 80, 26, 91, 52, 33, 42, 72, 93, 66, 34, 97, 19, 84, 18, 73, 88, 6, 56, 63, 23, 62, 41, 17, 87, 99, 30, 47, 20, 12, 95, 15, 45, 74, 4, 53, 90, 49, 64, 43, 10, 81, 21, 94, 85, 9, 100, 37, 59, 79, 29, 28]
(w = 5) Correct Cyclicantibandwidth
Set parameter TimeLimit to value 1800
(w = 6) Value Cyclicantibandwidth: 6
Lables: [38, 79, 55, 80, 44, 24, 89, 99, 4, 5, 51, 35, 21, 25, 2, 68, 86, 13, 54, 1, 23, 22, 28, 70, 56, 29, 88, 67, 78, 50, 96, 97, 46, 98, 100, 94, 65, 63, 76, 64, 41, 58, 10, 36, 30, 69, 60, 27, 82, 87, 33, 16, 52, 14, 42, 72, 93, 81, 34, 90, 19, 84, 18, 73, 15, 6, 37, 92, 74, 62, 48, 17, 95, 49, 66, 47, 83, 45, 59, 26, 20, 71, 77, 39, 40, 57, 91, 31, 12, 85, 75, 43, 7, 53, 9, 8, 3, 11, 32, 61]
(w = 6) Correct Cyclicantibandwidth
Set parameter TimeLimit to value 1800
(w = 7) Value Cyclicantibandwidth: 7
Lables: [60, 73, 39, 5, 11, 24, 91, 75, 67, 71, 62, 89, 21, 16, 100, 80, 49, 92, 61, 96, 26, 22, 48, 72, 4, 28, 53, 90, 78, 68, 43, 95, 46, 37, 93, 94, 13, 14, 47, 29, 54, 51, 81, 64, 34, 69, 8, 27, 9, 99, 66, 33, 52, 56, 42, 88, 35, 36, 31, 57, 19, 32, 97, 86, 15, 76, 6, 84, 58, 23, 45, 12, 40, 65, 2, 30, 1, 17, 59, 44, 98, 74, 38, 83, 10, 63, 41, 70, 20, 85, 87, 79, 82, 18, 77, 50, 3, 55, 25, 7]
(w = 7) Correct Cyclicantibandwidth
Set parameter TimeLimit to value 1800
[runlim] sample:		10.0 time, 10.1 real, 124.1 MB
(w = 8) Value Cyclicantibandwidth: 8
Lables: [1, 75, 48, 63, 86, 66, 89, 80, 25, 43, 77, 35, 53, 36, 7, 50, 100, 73, 44, 10, 97, 22, 32, 28, 15, 34, 56, 98, 45, 64, 49, 99, 74, 57, 94, 78, 79, 93, 54, 51, 96, 3, 52, 23, 26, 68, 18, 27, 19, 60, 29, 42, 88, 2, 83, 21, 8, 39, 4, 90, 85, 76, 9, 14, 13, 70, 6, 71, 84, 87, 46, 12, 40, 55, 30, 81, 82, 37, 16, 59, 47, 31, 5, 72, 17, 24, 11, 95, 58, 38, 69, 91, 62, 41, 20, 67, 61, 65, 33, 92]
(w = 8) Correct Cyclicantibandwidth
Set parameter TimeLimit to value 1800
(w = 9) Value Cyclicantibandwidth: 9
Lables: [68, 48, 19, 5, 79, 60, 91, 87, 14, 16, 70, 44, 1, 17, 11, 58, 83, 61, 49, 23, 89, 90, 80, 71, 13, 25, 50, 92, 15, 24, 45, 66, 55, 3, 20, 35, 77, 12, 36, 63, 51, 99, 59, 26, 8, 10, 88, 40, 65, 29, 52, 54, 74, 84, 75, 43, 7, 37, 31, 57, 86, 85, 18, 32, 72, 100, 33, 62, 76, 95, 69, 6, 42, 21, 27, 64, 30, 46, 34, 41, 73, 82, 67, 2, 47, 94, 39, 78, 4, 28, 81, 96, 97, 98, 53, 56, 93, 9, 22, 38]
(w = 9) Correct Cyclicantibandwidth
Set parameter TimeLimit to value 1800
[runlim] sample:		20.3 time, 20.1 real, 360.7 MB
(w = 10) Value Cyclicantibandwidth: 10
Lables: [25, 15, 49, 11, 64, 91, 58, 44, 80, 21, 31, 10, 85, 60, 74, 48, 99, 30, 36, 75, 39, 68, 3, 86, 59, 95, 45, 29, 100, 84, 79, 5, 23, 81, 66, 93, 24, 70, 2, 98, 96, 6, 83, 65, 62, 42, 43, 37, 17, 13, 27, 92, 55, 51, 82, 38, 34, 33, 1, 20, 32, 22, 12, 63, 56, 76, 7, 14, 72, 40, 26, 50, 94, 53, 47, 28, 77, 67, 54, 87, 61, 73, 78, 18, 16, 88, 89, 97, 35, 8, 46, 69, 90, 71, 57, 19, 9, 52, 4, 41]
(w = 10) Correct Cyclicantibandwidth
Set parameter TimeLimit to value 1800
[runlim] sample:		31.8 time, 30.1 real, 445.7 MB
[runlim] sample:		41.9 time, 40.1 real, 421.8 MB
(w = 11) Value Cyclicantibandwidth: 11
Lables: [8, 21, 73, 16, 31, 79, 33, 93, 52, 74, 48, 6, 12, 37, 59, 90, 38, 15, 23, 66, 40, 28, 43, 80, 68, 36, 41, 26, 62, 18, 63, 9, 3, 97, 11, 1, 72, 13, 82, 100, 45, 5, 95, 51, 60, 25, 96, 58, 98, 29, 42, 94, 35, 47, 71, 20, 22, 19, 50, 39, 85, 67, 56, 30, 77, 57, 92, 10, 70, 34, 81, 86, 27, 84, 87, 75, 91, 69, 53, 61, 65, 44, 99, 54, 4, 17, 88, 89, 83, 14, 49, 2, 32, 76, 64, 55, 7, 78, 46, 24]
(w = 11) Correct Cyclicantibandwidth
Set parameter TimeLimit to value 1800
[runlim] sample:		52.7 time, 50.1 real, 470.3 MB
[runlim] sample:		62.9 time, 60.1 real, 446.9 MB
(w = 12) Value Cyclicantibandwidth: 12
Lables: [89, 26, 51, 17, 58, 64, 69, 50, 24, 82, 34, 94, 57, 67, 22, 7, 75, 11, 90, 45, 38, 86, 18, 27, 95, 62, 41, 55, 60, 10, 25, 8, 49, 47, 3, 36, 59, 96, 68, 53, 65, 43, 42, 4, 63, 77, 28, 35, 52, 93, 85, 81, 83, 87, 23, 31, 30, 9, 39, 78, 19, 91, 20, 32, 66, 37, 14, 16, 97, 74, 54, 56, 70, 88, 33, 15, 5, 48, 72, 92, 99, 76, 98, 84, 100, 80, 40, 61, 12, 21, 29, 13, 73, 6, 79, 1, 2, 44, 71, 46]
(w = 12) Correct Cyclicantibandwidth
Set parameter TimeLimit to value 1800
[runlim] sample:		72.9 time, 70.1 real, 399.5 MB
[runlim] sample:		91.3 time, 80.1 real, 578.9 MB
(w = 13) Value Cyclicantibandwidth: 13
Lables: [34, 78, 49, 18, 47, 23, 93, 71, 43, 31, 4, 85, 13, 58, 76, 60, 62, 40, 88, 33, 56, 81, 3, 7, 25, 92, 59, 54, 6, 63, 64, 5, 35, 53, 69, 28, 30, 42, 2, 96, 66, 44, 67, 84, 91, 79, 39, 74, 32, 16, 77, 83, 100, 55, 70, 21, 45, 11, 1, 24, 46, 89, 15, 98, 51, 9, 82, 17, 61, 65, 52, 50, 95, 87, 73, 12, 10, 86, 97, 38, 90, 36, 99, 20, 27, 26, 41, 94, 14, 22, 72, 37, 19, 57, 29, 8, 80, 68, 75, 48]
(w = 13) Correct Cyclicantibandwidth
Set parameter TimeLimit to value 1800
[runlim] sample:		104.7 time, 90.1 real, 423.3 MB
[runlim] sample:		115.5 time, 100.1 real, 552.1 MB
[runlim] sample:		125.7 time, 110.1 real, 546.0 MB
[runlim] sample:		135.8 time, 120.1 real, 589.0 MB
[runlim] sample:		145.9 time, 130.1 real, 575.3 MB
[runlim] sample:		156.1 time, 140.1 real, 576.2 MB
[runlim] sample:		166.2 time, 150.1 real, 495.3 MB
[runlim] sample:		176.3 time, 160.1 real, 588.2 MB
[runlim] sample:		186.5 time, 170.1 real, 614.9 MB
[runlim] sample:		196.6 time, 180.1 real, 533.3 MB
[runlim] sample:		206.7 time, 190.1 real, 606.1 MB
[runlim] sample:		216.8 time, 200.1 real, 603.5 MB
[runlim] sample:		227.0 time, 210.1 real, 610.7 MB
[runlim] sample:		237.1 time, 220.1 real, 574.1 MB
[runlim] sample:		247.2 time, 230.1 real, 596.0 MB
[runlim] sample:		259.1 time, 240.1 real, 629.4 MB
[runlim] sample:		277.5 time, 250.1 real, 888.8 MB
[runlim] sample:		317.1 time, 260.1 real, 924.4 MB
[runlim] sample:		357.1 time, 270.1 real, 1027.5 MB
[runlim] sample:		397.0 time, 280.1 real, 1102.7 MB
[runlim] sample:		432.1 time, 290.1 real, 1423.5 MB
(w = 14) Value Cyclicantibandwidth: 14
Lables: [5, 78, 54, 92, 75, 26, 20, 31, 82, 36, 2, 49, 87, 60, 45, 59, 18, 86, 44, 16, 29, 69, 32, 9, 80, 48, 50, 93, 90, 30, 66, 22, 6, 42, 99, 89, 98, 70, 15, 13, 27, 11, 10, 43, 56, 47, 65, 84, 100, 14, 33, 58, 57, 3, 71, 74, 73, 25, 12, 1, 64, 41, 76, 77, 52, 38, 68, 81, 53, 35, 7, 63, 19, 51, 61, 96, 95, 34, 55, 17, 67, 39, 97, 85, 72, 28, 8, 37, 40, 83, 94, 88, 46, 62, 79, 4, 23, 91, 24, 21]
(w = 14) Correct Cyclicantibandwidth
Set parameter TimeLimit to value 1800
[runlim] sample:		443.4 time, 300.1 real, 943.9 MB
[runlim] sample:		454.2 time, 310.1 real, 936.6 MB
[runlim] sample:		464.3 time, 320.1 real, 889.0 MB
[runlim] sample:		474.4 time, 330.1 real, 984.4 MB
[runlim] sample:		484.6 time, 340.1 real, 957.0 MB
[runlim] sample:		494.7 time, 350.1 real, 969.5 MB
[runlim] sample:		504.8 time, 360.1 real, 969.5 MB
[runlim] sample:		514.9 time, 370.1 real, 967.5 MB
[runlim] sample:		525.1 time, 380.1 real, 989.1 MB
[runlim] sample:		535.2 time, 390.1 real, 874.0 MB
[runlim] sample:		545.3 time, 400.1 real, 987.1 MB
[runlim] sample:		555.4 time, 410.1 real, 993.9 MB
[runlim] sample:		565.6 time, 420.1 real, 990.6 MB
[runlim] sample:		575.7 time, 430.1 real, 995.9 MB
[runlim] sample:		585.8 time, 440.1 real, 980.2 MB
[runlim] sample:		596.0 time, 450.1 real, 975.1 MB
[runlim] sample:		606.1 time, 460.1 real, 943.2 MB
[runlim] sample:		616.2 time, 470.1 real, 981.8 MB
[runlim] sample:		626.4 time, 480.1 real, 978.2 MB
[runlim] sample:		638.3 time, 490.1 real, 993.2 MB
[runlim] sample:		660.5 time, 500.1 real, 998.6 MB
[runlim] sample:		700.5 time, 510.1 real, 1011.7 MB
[runlim] sample:		740.5 time, 520.1 real, 1042.1 MB
[runlim] sample:		780.5 time, 530.1 real, 1071.8 MB
[runlim] sample:		820.5 time, 540.1 real, 1144.0 MB
[runlim] sample:		859.4 time, 550.1 real, 1174.7 MB
[runlim] sample:		899.4 time, 560.1 real, 1181.0 MB
[runlim] sample:		938.3 time, 570.1 real, 1196.2 MB
[runlim] sample:		978.4 time, 580.1 real, 1195.9 MB
[runlim] sample:		1018.4 time, 590.1 real, 1229.5 MB
[runlim] sample:		1058.4 time, 600.1 real, 1237.2 MB
[runlim] sample:		1098.3 time, 610.1 real, 1241.4 MB
[runlim] sample:		1138.3 time, 620.1 real, 1261.6 MB
[runlim] sample:		1178.1 time, 630.1 real, 1276.3 MB
[runlim] sample:		1218.1 time, 640.1 real, 1274.5 MB
[runlim] sample:		1258.0 time, 650.1 real, 1294.2 MB
[runlim] sample:		1298.0 time, 660.1 real, 1304.4 MB
[runlim] sample:		1337.4 time, 670.1 real, 1298.2 MB
[runlim] sample:		1377.4 time, 680.1 real, 1302.3 MB
[runlim] sample:		1417.4 time, 690.1 real, 1303.6 MB
[runlim] sample:		1457.0 time, 700.1 real, 1314.1 MB
[runlim] sample:		1497.0 time, 710.1 real, 1321.4 MB
[runlim] sample:		1536.6 time, 720.1 real, 1300.0 MB
[runlim] sample:		1576.6 time, 730.1 real, 1304.2 MB
[runlim] sample:		1616.2 time, 740.1 real, 1322.1 MB
[runlim] sample:		1656.2 time, 750.1 real, 1320.9 MB
[runlim] sample:		1695.9 time, 760.1 real, 1307.5 MB
[runlim] sample:		1735.9 time, 770.1 real, 1303.1 MB
[runlim] sample:		1775.5 time, 780.1 real, 1311.7 MB
[runlim] sample:		1814.5 time, 790.1 real, 1305.7 MB
[runlim] sample:		1854.5 time, 800.1 real, 1321.2 MB
[runlim] sample:		1894.1 time, 810.1 real, 1326.1 MB
[runlim] sample:		1934.2 time, 820.1 real, 1327.4 MB
[runlim] sample:		1973.3 time, 830.1 real, 1326.4 MB
[runlim] sample:		2013.3 time, 840.1 real, 1326.4 MB
[runlim] sample:		2049.0 time, 850.1 real, 1325.7 MB
[runlim] sample:		2089.1 time, 860.1 real, 1330.8 MB
[runlim] sample:		2125.9 time, 870.1 real, 1327.3 MB
[runlim] sample:		2165.9 time, 880.1 real, 1322.8 MB
[runlim] sample:		2205.9 time, 890.1 real, 1309.8 MB
[runlim] sample:		2245.9 time, 900.1 real, 1318.0 MB
[runlim] sample:		2286.0 time, 910.1 real, 1364.8 MB
[runlim] sample:		2325.3 time, 920.1 real, 1338.0 MB
[runlim] sample:		2365.3 time, 930.1 real, 1347.0 MB
[runlim] sample:		2396.8 time, 940.1 real, 1465.3 MB
[runlim] sample:		2407.1 time, 950.1 real, 1456.0 MB
[runlim] sample:		2417.4 time, 960.1 real, 1456.0 MB
[runlim] sample:		2438.9 time, 970.1 real, 1422.9 MB
[runlim] sample:		2449.2 time, 980.1 real, 1573.6 MB
[runlim] sample:		2459.6 time, 990.1 real, 1568.0 MB
[runlim] sample:		2488.1 time, 1000.1 real, 2039.1 MB
[runlim] sample:		2518.3 time, 1010.1 real, 2091.4 MB
[runlim] sample:		2544.6 time, 1020.1 real, 2042.2 MB
[runlim] sample:		2572.9 time, 1030.1 real, 2123.1 MB
[runlim] sample:		2603.0 time, 1040.1 real, 2135.1 MB
[runlim] sample:		2633.2 time, 1050.1 real, 2114.3 MB
[runlim] sample:		2663.3 time, 1060.1 real, 2128.5 MB
[runlim] sample:		2693.4 time, 1070.1 real, 2110.6 MB
[runlim] sample:		2723.6 time, 1080.1 real, 2033.9 MB
[runlim] sample:		2753.7 time, 1090.1 real, 2039.1 MB
[runlim] sample:		2783.8 time, 1100.1 real, 2040.1 MB
[runlim] sample:		2814.0 time, 1110.1 real, 2067.8 MB
[runlim] sample:		2844.2 time, 1120.1 real, 2086.5 MB
[runlim] sample:		2874.3 time, 1130.1 real, 2082.6 MB
[runlim] sample:		2904.4 time, 1140.1 real, 2103.2 MB
[runlim] sample:		2934.6 time, 1150.1 real, 2107.5 MB
[runlim] sample:		2964.7 time, 1160.1 real, 2106.4 MB
[runlim] sample:		2994.9 time, 1170.1 real, 2100.3 MB
[runlim] sample:		3025.0 time, 1180.1 real, 2153.7 MB
[runlim] sample:		3055.2 time, 1190.1 real, 2152.4 MB
[runlim] sample:		3085.3 time, 1200.1 real, 2168.2 MB
[runlim] sample:		3115.4 time, 1210.1 real, 2133.7 MB
[runlim] sample:		3145.6 time, 1220.1 real, 2158.8 MB
[runlim] sample:		3175.7 time, 1230.1 real, 2160.8 MB
[runlim] sample:		3200.3 time, 1240.1 real, 2048.3 MB
[runlim] sample:		3210.7 time, 1250.1 real, 2048.3 MB
[runlim] sample:		3221.0 time, 1260.1 real, 2048.3 MB
[runlim] sample:		3231.3 time, 1270.1 real, 2048.3 MB
[runlim] sample:		3241.7 time, 1280.1 real, 2048.3 MB
[runlim] sample:		3259.5 time, 1290.1 real, 2049.3 MB
[runlim] sample:		3299.5 time, 1300.1 real, 2051.3 MB
[runlim] sample:		3338.2 time, 1310.1 real, 2051.4 MB
[runlim] sample:		3350.8 time, 1320.1 real, 2051.4 MB
[runlim] sample:		3361.1 time, 1330.1 real, 2051.4 MB
[runlim] sample:		3371.4 time, 1340.1 real, 2051.4 MB
[runlim] sample:		3383.4 time, 1350.1 real, 1966.9 MB
[runlim] sample:		3408.6 time, 1360.1 real, 1965.6 MB
[runlim] sample:		3448.6 time, 1370.1 real, 1967.6 MB
[runlim] sample:		3488.5 time, 1380.1 real, 1967.8 MB
[runlim] sample:		3526.7 time, 1390.1 real, 1967.8 MB
[runlim] sample:		3565.1 time, 1400.1 real, 1963.1 MB
[runlim] sample:		3605.2 time, 1410.1 real, 1956.1 MB
[runlim] sample:		3641.9 time, 1420.1 real, 1959.4 MB
[runlim] sample:		3681.9 time, 1430.1 real, 1959.4 MB
[runlim] sample:		3721.9 time, 1440.1 real, 1962.6 MB
[runlim] sample:		3761.9 time, 1450.1 real, 1969.1 MB
[runlim] sample:		3783.4 time, 1460.1 real, 1963.1 MB
[runlim] sample:		3823.5 time, 1470.1 real, 1956.6 MB
[runlim] sample:		3863.5 time, 1480.1 real, 1963.1 MB
[runlim] sample:		3900.7 time, 1490.1 real, 1954.6 MB
[runlim] sample:		3940.7 time, 1500.1 real, 1951.9 MB
[runlim] sample:		3980.8 time, 1510.1 real, 1952.6 MB
[runlim] sample:		4016.9 time, 1520.1 real, 1952.6 MB
[runlim] sample:		4057.0 time, 1530.1 real, 1953.9 MB
[runlim] sample:		4097.0 time, 1540.1 real, 1965.6 MB
[runlim] sample:		4134.3 time, 1550.1 real, 1952.9 MB
[runlim] sample:		4174.3 time, 1560.1 real, 1959.9 MB
[runlim] sample:		4214.3 time, 1570.1 real, 1945.8 MB
[runlim] sample:		4254.0 time, 1580.1 real, 1948.4 MB
[runlim] sample:		4294.0 time, 1590.1 real, 1958.9 MB
[runlim] sample:		4334.0 time, 1600.1 real, 1955.6 MB
[runlim] sample:		4374.0 time, 1610.1 real, 1955.6 MB
[runlim] sample:		4414.0 time, 1620.1 real, 1964.4 MB
[runlim] sample:		4451.1 time, 1630.1 real, 1962.9 MB
[runlim] sample:		4491.2 time, 1640.1 real, 1956.6 MB
[runlim] sample:		4524.9 time, 1650.1 real, 1954.9 MB
[runlim] sample:		4564.9 time, 1660.1 real, 1958.6 MB
[runlim] sample:		4604.9 time, 1670.1 real, 1960.9 MB
[runlim] sample:		4644.3 time, 1680.1 real, 1963.6 MB
[runlim] sample:		4684.3 time, 1690.1 real, 1948.1 MB
[runlim] sample:		4724.1 time, 1700.1 real, 1876.2 MB
[runlim] sample:		4764.1 time, 1710.1 real, 1837.0 MB
[runlim] sample:		4804.1 time, 1720.1 real, 1834.4 MB
[runlim] sample:		4844.2 time, 1730.1 real, 1830.2 MB
[runlim] sample:		4884.1 time, 1740.1 real, 1833.1 MB
[runlim] sample:		4924.1 time, 1750.1 real, 1834.9 MB
[runlim] sample:		4964.2 time, 1760.1 real, 1835.6 MB
[runlim] sample:		5003.6 time, 1770.1 real, 1825.7 MB
[runlim] sample:		5043.6 time, 1780.1 real, 1834.7 MB
[runlim] sample:		5082.5 time, 1790.1 real, 1832.9 MB
[runlim] sample:		5122.5 time, 1800.1 real, 1832.1 MB
[runlim] end:			Wed Nov 12 18:53:44 2025
[runlim] status:		out of time
[runlim] result:		2
[runlim] children:		0
[runlim] real:			1800.13 seconds
[runlim] time:			5122.52 seconds
[runlim] space:			2275.1 MB
[runlim] samples:		18000
