[runlim] version:		1.10
[runlim] time limit:		311040000 seconds
[runlim] real time limit:	1800 seconds
[runlim] space limit:		30000 MB
[runlim] argv[0]:		python3
[runlim] argv[1]:		model.py
[runlim] argv[2]:		./graph/random_generated_graph_2013/p1_100_200
[runlim] start:			Wed Nov 12 09:23:44 2025
[runlim] main pid:		38908
[runlim] log captured:
Set parameter WLSAccessID
Set parameter WLSSecret
Set parameter LicenseID to value 2663665
Academic license 2663665 - for non-commercial use only - registered to tu___@vnu.edu.vn
Set parameter TimeLimit to value 1800
(w = 4) Value Cyclicantibandwidth: 4
Lables: [74, 63, 77, 86, 44, 35, 89, 99, 11, 66, 50, 45, 42, 25, 40, 92, 61, 73, 27, 83, 10, 22, 14, 70, 32, 55, 41, 85, 78, 98, 53, 29, 97, 71, 33, 76, 21, 62, 24, 94, 80, 58, 65, 84, 26, 56, 57, 51, 67, 87, 91, 46, 93, 23, 13, 34, 48, 8, 15, 90, 19, 12, 60, 64, 100, 36, 6, 1, 5, 2, 81, 75, 96, 54, 17, 72, 20, 88, 37, 69, 68, 7, 30, 28, 31, 43, 16, 79, 52, 4, 59, 95, 39, 82, 9, 18, 49, 38, 3, 47]
(w = 4) Correct Cyclicantibandwidth
Set parameter TimeLimit to value 1800
(w = 5) Value Cyclicantibandwidth: 5
Lables: [38, 75, 11, 5, 44, 24, 89, 99, 4, 83, 43, 35, 21, 25, 50, 68, 61, 13, 27, 1, 92, 22, 14, 70, 32, 67, 41, 85, 78, 98, 96, 51, 46, 71, 12, 79, 28, 62, 30, 64, 80, 58, 10, 65, 48, 56, 57, 76, 55, 60, 26, 33, 86, 23, 42, 72, 93, 8, 15, 90, 19, 49, 18, 73, 40, 36, 6, 63, 34, 2, 82, 17, 29, 54, 84, 47, 20, 88, 74, 69, 77, 7, 66, 53, 31, 81, 16, 45, 52, 97, 87, 39, 91, 59, 94, 37, 9, 95, 3, 100]
(w = 5) Correct Cyclicantibandwidth
Set parameter TimeLimit to value 1800
(w = 6) Value Cyclicantibandwidth: 6
Lables: [38, 75, 11, 5, 44, 24, 89, 99, 4, 83, 43, 35, 21, 91, 50, 68, 61, 96, 27, 1, 92, 22, 14, 70, 32, 67, 41, 85, 78, 98, 2, 97, 46, 71, 12, 94, 28, 62, 25, 64, 55, 58, 10, 65, 48, 56, 57, 51, 82, 60, 26, 33, 86, 23, 42, 72, 93, 8, 15, 36, 19, 49, 18, 3, 40, 47, 6, 63, 34, 13, 73, 17, 29, 54, 84, 9, 20, 88, 74, 69, 90, 7, 77, 53, 31, 81, 76, 45, 52, 30, 66, 39, 95, 79, 59, 37, 80, 87, 100, 16]
(w = 6) Correct Cyclicantibandwidth
Set parameter TimeLimit to value 1800
(w = 7) Value Cyclicantibandwidth: 7
Lables: [38, 75, 52, 5, 77, 24, 4, 90, 13, 83, 25, 35, 21, 64, 50, 68, 61, 49, 62, 54, 92, 22, 14, 70, 32, 46, 39, 85, 78, 98, 96, 97, 41, 71, 12, 67, 28, 43, 2, 99, 55, 58, 10, 65, 48, 60, 57, 51, 82, 7, 26, 33, 94, 23, 63, 72, 30, 8, 15, 36, 19, 45, 18, 3, 11, 74, 6, 47, 34, 44, 20, 17, 29, 80, 84, 9, 89, 88, 93, 69, 40, 86, 56, 53, 31, 81, 59, 1, 76, 100, 66, 42, 91, 79, 95, 37, 27, 87, 73, 16]
(w = 7) Correct Cyclicantibandwidth
Set parameter TimeLimit to value 1800
(w = 8) Value Cyclicantibandwidth: 8
Lables: [38, 75, 44, 5, 8, 35, 89, 99, 4, 83, 43, 94, 21, 25, 50, 68, 61, 13, 27, 1, 92, 22, 14, 46, 32, 67, 41, 85, 78, 84, 24, 97, 63, 98, 12, 18, 28, 62, 30, 64, 55, 58, 10, 96, 48, 56, 57, 51, 82, 60, 26, 33, 86, 23, 71, 72, 93, 36, 15, 76, 37, 16, 11, 3, 40, 47, 6, 65, 34, 2, 80, 17, 29, 42, 70, 9, 20, 79, 74, 69, 88, 77, 19, 54, 31, 81, 59, 45, 39, 100, 66, 49, 52, 53, 95, 87, 7, 91, 73, 90]
(w = 8) Correct Cyclicantibandwidth
Set parameter TimeLimit to value 1800
(w = 9) Value Cyclicantibandwidth: 9
Lables: [38, 75, 11, 5, 44, 24, 89, 99, 4, 83, 43, 35, 21, 25, 50, 81, 61, 13, 27, 1, 92, 76, 20, 70, 32, 67, 41, 85, 78, 84, 96, 97, 46, 98, 12, 94, 8, 62, 30, 64, 55, 58, 10, 65, 48, 56, 57, 51, 82, 60, 26, 33, 86, 23, 71, 72, 93, 45, 15, 36, 80, 16, 9, 3, 28, 6, 90, 63, 34, 40, 77, 53, 29, 42, 22, 19, 73, 79, 17, 69, 88, 7, 68, 54, 31, 52, 59, 74, 66, 49, 2, 39, 91, 37, 18, 47, 87, 95, 100, 14]
(w = 9) Correct Cyclicantibandwidth
Set parameter TimeLimit to value 1800
(w = 10) Value Cyclicantibandwidth: 10
Lables: [38, 7, 11, 5, 44, 24, 89, 99, 4, 83, 43, 35, 21, 25, 50, 68, 61, 13, 75, 37, 92, 22, 14, 27, 32, 67, 80, 85, 78, 84, 96, 97, 46, 98, 12, 94, 8, 62, 30, 64, 55, 58, 49, 65, 48, 70, 57, 51, 82, 87, 26, 33, 86, 60, 71, 72, 93, 23, 15, 36, 76, 16, 9, 3, 28, 6, 90, 63, 34, 40, 18, 53, 29, 42, 81, 19, 1, 79, 17, 69, 88, 52, 2, 54, 31, 45, 59, 74, 66, 56, 77, 41, 91, 39, 95, 47, 10, 20, 73, 100]
(w = 10) Correct Cyclicantibandwidth
Set parameter TimeLimit to value 1800
(w = 11) Value Cyclicantibandwidth: 11
Lables: [38, 75, 11, 5, 44, 24, 89, 99, 4, 83, 43, 35, 21, 71, 50, 68, 61, 13, 27, 92, 18, 22, 14, 70, 32, 67, 41, 55, 78, 91, 96, 97, 46, 64, 12, 25, 8, 62, 1, 3, 51, 58, 40, 65, 48, 56, 57, 85, 82, 87, 26, 33, 86, 60, 42, 72, 93, 23, 15, 36, 76, 16, 9, 29, 28, 6, 90, 63, 34, 2, 7, 53, 80, 54, 84, 19, 98, 79, 17, 69, 88, 45, 73, 30, 31, 81, 59, 49, 66, 52, 77, 39, 95, 47, 94, 37, 10, 20, 74, 100]
(w = 11) Correct Cyclicantibandwidth
Set parameter TimeLimit to value 1800
(w = 12) Value Cyclicantibandwidth: 12
Lables: [38, 75, 11, 5, 44, 24, 89, 99, 4, 83, 43, 30, 21, 25, 64, 68, 61, 13, 27, 1, 92, 22, 63, 70, 32, 67, 41, 85, 78, 91, 93, 97, 46, 71, 12, 96, 8, 62, 7, 80, 55, 58, 40, 84, 48, 56, 57, 51, 82, 17, 26, 33, 86, 88, 77, 14, 35, 23, 10, 36, 76, 16, 74, 3, 28, 65, 60, 72, 87, 2, 6, 53, 29, 54, 94, 19, 98, 79, 42, 69, 34, 45, 9, 31, 81, 47, 59, 49, 15, 52, 90, 39, 95, 50, 18, 37, 20, 73, 66, 100]
(w = 12) Correct Cyclicantibandwidth
Set parameter TimeLimit to value 1800
[runlim] sample:		10.0 time, 10.3 real, 77.7 MB
(w = 13) Value Cyclicantibandwidth: 13
Lables: [41, 75, 98, 5, 44, 24, 89, 99, 4, 83, 43, 35, 32, 25, 50, 11, 10, 13, 27, 95, 92, 80, 16, 70, 23, 67, 82, 85, 78, 91, 96, 97, 64, 71, 12, 61, 8, 62, 1, 100, 55, 58, 40, 84, 48, 56, 57, 51, 17, 87, 26, 33, 3, 65, 46, 72, 66, 77, 93, 36, 76, 42, 9, 29, 28, 6, 60, 63, 34, 2, 14, 53, 73, 54, 22, 81, 20, 79, 94, 69, 68, 45, 19, 30, 31, 47, 59, 49, 38, 52, 90, 39, 74, 7, 18, 37, 15, 86, 88, 21]
(w = 13) Correct Cyclicantibandwidth
Set parameter TimeLimit to value 1800
(w = 14) Value Cyclicantibandwidth: 14
Lables: [26, 75, 11, 5, 44, 24, 89, 99, 4, 54, 25, 35, 49, 27, 50, 68, 67, 13, 57, 1, 92, 83, 61, 70, 88, 58, 41, 52, 78, 38, 34, 97, 46, 71, 12, 94, 8, 28, 21, 64, 55, 43, 69, 84, 48, 56, 16, 37, 82, 87, 73, 33, 86, 65, 42, 14, 98, 23, 93, 36, 80, 32, 91, 31, 40, 6, 60, 63, 20, 2, 18, 79, 29, 81, 100, 76, 95, 72, 17, 9, 22, 59, 19, 30, 85, 51, 53, 47, 15, 45, 90, 39, 96, 66, 3, 77, 10, 74, 62, 7]
(w = 14) Correct Cyclicantibandwidth
Set parameter TimeLimit to value 1800
(w = 15) Value Cyclicantibandwidth: 15
Lables: [63, 29, 11, 5, 2, 24, 89, 99, 4, 61, 43, 38, 48, 25, 50, 68, 59, 88, 54, 95, 23, 22, 77, 71, 3, 31, 41, 85, 94, 46, 80, 97, 52, 98, 37, 55, 92, 62, 1, 96, 45, 58, 40, 84, 64, 56, 57, 35, 82, 13, 26, 33, 86, 47, 60, 72, 100, 21, 93, 36, 44, 16, 9, 27, 28, 6, 14, 78, 34, 18, 51, 53, 8, 42, 87, 91, 20, 83, 17, 69, 90, 67, 19, 30, 79, 32, 65, 75, 15, 49, 81, 39, 73, 66, 12, 76, 10, 74, 70, 7]
(w = 15) Correct Cyclicantibandwidth
Set parameter TimeLimit to value 1800
(w = 16) Value Cyclicantibandwidth: 16
Lables: [13, 80, 76, 95, 61, 68, 89, 33, 4, 83, 43, 74, 21, 15, 34, 51, 38, 56, 50, 40, 5, 22, 9, 65, 99, 67, 91, 70, 73, 30, 81, 97, 69, 96, 29, 58, 46, 36, 26, 2, 48, 55, 84, 92, 53, 44, 57, 90, 17, 71, 11, 31, 86, 35, 52, 60, 100, 12, 93, 78, 8, 6, 32, 1, 3, 54, 63, 66, 72, 45, 47, 7, 25, 64, 88, 16, 20, 79, 42, 41, 87, 27, 19, 28, 23, 39, 59, 77, 18, 37, 85, 24, 82, 49, 98, 94, 14, 75, 62, 10]
(w = 16) Correct Cyclicantibandwidth
Set parameter TimeLimit to value 1800
(w = 17) Value Cyclicantibandwidth: 17
Lables: [43, 83, 89, 92, 97, 32, 11, 64, 4, 35, 26, 79, 34, 5, 50, 30, 70, 100, 21, 37, 74, 22, 18, 99, 75, 51, 41, 56, 85, 27, 67, 77, 52, 65, 46, 16, 62, 42, 1, 93, 33, 53, 58, 84, 72, 20, 57, 31, 90, 48, 81, 23, 86, 40, 95, 44, 9, 10, 82, 36, 29, 63, 61, 2, 28, 55, 6, 17, 8, 60, 88, 54, 12, 68, 78, 76, 91, 80, 96, 15, 98, 7, 3, 38, 87, 49, 59, 45, 71, 24, 69, 39, 94, 47, 13, 73, 19, 25, 66, 14]
(w = 17) Correct Cyclicantibandwidth
Set parameter TimeLimit to value 1800
(w = 18) Value Cyclicantibandwidth: 18
Lables: [18, 22, 3, 11, 60, 27, 72, 73, 81, 96, 40, 38, 56, 25, 52, 69, 67, 2, 31, 94, 97, 6, 99, 24, 93, 70, 91, 53, 50, 51, 74, 98, 47, 8, 30, 10, 12, 28, 26, 77, 65, 17, 44, 45, 66, 79, 76, 54, 19, 89, 62, 23, 83, 33, 71, 55, 87, 90, 4, 36, 80, 37, 68, 32, 35, 64, 46, 85, 78, 86, 5, 1, 29, 88, 82, 34, 16, 39, 9, 48, 84, 59, 7, 42, 20, 14, 57, 41, 75, 43, 15, 21, 13, 58, 100, 49, 92, 61, 63, 95]
(w = 18) Correct Cyclicantibandwidth
Set parameter TimeLimit to value 1800
[runlim] sample:		20.0 time, 20.3 real, 99.8 MB
(w = 19) Value Cyclicantibandwidth: 19
Lables: [10, 90, 45, 82, 24, 100, 89, 78, 99, 96, 63, 28, 40, 13, 53, 68, 61, 4, 21, 31, 92, 26, 48, 59, 33, 27, 36, 43, 79, 46, 70, 20, 73, 74, 50, 94, 3, 44, 2, 91, 38, 77, 62, 65, 29, 30, 57, 52, 15, 35, 6, 84, 5, 23, 71, 22, 83, 9, 93, 17, 81, 75, 47, 11, 85, 56, 41, 51, 34, 19, 8, 60, 66, 32, 88, 14, 87, 39, 54, 12, 72, 55, 98, 80, 97, 7, 86, 42, 16, 37, 67, 18, 95, 49, 64, 69, 1, 58, 25, 76]
(w = 19) Correct Cyclicantibandwidth
Set parameter TimeLimit to value 1800
(w = 20) Value Cyclicantibandwidth: 20
Lables: [73, 95, 38, 94, 87, 18, 48, 99, 46, 69, 44, 4, 35, 43, 90, 45, 15, 27, 77, 29, 61, 79, 81, 1, 30, 34, 53, 21, 5, 75, 19, 65, 37, 55, 62, 10, 82, 25, 6, 58, 80, 98, 49, 52, 86, 56, 33, 50, 16, 96, 8, 31, 60, 2, 93, 67, 57, 42, 64, 32, 7, 9, 68, 70, 13, 12, 72, 24, 41, 11, 92, 74, 17, 51, 22, 84, 83, 63, 78, 28, 14, 47, 59, 23, 100, 76, 91, 85, 89, 66, 20, 26, 88, 40, 71, 36, 39, 54, 3, 97]
(w = 20) Correct Cyclicantibandwidth
Set parameter TimeLimit to value 1800
(w = 21) Value Cyclicantibandwidth: 21
Lables: [91, 69, 80, 62, 83, 24, 95, 40, 73, 86, 17, 8, 55, 21, 50, 89, 51, 57, 25, 5, 18, 99, 66, 59, 93, 79, 74, 49, 44, 37, 6, 31, 11, 100, 4, 90, 35, 19, 7, 12, 88, 26, 47, 65, 61, 70, 97, 72, 71, 64, 53, 10, 76, 34, 3, 87, 20, 16, 46, 33, 14, 54, 60, 15, 27, 56, 13, 22, 92, 28, 48, 67, 75, 85, 38, 32, 96, 58, 42, 39, 30, 1, 82, 9, 78, 43, 2, 77, 36, 94, 52, 81, 23, 68, 29, 41, 84, 63, 45, 98]
(w = 21) Correct Cyclicantibandwidth
Set parameter TimeLimit to value 1800
[runlim] sample:		32.1 time, 30.3 real, 258.2 MB
(w = 22) Value Cyclicantibandwidth: 22
Lables: [1, 82, 5, 53, 24, 14, 73, 55, 10, 29, 8, 22, 34, 15, 50, 65, 62, 38, 58, 4, 47, 87, 7, 26, 31, 84, 17, 77, 70, 59, 51, 95, 67, 89, 21, 41, 57, 32, 39, 56, 2, 42, 69, 27, 71, 9, 19, 79, 13, 30, 81, 49, 96, 64, 80, 23, 85, 37, 52, 12, 88, 63, 45, 6, 74, 90, 33, 78, 20, 54, 11, 83, 97, 76, 61, 46, 43, 18, 99, 86, 94, 98, 44, 48, 91, 75, 36, 25, 92, 60, 68, 93, 35, 16, 28, 66, 3, 100, 72, 40]
(w = 22) Correct Cyclicantibandwidth
Set parameter TimeLimit to value 1800
[runlim] sample:		44.2 time, 40.3 real, 429.1 MB
[runlim] sample:		55.2 time, 50.3 real, 491.3 MB
(w = 23) Value Cyclicantibandwidth: 23
Lables: [7, 22, 90, 91, 71, 96, 17, 73, 1, 33, 83, 5, 58, 27, 64, 34, 68, 95, 51, 76, 47, 24, 8, 15, 20, 18, 94, 79, 38, 67, 6, 10, 61, 26, 25, 28, 69, 65, 42, 21, 89, 29, 100, 31, 88, 84, 53, 45, 85, 74, 37, 55, 93, 66, 40, 13, 30, 44, 59, 62, 43, 63, 50, 4, 19, 2, 35, 32, 98, 75, 78, 72, 82, 80, 48, 77, 60, 52, 41, 70, 11, 49, 36, 39, 87, 57, 23, 3, 99, 56, 12, 81, 14, 86, 46, 97, 54, 92, 16, 9]
(w = 23) Correct Cyclicantibandwidth
Set parameter TimeLimit to value 1800
[runlim] sample:		67.3 time, 60.3 real, 404.2 MB
(w = 24) Value Cyclicantibandwidth: 24
Lables: [76, 88, 72, 37, 78, 4, 95, 54, 68, 86, 28, 7, 66, 82, 30, 41, 57, 71, 99, 73, 23, 98, 1, 5, 90, 92, 91, 12, 43, 16, 70, 14, 25, 42, 10, 22, 49, 19, 48, 34, 56, 100, 97, 8, 21, 9, 38, 18, 62, 87, 35, 69, 60, 47, 64, 15, 17, 83, 55, 89, 2, 27, 36, 67, 85, 58, 6, 11, 26, 79, 44, 77, 81, 74, 52, 84, 65, 53, 39, 50, 96, 45, 61, 29, 59, 40, 13, 93, 51, 20, 32, 80, 63, 31, 33, 75, 46, 24, 3, 94]
(w = 24) Correct Cyclicantibandwidth
Set parameter TimeLimit to value 1800
[runlim] sample:		79.0 time, 70.3 real, 416.4 MB
[runlim] sample:		89.2 time, 80.3 real, 387.1 MB
(w = 25) Value Cyclicantibandwidth: 25
Lables: [56, 28, 81, 11, 25, 41, 69, 26, 64, 42, 87, 21, 65, 88, 16, 89, 75, 92, 29, 90, 72, 5, 73, 24, 32, 74, 82, 17, 6, 3, 99, 30, 22, 71, 37, 67, 49, 31, 47, 1, 93, 34, 20, 19, 4, 80, 70, 79, 83, 27, 12, 78, 59, 45, 94, 53, 8, 43, 13, 40, 52, 18, 62, 51, 2, 15, 95, 84, 63, 38, 35, 96, 55, 100, 50, 44, 48, 9, 57, 10, 33, 76, 66, 98, 54, 61, 14, 46, 97, 58, 68, 39, 85, 77, 86, 7, 60, 91, 23, 36]
(w = 25) Correct Cyclicantibandwidth
Set parameter TimeLimit to value 1800
[runlim] sample:		101.0 time, 90.3 real, 457.7 MB
[runlim] sample:		111.2 time, 100.3 real, 439.0 MB
[runlim] sample:		121.3 time, 110.3 real, 472.5 MB
(w = 26) Value Cyclicantibandwidth: 26
Lables: [15, 58, 77, 90, 8, 94, 55, 59, 49, 16, 68, 30, 96, 50, 22, 19, 51, 72, 18, 32, 29, 93, 53, 6, 89, 42, 62, 20, 24, 88, 13, 48, 27, 52, 81, 5, 100, 92, 12, 70, 40, 98, 64, 84, 91, 46, 86, 31, 74, 45, 9, 21, 54, 23, 56, 85, 25, 14, 11, 34, 36, 4, 87, 79, 28, 83, 17, 41, 39, 2, 82, 67, 66, 38, 35, 57, 95, 33, 3, 97, 37, 75, 61, 80, 69, 44, 7, 78, 76, 10, 73, 71, 43, 65, 99, 47, 60, 63, 26, 1]
(w = 26) Correct Cyclicantibandwidth
Set parameter TimeLimit to value 1800
[runlim] sample:		131.5 time, 120.3 real, 393.1 MB
[runlim] sample:		142.3 time, 130.3 real, 436.0 MB
[runlim] sample:		152.6 time, 140.3 real, 476.9 MB
(w = 27) Value Cyclicantibandwidth: 27
Lables: [68, 77, 84, 59, 64, 76, 93, 21, 75, 54, 94, 79, 61, 81, 31, 47, 30, 88, 41, 32, 85, 2, 92, 65, 5, 91, 83, 43, 62, 38, 1, 13, 63, 4, 45, 39, 12, 34, 42, 22, 3, 26, 72, 35, 56, 78, 44, 71, 23, 7, 15, 86, 82, 37, 8, 50, 89, 73, 24, 87, 29, 51, 46, 95, 10, 25, 67, 96, 66, 100, 40, 9, 90, 11, 36, 98, 27, 69, 49, 14, 19, 57, 16, 20, 97, 74, 53, 58, 6, 52, 33, 18, 80, 60, 48, 99, 28, 70, 55, 17]
(w = 27) Correct Cyclicantibandwidth
Set parameter TimeLimit to value 1800
[runlim] sample:		162.7 time, 150.3 real, 388.6 MB
[runlim] sample:		173.6 time, 160.3 real, 471.1 MB
[runlim] sample:		183.8 time, 170.3 real, 480.3 MB
[runlim] sample:		193.9 time, 180.3 real, 480.5 MB
[runlim] sample:		204.1 time, 190.3 real, 434.4 MB
[runlim] sample:		214.3 time, 200.3 real, 422.2 MB
[runlim] sample:		224.5 time, 210.3 real, 486.1 MB
[runlim] sample:		234.7 time, 220.3 real, 506.4 MB
[runlim] sample:		244.9 time, 230.3 real, 520.9 MB
[runlim] sample:		255.1 time, 240.3 real, 522.0 MB
[runlim] sample:		267.0 time, 250.3 real, 527.6 MB
[runlim] sample:		290.2 time, 260.3 real, 689.5 MB
[runlim] sample:		328.7 time, 270.3 real, 708.3 MB
(w = 28) Value Cyclicantibandwidth: 28
Lables: [99, 14, 26, 71, 65, 51, 8, 62, 34, 70, 50, 23, 64, 47, 79, 90, 20, 33, 54, 2, 77, 67, 73, 61, 56, 13, 89, 17, 1, 85, 93, 19, 11, 15, 37, 12, 59, 66, 44, 95, 98, 88, 72, 60, 55, 74, 48, 31, 40, 24, 18, 91, 38, 97, 94, 25, 92, 57, 80, 41, 100, 68, 81, 45, 10, 5, 96, 35, 46, 3, 63, 82, 36, 9, 22, 76, 7, 58, 52, 21, 4, 53, 83, 6, 43, 28, 69, 49, 42, 75, 29, 30, 32, 39, 86, 84, 27, 16, 78, 87]
(w = 28) Correct Cyclicantibandwidth
Set parameter TimeLimit to value 1800
[runlim] sample:		352.9 time, 280.3 real, 688.3 MB
[runlim] sample:		363.4 time, 290.3 real, 662.1 MB
[runlim] sample:		373.6 time, 300.3 real, 745.8 MB
[runlim] sample:		383.8 time, 310.3 real, 753.9 MB
[runlim] sample:		393.9 time, 320.3 real, 756.1 MB
[runlim] sample:		404.1 time, 330.3 real, 666.6 MB
[runlim] sample:		414.3 time, 340.3 real, 754.2 MB
[runlim] sample:		424.5 time, 350.3 real, 706.1 MB
[runlim] sample:		434.7 time, 360.3 real, 701.6 MB
[runlim] sample:		444.9 time, 370.3 real, 714.2 MB
[runlim] sample:		456.8 time, 380.3 real, 740.1 MB
[runlim] sample:		477.8 time, 390.3 real, 752.9 MB
[runlim] sample:		514.6 time, 400.3 real, 766.8 MB
(w = 29) Value Cyclicantibandwidth: 29
Lables: [30, 24, 21, 46, 95, 63, 82, 45, 20, 58, 88, 70, 12, 78, 22, 98, 33, 4, 65, 31, 64, 74, 15, 86, 35, 91, 73, 8, 83, 59, 97, 32, 72, 28, 66, 36, 37, 52, 44, 60, 56, 50, 96, 100, 7, 92, 93, 85, 17, 68, 29, 61, 84, 69, 11, 3, 62, 90, 40, 89, 39, 16, 10, 53, 55, 19, 94, 76, 80, 42, 26, 14, 1, 75, 43, 51, 47, 87, 6, 34, 77, 13, 41, 49, 23, 67, 54, 99, 5, 48, 27, 25, 79, 9, 71, 2, 57, 81, 18, 38]
(w = 29) Correct Cyclicantibandwidth
Set parameter TimeLimit to value 1800
[runlim] sample:		539.9 time, 410.3 real, 647.4 MB
[runlim] sample:		550.8 time, 420.3 real, 702.2 MB
[runlim] sample:		561.0 time, 430.3 real, 717.7 MB
[runlim] sample:		571.2 time, 440.3 real, 653.8 MB
[runlim] sample:		581.4 time, 450.3 real, 705.6 MB
[runlim] sample:		591.6 time, 460.3 real, 724.4 MB
[runlim] sample:		601.8 time, 470.3 real, 726.4 MB
[runlim] sample:		612.0 time, 480.3 real, 738.1 MB
[runlim] sample:		622.1 time, 490.3 real, 735.2 MB
[runlim] sample:		632.3 time, 500.3 real, 753.3 MB
[runlim] sample:		642.5 time, 510.3 real, 753.0 MB
[runlim] sample:		653.4 time, 520.3 real, 742.4 MB
[runlim] sample:		671.0 time, 530.3 real, 767.3 MB
[runlim] sample:		708.9 time, 540.3 real, 787.4 MB
[runlim] sample:		749.0 time, 550.3 real, 827.6 MB
[runlim] sample:		789.0 time, 560.3 real, 842.1 MB
[runlim] sample:		828.8 time, 570.3 real, 850.9 MB
[runlim] sample:		868.7 time, 580.3 real, 876.9 MB
[runlim] sample:		908.8 time, 590.3 real, 880.7 MB
[runlim] sample:		948.8 time, 600.3 real, 883.6 MB
[runlim] sample:		987.8 time, 610.3 real, 873.1 MB
[runlim] sample:		1027.8 time, 620.3 real, 876.8 MB
[runlim] sample:		1067.2 time, 630.3 real, 1055.1 MB
(w = 30) Value Cyclicantibandwidth: 30
Lables: [26, 38, 49, 86, 47, 81, 68, 36, 64, 20, 69, 70, 60, 54, 18, 8, 61, 75, 88, 80, 21, 31, 42, 32, 85, 58, 52, 84, 4, 94, 57, 67, 89, 43, 82, 87, 12, 34, 10, 14, 65, 5, 45, 96, 62, 76, 100, 66, 59, 44, 22, 30, 71, 15, 11, 73, 29, 25, 24, 50, 16, 17, 3, 51, 33, 90, 28, 56, 74, 9, 98, 40, 55, 78, 99, 35, 6, 39, 13, 83, 93, 77, 19, 1, 41, 27, 2, 91, 53, 23, 95, 72, 79, 63, 7, 46, 92, 48, 37, 97]
(w = 30) Correct Cyclicantibandwidth
Set parameter TimeLimit to value 1800
[runlim] sample:		1081.7 time, 640.3 real, 857.5 MB
[runlim] sample:		1091.8 time, 650.3 real, 773.2 MB
[runlim] sample:		1102.0 time, 660.3 real, 820.8 MB
[runlim] sample:		1112.2 time, 670.3 real, 823.3 MB
[runlim] sample:		1122.4 time, 680.3 real, 825.3 MB
[runlim] sample:		1132.6 time, 690.3 real, 818.5 MB
[runlim] sample:		1142.8 time, 700.3 real, 808.9 MB
[runlim] sample:		1153.0 time, 710.3 real, 830.8 MB
[runlim] sample:		1163.2 time, 720.3 real, 821.9 MB
[runlim] sample:		1173.3 time, 730.3 real, 821.8 MB
[runlim] sample:		1183.5 time, 740.3 real, 828.3 MB
[runlim] sample:		1204.6 time, 750.3 real, 833.7 MB
[runlim] sample:		1242.6 time, 760.3 real, 836.7 MB
[runlim] sample:		1281.3 time, 770.3 real, 834.5 MB
[runlim] sample:		1321.0 time, 780.3 real, 832.0 MB
[runlim] sample:		1360.4 time, 790.3 real, 855.1 MB
[runlim] sample:		1398.4 time, 800.3 real, 854.4 MB
[runlim] sample:		1438.5 time, 810.3 real, 940.3 MB
[runlim] sample:		1478.2 time, 820.3 real, 883.9 MB
[runlim] sample:		1518.2 time, 830.3 real, 927.2 MB
[runlim] sample:		1557.9 time, 840.3 real, 971.9 MB
[runlim] sample:		1597.9 time, 850.3 real, 966.6 MB
[runlim] sample:		1637.9 time, 860.3 real, 963.1 MB
[runlim] sample:		1677.9 time, 870.3 real, 943.6 MB
[runlim] sample:		1717.9 time, 880.3 real, 939.7 MB
[runlim] sample:		1758.0 time, 890.3 real, 942.1 MB
[runlim] sample:		1797.4 time, 900.3 real, 946.3 MB
[runlim] sample:		1835.8 time, 910.3 real, 962.1 MB
[runlim] sample:		1874.8 time, 920.3 real, 946.6 MB
[runlim] sample:		1914.8 time, 930.3 real, 960.4 MB
[runlim] sample:		1954.7 time, 940.3 real, 956.8 MB
[runlim] sample:		1994.7 time, 950.3 real, 980.7 MB
[runlim] sample:		2034.3 time, 960.3 real, 966.5 MB
[runlim] sample:		2074.4 time, 970.3 real, 976.4 MB
[runlim] sample:		2113.8 time, 980.3 real, 971.2 MB
[runlim] sample:		2153.0 time, 990.3 real, 984.7 MB
[runlim] sample:		2193.0 time, 1000.3 real, 989.2 MB
[runlim] sample:		2227.5 time, 1010.3 real, 988.7 MB
[runlim] sample:		2267.1 time, 1020.3 real, 977.8 MB
[runlim] sample:		2307.1 time, 1030.3 real, 986.8 MB
[runlim] sample:		2345.7 time, 1040.3 real, 990.8 MB
[runlim] sample:		2385.8 time, 1050.3 real, 990.6 MB
[runlim] sample:		2423.7 time, 1060.3 real, 990.6 MB
[runlim] sample:		2461.6 time, 1070.3 real, 982.0 MB
[runlim] sample:		2501.6 time, 1080.3 real, 986.2 MB
[runlim] sample:		2536.9 time, 1090.3 real, 985.5 MB
[runlim] sample:		2577.0 time, 1100.3 real, 986.6 MB
[runlim] sample:		2595.8 time, 1110.3 real, 1056.7 MB
[runlim] sample:		2606.3 time, 1120.3 real, 1056.7 MB
[runlim] sample:		2621.0 time, 1130.3 real, 1057.2 MB
[runlim] sample:		2635.7 time, 1140.3 real, 1159.6 MB
[runlim] sample:		2653.9 time, 1150.3 real, 1394.0 MB
[runlim] sample:		2683.6 time, 1160.3 real, 1387.5 MB
[runlim] sample:		2713.4 time, 1170.3 real, 1541.3 MB
[runlim] sample:		2742.4 time, 1180.3 real, 1469.9 MB
[runlim] sample:		2772.6 time, 1190.3 real, 1512.5 MB
[runlim] sample:		2802.8 time, 1200.3 real, 1503.1 MB
[runlim] sample:		2832.9 time, 1210.3 real, 1535.7 MB
[runlim] sample:		2863.1 time, 1220.3 real, 1478.7 MB
[runlim] sample:		2893.3 time, 1230.3 real, 1550.8 MB
[runlim] sample:		2923.4 time, 1240.3 real, 1541.6 MB
[runlim] sample:		2953.6 time, 1250.3 real, 1528.8 MB
[runlim] sample:		2983.8 time, 1260.3 real, 1519.6 MB
[runlim] sample:		3013.9 time, 1270.3 real, 1551.9 MB
[runlim] sample:		3044.1 time, 1280.3 real, 1577.2 MB
[runlim] sample:		3074.3 time, 1290.3 real, 1557.8 MB
[runlim] sample:		3104.5 time, 1300.3 real, 1534.6 MB
[runlim] sample:		3134.7 time, 1310.3 real, 1555.4 MB
[runlim] sample:		3164.9 time, 1320.3 real, 1534.6 MB
[runlim] sample:		3195.0 time, 1330.3 real, 1552.7 MB
[runlim] sample:		3225.2 time, 1340.3 real, 1624.0 MB
[runlim] sample:		3249.0 time, 1350.3 real, 1428.9 MB
[runlim] sample:		3259.5 time, 1360.3 real, 1428.8 MB
[runlim] sample:		3270.0 time, 1370.3 real, 1416.8 MB
[runlim] sample:		3280.5 time, 1380.3 real, 1428.8 MB
[runlim] sample:		3292.6 time, 1390.3 real, 1400.5 MB
[runlim] sample:		3313.8 time, 1400.3 real, 1385.5 MB
[runlim] sample:		3333.4 time, 1410.3 real, 1389.4 MB
[runlim] sample:		3370.6 time, 1420.3 real, 1389.4 MB
[runlim] sample:		3404.2 time, 1430.3 real, 1389.4 MB
[runlim] sample:		3443.6 time, 1440.3 real, 1389.5 MB
[runlim] sample:		3483.7 time, 1450.3 real, 1392.3 MB
[runlim] sample:		3515.8 time, 1460.3 real, 1391.6 MB
[runlim] sample:		3545.8 time, 1470.3 real, 1391.6 MB
(w = 31) Value Cyclicantibandwidth: 31
Lables: [47, 71, 17, 15, 85, 14, 78, 43, 89, 69, 86, 95, 100, 93, 46, 80, 27, 18, 83, 49, 57, 58, 2, 87, 16, 73, 77, 61, 68, 20, 92, 34, 70, 52, 32, 38, 37, 35, 33, 44, 56, 40, 98, 11, 99, 1, 3, 97, 19, 48, 45, 65, 91, 67, 76, 8, 63, 88, 41, 82, 50, 25, 26, 13, 59, 24, 74, 84, 9, 36, 28, 64, 10, 79, 21, 66, 53, 72, 42, 12, 31, 4, 30, 54, 7, 60, 51, 96, 6, 62, 23, 5, 94, 90, 39, 75, 55, 81, 22, 29]
(w = 31) Correct Cyclicantibandwidth
Set parameter TimeLimit to value 1800
[runlim] sample:		3557.5 time, 1480.3 real, 1059.0 MB
[runlim] sample:		3567.7 time, 1490.3 real, 1046.3 MB
[runlim] sample:		3577.9 time, 1500.3 real, 1058.8 MB
[runlim] sample:		3588.1 time, 1510.3 real, 1059.0 MB
[runlim] sample:		3598.3 time, 1520.3 real, 1059.0 MB
[runlim] sample:		3608.5 time, 1530.3 real, 1046.3 MB
[runlim] sample:		3618.7 time, 1540.3 real, 1046.3 MB
[runlim] sample:		3628.8 time, 1550.3 real, 1059.0 MB
[runlim] sample:		3639.0 time, 1560.3 real, 1060.8 MB
[runlim] sample:		3649.2 time, 1570.3 real, 1053.0 MB
[runlim] sample:		3659.4 time, 1580.3 real, 1058.8 MB
[runlim] sample:		3671.4 time, 1590.3 real, 1058.8 MB
[runlim] sample:		3700.7 time, 1600.3 real, 1079.9 MB
[runlim] sample:		3739.4 time, 1610.3 real, 1085.6 MB
[runlim] sample:		3777.3 time, 1620.3 real, 1086.1 MB
[runlim] sample:		3814.9 time, 1630.3 real, 1085.6 MB
[runlim] sample:		3854.6 time, 1640.3 real, 1084.9 MB
[runlim] sample:		3894.7 time, 1650.3 real, 1086.1 MB
[runlim] sample:		3934.7 time, 1660.3 real, 1129.9 MB
[runlim] sample:		3974.7 time, 1670.3 real, 1084.8 MB
[runlim] sample:		4013.6 time, 1680.3 real, 1085.6 MB
[runlim] sample:		4047.3 time, 1690.3 real, 1091.7 MB
[runlim] sample:		4087.3 time, 1700.3 real, 1088.8 MB
[runlim] sample:		4126.8 time, 1710.3 real, 1090.8 MB
[runlim] sample:		4166.8 time, 1720.3 real, 1092.6 MB
[runlim] sample:		4206.8 time, 1730.3 real, 1095.5 MB
[runlim] sample:		4243.9 time, 1740.3 real, 1097.8 MB
[runlim] sample:		4283.9 time, 1750.3 real, 1098.5 MB
[runlim] sample:		4323.9 time, 1760.3 real, 1088.0 MB
[runlim] sample:		4361.3 time, 1770.3 real, 1091.3 MB
[runlim] sample:		4401.3 time, 1780.3 real, 1102.7 MB
[runlim] sample:		4441.4 time, 1790.3 real, 1116.1 MB
[runlim] end:			Wed Nov 12 09:53:44 2025
[runlim] status:		out of time
[runlim] result:		2
[runlim] children:		0
[runlim] real:			1800.06 seconds
[runlim] time:			4476.13 seconds
[runlim] space:			1650.0 MB
[runlim] samples:		17997
