[runlim] version:		1.10
[runlim] time limit:		311040000 seconds
[runlim] real time limit:	1800 seconds
[runlim] space limit:		30000 MB
[runlim] argv[0]:		python3
[runlim] argv[1]:		model.py
[runlim] argv[2]:		./graph/random_generated_graph_2013/p20_100_600
[runlim] start:			Wed Nov 12 18:53:44 2025
[runlim] main pid:		45987
[runlim] log captured:
Set parameter WLSAccessID
Set parameter WLSSecret
Set parameter LicenseID to value 2663665
Academic license 2663665 - for non-commercial use only - registered to tu___@vnu.edu.vn
Set parameter TimeLimit to value 1800
(w = 4) Value Cyclicantibandwidth: 4
Lables: [30, 41, 11, 5, 44, 27, 89, 99, 4, 73, 20, 56, 38, 48, 59, 68, 74, 13, 32, 37, 54, 66, 75, 98, 65, 67, 34, 81, 61, 70, 1, 94, 69, 79, 58, 26, 82, 2, 76, 18, 55, 77, 10, 92, 35, 64, 8, 95, 46, 60, 25, 51, 52, 3, 42, 72, 88, 28, 50, 24, 78, 84, 9, 57, 40, 36, 6, 63, 33, 21, 80, 17, 29, 97, 23, 83, 96, 93, 19, 45, 47, 85, 49, 86, 31, 22, 39, 71, 14, 62, 87, 91, 90, 53, 43, 15, 12, 100, 7, 16]
(w = 4) Correct Cyclicantibandwidth
Set parameter TimeLimit to value 1800
(w = 5) Value Cyclicantibandwidth: 5
Lables: [36, 75, 11, 55, 44, 70, 89, 57, 5, 83, 51, 35, 77, 25, 38, 67, 39, 13, 54, 60, 92, 22, 48, 31, 32, 86, 61, 27, 78, 7, 1, 3, 40, 98, 96, 65, 71, 2, 76, 50, 68, 58, 14, 46, 16, 69, 8, 24, 82, 80, 26, 91, 52, 33, 42, 72, 93, 66, 34, 97, 19, 84, 18, 73, 88, 6, 56, 63, 23, 62, 41, 17, 87, 99, 30, 47, 20, 12, 95, 15, 45, 74, 4, 53, 90, 49, 64, 43, 10, 81, 21, 94, 85, 9, 100, 37, 59, 79, 29, 28]
(w = 5) Correct Cyclicantibandwidth
Set parameter TimeLimit to value 1800
(w = 6) Value Cyclicantibandwidth: 6
Lables: [38, 79, 55, 80, 44, 24, 89, 99, 4, 5, 51, 35, 21, 25, 2, 68, 86, 13, 54, 1, 23, 22, 28, 70, 56, 29, 88, 67, 78, 50, 96, 97, 46, 98, 100, 94, 65, 63, 76, 64, 41, 58, 10, 36, 30, 69, 60, 27, 82, 87, 33, 16, 52, 14, 42, 72, 93, 81, 34, 90, 19, 84, 18, 73, 15, 6, 37, 92, 74, 62, 48, 17, 95, 49, 66, 47, 83, 45, 59, 26, 20, 71, 77, 39, 40, 57, 91, 31, 12, 85, 75, 43, 7, 53, 9, 8, 3, 11, 32, 61]
(w = 6) Correct Cyclicantibandwidth
Set parameter TimeLimit to value 1800
(w = 7) Value Cyclicantibandwidth: 7
Lables: [60, 73, 39, 5, 11, 24, 91, 75, 67, 71, 62, 89, 21, 16, 100, 80, 49, 92, 61, 96, 26, 22, 48, 72, 4, 28, 53, 90, 78, 68, 43, 95, 46, 37, 93, 94, 13, 14, 47, 29, 54, 51, 81, 64, 34, 69, 8, 27, 9, 99, 66, 33, 52, 56, 42, 88, 35, 36, 31, 57, 19, 32, 97, 86, 15, 76, 6, 84, 58, 23, 45, 12, 40, 65, 2, 30, 1, 17, 59, 44, 98, 74, 38, 83, 10, 63, 41, 70, 20, 85, 87, 79, 82, 18, 77, 50, 3, 55, 25, 7]
(w = 7) Correct Cyclicantibandwidth
Set parameter TimeLimit to value 1800
[runlim] sample:		10.0 time, 10.1 real, 119.0 MB
(w = 8) Value Cyclicantibandwidth: 8
Lables: [1, 75, 48, 63, 86, 66, 89, 80, 25, 43, 77, 35, 53, 36, 7, 50, 100, 73, 44, 10, 97, 22, 32, 28, 15, 34, 56, 98, 45, 64, 49, 99, 74, 57, 94, 78, 79, 93, 54, 51, 96, 3, 52, 23, 26, 68, 18, 27, 19, 60, 29, 42, 88, 2, 83, 21, 8, 39, 4, 90, 85, 76, 9, 14, 13, 70, 6, 71, 84, 87, 46, 12, 40, 55, 30, 81, 82, 37, 16, 59, 47, 31, 5, 72, 17, 24, 11, 95, 58, 38, 69, 91, 62, 41, 20, 67, 61, 65, 33, 92]
(w = 8) Correct Cyclicantibandwidth
Set parameter TimeLimit to value 1800
(w = 9) Value Cyclicantibandwidth: 9
Lables: [68, 48, 19, 5, 79, 60, 91, 87, 14, 16, 70, 44, 1, 17, 11, 58, 83, 61, 49, 23, 89, 90, 80, 71, 13, 25, 50, 92, 15, 24, 45, 66, 55, 3, 20, 35, 77, 12, 36, 63, 51, 99, 59, 26, 8, 10, 88, 40, 65, 29, 52, 54, 74, 84, 75, 43, 7, 37, 31, 57, 86, 85, 18, 32, 72, 100, 33, 62, 76, 95, 69, 6, 42, 21, 27, 64, 30, 46, 34, 41, 73, 82, 67, 2, 47, 94, 39, 78, 4, 28, 81, 96, 97, 98, 53, 56, 93, 9, 22, 38]
(w = 9) Correct Cyclicantibandwidth
Set parameter TimeLimit to value 1800
[runlim] sample:		20.3 time, 20.1 real, 358.0 MB
(w = 10) Value Cyclicantibandwidth: 10
Lables: [25, 15, 49, 11, 64, 91, 58, 44, 80, 21, 31, 10, 85, 60, 74, 48, 99, 30, 36, 75, 39, 68, 3, 86, 59, 95, 45, 29, 100, 84, 79, 5, 23, 81, 66, 93, 24, 70, 2, 98, 96, 6, 83, 65, 62, 42, 43, 37, 17, 13, 27, 92, 55, 51, 82, 38, 34, 33, 1, 20, 32, 22, 12, 63, 56, 76, 7, 14, 72, 40, 26, 50, 94, 53, 47, 28, 77, 67, 54, 87, 61, 73, 78, 18, 16, 88, 89, 97, 35, 8, 46, 69, 90, 71, 57, 19, 9, 52, 4, 41]
(w = 10) Correct Cyclicantibandwidth
Set parameter TimeLimit to value 1800
[runlim] sample:		31.7 time, 30.1 real, 443.4 MB
[runlim] sample:		41.9 time, 40.1 real, 419.7 MB
(w = 11) Value Cyclicantibandwidth: 11
Lables: [8, 21, 73, 16, 31, 79, 33, 93, 52, 74, 48, 6, 12, 37, 59, 90, 38, 15, 23, 66, 40, 28, 43, 80, 68, 36, 41, 26, 62, 18, 63, 9, 3, 97, 11, 1, 72, 13, 82, 100, 45, 5, 95, 51, 60, 25, 96, 58, 98, 29, 42, 94, 35, 47, 71, 20, 22, 19, 50, 39, 85, 67, 56, 30, 77, 57, 92, 10, 70, 34, 81, 86, 27, 84, 87, 75, 91, 69, 53, 61, 65, 44, 99, 54, 4, 17, 88, 89, 83, 14, 49, 2, 32, 76, 64, 55, 7, 78, 46, 24]
(w = 11) Correct Cyclicantibandwidth
Set parameter TimeLimit to value 1800
[runlim] sample:		52.7 time, 50.1 real, 462.9 MB
[runlim] sample:		62.8 time, 60.1 real, 439.7 MB
(w = 12) Value Cyclicantibandwidth: 12
Lables: [89, 26, 51, 17, 58, 64, 69, 50, 24, 82, 34, 94, 57, 67, 22, 7, 75, 11, 90, 45, 38, 86, 18, 27, 95, 62, 41, 55, 60, 10, 25, 8, 49, 47, 3, 36, 59, 96, 68, 53, 65, 43, 42, 4, 63, 77, 28, 35, 52, 93, 85, 81, 83, 87, 23, 31, 30, 9, 39, 78, 19, 91, 20, 32, 66, 37, 14, 16, 97, 74, 54, 56, 70, 88, 33, 15, 5, 48, 72, 92, 99, 76, 98, 84, 100, 80, 40, 61, 12, 21, 29, 13, 73, 6, 79, 1, 2, 44, 71, 46]
(w = 12) Correct Cyclicantibandwidth
Set parameter TimeLimit to value 1800
[runlim] sample:		72.9 time, 70.1 real, 406.4 MB
[runlim] sample:		91.9 time, 80.1 real, 553.1 MB
(w = 13) Value Cyclicantibandwidth: 13
Lables: [34, 78, 49, 18, 47, 23, 93, 71, 43, 31, 4, 85, 13, 58, 76, 60, 62, 40, 88, 33, 56, 81, 3, 7, 25, 92, 59, 54, 6, 63, 64, 5, 35, 53, 69, 28, 30, 42, 2, 96, 66, 44, 67, 84, 91, 79, 39, 74, 32, 16, 77, 83, 100, 55, 70, 21, 45, 11, 1, 24, 46, 89, 15, 98, 51, 9, 82, 17, 61, 65, 52, 50, 95, 87, 73, 12, 10, 86, 97, 38, 90, 36, 99, 20, 27, 26, 41, 94, 14, 22, 72, 37, 19, 57, 29, 8, 80, 68, 75, 48]
(w = 13) Correct Cyclicantibandwidth
Set parameter TimeLimit to value 1800
[runlim] sample:		104.7 time, 90.1 real, 390.6 MB
[runlim] sample:		115.5 time, 100.1 real, 514.9 MB
[runlim] sample:		125.7 time, 110.1 real, 510.8 MB
[runlim] sample:		135.8 time, 120.1 real, 548.6 MB
[runlim] sample:		145.9 time, 130.1 real, 540.3 MB
[runlim] sample:		156.1 time, 140.1 real, 535.6 MB
[runlim] sample:		166.2 time, 150.1 real, 450.0 MB
[runlim] sample:		176.3 time, 160.1 real, 547.3 MB
[runlim] sample:		186.4 time, 170.1 real, 576.3 MB
[runlim] sample:		196.6 time, 180.1 real, 488.3 MB
[runlim] sample:		206.7 time, 190.1 real, 566.6 MB
[runlim] sample:		216.8 time, 200.1 real, 563.8 MB
[runlim] sample:		227.0 time, 210.1 real, 571.0 MB
[runlim] sample:		237.1 time, 220.1 real, 533.3 MB
[runlim] sample:		247.2 time, 230.1 real, 563.8 MB
[runlim] sample:		259.1 time, 240.1 real, 585.2 MB
[runlim] sample:		274.9 time, 250.1 real, 849.5 MB
[runlim] sample:		314.5 time, 260.1 real, 916.7 MB
[runlim] sample:		354.6 time, 270.1 real, 999.5 MB
[runlim] sample:		394.1 time, 280.1 real, 1075.1 MB
[runlim] sample:		429.6 time, 290.1 real, 1396.1 MB
(w = 14) Value Cyclicantibandwidth: 14
Lables: [5, 78, 54, 92, 75, 26, 20, 31, 82, 36, 2, 49, 87, 60, 45, 59, 18, 86, 44, 16, 29, 69, 32, 9, 80, 48, 50, 93, 90, 30, 66, 22, 6, 42, 99, 89, 98, 70, 15, 13, 27, 11, 10, 43, 56, 47, 65, 84, 100, 14, 33, 58, 57, 3, 71, 74, 73, 25, 12, 1, 64, 41, 76, 77, 52, 38, 68, 81, 53, 35, 7, 63, 19, 51, 61, 96, 95, 34, 55, 17, 67, 39, 97, 85, 72, 28, 8, 37, 40, 83, 94, 88, 46, 62, 79, 4, 23, 91, 24, 21]
(w = 14) Correct Cyclicantibandwidth
Set parameter TimeLimit to value 1800
[runlim] sample:		440.9 time, 300.1 real, 982.1 MB
[runlim] sample:		451.9 time, 310.1 real, 1080.2 MB
[runlim] sample:		462.1 time, 320.1 real, 1033.1 MB
[runlim] sample:		472.2 time, 330.1 real, 1118.5 MB
[runlim] sample:		482.3 time, 340.1 real, 1098.6 MB
[runlim] sample:		492.4 time, 350.1 real, 1110.8 MB
[runlim] sample:		502.6 time, 360.1 real, 1035.2 MB
[runlim] sample:		512.7 time, 370.1 real, 1033.3 MB
[runlim] sample:		522.8 time, 380.1 real, 1060.3 MB
[runlim] sample:		532.9 time, 390.1 real, 989.6 MB
[runlim] sample:		543.1 time, 400.1 real, 1059.4 MB
[runlim] sample:		553.2 time, 410.1 real, 1150.6 MB
[runlim] sample:		563.4 time, 420.1 real, 1147.1 MB
[runlim] sample:		573.5 time, 430.1 real, 1154.8 MB
[runlim] sample:		583.6 time, 440.1 real, 1139.3 MB
[runlim] sample:		593.7 time, 450.1 real, 1139.7 MB
[runlim] sample:		603.9 time, 460.1 real, 1102.8 MB
[runlim] sample:		614.0 time, 470.1 real, 1141.5 MB
[runlim] sample:		624.1 time, 480.1 real, 1138.0 MB
[runlim] sample:		636.1 time, 490.1 real, 1152.0 MB
[runlim] sample:		656.6 time, 500.1 real, 1041.1 MB
[runlim] sample:		696.6 time, 510.1 real, 1045.4 MB
[runlim] sample:		736.5 time, 520.1 real, 1058.5 MB
[runlim] sample:		776.5 time, 530.1 real, 1103.1 MB
[runlim] sample:		816.5 time, 540.1 real, 1174.8 MB
[runlim] sample:		856.0 time, 550.1 real, 1185.8 MB
[runlim] sample:		896.0 time, 560.1 real, 1186.0 MB
[runlim] sample:		935.9 time, 570.1 real, 1201.5 MB
[runlim] sample:		975.9 time, 580.1 real, 1182.1 MB
[runlim] sample:		1015.6 time, 590.1 real, 1188.3 MB
[runlim] sample:		1055.6 time, 600.1 real, 1193.8 MB
[runlim] sample:		1094.6 time, 610.1 real, 1192.8 MB
[runlim] sample:		1134.6 time, 620.1 real, 1201.8 MB
[runlim] sample:		1173.6 time, 630.1 real, 1194.8 MB
[runlim] sample:		1213.7 time, 640.1 real, 1208.6 MB
[runlim] sample:		1253.7 time, 650.1 real, 1224.8 MB
[runlim] sample:		1293.7 time, 660.1 real, 1225.6 MB
[runlim] sample:		1332.3 time, 670.1 real, 1228.1 MB
[runlim] sample:		1372.3 time, 680.1 real, 1224.2 MB
[runlim] sample:		1412.4 time, 690.1 real, 1223.4 MB
[runlim] sample:		1452.0 time, 700.1 real, 1232.1 MB
[runlim] sample:		1492.0 time, 710.1 real, 1208.3 MB
[runlim] sample:		1531.3 time, 720.1 real, 1211.2 MB
[runlim] sample:		1571.3 time, 730.1 real, 1206.6 MB
[runlim] sample:		1610.2 time, 740.1 real, 1166.5 MB
[runlim] sample:		1650.3 time, 750.1 real, 1204.2 MB
[runlim] sample:		1690.3 time, 760.1 real, 1183.1 MB
[runlim] sample:		1729.5 time, 770.1 real, 1220.9 MB
[runlim] sample:		1769.5 time, 780.1 real, 1208.2 MB
[runlim] sample:		1808.9 time, 790.1 real, 1208.4 MB
[runlim] sample:		1848.9 time, 800.1 real, 1197.1 MB
[runlim] sample:		1888.4 time, 810.1 real, 1195.5 MB
[runlim] sample:		1928.4 time, 820.1 real, 1203.1 MB
[runlim] sample:		1967.7 time, 830.1 real, 1206.8 MB
[runlim] sample:		2006.4 time, 840.1 real, 1221.7 MB
[runlim] sample:		2042.3 time, 850.1 real, 1261.3 MB
[runlim] sample:		2081.2 time, 860.1 real, 1284.5 MB
[runlim] sample:		2117.7 time, 870.1 real, 1264.2 MB
[runlim] sample:		2157.7 time, 880.1 real, 1252.2 MB
[runlim] sample:		2197.7 time, 890.1 real, 1268.7 MB
[runlim] sample:		2237.7 time, 900.1 real, 1282.4 MB
[runlim] sample:		2277.7 time, 910.1 real, 1300.6 MB
[runlim] sample:		2316.9 time, 920.1 real, 1235.3 MB
[runlim] sample:		2356.9 time, 930.1 real, 1299.5 MB
[runlim] sample:		2389.2 time, 940.1 real, 1353.8 MB
[runlim] sample:		2399.5 time, 950.1 real, 1385.1 MB
[runlim] sample:		2409.8 time, 960.1 real, 1385.1 MB
[runlim] sample:		2430.5 time, 970.1 real, 1349.5 MB
[runlim] sample:		2441.6 time, 980.1 real, 1521.1 MB
[runlim] sample:		2451.9 time, 990.1 real, 1517.1 MB
[runlim] sample:		2479.9 time, 1000.1 real, 1981.6 MB
[runlim] sample:		2510.0 time, 1010.1 real, 2008.3 MB
[runlim] sample:		2537.5 time, 1020.1 real, 1938.5 MB
[runlim] sample:		2565.3 time, 1030.1 real, 2038.8 MB
[runlim] sample:		2595.4 time, 1040.1 real, 1993.8 MB
[runlim] sample:		2625.6 time, 1050.1 real, 1973.9 MB
[runlim] sample:		2655.7 time, 1060.1 real, 2043.2 MB
[runlim] sample:		2685.8 time, 1070.1 real, 2000.8 MB
[runlim] sample:		2716.0 time, 1080.1 real, 1989.7 MB
[runlim] sample:		2746.1 time, 1090.1 real, 1961.2 MB
[runlim] sample:		2776.2 time, 1100.1 real, 1946.5 MB
[runlim] sample:		2806.4 time, 1110.1 real, 2020.7 MB
[runlim] sample:		2836.5 time, 1120.1 real, 2054.4 MB
[runlim] sample:		2866.6 time, 1130.1 real, 1984.5 MB
[runlim] sample:		2896.8 time, 1140.1 real, 2001.2 MB
[runlim] sample:		2926.9 time, 1150.1 real, 1995.9 MB
[runlim] sample:		2957.0 time, 1160.1 real, 2010.1 MB
[runlim] sample:		2987.2 time, 1170.1 real, 1918.2 MB
[runlim] sample:		3017.3 time, 1180.1 real, 2005.1 MB
[runlim] sample:		3047.4 time, 1190.1 real, 1933.6 MB
[runlim] sample:		3077.6 time, 1200.1 real, 1973.7 MB
[runlim] sample:		3107.7 time, 1210.1 real, 2004.1 MB
[runlim] sample:		3137.8 time, 1220.1 real, 1995.2 MB
[runlim] sample:		3168.0 time, 1230.1 real, 1993.5 MB
[runlim] sample:		3193.8 time, 1240.1 real, 1900.9 MB
[runlim] sample:		3204.1 time, 1250.1 real, 1901.9 MB
[runlim] sample:		3214.4 time, 1260.1 real, 1899.8 MB
[runlim] sample:		3224.7 time, 1270.1 real, 1899.8 MB
[runlim] sample:		3235.0 time, 1280.1 real, 1890.5 MB
[runlim] sample:		3250.5 time, 1290.1 real, 1890.5 MB
[runlim] sample:		3290.5 time, 1300.1 real, 1890.5 MB
[runlim] sample:		3329.2 time, 1310.1 real, 1890.5 MB
[runlim] sample:		3343.9 time, 1320.1 real, 1905.8 MB
[runlim] sample:		3354.2 time, 1330.1 real, 1901.8 MB
[runlim] sample:		3364.5 time, 1340.1 real, 1903.8 MB
[runlim] sample:		3376.5 time, 1350.1 real, 1884.4 MB
[runlim] sample:		3403.3 time, 1360.1 real, 1875.9 MB
[runlim] sample:		3443.2 time, 1370.1 real, 1875.9 MB
[runlim] sample:		3483.1 time, 1380.1 real, 1877.9 MB
[runlim] sample:		3520.9 time, 1390.1 real, 1877.9 MB
[runlim] sample:		3560.9 time, 1400.1 real, 1870.6 MB
[runlim] sample:		3600.9 time, 1410.1 real, 1867.5 MB
[runlim] sample:		3639.4 time, 1420.1 real, 1868.3 MB
[runlim] sample:		3679.4 time, 1430.1 real, 1868.3 MB
[runlim] sample:		3719.4 time, 1440.1 real, 1870.1 MB
[runlim] sample:		3757.8 time, 1450.1 real, 1871.1 MB
[runlim] sample:		3782.9 time, 1460.1 real, 1873.1 MB
[runlim] sample:		3822.9 time, 1470.1 real, 1875.2 MB
[runlim] sample:		3862.9 time, 1480.1 real, 1863.5 MB
[runlim] sample:		3901.5 time, 1490.1 real, 1874.6 MB
[runlim] sample:		3941.6 time, 1500.1 real, 1870.1 MB
[runlim] sample:		3981.6 time, 1510.1 real, 1866.1 MB
[runlim] sample:		4019.2 time, 1520.1 real, 1876.7 MB
[runlim] sample:		4059.2 time, 1530.1 real, 1870.2 MB
[runlim] sample:		4099.3 time, 1540.1 real, 1874.2 MB
[runlim] sample:		4137.3 time, 1550.1 real, 1866.0 MB
[runlim] sample:		4177.3 time, 1560.1 real, 1865.7 MB
[runlim] sample:		4216.9 time, 1570.1 real, 1863.3 MB
[runlim] sample:		4256.9 time, 1580.1 real, 1866.0 MB
[runlim] sample:		4296.9 time, 1590.1 real, 1873.0 MB
[runlim] sample:		4336.4 time, 1600.1 real, 1887.9 MB
[runlim] sample:		4376.4 time, 1610.1 real, 1889.0 MB
[runlim] sample:		4414.8 time, 1620.1 real, 1895.7 MB
[runlim] sample:		4454.0 time, 1630.1 real, 1892.6 MB
[runlim] sample:		4494.0 time, 1640.1 real, 1891.8 MB
[runlim] sample:		4527.1 time, 1650.1 real, 1896.7 MB
[runlim] sample:		4567.1 time, 1660.1 real, 1887.0 MB
[runlim] sample:		4606.6 time, 1670.1 real, 1889.0 MB
[runlim] sample:		4646.6 time, 1680.1 real, 1892.1 MB
[runlim] sample:		4686.6 time, 1690.1 real, 1916.1 MB
[runlim] sample:		4726.4 time, 1700.1 real, 1878.2 MB
[runlim] sample:		4766.4 time, 1710.1 real, 1896.9 MB
[runlim] sample:		4806.4 time, 1720.1 real, 1879.6 MB
[runlim] sample:		4846.5 time, 1730.1 real, 1881.1 MB
[runlim] sample:		4886.1 time, 1740.1 real, 1903.6 MB
[runlim] sample:		4926.1 time, 1750.1 real, 1881.6 MB
[runlim] sample:		4965.1 time, 1760.1 real, 1881.6 MB
[runlim] sample:		5005.2 time, 1770.1 real, 1900.6 MB
[runlim] sample:		5044.0 time, 1780.1 real, 1878.3 MB
[runlim] sample:		5084.0 time, 1790.1 real, 1888.6 MB
[runlim] end:			Wed Nov 12 19:23:44 2025
[runlim] status:		out of time
[runlim] result:		2
[runlim] children:		0
[runlim] real:			1800.06 seconds
[runlim] time:			5123.05 seconds
[runlim] space:			2117.2 MB
[runlim] samples:		17999
