[runlim] version:		1.10
[runlim] time limit:		311040000 seconds
[runlim] real time limit:	1800 seconds
[runlim] space limit:		30000 MB
[runlim] argv[0]:		python3
[runlim] argv[1]:		model.py
[runlim] argv[2]:		./graph/random_generated_graph_2013/p23_200_400
[runlim] start:			Wed Nov 12 20:23:44 2025
[runlim] main pid:		47100
[runlim] log captured:
Set parameter WLSAccessID
Set parameter WLSSecret
Set parameter LicenseID to value 2663665
Academic license 2663665 - for non-commercial use only - registered to tu___@vnu.edu.vn
Set parameter TimeLimit to value 1800
(w = 4) Value Cyclicantibandwidth: 4
Lables: [154, 5, 186, 169, 158, 150, 21, 68, 107, 1, 166, 183, 67, 85, 50, 129, 133, 102, 104, 64, 124, 84, 56, 96, 60, 33, 101, 72, 82, 128, 185, 108, 141, 117, 167, 11, 42, 76, 32, 29, 4, 119, 94, 31, 88, 165, 79, 190, 138, 99, 92, 173, 134, 80, 49, 106, 136, 41, 120, 180, 142, 22, 38, 187, 55, 193, 3, 114, 168, 188, 130, 51, 122, 112, 152, 28, 34, 182, 105, 26, 135, 52, 66, 192, 194, 200, 45, 171, 98, 161, 74, 63, 47, 65, 23, 184, 27, 6, 145, 62, 54, 118, 143, 87, 59, 25, 155, 70, 170, 159, 97, 191, 35, 127, 160, 176, 179, 93, 197, 177, 149, 156, 18, 46, 164, 115, 172, 139, 195, 17, 71, 113, 15, 57, 110, 83, 2, 20, 163, 91, 73, 116, 103, 146, 175, 7, 39, 148, 132, 53, 81, 137, 111, 9, 43, 109, 58, 19, 121, 126, 131, 16, 144, 8, 174, 24, 44, 196, 37, 157, 90, 181, 151, 13, 69, 123, 162, 153, 198, 77, 14, 189, 10, 12, 78, 89, 199, 48, 95, 75, 147, 36, 61, 140, 178, 100, 125, 86, 40, 30]
(w = 4) Correct Cyclicantibandwidth
Set parameter TimeLimit to value 1800
(w = 5) Value Cyclicantibandwidth: 5
Lables: [154, 5, 186, 169, 158, 150, 21, 68, 107, 1, 166, 183, 67, 85, 50, 129, 133, 102, 104, 64, 124, 84, 56, 96, 60, 33, 101, 72, 82, 128, 172, 108, 141, 117, 167, 11, 42, 76, 32, 29, 4, 119, 94, 31, 88, 165, 79, 47, 138, 99, 92, 173, 134, 100, 49, 8, 136, 41, 120, 185, 142, 22, 38, 187, 55, 193, 3, 114, 168, 188, 130, 51, 122, 112, 152, 28, 34, 182, 105, 180, 135, 52, 66, 192, 194, 200, 45, 171, 98, 161, 74, 95, 59, 65, 23, 184, 27, 6, 145, 62, 54, 118, 143, 87, 147, 25, 155, 70, 170, 159, 97, 191, 35, 127, 80, 176, 179, 93, 197, 177, 149, 156, 18, 46, 164, 115, 106, 139, 195, 17, 71, 113, 15, 57, 110, 58, 2, 20, 163, 91, 73, 116, 103, 146, 175, 7, 39, 148, 132, 53, 81, 137, 111, 9, 43, 109, 199, 19, 121, 126, 131, 16, 144, 30, 174, 24, 44, 196, 37, 157, 90, 61, 151, 13, 69, 123, 162, 153, 198, 77, 14, 189, 63, 12, 78, 89, 40, 181, 26, 75, 83, 36, 190, 140, 178, 10, 48, 125, 86, 160]
(w = 5) Correct Cyclicantibandwidth
Set parameter TimeLimit to value 1800
(w = 6) Value Cyclicantibandwidth: 6
Lables: [154, 5, 186, 169, 158, 136, 21, 68, 107, 1, 166, 183, 67, 85, 50, 129, 133, 102, 104, 160, 124, 84, 56, 96, 60, 188, 101, 161, 82, 128, 185, 108, 141, 117, 167, 11, 42, 76, 32, 29, 4, 119, 94, 31, 88, 165, 79, 47, 138, 99, 92, 173, 134, 100, 49, 106, 14, 41, 120, 180, 142, 22, 139, 187, 55, 193, 150, 114, 168, 6, 130, 51, 122, 112, 116, 28, 34, 182, 105, 26, 135, 52, 66, 192, 194, 200, 45, 171, 98, 38, 74, 95, 59, 65, 23, 184, 27, 3, 145, 62, 54, 118, 72, 87, 147, 25, 155, 70, 170, 159, 97, 191, 35, 127, 80, 176, 179, 93, 197, 177, 149, 156, 18, 46, 164, 115, 13, 143, 195, 17, 71, 113, 15, 57, 10, 58, 110, 20, 163, 91, 73, 78, 103, 146, 175, 7, 39, 148, 132, 53, 81, 2, 111, 9, 43, 109, 199, 19, 121, 126, 131, 16, 144, 8, 174, 172, 44, 196, 37, 157, 90, 61, 151, 153, 69, 123, 162, 137, 198, 77, 33, 178, 63, 36, 152, 64, 189, 181, 89, 75, 83, 86, 190, 140, 40, 30, 48, 125, 24, 12]
(w = 6) Correct Cyclicantibandwidth
Set parameter TimeLimit to value 1800
[runlim] sample:		10.0 time, 10.1 real, 142.8 MB
(w = 7) Value Cyclicantibandwidth: 7
Lables: [154, 5, 186, 169, 63, 150, 21, 68, 107, 1, 166, 183, 67, 85, 46, 129, 133, 102, 104, 64, 124, 84, 56, 96, 60, 33, 50, 72, 82, 128, 185, 108, 141, 117, 101, 11, 42, 76, 32, 29, 4, 119, 94, 31, 88, 165, 79, 47, 138, 99, 92, 173, 134, 100, 49, 106, 136, 41, 120, 180, 142, 22, 38, 187, 55, 193, 3, 156, 168, 188, 130, 51, 122, 112, 152, 28, 34, 182, 105, 26, 135, 52, 66, 192, 194, 200, 45, 171, 98, 161, 74, 95, 59, 65, 23, 184, 27, 75, 24, 62, 54, 118, 143, 87, 7, 25, 155, 70, 170, 159, 97, 191, 35, 127, 80, 176, 179, 93, 145, 177, 89, 158, 18, 86, 164, 115, 13, 139, 195, 17, 71, 113, 15, 57, 6, 58, 110, 20, 163, 91, 73, 116, 103, 69, 175, 172, 39, 148, 132, 53, 81, 2, 111, 9, 197, 109, 199, 19, 36, 126, 131, 16, 144, 90, 174, 8, 44, 196, 43, 157, 160, 61, 151, 153, 37, 123, 162, 137, 198, 77, 14, 178, 114, 12, 10, 146, 189, 181, 30, 40, 121, 149, 190, 78, 140, 147, 48, 125, 83, 167]
(w = 7) Correct Cyclicantibandwidth
Set parameter TimeLimit to value 1800
(w = 8) Value Cyclicantibandwidth: 8
Lables: [154, 5, 186, 169, 158, 150, 21, 68, 107, 1, 166, 183, 67, 85, 50, 129, 133, 102, 104, 64, 124, 84, 108, 96, 60, 33, 65, 72, 82, 128, 160, 3, 141, 117, 167, 11, 42, 76, 32, 29, 4, 56, 94, 31, 88, 165, 79, 47, 138, 99, 92, 173, 134, 100, 49, 106, 136, 41, 120, 180, 142, 22, 38, 187, 145, 193, 110, 114, 168, 54, 130, 51, 122, 112, 7, 28, 34, 182, 105, 26, 135, 52, 66, 192, 194, 200, 45, 171, 98, 161, 74, 95, 59, 185, 23, 184, 27, 75, 24, 62, 19, 188, 143, 87, 152, 25, 155, 70, 170, 159, 97, 191, 35, 127, 80, 176, 179, 93, 55, 177, 6, 10, 18, 46, 164, 115, 13, 139, 119, 17, 71, 113, 15, 118, 57, 58, 2, 20, 163, 91, 73, 116, 103, 69, 175, 172, 39, 149, 132, 53, 81, 137, 195, 9, 197, 109, 199, 189, 36, 126, 131, 16, 111, 8, 174, 148, 44, 196, 43, 157, 90, 61, 151, 153, 101, 123, 162, 144, 198, 77, 14, 178, 63, 147, 12, 146, 40, 181, 86, 30, 121, 89, 156, 78, 37, 190, 48, 125, 140, 83]
(w = 8) Correct Cyclicantibandwidth
Set parameter TimeLimit to value 1800
[runlim] sample:		20.0 time, 20.1 real, 189.9 MB
(w = 9) Value Cyclicantibandwidth: 9
Lables: [154, 5, 102, 169, 158, 150, 21, 68, 107, 1, 166, 183, 67, 121, 50, 129, 133, 164, 104, 64, 124, 84, 108, 96, 60, 33, 65, 72, 82, 128, 185, 3, 141, 117, 167, 11, 42, 76, 32, 174, 4, 56, 94, 31, 88, 165, 79, 47, 138, 99, 52, 173, 134, 100, 49, 106, 136, 41, 186, 180, 142, 22, 38, 187, 55, 193, 110, 114, 168, 54, 130, 51, 122, 112, 7, 28, 34, 182, 105, 26, 135, 92, 66, 192, 194, 200, 45, 171, 98, 161, 74, 95, 59, 86, 23, 184, 27, 75, 24, 62, 19, 188, 143, 87, 152, 25, 155, 70, 170, 159, 97, 191, 35, 127, 120, 176, 179, 146, 197, 177, 6, 10, 18, 46, 85, 115, 13, 139, 119, 17, 71, 113, 15, 118, 57, 58, 2, 20, 163, 91, 73, 116, 103, 69, 175, 172, 39, 149, 132, 53, 81, 137, 195, 93, 43, 109, 199, 189, 145, 126, 80, 16, 111, 8, 131, 148, 44, 196, 37, 157, 9, 61, 151, 153, 101, 123, 162, 144, 198, 77, 14, 156, 63, 36, 12, 89, 40, 181, 29, 90, 160, 178, 190, 78, 30, 147, 125, 140, 48, 83]
(w = 9) Correct Cyclicantibandwidth
Set parameter TimeLimit to value 1800
(w = 10) Value Cyclicantibandwidth: 10
Lables: [154, 5, 186, 169, 158, 150, 21, 68, 107, 1, 166, 183, 67, 85, 50, 129, 133, 102, 104, 64, 124, 84, 108, 139, 60, 33, 65, 72, 96, 128, 185, 3, 141, 117, 167, 11, 42, 76, 32, 29, 4, 56, 156, 48, 88, 165, 79, 47, 138, 99, 92, 173, 134, 10, 49, 106, 136, 41, 120, 180, 142, 22, 38, 187, 55, 193, 110, 114, 168, 54, 130, 51, 122, 112, 7, 28, 34, 182, 105, 26, 135, 115, 82, 192, 194, 200, 45, 171, 98, 161, 74, 95, 59, 86, 23, 184, 27, 75, 24, 62, 19, 188, 143, 87, 152, 25, 155, 70, 170, 159, 97, 191, 35, 127, 80, 176, 179, 146, 197, 177, 6, 118, 18, 46, 164, 172, 13, 31, 119, 17, 52, 113, 15, 57, 189, 58, 2, 20, 163, 91, 73, 116, 103, 69, 175, 157, 39, 149, 132, 53, 81, 137, 195, 93, 43, 109, 199, 14, 145, 126, 131, 16, 111, 8, 174, 148, 44, 196, 37, 125, 9, 61, 151, 153, 101, 123, 162, 71, 198, 77, 160, 140, 63, 36, 12, 89, 100, 181, 30, 144, 121, 90, 190, 94, 40, 147, 78, 83, 178, 66]
(w = 10) Correct Cyclicantibandwidth
Set parameter TimeLimit to value 1800
(w = 11) Value Cyclicantibandwidth: 11
Lables: [87, 5, 186, 169, 158, 150, 21, 68, 107, 1, 166, 183, 67, 85, 50, 154, 133, 200, 104, 64, 124, 84, 108, 96, 60, 33, 65, 72, 82, 128, 185, 3, 141, 117, 167, 11, 42, 76, 32, 29, 4, 56, 156, 31, 88, 165, 79, 47, 138, 99, 92, 173, 134, 10, 49, 106, 136, 41, 120, 180, 142, 22, 38, 187, 55, 193, 110, 114, 20, 54, 130, 51, 122, 112, 7, 28, 34, 182, 105, 26, 135, 115, 66, 192, 194, 102, 45, 171, 98, 161, 74, 95, 59, 86, 23, 184, 27, 75, 24, 62, 19, 168, 143, 188, 152, 129, 155, 70, 170, 77, 97, 191, 35, 127, 80, 176, 179, 146, 197, 177, 6, 118, 18, 46, 164, 172, 13, 139, 119, 17, 52, 113, 15, 57, 189, 58, 2, 25, 163, 91, 73, 116, 103, 69, 175, 157, 39, 149, 132, 53, 81, 137, 195, 93, 43, 109, 199, 14, 145, 126, 44, 16, 111, 8, 174, 159, 131, 196, 37, 125, 9, 61, 151, 153, 101, 123, 162, 71, 198, 48, 160, 140, 63, 36, 12, 89, 100, 181, 30, 144, 148, 90, 190, 94, 121, 147, 40, 78, 178, 83]
(w = 11) Correct Cyclicantibandwidth
Set parameter TimeLimit to value 1800
[runlim] sample:		30.0 time, 30.1 real, 191.8 MB
(w = 12) Value Cyclicantibandwidth: 12
Lables: [154, 5, 186, 169, 158, 150, 21, 68, 107, 1, 189, 183, 67, 85, 50, 129, 133, 102, 104, 64, 124, 84, 108, 96, 60, 33, 65, 72, 82, 128, 185, 3, 141, 117, 167, 11, 42, 76, 32, 29, 4, 56, 156, 31, 88, 165, 79, 47, 138, 99, 136, 173, 134, 95, 49, 106, 194, 41, 120, 180, 142, 22, 38, 166, 55, 193, 110, 114, 190, 54, 130, 51, 122, 112, 7, 28, 34, 182, 105, 187, 135, 115, 66, 6, 176, 200, 160, 171, 98, 161, 74, 63, 59, 86, 23, 184, 27, 75, 24, 62, 19, 188, 143, 87, 152, 25, 155, 70, 170, 192, 97, 191, 35, 127, 80, 132, 179, 146, 197, 177, 13, 101, 18, 46, 164, 172, 199, 198, 119, 17, 52, 113, 15, 159, 57, 58, 2, 20, 163, 91, 73, 139, 103, 69, 175, 118, 39, 149, 178, 53, 81, 137, 195, 168, 43, 109, 45, 14, 36, 126, 9, 16, 111, 8, 174, 148, 93, 196, 131, 157, 90, 181, 151, 153, 71, 10, 162, 116, 121, 77, 145, 37, 100, 147, 12, 92, 40, 48, 26, 144, 83, 89, 44, 94, 123, 61, 125, 30, 140, 78]
(w = 12) Correct Cyclicantibandwidth
Set parameter TimeLimit to value 1800
[runlim] sample:		40.0 time, 40.1 real, 228.4 MB
(w = 13) Value Cyclicantibandwidth: 13
Lables: [154, 5, 186, 169, 158, 150, 21, 68, 107, 1, 166, 183, 67, 85, 50, 129, 133, 102, 104, 64, 124, 84, 108, 96, 60, 33, 65, 72, 82, 128, 185, 3, 141, 117, 167, 11, 42, 76, 32, 29, 56, 54, 156, 31, 88, 165, 79, 47, 138, 99, 136, 173, 134, 35, 49, 106, 28, 41, 120, 180, 142, 22, 38, 187, 55, 193, 51, 114, 190, 194, 130, 95, 122, 112, 7, 83, 34, 182, 105, 26, 135, 115, 66, 6, 176, 200, 121, 171, 98, 161, 74, 63, 59, 86, 23, 184, 27, 75, 24, 62, 19, 188, 143, 87, 152, 25, 155, 70, 170, 192, 97, 191, 4, 127, 80, 132, 45, 146, 197, 71, 13, 101, 18, 46, 164, 172, 199, 198, 119, 17, 52, 113, 15, 159, 57, 58, 2, 20, 163, 91, 73, 139, 103, 69, 175, 179, 39, 149, 178, 53, 81, 137, 195, 168, 43, 109, 116, 189, 36, 126, 9, 177, 111, 8, 174, 148, 93, 196, 131, 157, 90, 110, 151, 153, 10, 16, 162, 144, 118, 77, 145, 37, 160, 147, 12, 92, 125, 181, 100, 30, 123, 89, 14, 94, 61, 44, 40, 78, 140, 48]
(w = 13) Correct Cyclicantibandwidth
Set parameter TimeLimit to value 1800
(w = 14) Value Cyclicantibandwidth: 14
Lables: [154, 5, 186, 169, 158, 150, 21, 68, 107, 1, 166, 183, 67, 85, 50, 129, 133, 102, 104, 64, 124, 84, 108, 96, 60, 33, 65, 72, 82, 128, 185, 3, 141, 117, 167, 11, 42, 76, 32, 29, 4, 119, 156, 31, 88, 63, 162, 47, 138, 99, 136, 173, 134, 95, 49, 106, 194, 41, 120, 180, 28, 22, 38, 142, 55, 193, 110, 114, 69, 54, 130, 51, 122, 112, 7, 187, 34, 182, 105, 26, 135, 115, 159, 157, 176, 200, 66, 171, 98, 161, 74, 190, 59, 86, 23, 184, 27, 75, 24, 62, 19, 188, 143, 87, 152, 25, 83, 70, 170, 192, 97, 191, 35, 127, 80, 132, 9, 146, 197, 71, 149, 10, 18, 46, 164, 172, 13, 198, 165, 17, 52, 113, 101, 168, 57, 58, 56, 20, 163, 91, 73, 139, 103, 160, 175, 179, 39, 148, 178, 53, 81, 45, 195, 93, 43, 109, 116, 189, 36, 126, 2, 177, 111, 8, 174, 131, 155, 144, 37, 125, 90, 48, 151, 153, 121, 123, 118, 137, 199, 77, 145, 140, 6, 147, 12, 92, 100, 181, 94, 30, 78, 89, 14, 61, 44, 16, 15, 196, 40, 79]
(w = 14) Correct Cyclicantibandwidth
Set parameter TimeLimit to value 1800
[runlim] sample:		50.1 time, 50.1 real, 254.8 MB
(w = 15) Value Cyclicantibandwidth: 15
Lables: [154, 5, 186, 169, 158, 150, 21, 68, 50, 1, 166, 183, 67, 85, 35, 129, 133, 102, 104, 64, 124, 84, 108, 96, 60, 33, 65, 72, 82, 128, 185, 3, 141, 117, 167, 11, 42, 76, 32, 29, 4, 119, 156, 31, 88, 165, 79, 47, 138, 107, 136, 173, 134, 95, 49, 106, 184, 41, 120, 180, 142, 22, 38, 187, 55, 193, 110, 114, 190, 54, 130, 51, 122, 112, 7, 28, 34, 182, 105, 26, 135, 115, 159, 157, 176, 200, 66, 171, 98, 161, 74, 63, 59, 86, 23, 172, 27, 75, 24, 62, 19, 188, 143, 87, 147, 25, 83, 70, 170, 192, 97, 191, 198, 127, 80, 132, 45, 146, 197, 71, 149, 10, 18, 46, 164, 13, 99, 14, 116, 17, 52, 113, 15, 168, 57, 152, 56, 20, 163, 91, 73, 139, 103, 69, 175, 179, 39, 148, 178, 53, 81, 2, 195, 93, 43, 109, 199, 189, 36, 126, 78, 177, 111, 8, 174, 131, 155, 196, 37, 125, 90, 162, 151, 153, 121, 123, 118, 137, 160, 77, 145, 140, 6, 40, 12, 92, 100, 181, 94, 30, 9, 89, 16, 61, 44, 48, 101, 144, 58, 194]
(w = 15) Correct Cyclicantibandwidth
Set parameter TimeLimit to value 1800
(w = 16) Value Cyclicantibandwidth: 16
Lables: [154, 5, 195, 169, 158, 150, 21, 68, 107, 1, 166, 183, 67, 85, 50, 129, 133, 102, 104, 64, 124, 84, 108, 96, 60, 33, 65, 72, 82, 58, 185, 3, 141, 117, 167, 11, 42, 76, 32, 29, 4, 119, 156, 31, 88, 165, 79, 47, 138, 39, 136, 173, 134, 95, 49, 106, 194, 41, 120, 180, 142, 22, 38, 187, 55, 193, 110, 114, 190, 54, 130, 51, 122, 112, 7, 28, 34, 182, 105, 26, 135, 115, 159, 157, 176, 200, 66, 171, 163, 161, 74, 63, 59, 86, 23, 184, 126, 75, 24, 62, 19, 188, 143, 87, 147, 25, 83, 128, 170, 192, 97, 99, 35, 127, 191, 132, 45, 146, 197, 71, 149, 10, 18, 46, 164, 80, 27, 48, 116, 17, 52, 113, 15, 168, 57, 152, 56, 20, 125, 91, 73, 139, 103, 69, 175, 179, 196, 148, 178, 53, 81, 2, 98, 93, 43, 109, 199, 13, 36, 121, 189, 177, 111, 8, 174, 6, 155, 137, 131, 40, 9, 181, 151, 153, 101, 30, 162, 144, 198, 77, 145, 37, 14, 92, 12, 89, 100, 44, 94, 186, 70, 90, 61, 78, 123, 16, 118, 172, 140, 160]
(w = 16) Correct Cyclicantibandwidth
Set parameter TimeLimit to value 1800
[runlim] sample:		60.1 time, 60.1 real, 273.8 MB
(w = 17) Value Cyclicantibandwidth: 17
Lables: [154, 5, 186, 169, 158, 150, 21, 68, 107, 1, 166, 183, 67, 85, 50, 129, 133, 102, 104, 64, 100, 84, 108, 96, 60, 33, 65, 72, 82, 128, 185, 3, 141, 117, 167, 11, 42, 76, 32, 29, 4, 119, 156, 31, 88, 165, 79, 47, 138, 39, 136, 173, 134, 95, 49, 106, 184, 41, 120, 180, 142, 22, 38, 187, 55, 193, 110, 114, 190, 54, 130, 51, 122, 112, 7, 28, 34, 182, 105, 26, 135, 115, 159, 157, 176, 200, 66, 86, 30, 161, 74, 98, 59, 10, 121, 155, 126, 75, 24, 62, 19, 188, 143, 87, 147, 25, 139, 124, 170, 192, 97, 99, 35, 127, 191, 132, 45, 146, 197, 71, 6, 14, 18, 46, 164, 80, 27, 48, 116, 17, 52, 113, 15, 168, 57, 83, 56, 20, 163, 91, 73, 93, 103, 69, 175, 179, 196, 149, 152, 53, 81, 2, 111, 63, 43, 109, 199, 13, 36, 70, 189, 177, 44, 8, 174, 148, 90, 137, 131, 40, 9, 181, 151, 195, 101, 37, 162, 144, 198, 77, 145, 140, 125, 92, 12, 89, 23, 171, 94, 153, 160, 178, 58, 78, 123, 16, 118, 172, 61, 194]
(w = 17) Correct Cyclicantibandwidth
Set parameter TimeLimit to value 1800
[runlim] sample:		70.1 time, 70.1 real, 299.0 MB
(w = 18) Value Cyclicantibandwidth: 18
Lables: [154, 5, 186, 169, 158, 150, 21, 68, 107, 1, 166, 183, 67, 85, 50, 129, 133, 102, 104, 64, 124, 84, 108, 96, 60, 33, 65, 72, 82, 128, 185, 3, 141, 117, 167, 11, 98, 76, 32, 29, 4, 119, 156, 31, 88, 165, 79, 47, 138, 39, 136, 173, 134, 95, 49, 106, 16, 41, 120, 180, 142, 22, 38, 187, 55, 193, 110, 114, 190, 54, 130, 51, 122, 112, 7, 28, 34, 182, 105, 26, 135, 115, 159, 157, 176, 200, 66, 86, 73, 161, 74, 63, 59, 10, 23, 113, 126, 75, 24, 62, 19, 188, 143, 87, 147, 25, 139, 30, 170, 192, 97, 99, 35, 127, 191, 132, 45, 146, 197, 71, 6, 12, 18, 46, 164, 80, 27, 198, 116, 17, 52, 199, 15, 168, 184, 83, 56, 20, 163, 91, 103, 14, 162, 69, 175, 179, 196, 149, 152, 53, 81, 2, 111, 93, 43, 171, 125, 13, 36, 70, 189, 177, 109, 8, 174, 148, 90, 137, 131, 40, 42, 181, 151, 195, 101, 37, 118, 144, 172, 77, 145, 48, 155, 92, 9, 89, 121, 44, 94, 153, 160, 178, 58, 78, 123, 61, 100, 140, 57, 194]
(w = 18) Correct Cyclicantibandwidth
Set parameter TimeLimit to value 1800
(w = 19) Value Cyclicantibandwidth: 19
Lables: [178, 3, 48, 140, 42, 10, 54, 22, 17, 85, 145, 127, 135, 199, 18, 73, 186, 84, 139, 29, 13, 118, 108, 165, 197, 172, 131, 44, 82, 79, 194, 36, 189, 193, 102, 182, 129, 123, 20, 46, 98, 121, 62, 180, 67, 69, 24, 200, 138, 58, 161, 124, 134, 114, 28, 61, 43, 117, 187, 38, 11, 27, 184, 168, 4, 125, 155, 113, 166, 173, 103, 105, 179, 170, 122, 70, 151, 152, 136, 32, 80, 115, 198, 157, 150, 141, 132, 160, 120, 176, 68, 106, 34, 72, 75, 164, 101, 111, 55, 95, 19, 110, 15, 87, 146, 177, 56, 30, 26, 7, 39, 45, 128, 175, 88, 181, 126, 35, 81, 49, 6, 60, 188, 51, 83, 159, 37, 33, 167, 66, 31, 1, 57, 50, 104, 59, 99, 192, 93, 2, 25, 14, 158, 100, 195, 174, 196, 149, 21, 53, 89, 96, 185, 92, 133, 52, 107, 40, 142, 41, 8, 47, 71, 183, 163, 148, 191, 137, 94, 12, 9, 76, 190, 143, 86, 116, 154, 77, 16, 64, 147, 162, 90, 5, 78, 144, 65, 169, 91, 63, 74, 171, 119, 156, 130, 153, 112, 109, 23, 97]
(w = 19) Correct Cyclicantibandwidth
Set parameter TimeLimit to value 1800
[runlim] sample:		80.1 time, 80.1 real, 278.6 MB
(w = 20) Value Cyclicantibandwidth: 20
Lables: [159, 5, 113, 169, 158, 150, 21, 68, 107, 1, 166, 183, 67, 154, 50, 129, 133, 102, 104, 64, 124, 186, 108, 96, 60, 33, 65, 72, 82, 128, 185, 3, 141, 117, 167, 11, 42, 76, 32, 29, 4, 119, 156, 31, 88, 165, 79, 47, 138, 39, 136, 173, 134, 95, 49, 84, 194, 41, 120, 180, 142, 22, 61, 187, 55, 193, 110, 114, 190, 54, 130, 51, 122, 112, 7, 28, 34, 182, 105, 26, 135, 115, 106, 157, 176, 200, 66, 86, 98, 161, 74, 63, 59, 10, 23, 58, 126, 75, 24, 62, 19, 188, 143, 87, 70, 25, 8, 30, 170, 192, 97, 99, 35, 127, 191, 73, 45, 146, 197, 71, 149, 199, 18, 46, 164, 80, 27, 198, 116, 17, 52, 147, 15, 168, 184, 83, 56, 20, 163, 91, 132, 139, 103, 69, 175, 179, 196, 13, 152, 53, 81, 2, 111, 93, 43, 171, 6, 189, 36, 94, 109, 177, 44, 9, 174, 118, 90, 137, 131, 40, 160, 162, 151, 195, 101, 37, 78, 144, 172, 77, 14, 48, 148, 92, 12, 89, 121, 123, 85, 153, 145, 178, 38, 140, 125, 16, 100, 155, 57, 181]
(w = 20) Correct Cyclicantibandwidth
Set parameter TimeLimit to value 1800
[runlim] sample:		90.1 time, 90.1 real, 292.8 MB
(w = 21) Value Cyclicantibandwidth: 21
Lables: [154, 31, 130, 13, 161, 150, 21, 68, 107, 1, 166, 183, 67, 85, 50, 129, 177, 102, 104, 110, 124, 84, 108, 96, 60, 33, 165, 72, 82, 128, 5, 3, 141, 117, 28, 11, 42, 41, 32, 29, 4, 119, 158, 65, 88, 169, 79, 47, 138, 39, 136, 173, 134, 95, 49, 106, 98, 185, 172, 180, 142, 22, 38, 187, 55, 193, 143, 114, 190, 54, 194, 51, 122, 112, 7, 56, 34, 182, 105, 26, 116, 115, 159, 157, 176, 200, 66, 86, 120, 73, 74, 63, 59, 10, 23, 113, 126, 75, 24, 62, 167, 188, 90, 87, 70, 25, 8, 30, 170, 192, 97, 99, 35, 127, 133, 61, 175, 146, 197, 19, 149, 199, 18, 46, 164, 80, 27, 198, 148, 17, 52, 147, 15, 168, 184, 83, 2, 20, 163, 91, 125, 69, 151, 160, 93, 179, 196, 16, 152, 186, 81, 137, 111, 92, 43, 171, 6, 135, 36, 153, 189, 58, 109, 9, 174, 118, 178, 145, 131, 40, 37, 191, 101, 195, 76, 53, 162, 144, 155, 77, 14, 45, 64, 94, 78, 139, 121, 44, 48, 100, 123, 132, 103, 140, 181, 12, 89, 71, 57, 156]
(w = 21) Correct Cyclicantibandwidth
Set parameter TimeLimit to value 1800
[runlim] sample:		100.1 time, 100.1 real, 292.4 MB
(w = 22) Value Cyclicantibandwidth: 22
Lables: [154, 5, 186, 169, 158, 150, 21, 68, 107, 69, 166, 183, 62, 85, 50, 129, 133, 102, 104, 64, 124, 84, 108, 96, 60, 33, 65, 72, 15, 128, 185, 61, 141, 117, 28, 11, 42, 76, 32, 29, 4, 119, 156, 31, 88, 165, 79, 47, 120, 39, 136, 173, 134, 95, 49, 106, 194, 1, 99, 180, 142, 22, 38, 187, 55, 193, 110, 114, 190, 54, 130, 51, 122, 112, 7, 56, 147, 182, 105, 26, 93, 115, 159, 157, 176, 200, 66, 149, 98, 161, 74, 82, 59, 10, 23, 70, 126, 75, 24, 101, 167, 188, 143, 87, 137, 25, 8, 30, 170, 86, 139, 191, 35, 127, 80, 132, 45, 146, 197, 19, 113, 199, 18, 46, 164, 172, 27, 198, 116, 17, 52, 196, 78, 138, 184, 152, 97, 20, 163, 91, 73, 155, 151, 160, 175, 179, 58, 13, 162, 53, 81, 2, 111, 92, 43, 171, 125, 135, 36, 121, 109, 177, 192, 9, 3, 148, 63, 48, 131, 40, 103, 181, 174, 195, 6, 37, 118, 144, 178, 77, 14, 44, 153, 67, 145, 89, 16, 41, 34, 90, 83, 168, 140, 94, 123, 12, 100, 71, 57, 189]
(w = 22) Correct Cyclicantibandwidth
Set parameter TimeLimit to value 1800
[runlim] sample:		110.2 time, 110.1 real, 309.8 MB
(w = 23) Value Cyclicantibandwidth: 23
Lables: [154, 5, 200, 169, 165, 150, 21, 68, 107, 106, 158, 183, 67, 85, 50, 129, 133, 102, 104, 63, 124, 84, 108, 96, 60, 33, 65, 72, 82, 128, 71, 3, 141, 117, 28, 100, 42, 76, 32, 29, 4, 119, 127, 31, 151, 171, 79, 47, 120, 39, 136, 173, 186, 15, 49, 69, 194, 41, 99, 180, 142, 155, 38, 187, 55, 193, 110, 57, 78, 11, 34, 51, 122, 112, 7, 56, 134, 182, 179, 101, 93, 115, 159, 157, 148, 1, 105, 140, 98, 161, 74, 64, 59, 10, 23, 70, 126, 75, 24, 62, 167, 188, 95, 87, 137, 25, 8, 26, 176, 192, 139, 191, 35, 185, 94, 132, 177, 146, 197, 19, 135, 189, 18, 46, 164, 172, 27, 22, 116, 17, 52, 113, 121, 138, 184, 152, 97, 20, 163, 91, 73, 130, 153, 114, 88, 181, 196, 166, 162, 53, 81, 2, 111, 92, 43, 54, 125, 13, 36, 190, 109, 58, 44, 198, 12, 143, 168, 48, 131, 40, 103, 170, 160, 195, 175, 37, 61, 144, 199, 77, 66, 45, 174, 147, 145, 89, 6, 30, 9, 90, 83, 86, 178, 14, 123, 16, 118, 156, 149, 80]
(w = 23) Correct Cyclicantibandwidth
Set parameter TimeLimit to value 1800
[runlim] sample:		120.2 time, 120.1 real, 313.6 MB
(w = 24) Value Cyclicantibandwidth: 24
Lables: [154, 5, 186, 177, 54, 150, 118, 68, 107, 1, 166, 183, 67, 85, 50, 129, 110, 102, 104, 178, 88, 179, 21, 96, 60, 33, 65, 72, 82, 128, 185, 3, 34, 117, 28, 11, 42, 76, 32, 29, 4, 119, 156, 31, 151, 165, 79, 47, 167, 39, 139, 173, 134, 95, 71, 153, 194, 106, 99, 180, 142, 22, 38, 187, 55, 70, 120, 114, 190, 133, 130, 51, 147, 112, 7, 56, 136, 182, 105, 90, 124, 115, 159, 157, 176, 200, 89, 140, 98, 161, 74, 63, 59, 10, 23, 145, 126, 75, 24, 62, 198, 188, 143, 87, 137, 25, 8, 30, 170, 192, 26, 61, 66, 127, 122, 132, 45, 146, 197, 19, 135, 101, 18, 41, 53, 141, 27, 84, 116, 17, 52, 113, 15, 138, 184, 152, 97, 20, 163, 91, 73, 155, 64, 160, 174, 108, 196, 164, 162, 2, 81, 109, 111, 93, 43, 171, 199, 13, 36, 121, 78, 149, 44, 9, 92, 158, 168, 48, 131, 49, 103, 181, 100, 195, 175, 37, 58, 144, 193, 77, 14, 148, 125, 86, 172, 94, 6, 169, 80, 35, 123, 191, 46, 12, 40, 16, 189, 69, 57, 83]
(w = 24) Correct Cyclicantibandwidth
Set parameter TimeLimit to value 1800
[runlim] sample:		130.2 time, 130.1 real, 320.1 MB
(w = 25) Value Cyclicantibandwidth: 25
Lables: [97, 199, 173, 87, 45, 150, 149, 85, 101, 76, 169, 186, 67, 179, 190, 23, 21, 55, 22, 64, 50, 121, 98, 178, 49, 90, 188, 89, 19, 38, 77, 95, 167, 129, 28, 108, 105, 59, 141, 166, 127, 119, 100, 12, 106, 165, 154, 109, 107, 74, 192, 175, 134, 62, 41, 132, 13, 183, 140, 40, 71, 185, 125, 20, 193, 43, 72, 146, 138, 133, 51, 158, 122, 2, 80, 124, 34, 181, 120, 156, 4, 115, 159, 157, 147, 194, 83, 75, 110, 162, 114, 131, 42, 164, 35, 60, 126, 7, 16, 172, 61, 25, 99, 91, 137, 189, 5, 31, 68, 102, 73, 47, 10, 44, 56, 3, 139, 9, 65, 103, 135, 6, 18, 58, 112, 104, 52, 180, 117, 191, 8, 113, 128, 163, 174, 27, 53, 79, 130, 94, 197, 54, 155, 160, 88, 118, 200, 17, 29, 33, 81, 187, 70, 66, 142, 184, 195, 24, 92, 152, 26, 123, 136, 39, 196, 148, 143, 37, 171, 1, 116, 96, 168, 82, 198, 57, 69, 111, 182, 78, 14, 170, 151, 93, 145, 11, 48, 30, 15, 176, 177, 144, 153, 32, 36, 46, 84, 86, 63, 161]
(w = 25) Correct Cyclicantibandwidth
Set parameter TimeLimit to value 1800
[runlim] sample:		140.2 time, 140.1 real, 342.4 MB
(w = 26) Value Cyclicantibandwidth: 26
Lables: [121, 155, 182, 198, 148, 84, 21, 7, 144, 41, 176, 20, 67, 188, 179, 123, 38, 70, 152, 142, 34, 116, 108, 150, 60, 175, 65, 170, 77, 3, 10, 35, 141, 114, 28, 106, 112, 49, 32, 200, 25, 117, 128, 68, 134, 178, 80, 95, 24, 39, 160, 69, 166, 31, 135, 129, 51, 79, 98, 151, 109, 33, 177, 58, 126, 55, 115, 102, 88, 54, 42, 143, 163, 145, 107, 56, 89, 180, 194, 190, 50, 120, 196, 165, 146, 189, 2, 105, 59, 44, 124, 63, 130, 19, 181, 154, 94, 75, 48, 119, 133, 45, 74, 118, 137, 111, 4, 27, 40, 192, 193, 186, 93, 17, 29, 47, 187, 85, 71, 8, 104, 199, 18, 46, 140, 185, 90, 96, 173, 99, 139, 113, 81, 149, 184, 83, 97, 87, 156, 132, 52, 172, 14, 157, 167, 6, 9, 164, 168, 53, 82, 1, 13, 66, 30, 16, 127, 183, 138, 5, 78, 72, 110, 22, 15, 174, 61, 73, 161, 191, 103, 147, 162, 86, 131, 37, 64, 101, 169, 125, 62, 171, 91, 92, 11, 12, 57, 23, 36, 197, 136, 153, 26, 76, 43, 159, 100, 158, 122, 195]
(w = 26) Correct Cyclicantibandwidth
Set parameter TimeLimit to value 1800
[runlim] sample:		150.2 time, 150.1 real, 377.0 MB
(w = 27) Value Cyclicantibandwidth: 27
Lables: [154, 66, 188, 169, 23, 150, 123, 33, 144, 92, 166, 183, 67, 85, 19, 119, 7, 102, 134, 139, 189, 181, 159, 114, 40, 78, 187, 137, 82, 111, 47, 39, 141, 196, 28, 11, 124, 106, 26, 176, 18, 89, 156, 91, 151, 168, 162, 87, 120, 9, 136, 173, 177, 95, 49, 194, 105, 149, 99, 180, 21, 22, 135, 34, 55, 31, 142, 60, 190, 54, 69, 161, 129, 128, 51, 57, 35, 13, 41, 122, 197, 115, 98, 157, 44, 184, 79, 127, 148, 109, 97, 30, 59, 172, 126, 62, 94, 75, 24, 88, 77, 200, 143, 182, 90, 112, 198, 27, 170, 73, 17, 191, 110, 192, 3, 132, 45, 5, 193, 72, 42, 199, 25, 46, 121, 6, 86, 185, 116, 71, 131, 186, 70, 138, 165, 84, 4, 68, 1, 74, 163, 146, 36, 160, 43, 167, 107, 140, 175, 2, 81, 10, 83, 93, 32, 20, 125, 53, 65, 152, 56, 29, 15, 8, 101, 14, 155, 76, 104, 64, 103, 133, 130, 52, 147, 48, 50, 108, 179, 195, 63, 153, 16, 37, 12, 118, 80, 38, 96, 61, 164, 171, 145, 158, 117, 58, 100, 174, 113, 178]
(w = 27) Correct Cyclicantibandwidth
Set parameter TimeLimit to value 1800
[runlim] sample:		160.2 time, 160.1 real, 370.3 MB
(w = 28) Value Cyclicantibandwidth: 28
Lables: [140, 5, 186, 169, 158, 150, 21, 68, 107, 53, 166, 183, 67, 185, 50, 129, 133, 102, 104, 177, 17, 84, 108, 96, 60, 175, 65, 72, 82, 128, 1, 197, 29, 117, 28, 113, 42, 76, 32, 141, 4, 119, 156, 31, 151, 165, 130, 110, 121, 39, 136, 173, 134, 95, 49, 184, 194, 106, 79, 180, 200, 22, 38, 187, 55, 193, 114, 105, 190, 54, 45, 51, 122, 112, 7, 56, 34, 182, 181, 66, 9, 115, 159, 157, 176, 188, 142, 135, 98, 161, 74, 63, 59, 162, 23, 99, 126, 75, 189, 62, 167, 24, 143, 87, 137, 25, 191, 27, 170, 192, 139, 37, 35, 127, 26, 132, 179, 47, 198, 19, 33, 199, 18, 46, 86, 172, 13, 14, 116, 40, 52, 85, 15, 138, 154, 83, 97, 20, 64, 91, 43, 61, 8, 160, 88, 111, 71, 164, 178, 2, 81, 109, 94, 93, 195, 171, 10, 69, 89, 152, 80, 70, 44, 11, 6, 148, 90, 73, 131, 12, 103, 124, 125, 153, 146, 36, 120, 100, 196, 77, 3, 155, 78, 92, 145, 118, 30, 41, 58, 163, 147, 144, 149, 168, 48, 123, 16, 174, 57, 101]
(w = 28) Correct Cyclicantibandwidth
Set parameter TimeLimit to value 1800
[runlim] sample:		170.3 time, 170.1 real, 371.7 MB
(w = 29) Value Cyclicantibandwidth: 29
Lables: [88, 5, 186, 112, 158, 151, 21, 19, 107, 52, 166, 183, 26, 85, 50, 98, 44, 55, 2, 156, 124, 84, 108, 143, 175, 33, 65, 72, 82, 53, 96, 3, 141, 117, 152, 111, 92, 68, 32, 29, 4, 119, 102, 61, 134, 165, 42, 110, 35, 31, 167, 177, 192, 58, 97, 106, 194, 10, 138, 79, 142, 174, 180, 187, 181, 193, 139, 133, 190, 18, 130, 75, 122, 195, 22, 101, 34, 105, 164, 66, 128, 56, 159, 157, 176, 200, 121, 140, 136, 129, 127, 63, 59, 162, 23, 146, 169, 76, 189, 62, 197, 188, 185, 87, 109, 137, 191, 47, 170, 20, 41, 37, 126, 28, 99, 132, 179, 77, 198, 114, 135, 14, 67, 46, 115, 172, 54, 199, 116, 40, 104, 113, 15, 24, 184, 171, 173, 64, 163, 120, 43, 48, 9, 160, 150, 12, 17, 161, 178, 70, 38, 69, 118, 83, 81, 27, 93, 13, 89, 16, 80, 51, 45, 8, 6, 148, 74, 73, 131, 7, 103, 94, 125, 153, 155, 36, 100, 144, 196, 182, 71, 154, 78, 86, 145, 91, 30, 39, 60, 95, 147, 90, 149, 168, 49, 123, 25, 11, 57, 1]
(w = 29) Correct Cyclicantibandwidth
Set parameter TimeLimit to value 1800
[runlim] sample:		180.3 time, 180.1 real, 370.8 MB
(w = 30) Value Cyclicantibandwidth: 30
Lables: [161, 38, 21, 151, 153, 150, 175, 89, 99, 70, 173, 183, 67, 85, 188, 52, 133, 102, 174, 162, 12, 84, 108, 145, 196, 88, 68, 53, 81, 128, 13, 11, 197, 135, 122, 3, 134, 149, 32, 194, 4, 120, 156, 79, 138, 169, 167, 110, 115, 39, 158, 83, 186, 127, 49, 44, 104, 41, 144, 180, 92, 22, 152, 27, 129, 199, 28, 45, 5, 54, 98, 51, 176, 177, 7, 56, 34, 182, 146, 66, 121, 113, 166, 26, 25, 91, 87, 140, 141, 142, 106, 46, 123, 8, 187, 37, 137, 159, 185, 126, 1, 189, 143, 181, 86, 139, 192, 9, 170, 93, 59, 71, 105, 50, 200, 132, 60, 47, 62, 19, 107, 97, 18, 65, 96, 31, 15, 6, 116, 40, 172, 95, 42, 119, 184, 58, 2, 74, 163, 109, 125, 114, 10, 160, 69, 23, 112, 24, 30, 61, 64, 76, 111, 147, 43, 16, 124, 72, 78, 198, 80, 55, 14, 195, 29, 148, 157, 73, 131, 75, 103, 118, 33, 90, 178, 36, 35, 77, 191, 48, 193, 155, 82, 136, 168, 101, 17, 190, 100, 63, 154, 171, 179, 165, 117, 20, 94, 130, 57, 164]
(w = 30) Correct Cyclicantibandwidth
Set parameter TimeLimit to value 1800
[runlim] sample:		190.3 time, 190.1 real, 350.5 MB
(w = 31) Value Cyclicantibandwidth: 31
Lables: [154, 68, 186, 13, 158, 150, 21, 188, 107, 79, 166, 183, 67, 85, 178, 129, 133, 102, 104, 64, 124, 84, 108, 96, 5, 33, 65, 122, 74, 128, 50, 3, 40, 117, 28, 167, 42, 76, 32, 29, 4, 119, 156, 1, 151, 165, 114, 58, 126, 39, 136, 106, 134, 95, 49, 147, 194, 41, 88, 180, 142, 162, 38, 187, 55, 193, 73, 47, 190, 54, 130, 51, 161, 112, 8, 56, 34, 182, 105, 66, 123, 120, 159, 157, 173, 89, 121, 140, 98, 138, 137, 37, 59, 10, 23, 171, 141, 75, 189, 135, 20, 62, 143, 87, 86, 25, 191, 22, 170, 192, 139, 200, 149, 127, 83, 132, 179, 53, 198, 19, 35, 93, 18, 46, 44, 172, 15, 91, 116, 45, 52, 113, 94, 26, 184, 176, 97, 72, 111, 115, 144, 146, 11, 160, 71, 110, 196, 24, 163, 2, 81, 82, 61, 77, 43, 6, 197, 69, 78, 70, 109, 153, 60, 185, 195, 148, 90, 63, 131, 12, 103, 181, 152, 92, 175, 36, 125, 101, 169, 48, 168, 155, 100, 17, 27, 14, 30, 31, 7, 80, 145, 174, 199, 177, 9, 16, 118, 164, 57, 99]
(w = 31) Correct Cyclicantibandwidth
Set parameter TimeLimit to value 1800
[runlim] sample:		200.3 time, 200.1 real, 350.5 MB
(w = 32) Value Cyclicantibandwidth: 32
Lables: [154, 47, 179, 169, 158, 43, 21, 32, 153, 137, 166, 16, 67, 82, 142, 40, 116, 60, 138, 64, 195, 186, 177, 133, 167, 168, 70, 72, 87, 18, 62, 42, 35, 126, 28, 11, 8, 127, 76, 29, 4, 139, 161, 31, 152, 165, 135, 110, 33, 39, 136, 114, 121, 30, 49, 59, 194, 196, 83, 192, 106, 22, 178, 96, 124, 193, 150, 45, 103, 10, 84, 155, 122, 129, 102, 56, 52, 190, 183, 85, 189, 119, 159, 157, 41, 89, 99, 140, 143, 151, 74, 55, 111, 44, 23, 171, 131, 170, 188, 182, 75, 6, 69, 68, 50, 134, 191, 9, 86, 79, 146, 172, 123, 19, 20, 13, 5, 80, 197, 51, 37, 94, 34, 88, 48, 176, 90, 7, 145, 25, 162, 181, 15, 38, 180, 66, 61, 53, 93, 120, 144, 113, 97, 160, 65, 185, 104, 24, 163, 2, 81, 91, 147, 130, 115, 1, 112, 14, 78, 125, 109, 3, 77, 105, 184, 148, 95, 73, 156, 12, 118, 101, 26, 173, 175, 36, 92, 128, 17, 198, 71, 149, 100, 54, 27, 132, 108, 107, 98, 58, 63, 174, 46, 187, 117, 141, 199, 200, 57, 164]
(w = 32) Correct Cyclicantibandwidth
Set parameter TimeLimit to value 1800
[runlim] sample:		210.3 time, 210.1 real, 372.3 MB
(w = 33) Value Cyclicantibandwidth: 33
Lables: [159, 38, 186, 169, 158, 154, 173, 21, 153, 58, 181, 183, 19, 77, 180, 144, 133, 197, 115, 61, 192, 57, 48, 87, 2, 82, 66, 113, 80, 89, 62, 130, 132, 131, 28, 11, 88, 76, 32, 29, 4, 109, 143, 196, 162, 165, 139, 136, 114, 39, 164, 94, 190, 3, 49, 79, 194, 41, 99, 74, 177, 22, 138, 52, 128, 193, 96, 45, 119, 142, 69, 51, 122, 168, 7, 20, 34, 18, 141, 107, 108, 121, 189, 157, 15, 110, 155, 140, 60, 135, 64, 1, 111, 200, 23, 171, 120, 75, 102, 175, 37, 50, 90, 104, 125, 124, 191, 9, 167, 65, 174, 187, 123, 6, 26, 17, 179, 47, 198, 145, 126, 72, 100, 46, 112, 40, 56, 5, 151, 91, 101, 188, 71, 55, 184, 83, 85, 81, 129, 116, 170, 95, 199, 149, 152, 10, 86, 24, 160, 42, 33, 103, 146, 78, 163, 176, 68, 63, 44, 106, 70, 13, 35, 8, 12, 148, 137, 73, 98, 14, 127, 105, 166, 54, 25, 30, 43, 67, 185, 195, 172, 150, 53, 156, 27, 59, 118, 36, 97, 147, 161, 84, 31, 182, 117, 134, 92, 93, 16, 178]
(w = 33) Correct Cyclicantibandwidth
Set parameter TimeLimit to value 1800
[runlim] sample:		220.4 time, 220.1 real, 372.0 MB
[runlim] sample:		230.4 time, 230.1 real, 436.5 MB
(w = 34) Value Cyclicantibandwidth: 34
Lables: [161, 67, 186, 169, 158, 150, 21, 40, 107, 39, 166, 200, 71, 85, 149, 129, 133, 102, 145, 64, 148, 184, 108, 96, 8, 177, 176, 124, 13, 89, 73, 61, 123, 117, 28, 82, 42, 174, 19, 29, 15, 185, 63, 101, 151, 165, 146, 59, 120, 32, 136, 137, 197, 4, 49, 74, 194, 41, 147, 180, 22, 142, 153, 98, 134, 193, 44, 80, 92, 30, 95, 51, 122, 156, 5, 56, 36, 11, 171, 105, 114, 106, 125, 157, 131, 115, 70, 140, 43, 163, 130, 31, 93, 103, 23, 65, 126, 20, 189, 182, 62, 181, 81, 188, 86, 175, 191, 2, 170, 192, 25, 160, 104, 127, 26, 16, 179, 47, 199, 55, 38, 76, 24, 46, 53, 195, 94, 12, 52, 66, 159, 183, 69, 9, 143, 68, 97, 17, 83, 116, 138, 87, 18, 91, 88, 132, 162, 27, 119, 75, 128, 58, 111, 77, 10, 35, 187, 198, 190, 173, 78, 113, 3, 7, 6, 110, 139, 60, 79, 33, 109, 121, 152, 172, 155, 135, 57, 144, 167, 141, 48, 112, 100, 45, 178, 14, 50, 34, 1, 90, 154, 168, 72, 118, 37, 164, 196, 84, 54, 99]
(w = 34) Correct Cyclicantibandwidth
Set parameter TimeLimit to value 1800
[runlim] sample:		240.4 time, 240.1 real, 406.2 MB
(w = 35) Value Cyclicantibandwidth: 35
Lables: [162, 5, 186, 169, 158, 147, 21, 103, 173, 63, 166, 148, 53, 124, 172, 48, 96, 102, 68, 157, 177, 81, 108, 78, 60, 83, 65, 18, 182, 109, 93, 41, 138, 119, 26, 123, 76, 73, 32, 29, 4, 184, 154, 23, 140, 165, 42, 84, 112, 39, 141, 72, 87, 11, 49, 149, 9, 195, 99, 180, 178, 22, 151, 75, 171, 193, 116, 128, 121, 45, 69, 167, 117, 142, 7, 16, 34, 191, 132, 104, 197, 120, 114, 156, 35, 89, 70, 135, 155, 161, 74, 50, 79, 145, 185, 168, 126, 194, 80, 189, 44, 181, 160, 127, 86, 188, 198, 13, 170, 192, 56, 183, 144, 62, 100, 176, 179, 47, 25, 19, 129, 88, 190, 12, 46, 30, 94, 91, 59, 40, 95, 115, 15, 51, 92, 38, 52, 10, 125, 118, 143, 110, 122, 163, 85, 136, 196, 131, 113, 2, 37, 137, 64, 77, 111, 24, 187, 57, 1, 101, 82, 71, 43, 8, 6, 36, 130, 67, 153, 199, 27, 146, 159, 61, 152, 58, 164, 150, 17, 106, 200, 139, 55, 66, 20, 14, 28, 107, 31, 90, 133, 134, 54, 98, 33, 175, 97, 174, 3, 105]
(w = 35) Correct Cyclicantibandwidth
Set parameter TimeLimit to value 1800
[runlim] sample:		250.4 time, 250.1 real, 431.0 MB
(w = 36) Value Cyclicantibandwidth: 36
Lables: [6, 73, 186, 169, 158, 156, 134, 198, 107, 58, 181, 99, 67, 87, 50, 130, 79, 60, 170, 153, 95, 199, 145, 98, 59, 191, 177, 37, 197, 17, 185, 43, 19, 122, 29, 152, 124, 76, 23, 18, 27, 111, 166, 109, 151, 165, 133, 85, 120, 39, 138, 123, 188, 51, 49, 57, 136, 22, 161, 180, 183, 159, 103, 187, 128, 157, 52, 110, 81, 33, 21, 3, 114, 179, 7, 56, 34, 16, 184, 119, 116, 115, 90, 4, 11, 69, 121, 129, 102, 141, 74, 163, 147, 9, 48, 127, 126, 75, 71, 117, 26, 195, 142, 54, 86, 139, 155, 28, 164, 65, 12, 100, 108, 125, 101, 132, 30, 64, 38, 113, 112, 77, 190, 46, 53, 182, 55, 15, 91, 40, 44, 70, 68, 35, 150, 63, 97, 20, 89, 174, 144, 24, 94, 162, 2, 104, 66, 172, 178, 45, 31, 135, 80, 82, 171, 10, 140, 14, 160, 5, 78, 62, 36, 200, 84, 149, 193, 32, 106, 8, 137, 118, 25, 176, 83, 42, 72, 96, 148, 88, 192, 143, 189, 41, 196, 13, 154, 93, 61, 168, 175, 167, 146, 173, 47, 1, 92, 105, 131, 194]
(w = 36) Correct Cyclicantibandwidth
Set parameter TimeLimit to value 1800
[runlim] sample:		260.4 time, 260.1 real, 461.6 MB
[runlim] sample:		270.4 time, 270.1 real, 503.4 MB
(w = 37) Value Cyclicantibandwidth: 37
Lables: [169, 6, 181, 159, 113, 61, 1, 50, 146, 142, 170, 49, 45, 85, 160, 132, 131, 14, 32, 139, 184, 5, 97, 135, 16, 21, 65, 176, 100, 197, 68, 15, 119, 196, 28, 120, 88, 137, 17, 56, 20, 189, 54, 178, 141, 128, 145, 70, 35, 48, 121, 118, 191, 42, 151, 13, 31, 129, 99, 2, 163, 144, 199, 150, 55, 198, 90, 156, 72, 200, 89, 174, 122, 152, 165, 34, 8, 190, 148, 108, 87, 115, 41, 193, 38, 114, 74, 138, 57, 71, 117, 25, 124, 149, 164, 172, 140, 75, 24, 7, 182, 78, 80, 104, 86, 175, 155, 18, 43, 12, 177, 106, 103, 173, 180, 10, 19, 67, 186, 40, 3, 101, 185, 195, 23, 157, 92, 91, 26, 36, 44, 69, 64, 183, 147, 130, 9, 107, 153, 76, 168, 37, 84, 94, 51, 62, 110, 166, 66, 47, 53, 143, 123, 95, 187, 27, 133, 162, 81, 60, 77, 29, 33, 158, 83, 167, 116, 52, 58, 161, 154, 109, 194, 79, 93, 4, 73, 98, 192, 63, 59, 105, 188, 46, 125, 82, 96, 39, 11, 134, 126, 102, 179, 111, 22, 127, 112, 136, 30, 171]
(w = 37) Correct Cyclicantibandwidth
Set parameter TimeLimit to value 1800
[runlim] sample:		280.5 time, 280.1 real, 462.0 MB
(w = 38) Value Cyclicantibandwidth: 38
Lables: [112, 158, 186, 169, 165, 162, 23, 18, 182, 45, 168, 93, 31, 133, 159, 50, 11, 96, 180, 121, 27, 104, 109, 135, 62, 185, 67, 33, 72, 128, 102, 83, 141, 34, 24, 134, 42, 76, 32, 29, 190, 111, 156, 125, 106, 137, 52, 126, 120, 39, 140, 101, 131, 94, 1, 38, 136, 143, 87, 157, 183, 163, 193, 13, 55, 145, 90, 161, 79, 37, 46, 61, 174, 155, 7, 56, 40, 21, 160, 68, 150, 115, 81, 195, 20, 64, 84, 146, 51, 122, 70, 151, 59, 19, 188, 110, 200, 77, 71, 60, 30, 181, 197, 107, 86, 166, 154, 6, 44, 191, 10, 184, 103, 179, 26, 35, 22, 65, 49, 113, 194, 108, 192, 73, 48, 57, 170, 196, 119, 85, 138, 172, 69, 28, 147, 78, 3, 43, 92, 98, 144, 66, 199, 97, 47, 118, 82, 149, 132, 105, 25, 88, 91, 74, 5, 36, 189, 58, 173, 15, 89, 116, 8, 2, 164, 41, 114, 95, 75, 167, 54, 14, 175, 63, 148, 4, 80, 142, 139, 198, 129, 152, 17, 123, 12, 187, 171, 99, 9, 124, 177, 100, 130, 16, 53, 178, 153, 127, 176, 117]
(w = 38) Correct Cyclicantibandwidth
Set parameter TimeLimit to value 1800
[runlim] sample:		290.5 time, 290.1 real, 464.1 MB
[runlim] sample:		300.5 time, 300.1 real, 465.0 MB
(w = 39) Value Cyclicantibandwidth: 39
Lables: [168, 184, 14, 169, 79, 98, 42, 30, 88, 33, 158, 156, 57, 113, 59, 7, 43, 52, 111, 166, 60, 163, 137, 138, 19, 146, 188, 17, 80, 174, 161, 62, 3, 32, 109, 129, 93, 148, 1, 29, 20, 143, 196, 73, 147, 144, 142, 117, 123, 68, 99, 44, 173, 139, 84, 175, 187, 178, 157, 172, 151, 37, 45, 39, 23, 53, 118, 176, 199, 197, 55, 54, 31, 131, 165, 4, 34, 195, 22, 65, 128, 114, 82, 71, 35, 15, 108, 100, 41, 162, 87, 27, 152, 61, 2, 160, 125, 83, 26, 81, 200, 97, 104, 121, 101, 50, 130, 140, 47, 167, 36, 159, 25, 28, 194, 24, 198, 102, 8, 110, 191, 179, 193, 150, 69, 95, 106, 119, 170, 177, 70, 105, 38, 136, 107, 133, 89, 56, 141, 115, 180, 76, 122, 92, 189, 192, 63, 6, 103, 51, 90, 154, 66, 77, 11, 171, 149, 10, 135, 12, 78, 75, 13, 186, 86, 18, 185, 183, 127, 16, 48, 155, 145, 190, 132, 40, 74, 153, 164, 72, 85, 112, 46, 96, 67, 5, 64, 58, 49, 126, 120, 181, 124, 94, 21, 9, 116, 91, 134, 182]
(w = 39) Correct Cyclicantibandwidth
Set parameter TimeLimit to value 1800
[runlim] sample:		310.5 time, 310.1 real, 465.0 MB
[runlim] sample:		320.5 time, 320.1 real, 677.9 MB
[runlim] sample:		331.5 time, 330.1 real, 789.0 MB
[runlim] sample:		369.9 time, 340.1 real, 1130.1 MB
[runlim] sample:		409.9 time, 350.1 real, 1003.7 MB
[runlim] sample:		447.9 time, 360.1 real, 1058.3 MB
[runlim] sample:		487.9 time, 370.1 real, 2501.1 MB
[runlim] sample:		527.9 time, 380.1 real, 2851.2 MB
[runlim] sample:		567.9 time, 390.1 real, 3083.2 MB
[runlim] sample:		605.0 time, 400.1 real, 859.2 MB
[runlim] sample:		615.9 time, 410.1 real, 842.2 MB
[runlim] sample:		626.1 time, 420.1 real, 842.4 MB
[runlim] sample:		636.5 time, 430.1 real, 842.4 MB
[runlim] sample:		646.8 time, 440.1 real, 844.4 MB
[runlim] sample:		657.1 time, 450.1 real, 848.4 MB
[runlim] sample:		667.4 time, 460.1 real, 848.4 MB
[runlim] sample:		677.7 time, 470.1 real, 848.4 MB
[runlim] sample:		688.0 time, 480.1 real, 848.4 MB
[runlim] sample:		698.2 time, 490.1 real, 848.4 MB
[runlim] sample:		708.5 time, 500.1 real, 848.4 MB
[runlim] sample:		718.8 time, 510.1 real, 848.4 MB
[runlim] sample:		729.1 time, 520.1 real, 848.6 MB
[runlim] sample:		739.4 time, 530.1 real, 848.6 MB
[runlim] sample:		749.7 time, 540.1 real, 848.6 MB
[runlim] sample:		760.0 time, 550.1 real, 850.6 MB
[runlim] sample:		770.3 time, 560.1 real, 850.6 MB
[runlim] sample:		780.6 time, 570.1 real, 850.6 MB
[runlim] sample:		791.0 time, 580.1 real, 850.6 MB
[runlim] sample:		801.3 time, 590.1 real, 850.6 MB
[runlim] sample:		811.6 time, 600.1 real, 852.6 MB
[runlim] sample:		821.9 time, 610.1 real, 852.6 MB
[runlim] sample:		832.2 time, 620.1 real, 852.6 MB
[runlim] sample:		842.5 time, 630.1 real, 852.6 MB
[runlim] sample:		852.8 time, 640.1 real, 852.6 MB
[runlim] sample:		863.1 time, 650.1 real, 852.7 MB
[runlim] sample:		873.4 time, 660.1 real, 854.7 MB
[runlim] sample:		883.6 time, 670.1 real, 854.7 MB
[runlim] sample:		893.9 time, 680.1 real, 854.9 MB
[runlim] sample:		904.2 time, 690.1 real, 855.1 MB
[runlim] sample:		914.5 time, 700.1 real, 855.1 MB
[runlim] sample:		924.8 time, 710.1 real, 855.1 MB
[runlim] sample:		935.1 time, 720.1 real, 855.1 MB
[runlim] sample:		945.4 time, 730.1 real, 855.1 MB
[runlim] sample:		955.7 time, 740.1 real, 856.0 MB
[runlim] sample:		966.0 time, 750.1 real, 856.6 MB
[runlim] sample:		976.3 time, 760.1 real, 856.6 MB
[runlim] sample:		986.7 time, 770.1 real, 857.9 MB
[runlim] sample:		997.0 time, 780.1 real, 858.5 MB
[runlim] sample:		1007.3 time, 790.1 real, 858.6 MB
[runlim] sample:		1017.6 time, 800.1 real, 858.6 MB
[runlim] sample:		1027.9 time, 810.1 real, 858.6 MB
[runlim] sample:		1038.2 time, 820.1 real, 858.6 MB
[runlim] sample:		1048.5 time, 830.1 real, 858.6 MB
[runlim] sample:		1058.8 time, 840.1 real, 860.8 MB
[runlim] sample:		1069.1 time, 850.1 real, 862.8 MB
[runlim] sample:		1079.4 time, 860.1 real, 862.8 MB
[runlim] sample:		1089.8 time, 870.1 real, 862.8 MB
[runlim] sample:		1100.1 time, 880.1 real, 862.8 MB
[runlim] sample:		1110.4 time, 890.1 real, 862.8 MB
[runlim] sample:		1120.7 time, 900.1 real, 862.8 MB
[runlim] sample:		1131.0 time, 910.1 real, 862.8 MB
[runlim] sample:		1141.3 time, 920.1 real, 862.8 MB
[runlim] sample:		1151.7 time, 930.1 real, 862.8 MB
[runlim] sample:		1162.0 time, 940.1 real, 863.5 MB
[runlim] sample:		1172.3 time, 950.1 real, 863.5 MB
[runlim] sample:		1182.6 time, 960.1 real, 863.5 MB
[runlim] sample:		1193.0 time, 970.1 real, 863.5 MB
[runlim] sample:		1203.3 time, 980.1 real, 863.5 MB
[runlim] sample:		1213.6 time, 990.1 real, 863.5 MB
[runlim] sample:		1223.9 time, 1000.1 real, 863.5 MB
[runlim] sample:		1234.2 time, 1010.1 real, 863.5 MB
[runlim] sample:		1244.6 time, 1020.1 real, 863.5 MB
[runlim] sample:		1254.9 time, 1030.1 real, 835.0 MB
[runlim] sample:		1265.2 time, 1040.1 real, 1093.1 MB
[runlim] sample:		1275.5 time, 1050.1 real, 1152.2 MB
[runlim] sample:		1285.8 time, 1060.1 real, 1154.0 MB
[runlim] sample:		1296.2 time, 1070.1 real, 1156.3 MB
[runlim] sample:		1306.5 time, 1080.1 real, 1156.5 MB
[runlim] sample:		1316.8 time, 1090.1 real, 1158.7 MB
[runlim] sample:		1327.0 time, 1100.1 real, 1186.4 MB
[runlim] sample:		1337.3 time, 1110.1 real, 1245.1 MB
[runlim] sample:		1347.6 time, 1120.1 real, 1245.1 MB
[runlim] sample:		1357.9 time, 1130.1 real, 1245.1 MB
[runlim] sample:		1368.2 time, 1140.1 real, 1263.8 MB
[runlim] sample:		1378.5 time, 1150.1 real, 1263.8 MB
[runlim] sample:		1388.8 time, 1160.1 real, 1266.1 MB
[runlim] sample:		1399.1 time, 1170.1 real, 1268.1 MB
[runlim] sample:		1409.4 time, 1180.1 real, 1270.1 MB
[runlim] sample:		1419.7 time, 1190.1 real, 1268.8 MB
[runlim] sample:		1430.0 time, 1200.1 real, 1273.0 MB
[runlim] sample:		1440.3 time, 1210.1 real, 1273.0 MB
[runlim] sample:		1450.6 time, 1220.1 real, 1273.0 MB
[runlim] sample:		1460.9 time, 1230.1 real, 1273.0 MB
[runlim] sample:		1471.2 time, 1240.1 real, 1279.0 MB
[runlim] sample:		1481.5 time, 1250.1 real, 1279.0 MB
[runlim] sample:		1491.8 time, 1260.1 real, 1281.0 MB
[runlim] sample:		1502.1 time, 1270.1 real, 1283.0 MB
[runlim] sample:		1512.4 time, 1280.1 real, 1283.0 MB
[runlim] sample:		1522.8 time, 1290.1 real, 1283.0 MB
[runlim] sample:		1533.1 time, 1300.1 real, 1283.0 MB
[runlim] sample:		1543.4 time, 1310.1 real, 1283.0 MB
[runlim] sample:		1553.7 time, 1320.1 real, 1283.0 MB
[runlim] sample:		1564.1 time, 1330.1 real, 1283.0 MB
[runlim] sample:		1574.4 time, 1340.1 real, 1283.0 MB
[runlim] sample:		1584.7 time, 1350.1 real, 1283.0 MB
[runlim] sample:		1595.0 time, 1360.1 real, 1283.0 MB
[runlim] sample:		1605.4 time, 1370.1 real, 1283.0 MB
[runlim] sample:		1615.7 time, 1380.1 real, 1283.0 MB
[runlim] sample:		1626.0 time, 1390.1 real, 1283.0 MB
[runlim] sample:		1636.4 time, 1400.1 real, 1283.0 MB
[runlim] sample:		1646.7 time, 1410.1 real, 1283.0 MB
[runlim] sample:		1657.1 time, 1420.1 real, 1283.0 MB
[runlim] sample:		1667.4 time, 1430.1 real, 1283.0 MB
[runlim] sample:		1677.8 time, 1440.1 real, 1283.0 MB
[runlim] sample:		1688.1 time, 1450.1 real, 1283.0 MB
[runlim] sample:		1698.5 time, 1460.1 real, 1283.0 MB
[runlim] sample:		1708.8 time, 1470.1 real, 1283.0 MB
[runlim] sample:		1719.2 time, 1480.1 real, 1283.0 MB
[runlim] sample:		1729.5 time, 1490.1 real, 1283.0 MB
[runlim] sample:		1739.8 time, 1500.1 real, 1283.0 MB
[runlim] sample:		1750.2 time, 1510.1 real, 1283.0 MB
[runlim] sample:		1760.5 time, 1520.1 real, 1303.9 MB
[runlim] sample:		1770.8 time, 1530.1 real, 1336.0 MB
[runlim] sample:		1781.2 time, 1540.1 real, 1336.0 MB
[runlim] sample:		1791.5 time, 1550.1 real, 1356.2 MB
[runlim] sample:		1801.8 time, 1560.1 real, 1364.5 MB
[runlim] sample:		1812.1 time, 1570.1 real, 1364.5 MB
[runlim] sample:		1822.4 time, 1580.1 real, 1366.7 MB
[runlim] sample:		1832.8 time, 1590.1 real, 1366.7 MB
[runlim] sample:		1843.1 time, 1600.1 real, 1368.7 MB
[runlim] sample:		1853.5 time, 1610.1 real, 1368.7 MB
[runlim] sample:		1863.8 time, 1620.1 real, 1371.0 MB
[runlim] sample:		1874.1 time, 1630.1 real, 1371.0 MB
[runlim] sample:		1884.4 time, 1640.1 real, 1371.0 MB
[runlim] sample:		1894.7 time, 1650.1 real, 1371.0 MB
[runlim] sample:		1905.0 time, 1660.1 real, 1371.0 MB
[runlim] sample:		1915.4 time, 1670.1 real, 1373.0 MB
[runlim] sample:		1925.7 time, 1680.1 real, 1373.0 MB
[runlim] sample:		1936.0 time, 1690.1 real, 1373.0 MB
[runlim] sample:		1946.3 time, 1700.1 real, 1373.0 MB
[runlim] sample:		1956.6 time, 1710.1 real, 1375.0 MB
[runlim] sample:		1966.9 time, 1720.1 real, 1375.0 MB
[runlim] sample:		1977.2 time, 1730.1 real, 1375.0 MB
[runlim] sample:		1987.6 time, 1740.1 real, 1375.0 MB
[runlim] sample:		1997.9 time, 1750.1 real, 1375.0 MB
[runlim] sample:		2008.2 time, 1760.1 real, 1375.0 MB
[runlim] sample:		2018.5 time, 1770.1 real, 1377.0 MB
[runlim] sample:		2028.9 time, 1780.1 real, 1377.0 MB
[runlim] sample:		2039.2 time, 1790.1 real, 1377.0 MB
[runlim] sample:		2049.5 time, 1800.1 real, 1377.0 MB
[runlim] end:			Wed Nov 12 20:53:44 2025
[runlim] status:		out of time
[runlim] result:		2
[runlim] children:		0
[runlim] real:			1800.11 seconds
[runlim] time:			2049.49 seconds
[runlim] space:			3257.6 MB
[runlim] samples:		18000
