[runlim] version:		1.10
[runlim] time limit:		311040000 seconds
[runlim] real time limit:	1800 seconds
[runlim] space limit:		30000 MB
[runlim] argv[0]:		python3
[runlim] argv[1]:		model.py
[runlim] argv[2]:		./graph/random_generated_graph_2013/p25_200_400
[runlim] start:			Wed Nov 12 21:23:44 2025
[runlim] main pid:		47740
[runlim] log captured:
Set parameter WLSAccessID
Set parameter WLSSecret
Set parameter LicenseID to value 2663665
Academic license 2663665 - for non-commercial use only - registered to tu___@vnu.edu.vn
Set parameter TimeLimit to value 1800
(w = 4) Value Cyclicantibandwidth: 4
Lables: [154, 5, 186, 169, 158, 150, 21, 68, 107, 1, 166, 183, 67, 85, 50, 129, 133, 102, 104, 64, 124, 84, 127, 96, 60, 33, 101, 72, 82, 128, 185, 108, 141, 117, 167, 11, 42, 76, 32, 29, 4, 119, 94, 31, 88, 165, 79, 47, 138, 87, 92, 173, 134, 95, 49, 106, 136, 41, 120, 180, 142, 22, 38, 187, 56, 193, 3, 114, 168, 54, 130, 51, 122, 112, 7, 28, 148, 110, 105, 26, 135, 52, 66, 192, 194, 200, 99, 171, 98, 161, 30, 63, 59, 65, 23, 184, 27, 6, 145, 62, 19, 188, 143, 13, 152, 25, 155, 70, 36, 159, 97, 191, 35, 153, 80, 176, 45, 93, 170, 34, 149, 156, 18, 46, 164, 115, 172, 139, 195, 17, 71, 113, 15, 118, 16, 83, 182, 20, 163, 91, 73, 116, 177, 146, 175, 179, 39, 181, 40, 53, 81, 2, 111, 9, 197, 109, 58, 100, 121, 126, 131, 199, 144, 8, 174, 24, 44, 196, 43, 157, 103, 61, 151, 55, 69, 123, 162, 137, 198, 77, 14, 189, 10, 12, 78, 74, 75, 90, 178, 86, 160, 89, 48, 140, 190, 132, 125, 57, 37, 147]
(w = 4) Correct Cyclicantibandwidth
Set parameter TimeLimit to value 1800
(w = 5) Value Cyclicantibandwidth: 5
Lables: [154, 5, 186, 169, 158, 150, 21, 68, 107, 1, 166, 183, 67, 85, 50, 129, 133, 102, 104, 64, 124, 84, 56, 96, 60, 33, 101, 72, 82, 128, 185, 108, 141, 117, 167, 11, 42, 76, 32, 29, 4, 119, 94, 31, 88, 165, 79, 47, 138, 87, 92, 173, 134, 95, 49, 106, 136, 41, 120, 180, 142, 22, 38, 187, 55, 193, 3, 114, 168, 54, 130, 51, 122, 112, 7, 28, 148, 182, 105, 26, 135, 52, 188, 192, 194, 200, 99, 171, 98, 161, 30, 63, 59, 65, 23, 184, 27, 6, 145, 62, 19, 152, 143, 90, 97, 25, 155, 70, 36, 159, 66, 191, 35, 127, 80, 176, 45, 93, 170, 34, 149, 156, 18, 46, 164, 115, 172, 139, 195, 17, 71, 113, 15, 118, 16, 83, 2, 20, 163, 91, 73, 116, 177, 146, 175, 81, 39, 13, 40, 181, 162, 10, 53, 9, 197, 109, 58, 100, 121, 126, 131, 110, 111, 8, 174, 24, 44, 196, 43, 157, 103, 61, 151, 137, 69, 123, 125, 179, 198, 77, 14, 189, 78, 12, 153, 74, 199, 48, 178, 144, 160, 89, 147, 140, 190, 75, 57, 86, 132, 37]
(w = 5) Correct Cyclicantibandwidth
Set parameter TimeLimit to value 1800
(w = 6) Value Cyclicantibandwidth: 6
Lables: [154, 5, 186, 169, 158, 150, 21, 68, 107, 1, 166, 183, 67, 85, 50, 129, 133, 102, 104, 96, 124, 84, 56, 126, 60, 33, 101, 72, 82, 128, 185, 108, 141, 117, 167, 11, 42, 76, 32, 29, 4, 119, 94, 31, 88, 165, 79, 47, 138, 87, 92, 173, 134, 95, 49, 106, 136, 41, 120, 180, 142, 22, 38, 187, 55, 193, 3, 114, 168, 54, 130, 51, 122, 112, 7, 28, 148, 182, 105, 26, 135, 52, 66, 192, 194, 200, 99, 171, 98, 161, 30, 63, 59, 65, 23, 184, 27, 6, 145, 62, 19, 118, 143, 174, 152, 25, 155, 9, 36, 159, 97, 191, 35, 127, 139, 176, 45, 93, 170, 34, 149, 156, 18, 46, 164, 115, 172, 91, 195, 17, 71, 113, 15, 57, 16, 83, 2, 20, 163, 80, 73, 116, 177, 146, 175, 81, 39, 90, 40, 181, 162, 10, 53, 37, 197, 109, 58, 100, 121, 64, 70, 188, 111, 8, 75, 110, 44, 196, 43, 157, 131, 61, 151, 13, 69, 123, 125, 137, 179, 77, 14, 189, 78, 12, 153, 74, 199, 48, 178, 144, 198, 89, 103, 140, 190, 132, 160, 86, 24, 147]
(w = 6) Correct Cyclicantibandwidth
Set parameter TimeLimit to value 1800
[runlim] sample:		10.0 time, 10.2 real, 146.9 MB
(w = 7) Value Cyclicantibandwidth: 7
Lables: [154, 5, 186, 169, 158, 150, 21, 68, 107, 1, 166, 183, 67, 85, 50, 129, 133, 102, 104, 64, 124, 53, 56, 96, 60, 33, 101, 72, 82, 128, 185, 108, 141, 117, 167, 11, 42, 76, 32, 29, 4, 119, 94, 31, 88, 165, 79, 47, 138, 87, 92, 173, 134, 95, 49, 106, 136, 41, 120, 180, 142, 22, 38, 187, 55, 193, 3, 114, 168, 54, 130, 51, 122, 112, 7, 28, 148, 182, 105, 26, 135, 52, 66, 192, 194, 200, 99, 171, 98, 161, 30, 63, 59, 65, 23, 184, 27, 6, 145, 62, 19, 118, 143, 174, 152, 25, 155, 9, 36, 159, 97, 191, 35, 127, 8, 176, 45, 93, 170, 34, 149, 156, 18, 46, 164, 80, 172, 139, 195, 17, 71, 113, 15, 57, 115, 83, 2, 20, 163, 91, 73, 84, 177, 146, 175, 81, 39, 90, 40, 181, 16, 10, 43, 37, 197, 109, 58, 100, 121, 126, 70, 188, 111, 144, 75, 110, 44, 196, 116, 157, 131, 61, 151, 13, 69, 123, 162, 137, 179, 77, 14, 189, 78, 12, 153, 74, 199, 48, 178, 86, 198, 89, 103, 140, 190, 132, 160, 125, 24, 147]
(w = 7) Correct Cyclicantibandwidth
Set parameter TimeLimit to value 1800
(w = 8) Value Cyclicantibandwidth: 8
Lables: [154, 5, 186, 169, 158, 150, 21, 68, 107, 1, 166, 183, 67, 85, 50, 129, 84, 102, 104, 64, 124, 188, 56, 96, 60, 33, 101, 72, 82, 128, 185, 108, 141, 117, 167, 11, 42, 76, 32, 29, 4, 119, 94, 31, 88, 165, 79, 47, 138, 134, 92, 173, 160, 95, 49, 106, 136, 87, 120, 180, 142, 22, 38, 187, 55, 193, 3, 114, 168, 54, 130, 51, 122, 112, 7, 28, 148, 182, 105, 26, 135, 52, 41, 192, 194, 200, 99, 171, 98, 161, 30, 63, 59, 65, 23, 184, 27, 6, 145, 62, 19, 118, 143, 174, 152, 25, 155, 9, 36, 159, 97, 191, 35, 127, 8, 176, 45, 93, 170, 34, 149, 156, 18, 46, 164, 80, 172, 139, 195, 17, 71, 113, 15, 57, 115, 83, 2, 20, 163, 91, 73, 116, 177, 146, 175, 81, 39, 13, 40, 181, 16, 10, 111, 37, 197, 109, 58, 100, 121, 126, 70, 133, 144, 140, 75, 24, 44, 196, 131, 157, 103, 61, 151, 43, 69, 123, 162, 179, 137, 77, 14, 189, 78, 12, 153, 74, 199, 48, 178, 90, 198, 89, 147, 86, 190, 132, 53, 125, 66, 110]
(w = 8) Correct Cyclicantibandwidth
Set parameter TimeLimit to value 1800
(w = 9) Value Cyclicantibandwidth: 9
Lables: [154, 5, 186, 169, 158, 150, 21, 68, 107, 1, 166, 183, 67, 85, 50, 129, 133, 102, 104, 64, 124, 84, 56, 96, 60, 33, 101, 72, 82, 128, 8, 108, 141, 117, 167, 11, 42, 76, 32, 185, 4, 119, 94, 31, 88, 165, 79, 47, 138, 87, 92, 173, 134, 95, 49, 106, 136, 41, 120, 180, 142, 22, 38, 187, 55, 193, 3, 114, 168, 54, 130, 51, 122, 112, 7, 28, 148, 182, 105, 26, 135, 52, 66, 192, 194, 200, 99, 171, 98, 161, 30, 63, 59, 6, 23, 184, 27, 110, 145, 62, 19, 118, 143, 174, 152, 25, 155, 9, 36, 159, 97, 191, 35, 127, 65, 176, 45, 93, 170, 34, 149, 156, 18, 46, 164, 115, 172, 139, 195, 17, 71, 113, 15, 80, 16, 83, 2, 20, 163, 91, 73, 116, 177, 146, 175, 81, 39, 13, 40, 181, 162, 10, 111, 37, 197, 109, 58, 100, 121, 126, 70, 188, 144, 123, 75, 24, 44, 196, 131, 157, 103, 61, 151, 43, 69, 132, 78, 137, 179, 77, 14, 189, 160, 12, 153, 74, 199, 89, 178, 90, 198, 190, 48, 140, 29, 147, 53, 125, 86, 57]
(w = 9) Correct Cyclicantibandwidth
Set parameter TimeLimit to value 1800
[runlim] sample:		20.0 time, 20.2 real, 180.4 MB
(w = 10) Value Cyclicantibandwidth: 10
Lables: [187, 33, 186, 169, 94, 191, 21, 68, 107, 1, 127, 183, 67, 85, 50, 129, 192, 102, 104, 64, 40, 56, 12, 96, 193, 37, 101, 86, 82, 87, 16, 108, 141, 117, 167, 88, 42, 132, 32, 185, 4, 119, 51, 31, 7, 165, 79, 47, 138, 38, 92, 173, 134, 95, 49, 106, 136, 41, 120, 180, 142, 22, 26, 148, 158, 71, 3, 114, 168, 175, 110, 160, 150, 112, 76, 137, 130, 182, 105, 123, 135, 52, 66, 154, 5, 174, 99, 171, 98, 161, 30, 63, 29, 78, 23, 184, 27, 6, 145, 62, 19, 118, 143, 188, 152, 25, 155, 55, 194, 163, 116, 11, 151, 65, 8, 176, 45, 59, 170, 93, 36, 156, 153, 46, 60, 115, 172, 9, 139, 17, 121, 113, 28, 80, 189, 83, 166, 34, 35, 91, 125, 2, 177, 146, 84, 81, 39, 13, 15, 181, 195, 10, 111, 18, 197, 109, 58, 97, 159, 126, 70, 20, 124, 149, 75, 24, 100, 196, 128, 157, 103, 61, 133, 43, 69, 144, 162, 200, 179, 77, 14, 122, 72, 44, 54, 74, 199, 57, 178, 90, 131, 198, 48, 140, 164, 73, 89, 190, 147, 53]
(w = 10) Correct Cyclicantibandwidth
Set parameter TimeLimit to value 1800
(w = 11) Value Cyclicantibandwidth: 11
Lables: [154, 5, 186, 169, 158, 150, 21, 68, 107, 1, 166, 183, 67, 85, 50, 129, 133, 102, 104, 64, 124, 84, 56, 96, 60, 33, 117, 72, 82, 101, 185, 108, 141, 89, 167, 11, 42, 76, 32, 29, 4, 118, 156, 31, 88, 165, 79, 47, 138, 128, 92, 173, 134, 95, 49, 106, 136, 41, 120, 180, 142, 22, 130, 187, 55, 193, 3, 114, 168, 54, 140, 86, 122, 112, 7, 28, 148, 182, 105, 26, 135, 52, 66, 192, 194, 200, 99, 171, 98, 161, 30, 63, 59, 65, 23, 184, 27, 6, 145, 62, 19, 181, 143, 174, 152, 25, 155, 9, 36, 159, 97, 191, 35, 127, 8, 176, 45, 93, 170, 34, 70, 10, 18, 46, 164, 115, 172, 139, 195, 17, 71, 113, 15, 80, 110, 83, 2, 20, 163, 91, 125, 116, 177, 146, 175, 81, 39, 149, 119, 144, 16, 109, 111, 37, 197, 132, 58, 100, 121, 126, 131, 188, 53, 51, 75, 38, 44, 196, 147, 157, 103, 61, 151, 43, 13, 123, 162, 137, 179, 77, 14, 189, 160, 12, 153, 74, 199, 78, 178, 90, 57, 198, 48, 94, 69, 190, 87, 73, 40, 24]
(w = 11) Correct Cyclicantibandwidth
Set parameter TimeLimit to value 1800
[runlim] sample:		30.1 time, 30.2 real, 188.7 MB
(w = 12) Value Cyclicantibandwidth: 12
Lables: [154, 5, 186, 169, 158, 150, 21, 68, 107, 1, 166, 183, 67, 85, 50, 129, 133, 102, 104, 64, 124, 84, 56, 96, 60, 33, 101, 72, 82, 128, 185, 108, 141, 2, 167, 11, 42, 76, 32, 29, 4, 155, 156, 31, 88, 165, 89, 47, 79, 87, 92, 173, 134, 95, 49, 106, 136, 41, 120, 180, 142, 22, 130, 187, 55, 193, 3, 114, 168, 54, 140, 86, 122, 112, 7, 28, 148, 182, 105, 26, 135, 52, 66, 117, 194, 200, 99, 171, 98, 161, 30, 63, 59, 65, 23, 184, 27, 6, 145, 62, 19, 188, 143, 174, 152, 25, 83, 9, 36, 192, 100, 191, 35, 127, 8, 176, 119, 93, 170, 34, 45, 10, 18, 46, 164, 115, 172, 139, 195, 17, 71, 113, 15, 159, 110, 44, 97, 20, 163, 132, 125, 116, 177, 146, 175, 118, 39, 149, 138, 181, 16, 109, 111, 77, 197, 70, 58, 103, 121, 81, 131, 80, 144, 51, 75, 38, 90, 196, 43, 157, 160, 61, 151, 13, 69, 123, 162, 137, 179, 40, 14, 189, 199, 12, 153, 74, 126, 94, 178, 53, 57, 198, 190, 91, 37, 73, 48, 78, 24, 147]
(w = 12) Correct Cyclicantibandwidth
Set parameter TimeLimit to value 1800
(w = 13) Value Cyclicantibandwidth: 13
Lables: [154, 5, 186, 169, 158, 150, 21, 68, 107, 1, 41, 183, 67, 85, 50, 129, 133, 102, 104, 64, 124, 84, 153, 96, 60, 101, 112, 72, 82, 128, 185, 108, 141, 2, 167, 11, 42, 76, 32, 29, 4, 155, 156, 31, 88, 165, 46, 47, 138, 56, 92, 173, 134, 33, 49, 24, 136, 25, 120, 180, 89, 106, 130, 187, 45, 193, 3, 114, 168, 54, 140, 86, 122, 113, 7, 28, 148, 182, 105, 26, 135, 142, 66, 117, 194, 14, 99, 171, 98, 161, 30, 79, 59, 65, 23, 184, 27, 6, 95, 62, 19, 188, 143, 174, 152, 8, 83, 9, 36, 192, 100, 191, 35, 196, 18, 176, 145, 93, 170, 34, 70, 10, 178, 151, 164, 115, 172, 139, 195, 17, 52, 166, 15, 159, 110, 44, 97, 20, 163, 200, 125, 116, 177, 146, 175, 118, 39, 149, 40, 119, 16, 109, 111, 77, 197, 132, 199, 103, 51, 81, 131, 80, 144, 37, 75, 38, 90, 137, 43, 157, 160, 61, 63, 13, 71, 123, 162, 179, 127, 48, 87, 181, 73, 12, 22, 74, 189, 55, 91, 53, 57, 198, 190, 94, 126, 69, 147, 58, 78, 121]
(w = 13) Correct Cyclicantibandwidth
Set parameter TimeLimit to value 1800
[runlim] sample:		40.1 time, 40.2 real, 208.5 MB
(w = 14) Value Cyclicantibandwidth: 14
Lables: [154, 5, 186, 169, 158, 150, 21, 140, 107, 1, 166, 183, 67, 68, 50, 129, 133, 102, 104, 64, 124, 84, 108, 96, 60, 33, 101, 72, 82, 128, 185, 3, 141, 2, 167, 17, 42, 76, 32, 29, 4, 56, 156, 31, 88, 165, 46, 47, 138, 87, 92, 173, 134, 95, 49, 106, 136, 41, 120, 180, 142, 22, 90, 48, 85, 193, 110, 114, 168, 54, 130, 86, 122, 112, 7, 28, 148, 182, 105, 26, 135, 8, 66, 117, 194, 200, 45, 171, 98, 161, 30, 79, 59, 65, 23, 184, 27, 6, 145, 62, 19, 181, 143, 174, 152, 10, 155, 9, 187, 192, 123, 99, 35, 191, 18, 176, 179, 93, 170, 34, 70, 69, 178, 151, 164, 115, 172, 139, 195, 80, 52, 113, 15, 159, 57, 83, 199, 20, 163, 149, 125, 116, 177, 146, 175, 81, 39, 13, 119, 53, 16, 55, 111, 37, 197, 132, 14, 103, 89, 126, 131, 121, 188, 51, 75, 11, 44, 196, 147, 157, 160, 61, 109, 24, 97, 58, 162, 137, 127, 77, 71, 189, 38, 12, 91, 74, 40, 78, 43, 190, 36, 198, 144, 118, 94, 100, 153, 63, 25, 73]
(w = 14) Correct Cyclicantibandwidth
Set parameter TimeLimit to value 1800
[runlim] sample:		50.1 time, 50.2 real, 257.3 MB
(w = 15) Value Cyclicantibandwidth: 15
Lables: [42, 154, 186, 169, 93, 85, 1, 68, 107, 28, 39, 117, 63, 66, 196, 129, 22, 102, 59, 140, 10, 166, 35, 90, 16, 194, 17, 20, 82, 70, 14, 97, 141, 2, 167, 26, 118, 120, 32, 29, 4, 100, 132, 185, 88, 165, 46, 187, 13, 133, 9, 190, 72, 95, 49, 149, 101, 96, 30, 180, 131, 110, 48, 156, 33, 193, 168, 114, 53, 198, 75, 86, 137, 112, 7, 122, 76, 64, 138, 38, 127, 8, 108, 192, 15, 31, 104, 182, 109, 61, 11, 79, 5, 183, 40, 161, 41, 119, 67, 62, 178, 92, 143, 51, 124, 36, 145, 171, 34, 74, 69, 3, 27, 123, 25, 113, 105, 159, 170, 200, 54, 71, 144, 58, 135, 115, 172, 142, 195, 65, 52, 160, 188, 12, 57, 174, 55, 80, 163, 164, 139, 84, 177, 146, 128, 81, 83, 130, 125, 173, 157, 148, 175, 37, 99, 150, 6, 103, 121, 56, 199, 151, 111, 181, 152, 50, 44, 158, 147, 134, 191, 155, 73, 24, 45, 43, 162, 19, 197, 77, 18, 153, 47, 126, 91, 116, 189, 78, 176, 98, 60, 106, 136, 184, 87, 23, 89, 179, 94, 21]
(w = 15) Correct Cyclicantibandwidth
Set parameter TimeLimit to value 1800
(w = 16) Value Cyclicantibandwidth: 16
Lables: [154, 5, 186, 169, 158, 150, 21, 68, 107, 1, 166, 183, 67, 85, 50, 129, 133, 102, 104, 64, 124, 84, 108, 96, 60, 33, 101, 72, 82, 128, 185, 3, 75, 2, 167, 61, 42, 76, 32, 29, 4, 56, 156, 177, 48, 165, 46, 192, 138, 87, 92, 173, 134, 95, 49, 106, 136, 41, 120, 180, 142, 22, 90, 187, 132, 193, 110, 114, 168, 54, 130, 86, 122, 112, 31, 28, 148, 182, 105, 26, 135, 8, 66, 117, 194, 200, 45, 171, 137, 161, 30, 79, 59, 65, 23, 184, 27, 6, 145, 62, 19, 181, 143, 174, 152, 25, 155, 9, 36, 153, 139, 99, 35, 191, 18, 176, 179, 93, 197, 34, 70, 69, 100, 190, 164, 115, 172, 123, 74, 17, 141, 113, 15, 159, 57, 83, 55, 20, 163, 149, 125, 170, 88, 146, 11, 81, 39, 13, 119, 53, 16, 118, 195, 37, 43, 63, 116, 103, 121, 126, 131, 80, 7, 51, 52, 24, 44, 196, 147, 188, 160, 162, 151, 73, 97, 144, 111, 127, 198, 77, 71, 189, 38, 12, 91, 89, 199, 78, 178, 175, 157, 98, 140, 94, 47, 10, 14, 58, 109, 40]
(w = 16) Correct Cyclicantibandwidth
Set parameter TimeLimit to value 1800
[runlim] sample:		60.1 time, 60.2 real, 287.3 MB
(w = 17) Value Cyclicantibandwidth: 17
Lables: [154, 5, 186, 169, 158, 150, 21, 79, 107, 1, 166, 183, 177, 85, 50, 129, 133, 102, 104, 64, 124, 84, 108, 96, 60, 33, 101, 72, 82, 128, 185, 3, 141, 2, 167, 61, 42, 76, 32, 29, 4, 56, 156, 31, 88, 165, 111, 47, 138, 87, 92, 173, 68, 95, 49, 106, 136, 41, 120, 180, 142, 22, 90, 187, 132, 193, 110, 114, 168, 54, 130, 86, 122, 112, 7, 28, 148, 182, 105, 26, 135, 52, 66, 117, 194, 200, 45, 171, 137, 121, 30, 51, 59, 65, 67, 184, 27, 6, 145, 62, 19, 181, 143, 174, 152, 25, 155, 9, 36, 159, 139, 99, 35, 191, 8, 176, 179, 93, 197, 34, 70, 69, 18, 46, 164, 115, 172, 123, 195, 17, 71, 113, 15, 118, 57, 83, 55, 20, 161, 149, 125, 170, 53, 146, 11, 81, 39, 13, 119, 140, 16, 109, 175, 37, 43, 63, 116, 100, 163, 126, 131, 80, 134, 188, 162, 24, 44, 196, 147, 40, 103, 151, 48, 74, 97, 144, 78, 127, 198, 77, 91, 189, 38, 12, 10, 89, 199, 58, 178, 98, 157, 160, 190, 94, 153, 75, 14, 192, 23, 73]
(w = 17) Correct Cyclicantibandwidth
Set parameter TimeLimit to value 1800
[runlim] sample:		70.1 time, 70.2 real, 289.0 MB
(w = 18) Value Cyclicantibandwidth: 18
Lables: [154, 5, 186, 169, 158, 150, 21, 68, 107, 124, 166, 183, 67, 85, 50, 129, 133, 102, 104, 64, 29, 84, 108, 96, 60, 33, 101, 72, 82, 128, 185, 3, 141, 2, 167, 61, 42, 76, 32, 48, 4, 56, 156, 31, 88, 165, 111, 47, 138, 87, 92, 173, 134, 95, 49, 106, 136, 41, 120, 180, 142, 22, 90, 187, 132, 193, 110, 114, 168, 54, 130, 86, 122, 112, 7, 28, 148, 182, 77, 26, 135, 52, 66, 117, 194, 200, 45, 171, 137, 161, 30, 79, 59, 65, 23, 184, 27, 6, 145, 62, 19, 181, 143, 174, 152, 25, 155, 9, 36, 159, 139, 99, 35, 191, 8, 176, 179, 93, 197, 34, 70, 105, 18, 46, 164, 115, 172, 123, 195, 17, 71, 113, 15, 80, 57, 44, 55, 20, 75, 149, 125, 170, 103, 146, 11, 81, 69, 177, 119, 53, 16, 116, 175, 1, 43, 63, 39, 100, 121, 126, 131, 188, 144, 51, 162, 24, 83, 196, 163, 40, 160, 151, 37, 13, 97, 153, 118, 127, 198, 10, 98, 189, 38, 12, 91, 74, 199, 78, 178, 190, 157, 147, 192, 94, 73, 14, 89, 58, 109, 140]
(w = 18) Correct Cyclicantibandwidth
Set parameter TimeLimit to value 1800
(w = 19) Value Cyclicantibandwidth: 19
Lables: [154, 5, 186, 169, 91, 150, 21, 68, 107, 1, 166, 88, 67, 85, 50, 129, 133, 102, 104, 64, 124, 84, 108, 96, 60, 33, 101, 72, 82, 128, 185, 3, 36, 2, 167, 61, 42, 76, 32, 29, 4, 56, 156, 31, 58, 165, 111, 47, 138, 87, 92, 173, 134, 95, 49, 106, 136, 41, 120, 180, 183, 22, 90, 187, 132, 193, 39, 114, 168, 54, 130, 86, 122, 112, 7, 28, 148, 182, 105, 26, 135, 52, 66, 117, 194, 200, 45, 171, 137, 161, 30, 79, 59, 65, 23, 184, 27, 6, 145, 62, 19, 181, 143, 174, 152, 25, 155, 9, 144, 159, 139, 99, 35, 191, 8, 176, 179, 93, 197, 34, 70, 69, 123, 46, 164, 115, 172, 57, 195, 17, 71, 113, 15, 80, 158, 44, 55, 20, 75, 149, 125, 170, 103, 146, 11, 81, 142, 177, 119, 53, 16, 110, 160, 77, 43, 63, 18, 100, 121, 126, 131, 188, 192, 51, 162, 24, 83, 196, 163, 40, 199, 151, 116, 74, 97, 153, 118, 127, 198, 10, 98, 189, 38, 12, 178, 89, 175, 78, 157, 141, 147, 37, 140, 48, 94, 13, 190, 73, 109, 14]
(w = 19) Correct Cyclicantibandwidth
Set parameter TimeLimit to value 1800
[runlim] sample:		80.1 time, 80.2 real, 317.1 MB
(w = 20) Value Cyclicantibandwidth: 20
Lables: [154, 5, 181, 169, 158, 150, 21, 68, 107, 1, 10, 70, 67, 85, 50, 129, 133, 58, 104, 64, 124, 84, 108, 96, 60, 33, 101, 166, 82, 128, 185, 3, 36, 183, 46, 180, 42, 76, 32, 29, 4, 56, 156, 31, 151, 165, 88, 47, 138, 87, 24, 173, 134, 95, 49, 106, 136, 41, 120, 112, 13, 22, 130, 187, 132, 193, 110, 114, 168, 54, 11, 86, 122, 115, 7, 28, 148, 182, 105, 26, 135, 52, 66, 117, 194, 200, 45, 171, 27, 161, 30, 79, 59, 65, 23, 184, 162, 6, 145, 142, 19, 43, 143, 174, 152, 25, 72, 9, 144, 159, 139, 99, 35, 191, 155, 176, 179, 93, 197, 34, 71, 69, 167, 190, 164, 172, 199, 123, 74, 17, 160, 113, 15, 80, 57, 44, 2, 97, 75, 149, 125, 170, 103, 146, 175, 81, 39, 177, 119, 53, 16, 109, 195, 77, 102, 63, 18, 100, 121, 62, 131, 188, 111, 51, 92, 147, 90, 196, 126, 55, 198, 61, 116, 83, 37, 40, 78, 127, 118, 8, 14, 189, 38, 12, 91, 89, 98, 73, 178, 157, 141, 163, 137, 48, 20, 153, 94, 192, 186, 140]
(w = 20) Correct Cyclicantibandwidth
Set parameter TimeLimit to value 1800
[runlim] sample:		90.2 time, 90.2 real, 291.9 MB
(w = 21) Value Cyclicantibandwidth: 21
Lables: [154, 5, 186, 169, 158, 150, 21, 17, 107, 1, 166, 70, 67, 85, 50, 129, 133, 58, 104, 64, 145, 84, 108, 96, 124, 33, 101, 72, 82, 128, 185, 3, 36, 183, 46, 180, 42, 76, 32, 29, 4, 56, 156, 31, 151, 165, 88, 47, 138, 87, 92, 173, 134, 95, 49, 106, 136, 41, 120, 112, 13, 22, 130, 187, 60, 193, 110, 114, 168, 54, 11, 86, 122, 115, 7, 28, 132, 182, 105, 26, 135, 52, 66, 117, 194, 200, 45, 171, 137, 161, 30, 79, 59, 65, 23, 184, 27, 6, 148, 142, 19, 140, 143, 174, 152, 25, 83, 9, 144, 159, 139, 99, 35, 191, 8, 176, 179, 93, 197, 34, 71, 155, 167, 190, 164, 172, 181, 123, 74, 68, 160, 113, 15, 80, 57, 44, 2, 97, 75, 149, 125, 170, 103, 146, 175, 81, 39, 177, 119, 53, 16, 109, 195, 77, 43, 63, 18, 100, 121, 62, 131, 188, 111, 51, 162, 127, 90, 196, 126, 55, 20, 61, 116, 73, 69, 40, 78, 163, 198, 10, 14, 189, 38, 12, 141, 89, 178, 94, 157, 98, 147, 37, 199, 48, 102, 153, 91, 192, 118, 24]
(w = 21) Correct Cyclicantibandwidth
Set parameter TimeLimit to value 1800
[runlim] sample:		100.2 time, 100.2 real, 321.4 MB
(w = 22) Value Cyclicantibandwidth: 22
Lables: [154, 5, 186, 169, 158, 150, 21, 68, 107, 1, 24, 121, 67, 85, 50, 129, 133, 102, 104, 64, 152, 84, 108, 96, 60, 33, 69, 72, 82, 128, 185, 3, 36, 183, 46, 180, 42, 76, 32, 29, 4, 182, 156, 31, 151, 165, 111, 47, 138, 87, 101, 173, 134, 95, 49, 106, 136, 41, 120, 112, 13, 22, 130, 187, 132, 193, 110, 114, 168, 54, 11, 86, 122, 115, 7, 28, 148, 192, 105, 26, 135, 52, 66, 124, 194, 200, 117, 171, 137, 161, 30, 79, 59, 65, 23, 184, 27, 6, 145, 142, 19, 159, 143, 174, 190, 25, 83, 9, 144, 166, 139, 99, 40, 191, 8, 176, 179, 93, 197, 34, 71, 155, 167, 16, 164, 172, 181, 123, 74, 56, 160, 113, 15, 80, 57, 44, 2, 35, 75, 149, 125, 170, 103, 146, 88, 81, 39, 177, 119, 53, 162, 109, 195, 77, 43, 63, 18, 100, 20, 62, 131, 188, 55, 51, 163, 127, 90, 118, 126, 70, 199, 61, 116, 73, 37, 48, 78, 175, 198, 10, 14, 189, 38, 12, 141, 89, 157, 97, 178, 98, 147, 17, 196, 45, 94, 153, 91, 58, 92, 140]
(w = 22) Correct Cyclicantibandwidth
Set parameter TimeLimit to value 1800
[runlim] sample:		110.2 time, 110.2 real, 323.7 MB
(w = 23) Value Cyclicantibandwidth: 23
Lables: [154, 5, 186, 169, 9, 150, 21, 68, 127, 1, 166, 70, 183, 93, 50, 129, 133, 102, 104, 158, 152, 84, 108, 96, 60, 33, 101, 72, 82, 128, 185, 3, 36, 85, 46, 180, 42, 76, 32, 29, 4, 56, 156, 31, 151, 165, 111, 47, 138, 87, 92, 173, 134, 95, 49, 106, 136, 41, 120, 112, 13, 22, 130, 187, 132, 193, 110, 114, 168, 54, 11, 86, 122, 115, 7, 28, 148, 182, 105, 26, 135, 52, 66, 24, 194, 200, 45, 171, 64, 161, 30, 79, 59, 65, 23, 184, 27, 6, 145, 142, 19, 159, 143, 174, 190, 25, 83, 178, 144, 69, 139, 99, 88, 191, 8, 176, 179, 94, 197, 34, 71, 155, 167, 16, 164, 172, 181, 123, 74, 17, 160, 113, 15, 80, 57, 44, 2, 97, 75, 149, 125, 170, 103, 146, 175, 157, 39, 177, 119, 53, 162, 109, 195, 77, 43, 63, 18, 100, 121, 62, 131, 188, 55, 51, 163, 137, 37, 124, 126, 40, 199, 61, 116, 90, 10, 35, 78, 117, 196, 141, 14, 189, 38, 12, 153, 89, 58, 81, 107, 98, 147, 73, 198, 48, 67, 118, 91, 192, 20, 140]
(w = 23) Correct Cyclicantibandwidth
Set parameter TimeLimit to value 1800
[runlim] sample:		120.2 time, 120.2 real, 358.9 MB
(w = 24) Value Cyclicantibandwidth: 24
Lables: [154, 5, 186, 169, 158, 150, 21, 68, 107, 1, 166, 70, 67, 85, 50, 129, 133, 73, 104, 64, 152, 84, 108, 96, 60, 33, 101, 72, 82, 128, 185, 28, 36, 183, 46, 122, 42, 76, 32, 173, 4, 56, 156, 31, 151, 165, 111, 47, 138, 78, 77, 86, 134, 95, 49, 106, 136, 41, 120, 112, 13, 22, 130, 187, 132, 193, 110, 114, 168, 54, 11, 79, 8, 115, 7, 18, 148, 182, 105, 26, 135, 52, 66, 124, 194, 200, 45, 171, 137, 155, 30, 20, 87, 65, 23, 184, 27, 6, 145, 3, 19, 159, 143, 174, 190, 25, 83, 9, 144, 69, 139, 99, 88, 191, 161, 176, 179, 93, 14, 34, 63, 180, 167, 16, 51, 172, 181, 123, 74, 17, 71, 113, 15, 80, 57, 29, 2, 97, 75, 149, 125, 170, 103, 146, 175, 157, 39, 177, 119, 53, 162, 109, 195, 102, 43, 24, 116, 100, 121, 62, 131, 188, 55, 44, 92, 127, 37, 196, 126, 40, 160, 61, 117, 90, 10, 35, 164, 163, 198, 141, 118, 189, 38, 59, 12, 89, 153, 81, 178, 98, 147, 192, 197, 48, 94, 142, 199, 58, 91, 140]
(w = 24) Correct Cyclicantibandwidth
Set parameter TimeLimit to value 1800
[runlim] sample:		130.2 time, 130.2 real, 350.2 MB
[runlim] sample:		146.6 time, 140.2 real, 1762.1 MB
(w = 25) Value Cyclicantibandwidth: 25
Lables: [157, 84, 18, 107, 158, 11, 61, 53, 3, 39, 128, 112, 19, 4, 159, 70, 20, 191, 160, 193, 63, 31, 85, 12, 194, 195, 51, 59, 161, 196, 154, 29, 88, 40, 13, 162, 108, 32, 21, 109, 42, 115, 33, 43, 87, 14, 15, 95, 153, 44, 110, 50, 2, 139, 123, 28, 80, 94, 64, 65, 26, 114, 56, 197, 117, 76, 163, 198, 142, 164, 179, 52, 199, 119, 96, 126, 120, 35, 165, 45, 166, 121, 125, 130, 89, 180, 5, 173, 127, 68, 57, 46, 122, 54, 81, 186, 192, 79, 55, 144, 168, 22, 141, 113, 23, 124, 151, 97, 66, 69, 6, 169, 90, 47, 83, 67, 170, 92, 171, 172, 16, 200, 77, 102, 71, 131, 36, 101, 132, 177, 174, 133, 178, 72, 136, 93, 7, 100, 30, 17, 134, 135, 104, 156, 137, 60, 140, 91, 74, 143, 181, 27, 41, 118, 182, 37, 8, 116, 183, 145, 111, 184, 167, 146, 82, 24, 185, 147, 9, 148, 187, 129, 149, 38, 175, 58, 48, 75, 73, 49, 150, 98, 99, 62, 25, 138, 78, 1, 86, 188, 190, 152, 10, 34, 155, 176, 105, 106, 103, 189]
(w = 25) Correct Cyclicantibandwidth
Set parameter TimeLimit to value 1800
[runlim] sample:		158.8 time, 150.2 real, 587.8 MB
(w = 26) Value Cyclicantibandwidth: 26
Lables: [63, 76, 186, 169, 140, 150, 21, 68, 107, 1, 166, 69, 162, 85, 50, 83, 133, 102, 61, 43, 152, 84, 161, 96, 129, 33, 101, 72, 82, 56, 185, 175, 36, 183, 59, 144, 42, 149, 28, 29, 3, 167, 156, 37, 160, 148, 111, 47, 138, 87, 70, 117, 134, 95, 49, 106, 136, 41, 120, 112, 13, 22, 130, 187, 4, 193, 60, 86, 168, 54, 52, 180, 30, 115, 7, 151, 97, 123, 116, 26, 135, 179, 170, 124, 194, 200, 45, 109, 137, 155, 108, 195, 32, 65, 23, 147, 27, 191, 145, 198, 19, 159, 173, 174, 190, 25, 197, 9, 55, 143, 139, 99, 88, 199, 165, 176, 40, 93, 128, 73, 64, 121, 127, 16, 164, 172, 181, 57, 74, 17, 71, 113, 58, 62, 6, 122, 2, 92, 154, 142, 20, 110, 31, 146, 34, 157, 39, 44, 119, 53, 78, 103, 98, 66, 171, 24, 158, 100, 182, 125, 131, 188, 184, 8, 90, 46, 11, 196, 105, 75, 104, 80, 114, 5, 10, 35, 77, 94, 126, 141, 91, 189, 38, 67, 12, 89, 118, 79, 178, 15, 18, 51, 192, 132, 153, 163, 14, 177, 81, 48]
(w = 26) Correct Cyclicantibandwidth
Set parameter TimeLimit to value 1800
[runlim] sample:		168.9 time, 160.2 real, 669.4 MB
(w = 27) Value Cyclicantibandwidth: 27
Lables: [53, 32, 163, 141, 92, 148, 146, 37, 76, 86, 74, 49, 181, 85, 65, 168, 133, 157, 67, 64, 139, 84, 108, 96, 126, 185, 72, 161, 119, 175, 95, 3, 36, 17, 46, 94, 142, 156, 12, 29, 7, 25, 39, 186, 112, 118, 111, 70, 138, 87, 121, 60, 152, 5, 10, 179, 109, 41, 59, 81, 14, 22, 42, 187, 105, 189, 170, 178, 1, 4, 136, 78, 30, 115, 104, 28, 90, 182, 38, 166, 26, 83, 158, 71, 120, 56, 34, 129, 196, 50, 13, 8, 165, 80, 23, 180, 143, 106, 144, 197, 19, 159, 183, 128, 190, 88, 195, 11, 55, 145, 177, 173, 117, 172, 132, 176, 188, 93, 99, 162, 169, 167, 47, 16, 164, 54, 194, 154, 151, 150, 110, 44, 18, 45, 43, 122, 2, 97, 140, 174, 21, 200, 101, 82, 73, 20, 124, 51, 31, 135, 35, 107, 134, 15, 184, 24, 155, 100, 147, 160, 131, 153, 58, 75, 123, 127, 27, 68, 98, 62, 137, 61, 69, 199, 113, 40, 125, 116, 198, 9, 91, 114, 171, 57, 6, 89, 52, 79, 191, 33, 192, 66, 193, 63, 102, 149, 130, 77, 103, 48]
(w = 27) Correct Cyclicantibandwidth
Set parameter TimeLimit to value 1800
[runlim] sample:		178.9 time, 170.2 real, 572.5 MB
(w = 28) Value Cyclicantibandwidth: 28
Lables: [63, 5, 50, 169, 176, 145, 123, 72, 107, 7, 21, 70, 30, 85, 22, 129, 133, 102, 35, 186, 154, 84, 108, 41, 67, 104, 101, 74, 150, 128, 15, 3, 36, 183, 46, 94, 185, 76, 32, 29, 177, 160, 156, 163, 10, 165, 111, 90, 138, 87, 92, 117, 147, 82, 49, 106, 136, 47, 120, 112, 65, 190, 175, 109, 37, 189, 162, 146, 168, 172, 48, 86, 81, 115, 105, 28, 134, 182, 153, 152, 178, 52, 54, 34, 42, 124, 45, 171, 137, 60, 200, 79, 59, 68, 69, 180, 161, 75, 144, 198, 19, 159, 173, 174, 18, 25, 83, 9, 55, 194, 139, 99, 88, 196, 191, 43, 179, 193, 197, 166, 66, 130, 167, 16, 164, 2, 14, 110, 62, 149, 57, 113, 184, 118, 26, 100, 4, 93, 151, 135, 20, 170, 51, 97, 103, 13, 39, 38, 33, 53, 31, 114, 132, 11, 116, 24, 125, 140, 121, 126, 181, 188, 58, 8, 95, 6, 73, 1, 98, 40, 155, 80, 143, 96, 142, 122, 148, 127, 119, 141, 91, 199, 195, 71, 12, 27, 157, 17, 61, 64, 192, 77, 187, 44, 56, 131, 158, 78, 89, 23]
(w = 28) Correct Cyclicantibandwidth
Set parameter TimeLimit to value 1800
[runlim] sample:		188.9 time, 180.2 real, 571.5 MB
(w = 29) Value Cyclicantibandwidth: 29
Lables: [68, 34, 195, 9, 186, 46, 133, 172, 112, 78, 44, 108, 10, 56, 48, 175, 130, 57, 45, 107, 164, 134, 138, 51, 90, 18, 104, 37, 115, 64, 109, 163, 80, 191, 65, 11, 180, 52, 173, 153, 140, 23, 156, 76, 168, 162, 141, 50, 102, 87, 38, 84, 31, 61, 158, 188, 20, 35, 63, 146, 21, 8, 121, 135, 116, 154, 53, 17, 75, 185, 74, 82, 200, 157, 7, 194, 70, 182, 137, 32, 199, 30, 176, 174, 159, 95, 49, 1, 190, 155, 105, 47, 160, 72, 60, 26, 73, 13, 148, 100, 114, 12, 28, 4, 25, 92, 143, 62, 122, 123, 27, 132, 86, 6, 184, 93, 189, 171, 66, 127, 59, 41, 178, 16, 3, 120, 181, 119, 166, 81, 96, 161, 183, 125, 24, 39, 22, 55, 145, 151, 187, 103, 33, 89, 79, 126, 111, 15, 19, 94, 165, 118, 110, 71, 197, 128, 42, 129, 85, 2, 192, 147, 36, 193, 83, 136, 152, 124, 29, 77, 131, 149, 43, 14, 40, 106, 113, 150, 196, 139, 91, 97, 179, 67, 167, 101, 54, 98, 58, 88, 169, 177, 5, 170, 142, 198, 144, 69, 99, 117]
(w = 29) Correct Cyclicantibandwidth
Set parameter TimeLimit to value 1800
[runlim] sample:		198.9 time, 190.2 real, 573.4 MB
(w = 30) Value Cyclicantibandwidth: 30
Lables: [154, 5, 186, 36, 158, 150, 21, 75, 107, 1, 52, 64, 187, 85, 63, 129, 133, 102, 43, 179, 152, 84, 161, 96, 117, 33, 101, 72, 122, 59, 97, 3, 70, 183, 46, 132, 200, 76, 32, 29, 4, 116, 143, 31, 184, 165, 111, 195, 120, 88, 92, 86, 48, 27, 49, 95, 136, 50, 99, 112, 68, 22, 130, 140, 7, 182, 134, 162, 168, 192, 62, 167, 166, 115, 41, 28, 87, 108, 105, 26, 135, 2, 66, 53, 137, 44, 56, 171, 47, 100, 109, 60, 14, 65, 23, 180, 156, 74, 145, 198, 159, 13, 173, 174, 190, 25, 83, 9, 55, 176, 141, 121, 35, 82, 139, 94, 10, 38, 197, 67, 71, 155, 142, 16, 164, 124, 181, 149, 69, 151, 93, 185, 42, 118, 6, 37, 15, 175, 163, 148, 19, 170, 30, 196, 104, 153, 39, 199, 119, 193, 51, 113, 110, 191, 79, 24, 58, 103, 54, 81, 131, 177, 188, 8, 90, 11, 123, 127, 114, 40, 125, 61, 45, 18, 73, 106, 80, 146, 160, 147, 20, 189, 157, 77, 12, 89, 126, 17, 169, 98, 34, 194, 172, 144, 78, 138, 128, 178, 91, 57]
(w = 30) Correct Cyclicantibandwidth
Set parameter TimeLimit to value 1800
[runlim] sample:		208.9 time, 200.2 real, 610.6 MB
[runlim] sample:		218.9 time, 210.2 real, 648.2 MB
(w = 31) Value Cyclicantibandwidth: 31
Lables: [154, 105, 186, 197, 158, 142, 21, 68, 107, 159, 167, 117, 67, 85, 50, 129, 173, 2, 104, 64, 152, 51, 108, 96, 164, 1, 101, 65, 132, 62, 44, 3, 30, 183, 46, 169, 10, 76, 200, 165, 4, 177, 188, 31, 84, 124, 148, 47, 120, 87, 155, 29, 48, 82, 49, 187, 136, 59, 99, 112, 194, 22, 130, 34, 37, 193, 134, 114, 168, 54, 127, 178, 192, 115, 123, 28, 72, 182, 32, 9, 135, 52, 145, 66, 160, 42, 128, 181, 137, 121, 7, 26, 25, 60, 38, 180, 27, 33, 171, 198, 14, 190, 150, 174, 88, 94, 83, 23, 55, 176, 139, 199, 19, 196, 161, 74, 5, 39, 92, 69, 71, 102, 191, 70, 56, 146, 16, 156, 151, 17, 185, 113, 15, 118, 6, 36, 157, 35, 163, 141, 179, 149, 57, 97, 13, 143, 45, 153, 119, 73, 53, 133, 110, 93, 43, 24, 58, 20, 75, 81, 131, 111, 86, 8, 90, 11, 103, 189, 41, 40, 184, 138, 116, 18, 63, 122, 162, 106, 61, 147, 125, 109, 195, 77, 12, 89, 126, 95, 170, 98, 144, 79, 100, 140, 78, 175, 166, 172, 91, 80]
(w = 31) Correct Cyclicantibandwidth
Set parameter TimeLimit to value 1800
[runlim] sample:		229.0 time, 220.2 real, 613.6 MB
(w = 32) Value Cyclicantibandwidth: 32
Lables: [154, 75, 18, 169, 158, 150, 21, 73, 113, 1, 2, 83, 67, 89, 50, 129, 19, 189, 104, 125, 152, 84, 105, 96, 117, 20, 61, 70, 155, 33, 93, 3, 36, 183, 46, 94, 42, 76, 32, 163, 4, 177, 43, 31, 197, 156, 146, 47, 103, 87, 92, 72, 48, 95, 49, 106, 136, 139, 99, 112, 25, 22, 114, 29, 37, 200, 134, 52, 168, 54, 198, 86, 172, 119, 111, 28, 148, 182, 123, 26, 187, 13, 66, 78, 194, 127, 133, 171, 137, 100, 7, 80, 59, 65, 23, 14, 178, 116, 164, 82, 167, 5, 173, 174, 190, 170, 193, 9, 55, 176, 141, 191, 69, 196, 161, 74, 101, 186, 102, 124, 64, 45, 162, 16, 41, 44, 181, 60, 62, 179, 85, 165, 30, 118, 6, 34, 120, 192, 58, 149, 166, 51, 57, 97, 88, 143, 39, 140, 40, 142, 175, 130, 107, 145, 128, 24, 126, 35, 121, 81, 131, 160, 68, 56, 180, 11, 122, 17, 110, 8, 184, 138, 153, 91, 27, 108, 151, 188, 185, 144, 147, 15, 195, 109, 12, 135, 132, 63, 98, 159, 157, 77, 115, 38, 53, 10, 199, 71, 90, 79]
(w = 32) Correct Cyclicantibandwidth
Set parameter TimeLimit to value 1800
[runlim] sample:		239.0 time, 230.2 real, 573.5 MB
(w = 33) Value Cyclicantibandwidth: 33
Lables: [115, 75, 196, 169, 2, 137, 15, 33, 69, 107, 153, 21, 71, 85, 4, 129, 30, 66, 32, 112, 152, 84, 142, 95, 92, 78, 101, 72, 117, 81, 43, 3, 109, 18, 114, 160, 82, 148, 59, 26, 171, 139, 161, 31, 182, 125, 140, 47, 8, 87, 135, 186, 48, 120, 49, 106, 127, 37, 138, 150, 29, 103, 130, 25, 159, 193, 134, 54, 38, 10, 183, 177, 96, 56, 199, 188, 141, 83, 197, 11, 179, 52, 58, 53, 194, 79, 45, 108, 121, 100, 12, 102, 57, 65, 51, 180, 27, 191, 147, 166, 7, 200, 136, 20, 190, 185, 28, 170, 131, 143, 157, 198, 35, 172, 154, 74, 60, 155, 88, 144, 55, 68, 16, 164, 44, 40, 6, 128, 105, 17, 176, 113, 13, 118, 97, 34, 50, 195, 149, 167, 110, 184, 77, 133, 14, 146, 39, 174, 124, 94, 36, 104, 181, 168, 5, 24, 126, 19, 62, 111, 46, 173, 76, 192, 86, 67, 99, 163, 98, 187, 22, 122, 116, 90, 42, 63, 156, 158, 61, 162, 91, 189, 23, 73, 178, 89, 132, 80, 151, 1, 123, 64, 119, 9, 41, 145, 165, 70, 93, 175]
(w = 33) Correct Cyclicantibandwidth
Set parameter TimeLimit to value 1800
[runlim] sample:		249.0 time, 240.2 real, 614.6 MB
(w = 34) Value Cyclicantibandwidth: 34
Lables: [130, 17, 183, 13, 18, 114, 112, 68, 46, 80, 1, 31, 83, 39, 168, 87, 133, 8, 102, 107, 27, 84, 174, 54, 110, 154, 45, 72, 41, 50, 190, 5, 75, 148, 91, 160, 97, 78, 32, 175, 166, 120, 109, 188, 73, 53, 147, 196, 157, 36, 92, 60, 48, 51, 24, 106, 138, 82, 123, 189, 96, 99, 47, 187, 159, 184, 55, 162, 49, 128, 56, 171, 158, 77, 7, 178, 143, 185, 105, 179, 176, 65, 134, 86, 194, 37, 116, 122, 173, 100, 21, 192, 19, 104, 30, 161, 165, 70, 79, 198, 29, 200, 126, 136, 150, 25, 42, 9, 121, 111, 169, 146, 85, 199, 191, 74, 108, 195, 34, 119, 63, 132, 124, 3, 15, 172, 182, 95, 64, 142, 98, 164, 52, 118, 131, 33, 2, 40, 180, 149, 20, 197, 61, 59, 145, 144, 69, 152, 127, 67, 90, 113, 167, 193, 43, 137, 58, 11, 6, 115, 186, 26, 23, 170, 93, 135, 44, 156, 94, 16, 103, 125, 38, 10, 62, 117, 129, 35, 14, 141, 28, 155, 88, 57, 12, 89, 101, 22, 76, 4, 140, 181, 163, 139, 81, 153, 151, 71, 66, 177]
(w = 34) Correct Cyclicantibandwidth
Set parameter TimeLimit to value 1800
[runlim] sample:		259.0 time, 250.2 real, 617.6 MB
[runlim] sample:		269.0 time, 260.2 real, 617.6 MB
(w = 35) Value Cyclicantibandwidth: 35
Lables: [69, 190, 183, 4, 143, 163, 23, 91, 101, 3, 51, 73, 83, 74, 197, 104, 125, 16, 42, 169, 158, 68, 198, 103, 142, 24, 172, 107, 38, 88, 105, 11, 97, 182, 93, 134, 30, 89, 40, 64, 1, 17, 141, 46, 199, 126, 152, 184, 153, 82, 90, 31, 48, 53, 84, 121, 136, 28, 22, 137, 111, 181, 146, 18, 166, 14, 175, 138, 39, 36, 56, 85, 161, 61, 19, 120, 95, 186, 130, 57, 94, 187, 71, 75, 132, 113, 45, 77, 110, 92, 12, 21, 55, 76, 179, 180, 176, 100, 78, 6, 5, 159, 119, 195, 200, 72, 41, 156, 117, 149, 129, 154, 81, 193, 178, 67, 60, 170, 96, 27, 33, 155, 118, 52, 167, 47, 7, 65, 87, 116, 58, 148, 114, 106, 59, 139, 191, 26, 177, 34, 112, 162, 86, 123, 131, 35, 66, 165, 164, 102, 173, 127, 185, 192, 124, 25, 140, 2, 79, 145, 196, 168, 115, 9, 54, 43, 99, 20, 108, 15, 157, 147, 160, 10, 98, 50, 150, 133, 13, 135, 49, 8, 122, 62, 32, 37, 109, 63, 144, 189, 174, 80, 188, 44, 29, 151, 128, 70, 171, 194]
(w = 35) Correct Cyclicantibandwidth
Set parameter TimeLimit to value 1800
[runlim] sample:		279.1 time, 270.2 real, 574.5 MB
(w = 36) Value Cyclicantibandwidth: 36
Lables: [54, 75, 26, 93, 116, 110, 21, 37, 107, 179, 38, 92, 67, 84, 194, 129, 143, 187, 61, 64, 141, 83, 199, 82, 142, 160, 101, 147, 164, 58, 45, 3, 40, 1, 41, 150, 4, 128, 15, 148, 167, 121, 48, 31, 151, 94, 111, 193, 157, 87, 162, 177, 50, 53, 8, 106, 96, 166, 104, 112, 6, 27, 124, 24, 159, 196, 22, 51, 78, 29, 140, 86, 68, 127, 161, 185, 103, 72, 105, 57, 102, 198, 70, 28, 144, 63, 46, 126, 18, 77, 30, 14, 32, 47, 43, 120, 190, 192, 195, 2, 117, 184, 174, 197, 34, 76, 25, 9, 170, 123, 171, 49, 17, 5, 155, 74, 60, 188, 114, 186, 71, 59, 139, 56, 16, 136, 7, 39, 175, 180, 62, 169, 19, 118, 95, 130, 88, 156, 152, 149, 125, 23, 80, 97, 138, 145, 66, 158, 44, 135, 35, 137, 189, 168, 100, 176, 134, 11, 79, 119, 131, 165, 69, 52, 73, 183, 163, 36, 109, 172, 173, 182, 115, 10, 191, 81, 153, 154, 20, 133, 91, 85, 200, 99, 12, 89, 146, 42, 178, 113, 65, 98, 108, 33, 132, 122, 181, 55, 90, 13]
(w = 36) Correct Cyclicantibandwidth
Set parameter TimeLimit to value 1800
[runlim] sample:		289.1 time, 280.2 real, 619.8 MB
(w = 37) Value Cyclicantibandwidth: 37
Lables: [162, 71, 185, 83, 193, 160, 55, 24, 59, 164, 4, 104, 174, 103, 145, 129, 36, 197, 120, 22, 182, 39, 172, 18, 21, 154, 171, 65, 134, 159, 195, 194, 115, 167, 95, 34, 187, 151, 81, 180, 9, 111, 149, 7, 169, 93, 157, 5, 150, 89, 114, 79, 48, 15, 10, 186, 139, 126, 25, 28, 30, 41, 138, 67, 107, 13, 144, 17, 199, 51, 152, 96, 190, 98, 2, 189, 43, 183, 105, 178, 118, 64, 141, 68, 188, 20, 45, 132, 161, 116, 58, 16, 73, 84, 23, 66, 56, 37, 136, 44, 12, 121, 11, 168, 99, 75, 86, 196, 153, 146, 131, 77, 72, 3, 181, 50, 8, 119, 54, 123, 80, 38, 125, 53, 74, 179, 6, 140, 148, 49, 47, 112, 130, 163, 31, 57, 32, 76, 122, 91, 33, 108, 166, 137, 92, 143, 97, 109, 42, 94, 177, 173, 191, 101, 192, 35, 135, 69, 110, 142, 156, 155, 19, 170, 29, 147, 82, 176, 63, 60, 158, 62, 113, 87, 46, 78, 165, 117, 100, 133, 61, 90, 127, 184, 102, 128, 27, 85, 200, 14, 198, 106, 124, 26, 70, 40, 175, 52, 88, 1]
(w = 37) Correct Cyclicantibandwidth
Set parameter TimeLimit to value 1800
[runlim] sample:		299.1 time, 290.2 real, 621.9 MB
[runlim] sample:		309.1 time, 300.2 real, 665.2 MB
(w = 38) Value Cyclicantibandwidth: 38
Lables: [176, 99, 185, 88, 1, 150, 33, 13, 102, 200, 34, 81, 161, 85, 171, 162, 133, 10, 64, 104, 114, 191, 153, 96, 29, 46, 101, 86, 42, 175, 98, 16, 75, 183, 94, 152, 180, 143, 32, 178, 4, 115, 156, 31, 166, 108, 138, 69, 120, 87, 54, 60, 48, 50, 49, 106, 136, 146, 26, 25, 194, 17, 130, 123, 159, 9, 132, 76, 24, 184, 51, 83, 6, 66, 111, 190, 193, 182, 52, 170, 14, 35, 151, 58, 188, 36, 45, 93, 174, 141, 11, 196, 71, 73, 177, 122, 68, 23, 55, 148, 12, 157, 134, 169, 62, 63, 80, 53, 129, 158, 139, 155, 22, 3, 5, 67, 61, 187, 77, 78, 65, 110, 119, 56, 137, 40, 90, 149, 173, 128, 179, 105, 15, 118, 95, 47, 197, 41, 163, 160, 125, 109, 89, 97, 142, 144, 70, 145, 124, 113, 44, 131, 195, 168, 126, 198, 116, 57, 92, 107, 192, 172, 28, 8, 74, 2, 199, 37, 103, 27, 135, 140, 112, 91, 21, 82, 165, 117, 20, 147, 100, 189, 186, 59, 164, 30, 121, 72, 154, 38, 167, 39, 127, 43, 84, 19, 181, 7, 79, 18]
(w = 38) Correct Cyclicantibandwidth
Set parameter TimeLimit to value 1800
[runlim] sample:		319.1 time, 310.2 real, 620.9 MB
[runlim] sample:		329.1 time, 320.2 real, 810.0 MB
[runlim] sample:		341.3 time, 330.2 real, 978.4 MB
[runlim] sample:		371.4 time, 340.2 real, 1002.5 MB
[runlim] sample:		401.4 time, 350.2 real, 864.7 MB
[runlim] sample:		431.4 time, 360.2 real, 1184.3 MB
[runlim] sample:		461.4 time, 370.2 real, 2112.8 MB
[runlim] sample:		491.4 time, 380.2 real, 2635.1 MB
[runlim] sample:		521.5 time, 390.2 real, 2853.2 MB
[runlim] sample:		545.6 time, 400.2 real, 869.2 MB
[runlim] sample:		556.4 time, 410.2 real, 745.5 MB
[runlim] sample:		566.6 time, 420.2 real, 745.8 MB
[runlim] sample:		576.8 time, 430.2 real, 745.8 MB
[runlim] sample:		587.0 time, 440.2 real, 749.8 MB
[runlim] sample:		597.2 time, 450.2 real, 751.8 MB
[runlim] sample:		607.4 time, 460.2 real, 751.8 MB
[runlim] sample:		617.6 time, 470.2 real, 751.8 MB
[runlim] sample:		627.8 time, 480.2 real, 751.8 MB
[runlim] sample:		638.0 time, 490.2 real, 752.0 MB
[runlim] sample:		648.2 time, 500.2 real, 752.0 MB
[runlim] sample:		658.5 time, 510.2 real, 752.0 MB
[runlim] sample:		668.7 time, 520.2 real, 752.0 MB
[runlim] sample:		678.9 time, 530.2 real, 752.0 MB
[runlim] sample:		689.1 time, 540.2 real, 752.0 MB
[runlim] sample:		699.3 time, 550.2 real, 752.0 MB
[runlim] sample:		709.5 time, 560.2 real, 752.0 MB
[runlim] sample:		719.8 time, 570.2 real, 754.0 MB
[runlim] sample:		730.0 time, 580.2 real, 756.0 MB
[runlim] sample:		740.2 time, 590.2 real, 756.0 MB
[runlim] sample:		750.4 time, 600.2 real, 758.0 MB
[runlim] sample:		760.6 time, 610.2 real, 758.0 MB
[runlim] sample:		770.8 time, 620.2 real, 758.0 MB
[runlim] sample:		781.1 time, 630.2 real, 758.0 MB
[runlim] sample:		791.3 time, 640.2 real, 758.0 MB
[runlim] sample:		801.5 time, 650.2 real, 758.0 MB
[runlim] sample:		811.7 time, 660.2 real, 758.0 MB
[runlim] sample:		821.9 time, 670.2 real, 760.0 MB
[runlim] sample:		832.1 time, 680.2 real, 760.0 MB
[runlim] sample:		842.3 time, 690.2 real, 760.0 MB
[runlim] sample:		852.5 time, 700.2 real, 760.0 MB
[runlim] sample:		862.7 time, 710.2 real, 760.0 MB
[runlim] sample:		872.9 time, 720.2 real, 760.0 MB
[runlim] sample:		883.1 time, 730.2 real, 760.0 MB
[runlim] sample:		893.3 time, 740.2 real, 760.0 MB
[runlim] sample:		903.5 time, 750.2 real, 760.0 MB
[runlim] sample:		913.7 time, 760.2 real, 760.0 MB
[runlim] sample:		924.0 time, 770.2 real, 760.0 MB
[runlim] sample:		934.2 time, 780.2 real, 948.3 MB
[runlim] sample:		944.4 time, 790.2 real, 1492.2 MB
[runlim] sample:		954.6 time, 800.2 real, 1669.3 MB
[runlim] sample:		964.8 time, 810.2 real, 1706.4 MB
[runlim] sample:		975.0 time, 820.2 real, 1706.4 MB
[runlim] sample:		985.3 time, 830.2 real, 1707.0 MB
[runlim] sample:		995.5 time, 840.2 real, 1707.0 MB
[runlim] sample:		1005.7 time, 850.2 real, 1707.0 MB
[runlim] sample:		1015.9 time, 860.2 real, 1707.0 MB
[runlim] sample:		1026.2 time, 870.2 real, 1707.0 MB
[runlim] sample:		1036.4 time, 880.2 real, 1707.0 MB
[runlim] sample:		1046.6 time, 890.2 real, 1707.0 MB
[runlim] sample:		1056.8 time, 900.2 real, 1707.0 MB
[runlim] sample:		1067.0 time, 910.2 real, 1707.0 MB
[runlim] sample:		1077.3 time, 920.2 real, 1707.0 MB
[runlim] sample:		1087.5 time, 930.2 real, 1707.0 MB
[runlim] sample:		1097.8 time, 940.2 real, 1707.0 MB
[runlim] sample:		1108.0 time, 950.2 real, 1707.3 MB
[runlim] sample:		1118.2 time, 960.2 real, 1707.3 MB
[runlim] sample:		1128.4 time, 970.2 real, 1707.3 MB
[runlim] sample:		1138.7 time, 980.2 real, 1707.3 MB
[runlim] sample:		1148.9 time, 990.2 real, 1707.3 MB
[runlim] sample:		1159.1 time, 1000.2 real, 1707.3 MB
[runlim] sample:		1169.3 time, 1010.2 real, 1707.3 MB
[runlim] sample:		1179.5 time, 1020.2 real, 1707.3 MB
[runlim] sample:		1189.8 time, 1030.2 real, 1707.3 MB
[runlim] sample:		1200.0 time, 1040.2 real, 1707.3 MB
[runlim] sample:		1210.2 time, 1050.2 real, 1707.3 MB
[runlim] sample:		1220.5 time, 1060.2 real, 1707.3 MB
[runlim] sample:		1230.7 time, 1070.2 real, 1707.3 MB
[runlim] sample:		1241.0 time, 1080.2 real, 1707.3 MB
[runlim] sample:		1251.2 time, 1090.2 real, 1707.3 MB
[runlim] sample:		1261.5 time, 1100.2 real, 1707.3 MB
[runlim] sample:		1271.7 time, 1110.2 real, 1707.3 MB
[runlim] sample:		1282.0 time, 1120.2 real, 1707.3 MB
[runlim] sample:		1292.2 time, 1130.2 real, 1707.3 MB
[runlim] sample:		1302.4 time, 1140.2 real, 1707.3 MB
[runlim] sample:		1312.6 time, 1150.2 real, 1707.3 MB
[runlim] sample:		1322.8 time, 1160.2 real, 1707.3 MB
[runlim] sample:		1333.1 time, 1170.2 real, 1707.3 MB
[runlim] sample:		1343.3 time, 1180.2 real, 1707.3 MB
[runlim] sample:		1353.5 time, 1190.2 real, 1707.3 MB
[runlim] sample:		1363.7 time, 1200.2 real, 1707.3 MB
[runlim] sample:		1374.0 time, 1210.2 real, 1707.3 MB
[runlim] sample:		1384.2 time, 1220.2 real, 1765.5 MB
[runlim] sample:		1394.5 time, 1230.2 real, 1975.8 MB
[runlim] sample:		1404.7 time, 1240.2 real, 2146.0 MB
[runlim] sample:		1414.9 time, 1250.2 real, 2147.5 MB
[runlim] sample:		1425.1 time, 1260.2 real, 2147.5 MB
[runlim] sample:		1435.4 time, 1270.2 real, 2147.5 MB
[runlim] sample:		1445.6 time, 1280.2 real, 2147.5 MB
[runlim] sample:		1455.8 time, 1290.2 real, 2147.5 MB
[runlim] sample:		1466.0 time, 1300.2 real, 2147.5 MB
[runlim] sample:		1476.2 time, 1310.2 real, 2147.5 MB
[runlim] sample:		1486.5 time, 1320.2 real, 2147.5 MB
[runlim] sample:		1496.7 time, 1330.2 real, 2147.5 MB
[runlim] sample:		1506.9 time, 1340.2 real, 2147.5 MB
[runlim] sample:		1517.1 time, 1350.2 real, 2147.5 MB
[runlim] sample:		1527.3 time, 1360.2 real, 2147.5 MB
[runlim] sample:		1537.5 time, 1370.2 real, 2147.5 MB
[runlim] sample:		1547.8 time, 1380.2 real, 2147.5 MB
[runlim] sample:		1558.0 time, 1390.2 real, 2147.5 MB
[runlim] sample:		1568.2 time, 1400.2 real, 2147.5 MB
[runlim] sample:		1578.4 time, 1410.2 real, 2147.5 MB
[runlim] sample:		1588.7 time, 1420.2 real, 2147.5 MB
[runlim] sample:		1598.9 time, 1430.2 real, 2147.5 MB
[runlim] sample:		1609.2 time, 1440.2 real, 2147.5 MB
[runlim] sample:		1619.4 time, 1450.2 real, 2147.5 MB
[runlim] sample:		1629.7 time, 1460.2 real, 2147.5 MB
[runlim] sample:		1639.9 time, 1470.2 real, 2147.5 MB
[runlim] sample:		1650.2 time, 1480.2 real, 2147.5 MB
[runlim] sample:		1660.4 time, 1490.2 real, 2147.5 MB
[runlim] sample:		1670.7 time, 1500.2 real, 2147.8 MB
[runlim] sample:		1680.9 time, 1510.2 real, 2147.8 MB
[runlim] sample:		1691.1 time, 1520.2 real, 2147.8 MB
[runlim] sample:		1701.3 time, 1530.2 real, 2147.8 MB
[runlim] sample:		1711.6 time, 1540.2 real, 2147.8 MB
[runlim] sample:		1721.8 time, 1550.2 real, 2147.8 MB
[runlim] sample:		1732.0 time, 1560.2 real, 2147.8 MB
[runlim] sample:		1742.3 time, 1570.2 real, 2147.8 MB
[runlim] sample:		1752.5 time, 1580.2 real, 2147.8 MB
[runlim] sample:		1762.7 time, 1590.2 real, 2147.8 MB
[runlim] sample:		1773.0 time, 1600.2 real, 2147.8 MB
[runlim] sample:		1783.2 time, 1610.2 real, 2147.8 MB
[runlim] sample:		1793.5 time, 1620.2 real, 2147.8 MB
[runlim] sample:		1803.7 time, 1630.2 real, 2147.8 MB
[runlim] sample:		1813.9 time, 1640.2 real, 2147.8 MB
[runlim] sample:		1824.1 time, 1650.2 real, 2147.8 MB
[runlim] sample:		1834.3 time, 1660.2 real, 2147.8 MB
[runlim] sample:		1844.5 time, 1670.2 real, 2147.8 MB
[runlim] sample:		1854.8 time, 1680.2 real, 2147.8 MB
[runlim] sample:		1865.0 time, 1690.2 real, 2147.8 MB
[runlim] sample:		1875.2 time, 1700.2 real, 2147.8 MB
[runlim] sample:		1885.4 time, 1710.2 real, 2147.8 MB
[runlim] sample:		1895.6 time, 1720.2 real, 2147.8 MB
[runlim] sample:		1905.9 time, 1730.2 real, 2147.8 MB
[runlim] sample:		1916.1 time, 1740.2 real, 2147.8 MB
[runlim] sample:		1926.3 time, 1750.2 real, 2147.8 MB
[runlim] sample:		1936.5 time, 1760.2 real, 2147.8 MB
[runlim] sample:		1946.7 time, 1770.2 real, 2147.8 MB
[runlim] sample:		1957.0 time, 1780.2 real, 2147.8 MB
[runlim] sample:		1967.2 time, 1790.2 real, 2147.8 MB
[runlim] end:			Wed Nov 12 21:53:44 2025
[runlim] status:		out of time
[runlim] result:		2
[runlim] children:		0
[runlim] real:			1800.12 seconds
[runlim] time:			1977.29 seconds
[runlim] space:			2917.5 MB
[runlim] samples:		17999
