[runlim] version:		1.10
[runlim] time limit:		311040000 seconds
[runlim] real time limit:	1800 seconds
[runlim] space limit:		30000 MB
[runlim] argv[0]:		python3
[runlim] argv[1]:		model.py
[runlim] argv[2]:		./graph/random_generated_graph_2013/p28_200_400
[runlim] start:			Wed Nov 12 22:53:44 2025
[runlim] main pid:		48714
[runlim] log captured:
Set parameter WLSAccessID
Set parameter WLSSecret
Set parameter LicenseID to value 2663665
Academic license 2663665 - for non-commercial use only - registered to tu___@vnu.edu.vn
Set parameter TimeLimit to value 1800
(w = 4) Value Cyclicantibandwidth: 4
Lables: [154, 5, 186, 169, 31, 150, 21, 68, 107, 1, 166, 183, 67, 85, 50, 129, 133, 102, 104, 64, 124, 84, 56, 96, 60, 33, 101, 72, 82, 128, 185, 108, 141, 117, 167, 11, 42, 76, 32, 29, 4, 119, 94, 187, 88, 165, 79, 66, 138, 87, 92, 173, 134, 95, 190, 106, 136, 41, 120, 180, 142, 22, 38, 158, 55, 193, 3, 114, 168, 54, 130, 51, 122, 112, 152, 28, 34, 182, 105, 26, 135, 52, 189, 192, 194, 200, 99, 171, 98, 161, 74, 63, 59, 65, 23, 184, 27, 6, 145, 62, 47, 118, 143, 90, 147, 25, 155, 70, 170, 159, 100, 191, 35, 164, 80, 176, 45, 93, 197, 177, 149, 156, 18, 46, 126, 115, 172, 139, 195, 17, 71, 113, 15, 57, 30, 83, 97, 20, 163, 91, 73, 116, 103, 146, 131, 179, 39, 148, 40, 53, 81, 2, 111, 9, 43, 109, 58, 13, 121, 44, 174, 16, 188, 160, 75, 110, 37, 196, 181, 157, 199, 61, 151, 7, 69, 123, 162, 137, 127, 77, 14, 8, 10, 12, 78, 153, 49, 48, 178, 144, 198, 89, 36, 140, 132, 19, 175, 125, 86, 24]
(w = 4) Correct Cyclicantibandwidth
Set parameter TimeLimit to value 1800
(w = 5) Value Cyclicantibandwidth: 5
Lables: [154, 5, 186, 169, 158, 150, 21, 68, 107, 1, 166, 183, 67, 85, 50, 129, 133, 102, 104, 64, 124, 84, 56, 96, 60, 33, 101, 72, 82, 128, 185, 108, 141, 117, 167, 11, 42, 76, 32, 29, 4, 119, 94, 164, 88, 165, 79, 37, 138, 87, 92, 173, 134, 95, 49, 106, 136, 41, 14, 180, 142, 22, 38, 187, 55, 193, 3, 114, 168, 54, 130, 51, 122, 112, 152, 28, 34, 182, 105, 26, 135, 52, 66, 192, 194, 200, 99, 171, 98, 161, 74, 131, 59, 65, 23, 113, 27, 6, 145, 62, 40, 118, 143, 47, 190, 25, 83, 70, 170, 159, 100, 191, 35, 31, 80, 176, 45, 93, 155, 177, 149, 156, 18, 46, 126, 115, 172, 139, 195, 17, 71, 147, 15, 184, 30, 58, 97, 20, 163, 91, 73, 116, 103, 146, 10, 179, 39, 148, 132, 53, 81, 2, 111, 9, 197, 109, 63, 19, 121, 13, 174, 188, 144, 90, 75, 8, 44, 196, 43, 157, 199, 61, 151, 7, 69, 123, 162, 137, 127, 77, 89, 125, 78, 120, 181, 153, 189, 48, 178, 175, 198, 36, 57, 140, 86, 16, 160, 110, 12, 24]
(w = 5) Correct Cyclicantibandwidth
Set parameter TimeLimit to value 1800
(w = 6) Value Cyclicantibandwidth: 6
Lables: [154, 5, 100, 169, 158, 150, 21, 68, 107, 1, 166, 183, 67, 85, 50, 129, 133, 102, 104, 64, 124, 84, 56, 96, 60, 33, 101, 72, 82, 128, 185, 108, 141, 117, 167, 11, 42, 76, 32, 29, 4, 119, 94, 164, 88, 165, 79, 37, 138, 87, 92, 173, 134, 95, 49, 106, 136, 41, 120, 180, 142, 22, 38, 187, 55, 193, 3, 114, 168, 54, 130, 51, 122, 112, 152, 28, 34, 182, 105, 26, 135, 52, 66, 192, 194, 200, 99, 171, 98, 161, 74, 131, 59, 65, 23, 113, 27, 6, 145, 62, 40, 118, 143, 47, 190, 25, 83, 70, 170, 159, 110, 191, 35, 31, 80, 176, 45, 93, 155, 177, 149, 156, 18, 46, 126, 115, 172, 139, 195, 17, 71, 147, 15, 184, 30, 58, 97, 20, 163, 91, 73, 188, 103, 146, 10, 179, 39, 148, 132, 53, 81, 2, 111, 9, 197, 109, 63, 19, 121, 13, 174, 186, 144, 90, 75, 8, 44, 196, 43, 157, 199, 61, 151, 7, 69, 123, 162, 137, 127, 77, 125, 78, 14, 12, 181, 153, 175, 48, 178, 16, 189, 36, 57, 140, 86, 116, 160, 24, 198, 89]
(w = 6) Correct Cyclicantibandwidth
Set parameter TimeLimit to value 1800
[runlim] sample:		10.0 time, 10.1 real, 144.2 MB
(w = 7) Value Cyclicantibandwidth: 7
Lables: [154, 5, 186, 169, 158, 150, 21, 68, 107, 1, 166, 183, 67, 85, 50, 129, 133, 102, 104, 64, 124, 84, 56, 96, 60, 33, 101, 72, 82, 128, 185, 108, 141, 117, 167, 11, 42, 76, 32, 29, 4, 119, 94, 164, 88, 43, 79, 37, 138, 87, 92, 173, 134, 95, 49, 106, 136, 41, 120, 180, 142, 22, 38, 187, 55, 193, 3, 114, 168, 54, 130, 51, 122, 112, 152, 28, 34, 182, 105, 10, 135, 52, 66, 192, 26, 200, 99, 171, 98, 161, 74, 131, 59, 65, 23, 113, 27, 6, 145, 62, 40, 118, 143, 47, 190, 25, 83, 70, 170, 159, 139, 191, 35, 31, 80, 176, 45, 93, 155, 177, 149, 156, 18, 46, 126, 115, 172, 123, 195, 17, 71, 147, 15, 184, 30, 58, 97, 20, 163, 91, 73, 188, 103, 146, 194, 179, 39, 148, 132, 53, 81, 2, 111, 9, 197, 109, 63, 100, 121, 13, 165, 110, 144, 90, 75, 8, 44, 196, 174, 157, 199, 61, 151, 7, 69, 162, 78, 137, 127, 77, 125, 178, 160, 12, 181, 19, 175, 48, 116, 16, 189, 36, 14, 57, 86, 198, 153, 140, 24, 89]
(w = 7) Correct Cyclicantibandwidth
Set parameter TimeLimit to value 1800
(w = 8) Value Cyclicantibandwidth: 8
Lables: [154, 5, 186, 169, 158, 150, 21, 68, 107, 1, 166, 183, 67, 85, 50, 129, 133, 102, 104, 64, 124, 84, 56, 96, 60, 33, 101, 72, 82, 128, 185, 108, 141, 117, 167, 37, 42, 76, 32, 29, 4, 119, 94, 164, 88, 165, 79, 191, 138, 36, 92, 173, 134, 95, 49, 106, 136, 41, 120, 180, 142, 22, 38, 187, 55, 193, 3, 114, 168, 54, 130, 51, 122, 112, 152, 28, 34, 182, 105, 26, 135, 52, 66, 192, 194, 200, 99, 171, 98, 161, 87, 131, 59, 65, 23, 113, 27, 6, 145, 62, 40, 118, 143, 47, 190, 25, 83, 70, 170, 69, 139, 11, 35, 31, 80, 176, 45, 93, 155, 177, 149, 156, 18, 46, 126, 115, 172, 123, 195, 17, 71, 147, 15, 159, 30, 184, 97, 198, 163, 91, 73, 188, 103, 146, 10, 179, 39, 148, 57, 74, 81, 2, 111, 9, 197, 109, 63, 100, 121, 13, 16, 110, 19, 90, 174, 8, 44, 196, 181, 157, 199, 61, 151, 43, 175, 162, 78, 137, 127, 77, 125, 132, 160, 12, 153, 116, 20, 48, 178, 144, 189, 53, 14, 7, 86, 75, 24, 140, 58, 89]
(w = 8) Correct Cyclicantibandwidth
Set parameter TimeLimit to value 1800
(w = 9) Value Cyclicantibandwidth: 9
Lables: [154, 5, 186, 169, 158, 150, 21, 68, 107, 1, 166, 18, 67, 85, 50, 25, 133, 102, 104, 64, 124, 84, 56, 96, 60, 33, 101, 72, 82, 128, 185, 30, 141, 117, 12, 11, 42, 76, 32, 55, 121, 7, 94, 149, 88, 165, 79, 37, 138, 87, 92, 173, 134, 4, 49, 106, 136, 41, 137, 180, 142, 22, 38, 187, 26, 193, 3, 114, 129, 54, 130, 29, 122, 112, 152, 28, 34, 182, 170, 120, 135, 52, 66, 192, 194, 200, 99, 171, 98, 161, 74, 95, 59, 65, 23, 113, 27, 6, 145, 62, 40, 118, 143, 47, 190, 46, 83, 70, 51, 69, 191, 108, 35, 31, 80, 176, 179, 93, 155, 177, 105, 156, 97, 111, 126, 115, 172, 139, 195, 17, 71, 147, 15, 159, 184, 58, 110, 57, 163, 91, 78, 188, 103, 146, 131, 81, 39, 148, 132, 181, 168, 2, 53, 9, 197, 109, 63, 100, 119, 13, 16, 75, 19, 164, 174, 8, 44, 196, 89, 157, 199, 61, 151, 43, 175, 123, 162, 183, 127, 77, 14, 125, 10, 45, 90, 153, 20, 48, 178, 144, 189, 116, 73, 140, 86, 198, 160, 36, 24, 167]
(w = 9) Correct Cyclicantibandwidth
Set parameter TimeLimit to value 1800
[runlim] sample:		20.0 time, 20.1 real, 168.9 MB
(w = 10) Value Cyclicantibandwidth: 10
Lables: [154, 5, 186, 169, 158, 150, 21, 68, 107, 1, 166, 183, 67, 85, 50, 129, 133, 102, 104, 64, 124, 84, 56, 96, 60, 33, 101, 72, 82, 128, 185, 108, 141, 198, 167, 11, 42, 76, 32, 29, 45, 119, 94, 147, 88, 165, 79, 37, 138, 87, 92, 173, 134, 4, 49, 106, 136, 41, 120, 180, 142, 22, 38, 164, 55, 193, 3, 114, 168, 54, 130, 51, 122, 112, 152, 28, 34, 182, 105, 26, 135, 52, 66, 192, 194, 200, 99, 171, 98, 161, 74, 95, 59, 65, 23, 113, 27, 6, 145, 62, 40, 118, 143, 47, 190, 43, 83, 70, 170, 69, 97, 191, 35, 31, 80, 176, 179, 93, 155, 177, 149, 156, 18, 46, 126, 115, 172, 139, 195, 17, 71, 117, 15, 184, 25, 58, 110, 57, 163, 91, 73, 188, 159, 146, 131, 103, 39, 148, 132, 181, 81, 2, 53, 9, 197, 109, 63, 19, 36, 13, 16, 121, 111, 90, 174, 8, 44, 196, 24, 157, 61, 199, 151, 153, 175, 123, 162, 137, 187, 77, 14, 125, 10, 12, 78, 116, 100, 48, 20, 144, 189, 89, 7, 140, 86, 75, 127, 160, 178, 30]
(w = 10) Correct Cyclicantibandwidth
Set parameter TimeLimit to value 1800
(w = 11) Value Cyclicantibandwidth: 11
Lables: [154, 5, 186, 169, 158, 150, 21, 68, 107, 1, 166, 183, 67, 85, 50, 129, 133, 102, 104, 42, 124, 84, 56, 96, 60, 70, 101, 72, 176, 128, 185, 108, 141, 2, 46, 11, 160, 76, 32, 29, 45, 119, 94, 164, 88, 165, 79, 37, 138, 87, 92, 117, 134, 4, 49, 106, 136, 41, 120, 180, 200, 22, 38, 187, 55, 193, 3, 114, 168, 54, 130, 51, 122, 112, 152, 28, 34, 182, 105, 26, 135, 33, 66, 192, 194, 64, 99, 171, 98, 161, 74, 95, 59, 65, 23, 113, 27, 6, 145, 62, 40, 118, 173, 47, 190, 43, 83, 162, 170, 69, 97, 191, 35, 31, 80, 52, 179, 93, 155, 177, 149, 156, 18, 16, 126, 115, 172, 139, 195, 17, 71, 199, 15, 184, 25, 58, 110, 57, 142, 91, 73, 188, 159, 146, 175, 103, 39, 148, 132, 181, 81, 137, 53, 143, 10, 109, 63, 19, 36, 13, 131, 121, 111, 90, 174, 8, 44, 196, 147, 157, 9, 82, 151, 153, 78, 123, 20, 127, 198, 77, 14, 125, 100, 12, 197, 116, 75, 48, 178, 144, 189, 89, 61, 7, 86, 30, 24, 163, 140, 167]
(w = 11) Correct Cyclicantibandwidth
Set parameter TimeLimit to value 1800
[runlim] sample:		30.1 time, 30.1 real, 199.6 MB
(w = 12) Value Cyclicantibandwidth: 12
Lables: [154, 5, 186, 169, 158, 150, 21, 68, 107, 1, 166, 183, 67, 85, 50, 129, 133, 102, 104, 64, 124, 84, 56, 46, 60, 33, 101, 72, 82, 128, 185, 108, 141, 2, 167, 11, 110, 76, 32, 29, 45, 119, 94, 164, 88, 165, 79, 37, 138, 87, 92, 117, 134, 4, 49, 106, 136, 41, 120, 180, 142, 22, 38, 187, 55, 193, 3, 114, 168, 54, 130, 51, 122, 112, 152, 28, 34, 182, 105, 26, 135, 8, 66, 192, 194, 200, 99, 171, 98, 161, 74, 95, 59, 65, 23, 113, 27, 6, 145, 62, 40, 118, 139, 47, 173, 13, 83, 178, 170, 69, 97, 191, 35, 31, 80, 176, 179, 93, 155, 177, 149, 156, 18, 42, 126, 115, 172, 96, 195, 17, 52, 199, 15, 184, 25, 58, 190, 57, 163, 91, 73, 188, 159, 146, 131, 103, 39, 148, 132, 181, 81, 137, 53, 143, 43, 109, 63, 19, 36, 70, 9, 16, 111, 90, 174, 24, 44, 196, 71, 157, 61, 162, 151, 153, 175, 123, 20, 127, 198, 77, 14, 125, 78, 12, 197, 116, 100, 48, 7, 144, 189, 89, 75, 140, 86, 121, 30, 160, 10, 147]
(w = 12) Correct Cyclicantibandwidth
Set parameter TimeLimit to value 1800
(w = 13) Value Cyclicantibandwidth: 13
Lables: [154, 5, 186, 169, 158, 150, 21, 68, 107, 1, 166, 183, 67, 85, 50, 129, 133, 102, 104, 64, 124, 84, 56, 96, 60, 33, 101, 72, 82, 128, 185, 108, 141, 2, 167, 11, 42, 76, 32, 29, 45, 119, 94, 164, 88, 165, 79, 37, 138, 87, 92, 117, 134, 4, 58, 106, 136, 41, 120, 180, 142, 22, 38, 187, 55, 193, 3, 114, 168, 49, 130, 51, 122, 112, 152, 28, 34, 182, 105, 26, 135, 8, 66, 192, 109, 200, 99, 171, 98, 161, 74, 95, 59, 65, 23, 113, 27, 6, 145, 62, 40, 118, 173, 47, 147, 13, 83, 178, 170, 69, 97, 191, 35, 31, 80, 176, 179, 93, 155, 177, 149, 156, 18, 46, 126, 115, 172, 139, 195, 17, 52, 199, 15, 57, 184, 54, 110, 12, 163, 91, 73, 188, 159, 146, 131, 103, 39, 148, 132, 181, 81, 137, 53, 25, 43, 196, 63, 19, 36, 70, 9, 16, 111, 90, 174, 143, 44, 24, 71, 194, 61, 162, 151, 153, 175, 123, 20, 127, 198, 77, 14, 125, 78, 86, 197, 116, 100, 48, 7, 144, 189, 89, 75, 140, 190, 121, 30, 160, 10, 157]
(w = 13) Correct Cyclicantibandwidth
Set parameter TimeLimit to value 1800
[runlim] sample:		40.1 time, 40.1 real, 234.5 MB
(w = 14) Value Cyclicantibandwidth: 14
Lables: [154, 5, 186, 169, 158, 150, 21, 68, 107, 1, 166, 183, 67, 85, 50, 129, 133, 197, 104, 64, 124, 84, 56, 96, 60, 33, 101, 72, 82, 128, 185, 108, 141, 2, 167, 11, 42, 76, 32, 29, 45, 119, 94, 164, 88, 165, 79, 126, 138, 87, 92, 117, 134, 4, 190, 106, 136, 41, 120, 180, 142, 22, 38, 187, 55, 193, 3, 114, 168, 54, 130, 51, 122, 112, 152, 28, 34, 182, 105, 26, 135, 8, 159, 192, 10, 200, 99, 171, 98, 161, 74, 95, 59, 65, 23, 113, 27, 6, 145, 62, 40, 118, 173, 47, 147, 13, 83, 178, 170, 69, 97, 191, 35, 31, 80, 37, 179, 93, 155, 177, 149, 156, 18, 46, 176, 115, 172, 139, 195, 189, 52, 199, 15, 57, 184, 58, 110, 12, 194, 91, 73, 188, 103, 146, 131, 81, 102, 148, 132, 181, 162, 137, 53, 25, 43, 109, 63, 19, 36, 17, 70, 121, 111, 90, 174, 143, 44, 196, 71, 157, 9, 61, 151, 153, 66, 123, 20, 127, 160, 77, 14, 125, 78, 86, 49, 116, 100, 48, 7, 144, 198, 89, 75, 140, 175, 16, 30, 163, 24, 39]
(w = 14) Correct Cyclicantibandwidth
Set parameter TimeLimit to value 1800
[runlim] sample:		50.1 time, 50.1 real, 243.7 MB
(w = 15) Value Cyclicantibandwidth: 15
Lables: [136, 43, 95, 192, 158, 176, 152, 39, 185, 34, 109, 183, 18, 85, 50, 125, 133, 102, 104, 64, 124, 84, 138, 96, 161, 33, 101, 168, 100, 66, 35, 108, 141, 80, 167, 11, 42, 76, 10, 29, 111, 145, 94, 164, 88, 105, 79, 110, 41, 4, 93, 2, 134, 27, 49, 47, 175, 131, 120, 180, 186, 22, 38, 169, 55, 193, 3, 114, 194, 54, 130, 181, 122, 112, 155, 28, 97, 182, 178, 113, 196, 8, 159, 139, 16, 154, 81, 171, 31, 137, 74, 135, 59, 65, 58, 89, 140, 6, 90, 62, 44, 118, 21, 68, 147, 195, 107, 82, 170, 56, 128, 191, 166, 179, 45, 14, 52, 32, 119, 200, 149, 156, 98, 142, 143, 115, 172, 116, 51, 160, 92, 199, 40, 187, 30, 184, 78, 12, 129, 91, 17, 188, 103, 146, 67, 15, 23, 148, 132, 177, 162, 197, 53, 25, 71, 198, 63, 60, 75, 153, 70, 121, 189, 86, 117, 24, 13, 26, 73, 157, 9, 61, 151, 72, 173, 123, 46, 165, 144, 77, 83, 19, 127, 20, 87, 1, 126, 48, 150, 174, 5, 99, 7, 106, 190, 37, 36, 163, 57, 69]
(w = 15) Correct Cyclicantibandwidth
Set parameter TimeLimit to value 1800
(w = 16) Value Cyclicantibandwidth: 16
Lables: [154, 5, 186, 169, 158, 150, 21, 68, 107, 1, 166, 183, 67, 69, 50, 129, 133, 102, 104, 64, 124, 84, 56, 96, 60, 33, 101, 72, 82, 128, 185, 108, 141, 173, 167, 11, 172, 76, 32, 29, 45, 119, 42, 164, 88, 165, 79, 110, 31, 87, 92, 117, 134, 4, 49, 106, 136, 41, 120, 180, 142, 22, 38, 187, 55, 193, 3, 114, 168, 54, 130, 51, 122, 112, 152, 28, 34, 182, 105, 179, 135, 52, 159, 192, 10, 200, 99, 171, 98, 161, 74, 95, 59, 65, 23, 113, 27, 6, 145, 121, 40, 118, 8, 47, 147, 13, 83, 178, 36, 100, 97, 191, 35, 127, 26, 176, 46, 93, 170, 177, 149, 156, 18, 151, 143, 80, 175, 139, 195, 160, 71, 199, 15, 138, 30, 184, 155, 20, 194, 91, 73, 188, 103, 146, 61, 81, 39, 148, 57, 53, 162, 137, 111, 25, 48, 109, 63, 19, 89, 17, 70, 75, 44, 116, 174, 2, 90, 196, 43, 157, 131, 86, 132, 153, 66, 123, 189, 115, 198, 77, 14, 125, 78, 12, 197, 7, 126, 94, 181, 144, 190, 24, 62, 140, 163, 37, 9, 58, 16, 85]
(w = 16) Correct Cyclicantibandwidth
Set parameter TimeLimit to value 1800
[runlim] sample:		60.1 time, 60.1 real, 255.1 MB
(w = 17) Value Cyclicantibandwidth: 17
Lables: [154, 5, 186, 169, 158, 150, 21, 68, 107, 1, 166, 183, 67, 85, 50, 129, 133, 102, 104, 64, 198, 84, 56, 96, 60, 33, 101, 72, 82, 128, 185, 108, 141, 2, 167, 11, 172, 76, 32, 29, 45, 119, 42, 164, 88, 124, 79, 110, 31, 87, 92, 117, 134, 4, 49, 106, 136, 41, 120, 180, 142, 22, 38, 187, 55, 193, 3, 114, 168, 54, 130, 51, 122, 112, 152, 28, 34, 182, 105, 179, 135, 52, 159, 192, 10, 200, 99, 171, 98, 161, 74, 95, 59, 65, 23, 113, 27, 6, 160, 121, 40, 118, 173, 47, 147, 13, 83, 178, 36, 100, 97, 191, 35, 127, 26, 176, 46, 93, 170, 177, 149, 156, 18, 151, 143, 80, 175, 139, 195, 69, 71, 199, 15, 138, 30, 184, 155, 20, 194, 91, 73, 25, 103, 146, 61, 81, 39, 148, 57, 53, 162, 137, 111, 9, 48, 109, 63, 19, 89, 17, 70, 75, 188, 116, 174, 8, 90, 196, 43, 157, 131, 86, 132, 153, 66, 123, 189, 115, 165, 77, 14, 125, 78, 12, 197, 7, 126, 44, 181, 144, 190, 24, 62, 140, 163, 37, 16, 58, 145, 94]
(w = 17) Correct Cyclicantibandwidth
Set parameter TimeLimit to value 1800
[runlim] sample:		70.1 time, 70.1 real, 283.7 MB
(w = 18) Value Cyclicantibandwidth: 18
Lables: [154, 5, 186, 169, 158, 175, 21, 68, 107, 1, 166, 183, 67, 85, 50, 129, 133, 102, 104, 64, 124, 84, 56, 96, 60, 33, 101, 72, 100, 128, 185, 108, 59, 2, 167, 11, 172, 76, 32, 182, 45, 119, 42, 164, 88, 165, 79, 110, 31, 87, 92, 117, 134, 4, 49, 106, 136, 41, 120, 180, 142, 22, 38, 187, 55, 193, 3, 114, 150, 54, 130, 51, 122, 112, 152, 29, 34, 28, 105, 179, 135, 52, 159, 192, 10, 200, 99, 171, 98, 161, 74, 95, 82, 65, 23, 113, 27, 6, 145, 121, 40, 118, 173, 47, 147, 13, 83, 178, 36, 69, 97, 191, 35, 127, 26, 176, 46, 93, 170, 177, 149, 156, 18, 151, 143, 80, 168, 139, 195, 115, 71, 199, 15, 138, 30, 184, 155, 20, 194, 91, 73, 25, 103, 146, 61, 81, 39, 148, 57, 53, 162, 137, 111, 9, 48, 109, 63, 19, 89, 141, 70, 75, 188, 116, 174, 8, 90, 196, 43, 157, 17, 86, 132, 153, 66, 123, 189, 144, 198, 77, 14, 125, 78, 12, 197, 7, 126, 44, 181, 24, 160, 37, 62, 16, 163, 131, 190, 58, 140, 94]
(w = 18) Correct Cyclicantibandwidth
Set parameter TimeLimit to value 1800
(w = 19) Value Cyclicantibandwidth: 19
Lables: [154, 5, 186, 169, 158, 150, 21, 68, 107, 1, 166, 183, 67, 85, 50, 129, 133, 102, 104, 64, 124, 115, 56, 96, 60, 33, 101, 72, 82, 128, 185, 108, 141, 2, 167, 11, 172, 76, 32, 29, 45, 119, 42, 164, 88, 165, 79, 110, 22, 87, 92, 117, 134, 4, 49, 106, 136, 41, 120, 180, 145, 137, 112, 159, 55, 193, 3, 114, 168, 54, 130, 51, 122, 38, 84, 30, 34, 182, 105, 179, 135, 52, 152, 192, 28, 200, 99, 171, 98, 161, 74, 95, 59, 65, 23, 113, 27, 6, 24, 121, 40, 118, 173, 47, 147, 13, 83, 178, 36, 69, 97, 191, 35, 127, 26, 176, 46, 93, 170, 177, 149, 10, 18, 151, 143, 80, 148, 139, 195, 156, 71, 199, 15, 138, 73, 184, 155, 20, 194, 91, 163, 25, 103, 146, 61, 81, 39, 90, 57, 53, 162, 198, 111, 9, 48, 109, 63, 19, 89, 126, 70, 16, 188, 116, 174, 8, 66, 196, 43, 157, 131, 86, 132, 153, 175, 123, 189, 142, 187, 77, 14, 125, 78, 12, 197, 7, 100, 44, 181, 144, 75, 37, 62, 17, 160, 31, 190, 58, 140, 94]
(w = 19) Correct Cyclicantibandwidth
Set parameter TimeLimit to value 1800
[runlim] sample:		80.2 time, 80.1 real, 307.1 MB
(w = 20) Value Cyclicantibandwidth: 20
Lables: [154, 5, 186, 169, 158, 150, 21, 68, 107, 1, 166, 183, 67, 85, 50, 129, 133, 102, 104, 64, 124, 84, 56, 96, 60, 33, 101, 11, 82, 128, 185, 108, 141, 2, 167, 194, 140, 76, 32, 142, 115, 119, 42, 164, 88, 165, 79, 110, 31, 87, 92, 117, 159, 4, 49, 106, 136, 41, 120, 180, 13, 22, 38, 66, 55, 193, 113, 114, 24, 54, 130, 51, 122, 112, 152, 29, 34, 182, 105, 179, 135, 52, 3, 192, 28, 200, 99, 171, 98, 161, 74, 95, 59, 145, 23, 45, 27, 6, 172, 121, 90, 188, 173, 47, 147, 10, 83, 178, 36, 69, 97, 191, 35, 127, 26, 176, 46, 93, 170, 177, 149, 73, 18, 151, 143, 80, 40, 139, 195, 156, 71, 199, 15, 138, 30, 184, 155, 20, 72, 91, 94, 25, 103, 146, 61, 118, 39, 148, 57, 53, 81, 123, 111, 9, 65, 132, 63, 19, 89, 126, 70, 75, 86, 116, 174, 8, 175, 196, 43, 187, 131, 77, 100, 153, 163, 162, 168, 137, 17, 48, 14, 125, 78, 12, 197, 7, 189, 44, 181, 144, 157, 37, 62, 16, 160, 109, 190, 58, 198, 134]
(w = 20) Correct Cyclicantibandwidth
Set parameter TimeLimit to value 1800
[runlim] sample:		90.2 time, 90.1 real, 310.6 MB
(w = 21) Value Cyclicantibandwidth: 21
Lables: [14, 5, 94, 169, 158, 150, 21, 68, 107, 31, 166, 183, 67, 85, 142, 129, 133, 102, 25, 63, 124, 84, 56, 19, 101, 33, 58, 130, 121, 128, 185, 108, 141, 2, 167, 11, 172, 198, 32, 104, 45, 119, 42, 164, 175, 165, 79, 110, 62, 87, 92, 186, 134, 4, 49, 106, 136, 41, 120, 180, 13, 22, 38, 140, 55, 193, 3, 114, 168, 54, 176, 51, 138, 112, 152, 96, 34, 182, 171, 179, 135, 52, 159, 192, 72, 200, 99, 76, 149, 161, 74, 95, 60, 65, 23, 113, 27, 82, 24, 191, 81, 188, 1, 47, 147, 10, 83, 178, 36, 69, 97, 90, 35, 127, 26, 50, 46, 93, 170, 105, 122, 73, 18, 151, 6, 80, 40, 139, 195, 156, 71, 199, 15, 66, 30, 184, 155, 20, 194, 53, 153, 29, 103, 146, 44, 118, 39, 148, 57, 64, 59, 109, 111, 9, 123, 132, 126, 143, 89, 145, 70, 75, 196, 116, 174, 8, 177, 88, 43, 187, 131, 77, 100, 125, 163, 162, 189, 137, 17, 48, 16, 154, 78, 12, 197, 7, 115, 117, 181, 144, 157, 37, 86, 61, 160, 98, 190, 173, 28, 91]
(w = 21) Correct Cyclicantibandwidth
Set parameter TimeLimit to value 1800
[runlim] sample:		100.2 time, 100.1 real, 313.4 MB
(w = 22) Value Cyclicantibandwidth: 22
Lables: [200, 5, 186, 9, 158, 150, 136, 68, 107, 1, 166, 183, 67, 85, 50, 129, 133, 102, 104, 64, 124, 196, 56, 2, 81, 33, 101, 72, 82, 128, 185, 108, 141, 47, 167, 77, 172, 76, 32, 29, 45, 119, 42, 164, 88, 165, 79, 110, 31, 87, 92, 117, 134, 59, 60, 154, 169, 41, 120, 180, 13, 22, 38, 66, 55, 193, 3, 114, 168, 54, 130, 51, 122, 112, 152, 4, 34, 182, 105, 179, 25, 52, 159, 192, 28, 49, 99, 171, 19, 161, 106, 95, 125, 65, 23, 113, 27, 6, 24, 121, 90, 188, 173, 11, 147, 10, 21, 178, 36, 69, 97, 191, 35, 127, 26, 176, 46, 93, 170, 177, 149, 73, 18, 151, 190, 80, 40, 139, 195, 142, 71, 199, 15, 138, 30, 184, 155, 20, 194, 91, 94, 39, 103, 146, 61, 118, 197, 83, 57, 63, 163, 109, 111, 145, 123, 132, 58, 148, 89, 131, 70, 75, 84, 116, 174, 8, 175, 78, 43, 187, 16, 74, 100, 153, 98, 162, 189, 137, 160, 48, 14, 96, 135, 12, 115, 7, 126, 143, 181, 144, 157, 37, 62, 53, 140, 86, 17, 156, 198, 44]
(w = 22) Correct Cyclicantibandwidth
Set parameter TimeLimit to value 1800
[runlim] sample:		110.2 time, 110.1 real, 315.0 MB
(w = 23) Value Cyclicantibandwidth: 23
Lables: [154, 5, 19, 169, 160, 64, 68, 7, 107, 31, 166, 183, 26, 1, 194, 129, 133, 89, 104, 37, 124, 126, 55, 96, 60, 33, 141, 158, 142, 128, 58, 108, 25, 2, 18, 11, 172, 13, 32, 65, 45, 77, 42, 164, 88, 112, 48, 110, 149, 87, 132, 119, 134, 4, 86, 106, 136, 85, 145, 139, 195, 28, 38, 66, 193, 187, 36, 114, 159, 15, 130, 51, 122, 161, 189, 54, 34, 177, 105, 116, 3, 52, 192, 83, 63, 200, 99, 115, 98, 71, 74, 95, 113, 176, 23, 171, 27, 6, 165, 121, 90, 188, 167, 47, 147, 131, 79, 178, 150, 196, 180, 182, 35, 127, 20, 10, 46, 93, 148, 198, 69, 168, 72, 151, 143, 53, 40, 82, 186, 103, 138, 199, 102, 49, 30, 184, 81, 14, 157, 92, 156, 117, 59, 190, 61, 118, 97, 39, 57, 56, 175, 109, 111, 9, 123, 179, 21, 155, 76, 135, 70, 50, 191, 91, 174, 8, 170, 84, 43, 197, 120, 185, 152, 153, 163, 162, 29, 137, 181, 73, 16, 125, 78, 12, 146, 67, 94, 44, 22, 144, 80, 101, 62, 24, 173, 100, 17, 75, 140, 41]
(w = 23) Correct Cyclicantibandwidth
Set parameter TimeLimit to value 1800
[runlim] sample:		120.2 time, 120.1 real, 349.6 MB
(w = 24) Value Cyclicantibandwidth: 24
Lables: [154, 5, 195, 144, 158, 178, 19, 68, 190, 1, 166, 183, 67, 44, 50, 188, 133, 102, 51, 64, 124, 129, 56, 30, 60, 33, 134, 72, 55, 128, 185, 108, 26, 191, 167, 199, 172, 76, 32, 29, 100, 119, 41, 164, 88, 17, 135, 113, 73, 87, 92, 42, 52, 4, 49, 106, 136, 48, 120, 180, 13, 107, 93, 66, 82, 193, 111, 114, 168, 54, 130, 79, 38, 143, 117, 85, 34, 182, 105, 179, 189, 25, 159, 192, 28, 200, 99, 104, 22, 155, 31, 95, 59, 148, 23, 101, 27, 177, 145, 121, 169, 146, 173, 47, 161, 71, 83, 9, 140, 156, 97, 115, 163, 125, 18, 176, 46, 186, 170, 3, 149, 127, 94, 151, 36, 80, 40, 139, 132, 123, 138, 171, 15, 6, 174, 184, 69, 20, 194, 91, 96, 39, 103, 10, 175, 118, 197, 147, 160, 63, 61, 11, 2, 142, 57, 74, 58, 165, 89, 131, 70, 75, 53, 110, 8, 98, 122, 196, 43, 187, 16, 86, 116, 153, 152, 162, 62, 137, 181, 77, 84, 35, 157, 12, 81, 7, 109, 65, 198, 141, 126, 37, 90, 45, 78, 112, 24, 150, 14, 21]
(w = 24) Correct Cyclicantibandwidth
Set parameter TimeLimit to value 1800
[runlim] sample:		130.2 time, 130.1 real, 354.4 MB
(w = 25) Value Cyclicantibandwidth: 25
Lables: [154, 5, 186, 169, 179, 150, 161, 68, 15, 53, 166, 183, 72, 44, 50, 129, 133, 149, 104, 64, 124, 45, 56, 96, 60, 33, 181, 81, 82, 128, 126, 108, 141, 2, 167, 35, 172, 76, 32, 29, 101, 119, 102, 164, 88, 111, 79, 114, 31, 87, 92, 117, 134, 4, 49, 106, 136, 100, 120, 180, 13, 22, 38, 66, 55, 193, 3, 118, 168, 54, 130, 51, 165, 112, 152, 7, 34, 182, 105, 171, 196, 46, 159, 26, 28, 200, 1, 99, 98, 155, 74, 95, 59, 158, 23, 113, 151, 6, 11, 121, 90, 188, 173, 145, 192, 71, 83, 9, 36, 69, 97, 191, 110, 127, 52, 176, 18, 177, 170, 197, 10, 41, 94, 122, 178, 42, 147, 139, 135, 142, 84, 199, 185, 65, 30, 184, 109, 20, 194, 91, 156, 40, 103, 146, 175, 80, 39, 17, 57, 63, 61, 143, 19, 144, 70, 174, 58, 189, 89, 138, 78, 75, 67, 116, 14, 148, 73, 140, 43, 27, 131, 77, 93, 153, 163, 123, 62, 137, 8, 190, 16, 125, 162, 12, 86, 195, 85, 48, 187, 157, 198, 37, 115, 21, 160, 107, 24, 47, 132, 25]
(w = 25) Correct Cyclicantibandwidth
Set parameter TimeLimit to value 1800
[runlim] sample:		140.3 time, 140.1 real, 358.4 MB
(w = 26) Value Cyclicantibandwidth: 26
Lables: [154, 5, 186, 169, 158, 150, 179, 68, 107, 1, 166, 117, 190, 44, 83, 118, 112, 102, 87, 36, 124, 199, 56, 96, 76, 33, 130, 149, 178, 156, 193, 108, 141, 143, 167, 31, 121, 35, 32, 29, 101, 119, 182, 164, 63, 93, 79, 2, 62, 40, 92, 194, 134, 4, 100, 106, 66, 41, 120, 128, 13, 22, 38, 168, 55, 125, 3, 148, 114, 27, 172, 82, 160, 115, 152, 60, 34, 192, 183, 174, 26, 8, 159, 189, 28, 200, 99, 77, 98, 155, 75, 21, 59, 65, 84, 113, 175, 6, 145, 43, 90, 17, 173, 47, 161, 71, 74, 9, 147, 10, 97, 191, 12, 20, 18, 176, 45, 162, 170, 70, 185, 91, 94, 151, 14, 80, 126, 139, 111, 127, 89, 105, 15, 138, 30, 184, 72, 48, 163, 181, 73, 146, 165, 180, 136, 95, 16, 140, 23, 67, 61, 188, 53, 144, 64, 109, 197, 50, 78, 132, 42, 58, 86, 116, 85, 52, 110, 195, 129, 11, 131, 46, 137, 153, 157, 123, 7, 49, 187, 133, 88, 104, 39, 69, 103, 196, 177, 81, 171, 54, 122, 37, 51, 25, 142, 135, 24, 57, 198, 19]
(w = 26) Correct Cyclicantibandwidth
Set parameter TimeLimit to value 1800
[runlim] sample:		150.3 time, 150.1 real, 362.2 MB
(w = 27) Value Cyclicantibandwidth: 27
Lables: [70, 3, 88, 2, 85, 19, 20, 51, 107, 47, 67, 183, 174, 186, 200, 157, 133, 130, 104, 64, 177, 15, 1, 26, 173, 128, 188, 72, 57, 11, 43, 108, 194, 156, 165, 33, 172, 166, 7, 152, 127, 77, 199, 164, 87, 39, 45, 139, 69, 37, 119, 81, 63, 8, 58, 101, 136, 41, 120, 137, 149, 118, 38, 75, 92, 193, 103, 150, 114, 198, 89, 14, 123, 147, 99, 6, 68, 182, 145, 146, 121, 17, 159, 93, 28, 185, 158, 106, 141, 155, 21, 23, 46, 66, 169, 113, 115, 187, 96, 98, 163, 160, 105, 79, 144, 53, 29, 25, 84, 154, 167, 95, 129, 40, 49, 140, 10, 170, 197, 36, 76, 62, 94, 13, 180, 80, 126, 42, 179, 65, 73, 171, 91, 5, 24, 184, 162, 48, 181, 192, 117, 34, 86, 78, 175, 27, 55, 18, 74, 71, 61, 56, 4, 143, 132, 161, 151, 153, 52, 135, 97, 54, 82, 116, 148, 189, 90, 191, 32, 178, 131, 190, 100, 109, 83, 44, 9, 50, 22, 138, 124, 125, 134, 12, 60, 196, 168, 59, 176, 16, 102, 35, 111, 122, 142, 112, 195, 31, 110, 30]
(w = 27) Correct Cyclicantibandwidth
Set parameter TimeLimit to value 1800
[runlim] sample:		160.3 time, 160.1 real, 377.0 MB
(w = 28) Value Cyclicantibandwidth: 28
Lables: [100, 196, 91, 10, 96, 152, 17, 57, 15, 31, 120, 183, 170, 84, 190, 166, 131, 116, 82, 134, 87, 178, 12, 69, 63, 110, 132, 119, 175, 48, 24, 94, 141, 58, 139, 200, 172, 78, 39, 160, 113, 156, 43, 163, 121, 11, 52, 143, 45, 65, 56, 6, 136, 104, 95, 42, 29, 38, 137, 103, 13, 126, 68, 37, 145, 23, 4, 142, 161, 22, 93, 5, 112, 148, 133, 50, 34, 186, 114, 81, 198, 8, 162, 123, 117, 66, 185, 80, 182, 54, 74, 33, 64, 128, 44, 106, 55, 180, 174, 155, 169, 191, 77, 150, 157, 73, 67, 125, 140, 147, 164, 168, 165, 109, 197, 118, 16, 53, 76, 199, 88, 19, 98, 151, 30, 187, 21, 193, 146, 79, 60, 154, 101, 2, 171, 184, 86, 18, 62, 83, 158, 32, 144, 61, 176, 122, 7, 9, 97, 40, 59, 159, 130, 46, 107, 108, 105, 173, 49, 149, 70, 115, 102, 111, 47, 92, 192, 36, 1, 27, 127, 51, 72, 153, 3, 89, 25, 129, 188, 177, 75, 195, 189, 85, 181, 167, 71, 99, 35, 26, 138, 41, 90, 20, 124, 179, 28, 14, 135, 194]
(w = 28) Correct Cyclicantibandwidth
Set parameter TimeLimit to value 1800
[runlim] sample:		170.3 time, 170.1 real, 378.5 MB
(w = 29) Value Cyclicantibandwidth: 29
Lables: [21, 5, 186, 150, 114, 40, 144, 6, 149, 93, 135, 199, 67, 88, 198, 129, 133, 102, 98, 58, 95, 10, 28, 35, 60, 33, 161, 72, 94, 128, 30, 108, 189, 2, 167, 1, 172, 37, 32, 87, 115, 119, 29, 164, 166, 82, 118, 110, 31, 3, 127, 121, 134, 157, 196, 106, 65, 41, 83, 180, 13, 145, 38, 77, 107, 57, 175, 154, 168, 54, 130, 50, 122, 97, 96, 42, 8, 182, 153, 126, 26, 143, 159, 100, 105, 56, 194, 91, 22, 155, 74, 48, 59, 123, 23, 113, 34, 12, 190, 62, 90, 197, 104, 47, 163, 68, 14, 11, 36, 185, 17, 191, 120, 187, 44, 195, 55, 165, 170, 69, 79, 169, 25, 151, 18, 80, 147, 139, 193, 142, 52, 200, 160, 138, 174, 184, 73, 20, 141, 177, 152, 43, 103, 101, 176, 86, 4, 140, 132, 63, 61, 109, 92, 9, 136, 137, 112, 19, 53, 71, 70, 124, 81, 116, 85, 49, 181, 192, 51, 156, 78, 46, 148, 66, 158, 162, 84, 27, 7, 15, 76, 125, 117, 64, 75, 173, 99, 131, 178, 171, 179, 111, 89, 16, 146, 183, 24, 45, 39, 188]
(w = 29) Correct Cyclicantibandwidth
Set parameter TimeLimit to value 1800
[runlim] sample:		180.3 time, 180.1 real, 376.7 MB
(w = 30) Value Cyclicantibandwidth: 30
Lables: [120, 70, 95, 6, 159, 10, 151, 43, 60, 7, 166, 3, 192, 161, 142, 168, 98, 44, 67, 66, 113, 28, 16, 56, 179, 25, 104, 107, 146, 102, 9, 33, 72, 150, 145, 169, 138, 106, 77, 152, 94, 46, 4, 1, 194, 170, 42, 172, 164, 101, 40, 141, 100, 185, 83, 189, 153, 39, 157, 133, 13, 55, 38, 160, 41, 53, 195, 91, 54, 69, 11, 86, 117, 64, 103, 20, 34, 155, 186, 74, 26, 23, 156, 136, 47, 17, 175, 80, 130, 125, 24, 49, 59, 123, 162, 76, 122, 88, 134, 62, 167, 58, 140, 12, 163, 90, 200, 30, 144, 110, 21, 97, 174, 93, 2, 182, 143, 8, 73, 71, 181, 79, 51, 99, 158, 29, 22, 173, 190, 111, 131, 118, 57, 177, 14, 197, 65, 198, 127, 178, 148, 31, 96, 116, 176, 121, 82, 137, 132, 147, 105, 19, 124, 15, 184, 75, 180, 154, 84, 68, 48, 108, 61, 119, 126, 89, 85, 183, 78, 188, 199, 191, 114, 87, 115, 112, 50, 128, 139, 37, 129, 18, 196, 5, 171, 165, 63, 92, 27, 109, 32, 36, 81, 45, 149, 35, 187, 135, 52, 193]
(w = 30) Correct Cyclicantibandwidth
Set parameter TimeLimit to value 1800
[runlim] sample:		190.3 time, 190.1 real, 374.8 MB
(w = 31) Value Cyclicantibandwidth: 31
Lables: [186, 5, 107, 134, 159, 33, 174, 31, 148, 1, 122, 151, 128, 21, 71, 164, 158, 139, 90, 18, 111, 195, 69, 150, 137, 149, 58, 136, 138, 52, 16, 65, 176, 191, 199, 99, 125, 57, 56, 131, 45, 8, 42, 197, 160, 114, 28, 110, 169, 83, 80, 87, 133, 93, 143, 157, 175, 60, 145, 98, 72, 141, 40, 103, 94, 81, 200, 70, 168, 86, 170, 104, 155, 161, 146, 23, 112, 73, 135, 75, 4, 3, 165, 105, 167, 77, 185, 89, 29, 153, 116, 22, 62, 127, 180, 51, 30, 67, 183, 74, 177, 27, 154, 15, 163, 118, 119, 20, 108, 76, 172, 96, 194, 53, 187, 63, 184, 182, 48, 101, 78, 85, 130, 106, 126, 17, 26, 171, 117, 2, 95, 132, 189, 121, 7, 84, 47, 19, 54, 173, 166, 37, 196, 100, 178, 82, 79, 9, 50, 198, 61, 181, 109, 36, 64, 92, 6, 140, 129, 11, 38, 124, 59, 179, 10, 91, 190, 12, 66, 24, 192, 34, 113, 188, 41, 162, 43, 115, 39, 193, 144, 35, 152, 49, 97, 102, 123, 88, 68, 147, 55, 32, 120, 13, 156, 142, 14, 44, 46, 25]
(w = 31) Correct Cyclicantibandwidth
Set parameter TimeLimit to value 1800
[runlim] sample:		200.4 time, 200.1 real, 362.4 MB
(w = 32) Value Cyclicantibandwidth: 32
Lables: [8, 63, 189, 5, 158, 35, 177, 163, 43, 59, 91, 183, 16, 191, 197, 162, 122, 128, 104, 185, 87, 187, 52, 181, 168, 176, 182, 39, 98, 167, 124, 108, 198, 37, 9, 60, 172, 200, 65, 6, 112, 145, 42, 179, 88, 132, 25, 141, 160, 125, 92, 117, 134, 7, 96, 153, 62, 41, 133, 109, 19, 22, 29, 152, 170, 57, 56, 114, 144, 54, 81, 64, 147, 154, 1, 26, 120, 82, 155, 105, 75, 139, 159, 130, 169, 45, 186, 171, 12, 33, 38, 30, 51, 95, 86, 93, 149, 23, 116, 102, 94, 188, 173, 137, 196, 97, 4, 53, 34, 67, 143, 150, 142, 50, 18, 61, 58, 83, 110, 76, 174, 89, 118, 151, 126, 31, 32, 123, 131, 103, 127, 113, 80, 119, 28, 71, 78, 68, 99, 111, 166, 15, 165, 135, 85, 27, 69, 10, 121, 36, 164, 11, 107, 17, 74, 101, 115, 194, 2, 14, 175, 156, 193, 161, 13, 136, 73, 55, 195, 180, 84, 44, 184, 79, 49, 90, 46, 24, 20, 48, 199, 100, 148, 66, 146, 70, 106, 77, 178, 157, 138, 129, 72, 40, 190, 140, 192, 21, 47, 3]
(w = 32) Correct Cyclicantibandwidth
Set parameter TimeLimit to value 1800
[runlim] sample:		210.4 time, 210.1 real, 390.5 MB
(w = 33) Value Cyclicantibandwidth: 33
Lables: [17, 195, 188, 153, 158, 150, 79, 68, 156, 41, 149, 183, 151, 191, 50, 129, 128, 116, 104, 64, 124, 198, 65, 46, 171, 33, 101, 37, 130, 49, 197, 108, 141, 2, 174, 4, 136, 48, 32, 166, 112, 25, 42, 168, 154, 165, 36, 186, 31, 5, 52, 117, 87, 142, 143, 51, 148, 38, 120, 180, 13, 22, 35, 100, 44, 57, 181, 133, 190, 54, 175, 86, 122, 60, 152, 39, 34, 182, 16, 114, 193, 8, 159, 6, 140, 45, 178, 172, 184, 131, 74, 28, 107, 121, 23, 67, 88, 18, 145, 169, 170, 138, 173, 47, 163, 90, 26, 9, 164, 1, 102, 126, 27, 29, 12, 189, 103, 19, 155, 177, 115, 81, 94, 118, 200, 72, 135, 139, 11, 97, 119, 113, 134, 125, 30, 192, 105, 20, 98, 161, 110, 55, 85, 127, 160, 93, 84, 14, 132, 66, 61, 3, 53, 7, 80, 96, 63, 179, 69, 99, 70, 144, 76, 111, 137, 95, 73, 196, 43, 187, 199, 62, 89, 59, 71, 123, 83, 78, 75, 106, 82, 146, 162, 185, 176, 77, 194, 91, 24, 40, 157, 109, 10, 58, 167, 21, 147, 92, 56, 15]
(w = 33) Correct Cyclicantibandwidth
Set parameter TimeLimit to value 1800
[runlim] sample:		220.4 time, 220.1 real, 403.5 MB
[runlim] sample:		230.4 time, 230.1 real, 441.5 MB
(w = 34) Value Cyclicantibandwidth: 34
Lables: [138, 195, 22, 4, 128, 34, 151, 68, 26, 44, 153, 73, 5, 161, 196, 125, 133, 141, 121, 64, 124, 49, 149, 130, 99, 33, 20, 81, 142, 145, 198, 108, 104, 2, 167, 8, 200, 76, 32, 83, 112, 169, 191, 172, 88, 40, 24, 147, 28, 87, 53, 126, 37, 162, 48, 144, 160, 47, 129, 197, 15, 110, 30, 100, 96, 131, 158, 114, 14, 79, 185, 72, 120, 86, 115, 82, 154, 171, 105, 63, 186, 39, 174, 139, 59, 157, 178, 175, 25, 66, 29, 51, 56, 181, 146, 17, 137, 55, 193, 155, 183, 35, 67, 54, 163, 90, 27, 135, 184, 6, 3, 140, 92, 43, 12, 61, 150, 9, 159, 18, 91, 10, 94, 23, 164, 36, 80, 123, 192, 103, 117, 113, 77, 1, 41, 170, 107, 177, 106, 143, 132, 31, 52, 69, 180, 118, 194, 13, 84, 71, 60, 42, 122, 46, 173, 109, 166, 45, 78, 16, 70, 179, 21, 111, 102, 148, 182, 190, 97, 187, 199, 168, 98, 58, 165, 127, 50, 89, 116, 188, 85, 74, 11, 75, 176, 189, 101, 57, 134, 65, 95, 119, 156, 62, 7, 19, 152, 93, 136, 38]
(w = 34) Correct Cyclicantibandwidth
Set parameter TimeLimit to value 1800
[runlim] sample:		240.4 time, 240.1 real, 411.7 MB
(w = 35) Value Cyclicantibandwidth: 35
Lables: [116, 63, 21, 133, 158, 35, 79, 143, 11, 44, 67, 183, 188, 157, 45, 129, 55, 151, 115, 25, 100, 120, 64, 134, 123, 136, 40, 20, 48, 124, 88, 46, 72, 192, 167, 43, 169, 76, 17, 194, 165, 178, 193, 130, 7, 141, 19, 197, 27, 122, 5, 41, 34, 4, 50, 154, 104, 47, 57, 180, 13, 117, 31, 103, 87, 96, 191, 110, 107, 69, 185, 23, 145, 126, 152, 6, 65, 182, 121, 66, 162, 8, 159, 186, 139, 86, 187, 53, 51, 80, 24, 42, 59, 28, 33, 60, 144, 9, 125, 137, 170, 138, 171, 166, 163, 90, 83, 32, 105, 56, 97, 102, 99, 37, 58, 176, 10, 175, 172, 189, 62, 91, 156, 118, 164, 36, 93, 168, 1, 85, 140, 155, 70, 89, 160, 68, 114, 30, 101, 184, 142, 132, 128, 135, 94, 12, 54, 14, 149, 81, 3, 26, 52, 119, 92, 15, 29, 146, 190, 2, 73, 131, 148, 111, 16, 95, 74, 196, 150, 98, 199, 161, 77, 153, 71, 113, 38, 112, 75, 200, 195, 106, 174, 82, 181, 127, 84, 39, 108, 49, 177, 109, 22, 18, 173, 179, 147, 78, 61, 198]
(w = 35) Correct Cyclicantibandwidth
Set parameter TimeLimit to value 1800
[runlim] sample:		250.4 time, 250.1 real, 386.2 MB
(w = 36) Value Cyclicantibandwidth: 36
Lables: [23, 196, 16, 193, 129, 1, 170, 92, 143, 55, 171, 183, 149, 60, 41, 132, 44, 152, 120, 49, 87, 50, 59, 74, 43, 52, 167, 192, 113, 189, 194, 61, 177, 156, 197, 15, 142, 133, 32, 180, 116, 34, 22, 174, 85, 47, 19, 169, 28, 123, 106, 25, 58, 159, 122, 153, 198, 39, 103, 137, 51, 35, 38, 141, 96, 40, 191, 127, 114, 98, 124, 78, 126, 115, 185, 62, 77, 182, 187, 99, 24, 69, 162, 140, 37, 157, 18, 166, 88, 84, 53, 112, 79, 102, 200, 67, 130, 65, 121, 168, 145, 73, 163, 12, 160, 131, 93, 82, 135, 11, 110, 161, 118, 5, 46, 134, 172, 173, 176, 179, 148, 6, 151, 139, 17, 71, 104, 9, 31, 186, 68, 119, 107, 83, 97, 184, 158, 63, 128, 188, 154, 36, 117, 91, 150, 109, 26, 27, 64, 100, 72, 94, 54, 90, 4, 101, 14, 13, 21, 20, 175, 138, 8, 108, 45, 165, 70, 2, 57, 195, 3, 144, 105, 56, 89, 136, 86, 30, 75, 10, 80, 66, 7, 95, 125, 181, 76, 33, 178, 48, 155, 111, 164, 42, 146, 190, 29, 147, 81, 199]
(w = 36) Correct Cyclicantibandwidth
Set parameter TimeLimit to value 1800
[runlim] sample:		260.4 time, 260.1 real, 395.8 MB
[runlim] sample:		270.5 time, 270.1 real, 453.6 MB
(w = 37) Value Cyclicantibandwidth: 37
Lables: [199, 52, 96, 18, 116, 13, 150, 79, 62, 157, 166, 184, 188, 169, 31, 90, 132, 151, 145, 64, 167, 124, 28, 176, 156, 33, 101, 6, 97, 128, 155, 67, 123, 194, 158, 11, 119, 76, 32, 108, 113, 60, 42, 74, 88, 163, 34, 112, 43, 56, 44, 189, 37, 4, 171, 149, 173, 200, 118, 135, 30, 22, 50, 147, 55, 106, 192, 109, 168, 54, 138, 159, 122, 72, 121, 57, 198, 182, 180, 98, 153, 9, 107, 117, 38, 142, 114, 175, 36, 39, 161, 35, 59, 140, 61, 71, 126, 78, 19, 133, 170, 110, 143, 47, 69, 174, 45, 21, 7, 94, 115, 125, 154, 152, 83, 23, 190, 10, 141, 1, 25, 181, 134, 130, 164, 195, 16, 15, 73, 84, 91, 99, 89, 48, 41, 179, 137, 20, 27, 51, 5, 187, 103, 144, 102, 8, 172, 85, 136, 191, 86, 66, 53, 95, 185, 197, 75, 146, 129, 93, 70, 177, 183, 104, 186, 26, 162, 196, 68, 14, 40, 46, 139, 58, 178, 17, 165, 87, 77, 3, 49, 24, 100, 80, 81, 12, 82, 111, 92, 105, 148, 120, 29, 65, 160, 127, 131, 193, 63, 2]
(w = 37) Correct Cyclicantibandwidth
Set parameter TimeLimit to value 1800
[runlim] sample:		280.5 time, 280.1 real, 416.6 MB
(w = 38) Value Cyclicantibandwidth: 38
Lables: [150, 58, 186, 74, 158, 36, 180, 68, 107, 1, 145, 183, 193, 67, 50, 154, 133, 147, 104, 64, 124, 22, 56, 96, 166, 33, 63, 72, 151, 52, 9, 108, 121, 153, 167, 184, 136, 76, 17, 29, 109, 119, 42, 55, 88, 165, 23, 110, 31, 87, 92, 173, 134, 194, 149, 66, 2, 168, 86, 146, 13, 130, 37, 100, 16, 60, 192, 114, 128, 54, 176, 19, 122, 115, 152, 24, 45, 182, 187, 98, 174, 38, 159, 117, 28, 46, 141, 170, 44, 80, 161, 95, 59, 137, 177, 48, 27, 6, 61, 138, 172, 144, 112, 47, 57, 101, 83, 10, 21, 69, 97, 125, 163, 155, 3, 34, 190, 40, 143, 32, 94, 73, 157, 118, 164, 195, 15, 123, 142, 99, 91, 126, 90, 39, 43, 75, 148, 20, 135, 78, 106, 11, 103, 79, 131, 89, 77, 12, 132, 191, 71, 84, 53, 129, 197, 120, 25, 65, 18, 200, 51, 113, 175, 105, 35, 169, 188, 81, 26, 14, 70, 171, 139, 41, 116, 162, 196, 127, 198, 5, 7, 140, 49, 82, 179, 185, 93, 8, 178, 62, 102, 111, 156, 85, 160, 189, 4, 30, 181, 199]
(w = 38) Correct Cyclicantibandwidth
Set parameter TimeLimit to value 1800
[runlim] sample:		290.5 time, 290.1 real, 414.7 MB
[runlim] sample:		300.5 time, 300.1 real, 316.6 MB
(w = 39) Value Cyclicantibandwidth: 39
Lables: [154, 5, 146, 14, 158, 44, 164, 71, 195, 156, 127, 170, 185, 73, 50, 129, 126, 142, 57, 64, 169, 25, 72, 96, 108, 33, 16, 149, 60, 93, 51, 59, 167, 2, 17, 6, 172, 76, 32, 106, 114, 62, 66, 74, 160, 128, 24, 110, 31, 87, 92, 173, 75, 4, 155, 134, 182, 194, 132, 180, 13, 123, 28, 68, 124, 69, 192, 117, 168, 54, 130, 19, 147, 115, 152, 99, 102, 67, 151, 98, 200, 12, 159, 157, 138, 15, 187, 171, 137, 80, 161, 26, 100, 101, 23, 112, 27, 56, 103, 121, 179, 188, 141, 47, 105, 120, 22, 166, 21, 177, 153, 125, 165, 197, 53, 46, 144, 40, 163, 97, 104, 34, 136, 119, 7, 45, 30, 122, 94, 191, 131, 109, 174, 90, 43, 184, 1, 20, 135, 199, 116, 49, 145, 35, 84, 89, 79, 10, 88, 193, 55, 63, 111, 61, 181, 148, 3, 162, 42, 29, 70, 150, 175, 118, 36, 140, 190, 82, 37, 11, 78, 58, 139, 52, 178, 9, 196, 85, 198, 48, 41, 65, 77, 83, 81, 183, 186, 107, 176, 113, 91, 95, 143, 86, 8, 189, 38, 39, 133, 18]
(w = 39) Correct Cyclicantibandwidth
Set parameter TimeLimit to value 1800
[runlim] sample:		310.6 time, 310.1 real, 449.1 MB
[runlim] sample:		320.6 time, 320.1 real, 823.6 MB
[runlim] sample:		333.6 time, 330.1 real, 1005.4 MB
[runlim] sample:		363.6 time, 340.1 real, 912.5 MB
[runlim] sample:		393.6 time, 350.1 real, 866.4 MB
[runlim] sample:		423.6 time, 360.1 real, 1555.8 MB
[runlim] sample:		453.6 time, 370.1 real, 1988.0 MB
[runlim] sample:		483.6 time, 380.1 real, 2562.5 MB
[runlim] sample:		513.7 time, 390.1 real, 2682.6 MB
[runlim] sample:		536.4 time, 400.1 real, 832.7 MB
[runlim] sample:		547.2 time, 410.1 real, 788.2 MB
[runlim] sample:		557.5 time, 420.1 real, 790.2 MB
[runlim] sample:		567.7 time, 430.1 real, 794.4 MB
[runlim] sample:		577.9 time, 440.1 real, 794.4 MB
[runlim] sample:		588.2 time, 450.1 real, 794.4 MB
[runlim] sample:		598.4 time, 460.1 real, 796.4 MB
[runlim] sample:		608.6 time, 470.1 real, 796.4 MB
[runlim] sample:		618.8 time, 480.1 real, 796.4 MB
[runlim] sample:		629.0 time, 490.1 real, 796.4 MB
[runlim] sample:		639.2 time, 500.1 real, 796.4 MB
[runlim] sample:		649.4 time, 510.1 real, 796.4 MB
[runlim] sample:		659.6 time, 520.1 real, 796.4 MB
[runlim] sample:		669.8 time, 530.1 real, 798.4 MB
[runlim] sample:		680.0 time, 540.1 real, 798.4 MB
[runlim] sample:		690.2 time, 550.1 real, 798.4 MB
[runlim] sample:		700.4 time, 560.1 real, 798.4 MB
[runlim] sample:		710.6 time, 570.1 real, 800.4 MB
[runlim] sample:		720.8 time, 580.1 real, 800.4 MB
[runlim] sample:		731.0 time, 590.1 real, 800.4 MB
[runlim] sample:		741.2 time, 600.1 real, 800.4 MB
[runlim] sample:		751.5 time, 610.1 real, 802.4 MB
[runlim] sample:		761.7 time, 620.1 real, 802.4 MB
[runlim] sample:		771.9 time, 630.1 real, 802.4 MB
[runlim] sample:		782.0 time, 640.1 real, 802.4 MB
[runlim] sample:		792.3 time, 650.1 real, 802.4 MB
[runlim] sample:		802.5 time, 660.1 real, 809.2 MB
[runlim] sample:		812.7 time, 670.1 real, 813.2 MB
[runlim] sample:		822.9 time, 680.1 real, 813.5 MB
[runlim] sample:		833.1 time, 690.1 real, 813.5 MB
[runlim] sample:		843.3 time, 700.1 real, 813.5 MB
[runlim] sample:		853.5 time, 710.1 real, 813.5 MB
[runlim] sample:		863.7 time, 720.1 real, 813.7 MB
[runlim] sample:		873.9 time, 730.1 real, 813.7 MB
[runlim] sample:		884.1 time, 740.1 real, 813.7 MB
[runlim] sample:		894.3 time, 750.1 real, 816.6 MB
[runlim] sample:		904.5 time, 760.1 real, 817.2 MB
[runlim] sample:		914.7 time, 770.1 real, 817.2 MB
[runlim] sample:		925.0 time, 780.1 real, 819.8 MB
[runlim] sample:		935.2 time, 790.1 real, 824.1 MB
[runlim] sample:		945.4 time, 800.1 real, 824.1 MB
[runlim] sample:		955.6 time, 810.1 real, 824.3 MB
[runlim] sample:		965.8 time, 820.1 real, 824.3 MB
[runlim] sample:		976.0 time, 830.1 real, 824.3 MB
[runlim] sample:		986.2 time, 840.1 real, 824.3 MB
[runlim] sample:		996.4 time, 850.1 real, 824.3 MB
(w = 40) Value Cyclicantibandwidth: 40
Lables: [83, 5, 154, 67, 79, 22, 110, 185, 142, 192, 32, 10, 33, 199, 60, 158, 66, 187, 164, 101, 21, 112, 15, 189, 181, 155, 146, 38, 193, 182, 28, 122, 54, 162, 59, 137, 175, 151, 29, 174, 43, 19, 138, 180, 150, 3, 121, 103, 74, 163, 130, 36, 136, 27, 8, 200, 82, 39, 197, 141, 156, 176, 86, 126, 172, 188, 25, 117, 134, 149, 88, 125, 165, 161, 73, 76, 9, 6, 123, 177, 170, 42, 7, 77, 78, 45, 12, 153, 118, 51, 127, 157, 179, 194, 1, 169, 72, 128, 191, 91, 31, 198, 2, 56, 84, 64, 140, 119, 71, 131, 68, 196, 37, 183, 129, 47, 18, 44, 50, 108, 152, 116, 166, 139, 16, 14, 171, 109, 70, 195, 93, 26, 24, 106, 167, 34, 98, 41, 148, 147, 53, 105, 135, 62, 186, 96, 124, 49, 120, 30, 97, 35, 63, 104, 107, 190, 23, 17, 55, 75, 40, 115, 143, 94, 173, 81, 114, 90, 184, 46, 133, 87, 89, 111, 58, 99, 69, 92, 4, 144, 132, 20, 159, 113, 95, 11, 178, 48, 65, 100, 160, 168, 145, 102, 57, 61, 80, 13, 85, 52]
(w = 40) Correct Cyclicantibandwidth
Set parameter TimeLimit to value 1800
[runlim] sample:		1006.5 time, 860.1 real, 711.0 MB
(w = 41) Value Cyclicantibandwidth: 41
Lables: [24, 197, 183, 11, 136, 55, 137, 68, 107, 32, 166, 181, 54, 187, 188, 139, 123, 162, 133, 64, 124, 98, 51, 92, 72, 33, 30, 135, 151, 52, 94, 48, 99, 2, 167, 140, 105, 101, 180, 103, 26, 145, 27, 74, 3, 155, 79, 110, 34, 87, 14, 172, 77, 4, 69, 131, 1, 28, 120, 138, 13, 125, 97, 153, 112, 61, 134, 114, 190, 65, 189, 19, 117, 58, 148, 23, 106, 176, 146, 90, 5, 194, 159, 174, 113, 149, 169, 84, 95, 80, 168, 86, 59, 104, 157, 17, 89, 6, 102, 121, 179, 49, 143, 41, 82, 122, 22, 9, 170, 88, 142, 126, 163, 200, 10, 21, 144, 182, 191, 16, 147, 67, 108, 118, 156, 195, 25, 171, 66, 164, 46, 141, 128, 83, 63, 165, 158, 40, 127, 91, 154, 50, 47, 78, 129, 111, 71, 186, 115, 192, 57, 56, 85, 43, 185, 152, 35, 177, 38, 8, 73, 160, 175, 96, 130, 198, 173, 196, 37, 12, 184, 36, 116, 109, 42, 150, 20, 31, 44, 7, 70, 132, 62, 81, 193, 45, 100, 119, 178, 53, 75, 60, 199, 29, 161, 18, 76, 93, 39, 15]
(w = 41) Correct Cyclicantibandwidth
Set parameter TimeLimit to value 1800
[runlim] sample:		1016.5 time, 870.1 real, 613.9 MB
[runlim] sample:		1026.5 time, 880.1 real, 663.8 MB
[runlim] sample:		1036.5 time, 890.1 real, 1120.4 MB
[runlim] sample:		1054.4 time, 900.1 real, 965.5 MB
[runlim] sample:		1084.4 time, 910.1 real, 1029.3 MB
[runlim] sample:		1114.4 time, 920.1 real, 972.5 MB
[runlim] sample:		1144.4 time, 930.1 real, 866.7 MB
[runlim] sample:		1174.5 time, 940.1 real, 1665.6 MB
[runlim] sample:		1204.5 time, 950.1 real, 2192.0 MB
[runlim] sample:		1234.5 time, 960.1 real, 2645.1 MB
[runlim] sample:		1255.8 time, 970.1 real, 809.5 MB
[runlim] sample:		1266.6 time, 980.1 real, 766.7 MB
[runlim] sample:		1276.8 time, 990.1 real, 768.7 MB
[runlim] sample:		1287.0 time, 1000.1 real, 774.3 MB
[runlim] sample:		1297.2 time, 1010.1 real, 776.3 MB
[runlim] sample:		1307.4 time, 1020.1 real, 780.4 MB
[runlim] sample:		1317.6 time, 1030.1 real, 782.4 MB
[runlim] sample:		1327.8 time, 1040.1 real, 782.4 MB
[runlim] sample:		1338.0 time, 1050.1 real, 784.4 MB
[runlim] sample:		1348.2 time, 1060.1 real, 784.6 MB
[runlim] sample:		1358.4 time, 1070.1 real, 784.6 MB
[runlim] sample:		1368.7 time, 1080.1 real, 786.6 MB
[runlim] sample:		1378.9 time, 1090.1 real, 786.6 MB
[runlim] sample:		1389.1 time, 1100.1 real, 786.6 MB
[runlim] sample:		1399.3 time, 1110.1 real, 786.6 MB
[runlim] sample:		1409.5 time, 1120.1 real, 786.6 MB
[runlim] sample:		1419.7 time, 1130.1 real, 788.6 MB
[runlim] sample:		1429.9 time, 1140.1 real, 788.6 MB
[runlim] sample:		1440.1 time, 1150.1 real, 788.6 MB
[runlim] sample:		1450.3 time, 1160.1 real, 788.6 MB
[runlim] sample:		1460.5 time, 1170.1 real, 788.6 MB
[runlim] sample:		1470.8 time, 1180.1 real, 788.6 MB
[runlim] sample:		1481.0 time, 1190.1 real, 788.6 MB
[runlim] sample:		1491.2 time, 1200.1 real, 788.6 MB
[runlim] sample:		1501.4 time, 1210.1 real, 788.6 MB
[runlim] sample:		1511.6 time, 1220.1 real, 788.6 MB
[runlim] sample:		1521.8 time, 1230.1 real, 788.6 MB
[runlim] sample:		1532.0 time, 1240.1 real, 788.6 MB
[runlim] sample:		1542.2 time, 1250.1 real, 790.6 MB
[runlim] sample:		1552.4 time, 1260.1 real, 790.6 MB
[runlim] sample:		1562.7 time, 1270.1 real, 792.6 MB
[runlim] sample:		1572.8 time, 1280.1 real, 792.6 MB
[runlim] sample:		1583.0 time, 1290.1 real, 794.6 MB
[runlim] sample:		1593.2 time, 1300.1 real, 794.6 MB
[runlim] sample:		1603.5 time, 1310.1 real, 794.6 MB
[runlim] sample:		1613.7 time, 1320.1 real, 794.6 MB
[runlim] sample:		1623.8 time, 1330.1 real, 794.6 MB
[runlim] sample:		1634.1 time, 1340.1 real, 794.6 MB
[runlim] sample:		1644.3 time, 1350.1 real, 794.6 MB
[runlim] sample:		1654.5 time, 1360.1 real, 754.1 MB
[runlim] sample:		1664.7 time, 1370.1 real, 1198.6 MB
[runlim] sample:		1674.9 time, 1380.1 real, 2148.4 MB
[runlim] sample:		1685.1 time, 1390.1 real, 2232.7 MB
[runlim] sample:		1695.3 time, 1400.1 real, 2378.3 MB
[runlim] sample:		1705.5 time, 1410.1 real, 2378.3 MB
[runlim] sample:		1715.7 time, 1420.1 real, 2378.3 MB
[runlim] sample:		1725.9 time, 1430.1 real, 2378.3 MB
[runlim] sample:		1736.1 time, 1440.1 real, 2355.3 MB
[runlim] sample:		1746.3 time, 1450.1 real, 2355.3 MB
[runlim] sample:		1756.5 time, 1460.1 real, 2359.3 MB
[runlim] sample:		1766.7 time, 1470.1 real, 2359.3 MB
[runlim] sample:		1776.9 time, 1480.1 real, 2359.3 MB
[runlim] sample:		1787.1 time, 1490.1 real, 2359.3 MB
[runlim] sample:		1797.3 time, 1500.1 real, 2359.3 MB
[runlim] sample:		1807.5 time, 1510.1 real, 2359.3 MB
[runlim] sample:		1817.7 time, 1520.1 real, 2359.3 MB
[runlim] sample:		1827.9 time, 1530.1 real, 2359.3 MB
[runlim] sample:		1838.1 time, 1540.1 real, 2359.3 MB
[runlim] sample:		1848.3 time, 1550.1 real, 2359.3 MB
[runlim] sample:		1858.6 time, 1560.1 real, 2359.3 MB
[runlim] sample:		1868.8 time, 1570.1 real, 2359.3 MB
[runlim] sample:		1879.0 time, 1580.1 real, 2359.3 MB
[runlim] sample:		1889.2 time, 1590.1 real, 2359.3 MB
[runlim] sample:		1899.5 time, 1600.1 real, 2359.3 MB
[runlim] sample:		1909.7 time, 1610.1 real, 2359.3 MB
[runlim] sample:		1919.9 time, 1620.1 real, 2359.3 MB
[runlim] sample:		1930.1 time, 1630.1 real, 2359.3 MB
[runlim] sample:		1940.3 time, 1640.1 real, 2359.3 MB
[runlim] sample:		1950.5 time, 1650.1 real, 2359.3 MB
[runlim] sample:		1960.8 time, 1660.1 real, 2359.3 MB
[runlim] sample:		1971.0 time, 1670.1 real, 2359.3 MB
[runlim] sample:		1981.2 time, 1680.1 real, 2359.3 MB
[runlim] sample:		1991.3 time, 1690.1 real, 2359.3 MB
[runlim] sample:		2001.6 time, 1700.1 real, 2359.3 MB
[runlim] sample:		2011.8 time, 1710.1 real, 2359.3 MB
[runlim] sample:		2022.0 time, 1720.1 real, 2359.3 MB
[runlim] sample:		2032.2 time, 1730.1 real, 2359.3 MB
[runlim] sample:		2042.3 time, 1740.1 real, 2359.3 MB
[runlim] sample:		2052.5 time, 1750.1 real, 2359.3 MB
[runlim] sample:		2062.7 time, 1760.1 real, 2359.3 MB
[runlim] sample:		2072.9 time, 1770.1 real, 2359.3 MB
[runlim] sample:		2083.2 time, 1780.1 real, 2359.3 MB
[runlim] sample:		2093.4 time, 1790.1 real, 2359.3 MB
[runlim] sample:		2103.6 time, 1800.1 real, 2359.3 MB
[runlim] end:			Wed Nov 12 23:23:44 2025
[runlim] status:		out of time
[runlim] result:		2
[runlim] children:		0
[runlim] real:			1800.21 seconds
[runlim] time:			2103.69 seconds
[runlim] space:			2762.6 MB
[runlim] samples:		18001
