[runlim] version:		1.10
[runlim] time limit:		311040000 seconds
[runlim] real time limit:	1800 seconds
[runlim] space limit:		30000 MB
[runlim] argv[0]:		python3
[runlim] argv[1]:		model.py
[runlim] argv[2]:		./graph/random_generated_graph_2013/p2_100_200
[runlim] start:			Wed Nov 12 09:53:44 2025
[runlim] main pid:		39270
[runlim] log captured:
Set parameter WLSAccessID
Set parameter WLSSecret
Set parameter LicenseID to value 2663665
Academic license 2663665 - for non-commercial use only - registered to tu___@vnu.edu.vn
Set parameter TimeLimit to value 1800
(w = 4) Value Cyclicantibandwidth: 4
Lables: [38, 75, 11, 82, 44, 24, 89, 99, 4, 83, 43, 35, 21, 25, 50, 68, 61, 13, 27, 1, 92, 22, 14, 70, 32, 63, 41, 46, 78, 98, 96, 12, 52, 71, 57, 94, 28, 62, 76, 64, 55, 58, 40, 65, 48, 56, 16, 51, 23, 60, 85, 33, 86, 90, 42, 72, 93, 8, 15, 45, 19, 84, 18, 73, 97, 36, 6, 77, 34, 2, 31, 17, 87, 54, 81, 47, 20, 88, 74, 29, 26, 69, 91, 53, 95, 66, 5, 59, 3, 10, 80, 49, 39, 79, 37, 7, 9, 30, 67, 100]
(w = 4) Correct Cyclicantibandwidth
Set parameter TimeLimit to value 1800
(w = 5) Value Cyclicantibandwidth: 5
Lables: [38, 75, 61, 5, 44, 24, 89, 99, 6, 4, 43, 35, 21, 83, 50, 68, 93, 13, 27, 1, 92, 22, 14, 70, 32, 63, 41, 46, 78, 98, 96, 82, 52, 71, 66, 94, 28, 62, 76, 64, 55, 58, 40, 65, 48, 56, 57, 51, 25, 60, 85, 33, 86, 23, 42, 72, 18, 8, 15, 90, 19, 84, 12, 73, 97, 36, 11, 77, 34, 2, 31, 17, 87, 16, 81, 47, 20, 88, 74, 29, 26, 69, 91, 54, 95, 45, 10, 59, 3, 30, 80, 49, 39, 79, 53, 7, 67, 9, 37, 100]
(w = 5) Correct Cyclicantibandwidth
Set parameter TimeLimit to value 1800
(w = 6) Value Cyclicantibandwidth: 6
Lables: [7, 63, 11, 25, 99, 24, 51, 82, 4, 83, 43, 65, 27, 71, 26, 80, 44, 13, 36, 54, 91, 22, 14, 70, 40, 49, 41, 6, 59, 98, 21, 12, 52, 48, 34, 94, 75, 62, 77, 89, 55, 58, 68, 3, 8, 72, 57, 96, 31, 46, 61, 35, 86, 37, 5, 38, 93, 28, 15, 90, 23, 84, 64, 73, 97, 42, 30, 2, 33, 47, 32, 17, 87, 16, 78, 85, 20, 74, 81, 39, 18, 69, 29, 53, 95, 45, 60, 66, 10, 1, 19, 88, 50, 56, 79, 100, 9, 67, 92, 76]
(w = 6) Correct Cyclicantibandwidth
Set parameter TimeLimit to value 1800
(w = 7) Value Cyclicantibandwidth: 7
Lables: [38, 75, 11, 5, 66, 24, 89, 73, 4, 19, 43, 35, 21, 2, 50, 68, 61, 13, 27, 1, 92, 22, 14, 70, 32, 12, 41, 55, 78, 98, 80, 81, 52, 99, 97, 94, 28, 62, 76, 64, 82, 58, 40, 84, 48, 56, 57, 51, 25, 60, 71, 33, 86, 23, 42, 72, 93, 8, 15, 90, 85, 65, 18, 83, 31, 36, 6, 63, 34, 54, 46, 17, 87, 16, 9, 47, 20, 88, 74, 39, 26, 69, 29, 53, 95, 45, 91, 59, 3, 10, 100, 49, 67, 37, 44, 79, 7, 30, 96, 77]
(w = 7) Correct Cyclicantibandwidth
Set parameter TimeLimit to value 1800
(w = 8) Value Cyclicantibandwidth: 8
Lables: [38, 78, 11, 5, 44, 24, 89, 99, 4, 83, 43, 35, 31, 10, 50, 69, 61, 13, 8, 20, 1, 22, 14, 70, 32, 12, 41, 46, 97, 98, 96, 81, 68, 71, 66, 94, 28, 62, 76, 64, 19, 52, 93, 84, 30, 56, 51, 49, 26, 45, 63, 33, 86, 23, 42, 85, 91, 87, 15, 90, 80, 88, 18, 73, 37, 36, 6, 57, 34, 40, 67, 17, 39, 16, 9, 47, 55, 72, 74, 65, 21, 58, 29, 54, 95, 60, 75, 59, 3, 27, 77, 82, 53, 2, 79, 25, 7, 100, 92, 48]
(w = 8) Correct Cyclicantibandwidth
Set parameter TimeLimit to value 1800
(w = 9) Value Cyclicantibandwidth: 9
Lables: [64, 75, 11, 5, 44, 24, 89, 99, 4, 83, 43, 35, 21, 25, 37, 68, 7, 13, 27, 61, 92, 22, 14, 70, 32, 2, 41, 46, 78, 76, 96, 28, 52, 71, 66, 94, 12, 62, 47, 81, 51, 58, 82, 84, 48, 86, 57, 49, 15, 60, 85, 33, 69, 23, 42, 72, 30, 8, 34, 90, 19, 16, 1, 73, 93, 36, 59, 63, 100, 40, 31, 17, 55, 45, 65, 18, 98, 88, 20, 39, 26, 74, 29, 54, 95, 77, 91, 38, 3, 97, 87, 10, 6, 53, 79, 80, 9, 67, 56, 50]
(w = 9) Correct Cyclicantibandwidth
Set parameter TimeLimit to value 1800
(w = 10) Value Cyclicantibandwidth: 10
Lables: [60, 31, 35, 5, 16, 24, 37, 12, 80, 83, 4, 17, 40, 3, 21, 57, 67, 13, 27, 11, 92, 36, 74, 70, 10, 2, 42, 62, 97, 50, 43, 1, 68, 58, 41, 8, 15, 79, 89, 28, 51, 54, 95, 6, 85, 38, 55, 82, 19, 72, 34, 77, 61, 44, 59, 45, 73, 78, 64, 99, 7, 29, 47, 53, 20, 93, 81, 96, 84, 33, 87, 14, 56, 22, 65, 69, 39, 23, 25, 75, 46, 48, 9, 90, 30, 94, 91, 26, 86, 88, 76, 52, 32, 18, 98, 66, 71, 100, 63, 49]
(w = 10) Correct Cyclicantibandwidth
Set parameter TimeLimit to value 1800
(w = 11) Value Cyclicantibandwidth: 11
Lables: [38, 82, 11, 5, 58, 24, 36, 99, 30, 78, 19, 49, 18, 25, 50, 68, 61, 27, 79, 1, 92, 80, 14, 20, 32, 13, 41, 46, 21, 40, 96, 81, 52, 71, 66, 94, 28, 62, 76, 87, 47, 74, 57, 84, 16, 56, 53, 98, 33, 60, 85, 75, 9, 42, 89, 72, 17, 8, 34, 3, 54, 23, 12, 73, 15, 35, 6, 2, 37, 48, 31, 44, 45, 10, 93, 90, 51, 26, 67, 39, 4, 63, 29, 65, 95, 70, 91, 69, 86, 88, 83, 22, 7, 97, 59, 77, 43, 100, 64, 55]
(w = 11) Correct Cyclicantibandwidth
Set parameter TimeLimit to value 1800
(w = 12) Value Cyclicantibandwidth: 12
Lables: [42, 75, 90, 85, 6, 41, 83, 86, 4, 74, 78, 35, 21, 25, 38, 68, 61, 13, 43, 17, 30, 22, 12, 70, 36, 11, 20, 46, 33, 98, 96, 37, 40, 80, 63, 94, 15, 44, 76, 3, 99, 45, 58, 18, 48, 23, 27, 84, 32, 60, 1, 92, 55, 66, 72, 47, 79, 8, 34, 5, 19, 67, 49, 73, 16, 93, 29, 2, 95, 51, 31, 24, 87, 56, 100, 77, 62, 9, 39, 71, 26, 64, 10, 54, 91, 82, 89, 69, 14, 88, 52, 81, 50, 97, 59, 65, 7, 28, 57, 53]
(w = 12) Correct Cyclicantibandwidth
Set parameter TimeLimit to value 1800
[runlim] sample:		10.0 time, 10.1 real, 80.4 MB
(w = 13) Value Cyclicantibandwidth: 13
Lables: [38, 77, 11, 5, 44, 24, 3, 99, 4, 83, 97, 18, 21, 25, 47, 29, 61, 13, 27, 1, 93, 22, 14, 94, 39, 12, 41, 64, 78, 98, 96, 45, 52, 71, 26, 68, 28, 62, 55, 36, 75, 58, 50, 9, 48, 23, 43, 82, 32, 72, 85, 33, 91, 40, 92, 35, 17, 8, 34, 90, 51, 16, 56, 73, 15, 70, 19, 2, 86, 46, 31, 79, 87, 66, 100, 67, 74, 7, 20, 89, 10, 63, 6, 54, 81, 42, 84, 69, 76, 88, 80, 95, 57, 37, 59, 30, 49, 65, 60, 53]
(w = 13) Correct Cyclicantibandwidth
Set parameter TimeLimit to value 1800
(w = 14) Value Cyclicantibandwidth: 14
Lables: [57, 20, 30, 74, 63, 24, 43, 59, 25, 6, 23, 49, 21, 42, 50, 44, 5, 99, 60, 1, 16, 10, 47, 94, 56, 12, 18, 32, 87, 2, 79, 73, 52, 71, 75, 85, 36, 4, 80, 35, 81, 58, 86, 9, 97, 91, 51, 88, 38, 82, 3, 13, 55, 62, 7, 45, 17, 8, 34, 11, 19, 83, 72, 93, 15, 39, 95, 96, 92, 78, 31, 65, 69, 27, 89, 40, 14, 41, 66, 68, 26, 64, 29, 48, 76, 61, 67, 90, 22, 33, 77, 98, 70, 37, 84, 46, 100, 28, 54, 53]
(w = 14) Correct Cyclicantibandwidth
Set parameter TimeLimit to value 1800
(w = 15) Value Cyclicantibandwidth: 15
Lables: [53, 77, 59, 64, 82, 23, 92, 71, 25, 73, 6, 88, 70, 7, 32, 37, 75, 33, 30, 1, 13, 2, 14, 41, 60, 10, 35, 40, 47, 20, 78, 22, 38, 65, 26, 17, 46, 67, 87, 4, 45, 63, 86, 100, 16, 89, 62, 69, 28, 56, 24, 18, 98, 83, 74, 12, 76, 55, 29, 90, 85, 80, 42, 93, 5, 27, 11, 97, 48, 54, 34, 43, 68, 44, 99, 19, 8, 31, 61, 81, 96, 84, 39, 3, 91, 51, 95, 15, 79, 9, 94, 21, 72, 52, 49, 36, 50, 57, 58, 66]
(w = 15) Correct Cyclicantibandwidth
Set parameter TimeLimit to value 1800
(w = 16) Value Cyclicantibandwidth: 16
Lables: [22, 34, 11, 83, 68, 27, 100, 25, 73, 81, 43, 52, 21, 4, 59, 38, 61, 58, 24, 79, 9, 2, 85, 87, 66, 55, 41, 65, 6, 36, 50, 45, 78, 30, 13, 97, 10, 62, 76, 3, 86, 94, 46, 16, 64, 51, 33, 77, 15, 82, 92, 14, 88, 32, 47, 19, 56, 84, 53, 8, 54, 69, 17, 93, 98, 42, 57, 89, 72, 40, 31, 44, 48, 60, 96, 18, 70, 5, 63, 23, 26, 80, 29, 95, 90, 20, 91, 71, 37, 35, 75, 12, 39, 1, 74, 67, 7, 28, 99, 49]
(w = 16) Correct Cyclicantibandwidth
Set parameter TimeLimit to value 1800
(w = 17) Value Cyclicantibandwidth: 17
Lables: [38, 75, 30, 52, 84, 21, 89, 99, 4, 83, 12, 35, 17, 25, 50, 68, 61, 13, 63, 1, 43, 5, 57, 91, 40, 19, 41, 65, 10, 98, 96, 24, 74, 71, 66, 94, 28, 62, 76, 64, 42, 49, 48, 9, 51, 56, 47, 90, 2, 58, 85, 82, 55, 32, 69, 92, 20, 8, 34, 80, 93, 16, 18, 73, 15, 36, 6, 45, 81, 60, 31, 23, 87, 22, 100, 67, 3, 11, 59, 95, 26, 86, 29, 54, 88, 53, 78, 72, 27, 97, 77, 33, 39, 37, 79, 70, 7, 14, 46, 44]
(w = 17) Correct Cyclicantibandwidth
Set parameter TimeLimit to value 1800
(w = 18) Value Cyclicantibandwidth: 18
Lables: [45, 77, 10, 7, 71, 6, 86, 38, 11, 25, 65, 29, 16, 33, 46, 68, 43, 13, 100, 18, 19, 5, 67, 57, 37, 28, 20, 48, 84, 98, 60, 1, 72, 50, 23, 94, 30, 63, 73, 14, 64, 58, 90, 91, 22, 96, 49, 82, 8, 42, 52, 74, 39, 40, 70, 51, 87, 3, 35, 81, 92, 17, 31, 93, 9, 61, 21, 75, 95, 55, 85, 41, 54, 27, 12, 32, 80, 66, 44, 2, 24, 83, 4, 79, 88, 89, 69, 62, 26, 97, 76, 99, 53, 59, 15, 78, 47, 34, 56, 36]
(w = 18) Correct Cyclicantibandwidth
Set parameter TimeLimit to value 1800
[runlim] sample:		20.1 time, 20.1 real, 96.8 MB
(w = 19) Value Cyclicantibandwidth: 19
Lables: [37, 23, 58, 11, 82, 41, 10, 56, 7, 98, 21, 32, 86, 44, 26, 47, 49, 15, 42, 91, 19, 5, 94, 46, 70, 93, 1, 64, 52, 34, 95, 27, 8, 92, 99, 13, 28, 55, 65, 31, 89, 67, 33, 71, 38, 18, 48, 90, 17, 62, 66, 74, 22, 30, 6, 100, 59, 3, 35, 84, 76, 12, 53, 20, 85, 83, 54, 51, 43, 96, 88, 2, 68, 9, 97, 80, 69, 16, 40, 78, 72, 75, 25, 81, 87, 61, 73, 60, 77, 57, 4, 14, 63, 29, 79, 39, 24, 45, 50, 36]
(w = 19) Correct Cyclicantibandwidth
Set parameter TimeLimit to value 1800
(w = 20) Value Cyclicantibandwidth: 20
Lables: [5, 64, 22, 69, 87, 48, 71, 78, 52, 79, 68, 81, 25, 11, 24, 14, 15, 63, 16, 73, 67, 54, 37, 83, 12, 39, 46, 47, 82, 98, 90, 41, 49, 29, 42, 55, 26, 23, 77, 95, 56, 76, 2, 57, 97, 36, 6, 60, 1, 28, 88, 93, 30, 3, 75, 100, 32, 86, 7, 91, 40, 50, 20, 89, 27, 19, 66, 33, 18, 34, 8, 62, 74, 35, 44, 80, 96, 61, 13, 58, 94, 4, 45, 72, 43, 92, 70, 51, 53, 17, 65, 84, 21, 59, 85, 99, 38, 9, 10, 31]
(w = 20) Correct Cyclicantibandwidth
Set parameter TimeLimit to value 1800
(w = 21) Value Cyclicantibandwidth: 21
Lables: [5, 67, 23, 43, 39, 52, 73, 83, 54, 82, 75, 96, 26, 11, 25, 14, 15, 66, 16, 78, 70, 55, 60, 88, 12, 40, 48, 49, 36, 94, 90, 44, 56, 34, 38, 57, 27, 24, 74, 20, 58, 77, 2, 59, 86, 19, 6, 41, 1, 29, 85, 97, 72, 3, 87, 84, 31, 64, 7, 95, 81, 50, 21, 100, 28, 91, 69, 32, 18, 33, 8, 98, 76, 35, 46, 65, 93, 62, 13, 89, 63, 4, 47, 79, 45, 92, 71, 51, 53, 17, 68, 42, 22, 61, 80, 99, 37, 9, 10, 30]
(w = 21) Correct Cyclicantibandwidth
Set parameter TimeLimit to value 1800
[runlim] sample:		30.8 time, 30.1 real, 205.5 MB
(w = 22) Value Cyclicantibandwidth: 22
Lables: [5, 70, 24, 84, 43, 56, 78, 20, 54, 85, 37, 95, 27, 11, 26, 14, 15, 69, 16, 66, 77, 57, 67, 36, 12, 41, 49, 55, 39, 94, 38, 87, 58, 35, 68, 59, 28, 25, 64, 17, 60, 75, 2, 61, 97, 81, 6, 89, 1, 34, 83, 18, 74, 3, 86, 92, 30, 45, 7, 93, 82, 50, 22, 96, 32, 98, 71, 31, 21, 33, 8, 90, 79, 40, 48, 62, 99, 65, 13, 88, 91, 4, 51, 76, 47, 100, 72, 52, 53, 19, 73, 44, 23, 63, 80, 46, 42, 9, 10, 29]
(w = 22) Correct Cyclicantibandwidth
Set parameter TimeLimit to value 1800
[runlim] sample:		42.3 time, 40.1 real, 306.1 MB
(w = 23) Value Cyclicantibandwidth: 23
Lables: [60, 44, 58, 2, 69, 8, 42, 46, 35, 19, 98, 62, 52, 92, 97, 41, 83, 15, 96, 89, 51, 12, 16, 45, 68, 70, 88, 76, 48, 81, 40, 22, 99, 77, 64, 11, 10, 17, 30, 14, 59, 33, 29, 21, 13, 71, 87, 67, 7, 50, 78, 85, 9, 93, 80, 4, 32, 5, 79, 24, 91, 56, 43, 26, 53, 31, 38, 75, 73, 84, 74, 47, 37, 36, 20, 1, 72, 27, 65, 18, 49, 61, 54, 6, 90, 66, 23, 86, 34, 39, 28, 25, 57, 95, 3, 82, 100, 55, 94, 63]
(w = 23) Correct Cyclicantibandwidth
Set parameter TimeLimit to value 1800
[runlim] sample:		53.8 time, 50.1 real, 288.3 MB
[runlim] sample:		65.3 time, 60.1 real, 479.1 MB
(w = 24) Value Cyclicantibandwidth: 24
Lables: [80, 40, 59, 85, 54, 6, 57, 31, 29, 97, 36, 52, 94, 10, 50, 5, 55, 7, 49, 84, 88, 32, 11, 62, 3, 71, 78, 44, 20, 95, 75, 90, 17, 48, 63, 56, 51, 2, 22, 13, 81, 12, 18, 16, 100, 98, 24, 82, 38, 70, 87, 34, 83, 53, 67, 39, 8, 66, 35, 15, 37, 65, 9, 30, 92, 99, 21, 74, 61, 64, 46, 41, 72, 58, 77, 42, 79, 4, 19, 47, 27, 89, 28, 96, 45, 69, 26, 23, 14, 93, 86, 68, 1, 33, 60, 25, 76, 43, 73, 91]
(w = 24) Correct Cyclicantibandwidth
Set parameter TimeLimit to value 1800
[runlim] sample:		76.9 time, 70.1 real, 421.2 MB
(w = 25) Value Cyclicantibandwidth: 25
Lables: [9, 1, 24, 3, 97, 25, 57, 32, 69, 90, 45, 98, 15, 27, 13, 5, 33, 83, 30, 81, 93, 14, 100, 11, 39, 37, 87, 29, 21, 23, 95, 67, 77, 18, 71, 44, 59, 12, 79, 20, 74, 64, 56, 86, 78, 94, 16, 55, 10, 54, 6, 7, 53, 47, 80, 8, 38, 31, 65, 92, 52, 91, 41, 61, 4, 66, 22, 36, 46, 58, 28, 84, 85, 49, 72, 99, 34, 82, 19, 70, 73, 88, 51, 17, 48, 40, 62, 89, 68, 42, 76, 75, 35, 63, 96, 60, 2, 50, 26, 43]
(w = 25) Correct Cyclicantibandwidth
Set parameter TimeLimit to value 1800
[runlim] sample:		89.2 time, 80.1 real, 464.7 MB
[runlim] sample:		100.9 time, 90.1 real, 445.8 MB
(w = 26) Value Cyclicantibandwidth: 26
Lables: [38, 79, 8, 66, 64, 35, 77, 20, 3, 89, 27, 65, 39, 33, 72, 37, 91, 6, 87, 19, 2, 49, 44, 92, 18, 84, 90, 29, 57, 24, 51, 58, 81, 42, 53, 71, 68, 17, 12, 21, 59, 14, 82, 28, 16, 88, 9, 61, 48, 98, 41, 22, 83, 86, 62, 32, 85, 23, 96, 25, 93, 69, 97, 7, 55, 95, 34, 75, 15, 74, 40, 47, 100, 67, 46, 11, 94, 70, 45, 5, 60, 1, 63, 30, 78, 56, 43, 13, 4, 26, 36, 73, 80, 50, 52, 54, 99, 10, 31, 76]
(w = 26) Correct Cyclicantibandwidth
Set parameter TimeLimit to value 1800
[runlim] sample:		115.2 time, 100.1 real, 438.6 MB
(w = 27) Value Cyclicantibandwidth: 27
Lables: [6, 11, 48, 45, 13, 84, 57, 19, 93, 9, 35, 87, 41, 50, 32, 100, 25, 33, 51, 75, 18, 77, 61, 14, 49, 29, 88, 62, 69, 39, 17, 82, 81, 70, 96, 72, 58, 30, 63, 22, 92, 56, 2, 66, 10, 46, 31, 90, 1, 12, 98, 97, 24, 3, 54, 7, 43, 20, 74, 80, 53, 4, 23, 8, 34, 55, 42, 36, 47, 73, 83, 85, 44, 68, 76, 64, 15, 79, 21, 86, 95, 5, 67, 37, 71, 60, 59, 91, 65, 52, 99, 94, 40, 78, 16, 89, 27, 26, 38, 28]
(w = 27) Correct Cyclicantibandwidth
Set parameter TimeLimit to value 1800
[runlim] sample:		125.3 time, 110.1 real, 419.3 MB
[runlim] sample:		141.8 time, 120.1 real, 480.8 MB
(w = 28) Value Cyclicantibandwidth: 28
Lables: [6, 9, 56, 41, 16, 89, 60, 55, 79, 8, 50, 99, 43, 49, 33, 100, 17, 35, 27, 70, 28, 76, 75, 15, 44, 30, 90, 67, 52, 54, 95, 83, 97, 68, 91, 71, 63, 31, 78, 19, 88, 58, 2, 62, 40, 20, 34, 84, 1, 25, 10, 53, 23, 3, 18, 94, 42, 22, 69, 87, 51, 4, 46, 12, 39, 59, 36, 32, 14, 64, 86, 85, 24, 82, 74, 73, 13, 57, 21, 96, 80, 5, 66, 38, 72, 7, 61, 93, 65, 48, 98, 81, 45, 77, 11, 92, 26, 47, 37, 29]
(w = 28) Correct Cyclicantibandwidth
Set parameter TimeLimit to value 1800
[runlim] sample:		153.0 time, 130.1 real, 539.4 MB
[runlim] sample:		163.2 time, 140.1 real, 429.7 MB
[runlim] sample:		173.4 time, 150.1 real, 433.7 MB
[runlim] sample:		183.6 time, 160.1 real, 535.0 MB
[runlim] sample:		193.8 time, 170.1 real, 450.6 MB
[runlim] sample:		204.0 time, 180.1 real, 456.7 MB
[runlim] sample:		214.2 time, 190.1 real, 508.3 MB
[runlim] sample:		224.3 time, 200.1 real, 514.5 MB
[runlim] sample:		234.5 time, 210.1 real, 508.2 MB
[runlim] sample:		246.5 time, 220.1 real, 549.0 MB
[runlim] sample:		280.3 time, 230.1 real, 649.2 MB
[runlim] sample:		319.4 time, 240.1 real, 662.1 MB
(w = 29) Value Cyclicantibandwidth: 29
Lables: [94, 45, 89, 63, 37, 85, 14, 53, 3, 40, 98, 51, 17, 75, 12, 6, 36, 23, 44, 8, 18, 78, 67, 50, 9, 35, 13, 76, 83, 26, 77, 90, 59, 84, 69, 73, 95, 81, 65, 79, 7, 64, 46, 82, 22, 19, 29, 10, 2, 55, 49, 61, 32, 38, 56, 100, 39, 92, 34, 99, 48, 97, 27, 88, 5, 30, 1, 71, 54, 72, 93, 21, 28, 91, 80, 15, 47, 25, 43, 4, 87, 41, 11, 68, 52, 57, 66, 62, 42, 20, 58, 86, 31, 96, 70, 60, 24, 16, 74, 33]
(w = 29) Correct Cyclicantibandwidth
Set parameter TimeLimit to value 1800
[runlim] sample:		346.2 time, 250.1 real, 664.4 MB
[runlim] sample:		357.5 time, 260.1 real, 683.6 MB
[runlim] sample:		367.7 time, 270.1 real, 746.2 MB
[runlim] sample:		377.8 time, 280.1 real, 703.2 MB
[runlim] sample:		388.0 time, 290.1 real, 744.5 MB
[runlim] sample:		398.2 time, 300.1 real, 626.0 MB
[runlim] sample:		408.4 time, 310.1 real, 666.8 MB
[runlim] sample:		418.5 time, 320.1 real, 688.4 MB
[runlim] sample:		428.7 time, 330.1 real, 698.2 MB
[runlim] sample:		438.9 time, 340.1 real, 679.6 MB
[runlim] sample:		449.6 time, 350.1 real, 653.5 MB
[runlim] sample:		465.8 time, 360.1 real, 737.7 MB
[runlim] sample:		504.2 time, 370.1 real, 733.5 MB
[runlim] sample:		543.5 time, 380.1 real, 740.6 MB
[runlim] sample:		583.5 time, 390.1 real, 740.7 MB
[runlim] sample:		623.6 time, 400.1 real, 766.8 MB
[runlim] sample:		663.6 time, 410.1 real, 777.8 MB
[runlim] sample:		698.3 time, 420.1 real, 782.7 MB
[runlim] sample:		735.7 time, 430.1 real, 782.7 MB
[runlim] sample:		775.7 time, 440.1 real, 770.8 MB
[runlim] sample:		815.5 time, 450.1 real, 774.5 MB
[runlim] sample:		854.3 time, 460.1 real, 797.0 MB
(w = 30) Value Cyclicantibandwidth: 30
Lables: [16, 5, 1, 54, 20, 96, 43, 98, 83, 14, 91, 58, 3, 56, 9, 7, 25, 47, 61, 17, 23, 93, 86, 6, 36, 39, 46, 81, 95, 60, 100, 66, 55, 88, 26, 37, 10, 12, 70, 33, 94, 69, 50, 76, 24, 28, 80, 92, 8, 30, 59, 67, 34, 45, 51, 4, 49, 29, 85, 97, 63, 22, 21, 72, 15, 65, 11, 38, 31, 78, 99, 68, 35, 27, 75, 90, 53, 64, 87, 2, 62, 42, 82, 52, 77, 13, 79, 73, 74, 89, 48, 57, 41, 84, 19, 71, 32, 18, 44, 40]
(w = 30) Correct Cyclicantibandwidth
Set parameter TimeLimit to value 1800
[runlim] sample:		868.5 time, 470.1 real, 779.5 MB
[runlim] sample:		878.7 time, 480.1 real, 754.0 MB
[runlim] sample:		888.9 time, 490.1 real, 771.9 MB
[runlim] sample:		899.0 time, 500.1 real, 735.3 MB
[runlim] sample:		909.2 time, 510.1 real, 726.4 MB
[runlim] sample:		919.4 time, 520.1 real, 681.8 MB
[runlim] sample:		929.6 time, 530.1 real, 757.1 MB
[runlim] sample:		939.8 time, 540.1 real, 767.3 MB
[runlim] sample:		950.0 time, 550.1 real, 757.7 MB
[runlim] sample:		960.2 time, 560.1 real, 720.8 MB
[runlim] sample:		970.4 time, 570.1 real, 755.9 MB
[runlim] sample:		982.3 time, 580.1 real, 760.1 MB
[runlim] sample:		999.4 time, 590.1 real, 766.5 MB
[runlim] sample:		1038.7 time, 600.1 real, 772.4 MB
[runlim] sample:		1078.4 time, 610.1 real, 782.8 MB
[runlim] sample:		1118.3 time, 620.1 real, 784.3 MB
[runlim] sample:		1158.4 time, 630.1 real, 835.1 MB
[runlim] sample:		1197.7 time, 640.1 real, 880.7 MB
[runlim] sample:		1237.7 time, 650.1 real, 844.1 MB
[runlim] sample:		1276.0 time, 660.1 real, 853.8 MB
[runlim] sample:		1316.1 time, 670.1 real, 865.0 MB
[runlim] sample:		1355.7 time, 680.1 real, 929.8 MB
[runlim] sample:		1395.8 time, 690.1 real, 1034.4 MB
[runlim] sample:		1429.2 time, 700.1 real, 882.7 MB
[runlim] sample:		1469.2 time, 710.1 real, 894.3 MB
[runlim] sample:		1508.6 time, 720.1 real, 942.2 MB
[runlim] sample:		1548.7 time, 730.1 real, 908.8 MB
[runlim] sample:		1588.7 time, 740.1 real, 922.0 MB
[runlim] sample:		1628.5 time, 750.1 real, 920.8 MB
[runlim] sample:		1668.6 time, 760.1 real, 929.9 MB
[runlim] sample:		1708.6 time, 770.1 real, 930.8 MB
[runlim] sample:		1748.6 time, 780.1 real, 926.8 MB
[runlim] sample:		1787.2 time, 790.1 real, 958.6 MB
[runlim] sample:		1827.2 time, 800.1 real, 960.1 MB
[runlim] sample:		1863.7 time, 810.1 real, 958.0 MB
[runlim] sample:		1903.7 time, 820.1 real, 975.2 MB
[runlim] sample:		1942.5 time, 830.1 real, 956.3 MB
[runlim] sample:		1981.3 time, 840.1 real, 968.2 MB
[runlim] sample:		2021.3 time, 850.1 real, 975.7 MB
[runlim] sample:		2059.7 time, 860.1 real, 950.8 MB
[runlim] sample:		2099.7 time, 870.1 real, 990.1 MB
[runlim] sample:		2139.2 time, 880.1 real, 976.3 MB
[runlim] sample:		2179.2 time, 890.1 real, 1019.1 MB
[runlim] sample:		2194.8 time, 900.1 real, 1068.0 MB
[runlim] sample:		2205.3 time, 910.1 real, 1073.6 MB
[runlim] sample:		2215.8 time, 920.1 real, 1098.4 MB
[runlim] sample:		2234.4 time, 930.1 real, 1176.7 MB
[runlim] sample:		2255.3 time, 940.1 real, 1518.3 MB
[runlim] sample:		2285.5 time, 950.1 real, 1471.9 MB
[runlim] sample:		2312.6 time, 960.1 real, 1486.8 MB
[runlim] sample:		2342.7 time, 970.1 real, 1507.1 MB
[runlim] sample:		2372.9 time, 980.1 real, 1519.9 MB
[runlim] sample:		2403.1 time, 990.1 real, 1520.2 MB
[runlim] sample:		2433.2 time, 1000.1 real, 1564.5 MB
[runlim] sample:		2463.4 time, 1010.1 real, 1575.2 MB
[runlim] sample:		2493.6 time, 1020.1 real, 1541.4 MB
[runlim] sample:		2523.8 time, 1030.1 real, 1540.9 MB
[runlim] sample:		2553.9 time, 1040.1 real, 1511.0 MB
[runlim] sample:		2584.1 time, 1050.1 real, 1518.0 MB
[runlim] sample:		2614.3 time, 1060.1 real, 1516.6 MB
[runlim] sample:		2644.4 time, 1070.1 real, 1519.0 MB
[runlim] sample:		2674.6 time, 1080.1 real, 1581.5 MB
[runlim] sample:		2704.8 time, 1090.1 real, 1639.7 MB
[runlim] sample:		2735.0 time, 1100.1 real, 1639.7 MB
[runlim] sample:		2765.1 time, 1110.1 real, 1542.1 MB
[runlim] sample:		2795.3 time, 1120.1 real, 1608.3 MB
[runlim] sample:		2825.4 time, 1130.1 real, 1670.6 MB
[runlim] sample:		2855.6 time, 1140.1 real, 1610.6 MB
[runlim] sample:		2885.8 time, 1150.1 real, 1616.9 MB
[runlim] sample:		2915.9 time, 1160.1 real, 1558.8 MB
[runlim] sample:		2946.1 time, 1170.1 real, 1630.8 MB
[runlim] sample:		2976.2 time, 1180.1 real, 1595.5 MB
[runlim] sample:		2988.2 time, 1190.1 real, 1463.2 MB
[runlim] sample:		2998.6 time, 1200.1 real, 1455.9 MB
[runlim] sample:		3009.1 time, 1210.1 real, 1467.7 MB
[runlim] sample:		3019.6 time, 1220.1 real, 1463.2 MB
[runlim] sample:		3031.7 time, 1230.1 real, 1453.2 MB
[runlim] sample:		3060.7 time, 1240.1 real, 1427.5 MB
[runlim] sample:		3092.8 time, 1250.1 real, 1427.7 MB
[runlim] sample:		3132.8 time, 1260.1 real, 1427.7 MB
[runlim] sample:		3165.2 time, 1270.1 real, 1428.2 MB
[runlim] sample:		3205.3 time, 1280.1 real, 1433.0 MB
[runlim] sample:		3244.5 time, 1290.1 real, 1425.8 MB
[runlim] sample:		3282.4 time, 1300.1 real, 1421.7 MB
[runlim] sample:		3322.4 time, 1310.1 real, 1422.0 MB
(w = 31) Value Cyclicantibandwidth: 31
Lables: [43, 85, 89, 83, 68, 62, 93, 4, 78, 60, 2, 34, 90, 21, 11, 27, 3, 12, 8, 55, 25, 82, 29, 87, 20, 79, 73, 91, 30, 40, 67, 35, 26, 71, 63, 59, 92, 32, 10, 33, 53, 17, 22, 44, 6, 41, 23, 77, 48, 9, 39, 37, 98, 88, 31, 46, 86, 69, 14, 70, 96, 76, 99, 36, 57, 7, 19, 15, 5, 81, 49, 84, 16, 72, 51, 66, 61, 74, 24, 65, 38, 50, 97, 45, 75, 47, 42, 52, 80, 94, 56, 64, 1, 18, 54, 58, 100, 95, 28, 13]
(w = 31) Correct Cyclicantibandwidth
Set parameter TimeLimit to value 1800
[runlim] sample:		3346.4 time, 1320.1 real, 1330.9 MB
[runlim] sample:		3357.3 time, 1330.1 real, 1330.9 MB
[runlim] sample:		3367.5 time, 1340.1 real, 1330.9 MB
[runlim] sample:		3377.7 time, 1350.1 real, 1330.9 MB
[runlim] sample:		3387.8 time, 1360.1 real, 1330.9 MB
[runlim] sample:		3398.0 time, 1370.1 real, 1330.9 MB
[runlim] sample:		3408.2 time, 1380.1 real, 1330.9 MB
[runlim] sample:		3418.4 time, 1390.1 real, 1330.9 MB
[runlim] sample:		3428.6 time, 1400.1 real, 1330.9 MB
[runlim] sample:		3438.8 time, 1410.1 real, 1330.9 MB
[runlim] sample:		3448.9 time, 1420.1 real, 1330.9 MB
[runlim] sample:		3459.1 time, 1430.1 real, 1339.6 MB
[runlim] sample:		3471.0 time, 1440.1 real, 1330.9 MB
[runlim] sample:		3484.2 time, 1450.1 real, 1360.4 MB
[runlim] sample:		3523.4 time, 1460.1 real, 1357.5 MB
[runlim] sample:		3559.5 time, 1470.1 real, 1357.6 MB
[runlim] sample:		3599.3 time, 1480.1 real, 1383.4 MB
[runlim] sample:		3638.9 time, 1490.1 real, 1382.5 MB
[runlim] sample:		3678.8 time, 1500.1 real, 1382.6 MB
[runlim] sample:		3718.8 time, 1510.1 real, 1387.9 MB
[runlim] sample:		3758.9 time, 1520.1 real, 1394.3 MB
[runlim] sample:		3798.9 time, 1530.1 real, 1399.9 MB
[runlim] sample:		3838.6 time, 1540.1 real, 1418.5 MB
[runlim] sample:		3878.6 time, 1550.1 real, 1418.5 MB
[runlim] sample:		3918.0 time, 1560.1 real, 1415.7 MB
[runlim] sample:		3957.4 time, 1570.1 real, 1420.0 MB
[runlim] sample:		3997.5 time, 1580.1 real, 1420.2 MB
[runlim] sample:		4037.1 time, 1590.1 real, 1420.7 MB
[runlim] sample:		4077.1 time, 1600.1 real, 1424.4 MB
[runlim] sample:		4113.6 time, 1610.1 real, 1416.2 MB
[runlim] sample:		4153.6 time, 1620.1 real, 1415.8 MB
[runlim] sample:		4193.7 time, 1630.1 real, 1417.2 MB
[runlim] sample:		4232.3 time, 1640.1 real, 1415.9 MB
[runlim] sample:		4272.3 time, 1650.1 real, 1418.7 MB
[runlim] sample:		4311.7 time, 1660.1 real, 1418.7 MB
[runlim] sample:		4351.8 time, 1670.1 real, 1415.3 MB
[runlim] sample:		4391.8 time, 1680.1 real, 1417.4 MB
[runlim] sample:		4431.4 time, 1690.1 real, 1420.5 MB
[runlim] sample:		4471.5 time, 1700.1 real, 1424.5 MB
[runlim] sample:		4511.5 time, 1710.1 real, 1422.2 MB
[runlim] sample:		4551.3 time, 1720.1 real, 1415.7 MB
[runlim] sample:		4591.4 time, 1730.1 real, 1415.9 MB
[runlim] sample:		4631.2 time, 1740.1 real, 1425.7 MB
[runlim] sample:		4671.3 time, 1750.1 real, 1416.6 MB
[runlim] sample:		4711.3 time, 1760.1 real, 1414.5 MB
[runlim] sample:		4750.6 time, 1770.1 real, 1416.2 MB
[runlim] sample:		4790.7 time, 1780.1 real, 1418.9 MB
[runlim] sample:		4830.7 time, 1790.1 real, 1412.4 MB
[runlim] sample:		4870.7 time, 1800.1 real, 1416.6 MB
[runlim] end:			Wed Nov 12 10:23:44 2025
[runlim] status:		out of time
[runlim] result:		2
[runlim] children:		0
[runlim] real:			1800.09 seconds
[runlim] time:			4870.68 seconds
[runlim] space:			1721.6 MB
[runlim] samples:		18000
