[runlim] version:		1.10
[runlim] time limit:		311040000 seconds
[runlim] real time limit:	1800 seconds
[runlim] space limit:		30000 MB
[runlim] argv[0]:		python3
[runlim] argv[1]:		model.py
[runlim] argv[2]:		./graph/random_generated_graph_2013/p30_200_400
[runlim] start:			Wed Nov 12 23:53:44 2025
[runlim] main pid:		49527
[runlim] log captured:
Set parameter WLSAccessID
Set parameter WLSSecret
Set parameter LicenseID to value 2663665
Academic license 2663665 - for non-commercial use only - registered to tu___@vnu.edu.vn
Set parameter TimeLimit to value 1800
(w = 4) Value Cyclicantibandwidth: 4
Lables: [154, 5, 186, 169, 158, 150, 21, 68, 107, 1, 166, 183, 67, 152, 50, 129, 133, 102, 104, 64, 124, 84, 56, 96, 60, 33, 101, 72, 82, 128, 15, 108, 141, 86, 167, 11, 58, 76, 32, 29, 4, 119, 94, 31, 88, 165, 79, 47, 138, 87, 92, 173, 134, 95, 49, 106, 136, 41, 120, 180, 142, 22, 38, 187, 55, 193, 3, 114, 168, 54, 130, 51, 122, 112, 70, 28, 34, 182, 105, 26, 135, 52, 66, 192, 194, 200, 99, 171, 98, 161, 74, 63, 59, 42, 23, 184, 27, 6, 145, 62, 19, 188, 143, 90, 190, 25, 65, 85, 36, 159, 97, 191, 35, 127, 80, 176, 45, 93, 170, 177, 149, 156, 18, 46, 126, 115, 172, 139, 195, 17, 71, 113, 185, 118, 30, 83, 110, 198, 163, 91, 73, 116, 103, 146, 175, 179, 197, 148, 40, 53, 81, 137, 111, 164, 43, 109, 117, 100, 2, 13, 131, 16, 39, 8, 174, 24, 44, 147, 37, 157, 9, 61, 151, 7, 69, 123, 162, 20, 196, 77, 14, 189, 10, 12, 78, 153, 199, 181, 178, 144, 75, 89, 48, 57, 132, 121, 155, 125, 140, 160]
(w = 4) Correct Cyclicantibandwidth
Set parameter TimeLimit to value 1800
(w = 5) Value Cyclicantibandwidth: 5
Lables: [154, 5, 186, 169, 158, 150, 21, 68, 107, 1, 166, 183, 67, 85, 50, 129, 133, 102, 104, 64, 124, 84, 56, 96, 60, 33, 101, 72, 82, 128, 185, 30, 141, 117, 167, 11, 42, 76, 32, 29, 4, 119, 94, 31, 88, 165, 79, 47, 138, 174, 92, 173, 134, 95, 49, 106, 136, 41, 36, 180, 142, 22, 38, 187, 55, 152, 3, 114, 168, 54, 130, 51, 122, 112, 34, 28, 120, 18, 105, 26, 135, 52, 66, 192, 194, 200, 99, 171, 98, 161, 74, 63, 59, 86, 23, 184, 27, 6, 145, 62, 19, 188, 143, 90, 190, 25, 65, 70, 144, 159, 97, 191, 35, 127, 80, 176, 45, 93, 170, 108, 149, 156, 100, 46, 126, 115, 181, 139, 195, 17, 71, 113, 15, 57, 193, 58, 110, 20, 163, 182, 73, 116, 103, 146, 175, 118, 197, 148, 40, 53, 81, 137, 111, 164, 43, 109, 199, 13, 2, 121, 131, 177, 39, 8, 87, 172, 44, 147, 37, 157, 9, 61, 151, 7, 69, 123, 162, 179, 196, 77, 14, 189, 10, 12, 91, 153, 75, 48, 178, 24, 198, 89, 78, 140, 132, 16, 155, 125, 83, 160]
(w = 5) Correct Cyclicantibandwidth
Set parameter TimeLimit to value 1800
(w = 6) Value Cyclicantibandwidth: 6
Lables: [154, 5, 186, 169, 158, 150, 21, 68, 107, 152, 166, 183, 67, 85, 50, 129, 133, 102, 104, 64, 124, 84, 56, 96, 60, 33, 101, 72, 82, 128, 181, 108, 141, 117, 167, 11, 42, 76, 32, 29, 4, 119, 94, 31, 88, 165, 79, 47, 138, 87, 92, 173, 30, 114, 49, 106, 136, 41, 36, 180, 142, 22, 38, 187, 55, 193, 3, 185, 168, 54, 130, 95, 122, 112, 97, 28, 120, 18, 105, 26, 135, 52, 1, 192, 194, 200, 99, 171, 98, 161, 74, 63, 134, 86, 23, 184, 27, 6, 145, 62, 19, 188, 143, 90, 190, 25, 65, 70, 144, 159, 51, 191, 35, 127, 80, 176, 45, 93, 170, 34, 149, 156, 100, 46, 126, 115, 59, 139, 195, 17, 71, 113, 15, 57, 16, 58, 110, 20, 163, 182, 73, 116, 103, 146, 175, 118, 197, 148, 40, 53, 81, 137, 111, 164, 43, 109, 199, 13, 2, 121, 131, 177, 39, 8, 174, 172, 44, 147, 37, 157, 9, 61, 151, 7, 69, 123, 162, 179, 196, 77, 14, 132, 10, 12, 78, 153, 189, 48, 91, 75, 198, 89, 140, 160, 178, 83, 155, 125, 24, 66]
(w = 6) Correct Cyclicantibandwidth
Set parameter TimeLimit to value 1800
[runlim] sample:		10.0 time, 10.1 real, 144.2 MB
(w = 7) Value Cyclicantibandwidth: 7
Lables: [154, 5, 186, 169, 158, 150, 21, 68, 107, 1, 166, 183, 67, 85, 50, 129, 133, 102, 104, 64, 124, 84, 56, 96, 60, 33, 101, 72, 82, 128, 185, 108, 141, 117, 167, 11, 42, 76, 32, 29, 4, 119, 94, 31, 88, 165, 79, 47, 138, 87, 92, 173, 134, 95, 49, 106, 136, 41, 36, 180, 142, 22, 38, 187, 55, 193, 3, 114, 168, 152, 130, 51, 122, 112, 54, 28, 120, 18, 105, 26, 135, 52, 66, 192, 194, 200, 99, 171, 98, 161, 74, 63, 143, 86, 23, 184, 27, 6, 145, 62, 19, 188, 179, 90, 147, 25, 65, 70, 144, 159, 97, 191, 35, 127, 80, 176, 45, 93, 170, 34, 149, 156, 100, 46, 126, 115, 13, 139, 195, 17, 71, 113, 15, 57, 16, 58, 110, 20, 163, 182, 73, 116, 103, 146, 59, 118, 197, 148, 40, 53, 81, 137, 111, 164, 43, 109, 199, 189, 9, 121, 131, 177, 39, 8, 174, 172, 44, 178, 37, 157, 2, 61, 151, 7, 69, 123, 162, 175, 160, 77, 14, 132, 10, 12, 78, 153, 75, 181, 91, 30, 198, 89, 190, 140, 155, 196, 48, 125, 24, 83]
(w = 7) Correct Cyclicantibandwidth
Set parameter TimeLimit to value 1800
(w = 8) Value Cyclicantibandwidth: 8
Lables: [154, 5, 186, 169, 158, 150, 21, 68, 107, 1, 166, 183, 67, 85, 91, 129, 133, 102, 104, 64, 124, 84, 56, 96, 60, 33, 101, 72, 82, 128, 185, 108, 141, 117, 167, 11, 42, 76, 32, 29, 4, 119, 94, 31, 88, 165, 79, 47, 138, 87, 92, 173, 134, 95, 49, 106, 136, 41, 36, 180, 142, 22, 38, 187, 55, 193, 3, 114, 168, 188, 130, 51, 122, 112, 50, 28, 120, 18, 105, 26, 135, 52, 66, 192, 194, 200, 99, 171, 98, 161, 74, 63, 59, 86, 23, 184, 27, 6, 145, 62, 54, 118, 143, 90, 147, 25, 65, 70, 144, 159, 97, 191, 35, 127, 80, 176, 196, 93, 170, 34, 149, 156, 100, 46, 132, 115, 13, 139, 195, 17, 71, 113, 15, 57, 16, 58, 110, 20, 163, 182, 73, 116, 103, 146, 175, 81, 197, 148, 40, 53, 30, 137, 111, 164, 43, 109, 199, 19, 2, 121, 131, 162, 39, 8, 174, 172, 44, 178, 37, 157, 160, 61, 151, 7, 69, 123, 126, 179, 75, 77, 14, 83, 10, 12, 78, 153, 189, 181, 152, 24, 198, 89, 190, 140, 155, 45, 48, 125, 177, 9]
(w = 8) Correct Cyclicantibandwidth
Set parameter TimeLimit to value 1800
[runlim] sample:		20.0 time, 20.1 real, 187.7 MB
(w = 9) Value Cyclicantibandwidth: 9
Lables: [154, 5, 186, 169, 158, 150, 21, 68, 107, 1, 166, 183, 67, 85, 50, 129, 133, 102, 104, 64, 124, 84, 56, 96, 60, 33, 101, 72, 82, 128, 185, 108, 141, 117, 167, 174, 42, 76, 32, 29, 4, 119, 94, 31, 88, 165, 79, 47, 138, 87, 92, 173, 134, 95, 49, 106, 136, 41, 36, 180, 142, 22, 38, 187, 55, 193, 3, 114, 168, 188, 130, 51, 122, 112, 54, 28, 120, 18, 105, 26, 135, 52, 66, 192, 194, 200, 99, 171, 98, 161, 74, 63, 59, 86, 23, 184, 27, 6, 145, 62, 147, 118, 143, 90, 152, 25, 65, 70, 144, 159, 97, 191, 35, 127, 80, 176, 45, 121, 11, 34, 149, 156, 100, 46, 126, 115, 13, 139, 195, 17, 71, 113, 15, 57, 16, 58, 110, 20, 163, 182, 73, 116, 103, 146, 175, 81, 197, 148, 40, 53, 30, 137, 111, 164, 43, 109, 199, 19, 2, 93, 131, 75, 39, 8, 170, 172, 44, 177, 37, 157, 160, 61, 151, 7, 69, 123, 162, 179, 181, 77, 14, 132, 10, 12, 78, 153, 189, 48, 198, 24, 196, 89, 190, 91, 155, 83, 125, 140, 178, 9]
(w = 9) Correct Cyclicantibandwidth
Set parameter TimeLimit to value 1800
(w = 10) Value Cyclicantibandwidth: 10
Lables: [154, 5, 30, 169, 158, 150, 21, 68, 107, 1, 166, 183, 67, 85, 50, 129, 133, 102, 104, 64, 124, 84, 56, 96, 35, 33, 101, 72, 82, 128, 185, 108, 141, 117, 167, 11, 42, 76, 32, 29, 4, 119, 94, 31, 88, 165, 79, 47, 138, 87, 92, 173, 134, 95, 49, 106, 136, 41, 36, 180, 142, 22, 38, 187, 55, 193, 110, 114, 168, 188, 130, 51, 122, 112, 60, 28, 120, 18, 105, 26, 135, 52, 66, 192, 194, 200, 99, 171, 98, 161, 74, 63, 59, 86, 23, 184, 27, 6, 127, 62, 54, 118, 143, 90, 3, 25, 65, 70, 144, 159, 97, 191, 61, 152, 80, 176, 45, 146, 170, 34, 149, 156, 100, 177, 126, 115, 13, 139, 195, 17, 71, 113, 15, 57, 16, 58, 182, 20, 163, 40, 73, 116, 103, 69, 175, 81, 197, 148, 132, 53, 24, 137, 111, 164, 186, 109, 199, 19, 2, 44, 131, 121, 39, 8, 174, 172, 93, 147, 145, 157, 160, 181, 151, 83, 78, 123, 162, 179, 75, 77, 14, 125, 46, 12, 10, 153, 189, 48, 7, 37, 198, 89, 190, 91, 155, 43, 196, 140, 178, 9]
(w = 10) Correct Cyclicantibandwidth
Set parameter TimeLimit to value 1800
(w = 11) Value Cyclicantibandwidth: 11
Lables: [154, 5, 186, 169, 158, 150, 21, 68, 107, 1, 166, 183, 67, 85, 50, 129, 133, 102, 104, 64, 124, 84, 56, 96, 60, 33, 101, 72, 82, 128, 185, 108, 141, 117, 167, 11, 42, 76, 32, 29, 4, 119, 94, 31, 61, 165, 79, 47, 138, 87, 92, 173, 134, 157, 49, 106, 136, 41, 36, 180, 142, 22, 38, 187, 55, 193, 110, 114, 168, 188, 130, 51, 122, 112, 95, 28, 120, 18, 105, 26, 135, 52, 66, 192, 194, 200, 99, 171, 98, 2, 74, 63, 59, 86, 23, 184, 27, 6, 145, 62, 54, 118, 143, 90, 3, 25, 65, 70, 144, 159, 97, 191, 35, 127, 80, 176, 45, 146, 170, 34, 149, 156, 100, 151, 126, 115, 13, 139, 152, 17, 71, 113, 15, 57, 16, 58, 182, 20, 163, 40, 73, 116, 103, 69, 175, 81, 197, 148, 132, 53, 30, 137, 111, 164, 10, 83, 199, 19, 121, 44, 131, 75, 48, 8, 174, 172, 93, 177, 39, 125, 160, 181, 43, 88, 37, 123, 162, 179, 161, 77, 14, 78, 46, 12, 153, 155, 189, 195, 7, 147, 198, 89, 190, 91, 9, 196, 24, 140, 178, 109]
(w = 11) Correct Cyclicantibandwidth
Set parameter TimeLimit to value 1800
[runlim] sample:		30.0 time, 30.1 real, 189.7 MB
(w = 12) Value Cyclicantibandwidth: 12
Lables: [154, 156, 186, 169, 158, 150, 21, 68, 107, 1, 166, 183, 67, 85, 50, 5, 133, 102, 104, 64, 129, 84, 56, 96, 60, 33, 101, 72, 82, 128, 185, 108, 141, 117, 167, 11, 42, 76, 32, 29, 4, 119, 94, 31, 88, 165, 79, 47, 138, 87, 92, 173, 134, 152, 49, 124, 136, 41, 36, 180, 142, 22, 38, 187, 55, 193, 110, 114, 168, 188, 130, 51, 122, 181, 95, 162, 120, 18, 105, 26, 135, 52, 66, 192, 194, 200, 99, 171, 98, 2, 74, 63, 59, 86, 23, 184, 27, 6, 145, 62, 54, 118, 143, 90, 3, 25, 65, 70, 144, 159, 97, 191, 35, 127, 80, 176, 45, 146, 170, 34, 149, 106, 100, 151, 126, 115, 13, 139, 28, 17, 71, 113, 15, 57, 16, 58, 182, 20, 163, 40, 73, 116, 103, 69, 175, 81, 197, 148, 132, 53, 30, 137, 111, 164, 10, 109, 199, 19, 121, 44, 131, 75, 48, 8, 174, 172, 93, 177, 39, 125, 160, 112, 43, 91, 37, 123, 196, 179, 161, 77, 14, 78, 195, 12, 153, 155, 189, 157, 7, 147, 198, 89, 190, 140, 46, 83, 24, 178, 61, 9]
(w = 12) Correct Cyclicantibandwidth
Set parameter TimeLimit to value 1800
[runlim] sample:		40.0 time, 40.1 real, 257.3 MB
(w = 13) Value Cyclicantibandwidth: 13
Lables: [154, 5, 186, 169, 181, 150, 21, 68, 107, 1, 166, 183, 67, 85, 48, 196, 133, 102, 104, 64, 124, 84, 56, 96, 60, 33, 101, 72, 82, 128, 185, 108, 141, 117, 167, 11, 129, 76, 32, 29, 4, 119, 94, 147, 88, 165, 79, 47, 138, 87, 92, 173, 134, 100, 49, 106, 136, 41, 36, 180, 142, 22, 38, 187, 55, 193, 195, 114, 158, 188, 130, 51, 122, 112, 50, 28, 120, 18, 105, 26, 135, 52, 152, 192, 194, 200, 99, 171, 98, 2, 74, 95, 59, 86, 23, 184, 27, 6, 145, 62, 54, 118, 143, 90, 3, 25, 65, 70, 144, 159, 97, 191, 35, 127, 80, 176, 45, 146, 170, 34, 149, 156, 178, 151, 126, 115, 13, 110, 69, 139, 71, 113, 15, 57, 16, 58, 182, 20, 163, 40, 73, 116, 103, 160, 175, 81, 197, 148, 132, 53, 30, 137, 111, 164, 10, 109, 63, 19, 17, 44, 131, 199, 121, 8, 174, 172, 93, 177, 168, 125, 161, 61, 43, 162, 37, 123, 42, 179, 75, 77, 14, 78, 31, 12, 153, 155, 189, 39, 7, 157, 198, 89, 190, 91, 46, 83, 24, 140, 9, 66]
(w = 13) Correct Cyclicantibandwidth
Set parameter TimeLimit to value 1800
(w = 14) Value Cyclicantibandwidth: 14
Lables: [42, 5, 166, 54, 158, 168, 13, 8, 67, 188, 72, 16, 113, 85, 152, 93, 133, 102, 195, 186, 124, 68, 56, 79, 60, 120, 52, 127, 150, 101, 29, 33, 7, 59, 116, 151, 174, 76, 32, 25, 176, 148, 94, 80, 123, 165, 128, 47, 138, 87, 121, 12, 69, 144, 155, 177, 34, 107, 114, 28, 142, 22, 38, 187, 119, 193, 110, 111, 70, 37, 130, 51, 122, 112, 55, 189, 73, 156, 190, 89, 147, 91, 82, 64, 175, 149, 157, 171, 169, 30, 74, 180, 11, 86, 57, 105, 27, 184, 48, 62, 135, 83, 35, 167, 109, 143, 65, 118, 53, 192, 97, 41, 58, 49, 23, 136, 45, 21, 137, 71, 134, 88, 161, 46, 1, 170, 4, 139, 99, 17, 197, 108, 15, 159, 115, 200, 198, 20, 100, 84, 98, 141, 191, 96, 63, 81, 18, 183, 31, 92, 36, 145, 146, 39, 66, 2, 126, 95, 26, 77, 131, 199, 173, 194, 10, 172, 154, 3, 117, 103, 129, 61, 40, 43, 78, 163, 162, 179, 164, 160, 185, 125, 44, 19, 153, 196, 6, 181, 132, 75, 106, 178, 182, 140, 14, 50, 104, 90, 24, 9]
(w = 14) Correct Cyclicantibandwidth
Set parameter TimeLimit to value 1800
[runlim] sample:		50.1 time, 50.1 real, 257.4 MB
(w = 15) Value Cyclicantibandwidth: 15
Lables: [154, 5, 186, 169, 158, 150, 21, 68, 107, 1, 166, 183, 67, 85, 50, 129, 133, 102, 104, 64, 124, 176, 56, 96, 60, 33, 101, 84, 82, 128, 185, 108, 141, 2, 167, 11, 42, 76, 32, 29, 4, 119, 94, 31, 88, 165, 79, 47, 138, 87, 92, 14, 134, 100, 49, 106, 136, 41, 120, 180, 142, 22, 38, 187, 132, 193, 110, 114, 168, 188, 130, 51, 122, 112, 65, 28, 34, 18, 105, 26, 135, 52, 66, 117, 194, 200, 99, 171, 98, 30, 74, 95, 59, 10, 23, 184, 27, 6, 145, 62, 19, 118, 143, 90, 3, 25, 137, 70, 144, 192, 139, 191, 35, 127, 80, 69, 45, 146, 170, 177, 149, 156, 190, 152, 126, 115, 13, 123, 46, 53, 71, 113, 15, 159, 16, 58, 97, 20, 163, 182, 73, 116, 103, 160, 175, 81, 197, 148, 40, 9, 36, 17, 195, 164, 151, 109, 199, 173, 83, 44, 72, 121, 111, 8, 174, 172, 93, 147, 131, 125, 161, 61, 43, 181, 78, 162, 63, 179, 54, 77, 7, 37, 157, 12, 55, 89, 189, 48, 57, 75, 198, 86, 91, 140, 153, 196, 155, 178, 24, 39]
(w = 15) Correct Cyclicantibandwidth
Set parameter TimeLimit to value 1800
(w = 16) Value Cyclicantibandwidth: 16
Lables: [153, 5, 186, 117, 158, 150, 21, 68, 107, 1, 166, 183, 67, 31, 50, 82, 133, 102, 104, 64, 126, 184, 56, 160, 45, 61, 120, 72, 85, 128, 124, 108, 141, 2, 167, 11, 42, 76, 32, 29, 103, 119, 94, 197, 88, 115, 144, 47, 185, 87, 92, 173, 24, 100, 49, 33, 136, 41, 89, 180, 69, 22, 143, 4, 132, 199, 110, 114, 168, 188, 130, 51, 122, 112, 63, 28, 34, 18, 105, 26, 38, 52, 84, 169, 194, 48, 99, 171, 98, 30, 154, 200, 59, 10, 23, 93, 27, 6, 145, 190, 196, 161, 125, 90, 146, 25, 106, 37, 147, 62, 157, 191, 35, 127, 80, 176, 179, 139, 170, 177, 149, 66, 57, 46, 101, 96, 13, 123, 60, 83, 71, 113, 15, 135, 16, 44, 97, 20, 163, 165, 73, 116, 140, 95, 175, 156, 3, 148, 40, 53, 36, 137, 195, 134, 81, 12, 189, 152, 43, 17, 78, 121, 111, 8, 174, 172, 155, 129, 131, 70, 187, 182, 151, 181, 178, 162, 109, 19, 54, 77, 14, 65, 74, 79, 55, 39, 75, 7, 118, 138, 198, 86, 91, 164, 142, 193, 159, 192, 58, 9]
(w = 16) Correct Cyclicantibandwidth
Set parameter TimeLimit to value 1800
[runlim] sample:		60.1 time, 60.1 real, 272.2 MB
(w = 17) Value Cyclicantibandwidth: 17
Lables: [154, 53, 186, 169, 158, 150, 21, 68, 107, 1, 166, 183, 67, 85, 50, 129, 133, 102, 104, 64, 124, 43, 56, 134, 80, 33, 101, 72, 82, 128, 185, 108, 141, 2, 167, 11, 42, 76, 177, 29, 4, 119, 94, 31, 88, 165, 79, 47, 138, 87, 92, 173, 48, 100, 49, 106, 152, 41, 120, 180, 142, 22, 38, 187, 132, 193, 110, 114, 168, 188, 96, 32, 130, 112, 60, 28, 34, 18, 105, 26, 135, 52, 66, 192, 194, 200, 99, 171, 98, 30, 74, 95, 143, 10, 23, 113, 27, 6, 145, 62, 69, 118, 179, 90, 3, 25, 65, 70, 144, 159, 139, 191, 35, 127, 136, 176, 117, 146, 170, 84, 149, 156, 71, 46, 126, 115, 13, 123, 189, 83, 19, 199, 15, 57, 16, 184, 97, 20, 163, 182, 73, 116, 103, 160, 131, 81, 155, 148, 40, 5, 36, 137, 111, 164, 197, 109, 14, 93, 121, 17, 9, 75, 55, 8, 174, 172, 153, 147, 89, 125, 161, 61, 151, 51, 175, 162, 63, 58, 54, 77, 7, 78, 195, 12, 45, 39, 157, 181, 122, 86, 198, 178, 190, 91, 44, 196, 24, 140, 59, 37]
(w = 17) Correct Cyclicantibandwidth
Set parameter TimeLimit to value 1800
[runlim] sample:		70.1 time, 70.1 real, 297.7 MB
(w = 18) Value Cyclicantibandwidth: 18
Lables: [154, 187, 186, 169, 158, 150, 21, 68, 107, 1, 166, 183, 67, 85, 50, 180, 133, 102, 104, 64, 124, 84, 56, 96, 27, 33, 101, 72, 82, 128, 185, 108, 141, 2, 167, 11, 42, 76, 32, 29, 4, 119, 94, 31, 88, 165, 79, 47, 138, 87, 92, 173, 48, 10, 49, 106, 136, 41, 36, 5, 142, 22, 177, 14, 132, 193, 110, 114, 168, 188, 130, 51, 134, 112, 60, 28, 120, 18, 105, 163, 135, 52, 66, 192, 194, 200, 99, 171, 98, 30, 74, 26, 143, 196, 23, 129, 113, 6, 145, 62, 69, 118, 179, 90, 3, 25, 65, 70, 144, 159, 139, 191, 35, 127, 80, 176, 117, 146, 170, 34, 149, 156, 100, 46, 126, 115, 13, 123, 71, 83, 19, 199, 15, 63, 184, 44, 97, 20, 59, 182, 73, 116, 103, 160, 131, 81, 155, 148, 40, 53, 37, 137, 111, 164, 197, 109, 189, 93, 121, 17, 174, 16, 55, 8, 175, 24, 153, 57, 147, 125, 161, 61, 151, 181, 172, 162, 152, 43, 54, 77, 38, 78, 195, 12, 45, 89, 157, 39, 122, 75, 7, 198, 190, 91, 86, 9, 140, 178, 58, 95]
(w = 18) Correct Cyclicantibandwidth
Set parameter TimeLimit to value 1800
[runlim] sample:		80.1 time, 80.1 real, 287.2 MB
(w = 19) Value Cyclicantibandwidth: 19
Lables: [154, 5, 186, 39, 158, 37, 21, 68, 107, 22, 166, 199, 67, 85, 50, 129, 133, 102, 104, 64, 124, 84, 56, 96, 60, 33, 101, 72, 82, 128, 185, 108, 141, 2, 167, 11, 42, 76, 32, 29, 4, 119, 94, 31, 88, 165, 79, 47, 138, 87, 92, 173, 48, 10, 140, 106, 136, 41, 36, 180, 142, 118, 38, 187, 132, 193, 110, 114, 168, 109, 130, 51, 134, 112, 61, 28, 120, 18, 105, 26, 135, 52, 66, 192, 194, 200, 99, 171, 98, 30, 74, 95, 143, 196, 23, 113, 169, 6, 145, 62, 69, 188, 179, 90, 152, 25, 65, 160, 144, 159, 139, 191, 35, 127, 80, 59, 117, 146, 155, 34, 149, 156, 100, 46, 126, 115, 13, 123, 181, 83, 71, 176, 15, 57, 184, 170, 97, 20, 163, 182, 73, 116, 103, 1, 131, 81, 111, 148, 178, 53, 183, 137, 16, 164, 197, 70, 189, 19, 121, 17, 174, 177, 55, 8, 175, 24, 93, 147, 89, 125, 161, 49, 151, 54, 172, 162, 27, 43, 150, 77, 14, 78, 195, 12, 45, 153, 157, 44, 63, 75, 7, 198, 190, 91, 86, 3, 40, 122, 58, 9]
(w = 19) Correct Cyclicantibandwidth
Set parameter TimeLimit to value 1800
(w = 20) Value Cyclicantibandwidth: 20
Lables: [154, 127, 190, 10, 159, 138, 21, 1, 133, 93, 166, 183, 67, 100, 156, 129, 161, 102, 104, 169, 124, 145, 56, 40, 119, 5, 101, 72, 4, 128, 78, 131, 158, 2, 59, 11, 42, 76, 177, 29, 32, 193, 172, 31, 60, 12, 164, 47, 106, 99, 126, 149, 48, 19, 107, 105, 136, 199, 36, 180, 184, 109, 175, 189, 132, 194, 110, 114, 168, 98, 137, 51, 134, 112, 62, 163, 91, 18, 89, 162, 45, 80, 66, 192, 88, 200, 123, 113, 16, 30, 171, 20, 143, 196, 24, 81, 27, 6, 7, 50, 130, 61, 179, 75, 147, 23, 167, 38, 152, 160, 174, 141, 35, 176, 140, 65, 9, 146, 26, 165, 55, 108, 87, 46, 82, 28, 13, 122, 181, 17, 8, 83, 34, 57, 187, 43, 97, 157, 92, 182, 54, 116, 90, 144, 150, 69, 111, 121, 178, 120, 25, 44, 125, 33, 197, 188, 37, 170, 84, 118, 53, 148, 86, 64, 96, 68, 74, 52, 103, 77, 135, 14, 151, 195, 117, 79, 153, 70, 63, 3, 39, 58, 49, 73, 173, 94, 191, 22, 15, 139, 71, 198, 115, 41, 155, 185, 186, 142, 85, 95]
(w = 20) Correct Cyclicantibandwidth
Set parameter TimeLimit to value 1800
[runlim] sample:		90.1 time, 90.1 real, 281.2 MB
(w = 21) Value Cyclicantibandwidth: 21
Lables: [33, 81, 110, 23, 62, 150, 21, 68, 169, 166, 112, 6, 36, 168, 50, 129, 133, 102, 104, 38, 44, 84, 186, 96, 60, 43, 101, 1, 178, 128, 185, 108, 124, 2, 193, 197, 42, 76, 32, 29, 99, 119, 94, 164, 88, 165, 79, 54, 120, 87, 92, 28, 9, 10, 49, 12, 91, 41, 157, 78, 177, 131, 155, 187, 190, 127, 143, 199, 136, 14, 130, 51, 126, 188, 70, 22, 182, 74, 105, 26, 117, 57, 147, 192, 56, 35, 72, 171, 58, 30, 173, 95, 80, 196, 86, 180, 48, 82, 145, 66, 69, 27, 179, 90, 100, 153, 63, 158, 144, 75, 139, 189, 4, 152, 159, 59, 106, 146, 39, 154, 47, 156, 135, 46, 5, 109, 13, 123, 181, 17, 184, 138, 64, 67, 31, 170, 97, 83, 103, 151, 73, 174, 114, 160, 18, 121, 111, 113, 142, 53, 37, 137, 16, 149, 200, 34, 77, 115, 163, 98, 194, 167, 134, 8, 85, 148, 118, 122, 162, 15, 141, 183, 176, 195, 175, 40, 25, 61, 71, 132, 7, 45, 125, 65, 55, 93, 20, 161, 198, 107, 89, 3, 19, 140, 52, 191, 11, 172, 24, 116]
(w = 21) Correct Cyclicantibandwidth
Set parameter TimeLimit to value 1800
[runlim] sample:		100.1 time, 100.1 real, 293.8 MB
(w = 22) Value Cyclicantibandwidth: 22
Lables: [154, 5, 186, 169, 158, 150, 21, 68, 107, 1, 166, 183, 93, 85, 50, 129, 133, 102, 104, 64, 124, 84, 56, 96, 60, 33, 101, 72, 82, 128, 185, 108, 24, 2, 167, 11, 42, 180, 32, 29, 4, 119, 94, 189, 88, 138, 79, 47, 120, 87, 92, 173, 48, 10, 49, 106, 136, 41, 99, 137, 142, 98, 38, 187, 132, 193, 110, 114, 168, 188, 130, 51, 134, 112, 7, 28, 34, 18, 105, 26, 135, 52, 66, 192, 194, 200, 157, 171, 86, 30, 74, 95, 143, 196, 23, 113, 126, 6, 76, 121, 69, 118, 179, 90, 152, 43, 65, 70, 144, 159, 44, 160, 35, 127, 161, 176, 117, 146, 155, 165, 13, 156, 25, 46, 78, 80, 199, 123, 55, 17, 71, 184, 164, 57, 31, 170, 97, 61, 45, 182, 73, 116, 103, 148, 16, 22, 162, 191, 178, 53, 81, 27, 111, 37, 197, 109, 14, 100, 83, 62, 9, 177, 19, 8, 174, 172, 145, 163, 147, 125, 139, 39, 151, 195, 175, 36, 20, 58, 63, 77, 122, 67, 153, 12, 131, 89, 15, 149, 59, 190, 198, 91, 115, 140, 3, 181, 40, 141, 54, 75]
(w = 22) Correct Cyclicantibandwidth
Set parameter TimeLimit to value 1800
[runlim] sample:		110.2 time, 110.1 real, 315.3 MB
(w = 23) Value Cyclicantibandwidth: 23
Lables: [154, 106, 186, 169, 158, 150, 21, 68, 107, 1, 166, 183, 67, 85, 50, 129, 133, 102, 36, 64, 124, 84, 56, 96, 60, 33, 101, 72, 58, 128, 185, 108, 141, 2, 167, 15, 42, 76, 32, 29, 4, 119, 94, 164, 88, 138, 79, 47, 120, 87, 92, 173, 48, 10, 49, 146, 136, 41, 99, 180, 142, 46, 38, 11, 132, 193, 110, 114, 168, 188, 130, 51, 134, 112, 7, 28, 163, 18, 105, 26, 135, 52, 66, 192, 194, 200, 157, 171, 160, 34, 74, 95, 75, 196, 23, 113, 126, 6, 61, 121, 143, 118, 179, 90, 152, 43, 65, 70, 144, 159, 44, 37, 35, 127, 161, 176, 117, 122, 145, 165, 13, 156, 25, 100, 78, 80, 199, 123, 181, 17, 71, 184, 174, 57, 31, 170, 97, 93, 45, 182, 73, 116, 103, 69, 59, 22, 155, 191, 178, 53, 81, 137, 111, 148, 197, 109, 189, 115, 83, 62, 9, 177, 19, 8, 149, 172, 131, 104, 147, 187, 55, 162, 151, 195, 175, 82, 20, 153, 63, 77, 14, 16, 98, 12, 27, 24, 5, 39, 125, 86, 198, 89, 91, 140, 190, 3, 40, 139, 54, 30]
(w = 23) Correct Cyclicantibandwidth
Set parameter TimeLimit to value 1800
[runlim] sample:		120.2 time, 120.1 real, 339.6 MB
(w = 24) Value Cyclicantibandwidth: 24
Lables: [154, 5, 160, 49, 158, 114, 2, 190, 186, 1, 22, 138, 17, 85, 50, 74, 122, 102, 63, 64, 93, 163, 31, 71, 126, 33, 16, 194, 82, 118, 181, 108, 24, 196, 145, 30, 42, 101, 83, 25, 188, 119, 45, 96, 60, 87, 7, 47, 120, 175, 78, 146, 48, 10, 184, 77, 67, 41, 92, 180, 26, 46, 69, 40, 59, 116, 151, 129, 168, 157, 125, 147, 133, 140, 4, 35, 34, 61, 81, 86, 105, 187, 161, 159, 91, 200, 148, 171, 88, 39, 173, 52, 128, 11, 23, 130, 156, 6, 124, 121, 70, 56, 150, 198, 152, 107, 94, 104, 144, 98, 44, 37, 99, 127, 51, 176, 54, 132, 89, 165, 13, 9, 135, 100, 84, 80, 66, 62, 164, 43, 183, 179, 174, 3, 21, 170, 136, 19, 15, 182, 68, 57, 103, 73, 32, 189, 155, 193, 53, 197, 106, 112, 185, 115, 76, 109, 149, 142, 75, 72, 79, 117, 166, 90, 95, 172, 191, 162, 8, 178, 139, 167, 55, 195, 137, 28, 36, 110, 169, 141, 134, 38, 14, 12, 27, 177, 58, 131, 123, 143, 153, 199, 111, 65, 20, 192, 113, 97, 18, 29]
(w = 24) Correct Cyclicantibandwidth
Set parameter TimeLimit to value 1800
[runlim] sample:		130.2 time, 130.1 real, 376.2 MB
(w = 25) Value Cyclicantibandwidth: 25
Lables: [180, 59, 75, 141, 25, 115, 21, 131, 15, 1, 182, 184, 148, 85, 65, 134, 23, 102, 104, 64, 158, 67, 56, 137, 60, 33, 101, 72, 82, 83, 185, 108, 112, 5, 166, 11, 129, 116, 19, 29, 49, 119, 94, 179, 161, 14, 79, 128, 187, 98, 44, 173, 170, 12, 124, 159, 53, 47, 99, 10, 71, 48, 62, 105, 38, 199, 150, 114, 2, 156, 133, 51, 194, 189, 7, 28, 120, 107, 153, 26, 92, 176, 66, 192, 196, 188, 106, 171, 89, 32, 74, 70, 18, 149, 151, 113, 126, 77, 61, 34, 4, 35, 172, 40, 42, 13, 46, 138, 144, 152, 177, 37, 69, 127, 117, 8, 186, 146, 130, 165, 52, 183, 135, 100, 78, 80, 73, 123, 181, 97, 6, 168, 174, 87, 31, 27, 122, 57, 45, 154, 84, 198, 136, 103, 50, 22, 197, 121, 164, 193, 81, 109, 111, 157, 20, 43, 3, 143, 132, 17, 9, 76, 145, 88, 191, 90, 93, 163, 95, 175, 139, 162, 110, 195, 68, 36, 63, 39, 54, 167, 125, 24, 86, 140, 142, 190, 16, 178, 118, 96, 169, 91, 55, 160, 155, 200, 30, 147, 58, 41]
(w = 25) Correct Cyclicantibandwidth
Set parameter TimeLimit to value 1800
[runlim] sample:		140.2 time, 140.1 real, 359.8 MB
(w = 26) Value Cyclicantibandwidth: 26
Lables: [154, 5, 186, 169, 158, 150, 21, 68, 107, 1, 166, 183, 67, 85, 50, 129, 133, 102, 104, 48, 124, 84, 56, 96, 60, 33, 101, 72, 82, 128, 185, 108, 141, 2, 74, 11, 42, 76, 32, 29, 4, 119, 94, 191, 88, 138, 79, 125, 120, 87, 92, 173, 200, 10, 49, 106, 136, 41, 99, 180, 142, 46, 38, 187, 132, 118, 110, 114, 168, 188, 164, 51, 134, 112, 7, 28, 34, 18, 105, 26, 135, 52, 66, 192, 194, 167, 89, 171, 160, 35, 17, 95, 75, 196, 23, 113, 126, 6, 61, 121, 143, 162, 179, 77, 152, 43, 65, 70, 144, 159, 44, 37, 97, 127, 161, 176, 117, 47, 145, 165, 13, 73, 25, 100, 78, 80, 83, 123, 69, 93, 71, 170, 174, 140, 31, 27, 139, 57, 45, 182, 156, 116, 103, 148, 59, 19, 197, 193, 40, 53, 81, 137, 111, 64, 20, 109, 199, 115, 149, 62, 9, 177, 55, 8, 175, 172, 90, 163, 147, 178, 16, 86, 39, 195, 155, 36, 54, 58, 63, 146, 122, 24, 22, 12, 3, 190, 189, 151, 131, 30, 157, 198, 98, 91, 15, 184, 153, 181, 14, 130]
(w = 26) Correct Cyclicantibandwidth
Set parameter TimeLimit to value 1800
[runlim] sample:		150.2 time, 150.1 real, 367.7 MB
(w = 27) Value Cyclicantibandwidth: 27
Lables: [154, 5, 180, 56, 158, 77, 21, 68, 107, 1, 166, 183, 67, 85, 50, 129, 133, 102, 104, 64, 186, 176, 18, 96, 60, 134, 101, 72, 82, 109, 185, 108, 141, 2, 73, 11, 42, 76, 32, 29, 49, 119, 124, 164, 88, 16, 79, 47, 120, 87, 63, 173, 48, 116, 15, 150, 136, 41, 99, 192, 159, 46, 169, 187, 128, 131, 110, 114, 168, 188, 130, 51, 138, 112, 7, 28, 86, 106, 105, 26, 135, 52, 66, 191, 194, 200, 34, 171, 160, 35, 74, 95, 75, 196, 23, 113, 98, 6, 100, 121, 143, 165, 179, 19, 152, 43, 65, 70, 144, 195, 44, 181, 97, 127, 161, 4, 117, 137, 145, 92, 13, 81, 25, 24, 78, 80, 83, 123, 33, 31, 71, 170, 174, 140, 3, 27, 111, 57, 30, 182, 156, 38, 103, 146, 59, 22, 132, 39, 40, 53, 84, 94, 89, 126, 20, 193, 199, 115, 149, 17, 9, 177, 55, 8, 175, 148, 93, 118, 167, 178, 37, 10, 139, 69, 172, 36, 54, 58, 157, 197, 125, 90, 162, 12, 45, 61, 189, 151, 122, 147, 198, 184, 62, 91, 163, 190, 155, 153, 14, 142]
(w = 27) Correct Cyclicantibandwidth
Set parameter TimeLimit to value 1800
[runlim] sample:		160.2 time, 160.1 real, 354.7 MB
(w = 28) Value Cyclicantibandwidth: 28
Lables: [154, 5, 186, 169, 192, 150, 184, 68, 107, 1, 171, 183, 67, 85, 50, 129, 133, 102, 104, 64, 124, 84, 56, 198, 155, 33, 101, 72, 82, 128, 185, 145, 141, 2, 10, 177, 42, 118, 32, 29, 4, 119, 94, 164, 88, 26, 79, 47, 120, 87, 106, 173, 44, 190, 178, 51, 136, 19, 165, 180, 142, 38, 76, 187, 127, 193, 110, 114, 149, 188, 130, 11, 134, 112, 7, 28, 99, 18, 74, 77, 135, 52, 66, 138, 48, 200, 98, 63, 160, 35, 16, 95, 75, 196, 23, 113, 92, 6, 139, 121, 167, 90, 143, 15, 152, 43, 65, 70, 144, 168, 161, 49, 21, 96, 105, 158, 60, 137, 117, 41, 13, 182, 25, 100, 78, 108, 83, 123, 69, 31, 71, 170, 174, 140, 3, 27, 111, 57, 30, 156, 73, 116, 103, 146, 59, 22, 122, 46, 40, 194, 81, 109, 89, 148, 20, 181, 199, 115, 191, 17, 9, 176, 39, 8, 175, 172, 93, 147, 163, 197, 131, 97, 61, 195, 55, 36, 54, 58, 157, 166, 125, 45, 162, 12, 126, 53, 189, 151, 132, 86, 37, 179, 62, 91, 14, 159, 34, 153, 24, 80]
(w = 28) Correct Cyclicantibandwidth
Set parameter TimeLimit to value 1800
[runlim] sample:		170.3 time, 170.1 real, 379.8 MB
(w = 29) Value Cyclicantibandwidth: 29
Lables: [154, 5, 186, 169, 158, 150, 21, 68, 107, 1, 23, 183, 67, 87, 39, 129, 24, 102, 106, 64, 124, 95, 7, 96, 60, 33, 101, 72, 82, 128, 185, 108, 141, 166, 194, 11, 42, 76, 32, 29, 4, 198, 94, 164, 190, 138, 79, 50, 120, 104, 92, 170, 48, 10, 134, 119, 51, 41, 97, 180, 142, 46, 130, 17, 132, 133, 110, 114, 168, 188, 140, 2, 187, 3, 6, 28, 144, 18, 105, 26, 135, 173, 66, 192, 85, 200, 93, 171, 160, 35, 191, 49, 84, 196, 116, 112, 63, 75, 131, 121, 167, 118, 143, 19, 152, 43, 65, 70, 136, 159, 44, 125, 47, 165, 161, 179, 117, 38, 145, 83, 56, 182, 25, 100, 80, 98, 88, 123, 74, 31, 71, 176, 174, 90, 30, 27, 55, 99, 115, 156, 73, 37, 103, 146, 59, 22, 13, 149, 40, 53, 81, 137, 111, 148, 20, 181, 199, 69, 89, 62, 9, 177, 45, 8, 175, 172, 113, 147, 163, 197, 14, 57, 139, 195, 178, 36, 52, 61, 157, 77, 122, 78, 162, 12, 16, 54, 193, 151, 126, 109, 34, 184, 91, 86, 15, 189, 155, 153, 58, 127]
(w = 29) Correct Cyclicantibandwidth
Set parameter TimeLimit to value 1800
[runlim] sample:		180.3 time, 180.1 real, 359.9 MB
(w = 30) Value Cyclicantibandwidth: 30
Lables: [154, 123, 40, 169, 160, 25, 21, 193, 114, 1, 9, 182, 67, 89, 50, 167, 133, 102, 104, 57, 41, 84, 56, 31, 139, 33, 68, 159, 11, 128, 177, 141, 34, 2, 85, 75, 138, 125, 32, 194, 4, 119, 94, 164, 147, 20, 79, 10, 181, 118, 37, 183, 190, 170, 39, 115, 59, 52, 99, 180, 199, 46, 106, 187, 152, 142, 110, 156, 158, 188, 14, 174, 178, 3, 17, 28, 74, 76, 6, 60, 23, 176, 66, 192, 42, 153, 96, 135, 166, 47, 109, 200, 129, 196, 49, 112, 126, 113, 97, 105, 173, 53, 191, 77, 88, 90, 65, 143, 12, 120, 38, 140, 35, 171, 161, 148, 27, 5, 145, 71, 70, 92, 137, 100, 93, 80, 13, 121, 43, 29, 98, 165, 184, 122, 186, 82, 55, 63, 45, 64, 73, 69, 103, 150, 51, 111, 18, 149, 86, 22, 81, 124, 130, 127, 19, 24, 144, 30, 83, 108, 189, 107, 134, 8, 175, 87, 72, 146, 62, 197, 131, 117, 7, 162, 172, 36, 54, 61, 157, 16, 116, 78, 44, 95, 48, 168, 15, 151, 136, 91, 198, 179, 155, 101, 163, 195, 26, 132, 58, 185]
(w = 30) Correct Cyclicantibandwidth
Set parameter TimeLimit to value 1800
[runlim] sample:		190.3 time, 190.1 real, 377.8 MB
(w = 31) Value Cyclicantibandwidth: 31
Lables: [164, 96, 48, 169, 160, 150, 21, 68, 191, 1, 172, 183, 67, 85, 50, 129, 133, 91, 104, 11, 155, 84, 8, 132, 60, 33, 122, 135, 82, 74, 54, 108, 25, 46, 194, 49, 42, 178, 73, 29, 198, 120, 107, 142, 176, 38, 79, 23, 166, 87, 92, 173, 16, 126, 145, 144, 37, 56, 99, 185, 175, 78, 88, 187, 128, 137, 110, 114, 168, 188, 148, 19, 134, 181, 10, 28, 34, 18, 6, 26, 197, 161, 66, 192, 9, 200, 93, 171, 179, 51, 109, 15, 101, 152, 162, 112, 52, 75, 119, 121, 131, 35, 143, 77, 154, 147, 105, 124, 140, 193, 44, 184, 69, 127, 118, 158, 117, 5, 47, 98, 40, 182, 130, 97, 53, 80, 199, 102, 136, 115, 159, 156, 174, 125, 30, 27, 186, 57, 24, 64, 41, 139, 103, 146, 31, 106, 196, 149, 163, 32, 70, 86, 58, 177, 22, 123, 189, 138, 83, 81, 13, 113, 39, 76, 167, 62, 94, 95, 89, 4, 65, 12, 43, 100, 165, 36, 55, 61, 71, 2, 3, 45, 7, 72, 153, 63, 20, 151, 116, 90, 157, 180, 170, 190, 14, 195, 17, 111, 59, 141]
(w = 31) Correct Cyclicantibandwidth
Set parameter TimeLimit to value 1800
[runlim] sample:		200.3 time, 200.1 real, 389.1 MB
(w = 32) Value Cyclicantibandwidth: 32
Lables: [100, 127, 96, 169, 150, 87, 31, 63, 69, 191, 95, 183, 94, 86, 20, 129, 167, 152, 24, 29, 157, 13, 59, 174, 139, 41, 55, 199, 148, 118, 185, 108, 145, 2, 194, 15, 42, 163, 104, 70, 4, 16, 126, 159, 186, 138, 85, 43, 154, 128, 44, 168, 171, 133, 28, 135, 45, 37, 99, 189, 142, 48, 51, 26, 141, 193, 64, 147, 170, 196, 103, 40, 181, 165, 79, 198, 178, 18, 5, 137, 23, 97, 110, 197, 77, 117, 98, 123, 149, 12, 187, 9, 93, 164, 182, 113, 27, 67, 153, 25, 120, 75, 200, 76, 38, 90, 56, 35, 180, 172, 122, 8, 72, 114, 6, 173, 82, 46, 155, 134, 39, 92, 144, 19, 130, 81, 10, 1, 190, 116, 3, 184, 88, 125, 36, 78, 119, 65, 140, 61, 74, 101, 136, 188, 34, 121, 143, 115, 33, 175, 58, 66, 83, 107, 21, 52, 160, 32, 80, 17, 50, 73, 109, 54, 158, 106, 124, 161, 84, 91, 166, 22, 151, 132, 176, 60, 57, 47, 62, 146, 105, 68, 131, 53, 71, 177, 111, 156, 49, 162, 89, 179, 195, 102, 11, 192, 14, 112, 30, 7]
(w = 32) Correct Cyclicantibandwidth
Set parameter TimeLimit to value 1800
[runlim] sample:		210.3 time, 210.1 real, 355.6 MB
[runlim] sample:		220.3 time, 220.1 real, 410.1 MB
(w = 33) Value Cyclicantibandwidth: 33
Lables: [154, 5, 186, 169, 158, 106, 21, 68, 177, 1, 55, 182, 67, 85, 50, 129, 133, 102, 104, 64, 124, 84, 56, 96, 60, 33, 101, 200, 82, 114, 183, 143, 141, 46, 194, 11, 36, 27, 99, 29, 4, 119, 94, 173, 88, 138, 79, 47, 120, 128, 92, 174, 48, 197, 49, 136, 44, 41, 170, 180, 142, 108, 130, 187, 132, 193, 72, 150, 168, 188, 140, 19, 134, 3, 70, 196, 172, 18, 7, 26, 135, 52, 76, 192, 28, 185, 100, 171, 153, 15, 184, 59, 93, 31, 23, 113, 37, 162, 97, 121, 155, 118, 176, 6, 110, 90, 75, 30, 66, 148, 157, 45, 35, 127, 16, 161, 117, 38, 145, 87, 40, 95, 112, 34, 122, 86, 83, 198, 69, 54, 2, 199, 10, 125, 43, 71, 116, 57, 123, 164, 73, 14, 103, 146, 39, 139, 163, 149, 178, 181, 81, 137, 42, 159, 8, 152, 189, 53, 89, 62, 9, 80, 20, 115, 107, 109, 98, 190, 58, 105, 61, 91, 151, 167, 165, 63, 78, 32, 65, 77, 13, 131, 195, 12, 51, 74, 126, 156, 160, 175, 147, 179, 22, 111, 166, 191, 17, 144, 25, 24]
(w = 33) Correct Cyclicantibandwidth
Set parameter TimeLimit to value 1800
[runlim] sample:		230.4 time, 230.1 real, 404.2 MB
(w = 34) Value Cyclicantibandwidth: 34
Lables: [188, 5, 79, 111, 140, 143, 61, 48, 186, 1, 172, 183, 67, 85, 34, 129, 133, 96, 104, 26, 107, 46, 22, 169, 56, 50, 101, 7, 82, 36, 65, 144, 132, 51, 37, 11, 42, 184, 32, 71, 4, 119, 94, 141, 181, 138, 179, 125, 120, 128, 38, 173, 158, 10, 49, 106, 136, 41, 102, 180, 126, 112, 162, 187, 152, 174, 80, 113, 164, 150, 130, 19, 134, 3, 8, 200, 182, 18, 6, 123, 135, 91, 66, 193, 28, 198, 99, 90, 160, 47, 175, 23, 93, 145, 165, 21, 163, 75, 97, 25, 167, 45, 177, 31, 148, 73, 118, 70, 12, 166, 139, 55, 189, 127, 74, 142, 15, 195, 147, 87, 155, 196, 149, 33, 53, 86, 83, 105, 69, 92, 110, 171, 98, 40, 43, 76, 24, 57, 35, 168, 68, 14, 121, 159, 39, 117, 95, 153, 89, 191, 81, 100, 54, 157, 17, 109, 154, 161, 115, 62, 13, 185, 176, 103, 156, 170, 2, 137, 131, 197, 178, 194, 27, 114, 88, 63, 77, 58, 64, 108, 20, 72, 29, 30, 16, 78, 84, 190, 122, 151, 199, 60, 44, 146, 116, 192, 9, 124, 59, 52]
(w = 34) Correct Cyclicantibandwidth
Set parameter TimeLimit to value 1800
[runlim] sample:		240.4 time, 240.1 real, 393.8 MB
(w = 35) Value Cyclicantibandwidth: 35
Lables: [189, 125, 4, 92, 115, 140, 185, 68, 187, 1, 169, 73, 165, 191, 113, 89, 155, 102, 104, 195, 3, 84, 57, 17, 135, 33, 30, 10, 82, 156, 150, 163, 141, 177, 71, 56, 44, 21, 67, 78, 42, 120, 94, 31, 96, 34, 79, 47, 22, 128, 48, 166, 13, 24, 164, 106, 136, 45, 20, 180, 142, 112, 97, 27, 132, 193, 101, 114, 168, 32, 11, 9, 194, 190, 7, 196, 184, 81, 192, 66, 12, 2, 75, 183, 76, 130, 99, 199, 77, 46, 176, 19, 143, 145, 188, 6, 63, 119, 118, 43, 167, 55, 138, 8, 70, 90, 110, 54, 147, 171, 139, 61, 35, 39, 80, 148, 117, 154, 93, 133, 40, 182, 126, 85, 60, 87, 83, 123, 28, 124, 116, 172, 74, 95, 36, 69, 98, 26, 157, 160, 159, 103, 38, 146, 49, 127, 134, 149, 170, 178, 37, 41, 53, 16, 88, 52, 197, 14, 109, 18, 186, 174, 198, 51, 86, 181, 153, 173, 131, 15, 137, 91, 59, 105, 121, 179, 50, 5, 107, 108, 65, 29, 58, 62, 25, 158, 200, 151, 122, 144, 175, 161, 111, 100, 162, 152, 23, 129, 72, 64]
(w = 35) Correct Cyclicantibandwidth
Set parameter TimeLimit to value 1800
[runlim] sample:		250.4 time, 250.1 real, 354.5 MB
[runlim] sample:		260.4 time, 260.1 real, 415.6 MB
(w = 36) Value Cyclicantibandwidth: 36
Lables: [126, 17, 128, 171, 146, 4, 21, 81, 195, 53, 49, 70, 67, 85, 113, 116, 45, 149, 117, 15, 97, 33, 109, 165, 98, 76, 34, 7, 111, 66, 185, 5, 141, 64, 75, 68, 41, 176, 140, 29, 44, 172, 13, 194, 159, 24, 184, 46, 22, 129, 92, 175, 134, 94, 154, 164, 147, 52, 20, 19, 142, 26, 137, 187, 182, 186, 183, 114, 168, 151, 11, 47, 132, 190, 99, 170, 200, 42, 199, 30, 27, 8, 36, 43, 28, 144, 148, 6, 57, 59, 169, 48, 74, 103, 181, 16, 178, 38, 133, 39, 89, 180, 192, 9, 35, 90, 152, 60, 157, 188, 139, 40, 197, 77, 150, 161, 179, 131, 145, 25, 72, 96, 100, 14, 3, 87, 120, 198, 61, 80, 108, 177, 55, 65, 91, 160, 63, 136, 32, 156, 12, 31, 69, 119, 50, 82, 88, 153, 18, 162, 135, 158, 121, 123, 101, 37, 193, 79, 2, 104, 78, 196, 1, 71, 130, 127, 124, 166, 93, 106, 122, 54, 95, 73, 173, 51, 56, 58, 155, 10, 105, 112, 163, 110, 167, 23, 125, 191, 83, 174, 102, 115, 138, 118, 84, 107, 143, 189, 86, 62]
(w = 36) Correct Cyclicantibandwidth
Set parameter TimeLimit to value 1800
[runlim] sample:		270.4 time, 270.1 real, 418.4 MB
(w = 37) Value Cyclicantibandwidth: 37
Lables: [154, 122, 35, 34, 158, 161, 186, 68, 60, 77, 56, 70, 95, 85, 113, 129, 46, 90, 104, 64, 52, 49, 67, 1, 58, 33, 25, 7, 82, 89, 189, 3, 141, 183, 62, 61, 42, 156, 177, 29, 4, 191, 94, 31, 147, 32, 84, 124, 22, 128, 38, 173, 36, 10, 153, 133, 136, 143, 20, 174, 21, 115, 106, 200, 132, 180, 166, 146, 168, 188, 51, 40, 17, 190, 79, 187, 178, 81, 6, 66, 135, 12, 41, 192, 28, 138, 142, 114, 98, 185, 193, 88, 117, 103, 23, 112, 27, 75, 97, 39, 167, 171, 176, 86, 151, 48, 65, 9, 55, 105, 139, 92, 72, 150, 184, 148, 69, 198, 145, 87, 159, 182, 152, 130, 126, 101, 83, 107, 5, 80, 160, 15, 53, 57, 45, 170, 110, 44, 123, 165, 155, 14, 108, 47, 50, 127, 162, 149, 18, 2, 37, 137, 59, 13, 73, 11, 63, 195, 194, 96, 16, 99, 181, 74, 26, 172, 102, 100, 91, 93, 163, 197, 120, 78, 175, 144, 30, 196, 164, 24, 19, 134, 76, 54, 71, 118, 43, 111, 131, 119, 157, 109, 169, 199, 179, 121, 116, 140, 8, 125]
(w = 37) Correct Cyclicantibandwidth
Set parameter TimeLimit to value 1800
[runlim] sample:		280.4 time, 280.1 real, 442.6 MB
(w = 38) Value Cyclicantibandwidth: 38
Lables: [131, 79, 24, 13, 177, 188, 21, 88, 69, 62, 51, 80, 111, 85, 159, 38, 166, 102, 104, 185, 63, 65, 56, 96, 5, 22, 19, 7, 128, 44, 147, 101, 141, 78, 43, 59, 42, 72, 121, 29, 123, 178, 114, 31, 179, 127, 191, 40, 36, 108, 53, 160, 55, 10, 140, 37, 136, 143, 9, 154, 172, 183, 151, 148, 132, 193, 12, 130, 173, 165, 54, 115, 187, 190, 92, 196, 181, 26, 6, 66, 27, 8, 61, 192, 135, 194, 87, 119, 138, 171, 2, 45, 93, 145, 170, 155, 25, 28, 97, 199, 4, 167, 182, 91, 35, 134, 70, 168, 17, 105, 144, 163, 103, 84, 186, 47, 117, 200, 106, 112, 164, 89, 149, 86, 176, 46, 125, 133, 152, 94, 162, 184, 14, 68, 64, 82, 161, 57, 118, 169, 18, 33, 67, 139, 50, 16, 109, 189, 174, 158, 175, 137, 71, 100, 73, 1, 52, 58, 11, 122, 32, 195, 129, 90, 83, 107, 124, 77, 41, 39, 157, 99, 81, 126, 15, 180, 34, 48, 153, 95, 116, 142, 75, 76, 23, 30, 146, 197, 20, 98, 198, 150, 3, 74, 110, 120, 156, 60, 113, 49]
(w = 38) Correct Cyclicantibandwidth
Set parameter TimeLimit to value 1800
[runlim] sample:		290.5 time, 290.1 real, 421.9 MB
[runlim] sample:		300.5 time, 300.1 real, 465.9 MB
[runlim] sample:		310.5 time, 310.1 real, 874.9 MB
[runlim] sample:		329.1 time, 320.1 real, 1007.5 MB
[runlim] sample:		359.1 time, 330.1 real, 891.7 MB
[runlim] sample:		389.2 time, 340.1 real, 988.5 MB
[runlim] sample:		419.2 time, 350.1 real, 2129.7 MB
[runlim] sample:		449.2 time, 360.1 real, 2489.9 MB
[runlim] sample:		479.2 time, 370.1 real, 2731.9 MB
[runlim] sample:		502.0 time, 380.1 real, 826.4 MB
[runlim] sample:		512.8 time, 390.1 real, 784.7 MB
[runlim] sample:		523.0 time, 400.1 real, 784.7 MB
[runlim] sample:		533.2 time, 410.1 real, 785.0 MB
[runlim] sample:		543.4 time, 420.1 real, 785.0 MB
[runlim] sample:		553.6 time, 430.1 real, 785.0 MB
[runlim] sample:		563.8 time, 440.1 real, 785.0 MB
[runlim] sample:		574.0 time, 450.1 real, 785.0 MB
[runlim] sample:		584.2 time, 460.1 real, 785.0 MB
[runlim] sample:		594.5 time, 470.1 real, 789.0 MB
[runlim] sample:		604.7 time, 480.1 real, 789.0 MB
[runlim] sample:		614.9 time, 490.1 real, 789.0 MB
[runlim] sample:		625.1 time, 500.1 real, 789.0 MB
[runlim] sample:		635.3 time, 510.1 real, 789.0 MB
[runlim] sample:		645.5 time, 520.1 real, 791.0 MB
[runlim] sample:		655.7 time, 530.1 real, 791.0 MB
[runlim] sample:		665.9 time, 540.1 real, 791.0 MB
[runlim] sample:		676.1 time, 550.1 real, 791.0 MB
[runlim] sample:		686.3 time, 560.1 real, 791.0 MB
[runlim] sample:		696.6 time, 570.1 real, 791.0 MB
[runlim] sample:		706.8 time, 580.1 real, 791.0 MB
[runlim] sample:		717.0 time, 590.1 real, 791.0 MB
[runlim] sample:		727.3 time, 600.1 real, 791.0 MB
[runlim] sample:		737.5 time, 610.1 real, 791.0 MB
(w = 39) Value Cyclicantibandwidth: 39
Lables: [159, 83, 112, 57, 52, 182, 154, 6, 139, 56, 158, 92, 147, 132, 146, 97, 81, 18, 136, 66, 53, 169, 46, 105, 193, 26, 141, 111, 47, 101, 42, 75, 48, 180, 168, 2, 70, 14, 124, 200, 196, 58, 172, 35, 22, 178, 121, 3, 103, 41, 76, 98, 138, 50, 198, 60, 32, 37, 94, 11, 59, 79, 120, 65, 161, 184, 157, 39, 173, 140, 9, 10, 23, 25, 1, 45, 96, 115, 19, 43, 31, 153, 148, 171, 137, 33, 127, 177, 189, 125, 162, 67, 195, 4, 160, 150, 108, 95, 86, 89, 123, 12, 179, 99, 185, 126, 62, 149, 49, 77, 8, 175, 144, 187, 71, 78, 13, 16, 152, 69, 118, 100, 34, 30, 85, 135, 134, 38, 27, 106, 28, 73, 156, 181, 167, 164, 114, 82, 165, 190, 170, 24, 51, 5, 84, 21, 199, 7, 80, 29, 102, 116, 20, 107, 40, 186, 91, 90, 15, 133, 119, 93, 142, 72, 155, 44, 128, 176, 131, 191, 54, 166, 113, 63, 163, 194, 104, 87, 109, 64, 129, 143, 183, 17, 192, 130, 174, 122, 55, 88, 197, 151, 68, 117, 74, 110, 36, 61, 188, 145]
(w = 39) Correct Cyclicantibandwidth
Set parameter TimeLimit to value 1800
[runlim] sample:		747.6 time, 620.1 real, 757.0 MB
(w = 40) Value Cyclicantibandwidth: 40
Lables: [156, 192, 37, 124, 26, 179, 23, 77, 15, 200, 155, 38, 67, 169, 121, 48, 28, 102, 176, 24, 56, 84, 62, 50, 101, 11, 129, 13, 95, 76, 90, 2, 18, 178, 68, 61, 142, 30, 78, 164, 114, 51, 83, 33, 79, 125, 185, 43, 6, 113, 97, 171, 175, 8, 20, 34, 137, 160, 19, 139, 96, 116, 134, 146, 194, 193, 148, 123, 110, 145, 127, 135, 140, 190, 100, 181, 106, 27, 149, 59, 138, 130, 81, 16, 131, 180, 143, 162, 107, 12, 196, 3, 94, 88, 199, 82, 141, 117, 54, 31, 63, 136, 47, 173, 5, 41, 74, 183, 65, 4, 147, 161, 93, 165, 170, 44, 73, 119, 105, 75, 195, 92, 99, 126, 42, 89, 184, 159, 45, 66, 157, 191, 49, 53, 1, 151, 152, 57, 115, 118, 103, 86, 29, 153, 150, 112, 87, 144, 172, 35, 72, 120, 132, 187, 52, 91, 17, 40, 64, 32, 21, 25, 198, 14, 80, 109, 168, 85, 71, 36, 7, 9, 69, 55, 167, 111, 189, 39, 158, 133, 177, 122, 58, 70, 166, 154, 46, 197, 186, 104, 10, 182, 188, 98, 22, 108, 174, 60, 128, 163]
(w = 40) Correct Cyclicantibandwidth
Set parameter TimeLimit to value 1800
[runlim] sample:		757.6 time, 630.1 real, 718.0 MB
[runlim] sample:		767.6 time, 640.1 real, 718.0 MB
(w = 41) Value Cyclicantibandwidth: 41
Lables: [145, 1, 140, 163, 77, 153, 45, 64, 22, 18, 48, 194, 6, 93, 63, 168, 53, 133, 111, 17, 50, 151, 56, 102, 182, 186, 127, 4, 87, 164, 142, 105, 141, 39, 9, 61, 35, 8, 83, 191, 200, 43, 94, 21, 172, 85, 44, 32, 113, 115, 134, 190, 128, 23, 187, 33, 120, 149, 189, 179, 170, 88, 139, 146, 183, 196, 19, 122, 118, 119, 66, 181, 25, 193, 91, 15, 11, 81, 167, 72, 131, 20, 41, 7, 80, 84, 100, 117, 161, 173, 160, 60, 70, 144, 137, 68, 3, 54, 125, 30, 143, 109, 177, 74, 197, 67, 65, 51, 55, 106, 104, 155, 114, 13, 31, 29, 174, 169, 90, 138, 110, 89, 126, 82, 135, 37, 184, 101, 158, 132, 49, 188, 26, 79, 28, 103, 97, 57, 112, 180, 108, 52, 76, 157, 38, 98, 86, 154, 12, 95, 59, 121, 136, 165, 69, 78, 166, 10, 198, 47, 2, 40, 14, 5, 58, 116, 71, 130, 73, 147, 162, 107, 75, 62, 175, 171, 27, 42, 129, 36, 123, 148, 96, 124, 24, 199, 152, 192, 195, 99, 150, 159, 16, 34, 185, 156, 178, 92, 176, 46]
(w = 41) Correct Cyclicantibandwidth
Set parameter TimeLimit to value 1800
[runlim] sample:		777.6 time, 650.1 real, 718.0 MB
[runlim] sample:		787.6 time, 660.1 real, 718.0 MB
[runlim] sample:		797.7 time, 670.1 real, 1175.2 MB
[runlim] sample:		820.3 time, 680.1 real, 1034.4 MB
[runlim] sample:		850.4 time, 690.1 real, 1039.1 MB
[runlim] sample:		880.6 time, 700.1 real, 1039.0 MB
[runlim] sample:		910.7 time, 710.1 real, 895.6 MB
[runlim] sample:		940.9 time, 720.1 real, 1741.8 MB
[runlim] sample:		971.0 time, 730.1 real, 2315.9 MB
[runlim] sample:		990.4 time, 740.1 real, 897.2 MB
(w = 42) Value Cyclicantibandwidth: 42
Lables: [152, 134, 166, 93, 180, 76, 104, 110, 187, 21, 130, 119, 107, 142, 35, 89, 12, 70, 126, 13, 113, 99, 127, 157, 199, 159, 71, 28, 62, 44, 115, 174, 43, 189, 117, 132, 144, 133, 153, 3, 19, 69, 30, 123, 39, 162, 5, 23, 164, 6, 160, 95, 150, 141, 137, 80, 163, 77, 67, 37, 122, 65, 195, 140, 48, 101, 16, 47, 25, 92, 40, 129, 52, 41, 1, 2, 34, 168, 128, 156, 59, 197, 200, 167, 136, 60, 57, 8, 111, 138, 83, 74, 194, 147, 15, 17, 49, 91, 87, 196, 88, 64, 24, 177, 32, 86, 154, 7, 53, 149, 38, 79, 173, 186, 94, 18, 90, 50, 66, 4, 192, 179, 120, 27, 51, 82, 100, 75, 185, 114, 121, 109, 33, 184, 118, 102, 169, 9, 178, 29, 63, 191, 151, 45, 145, 143, 58, 14, 131, 55, 106, 108, 46, 188, 155, 20, 78, 190, 31, 165, 139, 146, 193, 42, 158, 175, 36, 182, 54, 135, 176, 97, 61, 172, 81, 171, 105, 124, 68, 181, 72, 11, 85, 161, 125, 26, 103, 73, 10, 170, 22, 198, 84, 183, 98, 112, 148, 56, 96, 116]
(w = 42) Correct Cyclicantibandwidth
Set parameter TimeLimit to value 1800
[runlim] sample:		1000.6 time, 750.1 real, 684.8 MB
[runlim] sample:		1010.6 time, 760.1 real, 1026.2 MB
[runlim] sample:		1020.6 time, 770.1 real, 947.1 MB
[runlim] sample:		1044.4 time, 780.1 real, 1067.7 MB
[runlim] sample:		1074.4 time, 790.1 real, 1083.5 MB
[runlim] sample:		1104.4 time, 800.1 real, 1087.2 MB
[runlim] sample:		1134.4 time, 810.1 real, 928.0 MB
[runlim] sample:		1164.5 time, 820.1 real, 1330.6 MB
[runlim] sample:		1194.5 time, 830.1 real, 1940.8 MB
[runlim] sample:		1218.5 time, 840.1 real, 852.2 MB
[runlim] sample:		1229.2 time, 850.1 real, 807.9 MB
[runlim] sample:		1239.5 time, 860.1 real, 812.2 MB
[runlim] sample:		1249.7 time, 870.1 real, 812.2 MB
[runlim] sample:		1259.9 time, 880.1 real, 818.2 MB
[runlim] sample:		1270.1 time, 890.1 real, 818.2 MB
[runlim] sample:		1280.3 time, 900.1 real, 822.2 MB
[runlim] sample:		1290.5 time, 910.1 real, 824.2 MB
[runlim] sample:		1300.8 time, 920.1 real, 826.2 MB
[runlim] sample:		1311.0 time, 930.1 real, 826.2 MB
[runlim] sample:		1321.2 time, 940.1 real, 826.3 MB
[runlim] sample:		1331.4 time, 950.1 real, 826.3 MB
[runlim] sample:		1341.6 time, 960.1 real, 826.3 MB
[runlim] sample:		1351.8 time, 970.1 real, 828.3 MB
[runlim] sample:		1362.1 time, 980.1 real, 828.3 MB
[runlim] sample:		1372.3 time, 990.1 real, 828.3 MB
[runlim] sample:		1382.5 time, 1000.1 real, 828.3 MB
[runlim] sample:		1392.8 time, 1010.1 real, 828.3 MB
[runlim] sample:		1403.0 time, 1020.1 real, 829.0 MB
[runlim] sample:		1413.2 time, 1030.1 real, 829.0 MB
[runlim] sample:		1423.4 time, 1040.1 real, 829.2 MB
[runlim] sample:		1433.6 time, 1050.1 real, 830.7 MB
[runlim] sample:		1443.8 time, 1060.1 real, 832.7 MB
[runlim] sample:		1454.0 time, 1070.1 real, 832.7 MB
[runlim] sample:		1464.2 time, 1080.1 real, 834.7 MB
[runlim] sample:		1474.4 time, 1090.1 real, 836.7 MB
[runlim] sample:		1484.6 time, 1100.1 real, 836.7 MB
[runlim] sample:		1494.8 time, 1110.1 real, 836.7 MB
[runlim] sample:		1505.0 time, 1120.1 real, 836.7 MB
[runlim] sample:		1515.3 time, 1130.1 real, 836.7 MB
[runlim] sample:		1525.5 time, 1140.1 real, 838.7 MB
[runlim] sample:		1535.7 time, 1150.1 real, 838.7 MB
[runlim] sample:		1545.9 time, 1160.1 real, 838.7 MB
[runlim] sample:		1556.1 time, 1170.1 real, 840.7 MB
[runlim] sample:		1566.3 time, 1180.1 real, 840.7 MB
[runlim] sample:		1576.5 time, 1190.1 real, 840.7 MB
[runlim] sample:		1586.8 time, 1200.1 real, 840.7 MB
[runlim] sample:		1597.0 time, 1210.1 real, 1304.3 MB
[runlim] sample:		1607.2 time, 1220.1 real, 1383.9 MB
[runlim] sample:		1617.5 time, 1230.1 real, 1515.1 MB
[runlim] sample:		1627.7 time, 1240.1 real, 1515.1 MB
[runlim] sample:		1637.9 time, 1250.1 real, 1515.1 MB
[runlim] sample:		1648.2 time, 1260.1 real, 1517.1 MB
[runlim] sample:		1658.4 time, 1270.1 real, 1965.1 MB
[runlim] sample:		1668.6 time, 1280.1 real, 2205.6 MB
[runlim] sample:		1678.9 time, 1290.1 real, 2299.7 MB
[runlim] sample:		1689.1 time, 1300.1 real, 2299.7 MB
[runlim] sample:		1699.3 time, 1310.1 real, 2299.7 MB
[runlim] sample:		1709.5 time, 1320.1 real, 2299.7 MB
[runlim] sample:		1719.7 time, 1330.1 real, 2299.7 MB
[runlim] sample:		1730.0 time, 1340.1 real, 2299.7 MB
[runlim] sample:		1740.2 time, 1350.1 real, 2299.7 MB
[runlim] sample:		1750.5 time, 1360.1 real, 2299.7 MB
[runlim] sample:		1760.7 time, 1370.1 real, 2299.7 MB
[runlim] sample:		1770.9 time, 1380.1 real, 2299.7 MB
[runlim] sample:		1781.2 time, 1390.1 real, 2299.7 MB
[runlim] sample:		1791.4 time, 1400.1 real, 2299.7 MB
[runlim] sample:		1801.6 time, 1410.1 real, 2299.7 MB
[runlim] sample:		1811.8 time, 1420.1 real, 2299.7 MB
[runlim] sample:		1822.0 time, 1430.1 real, 2299.7 MB
[runlim] sample:		1832.2 time, 1440.1 real, 2299.7 MB
[runlim] sample:		1842.5 time, 1450.1 real, 2299.7 MB
[runlim] sample:		1852.7 time, 1460.1 real, 2299.7 MB
[runlim] sample:		1862.9 time, 1470.1 real, 2299.7 MB
[runlim] sample:		1873.1 time, 1480.1 real, 2299.7 MB
[runlim] sample:		1883.4 time, 1490.1 real, 2299.7 MB
[runlim] sample:		1893.6 time, 1500.1 real, 2299.7 MB
[runlim] sample:		1903.8 time, 1510.1 real, 2299.7 MB
[runlim] sample:		1914.0 time, 1520.1 real, 2299.7 MB
[runlim] sample:		1924.2 time, 1530.1 real, 2299.7 MB
[runlim] sample:		1934.4 time, 1540.1 real, 2299.7 MB
[runlim] sample:		1944.7 time, 1550.1 real, 2299.7 MB
[runlim] sample:		1954.9 time, 1560.1 real, 2299.7 MB
[runlim] sample:		1965.1 time, 1570.1 real, 2299.7 MB
[runlim] sample:		1975.3 time, 1580.1 real, 2299.7 MB
[runlim] sample:		1985.5 time, 1590.1 real, 2299.7 MB
[runlim] sample:		1995.7 time, 1600.1 real, 2299.7 MB
[runlim] sample:		2005.9 time, 1610.1 real, 2299.7 MB
[runlim] sample:		2016.1 time, 1620.1 real, 2299.7 MB
[runlim] sample:		2026.4 time, 1630.1 real, 2299.7 MB
[runlim] sample:		2036.6 time, 1640.1 real, 2299.7 MB
[runlim] sample:		2046.8 time, 1650.1 real, 2299.7 MB
[runlim] sample:		2057.1 time, 1660.1 real, 2299.7 MB
[runlim] sample:		2067.3 time, 1670.1 real, 2299.7 MB
[runlim] sample:		2077.5 time, 1680.1 real, 2299.7 MB
[runlim] sample:		2087.7 time, 1690.1 real, 2305.5 MB
[runlim] sample:		2097.9 time, 1700.1 real, 2329.2 MB
[runlim] sample:		2108.1 time, 1710.1 real, 2329.2 MB
[runlim] sample:		2118.3 time, 1720.1 real, 2378.7 MB
[runlim] sample:		2128.6 time, 1730.1 real, 2378.7 MB
[runlim] sample:		2138.8 time, 1740.1 real, 2378.7 MB
[runlim] sample:		2149.0 time, 1750.1 real, 2302.8 MB
[runlim] sample:		2159.2 time, 1760.1 real, 2302.8 MB
[runlim] sample:		2169.4 time, 1770.1 real, 2302.8 MB
[runlim] sample:		2179.7 time, 1780.1 real, 2302.8 MB
[runlim] sample:		2189.9 time, 1790.1 real, 2302.8 MB
[runlim] sample:		2200.1 time, 1800.1 real, 0.0 MB
[runlim] end:			Thu Nov 13 00:23:44 2025
[runlim] status:		out of time
[runlim] result:		2
[runlim] children:		0
[runlim] real:			1800.17 seconds
[runlim] time:			2200.10 seconds
[runlim] space:			2806.2 MB
[runlim] samples:		18000
