[runlim] version:		1.10
[runlim] time limit:		311040000 seconds
[runlim] real time limit:	1800 seconds
[runlim] space limit:		30000 MB
[runlim] argv[0]:		python3
[runlim] argv[1]:		model.py
[runlim] argv[2]:		./graph/random_generated_graph_2013/p35_200_2000
[runlim] start:			Thu Nov 13 02:23:44 2025
[runlim] main pid:		51696
[runlim] log captured:
Set parameter WLSAccessID
Set parameter WLSSecret
Set parameter LicenseID to value 2663665
Academic license 2663665 - for non-commercial use only - registered to tu___@vnu.edu.vn
Set parameter TimeLimit to value 1800
[runlim] sample:		10.0 time, 10.2 real, 167.4 MB
(w = 4) Value Cyclicantibandwidth: 4
Lables: [114, 5, 186, 169, 158, 130, 21, 129, 107, 1, 51, 47, 125, 85, 50, 34, 133, 102, 145, 64, 112, 80, 124, 22, 76, 33, 152, 151, 163, 128, 41, 108, 141, 117, 194, 11, 154, 63, 32, 29, 4, 190, 94, 25, 88, 165, 79, 52, 105, 96, 92, 173, 139, 95, 45, 106, 136, 188, 120, 147, 183, 62, 38, 187, 68, 193, 3, 134, 168, 140, 199, 148, 83, 55, 18, 160, 150, 72, 121, 8, 135, 46, 159, 73, 176, 200, 7, 171, 137, 161, 74, 138, 59, 65, 23, 56, 181, 82, 170, 185, 19, 153, 143, 90, 49, 122, 39, 43, 78, 69, 15, 37, 17, 127, 167, 60, 91, 172, 197, 156, 149, 10, 26, 142, 164, 155, 123, 191, 97, 132, 66, 71, 126, 118, 119, 166, 110, 198, 75, 182, 113, 101, 103, 30, 175, 179, 35, 6, 98, 70, 162, 2, 16, 9, 28, 42, 58, 100, 131, 184, 180, 177, 109, 116, 174, 189, 178, 44, 89, 157, 192, 61, 99, 54, 27, 81, 93, 86, 196, 40, 57, 67, 13, 12, 31, 53, 144, 14, 20, 146, 84, 36, 115, 87, 195, 48, 104, 77, 24, 111]
(w = 4) Correct Cyclicantibandwidth
Set parameter TimeLimit to value 1800
[runlim] sample:		20.0 time, 20.2 real, 407.6 MB
(w = 5) Value Cyclicantibandwidth: 5
Lables: [117, 51, 108, 3, 129, 150, 21, 168, 107, 39, 200, 58, 69, 128, 50, 38, 133, 102, 144, 12, 124, 84, 5, 96, 60, 33, 2, 26, 152, 27, 193, 190, 126, 174, 10, 97, 194, 49, 40, 29, 178, 48, 94, 197, 98, 165, 79, 36, 134, 87, 44, 136, 156, 95, 7, 106, 153, 186, 62, 8, 160, 114, 125, 93, 131, 141, 199, 57, 4, 54, 31, 192, 158, 121, 83, 28, 34, 19, 6, 179, 103, 64, 159, 151, 112, 181, 45, 140, 75, 187, 74, 65, 154, 196, 43, 191, 42, 76, 22, 16, 1, 157, 143, 61, 170, 85, 20, 70, 123, 132, 56, 23, 90, 127, 122, 46, 188, 137, 146, 172, 149, 173, 166, 25, 164, 115, 13, 139, 195, 189, 14, 53, 101, 184, 30, 167, 105, 119, 99, 182, 147, 66, 63, 35, 111, 118, 11, 180, 52, 55, 162, 15, 37, 110, 68, 92, 161, 100, 130, 142, 24, 177, 109, 86, 176, 77, 175, 91, 18, 171, 73, 138, 120, 47, 41, 81, 82, 9, 163, 104, 80, 183, 67, 169, 71, 113, 135, 145, 88, 72, 59, 89, 17, 198, 32, 148, 155, 78, 185, 116]
(w = 5) Correct Cyclicantibandwidth
Set parameter TimeLimit to value 1800
[runlim] sample:		30.0 time, 30.2 real, 414.3 MB
(w = 6) Value Cyclicantibandwidth: 6
Lables: [154, 133, 94, 39, 167, 117, 21, 5, 131, 145, 101, 56, 64, 136, 71, 135, 107, 20, 104, 91, 199, 14, 3, 53, 187, 73, 200, 68, 102, 128, 7, 37, 42, 6, 10, 11, 83, 76, 32, 29, 51, 60, 8, 137, 173, 1, 108, 40, 114, 196, 85, 111, 55, 177, 9, 57, 142, 27, 65, 18, 59, 22, 15, 118, 47, 192, 180, 132, 121, 4, 25, 2, 134, 112, 41, 31, 198, 75, 197, 122, 126, 52, 169, 190, 141, 110, 45, 43, 96, 161, 124, 163, 115, 150, 174, 113, 189, 78, 182, 72, 30, 168, 179, 86, 87, 171, 172, 120, 158, 100, 97, 77, 67, 70, 17, 129, 46, 81, 80, 165, 185, 33, 26, 34, 164, 116, 98, 66, 74, 143, 38, 19, 148, 48, 92, 159, 106, 36, 89, 138, 146, 69, 195, 35, 175, 194, 140, 99, 105, 13, 93, 123, 95, 24, 90, 12, 162, 103, 151, 44, 188, 84, 88, 183, 184, 54, 170, 127, 28, 79, 153, 160, 125, 50, 156, 155, 119, 62, 147, 63, 61, 49, 186, 149, 178, 82, 157, 16, 152, 193, 139, 191, 144, 109, 181, 166, 130, 23, 176, 58]
(w = 6) Correct Cyclicantibandwidth
Set parameter TimeLimit to value 1800
[runlim] sample:		40.0 time, 40.2 real, 398.3 MB
[runlim] sample:		50.1 time, 50.2 real, 553.3 MB
(w = 7) Value Cyclicantibandwidth: 7
Lables: [126, 5, 186, 184, 83, 150, 21, 157, 107, 18, 137, 183, 32, 4, 71, 192, 120, 102, 104, 64, 78, 158, 1, 96, 60, 33, 111, 72, 170, 128, 185, 92, 141, 117, 194, 11, 61, 76, 136, 195, 50, 118, 94, 179, 88, 138, 79, 189, 154, 87, 133, 173, 156, 95, 167, 161, 121, 41, 30, 180, 36, 22, 15, 187, 55, 129, 14, 31, 168, 54, 140, 51, 134, 190, 152, 28, 34, 113, 89, 188, 26, 52, 159, 198, 108, 151, 3, 73, 67, 178, 112, 122, 59, 196, 23, 86, 27, 6, 145, 62, 19, 124, 119, 90, 147, 43, 65, 162, 13, 143, 74, 99, 163, 165, 80, 132, 85, 105, 45, 40, 149, 68, 29, 100, 164, 115, 77, 123, 166, 17, 38, 98, 49, 171, 84, 2, 182, 12, 53, 7, 24, 139, 103, 35, 175, 177, 39, 191, 57, 200, 81, 109, 56, 25, 176, 97, 37, 114, 144, 135, 9, 110, 44, 130, 10, 148, 155, 127, 82, 8, 199, 69, 125, 106, 172, 174, 93, 42, 75, 160, 197, 169, 101, 16, 91, 131, 181, 58, 20, 193, 66, 116, 48, 70, 47, 153, 142, 63, 146, 46]
(w = 7) Correct Cyclicantibandwidth
Set parameter TimeLimit to value 1800
[runlim] sample:		60.1 time, 60.2 real, 503.1 MB
[runlim] sample:		70.1 time, 70.2 real, 601.0 MB
(w = 8) Value Cyclicantibandwidth: 8
Lables: [189, 137, 177, 43, 10, 73, 23, 64, 107, 151, 40, 128, 2, 95, 167, 175, 9, 102, 75, 140, 58, 68, 186, 51, 60, 84, 139, 72, 185, 182, 123, 35, 50, 178, 194, 53, 30, 76, 153, 191, 200, 133, 34, 79, 3, 173, 180, 47, 87, 122, 92, 181, 199, 91, 63, 162, 121, 4, 36, 168, 22, 21, 15, 45, 134, 193, 86, 136, 39, 49, 16, 150, 176, 37, 152, 28, 149, 106, 17, 20, 131, 138, 160, 77, 111, 126, 78, 187, 161, 156, 83, 197, 56, 82, 105, 65, 114, 24, 145, 129, 41, 96, 119, 172, 169, 120, 188, 32, 125, 135, 54, 99, 183, 12, 80, 130, 46, 159, 11, 33, 195, 88, 117, 25, 158, 38, 147, 155, 6, 19, 90, 27, 59, 179, 26, 174, 85, 93, 100, 132, 104, 109, 103, 192, 74, 57, 108, 198, 157, 71, 81, 118, 143, 110, 163, 98, 148, 14, 170, 62, 31, 97, 101, 190, 164, 67, 144, 127, 154, 165, 196, 61, 166, 146, 7, 1, 94, 48, 124, 18, 184, 89, 171, 115, 69, 5, 141, 55, 112, 70, 66, 113, 8, 13, 52, 42, 142, 29, 44, 116]
(w = 8) Correct Cyclicantibandwidth
Set parameter TimeLimit to value 1800
[runlim] sample:		80.1 time, 80.2 real, 539.8 MB
[runlim] sample:		90.1 time, 90.2 real, 633.8 MB
(w = 9) Value Cyclicantibandwidth: 9
Lables: [66, 97, 186, 169, 80, 150, 21, 68, 44, 1, 76, 183, 67, 85, 99, 129, 133, 102, 53, 64, 124, 158, 105, 96, 60, 33, 101, 125, 75, 128, 185, 189, 141, 166, 199, 11, 5, 22, 32, 29, 4, 56, 94, 31, 88, 140, 163, 47, 87, 69, 92, 176, 126, 10, 167, 106, 121, 41, 36, 180, 13, 74, 15, 187, 55, 193, 3, 114, 168, 54, 81, 83, 134, 115, 104, 28, 34, 18, 130, 12, 26, 52, 159, 192, 39, 146, 177, 171, 137, 30, 200, 95, 59, 196, 23, 17, 27, 6, 84, 161, 40, 188, 175, 90, 190, 43, 63, 145, 170, 86, 139, 82, 165, 160, 8, 148, 45, 79, 152, 119, 149, 156, 178, 108, 164, 195, 9, 123, 98, 142, 19, 113, 103, 118, 65, 143, 110, 20, 181, 182, 112, 51, 38, 35, 184, 7, 197, 77, 173, 191, 117, 109, 198, 116, 151, 132, 37, 14, 138, 153, 25, 16, 49, 72, 136, 57, 174, 147, 155, 157, 70, 154, 144, 107, 73, 50, 93, 48, 135, 71, 62, 131, 46, 172, 42, 162, 89, 78, 127, 91, 120, 24, 111, 61, 100, 179, 194, 58, 122, 2]
(w = 9) Correct Cyclicantibandwidth
Set parameter TimeLimit to value 1800
[runlim] sample:		100.2 time, 100.2 real, 637.7 MB
[runlim] sample:		110.2 time, 110.2 real, 710.4 MB
(w = 10) Value Cyclicantibandwidth: 10
Lables: [154, 108, 181, 130, 83, 150, 76, 68, 107, 1, 155, 54, 67, 72, 85, 22, 122, 102, 101, 64, 124, 69, 186, 90, 60, 33, 9, 29, 51, 128, 185, 8, 34, 125, 91, 27, 44, 96, 32, 184, 165, 56, 61, 138, 167, 74, 180, 47, 80, 87, 126, 119, 120, 25, 40, 50, 171, 99, 19, 63, 6, 159, 158, 169, 132, 198, 131, 114, 162, 144, 140, 84, 133, 190, 152, 21, 17, 187, 12, 178, 26, 11, 179, 147, 49, 55, 24, 94, 137, 30, 200, 77, 46, 98, 23, 156, 28, 3, 149, 66, 164, 88, 112, 163, 45, 97, 65, 70, 166, 4, 139, 196, 168, 153, 2, 52, 36, 105, 188, 123, 82, 170, 141, 177, 176, 195, 15, 145, 100, 115, 57, 113, 58, 174, 173, 143, 110, 136, 35, 142, 5, 106, 42, 194, 117, 62, 39, 191, 116, 92, 31, 86, 16, 7, 43, 129, 18, 14, 78, 157, 13, 199, 73, 127, 41, 38, 135, 192, 182, 10, 75, 71, 148, 59, 197, 134, 48, 93, 89, 161, 175, 189, 111, 81, 95, 121, 183, 79, 193, 53, 20, 103, 146, 160, 104, 37, 118, 109, 172, 151]
(w = 10) Correct Cyclicantibandwidth
Set parameter TimeLimit to value 1800
[runlim] sample:		120.2 time, 120.2 real, 605.6 MB
[runlim] sample:		130.2 time, 130.2 real, 722.5 MB
(w = 11) Value Cyclicantibandwidth: 11
Lables: [153, 3, 186, 38, 83, 148, 21, 78, 151, 31, 166, 46, 56, 19, 53, 129, 121, 173, 111, 62, 124, 137, 86, 100, 1, 51, 194, 72, 169, 128, 175, 75, 141, 84, 68, 172, 60, 158, 145, 29, 64, 47, 94, 61, 39, 92, 95, 58, 196, 74, 63, 119, 162, 10, 87, 96, 30, 195, 36, 102, 69, 150, 15, 49, 14, 192, 66, 114, 193, 41, 140, 191, 134, 190, 152, 33, 4, 131, 89, 179, 180, 170, 185, 79, 132, 24, 5, 171, 45, 101, 7, 168, 143, 116, 161, 118, 127, 167, 163, 67, 26, 93, 6, 199, 85, 123, 22, 165, 28, 18, 146, 97, 52, 105, 17, 147, 197, 73, 177, 98, 70, 34, 109, 120, 164, 198, 40, 126, 108, 115, 125, 184, 71, 90, 99, 183, 110, 12, 181, 9, 27, 25, 107, 160, 57, 106, 55, 104, 113, 88, 91, 142, 54, 112, 139, 138, 133, 16, 130, 144, 77, 189, 155, 32, 50, 59, 188, 117, 154, 43, 76, 174, 176, 2, 13, 178, 187, 44, 135, 23, 35, 136, 182, 149, 159, 48, 82, 200, 20, 156, 8, 122, 80, 157, 103, 37, 65, 81, 42, 11]
(w = 11) Correct Cyclicantibandwidth
Set parameter TimeLimit to value 1800
[runlim] sample:		140.2 time, 140.2 real, 653.0 MB
[runlim] sample:		150.3 time, 150.2 real, 733.3 MB
[runlim] sample:		160.3 time, 160.2 real, 1033.3 MB
[runlim] sample:		170.3 time, 170.2 real, 1095.8 MB
[runlim] sample:		186.3 time, 180.2 real, 3496.5 MB
[runlim] sample:		213.5 time, 190.2 real, 3267.4 MB
(w = 12) Value Cyclicantibandwidth: 12
Lables: [10, 38, 83, 40, 45, 109, 154, 59, 37, 199, 13, 153, 87, 117, 71, 131, 36, 31, 179, 110, 14, 85, 166, 8, 5, 60, 28, 68, 48, 181, 101, 148, 128, 42, 63, 79, 57, 23, 136, 20, 150, 195, 80, 161, 122, 189, 26, 112, 76, 200, 12, 170, 47, 132, 107, 190, 6, 175, 77, 183, 7, 62, 90, 164, 178, 92, 134, 119, 98, 58, 123, 192, 173, 102, 114, 15, 70, 93, 84, 32, 75, 108, 100, 65, 52, 103, 66, 171, 168, 69, 24, 96, 104, 72, 174, 124, 151, 21, 86, 105, 118, 74, 29, 126, 113, 43, 138, 67, 185, 121, 152, 19, 158, 11, 157, 194, 162, 197, 25, 196, 106, 129, 51, 33, 139, 2, 125, 145, 188, 35, 41, 187, 177, 49, 50, 78, 141, 144, 73, 27, 169, 127, 53, 155, 142, 3, 130, 18, 186, 16, 133, 193, 46, 82, 165, 163, 94, 149, 61, 91, 17, 97, 56, 88, 89, 111, 44, 34, 140, 81, 191, 95, 99, 167, 198, 22, 115, 1, 135, 159, 160, 146, 30, 137, 54, 176, 9, 180, 156, 147, 172, 143, 116, 64, 4, 55, 39, 184, 182, 120]
(w = 12) Correct Cyclicantibandwidth
Set parameter TimeLimit to value 1800
[runlim] sample:		223.6 time, 200.2 real, 1120.5 MB
[runlim] sample:		233.7 time, 210.2 real, 1198.6 MB
[runlim] sample:		243.7 time, 220.2 real, 1299.5 MB
(w = 13) Value Cyclicantibandwidth: 13
Lables: [154, 131, 124, 106, 195, 145, 112, 161, 102, 1, 166, 71, 67, 133, 56, 129, 115, 183, 104, 44, 84, 158, 97, 96, 31, 33, 107, 72, 37, 92, 3, 41, 29, 118, 194, 143, 148, 176, 12, 25, 50, 134, 59, 57, 86, 149, 6, 64, 141, 89, 53, 198, 74, 10, 167, 94, 120, 109, 182, 52, 162, 151, 15, 119, 138, 193, 13, 66, 190, 54, 132, 189, 122, 181, 155, 28, 23, 130, 88, 174, 61, 65, 199, 30, 171, 48, 9, 17, 126, 34, 26, 169, 113, 196, 175, 136, 83, 4, 58, 62, 19, 117, 105, 43, 69, 108, 22, 185, 49, 192, 76, 16, 60, 91, 191, 75, 200, 128, 8, 103, 152, 21, 170, 116, 178, 197, 27, 87, 82, 99, 55, 164, 95, 125, 168, 2, 35, 177, 39, 7, 38, 63, 73, 173, 32, 157, 172, 188, 114, 79, 146, 14, 40, 163, 51, 142, 153, 85, 78, 147, 20, 186, 80, 123, 127, 70, 179, 93, 42, 111, 144, 187, 36, 47, 184, 150, 139, 45, 135, 18, 101, 90, 110, 121, 159, 160, 140, 5, 68, 81, 77, 98, 46, 137, 165, 180, 24, 11, 100, 156]
(w = 13) Correct Cyclicantibandwidth
Set parameter TimeLimit to value 1800
[runlim] sample:		253.7 time, 230.2 real, 830.6 MB
[runlim] sample:		263.7 time, 240.2 real, 955.3 MB
[runlim] sample:		273.7 time, 250.2 real, 1473.2 MB
[runlim] sample:		283.8 time, 260.2 real, 1216.2 MB
[runlim] sample:		297.4 time, 270.2 real, 1385.6 MB
[runlim] sample:		325.6 time, 280.2 real, 3906.0 MB
[runlim] sample:		349.7 time, 290.2 real, 3667.2 MB
(w = 14) Value Cyclicantibandwidth: 14
Lables: [104, 50, 26, 33, 47, 89, 70, 81, 57, 168, 16, 189, 94, 162, 69, 99, 161, 63, 53, 82, 30, 87, 173, 7, 29, 102, 18, 9, 138, 158, 113, 152, 171, 74, 58, 83, 91, 118, 131, 21, 195, 13, 137, 134, 166, 175, 34, 128, 78, 12, 117, 111, 192, 151, 119, 174, 32, 14, 79, 167, 5, 92, 121, 196, 71, 193, 135, 42, 23, 64, 159, 54, 198, 147, 181, 17, 52, 96, 25, 88, 90, 188, 15, 61, 75, 160, 46, 41, 182, 65, 132, 183, 186, 129, 97, 139, 86, 177, 66, 187, 156, 106, 31, 24, 39, 76, 107, 114, 109, 67, 125, 105, 124, 10, 149, 199, 116, 176, 43, 11, 154, 40, 44, 38, 110, 2, 133, 93, 56, 72, 45, 157, 85, 35, 150, 62, 165, 130, 49, 59, 184, 141, 73, 108, 115, 3, 123, 8, 27, 4, 143, 164, 120, 146, 190, 101, 95, 153, 98, 200, 6, 103, 37, 84, 127, 145, 77, 112, 172, 51, 170, 163, 22, 194, 68, 142, 155, 1, 179, 28, 180, 178, 20, 144, 48, 197, 80, 122, 136, 55, 191, 140, 126, 60, 100, 36, 19, 148, 169, 185]
(w = 14) Correct Cyclicantibandwidth
Set parameter TimeLimit to value 1800
[runlim] sample:		359.9 time, 300.2 real, 1265.6 MB
[runlim] sample:		369.9 time, 310.2 real, 1377.7 MB
[runlim] sample:		379.9 time, 320.2 real, 1452.1 MB
[runlim] sample:		389.9 time, 330.2 real, 1312.2 MB
[runlim] sample:		399.9 time, 340.2 real, 1312.2 MB
[runlim] sample:		423.1 time, 350.2 real, 4362.6 MB
[runlim] sample:		456.6 time, 360.2 real, 3831.9 MB
(w = 15) Value Cyclicantibandwidth: 15
Lables: [124, 53, 125, 34, 54, 66, 28, 99, 61, 186, 17, 14, 101, 155, 85, 108, 26, 83, 42, 117, 32, 98, 74, 23, 31, 113, 20, 8, 88, 165, 40, 197, 180, 79, 62, 111, 97, 57, 29, 81, 181, 15, 148, 198, 104, 177, 37, 131, 115, 12, 58, 196, 27, 161, 151, 152, 35, 174, 109, 170, 21, 103, 132, 75, 172, 137, 56, 122, 68, 96, 140, 145, 105, 86, 133, 18, 55, 146, 44, 39, 95, 11, 16, 65, 7, 129, 50, 73, 169, 110, 160, 135, 87, 60, 150, 136, 157, 59, 69, 107, 72, 71, 33, 25, 41, 80, 10, 116, 178, 128, 190, 114, 185, 112, 158, 173, 187, 188, 46, 149, 189, 43, 47, 84, 175, 2, 119, 106, 45, 77, 48, 200, 89, 36, 30, 67, 183, 156, 51, 63, 193, 126, 78, 91, 123, 3, 144, 49, 168, 4, 143, 191, 139, 127, 13, 199, 138, 120, 5, 134, 6, 147, 94, 154, 130, 162, 82, 24, 182, 70, 195, 142, 118, 179, 163, 164, 102, 1, 166, 153, 167, 171, 19, 76, 52, 90, 9, 192, 176, 92, 141, 159, 93, 64, 100, 38, 22, 184, 121, 194]
(w = 15) Correct Cyclicantibandwidth
Set parameter TimeLimit to value 1800
[runlim] sample:		467.1 time, 370.2 real, 1387.3 MB
[runlim] sample:		477.1 time, 380.2 real, 1449.0 MB
[runlim] sample:		487.1 time, 390.2 real, 1546.8 MB
[runlim] sample:		497.1 time, 400.2 real, 1693.0 MB
[runlim] sample:		507.1 time, 410.2 real, 1719.4 MB
[runlim] sample:		520.8 time, 420.2 real, 1323.8 MB
[runlim] sample:		545.8 time, 430.2 real, 4349.6 MB
[runlim] sample:		573.2 time, 440.2 real, 4088.5 MB
[runlim] sample:		583.5 time, 450.2 real, 3074.4 MB
[runlim] sample:		593.9 time, 460.2 real, 3131.6 MB
[runlim] sample:		604.2 time, 470.2 real, 3134.1 MB
[runlim] sample:		614.5 time, 480.2 real, 3134.1 MB
[runlim] sample:		624.9 time, 490.2 real, 3134.1 MB
[runlim] sample:		635.1 time, 500.2 real, 3134.1 MB
[runlim] sample:		645.5 time, 510.2 real, 3134.1 MB
[runlim] sample:		655.8 time, 520.2 real, 3134.1 MB
[runlim] sample:		666.1 time, 530.2 real, 3134.1 MB
(w = 16) Value Cyclicantibandwidth: 16
Lables: [95, 72, 175, 49, 73, 96, 170, 121, 196, 178, 17, 188, 199, 60, 154, 88, 48, 50, 4, 117, 57, 11, 2, 51, 40, 160, 157, 147, 127, 131, 64, 135, 15, 104, 136, 149, 52, 79, 119, 150, 139, 105, 74, 112, 174, 145, 118, 90, 75, 27, 125, 19, 10, 66, 113, 7, 122, 129, 161, 191, 162, 34, 179, 187, 94, 38, 142, 153, 171, 44, 144, 23, 98, 128, 54, 137, 164, 21, 134, 14, 182, 59, 126, 84, 184, 181, 33, 70, 155, 103, 55, 116, 35, 63, 173, 77, 83, 159, 91, 141, 93, 165, 180, 114, 42, 85, 5, 1, 185, 69, 108, 16, 13, 99, 194, 80, 39, 29, 130, 109, 71, 123, 110, 53, 152, 32, 92, 41, 3, 169, 65, 168, 193, 102, 176, 140, 143, 58, 124, 198, 89, 12, 36, 47, 78, 107, 120, 22, 148, 86, 30, 20, 37, 146, 156, 177, 166, 167, 6, 138, 87, 46, 56, 186, 111, 189, 183, 26, 190, 172, 62, 28, 158, 9, 24, 67, 133, 100, 61, 18, 200, 25, 195, 76, 8, 43, 81, 151, 101, 31, 192, 68, 115, 106, 45, 163, 82, 132, 197, 97]
(w = 16) Correct Cyclicantibandwidth
Set parameter TimeLimit to value 1800
[runlim] sample:		676.2 time, 540.2 real, 1447.3 MB
[runlim] sample:		686.3 time, 550.2 real, 1585.5 MB
[runlim] sample:		696.3 time, 560.2 real, 1659.6 MB
[runlim] sample:		706.3 time, 570.2 real, 1828.8 MB
[runlim] sample:		716.3 time, 580.2 real, 1777.0 MB
[runlim] sample:		740.8 time, 590.2 real, 4660.9 MB
[runlim] sample:		770.9 time, 600.2 real, 4714.6 MB
[runlim] sample:		785.9 time, 610.2 real, 3186.7 MB
[runlim] sample:		796.3 time, 620.2 real, 3244.3 MB
[runlim] sample:		806.6 time, 630.2 real, 3353.0 MB
[runlim] sample:		817.0 time, 640.2 real, 3355.1 MB
[runlim] sample:		827.3 time, 650.2 real, 3355.1 MB
[runlim] sample:		837.6 time, 660.2 real, 3360.8 MB
[runlim] sample:		847.9 time, 670.2 real, 3360.9 MB
[runlim] sample:		858.2 time, 680.2 real, 3362.6 MB
[runlim] sample:		868.5 time, 690.2 real, 3362.6 MB
[runlim] sample:		878.8 time, 700.2 real, 3364.5 MB
[runlim] sample:		889.2 time, 710.2 real, 3371.7 MB
[runlim] sample:		899.5 time, 720.2 real, 2463.1 MB
[runlim] sample:		909.9 time, 730.2 real, 2463.1 MB
[runlim] sample:		920.2 time, 740.2 real, 2477.6 MB
[runlim] sample:		932.2 time, 750.2 real, 2487.0 MB
(w = 17) Value Cyclicantibandwidth: 17
Lables: [162, 108, 77, 156, 76, 139, 163, 169, 70, 147, 12, 200, 110, 36, 1, 106, 72, 122, 99, 68, 3, 160, 123, 124, 127, 30, 65, 11, 2, 174, 6, 82, 116, 183, 192, 146, 32, 40, 180, 157, 71, 67, 69, 113, 47, 173, 73, 23, 35, 60, 83, 195, 103, 63, 28, 18, 164, 88, 97, 182, 74, 27, 121, 138, 194, 59, 61, 141, 185, 129, 52, 118, 45, 193, 158, 64, 56, 167, 19, 107, 9, 131, 78, 20, 37, 85, 93, 119, 150, 166, 26, 196, 155, 98, 135, 22, 198, 39, 62, 15, 14, 81, 130, 176, 42, 153, 115, 177, 75, 190, 172, 109, 8, 128, 111, 13, 84, 50, 87, 178, 29, 94, 102, 66, 151, 143, 142, 152, 16, 134, 38, 133, 161, 7, 41, 149, 43, 175, 34, 90, 136, 105, 125, 170, 17, 112, 187, 49, 189, 10, 89, 132, 54, 5, 58, 120, 104, 48, 101, 46, 55, 79, 117, 92, 188, 184, 159, 168, 33, 24, 51, 197, 91, 137, 171, 96, 154, 100, 186, 179, 199, 4, 31, 191, 95, 80, 148, 21, 145, 25, 86, 44, 144, 181, 114, 165, 140, 57, 53, 126]
(w = 17) Correct Cyclicantibandwidth
Set parameter TimeLimit to value 1800
[runlim] sample:		944.1 time, 760.2 real, 1564.1 MB
[runlim] sample:		954.1 time, 770.2 real, 1649.3 MB
[runlim] sample:		964.1 time, 780.2 real, 1722.1 MB
[runlim] sample:		974.2 time, 790.2 real, 1571.9 MB
[runlim] sample:		984.2 time, 800.2 real, 1571.9 MB
[runlim] sample:		1001.6 time, 810.2 real, 5709.8 MB
[runlim] sample:		1041.5 time, 820.2 real, 5560.5 MB
[runlim] sample:		1066.9 time, 830.2 real, 3351.5 MB
[runlim] sample:		1087.1 time, 840.2 real, 3907.0 MB
[runlim] sample:		1107.4 time, 850.2 real, 3979.0 MB
[runlim] sample:		1127.6 time, 860.2 real, 3969.2 MB
[runlim] sample:		1141.6 time, 870.2 real, 3962.9 MB
[runlim] sample:		1151.9 time, 880.2 real, 3963.2 MB
[runlim] sample:		1162.2 time, 890.2 real, 3963.2 MB
[runlim] sample:		1172.6 time, 900.2 real, 3964.6 MB
[runlim] sample:		1182.9 time, 910.2 real, 3964.9 MB
[runlim] sample:		1193.2 time, 920.2 real, 3964.9 MB
[runlim] sample:		1203.6 time, 930.2 real, 3964.9 MB
[runlim] sample:		1213.9 time, 940.2 real, 3171.5 MB
[runlim] sample:		1224.1 time, 950.2 real, 3171.5 MB
[runlim] sample:		1234.4 time, 960.2 real, 3171.5 MB
(w = 18) Value Cyclicantibandwidth: 18
Lables: [132, 46, 153, 23, 82, 65, 156, 124, 74, 147, 99, 27, 157, 170, 135, 87, 166, 40, 163, 119, 97, 58, 36, 7, 56, 120, 57, 75, 17, 192, 186, 188, 136, 78, 121, 104, 122, 91, 61, 95, 105, 51, 174, 141, 94, 148, 117, 159, 71, 194, 16, 193, 32, 182, 189, 18, 39, 31, 152, 93, 5, 144, 145, 14, 164, 184, 179, 110, 190, 113, 155, 92, 115, 15, 128, 98, 69, 197, 67, 49, 41, 52, 1, 79, 45, 96, 63, 88, 158, 126, 66, 109, 149, 68, 85, 183, 129, 195, 81, 165, 62, 70, 43, 55, 177, 8, 173, 187, 103, 161, 191, 9, 127, 125, 35, 172, 140, 196, 3, 11, 72, 107, 22, 139, 34, 2, 83, 137, 180, 47, 6, 89, 50, 20, 86, 80, 90, 116, 102, 42, 26, 146, 24, 198, 123, 4, 131, 10, 112, 25, 106, 134, 150, 111, 13, 54, 60, 167, 38, 162, 59, 101, 28, 73, 114, 133, 37, 64, 29, 53, 154, 176, 33, 178, 200, 138, 168, 19, 185, 48, 169, 181, 44, 160, 21, 199, 84, 151, 175, 12, 30, 171, 142, 77, 100, 118, 76, 143, 108, 130]
(w = 18) Correct Cyclicantibandwidth
Set parameter TimeLimit to value 1800
[runlim] sample:		1244.7 time, 970.2 real, 1655.2 MB
[runlim] sample:		1254.7 time, 980.2 real, 1716.6 MB
[runlim] sample:		1264.7 time, 990.2 real, 1809.9 MB
[runlim] sample:		1274.7 time, 1000.2 real, 1881.2 MB
[runlim] sample:		1284.7 time, 1010.2 real, 2210.7 MB
[runlim] sample:		1298.1 time, 1020.2 real, 1902.4 MB
[runlim] sample:		1321.8 time, 1030.2 real, 7100.0 MB
[runlim] sample:		1361.8 time, 1040.2 real, 5746.1 MB
[runlim] sample:		1378.2 time, 1050.2 real, 3580.4 MB
[runlim] sample:		1388.5 time, 1060.2 real, 4052.2 MB
[runlim] sample:		1398.8 time, 1070.2 real, 4088.7 MB
[runlim] sample:		1409.2 time, 1080.2 real, 4088.7 MB
[runlim] sample:		1419.5 time, 1090.2 real, 4088.7 MB
[runlim] sample:		1429.8 time, 1100.2 real, 4088.7 MB
[runlim] sample:		1440.2 time, 1110.2 real, 4088.7 MB
[runlim] sample:		1450.5 time, 1120.2 real, 4088.7 MB
[runlim] sample:		1460.8 time, 1130.2 real, 4088.7 MB
[runlim] sample:		1471.1 time, 1140.2 real, 4088.7 MB
[runlim] sample:		1481.5 time, 1150.2 real, 4088.7 MB
[runlim] sample:		1491.8 time, 1160.2 real, 4088.7 MB
[runlim] sample:		1502.1 time, 1170.2 real, 3233.0 MB
[runlim] sample:		1512.4 time, 1180.2 real, 3233.0 MB
[runlim] sample:		1522.7 time, 1190.2 real, 3233.0 MB
[runlim] sample:		1533.0 time, 1200.2 real, 3263.2 MB
[runlim] sample:		1543.3 time, 1210.2 real, 3040.1 MB
[runlim] sample:		1553.7 time, 1220.2 real, 3040.1 MB
[runlim] sample:		1564.0 time, 1230.2 real, 3040.1 MB
[runlim] sample:		1574.4 time, 1240.2 real, 3084.0 MB
[runlim] sample:		1584.7 time, 1250.2 real, 3073.8 MB
[runlim] sample:		1595.0 time, 1260.2 real, 3075.8 MB
[runlim] sample:		1605.4 time, 1270.2 real, 3990.5 MB
[runlim] sample:		1615.8 time, 1280.2 real, 4054.2 MB
[runlim] sample:		1626.1 time, 1290.2 real, 4057.3 MB
[runlim] sample:		1636.5 time, 1300.2 real, 4057.5 MB
[runlim] sample:		1646.8 time, 1310.2 real, 4057.5 MB
[runlim] sample:		1657.1 time, 1320.2 real, 4057.8 MB
[runlim] sample:		1667.5 time, 1330.2 real, 4058.0 MB
[runlim] sample:		1677.8 time, 1340.2 real, 4058.0 MB
[runlim] sample:		1688.2 time, 1350.2 real, 4058.0 MB
[runlim] sample:		1698.5 time, 1360.2 real, 4058.0 MB
[runlim] sample:		1708.9 time, 1370.2 real, 4058.3 MB
[runlim] sample:		1719.2 time, 1380.2 real, 4058.3 MB
[runlim] sample:		1729.6 time, 1390.2 real, 3122.2 MB
[runlim] sample:		1739.9 time, 1400.2 real, 3037.2 MB
[runlim] sample:		1750.3 time, 1410.2 real, 3060.6 MB
[runlim] sample:		1760.6 time, 1420.2 real, 3060.9 MB
[runlim] sample:		1771.0 time, 1430.2 real, 3991.9 MB
[runlim] sample:		1781.3 time, 1440.2 real, 4113.4 MB
[runlim] sample:		1791.7 time, 1450.2 real, 4117.9 MB
[runlim] sample:		1802.0 time, 1460.2 real, 4118.2 MB
[runlim] sample:		1812.4 time, 1470.2 real, 4118.4 MB
[runlim] sample:		1822.7 time, 1480.2 real, 4120.2 MB
[runlim] sample:		1833.0 time, 1490.2 real, 4118.5 MB
[runlim] sample:		1843.4 time, 1500.2 real, 4118.5 MB
[runlim] sample:		1853.7 time, 1510.2 real, 4118.5 MB
[runlim] sample:		1864.1 time, 1520.2 real, 4118.5 MB
[runlim] sample:		1874.4 time, 1530.2 real, 4118.5 MB
[runlim] sample:		1884.8 time, 1540.2 real, 4118.5 MB
[runlim] sample:		1895.1 time, 1550.2 real, 3047.4 MB
[runlim] sample:		1905.4 time, 1560.2 real, 3062.2 MB
[runlim] sample:		1915.7 time, 1570.2 real, 3062.2 MB
[runlim] sample:		1926.1 time, 1580.2 real, 4008.7 MB
[runlim] sample:		1936.4 time, 1590.2 real, 4061.6 MB
[runlim] sample:		1946.8 time, 1600.2 real, 4066.1 MB
[runlim] sample:		1957.1 time, 1610.2 real, 4066.4 MB
[runlim] sample:		1967.5 time, 1620.2 real, 4066.4 MB
[runlim] sample:		1977.8 time, 1630.2 real, 4066.4 MB
[runlim] sample:		1988.2 time, 1640.2 real, 4066.4 MB
[runlim] sample:		1998.5 time, 1650.2 real, 4066.4 MB
[runlim] sample:		2008.8 time, 1660.2 real, 4066.6 MB
[runlim] sample:		2019.2 time, 1670.2 real, 4066.6 MB
[runlim] sample:		2029.5 time, 1680.2 real, 4066.6 MB
[runlim] sample:		2039.8 time, 1690.2 real, 3077.5 MB
[runlim] sample:		2050.2 time, 1700.2 real, 3078.4 MB
[runlim] sample:		2060.5 time, 1710.2 real, 3079.1 MB
[runlim] sample:		2070.9 time, 1720.2 real, 3993.3 MB
[runlim] sample:		2081.2 time, 1730.2 real, 4087.3 MB
[runlim] sample:		2091.6 time, 1740.2 real, 4089.8 MB
[runlim] sample:		2101.9 time, 1750.2 real, 4090.1 MB
[runlim] sample:		2112.2 time, 1760.2 real, 4090.1 MB
[runlim] sample:		2122.6 time, 1770.2 real, 4090.3 MB
[runlim] sample:		2132.9 time, 1780.2 real, 4090.6 MB
[runlim] sample:		2143.2 time, 1790.2 real, 4090.6 MB
[runlim] end:			Thu Nov 13 02:53:44 2025
[runlim] status:		out of time
[runlim] result:		2
[runlim] children:		0
[runlim] real:			1800.12 seconds
[runlim] time:			2153.49 seconds
[runlim] space:			8689.3 MB
[runlim] samples:		17999
