[runlim] version:		1.10
[runlim] time limit:		311040000 seconds
[runlim] real time limit:	1800 seconds
[runlim] space limit:		30000 MB
[runlim] argv[0]:		python3
[runlim] argv[1]:		model.py
[runlim] argv[2]:		./graph/random_generated_graph_2013/p36_200_2000
[runlim] start:			Thu Nov 13 02:53:44 2025
[runlim] main pid:		52935
[runlim] log captured:
Set parameter WLSAccessID
Set parameter WLSSecret
Set parameter LicenseID to value 2663665
Academic license 2663665 - for non-commercial use only - registered to tu___@vnu.edu.vn
Set parameter TimeLimit to value 1800
[runlim] sample:		10.0 time, 10.1 real, 166.8 MB
(w = 4) Value Cyclicantibandwidth: 4
Lables: [154, 5, 186, 169, 176, 150, 21, 68, 107, 1, 166, 123, 183, 85, 50, 129, 45, 102, 104, 64, 124, 84, 71, 96, 60, 33, 101, 72, 82, 177, 185, 108, 141, 117, 167, 11, 42, 76, 136, 29, 4, 131, 94, 31, 88, 165, 79, 47, 32, 128, 67, 173, 134, 100, 49, 155, 194, 41, 120, 112, 142, 22, 38, 187, 55, 193, 3, 114, 168, 54, 180, 86, 122, 115, 152, 28, 34, 133, 105, 26, 93, 52, 66, 192, 182, 200, 19, 171, 98, 161, 138, 95, 143, 65, 23, 113, 27, 6, 145, 62, 158, 188, 179, 90, 190, 25, 83, 70, 170, 69, 97, 191, 35, 127, 106, 132, 92, 87, 197, 156, 149, 10, 18, 46, 126, 80, 13, 139, 119, 40, 56, 130, 174, 159, 30, 58, 2, 20, 181, 91, 125, 116, 103, 146, 175, 118, 39, 148, 15, 53, 16, 109, 111, 9, 43, 137, 63, 135, 121, 44, 189, 99, 144, 8, 75, 110, 37, 196, 59, 157, 199, 61, 151, 7, 163, 162, 195, 164, 17, 77, 14, 184, 78, 12, 160, 153, 74, 81, 178, 24, 198, 36, 73, 57, 51, 172, 48, 89, 140, 147]
(w = 4) Correct Cyclicantibandwidth
Set parameter TimeLimit to value 1800
[runlim] sample:		20.0 time, 20.1 real, 408.0 MB
(w = 5) Value Cyclicantibandwidth: 5
Lables: [154, 5, 186, 169, 95, 150, 69, 23, 107, 1, 4, 183, 166, 85, 50, 129, 133, 102, 104, 64, 18, 84, 56, 63, 60, 33, 101, 72, 82, 177, 30, 108, 141, 130, 167, 11, 42, 76, 32, 145, 21, 184, 94, 148, 88, 165, 174, 196, 120, 128, 34, 173, 134, 100, 26, 35, 185, 41, 36, 112, 66, 68, 124, 79, 55, 193, 92, 114, 168, 54, 140, 86, 122, 115, 152, 28, 3, 182, 105, 44, 31, 52, 80, 192, 10, 200, 99, 171, 158, 161, 59, 96, 176, 65, 53, 180, 27, 6, 189, 62, 19, 188, 143, 91, 190, 25, 83, 178, 170, 38, 97, 191, 17, 127, 106, 132, 45, 87, 155, 197, 149, 156, 67, 57, 136, 49, 126, 139, 119, 40, 8, 138, 22, 159, 98, 58, 2, 198, 117, 75, 125, 116, 118, 146, 61, 123, 12, 163, 15, 39, 16, 137, 111, 9, 43, 109, 51, 103, 121, 70, 110, 71, 135, 93, 162, 24, 29, 142, 131, 157, 187, 172, 151, 7, 37, 81, 20, 164, 46, 77, 14, 199, 179, 147, 90, 153, 74, 47, 144, 195, 113, 73, 160, 78, 175, 13, 181, 89, 194, 48]
(w = 5) Correct Cyclicantibandwidth
Set parameter TimeLimit to value 1800
[runlim] sample:		30.0 time, 30.1 real, 420.2 MB
(w = 6) Value Cyclicantibandwidth: 6
Lables: [154, 14, 186, 169, 27, 150, 21, 68, 103, 1, 39, 183, 67, 44, 50, 129, 133, 102, 104, 64, 124, 158, 56, 4, 60, 98, 101, 88, 82, 177, 185, 108, 141, 123, 167, 11, 42, 76, 32, 145, 83, 184, 94, 31, 151, 165, 79, 47, 120, 128, 92, 191, 134, 10, 24, 155, 194, 41, 36, 112, 59, 22, 38, 187, 55, 193, 3, 114, 168, 54, 142, 86, 122, 13, 152, 28, 34, 18, 105, 179, 26, 52, 66, 192, 144, 146, 99, 171, 137, 161, 163, 135, 176, 65, 126, 180, 172, 6, 149, 62, 19, 196, 115, 87, 190, 25, 139, 9, 200, 69, 97, 37, 33, 127, 106, 132, 45, 93, 197, 188, 48, 73, 100, 23, 136, 80, 140, 107, 119, 40, 143, 130, 174, 117, 16, 170, 35, 198, 89, 182, 125, 116, 162, 199, 175, 81, 46, 84, 72, 164, 71, 2, 53, 30, 159, 109, 63, 91, 121, 17, 189, 75, 111, 8, 51, 148, 29, 166, 43, 157, 74, 61, 57, 7, 15, 96, 20, 5, 173, 110, 156, 78, 90, 12, 118, 153, 85, 131, 178, 195, 147, 113, 95, 58, 160, 70, 138, 77, 181, 49]
(w = 6) Correct Cyclicantibandwidth
Set parameter TimeLimit to value 1800
[runlim] sample:		40.1 time, 40.1 real, 399.2 MB
[runlim] sample:		50.1 time, 50.1 real, 537.8 MB
(w = 7) Value Cyclicantibandwidth: 7
Lables: [154, 5, 186, 169, 142, 103, 86, 68, 17, 1, 128, 183, 46, 44, 85, 162, 133, 14, 51, 64, 24, 196, 56, 67, 129, 36, 101, 9, 45, 177, 185, 108, 145, 22, 167, 91, 141, 76, 32, 71, 152, 184, 94, 31, 151, 165, 53, 47, 120, 188, 92, 189, 134, 147, 49, 90, 194, 190, 60, 112, 123, 139, 38, 10, 50, 193, 3, 59, 168, 173, 140, 18, 106, 115, 116, 23, 34, 75, 135, 155, 198, 52, 11, 192, 28, 144, 99, 171, 137, 100, 161, 63, 97, 65, 126, 15, 27, 88, 191, 43, 54, 195, 143, 79, 82, 25, 40, 73, 70, 69, 158, 37, 72, 127, 61, 132, 114, 93, 197, 156, 149, 66, 182, 159, 6, 80, 55, 157, 119, 200, 122, 130, 26, 29, 16, 78, 35, 107, 104, 121, 125, 166, 118, 160, 4, 84, 21, 110, 199, 179, 170, 2, 95, 39, 164, 109, 58, 19, 98, 13, 174, 89, 48, 8, 175, 138, 163, 42, 131, 77, 62, 111, 124, 7, 176, 136, 187, 102, 180, 105, 150, 83, 20, 12, 181, 153, 33, 96, 57, 146, 30, 113, 41, 81, 74, 148, 172, 87, 117, 178]
(w = 7) Correct Cyclicantibandwidth
Set parameter TimeLimit to value 1800
[runlim] sample:		60.1 time, 60.1 real, 509.3 MB
[runlim] sample:		70.1 time, 70.1 real, 600.0 MB
(w = 8) Value Cyclicantibandwidth: 8
Lables: [161, 5, 186, 169, 70, 4, 21, 134, 107, 172, 131, 183, 155, 44, 50, 42, 133, 102, 104, 64, 124, 158, 16, 96, 92, 119, 141, 88, 82, 177, 185, 108, 90, 117, 167, 11, 9, 76, 173, 31, 100, 184, 94, 139, 151, 165, 79, 47, 120, 128, 95, 3, 56, 10, 49, 7, 194, 41, 99, 116, 142, 197, 38, 187, 55, 98, 46, 40, 168, 67, 105, 86, 30, 115, 152, 25, 20, 18, 6, 179, 129, 101, 195, 60, 28, 146, 103, 171, 137, 48, 166, 156, 176, 136, 72, 17, 63, 75, 24, 159, 54, 181, 122, 87, 193, 140, 65, 145, 144, 143, 114, 37, 190, 127, 80, 66, 45, 93, 29, 110, 149, 106, 200, 68, 53, 174, 59, 123, 15, 23, 71, 130, 22, 51, 1, 170, 33, 121, 62, 91, 73, 163, 180, 160, 26, 81, 196, 84, 126, 198, 162, 19, 8, 58, 43, 109, 188, 83, 52, 13, 118, 199, 111, 69, 35, 32, 77, 147, 39, 157, 61, 113, 189, 135, 97, 192, 125, 178, 57, 175, 27, 78, 153, 36, 182, 14, 85, 89, 34, 148, 164, 12, 74, 191, 138, 132, 154, 2, 150, 112]
(w = 8) Correct Cyclicantibandwidth
Set parameter TimeLimit to value 1800
[runlim] sample:		80.1 time, 80.1 real, 532.1 MB
[runlim] sample:		90.2 time, 90.1 real, 627.5 MB
(w = 9) Value Cyclicantibandwidth: 9
Lables: [154, 134, 95, 138, 83, 32, 21, 126, 169, 101, 166, 192, 97, 55, 5, 59, 123, 165, 2, 74, 161, 116, 177, 96, 150, 149, 87, 92, 31, 127, 57, 7, 77, 51, 46, 128, 197, 89, 18, 37, 14, 63, 34, 16, 151, 108, 9, 179, 124, 88, 93, 13, 8, 4, 143, 190, 36, 112, 156, 171, 1, 29, 47, 158, 152, 107, 145, 175, 105, 181, 71, 115, 50, 17, 185, 35, 68, 38, 94, 60, 26, 41, 66, 168, 120, 147, 113, 42, 70, 27, 3, 193, 98, 65, 159, 61, 75, 162, 24, 80, 85, 186, 184, 23, 67, 141, 69, 82, 146, 53, 173, 81, 22, 133, 106, 176, 11, 160, 148, 178, 52, 135, 136, 188, 157, 131, 199, 139, 137, 104, 100, 79, 182, 33, 155, 76, 125, 118, 90, 200, 183, 163, 180, 56, 111, 39, 110, 30, 142, 119, 72, 73, 19, 102, 129, 86, 62, 91, 121, 117, 58, 12, 15, 132, 6, 54, 194, 25, 44, 10, 103, 48, 40, 170, 191, 198, 144, 172, 189, 167, 196, 64, 84, 109, 99, 195, 45, 130, 28, 114, 78, 164, 174, 49, 187, 153, 20, 140, 122, 43]
(w = 9) Correct Cyclicantibandwidth
Set parameter TimeLimit to value 1800
[runlim] sample:		100.2 time, 100.1 real, 600.0 MB
[runlim] sample:		110.2 time, 110.1 real, 683.9 MB
(w = 10) Value Cyclicantibandwidth: 10
Lables: [19, 5, 70, 87, 45, 31, 136, 68, 104, 1, 166, 142, 55, 15, 50, 130, 134, 97, 118, 64, 124, 125, 23, 96, 7, 145, 101, 9, 4, 177, 185, 131, 83, 117, 121, 133, 42, 78, 21, 100, 88, 184, 75, 25, 107, 154, 14, 105, 120, 32, 92, 12, 126, 135, 103, 155, 33, 41, 24, 109, 13, 26, 38, 186, 183, 3, 167, 63, 28, 54, 162, 51, 11, 53, 152, 27, 81, 18, 188, 66, 93, 52, 193, 44, 179, 169, 43, 156, 60, 56, 161, 114, 59, 86, 48, 17, 151, 171, 20, 49, 6, 99, 143, 174, 190, 90, 79, 137, 144, 192, 139, 168, 175, 127, 191, 176, 46, 170, 2, 197, 10, 106, 84, 30, 128, 198, 199, 123, 95, 158, 67, 22, 165, 159, 34, 77, 140, 116, 62, 91, 82, 76, 180, 148, 157, 141, 37, 110, 132, 119, 71, 72, 16, 200, 73, 40, 194, 47, 115, 187, 160, 129, 94, 69, 80, 8, 178, 147, 39, 58, 74, 61, 113, 149, 164, 163, 65, 182, 181, 35, 138, 195, 173, 108, 89, 122, 85, 172, 36, 98, 29, 57, 146, 111, 196, 102, 153, 150, 112, 189]
(w = 10) Correct Cyclicantibandwidth
Set parameter TimeLimit to value 1800
[runlim] sample:		120.2 time, 120.1 real, 615.6 MB
[runlim] sample:		130.2 time, 130.1 real, 715.3 MB
(w = 11) Value Cyclicantibandwidth: 11
Lables: [8, 142, 59, 130, 194, 149, 9, 97, 39, 92, 144, 178, 182, 32, 50, 61, 176, 156, 105, 60, 168, 22, 143, 94, 87, 33, 122, 183, 86, 15, 185, 192, 137, 117, 88, 11, 148, 2, 19, 83, 45, 184, 189, 104, 72, 41, 47, 133, 123, 197, 93, 56, 125, 25, 103, 135, 23, 42, 179, 115, 90, 102, 44, 187, 198, 193, 138, 114, 110, 147, 162, 146, 181, 79, 98, 14, 154, 107, 101, 55, 160, 51, 31, 157, 28, 150, 75, 49, 124, 155, 161, 145, 167, 174, 89, 99, 54, 200, 12, 151, 4, 152, 129, 20, 91, 27, 66, 6, 126, 128, 85, 73, 139, 127, 195, 74, 46, 170, 34, 111, 69, 16, 109, 77, 180, 96, 199, 116, 95, 40, 58, 43, 158, 165, 112, 84, 35, 70, 64, 140, 21, 63, 18, 108, 136, 17, 118, 190, 141, 173, 1, 36, 3, 67, 169, 100, 48, 24, 10, 120, 191, 131, 166, 134, 80, 196, 188, 26, 37, 65, 82, 62, 163, 171, 153, 164, 68, 52, 177, 113, 175, 81, 106, 13, 132, 5, 119, 121, 29, 186, 159, 7, 76, 57, 38, 172, 78, 30, 71, 53]
(w = 11) Correct Cyclicantibandwidth
Set parameter TimeLimit to value 1800
[runlim] sample:		140.2 time, 140.1 real, 612.9 MB
[runlim] sample:		150.2 time, 150.1 real, 699.7 MB
(w = 12) Value Cyclicantibandwidth: 12
Lables: [157, 129, 194, 67, 7, 200, 81, 126, 190, 15, 49, 183, 86, 47, 50, 69, 42, 10, 36, 72, 62, 21, 137, 132, 9, 74, 118, 87, 82, 170, 185, 175, 139, 16, 111, 60, 54, 149, 35, 176, 45, 197, 158, 146, 48, 166, 103, 189, 120, 33, 92, 196, 107, 116, 115, 153, 191, 68, 73, 112, 55, 89, 163, 180, 184, 2, 145, 168, 70, 169, 167, 199, 96, 79, 121, 29, 134, 1, 181, 22, 52, 171, 117, 13, 23, 17, 64, 56, 122, 123, 164, 152, 83, 127, 90, 84, 31, 75, 76, 109, 113, 159, 11, 3, 6, 38, 12, 193, 136, 131, 187, 71, 138, 53, 85, 102, 41, 34, 4, 155, 133, 39, 98, 128, 178, 58, 124, 142, 151, 160, 28, 186, 95, 32, 106, 27, 156, 100, 19, 140, 182, 148, 46, 125, 130, 20, 99, 14, 141, 91, 177, 104, 78, 63, 154, 97, 44, 40, 43, 94, 162, 25, 88, 8, 135, 192, 24, 147, 198, 195, 179, 26, 161, 65, 165, 143, 18, 66, 5, 30, 174, 59, 108, 119, 110, 173, 57, 77, 37, 93, 80, 105, 144, 61, 114, 51, 172, 150, 101, 188]
(w = 12) Correct Cyclicantibandwidth
Set parameter TimeLimit to value 1800
[runlim] sample:		160.3 time, 160.1 real, 668.0 MB
[runlim] sample:		170.3 time, 170.1 real, 730.6 MB
[runlim] sample:		180.3 time, 180.1 real, 828.4 MB
(w = 13) Value Cyclicantibandwidth: 13
Lables: [165, 95, 195, 118, 30, 53, 33, 128, 108, 144, 167, 126, 63, 184, 51, 115, 191, 114, 102, 64, 113, 120, 43, 40, 124, 7, 109, 49, 96, 193, 134, 3, 194, 180, 173, 137, 68, 74, 47, 101, 81, 20, 162, 32, 45, 125, 2, 187, 107, 129, 93, 25, 28, 119, 135, 166, 140, 55, 152, 163, 85, 94, 38, 188, 139, 154, 50, 164, 117, 72, 78, 4, 27, 84, 168, 97, 80, 19, 105, 174, 91, 178, 138, 158, 132, 169, 106, 59, 175, 6, 197, 171, 60, 82, 79, 83, 160, 73, 26, 39, 111, 155, 99, 14, 8, 200, 12, 89, 90, 192, 88, 151, 179, 56, 100, 35, 46, 146, 42, 143, 87, 54, 141, 69, 177, 58, 66, 10, 57, 48, 70, 183, 1, 142, 186, 18, 150, 13, 149, 86, 133, 170, 145, 110, 123, 198, 9, 98, 52, 41, 185, 75, 71, 11, 122, 116, 121, 196, 92, 34, 161, 104, 181, 62, 127, 136, 157, 172, 189, 148, 31, 23, 17, 22, 156, 5, 15, 37, 153, 159, 176, 24, 76, 103, 112, 77, 61, 130, 36, 199, 44, 21, 147, 67, 16, 182, 29, 131, 65, 190]
(w = 13) Correct Cyclicantibandwidth
Set parameter TimeLimit to value 1800
[runlim] sample:		190.3 time, 190.1 real, 663.0 MB
[runlim] sample:		200.3 time, 200.1 real, 746.1 MB
[runlim] sample:		210.3 time, 210.1 real, 847.8 MB
[runlim] sample:		220.3 time, 220.1 real, 1063.7 MB
[runlim] sample:		231.7 time, 230.1 real, 1479.7 MB
[runlim] sample:		255.0 time, 240.1 real, 3541.5 MB
[runlim] sample:		281.7 time, 250.1 real, 3479.3 MB
(w = 14) Value Cyclicantibandwidth: 14
Lables: [60, 162, 8, 177, 75, 158, 184, 34, 81, 44, 122, 31, 164, 130, 17, 65, 61, 83, 169, 15, 186, 42, 187, 98, 116, 92, 69, 18, 11, 9, 133, 53, 2, 38, 156, 120, 74, 93, 51, 152, 192, 140, 88, 64, 194, 109, 100, 13, 181, 190, 3, 78, 26, 124, 56, 154, 6, 103, 141, 59, 193, 107, 41, 62, 176, 47, 86, 183, 167, 12, 137, 151, 70, 111, 119, 1, 112, 43, 200, 123, 67, 99, 172, 48, 117, 147, 168, 45, 132, 142, 16, 32, 27, 106, 165, 79, 89, 23, 30, 198, 196, 7, 199, 46, 85, 178, 20, 94, 4, 95, 174, 21, 145, 121, 82, 66, 68, 126, 118, 180, 113, 157, 90, 170, 35, 175, 185, 138, 110, 73, 191, 49, 159, 76, 128, 134, 148, 114, 5, 104, 179, 161, 195, 153, 143, 40, 33, 14, 105, 108, 155, 25, 54, 171, 19, 71, 22, 163, 50, 63, 10, 96, 97, 24, 189, 182, 135, 173, 127, 139, 37, 77, 29, 80, 36, 87, 129, 166, 55, 144, 149, 52, 39, 188, 150, 102, 125, 91, 136, 146, 197, 131, 101, 115, 57, 58, 28, 160, 72, 84]
(w = 14) Correct Cyclicantibandwidth
Set parameter TimeLimit to value 1800
[runlim] sample:		291.9 time, 260.1 real, 1497.7 MB
[runlim] sample:		301.9 time, 270.1 real, 1526.9 MB
[runlim] sample:		311.9 time, 280.1 real, 1696.5 MB
[runlim] sample:		321.9 time, 290.1 real, 1392.4 MB
[runlim] sample:		331.9 time, 300.1 real, 1466.9 MB
[runlim] sample:		346.6 time, 310.1 real, 3138.7 MB
[runlim] sample:		381.8 time, 320.1 real, 4290.9 MB
[runlim] sample:		401.6 time, 330.1 real, 3934.8 MB
(w = 15) Value Cyclicantibandwidth: 15
Lables: [64, 160, 8, 30, 105, 182, 58, 80, 39, 47, 140, 33, 165, 168, 18, 85, 22, 122, 189, 16, 76, 181, 194, 119, 99, 112, 125, 50, 11, 9, 129, 70, 2, 94, 171, 57, 95, 109, 55, 183, 188, 172, 110, 69, 175, 135, 60, 12, 186, 151, 3, 78, 27, 43, 61, 195, 6, 88, 177, 63, 15, 124, 45, 104, 180, 51, 147, 187, 121, 14, 115, 164, 103, 136, 100, 1, 154, 75, 159, 162, 113, 116, 149, 52, 163, 153, 108, 48, 192, 42, 17, 34, 28, 81, 93, 71, 62, 23, 32, 198, 40, 7, 197, 49, 170, 174, 19, 84, 4, 120, 166, 79, 193, 127, 131, 25, 73, 97, 128, 90, 157, 77, 111, 138, 35, 173, 152, 106, 137, 117, 150, 65, 169, 53, 118, 10, 200, 134, 5, 155, 184, 148, 158, 132, 44, 41, 36, 13, 37, 102, 91, 26, 72, 196, 20, 107, 21, 130, 54, 66, 139, 82, 114, 24, 143, 145, 142, 29, 92, 101, 67, 68, 176, 87, 89, 144, 179, 46, 96, 161, 178, 56, 38, 31, 199, 74, 191, 83, 126, 98, 123, 167, 59, 141, 185, 86, 146, 133, 190, 156]
(w = 15) Correct Cyclicantibandwidth
Set parameter TimeLimit to value 1800
[runlim] sample:		411.7 time, 340.1 real, 1441.7 MB
[runlim] sample:		421.7 time, 350.1 real, 1533.9 MB
[runlim] sample:		431.7 time, 360.1 real, 1605.6 MB
[runlim] sample:		441.7 time, 370.1 real, 1391.4 MB
[runlim] sample:		451.7 time, 380.1 real, 1905.5 MB
[runlim] sample:		467.8 time, 390.1 real, 4914.6 MB
[runlim] sample:		502.3 time, 400.1 real, 4280.7 MB
[runlim] sample:		520.2 time, 410.1 real, 4031.0 MB
(w = 16) Value Cyclicantibandwidth: 16
Lables: [68, 96, 8, 32, 86, 185, 63, 85, 41, 50, 151, 35, 126, 142, 19, 88, 23, 106, 112, 17, 78, 140, 81, 123, 144, 120, 94, 53, 11, 9, 149, 74, 2, 102, 128, 60, 101, 118, 58, 194, 189, 146, 117, 184, 79, 135, 30, 13, 170, 160, 3, 83, 28, 45, 46, 193, 6, 93, 173, 67, 15, 134, 47, 100, 163, 54, 127, 31, 133, 14, 105, 168, 139, 137, 132, 1, 166, 62, 198, 64, 121, 108, 99, 55, 158, 165, 111, 51, 191, 129, 18, 36, 29, 87, 97, 75, 66, 24, 34, 200, 199, 7, 42, 52, 175, 49, 20, 90, 4, 103, 167, 84, 98, 136, 124, 26, 153, 155, 174, 82, 180, 65, 119, 181, 37, 176, 164, 107, 179, 109, 172, 70, 188, 56, 147, 10, 190, 145, 5, 131, 130, 171, 12, 192, 44, 48, 38, 16, 39, 110, 125, 27, 76, 196, 21, 115, 22, 157, 57, 71, 150, 116, 122, 25, 156, 141, 152, 33, 154, 182, 72, 73, 143, 92, 69, 95, 187, 43, 104, 162, 178, 59, 40, 80, 197, 77, 159, 89, 148, 113, 195, 161, 61, 169, 183, 91, 186, 138, 177, 114]
(w = 16) Correct Cyclicantibandwidth
Set parameter TimeLimit to value 1800
[runlim] sample:		530.3 time, 420.1 real, 1617.2 MB
[runlim] sample:		540.3 time, 430.1 real, 1706.9 MB
[runlim] sample:		550.3 time, 440.1 real, 1762.2 MB
[runlim] sample:		560.3 time, 450.1 real, 1961.7 MB
[runlim] sample:		570.9 time, 460.1 real, 2101.0 MB
[runlim] sample:		595.3 time, 470.1 real, 5889.3 MB
[runlim] sample:		623.8 time, 480.1 real, 4431.0 MB
[runlim] sample:		634.0 time, 490.1 real, 3342.0 MB
[runlim] sample:		644.4 time, 500.1 real, 3397.5 MB
[runlim] sample:		654.7 time, 510.1 real, 3432.0 MB
[runlim] sample:		665.0 time, 520.1 real, 3432.2 MB
[runlim] sample:		675.3 time, 530.1 real, 3432.2 MB
[runlim] sample:		685.6 time, 540.1 real, 3432.2 MB
[runlim] sample:		695.9 time, 550.1 real, 3432.2 MB
[runlim] sample:		706.2 time, 560.1 real, 3432.2 MB
[runlim] sample:		716.5 time, 570.1 real, 2457.3 MB
[runlim] sample:		726.8 time, 580.1 real, 3025.7 MB
[runlim] sample:		737.1 time, 590.1 real, 3027.7 MB
[runlim] sample:		747.4 time, 600.1 real, 3033.7 MB
[runlim] sample:		757.8 time, 610.1 real, 3035.7 MB
[runlim] sample:		768.0 time, 620.1 real, 3035.7 MB
[runlim] sample:		778.3 time, 630.1 real, 2362.6 MB
[runlim] sample:		788.6 time, 640.1 real, 2362.6 MB
[runlim] sample:		798.9 time, 650.1 real, 2362.6 MB
[runlim] sample:		809.2 time, 660.1 real, 2362.6 MB
(w = 17) Value Cyclicantibandwidth: 17
Lables: [19, 89, 167, 175, 120, 25, 149, 93, 17, 71, 68, 90, 12, 137, 161, 198, 75, 16, 117, 176, 72, 76, 124, 107, 57, 160, 95, 142, 38, 86, 91, 77, 129, 79, 58, 150, 1, 32, 69, 99, 123, 177, 171, 174, 110, 67, 133, 21, 92, 39, 22, 138, 168, 65, 29, 88, 23, 152, 132, 62, 78, 104, 45, 83, 74, 193, 116, 87, 180, 197, 119, 154, 10, 140, 170, 97, 135, 181, 103, 191, 96, 185, 4, 158, 81, 35, 164, 153, 33, 146, 70, 53, 156, 50, 64, 145, 106, 188, 130, 26, 43, 98, 118, 36, 143, 80, 41, 108, 9, 8, 94, 190, 195, 112, 101, 165, 182, 163, 30, 109, 157, 155, 122, 125, 49, 73, 54, 34, 56, 192, 189, 18, 136, 5, 59, 131, 151, 14, 115, 186, 37, 46, 147, 199, 127, 61, 166, 51, 13, 148, 100, 194, 40, 144, 27, 82, 178, 84, 55, 11, 31, 2, 113, 183, 162, 66, 52, 179, 44, 28, 24, 141, 85, 134, 159, 20, 126, 102, 111, 169, 128, 139, 172, 105, 187, 121, 6, 48, 42, 15, 173, 184, 47, 60, 114, 3, 200, 63, 196, 7]
(w = 17) Correct Cyclicantibandwidth
Set parameter TimeLimit to value 1800
[runlim] sample:		822.0 time, 670.1 real, 1654.0 MB
[runlim] sample:		832.0 time, 680.1 real, 1723.8 MB
[runlim] sample:		842.1 time, 690.1 real, 1824.2 MB
[runlim] sample:		852.1 time, 700.1 real, 1783.7 MB
[runlim] sample:		862.1 time, 710.1 real, 1783.8 MB
[runlim] sample:		876.1 time, 720.1 real, 1937.9 MB
[runlim] sample:		905.4 time, 730.1 real, 5092.8 MB
[runlim] sample:		933.7 time, 740.1 real, 4454.4 MB
[runlim] sample:		944.0 time, 750.1 real, 3508.3 MB
[runlim] sample:		954.3 time, 760.1 real, 3638.8 MB
[runlim] sample:		964.5 time, 770.1 real, 3640.8 MB
[runlim] sample:		974.9 time, 780.1 real, 3640.8 MB
[runlim] sample:		985.1 time, 790.1 real, 3640.8 MB
[runlim] sample:		995.4 time, 800.1 real, 3640.8 MB
[runlim] sample:		1005.7 time, 810.1 real, 3640.8 MB
[runlim] sample:		1016.0 time, 820.1 real, 3640.8 MB
[runlim] sample:		1026.3 time, 830.1 real, 3640.8 MB
[runlim] sample:		1036.6 time, 840.1 real, 3640.8 MB
[runlim] sample:		1046.9 time, 850.1 real, 3640.8 MB
[runlim] sample:		1057.2 time, 860.1 real, 3640.8 MB
[runlim] sample:		1067.6 time, 870.1 real, 2770.7 MB
[runlim] sample:		1077.9 time, 880.1 real, 2770.7 MB
[runlim] sample:		1088.2 time, 890.1 real, 2770.7 MB
[runlim] sample:		1098.4 time, 900.1 real, 3099.7 MB
[runlim] sample:		1108.7 time, 910.1 real, 3005.1 MB
[runlim] sample:		1119.1 time, 920.1 real, 3005.1 MB
[runlim] sample:		1129.5 time, 930.1 real, 3005.1 MB
[runlim] sample:		1139.8 time, 940.1 real, 3005.1 MB
[runlim] sample:		1150.1 time, 950.1 real, 3009.6 MB
[runlim] sample:		1160.5 time, 960.1 real, 3046.6 MB
[runlim] sample:		1170.8 time, 970.1 real, 2994.0 MB
[runlim] sample:		1181.1 time, 980.1 real, 3839.2 MB
[runlim] sample:		1191.4 time, 990.1 real, 4013.0 MB
[runlim] sample:		1201.8 time, 1000.1 real, 4015.6 MB
[runlim] sample:		1212.1 time, 1010.1 real, 4016.1 MB
[runlim] sample:		1222.4 time, 1020.1 real, 4016.1 MB
[runlim] sample:		1232.8 time, 1030.1 real, 4016.4 MB
[runlim] sample:		1243.1 time, 1040.1 real, 4016.4 MB
[runlim] sample:		1253.4 time, 1050.1 real, 4016.4 MB
[runlim] sample:		1263.8 time, 1060.1 real, 4016.6 MB
[runlim] sample:		1274.1 time, 1070.1 real, 4016.6 MB
[runlim] sample:		1284.4 time, 1080.1 real, 4016.6 MB
[runlim] sample:		1294.7 time, 1090.1 real, 4016.6 MB
[runlim] sample:		1305.0 time, 1100.1 real, 3024.3 MB
[runlim] sample:		1315.4 time, 1110.1 real, 2992.0 MB
[runlim] sample:		1325.7 time, 1120.1 real, 2994.0 MB
[runlim] sample:		1336.0 time, 1130.1 real, 3889.2 MB
[runlim] sample:		1346.3 time, 1140.1 real, 3918.4 MB
[runlim] sample:		1356.6 time, 1150.1 real, 3922.9 MB
[runlim] sample:		1367.0 time, 1160.1 real, 3923.1 MB
[runlim] sample:		1377.3 time, 1170.1 real, 3923.1 MB
[runlim] sample:		1387.7 time, 1180.1 real, 3923.4 MB
[runlim] sample:		1398.0 time, 1190.1 real, 3923.4 MB
[runlim] sample:		1408.3 time, 1200.1 real, 3923.4 MB
[runlim] sample:		1418.6 time, 1210.1 real, 3923.4 MB
[runlim] sample:		1428.9 time, 1220.1 real, 3923.6 MB
[runlim] sample:		1439.3 time, 1230.1 real, 3925.6 MB
[runlim] sample:		1449.6 time, 1240.1 real, 3925.6 MB
[runlim] sample:		1459.9 time, 1250.1 real, 2990.5 MB
[runlim] sample:		1470.2 time, 1260.1 real, 2990.6 MB
[runlim] sample:		1480.5 time, 1270.1 real, 3834.0 MB
[runlim] sample:		1490.8 time, 1280.1 real, 3985.7 MB
[runlim] sample:		1501.2 time, 1290.1 real, 3988.2 MB
[runlim] sample:		1511.5 time, 1300.1 real, 3988.5 MB
[runlim] sample:		1521.9 time, 1310.1 real, 3988.5 MB
[runlim] sample:		1532.2 time, 1320.1 real, 3988.7 MB
[runlim] sample:		1542.5 time, 1330.1 real, 3988.7 MB
[runlim] sample:		1552.9 time, 1340.1 real, 3988.7 MB
[runlim] sample:		1563.2 time, 1350.1 real, 3988.7 MB
[runlim] sample:		1573.5 time, 1360.1 real, 3989.0 MB
[runlim] sample:		1583.8 time, 1370.1 real, 3989.0 MB
[runlim] sample:		1594.2 time, 1380.1 real, 3989.0 MB
[runlim] sample:		1604.4 time, 1390.1 real, 2990.3 MB
[runlim] sample:		1614.8 time, 1400.1 real, 2989.5 MB
[runlim] sample:		1625.1 time, 1410.1 real, 3835.2 MB
[runlim] sample:		1635.4 time, 1420.1 real, 3977.2 MB
[runlim] sample:		1645.7 time, 1430.1 real, 3983.9 MB
[runlim] sample:		1656.0 time, 1440.1 real, 3984.2 MB
[runlim] sample:		1666.4 time, 1450.1 real, 3984.4 MB
[runlim] sample:		1676.8 time, 1460.1 real, 3984.4 MB
[runlim] sample:		1687.1 time, 1470.1 real, 3984.4 MB
[runlim] sample:		1697.4 time, 1480.1 real, 3984.4 MB
[runlim] sample:		1707.8 time, 1490.1 real, 3984.7 MB
[runlim] sample:		1718.0 time, 1500.1 real, 3984.7 MB
[runlim] sample:		1728.3 time, 1510.1 real, 3984.7 MB
[runlim] sample:		1738.6 time, 1520.1 real, 3989.2 MB
[runlim] sample:		1748.9 time, 1530.1 real, 3020.1 MB
[runlim] sample:		1759.3 time, 1540.1 real, 3010.3 MB
[runlim] sample:		1769.6 time, 1550.1 real, 2989.7 MB
[runlim] sample:		1780.0 time, 1560.1 real, 3839.9 MB
[runlim] sample:		1790.3 time, 1570.1 real, 3955.5 MB
[runlim] sample:		1800.7 time, 1580.1 real, 3956.8 MB
[runlim] sample:		1811.0 time, 1590.1 real, 3956.8 MB
[runlim] sample:		1821.4 time, 1600.1 real, 3963.0 MB
[runlim] sample:		1831.7 time, 1610.1 real, 3963.3 MB
[runlim] sample:		1842.0 time, 1620.1 real, 3963.5 MB
[runlim] sample:		1852.3 time, 1630.1 real, 3963.5 MB
[runlim] sample:		1862.7 time, 1640.1 real, 3963.5 MB
[runlim] sample:		1873.0 time, 1650.1 real, 3963.5 MB
[runlim] sample:		1883.2 time, 1660.1 real, 3963.7 MB
[runlim] sample:		1893.5 time, 1670.1 real, 3963.7 MB
[runlim] sample:		1903.8 time, 1680.1 real, 3963.7 MB
[runlim] sample:		1914.1 time, 1690.1 real, 3014.9 MB
[runlim] sample:		1924.4 time, 1700.1 real, 3005.1 MB
[runlim] sample:		1934.7 time, 1710.1 real, 3861.2 MB
[runlim] sample:		1945.0 time, 1720.1 real, 3967.4 MB
[runlim] sample:		1955.3 time, 1730.1 real, 3967.9 MB
[runlim] sample:		1965.7 time, 1740.1 real, 3967.9 MB
[runlim] sample:		1976.0 time, 1750.1 real, 3968.2 MB
[runlim] sample:		1986.4 time, 1760.1 real, 3968.2 MB
[runlim] sample:		1996.8 time, 1770.1 real, 3968.5 MB
[runlim] sample:		2007.1 time, 1780.1 real, 3968.5 MB
[runlim] sample:		2017.5 time, 1790.1 real, 3968.5 MB
[runlim] end:			Thu Nov 13 03:23:44 2025
[runlim] status:		out of time
[runlim] result:		2
[runlim] children:		0
[runlim] real:			1800.09 seconds
[runlim] time:			2027.72 seconds
[runlim] space:			7539.0 MB
[runlim] samples:		17999
