[runlim] version:		1.10
[runlim] time limit:		311040000 seconds
[runlim] real time limit:	1800 seconds
[runlim] space limit:		30000 MB
[runlim] argv[0]:		python3
[runlim] argv[1]:		model.py
[runlim] argv[2]:		./graph/random_generated_graph_2013/p38_200_2000
[runlim] start:			Thu Nov 13 03:53:44 2025
[runlim] main pid:		53955
[runlim] log captured:
Set parameter WLSAccessID
Set parameter WLSSecret
Set parameter LicenseID to value 2663665
Academic license 2663665 - for non-commercial use only - registered to tu___@vnu.edu.vn
Set parameter TimeLimit to value 1800
[runlim] sample:		10.0 time, 10.2 real, 165.4 MB
(w = 4) Value Cyclicantibandwidth: 4
Lables: [154, 37, 146, 190, 29, 46, 185, 68, 172, 1, 166, 152, 107, 4, 20, 129, 165, 102, 48, 187, 124, 84, 112, 96, 133, 80, 138, 72, 24, 195, 194, 197, 128, 117, 167, 43, 132, 26, 32, 42, 173, 119, 94, 40, 88, 82, 86, 196, 193, 87, 92, 150, 134, 95, 93, 76, 188, 31, 23, 180, 142, 91, 38, 66, 85, 55, 3, 176, 35, 169, 130, 51, 139, 137, 108, 110, 34, 182, 105, 62, 135, 189, 159, 192, 28, 54, 99, 174, 125, 161, 64, 63, 59, 149, 122, 184, 106, 79, 100, 83, 41, 33, 179, 9, 7, 25, 178, 70, 170, 114, 97, 118, 52, 47, 136, 65, 36, 186, 50, 177, 81, 2, 60, 19, 126, 115, 27, 143, 74, 17, 121, 113, 160, 5, 200, 145, 153, 12, 155, 168, 73, 164, 103, 30, 175, 69, 6, 148, 15, 53, 89, 158, 111, 127, 171, 109, 116, 147, 21, 13, 131, 11, 39, 8, 191, 144, 163, 49, 71, 157, 22, 61, 151, 183, 10, 123, 45, 104, 198, 77, 14, 120, 78, 156, 44, 181, 16, 57, 90, 75, 18, 199, 162, 140, 67, 98, 58, 101, 56, 141]
(w = 4) Correct Cyclicantibandwidth
Set parameter TimeLimit to value 1800
[runlim] sample:		20.0 time, 20.2 real, 408.9 MB
(w = 5) Value Cyclicantibandwidth: 5
Lables: [154, 5, 186, 54, 30, 38, 28, 156, 107, 66, 58, 183, 67, 85, 22, 129, 133, 102, 171, 64, 145, 84, 56, 32, 60, 33, 65, 198, 194, 128, 159, 108, 141, 36, 150, 11, 101, 76, 124, 164, 4, 119, 42, 158, 88, 165, 79, 47, 138, 87, 189, 25, 134, 95, 31, 106, 116, 94, 120, 112, 142, 179, 182, 170, 8, 193, 29, 63, 21, 130, 98, 51, 122, 151, 152, 110, 34, 10, 74, 57, 135, 52, 166, 192, 190, 104, 168, 143, 125, 161, 103, 92, 48, 86, 23, 180, 184, 121, 99, 62, 19, 140, 100, 90, 70, 9, 83, 178, 91, 69, 97, 37, 185, 127, 80, 176, 53, 93, 35, 177, 3, 41, 71, 46, 132, 136, 27, 126, 155, 17, 82, 113, 160, 118, 72, 117, 2, 163, 26, 89, 20, 146, 169, 139, 59, 7, 197, 148, 15, 188, 16, 137, 24, 77, 43, 109, 18, 114, 115, 13, 131, 187, 111, 105, 174, 45, 181, 149, 39, 157, 68, 50, 75, 162, 73, 123, 196, 61, 96, 40, 172, 49, 173, 200, 81, 1, 55, 191, 175, 14, 167, 78, 144, 153, 195, 199, 6, 12, 44, 147]
(w = 5) Correct Cyclicantibandwidth
Set parameter TimeLimit to value 1800
[runlim] sample:		30.0 time, 30.2 real, 407.1 MB
(w = 6) Value Cyclicantibandwidth: 6
Lables: [140, 5, 186, 27, 158, 188, 21, 68, 107, 1, 166, 183, 18, 191, 50, 14, 133, 102, 104, 31, 124, 25, 11, 96, 60, 63, 71, 137, 33, 128, 48, 3, 141, 117, 167, 9, 185, 35, 32, 29, 4, 119, 94, 164, 64, 138, 79, 131, 84, 163, 92, 56, 134, 95, 49, 143, 136, 41, 120, 112, 142, 91, 38, 15, 55, 193, 110, 173, 168, 121, 13, 51, 93, 115, 152, 145, 34, 182, 105, 135, 195, 52, 159, 192, 26, 200, 99, 171, 125, 161, 74, 42, 194, 86, 153, 184, 37, 75, 88, 62, 154, 19, 179, 180, 70, 28, 83, 178, 170, 130, 97, 155, 47, 189, 78, 176, 199, 69, 197, 177, 101, 156, 61, 151, 53, 82, 181, 80, 30, 17, 98, 113, 103, 118, 73, 58, 2, 57, 147, 89, 20, 146, 36, 160, 59, 7, 114, 90, 150, 149, 16, 12, 111, 106, 43, 132, 129, 100, 22, 66, 85, 77, 109, 8, 174, 122, 44, 127, 139, 187, 65, 72, 40, 24, 165, 123, 190, 175, 172, 67, 10, 116, 148, 169, 45, 46, 157, 81, 162, 144, 126, 198, 196, 76, 108, 54, 6, 87, 39, 23]
(w = 6) Correct Cyclicantibandwidth
Set parameter TimeLimit to value 1800
[runlim] sample:		40.1 time, 40.2 real, 436.1 MB
[runlim] sample:		50.1 time, 50.2 real, 538.8 MB
(w = 7) Value Cyclicantibandwidth: 7
Lables: [154, 5, 186, 169, 158, 172, 21, 10, 107, 1, 86, 183, 67, 171, 50, 129, 133, 116, 85, 64, 124, 84, 56, 96, 60, 33, 65, 130, 75, 102, 185, 3, 141, 117, 167, 11, 42, 76, 32, 29, 4, 119, 94, 164, 88, 138, 89, 47, 31, 87, 92, 173, 134, 95, 49, 106, 82, 41, 120, 112, 142, 91, 38, 70, 55, 193, 110, 114, 168, 12, 180, 51, 122, 115, 192, 145, 34, 166, 105, 26, 135, 52, 19, 128, 28, 200, 99, 176, 125, 161, 74, 63, 188, 108, 23, 184, 37, 78, 35, 148, 150, 194, 179, 163, 71, 25, 83, 178, 170, 132, 97, 191, 45, 196, 80, 101, 199, 93, 8, 177, 143, 156, 149, 151, 53, 46, 27, 139, 69, 17, 98, 113, 103, 160, 30, 58, 2, 57, 123, 104, 20, 40, 36, 146, 59, 7, 152, 90, 15, 39, 16, 137, 195, 159, 22, 68, 18, 100, 190, 62, 131, 77, 111, 6, 174, 54, 44, 127, 126, 187, 9, 181, 24, 43, 165, 144, 140, 175, 79, 147, 14, 13, 81, 162, 153, 118, 189, 155, 157, 136, 73, 198, 72, 48, 109, 66, 182, 61, 197, 121]
(w = 7) Correct Cyclicantibandwidth
Set parameter TimeLimit to value 1800
[runlim] sample:		60.1 time, 60.2 real, 509.8 MB
[runlim] sample:		70.1 time, 70.2 real, 616.7 MB
(w = 8) Value Cyclicantibandwidth: 8
Lables: [168, 88, 82, 169, 1, 150, 112, 96, 181, 191, 166, 34, 117, 94, 57, 46, 173, 102, 104, 38, 124, 84, 56, 146, 187, 33, 28, 130, 30, 116, 49, 3, 138, 148, 167, 22, 128, 91, 87, 29, 164, 123, 9, 2, 26, 114, 11, 105, 183, 157, 106, 135, 139, 90, 21, 127, 108, 109, 41, 119, 19, 52, 4, 132, 69, 121, 68, 86, 85, 172, 176, 7, 145, 115, 182, 110, 37, 174, 70, 180, 113, 161, 80, 184, 55, 99, 118, 32, 59, 31, 154, 177, 171, 175, 65, 160, 45, 78, 8, 47, 190, 153, 193, 189, 144, 15, 101, 74, 13, 199, 97, 25, 66, 23, 129, 95, 197, 93, 162, 73, 75, 156, 147, 76, 42, 89, 27, 92, 10, 17, 100, 143, 103, 79, 185, 141, 152, 64, 186, 18, 111, 107, 36, 136, 142, 195, 125, 83, 40, 39, 158, 16, 58, 35, 120, 137, 14, 188, 48, 198, 61, 192, 159, 170, 131, 77, 44, 196, 149, 24, 122, 53, 151, 200, 67, 20, 72, 194, 43, 62, 50, 134, 12, 98, 179, 6, 155, 60, 163, 133, 126, 54, 165, 5, 51, 81, 178, 63, 140, 71]
(w = 8) Correct Cyclicantibandwidth
Set parameter TimeLimit to value 1800
[runlim] sample:		80.2 time, 80.2 real, 576.5 MB
[runlim] sample:		90.2 time, 90.2 real, 667.4 MB
(w = 9) Value Cyclicantibandwidth: 9
Lables: [99, 81, 62, 169, 155, 73, 21, 68, 52, 70, 166, 183, 133, 54, 144, 158, 161, 102, 131, 64, 108, 197, 174, 194, 89, 33, 65, 135, 75, 128, 185, 6, 141, 198, 167, 11, 162, 88, 32, 29, 150, 119, 85, 13, 42, 56, 79, 47, 31, 179, 17, 173, 130, 95, 49, 172, 39, 97, 125, 112, 59, 110, 120, 98, 93, 124, 4, 114, 168, 159, 14, 63, 30, 115, 34, 77, 107, 86, 90, 26, 18, 193, 104, 175, 28, 200, 117, 171, 137, 177, 74, 189, 143, 25, 23, 20, 50, 78, 123, 67, 165, 87, 100, 149, 190, 2, 152, 35, 55, 24, 60, 191, 122, 43, 80, 106, 199, 146, 147, 96, 51, 139, 134, 22, 48, 7, 180, 163, 82, 101, 71, 121, 156, 12, 127, 184, 187, 57, 154, 182, 145, 170, 38, 36, 140, 46, 196, 92, 76, 157, 66, 16, 132, 116, 195, 37, 44, 186, 142, 118, 109, 188, 3, 8, 113, 148, 178, 105, 126, 69, 94, 10, 151, 84, 53, 40, 91, 136, 181, 129, 19, 192, 103, 5, 27, 153, 45, 138, 41, 72, 160, 58, 83, 111, 176, 61, 1, 9, 15, 164]
(w = 9) Correct Cyclicantibandwidth
Set parameter TimeLimit to value 1800
[runlim] sample:		100.2 time, 100.2 real, 632.0 MB
[runlim] sample:		110.2 time, 110.2 real, 725.6 MB
(w = 10) Value Cyclicantibandwidth: 10
Lables: [154, 14, 141, 199, 7, 140, 21, 177, 158, 155, 189, 38, 76, 86, 122, 129, 146, 112, 42, 93, 120, 47, 56, 96, 121, 55, 167, 67, 51, 1, 185, 161, 126, 43, 150, 18, 115, 87, 32, 45, 4, 119, 94, 20, 11, 138, 79, 111, 31, 153, 57, 53, 91, 95, 49, 106, 123, 143, 133, 72, 191, 10, 54, 65, 80, 2, 8, 74, 168, 159, 34, 101, 63, 165, 187, 110, 37, 200, 88, 166, 105, 52, 41, 198, 60, 178, 99, 197, 137, 188, 175, 36, 28, 46, 48, 164, 25, 78, 33, 162, 71, 139, 179, 12, 190, 19, 84, 152, 29, 180, 97, 136, 114, 81, 85, 130, 181, 92, 186, 64, 5, 73, 131, 182, 103, 75, 171, 124, 26, 102, 104, 148, 156, 173, 174, 24, 3, 59, 183, 23, 100, 116, 30, 118, 82, 9, 151, 90, 83, 39, 170, 69, 135, 157, 176, 196, 27, 58, 17, 62, 70, 184, 13, 6, 117, 113, 50, 194, 134, 125, 61, 15, 132, 169, 66, 44, 144, 127, 160, 149, 192, 98, 35, 108, 107, 77, 172, 147, 16, 142, 89, 145, 163, 128, 40, 109, 195, 68, 193, 22]
(w = 10) Correct Cyclicantibandwidth
Set parameter TimeLimit to value 1800
[runlim] sample:		120.2 time, 120.2 real, 595.3 MB
[runlim] sample:		130.3 time, 130.2 real, 676.0 MB
(w = 11) Value Cyclicantibandwidth: 11
Lables: [139, 5, 177, 169, 152, 150, 173, 36, 107, 68, 95, 136, 130, 87, 47, 141, 133, 120, 89, 64, 12, 84, 56, 100, 193, 10, 65, 128, 165, 101, 158, 3, 167, 117, 72, 11, 172, 76, 32, 66, 59, 151, 42, 145, 88, 138, 178, 110, 38, 157, 30, 62, 134, 96, 21, 106, 182, 143, 131, 46, 142, 104, 44, 33, 55, 111, 179, 74, 171, 159, 140, 86, 162, 115, 185, 156, 34, 81, 105, 200, 41, 50, 75, 192, 31, 184, 99, 163, 164, 176, 77, 6, 124, 24, 48, 17, 27, 78, 137, 161, 102, 85, 119, 9, 190, 13, 154, 146, 7, 180, 97, 186, 183, 54, 80, 92, 79, 57, 49, 71, 58, 35, 4, 189, 113, 16, 61, 181, 23, 40, 8, 28, 144, 149, 67, 170, 148, 37, 187, 60, 114, 147, 103, 25, 129, 175, 196, 39, 82, 90, 2, 123, 83, 118, 19, 116, 18, 51, 22, 122, 70, 188, 109, 160, 52, 43, 93, 1, 166, 125, 155, 29, 121, 26, 73, 199, 91, 127, 69, 174, 191, 108, 53, 94, 45, 153, 20, 132, 14, 135, 98, 197, 198, 112, 195, 15, 168, 63, 194, 126]
(w = 11) Correct Cyclicantibandwidth
Set parameter TimeLimit to value 1800
[runlim] sample:		140.3 time, 140.2 real, 649.4 MB
[runlim] sample:		150.3 time, 150.2 real, 713.1 MB
[runlim] sample:		160.3 time, 160.2 real, 812.6 MB
(w = 12) Value Cyclicantibandwidth: 12
Lables: [146, 180, 173, 199, 155, 81, 174, 29, 181, 41, 64, 70, 67, 85, 50, 157, 134, 172, 91, 3, 124, 115, 56, 24, 4, 30, 52, 130, 193, 128, 152, 14, 162, 170, 153, 11, 1, 78, 32, 200, 169, 119, 42, 131, 88, 44, 79, 110, 46, 87, 150, 132, 63, 94, 166, 106, 118, 143, 59, 105, 2, 10, 176, 31, 12, 186, 5, 77, 168, 136, 160, 51, 177, 129, 47, 185, 192, 102, 95, 120, 26, 109, 92, 195, 57, 38, 107, 159, 164, 183, 27, 154, 114, 43, 48, 17, 182, 104, 33, 165, 19, 101, 179, 15, 66, 122, 171, 137, 36, 37, 97, 75, 194, 53, 83, 89, 16, 149, 18, 99, 188, 34, 68, 187, 100, 39, 62, 158, 196, 54, 69, 178, 156, 90, 25, 65, 145, 21, 84, 58, 121, 116, 103, 140, 61, 163, 198, 151, 82, 126, 147, 123, 80, 86, 113, 184, 139, 60, 22, 8, 55, 190, 6, 144, 167, 197, 93, 9, 148, 125, 28, 73, 127, 117, 142, 7, 133, 175, 161, 189, 108, 72, 40, 96, 45, 138, 111, 135, 76, 141, 74, 23, 20, 112, 49, 98, 13, 35, 71, 191]
(w = 12) Correct Cyclicantibandwidth
Set parameter TimeLimit to value 1800
[runlim] sample:		170.4 time, 170.2 real, 709.8 MB
[runlim] sample:		180.4 time, 180.2 real, 799.9 MB
[runlim] sample:		190.4 time, 190.2 real, 1111.3 MB
[runlim] sample:		200.4 time, 200.2 real, 1005.5 MB
[runlim] sample:		214.2 time, 210.2 real, 1307.5 MB
[runlim] sample:		241.2 time, 220.2 real, 3487.7 MB
(w = 13) Value Cyclicantibandwidth: 13
Lables: [112, 13, 80, 126, 2, 198, 29, 129, 95, 138, 52, 108, 122, 58, 157, 102, 119, 130, 154, 10, 40, 70, 94, 150, 50, 59, 114, 113, 143, 162, 180, 61, 131, 188, 107, 31, 38, 14, 54, 39, 161, 84, 5, 200, 116, 147, 187, 189, 135, 24, 51, 98, 47, 106, 30, 173, 190, 103, 53, 25, 181, 90, 153, 151, 134, 194, 175, 74, 99, 63, 60, 7, 196, 85, 44, 127, 22, 23, 35, 48, 104, 69, 156, 92, 166, 37, 170, 185, 165, 45, 171, 124, 32, 66, 8, 115, 19, 133, 81, 1, 146, 192, 125, 111, 140, 36, 12, 178, 177, 93, 41, 199, 184, 182, 91, 120, 68, 186, 18, 137, 87, 176, 55, 57, 27, 71, 105, 167, 164, 64, 4, 158, 42, 76, 96, 132, 128, 16, 179, 75, 169, 86, 62, 195, 159, 144, 88, 101, 9, 117, 97, 79, 43, 100, 34, 26, 56, 136, 160, 20, 152, 15, 67, 191, 142, 72, 109, 148, 149, 193, 17, 172, 3, 21, 77, 49, 46, 174, 163, 145, 11, 6, 82, 123, 139, 78, 121, 110, 118, 83, 33, 155, 183, 28, 168, 73, 89, 141, 65, 197]
(w = 13) Correct Cyclicantibandwidth
Set parameter TimeLimit to value 1800
[runlim] sample:		251.3 time, 230.2 real, 1226.4 MB
[runlim] sample:		261.4 time, 240.2 real, 1346.4 MB
[runlim] sample:		271.4 time, 250.2 real, 1384.7 MB
[runlim] sample:		281.4 time, 260.2 real, 1303.4 MB
[runlim] sample:		291.4 time, 270.2 real, 1303.4 MB
[runlim] sample:		313.5 time, 280.2 real, 5128.7 MB
[runlim] sample:		339.3 time, 290.2 real, 3690.5 MB
(w = 14) Value Cyclicantibandwidth: 14
Lables: [86, 130, 190, 135, 3, 182, 31, 129, 145, 171, 160, 193, 85, 64, 84, 51, 180, 140, 113, 10, 120, 29, 105, 158, 175, 79, 35, 197, 154, 161, 192, 92, 126, 71, 144, 47, 173, 30, 58, 167, 183, 89, 6, 41, 39, 151, 189, 119, 164, 143, 55, 104, 65, 196, 32, 181, 121, 111, 156, 42, 134, 102, 53, 146, 191, 174, 25, 36, 108, 97, 66, 8, 198, 94, 62, 123, 34, 124, 50, 68, 38, 73, 27, 162, 166, 141, 101, 186, 57, 48, 170, 168, 63, 56, 18, 82, 21, 26, 49, 2, 159, 179, 176, 81, 137, 20, 11, 177, 194, 52, 1, 14, 184, 12, 114, 87, 74, 195, 116, 172, 72, 150, 59, 15, 44, 67, 106, 155, 28, 128, 5, 136, 45, 75, 93, 24, 125, 46, 131, 95, 133, 96, 117, 199, 91, 54, 109, 138, 77, 112, 103, 13, 61, 110, 142, 165, 60, 163, 70, 22, 157, 17, 148, 127, 169, 80, 107, 152, 132, 23, 43, 185, 4, 33, 99, 69, 88, 187, 100, 149, 9, 7, 19, 37, 200, 83, 147, 118, 115, 78, 90, 153, 40, 16, 178, 76, 98, 139, 122, 188]
(w = 14) Correct Cyclicantibandwidth
Set parameter TimeLimit to value 1800
[runlim] sample:		349.4 time, 300.2 real, 1303.1 MB
[runlim] sample:		359.4 time, 310.2 real, 1382.0 MB
[runlim] sample:		369.4 time, 320.2 real, 1484.6 MB
[runlim] sample:		379.5 time, 330.2 real, 1294.1 MB
[runlim] sample:		389.5 time, 340.2 real, 1362.9 MB
[runlim] sample:		408.2 time, 350.2 real, 5611.8 MB
[runlim] sample:		437.8 time, 360.2 real, 3934.7 MB
(w = 15) Value Cyclicantibandwidth: 15
Lables: [72, 195, 151, 136, 3, 186, 33, 189, 115, 164, 129, 162, 90, 68, 171, 139, 175, 169, 120, 10, 176, 31, 118, 172, 158, 108, 37, 160, 134, 59, 191, 80, 133, 25, 105, 50, 132, 32, 62, 28, 198, 97, 6, 43, 40, 71, 24, 135, 148, 192, 179, 112, 98, 89, 34, 147, 152, 119, 61, 44, 29, 170, 190, 76, 87, 161, 26, 38, 128, 11, 69, 8, 145, 99, 66, 140, 36, 127, 53, 70, 12, 78, 45, 114, 150, 111, 106, 165, 58, 51, 200, 149, 92, 168, 19, 86, 22, 30, 52, 2, 141, 197, 173, 85, 155, 21, 13, 95, 199, 116, 1, 143, 174, 27, 121, 94, 79, 187, 117, 88, 100, 184, 63, 16, 47, 67, 113, 138, 42, 137, 5, 178, 48, 102, 122, 153, 125, 49, 157, 93, 188, 126, 123, 196, 181, 57, 124, 156, 77, 110, 81, 15, 65, 109, 194, 142, 64, 146, 56, 82, 55, 18, 144, 183, 91, 83, 54, 177, 166, 23, 46, 167, 4, 35, 74, 73, 96, 60, 185, 163, 9, 7, 20, 39, 14, 182, 130, 101, 180, 107, 103, 159, 41, 17, 131, 84, 154, 104, 75, 193]
(w = 15) Correct Cyclicantibandwidth
Set parameter TimeLimit to value 1800
[runlim] sample:		448.0 time, 370.2 real, 1332.4 MB
[runlim] sample:		458.0 time, 380.2 real, 1424.1 MB
[runlim] sample:		468.0 time, 390.2 real, 1516.7 MB
[runlim] sample:		478.0 time, 400.2 real, 1380.3 MB
[runlim] sample:		488.1 time, 410.2 real, 1380.3 MB
[runlim] sample:		501.9 time, 420.2 real, 1552.6 MB
[runlim] sample:		532.1 time, 430.2 real, 4496.7 MB
[runlim] sample:		555.2 time, 440.2 real, 3888.9 MB
[runlim] sample:		565.5 time, 450.2 real, 3082.9 MB
[runlim] sample:		575.9 time, 460.2 real, 3138.1 MB
[runlim] sample:		586.2 time, 470.2 real, 3140.6 MB
[runlim] sample:		596.6 time, 480.2 real, 3140.6 MB
[runlim] sample:		607.0 time, 490.2 real, 3140.6 MB
[runlim] sample:		617.3 time, 500.2 real, 3140.6 MB
[runlim] sample:		627.6 time, 510.2 real, 3140.6 MB
[runlim] sample:		638.0 time, 520.2 real, 3140.6 MB
[runlim] sample:		648.3 time, 530.2 real, 3098.2 MB
[runlim] sample:		658.6 time, 540.2 real, 3098.5 MB
[runlim] sample:		669.0 time, 550.2 real, 3104.5 MB
[runlim] sample:		679.4 time, 560.2 real, 3104.5 MB
[runlim] sample:		689.8 time, 570.2 real, 3110.5 MB
[runlim] sample:		700.1 time, 580.2 real, 2407.4 MB
[runlim] sample:		710.5 time, 590.2 real, 2407.4 MB
[runlim] sample:		720.8 time, 600.2 real, 2407.4 MB
[runlim] sample:		731.2 time, 610.2 real, 2439.3 MB
[runlim] sample:		741.5 time, 620.2 real, 2569.9 MB
[runlim] sample:		751.9 time, 630.2 real, 2570.2 MB
[runlim] sample:		762.2 time, 640.2 real, 2653.9 MB
[runlim] sample:		772.6 time, 650.2 real, 2655.9 MB
[runlim] sample:		782.9 time, 660.2 real, 2662.6 MB
[runlim] sample:		793.3 time, 670.2 real, 2662.6 MB
[runlim] sample:		803.6 time, 680.2 real, 2662.6 MB
[runlim] sample:		814.0 time, 690.2 real, 2602.6 MB
[runlim] sample:		824.3 time, 700.2 real, 2909.8 MB
[runlim] sample:		834.7 time, 710.2 real, 3409.8 MB
[runlim] sample:		845.1 time, 720.2 real, 3417.0 MB
[runlim] sample:		855.4 time, 730.2 real, 3417.0 MB
[runlim] sample:		865.8 time, 740.2 real, 3417.0 MB
[runlim] sample:		876.2 time, 750.2 real, 3417.0 MB
[runlim] sample:		886.6 time, 760.2 real, 3417.0 MB
[runlim] sample:		897.0 time, 770.2 real, 3078.7 MB
[runlim] sample:		907.3 time, 780.2 real, 3084.7 MB
[runlim] sample:		917.7 time, 790.2 real, 3088.7 MB
[runlim] sample:		928.1 time, 800.2 real, 3093.0 MB
[runlim] sample:		938.4 time, 810.2 real, 3093.0 MB
[runlim] sample:		948.8 time, 820.2 real, 2337.8 MB
(w = 16) Value Cyclicantibandwidth: 16
Lables: [110, 116, 57, 16, 113, 49, 96, 117, 39, 103, 58, 73, 87, 128, 118, 172, 99, 183, 32, 182, 150, 137, 44, 188, 159, 171, 167, 195, 27, 143, 81, 153, 24, 45, 14, 62, 108, 120, 112, 43, 85, 18, 191, 72, 193, 163, 71, 2, 55, 83, 119, 173, 177, 94, 169, 22, 19, 59, 114, 15, 190, 145, 68, 166, 196, 129, 181, 155, 141, 122, 69, 46, 1, 9, 53, 63, 125, 35, 17, 37, 123, 162, 100, 199, 109, 79, 154, 187, 106, 50, 134, 149, 3, 130, 36, 146, 82, 178, 64, 4, 25, 170, 56, 98, 40, 78, 184, 102, 197, 198, 20, 158, 91, 142, 192, 33, 164, 88, 121, 101, 6, 29, 66, 161, 92, 126, 89, 105, 30, 139, 144, 70, 8, 179, 176, 41, 31, 165, 60, 151, 90, 147, 131, 65, 48, 175, 7, 47, 75, 200, 84, 10, 133, 13, 95, 28, 152, 34, 77, 93, 135, 189, 97, 42, 160, 104, 54, 5, 127, 132, 168, 157, 23, 52, 111, 136, 21, 124, 80, 174, 140, 180, 194, 51, 67, 76, 38, 185, 86, 61, 107, 138, 156, 26, 11, 148, 74, 115, 186, 12]
(w = 16) Correct Cyclicantibandwidth
Set parameter TimeLimit to value 1800
[runlim] sample:		958.9 time, 830.2 real, 1782.8 MB
[runlim] sample:		968.9 time, 840.2 real, 1806.0 MB
[runlim] sample:		978.9 time, 850.2 real, 1966.8 MB
[runlim] sample:		989.0 time, 860.2 real, 1847.7 MB
[runlim] sample:		999.0 time, 870.2 real, 1804.4 MB
[runlim] sample:		1023.0 time, 880.2 real, 5164.8 MB
[runlim] sample:		1056.2 time, 890.2 real, 4885.9 MB
[runlim] sample:		1078.4 time, 900.2 real, 4398.0 MB
(w = 17) Value Cyclicantibandwidth: 17
Lables: [114, 15, 147, 85, 18, 167, 53, 174, 143, 146, 153, 131, 175, 75, 46, 133, 134, 51, 176, 11, 138, 96, 88, 43, 145, 76, 120, 128, 30, 185, 200, 13, 149, 196, 102, 36, 139, 100, 99, 158, 14, 72, 54, 197, 40, 66, 168, 60, 177, 49, 48, 90, 55, 165, 6, 129, 97, 105, 191, 84, 24, 119, 180, 179, 155, 182, 82, 104, 93, 109, 38, 7, 170, 77, 73, 137, 29, 28, 12, 121, 62, 74, 31, 61, 152, 188, 64, 135, 80, 91, 17, 81, 37, 148, 86, 151, 67, 65, 71, 2, 171, 106, 127, 9, 193, 92, 94, 68, 122, 63, 16, 198, 126, 192, 157, 172, 34, 163, 123, 164, 45, 110, 4, 33, 1, 10, 159, 101, 22, 184, 5, 183, 52, 44, 115, 140, 108, 70, 125, 39, 189, 103, 130, 195, 78, 112, 116, 154, 56, 178, 113, 21, 50, 58, 111, 142, 69, 83, 41, 27, 169, 35, 156, 79, 42, 20, 132, 173, 187, 98, 57, 141, 3, 26, 160, 32, 87, 136, 95, 162, 23, 8, 89, 118, 161, 181, 124, 59, 190, 186, 166, 107, 47, 19, 194, 117, 150, 25, 199, 144]
(w = 17) Correct Cyclicantibandwidth
Set parameter TimeLimit to value 1800
[runlim] sample:		1088.6 time, 910.2 real, 1752.5 MB
[runlim] sample:		1098.6 time, 920.2 real, 1823.2 MB
[runlim] sample:		1108.6 time, 930.2 real, 1922.4 MB
[runlim] sample:		1118.6 time, 940.2 real, 1731.3 MB
[runlim] sample:		1128.7 time, 950.2 real, 1731.4 MB
[runlim] sample:		1142.6 time, 960.2 real, 1877.4 MB
[runlim] sample:		1175.9 time, 970.2 real, 5561.3 MB
[runlim] sample:		1213.2 time, 980.2 real, 4471.0 MB
[runlim] sample:		1233.4 time, 990.2 real, 3876.0 MB
[runlim] sample:		1253.7 time, 1000.2 real, 4042.3 MB
[runlim] sample:		1272.3 time, 1010.2 real, 4031.6 MB
[runlim] sample:		1282.7 time, 1020.2 real, 4034.4 MB
[runlim] sample:		1293.1 time, 1030.2 real, 4034.9 MB
[runlim] sample:		1303.4 time, 1040.2 real, 4035.4 MB
[runlim] sample:		1313.8 time, 1050.2 real, 4035.4 MB
[runlim] sample:		1324.2 time, 1060.2 real, 4035.7 MB
[runlim] sample:		1334.5 time, 1070.2 real, 4035.7 MB
[runlim] sample:		1344.9 time, 1080.2 real, 4035.7 MB
[runlim] sample:		1355.3 time, 1090.2 real, 4038.7 MB
[runlim] sample:		1365.6 time, 1100.2 real, 4038.7 MB
[runlim] sample:		1376.0 time, 1110.2 real, 4038.7 MB
[runlim] sample:		1386.4 time, 1120.2 real, 4038.7 MB
[runlim] sample:		1396.7 time, 1130.2 real, 3216.2 MB
[runlim] sample:		1407.1 time, 1140.2 real, 3216.7 MB
[runlim] sample:		1417.5 time, 1150.2 real, 3216.7 MB
(w = 18) Value Cyclicantibandwidth: 18
Lables: [114, 17, 82, 109, 19, 107, 56, 29, 90, 194, 151, 142, 173, 78, 47, 136, 189, 52, 145, 11, 141, 97, 96, 45, 22, 79, 123, 128, 32, 140, 198, 13, 174, 84, 110, 38, 131, 100, 99, 190, 14, 76, 57, 158, 44, 68, 161, 130, 184, 18, 49, 94, 58, 196, 6, 129, 104, 187, 180, 89, 26, 164, 64, 163, 83, 167, 85, 111, 146, 166, 40, 7, 66, 124, 135, 144, 42, 30, 12, 132, 91, 77, 41, 178, 72, 168, 65, 157, 67, 95, 16, 80, 39, 88, 87, 118, 69, 63, 75, 2, 186, 43, 177, 9, 101, 200, 54, 119, 122, 127, 15, 70, 147, 165, 191, 175, 34, 197, 150, 156, 137, 108, 4, 33, 1, 10, 192, 103, 23, 170, 5, 171, 55, 46, 116, 71, 182, 74, 25, 35, 188, 105, 133, 193, 148, 160, 117, 162, 59, 121, 115, 195, 51, 53, 31, 138, 73, 86, 176, 28, 102, 37, 159, 181, 48, 21, 134, 172, 106, 98, 60, 36, 3, 27, 113, 179, 93, 61, 149, 183, 24, 8, 92, 143, 199, 81, 120, 62, 139, 185, 126, 112, 50, 20, 125, 153, 154, 169, 155, 152]
(w = 18) Correct Cyclicantibandwidth
Set parameter TimeLimit to value 1800
[runlim] sample:		1427.8 time, 1160.2 real, 1832.6 MB
[runlim] sample:		1437.8 time, 1170.2 real, 1847.6 MB
[runlim] sample:		1447.8 time, 1180.2 real, 1905.9 MB
[runlim] sample:		1457.8 time, 1190.2 real, 2049.2 MB
[runlim] sample:		1467.8 time, 1200.2 real, 2190.1 MB
[runlim] sample:		1477.9 time, 1210.2 real, 1958.8 MB
[runlim] sample:		1498.8 time, 1220.2 real, 7584.5 MB
[runlim] sample:		1538.5 time, 1230.2 real, 5837.9 MB
[runlim] sample:		1561.8 time, 1240.2 real, 4993.6 MB
[runlim] sample:		1572.1 time, 1250.2 real, 4040.1 MB
[runlim] sample:		1582.4 time, 1260.2 real, 4103.1 MB
[runlim] sample:		1592.7 time, 1270.2 real, 4107.9 MB
[runlim] sample:		1603.1 time, 1280.2 real, 4108.2 MB
[runlim] sample:		1613.5 time, 1290.2 real, 4108.4 MB
[runlim] sample:		1623.8 time, 1300.2 real, 4108.4 MB
[runlim] sample:		1634.1 time, 1310.2 real, 4108.7 MB
[runlim] sample:		1644.5 time, 1320.2 real, 4109.2 MB
[runlim] sample:		1654.8 time, 1330.2 real, 4109.2 MB
[runlim] sample:		1665.1 time, 1340.2 real, 4109.4 MB
[runlim] sample:		1675.4 time, 1350.2 real, 4109.4 MB
[runlim] sample:		1685.8 time, 1360.2 real, 3255.7 MB
[runlim] sample:		1696.1 time, 1370.2 real, 3255.7 MB
[runlim] sample:		1706.4 time, 1380.2 real, 3255.7 MB
[runlim] sample:		1716.7 time, 1390.2 real, 3265.0 MB
[runlim] sample:		1727.0 time, 1400.2 real, 3008.6 MB
[runlim] sample:		1737.4 time, 1410.2 real, 3095.5 MB
[runlim] sample:		1747.7 time, 1420.2 real, 3043.4 MB
[runlim] sample:		1758.0 time, 1430.2 real, 3053.1 MB
[runlim] sample:		1768.4 time, 1440.2 real, 3053.1 MB
[runlim] sample:		1778.7 time, 1450.2 real, 3738.5 MB
[runlim] sample:		1789.0 time, 1460.2 real, 4103.0 MB
[runlim] sample:		1799.4 time, 1470.2 real, 4130.1 MB
[runlim] sample:		1809.7 time, 1480.2 real, 4132.6 MB
[runlim] sample:		1820.0 time, 1490.2 real, 4132.6 MB
[runlim] sample:		1830.4 time, 1500.2 real, 4132.9 MB
[runlim] sample:		1840.7 time, 1510.2 real, 4132.9 MB
[runlim] sample:		1851.1 time, 1520.2 real, 4133.2 MB
[runlim] sample:		1861.4 time, 1530.2 real, 4133.2 MB
[runlim] sample:		1871.7 time, 1540.2 real, 4133.2 MB
[runlim] sample:		1882.1 time, 1550.2 real, 4133.4 MB
[runlim] sample:		1892.4 time, 1560.2 real, 4133.4 MB
[runlim] sample:		1902.8 time, 1570.2 real, 3005.7 MB
[runlim] sample:		1913.1 time, 1580.2 real, 3031.5 MB
[runlim] sample:		1923.5 time, 1590.2 real, 3937.2 MB
[runlim] sample:		1933.8 time, 1600.2 real, 4069.0 MB
[runlim] sample:		1944.2 time, 1610.2 real, 4069.4 MB
[runlim] sample:		1954.5 time, 1620.2 real, 4070.0 MB
[runlim] sample:		1964.8 time, 1630.2 real, 4070.0 MB
[runlim] sample:		1975.2 time, 1640.2 real, 4070.2 MB
[runlim] sample:		1985.5 time, 1650.2 real, 4070.2 MB
[runlim] sample:		1995.8 time, 1660.2 real, 4070.5 MB
[runlim] sample:		2006.2 time, 1670.2 real, 4070.8 MB
[runlim] sample:		2016.5 time, 1680.2 real, 4070.8 MB
[runlim] sample:		2026.9 time, 1690.2 real, 4071.0 MB
[runlim] sample:		2037.2 time, 1700.2 real, 4071.0 MB
[runlim] sample:		2047.6 time, 1710.2 real, 3061.5 MB
[runlim] sample:		2057.9 time, 1720.2 real, 3005.8 MB
[runlim] sample:		2068.2 time, 1730.2 real, 3939.5 MB
[runlim] sample:		2078.5 time, 1740.2 real, 4061.4 MB
[runlim] sample:		2088.8 time, 1750.2 real, 4064.5 MB
[runlim] sample:		2099.1 time, 1760.2 real, 4064.7 MB
[runlim] sample:		2109.4 time, 1770.2 real, 4064.7 MB
[runlim] sample:		2119.8 time, 1780.2 real, 4064.7 MB
[runlim] sample:		2130.1 time, 1790.2 real, 4065.0 MB
[runlim] end:			Thu Nov 13 04:23:44 2025
[runlim] status:		out of time
[runlim] result:		2
[runlim] children:		0
[runlim] real:			1800.15 seconds
[runlim] time:			2140.33 seconds
[runlim] space:			8507.2 MB
[runlim] samples:		17999
