[runlim] version:		1.10
[runlim] time limit:		311040000 seconds
[runlim] real time limit:	1800 seconds
[runlim] space limit:		30000 MB
[runlim] argv[0]:		python3
[runlim] argv[1]:		model.py
[runlim] argv[2]:		./graph/random_generated_graph_2013/p39_200_2000
[runlim] start:			Thu Nov 13 04:23:44 2025
[runlim] main pid:		54295
[runlim] log captured:
Set parameter WLSAccessID
Set parameter WLSSecret
Set parameter LicenseID to value 2663665
Academic license 2663665 - for non-commercial use only - registered to tu___@vnu.edu.vn
Set parameter TimeLimit to value 1800
[runlim] sample:		10.0 time, 10.2 real, 164.5 MB
(w = 4) Value Cyclicantibandwidth: 4
Lables: [154, 5, 186, 169, 158, 150, 21, 68, 107, 1, 166, 183, 116, 85, 50, 129, 91, 102, 104, 64, 124, 84, 56, 96, 60, 33, 101, 72, 82, 128, 185, 55, 141, 117, 167, 11, 42, 76, 32, 29, 31, 119, 94, 164, 88, 138, 79, 47, 133, 51, 92, 173, 134, 95, 49, 35, 136, 41, 120, 180, 142, 58, 38, 187, 200, 193, 3, 114, 87, 54, 130, 132, 122, 112, 152, 28, 34, 182, 105, 26, 4, 65, 195, 192, 194, 162, 99, 171, 98, 161, 74, 63, 59, 52, 111, 184, 37, 75, 145, 62, 19, 188, 179, 90, 190, 25, 155, 70, 170, 159, 97, 191, 17, 127, 106, 176, 45, 146, 197, 177, 149, 156, 66, 46, 126, 80, 172, 139, 110, 83, 71, 113, 15, 118, 6, 2, 78, 57, 163, 89, 73, 168, 103, 69, 175, 81, 39, 13, 40, 181, 16, 137, 53, 143, 43, 109, 24, 135, 22, 18, 131, 121, 144, 8, 93, 7, 44, 147, 27, 157, 9, 151, 108, 160, 165, 123, 125, 61, 198, 10, 14, 23, 100, 12, 153, 196, 189, 48, 20, 30, 140, 174, 36, 86, 178, 148, 199, 77, 67, 115]
(w = 4) Correct Cyclicantibandwidth
Set parameter TimeLimit to value 1800
[runlim] sample:		20.0 time, 20.2 real, 410.2 MB
(w = 5) Value Cyclicantibandwidth: 5
Lables: [154, 5, 186, 169, 158, 150, 21, 68, 107, 1, 166, 188, 67, 85, 50, 192, 133, 102, 104, 64, 124, 84, 178, 96, 60, 33, 101, 56, 82, 128, 185, 108, 141, 61, 167, 11, 42, 76, 32, 29, 45, 6, 145, 164, 88, 66, 79, 47, 31, 99, 92, 173, 106, 4, 49, 35, 194, 41, 120, 180, 142, 75, 62, 187, 55, 193, 3, 114, 168, 189, 138, 51, 134, 112, 152, 72, 148, 182, 155, 26, 34, 8, 195, 28, 119, 200, 136, 22, 98, 161, 74, 95, 59, 86, 23, 184, 37, 78, 54, 93, 19, 38, 179, 127, 190, 25, 65, 70, 170, 159, 77, 191, 97, 176, 140, 18, 46, 103, 183, 117, 171, 130, 90, 151, 126, 80, 172, 123, 110, 17, 52, 113, 15, 118, 30, 83, 137, 177, 163, 89, 73, 181, 122, 146, 175, 81, 39, 13, 40, 156, 16, 2, 53, 143, 43, 109, 63, 135, 36, 111, 131, 121, 144, 116, 105, 27, 44, 196, 139, 157, 9, 153, 7, 162, 165, 10, 149, 71, 160, 115, 14, 125, 100, 12, 20, 198, 69, 197, 199, 24, 57, 174, 129, 91, 132, 147, 48, 94, 87, 58]
(w = 5) Correct Cyclicantibandwidth
Set parameter TimeLimit to value 1800
[runlim] sample:		30.0 time, 30.2 real, 412.6 MB
(w = 6) Value Cyclicantibandwidth: 6
Lables: [154, 5, 186, 192, 94, 150, 16, 68, 107, 1, 166, 183, 67, 85, 50, 129, 133, 102, 104, 64, 124, 84, 56, 96, 60, 33, 45, 88, 82, 128, 185, 108, 141, 117, 167, 44, 42, 76, 32, 29, 171, 119, 163, 164, 151, 138, 79, 47, 31, 99, 92, 173, 134, 197, 49, 35, 194, 41, 120, 180, 142, 75, 113, 187, 55, 193, 3, 114, 168, 54, 140, 51, 122, 112, 152, 145, 176, 182, 6, 26, 34, 8, 195, 101, 28, 200, 136, 177, 98, 161, 74, 95, 59, 86, 23, 184, 37, 78, 69, 158, 19, 118, 179, 87, 190, 25, 38, 70, 170, 159, 139, 169, 196, 127, 106, 115, 46, 93, 155, 62, 4, 156, 100, 174, 126, 130, 172, 123, 165, 17, 160, 199, 15, 144, 22, 105, 52, 198, 27, 40, 73, 146, 162, 66, 175, 14, 39, 13, 178, 63, 71, 90, 53, 58, 43, 109, 116, 135, 36, 18, 2, 80, 111, 57, 149, 81, 72, 11, 131, 24, 9, 7, 125, 137, 10, 83, 20, 153, 157, 143, 191, 181, 103, 110, 91, 188, 189, 12, 30, 148, 147, 61, 77, 89, 132, 121, 48, 97, 21, 65]
(w = 6) Correct Cyclicantibandwidth
Set parameter TimeLimit to value 1800
[runlim] sample:		40.0 time, 40.2 real, 397.1 MB
[runlim] sample:		50.1 time, 50.2 real, 529.6 MB
(w = 7) Value Cyclicantibandwidth: 7
Lables: [177, 5, 186, 199, 65, 19, 35, 154, 17, 50, 166, 183, 67, 70, 179, 129, 133, 188, 56, 64, 124, 84, 144, 92, 6, 146, 11, 88, 75, 143, 185, 108, 141, 62, 167, 77, 26, 76, 32, 29, 68, 119, 21, 164, 151, 138, 79, 110, 52, 107, 13, 9, 134, 30, 136, 113, 158, 10, 115, 180, 165, 12, 38, 187, 55, 193, 3, 73, 168, 54, 105, 15, 47, 33, 2, 145, 74, 182, 25, 120, 200, 31, 195, 96, 28, 178, 117, 99, 98, 150, 69, 95, 59, 94, 23, 184, 37, 174, 61, 102, 34, 118, 196, 87, 190, 90, 85, 44, 170, 159, 139, 191, 72, 127, 106, 176, 175, 8, 156, 155, 149, 137, 100, 197, 126, 130, 142, 123, 114, 169, 192, 42, 152, 4, 60, 104, 49, 45, 46, 39, 125, 162, 83, 16, 112, 66, 41, 43, 40, 181, 160, 161, 53, 58, 86, 109, 116, 103, 36, 18, 51, 80, 111, 172, 101, 81, 1, 122, 173, 57, 89, 128, 27, 7, 121, 82, 78, 153, 63, 131, 20, 71, 157, 132, 22, 93, 189, 135, 24, 148, 97, 14, 147, 163, 171, 198, 194, 91, 48, 140]
(w = 7) Correct Cyclicantibandwidth
Set parameter TimeLimit to value 1800
[runlim] sample:		60.1 time, 60.2 real, 490.7 MB
[runlim] sample:		70.1 time, 70.2 real, 593.3 MB
(w = 8) Value Cyclicantibandwidth: 8
Lables: [16, 5, 186, 169, 158, 155, 21, 68, 15, 1, 77, 156, 134, 85, 50, 129, 133, 30, 98, 64, 104, 177, 196, 41, 60, 63, 101, 157, 75, 128, 185, 108, 139, 117, 167, 67, 42, 76, 91, 29, 32, 119, 102, 164, 49, 194, 56, 171, 84, 138, 92, 173, 71, 4, 106, 80, 113, 200, 183, 180, 52, 10, 38, 45, 146, 47, 3, 114, 168, 35, 130, 151, 187, 112, 7, 27, 74, 20, 99, 26, 93, 8, 195, 121, 28, 55, 43, 22, 88, 161, 59, 95, 176, 25, 23, 124, 37, 6, 189, 122, 19, 199, 162, 87, 118, 90, 65, 70, 170, 192, 116, 2, 72, 79, 174, 18, 46, 193, 142, 190, 149, 86, 111, 31, 126, 172, 143, 61, 82, 17, 73, 9, 33, 165, 191, 105, 179, 57, 62, 78, 152, 14, 144, 145, 131, 11, 39, 51, 40, 103, 135, 137, 94, 181, 120, 109, 150, 115, 89, 13, 154, 53, 182, 159, 96, 34, 83, 163, 147, 197, 160, 100, 188, 166, 12, 81, 141, 175, 69, 127, 97, 184, 136, 110, 125, 107, 44, 48, 24, 132, 140, 198, 58, 178, 36, 148, 153, 123, 66, 54]
(w = 8) Correct Cyclicantibandwidth
Set parameter TimeLimit to value 1800
[runlim] sample:		80.1 time, 80.2 real, 507.7 MB
[runlim] sample:		90.2 time, 90.2 real, 623.4 MB
(w = 9) Value Cyclicantibandwidth: 9
Lables: [72, 135, 186, 153, 154, 161, 21, 67, 107, 189, 79, 181, 75, 81, 50, 64, 66, 57, 2, 116, 182, 60, 119, 41, 71, 56, 101, 93, 121, 128, 185, 108, 91, 117, 172, 69, 183, 70, 32, 29, 45, 104, 152, 164, 151, 5, 35, 47, 160, 99, 31, 157, 142, 4, 171, 97, 82, 200, 3, 180, 20, 10, 38, 198, 55, 193, 33, 124, 168, 188, 130, 86, 30, 85, 7, 145, 74, 120, 25, 26, 95, 49, 8, 58, 170, 146, 43, 22, 98, 147, 59, 62, 176, 136, 126, 102, 48, 77, 137, 118, 19, 11, 179, 105, 190, 90, 113, 184, 132, 192, 51, 16, 114, 155, 106, 18, 46, 122, 199, 34, 149, 156, 167, 159, 195, 61, 6, 73, 65, 17, 68, 37, 187, 100, 52, 92, 24, 36, 141, 78, 197, 94, 143, 89, 131, 42, 39, 127, 40, 103, 175, 9, 165, 194, 14, 109, 76, 115, 83, 13, 110, 139, 111, 177, 96, 88, 138, 133, 158, 112, 87, 1, 125, 166, 169, 123, 162, 144, 63, 174, 53, 27, 80, 178, 28, 84, 15, 44, 150, 23, 140, 129, 173, 12, 163, 196, 134, 191, 54, 148]
(w = 9) Correct Cyclicantibandwidth
Set parameter TimeLimit to value 1800
[runlim] sample:		100.2 time, 100.2 real, 660.2 MB
[runlim] sample:		110.2 time, 110.2 real, 745.2 MB
(w = 10) Value Cyclicantibandwidth: 10
Lables: [66, 5, 132, 169, 163, 150, 146, 69, 105, 12, 166, 61, 116, 85, 50, 191, 60, 31, 121, 64, 25, 84, 56, 41, 108, 33, 102, 88, 161, 159, 188, 109, 29, 117, 167, 11, 182, 156, 32, 152, 131, 1, 94, 164, 80, 138, 147, 47, 42, 99, 79, 122, 144, 133, 190, 35, 183, 200, 58, 180, 158, 10, 38, 187, 160, 86, 92, 74, 100, 141, 112, 23, 90, 78, 124, 145, 120, 115, 199, 30, 26, 52, 81, 49, 57, 142, 43, 171, 103, 168, 59, 195, 89, 136, 126, 51, 18, 8, 55, 193, 19, 165, 76, 87, 178, 181, 139, 119, 36, 192, 54, 172, 17, 72, 106, 65, 46, 97, 93, 34, 149, 75, 98, 4, 53, 140, 194, 68, 154, 40, 128, 15, 21, 101, 3, 2, 127, 157, 197, 27, 189, 14, 177, 77, 39, 9, 196, 7, 45, 130, 62, 28, 95, 104, 73, 22, 91, 186, 83, 110, 113, 63, 111, 174, 123, 82, 173, 170, 67, 198, 71, 44, 13, 137, 185, 16, 162, 70, 155, 184, 125, 96, 20, 179, 143, 148, 176, 134, 135, 153, 6, 129, 114, 151, 37, 107, 24, 118, 48, 175]
(w = 10) Correct Cyclicantibandwidth
Set parameter TimeLimit to value 1800
[runlim] sample:		120.2 time, 120.2 real, 613.2 MB
[runlim] sample:		130.2 time, 130.2 real, 701.1 MB
(w = 11) Value Cyclicantibandwidth: 11
Lables: [72, 5, 162, 32, 155, 163, 25, 68, 107, 1, 123, 183, 67, 85, 50, 137, 129, 200, 110, 64, 180, 84, 56, 164, 58, 51, 95, 88, 170, 161, 86, 104, 21, 117, 176, 13, 37, 59, 91, 29, 45, 103, 94, 166, 14, 138, 42, 185, 31, 122, 36, 96, 62, 4, 175, 35, 194, 48, 8, 2, 181, 147, 38, 187, 55, 157, 114, 74, 178, 78, 132, 109, 30, 28, 7, 145, 120, 168, 171, 112, 9, 100, 10, 192, 189, 146, 97, 121, 102, 54, 193, 63, 152, 199, 115, 93, 148, 3, 92, 182, 26, 118, 79, 76, 186, 90, 82, 52, 169, 87, 172, 16, 142, 43, 99, 70, 46, 47, 61, 197, 71, 33, 190, 140, 127, 154, 134, 65, 151, 17, 160, 184, 34, 188, 167, 53, 57, 173, 159, 130, 12, 144, 177, 69, 113, 143, 125, 196, 40, 105, 126, 20, 195, 116, 81, 24, 18, 131, 22, 141, 83, 60, 89, 77, 174, 73, 139, 44, 108, 75, 135, 41, 80, 106, 149, 136, 179, 39, 6, 156, 66, 98, 111, 133, 27, 19, 158, 153, 150, 23, 11, 128, 49, 124, 198, 191, 15, 101, 119, 165]
(w = 11) Correct Cyclicantibandwidth
Set parameter TimeLimit to value 1800
[runlim] sample:		140.2 time, 140.2 real, 606.2 MB
[runlim] sample:		150.2 time, 150.2 real, 685.2 MB
[runlim] sample:		160.3 time, 160.2 real, 781.3 MB
(w = 12) Value Cyclicantibandwidth: 12
Lables: [167, 45, 65, 171, 157, 46, 25, 68, 143, 131, 158, 21, 59, 122, 147, 16, 129, 29, 186, 192, 124, 40, 134, 42, 62, 114, 97, 166, 184, 152, 130, 111, 3, 113, 50, 72, 110, 120, 32, 135, 178, 26, 33, 177, 69, 52, 162, 86, 150, 99, 28, 53, 85, 18, 188, 41, 193, 2, 115, 200, 43, 168, 194, 49, 54, 119, 126, 179, 90, 183, 156, 88, 34, 15, 6, 78, 116, 189, 37, 102, 64, 100, 138, 96, 27, 12, 154, 125, 98, 117, 197, 198, 176, 11, 106, 66, 73, 9, 74, 121, 35, 164, 133, 87, 185, 142, 56, 128, 95, 175, 47, 8, 89, 161, 61, 103, 136, 145, 140, 1, 57, 10, 187, 92, 132, 84, 172, 141, 82, 105, 148, 5, 58, 91, 44, 118, 137, 155, 146, 76, 174, 79, 83, 169, 163, 22, 195, 127, 104, 71, 160, 24, 182, 139, 199, 30, 112, 23, 190, 7, 60, 38, 109, 67, 13, 93, 31, 165, 144, 19, 77, 55, 48, 196, 170, 180, 123, 94, 17, 181, 51, 191, 151, 107, 20, 14, 70, 108, 39, 75, 173, 153, 63, 80, 101, 36, 81, 149, 4, 159]
(w = 12) Correct Cyclicantibandwidth
Set parameter TimeLimit to value 1800
[runlim] sample:		170.3 time, 170.2 real, 726.2 MB
[runlim] sample:		180.3 time, 180.2 real, 806.9 MB
(w = 13) Value Cyclicantibandwidth: 13
Lables: [137, 5, 186, 168, 156, 150, 34, 68, 6, 4, 164, 69, 180, 184, 185, 128, 131, 56, 89, 64, 95, 66, 106, 41, 109, 175, 101, 53, 30, 130, 191, 108, 200, 173, 166, 59, 35, 140, 88, 92, 139, 49, 27, 163, 159, 112, 141, 43, 29, 99, 67, 199, 162, 83, 8, 33, 194, 3, 198, 79, 181, 122, 57, 187, 171, 165, 87, 61, 17, 31, 104, 111, 107, 143, 80, 155, 119, 170, 37, 46, 23, 84, 81, 52, 28, 118, 98, 172, 94, 157, 40, 70, 176, 32, 50, 110, 74, 45, 38, 58, 19, 142, 100, 182, 86, 90, 117, 178, 2, 60, 48, 188, 18, 158, 121, 144, 10, 146, 197, 193, 149, 152, 183, 93, 116, 97, 126, 124, 160, 55, 72, 13, 103, 51, 82, 26, 7, 174, 85, 192, 12, 151, 177, 167, 75, 54, 148, 44, 196, 147, 132, 189, 42, 135, 114, 190, 136, 24, 78, 133, 195, 21, 102, 76, 25, 73, 179, 138, 14, 134, 153, 96, 115, 145, 47, 120, 39, 20, 129, 169, 62, 65, 105, 22, 71, 16, 154, 11, 63, 15, 125, 127, 113, 77, 91, 1, 9, 123, 36, 161]
(w = 13) Correct Cyclicantibandwidth
Set parameter TimeLimit to value 1800
[runlim] sample:		190.3 time, 190.2 real, 700.8 MB
[runlim] sample:		200.3 time, 200.2 real, 750.3 MB
[runlim] sample:		210.4 time, 210.2 real, 844.6 MB
[runlim] sample:		220.4 time, 220.2 real, 1315.0 MB
[runlim] sample:		230.4 time, 230.2 real, 1103.5 MB
[runlim] sample:		244.3 time, 240.2 real, 1348.4 MB
[runlim] sample:		272.2 time, 250.2 real, 3893.6 MB
(w = 14) Value Cyclicantibandwidth: 14
Lables: [12, 127, 124, 175, 79, 86, 34, 21, 97, 163, 108, 74, 195, 113, 25, 167, 109, 134, 91, 83, 62, 120, 63, 22, 57, 197, 152, 180, 101, 200, 111, 35, 104, 183, 137, 95, 159, 7, 99, 87, 58, 41, 170, 140, 114, 154, 123, 69, 136, 5, 71, 164, 115, 52, 196, 179, 30, 31, 92, 198, 53, 84, 98, 54, 4, 122, 194, 118, 64, 145, 45, 168, 27, 110, 6, 116, 38, 46, 49, 172, 126, 129, 100, 66, 59, 80, 102, 50, 173, 174, 75, 138, 55, 107, 161, 28, 73, 76, 199, 43, 90, 131, 130, 56, 60, 155, 11, 166, 26, 142, 187, 51, 93, 24, 48, 141, 189, 143, 148, 133, 23, 151, 29, 177, 162, 185, 160, 147, 125, 89, 14, 169, 178, 61, 94, 72, 39, 181, 88, 32, 17, 128, 193, 105, 18, 135, 165, 40, 42, 19, 47, 144, 150, 112, 33, 81, 171, 65, 82, 176, 132, 37, 68, 121, 103, 1, 186, 149, 13, 139, 2, 15, 106, 8, 67, 44, 146, 77, 10, 9, 182, 153, 184, 158, 16, 190, 156, 119, 85, 157, 188, 96, 36, 192, 20, 191, 117, 3, 70, 78]
(w = 14) Correct Cyclicantibandwidth
Set parameter TimeLimit to value 1800
[runlim] sample:		287.2 time, 260.2 real, 1230.5 MB
[runlim] sample:		297.2 time, 270.2 real, 1302.6 MB
[runlim] sample:		307.3 time, 280.2 real, 1395.7 MB
[runlim] sample:		317.3 time, 290.2 real, 1245.8 MB
[runlim] sample:		327.3 time, 300.2 real, 1509.1 MB
[runlim] sample:		340.9 time, 310.2 real, 1145.6 MB
[runlim] sample:		368.7 time, 320.2 real, 4324.8 MB
[runlim] sample:		391.6 time, 330.2 real, 3689.5 MB
(w = 15) Value Cyclicantibandwidth: 15
Lables: [11, 133, 137, 30, 85, 78, 36, 22, 49, 157, 103, 170, 81, 117, 26, 121, 128, 158, 177, 94, 161, 122, 153, 23, 62, 15, 50, 197, 90, 176, 89, 37, 12, 145, 123, 74, 135, 152, 100, 97, 187, 43, 124, 146, 118, 166, 147, 113, 126, 5, 77, 96, 119, 64, 193, 194, 32, 33, 99, 181, 55, 86, 101, 56, 4, 188, 183, 136, 68, 160, 48, 108, 28, 114, 6, 115, 40, 154, 52, 31, 131, 134, 109, 182, 63, 167, 102, 53, 151, 142, 172, 93, 58, 162, 111, 180, 156, 82, 112, 65, 92, 104, 130, 59, 199, 200, 10, 159, 27, 173, 72, 54, 70, 25, 51, 91, 196, 60, 46, 155, 24, 164, 29, 127, 174, 14, 189, 165, 110, 125, 175, 179, 163, 171, 87, 150, 41, 67, 95, 34, 18, 149, 106, 75, 19, 143, 169, 42, 44, 20, 185, 168, 138, 116, 35, 57, 144, 69, 83, 184, 192, 39, 71, 107, 73, 1, 76, 191, 13, 61, 2, 16, 129, 7, 79, 47, 148, 80, 9, 8, 45, 139, 178, 132, 17, 186, 198, 140, 88, 195, 141, 98, 38, 66, 21, 190, 105, 3, 120, 84]
(w = 15) Correct Cyclicantibandwidth
Set parameter TimeLimit to value 1800
[runlim] sample:		401.7 time, 340.2 real, 1384.2 MB
[runlim] sample:		411.7 time, 350.2 real, 1467.2 MB
[runlim] sample:		421.8 time, 360.2 real, 1564.0 MB
[runlim] sample:		431.8 time, 370.2 real, 1404.1 MB
[runlim] sample:		441.8 time, 380.2 real, 1404.1 MB
[runlim] sample:		455.5 time, 390.2 real, 1580.2 MB
[runlim] sample:		486.8 time, 400.2 real, 4556.5 MB
[runlim] sample:		513.5 time, 410.2 real, 4086.7 MB
(w = 16) Value Cyclicantibandwidth: 16
Lables: [11, 52, 171, 49, 88, 181, 38, 23, 73, 160, 126, 159, 114, 92, 26, 116, 157, 148, 69, 76, 128, 177, 146, 24, 51, 13, 180, 81, 101, 195, 93, 43, 54, 113, 187, 109, 185, 5, 17, 66, 65, 140, 158, 147, 94, 32, 178, 122, 144, 6, 68, 120, 44, 89, 132, 193, 58, 34, 28, 97, 59, 99, 115, 27, 4, 70, 53, 64, 50, 151, 74, 152, 138, 77, 7, 137, 42, 142, 60, 145, 110, 154, 124, 57, 45, 39, 173, 83, 143, 139, 14, 16, 61, 127, 30, 29, 12, 166, 174, 141, 102, 172, 153, 71, 136, 149, 10, 129, 62, 31, 98, 56, 104, 67, 163, 196, 189, 63, 191, 164, 25, 80, 130, 161, 183, 199, 103, 87, 112, 135, 79, 179, 165, 170, 100, 162, 55, 119, 134, 36, 19, 184, 117, 85, 20, 175, 186, 35, 46, 21, 133, 37, 194, 131, 33, 84, 182, 72, 90, 169, 188, 41, 75, 150, 86, 1, 95, 176, 15, 155, 2, 111, 190, 8, 105, 108, 168, 96, 121, 9, 192, 78, 118, 156, 18, 82, 197, 200, 91, 198, 167, 106, 40, 47, 22, 48, 123, 3, 125, 107]
(w = 16) Correct Cyclicantibandwidth
Set parameter TimeLimit to value 1800
[runlim] sample:		523.7 time, 420.2 real, 1355.9 MB
[runlim] sample:		533.7 time, 430.2 real, 1443.9 MB
[runlim] sample:		543.7 time, 440.2 real, 1540.4 MB
[runlim] sample:		553.8 time, 450.2 real, 1133.1 MB
[runlim] sample:		563.8 time, 460.2 real, 1592.4 MB
[runlim] sample:		577.6 time, 470.2 real, 1749.2 MB
[runlim] sample:		610.5 time, 480.2 real, 4810.6 MB
[runlim] sample:		635.4 time, 490.2 real, 4250.5 MB
(w = 17) Value Cyclicantibandwidth: 17
Lables: [66, 116, 112, 50, 33, 140, 172, 19, 73, 78, 186, 27, 122, 118, 34, 145, 117, 110, 29, 60, 162, 130, 182, 22, 194, 198, 179, 174, 152, 13, 144, 39, 146, 160, 42, 136, 79, 5, 63, 83, 159, 17, 176, 196, 119, 28, 127, 134, 52, 21, 82, 157, 150, 90, 158, 87, 53, 98, 125, 86, 192, 124, 167, 101, 2, 85, 30, 126, 115, 32, 71, 64, 91, 195, 4, 108, 77, 51, 100, 67, 92, 8, 151, 54, 47, 36, 109, 76, 184, 105, 102, 12, 61, 128, 121, 177, 31, 120, 15, 25, 153, 170, 69, 9, 81, 88, 10, 147, 168, 14, 106, 40, 93, 94, 80, 200, 24, 74, 139, 148, 3, 161, 48, 165, 171, 43, 187, 197, 103, 123, 46, 45, 163, 178, 7, 155, 55, 49, 181, 97, 35, 135, 149, 142, 37, 183, 89, 111, 44, 99, 129, 41, 190, 75, 138, 185, 188, 57, 132, 169, 65, 23, 84, 68, 156, 16, 72, 166, 11, 199, 18, 96, 104, 6, 114, 133, 164, 141, 137, 58, 26, 180, 173, 154, 1, 191, 193, 175, 95, 143, 70, 62, 59, 113, 38, 189, 131, 20, 107, 56]
(w = 17) Correct Cyclicantibandwidth
Set parameter TimeLimit to value 1800
[runlim] sample:		645.5 time, 500.2 real, 1559.1 MB
[runlim] sample:		655.5 time, 510.2 real, 1660.0 MB
[runlim] sample:		665.5 time, 520.2 real, 1757.2 MB
[runlim] sample:		675.6 time, 530.2 real, 1619.8 MB
[runlim] sample:		685.6 time, 540.2 real, 1729.6 MB
[runlim] sample:		699.5 time, 550.2 real, 1792.4 MB
[runlim] sample:		734.7 time, 560.2 real, 5448.2 MB
[runlim] sample:		763.6 time, 570.2 real, 4784.0 MB
[runlim] sample:		783.8 time, 580.2 real, 3954.0 MB
[runlim] sample:		795.8 time, 590.2 real, 4042.5 MB
[runlim] sample:		806.1 time, 600.2 real, 4042.8 MB
[runlim] sample:		816.4 time, 610.2 real, 4043.0 MB
[runlim] sample:		826.7 time, 620.2 real, 4043.0 MB
[runlim] sample:		837.0 time, 630.2 real, 4043.3 MB
[runlim] sample:		847.4 time, 640.2 real, 4043.3 MB
[runlim] sample:		857.7 time, 650.2 real, 4043.3 MB
[runlim] sample:		868.1 time, 660.2 real, 4043.3 MB
[runlim] sample:		878.4 time, 670.2 real, 3244.7 MB
[runlim] sample:		888.7 time, 680.2 real, 3244.7 MB
[runlim] sample:		899.1 time, 690.2 real, 3244.7 MB
[runlim] sample:		909.4 time, 700.2 real, 3417.3 MB
(w = 18) Value Cyclicantibandwidth: 18
Lables: [171, 193, 162, 31, 98, 125, 165, 21, 101, 169, 97, 68, 35, 192, 88, 74, 118, 110, 141, 105, 36, 123, 177, 24, 69, 11, 145, 85, 149, 10, 70, 43, 33, 182, 48, 102, 154, 20, 176, 50, 120, 199, 29, 195, 112, 32, 166, 7, 158, 23, 127, 107, 106, 119, 190, 15, 57, 40, 124, 55, 47, 134, 153, 116, 3, 121, 56, 135, 133, 159, 200, 71, 81, 189, 5, 197, 80, 173, 1, 91, 163, 131, 180, 59, 174, 39, 111, 114, 175, 164, 17, 16, 64, 160, 126, 94, 179, 156, 14, 83, 191, 9, 155, 12, 93, 77, 27, 76, 198, 18, 194, 44, 132, 96, 67, 142, 186, 157, 167, 172, 4, 86, 37, 187, 79, 161, 143, 146, 129, 89, 104, 130, 170, 148, 8, 144, 58, 61, 95, 60, 87, 147, 122, 113, 41, 183, 90, 45, 54, 99, 34, 46, 150, 65, 38, 184, 136, 62, 151, 185, 49, 25, 75, 72, 109, 19, 117, 140, 13, 178, 2, 51, 181, 6, 137, 152, 139, 73, 30, 26, 53, 92, 168, 84, 100, 103, 108, 128, 115, 28, 138, 66, 63, 52, 42, 188, 196, 22, 82, 78]
(w = 18) Correct Cyclicantibandwidth
Set parameter TimeLimit to value 1800
[runlim] sample:		919.7 time, 710.2 real, 2015.0 MB
[runlim] sample:		929.7 time, 720.2 real, 2038.6 MB
[runlim] sample:		939.7 time, 730.2 real, 2065.3 MB
[runlim] sample:		949.7 time, 740.2 real, 2199.0 MB
[runlim] sample:		959.7 time, 750.2 real, 2228.6 MB
[runlim] sample:		971.4 time, 760.2 real, 2379.3 MB
[runlim] sample:		993.2 time, 770.2 real, 5206.2 MB
[runlim] sample:		1023.4 time, 780.2 real, 5257.1 MB
[runlim] sample:		1053.5 time, 790.2 real, 5246.2 MB
[runlim] sample:		1083.6 time, 800.2 real, 5249.0 MB
[runlim] sample:		1096.6 time, 810.2 real, 3697.8 MB
[runlim] sample:		1106.9 time, 820.2 real, 3701.8 MB
[runlim] sample:		1117.3 time, 830.2 real, 3725.9 MB
[runlim] sample:		1127.6 time, 840.2 real, 3725.9 MB
[runlim] sample:		1138.0 time, 850.2 real, 3747.9 MB
[runlim] sample:		1148.3 time, 860.2 real, 3747.9 MB
[runlim] sample:		1158.7 time, 870.2 real, 3747.9 MB
[runlim] sample:		1169.0 time, 880.2 real, 3747.9 MB
[runlim] sample:		1179.4 time, 890.2 real, 3747.9 MB
[runlim] sample:		1189.7 time, 900.2 real, 3747.9 MB
[runlim] sample:		1200.1 time, 910.2 real, 3747.9 MB
[runlim] sample:		1210.4 time, 920.2 real, 3747.9 MB
[runlim] sample:		1220.8 time, 930.2 real, 3747.9 MB
[runlim] sample:		1231.2 time, 940.2 real, 3747.9 MB
[runlim] sample:		1241.5 time, 950.2 real, 3747.9 MB
[runlim] sample:		1251.8 time, 960.2 real, 3747.9 MB
[runlim] sample:		1262.2 time, 970.2 real, 3747.9 MB
[runlim] sample:		1272.5 time, 980.2 real, 3747.9 MB
[runlim] sample:		1282.8 time, 990.2 real, 3747.9 MB
[runlim] sample:		1293.2 time, 1000.2 real, 3747.9 MB
[runlim] sample:		1303.5 time, 1010.2 real, 3747.9 MB
[runlim] sample:		1313.9 time, 1020.2 real, 3747.9 MB
[runlim] sample:		1324.2 time, 1030.2 real, 3747.9 MB
[runlim] sample:		1334.6 time, 1040.2 real, 3747.9 MB
[runlim] sample:		1344.9 time, 1050.2 real, 2910.1 MB
[runlim] sample:		1355.3 time, 1060.2 real, 2910.1 MB
[runlim] sample:		1365.6 time, 1070.2 real, 2910.1 MB
[runlim] sample:		1376.0 time, 1080.2 real, 3327.9 MB
[runlim] sample:		1386.3 time, 1090.2 real, 3045.6 MB
[runlim] sample:		1396.7 time, 1100.2 real, 3045.6 MB
[runlim] sample:		1407.1 time, 1110.2 real, 3045.6 MB
[runlim] sample:		1417.4 time, 1120.2 real, 3045.6 MB
[runlim] sample:		1427.8 time, 1130.2 real, 3045.6 MB
[runlim] sample:		1438.2 time, 1140.2 real, 3045.6 MB
[runlim] sample:		1448.5 time, 1150.2 real, 3045.6 MB
[runlim] sample:		1458.9 time, 1160.2 real, 3071.4 MB
[runlim] sample:		1469.2 time, 1170.2 real, 3057.6 MB
[runlim] sample:		1479.6 time, 1180.2 real, 3065.6 MB
[runlim] sample:		1490.0 time, 1190.2 real, 3065.6 MB
[runlim] sample:		1500.3 time, 1200.2 real, 3065.6 MB
[runlim] sample:		1510.7 time, 1210.2 real, 3065.6 MB
[runlim] sample:		1521.0 time, 1220.2 real, 3959.0 MB
[runlim] sample:		1531.3 time, 1230.2 real, 4056.1 MB
[runlim] sample:		1541.7 time, 1240.2 real, 4056.4 MB
[runlim] sample:		1552.0 time, 1250.2 real, 4057.0 MB
[runlim] sample:		1562.4 time, 1260.2 real, 4057.2 MB
[runlim] sample:		1572.7 time, 1270.2 real, 4057.5 MB
[runlim] sample:		1583.1 time, 1280.2 real, 4057.5 MB
[runlim] sample:		1593.4 time, 1290.2 real, 4057.7 MB
[runlim] sample:		1603.8 time, 1300.2 real, 4057.7 MB
[runlim] sample:		1614.1 time, 1310.2 real, 4057.7 MB
[runlim] sample:		1624.4 time, 1320.2 real, 4057.7 MB
[runlim] sample:		1634.7 time, 1330.2 real, 4058.0 MB
[runlim] sample:		1645.0 time, 1340.2 real, 4058.0 MB
[runlim] sample:		1655.4 time, 1350.2 real, 4058.0 MB
[runlim] sample:		1665.7 time, 1360.2 real, 4058.2 MB
[runlim] sample:		1676.1 time, 1370.2 real, 4058.2 MB
[runlim] sample:		1686.4 time, 1380.2 real, 4058.2 MB
[runlim] sample:		1696.8 time, 1390.2 real, 4058.2 MB
[runlim] sample:		1707.2 time, 1400.2 real, 4058.2 MB
[runlim] sample:		1717.5 time, 1410.2 real, 4058.2 MB
[runlim] sample:		1727.9 time, 1420.2 real, 4058.2 MB
[runlim] sample:		1738.2 time, 1430.2 real, 4058.5 MB
[runlim] sample:		1748.6 time, 1440.2 real, 4058.5 MB
[runlim] sample:		1758.9 time, 1450.2 real, 3579.5 MB
[runlim] sample:		1769.3 time, 1460.2 real, 3583.5 MB
[runlim] sample:		1779.6 time, 1470.2 real, 3583.5 MB
[runlim] sample:		1789.9 time, 1480.2 real, 3587.5 MB
[runlim] sample:		1800.3 time, 1490.2 real, 3589.5 MB
[runlim] sample:		1810.6 time, 1500.2 real, 3589.5 MB
[runlim] sample:		1821.0 time, 1510.2 real, 3589.5 MB
[runlim] sample:		1831.3 time, 1520.2 real, 3589.5 MB
[runlim] sample:		1841.7 time, 1530.2 real, 3591.5 MB
[runlim] sample:		1852.0 time, 1540.2 real, 3593.5 MB
[runlim] sample:		1862.3 time, 1550.2 real, 3593.5 MB
[runlim] sample:		1872.7 time, 1560.2 real, 2681.9 MB
[runlim] sample:		1883.0 time, 1570.2 real, 3036.8 MB
[runlim] sample:		1893.4 time, 1580.2 real, 3042.8 MB
[runlim] sample:		1903.8 time, 1590.2 real, 3084.1 MB
[runlim] sample:		1914.1 time, 1600.2 real, 3350.2 MB
[runlim] sample:		1924.4 time, 1610.2 real, 3356.3 MB
[runlim] sample:		1934.7 time, 1620.2 real, 3356.3 MB
[runlim] sample:		1945.1 time, 1630.2 real, 3358.3 MB
[runlim] sample:		1955.4 time, 1640.2 real, 3358.3 MB
[runlim] sample:		1965.8 time, 1650.2 real, 3358.3 MB
[runlim] sample:		1976.2 time, 1660.2 real, 3358.3 MB
[runlim] sample:		1986.5 time, 1670.2 real, 4260.0 MB
[runlim] sample:		1996.8 time, 1680.2 real, 4271.8 MB
[runlim] sample:		2007.2 time, 1690.2 real, 4278.3 MB
[runlim] sample:		2017.5 time, 1700.2 real, 4278.9 MB
[runlim] sample:		2027.9 time, 1710.2 real, 4278.9 MB
[runlim] sample:		2038.2 time, 1720.2 real, 4279.1 MB
[runlim] sample:		2048.6 time, 1730.2 real, 4279.4 MB
[runlim] sample:		2058.9 time, 1740.2 real, 4279.4 MB
[runlim] sample:		2069.2 time, 1750.2 real, 4279.4 MB
[runlim] sample:		2079.6 time, 1760.2 real, 4279.6 MB
[runlim] sample:		2089.9 time, 1770.2 real, 4279.6 MB
[runlim] sample:		2100.3 time, 1780.2 real, 4279.6 MB
[runlim] sample:		2110.6 time, 1790.2 real, 4279.9 MB
[runlim] sample:		2121.0 time, 1800.2 real, 0.0 MB
[runlim] end:			Thu Nov 13 04:53:44 2025
[runlim] status:		out of time
[runlim] result:		2
[runlim] children:		0
[runlim] real:			1800.17 seconds
[runlim] time:			2120.97 seconds
[runlim] space:			8098.0 MB
[runlim] samples:		18000
