[runlim] version:		1.10
[runlim] time limit:		311040000 seconds
[runlim] real time limit:	1800 seconds
[runlim] space limit:		30000 MB
[runlim] argv[0]:		python3
[runlim] argv[1]:		model.py
[runlim] argv[2]:		./graph/random_generated_graph_2013/p5_100_200
[runlim] start:			Wed Nov 12 11:23:44 2025
[runlim] main pid:		40293
[runlim] log captured:
Set parameter WLSAccessID
Set parameter WLSSecret
Set parameter LicenseID to value 2663665
Academic license 2663665 - for non-commercial use only - registered to tu___@vnu.edu.vn
Set parameter TimeLimit to value 1800
(w = 4) Value Cyclicantibandwidth: 4
Lables: [32, 75, 11, 5, 44, 24, 89, 99, 4, 83, 54, 35, 91, 25, 58, 3, 61, 37, 87, 27, 43, 36, 84, 70, 17, 96, 28, 22, 78, 74, 62, 88, 68, 2, 12, 60, 95, 21, 55, 64, 26, 8, 10, 51, 92, 81, 76, 69, 13, 72, 67, 97, 80, 40, 59, 42, 1, 48, 38, 90, 19, 52, 65, 73, 71, 7, 6, 18, 98, 33, 31, 23, 29, 45, 20, 9, 14, 57, 34, 39, 15, 93, 86, 53, 100, 77, 85, 16, 46, 49, 66, 41, 30, 63, 56, 94, 50, 79, 82, 47]
(w = 4) Correct Cyclicantibandwidth
Set parameter TimeLimit to value 1800
(w = 5) Value Cyclicantibandwidth: 5
Lables: [38, 75, 11, 5, 44, 24, 89, 43, 4, 83, 87, 35, 21, 25, 50, 68, 61, 13, 27, 1, 92, 22, 14, 70, 32, 63, 41, 85, 78, 98, 96, 97, 46, 71, 12, 94, 28, 62, 76, 64, 55, 58, 10, 65, 48, 56, 57, 51, 82, 60, 26, 33, 52, 15, 42, 72, 93, 8, 34, 90, 19, 84, 18, 73, 40, 36, 6, 77, 86, 2, 67, 23, 29, 54, 30, 9, 20, 88, 17, 39, 45, 7, 91, 53, 31, 47, 69, 16, 59, 49, 66, 80, 95, 37, 100, 74, 99, 79, 3, 81]
(w = 5) Correct Cyclicantibandwidth
Set parameter TimeLimit to value 1800
(w = 6) Value Cyclicantibandwidth: 6
Lables: [38, 75, 11, 5, 44, 24, 89, 99, 4, 83, 43, 35, 21, 25, 50, 68, 61, 13, 27, 1, 92, 22, 14, 70, 41, 10, 86, 85, 78, 98, 96, 97, 46, 71, 12, 94, 28, 62, 76, 64, 55, 58, 63, 65, 48, 56, 74, 51, 82, 60, 26, 33, 52, 15, 42, 72, 32, 8, 34, 90, 19, 84, 18, 73, 40, 36, 6, 77, 93, 2, 67, 23, 57, 54, 30, 9, 20, 88, 17, 39, 45, 7, 91, 53, 31, 47, 69, 16, 59, 49, 66, 80, 87, 37, 95, 29, 3, 79, 100, 81]
(w = 6) Correct Cyclicantibandwidth
Set parameter TimeLimit to value 1800
(w = 7) Value Cyclicantibandwidth: 7
Lables: [38, 75, 11, 5, 44, 24, 89, 99, 4, 83, 43, 35, 85, 25, 50, 68, 61, 13, 27, 1, 17, 36, 14, 70, 56, 63, 41, 22, 78, 98, 96, 97, 46, 45, 12, 94, 28, 62, 76, 64, 21, 90, 40, 65, 48, 23, 57, 51, 82, 60, 26, 33, 86, 32, 42, 72, 93, 8, 15, 91, 19, 84, 18, 73, 37, 6, 16, 77, 52, 55, 67, 87, 29, 54, 30, 92, 20, 88, 66, 39, 2, 7, 34, 53, 31, 47, 69, 59, 3, 10, 74, 80, 49, 58, 95, 71, 100, 81, 9, 79]
(w = 7) Correct Cyclicantibandwidth
Set parameter TimeLimit to value 1800
(w = 8) Value Cyclicantibandwidth: 8
Lables: [72, 75, 11, 5, 44, 24, 89, 99, 4, 83, 43, 35, 21, 25, 50, 68, 61, 13, 95, 1, 92, 22, 14, 47, 56, 28, 41, 85, 78, 98, 96, 97, 46, 71, 12, 94, 93, 70, 76, 64, 27, 90, 40, 65, 48, 23, 57, 51, 82, 60, 26, 33, 30, 32, 42, 45, 62, 8, 15, 36, 19, 31, 18, 73, 37, 6, 34, 77, 86, 55, 67, 79, 29, 54, 81, 9, 20, 88, 17, 39, 2, 7, 91, 53, 3, 63, 69, 16, 59, 10, 66, 80, 87, 52, 38, 74, 49, 100, 84, 58]
(w = 8) Correct Cyclicantibandwidth
Set parameter TimeLimit to value 1800
(w = 9) Value Cyclicantibandwidth: 9
Lables: [38, 75, 7, 83, 11, 24, 78, 99, 17, 52, 3, 14, 1, 20, 66, 68, 48, 25, 42, 27, 94, 22, 85, 44, 81, 12, 41, 51, 21, 86, 98, 63, 59, 55, 13, 82, 90, 23, 76, 64, 35, 58, 61, 84, 32, 97, 57, 18, 37, 28, 26, 33, 30, 93, 49, 72, 71, 8, 15, 39, 19, 6, 4, 40, 73, 88, 34, 47, 89, 2, 80, 50, 29, 54, 100, 9, 69, 43, 5, 62, 45, 79, 46, 65, 31, 56, 77, 16, 92, 10, 67, 91, 36, 70, 95, 74, 53, 87, 96, 60]
(w = 9) Correct Cyclicantibandwidth
Set parameter TimeLimit to value 1800
(w = 10) Value Cyclicantibandwidth: 10
Lables: [38, 75, 11, 5, 55, 24, 89, 99, 4, 16, 43, 35, 83, 23, 1, 68, 61, 13, 44, 94, 92, 22, 14, 70, 56, 25, 41, 85, 9, 98, 96, 97, 46, 71, 7, 30, 28, 62, 47, 64, 26, 50, 40, 84, 48, 58, 57, 51, 82, 60, 6, 33, 67, 32, 42, 72, 93, 8, 15, 90, 19, 65, 18, 73, 78, 76, 34, 63, 86, 2, 80, 79, 29, 54, 81, 37, 20, 49, 17, 39, 45, 88, 91, 53, 31, 69, 59, 66, 3, 10, 77, 87, 36, 74, 27, 52, 95, 21, 100, 12]
(w = 10) Correct Cyclicantibandwidth
Set parameter TimeLimit to value 1800
(w = 11) Value Cyclicantibandwidth: 11
Lables: [38, 75, 11, 5, 44, 24, 89, 45, 4, 16, 43, 35, 21, 25, 50, 68, 61, 13, 27, 1, 92, 99, 14, 70, 56, 12, 73, 85, 9, 98, 96, 97, 46, 41, 7, 94, 28, 62, 17, 64, 84, 58, 40, 36, 48, 23, 57, 51, 82, 60, 26, 33, 30, 32, 52, 72, 54, 8, 15, 90, 19, 65, 18, 71, 78, 86, 6, 63, 93, 2, 80, 79, 29, 42, 81, 34, 20, 88, 47, 39, 74, 83, 91, 53, 31, 69, 59, 66, 3, 76, 77, 87, 67, 55, 95, 49, 37, 22, 100, 10]
(w = 11) Correct Cyclicantibandwidth
Set parameter TimeLimit to value 1800
(w = 12) Value Cyclicantibandwidth: 12
Lables: [38, 75, 11, 5, 44, 24, 89, 41, 4, 16, 43, 35, 31, 25, 50, 68, 61, 13, 27, 1, 92, 22, 14, 70, 56, 12, 71, 85, 9, 98, 21, 97, 46, 91, 7, 26, 28, 49, 76, 64, 84, 58, 40, 36, 67, 23, 57, 94, 82, 60, 15, 33, 30, 32, 52, 72, 51, 8, 29, 90, 19, 65, 18, 73, 78, 47, 96, 63, 86, 2, 80, 93, 77, 42, 81, 34, 20, 88, 3, 99, 87, 83, 45, 54, 48, 62, 59, 74, 39, 10, 66, 69, 95, 55, 53, 100, 17, 79, 37, 6]
(w = 12) Correct Cyclicantibandwidth
Set parameter TimeLimit to value 1800
(w = 13) Value Cyclicantibandwidth: 13
Lables: [38, 75, 11, 5, 44, 56, 89, 31, 4, 16, 25, 6, 21, 24, 50, 83, 61, 13, 27, 1, 92, 88, 14, 70, 68, 12, 73, 59, 9, 98, 96, 97, 46, 91, 28, 22, 8, 49, 76, 64, 84, 58, 40, 36, 48, 23, 71, 94, 82, 60, 26, 33, 30, 32, 85, 72, 51, 45, 15, 90, 19, 65, 18, 100, 78, 47, 77, 63, 86, 2, 80, 93, 29, 42, 81, 34, 20, 43, 3, 67, 99, 7, 37, 54, 35, 62, 69, 74, 39, 10, 55, 87, 95, 66, 53, 52, 17, 79, 41, 57]
(w = 13) Correct Cyclicantibandwidth
Set parameter TimeLimit to value 1800
[runlim] sample:		10.0 time, 10.1 real, 83.4 MB
(w = 14) Value Cyclicantibandwidth: 14
Lables: [11, 75, 66, 5, 44, 24, 89, 31, 4, 16, 19, 35, 21, 25, 50, 68, 61, 99, 27, 1, 92, 13, 17, 70, 56, 12, 78, 85, 9, 98, 96, 97, 46, 91, 28, 77, 8, 49, 76, 87, 84, 58, 40, 100, 48, 23, 57, 94, 82, 60, 26, 33, 30, 32, 67, 72, 36, 45, 15, 90, 14, 65, 18, 3, 22, 47, 6, 63, 86, 2, 80, 93, 88, 42, 81, 34, 20, 41, 54, 64, 59, 7, 39, 29, 53, 62, 69, 74, 10, 55, 95, 83, 73, 71, 37, 51, 43, 79, 38, 52]
(w = 14) Correct Cyclicantibandwidth
Set parameter TimeLimit to value 1800
(w = 15) Value Cyclicantibandwidth: 15
Lables: [38, 75, 11, 30, 65, 23, 89, 41, 83, 16, 43, 20, 27, 25, 40, 99, 45, 87, 8, 1, 10, 22, 14, 70, 56, 12, 72, 85, 91, 84, 96, 97, 46, 57, 13, 31, 21, 54, 76, 64, 33, 92, 58, 36, 48, 5, 44, 94, 82, 77, 26, 15, 71, 81, 68, 60, 88, 78, 18, 90, 19, 100, 61, 52, 28, 47, 6, 63, 86, 2, 80, 53, 55, 51, 9, 24, 98, 79, 4, 32, 59, 7, 42, 34, 29, 62, 69, 74, 35, 49, 95, 37, 73, 66, 39, 50, 17, 67, 93, 3]
(w = 15) Correct Cyclicantibandwidth
Set parameter TimeLimit to value 1800
(w = 16) Value Cyclicantibandwidth: 16
Lables: [38, 75, 67, 9, 66, 34, 89, 15, 4, 16, 10, 35, 21, 25, 50, 68, 61, 81, 27, 59, 92, 69, 5, 73, 56, 37, 71, 22, 100, 84, 62, 97, 41, 91, 19, 58, 96, 49, 76, 64, 33, 83, 40, 65, 1, 14, 57, 12, 82, 60, 99, 28, 30, 24, 18, 8, 88, 85, 23, 90, 11, 51, 48, 3, 78, 20, 6, 63, 86, 2, 80, 93, 54, 95, 72, 29, 98, 79, 47, 31, 26, 7, 46, 13, 32, 55, 42, 17, 39, 44, 87, 74, 77, 36, 52, 70, 43, 45, 94, 53]
(w = 16) Correct Cyclicantibandwidth
Set parameter TimeLimit to value 1800
(w = 17) Value Cyclicantibandwidth: 17
Lables: [38, 71, 13, 5, 60, 41, 89, 68, 34, 16, 18, 22, 21, 25, 50, 97, 65, 63, 27, 1, 92, 78, 32, 70, 56, 12, 67, 85, 9, 59, 96, 80, 52, 81, 43, 58, 90, 49, 76, 64, 28, 83, 40, 3, 54, 86, 57, 94, 82, 75, 20, 15, 30, 35, 42, 46, 88, 11, 6, 100, 19, 2, 24, 66, 23, 8, 84, 37, 4, 14, 79, 95, 72, 47, 17, 29, 98, 77, 48, 31, 73, 7, 44, 33, 26, 55, 69, 36, 39, 53, 87, 74, 91, 62, 45, 61, 99, 10, 93, 51]
(w = 17) Correct Cyclicantibandwidth
Set parameter TimeLimit to value 1800
(w = 18) Value Cyclicantibandwidth: 18
Lables: [32, 75, 11, 5, 53, 4, 86, 15, 30, 27, 25, 35, 21, 19, 37, 1, 89, 83, 74, 55, 92, 68, 36, 70, 56, 93, 71, 84, 9, 59, 61, 62, 99, 72, 28, 13, 8, 48, 76, 64, 90, 45, 40, 24, 95, 22, 58, 12, 82, 97, 3, 81, 23, 41, 65, 100, 49, 14, 54, 80, 29, 38, 73, 66, 91, 7, 88, 43, 85, 20, 16, 79, 98, 34, 33, 31, 77, 6, 47, 94, 69, 96, 46, 17, 52, 63, 78, 18, 42, 51, 57, 2, 87, 60, 39, 67, 26, 10, 44, 50]
(w = 18) Correct Cyclicantibandwidth
Set parameter TimeLimit to value 1800
(w = 19) Value Cyclicantibandwidth: 19
Lables: [35, 75, 11, 5, 45, 24, 89, 32, 27, 31, 16, 41, 2, 25, 50, 95, 61, 13, 99, 1, 92, 73, 14, 72, 56, 12, 71, 85, 9, 84, 76, 66, 69, 91, 7, 58, 8, 49, 97, 64, 90, 83, 81, 4, 74, 23, 57, 20, 38, 60, 3, 98, 30, 15, 65, 47, 51, 82, 40, 80, 37, 21, 63, 62, 96, 17, 6, 42, 86, 10, 19, 79, 93, 22, 43, 28, 68, 34, 54, 88, 18, 94, 44, 29, 36, 70, 100, 26, 46, 53, 87, 78, 77, 59, 39, 67, 33, 48, 55, 52]
(w = 19) Correct Cyclicantibandwidth
Set parameter TimeLimit to value 1800
[runlim] sample:		20.0 time, 20.1 real, 107.3 MB
(w = 20) Value Cyclicantibandwidth: 20
Lables: [38, 70, 12, 5, 56, 24, 76, 41, 36, 95, 30, 35, 26, 25, 50, 72, 61, 98, 27, 11, 92, 68, 14, 65, 57, 21, 75, 33, 6, 59, 64, 74, 67, 58, 3, 15, 29, 49, 79, 22, 83, 77, 82, 32, 89, 16, 55, 99, 48, 62, 53, 28, 31, 40, 66, 2, 51, 18, 20, 80, 44, 19, 13, 94, 84, 39, 85, 45, 93, 4, 86, 71, 69, 97, 73, 43, 10, 60, 8, 17, 88, 90, 46, 7, 42, 96, 91, 100, 34, 1, 87, 81, 78, 54, 37, 63, 52, 23, 47, 9]
(w = 20) Correct Cyclicantibandwidth
Set parameter TimeLimit to value 1800
(w = 21) Value Cyclicantibandwidth: 21
Lables: [2, 35, 26, 73, 71, 97, 54, 86, 44, 98, 63, 85, 90, 4, 62, 16, 48, 12, 61, 99, 29, 53, 60, 52, 13, 11, 46, 100, 15, 47, 38, 45, 39, 3, 75, 66, 96, 88, 1, 6, 49, 42, 30, 21, 9, 83, 82, 19, 95, 34, 68, 10, 7, 78, 56, 89, 22, 23, 80, 14, 76, 87, 18, 37, 94, 67, 40, 81, 32, 20, 59, 57, 24, 93, 64, 65, 33, 55, 28, 36, 17, 27, 58, 69, 77, 31, 51, 5, 70, 79, 92, 74, 43, 84, 91, 8, 50, 41, 72, 25]
(w = 21) Correct Cyclicantibandwidth
Set parameter TimeLimit to value 1800
[runlim] sample:		30.9 time, 30.1 real, 211.2 MB
(w = 22) Value Cyclicantibandwidth: 22
Lables: [92, 29, 48, 54, 11, 15, 35, 66, 94, 61, 24, 74, 95, 10, 84, 26, 32, 90, 76, 51, 46, 63, 37, 18, 53, 56, 41, 6, 44, 77, 40, 31, 75, 70, 64, 43, 62, 91, 23, 28, 21, 79, 78, 55, 38, 13, 59, 82, 17, 72, 100, 58, 7, 86, 16, 30, 97, 1, 22, 14, 67, 36, 27, 81, 69, 71, 50, 60, 42, 65, 96, 20, 89, 99, 25, 87, 34, 4, 57, 19, 5, 33, 88, 3, 2, 68, 52, 49, 45, 47, 98, 9, 8, 85, 73, 12, 83, 39, 80, 93]
(w = 22) Correct Cyclicantibandwidth
Set parameter TimeLimit to value 1800
[runlim] sample:		42.5 time, 40.1 real, 341.9 MB
(w = 23) Value Cyclicantibandwidth: 23
Lables: [3, 32, 45, 40, 63, 33, 69, 10, 79, 55, 99, 47, 18, 44, 72, 36, 67, 53, 82, 6, 41, 89, 48, 78, 42, 34, 62, 98, 22, 70, 28, 57, 73, 80, 5, 25, 1, 11, 84, 58, 66, 87, 64, 26, 23, 100, 92, 85, 91, 81, 27, 21, 17, 90, 95, 59, 12, 30, 24, 31, 2, 61, 54, 29, 93, 8, 13, 19, 88, 39, 77, 20, 97, 60, 96, 74, 51, 83, 56, 35, 75, 15, 16, 4, 94, 46, 50, 68, 38, 7, 76, 86, 65, 71, 52, 14, 49, 37, 9, 43]
(w = 23) Correct Cyclicantibandwidth
Set parameter TimeLimit to value 1800
[runlim] sample:		53.6 time, 50.1 real, 403.9 MB
[runlim] sample:		63.8 time, 60.1 real, 381.4 MB
(w = 24) Value Cyclicantibandwidth: 24
Lables: [97, 27, 51, 42, 44, 73, 2, 34, 93, 91, 18, 47, 98, 30, 79, 20, 100, 94, 63, 83, 43, 35, 11, 16, 39, 54, 49, 75, 41, 5, 22, 56, 57, 84, 74, 58, 40, 24, 62, 31, 66, 80, 10, 28, 96, 76, 77, 88, 50, 37, 85, 32, 9, 48, 53, 4, 15, 38, 13, 45, 70, 7, 14, 36, 46, 25, 3, 60, 99, 82, 89, 19, 64, 68, 71, 59, 21, 52, 33, 55, 29, 17, 6, 81, 78, 26, 61, 69, 12, 86, 87, 8, 67, 92, 65, 72, 95, 23, 1, 90]
(w = 24) Correct Cyclicantibandwidth
Set parameter TimeLimit to value 1800
[runlim] sample:		75.6 time, 70.1 real, 384.8 MB
(w = 25) Value Cyclicantibandwidth: 25
Lables: [50, 85, 81, 97, 51, 77, 78, 44, 12, 11, 60, 63, 30, 45, 15, 65, 98, 83, 1, 17, 87, 26, 35, 22, 58, 82, 5, 14, 56, 10, 86, 94, 71, 13, 23, 74, 68, 54, 91, 95, 27, 7, 28, 34, 21, 75, 3, 73, 32, 57, 100, 43, 41, 47, 9, 69, 55, 72, 84, 89, 53, 62, 64, 39, 61, 46, 70, 8, 25, 80, 36, 18, 38, 90, 33, 92, 67, 42, 66, 99, 24, 76, 20, 37, 31, 4, 49, 79, 48, 16, 2, 6, 19, 29, 96, 88, 40, 59, 52, 93]
(w = 25) Correct Cyclicantibandwidth
Set parameter TimeLimit to value 1800
[runlim] sample:		86.8 time, 80.1 real, 292.5 MB
[runlim] sample:		97.9 time, 90.1 real, 417.5 MB
(w = 26) Value Cyclicantibandwidth: 26
Lables: [100, 7, 42, 13, 5, 84, 89, 62, 12, 37, 49, 25, 85, 47, 74, 77, 94, 61, 11, 53, 4, 66, 46, 67, 59, 15, 18, 68, 93, 16, 73, 29, 91, 96, 20, 70, 24, 82, 28, 50, 32, 79, 39, 14, 71, 90, 19, 83, 98, 54, 65, 3, 60, 43, 88, 40, 87, 34, 27, 48, 21, 35, 63, 38, 41, 80, 9, 31, 51, 56, 99, 69, 78, 8, 17, 26, 64, 6, 95, 36, 92, 72, 2, 44, 45, 55, 81, 1, 57, 75, 10, 30, 23, 22, 33, 86, 76, 52, 58, 97]
(w = 26) Correct Cyclicantibandwidth
Set parameter TimeLimit to value 1800
(w = 27) Value Cyclicantibandwidth: 27
Lables: [2, 28, 43, 14, 93, 55, 57, 10, 100, 60, 31, 49, 98, 29, 83, 45, 80, 39, 68, 58, 4, 44, 33, 52, 27, 18, 26, 16, 22, 71, 72, 69, 94, 7, 9, 34, 11, 82, 23, 17, 54, 59, 61, 32, 76, 1, 88, 78, 89, 35, 25, 24, 42, 48, 5, 95, 87, 41, 67, 36, 84, 15, 51, 74, 13, 96, 56, 85, 20, 53, 19, 8, 12, 73, 62, 6, 46, 3, 70, 47, 40, 21, 90, 99, 86, 30, 38, 64, 50, 63, 66, 97, 79, 65, 92, 77, 75, 37, 91, 81]
(w = 27) Correct Cyclicantibandwidth
Set parameter TimeLimit to value 1800
[runlim] sample:		108.0 time, 100.1 real, 310.7 MB
[runlim] sample:		119.0 time, 110.1 real, 430.2 MB
[runlim] sample:		129.1 time, 120.1 real, 470.7 MB
[runlim] sample:		139.3 time, 130.1 real, 477.6 MB
[runlim] sample:		149.4 time, 140.1 real, 482.0 MB
[runlim] sample:		159.6 time, 150.1 real, 484.1 MB
[runlim] sample:		169.8 time, 160.1 real, 528.7 MB
[runlim] sample:		179.9 time, 170.1 real, 515.9 MB
[runlim] sample:		190.1 time, 180.1 real, 502.5 MB
[runlim] sample:		200.3 time, 190.1 real, 505.3 MB
[runlim] sample:		212.1 time, 200.1 real, 546.9 MB
[runlim] sample:		222.6 time, 210.1 real, 551.3 MB
[runlim] sample:		256.3 time, 220.1 real, 623.4 MB
(w = 28) Value Cyclicantibandwidth: 28
Lables: [58, 83, 90, 95, 26, 16, 43, 6, 49, 52, 79, 92, 42, 10, 39, 99, 63, 30, 66, 25, 11, 2, 51, 65, 9, 17, 70, 18, 35, 53, 93, 13, 76, 57, 21, 88, 96, 31, 12, 32, 74, 73, 38, 1, 23, 85, 82, 100, 47, 72, 8, 84, 44, 91, 69, 33, 24, 15, 29, 71, 4, 48, 28, 81, 64, 41, 77, 87, 61, 98, 59, 62, 89, 36, 56, 55, 27, 68, 80, 97, 75, 54, 60, 22, 5, 14, 67, 94, 50, 40, 19, 37, 78, 7, 3, 20, 45, 86, 46, 34]
(w = 28) Correct Cyclicantibandwidth
Set parameter TimeLimit to value 1800
[runlim] sample:		294.1 time, 230.1 real, 583.2 MB
[runlim] sample:		305.1 time, 240.1 real, 594.3 MB
[runlim] sample:		315.3 time, 250.1 real, 560.4 MB
[runlim] sample:		325.4 time, 260.1 real, 532.3 MB
[runlim] sample:		335.6 time, 270.1 real, 604.7 MB
[runlim] sample:		345.8 time, 280.1 real, 637.1 MB
[runlim] sample:		355.9 time, 290.1 real, 634.8 MB
[runlim] sample:		366.1 time, 300.1 real, 632.8 MB
[runlim] sample:		376.2 time, 310.1 real, 629.9 MB
[runlim] sample:		386.4 time, 320.1 real, 625.8 MB
[runlim] sample:		396.6 time, 330.1 real, 627.6 MB
[runlim] sample:		408.5 time, 340.1 real, 613.5 MB
[runlim] sample:		428.7 time, 350.1 real, 637.2 MB
[runlim] sample:		468.4 time, 360.1 real, 658.2 MB
(w = 29) Value Cyclicantibandwidth: 29
Lables: [5, 33, 34, 76, 93, 69, 13, 66, 88, 63, 7, 55, 92, 44, 3, 17, 15, 28, 60, 83, 77, 82, 21, 8, 31, 42, 35, 4, 38, 73, 56, 71, 14, 65, 86, 18, 72, 96, 30, 45, 67, 75, 47, 46, 9, 12, 80, 90, 16, 23, 10, 40, 41, 51, 95, 11, 6, 48, 94, 32, 79, 29, 58, 39, 89, 100, 74, 57, 25, 64, 26, 85, 27, 52, 19, 53, 87, 24, 70, 59, 36, 22, 1, 2, 84, 54, 43, 49, 61, 81, 50, 99, 97, 78, 68, 91, 62, 20, 98, 37]
(w = 29) Correct Cyclicantibandwidth
Set parameter TimeLimit to value 1800
[runlim] sample:		491.2 time, 370.1 real, 675.7 MB
[runlim] sample:		501.4 time, 380.1 real, 660.8 MB
[runlim] sample:		511.5 time, 390.1 real, 641.7 MB
[runlim] sample:		521.7 time, 400.1 real, 644.8 MB
[runlim] sample:		531.9 time, 410.1 real, 690.9 MB
[runlim] sample:		542.0 time, 420.1 real, 663.7 MB
[runlim] sample:		552.2 time, 430.1 real, 616.6 MB
[runlim] sample:		562.3 time, 440.1 real, 655.8 MB
[runlim] sample:		572.5 time, 450.1 real, 661.8 MB
[runlim] sample:		582.6 time, 460.1 real, 652.6 MB
[runlim] sample:		592.8 time, 470.1 real, 667.1 MB
[runlim] sample:		612.6 time, 480.1 real, 664.6 MB
[runlim] sample:		652.3 time, 490.1 real, 691.6 MB
[runlim] sample:		692.2 time, 500.1 real, 745.4 MB
[runlim] sample:		730.9 time, 510.1 real, 747.9 MB
[runlim] sample:		770.7 time, 520.1 real, 760.2 MB
[runlim] sample:		810.7 time, 530.1 real, 780.5 MB
(w = 30) Value Cyclicantibandwidth: 30
Lables: [29, 90, 82, 56, 54, 15, 43, 80, 95, 58, 20, 52, 33, 9, 49, 28, 39, 13, 4, 36, 62, 17, 44, 11, 63, 78, 67, 42, 41, 46, 59, 68, 72, 23, 89, 55, 81, 27, 6, 21, 96, 40, 86, 8, 30, 16, 74, 31, 34, 93, 24, 100, 7, 69, 64, 70, 26, 94, 57, 19, 77, 47, 38, 99, 92, 37, 79, 75, 84, 97, 5, 18, 25, 87, 35, 91, 45, 3, 76, 60, 12, 22, 51, 2, 1, 73, 98, 88, 65, 61, 85, 32, 10, 83, 71, 14, 66, 53, 48, 50]
(w = 30) Correct Cyclicantibandwidth
Set parameter TimeLimit to value 1800
[runlim] sample:		833.8 time, 540.1 real, 670.9 MB
[runlim] sample:		844.1 time, 550.1 real, 643.7 MB
[runlim] sample:		854.3 time, 560.1 real, 666.9 MB
[runlim] sample:		864.4 time, 570.1 real, 671.4 MB
[runlim] sample:		874.6 time, 580.1 real, 663.9 MB
[runlim] sample:		884.7 time, 590.1 real, 618.4 MB
[runlim] sample:		894.9 time, 600.1 real, 611.1 MB
[runlim] sample:		905.1 time, 610.1 real, 657.6 MB
[runlim] sample:		915.2 time, 620.1 real, 656.8 MB
[runlim] sample:		925.4 time, 630.1 real, 656.8 MB
[runlim] sample:		937.4 time, 640.1 real, 659.3 MB
[runlim] sample:		971.5 time, 650.1 real, 699.2 MB
[runlim] sample:		1011.5 time, 660.1 real, 731.6 MB
[runlim] sample:		1051.5 time, 670.1 real, 732.1 MB
[runlim] sample:		1090.9 time, 680.1 real, 727.6 MB
[runlim] sample:		1127.8 time, 690.1 real, 719.9 MB
[runlim] sample:		1164.8 time, 700.1 real, 738.9 MB
[runlim] sample:		1201.9 time, 710.1 real, 749.2 MB
[runlim] sample:		1240.6 time, 720.1 real, 804.6 MB
[runlim] sample:		1280.6 time, 730.1 real, 774.1 MB
[runlim] sample:		1319.4 time, 740.1 real, 777.5 MB
[runlim] sample:		1359.3 time, 750.1 real, 773.4 MB
[runlim] sample:		1399.3 time, 760.1 real, 776.8 MB
[runlim] sample:		1439.3 time, 770.1 real, 813.0 MB
[runlim] sample:		1473.8 time, 780.1 real, 831.4 MB
[runlim] sample:		1513.8 time, 790.1 real, 831.5 MB
[runlim] sample:		1552.1 time, 800.1 real, 832.4 MB
[runlim] sample:		1592.1 time, 810.1 real, 772.3 MB
[runlim] sample:		1631.8 time, 820.1 real, 819.7 MB
[runlim] sample:		1671.8 time, 830.1 real, 828.3 MB
[runlim] sample:		1699.1 time, 840.1 real, 808.0 MB
[runlim] sample:		1739.1 time, 850.1 real, 824.6 MB
[runlim] sample:		1776.6 time, 860.1 real, 819.8 MB
[runlim] sample:		1816.7 time, 870.1 real, 839.8 MB
[runlim] sample:		1847.5 time, 880.1 real, 816.2 MB
[runlim] sample:		1887.5 time, 890.1 real, 821.6 MB
[runlim] sample:		1924.5 time, 900.1 real, 808.8 MB
[runlim] sample:		1964.6 time, 910.1 real, 801.0 MB
[runlim] sample:		2003.4 time, 920.1 real, 782.8 MB
[runlim] sample:		2043.4 time, 930.1 real, 793.1 MB
[runlim] sample:		2083.4 time, 940.1 real, 789.9 MB
[runlim] sample:		2123.1 time, 950.1 real, 841.2 MB
[runlim] sample:		2163.2 time, 960.1 real, 847.8 MB
[runlim] sample:		2202.3 time, 970.1 real, 805.0 MB
[runlim] sample:		2242.3 time, 980.1 real, 854.9 MB
[runlim] sample:		2282.4 time, 990.1 real, 989.5 MB
[runlim] sample:		2322.3 time, 1000.1 real, 807.4 MB
[runlim] sample:		2362.3 time, 1010.1 real, 823.9 MB
[runlim] sample:		2401.8 time, 1020.1 real, 817.9 MB
[runlim] sample:		2441.8 time, 1030.1 real, 841.0 MB
[runlim] sample:		2480.9 time, 1040.1 real, 870.3 MB
[runlim] sample:		2520.5 time, 1050.1 real, 886.9 MB
[runlim] sample:		2560.4 time, 1060.1 real, 811.1 MB
[runlim] sample:		2593.2 time, 1070.1 real, 874.8 MB
[runlim] sample:		2603.6 time, 1080.1 real, 898.9 MB
[runlim] sample:		2614.0 time, 1090.1 real, 898.9 MB
[runlim] sample:		2632.6 time, 1100.1 real, 966.6 MB
[runlim] sample:		2643.1 time, 1110.1 real, 995.0 MB
[runlim] sample:		2669.4 time, 1120.1 real, 1386.9 MB
[runlim] sample:		2699.3 time, 1130.1 real, 1277.4 MB
[runlim] sample:		2727.1 time, 1140.1 real, 1434.1 MB
[runlim] sample:		2757.3 time, 1150.1 real, 1442.1 MB
[runlim] sample:		2786.9 time, 1160.1 real, 1427.5 MB
[runlim] sample:		2817.1 time, 1170.1 real, 1445.0 MB
[runlim] sample:		2847.2 time, 1180.1 real, 1489.2 MB
[runlim] sample:		2877.4 time, 1190.1 real, 1441.5 MB
[runlim] sample:		2907.6 time, 1200.1 real, 1447.4 MB
[runlim] sample:		2937.7 time, 1210.1 real, 1429.9 MB
[runlim] sample:		2967.8 time, 1220.1 real, 1451.9 MB
[runlim] sample:		2998.0 time, 1230.1 real, 1494.5 MB
[runlim] sample:		3028.2 time, 1240.1 real, 1429.6 MB
[runlim] sample:		3058.3 time, 1250.1 real, 1498.2 MB
[runlim] sample:		3088.5 time, 1260.1 real, 1499.5 MB
[runlim] sample:		3118.6 time, 1270.1 real, 1448.7 MB
[runlim] sample:		3148.8 time, 1280.1 real, 1465.7 MB
[runlim] sample:		3178.9 time, 1290.1 real, 1502.2 MB
[runlim] sample:		3209.1 time, 1300.1 real, 1478.7 MB
[runlim] sample:		3239.3 time, 1310.1 real, 1480.3 MB
[runlim] sample:		3269.4 time, 1320.1 real, 1496.6 MB
[runlim] sample:		3299.6 time, 1330.1 real, 1505.1 MB
[runlim] sample:		3329.7 time, 1340.1 real, 1486.8 MB
[runlim] sample:		3359.9 time, 1350.1 real, 1505.3 MB
[runlim] sample:		3390.1 time, 1360.1 real, 1509.3 MB
[runlim] sample:		3418.6 time, 1370.1 real, 1331.6 MB
[runlim] sample:		3429.1 time, 1380.1 real, 1331.6 MB
[runlim] sample:		3439.5 time, 1390.1 real, 1331.6 MB
[runlim] sample:		3449.9 time, 1400.1 real, 1331.6 MB
[runlim] sample:		3460.3 time, 1410.1 real, 1331.6 MB
[runlim] sample:		3472.4 time, 1420.1 real, 1319.4 MB
[runlim] sample:		3490.8 time, 1430.1 real, 1344.8 MB
[runlim] sample:		3519.9 time, 1440.1 real, 1342.5 MB
[runlim] sample:		3550.8 time, 1450.1 real, 1351.8 MB
[runlim] sample:		3590.8 time, 1460.1 real, 1351.8 MB
[runlim] sample:		3625.5 time, 1470.1 real, 1329.0 MB
[runlim] sample:		3665.5 time, 1480.1 real, 1358.2 MB
[runlim] sample:		3705.5 time, 1490.1 real, 1358.5 MB
[runlim] sample:		3738.4 time, 1500.1 real, 1358.7 MB
[runlim] sample:		3778.5 time, 1510.1 real, 1347.0 MB
[runlim] sample:		3817.5 time, 1520.1 real, 1320.9 MB
[runlim] sample:		3854.3 time, 1530.1 real, 1321.1 MB
[runlim] sample:		3894.3 time, 1540.1 real, 1321.1 MB
[runlim] sample:		3930.1 time, 1550.1 real, 1332.2 MB
[runlim] sample:		3970.2 time, 1560.1 real, 1325.0 MB
[runlim] sample:		4007.2 time, 1570.1 real, 1324.6 MB
[runlim] sample:		4047.2 time, 1580.1 real, 1348.5 MB
[runlim] sample:		4087.3 time, 1590.1 real, 1348.6 MB
[runlim] sample:		4117.7 time, 1600.1 real, 1341.0 MB
[runlim] sample:		4157.8 time, 1610.1 real, 1322.5 MB
[runlim] sample:		4197.8 time, 1620.1 real, 1337.1 MB
[runlim] sample:		4237.8 time, 1630.1 real, 1340.5 MB
[runlim] sample:		4277.8 time, 1640.1 real, 1339.3 MB
[runlim] sample:		4317.9 time, 1650.1 real, 1319.0 MB
[runlim] sample:		4355.9 time, 1660.1 real, 1319.1 MB
[runlim] sample:		4395.9 time, 1670.1 real, 1320.4 MB
[runlim] sample:		4435.9 time, 1680.1 real, 1320.6 MB
[runlim] sample:		4474.1 time, 1690.1 real, 1319.7 MB
[runlim] sample:		4500.8 time, 1700.1 real, 1319.1 MB
[runlim] sample:		4540.9 time, 1710.1 real, 1346.7 MB
[runlim] sample:		4580.9 time, 1720.1 real, 1345.8 MB
[runlim] sample:		4620.9 time, 1730.1 real, 1353.4 MB
[runlim] sample:		4653.7 time, 1740.1 real, 1342.9 MB
[runlim] sample:		4693.7 time, 1750.1 real, 1343.1 MB
[runlim] sample:		4733.7 time, 1760.1 real, 1343.3 MB
[runlim] sample:		4773.8 time, 1770.1 real, 1317.0 MB
[runlim] sample:		4809.1 time, 1780.1 real, 1315.5 MB
[runlim] sample:		4849.2 time, 1790.1 real, 1347.1 MB
[runlim] sample:		4889.2 time, 1800.1 real, 1337.9 MB
[runlim] end:			Wed Nov 12 11:53:44 2025
[runlim] status:		out of time
[runlim] result:		2
[runlim] children:		0
[runlim] real:			1800.09 seconds
[runlim] time:			4889.20 seconds
[runlim] space:			1569.9 MB
[runlim] samples:		18000
