[runlim] version:		1.10
[runlim] time limit:		311040000 seconds
[runlim] real time limit:	1800 seconds
[runlim] space limit:		30000 MB
[runlim] argv[0]:		python3
[runlim] argv[1]:		model.py
[runlim] argv[2]:		./graph/random_generated_graph_2013/p6_100_200
[runlim] start:			Wed Nov 12 11:53:44 2025
[runlim] main pid:		41075
[runlim] log captured:
Set parameter WLSAccessID
Set parameter WLSSecret
Set parameter LicenseID to value 2663665
Academic license 2663665 - for non-commercial use only - registered to tu___@vnu.edu.vn
Set parameter TimeLimit to value 1800
(w = 4) Value Cyclicantibandwidth: 4
Lables: [38, 75, 11, 5, 44, 24, 89, 99, 4, 83, 43, 35, 21, 25, 50, 68, 61, 13, 27, 1, 92, 22, 14, 10, 32, 67, 41, 85, 78, 98, 96, 97, 46, 71, 12, 94, 28, 62, 76, 64, 55, 58, 49, 65, 48, 56, 57, 51, 82, 60, 26, 33, 52, 15, 42, 72, 93, 8, 84, 90, 19, 70, 18, 73, 40, 36, 6, 63, 34, 54, 31, 17, 29, 16, 30, 47, 74, 88, 23, 39, 2, 7, 66, 86, 81, 45, 91, 59, 3, 53, 80, 95, 69, 79, 9, 37, 77, 87, 100, 20]
(w = 4) Correct Cyclicantibandwidth
Set parameter TimeLimit to value 1800
(w = 5) Value Cyclicantibandwidth: 5
Lables: [38, 75, 11, 24, 5, 44, 77, 96, 4, 68, 43, 35, 21, 55, 40, 25, 61, 13, 27, 1, 92, 22, 14, 70, 32, 63, 41, 85, 78, 98, 82, 97, 46, 71, 12, 94, 65, 62, 16, 64, 89, 66, 10, 58, 48, 53, 57, 51, 86, 60, 26, 33, 52, 15, 42, 72, 93, 8, 84, 90, 19, 83, 18, 37, 76, 36, 6, 28, 34, 54, 31, 17, 29, 45, 30, 47, 74, 88, 23, 39, 2, 20, 99, 50, 81, 69, 91, 59, 3, 73, 80, 95, 67, 79, 9, 56, 7, 87, 100, 49]
(w = 5) Correct Cyclicantibandwidth
Set parameter TimeLimit to value 1800
(w = 6) Value Cyclicantibandwidth: 6
Lables: [50, 75, 17, 22, 20, 94, 36, 44, 21, 83, 32, 7, 54, 25, 63, 19, 38, 97, 27, 1, 64, 29, 15, 24, 95, 2, 41, 46, 37, 98, 45, 80, 60, 35, 91, 48, 8, 62, 76, 47, 6, 58, 10, 39, 12, 56, 57, 51, 61, 87, 5, 33, 77, 72, 89, 16, 67, 82, 52, 90, 96, 73, 18, 30, 79, 26, 59, 100, 34, 40, 31, 70, 11, 81, 9, 86, 42, 88, 23, 93, 99, 55, 53, 84, 71, 78, 13, 66, 3, 68, 74, 43, 65, 85, 28, 14, 4, 69, 49, 92]
(w = 6) Correct Cyclicantibandwidth
Set parameter TimeLimit to value 1800
(w = 7) Value Cyclicantibandwidth: 7
Lables: [38, 75, 11, 65, 57, 24, 89, 99, 4, 83, 43, 35, 16, 25, 50, 44, 61, 13, 27, 1, 92, 22, 14, 47, 32, 67, 41, 26, 78, 98, 8, 97, 52, 71, 12, 94, 77, 62, 76, 64, 55, 58, 10, 84, 48, 56, 49, 51, 82, 87, 85, 33, 7, 60, 42, 72, 30, 91, 15, 36, 19, 93, 18, 73, 28, 6, 90, 63, 34, 40, 31, 17, 59, 81, 23, 96, 74, 88, 5, 29, 3, 45, 66, 54, 46, 39, 69, 86, 2, 20, 80, 95, 70, 37, 79, 68, 9, 21, 53, 100]
(w = 7) Correct Cyclicantibandwidth
Set parameter TimeLimit to value 1800
(w = 8) Value Cyclicantibandwidth: 8
Lables: [38, 75, 11, 5, 44, 24, 7, 99, 4, 83, 43, 35, 21, 25, 2, 68, 61, 13, 27, 89, 92, 22, 14, 47, 32, 67, 41, 46, 78, 1, 8, 97, 52, 98, 50, 94, 65, 6, 76, 64, 55, 58, 10, 84, 48, 56, 71, 51, 82, 15, 85, 33, 91, 60, 42, 72, 30, 45, 12, 36, 19, 93, 18, 73, 28, 40, 90, 63, 34, 62, 31, 17, 59, 77, 23, 9, 74, 88, 3, 29, 26, 70, 87, 54, 69, 81, 16, 86, 39, 53, 66, 80, 20, 37, 57, 96, 79, 49, 100, 95]
(w = 8) Correct Cyclicantibandwidth
Set parameter TimeLimit to value 1800
(w = 9) Value Cyclicantibandwidth: 9
Lables: [99, 75, 82, 17, 26, 24, 7, 70, 4, 25, 9, 59, 10, 39, 2, 43, 61, 49, 73, 51, 92, 5, 14, 3, 55, 23, 72, 46, 44, 93, 19, 97, 53, 98, 35, 94, 67, 31, 81, 41, 22, 58, 68, 83, 62, 65, 96, 40, 33, 15, 12, 74, 91, 60, 13, 56, 30, 45, 18, 36, 50, 6, 87, 1, 28, 76, 90, 85, 100, 71, 63, 32, 38, 47, 48, 77, 78, 8, 64, 66, 29, 34, 16, 54, 89, 11, 69, 52, 42, 21, 57, 80, 88, 20, 79, 37, 84, 86, 27, 95]
(w = 9) Correct Cyclicantibandwidth
Set parameter TimeLimit to value 1800
(w = 10) Value Cyclicantibandwidth: 10
Lables: [38, 75, 11, 5, 44, 24, 89, 99, 4, 83, 43, 35, 56, 25, 59, 68, 61, 13, 27, 1, 92, 22, 14, 47, 32, 67, 41, 46, 78, 50, 57, 81, 52, 98, 86, 94, 8, 6, 76, 64, 55, 58, 10, 65, 48, 96, 71, 51, 82, 12, 85, 72, 42, 15, 18, 60, 54, 45, 84, 2, 19, 16, 77, 73, 28, 40, 90, 63, 34, 62, 31, 17, 36, 23, 30, 9, 74, 88, 3, 29, 26, 21, 91, 70, 69, 39, 95, 93, 66, 53, 87, 100, 79, 37, 97, 33, 80, 49, 7, 20]
(w = 10) Correct Cyclicantibandwidth
Set parameter TimeLimit to value 1800
(w = 11) Value Cyclicantibandwidth: 11
Lables: [38, 75, 11, 50, 44, 41, 89, 99, 4, 83, 43, 35, 21, 25, 2, 68, 61, 13, 27, 1, 92, 22, 14, 47, 32, 96, 57, 46, 78, 15, 73, 81, 52, 98, 12, 94, 8, 6, 76, 64, 55, 58, 10, 97, 48, 23, 71, 51, 82, 63, 5, 67, 42, 60, 20, 72, 54, 56, 65, 36, 19, 93, 18, 85, 31, 40, 90, 62, 34, 30, 24, 17, 59, 77, 100, 37, 74, 88, 3, 29, 26, 45, 66, 86, 87, 39, 91, 16, 33, 9, 80, 95, 70, 53, 79, 49, 69, 84, 7, 28]
(w = 11) Correct Cyclicantibandwidth
Set parameter TimeLimit to value 1800
(w = 12) Value Cyclicantibandwidth: 12
Lables: [38, 75, 11, 5, 44, 24, 89, 73, 4, 83, 43, 35, 21, 25, 2, 68, 61, 13, 98, 1, 92, 22, 14, 47, 32, 34, 41, 46, 78, 50, 57, 81, 56, 30, 12, 94, 8, 31, 76, 64, 55, 58, 10, 65, 48, 23, 71, 51, 82, 63, 97, 49, 16, 60, 42, 72, 54, 6, 96, 36, 19, 27, 18, 90, 40, 33, 15, 62, 84, 28, 67, 17, 85, 79, 52, 9, 74, 88, 3, 29, 26, 45, 66, 86, 95, 39, 91, 99, 100, 20, 87, 53, 70, 37, 69, 59, 80, 77, 7, 93]
(w = 12) Correct Cyclicantibandwidth
Set parameter TimeLimit to value 1800
(w = 13) Value Cyclicantibandwidth: 13
Lables: [38, 75, 11, 36, 44, 24, 89, 99, 50, 64, 16, 35, 21, 17, 2, 68, 61, 13, 83, 1, 92, 22, 14, 47, 32, 67, 43, 46, 78, 25, 19, 81, 52, 98, 12, 94, 8, 6, 76, 65, 55, 58, 40, 5, 48, 30, 71, 27, 82, 60, 85, 49, 96, 37, 42, 10, 54, 56, 15, 72, 80, 84, 18, 73, 51, 97, 90, 3, 34, 28, 59, 33, 45, 23, 41, 74, 87, 79, 86, 39, 70, 63, 4, 57, 88, 9, 91, 100, 62, 20, 26, 95, 77, 53, 66, 29, 69, 31, 7, 93]
(w = 13) Correct Cyclicantibandwidth
Set parameter TimeLimit to value 1800
[runlim] sample:		10.0 time, 10.1 real, 72.3 MB
(w = 14) Value Cyclicantibandwidth: 14
Lables: [22, 75, 11, 5, 44, 24, 89, 99, 4, 83, 43, 35, 21, 25, 2, 68, 66, 13, 92, 1, 90, 96, 27, 38, 93, 91, 10, 46, 78, 50, 19, 81, 52, 98, 12, 41, 8, 6, 76, 64, 32, 58, 40, 65, 48, 23, 71, 37, 82, 61, 85, 49, 30, 77, 42, 72, 54, 55, 15, 36, 67, 84, 18, 73, 33, 97, 94, 3, 34, 28, 59, 17, 45, 16, 100, 80, 74, 79, 86, 39, 26, 56, 63, 57, 47, 51, 9, 7, 62, 20, 14, 95, 70, 88, 69, 29, 87, 31, 53, 60]
(w = 14) Correct Cyclicantibandwidth
Set parameter TimeLimit to value 1800
(w = 15) Value Cyclicantibandwidth: 15
Lables: [14, 17, 78, 3, 44, 8, 91, 16, 70, 60, 94, 1, 96, 25, 2, 45, 98, 22, 54, 55, 79, 21, 34, 47, 11, 67, 41, 48, 43, 99, 74, 81, 52, 19, 68, 61, 72, 97, 64, 5, 33, 58, 92, 65, 10, 56, 93, 26, 32, 76, 100, 49, 86, 9, 42, 15, 62, 38, 84, 75, 23, 12, 83, 73, 18, 36, 90, 13, 71, 29, 59, 35, 63, 7, 4, 82, 87, 77, 50, 39, 31, 46, 89, 57, 53, 30, 51, 80, 6, 28, 66, 95, 88, 27, 69, 40, 85, 20, 37, 24]
(w = 15) Correct Cyclicantibandwidth
Set parameter TimeLimit to value 1800
(w = 16) Value Cyclicantibandwidth: 16
Lables: [93, 92, 72, 5, 31, 26, 89, 15, 23, 83, 43, 35, 21, 33, 90, 68, 60, 13, 54, 1, 77, 79, 8, 41, 99, 67, 12, 46, 49, 50, 19, 82, 52, 98, 85, 94, 88, 6, 2, 97, 20, 58, 42, 65, 48, 56, 71, 51, 59, 73, 7, 53, 10, 63, 22, 16, 62, 39, 75, 76, 37, 11, 18, 61, 40, 100, 64, 3, 86, 28, 30, 38, 4, 24, 32, 80, 44, 84, 47, 96, 17, 70, 95, 66, 57, 55, 91, 81, 34, 29, 14, 78, 87, 27, 9, 36, 74, 45, 69, 25]
(w = 16) Correct Cyclicantibandwidth
Set parameter TimeLimit to value 1800
(w = 17) Value Cyclicantibandwidth: 17
Lables: [38, 75, 11, 5, 55, 45, 89, 99, 4, 83, 43, 86, 8, 25, 1, 68, 61, 13, 88, 93, 79, 22, 14, 36, 12, 67, 41, 46, 78, 50, 64, 81, 52, 98, 72, 35, 96, 6, 27, 70, 100, 58, 40, 65, 9, 23, 71, 51, 82, 76, 85, 49, 30, 94, 19, 21, 62, 54, 15, 29, 37, 84, 18, 73, 47, 39, 90, 3, 32, 28, 59, 17, 66, 7, 53, 80, 44, 77, 33, 97, 26, 57, 56, 63, 2, 34, 91, 48, 42, 10, 16, 92, 87, 74, 95, 69, 20, 31, 24, 60]
(w = 17) Correct Cyclicantibandwidth
Set parameter TimeLimit to value 1800
(w = 18) Value Cyclicantibandwidth: 18
Lables: [38, 75, 82, 26, 51, 24, 89, 78, 4, 72, 43, 84, 67, 32, 2, 35, 61, 13, 19, 9, 85, 22, 1, 36, 48, 94, 98, 42, 47, 91, 55, 81, 28, 64, 27, 12, 93, 14, 29, 87, 20, 58, 18, 65, 66, 23, 69, 41, 5, 76, 62, 71, 100, 83, 15, 96, 54, 45, 52, 6, 50, 8, 99, 73, 39, 46, 60, 3, 86, 77, 34, 88, 79, 37, 30, 11, 74, 21, 33, 17, 7, 80, 97, 63, 57, 49, 16, 10, 92, 31, 90, 53, 25, 44, 70, 59, 68, 40, 56, 95]
(w = 18) Correct Cyclicantibandwidth
Set parameter TimeLimit to value 1800
[runlim] sample:		20.0 time, 20.1 real, 126.5 MB
(w = 19) Value Cyclicantibandwidth: 19
Lables: [90, 77, 12, 41, 82, 91, 39, 100, 55, 69, 50, 15, 52, 3, 2, 36, 81, 53, 34, 40, 22, 89, 1, 44, 59, 85, 57, 58, 95, 99, 70, 66, 35, 6, 38, 54, 56, 64, 48, 28, 11, 32, 25, 42, 10, 92, 88, 94, 97, 21, 27, 51, 7, 37, 45, 96, 68, 26, 47, 65, 30, 9, 87, 72, 62, 98, 86, 18, 73, 4, 76, 93, 13, 5, 20, 63, 49, 23, 78, 16, 14, 80, 24, 71, 43, 67, 19, 84, 74, 8, 83, 33, 31, 75, 46, 79, 61, 60, 29, 17]
(w = 19) Correct Cyclicantibandwidth
Set parameter TimeLimit to value 1800
(w = 20) Value Cyclicantibandwidth: 20
Lables: [37, 71, 81, 44, 61, 57, 39, 45, 42, 40, 91, 27, 69, 41, 12, 28, 80, 4, 94, 19, 13, 16, 20, 9, 56, 31, 52, 6, 8, 65, 72, 21, 97, 49, 98, 59, 24, 99, 55, 46, 10, 43, 88, 48, 25, 67, 53, 62, 11, 90, 34, 85, 64, 79, 23, 17, 70, 92, 54, 14, 86, 47, 3, 18, 77, 100, 89, 75, 58, 50, 33, 5, 35, 63, 73, 7, 38, 22, 26, 95, 15, 30, 87, 68, 36, 93, 60, 83, 2, 1, 29, 78, 96, 66, 32, 76, 82, 74, 84, 51]
(w = 20) Correct Cyclicantibandwidth
Set parameter TimeLimit to value 1800
(w = 21) Value Cyclicantibandwidth: 21
Lables: [54, 37, 73, 13, 87, 91, 20, 30, 4, 14, 55, 90, 50, 16, 56, 78, 33, 49, 75, 65, 83, 41, 11, 97, 52, 28, 22, 43, 1, 27, 17, 47, 68, 31, 48, 86, 44, 10, 24, 2, 6, 71, 63, 29, 51, 40, 5, 82, 61, 12, 94, 81, 46, 53, 3, 9, 84, 79, 38, 57, 96, 18, 99, 42, 32, 80, 76, 21, 19, 92, 15, 64, 39, 7, 35, 95, 8, 59, 72, 69, 89, 98, 45, 34, 67, 60, 25, 66, 26, 58, 74, 85, 36, 70, 93, 88, 100, 23, 62, 77]
(w = 21) Correct Cyclicantibandwidth
Set parameter TimeLimit to value 1800
[runlim] sample:		31.6 time, 30.1 real, 197.2 MB
(w = 22) Value Cyclicantibandwidth: 22
Lables: [71, 79, 85, 39, 81, 2, 88, 58, 90, 36, 83, 96, 51, 44, 52, 32, 57, 91, 98, 92, 15, 82, 31, 14, 16, 69, 10, 12, 24, 45, 62, 100, 9, 70, 84, 86, 80, 6, 40, 50, 42, 54, 30, 49, 67, 94, 68, 48, 65, 25, 19, 4, 76, 95, 93, 64, 53, 35, 22, 59, 21, 60, 97, 55, 23, 73, 74, 77, 63, 43, 26, 13, 33, 8, 87, 11, 7, 1, 3, 18, 38, 75, 72, 61, 47, 46, 20, 5, 29, 28, 37, 89, 17, 34, 78, 66, 99, 27, 41, 56]
(w = 22) Correct Cyclicantibandwidth
Set parameter TimeLimit to value 1800
(w = 23) Value Cyclicantibandwidth: 23
Lables: [99, 62, 89, 75, 36, 51, 7, 57, 32, 74, 3, 61, 21, 4, 2, 91, 53, 54, 76, 48, 27, 17, 1, 6, 86, 83, 20, 31, 98, 65, 8, 52, 30, 18, 33, 93, 77, 59, 55, 43, 92, 24, 72, 90, 23, 66, 96, 100, 45, 25, 38, 79, 49, 37, 85, 9, 68, 41, 22, 13, 35, 56, 95, 10, 71, 97, 88, 80, 81, 5, 15, 67, 11, 47, 26, 50, 40, 28, 14, 58, 60, 44, 70, 29, 94, 64, 46, 82, 87, 19, 73, 42, 69, 12, 39, 84, 63, 78, 16, 34]
(w = 23) Correct Cyclicantibandwidth
Set parameter TimeLimit to value 1800
[runlim] sample:		43.2 time, 40.1 real, 251.8 MB
(w = 24) Value Cyclicantibandwidth: 24
Lables: [32, 37, 26, 4, 46, 64, 8, 70, 21, 33, 7, 52, 19, 11, 73, 20, 71, 14, 56, 77, 35, 93, 6, 9, 66, 42, 22, 65, 81, 90, 12, 29, 62, 15, 76, 25, 30, 89, 59, 55, 92, 54, 49, 23, 94, 31, 28, 57, 41, 1, 78, 36, 96, 58, 40, 24, 68, 69, 95, 17, 97, 86, 79, 88, 3, 82, 67, 53, 38, 13, 72, 85, 16, 91, 63, 87, 44, 43, 99, 50, 34, 10, 51, 74, 27, 100, 60, 83, 98, 80, 39, 48, 75, 5, 61, 84, 2, 47, 18, 45]
(w = 24) Correct Cyclicantibandwidth
Set parameter TimeLimit to value 1800
[runlim] sample:		53.9 time, 50.1 real, 345.3 MB
(w = 25) Value Cyclicantibandwidth: 25
Lables: [25, 97, 77, 33, 28, 74, 80, 78, 69, 55, 29, 50, 61, 24, 64, 57, 88, 31, 70, 67, 60, 85, 39, 62, 43, 21, 58, 52, 34, 84, 19, 79, 65, 89, 66, 49, 1, 14, 35, 41, 45, 5, 48, 98, 76, 68, 42, 44, 82, 100, 7, 92, 30, 86, 46, 11, 10, 15, 8, 40, 96, 32, 36, 4, 93, 12, 9, 37, 90, 27, 56, 23, 47, 73, 83, 51, 38, 53, 72, 71, 54, 75, 99, 3, 26, 95, 87, 94, 22, 16, 17, 81, 2, 63, 20, 6, 91, 18, 13, 59]
(w = 25) Correct Cyclicantibandwidth
Set parameter TimeLimit to value 1800
[runlim] sample:		65.6 time, 60.1 real, 482.3 MB
(w = 26) Value Cyclicantibandwidth: 26
Lables: [19, 89, 25, 42, 20, 40, 26, 69, 77, 8, 41, 18, 98, 85, 93, 15, 58, 81, 56, 12, 13, 30, 17, 31, 49, 61, 88, 52, 33, 75, 83, 6, 63, 66, 16, 10, 92, 44, 80, 99, 23, 55, 38, 70, 24, 27, 39, 35, 68, 67, 95, 22, 82, 45, 94, 11, 84, 1, 62, 43, 34, 90, 97, 5, 65, 71, 51, 60, 36, 86, 9, 96, 79, 87, 76, 29, 57, 14, 32, 37, 100, 7, 59, 74, 3, 78, 91, 53, 72, 73, 2, 47, 46, 21, 48, 54, 64, 50, 28, 4]
(w = 26) Correct Cyclicantibandwidth
Set parameter TimeLimit to value 1800
[runlim] sample:		76.3 time, 70.1 real, 477.9 MB
(w = 27) Value Cyclicantibandwidth: 27
Lables: [12, 38, 26, 28, 46, 4, 66, 25, 49, 18, 52, 20, 94, 32, 17, 54, 68, 69, 40, 2, 1, 63, 6, 95, 77, 58, 99, 93, 21, 51, 74, 73, 65, 78, 97, 13, 31, 27, 30, 14, 100, 39, 42, 92, 89, 41, 35, 3, 85, 75, 84, 64, 91, 81, 16, 11, 36, 8, 48, 50, 88, 22, 7, 70, 67, 45, 71, 43, 37, 29, 19, 23, 44, 10, 61, 5, 90, 98, 87, 47, 9, 15, 60, 79, 33, 72, 80, 82, 53, 86, 34, 59, 76, 62, 24, 96, 55, 57, 56, 83]
(w = 27) Correct Cyclicantibandwidth
Set parameter TimeLimit to value 1800
[runlim] sample:		86.5 time, 80.1 real, 409.7 MB
[runlim] sample:		97.4 time, 90.1 real, 486.9 MB
[runlim] sample:		107.5 time, 100.1 real, 541.4 MB
[runlim] sample:		117.7 time, 110.1 real, 476.9 MB
[runlim] sample:		127.8 time, 120.1 real, 542.6 MB
[runlim] sample:		138.0 time, 130.1 real, 542.6 MB
[runlim] sample:		148.2 time, 140.1 real, 487.1 MB
[runlim] sample:		158.3 time, 150.1 real, 540.5 MB
[runlim] sample:		168.5 time, 160.1 real, 546.8 MB
[runlim] sample:		180.4 time, 170.1 real, 542.3 MB
[runlim] sample:		200.9 time, 180.1 real, 663.0 MB
[runlim] sample:		240.4 time, 190.1 real, 692.7 MB
(w = 28) Value Cyclicantibandwidth: 28
Lables: [51, 76, 53, 47, 23, 74, 66, 14, 20, 100, 46, 61, 90, 45, 77, 92, 84, 10, 96, 73, 16, 70, 44, 13, 57, 82, 93, 95, 26, 97, 32, 9, 4, 69, 63, 36, 33, 60, 88, 99, 48, 81, 39, 31, 52, 59, 43, 79, 15, 7, 89, 17, 50, 87, 19, 68, 98, 6, 28, 49, 21, 54, 34, 2, 5, 37, 65, 56, 40, 30, 80, 78, 24, 11, 72, 12, 35, 67, 27, 3, 18, 1, 83, 75, 42, 85, 91, 58, 25, 71, 41, 8, 62, 86, 55, 38, 22, 29, 64, 94]
(w = 28) Correct Cyclicantibandwidth
Set parameter TimeLimit to value 1800
[runlim] sample:		261.4 time, 200.1 real, 686.9 MB
[runlim] sample:		271.6 time, 210.1 real, 602.5 MB
[runlim] sample:		281.7 time, 220.1 real, 650.6 MB
[runlim] sample:		291.9 time, 230.1 real, 657.0 MB
[runlim] sample:		302.0 time, 240.1 real, 662.6 MB
[runlim] sample:		312.2 time, 250.1 real, 679.5 MB
[runlim] sample:		322.3 time, 260.1 real, 676.8 MB
[runlim] sample:		332.5 time, 270.1 real, 711.7 MB
[runlim] sample:		342.6 time, 280.1 real, 712.6 MB
[runlim] sample:		352.8 time, 290.1 real, 724.7 MB
[runlim] sample:		364.8 time, 300.1 real, 663.1 MB
[runlim] sample:		401.1 time, 310.1 real, 691.4 MB
[runlim] sample:		441.1 time, 320.1 real, 714.6 MB
[runlim] sample:		480.9 time, 330.1 real, 732.6 MB
[runlim] sample:		520.0 time, 340.1 real, 900.6 MB
(w = 29) Value Cyclicantibandwidth: 29
Lables: [25, 37, 80, 28, 73, 60, 76, 51, 7, 26, 96, 42, 12, 17, 31, 46, 33, 98, 66, 59, 67, 70, 3, 82, 29, 18, 15, 47, 79, 81, 4, 93, 71, 54, 43, 62, 5, 9, 14, 23, 6, 58, 24, 78, 72, 61, 30, 40, 77, 91, 10, 68, 97, 86, 83, 95, 32, 100, 8, 41, 75, 13, 19, 89, 90, 56, 52, 53, 38, 92, 27, 11, 22, 88, 55, 87, 2, 21, 85, 34, 35, 65, 50, 64, 20, 1, 49, 63, 74, 94, 16, 57, 36, 69, 39, 44, 84, 99, 45, 48]
(w = 29) Correct Cyclicantibandwidth
Set parameter TimeLimit to value 1800
[runlim] sample:		534.8 time, 350.1 real, 725.0 MB
[runlim] sample:		545.0 time, 360.1 real, 723.1 MB
[runlim] sample:		555.1 time, 370.1 real, 741.3 MB
[runlim] sample:		565.3 time, 380.1 real, 737.6 MB
[runlim] sample:		575.4 time, 390.1 real, 742.3 MB
[runlim] sample:		585.6 time, 400.1 real, 727.6 MB
[runlim] sample:		595.8 time, 410.1 real, 710.6 MB
[runlim] sample:		605.9 time, 420.1 real, 739.2 MB
[runlim] sample:		616.1 time, 430.1 real, 711.8 MB
[runlim] sample:		626.2 time, 440.1 real, 737.8 MB
[runlim] sample:		644.5 time, 450.1 real, 739.7 MB
[runlim] sample:		684.5 time, 460.1 real, 774.2 MB
[runlim] sample:		724.5 time, 470.1 real, 803.1 MB
[runlim] sample:		764.6 time, 480.1 real, 801.9 MB
[runlim] sample:		790.1 time, 490.1 real, 803.6 MB
[runlim] sample:		828.2 time, 500.1 real, 821.6 MB
[runlim] sample:		868.2 time, 510.1 real, 853.3 MB
[runlim] sample:		907.2 time, 520.1 real, 836.3 MB
[runlim] sample:		947.2 time, 530.1 real, 846.8 MB
[runlim] sample:		987.2 time, 540.1 real, 894.7 MB
[runlim] sample:		1027.2 time, 550.1 real, 821.3 MB
[runlim] sample:		1067.2 time, 560.1 real, 848.8 MB
[runlim] sample:		1093.3 time, 570.1 real, 879.2 MB
[runlim] sample:		1133.3 time, 580.1 real, 893.1 MB
[runlim] sample:		1173.3 time, 590.1 real, 899.1 MB
[runlim] sample:		1213.3 time, 600.1 real, 863.5 MB
[runlim] sample:		1253.4 time, 610.1 real, 870.2 MB
[runlim] sample:		1293.4 time, 620.1 real, 888.0 MB
[runlim] sample:		1333.4 time, 630.1 real, 872.4 MB
[runlim] sample:		1373.1 time, 640.1 real, 869.2 MB
[runlim] sample:		1411.0 time, 650.1 real, 884.8 MB
[runlim] sample:		1451.0 time, 660.1 real, 1004.3 MB
(w = 30) Value Cyclicantibandwidth: 30
Lables: [41, 57, 37, 52, 81, 55, 44, 15, 80, 89, 54, 43, 53, 28, 51, 2, 67, 18, 71, 63, 98, 56, 27, 97, 7, 42, 75, 74, 90, 99, 5, 93, 87, 61, 45, 34, 20, 72, 39, 26, 11, 62, 31, 79, 73, 65, 33, 50, 19, 95, 13, 82, 32, 76, 9, 1, 86, 3, 8, 46, 6, 47, 30, 85, 94, 23, 40, 35, 48, 4, 88, 22, 10, 100, 59, 92, 21, 64, 91, 49, 14, 66, 60, 84, 25, 68, 12, 70, 16, 96, 29, 58, 36, 77, 38, 78, 83, 17, 69, 24]
(w = 30) Correct Cyclicantibandwidth
Set parameter TimeLimit to value 1800
[runlim] sample:		1469.7 time, 670.1 real, 861.2 MB
[runlim] sample:		1479.8 time, 680.1 real, 846.6 MB
[runlim] sample:		1490.0 time, 690.1 real, 864.6 MB
[runlim] sample:		1500.2 time, 700.1 real, 857.4 MB
[runlim] sample:		1510.3 time, 710.1 real, 866.7 MB
[runlim] sample:		1520.5 time, 720.1 real, 881.0 MB
[runlim] sample:		1530.7 time, 730.1 real, 874.8 MB
[runlim] sample:		1540.8 time, 740.1 real, 886.5 MB
[runlim] sample:		1551.0 time, 750.1 real, 868.8 MB
[runlim] sample:		1561.2 time, 760.1 real, 860.8 MB
[runlim] sample:		1571.3 time, 770.1 real, 881.1 MB
[runlim] sample:		1583.3 time, 780.1 real, 875.4 MB
[runlim] sample:		1611.2 time, 790.1 real, 853.6 MB
[runlim] sample:		1640.4 time, 800.1 real, 860.3 MB
[runlim] sample:		1675.8 time, 810.1 real, 851.6 MB
[runlim] sample:		1715.7 time, 820.1 real, 853.6 MB
[runlim] sample:		1755.8 time, 830.1 real, 852.6 MB
[runlim] sample:		1795.6 time, 840.1 real, 833.3 MB
[runlim] sample:		1834.9 time, 850.1 real, 837.4 MB
[runlim] sample:		1874.6 time, 860.1 real, 839.3 MB
[runlim] sample:		1913.7 time, 870.1 real, 844.1 MB
[runlim] sample:		1953.2 time, 880.1 real, 873.2 MB
[runlim] sample:		1993.0 time, 890.1 real, 868.7 MB
[runlim] sample:		2033.0 time, 900.1 real, 877.0 MB
[runlim] sample:		2072.0 time, 910.1 real, 868.0 MB
[runlim] sample:		2112.0 time, 920.1 real, 876.0 MB
[runlim] sample:		2152.0 time, 930.1 real, 867.9 MB
[runlim] sample:		2192.0 time, 940.1 real, 869.6 MB
[runlim] sample:		2231.5 time, 950.1 real, 879.2 MB
[runlim] sample:		2271.5 time, 960.1 real, 874.0 MB
[runlim] sample:		2306.4 time, 970.1 real, 938.3 MB
[runlim] sample:		2346.5 time, 980.1 real, 949.2 MB
[runlim] sample:		2385.7 time, 990.1 real, 892.6 MB
[runlim] sample:		2425.7 time, 1000.1 real, 933.4 MB
[runlim] sample:		2465.1 time, 1010.1 real, 933.5 MB
[runlim] sample:		2504.1 time, 1020.1 real, 932.0 MB
[runlim] sample:		2544.1 time, 1030.1 real, 948.3 MB
[runlim] sample:		2583.2 time, 1040.1 real, 898.2 MB
[runlim] sample:		2623.3 time, 1050.1 real, 929.5 MB
[runlim] sample:		2656.7 time, 1060.1 real, 915.7 MB
[runlim] sample:		2696.7 time, 1070.1 real, 952.5 MB
[runlim] sample:		2728.0 time, 1080.1 real, 876.5 MB
[runlim] sample:		2768.0 time, 1090.1 real, 902.2 MB
[runlim] sample:		2807.5 time, 1100.1 real, 889.6 MB
[runlim] sample:		2847.6 time, 1110.1 real, 908.3 MB
[runlim] sample:		2887.5 time, 1120.1 real, 935.8 MB
[runlim] sample:		2927.5 time, 1130.1 real, 936.0 MB
[runlim] sample:		2960.3 time, 1140.1 real, 906.1 MB
[runlim] sample:		3000.3 time, 1150.1 real, 912.9 MB
[runlim] sample:		3036.5 time, 1160.1 real, 928.7 MB
[runlim] sample:		3068.0 time, 1170.1 real, 912.0 MB
[runlim] sample:		3108.1 time, 1180.1 real, 912.9 MB
[runlim] sample:		3143.1 time, 1190.1 real, 906.2 MB
[runlim] sample:		3183.1 time, 1200.1 real, 910.3 MB
[runlim] sample:		3213.3 time, 1210.1 real, 857.3 MB
[runlim] sample:		3253.3 time, 1220.1 real, 958.4 MB
[runlim] sample:		3293.1 time, 1230.1 real, 1006.1 MB
[runlim] sample:		3331.1 time, 1240.1 real, 925.7 MB
[runlim] sample:		3371.2 time, 1250.1 real, 911.3 MB
[runlim] sample:		3408.7 time, 1260.1 real, 943.7 MB
[runlim] sample:		3448.8 time, 1270.1 real, 951.3 MB
[runlim] sample:		3476.1 time, 1280.1 real, 977.2 MB
[runlim] sample:		3508.7 time, 1290.1 real, 915.1 MB
[runlim] sample:		3548.8 time, 1300.1 real, 952.2 MB
[runlim] sample:		3583.1 time, 1310.1 real, 923.9 MB
[runlim] sample:		3623.1 time, 1320.1 real, 927.7 MB
[runlim] sample:		3658.7 time, 1330.1 real, 923.9 MB
[runlim] sample:		3696.1 time, 1340.1 real, 947.5 MB
[runlim] sample:		3736.1 time, 1350.1 real, 971.8 MB
[runlim] sample:		3756.8 time, 1360.1 real, 1029.1 MB
[runlim] sample:		3767.2 time, 1370.1 real, 1047.2 MB
[runlim] sample:		3777.7 time, 1380.1 real, 1028.5 MB
[runlim] sample:		3788.1 time, 1390.1 real, 1028.5 MB
[runlim] sample:		3806.6 time, 1400.1 real, 1146.0 MB
[runlim] sample:		3818.9 time, 1410.1 real, 1353.2 MB
[runlim] sample:		3849.1 time, 1420.1 real, 1505.4 MB
[runlim] sample:		3877.5 time, 1430.1 real, 1417.6 MB
[runlim] sample:		3907.4 time, 1440.1 real, 1589.1 MB
[runlim] sample:		3937.6 time, 1450.1 real, 1552.5 MB
[runlim] sample:		3967.7 time, 1460.1 real, 1488.5 MB
[runlim] sample:		3997.9 time, 1470.1 real, 1532.5 MB
[runlim] sample:		4028.0 time, 1480.1 real, 1514.2 MB
[runlim] sample:		4058.2 time, 1490.1 real, 1535.3 MB
[runlim] sample:		4088.3 time, 1500.1 real, 1530.4 MB
[runlim] sample:		4118.5 time, 1510.1 real, 1536.4 MB
[runlim] sample:		4148.6 time, 1520.1 real, 1494.4 MB
[runlim] sample:		4178.8 time, 1530.1 real, 1571.7 MB
[runlim] sample:		4209.0 time, 1540.1 real, 1511.8 MB
[runlim] sample:		4239.1 time, 1550.1 real, 1507.4 MB
[runlim] sample:		4269.2 time, 1560.1 real, 1496.8 MB
[runlim] sample:		4299.4 time, 1570.1 real, 1621.1 MB
[runlim] sample:		4329.6 time, 1580.1 real, 1575.1 MB
[runlim] sample:		4359.7 time, 1590.1 real, 1608.8 MB
[runlim] sample:		4389.9 time, 1600.1 real, 1598.8 MB
[runlim] sample:		4420.1 time, 1610.1 real, 1637.8 MB
[runlim] sample:		4450.2 time, 1620.1 real, 1631.8 MB
[runlim] sample:		4480.4 time, 1630.1 real, 1641.1 MB
[runlim] sample:		4510.5 time, 1640.1 real, 1647.1 MB
[runlim] sample:		4526.1 time, 1650.1 real, 1558.8 MB
[runlim] sample:		4536.6 time, 1660.1 real, 1557.1 MB
[runlim] sample:		4547.0 time, 1670.1 real, 1554.7 MB
[runlim] sample:		4557.4 time, 1680.1 real, 1559.1 MB
[runlim] sample:		4569.5 time, 1690.1 real, 1541.8 MB
[runlim] sample:		4580.7 time, 1700.1 real, 1532.4 MB
[runlim] sample:		4603.5 time, 1710.1 real, 1514.7 MB
[runlim] sample:		4633.9 time, 1720.1 real, 1515.5 MB
[runlim] sample:		4664.3 time, 1730.1 real, 1515.5 MB
[runlim] sample:		4702.7 time, 1740.1 real, 1515.8 MB
[runlim] sample:		4738.3 time, 1750.1 real, 1522.8 MB
[runlim] sample:		4778.4 time, 1760.1 real, 1527.1 MB
[runlim] sample:		4812.6 time, 1770.1 real, 1535.1 MB
[runlim] sample:		4852.6 time, 1780.1 real, 1535.1 MB
[runlim] sample:		4892.6 time, 1790.1 real, 1535.1 MB
[runlim] sample:		4932.7 time, 1800.1 real, 1522.8 MB
[runlim] end:			Wed Nov 12 12:23:44 2025
[runlim] status:		out of time
[runlim] result:		2
[runlim] children:		0
[runlim] real:			1800.14 seconds
[runlim] time:			4932.68 seconds
[runlim] space:			1709.4 MB
[runlim] samples:		18000
