[runlim] version:		1.10
[runlim] time limit:		311040000 seconds
[runlim] real time limit:	1800 seconds
[runlim] space limit:		30000 MB
[runlim] argv[0]:		python3
[runlim] argv[1]:		model.py
[runlim] argv[2]:		./graph/random_generated_graph_2013/p7_100_200
[runlim] start:			Wed Nov 12 12:23:44 2025
[runlim] main pid:		41424
[runlim] log captured:
Set parameter WLSAccessID
Set parameter WLSSecret
Set parameter LicenseID to value 2663665
Academic license 2663665 - for non-commercial use only - registered to tu___@vnu.edu.vn
Set parameter TimeLimit to value 1800
(w = 4) Value Cyclicantibandwidth: 4
Lables: [75, 45, 11, 71, 44, 24, 72, 99, 4, 83, 43, 35, 21, 25, 50, 68, 61, 5, 66, 1, 92, 22, 14, 70, 32, 39, 55, 85, 18, 98, 8, 93, 46, 97, 12, 94, 28, 62, 76, 64, 27, 58, 10, 65, 48, 56, 57, 96, 82, 60, 26, 33, 52, 15, 42, 13, 63, 41, 34, 90, 19, 51, 84, 3, 40, 36, 6, 74, 86, 2, 31, 17, 29, 54, 38, 47, 20, 88, 67, 69, 89, 7, 77, 81, 80, 78, 91, 16, 59, 53, 87, 95, 79, 37, 9, 23, 49, 30, 73, 100]
(w = 4) Correct Cyclicantibandwidth
Set parameter TimeLimit to value 1800
(w = 5) Value Cyclicantibandwidth: 5
Lables: [38, 75, 11, 98, 44, 24, 89, 59, 4, 83, 43, 35, 21, 25, 50, 68, 61, 13, 27, 1, 87, 22, 14, 70, 32, 34, 41, 85, 48, 37, 8, 97, 46, 71, 12, 7, 28, 62, 76, 23, 55, 58, 10, 65, 63, 56, 78, 96, 40, 60, 26, 33, 52, 15, 42, 72, 93, 66, 94, 90, 19, 51, 18, 3, 92, 36, 6, 74, 86, 2, 31, 17, 29, 5, 84, 47, 20, 57, 67, 77, 82, 9, 91, 16, 80, 39, 69, 64, 100, 53, 81, 45, 95, 79, 99, 54, 49, 30, 73, 88]
(w = 5) Correct Cyclicantibandwidth
Set parameter TimeLimit to value 1800
(w = 6) Value Cyclicantibandwidth: 6
Lables: [38, 63, 58, 5, 44, 24, 89, 99, 4, 83, 43, 35, 75, 25, 50, 68, 61, 13, 27, 1, 92, 22, 14, 70, 32, 21, 41, 85, 11, 98, 8, 97, 46, 71, 12, 94, 28, 62, 76, 72, 55, 64, 10, 65, 48, 56, 57, 96, 82, 60, 26, 33, 52, 15, 42, 78, 93, 66, 84, 90, 19, 51, 18, 3, 40, 36, 6, 34, 86, 2, 31, 17, 29, 54, 30, 47, 20, 88, 67, 77, 59, 16, 91, 23, 81, 45, 69, 74, 39, 53, 87, 80, 7, 79, 95, 37, 9, 73, 49, 100]
(w = 6) Correct Cyclicantibandwidth
Set parameter TimeLimit to value 1800
(w = 7) Value Cyclicantibandwidth: 7
Lables: [38, 75, 11, 5, 44, 6, 89, 78, 4, 83, 43, 35, 21, 25, 50, 68, 61, 13, 27, 1, 92, 22, 14, 70, 32, 2, 41, 85, 7, 98, 8, 97, 46, 71, 12, 94, 28, 62, 76, 64, 55, 58, 10, 65, 24, 56, 49, 96, 99, 60, 26, 33, 52, 15, 42, 72, 93, 66, 84, 90, 19, 51, 18, 48, 40, 36, 82, 63, 34, 54, 31, 17, 29, 73, 30, 47, 20, 88, 95, 77, 86, 59, 91, 67, 81, 45, 69, 74, 39, 53, 87, 80, 3, 79, 37, 57, 9, 23, 16, 100]
(w = 7) Correct Cyclicantibandwidth
Set parameter TimeLimit to value 1800
(w = 8) Value Cyclicantibandwidth: 8
Lables: [38, 75, 11, 5, 44, 24, 89, 41, 35, 83, 43, 10, 58, 25, 50, 68, 61, 13, 27, 1, 92, 22, 14, 70, 32, 2, 71, 85, 4, 98, 8, 97, 52, 91, 12, 94, 28, 62, 76, 64, 55, 81, 78, 65, 48, 56, 21, 96, 82, 60, 26, 33, 86, 46, 42, 72, 93, 66, 15, 90, 74, 51, 18, 3, 40, 36, 6, 63, 34, 99, 31, 17, 29, 57, 84, 9, 20, 88, 47, 77, 45, 30, 16, 67, 19, 39, 69, 59, 73, 53, 87, 80, 54, 79, 95, 7, 49, 23, 37, 100]
(w = 8) Correct Cyclicantibandwidth
Set parameter TimeLimit to value 1800
(w = 9) Value Cyclicantibandwidth: 9
Lables: [38, 67, 11, 5, 44, 24, 27, 41, 53, 43, 16, 35, 21, 25, 50, 68, 61, 13, 60, 1, 36, 22, 83, 30, 79, 12, 33, 85, 4, 98, 58, 81, 52, 91, 17, 15, 65, 32, 76, 64, 55, 86, 100, 9, 48, 75, 57, 28, 82, 29, 26, 63, 71, 59, 42, 72, 93, 45, 14, 90, 7, 49, 8, 19, 40, 74, 6, 46, 34, 97, 31, 70, 95, 73, 69, 2, 10, 56, 47, 78, 88, 96, 99, 92, 3, 39, 89, 80, 62, 18, 66, 87, 54, 20, 37, 23, 84, 77, 51, 94]
(w = 9) Correct Cyclicantibandwidth
Set parameter TimeLimit to value 1800
(w = 10) Value Cyclicantibandwidth: 10
Lables: [38, 58, 11, 5, 44, 24, 34, 31, 4, 83, 43, 35, 21, 25, 50, 1, 61, 13, 27, 67, 92, 22, 46, 70, 32, 28, 71, 89, 7, 98, 8, 81, 86, 33, 66, 20, 65, 6, 76, 64, 55, 49, 79, 9, 48, 23, 62, 96, 82, 60, 40, 94, 54, 78, 15, 42, 26, 85, 14, 90, 37, 68, 72, 3, 63, 36, 80, 56, 51, 41, 18, 52, 29, 73, 84, 47, 10, 69, 95, 39, 45, 57, 2, 93, 100, 19, 59, 74, 99, 97, 87, 12, 91, 17, 53, 30, 77, 75, 16, 88]
(w = 10) Correct Cyclicantibandwidth
Set parameter TimeLimit to value 1800
(w = 11) Value Cyclicantibandwidth: 11
Lables: [98, 75, 11, 42, 20, 24, 89, 92, 17, 31, 43, 35, 32, 25, 50, 68, 76, 86, 27, 1, 96, 22, 46, 70, 3, 12, 59, 61, 8, 5, 18, 81, 52, 95, 66, 47, 65, 6, 44, 64, 78, 58, 40, 16, 48, 23, 57, 97, 34, 60, 26, 93, 54, 30, 15, 41, 88, 56, 9, 90, 37, 21, 72, 82, 63, 36, 2, 62, 51, 28, 100, 55, 29, 73, 84, 10, 4, 69, 87, 39, 45, 14, 83, 91, 7, 19, 79, 74, 99, 13, 38, 80, 53, 71, 49, 33, 77, 94, 67, 85]
(w = 11) Correct Cyclicantibandwidth
Set parameter TimeLimit to value 1800
(w = 12) Value Cyclicantibandwidth: 12
Lables: [42, 75, 11, 28, 44, 78, 89, 41, 4, 83, 82, 35, 21, 25, 50, 68, 61, 13, 27, 1, 99, 22, 46, 70, 77, 12, 71, 85, 38, 98, 19, 81, 53, 33, 39, 52, 8, 62, 76, 17, 55, 58, 10, 65, 48, 23, 57, 96, 91, 60, 66, 93, 86, 30, 26, 72, 80, 56, 14, 90, 37, 16, 18, 43, 40, 36, 6, 63, 51, 92, 34, 79, 29, 73, 84, 47, 20, 49, 59, 5, 45, 7, 2, 3, 95, 24, 69, 74, 64, 97, 87, 15, 54, 32, 100, 31, 88, 9, 67, 94]
(w = 12) Correct Cyclicantibandwidth
Set parameter TimeLimit to value 1800
[runlim] sample:		10.0 time, 10.1 real, 82.3 MB
(w = 13) Value Cyclicantibandwidth: 13
Lables: [38, 75, 11, 78, 44, 67, 89, 41, 50, 83, 43, 21, 76, 13, 29, 68, 61, 86, 9, 72, 92, 22, 46, 35, 3, 12, 71, 5, 4, 98, 37, 24, 10, 33, 66, 47, 8, 62, 6, 70, 55, 58, 100, 65, 49, 23, 45, 96, 42, 53, 26, 93, 52, 36, 1, 60, 88, 56, 14, 90, 69, 20, 18, 81, 99, 94, 82, 63, 48, 40, 15, 79, 30, 73, 84, 85, 95, 57, 17, 28, 19, 7, 2, 34, 39, 27, 59, 74, 77, 97, 80, 16, 54, 87, 51, 31, 32, 25, 64, 91]
(w = 13) Correct Cyclicantibandwidth
Set parameter TimeLimit to value 1800
(w = 14) Value Cyclicantibandwidth: 14
Lables: [38, 75, 11, 85, 44, 67, 82, 52, 7, 97, 62, 35, 13, 99, 50, 68, 1, 93, 27, 31, 4, 22, 46, 51, 3, 12, 89, 74, 5, 98, 34, 76, 10, 66, 24, 16, 79, 65, 47, 64, 33, 63, 84, 58, 59, 23, 57, 96, 2, 60, 26, 18, 70, 40, 42, 80, 48, 77, 14, 36, 55, 20, 95, 39, 81, 6, 69, 54, 73, 72, 61, 37, 43, 8, 91, 15, 45, 56, 25, 53, 41, 21, 29, 88, 94, 28, 83, 71, 30, 17, 87, 90, 9, 78, 49, 32, 100, 86, 19, 92]
(w = 14) Correct Cyclicantibandwidth
Set parameter TimeLimit to value 1800
(w = 15) Value Cyclicantibandwidth: 15
Lables: [49, 68, 14, 85, 44, 24, 72, 37, 53, 83, 28, 27, 100, 7, 50, 51, 77, 98, 29, 62, 78, 15, 46, 70, 88, 97, 6, 17, 48, 4, 55, 19, 10, 61, 3, 16, 86, 67, 33, 18, 21, 58, 82, 65, 96, 23, 57, 59, 12, 60, 75, 42, 30, 22, 66, 87, 20, 5, 13, 11, 52, 38, 93, 54, 99, 36, 89, 71, 91, 32, 34, 25, 40, 73, 84, 90, 45, 56, 63, 39, 81, 2, 47, 1, 41, 26, 69, 76, 31, 43, 9, 8, 94, 79, 74, 35, 80, 95, 64, 92]
(w = 15) Correct Cyclicantibandwidth
Set parameter TimeLimit to value 1800
(w = 16) Value Cyclicantibandwidth: 16
Lables: [38, 75, 11, 3, 44, 17, 85, 41, 69, 83, 62, 35, 5, 96, 74, 8, 2, 22, 54, 45, 71, 84, 40, 70, 87, 92, 64, 68, 9, 98, 67, 86, 13, 50, 12, 16, 15, 49, 27, 21, 65, 58, 78, 10, 97, 23, 7, 47, 82, 60, 39, 93, 28, 32, 42, 61, 88, 91, 14, 72, 56, 19, 59, 25, 53, 36, 100, 51, 63, 55, 34, 79, 48, 73, 57, 4, 46, 26, 30, 29, 81, 6, 20, 89, 43, 33, 66, 76, 18, 31, 99, 52, 1, 77, 80, 37, 95, 94, 24, 90]
(w = 16) Correct Cyclicantibandwidth
Set parameter TimeLimit to value 1800
(w = 17) Value Cyclicantibandwidth: 17
Lables: [59, 98, 75, 11, 15, 24, 89, 41, 4, 83, 64, 35, 21, 7, 93, 94, 43, 13, 27, 42, 92, 22, 46, 54, 57, 20, 88, 85, 47, 32, 62, 81, 10, 33, 6, 50, 8, 65, 25, 40, 36, 84, 100, 19, 56, 23, 31, 96, 2, 12, 63, 38, 44, 72, 71, 90, 78, 91, 14, 5, 80, 66, 67, 48, 99, 87, 82, 79, 60, 77, 68, 53, 51, 73, 52, 9, 49, 58, 29, 61, 69, 26, 28, 3, 39, 30, 55, 76, 74, 16, 18, 45, 17, 86, 70, 34, 95, 37, 1, 97]
(w = 17) Correct Cyclicantibandwidth
Set parameter TimeLimit to value 1800
(w = 18) Value Cyclicantibandwidth: 18
Lables: [22, 56, 32, 8, 21, 98, 9, 30, 97, 20, 67, 45, 79, 4, 95, 58, 91, 59, 93, 23, 46, 36, 38, 82, 39, 5, 88, 40, 1, 6, 87, 61, 10, 78, 48, 92, 14, 69, 86, 53, 19, 71, 51, 2, 7, 54, 11, 96, 84, 62, 89, 99, 66, 27, 47, 60, 17, 72, 52, 37, 73, 26, 75, 15, 28, 76, 94, 34, 63, 81, 65, 49, 64, 25, 85, 100, 50, 24, 29, 90, 31, 42, 41, 44, 43, 33, 55, 68, 74, 18, 70, 83, 12, 77, 35, 13, 80, 57, 16, 3]
(w = 18) Correct Cyclicantibandwidth
Set parameter TimeLimit to value 1800
[runlim] sample:		20.3 time, 20.1 real, 177.6 MB
(w = 19) Value Cyclicantibandwidth: 19
Lables: [45, 74, 72, 2, 64, 5, 89, 70, 23, 83, 84, 41, 65, 7, 50, 90, 25, 93, 24, 47, 86, 55, 46, 67, 1, 26, 99, 85, 12, 98, 52, 62, 10, 56, 95, 39, 6, 35, 30, 57, 22, 79, 100, 20, 63, 15, 71, 53, 82, 18, 66, 16, 31, 60, 77, 54, 43, 68, 13, 91, 38, 32, 96, 81, 59, 97, 14, 33, 78, 48, 61, 73, 27, 17, 44, 11, 49, 29, 75, 40, 76, 8, 21, 51, 87, 37, 58, 4, 88, 69, 9, 19, 3, 42, 34, 36, 94, 80, 28, 92]
(w = 19) Correct Cyclicantibandwidth
Set parameter TimeLimit to value 1800
(w = 20) Value Cyclicantibandwidth: 20
Lables: [24, 62, 61, 8, 23, 96, 9, 36, 89, 22, 79, 49, 91, 4, 20, 57, 85, 58, 39, 25, 75, 34, 42, 69, 43, 5, 16, 44, 1, 6, 83, 67, 10, 84, 41, 88, 14, 71, 82, 53, 92, 81, 51, 2, 7, 54, 11, 90, 80, 59, 19, 17, 87, 29, 38, 66, 21, 74, 52, 35, 78, 28, 65, 86, 37, 77, 95, 32, 60, 93, 40, 63, 64, 27, 76, 100, 50, 26, 30, 15, 73, 46, 99, 48, 47, 31, 55, 70, 68, 45, 97, 98, 12, 72, 33, 13, 94, 56, 18, 3]
(w = 20) Correct Cyclicantibandwidth
Set parameter TimeLimit to value 1800
(w = 21) Value Cyclicantibandwidth: 21
Lables: [55, 75, 94, 5, 42, 53, 88, 78, 15, 100, 28, 38, 21, 7, 43, 86, 72, 36, 29, 62, 17, 22, 46, 80, 1, 12, 68, 81, 49, 98, 19, 89, 33, 57, 99, 54, 83, 61, 67, 41, 50, 79, 84, 32, 66, 23, 24, 47, 82, 35, 90, 40, 27, 59, 37, 91, 64, 2, 14, 97, 77, 31, 18, 25, 10, 96, 63, 92, 85, 4, 51, 73, 45, 87, 48, 6, 8, 26, 70, 58, 20, 56, 44, 3, 60, 11, 69, 76, 74, 34, 52, 65, 9, 13, 95, 39, 93, 71, 30, 16]
(w = 21) Correct Cyclicantibandwidth
Set parameter TimeLimit to value 1800
[runlim] sample:		30.6 time, 30.1 real, 195.2 MB
(w = 22) Value Cyclicantibandwidth: 22
Lables: [58, 13, 28, 38, 2, 96, 35, 99, 39, 67, 57, 36, 1, 85, 56, 92, 74, 73, 29, 23, 30, 41, 37, 26, 49, 66, 95, 25, 11, 44, 83, 78, 24, 91, 34, 43, 87, 18, 94, 8, 21, 68, 46, 22, 64, 86, 12, 20, 89, 31, 33, 50, 97, 9, 48, 53, 79, 63, 4, 59, 32, 15, 76, 6, 71, 93, 19, 52, 16, 62, 45, 10, 55, 3, 82, 65, 47, 7, 88, 100, 72, 81, 75, 70, 51, 69, 17, 98, 90, 27, 5, 61, 77, 42, 40, 60, 54, 84, 14, 80]
(w = 22) Correct Cyclicantibandwidth
Set parameter TimeLimit to value 1800
[runlim] sample:		42.4 time, 40.1 real, 330.4 MB
(w = 23) Value Cyclicantibandwidth: 23
Lables: [56, 75, 62, 61, 39, 14, 80, 95, 88, 89, 72, 11, 73, 6, 8, 57, 68, 100, 58, 29, 55, 35, 44, 21, 81, 10, 24, 13, 5, 99, 22, 52, 63, 40, 7, 50, 41, 66, 46, 12, 43, 84, 1, 26, 78, 42, 51, 70, 93, 59, 64, 97, 38, 36, 96, 86, 18, 4, 30, 28, 98, 16, 45, 25, 90, 49, 9, 53, 79, 27, 15, 31, 83, 34, 82, 60, 65, 76, 37, 54, 47, 48, 19, 71, 17, 32, 74, 33, 67, 20, 94, 92, 23, 91, 69, 2, 85, 3, 77, 87]
(w = 23) Correct Cyclicantibandwidth
Set parameter TimeLimit to value 1800
[runlim] sample:		53.0 time, 50.1 real, 345.0 MB
[runlim] sample:		64.8 time, 60.1 real, 423.8 MB
(w = 24) Value Cyclicantibandwidth: 24
Lables: [48, 9, 71, 2, 52, 60, 81, 30, 31, 43, 66, 18, 59, 23, 29, 84, 83, 100, 96, 50, 12, 37, 85, 90, 15, 20, 98, 11, 10, 62, 16, 57, 94, 70, 92, 73, 67, 95, 8, 7, 91, 65, 27, 88, 42, 77, 69, 3, 58, 19, 44, 53, 38, 93, 89, 49, 4, 24, 5, 39, 32, 33, 99, 78, 28, 17, 97, 47, 79, 46, 40, 86, 36, 74, 45, 61, 34, 1, 76, 68, 35, 25, 13, 64, 26, 56, 80, 72, 54, 51, 6, 22, 63, 87, 41, 55, 75, 21, 82, 14]
(w = 24) Correct Cyclicantibandwidth
Set parameter TimeLimit to value 1800
[runlim] sample:		76.9 time, 70.1 real, 481.5 MB
(w = 25) Value Cyclicantibandwidth: 25
Lables: [27, 53, 94, 31, 24, 97, 70, 59, 86, 8, 66, 30, 3, 93, 55, 69, 92, 57, 25, 19, 51, 88, 78, 74, 50, 36, 46, 60, 39, 98, 28, 22, 9, 38, 11, 79, 99, 48, 44, 32, 80, 56, 20, 83, 76, 7, 89, 54, 29, 35, 90, 33, 67, 61, 13, 77, 21, 58, 1, 14, 34, 81, 91, 45, 40, 42, 43, 75, 63, 12, 17, 41, 16, 5, 64, 15, 72, 73, 2, 85, 71, 10, 23, 6, 47, 95, 68, 100, 4, 52, 18, 96, 84, 65, 82, 26, 62, 37, 87, 49]
(w = 25) Correct Cyclicantibandwidth
Set parameter TimeLimit to value 1800
[runlim] sample:		87.0 time, 80.1 real, 419.0 MB
[runlim] sample:		100.7 time, 90.1 real, 521.7 MB
(w = 26) Value Cyclicantibandwidth: 26
Lables: [99, 19, 52, 51, 61, 59, 43, 21, 48, 14, 16, 27, 8, 58, 78, 7, 35, 5, 41, 31, 15, 91, 63, 29, 9, 36, 57, 34, 42, 47, 10, 84, 93, 67, 89, 53, 94, 65, 70, 17, 38, 82, 39, 72, 80, 6, 68, 32, 98, 44, 49, 30, 23, 90, 26, 40, 83, 77, 37, 95, 33, 24, 56, 13, 20, 45, 22, 74, 25, 81, 62, 85, 97, 54, 11, 64, 28, 12, 88, 50, 86, 76, 66, 96, 55, 71, 3, 69, 4, 100, 1, 73, 60, 92, 75, 79, 87, 46, 18, 2]
(w = 26) Correct Cyclicantibandwidth
Set parameter TimeLimit to value 1800
[runlim] sample:		111.5 time, 100.1 real, 421.0 MB
[runlim] sample:		121.7 time, 110.1 real, 396.9 MB
[runlim] sample:		131.8 time, 120.1 real, 469.1 MB
[runlim] sample:		142.0 time, 130.1 real, 528.8 MB
[runlim] sample:		152.1 time, 140.1 real, 522.5 MB
(w = 27) Value Cyclicantibandwidth: 27
Lables: [39, 21, 88, 66, 54, 79, 49, 38, 63, 18, 65, 32, 52, 94, 51, 28, 14, 19, 62, 55, 13, 74, 91, 69, 9, 64, 5, 83, 30, 80, 16, 95, 98, 61, 90, 84, 92, 46, 22, 20, 40, 96, 10, 73, 59, 17, 76, 50, 4, 45, 56, 97, 31, 8, 7, 70, 99, 89, 11, 3, 44, 33, 68, 41, 12, 100, 15, 71, 43, 93, 77, 35, 37, 86, 42, 36, 34, 53, 1, 48, 47, 6, 23, 67, 25, 78, 29, 2, 24, 87, 85, 60, 72, 81, 58, 75, 82, 27, 57, 26]
(w = 27) Correct Cyclicantibandwidth
Set parameter TimeLimit to value 1800
[runlim] sample:		162.9 time, 150.1 real, 526.1 MB
[runlim] sample:		173.1 time, 160.1 real, 478.5 MB
[runlim] sample:		183.2 time, 170.1 real, 524.2 MB
[runlim] sample:		193.4 time, 180.1 real, 531.2 MB
[runlim] sample:		203.6 time, 190.1 real, 497.7 MB
[runlim] sample:		213.7 time, 200.1 real, 502.2 MB
[runlim] sample:		223.9 time, 210.1 real, 530.6 MB
[runlim] sample:		238.4 time, 220.1 real, 547.6 MB
[runlim] sample:		250.5 time, 230.1 real, 530.8 MB
[runlim] sample:		267.3 time, 240.1 real, 632.8 MB
[runlim] sample:		307.2 time, 250.1 real, 697.6 MB
(w = 28) Value Cyclicantibandwidth: 28
Lables: [56, 59, 27, 91, 34, 99, 53, 63, 39, 37, 77, 86, 78, 5, 70, 41, 97, 20, 66, 67, 45, 4, 9, 44, 62, 73, 30, 6, 47, 29, 87, 8, 21, 89, 92, 98, 22, 75, 24, 10, 33, 57, 46, 3, 14, 54, 90, 83, 60, 69, 81, 71, 55, 1, 96, 49, 100, 95, 84, 18, 94, 26, 17, 85, 32, 74, 40, 15, 52, 23, 28, 68, 61, 48, 36, 72, 88, 80, 19, 64, 58, 13, 7, 93, 50, 11, 43, 16, 42, 35, 25, 2, 31, 65, 82, 12, 38, 51, 79, 76]
(w = 28) Correct Cyclicantibandwidth
Set parameter TimeLimit to value 1800
[runlim] sample:		328.1 time, 260.1 real, 735.4 MB
(w = 29) Value Cyclicantibandwidth: 29
Lables: [34, 90, 50, 68, 36, 100, 91, 25, 87, 31, 53, 39, 97, 5, 20, 85, 7, 14, 43, 47, 51, 46, 60, 55, 71, 18, 38, 65, 1, 19, 62, 56, 96, 67, 44, 61, 69, 98, 21, 40, 9, 99, 59, 2, 6, 42, 23, 8, 57, 79, 82, 15, 12, 49, 83, 66, 16, 10, 63, 52, 84, 28, 86, 95, 32, 45, 77, 33, 76, 29, 37, 48, 94, 73, 92, 13, 3, 88, 35, 81, 70, 24, 26, 58, 27, 30, 75, 74, 89, 78, 41, 17, 54, 80, 72, 22, 11, 64, 93, 4]
(w = 29) Correct Cyclicantibandwidth
Set parameter TimeLimit to value 1800
[runlim] sample:		338.5 time, 270.1 real, 590.5 MB
[runlim] sample:		349.6 time, 280.1 real, 622.4 MB
[runlim] sample:		359.8 time, 290.1 real, 639.2 MB
[runlim] sample:		369.9 time, 300.1 real, 637.2 MB
[runlim] sample:		380.1 time, 310.1 real, 650.6 MB
[runlim] sample:		390.2 time, 320.1 real, 666.9 MB
[runlim] sample:		400.4 time, 330.1 real, 674.6 MB
[runlim] sample:		410.6 time, 340.1 real, 626.3 MB
[runlim] sample:		420.7 time, 350.1 real, 676.6 MB
[runlim] sample:		430.9 time, 360.1 real, 675.6 MB
[runlim] sample:		441.0 time, 370.1 real, 666.8 MB
[runlim] sample:		451.2 time, 380.1 real, 670.9 MB
[runlim] sample:		461.4 time, 390.1 real, 680.3 MB
[runlim] sample:		471.5 time, 400.1 real, 670.9 MB
[runlim] sample:		485.4 time, 410.1 real, 666.0 MB
[runlim] sample:		523.9 time, 420.1 real, 747.9 MB
[runlim] sample:		563.9 time, 430.1 real, 713.6 MB
[runlim] sample:		603.1 time, 440.1 real, 742.1 MB
[runlim] sample:		643.1 time, 450.1 real, 753.3 MB
[runlim] sample:		682.8 time, 460.1 real, 758.1 MB
[runlim] sample:		722.8 time, 470.1 real, 805.7 MB
[runlim] sample:		762.9 time, 480.1 real, 850.9 MB
[runlim] sample:		802.9 time, 490.1 real, 829.3 MB
[runlim] sample:		841.7 time, 500.1 real, 829.4 MB
[runlim] sample:		881.7 time, 510.1 real, 882.6 MB
[runlim] sample:		921.7 time, 520.1 real, 884.6 MB
[runlim] sample:		961.8 time, 530.1 real, 833.7 MB
[runlim] sample:		1001.4 time, 540.1 real, 854.7 MB
[runlim] sample:		1040.2 time, 550.1 real, 1011.7 MB
[runlim] sample:		1080.2 time, 560.1 real, 1046.7 MB
(w = 30) Value Cyclicantibandwidth: 30
Lables: [64, 40, 63, 88, 87, 45, 95, 58, 7, 55, 35, 12, 51, 100, 94, 14, 50, 9, 4, 39, 2, 75, 96, 98, 57, 66, 44, 21, 5, 78, 29, 60, 28, 85, 86, 6, 54, 24, 26, 38, 89, 52, 93, 25, 43, 13, 27, 81, 72, 99, 79, 84, 20, 33, 46, 97, 77, 74, 1, 59, 49, 18, 16, 32, 76, 91, 11, 62, 37, 53, 82, 42, 80, 73, 67, 68, 3, 23, 48, 19, 8, 65, 47, 56, 90, 61, 30, 34, 36, 15, 41, 83, 10, 17, 71, 70, 69, 92, 22, 31]
(w = 30) Correct Cyclicantibandwidth
Set parameter TimeLimit to value 1800
[runlim] sample:		1093.6 time, 570.1 real, 829.7 MB
[runlim] sample:		1103.8 time, 580.1 real, 786.8 MB
[runlim] sample:		1113.9 time, 590.1 real, 858.0 MB
[runlim] sample:		1124.1 time, 600.1 real, 832.9 MB
[runlim] sample:		1134.2 time, 610.1 real, 841.3 MB
[runlim] sample:		1144.4 time, 620.1 real, 834.3 MB
[runlim] sample:		1154.5 time, 630.1 real, 752.9 MB
[runlim] sample:		1164.7 time, 640.1 real, 862.3 MB
[runlim] sample:		1174.9 time, 650.1 real, 844.3 MB
[runlim] sample:		1185.0 time, 660.1 real, 847.7 MB
[runlim] sample:		1195.2 time, 670.1 real, 846.3 MB
[runlim] sample:		1207.2 time, 680.1 real, 886.9 MB
[runlim] sample:		1244.2 time, 690.1 real, 819.8 MB
[runlim] sample:		1284.2 time, 700.1 real, 819.8 MB
[runlim] sample:		1324.2 time, 710.1 real, 824.9 MB
[runlim] sample:		1362.0 time, 720.1 real, 826.6 MB
[runlim] sample:		1401.3 time, 730.1 real, 824.9 MB
[runlim] sample:		1438.9 time, 740.1 real, 1003.5 MB
[runlim] sample:		1478.9 time, 750.1 real, 851.5 MB
[runlim] sample:		1519.0 time, 760.1 real, 858.7 MB
[runlim] sample:		1559.0 time, 770.1 real, 868.8 MB
[runlim] sample:		1598.2 time, 780.1 real, 837.6 MB
[runlim] sample:		1638.2 time, 790.1 real, 840.2 MB
[runlim] sample:		1678.2 time, 800.1 real, 811.6 MB
[runlim] sample:		1718.2 time, 810.1 real, 837.4 MB
[runlim] sample:		1757.0 time, 820.1 real, 839.1 MB
[runlim] sample:		1797.1 time, 830.1 real, 843.8 MB
[runlim] sample:		1833.7 time, 840.1 real, 857.3 MB
[runlim] sample:		1873.7 time, 850.1 real, 861.1 MB
[runlim] sample:		1913.4 time, 860.1 real, 867.3 MB
[runlim] sample:		1953.5 time, 870.1 real, 877.2 MB
[runlim] sample:		1993.5 time, 880.1 real, 892.2 MB
[runlim] sample:		2033.5 time, 890.1 real, 1056.1 MB
[runlim] sample:		2071.6 time, 900.1 real, 940.0 MB
[runlim] sample:		2111.6 time, 910.1 real, 912.0 MB
[runlim] sample:		2151.1 time, 920.1 real, 908.9 MB
[runlim] sample:		2191.1 time, 930.1 real, 908.1 MB
[runlim] sample:		2231.0 time, 940.1 real, 882.9 MB
[runlim] sample:		2271.0 time, 950.1 real, 864.3 MB
[runlim] sample:		2310.6 time, 960.1 real, 842.7 MB
[runlim] sample:		2350.7 time, 970.1 real, 900.8 MB
[runlim] sample:		2390.4 time, 980.1 real, 906.0 MB
[runlim] sample:		2430.4 time, 990.1 real, 930.3 MB
[runlim] sample:		2469.8 time, 1000.1 real, 926.7 MB
[runlim] sample:		2509.9 time, 1010.1 real, 963.2 MB
[runlim] sample:		2549.4 time, 1020.1 real, 926.6 MB
[runlim] sample:		2589.4 time, 1030.1 real, 936.6 MB
[runlim] sample:		2629.1 time, 1040.1 real, 954.6 MB
[runlim] sample:		2669.1 time, 1050.1 real, 901.3 MB
[runlim] sample:		2695.4 time, 1060.1 real, 946.2 MB
[runlim] sample:		2705.9 time, 1070.1 real, 975.8 MB
[runlim] sample:		2716.3 time, 1080.1 real, 975.8 MB
[runlim] sample:		2734.9 time, 1090.1 real, 1076.5 MB
[runlim] sample:		2745.4 time, 1100.1 real, 1082.4 MB
[runlim] sample:		2772.5 time, 1110.1 real, 1500.5 MB
[runlim] sample:		2802.7 time, 1120.1 real, 1415.3 MB
[runlim] sample:		2831.2 time, 1130.1 real, 1388.3 MB
[runlim] sample:		2858.6 time, 1140.1 real, 1487.1 MB
[runlim] sample:		2888.7 time, 1150.1 real, 1487.4 MB
[runlim] sample:		2918.9 time, 1160.1 real, 1443.5 MB
[runlim] sample:		2949.1 time, 1170.1 real, 1485.8 MB
[runlim] sample:		2979.2 time, 1180.1 real, 1438.6 MB
[runlim] sample:		3009.4 time, 1190.1 real, 1420.2 MB
[runlim] sample:		3039.5 time, 1200.1 real, 1487.6 MB
[runlim] sample:		3069.7 time, 1210.1 real, 1437.1 MB
[runlim] sample:		3099.8 time, 1220.1 real, 1357.6 MB
[runlim] sample:		3130.0 time, 1230.1 real, 1380.0 MB
[runlim] sample:		3160.2 time, 1240.1 real, 1327.4 MB
[runlim] sample:		3190.3 time, 1250.1 real, 1416.8 MB
[runlim] sample:		3220.5 time, 1260.1 real, 1481.0 MB
[runlim] sample:		3246.9 time, 1270.1 real, 1372.2 MB
[runlim] sample:		3267.2 time, 1280.1 real, 1375.9 MB
[runlim] sample:		3287.6 time, 1290.1 real, 1358.0 MB
[runlim] sample:		3307.8 time, 1300.1 real, 1374.2 MB
[runlim] sample:		3328.1 time, 1310.1 real, 1374.3 MB
(w = 31) Value Cyclicantibandwidth: 31
Lables: [74, 78, 52, 75, 55, 47, 65, 44, 95, 71, 61, 8, 81, 21, 12, 77, 20, 25, 11, 90, 80, 53, 40, 60, 86, 9, 36, 24, 3, 28, 96, 64, 1, 39, 83, 27, 63, 15, 14, 26, 18, 41, 66, 31, 42, 10, 17, 79, 62, 2, 94, 23, 19, 59, 54, 67, 48, 51, 5, 49, 45, 6, 92, 98, 82, 99, 87, 38, 84, 33, 58, 88, 70, 73, 50, 93, 4, 97, 35, 16, 89, 29, 30, 56, 32, 34, 68, 43, 76, 85, 37, 22, 13, 91, 72, 46, 57, 69, 100, 7]
(w = 31) Correct Cyclicantibandwidth
Set parameter TimeLimit to value 1800
[runlim] sample:		3342.9 time, 1320.1 real, 1152.4 MB
[runlim] sample:		3353.1 time, 1330.1 real, 1152.4 MB
[runlim] sample:		3363.3 time, 1340.1 real, 1152.4 MB
[runlim] sample:		3373.4 time, 1350.1 real, 1152.4 MB
[runlim] sample:		3383.6 time, 1360.1 real, 1152.4 MB
[runlim] sample:		3393.8 time, 1370.1 real, 1152.4 MB
[runlim] sample:		3403.9 time, 1380.1 real, 1152.4 MB
[runlim] sample:		3414.1 time, 1390.1 real, 1152.4 MB
[runlim] sample:		3424.2 time, 1400.1 real, 1152.4 MB
[runlim] sample:		3434.4 time, 1410.1 real, 1152.4 MB
[runlim] sample:		3444.5 time, 1420.1 real, 1152.4 MB
[runlim] sample:		3454.7 time, 1430.1 real, 1152.4 MB
[runlim] sample:		3466.6 time, 1440.1 real, 1152.4 MB
[runlim] sample:		3489.1 time, 1450.1 real, 1198.0 MB
[runlim] sample:		3528.7 time, 1460.1 real, 1199.9 MB
[runlim] sample:		3568.7 time, 1470.1 real, 1194.4 MB
[runlim] sample:		3608.4 time, 1480.1 real, 1215.1 MB
[runlim] sample:		3647.9 time, 1490.1 real, 1235.7 MB
[runlim] sample:		3687.9 time, 1500.1 real, 1240.8 MB
[runlim] sample:		3727.4 time, 1510.1 real, 1242.1 MB
[runlim] sample:		3766.8 time, 1520.1 real, 1256.4 MB
[runlim] sample:		3806.8 time, 1530.1 real, 1271.0 MB
[runlim] sample:		3845.9 time, 1540.1 real, 1270.4 MB
[runlim] sample:		3885.9 time, 1550.1 real, 1272.4 MB
[runlim] sample:		3923.9 time, 1560.1 real, 1309.7 MB
[runlim] sample:		3963.9 time, 1570.1 real, 1314.5 MB
[runlim] sample:		4002.7 time, 1580.1 real, 1309.7 MB
[runlim] sample:		4042.7 time, 1590.1 real, 1312.1 MB
[runlim] sample:		4082.8 time, 1600.1 real, 1309.1 MB
[runlim] sample:		4098.4 time, 1610.1 real, 1313.2 MB
[runlim] sample:		4135.6 time, 1620.1 real, 1315.6 MB
[runlim] sample:		4175.7 time, 1630.1 real, 1318.9 MB
[runlim] sample:		4215.6 time, 1640.1 real, 1313.4 MB
[runlim] sample:		4255.6 time, 1650.1 real, 1314.1 MB
[runlim] sample:		4286.0 time, 1660.1 real, 1312.8 MB
[runlim] sample:		4322.2 time, 1670.1 real, 1317.6 MB
[runlim] sample:		4362.2 time, 1680.1 real, 1307.0 MB
[runlim] sample:		4401.7 time, 1690.1 real, 1311.6 MB
[runlim] sample:		4441.7 time, 1700.1 real, 1313.4 MB
[runlim] sample:		4480.4 time, 1710.1 real, 1308.4 MB
[runlim] sample:		4516.1 time, 1720.1 real, 1322.1 MB
[runlim] sample:		4556.2 time, 1730.1 real, 1350.5 MB
[runlim] sample:		4595.8 time, 1740.1 real, 1322.1 MB
[runlim] sample:		4635.8 time, 1750.1 real, 1317.1 MB
[runlim] sample:		4675.2 time, 1760.1 real, 1320.1 MB
[runlim] sample:		4714.8 time, 1770.1 real, 1316.6 MB
[runlim] sample:		4754.8 time, 1780.1 real, 1318.8 MB
[runlim] sample:		4794.4 time, 1790.1 real, 1327.3 MB
[runlim] end:			Wed Nov 12 12:53:44 2025
[runlim] status:		out of time
[runlim] result:		2
[runlim] children:		0
[runlim] real:			1800.07 seconds
[runlim] time:			4833.98 seconds
[runlim] space:			1557.2 MB
[runlim] samples:		17999
