[runlim] version:		1.10
[runlim] time limit:		311040000 seconds
[runlim] real time limit:	1800 seconds
[runlim] space limit:		30000 MB
[runlim] argv[0]:		python3
[runlim] argv[1]:		model.py
[runlim] argv[2]:		./graph/random_generated_graph_2013/p9_100_200
[runlim] start:			Wed Nov 12 13:23:44 2025
[runlim] main pid:		42117
[runlim] log captured:
Set parameter WLSAccessID
Set parameter WLSSecret
Set parameter LicenseID to value 2663665
Academic license 2663665 - for non-commercial use only - registered to tu___@vnu.edu.vn
Set parameter TimeLimit to value 1800
(w = 4) Value Cyclicantibandwidth: 4
Lables: [38, 75, 11, 5, 44, 72, 89, 99, 4, 83, 43, 35, 21, 25, 50, 68, 61, 13, 27, 1, 92, 87, 14, 70, 32, 67, 71, 46, 78, 98, 96, 97, 79, 91, 41, 94, 28, 62, 76, 64, 55, 58, 10, 65, 48, 56, 53, 51, 82, 60, 85, 33, 77, 15, 42, 52, 22, 8, 34, 36, 19, 84, 18, 73, 66, 93, 6, 63, 23, 2, 31, 17, 29, 57, 30, 47, 20, 88, 74, 39, 26, 7, 3, 40, 81, 86, 69, 16, 59, 12, 90, 80, 95, 9, 24, 37, 45, 49, 100, 54]
(w = 4) Correct Cyclicantibandwidth
Set parameter TimeLimit to value 1800
(w = 5) Value Cyclicantibandwidth: 5
Lables: [38, 75, 11, 5, 44, 24, 89, 99, 4, 83, 43, 35, 14, 21, 67, 68, 61, 13, 50, 1, 92, 22, 48, 70, 32, 34, 71, 46, 78, 98, 96, 97, 52, 91, 41, 94, 28, 62, 76, 64, 55, 58, 10, 65, 27, 56, 25, 51, 82, 60, 85, 33, 86, 15, 42, 88, 93, 8, 84, 36, 19, 49, 18, 73, 66, 6, 26, 63, 23, 72, 31, 17, 29, 54, 30, 47, 20, 79, 74, 39, 2, 7, 77, 53, 95, 81, 69, 40, 59, 12, 90, 80, 57, 9, 45, 37, 3, 87, 100, 16]
(w = 5) Correct Cyclicantibandwidth
Set parameter TimeLimit to value 1800
(w = 6) Value Cyclicantibandwidth: 6
Lables: [38, 4, 22, 5, 44, 24, 89, 99, 43, 83, 95, 35, 34, 21, 50, 68, 61, 13, 27, 1, 92, 98, 14, 70, 32, 67, 88, 46, 78, 11, 96, 97, 52, 91, 41, 94, 28, 62, 76, 64, 55, 58, 10, 65, 16, 56, 25, 51, 82, 60, 85, 33, 86, 23, 71, 59, 93, 8, 15, 36, 19, 84, 18, 73, 66, 6, 90, 63, 12, 72, 48, 17, 29, 54, 30, 75, 42, 79, 74, 39, 2, 7, 77, 53, 81, 69, 26, 20, 3, 40, 87, 49, 31, 9, 57, 37, 80, 45, 100, 47]
(w = 6) Correct Cyclicantibandwidth
Set parameter TimeLimit to value 1800
(w = 7) Value Cyclicantibandwidth: 7
Lables: [38, 75, 11, 5, 44, 24, 71, 99, 4, 83, 43, 35, 34, 21, 50, 68, 61, 13, 27, 1, 92, 70, 14, 47, 32, 67, 88, 46, 78, 98, 96, 97, 52, 9, 41, 94, 28, 37, 76, 64, 55, 58, 10, 65, 26, 56, 25, 51, 82, 60, 85, 33, 86, 15, 42, 59, 22, 8, 84, 89, 57, 93, 18, 73, 66, 6, 90, 63, 12, 72, 31, 17, 48, 54, 62, 19, 20, 79, 74, 29, 2, 7, 77, 53, 95, 69, 16, 40, 39, 49, 87, 23, 91, 45, 30, 36, 80, 81, 3, 100]
(w = 7) Correct Cyclicantibandwidth
Set parameter TimeLimit to value 1800
(w = 8) Value Cyclicantibandwidth: 8
Lables: [38, 75, 11, 5, 44, 24, 89, 99, 4, 83, 43, 35, 34, 21, 50, 68, 1, 25, 27, 52, 92, 70, 14, 47, 32, 67, 88, 46, 78, 98, 96, 97, 28, 71, 41, 94, 7, 62, 76, 64, 55, 58, 10, 65, 26, 23, 80, 51, 82, 60, 85, 33, 86, 15, 42, 59, 22, 56, 84, 36, 19, 93, 18, 73, 66, 6, 8, 63, 61, 72, 31, 17, 48, 54, 40, 69, 20, 79, 74, 29, 90, 45, 2, 53, 95, 77, 16, 57, 39, 12, 87, 49, 91, 13, 37, 30, 9, 81, 3, 100]
(w = 8) Correct Cyclicantibandwidth
Set parameter TimeLimit to value 1800
(w = 9) Value Cyclicantibandwidth: 9
Lables: [38, 75, 11, 5, 44, 24, 89, 99, 41, 17, 43, 35, 34, 21, 50, 68, 61, 55, 27, 1, 92, 70, 14, 47, 32, 67, 88, 46, 78, 98, 96, 97, 52, 71, 57, 94, 28, 62, 76, 64, 25, 58, 10, 65, 26, 23, 80, 51, 82, 60, 85, 33, 86, 15, 42, 59, 22, 56, 84, 36, 19, 93, 18, 73, 66, 6, 8, 63, 12, 72, 31, 4, 48, 16, 40, 69, 20, 79, 74, 29, 90, 7, 2, 54, 95, 77, 39, 45, 83, 53, 87, 49, 91, 13, 37, 30, 9, 81, 3, 100]
(w = 9) Correct Cyclicantibandwidth
Set parameter TimeLimit to value 1800
(w = 10) Value Cyclicantibandwidth: 10
Lables: [38, 75, 11, 5, 44, 24, 89, 99, 4, 16, 43, 35, 34, 21, 50, 68, 61, 13, 27, 1, 71, 86, 19, 47, 32, 67, 88, 85, 78, 98, 96, 97, 46, 31, 41, 94, 28, 62, 76, 64, 55, 58, 10, 65, 26, 23, 25, 51, 15, 60, 81, 93, 52, 48, 42, 59, 22, 92, 84, 36, 82, 49, 18, 73, 66, 6, 8, 74, 70, 72, 7, 17, 29, 30, 40, 69, 20, 56, 95, 39, 2, 37, 91, 54, 3, 77, 83, 57, 33, 12, 63, 9, 100, 90, 79, 80, 14, 53, 87, 45]
(w = 10) Correct Cyclicantibandwidth
Set parameter TimeLimit to value 1800
(w = 11) Value Cyclicantibandwidth: 11
Lables: [38, 75, 11, 3, 44, 24, 89, 99, 4, 16, 43, 35, 5, 21, 50, 68, 61, 13, 27, 74, 92, 86, 52, 47, 32, 67, 88, 85, 78, 98, 96, 97, 46, 71, 41, 94, 28, 62, 76, 64, 55, 58, 10, 65, 26, 37, 14, 51, 15, 60, 81, 93, 1, 48, 42, 59, 22, 34, 84, 36, 80, 49, 18, 73, 66, 6, 8, 23, 70, 72, 31, 17, 29, 30, 40, 19, 20, 56, 95, 39, 2, 7, 91, 54, 69, 77, 83, 57, 33, 82, 63, 9, 100, 90, 79, 87, 12, 53, 25, 45]
(w = 11) Correct Cyclicantibandwidth
Set parameter TimeLimit to value 1800
(w = 12) Value Cyclicantibandwidth: 12
Lables: [38, 75, 11, 5, 44, 24, 89, 72, 4, 16, 1, 35, 68, 3, 50, 62, 51, 13, 27, 66, 92, 86, 21, 47, 32, 67, 88, 85, 78, 98, 37, 97, 46, 71, 41, 94, 8, 14, 76, 64, 52, 58, 10, 93, 26, 56, 25, 49, 22, 9, 96, 80, 31, 60, 42, 40, 17, 82, 36, 59, 55, 84, 18, 73, 100, 6, 70, 77, 34, 2, 43, 57, 87, 63, 48, 19, 61, 79, 15, 29, 99, 7, 30, 54, 95, 69, 23, 45, 39, 53, 74, 12, 91, 90, 28, 81, 20, 83, 33, 65]
(w = 12) Correct Cyclicantibandwidth
Set parameter TimeLimit to value 1800
(w = 13) Value Cyclicantibandwidth: 13
Lables: [38, 94, 97, 5, 44, 99, 89, 53, 4, 16, 43, 35, 68, 11, 34, 62, 51, 13, 27, 66, 63, 86, 28, 47, 49, 1, 88, 52, 78, 98, 96, 91, 46, 71, 41, 42, 75, 85, 50, 64, 55, 58, 10, 65, 26, 56, 25, 61, 22, 9, 81, 93, 32, 60, 24, 59, 57, 82, 15, 36, 80, 84, 18, 67, 100, 6, 90, 31, 17, 72, 30, 77, 87, 74, 40, 14, 20, 79, 19, 3, 2, 7, 92, 54, 95, 69, 29, 37, 48, 33, 12, 8, 39, 23, 83, 70, 76, 73, 21, 45]
(w = 13) Correct Cyclicantibandwidth
Set parameter TimeLimit to value 1800
[runlim] sample:		10.0 time, 10.1 real, 80.2 MB
(w = 14) Value Cyclicantibandwidth: 14
Lables: [38, 75, 11, 5, 92, 93, 89, 53, 4, 13, 24, 50, 68, 21, 29, 99, 3, 91, 28, 97, 78, 44, 26, 52, 49, 27, 88, 37, 43, 17, 39, 14, 47, 32, 41, 79, 8, 80, 86, 54, 55, 70, 10, 65, 30, 96, 25, 73, 22, 9, 81, 66, 42, 46, 76, 59, 56, 82, 15, 36, 95, 84, 20, 67, 83, 6, 90, 77, 63, 72, 1, 23, 87, 60, 40, 19, 64, 45, 18, 85, 2, 35, 98, 31, 69, 58, 100, 57, 48, 94, 74, 12, 34, 61, 33, 71, 7, 62, 16, 51]
(w = 14) Correct Cyclicantibandwidth
Set parameter TimeLimit to value 1800
(w = 15) Value Cyclicantibandwidth: 15
Lables: [38, 75, 11, 5, 44, 99, 89, 73, 7, 16, 39, 35, 68, 18, 30, 62, 51, 21, 27, 66, 57, 86, 28, 47, 32, 29, 88, 49, 67, 98, 96, 43, 46, 71, 41, 85, 8, 14, 76, 4, 55, 50, 69, 65, 26, 40, 25, 61, 22, 13, 56, 93, 52, 60, 42, 59, 17, 94, 24, 36, 87, 84, 31, 92, 100, 6, 37, 77, 70, 72, 20, 23, 74, 95, 78, 19, 9, 79, 12, 1, 2, 45, 97, 54, 63, 80, 64, 3, 48, 33, 82, 10, 34, 90, 81, 91, 15, 58, 83, 53]
(w = 15) Correct Cyclicantibandwidth
Set parameter TimeLimit to value 1800
(w = 16) Value Cyclicantibandwidth: 16
Lables: [38, 84, 11, 5, 80, 93, 73, 25, 55, 51, 24, 34, 65, 21, 42, 85, 2, 79, 27, 39, 69, 87, 23, 47, 49, 32, 7, 67, 78, 29, 44, 8, 46, 12, 36, 16, 35, 14, 68, 94, 13, 58, 10, 61, 28, 56, 92, 91, 22, 9, 50, 95, 82, 60, 54, 59, 86, 30, 15, 52, 83, 88, 31, 3, 89, 6, 33, 66, 71, 57, 97, 4, 74, 53, 41, 1, 70, 37, 76, 99, 19, 48, 96, 90, 62, 43, 26, 81, 98, 63, 77, 100, 40, 20, 45, 64, 17, 72, 18, 75]
(w = 16) Correct Cyclicantibandwidth
Set parameter TimeLimit to value 1800
(w = 17) Value Cyclicantibandwidth: 17
Lables: [89, 75, 11, 5, 47, 17, 53, 56, 4, 38, 20, 35, 68, 23, 50, 80, 51, 70, 27, 44, 55, 86, 34, 52, 66, 19, 54, 85, 26, 18, 16, 97, 29, 71, 41, 62, 37, 7, 76, 95, 74, 58, 10, 84, 94, 39, 79, 65, 67, 9, 48, 73, 82, 25, 42, 46, 77, 8, 92, 36, 93, 49, 32, 98, 43, 6, 90, 33, 1, 91, 61, 22, 28, 30, 40, 13, 83, 24, 63, 21, 2, 99, 3, 15, 57, 64, 69, 81, 96, 88, 78, 14, 31, 87, 45, 60, 12, 59, 100, 72]
(w = 17) Correct Cyclicantibandwidth
Set parameter TimeLimit to value 1800
(w = 18) Value Cyclicantibandwidth: 18
Lables: [39, 10, 17, 6, 8, 88, 80, 43, 78, 51, 55, 41, 70, 3, 56, 65, 23, 69, 21, 36, 57, 92, 52, 48, 22, 44, 91, 28, 87, 79, 46, 97, 47, 13, 42, 5, 61, 15, 75, 2, 37, 58, 1, 95, 89, 68, 12, 96, 59, 50, 60, 66, 84, 40, 33, 62, 7, 94, 54, 45, 76, 82, 29, 72, 9, 100, 30, 16, 24, 98, 31, 64, 81, 77, 53, 74, 73, 85, 4, 32, 83, 99, 93, 63, 35, 26, 19, 11, 20, 49, 14, 86, 67, 25, 38, 34, 90, 71, 27, 18]
(w = 18) Correct Cyclicantibandwidth
Set parameter TimeLimit to value 1800
[runlim] sample:		20.0 time, 20.1 real, 129.5 MB
(w = 19) Value Cyclicantibandwidth: 19
Lables: [43, 2, 22, 1, 6, 59, 52, 97, 61, 27, 15, 7, 4, 54, 44, 29, 25, 65, 79, 80, 82, 60, 23, 51, 45, 35, 55, 58, 70, 46, 91, 8, 5, 73, 3, 81, 36, 56, 63, 98, 87, 50, 16, 88, 41, 95, 72, 66, 38, 71, 47, 31, 9, 62, 67, 40, 86, 74, 11, 12, 68, 64, 32, 75, 13, 26, 17, 30, 85, 77, 96, 84, 78, 57, 33, 37, 93, 20, 76, 89, 14, 90, 48, 99, 92, 39, 83, 18, 94, 100, 24, 21, 28, 42, 10, 49, 69, 34, 53, 19]
(w = 19) Correct Cyclicantibandwidth
Set parameter TimeLimit to value 1800
(w = 20) Value Cyclicantibandwidth: 20
Lables: [37, 80, 23, 5, 42, 91, 57, 48, 4, 44, 11, 34, 52, 31, 96, 43, 73, 69, 20, 93, 59, 92, 28, 49, 85, 13, 50, 18, 36, 81, 33, 1, 46, 71, 61, 90, 10, 63, 60, 54, 32, 62, 87, 79, 100, 40, 88, 39, 64, 9, 78, 15, 86, 67, 47, 45, 19, 84, 3, 22, 55, 58, 27, 66, 68, 2, 75, 77, 89, 12, 76, 26, 29, 21, 41, 97, 8, 30, 99, 24, 98, 82, 94, 38, 72, 65, 25, 56, 6, 53, 14, 16, 17, 74, 7, 35, 83, 70, 95, 51]
(w = 20) Correct Cyclicantibandwidth
Set parameter TimeLimit to value 1800
(w = 21) Value Cyclicantibandwidth: 21
Lables: [46, 2, 24, 1, 6, 65, 52, 21, 66, 29, 87, 7, 4, 80, 89, 32, 27, 70, 11, 79, 91, 67, 25, 51, 48, 81, 60, 62, 68, 49, 97, 8, 5, 78, 3, 98, 39, 86, 53, 72, 92, 22, 18, 85, 50, 59, 43, 88, 40, 73, 54, 75, 9, 76, 96, 44, 19, 77, 12, 13, 58, 69, 30, 38, 14, 28, 16, 33, 84, 74, 20, 42, 63, 61, 31, 71, 100, 37, 82, 64, 83, 93, 55, 99, 90, 36, 41, 95, 94, 15, 26, 23, 34, 45, 10, 56, 47, 35, 57, 17]
(w = 21) Correct Cyclicantibandwidth
Set parameter TimeLimit to value 1800
[runlim] sample:		30.8 time, 30.1 real, 199.6 MB
(w = 22) Value Cyclicantibandwidth: 22
Lables: [48, 2, 25, 1, 6, 68, 53, 92, 69, 32, 22, 7, 4, 87, 93, 33, 28, 72, 11, 83, 100, 70, 26, 51, 54, 39, 88, 63, 71, 55, 94, 8, 5, 80, 3, 98, 40, 62, 56, 81, 91, 23, 15, 84, 50, 97, 66, 86, 41, 76, 57, 79, 9, 75, 96, 46, 21, 73, 12, 13, 67, 77, 29, 37, 14, 31, 20, 34, 82, 65, 89, 36, 64, 74, 30, 43, 99, 42, 52, 61, 85, 78, 58, 19, 90, 44, 45, 18, 95, 16, 27, 24, 35, 47, 10, 59, 49, 38, 60, 17]
(w = 22) Correct Cyclicantibandwidth
Set parameter TimeLimit to value 1800
[runlim] sample:		42.9 time, 40.1 real, 344.3 MB
(w = 23) Value Cyclicantibandwidth: 23
Lables: [50, 53, 8, 27, 54, 79, 28, 43, 65, 76, 80, 86, 22, 19, 74, 16, 96, 92, 90, 66, 24, 45, 88, 29, 36, 81, 57, 46, 51, 97, 68, 55, 49, 95, 83, 31, 58, 56, 47, 61, 41, 4, 69, 71, 77, 32, 33, 63, 1, 67, 35, 6, 82, 3, 37, 5, 12, 87, 25, 84, 44, 62, 100, 48, 23, 9, 64, 93, 98, 40, 17, 20, 73, 30, 52, 18, 13, 89, 7, 2, 75, 70, 72, 38, 99, 10, 94, 91, 21, 42, 26, 78, 14, 11, 39, 34, 59, 60, 85, 15]
(w = 23) Correct Cyclicantibandwidth
Set parameter TimeLimit to value 1800
[runlim] sample:		54.4 time, 50.1 real, 417.6 MB
(w = 24) Value Cyclicantibandwidth: 24
Lables: [69, 19, 52, 28, 27, 55, 86, 96, 26, 66, 71, 22, 1, 65, 77, 74, 29, 37, 50, 94, 98, 25, 58, 83, 70, 85, 12, 42, 4, 78, 13, 18, 6, 32, 23, 68, 39, 36, 14, 90, 53, 56, 9, 79, 76, 75, 88, 30, 67, 33, 97, 47, 10, 3, 34, 80, 63, 40, 62, 24, 46, 100, 59, 95, 11, 87, 15, 89, 72, 91, 45, 48, 93, 92, 81, 49, 8, 54, 51, 16, 7, 44, 57, 17, 20, 84, 64, 21, 2, 99, 31, 43, 61, 73, 5, 41, 82, 60, 35, 38]
(w = 24) Correct Cyclicantibandwidth
Set parameter TimeLimit to value 1800
[runlim] sample:		66.0 time, 60.1 real, 480.3 MB
(w = 25) Value Cyclicantibandwidth: 25
Lables: [54, 48, 1, 30, 15, 93, 42, 67, 28, 6, 98, 82, 38, 100, 76, 69, 63, 83, 4, 29, 27, 64, 97, 22, 51, 85, 32, 80, 3, 75, 39, 44, 19, 49, 70, 41, 79, 84, 36, 31, 53, 62, 96, 47, 73, 58, 14, 88, 55, 13, 35, 95, 46, 2, 45, 18, 78, 87, 61, 8, 24, 26, 74, 40, 5, 10, 60, 9, 52, 11, 57, 37, 92, 90, 68, 17, 12, 89, 33, 34, 43, 7, 77, 94, 20, 81, 72, 65, 23, 56, 50, 91, 16, 66, 21, 71, 25, 86, 59, 99]
(w = 25) Correct Cyclicantibandwidth
Set parameter TimeLimit to value 1800
[runlim] sample:		77.5 time, 70.1 real, 459.4 MB
[runlim] sample:		88.7 time, 80.1 real, 561.4 MB
[runlim] sample:		98.9 time, 90.1 real, 564.1 MB
[runlim] sample:		109.0 time, 100.1 real, 587.4 MB
[runlim] sample:		119.2 time, 110.1 real, 603.7 MB
[runlim] sample:		129.3 time, 120.1 real, 632.6 MB
[runlim] sample:		139.5 time, 130.1 real, 658.0 MB
[runlim] sample:		149.7 time, 140.1 real, 632.3 MB
[runlim] sample:		159.8 time, 150.1 real, 653.6 MB
[runlim] sample:		174.8 time, 160.1 real, 666.9 MB
[runlim] sample:		186.9 time, 170.1 real, 627.8 MB
[runlim] sample:		216.3 time, 180.1 real, 725.8 MB
(w = 26) Value Cyclicantibandwidth: 26
Lables: [50, 42, 65, 5, 30, 10, 26, 39, 7, 87, 47, 90, 84, 23, 95, 12, 58, 21, 43, 91, 13, 14, 57, 16, 24, 64, 19, 20, 32, 56, 61, 41, 29, 85, 1, 70, 11, 8, 25, 9, 45, 78, 66, 35, 3, 37, 28, 49, 62, 53, 69, 74, 77, 38, 81, 68, 40, 44, 22, 100, 17, 93, 79, 51, 76, 54, 97, 88, 71, 33, 80, 60, 31, 89, 36, 48, 92, 72, 63, 46, 94, 52, 55, 98, 82, 4, 67, 18, 99, 6, 83, 96, 75, 59, 86, 15, 27, 34, 2, 73]
(w = 26) Correct Cyclicantibandwidth
Set parameter TimeLimit to value 1800
[runlim] sample:		241.9 time, 190.1 real, 526.6 MB
[runlim] sample:		253.1 time, 200.1 real, 556.9 MB
[runlim] sample:		263.3 time, 210.1 real, 572.4 MB
[runlim] sample:		273.4 time, 220.1 real, 554.8 MB
[runlim] sample:		283.6 time, 230.1 real, 573.4 MB
[runlim] sample:		293.7 time, 240.1 real, 570.1 MB
[runlim] sample:		303.9 time, 250.1 real, 570.1 MB
[runlim] sample:		314.0 time, 260.1 real, 556.8 MB
[runlim] sample:		324.2 time, 270.1 real, 598.7 MB
[runlim] sample:		334.3 time, 280.1 real, 605.2 MB
[runlim] sample:		344.5 time, 290.1 real, 612.8 MB
[runlim] sample:		363.5 time, 300.1 real, 630.5 MB
[runlim] sample:		400.9 time, 310.1 real, 705.6 MB
(w = 27) Value Cyclicantibandwidth: 27
Lables: [97, 83, 88, 3, 90, 38, 1, 66, 14, 31, 75, 82, 11, 45, 20, 52, 84, 32, 95, 33, 25, 68, 41, 27, 78, 61, 5, 4, 47, 28, 79, 81, 26, 98, 53, 6, 58, 40, 85, 29, 49, 76, 71, 59, 17, 67, 8, 55, 63, 50, 65, 80, 94, 62, 86, 10, 15, 60, 91, 39, 34, 21, 56, 12, 44, 16, 51, 19, 89, 99, 48, 2, 30, 36, 74, 23, 7, 70, 9, 73, 46, 18, 69, 57, 42, 22, 54, 92, 77, 100, 96, 37, 13, 87, 93, 43, 24, 35, 72, 64]
(w = 27) Correct Cyclicantibandwidth
Set parameter TimeLimit to value 1800
[runlim] sample:		413.6 time, 320.1 real, 600.5 MB
[runlim] sample:		423.8 time, 330.1 real, 639.1 MB
[runlim] sample:		433.9 time, 340.1 real, 634.6 MB
[runlim] sample:		444.1 time, 350.1 real, 615.1 MB
[runlim] sample:		454.2 time, 360.1 real, 559.3 MB
[runlim] sample:		464.4 time, 370.1 real, 618.6 MB
[runlim] sample:		474.5 time, 380.1 real, 621.1 MB
[runlim] sample:		484.7 time, 390.1 real, 618.6 MB
[runlim] sample:		497.5 time, 400.1 real, 614.2 MB
[runlim] sample:		536.9 time, 410.1 real, 691.0 MB
[runlim] sample:		574.8 time, 420.1 real, 683.0 MB
(w = 28) Value Cyclicantibandwidth: 28
Lables: [74, 69, 64, 49, 5, 38, 32, 95, 29, 98, 42, 2, 99, 35, 92, 27, 67, 22, 97, 14, 46, 41, 71, 40, 90, 76, 10, 44, 20, 52, 86, 61, 17, 87, 96, 79, 51, 45, 60, 53, 66, 78, 11, 26, 36, 91, 24, 48, 77, 62, 59, 68, 4, 8, 83, 100, 19, 70, 85, 3, 43, 18, 1, 65, 6, 31, 28, 23, 84, 25, 73, 56, 21, 33, 7, 57, 37, 81, 63, 55, 72, 93, 50, 9, 47, 34, 89, 88, 15, 12, 80, 30, 16, 58, 82, 75, 39, 13, 54, 94]
(w = 28) Correct Cyclicantibandwidth
Set parameter TimeLimit to value 1800
[runlim] sample:		593.0 time, 430.1 real, 594.2 MB
[runlim] sample:		603.2 time, 440.1 real, 522.5 MB
[runlim] sample:		613.3 time, 450.1 real, 624.5 MB
[runlim] sample:		623.5 time, 460.1 real, 562.8 MB
[runlim] sample:		633.7 time, 470.1 real, 543.6 MB
[runlim] sample:		643.8 time, 480.1 real, 573.4 MB
[runlim] sample:		654.0 time, 490.1 real, 644.6 MB
[runlim] sample:		664.1 time, 500.1 real, 648.7 MB
[runlim] sample:		674.3 time, 510.1 real, 650.3 MB
[runlim] sample:		684.5 time, 520.1 real, 645.3 MB
[runlim] sample:		696.3 time, 530.1 real, 644.8 MB
[runlim] sample:		718.2 time, 540.1 real, 629.7 MB
[runlim] sample:		756.3 time, 550.1 real, 662.1 MB
[runlim] sample:		795.1 time, 560.1 real, 794.6 MB
[runlim] sample:		832.6 time, 570.1 real, 847.0 MB
(w = 29) Value Cyclicantibandwidth: 29
Lables: [24, 96, 5, 2, 10, 9, 15, 80, 35, 64, 86, 46, 41, 52, 76, 34, 94, 54, 68, 37, 95, 7, 75, 25, 36, 53, 21, 23, 44, 42, 85, 70, 30, 61, 45, 4, 56, 58, 22, 19, 83, 73, 87, 51, 62, 20, 14, 57, 72, 82, 98, 74, 89, 33, 60, 38, 29, 77, 99, 47, 17, 66, 65, 81, 92, 91, 8, 28, 88, 11, 49, 12, 43, 40, 39, 79, 6, 59, 78, 18, 84, 93, 1, 27, 69, 50, 100, 48, 13, 16, 71, 67, 26, 97, 90, 55, 3, 31, 63, 32]
(w = 29) Correct Cyclicantibandwidth
Set parameter TimeLimit to value 1800
[runlim] sample:		856.0 time, 580.1 real, 766.6 MB
[runlim] sample:		866.9 time, 590.1 real, 812.5 MB
[runlim] sample:		877.0 time, 600.1 real, 831.4 MB
[runlim] sample:		887.2 time, 610.1 real, 870.4 MB
[runlim] sample:		897.4 time, 620.1 real, 865.1 MB
[runlim] sample:		907.5 time, 630.1 real, 869.7 MB
[runlim] sample:		917.7 time, 640.1 real, 757.2 MB
[runlim] sample:		927.8 time, 650.1 real, 860.5 MB
[runlim] sample:		938.0 time, 660.1 real, 864.9 MB
[runlim] sample:		948.1 time, 670.1 real, 843.7 MB
[runlim] sample:		958.3 time, 680.1 real, 869.6 MB
[runlim] sample:		975.0 time, 690.1 real, 855.8 MB
[runlim] sample:		1014.7 time, 700.1 real, 842.7 MB
[runlim] sample:		1054.8 time, 710.1 real, 816.8 MB
(w = 30) Value Cyclicantibandwidth: 30
Lables: [53, 56, 91, 49, 58, 76, 78, 35, 73, 5, 33, 44, 6, 4, 29, 92, 47, 10, 22, 59, 87, 72, 41, 89, 17, 28, 97, 50, 81, 2, 45, 57, 96, 36, 24, 46, 1, 70, 63, 69, 40, 15, 30, 25, 21, 20, 77, 95, 18, 48, 52, 55, 34, 79, 42, 16, 11, 38, 31, 12, 98, 61, 19, 74, 90, 94, 84, 100, 37, 68, 99, 93, 82, 88, 13, 14, 75, 9, 54, 65, 80, 23, 66, 8, 67, 3, 27, 83, 71, 39, 32, 86, 26, 43, 62, 64, 85, 7, 60, 51]
(w = 30) Correct Cyclicantibandwidth
Set parameter TimeLimit to value 1800
[runlim] sample:		1080.7 time, 720.1 real, 747.6 MB
[runlim] sample:		1091.9 time, 730.1 real, 766.1 MB
[runlim] sample:		1102.0 time, 740.1 real, 784.8 MB
[runlim] sample:		1112.2 time, 750.1 real, 784.6 MB
[runlim] sample:		1122.3 time, 760.1 real, 750.2 MB
[runlim] sample:		1132.5 time, 770.1 real, 739.2 MB
[runlim] sample:		1142.6 time, 780.1 real, 755.0 MB
[runlim] sample:		1152.8 time, 790.1 real, 685.7 MB
[runlim] sample:		1162.9 time, 800.1 real, 754.9 MB
[runlim] sample:		1173.1 time, 810.1 real, 676.0 MB
[runlim] sample:		1183.2 time, 820.1 real, 744.2 MB
[runlim] sample:		1195.2 time, 830.1 real, 746.2 MB
[runlim] sample:		1229.1 time, 840.1 real, 756.2 MB
[runlim] sample:		1268.8 time, 850.1 real, 764.1 MB
[runlim] sample:		1308.4 time, 860.1 real, 795.2 MB
[runlim] sample:		1348.2 time, 870.1 real, 819.7 MB
[runlim] sample:		1388.2 time, 880.1 real, 858.2 MB
[runlim] sample:		1427.3 time, 890.1 real, 953.2 MB
[runlim] sample:		1464.6 time, 900.1 real, 888.5 MB
[runlim] sample:		1504.6 time, 910.1 real, 896.8 MB
[runlim] sample:		1542.9 time, 920.1 real, 901.7 MB
[runlim] sample:		1583.0 time, 930.1 real, 913.3 MB
[runlim] sample:		1621.8 time, 940.1 real, 953.8 MB
[runlim] sample:		1661.8 time, 950.1 real, 962.5 MB
[runlim] sample:		1701.2 time, 960.1 real, 965.2 MB
[runlim] sample:		1741.3 time, 970.1 real, 962.8 MB
[runlim] sample:		1780.6 time, 980.1 real, 965.0 MB
[runlim] sample:		1820.4 time, 990.1 real, 1004.1 MB
[runlim] sample:		1858.8 time, 1000.1 real, 982.5 MB
[runlim] sample:		1895.4 time, 1010.1 real, 986.7 MB
[runlim] sample:		1935.4 time, 1020.1 real, 983.9 MB
[runlim] sample:		1967.3 time, 1030.1 real, 984.3 MB
[runlim] sample:		2001.2 time, 1040.1 real, 989.5 MB
[runlim] sample:		2039.3 time, 1050.1 real, 988.5 MB
[runlim] sample:		2077.3 time, 1060.1 real, 994.4 MB
[runlim] sample:		2116.2 time, 1070.1 real, 1017.8 MB
[runlim] sample:		2156.2 time, 1080.1 real, 1023.3 MB
[runlim] sample:		2196.2 time, 1090.1 real, 990.8 MB
[runlim] sample:		2236.2 time, 1100.1 real, 1029.4 MB
[runlim] sample:		2275.4 time, 1110.1 real, 1020.5 MB
[runlim] sample:		2315.5 time, 1120.1 real, 1027.1 MB
[runlim] sample:		2353.0 time, 1130.1 real, 1026.7 MB
[runlim] sample:		2393.1 time, 1140.1 real, 1036.6 MB
[runlim] sample:		2432.6 time, 1150.1 real, 1040.0 MB
[runlim] sample:		2472.7 time, 1160.1 real, 1058.0 MB
[runlim] sample:		2512.0 time, 1170.1 real, 1015.5 MB
[runlim] sample:		2552.0 time, 1180.1 real, 1011.6 MB
[runlim] sample:		2578.6 time, 1190.1 real, 1003.3 MB
[runlim] sample:		2618.6 time, 1200.1 real, 1004.0 MB
[runlim] sample:		2651.9 time, 1210.1 real, 989.1 MB
[runlim] sample:		2691.9 time, 1220.1 real, 995.4 MB
[runlim] sample:		2727.9 time, 1230.1 real, 999.4 MB
[runlim] sample:		2740.1 time, 1240.1 real, 1075.0 MB
[runlim] sample:		2750.5 time, 1250.1 real, 1075.0 MB
[runlim] sample:		2768.9 time, 1260.1 real, 1170.0 MB
[runlim] sample:		2787.2 time, 1270.1 real, 1428.1 MB
[runlim] sample:		2817.4 time, 1280.1 real, 1543.0 MB
[runlim] sample:		2846.7 time, 1290.1 real, 1460.2 MB
[runlim] sample:		2876.9 time, 1300.1 real, 1506.0 MB
[runlim] sample:		2906.3 time, 1310.1 real, 1530.1 MB
[runlim] sample:		2936.5 time, 1320.1 real, 1437.5 MB
[runlim] sample:		2966.6 time, 1330.1 real, 1420.3 MB
[runlim] sample:		2996.8 time, 1340.1 real, 1467.2 MB
[runlim] sample:		3026.9 time, 1350.1 real, 1448.0 MB
[runlim] sample:		3057.1 time, 1360.1 real, 1466.3 MB
[runlim] sample:		3087.2 time, 1370.1 real, 1484.6 MB
[runlim] sample:		3117.4 time, 1380.1 real, 1467.1 MB
[runlim] sample:		3147.6 time, 1390.1 real, 1465.7 MB
[runlim] sample:		3177.7 time, 1400.1 real, 1449.0 MB
[runlim] sample:		3207.8 time, 1410.1 real, 1468.3 MB
[runlim] sample:		3238.0 time, 1420.1 real, 1466.1 MB
[runlim] sample:		3268.2 time, 1430.1 real, 1408.0 MB
[runlim] sample:		3298.3 time, 1440.1 real, 1506.6 MB
[runlim] sample:		3328.5 time, 1450.1 real, 1521.8 MB
[runlim] sample:		3358.6 time, 1460.1 real, 1519.0 MB
[runlim] sample:		3388.8 time, 1470.1 real, 1487.6 MB
[runlim] sample:		3418.9 time, 1480.1 real, 1501.5 MB
[runlim] sample:		3449.1 time, 1490.1 real, 1500.5 MB
[runlim] sample:		3479.2 time, 1500.1 real, 1519.3 MB
[runlim] sample:		3509.4 time, 1510.1 real, 1503.7 MB
[runlim] sample:		3521.5 time, 1520.1 real, 1380.6 MB
[runlim] sample:		3531.9 time, 1530.1 real, 1380.6 MB
[runlim] sample:		3542.3 time, 1540.1 real, 1380.9 MB
[runlim] sample:		3552.7 time, 1550.1 real, 1380.9 MB
[runlim] sample:		3564.8 time, 1560.1 real, 1358.3 MB
[runlim] sample:		3583.5 time, 1570.1 real, 1335.9 MB
[runlim] sample:		3616.8 time, 1580.1 real, 1337.6 MB
[runlim] sample:		3637.4 time, 1590.1 real, 1337.8 MB
[runlim] sample:		3672.3 time, 1600.1 real, 1337.8 MB
[runlim] sample:		3706.6 time, 1610.1 real, 1337.8 MB
[runlim] sample:		3736.8 time, 1620.1 real, 1346.5 MB
[runlim] sample:		3767.0 time, 1630.1 real, 1352.7 MB
[runlim] sample:		3796.8 time, 1640.1 real, 1342.4 MB
(w = 31) Value Cyclicantibandwidth: 31
Lables: [39, 9, 22, 23, 24, 85, 31, 51, 35, 70, 98, 80, 34, 64, 89, 19, 97, 6, 68, 53, 8, 2, 66, 45, 38, 93, 29, 36, 57, 81, 63, 88, 52, 14, 79, 33, 67, 82, 46, 32, 94, 91, 99, 84, 55, 41, 25, 95, 92, 100, 37, 12, 20, 86, 42, 40, 73, 76, 58, 71, 44, 90, 77, 13, 87, 11, 74, 26, 4, 30, 61, 47, 59, 56, 54, 27, 7, 60, 10, 28, 5, 78, 83, 43, 96, 62, 21, 69, 15, 16, 17, 72, 49, 3, 50, 65, 48, 75, 18, 1]
(w = 31) Correct Cyclicantibandwidth
Set parameter TimeLimit to value 1800
[runlim] sample:		3809.3 time, 1650.1 real, 1313.0 MB
[runlim] sample:		3819.5 time, 1660.1 real, 1313.0 MB
[runlim] sample:		3829.7 time, 1670.1 real, 1313.0 MB
[runlim] sample:		3839.8 time, 1680.1 real, 1313.0 MB
[runlim] sample:		3850.0 time, 1690.1 real, 1313.0 MB
[runlim] sample:		3860.1 time, 1700.1 real, 1313.0 MB
[runlim] sample:		3870.3 time, 1710.1 real, 1313.0 MB
[runlim] sample:		3880.4 time, 1720.1 real, 1313.0 MB
[runlim] sample:		3890.6 time, 1730.1 real, 1313.0 MB
[runlim] sample:		3900.8 time, 1740.1 real, 1313.0 MB
[runlim] sample:		3910.9 time, 1750.1 real, 1313.0 MB
[runlim] sample:		3921.1 time, 1760.1 real, 1313.0 MB
[runlim] sample:		3933.1 time, 1770.1 real, 1313.0 MB
[runlim] sample:		3970.0 time, 1780.1 real, 1346.6 MB
[runlim] sample:		4005.2 time, 1790.1 real, 1344.6 MB
[runlim] end:			Wed Nov 12 13:53:44 2025
[runlim] status:		out of time
[runlim] result:		2
[runlim] children:		0
[runlim] real:			1800.04 seconds
[runlim] time:			4044.81 seconds
[runlim] space:			1572.1 MB
[runlim] samples:		17999
