[runlim] version:		1.10
[runlim] time limit:		311040000 seconds
[runlim] real time limit:	150 seconds
[runlim] space limit:		30000 MB
[runlim] argv[0]:		python3
[runlim] argv[1]:		model.py
[runlim] argv[2]:		./graph/hypercube/hypercube_8_256.txt
[runlim] start:			Mon Nov  3 06:35:06 2025
[runlim] main pid:		11505
[runlim] log captured:
Set parameter WLSAccessID
Set parameter WLSSecret
Set parameter LicenseID to value 2663665
Academic license 2663665 - for non-commercial use only - registered to tu___@vnu.edu.vn
Set parameter TimeLimit to value 1800
[runlim] sample:		10.0 time, 10.1 real, 116.5 MB
[runlim] sample:		20.0 time, 20.1 real, 185.5 MB
[runlim] sample:		30.0 time, 30.1 real, 253.2 MB
[runlim] sample:		40.0 time, 40.1 real, 320.4 MB
[runlim] sample:		50.1 time, 50.1 real, 384.3 MB
(w = 45) Value Cyclicantibandwidth: 45
Lables: [74, 120, 210, 8, 145, 55, 15, 178, 149, 70, 23, 164, 42, 216, 118, 43, 144, 31, 98, 217, 38, 153, 212, 24, 69, 181, 182, 116, 142, 48, 11, 177, 220, 22, 112, 219, 21, 211, 66, 132, 93, 165, 234, 39, 143, 41, 189, 241, 64, 195, 173, 114, 123, 9, 7, 198, 150, 44, 36, 191, 252, 128, 126, 54, 247, 174, 104, 59, 61, 110, 196, 249, 37, 232, 180, 115, 172, 62, 65, 162, 194, 102, 51, 154, 239, 50, 140, 202, 136, 29, 2, 199, 46, 155, 188, 94, 84, 223, 187, 12, 135, 32, 1, 193, 156, 103, 28, 161, 85, 151, 137, 56, 254, 47, 125, 218, 73, 148, 197, 27, 52, 183, 205, 95, 152, 33, 16, 141, 6, 168, 159, 90, 77, 226, 224, 18, 92, 228, 225, 25, 235, 30, 72, 147, 82, 242, 248, 139, 163, 100, 111, 221, 3, 129, 79, 185, 57, 175, 167, 75, 113, 231, 245, 34, 229, 20, 122, 209, 233, 109, 49, 208, 40, 179, 246, 88, 5, 134, 124, 244, 67, 192, 176, 131, 83, 240, 201, 106, 157, 81, 60, 251, 101, 26, 14, 138, 250, 158, 117, 68, 186, 71, 99, 230, 53, 203, 170, 19, 10, 166, 127, 255, 80, 236, 243, 146, 87, 238, 184, 107, 160, 35, 58, 227, 17, 130, 121, 214, 76, 213, 169, 4, 96, 204, 237, 108, 206, 45, 86, 190, 105, 256, 207, 63, 171, 89, 91, 200, 253, 119, 133, 13, 97, 215, 222, 78]
(w = 45) Correct Cyclicantibandwidth
Set parameter TimeLimit to value 1800
[runlim] sample:		60.1 time, 60.1 real, 1034.1 MB
[runlim] sample:		70.1 time, 70.1 real, 1096.9 MB
[runlim] sample:		80.1 time, 80.1 real, 1164.1 MB
[runlim] sample:		90.1 time, 90.1 real, 1226.6 MB
[runlim] sample:		100.1 time, 100.1 real, 1293.9 MB
(w = 46) Value Cyclicantibandwidth: 46
Lables: [67, 120, 213, 12, 145, 55, 18, 191, 149, 26, 101, 164, 30, 117, 177, 35, 237, 31, 98, 217, 91, 211, 212, 123, 86, 189, 204, 13, 201, 48, 68, 179, 152, 22, 95, 219, 21, 132, 161, 15, 37, 226, 163, 96, 143, 41, 42, 167, 53, 187, 173, 108, 153, 34, 3, 198, 157, 44, 87, 155, 47, 169, 156, 88, 255, 174, 109, 58, 54, 110, 181, 4, 89, 227, 180, 116, 172, 28, 20, 184, 190, 102, 51, 160, 254, 50, 135, 209, 136, 29, 2, 210, 46, 238, 188, 129, 84, 223, 216, 105, 141, 32, 69, 203, 154, 56, 38, 214, 40, 130, 186, 45, 1, 49, 118, 208, 70, 125, 197, 33, 52, 126, 205, 75, 146, 76, 64, 178, 6, 168, 159, 90, 60, 220, 218, 24, 59, 236, 215, 27, 151, 36, 39, 175, 140, 221, 248, 139, 230, 43, 61, 199, 8, 85, 94, 185, 104, 195, 150, 93, 66, 225, 5, 162, 128, 82, 79, 222, 247, 92, 114, 235, 80, 240, 196, 119, 244, 138, 103, 7, 62, 200, 206, 127, 74, 249, 256, 106, 246, 81, 72, 183, 113, 14, 9, 137, 250, 165, 121, 73, 228, 171, 99, 231, 97, 232, 170, 25, 10, 166, 147, 57, 111, 251, 194, 133, 83, 233, 202, 112, 243, 122, 71, 182, 17, 115, 134, 23, 65, 224, 11, 144, 100, 252, 207, 142, 245, 77, 63, 234, 158, 242, 19, 124, 16, 78, 107, 193, 241, 176, 148, 229, 192, 239, 253, 131]
(w = 46) Correct Cyclicantibandwidth
Set parameter TimeLimit to value 1800
[runlim] sample:		110.1 time, 110.1 real, 1036.5 MB
[runlim] sample:		120.2 time, 120.1 real, 1098.2 MB
[runlim] sample:		130.2 time, 130.1 real, 1162.8 MB
[runlim] sample:		140.2 time, 140.1 real, 1227.7 MB
[runlim] sample:		150.2 time, 150.1 real, 1293.0 MB
[runlim] end:			Mon Nov  3 06:37:36 2025
[runlim] status:		out of time
[runlim] result:		2
[runlim] children:		0
[runlim] real:			150.12 seconds
[runlim] time:			150.19 seconds
[runlim] space:			1329.4 MB
[runlim] samples:		1500
