[runlim] version:		1.10
[runlim] time limit:		311040000 seconds
[runlim] real time limit:	1800 seconds
[runlim] space limit:		30000 MB
[runlim] argv[0]:		python3
[runlim] argv[1]:		model.py
[runlim] argv[2]:		./graph/double_star/double_star_150_25.txt
[runlim] start:			Tue Nov  4 16:22:38 2025
[runlim] main pid:		79824
[runlim] log captured:
Set parameter WLSAccessID
Set parameter WLSSecret
Set parameter LicenseID to value 2663665
Academic license 2663665 - for non-commercial use only - registered to tu___@vnu.edu.vn
Set parameter TimeLimit to value 1800
(w = 4) Value Cyclicantibandwidth: 4
Lables: [73, 96, 88, 154, 59, 7, 162, 21, 81, 132, 18, 150, 82, 143, 144, 85, 37, 2, 113, 41, 33, 28, 142, 124, 54, 48, 100, 84, 62, 167, 163, 122, 12, 11, 105, 117, 137, 87, 166, 60, 159, 101, 19, 98, 78, 153, 9, 56, 39, 151, 50, 66, 43, 112, 61, 138, 104, 58, 155, 147, 169, 34, 23, 1, 51, 129, 27, 95, 5, 103, 97, 38, 14, 139, 86, 170, 42, 146, 31, 24, 109, 65, 152, 77, 114, 46, 165, 120, 172, 107, 4, 106, 83, 145, 131, 160, 32, 164, 111, 126, 141, 171, 168, 8, 136, 53, 92, 57, 148, 13, 26, 52, 99, 79, 93, 125, 89, 158, 17, 161, 135, 110, 115, 156, 45, 80, 22, 118, 44, 91, 102, 64, 49, 6, 108, 35, 40, 149, 140, 55, 36, 175, 90, 130, 123, 47, 174, 29, 94, 116, 157, 15, 127, 119, 76, 16, 30, 72, 121, 69, 74, 67, 70, 63, 10, 20, 71, 25, 128, 134, 75, 133, 3, 173, 68]
(w = 4) Correct Cyclicantibandwidth
Set parameter TimeLimit to value 1800
(w = 5) Value Cyclicantibandwidth: 5
Lables: [73, 96, 46, 154, 59, 7, 78, 21, 81, 103, 112, 150, 82, 143, 30, 85, 87, 2, 126, 41, 28, 162, 26, 124, 54, 48, 11, 84, 133, 24, 163, 130, 12, 167, 105, 117, 137, 8, 128, 60, 106, 101, 19, 98, 53, 153, 9, 56, 168, 151, 50, 132, 43, 31, 61, 138, 33, 58, 155, 147, 169, 34, 23, 1, 51, 62, 146, 166, 5, 174, 97, 38, 14, 144, 6, 39, 42, 160, 148, 159, 109, 129, 152, 16, 114, 88, 165, 120, 172, 107, 4, 18, 83, 145, 10, 3, 32, 164, 111, 113, 141, 171, 90, 127, 136, 139, 92, 65, 45, 13, 25, 52, 99, 79, 93, 125, 95, 158, 116, 161, 135, 175, 115, 156, 131, 80, 22, 118, 35, 122, 170, 173, 49, 91, 108, 29, 40, 149, 140, 55, 36, 100, 123, 57, 110, 47, 37, 64, 94, 102, 157, 77, 104, 119, 86, 70, 67, 72, 68, 69, 27, 76, 63, 74, 89, 15, 20, 17, 71, 134, 142, 66, 44, 121, 75]
(w = 5) Correct Cyclicantibandwidth
Set parameter TimeLimit to value 1800
(w = 6) Value Cyclicantibandwidth: 6
Lables: [1, 7, 8, 9, 10, 11, 13, 14, 15, 16, 17, 18, 19, 20, 21, 22, 23, 24, 25, 26, 27, 28, 29, 30, 31, 32, 33, 34, 35, 36, 37, 38, 39, 40, 41, 42, 43, 44, 45, 46, 47, 48, 49, 50, 51, 52, 53, 54, 55, 56, 57, 58, 59, 60, 61, 62, 63, 64, 65, 66, 67, 68, 69, 70, 71, 72, 73, 74, 75, 76, 77, 78, 79, 80, 81, 82, 83, 84, 85, 86, 87, 114, 150, 132, 122, 153, 162, 154, 126, 123, 111, 152, 151, 136, 134, 121, 139, 108, 137, 170, 130, 168, 101, 96, 113, 116, 166, 117, 131, 158, 164, 105, 163, 99, 128, 143, 112, 161, 97, 146, 103, 155, 145, 98, 135, 167, 159, 124, 118, 127, 144, 138, 160, 169, 100, 148, 120, 104, 109, 157, 115, 156, 133, 125, 149, 165, 102, 142, 106, 129, 12, 2, 3, 4, 5, 6, 88, 89, 90, 91, 92, 93, 94, 95, 171, 173, 175, 147, 119, 174, 141, 107, 172, 110, 140]
(w = 6) Correct Cyclicantibandwidth
Set parameter TimeLimit to value 1800
(w = 7) Value Cyclicantibandwidth: 7
Lables: [69, 96, 88, 154, 59, 7, 78, 21, 81, 103, 6, 150, 82, 143, 123, 85, 37, 2, 126, 41, 28, 162, 26, 124, 54, 48, 11, 84, 133, 24, 163, 130, 12, 167, 105, 117, 137, 87, 128, 60, 106, 101, 19, 98, 53, 153, 9, 56, 104, 151, 50, 132, 43, 31, 61, 138, 33, 122, 155, 147, 169, 34, 23, 1, 51, 62, 146, 95, 5, 174, 97, 38, 14, 144, 86, 149, 42, 160, 148, 159, 109, 129, 152, 77, 114, 46, 165, 120, 172, 107, 4, 18, 83, 145, 10, 3, 32, 164, 111, 113, 141, 171, 168, 161, 136, 139, 92, 76, 45, 13, 25, 79, 99, 27, 93, 125, 89, 158, 116, 49, 135, 175, 115, 156, 131, 80, 22, 118, 35, 52, 170, 173, 20, 91, 108, 29, 40, 58, 140, 55, 36, 100, 90, 112, 110, 47, 166, 57, 94, 102, 157, 15, 127, 119, 74, 16, 30, 66, 68, 39, 75, 72, 70, 67, 63, 65, 8, 17, 71, 134, 73, 121, 142, 64, 44]
(w = 7) Correct Cyclicantibandwidth
Set parameter TimeLimit to value 1800
(w = 8) Value Cyclicantibandwidth: 8
Lables: [70, 96, 88, 154, 59, 7, 78, 21, 81, 103, 6, 150, 82, 143, 123, 85, 37, 2, 126, 41, 15, 162, 26, 124, 54, 48, 11, 84, 133, 24, 163, 130, 12, 167, 105, 117, 137, 87, 128, 60, 106, 101, 19, 98, 53, 153, 9, 56, 104, 151, 50, 132, 43, 31, 61, 138, 33, 58, 155, 147, 169, 34, 23, 1, 51, 62, 146, 95, 5, 174, 97, 38, 14, 144, 86, 149, 42, 160, 148, 159, 109, 129, 152, 28, 114, 46, 165, 120, 172, 107, 4, 18, 83, 30, 10, 3, 32, 164, 111, 113, 141, 171, 168, 161, 136, 139, 92, 145, 45, 13, 25, 102, 99, 79, 93, 125, 89, 158, 116, 49, 135, 175, 115, 156, 131, 80, 22, 118, 35, 52, 170, 173, 20, 91, 108, 29, 40, 122, 140, 55, 36, 100, 90, 112, 110, 47, 166, 57, 94, 8, 157, 69, 127, 119, 74, 16, 76, 66, 68, 39, 27, 72, 77, 75, 63, 65, 142, 17, 67, 134, 71, 121, 44, 64, 73]
(w = 8) Correct Cyclicantibandwidth
Set parameter TimeLimit to value 1800
(w = 9) Value Cyclicantibandwidth: 9
Lables: [71, 96, 88, 154, 59, 7, 131, 21, 81, 119, 6, 150, 82, 143, 123, 85, 37, 2, 126, 41, 28, 162, 135, 124, 54, 48, 11, 84, 133, 24, 163, 130, 12, 167, 105, 117, 137, 87, 128, 60, 106, 101, 19, 98, 53, 153, 9, 56, 104, 151, 50, 132, 43, 31, 61, 138, 33, 122, 155, 147, 169, 34, 23, 1, 51, 20, 146, 95, 5, 174, 97, 38, 14, 144, 86, 149, 42, 160, 148, 159, 109, 129, 152, 94, 114, 46, 165, 120, 172, 107, 4, 18, 83, 145, 10, 3, 32, 164, 111, 113, 141, 171, 168, 161, 136, 139, 92, 80, 45, 13, 25, 102, 99, 30, 93, 125, 89, 158, 116, 49, 47, 175, 115, 156, 26, 15, 22, 118, 35, 52, 170, 173, 157, 91, 108, 29, 40, 58, 140, 55, 36, 100, 90, 112, 110, 16, 166, 57, 142, 8, 17, 77, 127, 72, 74, 73, 62, 66, 68, 76, 79, 67, 70, 75, 63, 27, 69, 39, 78, 65, 134, 121, 44, 64, 103]
(w = 9) Correct Cyclicantibandwidth
Set parameter TimeLimit to value 1800
[runlim] sample:		10.2 time, 10.0 real, 139.6 MB
(w = 10) Value Cyclicantibandwidth: 10
Lables: [69, 30, 88, 154, 11, 7, 1, 21, 81, 103, 6, 150, 119, 80, 123, 87, 37, 2, 126, 86, 28, 162, 26, 124, 54, 48, 111, 42, 133, 24, 163, 130, 12, 152, 129, 95, 39, 167, 128, 165, 140, 105, 19, 98, 169, 153, 85, 56, 175, 151, 50, 144, 43, 31, 170, 117, 33, 122, 155, 147, 101, 143, 23, 16, 51, 20, 146, 9, 5, 174, 97, 38, 14, 44, 132, 149, 58, 160, 59, 159, 109, 34, 106, 134, 125, 46, 40, 120, 172, 107, 4, 139, 83, 145, 10, 3, 32, 164, 135, 113, 141, 171, 168, 161, 136, 114, 92, 25, 45, 13, 166, 102, 99, 79, 93, 104, 89, 158, 116, 157, 90, 96, 115, 156, 131, 15, 22, 118, 35, 52, 29, 173, 84, 91, 108, 8, 138, 18, 53, 55, 36, 100, 49, 112, 110, 47, 82, 57, 94, 27, 17, 41, 127, 65, 74, 148, 76, 66, 68, 64, 73, 62, 72, 61, 63, 60, 142, 137, 67, 75, 71, 121, 70, 77, 78]
(w = 10) Correct Cyclicantibandwidth
Set parameter TimeLimit to value 1800
(w = 11) Value Cyclicantibandwidth: 11
Lables: [68, 96, 88, 154, 81, 7, 113, 21, 4, 103, 6, 150, 82, 143, 123, 85, 37, 2, 126, 41, 28, 162, 26, 124, 54, 48, 11, 84, 133, 24, 163, 130, 12, 167, 105, 117, 137, 87, 128, 46, 106, 101, 83, 98, 53, 153, 9, 56, 104, 151, 50, 132, 43, 31, 44, 170, 33, 122, 155, 147, 169, 34, 23, 1, 51, 20, 146, 95, 5, 174, 97, 38, 14, 144, 86, 149, 42, 160, 148, 159, 109, 129, 152, 134, 114, 91, 165, 120, 172, 107, 90, 18, 99, 145, 10, 3, 32, 164, 111, 125, 141, 171, 168, 161, 136, 139, 92, 80, 45, 13, 138, 102, 121, 79, 93, 15, 89, 158, 116, 49, 135, 175, 115, 156, 131, 127, 22, 118, 35, 52, 29, 173, 157, 17, 108, 8, 40, 25, 140, 55, 36, 100, 19, 112, 110, 47, 166, 57, 94, 27, 119, 39, 76, 59, 74, 61, 62, 66, 16, 142, 60, 72, 70, 75, 63, 30, 65, 78, 67, 69, 71, 73, 58, 64, 77]
(w = 11) Correct Cyclicantibandwidth
Set parameter TimeLimit to value 1800
(w = 12) Value Cyclicantibandwidth: 12
Lables: [73, 36, 88, 154, 60, 7, 31, 21, 149, 153, 162, 150, 158, 143, 123, 29, 55, 86, 126, 41, 28, 116, 93, 124, 54, 48, 91, 89, 114, 24, 163, 130, 95, 167, 105, 12, 57, 49, 128, 46, 106, 101, 19, 98, 53, 122, 9, 56, 104, 151, 50, 6, 43, 127, 170, 117, 109, 171, 155, 147, 169, 34, 23, 1, 51, 20, 146, 119, 5, 39, 97, 4, 14, 129, 87, 61, 42, 160, 148, 26, 13, 33, 152, 134, 137, 173, 165, 172, 38, 107, 37, 18, 121, 145, 59, 3, 32, 164, 10, 125, 141, 30, 168, 161, 136, 2, 133, 138, 45, 115, 25, 102, 99, 11, 22, 15, 142, 120, 113, 111, 135, 175, 96, 156, 131, 90, 110, 118, 35, 52, 139, 144, 157, 17, 108, 8, 40, 58, 140, 132, 174, 159, 112, 92, 44, 47, 166, 100, 94, 27, 16, 85, 64, 65, 74, 84, 77, 81, 83, 72, 82, 76, 70, 62, 79, 69, 63, 67, 80, 103, 71, 66, 75, 78, 68]
(w = 12) Correct Cyclicantibandwidth
Set parameter TimeLimit to value 1800
(w = 13) Value Cyclicantibandwidth: 13
Lables: [87, 175, 174, 173, 172, 171, 170, 169, 168, 167, 166, 165, 164, 163, 162, 161, 160, 159, 158, 157, 156, 155, 154, 153, 152, 151, 150, 149, 148, 147, 146, 145, 144, 143, 142, 141, 140, 139, 138, 137, 136, 135, 134, 133, 132, 131, 130, 129, 128, 127, 126, 125, 124, 123, 122, 121, 120, 119, 118, 117, 116, 115, 114, 113, 112, 111, 110, 109, 108, 107, 106, 105, 104, 103, 102, 101, 100, 74, 73, 72, 71, 70, 69, 68, 67, 66, 65, 64, 63, 62, 61, 60, 59, 58, 57, 56, 55, 54, 53, 52, 51, 50, 49, 48, 47, 46, 45, 44, 43, 42, 41, 40, 39, 38, 37, 36, 35, 34, 33, 32, 31, 30, 29, 28, 27, 26, 25, 24, 23, 22, 21, 20, 19, 18, 17, 16, 15, 14, 13, 12, 11, 10, 9, 8, 7, 6, 5, 4, 3, 2, 1, 99, 98, 97, 96, 95, 94, 93, 92, 91, 90, 89, 88, 86, 85, 84, 83, 82, 81, 80, 79, 78, 77, 76, 75]
(w = 13) Correct Cyclicantibandwidth
Real time: 18.27822709083557 seconds
[runlim] end:			Tue Nov  4 16:22:56 2025
[runlim] status:		ok
[runlim] result:		0
[runlim] children:		0
[runlim] real:			18.36 seconds
[runlim] time:			18.54 seconds
[runlim] space:			175.8 MB
[runlim] samples:		183
