[runlim] version:		1.10
[runlim] time limit:		311040000 seconds
[runlim] real time limit:	1800 seconds
[runlim] space limit:		30000 MB
[runlim] argv[0]:		python3
[runlim] argv[1]:		model.py
[runlim] argv[2]:		./graph/double_star/double_star_100_20.txt
[runlim] start:			Tue Nov  4 16:21:46 2025
[runlim] main pid:		79558
[runlim] log captured:
Set parameter WLSAccessID
Set parameter WLSSecret
Set parameter LicenseID to value 2663665
Academic license 2663665 - for non-commercial use only - registered to tu___@vnu.edu.vn
Set parameter TimeLimit to value 1800
(w = 4) Value Cyclicantibandwidth: 4
Lables: [16, 108, 69, 78, 76, 22, 8, 2, 39, 12, 80, 48, 82, 26, 107, 64, 29, 67, 72, 101, 31, 95, 46, 106, 98, 117, 58, 85, 50, 102, 32, 118, 89, 4, 114, 109, 20, 119, 110, 41, 115, 51, 44, 37, 65, 25, 70, 94, 49, 104, 99, 57, 5, 23, 36, 75, 60, 21, 105, 11, 43, 100, 73, 6, 88, 33, 45, 120, 116, 35, 87, 92, 1, 97, 84, 103, 55, 59, 96, 47, 38, 83, 52, 27, 53, 71, 66, 62, 111, 10, 86, 112, 91, 30, 34, 61, 63, 28, 24, 90, 3, 77, 74, 14, 54, 18, 42, 113, 15, 81, 19, 68, 79, 7, 93, 9, 17, 56, 40, 13]
(w = 4) Correct Cyclicantibandwidth
Set parameter TimeLimit to value 1800
(w = 5) Value Cyclicantibandwidth: 5
Lables: [1, 6, 7, 8, 9, 11, 12, 13, 14, 15, 16, 17, 18, 19, 20, 21, 22, 23, 24, 25, 26, 27, 28, 29, 30, 31, 32, 33, 34, 35, 36, 37, 38, 39, 40, 41, 42, 43, 44, 45, 46, 47, 48, 49, 50, 51, 52, 53, 54, 55, 56, 57, 58, 59, 60, 101, 114, 116, 66, 106, 82, 104, 84, 77, 67, 93, 87, 74, 110, 90, 75, 79, 69, 100, 85, 68, 102, 108, 115, 78, 112, 105, 83, 107, 96, 86, 109, 71, 111, 91, 97, 89, 80, 81, 94, 103, 95, 98, 113, 99, 10, 2, 3, 4, 5, 61, 62, 63, 64, 65, 70, 118, 117, 92, 73, 76, 120, 88, 119, 72]
(w = 5) Correct Cyclicantibandwidth
Set parameter TimeLimit to value 1800
(w = 6) Value Cyclicantibandwidth: 6
Lables: [1, 7, 8, 9, 10, 11, 13, 14, 15, 16, 17, 18, 19, 20, 21, 22, 23, 24, 25, 26, 27, 28, 29, 30, 31, 32, 33, 34, 35, 36, 37, 38, 39, 40, 41, 42, 43, 44, 45, 46, 47, 48, 49, 50, 51, 52, 53, 54, 55, 56, 57, 58, 59, 60, 101, 71, 114, 102, 108, 92, 94, 104, 89, 75, 76, 84, 81, 105, 113, 107, 82, 91, 88, 100, 69, 67, 90, 109, 97, 74, 80, 70, 98, 112, 106, 103, 83, 78, 72, 86, 110, 93, 73, 68, 115, 79, 99, 77, 111, 96, 12, 2, 3, 4, 5, 6, 61, 62, 63, 64, 65, 120, 118, 116, 85, 95, 87, 66, 117, 119]
(w = 6) Correct Cyclicantibandwidth
Set parameter TimeLimit to value 1800
(w = 7) Value Cyclicantibandwidth: 7
Lables: [1, 8, 9, 10, 11, 12, 13, 15, 16, 17, 18, 19, 20, 21, 22, 23, 24, 25, 26, 27, 28, 29, 30, 31, 32, 33, 34, 35, 36, 37, 38, 39, 40, 41, 42, 43, 44, 45, 46, 47, 48, 49, 50, 51, 52, 53, 54, 55, 56, 57, 58, 59, 60, 100, 70, 113, 101, 107, 91, 93, 103, 88, 74, 75, 83, 80, 104, 112, 106, 81, 90, 87, 99, 68, 66, 89, 108, 96, 73, 79, 69, 97, 111, 105, 102, 82, 77, 71, 85, 109, 92, 72, 67, 114, 78, 98, 76, 110, 95, 84, 14, 2, 3, 4, 5, 6, 7, 61, 62, 63, 64, 94, 115, 119, 116, 117, 118, 120, 65, 86]
(w = 7) Correct Cyclicantibandwidth
Set parameter TimeLimit to value 1800
(w = 8) Value Cyclicantibandwidth: 8
Lables: [1, 9, 10, 11, 12, 13, 14, 15, 17, 18, 19, 20, 21, 22, 23, 24, 25, 26, 27, 28, 29, 30, 31, 32, 33, 34, 35, 36, 37, 38, 39, 40, 41, 42, 43, 44, 45, 46, 47, 48, 49, 50, 51, 52, 53, 54, 55, 56, 57, 58, 59, 60, 98, 93, 99, 67, 71, 106, 94, 90, 91, 86, 66, 87, 83, 103, 108, 82, 89, 72, 74, 78, 75, 79, 104, 111, 81, 96, 77, 109, 80, 84, 97, 95, 65, 76, 102, 105, 110, 113, 85, 92, 101, 70, 107, 112, 73, 88, 100, 68, 16, 2, 3, 4, 5, 6, 7, 8, 61, 62, 63, 64, 69, 115, 119, 117, 118, 116, 120, 114]
(w = 8) Correct Cyclicantibandwidth
Set parameter TimeLimit to value 1800
(w = 9) Value Cyclicantibandwidth: 9
Lables: [1, 10, 11, 12, 13, 14, 15, 16, 17, 19, 20, 21, 22, 23, 24, 25, 26, 27, 28, 29, 30, 31, 32, 33, 34, 35, 36, 37, 38, 39, 40, 41, 42, 43, 44, 45, 46, 47, 48, 49, 50, 51, 52, 53, 54, 55, 56, 57, 58, 59, 60, 97, 92, 98, 66, 70, 105, 93, 89, 90, 85, 65, 86, 82, 102, 107, 81, 88, 71, 73, 77, 74, 78, 103, 110, 80, 95, 76, 108, 79, 83, 96, 94, 64, 75, 101, 104, 109, 112, 84, 91, 100, 69, 106, 111, 72, 87, 99, 67, 68, 18, 2, 3, 4, 5, 6, 7, 8, 9, 61, 62, 63, 119, 114, 120, 118, 117, 116, 113, 115]
(w = 9) Correct Cyclicantibandwidth
Set parameter TimeLimit to value 1800
(w = 10) Value Cyclicantibandwidth: 10
Lables: [24, 116, 53, 13, 92, 7, 4, 107, 111, 47, 117, 57, 10, 62, 41, 105, 112, 56, 59, 65, 98, 38, 94, 9, 6, 77, 49, 100, 102, 64, 5, 39, 55, 68, 48, 43, 99, 46, 78, 36, 90, 86, 52, 81, 101, 74, 34, 69, 35, 97, 82, 118, 40, 91, 50, 45, 80, 93, 106, 60, 67, 109, 79, 11, 108, 110, 2, 61, 95, 96, 12, 84, 3, 103, 37, 44, 88, 85, 73, 51, 83, 42, 113, 104, 76, 1, 115, 58, 120, 72, 71, 54, 63, 114, 87, 8, 66, 119, 89, 75, 70, 19, 16, 32, 27, 18, 31, 23, 14, 30, 15, 17, 29, 25, 28, 26, 21, 22, 33, 20]
(w = 10) Correct Cyclicantibandwidth
Real time: 7.900618076324463 seconds
[runlim] end:			Tue Nov  4 16:21:54 2025
[runlim] status:		ok
[runlim] result:		0
[runlim] children:		0
[runlim] real:			8.58 seconds
[runlim] time:			8.82 seconds
[runlim] space:			142.1 MB
[runlim] samples:		79
