[runlim] version:		1.10
[runlim] time limit:		311040000 seconds
[runlim] real time limit:	150 seconds
[runlim] space limit:		30000 MB
[runlim] argv[0]:		python3
[runlim] argv[1]:		model.py
[runlim] argv[2]:		./graph/3dmesh/3dmesh_6_6_8.txt
[runlim] start:			Mon Nov 17 09:18:49 2025
[runlim] main pid:		37813
[runlim] log captured:
Set parameter WLSAccessID
Set parameter WLSSecret
Set parameter LicenseID to value 2663665
Academic license 2663665 - for non-commercial use only - registered to tu___@vnu.edu.vn
Set parameter TimeLimit to value 1800
(w = 3) Value Cyclicantibandwidth: 3
Lables: [265, 149, 82, 74, 48, 163, 288, 67, 119, 224, 254, 102, 170, 71, 286, 31, 182, 175, 131, 216, 19, 79, 96, 150, 255, 5, 93, 36, 258, 104, 92, 53, 222, 111, 27, 266, 239, 34, 126, 268, 155, 127, 85, 14, 174, 106, 280, 62, 191, 214, 65, 76, 21, 54, 263, 9, 181, 223, 242, 204, 225, 112, 128, 226, 43, 47, 281, 199, 157, 218, 51, 205, 133, 99, 70, 39, 145, 138, 238, 17, 55, 273, 100, 227, 121, 22, 60, 261, 167, 95, 3, 33, 64, 29, 192, 26, 271, 2, 58, 35, 201, 59, 160, 103, 208, 194, 129, 107, 279, 246, 275, 80, 61, 141, 178, 173, 284, 244, 73, 176, 63, 180, 230, 151, 77, 259, 16, 195, 83, 250, 146, 37, 283, 217, 132, 172, 213, 105, 211, 233, 117, 15, 264, 49, 183, 169, 235, 90, 130, 272, 147, 137, 270, 45, 8, 66, 260, 57, 12, 159, 177, 188, 285, 50, 25, 68, 236, 139, 161, 123, 41, 247, 81, 38, 32, 98, 124, 240, 87, 171, 212, 110, 56, 116, 44, 262, 278, 125, 245, 75, 162, 186, 118, 88, 142, 11, 202, 153, 154, 220, 179, 252, 40, 158, 109, 276, 4, 257, 24, 248, 232, 94, 210, 91, 6, 152, 113, 69, 23, 72, 215, 251, 120, 7, 229, 122, 274, 269, 136, 46, 135, 101, 144, 20, 140, 228, 86, 185, 10, 189, 1, 108, 115, 200, 52, 166, 84, 13, 206, 196, 28, 219, 134, 78, 237, 253, 193, 198, 249, 165, 184, 282, 243, 148, 287, 207, 267, 143, 234, 203, 97, 164, 241, 221, 168, 277, 114, 231, 89, 190, 18, 187, 30, 256, 156, 42, 209, 197]
(w = 3) Correct Cyclicantibandwidth
Set parameter TimeLimit to value 1800
[runlim] sample:		10.0 time, 10.2 real, 220.6 MB
(w = 4) Value Cyclicantibandwidth: 4
Lables: [265, 149, 82, 74, 48, 163, 288, 67, 119, 224, 254, 102, 170, 71, 286, 31, 182, 175, 131, 216, 19, 79, 96, 150, 255, 5, 93, 36, 258, 104, 92, 53, 222, 111, 27, 266, 239, 34, 126, 268, 155, 127, 85, 142, 174, 106, 280, 225, 191, 214, 65, 76, 21, 54, 263, 9, 181, 223, 242, 204, 69, 112, 128, 244, 43, 47, 281, 199, 157, 218, 51, 205, 133, 99, 70, 39, 63, 138, 238, 17, 55, 273, 100, 72, 121, 22, 60, 143, 167, 95, 3, 33, 64, 29, 192, 26, 271, 2, 58, 35, 201, 59, 160, 103, 208, 194, 129, 107, 279, 246, 275, 80, 166, 236, 178, 173, 284, 227, 73, 176, 14, 180, 230, 151, 77, 259, 213, 226, 83, 250, 146, 37, 283, 217, 132, 261, 41, 105, 211, 233, 117, 15, 212, 49, 183, 169, 235, 90, 130, 272, 147, 206, 270, 45, 8, 66, 260, 57, 12, 159, 177, 188, 285, 50, 25, 68, 137, 7, 161, 123, 282, 247, 141, 38, 32, 98, 124, 240, 87, 171, 61, 110, 56, 116, 44, 145, 278, 125, 245, 16, 162, 186, 118, 88, 195, 11, 202, 153, 154, 220, 179, 252, 40, 158, 109, 276, 4, 257, 62, 248, 232, 94, 210, 91, 6, 152, 113, 193, 23, 165, 215, 251, 120, 46, 229, 122, 274, 262, 136, 184, 135, 101, 144, 20, 140, 228, 86, 185, 10, 189, 1, 108, 115, 200, 52, 168, 84, 13, 287, 196, 28, 219, 134, 78, 237, 253, 269, 198, 249, 243, 164, 81, 187, 148, 197, 207, 172, 24, 234, 264, 97, 241, 18, 221, 203, 75, 267, 231, 89, 190, 256, 277, 114, 139, 30, 156, 209, 42]
(w = 4) Correct Cyclicantibandwidth
Set parameter TimeLimit to value 1800
[runlim] sample:		20.0 time, 20.2 real, 250.2 MB
(w = 5) Value Cyclicantibandwidth: 5
Lables: [265, 149, 82, 74, 48, 163, 288, 200, 119, 224, 254, 102, 170, 71, 286, 31, 182, 175, 131, 216, 19, 79, 96, 150, 255, 5, 93, 36, 258, 104, 92, 53, 222, 111, 27, 266, 239, 34, 126, 268, 155, 127, 85, 136, 174, 106, 280, 225, 191, 214, 65, 76, 21, 54, 227, 9, 181, 223, 242, 204, 69, 112, 128, 282, 43, 73, 281, 199, 157, 218, 51, 205, 133, 99, 70, 39, 63, 138, 238, 17, 55, 273, 100, 72, 121, 22, 60, 143, 167, 95, 3, 33, 67, 29, 192, 26, 271, 2, 58, 35, 201, 59, 160, 103, 208, 194, 129, 107, 279, 246, 275, 80, 166, 178, 83, 173, 284, 11, 64, 23, 14, 180, 230, 151, 77, 259, 213, 195, 116, 226, 146, 37, 283, 217, 132, 261, 41, 105, 211, 233, 117, 15, 212, 49, 183, 169, 235, 90, 130, 272, 147, 206, 270, 231, 8, 66, 260, 57, 12, 159, 177, 188, 285, 50, 25, 68, 137, 7, 161, 123, 252, 247, 81, 38, 32, 98, 124, 240, 47, 171, 61, 110, 56, 145, 44, 262, 278, 125, 245, 16, 162, 186, 176, 88, 142, 263, 202, 153, 154, 220, 179, 94, 40, 158, 109, 276, 4, 257, 62, 248, 232, 89, 210, 87, 6, 152, 113, 193, 215, 165, 190, 251, 120, 46, 229, 122, 274, 269, 244, 184, 135, 101, 144, 20, 140, 228, 118, 185, 10, 189, 86, 108, 237, 45, 52, 168, 203, 13, 115, 196, 28, 219, 250, 78, 24, 134, 91, 198, 264, 243, 164, 253, 187, 148, 287, 207, 172, 197, 234, 114, 97, 241, 141, 249, 30, 1, 267, 84, 256, 75, 18, 221, 277, 139, 236, 156, 209, 42]
(w = 5) Correct Cyclicantibandwidth
Set parameter TimeLimit to value 1800
[runlim] sample:		30.1 time, 30.2 real, 282.7 MB
[runlim] sample:		40.1 time, 40.2 real, 293.2 MB
(w = 6) Value Cyclicantibandwidth: 6
Lables: [265, 149, 82, 74, 48, 163, 288, 67, 119, 224, 254, 102, 170, 216, 286, 31, 182, 175, 131, 159, 19, 79, 96, 150, 255, 5, 93, 36, 258, 104, 92, 53, 222, 111, 27, 266, 239, 34, 126, 268, 155, 127, 85, 45, 174, 106, 280, 225, 191, 86, 65, 76, 21, 54, 263, 9, 181, 223, 242, 204, 69, 112, 128, 282, 43, 114, 281, 199, 157, 218, 51, 205, 133, 99, 70, 39, 63, 138, 238, 17, 55, 273, 100, 72, 121, 153, 124, 62, 167, 95, 3, 33, 64, 29, 192, 26, 271, 2, 58, 35, 201, 59, 160, 103, 208, 194, 129, 107, 279, 246, 275, 80, 166, 178, 83, 173, 284, 227, 73, 23, 14, 180, 230, 151, 261, 176, 213, 195, 116, 226, 146, 37, 283, 217, 132, 172, 41, 105, 211, 233, 117, 15, 212, 49, 183, 169, 235, 90, 130, 272, 147, 206, 270, 78, 8, 66, 260, 57, 12, 210, 177, 214, 285, 50, 25, 68, 137, 7, 161, 123, 16, 247, 81, 38, 32, 98, 259, 240, 87, 171, 61, 110, 47, 145, 44, 262, 22, 125, 245, 252, 188, 276, 118, 88, 142, 11, 202, 236, 154, 220, 179, 94, 40, 158, 278, 264, 60, 257, 162, 248, 232, 77, 193, 91, 71, 152, 113, 243, 215, 165, 109, 251, 120, 4, 229, 122, 274, 56, 136, 46, 244, 134, 144, 20, 186, 228, 198, 185, 10, 189, 140, 108, 115, 200, 52, 168, 84, 13, 287, 141, 28, 219, 250, 269, 237, 253, 156, 187, 97, 143, 164, 190, 89, 148, 197, 207, 196, 24, 234, 101, 139, 241, 135, 249, 203, 1, 6, 184, 267, 75, 18, 221, 277, 231, 30, 256, 209, 42]
(w = 6) Correct Cyclicantibandwidth
Set parameter TimeLimit to value 1800
[runlim] sample:		50.1 time, 50.2 real, 361.9 MB
(w = 7) Value Cyclicantibandwidth: 7
Lables: [265, 149, 82, 74, 48, 163, 288, 67, 119, 224, 254, 102, 170, 216, 286, 31, 182, 175, 131, 159, 19, 79, 96, 150, 255, 5, 93, 36, 258, 104, 92, 53, 222, 111, 27, 266, 239, 34, 126, 268, 155, 127, 85, 142, 174, 106, 280, 225, 191, 86, 65, 76, 21, 54, 263, 9, 181, 223, 242, 204, 69, 112, 128, 282, 43, 114, 281, 199, 157, 218, 51, 205, 133, 99, 70, 39, 63, 138, 238, 17, 55, 273, 100, 72, 121, 158, 124, 62, 167, 95, 3, 33, 64, 29, 192, 26, 271, 2, 243, 58, 201, 59, 160, 103, 208, 194, 129, 107, 279, 246, 275, 80, 22, 178, 83, 173, 284, 227, 35, 23, 14, 180, 230, 151, 261, 176, 213, 195, 116, 226, 146, 37, 283, 217, 132, 172, 41, 105, 211, 233, 117, 15, 212, 49, 183, 169, 235, 90, 130, 272, 147, 206, 270, 45, 8, 66, 260, 57, 12, 210, 177, 214, 285, 50, 25, 68, 137, 7, 161, 123, 252, 32, 244, 38, 118, 98, 259, 250, 87, 171, 61, 110, 47, 145, 44, 262, 278, 125, 245, 16, 188, 276, 40, 88, 73, 257, 202, 153, 154, 220, 179, 94, 148, 60, 77, 274, 4, 221, 162, 248, 232, 89, 56, 91, 71, 152, 113, 193, 215, 165, 109, 251, 120, 46, 229, 122, 11, 269, 136, 184, 135, 101, 144, 20, 186, 228, 198, 185, 10, 189, 140, 108, 115, 200, 52, 166, 84, 13, 287, 141, 28, 219, 134, 78, 237, 253, 156, 264, 249, 236, 164, 81, 187, 30, 197, 207, 196, 143, 234, 203, 97, 241, 18, 209, 24, 1, 6, 231, 247, 75, 190, 277, 240, 139, 267, 168, 256, 42]
(w = 7) Correct Cyclicantibandwidth
Set parameter TimeLimit to value 1800
[runlim] sample:		60.2 time, 60.2 real, 371.1 MB
(w = 8) Value Cyclicantibandwidth: 8
Lables: [265, 149, 82, 74, 48, 163, 288, 67, 119, 224, 254, 102, 170, 216, 286, 31, 236, 175, 131, 159, 19, 79, 96, 150, 255, 5, 93, 36, 258, 104, 92, 53, 222, 111, 27, 266, 239, 34, 126, 268, 155, 127, 85, 135, 174, 106, 280, 225, 191, 86, 65, 76, 21, 54, 263, 9, 181, 223, 242, 204, 69, 112, 128, 282, 43, 114, 281, 199, 157, 218, 51, 205, 133, 99, 70, 39, 63, 138, 238, 17, 55, 273, 100, 72, 121, 158, 124, 62, 167, 95, 3, 33, 64, 29, 192, 26, 271, 2, 279, 262, 201, 59, 160, 103, 208, 194, 129, 107, 213, 246, 275, 80, 22, 178, 83, 276, 284, 227, 73, 23, 14, 180, 230, 151, 261, 176, 244, 195, 116, 226, 146, 37, 283, 217, 132, 172, 41, 105, 211, 233, 117, 15, 212, 49, 183, 169, 235, 90, 130, 272, 147, 206, 270, 45, 8, 66, 260, 120, 12, 210, 177, 214, 285, 50, 25, 68, 137, 7, 161, 123, 88, 32, 81, 38, 118, 98, 259, 250, 115, 171, 61, 110, 47, 145, 44, 287, 278, 58, 245, 16, 188, 57, 40, 247, 142, 257, 202, 153, 154, 220, 179, 94, 148, 60, 77, 274, 4, 221, 162, 248, 232, 89, 56, 87, 71, 152, 113, 193, 215, 165, 109, 251, 182, 46, 229, 122, 11, 269, 136, 184, 252, 101, 144, 20, 186, 228, 198, 185, 10, 189, 140, 108, 173, 200, 52, 166, 84, 13, 35, 141, 28, 219, 134, 78, 237, 253, 91, 264, 249, 1, 164, 190, 243, 187, 197, 207, 196, 143, 234, 125, 97, 241, 18, 209, 24, 75, 6, 231, 267, 277, 256, 203, 30, 139, 156, 168, 240, 42]
(w = 8) Correct Cyclicantibandwidth
Set parameter TimeLimit to value 1800
[runlim] sample:		70.2 time, 70.2 real, 388.6 MB
[runlim] sample:		80.2 time, 80.2 real, 445.7 MB
(w = 9) Value Cyclicantibandwidth: 9
Lables: [265, 149, 236, 74, 48, 163, 288, 67, 119, 224, 254, 102, 170, 216, 286, 31, 182, 275, 131, 159, 19, 79, 96, 150, 255, 5, 93, 36, 258, 104, 92, 53, 222, 111, 27, 266, 239, 34, 126, 268, 155, 127, 85, 43, 174, 106, 280, 225, 191, 86, 65, 76, 21, 54, 263, 9, 181, 223, 242, 204, 69, 112, 128, 282, 82, 114, 281, 199, 157, 218, 51, 205, 133, 99, 70, 39, 63, 138, 238, 17, 55, 273, 100, 72, 121, 158, 124, 62, 167, 95, 3, 33, 64, 29, 192, 26, 271, 2, 279, 262, 201, 59, 160, 103, 208, 194, 129, 107, 213, 246, 105, 80, 22, 178, 83, 173, 284, 227, 73, 23, 14, 237, 260, 151, 261, 176, 244, 195, 116, 226, 146, 37, 283, 217, 132, 172, 230, 136, 211, 233, 117, 15, 212, 156, 183, 169, 235, 90, 130, 272, 147, 206, 270, 45, 8, 66, 75, 57, 12, 210, 177, 214, 285, 219, 25, 68, 137, 7, 50, 123, 41, 247, 81, 38, 32, 98, 259, 165, 175, 245, 171, 110, 47, 145, 44, 287, 56, 125, 220, 16, 188, 276, 118, 88, 142, 257, 202, 153, 154, 190, 179, 94, 40, 61, 278, 264, 60, 221, 162, 248, 232, 77, 193, 87, 252, 152, 113, 243, 215, 249, 109, 251, 4, 46, 229, 122, 274, 42, 198, 184, 11, 134, 144, 20, 186, 228, 58, 185, 10, 189, 140, 108, 35, 200, 52, 166, 84, 13, 115, 141, 28, 101, 250, 78, 24, 203, 91, 187, 97, 161, 49, 269, 143, 267, 18, 207, 196, 71, 234, 120, 168, 241, 135, 209, 164, 1, 6, 231, 89, 148, 180, 197, 277, 139, 30, 256, 240, 253]
(w = 9) Correct Cyclicantibandwidth
Set parameter TimeLimit to value 1800
[runlim] sample:		90.3 time, 90.2 real, 406.1 MB
(w = 10) Value Cyclicantibandwidth: 10
Lables: [265, 149, 82, 8, 48, 163, 288, 67, 119, 224, 254, 102, 170, 216, 286, 31, 182, 275, 131, 159, 19, 79, 96, 150, 255, 5, 93, 36, 258, 104, 92, 53, 222, 111, 27, 266, 239, 34, 126, 268, 155, 127, 85, 51, 174, 106, 280, 225, 191, 86, 65, 76, 21, 54, 263, 9, 181, 223, 242, 204, 69, 112, 128, 282, 43, 114, 281, 199, 157, 218, 197, 156, 205, 99, 70, 39, 63, 138, 238, 17, 55, 273, 100, 72, 121, 158, 124, 62, 167, 95, 3, 33, 64, 29, 146, 26, 192, 2, 279, 262, 88, 59, 160, 103, 57, 194, 129, 107, 228, 246, 105, 80, 22, 178, 83, 173, 284, 227, 73, 23, 14, 237, 260, 151, 261, 176, 213, 195, 116, 226, 201, 37, 283, 271, 132, 172, 230, 136, 211, 233, 117, 15, 212, 49, 183, 169, 235, 90, 130, 272, 147, 206, 270, 45, 234, 66, 75, 133, 12, 210, 177, 214, 285, 50, 25, 68, 137, 7, 161, 123, 41, 247, 81, 38, 32, 98, 259, 165, 244, 171, 61, 110, 47, 145, 44, 287, 278, 58, 245, 16, 188, 276, 118, 208, 142, 257, 202, 153, 154, 220, 179, 94, 40, 60, 77, 274, 4, 221, 162, 248, 232, 250, 56, 87, 71, 152, 113, 193, 215, 74, 109, 251, 139, 46, 229, 122, 11, 42, 198, 184, 168, 236, 144, 20, 186, 134, 264, 185, 10, 189, 140, 108, 35, 200, 52, 166, 84, 13, 217, 141, 28, 219, 269, 252, 24, 253, 91, 187, 249, 1, 164, 190, 243, 78, 18, 207, 196, 143, 89, 120, 97, 241, 101, 209, 115, 203, 125, 231, 135, 148, 180, 277, 30, 256, 6, 175, 240, 267]
(w = 10) Correct Cyclicantibandwidth
Set parameter TimeLimit to value 1800
[runlim] sample:		100.3 time, 100.2 real, 430.0 MB
[runlim] sample:		110.3 time, 110.2 real, 477.8 MB
(w = 11) Value Cyclicantibandwidth: 11
Lables: [265, 149, 82, 8, 48, 163, 288, 67, 119, 224, 254, 102, 170, 216, 286, 31, 182, 275, 131, 159, 19, 79, 96, 150, 236, 5, 93, 36, 258, 84, 92, 53, 222, 111, 27, 266, 239, 34, 126, 268, 155, 127, 223, 3, 174, 255, 280, 225, 191, 86, 65, 76, 21, 54, 263, 9, 181, 261, 242, 204, 69, 112, 128, 282, 43, 114, 281, 199, 157, 218, 197, 156, 205, 99, 70, 165, 63, 138, 238, 17, 55, 273, 100, 72, 121, 158, 124, 62, 167, 95, 144, 33, 64, 29, 192, 26, 271, 2, 279, 262, 249, 59, 160, 103, 208, 194, 129, 107, 228, 246, 105, 80, 22, 250, 83, 173, 284, 227, 73, 23, 14, 237, 260, 151, 211, 176, 213, 195, 116, 226, 146, 37, 283, 51, 132, 178, 230, 136, 52, 233, 117, 15, 212, 49, 183, 169, 235, 104, 130, 272, 147, 206, 270, 45, 57, 85, 75, 25, 201, 221, 177, 214, 285, 50, 217, 68, 10, 139, 161, 123, 41, 247, 81, 38, 32, 98, 259, 108, 66, 12, 171, 110, 47, 145, 44, 287, 56, 125, 245, 16, 188, 276, 118, 88, 142, 257, 202, 153, 154, 220, 179, 94, 40, 61, 278, 264, 60, 168, 24, 248, 232, 77, 210, 87, 252, 152, 113, 193, 162, 74, 109, 251, 4, 46, 229, 172, 274, 42, 198, 184, 244, 134, 240, 20, 186, 231, 58, 106, 215, 189, 140, 122, 35, 200, 133, 166, 203, 137, 115, 141, 28, 219, 269, 78, 143, 253, 91, 187, 97, 243, 164, 190, 39, 148, 11, 90, 196, 71, 185, 120, 89, 207, 101, 209, 30, 1, 6, 256, 135, 13, 180, 241, 18, 7, 267, 175, 234, 277]
(w = 11) Correct Cyclicantibandwidth
Set parameter TimeLimit to value 1800
[runlim] sample:		120.4 time, 120.2 real, 405.0 MB
[runlim] sample:		130.4 time, 130.2 real, 476.3 MB
(w = 12) Value Cyclicantibandwidth: 12
Lables: [265, 149, 82, 8, 48, 163, 288, 67, 119, 224, 254, 102, 170, 216, 286, 31, 182, 275, 131, 159, 19, 79, 96, 150, 255, 5, 93, 36, 258, 104, 92, 53, 222, 111, 27, 266, 239, 34, 126, 268, 155, 127, 85, 125, 174, 106, 280, 225, 191, 86, 138, 76, 21, 54, 263, 9, 181, 223, 242, 204, 69, 112, 128, 236, 43, 166, 281, 199, 157, 218, 197, 251, 205, 99, 70, 39, 63, 37, 238, 17, 55, 273, 100, 72, 121, 158, 124, 62, 167, 95, 3, 33, 64, 29, 192, 26, 271, 207, 279, 262, 249, 59, 160, 103, 208, 194, 129, 107, 228, 246, 105, 80, 22, 178, 83, 173, 284, 227, 73, 23, 14, 237, 260, 151, 261, 176, 213, 195, 116, 226, 146, 164, 283, 51, 132, 172, 230, 136, 211, 233, 117, 15, 212, 49, 183, 169, 235, 57, 130, 272, 147, 206, 270, 45, 2, 122, 75, 133, 201, 90, 177, 214, 285, 50, 25, 68, 10, 139, 161, 123, 41, 247, 81, 38, 32, 98, 259, 114, 66, 12, 171, 110, 47, 145, 44, 65, 278, 58, 245, 16, 188, 276, 118, 88, 142, 257, 202, 153, 154, 220, 179, 94, 40, 61, 77, 274, 60, 221, 162, 248, 232, 144, 210, 87, 252, 152, 113, 193, 215, 165, 109, 189, 4, 46, 229, 84, 7, 42, 198, 184, 244, 134, 267, 20, 186, 250, 264, 185, 1, 203, 140, 108, 35, 200, 52, 190, 120, 13, 115, 141, 28, 219, 269, 78, 24, 253, 91, 11, 97, 243, 56, 175, 187, 148, 18, 287, 196, 71, 234, 101, 217, 74, 135, 209, 168, 277, 282, 231, 89, 143, 180, 241, 30, 256, 6, 156, 240, 137]
(w = 12) Correct Cyclicantibandwidth
Set parameter TimeLimit to value 1800
[runlim] sample:		140.4 time, 140.2 real, 449.1 MB
[runlim] end:			Mon Nov 17 09:21:19 2025
[runlim] status:		out of time
[runlim] result:		2
[runlim] children:		0
[runlim] real:			150.09 seconds
[runlim] time:			150.24 seconds
[runlim] space:			513.0 MB
[runlim] samples:		1498
