[runlim] version:		1.10
[runlim] time limit:		311040000 seconds
[runlim] real time limit:	150 seconds
[runlim] space limit:		30000 MB
[runlim] argv[0]:		python3
[runlim] argv[1]:		model.py
[runlim] argv[2]:		./graph/3dmesh/3dmesh_6_6_72.txt
[runlim] start:			Mon Nov  3 07:22:57 2025
[runlim] main pid:		13436
[runlim] log captured:
Set parameter WLSAccessID
Set parameter WLSSecret
Set parameter LicenseID to value 2663665
Academic license 2663665 - for non-commercial use only - registered to tu___@vnu.edu.vn
Set parameter TimeLimit to value 1800
[runlim] sample:		10.0 time, 10.3 real, 995.2 MB
[runlim] sample:		20.0 time, 20.3 real, 2105.9 MB
[runlim] sample:		30.0 time, 30.3 real, 2968.6 MB
[runlim] sample:		40.1 time, 40.3 real, 3033.6 MB
[runlim] sample:		50.1 time, 50.3 real, 3058.1 MB
[runlim] sample:		60.1 time, 60.3 real, 3076.2 MB
[runlim] sample:		70.1 time, 70.3 real, 3121.8 MB
[runlim] sample:		80.2 time, 80.3 real, 3258.1 MB
[runlim] sample:		90.2 time, 90.3 real, 3404.4 MB
[runlim] sample:		100.2 time, 100.3 real, 3528.0 MB
[runlim] sample:		110.2 time, 110.3 real, 3687.5 MB
[runlim] sample:		120.2 time, 120.3 real, 3817.1 MB
[runlim] sample:		130.2 time, 130.3 real, 3964.1 MB
[runlim] sample:		140.3 time, 140.3 real, 4074.5 MB
[runlim] sample:		150.3 time, 150.3 real, 0.0 MB
[runlim] end:			Mon Nov  3 07:25:27 2025
[runlim] status:		out of time
[runlim] result:		2
[runlim] children:		0
[runlim] real:			150.28 seconds
[runlim] time:			150.28 seconds
[runlim] space:			4173.2 MB
[runlim] samples:		1500
