[runlim] version:		1.10
[runlim] time limit:		311040000 seconds
[runlim] real time limit:	150 seconds
[runlim] space limit:		30000 MB
[runlim] argv[0]:		python3
[runlim] argv[1]:		model.py
[runlim] argv[2]:		./graph/3dmesh/3dmesh_5_5_70.txt
[runlim] start:			Mon Nov  3 07:12:57 2025
[runlim] main pid:		13322
[runlim] log captured:
Set parameter WLSAccessID
Set parameter WLSSecret
Set parameter LicenseID to value 2663665
Academic license 2663665 - for non-commercial use only - registered to tu___@vnu.edu.vn
Set parameter TimeLimit to value 1800
[runlim] sample:		10.0 time, 10.1 real, 1270.1 MB
[runlim] sample:		20.0 time, 20.1 real, 1448.1 MB
[runlim] sample:		30.0 time, 30.1 real, 1516.9 MB
[runlim] sample:		40.1 time, 40.1 real, 1645.8 MB
[runlim] sample:		50.1 time, 50.1 real, 1746.1 MB
[runlim] sample:		60.1 time, 60.1 real, 1871.7 MB
[runlim] sample:		70.1 time, 70.1 real, 1980.9 MB
[runlim] sample:		80.1 time, 80.1 real, 2126.9 MB
[runlim] sample:		90.1 time, 90.1 real, 2256.7 MB
[runlim] sample:		100.2 time, 100.1 real, 2424.4 MB
[runlim] sample:		110.2 time, 110.1 real, 2530.3 MB
[runlim] sample:		120.2 time, 120.1 real, 2640.9 MB
[runlim] sample:		130.2 time, 130.1 real, 2787.7 MB
[runlim] sample:		140.2 time, 140.1 real, 2905.8 MB
[runlim] sample:		150.2 time, 150.1 real, 0.0 MB
[runlim] end:			Mon Nov  3 07:15:27 2025
[runlim] status:		out of time
[runlim] result:		2
[runlim] children:		0
[runlim] real:			150.21 seconds
[runlim] time:			150.25 seconds
[runlim] space:			3013.9 MB
[runlim] samples:		1500
