[runlim] version:		1.10
[runlim] time limit:		311040000 seconds
[runlim] real time limit:	150 seconds
[runlim] space limit:		30000 MB
[runlim] argv[0]:		python3
[runlim] argv[1]:		model.py
[runlim] argv[2]:		./graph/3dmesh/3dmesh_5_5_35.txt
[runlim] start:			Mon Nov  3 07:10:27 2025
[runlim] main pid:		13290
[runlim] log captured:
Set parameter WLSAccessID
Set parameter WLSSecret
Set parameter LicenseID to value 2663665
Academic license 2663665 - for non-commercial use only - registered to tu___@vnu.edu.vn
Set parameter TimeLimit to value 1800
[runlim] sample:		10.0 time, 10.1 real, 447.3 MB
[runlim] sample:		20.1 time, 20.1 real, 575.2 MB
[runlim] sample:		30.1 time, 30.1 real, 699.5 MB
[runlim] sample:		40.1 time, 40.1 real, 839.1 MB
[runlim] sample:		50.1 time, 50.1 real, 985.9 MB
[runlim] sample:		60.1 time, 60.1 real, 943.5 MB
(w = 4) Value Cyclicantibandwidth: 4
Lables: [660, 182, 653, 723, 187, 557, 464, 167, 651, 708, 468, 355, 255, 830, 655, 663, 129, 178, 390, 869, 602, 836, 324, 514, 650, 195, 61, 846, 804, 412, 485, 120, 149, 133, 428, 89, 842, 100, 863, 789, 249, 340, 677, 323, 306, 150, 829, 99, 488, 273, 429, 746, 83, 401, 48, 623, 109, 688, 552, 712, 301, 153, 361, 191, 360, 742, 612, 571, 857, 45, 243, 502, 221, 241, 726, 494, 763, 629, 691, 417, 503, 78, 125, 259, 618, 145, 427, 854, 452, 702, 294, 641, 376, 15, 873, 58, 381, 572, 313, 633, 162, 747, 16, 235, 46, 542, 8, 409, 719, 399, 139, 845, 203, 579, 134, 342, 733, 472, 640, 186, 276, 415, 458, 783, 531, 441, 311, 385, 24, 424, 266, 296, 258, 431, 334, 373, 398, 785, 511, 739, 204, 69, 422, 777, 716, 872, 806, 26, 766, 730, 1, 665, 396, 84, 467, 501, 352, 676, 588, 64, 802, 374, 874, 82, 312, 270, 356, 346, 470, 219, 113, 728, 859, 718, 177, 699, 75, 268, 823, 851, 80, 370, 815, 388, 473, 543, 103, 217, 520, 491, 331, 560, 868, 657, 457, 589, 387, 262, 805, 298, 582, 817, 88, 800, 761, 37, 310, 871, 810, 865, 105, 395, 749, 690, 81, 870, 277, 420, 465, 202, 333, 353, 849, 843, 853, 553, 534, 509, 98, 290, 176, 634, 213, 729, 751, 170, 664, 282, 597, 586, 717, 350, 97, 246, 622, 260, 483, 7, 160, 85, 35, 581, 278, 510, 369, 595, 484, 55, 140, 779, 236, 257, 44, 764, 256, 649, 372, 52, 368, 662, 696, 580, 525, 771, 625, 285, 724, 638, 23, 265, 330, 479, 272, 587, 532, 364, 775, 225, 636, 831, 513, 106, 169, 292, 745, 700, 407, 338, 508, 389, 230, 315, 212, 223, 295, 737, 447, 332, 788, 144, 322, 25, 402, 757, 254, 735, 124, 659, 642, 839, 96, 240, 66, 536, 94, 481, 506, 704, 371, 357, 796, 538, 801, 809, 71, 661, 68, 647, 181, 200, 179, 620, 419, 90, 29, 299, 780, 375, 180, 267, 238, 770, 156, 466, 703, 163, 341, 305, 196, 224, 535, 507, 682, 54, 138, 287, 199, 820, 601, 781, 448, 850, 767, 762, 715, 92, 855, 545, 594, 604, 707, 461, 72, 166, 445, 121, 271, 556, 137, 159, 546, 404, 174, 791, 205, 519, 528, 740, 146, 154, 750, 670, 206, 480, 335, 56, 440, 142, 706, 765, 165, 358, 821, 13, 193, 603, 74, 584, 114, 482, 147, 392, 819, 337, 127, 548, 875, 6, 244, 523, 175, 486, 596, 658, 111, 93, 674, 639, 321, 824, 283, 351, 835, 526, 263, 848, 128, 617, 635, 533, 291, 567, 198, 476, 141, 838, 405, 135, 592, 743, 279, 449, 232, 237, 864, 438, 866, 51, 27, 711, 799, 555, 498, 529, 432, 3, 590, 769, 828, 675, 201, 782, 12, 36, 60, 499, 365, 207, 136, 807, 561, 76, 245, 436, 261, 148, 233, 861, 47, 593, 403, 551, 112, 220, 304, 131, 646, 38, 247, 43, 614, 275, 577, 102, 455, 841, 190, 794, 816, 67, 578, 500, 18, 222, 741, 628, 644, 478, 307, 442, 753, 827, 303, 611, 695, 79, 600, 822, 421, 117, 790, 164, 437, 185, 547, 50, 517, 406, 776, 565, 411, 607, 732, 471, 423, 474, 446, 738, 559, 264, 158, 116, 39, 286, 666, 348, 680, 524, 668, 143, 540, 462, 328, 619, 537, 214, 563, 451, 860, 454, 609, 522, 280, 705, 22, 795, 297, 714, 53, 197, 654, 132, 453, 826, 218, 773, 73, 14, 797, 344, 192, 768, 626, 126, 858, 613, 30, 656, 227, 413, 70, 434, 621, 115, 734, 345, 320, 210, 9, 512, 693, 234, 32, 813, 11, 758, 570, 439, 814, 516, 573, 521, 549, 33, 725, 686, 122, 652, 65, 505, 42, 231, 631, 564, 34, 319, 566, 643, 720, 408, 832, 242, 583, 410, 59, 347, 293, 325, 778, 362, 713, 727, 812, 400, 226, 615, 539, 2, 308, 211, 17, 460, 377, 787, 173, 803, 269, 833, 77, 450, 568, 541, 585, 28, 562, 731, 469, 837, 41, 477, 493, 793, 130, 367, 397, 309, 752, 336, 20, 107, 798, 630, 430, 152, 393, 379, 684, 391, 856, 862, 248, 91, 697, 444, 669, 123, 575, 490, 215, 86, 710, 554, 62, 414, 380, 518, 569, 847, 281, 576, 284, 692, 118, 155, 784, 57, 672, 386, 366, 754, 867, 786, 709, 456, 101, 184, 495, 599, 721, 681, 183, 194, 463, 772, 151, 302, 289, 637, 515, 527, 104, 108, 748, 188, 608, 685, 161, 667, 228, 363, 208, 354, 683, 349, 808, 497, 172, 435, 844, 489, 394, 157, 774, 689, 606, 759, 40, 5, 679, 63, 171, 496, 487, 339, 645, 792, 678, 382, 852, 687, 530, 21, 250, 327, 632, 418, 671, 316, 834, 31, 755, 818, 840, 317, 736, 343, 598, 627, 110, 10, 274, 168, 189, 314, 87, 216, 252, 326, 253, 694, 550, 475, 722, 605, 378, 698, 426, 756, 591, 744, 648, 318, 544, 239, 574, 433, 209, 119, 300, 288, 49, 459, 425, 329, 616, 492, 416, 95, 825, 4, 760, 383, 610, 251, 443, 359, 701, 811, 624, 384, 229, 558, 673, 504, 19]
(w = 4) Correct Cyclicantibandwidth
Set parameter TimeLimit to value 1800
[runlim] sample:		70.1 time, 70.1 real, 1971.6 MB
[runlim] sample:		80.2 time, 80.1 real, 2096.1 MB
[runlim] sample:		90.2 time, 90.1 real, 2207.0 MB
[runlim] sample:		100.2 time, 100.1 real, 2347.6 MB
[runlim] sample:		110.2 time, 110.1 real, 2441.4 MB
[runlim] sample:		120.2 time, 120.1 real, 2586.3 MB
[runlim] sample:		130.3 time, 130.1 real, 1840.7 MB
(w = 5) Value Cyclicantibandwidth: 5
Lables: [660, 182, 653, 723, 187, 557, 464, 167, 651, 708, 468, 355, 255, 830, 655, 663, 129, 178, 390, 869, 602, 836, 324, 514, 650, 195, 61, 846, 804, 412, 485, 301, 149, 133, 428, 89, 842, 100, 863, 789, 249, 340, 677, 323, 306, 150, 829, 99, 488, 273, 429, 746, 83, 401, 48, 623, 109, 688, 552, 712, 571, 153, 361, 191, 360, 742, 612, 854, 666, 45, 243, 502, 221, 241, 726, 494, 763, 471, 691, 417, 503, 78, 125, 259, 618, 145, 427, 379, 452, 702, 294, 641, 88, 15, 873, 58, 381, 572, 313, 633, 162, 747, 16, 235, 46, 542, 8, 409, 719, 399, 139, 845, 203, 579, 134, 342, 733, 472, 640, 186, 276, 415, 458, 783, 531, 441, 311, 385, 24, 424, 266, 296, 258, 431, 334, 373, 398, 785, 511, 739, 204, 69, 422, 777, 716, 872, 806, 26, 766, 730, 1, 665, 396, 84, 467, 501, 352, 676, 588, 64, 802, 374, 874, 82, 312, 270, 356, 346, 470, 219, 113, 728, 859, 718, 177, 699, 75, 268, 823, 851, 80, 370, 815, 388, 473, 543, 103, 217, 520, 491, 331, 560, 868, 657, 457, 589, 387, 262, 805, 298, 582, 817, 101, 800, 761, 37, 310, 90, 810, 865, 105, 395, 749, 690, 81, 870, 277, 420, 465, 202, 333, 353, 849, 843, 853, 553, 534, 509, 98, 290, 176, 634, 213, 729, 751, 170, 664, 282, 597, 586, 717, 350, 97, 246, 622, 260, 483, 7, 160, 85, 35, 581, 278, 510, 369, 595, 484, 55, 140, 779, 236, 257, 44, 764, 256, 649, 372, 52, 368, 662, 696, 580, 525, 771, 625, 285, 724, 638, 23, 265, 857, 479, 272, 587, 532, 364, 775, 225, 636, 831, 513, 106, 169, 292, 745, 363, 407, 338, 508, 389, 230, 315, 212, 223, 295, 737, 447, 332, 788, 144, 322, 25, 402, 757, 254, 735, 124, 659, 642, 839, 96, 240, 66, 536, 94, 481, 506, 704, 371, 357, 796, 538, 801, 809, 71, 661, 68, 647, 181, 200, 179, 620, 419, 349, 29, 299, 780, 375, 180, 267, 238, 770, 156, 466, 703, 163, 341, 305, 196, 224, 535, 507, 682, 54, 138, 287, 199, 820, 601, 781, 448, 850, 767, 762, 715, 92, 855, 545, 594, 604, 707, 461, 72, 166, 445, 121, 271, 556, 137, 159, 546, 404, 174, 791, 205, 519, 528, 740, 146, 154, 750, 670, 206, 480, 335, 56, 440, 142, 706, 765, 165, 358, 821, 13, 193, 603, 74, 584, 114, 482, 147, 392, 819, 337, 127, 548, 875, 6, 244, 523, 175, 486, 596, 658, 111, 93, 674, 639, 321, 824, 283, 351, 835, 526, 263, 848, 128, 617, 635, 533, 291, 567, 198, 476, 141, 838, 405, 135, 592, 743, 279, 449, 232, 237, 864, 376, 866, 51, 27, 711, 799, 555, 498, 529, 432, 3, 760, 769, 828, 675, 201, 782, 12, 36, 60, 499, 365, 207, 136, 807, 561, 76, 245, 436, 261, 148, 233, 861, 47, 590, 403, 551, 112, 220, 304, 131, 646, 38, 247, 43, 614, 275, 577, 102, 455, 841, 190, 794, 816, 67, 578, 500, 18, 222, 741, 628, 644, 478, 307, 442, 753, 827, 303, 330, 695, 79, 600, 822, 421, 117, 790, 164, 437, 185, 547, 50, 517, 406, 776, 565, 411, 607, 732, 566, 423, 474, 446, 738, 559, 264, 158, 116, 39, 871, 33, 348, 680, 524, 668, 143, 540, 462, 328, 619, 537, 214, 563, 451, 860, 454, 609, 522, 280, 705, 22, 795, 297, 714, 53, 197, 654, 132, 453, 826, 218, 773, 73, 14, 797, 344, 192, 768, 626, 126, 286, 583, 30, 656, 227, 413, 70, 434, 621, 115, 734, 345, 320, 210, 9, 512, 693, 234, 32, 813, 11, 758, 570, 439, 814, 516, 573, 521, 549, 31, 725, 686, 122, 652, 65, 505, 42, 231, 631, 564, 34, 319, 161, 643, 720, 408, 832, 242, 252, 410, 59, 347, 293, 325, 778, 362, 713, 727, 812, 400, 226, 615, 539, 2, 308, 211, 17, 460, 377, 787, 173, 803, 269, 833, 77, 450, 568, 541, 585, 28, 562, 731, 469, 837, 41, 477, 493, 793, 130, 367, 397, 309, 752, 336, 20, 107, 798, 630, 430, 152, 393, 228, 684, 391, 856, 862, 248, 91, 697, 444, 669, 123, 575, 490, 215, 86, 710, 554, 62, 414, 380, 518, 569, 438, 281, 576, 284, 692, 118, 155, 784, 57, 672, 386, 366, 754, 867, 786, 709, 456, 359, 184, 495, 599, 721, 681, 183, 194, 463, 772, 151, 302, 289, 637, 515, 527, 700, 108, 748, 188, 608, 685, 759, 667, 591, 104, 208, 354, 683, 378, 808, 497, 172, 435, 844, 629, 394, 157, 774, 689, 606, 229, 40, 5, 679, 63, 171, 496, 487, 339, 645, 792, 678, 382, 852, 687, 530, 21, 250, 327, 343, 858, 671, 316, 834, 632, 755, 818, 840, 317, 736, 314, 598, 627, 110, 10, 274, 168, 189, 550, 87, 216, 120, 326, 253, 611, 544, 475, 722, 605, 744, 698, 426, 756, 489, 610, 648, 318, 847, 418, 574, 593, 694, 119, 300, 288, 49, 239, 425, 209, 616, 492, 416, 95, 825, 4, 673, 433, 459, 251, 443, 624, 701, 811, 383, 329, 384, 558, 19, 504, 613]
(w = 5) Correct Cyclicantibandwidth
Set parameter TimeLimit to value 1800
[runlim] sample:		140.3 time, 140.1 real, 2171.3 MB
[runlim] sample:		150.3 time, 150.1 real, 0.0 MB
[runlim] end:			Mon Nov  3 07:12:57 2025
[runlim] status:		out of time
[runlim] result:		2
[runlim] children:		0
[runlim] real:			150.13 seconds
[runlim] time:			150.29 seconds
[runlim] space:			2676.2 MB
[runlim] samples:		1500
