[runlim] version:		1.10
[runlim] time limit:		311040000 seconds
[runlim] real time limit:	150 seconds
[runlim] space limit:		30000 MB
[runlim] argv[0]:		python3
[runlim] argv[1]:		model.py
[runlim] argv[2]:		./graph/3dmesh/3dmesh_3_3_3.txt
[runlim] start:			Mon Nov  3 06:50:27 2025
[runlim] main pid:		13034
[runlim] log captured:
Set parameter WLSAccessID
Set parameter WLSSecret
Set parameter LicenseID to value 2663665
Academic license 2663665 - for non-commercial use only - registered to tu___@vnu.edu.vn
Set parameter TimeLimit to value 1800
(w = 4) Value Cyclicantibandwidth: 4
Lables: [18, 12, 19, 6, 24, 15, 20, 16, 26, 27, 22, 4, 17, 13, 25, 9, 3, 8, 21, 10, 14, 11, 1, 5, 2, 7, 23]
(w = 4) Correct Cyclicantibandwidth
Set parameter TimeLimit to value 1800
(w = 5) Value Cyclicantibandwidth: 5
Lables: [18, 12, 23, 5, 22, 16, 19, 11, 27, 6, 21, 3, 17, 9, 24, 7, 26, 15, 1, 13, 20, 8, 25, 14, 2, 10, 4]
(w = 5) Correct Cyclicantibandwidth
Set parameter TimeLimit to value 1800
(w = 6) Value Cyclicantibandwidth: 6
Lables: [13, 26, 20, 24, 15, 8, 16, 1, 17, 22, 14, 7, 12, 4, 18, 25, 10, 2, 6, 27, 21, 19, 11, 3, 5, 23, 9]
(w = 6) Correct Cyclicantibandwidth
Set parameter TimeLimit to value 1800
(w = 7) Value Cyclicantibandwidth: 7
Lables: [27, 16, 3, 17, 8, 18, 4, 19, 5, 20, 9, 21, 10, 1, 11, 22, 12, 23, 6, 24, 14, 25, 13, 2, 7, 26, 15]
(w = 7) Correct Cyclicantibandwidth
Set parameter TimeLimit to value 1800
(w = 8) Value Cyclicantibandwidth: 8
Lables: [4, 18, 5, 19, 9, 20, 6, 21, 7, 22, 10, 23, 11, 1, 12, 24, 13, 25, 8, 26, 15, 27, 14, 2, 16, 3, 17]
(w = 8) Correct Cyclicantibandwidth
Set parameter TimeLimit to value 1800
(w = 9) Value Cyclicantibandwidth: 9
Lables: [9, 27, 18, 26, 17, 8, 16, 7, 25, 24, 15, 6, 14, 5, 23, 4, 22, 13, 12, 3, 21, 2, 20, 11, 19, 10, 1]
(w = 9) Correct Cyclicantibandwidth
Real time: 0.6529560089111328 seconds
[runlim] end:			Mon Nov  3 06:50:27 2025
[runlim] status:		ok
[runlim] result:		0
[runlim] children:		0
[runlim] real:			0.96 seconds
[runlim] time:			0.70 seconds
[runlim] space:			37.3 MB
[runlim] samples:		7
