[runlim] version:		1.10
[runlim] time limit:		311040000 seconds
[runlim] real time limit:	150 seconds
[runlim] space limit:		30000 MB
[runlim] argv[0]:		python3
[runlim] argv[1]:		model.py
[runlim] argv[2]:		./graph/3dmesh/3dmesh_5_5_7.txt
[runlim] start:			Mon Nov 17 09:08:49 2025
[runlim] main pid:		37663
[runlim] log captured:
Set parameter WLSAccessID
Set parameter WLSSecret
Set parameter LicenseID to value 2663665
Academic license 2663665 - for non-commercial use only - registered to tu___@vnu.edu.vn
Set parameter TimeLimit to value 1800
(w = 3) Value Cyclicantibandwidth: 3
Lables: [69, 96, 88, 154, 59, 7, 78, 21, 81, 4, 168, 150, 82, 143, 123, 85, 37, 2, 126, 41, 28, 162, 26, 113, 54, 102, 11, 84, 133, 24, 163, 72, 12, 167, 105, 117, 137, 87, 128, 60, 106, 101, 19, 98, 53, 153, 9, 56, 104, 151, 50, 66, 43, 31, 61, 138, 33, 122, 155, 147, 169, 70, 23, 1, 51, 62, 146, 95, 67, 174, 97, 38, 14, 144, 86, 149, 42, 160, 148, 159, 109, 129, 152, 77, 114, 46, 165, 120, 172, 34, 110, 18, 83, 145, 10, 6, 3, 164, 111, 124, 141, 171, 94, 74, 5, 48, 92, 65, 45, 13, 132, 75, 99, 32, 93, 125, 89, 158, 116, 161, 135, 175, 115, 156, 131, 80, 22, 118, 25, 79, 73, 173, 49, 91, 108, 35, 40, 58, 140, 55, 139, 100, 90, 130, 36, 47, 166, 107, 142, 29, 64, 15, 127, 119, 76, 157, 30, 52, 16, 39, 170, 27, 112, 103, 63, 20, 136, 17, 71, 134, 68, 121, 8, 44, 57]
(w = 3) Correct Cyclicantibandwidth
Set parameter TimeLimit to value 1800
(w = 4) Value Cyclicantibandwidth: 4
Lables: [69, 96, 88, 154, 59, 7, 78, 21, 81, 103, 168, 150, 82, 143, 123, 85, 37, 2, 126, 41, 28, 162, 26, 152, 124, 48, 11, 84, 133, 24, 163, 72, 12, 167, 115, 117, 137, 87, 128, 60, 106, 101, 19, 98, 53, 153, 9, 56, 104, 151, 86, 66, 43, 31, 61, 138, 33, 122, 155, 147, 169, 70, 105, 1, 51, 62, 146, 95, 67, 174, 97, 38, 14, 23, 110, 149, 42, 160, 148, 49, 109, 129, 79, 134, 114, 46, 165, 120, 172, 34, 4, 18, 83, 145, 10, 157, 3, 164, 111, 54, 141, 171, 94, 74, 5, 55, 139, 65, 45, 13, 132, 6, 99, 32, 93, 15, 50, 158, 116, 161, 135, 125, 64, 156, 131, 80, 22, 118, 25, 159, 73, 77, 175, 91, 108, 35, 40, 58, 140, 44, 102, 30, 90, 130, 36, 47, 166, 107, 89, 29, 68, 119, 127, 75, 100, 16, 136, 52, 8, 113, 170, 27, 92, 39, 63, 20, 142, 17, 71, 121, 112, 76, 57, 173, 144]
(w = 4) Correct Cyclicantibandwidth
Set parameter TimeLimit to value 1800
(w = 5) Value Cyclicantibandwidth: 5
Lables: [69, 96, 73, 154, 59, 7, 78, 21, 81, 103, 168, 150, 82, 143, 123, 85, 37, 2, 126, 41, 28, 162, 26, 152, 124, 48, 11, 84, 133, 24, 163, 72, 12, 167, 115, 117, 137, 87, 128, 60, 106, 101, 19, 98, 53, 153, 9, 56, 104, 151, 86, 66, 43, 31, 61, 138, 33, 122, 155, 147, 169, 70, 105, 1, 51, 62, 146, 95, 67, 174, 97, 38, 14, 23, 110, 149, 42, 160, 148, 54, 109, 129, 79, 134, 114, 46, 165, 120, 88, 34, 4, 18, 83, 145, 10, 157, 3, 164, 111, 125, 141, 171, 94, 74, 5, 55, 139, 65, 45, 13, 132, 6, 99, 32, 93, 15, 50, 158, 116, 161, 135, 39, 64, 156, 131, 80, 22, 118, 25, 159, 172, 77, 49, 91, 108, 35, 175, 58, 140, 44, 102, 30, 90, 130, 36, 47, 166, 107, 89, 29, 68, 119, 127, 75, 100, 16, 40, 173, 52, 113, 170, 27, 92, 63, 57, 20, 136, 17, 71, 121, 112, 76, 142, 8, 144]
(w = 5) Correct Cyclicantibandwidth
Set parameter TimeLimit to value 1800
[runlim] sample:		10.0 time, 10.3 real, 117.0 MB
(w = 6) Value Cyclicantibandwidth: 6
Lables: [69, 96, 88, 154, 59, 7, 78, 21, 81, 103, 168, 150, 68, 143, 123, 85, 37, 2, 126, 41, 28, 162, 26, 152, 124, 48, 11, 51, 133, 24, 163, 72, 12, 167, 115, 117, 137, 87, 128, 60, 40, 101, 19, 98, 53, 153, 9, 56, 104, 151, 122, 66, 43, 31, 61, 138, 33, 175, 155, 147, 169, 70, 105, 1, 164, 62, 146, 95, 67, 174, 97, 38, 14, 23, 110, 149, 42, 160, 148, 54, 109, 129, 79, 134, 114, 46, 165, 120, 111, 34, 4, 18, 83, 145, 10, 157, 3, 116, 94, 125, 141, 171, 55, 74, 5, 50, 139, 65, 45, 13, 132, 6, 99, 32, 93, 15, 89, 158, 136, 161, 135, 39, 64, 156, 131, 80, 22, 172, 25, 159, 73, 173, 49, 91, 108, 35, 86, 118, 140, 44, 102, 30, 90, 130, 36, 47, 166, 107, 142, 77, 58, 119, 127, 75, 84, 16, 71, 20, 29, 52, 170, 27, 92, 113, 63, 82, 8, 17, 121, 106, 112, 76, 57, 100, 144]
(w = 6) Correct Cyclicantibandwidth
Set parameter TimeLimit to value 1800
(w = 7) Value Cyclicantibandwidth: 7
Lables: [69, 96, 88, 154, 59, 7, 78, 21, 81, 72, 168, 150, 82, 143, 123, 85, 103, 2, 126, 41, 28, 162, 26, 152, 124, 102, 11, 51, 133, 24, 163, 4, 12, 167, 115, 117, 137, 68, 128, 60, 106, 157, 19, 158, 53, 153, 9, 56, 104, 151, 86, 66, 43, 31, 61, 138, 33, 122, 155, 147, 169, 70, 105, 1, 164, 62, 146, 87, 67, 174, 97, 38, 14, 23, 110, 149, 42, 160, 148, 54, 109, 129, 79, 134, 114, 46, 165, 120, 95, 34, 108, 131, 100, 145, 10, 20, 3, 116, 94, 125, 141, 171, 55, 74, 5, 50, 139, 65, 45, 13, 111, 6, 99, 32, 93, 15, 89, 18, 83, 161, 135, 39, 64, 156, 37, 80, 22, 172, 25, 159, 73, 173, 49, 91, 98, 35, 142, 118, 140, 44, 127, 30, 90, 130, 36, 47, 166, 107, 8, 77, 58, 119, 48, 101, 84, 132, 40, 121, 16, 52, 170, 27, 92, 75, 63, 136, 144, 17, 112, 175, 71, 113, 76, 29, 57]
(w = 7) Correct Cyclicantibandwidth
Set parameter TimeLimit to value 1800
[runlim] sample:		20.1 time, 20.3 real, 145.9 MB
(w = 8) Value Cyclicantibandwidth: 8
Lables: [112, 96, 43, 154, 74, 7, 64, 21, 48, 103, 139, 19, 157, 143, 123, 9, 136, 2, 54, 41, 172, 162, 26, 175, 140, 4, 155, 33, 5, 24, 70, 47, 119, 167, 14, 117, 137, 39, 115, 60, 85, 29, 129, 98, 73, 153, 76, 38, 15, 37, 86, 109, 147, 31, 89, 138, 12, 87, 122, 57, 169, 126, 105, 1, 134, 97, 146, 163, 124, 174, 49, 173, 81, 23, 110, 149, 42, 160, 148, 130, 67, 20, 79, 106, 72, 46, 165, 28, 16, 34, 83, 18, 100, 108, 10, 22, 94, 58, 68, 125, 95, 171, 55, 166, 32, 3, 114, 65, 45, 13, 111, 6, 75, 104, 77, 93, 80, 56, 116, 161, 135, 158, 141, 156, 35, 150, 88, 11, 25, 159, 91, 78, 133, 59, 144, 27, 40, 118, 36, 44, 151, 50, 170, 66, 101, 53, 63, 107, 142, 61, 82, 71, 127, 102, 69, 132, 30, 113, 164, 52, 92, 128, 51, 90, 168, 62, 8, 17, 121, 152, 120, 145, 84, 131, 99]
(w = 8) Correct Cyclicantibandwidth
Set parameter TimeLimit to value 1800
(w = 9) Value Cyclicantibandwidth: 9
Lables: [69, 96, 5, 154, 59, 7, 78, 30, 81, 103, 168, 150, 82, 143, 123, 85, 37, 2, 126, 41, 28, 162, 26, 152, 124, 48, 11, 119, 133, 24, 163, 21, 12, 167, 115, 117, 141, 68, 128, 60, 106, 157, 19, 98, 73, 153, 9, 56, 15, 137, 86, 66, 43, 31, 61, 138, 33, 122, 79, 36, 169, 70, 105, 1, 164, 62, 146, 87, 67, 174, 97, 38, 14, 51, 110, 149, 42, 160, 148, 159, 109, 129, 147, 134, 114, 46, 165, 120, 95, 34, 4, 18, 54, 145, 10, 20, 3, 116, 94, 125, 45, 171, 55, 74, 23, 139, 92, 65, 93, 13, 111, 6, 99, 32, 142, 16, 50, 158, 83, 161, 135, 39, 64, 156, 35, 80, 22, 172, 25, 77, 170, 75, 49, 136, 108, 29, 40, 118, 102, 44, 58, 100, 90, 140, 88, 47, 166, 107, 89, 72, 144, 155, 127, 101, 132, 63, 130, 173, 91, 52, 175, 53, 71, 131, 104, 151, 27, 17, 84, 113, 112, 76, 8, 121, 57]
(w = 9) Correct Cyclicantibandwidth
Set parameter TimeLimit to value 1800
[runlim] sample:		30.1 time, 30.3 real, 162.6 MB
(w = 10) Value Cyclicantibandwidth: 10
Lables: [69, 96, 25, 154, 88, 7, 78, 145, 81, 103, 168, 130, 82, 143, 123, 85, 37, 2, 126, 41, 28, 162, 26, 152, 124, 48, 11, 84, 133, 24, 163, 57, 12, 167, 115, 117, 141, 68, 128, 60, 106, 157, 19, 98, 73, 153, 9, 56, 15, 137, 86, 66, 43, 31, 61, 138, 33, 122, 59, 147, 169, 63, 105, 1, 70, 62, 51, 155, 67, 174, 97, 38, 14, 144, 110, 149, 42, 160, 148, 159, 109, 129, 79, 134, 114, 46, 165, 120, 95, 34, 4, 150, 83, 112, 10, 23, 3, 164, 94, 125, 45, 171, 55, 74, 5, 139, 92, 65, 93, 156, 111, 6, 99, 32, 142, 16, 50, 158, 136, 161, 135, 39, 64, 121, 35, 80, 22, 172, 21, 77, 170, 116, 49, 8, 108, 29, 40, 118, 140, 44, 102, 27, 90, 53, 101, 47, 166, 107, 89, 72, 58, 119, 76, 127, 54, 132, 71, 173, 91, 151, 87, 13, 104, 75, 30, 20, 100, 17, 36, 113, 175, 52, 146, 131, 18]
(w = 10) Correct Cyclicantibandwidth
Set parameter TimeLimit to value 1800
[runlim] sample:		40.1 time, 40.3 real, 202.2 MB
(w = 11) Value Cyclicantibandwidth: 11
Lables: [69, 96, 25, 154, 88, 7, 78, 145, 81, 103, 168, 150, 82, 143, 123, 85, 37, 2, 126, 41, 28, 162, 26, 152, 124, 48, 11, 84, 133, 24, 163, 52, 12, 167, 115, 117, 64, 107, 128, 60, 106, 157, 19, 98, 121, 153, 9, 56, 15, 137, 86, 66, 43, 31, 61, 138, 33, 122, 59, 147, 169, 110, 23, 1, 164, 62, 146, 70, 54, 135, 97, 38, 14, 144, 90, 149, 42, 160, 148, 159, 109, 129, 79, 134, 114, 46, 165, 120, 95, 34, 4, 18, 83, 112, 10, 20, 3, 116, 94, 113, 45, 171, 55, 74, 5, 139, 51, 39, 105, 156, 111, 6, 99, 32, 93, 125, 50, 158, 136, 161, 174, 130, 49, 65, 131, 80, 22, 172, 21, 77, 170, 75, 89, 73, 108, 35, 142, 118, 140, 44, 102, 30, 16, 53, 101, 47, 166, 100, 151, 87, 58, 119, 27, 141, 57, 132, 40, 173, 36, 91, 92, 72, 13, 67, 127, 155, 8, 76, 17, 175, 71, 29, 63, 104, 68]
(w = 11) Correct Cyclicantibandwidth
Set parameter TimeLimit to value 1800
(w = 12) Value Cyclicantibandwidth: 12
Lables: [69, 96, 25, 154, 88, 7, 78, 145, 81, 103, 168, 150, 82, 143, 123, 85, 37, 2, 126, 41, 28, 162, 26, 152, 124, 48, 11, 84, 133, 24, 163, 50, 12, 167, 115, 117, 64, 107, 128, 60, 40, 157, 19, 98, 73, 153, 9, 56, 15, 137, 86, 66, 43, 31, 61, 138, 33, 122, 59, 147, 169, 110, 23, 1, 164, 62, 130, 70, 54, 101, 97, 38, 14, 144, 8, 149, 42, 160, 91, 159, 109, 129, 79, 134, 174, 46, 165, 120, 95, 34, 4, 18, 83, 112, 10, 20, 3, 116, 94, 113, 45, 171, 55, 74, 5, 139, 51, 135, 105, 156, 111, 6, 99, 32, 93, 125, 53, 158, 136, 161, 140, 106, 65, 121, 35, 80, 22, 172, 21, 77, 170, 75, 49, 146, 108, 29, 148, 118, 102, 44, 16, 100, 76, 39, 114, 47, 166, 132, 89, 72, 58, 119, 27, 141, 57, 142, 30, 173, 36, 155, 87, 13, 92, 131, 63, 151, 68, 17, 67, 90, 71, 52, 175, 104, 127]
(w = 12) Correct Cyclicantibandwidth
Set parameter TimeLimit to value 1800
[runlim] sample:		50.1 time, 50.3 real, 194.8 MB
(w = 13) Value Cyclicantibandwidth: 13
Lables: [69, 96, 25, 154, 88, 7, 78, 145, 81, 58, 168, 150, 82, 143, 123, 85, 37, 2, 126, 41, 28, 162, 26, 152, 124, 43, 11, 84, 133, 24, 163, 48, 12, 167, 115, 117, 64, 107, 128, 60, 61, 101, 19, 98, 73, 153, 9, 56, 113, 137, 86, 66, 1, 31, 170, 138, 33, 122, 59, 147, 169, 110, 23, 148, 164, 20, 146, 70, 54, 91, 97, 38, 14, 144, 8, 149, 42, 160, 103, 67, 109, 129, 79, 134, 174, 46, 165, 120, 95, 34, 4, 18, 83, 112, 62, 157, 3, 116, 94, 151, 45, 171, 55, 74, 5, 139, 51, 106, 93, 156, 111, 6, 47, 32, 142, 125, 50, 158, 136, 161, 140, 68, 49, 159, 131, 80, 22, 99, 21, 77, 52, 65, 173, 39, 108, 35, 114, 132, 102, 44, 10, 100, 16, 172, 75, 127, 166, 63, 89, 104, 15, 119, 27, 141, 57, 29, 90, 40, 13, 155, 87, 72, 92, 30, 135, 130, 53, 76, 121, 17, 71, 118, 175, 105, 36]
(w = 13) Correct Cyclicantibandwidth
Set parameter TimeLimit to value 1800
[runlim] sample:		60.2 time, 60.3 real, 215.2 MB
(w = 14) Value Cyclicantibandwidth: 14
Lables: [69, 96, 25, 154, 88, 7, 78, 145, 81, 103, 168, 150, 82, 143, 123, 85, 37, 2, 126, 41, 28, 162, 26, 152, 124, 48, 11, 84, 133, 24, 163, 50, 12, 167, 62, 117, 64, 107, 128, 46, 61, 101, 19, 98, 73, 153, 9, 56, 15, 44, 86, 66, 43, 109, 170, 138, 33, 122, 59, 147, 169, 110, 23, 1, 99, 20, 146, 165, 115, 174, 97, 38, 14, 144, 90, 149, 42, 160, 47, 67, 75, 129, 79, 134, 114, 91, 34, 120, 95, 137, 51, 18, 83, 40, 113, 3, 60, 164, 111, 65, 45, 171, 94, 74, 5, 139, 31, 157, 105, 148, 13, 102, 6, 32, 93, 70, 125, 158, 106, 161, 112, 175, 49, 156, 131, 80, 22, 172, 21, 159, 52, 77, 135, 39, 108, 35, 10, 118, 140, 55, 16, 100, 76, 53, 36, 127, 141, 4, 89, 166, 58, 119, 27, 72, 54, 132, 30, 173, 87, 155, 92, 116, 142, 63, 104, 151, 136, 17, 121, 68, 71, 29, 130, 57, 8]
(w = 14) Correct Cyclicantibandwidth
Set parameter TimeLimit to value 1800
(w = 15) Value Cyclicantibandwidth: 15
Lables: [69, 96, 25, 44, 88, 7, 78, 145, 81, 103, 58, 150, 82, 143, 123, 85, 37, 2, 126, 41, 28, 162, 26, 152, 124, 148, 11, 84, 133, 24, 163, 48, 12, 167, 62, 117, 64, 160, 128, 46, 61, 101, 19, 98, 73, 153, 9, 56, 15, 151, 86, 66, 43, 109, 170, 138, 33, 122, 59, 147, 169, 110, 23, 1, 99, 20, 146, 70, 115, 174, 97, 38, 14, 144, 90, 149, 42, 127, 47, 130, 75, 129, 79, 134, 114, 91, 154, 120, 95, 34, 51, 18, 54, 77, 113, 3, 60, 164, 111, 65, 45, 171, 94, 74, 5, 139, 31, 157, 105, 36, 168, 102, 6, 32, 93, 107, 50, 158, 106, 161, 140, 175, 137, 156, 131, 80, 22, 172, 21, 159, 52, 116, 49, 136, 108, 35, 83, 118, 55, 17, 10, 100, 16, 165, 125, 68, 132, 57, 89, 166, 4, 119, 27, 141, 72, 29, 71, 173, 87, 40, 13, 53, 142, 30, 63, 155, 8, 39, 112, 92, 104, 76, 135, 67, 121]
(w = 15) Correct Cyclicantibandwidth
Set parameter TimeLimit to value 1800
[runlim] sample:		70.2 time, 70.3 real, 234.7 MB
(w = 16) Value Cyclicantibandwidth: 16
Lables: [69, 96, 25, 62, 88, 7, 119, 145, 127, 143, 31, 150, 82, 103, 123, 122, 37, 2, 126, 41, 28, 162, 135, 152, 94, 132, 11, 84, 133, 24, 163, 86, 12, 167, 73, 117, 64, 107, 128, 46, 61, 101, 19, 98, 130, 138, 9, 56, 172, 151, 45, 153, 43, 109, 170, 95, 33, 111, 78, 147, 169, 110, 23, 1, 105, 20, 146, 70, 48, 174, 97, 38, 14, 144, 90, 149, 42, 124, 47, 67, 75, 129, 79, 134, 114, 91, 165, 120, 59, 34, 125, 18, 54, 77, 113, 3, 60, 164, 17, 65, 26, 171, 85, 154, 5, 139, 92, 141, 66, 148, 13, 39, 6, 32, 93, 156, 89, 160, 106, 161, 140, 15, 50, 158, 131, 80, 22, 115, 21, 159, 52, 116, 49, 136, 108, 35, 83, 118, 102, 55, 10, 30, 76, 53, 36, 68, 157, 99, 74, 166, 58, 4, 27, 51, 72, 16, 40, 173, 29, 155, 87, 57, 137, 168, 81, 71, 8, 100, 142, 175, 112, 63, 44, 104, 121]
(w = 16) Correct Cyclicantibandwidth
Set parameter TimeLimit to value 1800
[runlim] sample:		80.2 time, 80.3 real, 258.2 MB
(w = 17) Value Cyclicantibandwidth: 17
Lables: [27, 96, 59, 21, 66, 7, 126, 149, 111, 14, 42, 82, 48, 144, 115, 109, 60, 2, 50, 143, 53, 161, 26, 90, 13, 52, 138, 156, 69, 24, 164, 81, 11, 39, 58, 135, 168, 114, 65, 167, 174, 146, 31, 155, 120, 134, 98, 76, 172, 37, 116, 163, 64, 86, 170, 78, 33, 122, 18, 118, 40, 133, 61, 151, 51, 145, 80, 171, 68, 28, 97, 38, 113, 153, 57, 87, 63, 5, 112, 139, 10, 159, 105, 169, 15, 92, 56, 142, 62, 125, 4, 108, 29, 12, 107, 36, 129, 83, 123, 25, 45, 119, 94, 160, 34, 70, 46, 8, 104, 121, 132, 73, 99, 43, 71, 154, 19, 158, 84, 165, 128, 85, 137, 17, 131, 150, 32, 67, 22, 117, 127, 74, 49, 1, 30, 35, 54, 141, 93, 140, 77, 95, 75, 147, 88, 6, 148, 166, 102, 9, 124, 89, 152, 44, 20, 157, 55, 173, 91, 3, 100, 130, 101, 23, 72, 16, 162, 41, 175, 110, 106, 47, 103, 79, 136]
(w = 17) Correct Cyclicantibandwidth
Set parameter TimeLimit to value 1800
[runlim] sample:		90.3 time, 90.3 real, 258.3 MB
(w = 18) Value Cyclicantibandwidth: 18
Lables: [69, 96, 48, 159, 88, 7, 78, 145, 81, 57, 31, 150, 82, 19, 87, 85, 37, 2, 126, 149, 28, 67, 26, 152, 84, 139, 162, 104, 133, 24, 163, 11, 39, 17, 105, 122, 64, 107, 79, 167, 61, 106, 130, 98, 53, 153, 9, 165, 49, 151, 15, 132, 66, 86, 170, 138, 65, 156, 59, 147, 169, 110, 23, 1, 92, 20, 146, 70, 32, 174, 77, 38, 14, 144, 124, 90, 42, 120, 47, 93, 109, 129, 44, 3, 114, 46, 4, 141, 108, 34, 175, 68, 100, 73, 113, 157, 101, 62, 111, 172, 45, 72, 94, 74, 5, 168, 18, 135, 35, 148, 102, 75, 95, 142, 83, 63, 36, 158, 117, 161, 103, 12, 137, 91, 131, 80, 22, 121, 21, 52, 29, 143, 56, 134, 115, 155, 40, 118, 30, 60, 43, 166, 55, 140, 116, 6, 128, 99, 8, 51, 58, 119, 27, 50, 154, 123, 173, 112, 16, 89, 25, 76, 54, 164, 127, 136, 41, 171, 71, 10, 97, 13, 125, 33, 160]
(w = 18) Correct Cyclicantibandwidth
Set parameter TimeLimit to value 1800
[runlim] sample:		100.3 time, 100.3 real, 264.7 MB
(w = 19) Value Cyclicantibandwidth: 19
Lables: [69, 96, 25, 154, 88, 7, 58, 145, 81, 134, 31, 150, 82, 143, 48, 151, 37, 2, 23, 159, 28, 162, 26, 78, 54, 139, 11, 84, 133, 24, 163, 85, 12, 167, 105, 117, 64, 107, 44, 168, 61, 101, 50, 98, 53, 126, 9, 119, 15, 137, 86, 66, 43, 109, 170, 138, 33, 122, 59, 147, 169, 110, 34, 1, 51, 20, 146, 70, 125, 174, 97, 38, 14, 144, 90, 149, 42, 160, 47, 67, 75, 129, 79, 19, 114, 46, 165, 120, 95, 10, 123, 18, 100, 73, 113, 157, 115, 164, 111, 62, 45, 171, 94, 74, 5, 104, 65, 135, 93, 148, 132, 102, 6, 32, 89, 76, 55, 158, 106, 3, 112, 166, 49, 156, 131, 80, 22, 172, 21, 103, 52, 116, 56, 136, 30, 29, 83, 118, 161, 60, 130, 27, 99, 140, 36, 35, 128, 4, 63, 87, 153, 127, 92, 141, 72, 16, 40, 173, 91, 155, 77, 13, 142, 39, 124, 152, 108, 17, 71, 8, 68, 175, 57, 121, 41]
(w = 19) Correct Cyclicantibandwidth
Set parameter TimeLimit to value 1800
[runlim] sample:		110.3 time, 110.3 real, 270.8 MB
(w = 20) Value Cyclicantibandwidth: 20
Lables: [69, 96, 119, 154, 88, 130, 10, 145, 57, 155, 31, 112, 82, 1, 109, 85, 37, 2, 103, 75, 28, 162, 26, 124, 172, 139, 116, 84, 133, 113, 163, 53, 18, 167, 63, 81, 7, 107, 34, 168, 61, 101, 50, 125, 30, 126, 9, 72, 15, 137, 104, 66, 43, 83, 170, 138, 17, 122, 59, 147, 158, 110, 48, 120, 74, 20, 146, 12, 46, 169, 97, 44, 98, 144, 90, 156, 106, 160, 105, 67, 51, 129, 79, 19, 114, 23, 165, 14, 95, 175, 123, 64, 100, 73, 134, 27, 3, 76, 42, 16, 45, 149, 36, 141, 5, 153, 58, 131, 93, 148, 132, 99, 71, 157, 41, 102, 135, 171, 127, 174, 159, 115, 40, 70, 94, 80, 22, 143, 21, 86, 52, 89, 49, 136, 38, 29, 164, 118, 55, 140, 161, 65, 35, 13, 54, 32, 151, 11, 47, 166, 117, 62, 25, 111, 6, 4, 33, 173, 91, 142, 87, 56, 92, 150, 24, 108, 8, 121, 68, 152, 77, 39, 60, 128, 78]
(w = 20) Correct Cyclicantibandwidth
Set parameter TimeLimit to value 1800
[runlim] sample:		120.4 time, 120.3 real, 281.2 MB
(w = 21) Value Cyclicantibandwidth: 21
Lables: [41, 96, 25, 160, 66, 7, 127, 166, 112, 164, 69, 99, 51, 172, 52, 145, 64, 92, 71, 108, 2, 109, 148, 100, 34, 140, 11, 147, 110, 45, 63, 38, 61, 157, 18, 117, 151, 6, 48, 74, 42, 101, 129, 1, 53, 142, 9, 86, 44, 97, 93, 133, 168, 16, 115, 126, 15, 141, 85, 155, 169, 103, 31, 173, 98, 20, 135, 82, 55, 12, 73, 95, 36, 162, 72, 119, 76, 137, 70, 27, 163, 104, 19, 106, 56, 102, 22, 144, 83, 123, 136, 88, 121, 170, 59, 47, 124, 156, 21, 152, 17, 113, 33, 105, 132, 75, 32, 159, 131, 107, 5, 81, 28, 62, 39, 78, 8, 158, 37, 175, 154, 58, 26, 146, 29, 80, 134, 90, 35, 84, 13, 79, 40, 167, 50, 114, 14, 125, 91, 116, 143, 60, 87, 161, 68, 111, 23, 118, 43, 130, 54, 10, 122, 153, 3, 165, 138, 65, 24, 128, 77, 46, 171, 120, 89, 49, 139, 30, 94, 4, 150, 174, 57, 149, 67]
(w = 21) Correct Cyclicantibandwidth
Set parameter TimeLimit to value 1800
[runlim] sample:		130.4 time, 130.3 real, 292.0 MB
(w = 22) Value Cyclicantibandwidth: 22
Lables: [69, 131, 58, 156, 63, 141, 51, 143, 16, 90, 95, 9, 40, 145, 49, 154, 127, 149, 23, 80, 76, 162, 94, 124, 33, 11, 61, 85, 133, 24, 114, 86, 12, 54, 167, 161, 42, 107, 79, 26, 25, 84, 13, 134, 53, 126, 27, 119, 78, 165, 110, 132, 55, 14, 77, 164, 48, 96, 155, 29, 57, 101, 153, 128, 2, 97, 168, 91, 28, 146, 7, 60, 3, 144, 62, 140, 65, 92, 36, 138, 39, 159, 64, 4, 56, 6, 38, 120, 43, 137, 158, 130, 19, 66, 35, 34, 174, 129, 88, 5, 41, 171, 122, 82, 20, 102, 31, 157, 121, 147, 59, 118, 47, 169, 87, 125, 18, 136, 106, 1, 103, 68, 10, 44, 74, 99, 70, 148, 108, 83, 152, 98, 52, 17, 112, 111, 150, 75, 104, 175, 32, 100, 22, 163, 93, 67, 166, 73, 109, 139, 151, 105, 30, 81, 116, 113, 72, 173, 135, 160, 8, 115, 142, 15, 50, 117, 172, 46, 71, 123, 89, 37, 170, 45, 21]
(w = 22) Correct Cyclicantibandwidth
Set parameter TimeLimit to value 1800
[runlim] sample:		140.5 time, 140.3 real, 312.1 MB
(w = 23) Value Cyclicantibandwidth: 23
Lables: [69, 96, 25, 154, 88, 119, 72, 145, 81, 174, 31, 150, 82, 134, 48, 85, 37, 148, 68, 12, 28, 95, 26, 124, 162, 139, 58, 84, 5, 62, 47, 3, 29, 104, 23, 97, 64, 107, 44, 167, 61, 101, 50, 98, 53, 126, 9, 146, 15, 137, 86, 132, 43, 109, 170, 138, 33, 122, 59, 147, 169, 133, 34, 1, 51, 20, 161, 87, 125, 78, 70, 38, 14, 91, 42, 117, 66, 160, 60, 27, 75, 129, 79, 19, 114, 46, 165, 120, 149, 10, 121, 18, 41, 73, 113, 7, 115, 164, 17, 65, 45, 171, 118, 30, 136, 168, 100, 157, 105, 13, 94, 39, 6, 32, 93, 16, 89, 158, 106, 152, 135, 175, 49, 156, 35, 80, 22, 172, 103, 54, 52, 159, 56, 2, 143, 155, 83, 111, 140, 55, 102, 131, 21, 77, 128, 8, 76, 108, 36, 166, 130, 99, 127, 24, 141, 4, 40, 173, 74, 116, 92, 144, 71, 110, 153, 151, 63, 123, 11, 90, 112, 163, 57, 142, 67]
(w = 23) Correct Cyclicantibandwidth
Set parameter TimeLimit to value 1800
[runlim] end:			Mon Nov 17 09:11:19 2025
[runlim] status:		out of time
[runlim] result:		2
[runlim] children:		0
[runlim] real:			150.10 seconds
[runlim] time:			150.30 seconds
[runlim] space:			339.7 MB
[runlim] samples:		1498
