[runlim] version:		1.10
[runlim] time limit:		311040000 seconds
[runlim] real time limit:	150 seconds
[runlim] space limit:		30000 MB
[runlim] argv[0]:		python3
[runlim] argv[1]:		model.py
[runlim] argv[2]:		./graph/3dmesh/3dmesh_4_4_200.txt
[runlim] start:			Mon Nov 17 09:06:19 2025
[runlim] main pid:		37627
[runlim] log captured:
Set parameter WLSAccessID
Set parameter WLSSecret
Set parameter LicenseID to value 2663665
Academic license 2663665 - for non-commercial use only - registered to tu___@vnu.edu.vn
Set parameter TimeLimit to value 1800
[runlim] sample:		10.0 time, 10.2 real, 778.3 MB
[runlim] sample:		20.1 time, 20.2 real, 1464.7 MB
[runlim] sample:		30.1 time, 30.2 real, 1626.8 MB
[runlim] sample:		40.1 time, 40.2 real, 2347.8 MB
[runlim] sample:		50.2 time, 50.2 real, 3418.2 MB
[runlim] sample:		60.2 time, 60.2 real, 4620.4 MB
[runlim] sample:		70.2 time, 70.2 real, 4173.5 MB
[runlim] sample:		80.2 time, 80.2 real, 4211.1 MB
[runlim] sample:		90.3 time, 90.2 real, 4231.9 MB
[runlim] sample:		100.3 time, 100.2 real, 4286.4 MB
[runlim] sample:		110.3 time, 110.2 real, 4309.6 MB
[runlim] sample:		120.4 time, 120.2 real, 4331.3 MB
[runlim] sample:		130.4 time, 130.2 real, 4355.8 MB
[runlim] sample:		140.4 time, 140.2 real, 4375.4 MB
[runlim] sample:		150.5 time, 150.2 real, 0.0 MB
[runlim] end:			Mon Nov 17 09:08:49 2025
[runlim] status:		out of time
[runlim] result:		2
[runlim] children:		0
[runlim] real:			150.27 seconds
[runlim] time:			150.47 seconds
[runlim] space:			4993.7 MB
[runlim] samples:		1500
