[runlim] version:		1.10
[runlim] time limit:		311040000 seconds
[runlim] real time limit:	150 seconds
[runlim] space limit:		30000 MB
[runlim] argv[0]:		python3
[runlim] argv[1]:		model.py
[runlim] argv[2]:		./graph/3dmesh/3dmesh_4_4_68.txt
[runlim] start:			Mon Nov  3 07:00:27 2025
[runlim] main pid:		13173
[runlim] log captured:
Set parameter WLSAccessID
Set parameter WLSSecret
Set parameter LicenseID to value 2663665
Academic license 2663665 - for non-commercial use only - registered to tu___@vnu.edu.vn
Set parameter TimeLimit to value 1800
[runlim] sample:		10.0 time, 10.1 real, 553.9 MB
[runlim] sample:		20.0 time, 20.1 real, 688.0 MB
[runlim] sample:		30.0 time, 30.1 real, 792.8 MB
[runlim] sample:		40.0 time, 40.1 real, 942.8 MB
[runlim] sample:		50.1 time, 50.1 real, 1051.2 MB
[runlim] sample:		60.1 time, 60.1 real, 1212.9 MB
[runlim] sample:		70.1 time, 70.1 real, 1319.9 MB
[runlim] sample:		80.1 time, 80.1 real, 1491.5 MB
[runlim] sample:		90.2 time, 90.1 real, 1596.7 MB
(w = 4) Value Cyclicantibandwidth: 4
Lables: [984, 450, 344, 510, 431, 376, 505, 763, 424, 502, 145, 34, 791, 67, 354, 727, 907, 163, 932, 1012, 772, 522, 798, 172, 215, 966, 513, 792, 427, 304, 195, 590, 947, 782, 168, 261, 374, 705, 7, 26, 1055, 309, 677, 380, 123, 906, 392, 728, 807, 171, 306, 621, 350, 819, 12, 79, 552, 1025, 440, 235, 205, 766, 1066, 193, 131, 114, 355, 1045, 913, 208, 543, 254, 1078, 233, 982, 497, 130, 279, 799, 402, 554, 995, 801, 637, 514, 241, 38, 284, 1002, 830, 334, 832, 855, 916, 584, 971, 328, 737, 218, 893, 667, 394, 926, 1064, 629, 534, 1022, 779, 320, 818, 979, 257, 924, 399, 260, 1019, 425, 80, 706, 384, 97, 975, 185, 433, 963, 692, 753, 847, 395, 371, 651, 357, 1006, 994, 298, 525, 645, 756, 1035, 696, 865, 347, 894, 1060, 580, 452, 713, 316, 1059, 223, 748, 23, 561, 437, 165, 465, 105, 375, 132, 181, 345, 539, 501, 949, 744, 160, 646, 321, 846, 323, 405, 758, 86, 201, 1088, 1074, 634, 711, 470, 194, 988, 49, 271, 68, 678, 955, 660, 572, 499, 278, 180, 400, 785, 930, 187, 518, 589, 65, 5, 250, 972, 835, 928, 369, 244, 729, 247, 619, 675, 358, 1053, 93, 738, 337, 1029, 1034, 490, 623, 43, 232, 520, 669, 108, 700, 64, 576, 90, 458, 420, 615, 282, 206, 686, 611, 84, 1018, 952, 252, 790, 996, 31, 511, 910, 825, 608, 889, 229, 559, 600, 754, 919, 46, 313, 560, 749, 654, 665, 597, 1005, 625, 162, 793, 822, 566, 858, 1039, 332, 102, 904, 866, 143, 598, 475, 406, 736, 449, 324, 789, 693, 381, 1048, 29, 356, 407, 1068, 565, 221, 296, 280, 1000, 412, 650, 204, 442, 361, 960, 432, 140, 418, 694, 631, 267, 47, 28, 1076, 691, 707, 386, 1085, 446, 1032, 156, 726, 1016, 429, 944, 934, 616, 154, 480, 41, 569, 228, 2, 535, 152, 128, 813, 544, 536, 496, 845, 360, 423, 661, 521, 606, 305, 1037, 605, 876, 107, 477, 71, 583, 243, 45, 685, 92, 638, 196, 670, 66, 54, 601, 878, 113, 234, 73, 962, 210, 485, 103, 486, 596, 148, 1024, 859, 848, 482, 777, 189, 24, 322, 481, 550, 4, 142, 312, 91, 455, 575, 765, 836, 226, 981, 203, 276, 837, 969, 555, 413, 663, 78, 602, 134, 732, 106, 300, 120, 527, 778, 291, 387, 55, 448, 991, 588, 780, 824, 1, 704, 292, 767, 722, 992, 719, 844, 682, 783, 451, 419, 648, 338, 1070, 922, 1052, 563, 902, 808, 879, 1081, 612, 1026, 81, 1010, 373, 274, 112, 82, 834, 687, 927, 346, 353, 447, 141, 558, 672, 805, 679, 1036, 1086, 915, 903, 708, 1033, 379, 50, 443, 439, 6, 742, 211, 135, 662, 157, 268, 85, 1046, 573, 864, 676, 647, 438, 295, 914, 690, 262, 626, 739, 216, 721, 843, 225, 467, 1013, 591, 901, 838, 98, 998, 158, 898, 869, 3, 1082, 887, 594, 935, 1050, 939, 37, 980, 161, 999, 797, 516, 466, 582, 896, 393, 19, 681, 709, 945, 33, 77, 734, 139, 444, 570, 32, 1041, 133, 363, 881, 537, 593, 752, 469, 581, 973, 169, 9, 817, 967, 224, 1047, 231, 1072, 1023, 803, 72, 335, 318, 435, 288, 428, 122, 515, 495, 491, 385, 956, 938, 556, 549, 10, 16, 22, 118, 182, 912, 308, 390, 723, 285, 456, 319, 237, 909, 110, 52, 94, 532, 408, 192, 578, 1011, 714, 540, 417, 888, 489, 411, 717, 119, 401, 416, 409, 1040, 258, 562, 396, 314, 850, 715, 149, 1084, 784, 391, 921, 911, 674, 153, 61, 421, 541, 760, 871, 857, 710, 853, 768, 699, 950, 1020, 546, 761, 1057, 464, 585, 1004, 986, 978, 712, 317, 422, 941, 923, 53, 14, 891, 630, 359, 997, 586, 15, 445, 56, 764, 99, 953, 500, 366, 240, 1015, 343, 403, 1087, 689, 567, 263, 815, 968, 13, 1067, 404, 238, 841, 88, 341, 627, 1021, 856, 111, 524, 548, 329, 1044, 35, 509, 382, 289, 733, 526, 272, 725, 1009, 624, 831, 796, 315, 397, 48, 547, 1042, 773, 974, 731, 150, 503, 27, 920, 854, 897, 336, 137, 668, 890, 658, 471, 70, 249, 604, 18, 184, 367, 190, 954, 269, 987, 892, 176, 478, 349, 771, 264, 933, 146, 248, 607, 436, 757, 457, 351, 127, 398, 553, 209, 632, 1043, 266, 862, 802, 918, 410, 104, 622, 96, 87, 138, 745, 236, 426, 434, 804, 115, 63, 794, 30, 230, 990, 259, 39, 166, 368, 1030, 697, 673, 983, 885, 931, 957, 219, 1061, 917, 564, 538, 281, 1049, 504, 751, 388, 175, 863, 311, 44, 370, 273, 730, 441, 703, 769, 124, 620, 453, 839, 774, 286, 40, 283, 908, 568, 179, 75, 716, 943, 207, 840, 494, 17, 652, 861, 507, 640, 698, 1054, 151, 199, 57, 186, 609, 155, 214, 307, 246, 415, 365, 1003, 11, 529, 1075, 724, 770, 989, 519, 872, 251, 530, 297, 197, 883, 740, 868, 83, 517, 533, 117, 303, 69, 1083, 833, 287, 126, 101, 905, 851, 430, 51, 776, 1031, 299, 377, 342, 183, 664, 942, 643, 212, 159, 1058, 653, 886, 326, 874, 462, 680, 290, 747, 364, 1014, 946, 641, 701, 542, 383, 294, 174, 948, 213, 1079, 795, 217, 362, 787, 595, 1001, 642, 484, 936, 873, 610, 657, 993, 937, 985, 860, 310, 275, 60, 1051, 1017, 900, 977, 762, 741, 683, 959, 1056, 809, 895, 735, 372, 136, 633, 812, 961, 829, 579, 828, 842, 929, 293, 414, 750, 1073, 636, 523, 877, 265, 459, 755, 493, 1008, 378, 144, 718, 277, 528, 220, 1027, 270, 574, 781, 603, 100, 875, 1038, 806, 461, 200, 800, 476, 191, 925, 1007, 684, 951, 823, 880, 1080, 389, 59, 202, 688, 644, 488, 826, 222, 1077, 628, 95, 173, 330, 882, 125, 348, 327, 1065, 242, 167, 508, 970, 695, 253, 492, 506, 743, 454, 788, 302, 1062, 786, 129, 613, 512, 21, 170, 746, 25, 8, 870, 577, 821, 965, 339, 62, 811, 474, 899, 940, 557, 256, 775, 1071, 36, 116, 177, 301, 479, 188, 325, 76, 473, 599, 649, 702, 340, 656, 58, 571, 759, 816, 472, 227, 964, 635, 109, 614, 884, 545, 958, 333, 976, 255, 89, 617, 42, 1069, 121, 483, 20, 810, 531, 820, 498, 659, 352, 198, 827, 671, 1028, 639, 147, 463, 74, 867, 239, 587, 720, 164, 655, 245, 1063, 468, 331, 852, 178, 487, 849, 618, 666, 460, 551, 814, 592]
(w = 4) Correct Cyclicantibandwidth
Set parameter TimeLimit to value 1800
[runlim] sample:		100.2 time, 100.1 real, 2886.2 MB
[runlim] sample:		110.2 time, 110.1 real, 2960.8 MB
[runlim] sample:		120.2 time, 120.1 real, 3077.7 MB
[runlim] sample:		130.2 time, 130.1 real, 3168.2 MB
[runlim] sample:		140.2 time, 140.1 real, 3289.1 MB
[runlim] sample:		150.3 time, 150.1 real, 0.0 MB
[runlim] end:			Mon Nov  3 07:02:57 2025
[runlim] status:		out of time
[runlim] result:		2
[runlim] children:		0
[runlim] real:			150.18 seconds
[runlim] time:			150.27 seconds
[runlim] space:			3404.0 MB
[runlim] samples:		1500
