[runlim] version:		1.10
[runlim] time limit:		311040000 seconds
[runlim] real time limit:	150 seconds
[runlim] space limit:		30000 MB
[runlim] argv[0]:		python3
[runlim] argv[1]:		model.py
[runlim] argv[2]:		./graph/harwell_boeing/C-bcspwr01.mtx.rnd
[runlim] start:			Mon Nov  3 05:45:50 2025
[runlim] main pid:		4011
[runlim] log captured:
Set parameter WLSAccessID
Set parameter WLSSecret
Set parameter LicenseID to value 2663665
Academic license 2663665 - for non-commercial use only - registered to tu___@vnu.edu.vn
Set parameter TimeLimit to value 1800
(w = 10) Value Cyclicantibandwidth: 10
Lables: [8, 28, 25, 32, 6, 35, 17, 11, 3, 15, 23, 20, 4, 34, 27, 2, 9, 14, 39, 24, 30, 21, 26, 13, 22, 37, 18, 31, 10, 19, 36, 29, 16, 7, 33, 12, 1, 5, 38]
(w = 10) Correct Cyclicantibandwidth
Set parameter TimeLimit to value 1800
(w = 11) Value Cyclicantibandwidth: 11
Lables: [8, 36, 25, 34, 3, 21, 18, 5, 13, 15, 22, 10, 35, 28, 33, 16, 12, 17, 6, 2, 20, 23, 29, 9, 26, 7, 4, 32, 24, 19, 1, 31, 39, 11, 38, 14, 30, 27, 37]
(w = 11) Correct Cyclicantibandwidth
Set parameter TimeLimit to value 1800
(w = 12) Value Cyclicantibandwidth: 12
Lables: [21, 28, 24, 13, 20, 36, 19, 11, 1, 4, 8, 9, 22, 33, 30, 5, 34, 35, 23, 18, 38, 29, 25, 7, 26, 2, 17, 31, 14, 6, 39, 10, 16, 3, 27, 12, 37, 15, 32]
(w = 12) Correct Cyclicantibandwidth
Set parameter TimeLimit to value 1800
(w = 13) Value Cyclicantibandwidth: 13
Lables: [14, 2, 29, 25, 15, 30, 28, 34, 27, 13, 38, 5, 26, 31, 21, 35, 1, 6, 32, 20, 24, 12, 17, 8, 10, 11, 9, 22, 36, 39, 3, 19, 7, 37, 18, 16, 33, 4, 23]
(w = 13) Correct Cyclicantibandwidth
Set parameter TimeLimit to value 1800
(w = 14) Not found solution with CAB = 14.
Final result: CAB = 13, Labels = [14, 2, 29, 25, 15, 30, 28, 34, 27, 13, 38, 5, 26, 31, 21, 35, 1, 6, 32, 20, 24, 12, 17, 8, 10, 11, 9, 22, 36, 39, 3, 19, 7, 37, 18, 16, 33, 4, 23]
Real time: 1.4742023944854736 seconds
[runlim] end:			Mon Nov  3 05:45:52 2025
[runlim] status:		ok
[runlim] result:		0
[runlim] children:		0
[runlim] real:			2.31 seconds
[runlim] time:			1.94 seconds
[runlim] space:			63.0 MB
[runlim] samples:		15
