[runlim] version:		1.10
[runlim] time limit:		311040000 seconds
[runlim] real time limit:	150 seconds
[runlim] space limit:		30000 MB
[runlim] argv[0]:		python3
[runlim] argv[1]:		model.py
[runlim] argv[2]:		./graph/harwell_boeing/I-ash85.mtx.rnd
[runlim] start:			Mon Nov  3 05:46:21 2025
[runlim] main pid:		4197
[runlim] log captured:
Set parameter WLSAccessID
Set parameter WLSSecret
Set parameter LicenseID to value 2663665
Academic license 2663665 - for non-commercial use only - registered to tu___@vnu.edu.vn
Set parameter TimeLimit to value 1800
(w = 12) Value Cyclicantibandwidth: 12
Lables: [19, 13, 27, 26, 52, 35, 2, 36, 50, 63, 8, 57, 9, 1, 20, 14, 59, 55, 17, 28, 24, 40, 37, 15, 66, 31, 30, 12, 67, 83, 32, 33, 41, 3, 68, 80, 70, 21, 34, 49, 73, 81, 42, 64, 29, 58, 5, 62, 79, 18, 85, 82, 6, 10, 43, 74, 45, 75, 39, 44, 46, 38, 56, 22, 78, 16, 65, 4, 11, 7, 23, 54, 71, 72, 77, 51, 25, 47, 76, 60, 53, 61, 84, 69, 48]
(w = 12) Correct Cyclicantibandwidth
Set parameter TimeLimit to value 1800
(w = 13) Value Cyclicantibandwidth: 13
Lables: [29, 15, 27, 18, 55, 37, 16, 38, 73, 82, 10, 80, 43, 1, 19, 3, 74, 45, 24, 31, 79, 59, 25, 14, 81, 30, 34, 12, 60, 67, 11, 35, 48, 4, 64, 13, 66, 23, 36, 56, 70, 76, 44, 72, 32, 78, 6, 84, 62, 47, 58, 50, 7, 8, 9, 22, 49, 71, 40, 41, 51, 33, 75, 20, 26, 17, 77, 5, 83, 46, 21, 57, 39, 54, 65, 53, 28, 42, 68, 2, 61, 63, 69, 85, 52]
(w = 13) Correct Cyclicantibandwidth
Set parameter TimeLimit to value 1800
(w = 14) Value Cyclicantibandwidth: 14
Lables: [31, 16, 47, 20, 85, 50, 17, 80, 72, 78, 10, 25, 43, 1, 21, 3, 75, 51, 18, 5, 22, 62, 59, 15, 14, 29, 36, 70, 65, 77, 45, 52, 53, 4, 79, 84, 41, 24, 37, 28, 42, 26, 54, 68, 33, 76, 6, 12, 55, 49, 57, 64, 7, 8, 9, 69, 38, 44, 30, 74, 56, 34, 40, 11, 23, 19, 39, 32, 83, 48, 58, 35, 27, 60, 71, 82, 46, 61, 73, 2, 67, 63, 13, 81, 66]
(w = 14) Correct Cyclicantibandwidth
Set parameter TimeLimit to value 1800
[runlim] sample:		11.2 time, 10.1 real, 207.3 MB
(w = 15) Value Cyclicantibandwidth: 15
Lables: [81, 50, 12, 7, 40, 82, 14, 52, 11, 2, 68, 31, 49, 28, 39, 59, 64, 75, 58, 56, 25, 37, 5, 57, 45, 70, 33, 69, 6, 48, 15, 22, 72, 61, 9, 19, 51, 34, 83, 67, 8, 18, 32, 4, 46, 55, 38, 54, 24, 47, 74, 43, 53, 66, 30, 60, 73, 1, 79, 27, 62, 29, 84, 13, 20, 17, 85, 42, 65, 71, 3, 78, 23, 80, 26, 63, 10, 35, 36, 76, 16, 77, 21, 41, 44]
(w = 15) Correct Cyclicantibandwidth
Set parameter TimeLimit to value 1800
(w = 16) Value Cyclicantibandwidth: 16
Lables: [3, 20, 57, 8, 59, 17, 40, 16, 2, 12, 81, 70, 15, 37, 51, 24, 38, 13, 55, 32, 43, 77, 30, 14, 42, 84, 67, 36, 82, 39, 25, 26, 27, 29, 60, 44, 52, 45, 6, 62, 78, 56, 76, 19, 79, 46, 75, 11, 41, 18, 49, 85, 10, 1, 34, 54, 80, 69, 35, 31, 72, 66, 9, 33, 58, 53, 65, 73, 28, 48, 64, 7, 22, 83, 21, 5, 50, 71, 47, 4, 61, 63, 23, 74, 68]
(w = 16) Correct Cyclicantibandwidth
Set parameter TimeLimit to value 1800
[runlim] sample:		24.8 time, 20.1 real, 309.1 MB
(w = 17) Value Cyclicantibandwidth: 17
Lables: [7, 64, 15, 82, 27, 56, 24, 43, 83, 59, 21, 77, 79, 30, 37, 63, 2, 65, 10, 44, 36, 20, 81, 47, 49, 48, 3, 75, 1, 25, 32, 5, 67, 55, 11, 12, 34, 84, 6, 52, 9, 60, 23, 80, 38, 40, 22, 13, 42, 66, 46, 78, 16, 51, 28, 50, 70, 19, 71, 68, 73, 29, 69, 14, 39, 4, 62, 35, 57, 61, 8, 72, 58, 85, 76, 53, 18, 74, 31, 41, 17, 54, 45, 33, 26]
(w = 17) Correct Cyclicantibandwidth
Set parameter TimeLimit to value 1800
[runlim] sample:		38.4 time, 30.1 real, 413.0 MB
(w = 18) Value Cyclicantibandwidth: 18
Lables: [8, 19, 30, 79, 32, 28, 73, 54, 85, 62, 26, 81, 70, 39, 16, 13, 12, 65, 9, 84, 52, 18, 77, 5, 75, 4, 37, 10, 20, 22, 45, 80, 71, 72, 14, 24, 23, 7, 33, 3, 58, 76, 59, 63, 35, 21, 60, 11, 44, 67, 56, 64, 25, 47, 42, 15, 49, 34, 50, 48, 51, 38, 40, 46, 78, 17, 74, 68, 43, 57, 83, 36, 41, 66, 31, 2, 1, 27, 29, 55, 53, 6, 82, 69, 61]
(w = 18) Correct Cyclicantibandwidth
Set parameter TimeLimit to value 1800
[runlim] sample:		49.9 time, 40.1 real, 427.0 MB
(w = 19) Value Cyclicantibandwidth: 19
Lables: [70, 43, 1, 66, 39, 6, 25, 15, 64, 81, 59, 36, 61, 18, 76, 45, 29, 3, 71, 63, 85, 21, 14, 58, 32, 41, 68, 17, 44, 12, 10, 30, 19, 16, 42, 13, 56, 38, 73, 49, 77, 80, 8, 72, 62, 75, 9, 33, 37, 83, 4, 48, 60, 78, 22, 74, 11, 57, 20, 26, 51, 23, 40, 27, 69, 35, 79, 46, 47, 2, 31, 55, 52, 84, 24, 67, 65, 50, 53, 5, 82, 34, 28, 54, 7]
(w = 19) Correct Cyclicantibandwidth
Set parameter TimeLimit to value 1800
[runlim] sample:		66.2 time, 50.1 real, 556.9 MB
[runlim] sample:		96.2 time, 60.1 real, 659.3 MB
[runlim] sample:		126.2 time, 70.1 real, 671.2 MB
[runlim] sample:		156.3 time, 80.1 real, 665.5 MB
[runlim] sample:		171.9 time, 90.1 real, 651.6 MB
[runlim] sample:		182.1 time, 100.1 real, 658.9 MB
[runlim] sample:		208.6 time, 110.1 real, 746.4 MB
[runlim] sample:		248.7 time, 120.1 real, 746.7 MB
[runlim] sample:		288.5 time, 130.1 real, 751.0 MB
(w = 20) Value Cyclicantibandwidth: 20
Lables: [5, 64, 42, 68, 30, 63, 70, 81, 19, 37, 16, 35, 34, 39, 38, 24, 51, 78, 29, 52, 57, 27, 32, 62, 46, 14, 44, 61, 25, 66, 69, 73, 77, 76, 13, 54, 59, 40, 47, 18, 82, 36, 72, 74, 56, 53, 28, 55, 80, 79, 84, 9, 20, 12, 58, 50, 10, 17, 2, 21, 26, 45, 7, 43, 71, 31, 60, 1, 48, 4, 33, 11, 8, 85, 65, 22, 41, 49, 75, 6, 15, 83, 67, 23, 3]
(w = 20) Correct Cyclicantibandwidth
Set parameter TimeLimit to value 1800
[runlim] sample:		308.4 time, 140.1 real, 704.5 MB
[runlim] sample:		336.8 time, 150.1 real, 860.4 MB
[runlim] end:			Mon Nov  3 05:48:51 2025
[runlim] status:		out of time
[runlim] result:		2
[runlim] children:		0
[runlim] real:			150.11 seconds
[runlim] time:			336.77 seconds
[runlim] space:			892.2 MB
[runlim] samples:		1500
