[runlim] version:		1.10
[runlim] time limit:		311040000 seconds
[runlim] real time limit:	150 seconds
[runlim] space limit:		30000 MB
[runlim] argv[0]:		python3
[runlim] argv[1]:		model.py
[runlim] argv[2]:		./graph/harwell_boeing/K-dwt__234.mtx.rnd
[runlim] start:			Mon Nov  3 05:51:21 2025
[runlim] main pid:		5196
[runlim] log captured:
Set parameter WLSAccessID
Set parameter WLSSecret
Set parameter LicenseID to value 2663665
Academic license 2663665 - for non-commercial use only - registered to tu___@vnu.edu.vn
Set parameter TimeLimit to value 1800
(w = 25) Value Cyclicantibandwidth: 25
Lables: [105, 38, 35, 55, 64, 75, 113, 93, 33, 11, 23, 86, 6, 99, 50, 26, 57, 37, 70, 27, 73, 4, 61, 68, 96, 20, 15, 102, 9, 1, 81, 109, 41, 22, 79, 13, 115, 34, 71, 30, 16, 97, 104, 39, 85, 14, 59, 101, 66, 10, 19, 5, 2, 76, 92, 114, 74, 72, 53, 107, 88, 91, 49, 25, 51, 36, 58, 90, 44, 77, 69, 43, 110, 94, 42, 100, 111, 78, 18, 46, 84, 47, 83, 24, 7, 106, 95, 31, 65, 56, 98, 112, 40, 17, 89, 3, 108, 82, 60, 117, 103, 32, 67, 52, 54, 87, 28, 116, 8, 12, 29, 62, 45, 48, 63, 21, 80]
(w = 25) Correct Cyclicantibandwidth
Set parameter TimeLimit to value 1800
(w = 26) Value Cyclicantibandwidth: 26
Lables: [109, 39, 63, 55, 64, 110, 77, 80, 35, 21, 68, 87, 112, 99, 66, 23, 95, 37, 73, 20, 1, 3, 94, 32, 8, 69, 56, 102, 92, 29, 84, 16, 103, 6, 96, 52, 27, 75, 76, 41, 4, 108, 9, 25, 2, 11, 79, 106, 58, 5, 71, 30, 10, 117, 116, 42, 22, 49, 19, 107, 40, 91, 83, 89, 24, 43, 57, 104, 48, 61, 44, 100, 97, 28, 46, 74, 31, 86, 54, 45, 111, 18, 50, 70, 7, 65, 88, 78, 98, 93, 105, 85, 113, 115, 72, 53, 47, 34, 101, 114, 90, 26, 14, 36, 13, 81, 17, 12, 38, 67, 82, 59, 62, 51, 60, 15, 33]
(w = 26) Correct Cyclicantibandwidth
Set parameter TimeLimit to value 1800
(w = 27) Value Cyclicantibandwidth: 27
Lables: [105, 5, 35, 20, 64, 114, 115, 80, 31, 48, 71, 88, 6, 99, 23, 29, 100, 37, 70, 28, 112, 4, 62, 47, 15, 68, 44, 110, 24, 1, 90, 16, 42, 101, 96, 49, 32, 75, 76, 84, 102, 108, 26, 36, 92, 14, 59, 106, 30, 7, 79, 87, 98, 2, 8, 82, 94, 45, 51, 107, 25, 91, 78, 61, 34, 55, 58, 22, 52, 113, 66, 43, 10, 21, 81, 97, 111, 86, 18, 46, 116, 19, 50, 53, 3, 27, 95, 67, 65, 56, 93, 85, 109, 83, 38, 60, 13, 117, 12, 63, 103, 54, 11, 9, 40, 72, 39, 104, 41, 89, 77, 73, 33, 57, 74, 17, 69]
(w = 27) Correct Cyclicantibandwidth
Set parameter TimeLimit to value 1800
(w = 28) Value Cyclicantibandwidth: 28
Lables: [101, 13, 35, 23, 65, 75, 115, 80, 34, 48, 61, 77, 93, 54, 31, 55, 39, 37, 102, 46, 52, 4, 99, 12, 89, 68, 15, 69, 98, 20, 43, 109, 40, 116, 96, 50, 105, 62, 76, 83, 38, 108, 9, 7, 104, 57, 63, 85, 2, 86, 56, 92, 19, 97, 113, 106, 1, 21, 11, 107, 25, 91, 49, 67, 22, 111, 58, 94, 88, 81, 33, 70, 79, 8, 26, 74, 24, 78, 64, 42, 5, 45, 95, 53, 3, 117, 112, 47, 51, 28, 18, 32, 66, 110, 60, 29, 71, 114, 103, 84, 100, 72, 90, 59, 10, 87, 16, 82, 6, 30, 73, 27, 36, 44, 17, 14, 41]
(w = 28) Correct Cyclicantibandwidth
Set parameter TimeLimit to value 1800
[runlim] sample:		10.0 time, 10.0 real, 97.8 MB
(w = 29) Value Cyclicantibandwidth: 29
Lables: [105, 5, 35, 70, 64, 74, 115, 80, 33, 48, 19, 79, 6, 99, 31, 52, 110, 24, 68, 44, 82, 4, 43, 73, 2, 75, 62, 102, 112, 1, 41, 109, 97, 101, 96, 37, 26, 66, 76, 53, 98, 72, 10, 30, 100, 14, 71, 116, 117, 86, 40, 9, 34, 25, 32, 20, 87, 23, 51, 107, 113, 91, 49, 89, 29, 57, 58, 17, 16, 81, 59, 38, 7, 8, 42, 90, 28, 103, 18, 46, 92, 47, 50, 65, 3, 106, 88, 61, 104, 56, 93, 85, 77, 114, 60, 12, 67, 13, 21, 111, 94, 54, 11, 36, 27, 84, 39, 95, 22, 83, 108, 69, 45, 55, 63, 15, 78]
(w = 29) Correct Cyclicantibandwidth
Set parameter TimeLimit to value 1800
(w = 30) Value Cyclicantibandwidth: 30
Lables: [111, 114, 41, 55, 26, 107, 74, 80, 54, 47, 61, 99, 95, 106, 44, 82, 110, 77, 70, 49, 113, 9, 18, 72, 101, 68, 42, 91, 76, 19, 65, 88, 40, 102, 100, 45, 32, 67, 23, 33, 20, 98, 63, 97, 94, 13, 24, 79, 31, 86, 27, 89, 116, 115, 103, 117, 60, 53, 69, 109, 48, 108, 81, 105, 35, 57, 62, 12, 38, 14, 50, 22, 93, 56, 37, 90, 112, 73, 104, 59, 2, 10, 46, 8, 16, 3, 96, 78, 66, 52, 71, 85, 87, 83, 43, 29, 51, 4, 58, 84, 92, 5, 7, 17, 21, 75, 30, 6, 34, 64, 25, 1, 39, 28, 11, 15, 36]
(w = 30) Correct Cyclicantibandwidth
Set parameter TimeLimit to value 1800
[runlim] sample:		20.5 time, 20.0 real, 303.6 MB
(w = 31) Value Cyclicantibandwidth: 31
Lables: [100, 96, 66, 31, 112, 16, 43, 84, 61, 5, 69, 113, 110, 114, 105, 57, 18, 29, 49, 98, 15, 9, 86, 33, 3, 36, 93, 107, 92, 64, 45, 60, 95, 108, 17, 37, 56, 26, 22, 102, 7, 4, 101, 42, 99, 85, 14, 41, 58, 35, 68, 103, 109, 87, 76, 65, 89, 62, 81, 116, 30, 28, 51, 24, 67, 1, 97, 90, 50, 115, 73, 91, 13, 63, 88, 40, 11, 8, 104, 74, 19, 83, 44, 117, 27, 34, 23, 80, 25, 71, 53, 6, 111, 2, 32, 52, 82, 39, 106, 21, 78, 54, 46, 79, 48, 10, 72, 20, 75, 38, 70, 94, 55, 47, 59, 12, 77]
(w = 31) Correct Cyclicantibandwidth
Set parameter TimeLimit to value 1800
[runlim] sample:		35.3 time, 30.0 real, 403.5 MB
(w = 32) Value Cyclicantibandwidth: 32
Lables: [58, 2, 10, 47, 31, 28, 95, 53, 78, 88, 79, 40, 108, 26, 69, 32, 19, 100, 86, 62, 51, 14, 54, 98, 71, 16, 56, 8, 110, 94, 39, 75, 52, 70, 49, 11, 85, 22, 30, 35, 36, 48, 99, 64, 4, 102, 17, 24, 104, 84, 117, 57, 13, 89, 77, 81, 83, 6, 93, 42, 87, 18, 92, 25, 82, 66, 44, 63, 60, 7, 33, 23, 116, 107, 50, 114, 91, 3, 65, 76, 111, 73, 67, 109, 115, 96, 1, 5, 45, 12, 105, 27, 43, 29, 34, 113, 103, 59, 46, 20, 112, 106, 101, 97, 68, 38, 90, 55, 80, 21, 15, 41, 72, 37, 61, 9, 74]
(w = 32) Correct Cyclicantibandwidth
Set parameter TimeLimit to value 1800
[runlim] sample:		47.5 time, 40.0 real, 455.7 MB
(w = 33) Value Cyclicantibandwidth: 33
Lables: [47, 42, 114, 59, 63, 15, 72, 57, 52, 20, 41, 90, 113, 56, 22, 70, 48, 6, 100, 54, 49, 10, 86, 92, 107, 84, 50, 94, 99, 30, 78, 75, 60, 83, 65, 93, 82, 115, 12, 36, 31, 46, 105, 16, 103, 9, 95, 89, 5, 73, 26, 66, 55, 71, 3, 23, 69, 108, 14, 74, 27, 106, 85, 40, 7, 58, 64, 81, 79, 87, 43, 28, 117, 104, 35, 98, 97, 67, 80, 37, 116, 32, 77, 24, 19, 102, 110, 29, 1, 33, 8, 38, 62, 61, 68, 18, 96, 111, 44, 91, 101, 88, 2, 112, 21, 109, 53, 76, 17, 39, 13, 4, 51, 25, 45, 11, 34]
(w = 33) Correct Cyclicantibandwidth
Set parameter TimeLimit to value 1800
[runlim] sample:		61.2 time, 50.0 real, 453.8 MB
(w = 34) Value Cyclicantibandwidth: 34
Lables: [97, 63, 59, 71, 54, 39, 88, 90, 5, 44, 38, 56, 96, 95, 3, 36, 41, 17, 110, 115, 23, 40, 89, 43, 99, 60, 2, 117, 104, 55, 19, 87, 30, 92, 20, 51, 94, 57, 46, 11, 31, 52, 82, 10, 86, 81, 45, 85, 113, 102, 53, 13, 68, 6, 105, 111, 106, 25, 61, 108, 21, 47, 24, 58, 12, 8, 109, 100, 18, 77, 14, 42, 72, 9, 33, 74, 69, 83, 91, 27, 73, 49, 7, 37, 26, 98, 75, 65, 16, 50, 15, 66, 64, 67, 28, 103, 114, 1, 35, 84, 93, 101, 107, 78, 79, 4, 76, 116, 29, 22, 112, 32, 34, 48, 80, 70, 62]
(w = 34) Correct Cyclicantibandwidth
Set parameter TimeLimit to value 1800
[runlim] sample:		73.7 time, 60.0 real, 482.0 MB
[runlim] sample:		84.5 time, 70.0 real, 430.3 MB
(w = 35) Value Cyclicantibandwidth: 35
Lables: [17, 19, 86, 71, 88, 67, 56, 27, 29, 101, 28, 65, 111, 50, 6, 4, 96, 53, 58, 45, 100, 104, 107, 79, 36, 57, 16, 35, 43, 18, 49, 59, 10, 81, 46, 97, 20, 91, 106, 3, 105, 61, 82, 34, 73, 2, 98, 66, 42, 87, 32, 48, 22, 78, 23, 21, 37, 26, 102, 76, 25, 92, 52, 84, 12, 64, 60, 15, 47, 110, 75, 117, 80, 9, 14, 116, 95, 55, 62, 39, 83, 13, 70, 114, 103, 44, 108, 33, 89, 5, 8, 7, 90, 93, 63, 11, 31, 69, 41, 51, 38, 77, 74, 112, 113, 54, 94, 68, 40, 72, 24, 99, 115, 1, 85, 109, 30]
(w = 35) Correct Cyclicantibandwidth
Set parameter TimeLimit to value 1800
[runlim] sample:		95.5 time, 80.0 real, 454.2 MB
[runlim] sample:		106.3 time, 90.0 real, 443.3 MB
[runlim] sample:		116.4 time, 100.0 real, 427.8 MB
[runlim] sample:		126.6 time, 110.0 real, 496.6 MB
[runlim] sample:		136.8 time, 120.0 real, 427.8 MB
[runlim] sample:		146.9 time, 130.0 real, 470.1 MB
[runlim] sample:		157.1 time, 140.0 real, 468.0 MB
(w = 36) Value Cyclicantibandwidth: 36
Lables: [69, 79, 30, 29, 91, 67, 112, 59, 26, 20, 86, 63, 19, 61, 35, 94, 68, 32, 16, 109, 28, 105, 48, 4, 56, 22, 7, 106, 66, 45, 96, 6, 92, 81, 102, 111, 104, 9, 82, 71, 60, 42, 58, 12, 87, 41, 107, 85, 8, 113, 83, 98, 90, 89, 31, 23, 73, 116, 24, 44, 101, 70, 117, 27, 99, 100, 93, 62, 110, 78, 80, 52, 1, 17, 75, 37, 33, 53, 77, 88, 34, 46, 97, 49, 15, 103, 36, 114, 25, 38, 10, 50, 65, 54, 72, 21, 14, 2, 74, 18, 55, 13, 5, 39, 51, 3, 57, 76, 115, 108, 84, 43, 64, 11, 47, 40, 95]
(w = 36) Correct Cyclicantibandwidth
Set parameter TimeLimit to value 1800
[runlim] sample:		167.2 time, 150.0 real, 434.1 MB
[runlim] end:			Mon Nov  3 05:53:51 2025
[runlim] status:		out of time
[runlim] result:		2
[runlim] children:		0
[runlim] real:			150.06 seconds
[runlim] time:			167.18 seconds
[runlim] space:			526.2 MB
[runlim] samples:		1500
