[runlim] version:		1.10
[runlim] time limit:		311040000 seconds
[runlim] real time limit:	150 seconds
[runlim] space limit:		30000 MB
[runlim] argv[0]:		python3
[runlim] argv[1]:		model.py
[runlim] argv[2]:		./graph/harwell_boeing/L-bcspwr03.mtx.rnd
[runlim] start:			Mon Nov  3 05:53:51 2025
[runlim] main pid:		5746
[runlim] log captured:
Set parameter WLSAccessID
Set parameter WLSSecret
Set parameter LicenseID to value 2663665
Academic license 2663665 - for non-commercial use only - registered to tu___@vnu.edu.vn
Set parameter TimeLimit to value 1800
(w = 22) Value Cyclicantibandwidth: 22
Lables: [78, 7, 75, 10, 108, 55, 48, 45, 24, 41, 18, 19, 9, 30, 101, 100, 40, 46, 32, 112, 82, 109, 116, 66, 43, 23, 29, 59, 62, 28, 71, 15, 107, 65, 118, 37, 84, 50, 104, 80, 60, 97, 42, 14, 38, 67, 16, 117, 103, 34, 68, 114, 26, 69, 25, 87, 13, 3, 8, 21, 33, 22, 20, 12, 88, 106, 36, 93, 64, 74, 102, 95, 85, 61, 99, 4, 110, 92, 94, 79, 70, 44, 31, 72, 83, 89, 53, 91, 96, 58, 47, 11, 77, 98, 76, 51, 2, 6, 27, 35, 113, 81, 63, 1, 52, 115, 17, 105, 86, 111, 49, 73, 57, 54, 5, 56, 39, 90]
(w = 22) Correct Cyclicantibandwidth
Set parameter TimeLimit to value 1800
(w = 23) Value Cyclicantibandwidth: 23
Lables: [42, 104, 50, 113, 116, 78, 105, 47, 25, 11, 89, 36, 48, 61, 111, 75, 14, 10, 86, 112, 69, 102, 8, 63, 39, 41, 81, 59, 58, 23, 70, 15, 98, 110, 117, 38, 53, 52, 37, 79, 94, 108, 33, 40, 12, 13, 115, 46, 101, 34, 66, 57, 64, 90, 6, 88, 118, 26, 44, 35, 21, 62, 77, 82, 17, 85, 20, 31, 7, 74, 97, 45, 84, 16, 80, 4, 107, 92, 95, 83, 106, 24, 3, 55, 29, 87, 103, 51, 71, 54, 22, 28, 18, 30, 76, 68, 100, 109, 60, 93, 114, 73, 9, 49, 1, 43, 2, 5, 65, 96, 67, 99, 56, 72, 32, 27, 19, 91]
(w = 23) Correct Cyclicantibandwidth
Set parameter TimeLimit to value 1800
(w = 24) Value Cyclicantibandwidth: 24
Lables: [18, 7, 75, 4, 100, 55, 58, 64, 27, 61, 109, 29, 48, 30, 107, 101, 40, 117, 86, 114, 97, 92, 116, 66, 26, 23, 77, 81, 62, 50, 105, 39, 110, 32, 118, 14, 25, 78, 17, 112, 113, 94, 45, 85, 38, 65, 42, 44, 79, 34, 67, 6, 51, 69, 80, 87, 103, 19, 43, 35, 33, 22, 90, 15, 1, 49, 36, 20, 59, 71, 108, 95, 82, 83, 74, 60, 16, 91, 76, 89, 84, 24, 31, 46, 9, 8, 2, 88, 93, 98, 47, 53, 37, 11, 72, 68, 106, 41, 54, 12, 115, 73, 10, 104, 3, 28, 102, 56, 99, 111, 63, 21, 57, 70, 5, 13, 52, 96]
(w = 24) Correct Cyclicantibandwidth
Set parameter TimeLimit to value 1800
(w = 25) Value Cyclicantibandwidth: 25
Lables: [45, 51, 88, 42, 50, 21, 95, 37, 77, 52, 20, 30, 69, 27, 97, 113, 11, 12, 90, 112, 56, 14, 116, 91, 75, 17, 96, 73, 61, 25, 72, 54, 94, 41, 15, 32, 22, 44, 89, 85, 71, 109, 23, 26, 39, 78, 19, 105, 101, 34, 74, 100, 29, 106, 79, 67, 49, 107, 103, 35, 114, 7, 55, 10, 2, 108, 36, 47, 58, 65, 87, 1, 82, 60, 102, 59, 111, 92, 83, 66, 5, 40, 31, 57, 80, 99, 115, 86, 38, 98, 43, 4, 76, 9, 8, 18, 68, 84, 24, 33, 117, 53, 63, 118, 3, 13, 16, 110, 81, 104, 62, 70, 28, 64, 6, 46, 93, 48]
(w = 25) Correct Cyclicantibandwidth
Set parameter TimeLimit to value 1800
[runlim] sample:		10.0 time, 10.1 real, 118.6 MB
(w = 26) Value Cyclicantibandwidth: 26
Lables: [14, 7, 75, 59, 103, 27, 21, 45, 88, 46, 18, 99, 66, 30, 94, 92, 95, 13, 89, 112, 82, 98, 116, 62, 65, 17, 76, 80, 63, 50, 42, 31, 19, 10, 118, 41, 29, 24, 40, 20, 101, 108, 61, 16, 38, 73, 107, 54, 104, 15, 26, 35, 23, 67, 39, 87, 60, 52, 32, 36, 33, 22, 58, 113, 100, 86, 56, 93, 64, 96, 102, 85, 68, 53, 91, 72, 110, 90, 105, 83, 6, 34, 9, 81, 43, 106, 71, 57, 109, 77, 47, 78, 49, 115, 2, 3, 74, 114, 25, 70, 11, 84, 51, 79, 8, 1, 111, 117, 5, 44, 48, 4, 55, 37, 97, 28, 12, 69]
(w = 26) Correct Cyclicantibandwidth
Set parameter TimeLimit to value 1800
[runlim] sample:		21.8 time, 20.1 real, 370.8 MB
(w = 27) Value Cyclicantibandwidth: 27
Lables: [99, 109, 71, 63, 100, 66, 113, 31, 105, 2, 47, 56, 59, 29, 32, 78, 80, 42, 8, 23, 83, 106, 43, 69, 14, 10, 70, 48, 79, 25, 54, 16, 17, 33, 55, 26, 62, 28, 111, 96, 68, 60, 40, 15, 35, 82, 20, 18, 103, 13, 118, 11, 74, 57, 5, 81, 86, 39, 34, 115, 116, 36, 97, 94, 102, 77, 7, 38, 117, 64, 72, 30, 110, 104, 85, 98, 41, 19, 112, 84, 46, 93, 95, 89, 22, 45, 107, 53, 67, 65, 114, 9, 12, 108, 3, 6, 37, 58, 73, 4, 87, 75, 44, 88, 24, 61, 52, 76, 90, 50, 101, 92, 51, 91, 27, 21, 1, 49]
(w = 27) Correct Cyclicantibandwidth
Set parameter TimeLimit to value 1800
[runlim] sample:		33.6 time, 30.1 real, 396.5 MB
(w = 28) Value Cyclicantibandwidth: 28
Lables: [90, 39, 19, 15, 59, 46, 54, 73, 102, 44, 69, 75, 76, 111, 17, 118, 94, 79, 56, 61, 103, 38, 93, 49, 98, 87, 5, 97, 4, 41, 48, 88, 20, 14, 55, 84, 16, 12, 3, 9, 22, 116, 78, 18, 66, 6, 77, 36, 29, 113, 85, 63, 11, 117, 91, 35, 57, 60, 26, 64, 104, 115, 106, 33, 40, 47, 50, 7, 81, 101, 51, 72, 71, 80, 62, 83, 52, 25, 23, 21, 67, 107, 82, 109, 2, 28, 53, 27, 10, 31, 112, 70, 99, 108, 45, 96, 42, 114, 110, 86, 8, 92, 74, 43, 34, 89, 58, 68, 24, 37, 105, 13, 95, 32, 1, 65, 100, 30]
(w = 28) Correct Cyclicantibandwidth
Set parameter TimeLimit to value 1800
[runlim] sample:		43.7 time, 40.1 real, 405.3 MB
[runlim] sample:		55.6 time, 50.1 real, 478.6 MB
(w = 29) Value Cyclicantibandwidth: 29
Lables: [77, 7, 91, 11, 67, 75, 103, 4, 112, 6, 35, 86, 109, 9, 20, 81, 48, 27, 94, 100, 16, 23, 5, 37, 40, 30, 24, 49, 56, 19, 29, 108, 25, 47, 97, 32, 46, 76, 33, 83, 18, 102, 45, 44, 113, 98, 74, 62, 58, 92, 51, 65, 110, 114, 63, 61, 96, 101, 105, 90, 104, 1, 15, 99, 38, 82, 66, 116, 43, 2, 88, 85, 53, 59, 3, 8, 21, 12, 54, 22, 107, 50, 87, 84, 80, 42, 72, 34, 14, 28, 73, 36, 60, 89, 79, 52, 17, 115, 106, 71, 10, 93, 26, 111, 57, 70, 117, 78, 39, 69, 55, 41, 68, 31, 118, 64, 13, 95]
(w = 29) Correct Cyclicantibandwidth
Set parameter TimeLimit to value 1800
[runlim] sample:		71.2 time, 60.1 real, 636.5 MB
[runlim] sample:		91.3 time, 70.1 real, 660.3 MB
[runlim] sample:		110.0 time, 80.1 real, 689.0 MB
[runlim] sample:		122.5 time, 90.1 real, 691.8 MB
[runlim] sample:		132.8 time, 100.1 real, 693.5 MB
[runlim] sample:		143.0 time, 110.1 real, 696.7 MB
[runlim] sample:		153.2 time, 120.1 real, 756.0 MB
[runlim] sample:		163.4 time, 130.1 real, 701.6 MB
[runlim] sample:		175.2 time, 140.1 real, 713.2 MB
[runlim] sample:		194.8 time, 150.1 real, 936.3 MB
[runlim] end:			Mon Nov  3 05:56:21 2025
[runlim] status:		out of time
[runlim] result:		2
[runlim] children:		0
[runlim] real:			150.10 seconds
[runlim] time:			194.76 seconds
[runlim] space:			936.3 MB
[runlim] samples:		1500
