[runlim] version:		1.10
[runlim] time limit:		311040000 seconds
[runlim] real time limit:	150 seconds
[runlim] space limit:		30000 MB
[runlim] argv[0]:		python3
[runlim] argv[1]:		model.py
[runlim] argv[2]:		./graph/harwell_boeing/O-impcol_d.mtx.rnd
[runlim] start:			Mon Nov  3 06:01:21 2025
[runlim] main pid:		6868
[runlim] log captured:
Set parameter WLSAccessID
Set parameter WLSSecret
Set parameter LicenseID to value 2663665
Academic license 2663665 - for non-commercial use only - registered to tu___@vnu.edu.vn
Set parameter TimeLimit to value 1800
[runlim] sample:		10.0 time, 10.1 real, 175.8 MB
[runlim] sample:		20.0 time, 20.1 real, 237.4 MB
[runlim] sample:		30.1 time, 30.1 real, 297.4 MB
[runlim] sample:		40.1 time, 40.1 real, 360.9 MB
[runlim] sample:		50.1 time, 50.1 real, 425.3 MB
[runlim] sample:		60.1 time, 60.1 real, 487.1 MB
[runlim] sample:		70.1 time, 70.1 real, 555.8 MB
[runlim] sample:		80.1 time, 80.1 real, 617.8 MB
[runlim] sample:		90.1 time, 90.1 real, 680.9 MB
[runlim] sample:		100.1 time, 100.1 real, 755.9 MB
[runlim] sample:		110.2 time, 110.1 real, 814.8 MB
[runlim] sample:		120.2 time, 120.1 real, 3849.1 MB
[runlim] sample:		130.2 time, 130.1 real, 3883.2 MB
[runlim] sample:		140.2 time, 140.1 real, 5078.2 MB
[runlim] sample:		150.2 time, 150.1 real, 3889.4 MB
[runlim] end:			Mon Nov  3 06:03:51 2025
[runlim] status:		out of time
[runlim] result:		2
[runlim] children:		0
[runlim] real:			150.14 seconds
[runlim] time:			150.20 seconds
[runlim] space:			5078.2 MB
[runlim] samples:		1500
