[runlim] version:		1.10
[runlim] time limit:		311040000 seconds
[runlim] real time limit:	1800 seconds
[runlim] space limit:		30000 MB
[runlim] argv[0]:		python3
[runlim] argv[1]:		model.py
[runlim] argv[2]:		./graph/caterpillar/caterpillar_9_5.txt
[runlim] start:			Mon Nov  3 16:58:03 2025
[runlim] main pid:		24249
[runlim] log captured:
Set parameter WLSAccessID
Set parameter WLSSecret
Set parameter LicenseID to value 2663665
Academic license 2663665 - for non-commercial use only - registered to tu___@vnu.edu.vn
Set parameter TimeLimit to value 1800
(w = 4) Value Cyclicantibandwidth: 4
Lables: [28, 22, 6, 26, 35, 43, 24, 2, 19, 1, 41, 3, 31, 10, 23, 17, 21, 20, 36, 4, 39, 37, 25, 33, 8, 11, 44, 18, 7, 27, 13, 45, 12, 5, 34, 40, 14, 38, 30, 16, 29, 42, 9, 15, 32]
(w = 4) Correct Cyclicantibandwidth
Set parameter TimeLimit to value 1800
(w = 5) Value Cyclicantibandwidth: 5
Lables: [28, 22, 6, 26, 35, 43, 24, 2, 19, 1, 41, 3, 31, 10, 40, 11, 21, 13, 36, 4, 39, 37, 25, 17, 8, 23, 44, 18, 7, 27, 15, 45, 12, 5, 34, 20, 33, 38, 30, 14, 29, 42, 16, 32, 9]
(w = 5) Correct Cyclicantibandwidth
Set parameter TimeLimit to value 1800
(w = 6) Value Cyclicantibandwidth: 6
Lables: [28, 22, 6, 26, 35, 43, 24, 2, 19, 9, 41, 3, 31, 10, 40, 17, 4, 20, 36, 30, 23, 37, 25, 33, 8, 13, 44, 18, 7, 27, 39, 45, 12, 5, 34, 11, 21, 38, 1, 14, 29, 42, 16, 32, 15]
(w = 6) Correct Cyclicantibandwidth
Set parameter TimeLimit to value 1800
(w = 7) Value Cyclicantibandwidth: 7
Lables: [28, 14, 42, 26, 15, 43, 24, 2, 37, 17, 41, 18, 6, 7, 25, 3, 35, 20, 10, 23, 12, 1, 11, 19, 8, 40, 5, 32, 39, 29, 13, 45, 27, 31, 44, 22, 36, 38, 30, 21, 34, 9, 33, 4, 16]
(w = 7) Correct Cyclicantibandwidth
Set parameter TimeLimit to value 1800
(w = 8) Value Cyclicantibandwidth: 8
Lables: [28, 14, 6, 35, 9, 43, 24, 2, 19, 37, 10, 42, 33, 23, 40, 17, 4, 20, 36, 26, 39, 16, 25, 8, 41, 29, 5, 18, 7, 27, 13, 45, 12, 15, 44, 11, 34, 38, 30, 21, 32, 3, 22, 31, 1]
(w = 8) Correct Cyclicantibandwidth
Set parameter TimeLimit to value 1800
(w = 9) Value Cyclicantibandwidth: 9
Lables: [28, 6, 41, 17, 27, 43, 24, 7, 19, 1, 10, 20, 31, 23, 40, 30, 15, 25, 5, 16, 29, 26, 9, 39, 8, 18, 4, 35, 2, 34, 13, 45, 12, 37, 22, 11, 36, 38, 3, 14, 44, 42, 33, 21, 32]
(w = 9) Correct Cyclicantibandwidth
Set parameter TimeLimit to value 1800
(w = 10) Value Cyclicantibandwidth: 10
Lables: [28, 15, 42, 16, 38, 3, 24, 2, 19, 41, 7, 20, 31, 26, 6, 17, 4, 25, 43, 29, 39, 37, 23, 33, 8, 18, 44, 21, 40, 27, 13, 45, 12, 5, 34, 11, 22, 35, 10, 30, 1, 9, 32, 14, 36]
(w = 10) Correct Cyclicantibandwidth
Set parameter TimeLimit to value 1800
(w = 11) Value Cyclicantibandwidth: 11
Lables: [32, 21, 6, 26, 5, 37, 22, 36, 19, 15, 28, 3, 31, 10, 23, 8, 41, 20, 43, 13, 39, 40, 25, 38, 7, 35, 16, 45, 27, 17, 2, 18, 1, 4, 34, 11, 33, 24, 9, 30, 12, 44, 14, 42, 29]
(w = 11) Correct Cyclicantibandwidth
Set parameter TimeLimit to value 1800
(w = 12) Value Cyclicantibandwidth: 12
Lables: [28, 9, 21, 33, 18, 43, 24, 3, 32, 1, 29, 5, 17, 23, 40, 10, 41, 39, 13, 38, 19, 20, 7, 34, 8, 35, 16, 45, 25, 27, 12, 26, 42, 4, 31, 11, 44, 36, 22, 37, 6, 2, 15, 30, 14]
(w = 12) Correct Cyclicantibandwidth
Set parameter TimeLimit to value 1800
(w = 13) Value Cyclicantibandwidth: 13
Lables: [28, 1, 22, 4, 32, 3, 24, 9, 26, 2, 17, 44, 12, 23, 40, 10, 38, 39, 21, 5, 19, 18, 31, 7, 34, 15, 33, 20, 35, 27, 13, 45, 29, 43, 14, 37, 8, 36, 6, 25, 41, 11, 42, 16, 30]
(w = 13) Correct Cyclicantibandwidth
Set parameter TimeLimit to value 1800
(w = 14) Value Cyclicantibandwidth: 14
Lables: [28, 8, 39, 10, 41, 24, 2, 33, 19, 13, 43, 15, 38, 30, 14, 29, 4, 9, 40, 16, 45, 32, 17, 37, 12, 27, 11, 31, 1, 42, 25, 7, 23, 22, 44, 21, 35, 18, 3, 26, 6, 36, 5, 34, 20]
(w = 14) Correct Cyclicantibandwidth
Set parameter TimeLimit to value 1800
(w = 15) Value Cyclicantibandwidth: 15
Lables: [28, 3, 30, 45, 16, 41, 24, 43, 19, 44, 18, 39, 23, 26, 10, 36, 17, 2, 32, 12, 33, 21, 4, 31, 9, 35, 8, 29, 7, 13, 38, 22, 1, 6, 34, 5, 20, 15, 37, 11, 27, 42, 25, 40, 14]
(w = 15) Correct Cyclicantibandwidth
Set parameter TimeLimit to value 1800
(w = 16) Value Cyclicantibandwidth: 16
Lables: [29, 9, 36, 14, 35, 19, 42, 25, 6, 1, 24, 3, 31, 34, 10, 26, 2, 20, 43, 16, 40, 37, 17, 45, 22, 18, 41, 21, 38, 39, 13, 33, 12, 15, 44, 28, 8, 7, 23, 4, 30, 27, 5, 32, 11]
(w = 16) Correct Cyclicantibandwidth
Set parameter TimeLimit to value 1800
(w = 17) Value Cyclicantibandwidth: 17
Lables: [4, 22, 5, 33, 6, 23, 1, 18, 35, 32, 7, 24, 41, 3, 31, 8, 27, 30, 2, 19, 45, 9, 26, 43, 21, 25, 42, 14, 39, 40, 12, 29, 11, 20, 37, 10, 28, 36, 13, 34, 17, 15, 38, 16, 44]
(w = 17) Correct Cyclicantibandwidth
Set parameter TimeLimit to value 1800
(w = 18) Value Cyclicantibandwidth: 18
Lables: [38, 18, 45, 27, 8, 32, 5, 30, 10, 15, 41, 14, 33, 40, 16, 37, 13, 19, 42, 21, 39, 2, 25, 6, 28, 26, 4, 22, 3, 9, 31, 12, 36, 24, 43, 23, 1, 11, 34, 7, 29, 35, 17, 44, 20]
(w = 18) Correct Cyclicantibandwidth
Set parameter TimeLimit to value 1800
(w = 19) Value Cyclicantibandwidth: 19
Lables: [33, 14, 40, 20, 45, 23, 3, 22, 42, 9, 28, 7, 31, 36, 10, 35, 11, 15, 34, 8, 29, 39, 13, 32, 12, 19, 44, 25, 5, 1, 27, 2, 26, 24, 4, 30, 6, 43, 21, 41, 17, 16, 37, 18, 38]
(w = 19) Correct Cyclicantibandwidth
Set parameter TimeLimit to value 1800
(w = 20) Value Cyclicantibandwidth: 20
Lables: [1, 22, 2, 27, 7, 28, 3, 23, 43, 26, 6, 31, 11, 42, 17, 37, 16, 25, 5, 30, 10, 4, 29, 9, 34, 32, 12, 35, 14, 8, 33, 13, 38, 24, 45, 21, 41, 44, 20, 40, 18, 19, 39, 15, 36]
(w = 20) Correct Cyclicantibandwidth
Set parameter TimeLimit to value 1800
[runlim] sample:		19.8 time, 10.5 real, 176.8 MB
[runlim] sample:		48.8 time, 20.5 real, 208.0 MB
(w = 21) Not found solution with CAB = 21.
Final result: CAB = 20, Labels = [1, 22, 2, 27, 7, 28, 3, 23, 43, 26, 6, 31, 11, 42, 17, 37, 16, 25, 5, 30, 10, 4, 29, 9, 34, 32, 12, 35, 14, 8, 33, 13, 38, 24, 45, 21, 41, 44, 20, 40, 18, 19, 39, 15, 36]
Real time: 25.077425956726074 seconds
[runlim] end:			Mon Nov  3 16:58:28 2025
[runlim] status:		ok
[runlim] result:		0
[runlim] children:		0
[runlim] real:			25.64 seconds
[runlim] time:			69.15 seconds
[runlim] space:			212.3 MB
[runlim] samples:		251
