[runlim] version:		1.10
[runlim] time limit:		311040000 seconds
[runlim] real time limit:	1800 seconds
[runlim] space limit:		30000 MB
[runlim] argv[0]:		python3
[runlim] argv[1]:		model.py
[runlim] argv[2]:		./graph/caterpillar/caterpillar_10_7.txt
[runlim] start:			Mon Nov  3 17:01:53 2025
[runlim] main pid:		24404
[runlim] log captured:
Set parameter WLSAccessID
Set parameter WLSSecret
Set parameter LicenseID to value 2663665
Academic license 2663665 - for non-commercial use only - registered to tu___@vnu.edu.vn
Set parameter TimeLimit to value 1800
(w = 4) Value Cyclicantibandwidth: 4
Lables: [1, 32, 65, 33, 40, 48, 34, 13, 64, 16, 59, 8, 12, 52, 7, 50, 67, 18, 53, 21, 9, 26, 49, 66, 31, 63, 14, 20, 46, 10, 55, 70, 6, 39, 30, 44, 28, 37, 29, 45, 3, 60, 22, 42, 2, 54, 51, 38, 61, 41, 47, 69, 58, 43, 11, 4, 68, 57, 35, 56, 62, 19, 27, 15, 36, 24, 5, 23, 17, 25]
(w = 4) Correct Cyclicantibandwidth
Set parameter TimeLimit to value 1800
(w = 5) Value Cyclicantibandwidth: 5
Lables: [1, 33, 65, 18, 62, 48, 34, 13, 64, 16, 59, 32, 12, 52, 7, 50, 67, 40, 53, 21, 9, 26, 49, 66, 31, 63, 14, 20, 46, 10, 55, 70, 6, 39, 30, 44, 28, 8, 17, 45, 3, 60, 22, 42, 2, 54, 51, 38, 61, 41, 47, 69, 58, 43, 29, 4, 68, 57, 35, 56, 37, 19, 27, 15, 36, 24, 5, 23, 11, 25]
(w = 5) Correct Cyclicantibandwidth
Set parameter TimeLimit to value 1800
(w = 6) Value Cyclicantibandwidth: 6
Lables: [1, 26, 65, 33, 40, 48, 34, 13, 64, 16, 59, 8, 46, 10, 17, 50, 67, 18, 53, 21, 9, 29, 49, 66, 31, 63, 14, 20, 44, 32, 55, 70, 6, 39, 30, 43, 28, 47, 37, 45, 3, 60, 22, 42, 2, 54, 12, 38, 52, 41, 5, 69, 58, 11, 56, 4, 68, 57, 35, 51, 62, 19, 27, 15, 36, 24, 7, 23, 61, 25]
(w = 6) Correct Cyclicantibandwidth
Set parameter TimeLimit to value 1800
(w = 7) Value Cyclicantibandwidth: 7
Lables: [30, 6, 65, 33, 40, 48, 34, 13, 45, 16, 59, 8, 46, 10, 17, 50, 67, 18, 53, 21, 9, 64, 49, 66, 26, 63, 23, 37, 4, 32, 55, 70, 31, 39, 15, 43, 28, 47, 29, 44, 3, 60, 22, 42, 2, 54, 12, 38, 52, 41, 5, 14, 58, 11, 56, 20, 68, 57, 35, 51, 62, 19, 27, 1, 36, 24, 7, 69, 61, 25]
(w = 7) Correct Cyclicantibandwidth
Set parameter TimeLimit to value 1800
(w = 8) Value Cyclicantibandwidth: 8
Lables: [1, 33, 65, 17, 40, 48, 34, 13, 64, 16, 59, 8, 46, 10, 37, 50, 67, 18, 53, 21, 9, 26, 49, 66, 31, 63, 14, 56, 44, 32, 55, 70, 58, 5, 30, 43, 20, 29, 47, 24, 3, 60, 22, 42, 2, 54, 12, 38, 28, 41, 15, 69, 35, 61, 39, 4, 52, 27, 6, 57, 25, 11, 51, 7, 36, 68, 45, 23, 62, 19]
(w = 8) Correct Cyclicantibandwidth
Set parameter TimeLimit to value 1800
(w = 9) Value Cyclicantibandwidth: 9
Lables: [1, 26, 65, 33, 15, 48, 34, 13, 64, 16, 59, 37, 46, 10, 39, 66, 67, 18, 53, 31, 9, 21, 8, 36, 4, 63, 14, 56, 44, 32, 55, 70, 58, 5, 30, 43, 20, 29, 17, 45, 3, 60, 22, 42, 2, 54, 12, 38, 28, 41, 27, 69, 35, 61, 11, 51, 68, 57, 6, 40, 62, 19, 50, 7, 47, 24, 52, 23, 49, 25]
(w = 9) Correct Cyclicantibandwidth
Set parameter TimeLimit to value 1800
(w = 10) Value Cyclicantibandwidth: 10
Lables: [1, 20, 59, 33, 15, 48, 34, 13, 64, 16, 37, 8, 46, 10, 39, 50, 67, 18, 53, 21, 9, 26, 49, 66, 31, 63, 14, 56, 44, 32, 55, 70, 58, 5, 30, 43, 65, 29, 17, 45, 3, 60, 22, 42, 2, 54, 12, 38, 28, 41, 27, 69, 35, 61, 11, 51, 68, 57, 6, 40, 62, 19, 36, 7, 47, 24, 52, 23, 4, 25]
(w = 10) Correct Cyclicantibandwidth
Set parameter TimeLimit to value 1800
(w = 11) Value Cyclicantibandwidth: 11
Lables: [1, 13, 65, 27, 15, 48, 34, 47, 64, 16, 33, 8, 41, 28, 5, 50, 29, 18, 53, 3, 38, 26, 37, 10, 31, 45, 14, 56, 44, 32, 55, 30, 58, 11, 66, 43, 7, 63, 17, 2, 25, 49, 22, 42, 21, 46, 67, 54, 4, 59, 39, 9, 35, 61, 23, 51, 68, 20, 6, 40, 62, 19, 36, 60, 70, 24, 52, 12, 69, 57]
(w = 11) Correct Cyclicantibandwidth
Set parameter TimeLimit to value 1800
(w = 12) Value Cyclicantibandwidth: 12
Lables: [66, 13, 65, 27, 59, 20, 68, 15, 64, 16, 38, 8, 23, 67, 37, 50, 69, 41, 53, 21, 9, 26, 49, 11, 31, 63, 14, 33, 46, 32, 55, 70, 58, 5, 1, 43, 19, 47, 10, 45, 3, 56, 22, 42, 2, 54, 12, 52, 18, 30, 57, 39, 35, 61, 34, 51, 29, 17, 6, 44, 62, 48, 36, 7, 28, 4, 24, 60, 25, 40]
(w = 12) Correct Cyclicantibandwidth
Set parameter TimeLimit to value 1800
(w = 13) Value Cyclicantibandwidth: 13
Lables: [1, 17, 65, 33, 15, 48, 34, 13, 64, 32, 37, 8, 46, 10, 39, 54, 67, 18, 53, 21, 59, 26, 49, 66, 31, 63, 14, 56, 70, 40, 55, 23, 6, 30, 47, 61, 45, 29, 9, 44, 3, 60, 22, 42, 2, 38, 20, 41, 28, 12, 27, 69, 58, 43, 11, 51, 68, 52, 35, 16, 57, 19, 36, 7, 4, 24, 5, 62, 25, 50]
(w = 13) Correct Cyclicantibandwidth
Set parameter TimeLimit to value 1800
(w = 14) Value Cyclicantibandwidth: 14
Lables: [1, 32, 65, 33, 15, 48, 34, 13, 64, 16, 29, 8, 46, 10, 39, 54, 67, 18, 53, 21, 47, 26, 49, 9, 31, 63, 14, 56, 70, 40, 55, 23, 6, 59, 30, 60, 20, 2, 17, 45, 3, 36, 22, 42, 28, 43, 12, 38, 52, 24, 5, 41, 58, 11, 57, 4, 25, 66, 35, 51, 37, 19, 62, 7, 61, 27, 68, 50, 69, 44]
(w = 14) Correct Cyclicantibandwidth
Set parameter TimeLimit to value 1800
(w = 15) Value Cyclicantibandwidth: 15
Lables: [1, 28, 65, 33, 15, 52, 34, 13, 60, 8, 35, 62, 46, 10, 39, 7, 64, 18, 53, 21, 67, 45, 49, 9, 48, 63, 37, 2, 5, 40, 55, 23, 58, 22, 30, 47, 20, 68, 44, 24, 3, 50, 25, 42, 27, 12, 66, 38, 61, 43, 17, 54, 41, 11, 26, 4, 59, 14, 31, 16, 32, 69, 36, 57, 56, 6, 51, 19, 70, 29]
(w = 15) Correct Cyclicantibandwidth
Set parameter TimeLimit to value 1800
(w = 16) Value Cyclicantibandwidth: 16
Lables: [35, 19, 65, 44, 15, 48, 22, 67, 41, 16, 54, 13, 46, 10, 39, 8, 57, 4, 20, 60, 6, 30, 26, 2, 43, 14, 32, 56, 70, 40, 68, 18, 64, 34, 63, 47, 9, 49, 31, 52, 3, 27, 66, 42, 21, 53, 51, 33, 1, 24, 5, 29, 17, 61, 11, 59, 7, 37, 12, 58, 38, 69, 28, 45, 36, 55, 23, 62, 25, 50]
(w = 16) Correct Cyclicantibandwidth
Set parameter TimeLimit to value 1800
(w = 17) Value Cyclicantibandwidth: 17
Lables: [1, 21, 4, 33, 15, 48, 12, 54, 14, 60, 29, 8, 46, 10, 39, 6, 63, 18, 53, 16, 47, 26, 37, 9, 31, 13, 44, 20, 70, 22, 68, 23, 58, 40, 67, 49, 32, 64, 36, 65, 3, 34, 66, 42, 2, 30, 51, 19, 61, 41, 7, 43, 35, 17, 56, 5, 25, 57, 59, 38, 62, 24, 55, 27, 28, 50, 11, 45, 69, 52]
(w = 17) Correct Cyclicantibandwidth
Set parameter TimeLimit to value 1800
(w = 18) Value Cyclicantibandwidth: 18
Lables: [1, 32, 65, 33, 15, 48, 12, 54, 14, 60, 29, 8, 36, 10, 39, 58, 67, 18, 53, 21, 47, 26, 46, 9, 31, 63, 44, 20, 70, 40, 68, 23, 45, 5, 37, 59, 28, 2, 42, 64, 3, 34, 66, 24, 69, 30, 51, 13, 52, 6, 56, 22, 35, 61, 16, 55, 7, 57, 43, 17, 41, 19, 38, 4, 27, 50, 11, 49, 25, 62]
(w = 18) Correct Cyclicantibandwidth
Set parameter TimeLimit to value 1800
(w = 19) Value Cyclicantibandwidth: 19
Lables: [1, 33, 65, 37, 15, 36, 12, 54, 14, 52, 50, 26, 46, 10, 39, 6, 67, 18, 53, 21, 47, 7, 45, 9, 31, 63, 44, 20, 70, 40, 68, 23, 58, 16, 34, 59, 28, 2, 38, 64, 3, 27, 66, 42, 69, 30, 51, 13, 61, 24, 5, 41, 35, 56, 11, 49, 29, 8, 43, 17, 57, 19, 48, 4, 32, 60, 22, 55, 25, 62]
(w = 19) Correct Cyclicantibandwidth
Set parameter TimeLimit to value 1800
(w = 20) Value Cyclicantibandwidth: 20
Lables: [1, 27, 65, 33, 5, 54, 12, 60, 14, 63, 50, 8, 46, 10, 39, 6, 49, 18, 53, 21, 47, 26, 45, 9, 31, 3, 41, 68, 70, 35, 55, 29, 4, 40, 30, 59, 11, 32, 64, 24, 7, 34, 66, 42, 2, 38, 51, 13, 52, 17, 56, 16, 15, 61, 23, 67, 44, 19, 43, 20, 57, 25, 58, 37, 36, 69, 48, 22, 62, 28]
(w = 20) Correct Cyclicantibandwidth
Set parameter TimeLimit to value 1800
(w = 21) Value Cyclicantibandwidth: 21
Lables: [1, 23, 65, 33, 67, 41, 12, 54, 15, 60, 29, 8, 46, 10, 39, 6, 48, 18, 53, 21, 68, 47, 37, 9, 31, 69, 34, 56, 70, 40, 7, 49, 28, 5, 30, 59, 20, 52, 17, 64, 3, 27, 66, 42, 2, 38, 51, 13, 61, 24, 45, 22, 26, 50, 16, 55, 25, 57, 63, 36, 62, 19, 58, 32, 14, 43, 11, 35, 4, 44]
(w = 21) Correct Cyclicantibandwidth
Set parameter TimeLimit to value 1800
(w = 22) Value Cyclicantibandwidth: 22
Lables: [58, 14, 53, 21, 65, 24, 47, 8, 49, 26, 35, 12, 59, 25, 55, 7, 42, 70, 45, 10, 36, 60, 18, 66, 41, 5, 50, 3, 67, 32, 9, 37, 13, 38, 19, 43, 17, 63, 22, 44, 54, 27, 52, 29, 57, 30, 6, 48, 16, 64, 40, 62, 31, 2, 39, 1, 28, 69, 20, 61, 33, 56, 34, 11, 4, 51, 15, 46, 23, 68]
(w = 22) Correct Cyclicantibandwidth
Set parameter TimeLimit to value 1800
(w = 23) Value Cyclicantibandwidth: 23
Lables: [37, 11, 39, 62, 15, 47, 8, 33, 57, 26, 5, 30, 61, 21, 63, 32, 58, 31, 66, 22, 64, 36, 9, 52, 29, 6, 40, 14, 35, 2, 34, 4, 48, 23, 49, 25, 70, 42, 1, 24, 7, 38, 10, 51, 16, 46, 55, 27, 69, 45, 12, 59, 68, 28, 54, 18, 65, 41, 13, 44, 3, 50, 19, 56, 60, 17, 53, 20, 67, 43]
(w = 23) Correct Cyclicantibandwidth
Set parameter TimeLimit to value 1800
(w = 24) Value Cyclicantibandwidth: 24
Lables: [1, 27, 64, 33, 67, 37, 12, 54, 14, 60, 29, 56, 18, 52, 7, 50, 68, 26, 53, 21, 47, 10, 19, 45, 5, 40, 6, 46, 8, 34, 61, 23, 58, 16, 30, 59, 20, 44, 17, 55, 3, 32, 66, 42, 2, 38, 51, 13, 39, 11, 48, 22, 15, 43, 4, 49, 25, 57, 41, 9, 35, 70, 28, 69, 36, 65, 24, 63, 31, 62]
(w = 24) Correct Cyclicantibandwidth
Set parameter TimeLimit to value 1800
[runlim] sample:		10.6 time, 10.1 real, 120.4 MB
(w = 25) Value Cyclicantibandwidth: 25
Lables: [50, 18, 51, 20, 56, 21, 52, 19, 47, 8, 16, 43, 17, 55, 30, 2, 46, 14, 53, 13, 39, 69, 6, 32, 60, 28, 62, 37, 59, 15, 44, 5, 45, 3, 27, 70, 41, 68, 26, 65, 58, 25, 67, 24, 49, 12, 23, 48, 4, 38, 63, 33, 61, 36, 11, 42, 1, 31, 22, 66, 34, 64, 29, 57, 35, 9, 54, 10, 40, 7]
(w = 25) Correct Cyclicantibandwidth
Set parameter TimeLimit to value 1800
(w = 26) Value Cyclicantibandwidth: 26
Lables: [33, 5, 38, 2, 42, 12, 54, 21, 57, 30, 7, 37, 68, 36, 6, 35, 32, 1, 45, 10, 48, 16, 67, 25, 66, 40, 13, 51, 41, 69, 43, 3, 34, 61, 70, 26, 52, 20, 46, 9, 55, 11, 47, 14, 50, 23, 19, 62, 31, 60, 28, 64, 56, 22, 65, 27, 63, 29, 24, 59, 17, 58, 18, 53, 4, 44, 15, 49, 8, 39]
(w = 26) Correct Cyclicantibandwidth
Set parameter TimeLimit to value 1800
(w = 27) Value Cyclicantibandwidth: 27
Lables: [60, 24, 62, 35, 64, 23, 63, 27, 65, 38, 26, 54, 11, 42, 2, 41, 52, 10, 39, 67, 29, 69, 21, 61, 20, 57, 30, 68, 7, 46, 4, 47, 15, 58, 36, 9, 43, 1, 32, 5, 50, 18, 59, 28, 55, 14, 25, 53, 12, 48, 6, 33, 56, 16, 44, 17, 51, 19, 22, 49, 13, 45, 3, 34, 8, 40, 70, 37, 66, 31]
(w = 27) Correct Cyclicantibandwidth
Set parameter TimeLimit to value 1800
(w = 28) Value Cyclicantibandwidth: 28
Lables: [4, 33, 5, 35, 1, 29, 57, 15, 43, 2, 32, 60, 18, 46, 6, 40, 3, 31, 59, 17, 45, 12, 34, 62, 20, 48, 7, 41, 63, 21, 49, 8, 36, 69, 30, 58, 16, 44, 9, 51, 61, 19, 47, 10, 38, 66, 22, 50, 11, 39, 70, 42, 52, 23, 56, 27, 64, 24, 14, 53, 13, 55, 25, 54, 37, 68, 28, 65, 26, 67]
(w = 28) Correct Cyclicantibandwidth
Set parameter TimeLimit to value 1800
[runlim] sample:		23.3 time, 20.1 real, 202.3 MB
(w = 29) Value Cyclicantibandwidth: 29
Lables: [41, 5, 35, 66, 31, 64, 23, 63, 27, 65, 70, 36, 1, 30, 62, 26, 34, 2, 38, 3, 39, 4, 6, 37, 68, 28, 69, 40, 25, 58, 20, 49, 8, 47, 60, 19, 53, 14, 51, 10, 24, 54, 13, 43, 7, 42, 52, 15, 55, 16, 45, 9, 22, 56, 17, 46, 12, 44, 57, 21, 50, 18, 48, 11, 33, 67, 32, 61, 29, 59]
(w = 29) Correct Cyclicantibandwidth
Set parameter TimeLimit to value 1800
(w = 30) Value Cyclicantibandwidth: 30
Lables: [69, 34, 2, 33, 66, 26, 56, 17, 55, 23, 39, 9, 49, 18, 54, 16, 64, 28, 68, 31, 61, 24, 41, 5, 45, 8, 40, 70, 63, 30, 62, 22, 53, 14, 36, 6, 46, 13, 43, 3, 65, 35, 4, 44, 10, 50, 20, 51, 15, 48, 11, 47, 57, 27, 67, 32, 1, 38, 19, 52, 12, 42, 7, 37, 58, 25, 60, 21, 59, 29]
(w = 30) Correct Cyclicantibandwidth
Set parameter TimeLimit to value 1800
[runlim] sample:		42.3 time, 30.1 real, 379.0 MB
(w = 31) Value Cyclicantibandwidth: 31
Lables: [70, 33, 66, 29, 68, 37, 5, 44, 6, 45, 34, 1, 36, 69, 35, 2, 64, 26, 57, 25, 59, 24, 30, 62, 23, 56, 21, 55, 60, 22, 61, 27, 58, 19, 31, 63, 28, 67, 32, 65, 3, 42, 11, 47, 9, 43, 40, 4, 38, 7, 39, 8, 13, 49, 18, 54, 15, 46, 41, 10, 48, 12, 51, 20, 14, 53, 17, 52, 16, 50]
(w = 31) Correct Cyclicantibandwidth
Set parameter TimeLimit to value 1800
[runlim] sample:		60.9 time, 40.1 real, 382.9 MB
[runlim] sample:		83.8 time, 50.1 real, 420.4 MB
[runlim] sample:		96.3 time, 60.1 real, 423.9 MB
(w = 32) Value Cyclicantibandwidth: 32
Lables: [38, 1, 33, 65, 32, 70, 35, 3, 41, 9, 6, 44, 11, 49, 12, 46, 34, 68, 30, 62, 24, 56, 66, 28, 60, 22, 54, 18, 27, 59, 21, 53, 19, 51, 64, 26, 58, 20, 52, 16, 37, 69, 31, 63, 25, 57, 67, 29, 61, 23, 55, 17, 36, 4, 42, 10, 43, 5, 8, 40, 2, 39, 7, 45, 47, 15, 48, 14, 50, 13]
(w = 32) Correct Cyclicantibandwidth
Set parameter TimeLimit to value 1800
[runlim] sample:		112.4 time, 70.1 real, 417.9 MB
[runlim] sample:		136.0 time, 80.1 real, 446.9 MB
(w = 33) Value Cyclicantibandwidth: 33
Lables: [38, 1, 34, 68, 31, 64, 27, 60, 24, 57, 5, 42, 9, 46, 13, 47, 36, 3, 40, 7, 44, 11, 70, 37, 4, 41, 8, 45, 35, 2, 39, 6, 43, 10, 66, 29, 65, 32, 69, 33, 28, 61, 26, 63, 30, 67, 62, 25, 59, 22, 55, 18, 23, 56, 19, 52, 15, 50, 58, 21, 54, 17, 51, 14, 20, 53, 16, 49, 12, 48]
(w = 33) Correct Cyclicantibandwidth
Set parameter TimeLimit to value 1800
[runlim] sample:		154.5 time, 90.1 real, 448.3 MB
[runlim] sample:		184.5 time, 100.1 real, 480.4 MB
[runlim] sample:		214.3 time, 110.1 real, 452.1 MB
[runlim] sample:		234.4 time, 120.1 real, 470.4 MB
(w = 34) Not found solution with CAB = 34.
Final result: CAB = 33, Labels = [38, 1, 34, 68, 31, 64, 27, 60, 24, 57, 5, 42, 9, 46, 13, 47, 36, 3, 40, 7, 44, 11, 70, 37, 4, 41, 8, 45, 35, 2, 39, 6, 43, 10, 66, 29, 65, 32, 69, 33, 28, 61, 26, 63, 30, 67, 62, 25, 59, 22, 55, 18, 23, 56, 19, 52, 15, 50, 58, 21, 54, 17, 51, 14, 20, 53, 16, 49, 12, 48]
Real time: 122.24334692955017 seconds
[runlim] end:			Mon Nov  3 17:03:55 2025
[runlim] status:		ok
[runlim] result:		0
[runlim] children:		0
[runlim] real:			122.41 seconds
[runlim] time:			239.06 seconds
[runlim] space:			484.6 MB
[runlim] samples:		1223
