[runlim] version:		1.10
[runlim] time limit:		311040000 seconds
[runlim] real time limit:	1800 seconds
[runlim] space limit:		30000 MB
[runlim] argv[0]:		python3
[runlim] argv[1]:		model.py
[runlim] argv[2]:		./graph/caterpillar/caterpillar_15_7.txt
[runlim] start:			Mon Nov  3 17:39:54 2025
[runlim] main pid:		24946
[runlim] log captured:
Set parameter WLSAccessID
Set parameter WLSSecret
Set parameter LicenseID to value 2663665
Academic license 2663665 - for non-commercial use only - registered to tu___@vnu.edu.vn
Set parameter TimeLimit to value 1800
(w = 4) Value Cyclicantibandwidth: 4
Lables: [104, 33, 42, 101, 25, 19, 37, 8, 3, 7, 17, 80, 67, 9, 96, 26, 102, 83, 20, 92, 61, 71, 95, 31, 97, 29, 53, 60, 70, 2, 103, 85, 38, 63, 28, 74, 12, 98, 47, 58, 99, 90, 46, 24, 11, 1, 43, 51, 44, 62, 66, 100, 4, 13, 81, 39, 72, 49, 68, 18, 65, 6, 41, 79, 54, 50, 76, 59, 48, 86, 57, 27, 88, 52, 73, 35, 94, 10, 14, 56, 16, 64, 87, 40, 32, 23, 75, 82, 15, 84, 5, 30, 91, 89, 77, 36, 21, 55, 34, 105, 22, 93, 69, 45, 78]
(w = 4) Correct Cyclicantibandwidth
Set parameter TimeLimit to value 1800
(w = 5) Value Cyclicantibandwidth: 5
Lables: [104, 16, 42, 101, 25, 64, 37, 8, 2, 7, 17, 80, 67, 9, 96, 26, 102, 14, 20, 92, 61, 71, 95, 31, 97, 29, 53, 60, 70, 3, 66, 85, 38, 63, 28, 74, 12, 98, 47, 58, 99, 90, 46, 24, 11, 1, 43, 51, 44, 62, 50, 100, 4, 13, 81, 39, 72, 49, 68, 18, 65, 6, 41, 79, 54, 88, 76, 59, 48, 86, 57, 27, 19, 52, 73, 35, 94, 10, 33, 56, 103, 15, 87, 40, 32, 23, 75, 82, 21, 84, 5, 30, 91, 89, 77, 36, 78, 55, 34, 105, 83, 93, 69, 45, 22]
(w = 5) Correct Cyclicantibandwidth
Set parameter TimeLimit to value 1800
(w = 6) Value Cyclicantibandwidth: 6
Lables: [104, 51, 42, 101, 25, 64, 37, 8, 88, 11, 17, 80, 67, 9, 96, 26, 102, 14, 20, 92, 61, 71, 95, 31, 97, 29, 53, 60, 70, 2, 10, 85, 38, 63, 28, 74, 12, 98, 47, 58, 99, 90, 46, 24, 16, 1, 43, 19, 7, 62, 44, 100, 4, 13, 81, 39, 72, 49, 68, 18, 65, 6, 41, 66, 79, 50, 76, 59, 103, 86, 57, 27, 3, 52, 73, 35, 94, 40, 33, 56, 105, 15, 87, 34, 48, 23, 75, 82, 32, 84, 5, 30, 91, 89, 77, 36, 21, 55, 78, 54, 83, 93, 69, 45, 22]
(w = 6) Correct Cyclicantibandwidth
Set parameter TimeLimit to value 1800
(w = 7) Value Cyclicantibandwidth: 7
Lables: [104, 20, 34, 101, 42, 19, 37, 8, 40, 7, 17, 80, 67, 9, 96, 26, 102, 14, 64, 92, 61, 50, 95, 31, 97, 29, 53, 60, 70, 2, 10, 85, 38, 63, 28, 74, 12, 98, 47, 58, 99, 90, 46, 24, 11, 1, 43, 51, 44, 62, 41, 100, 4, 13, 81, 39, 72, 49, 3, 15, 65, 6, 94, 66, 18, 25, 76, 59, 103, 86, 57, 27, 88, 52, 73, 35, 23, 68, 33, 56, 16, 71, 87, 79, 48, 32, 75, 82, 21, 84, 5, 30, 91, 89, 77, 36, 78, 55, 22, 54, 83, 93, 69, 45, 105]
(w = 7) Correct Cyclicantibandwidth
Set parameter TimeLimit to value 1800
(w = 8) Value Cyclicantibandwidth: 8
Lables: [104, 33, 42, 101, 32, 79, 37, 8, 40, 7, 17, 80, 25, 9, 96, 26, 64, 14, 51, 92, 61, 71, 95, 31, 97, 29, 53, 60, 70, 2, 10, 85, 38, 63, 28, 74, 12, 98, 47, 58, 99, 90, 46, 24, 11, 1, 43, 91, 44, 62, 41, 100, 4, 13, 81, 39, 72, 49, 3, 18, 65, 20, 94, 66, 6, 50, 76, 59, 103, 86, 57, 27, 19, 52, 73, 35, 23, 68, 15, 56, 16, 102, 87, 34, 48, 88, 75, 82, 21, 84, 5, 30, 45, 89, 77, 36, 78, 55, 22, 54, 83, 93, 69, 105, 67]
(w = 8) Correct Cyclicantibandwidth
Set parameter TimeLimit to value 1800
(w = 9) Value Cyclicantibandwidth: 9
Lables: [104, 52, 42, 101, 25, 64, 37, 8, 40, 7, 17, 80, 19, 9, 96, 26, 102, 14, 51, 92, 61, 71, 95, 31, 97, 29, 53, 60, 70, 79, 10, 85, 38, 63, 28, 74, 12, 98, 47, 58, 99, 90, 46, 24, 11, 1, 43, 91, 44, 62, 41, 100, 4, 13, 81, 39, 72, 49, 3, 18, 65, 20, 94, 66, 6, 50, 76, 59, 103, 86, 2, 27, 88, 57, 73, 35, 23, 68, 33, 56, 16, 15, 87, 34, 48, 32, 75, 82, 21, 84, 5, 30, 45, 89, 77, 36, 78, 55, 22, 54, 83, 93, 69, 105, 67]
(w = 9) Correct Cyclicantibandwidth
Set parameter TimeLimit to value 1800
(w = 10) Value Cyclicantibandwidth: 10
Lables: [104, 28, 42, 101, 25, 64, 37, 3, 40, 7, 17, 80, 93, 9, 96, 26, 102, 14, 51, 92, 61, 71, 95, 31, 97, 29, 53, 60, 70, 2, 87, 41, 19, 63, 8, 74, 12, 98, 47, 58, 99, 79, 46, 24, 11, 1, 43, 91, 44, 90, 100, 103, 18, 69, 81, 39, 72, 49, 62, 45, 65, 20, 94, 66, 6, 50, 76, 59, 48, 86, 57, 27, 38, 55, 73, 35, 23, 10, 33, 56, 16, 15, 52, 84, 32, 4, 75, 82, 21, 88, 5, 30, 68, 89, 77, 36, 78, 34, 13, 54, 83, 22, 85, 105, 67]
(w = 10) Correct Cyclicantibandwidth
Set parameter TimeLimit to value 1800
(w = 11) Value Cyclicantibandwidth: 11
Lables: [104, 31, 42, 101, 25, 64, 37, 8, 40, 70, 17, 80, 67, 9, 96, 26, 102, 14, 51, 92, 7, 71, 95, 61, 97, 29, 53, 60, 88, 2, 87, 41, 19, 63, 28, 74, 12, 98, 47, 58, 99, 85, 46, 24, 11, 1, 43, 91, 44, 62, 100, 103, 18, 69, 81, 39, 72, 49, 3, 52, 65, 20, 94, 66, 79, 50, 76, 59, 48, 86, 57, 27, 38, 55, 73, 35, 23, 10, 33, 56, 16, 15, 93, 68, 32, 4, 75, 82, 21, 84, 5, 30, 45, 89, 77, 36, 78, 34, 13, 54, 83, 22, 105, 90, 6]
(w = 11) Correct Cyclicantibandwidth
Set parameter TimeLimit to value 1800
(w = 12) Value Cyclicantibandwidth: 12
Lables: [104, 17, 42, 101, 25, 64, 37, 8, 40, 7, 43, 80, 67, 9, 96, 26, 102, 14, 51, 92, 61, 71, 95, 31, 97, 29, 53, 60, 18, 2, 87, 41, 19, 78, 28, 74, 12, 98, 47, 58, 99, 85, 46, 70, 11, 1, 90, 45, 72, 24, 44, 100, 21, 69, 81, 39, 63, 49, 3, 52, 65, 20, 38, 66, 79, 50, 76, 59, 103, 86, 57, 27, 88, 55, 73, 68, 23, 10, 33, 56, 16, 15, 93, 34, 48, 4, 75, 82, 35, 13, 54, 30, 91, 62, 77, 32, 6, 89, 5, 83, 22, 105, 84, 36, 94]
(w = 12) Correct Cyclicantibandwidth
Set parameter TimeLimit to value 1800
(w = 13) Value Cyclicantibandwidth: 13
Lables: [104, 12, 42, 101, 88, 64, 37, 8, 40, 7, 43, 80, 67, 9, 96, 26, 102, 14, 51, 92, 61, 71, 95, 31, 97, 81, 53, 60, 18, 2, 87, 41, 19, 63, 28, 74, 29, 98, 47, 58, 99, 85, 46, 70, 11, 1, 90, 45, 72, 24, 44, 100, 21, 69, 94, 39, 17, 49, 3, 52, 65, 20, 5, 66, 79, 50, 76, 59, 103, 86, 57, 27, 48, 35, 73, 68, 23, 10, 33, 56, 16, 15, 93, 34, 75, 4, 38, 82, 32, 13, 54, 30, 91, 62, 77, 36, 78, 55, 84, 83, 22, 105, 89, 6, 25]
(w = 13) Correct Cyclicantibandwidth
Set parameter TimeLimit to value 1800
(w = 14) Value Cyclicantibandwidth: 14
Lables: [104, 28, 42, 101, 83, 64, 37, 8, 40, 7, 43, 80, 35, 9, 96, 66, 102, 14, 51, 92, 61, 71, 95, 31, 97, 29, 53, 60, 18, 2, 87, 41, 19, 63, 26, 74, 12, 98, 47, 58, 99, 85, 46, 70, 11, 1, 90, 45, 72, 24, 44, 100, 21, 69, 22, 39, 17, 82, 3, 49, 65, 20, 5, 94, 79, 50, 76, 59, 103, 86, 57, 27, 48, 88, 73, 68, 23, 81, 33, 56, 16, 15, 93, 34, 75, 4, 38, 52, 32, 13, 54, 10, 91, 62, 77, 36, 78, 55, 84, 67, 6, 30, 89, 105, 25]
(w = 14) Correct Cyclicantibandwidth
Set parameter TimeLimit to value 1800
(w = 15) Value Cyclicantibandwidth: 15
Lables: [104, 27, 42, 101, 25, 64, 37, 8, 40, 7, 43, 85, 66, 9, 96, 26, 102, 14, 51, 92, 61, 71, 95, 31, 97, 29, 53, 60, 18, 2, 87, 41, 19, 63, 28, 74, 12, 98, 47, 58, 99, 80, 46, 70, 11, 1, 90, 45, 72, 24, 44, 100, 21, 69, 22, 39, 17, 49, 3, 52, 23, 6, 94, 79, 54, 10, 76, 59, 103, 86, 57, 35, 65, 88, 73, 68, 36, 81, 33, 56, 16, 20, 93, 34, 50, 4, 38, 48, 15, 84, 5, 75, 91, 62, 77, 32, 67, 13, 82, 30, 83, 55, 89, 105, 78]
(w = 15) Correct Cyclicantibandwidth
Set parameter TimeLimit to value 1800
(w = 16) Value Cyclicantibandwidth: 16
Lables: [104, 26, 42, 101, 15, 64, 37, 8, 40, 7, 43, 80, 47, 9, 96, 56, 102, 14, 51, 92, 61, 71, 95, 31, 97, 29, 53, 60, 18, 2, 87, 41, 19, 63, 28, 74, 12, 98, 16, 58, 99, 65, 46, 70, 11, 1, 90, 45, 72, 24, 44, 100, 21, 69, 22, 39, 17, 49, 3, 52, 77, 6, 78, 66, 13, 50, 76, 59, 103, 86, 57, 27, 48, 5, 73, 68, 36, 81, 33, 88, 105, 20, 93, 34, 75, 4, 38, 82, 35, 84, 10, 30, 91, 62, 94, 32, 67, 85, 54, 23, 83, 55, 89, 25, 79]
(w = 16) Correct Cyclicantibandwidth
Set parameter TimeLimit to value 1800
(w = 17) Value Cyclicantibandwidth: 17
Lables: [71, 7, 42, 98, 25, 64, 31, 92, 27, 86, 43, 83, 47, 88, 33, 26, 53, 81, 51, 10, 84, 54, 12, 30, 69, 104, 29, 60, 96, 79, 103, 41, 102, 63, 28, 74, 99, 78, 16, 80, 46, 65, 91, 70, 17, 1, 85, 19, 39, 5, 44, 100, 18, 50, 97, 61, 9, 58, 3, 20, 75, 56, 94, 57, 82, 2, 76, 8, 37, 38, 95, 77, 48, 22, 49, 68, 93, 23, 105, 73, 40, 15, 87, 34, 90, 32, 6, 4, 35, 13, 52, 11, 59, 45, 72, 55, 21, 101, 24, 66, 14, 67, 89, 36, 62]
(w = 17) Correct Cyclicantibandwidth
Set parameter TimeLimit to value 1800
[runlim] sample:		10.0 time, 10.0 real, 64.9 MB
(w = 18) Value Cyclicantibandwidth: 18
Lables: [48, 1, 42, 101, 25, 64, 36, 8, 60, 7, 62, 80, 47, 88, 33, 26, 98, 14, 51, 27, 61, 24, 2, 73, 97, 29, 78, 19, 96, 40, 85, 41, 82, 59, 28, 63, 12, 71, 53, 58, 95, 65, 10, 66, 11, 18, 52, 91, 37, 16, 79, 100, 44, 69, 103, 39, 72, 74, 22, 75, 46, 70, 49, 9, 32, 57, 76, 104, 43, 86, 20, 94, 45, 5, 92, 90, 4, 54, 99, 56, 105, 15, 87, 68, 50, 3, 21, 84, 35, 13, 34, 89, 17, 31, 93, 38, 6, 77, 30, 83, 23, 67, 102, 55, 81]
(w = 18) Correct Cyclicantibandwidth
Set parameter TimeLimit to value 1800
(w = 19) Value Cyclicantibandwidth: 19
Lables: [104, 33, 52, 6, 25, 3, 37, 66, 89, 62, 9, 95, 40, 68, 41, 48, 26, 103, 69, 92, 57, 11, 90, 31, 100, 20, 53, 71, 42, 19, 43, 75, 5, 76, 49, 102, 36, 8, 74, 58, 99, 17, 79, 46, 70, 45, 72, 15, 35, 91, 23, 101, 78, 56, 18, 39, 10, 88, 51, 27, 97, 73, 16, 60, 86, 38, 13, 59, 30, 81, 47, 7, 28, 105, 67, 93, 65, 22, 83, 29, 77, 44, 87, 4, 82, 12, 84, 2, 32, 64, 34, 63, 94, 98, 55, 96, 61, 1, 24, 80, 50, 85, 14, 54, 21]
(w = 19) Correct Cyclicantibandwidth
Set parameter TimeLimit to value 1800
(w = 20) Value Cyclicantibandwidth: 20
Lables: [104, 41, 8, 91, 25, 64, 37, 83, 3, 39, 17, 80, 47, 88, 33, 28, 102, 49, 20, 92, 61, 78, 27, 48, 9, 29, 53, 30, 96, 69, 103, 71, 38, 63, 94, 74, 12, 97, 60, 58, 99, 51, 73, 24, 89, 1, 43, 86, 7, 62, 14, 100, 18, 56, 81, 101, 16, 50, 2, 52, 23, 76, 45, 66, 44, 10, 55, 87, 31, 65, 13, 77, 26, 105, 70, 72, 22, 68, 4, 54, 98, 15, 57, 93, 32, 84, 5, 82, 35, 75, 19, 95, 59, 42, 90, 36, 67, 34, 11, 6, 79, 40, 85, 21, 46]
(w = 20) Correct Cyclicantibandwidth
Set parameter TimeLimit to value 1800
(w = 21) Value Cyclicantibandwidth: 21
Lables: [104, 41, 8, 38, 88, 64, 37, 86, 3, 39, 17, 80, 47, 9, 81, 26, 102, 49, 20, 92, 61, 90, 27, 78, 48, 96, 53, 60, 18, 79, 103, 71, 19, 63, 28, 74, 12, 52, 16, 58, 99, 51, 73, 29, 89, 1, 43, 97, 56, 24, 66, 100, 21, 69, 22, 101, 72, 50, 2, 75, 23, 76, 45, 44, 13, 94, 55, 87, 31, 65, 40, 11, 70, 35, 5, 57, 25, 46, 4, 68, 105, 15, 98, 34, 84, 32, 10, 82, 30, 67, 93, 14, 91, 62, 33, 54, 85, 7, 59, 42, 83, 6, 77, 36, 95]
(w = 21) Correct Cyclicantibandwidth
Set parameter TimeLimit to value 1800
(w = 22) Value Cyclicantibandwidth: 22
Lables: [104, 41, 8, 38, 16, 64, 37, 86, 3, 39, 17, 80, 47, 9, 81, 26, 102, 49, 20, 92, 61, 90, 27, 78, 48, 96, 53, 60, 18, 79, 103, 71, 19, 63, 28, 74, 12, 52, 91, 58, 99, 51, 73, 29, 89, 1, 43, 97, 44, 85, 14, 100, 21, 69, 22, 101, 72, 50, 2, 75, 23, 76, 45, 66, 13, 94, 55, 87, 31, 88, 40, 11, 70, 35, 5, 68, 25, 62, 4, 56, 105, 15, 98, 34, 84, 32, 10, 82, 30, 67, 93, 57, 33, 46, 83, 36, 77, 7, 59, 54, 6, 65, 42, 95, 24]
(w = 22) Correct Cyclicantibandwidth
Set parameter TimeLimit to value 1800
(w = 23) Value Cyclicantibandwidth: 23
Lables: [65, 33, 8, 35, 88, 64, 19, 86, 14, 40, 103, 21, 47, 9, 81, 37, 102, 20, 100, 61, 24, 90, 50, 78, 48, 96, 23, 85, 18, 79, 42, 71, 27, 63, 28, 74, 12, 87, 16, 58, 99, 31, 73, 29, 89, 1, 43, 97, 68, 17, 59, 72, 44, 92, 22, 101, 45, 54, 2, 49, 104, 76, 7, 82, 13, 94, 55, 15, 38, 95, 41, 3, 66, 39, 5, 51, 25, 60, 26, 56, 105, 62, 98, 34, 84, 4, 70, 80, 32, 67, 93, 57, 10, 75, 30, 83, 6, 77, 52, 53, 91, 46, 69, 36, 11]
(w = 23) Correct Cyclicantibandwidth
Set parameter TimeLimit to value 1800
(w = 24) Value Cyclicantibandwidth: 24
Lables: [104, 41, 8, 38, 103, 64, 37, 86, 40, 7, 42, 80, 47, 9, 81, 72, 102, 49, 20, 92, 26, 90, 27, 78, 48, 17, 53, 60, 96, 33, 99, 71, 19, 63, 100, 74, 12, 79, 16, 58, 11, 51, 15, 70, 31, 1, 43, 97, 44, 88, 14, 85, 18, 69, 29, 101, 28, 50, 3, 75, 23, 76, 45, 66, 13, 94, 55, 87, 61, 65, 25, 77, 30, 5, 73, 68, 22, 46, 4, 52, 105, 24, 98, 34, 84, 32, 82, 2, 35, 67, 93, 57, 10, 62, 36, 95, 21, 91, 59, 54, 83, 39, 89, 56, 6]
(w = 24) Correct Cyclicantibandwidth
Set parameter TimeLimit to value 1800
(w = 25) Value Cyclicantibandwidth: 25
Lables: [104, 41, 8, 63, 13, 64, 37, 86, 40, 7, 42, 80, 47, 9, 81, 26, 102, 49, 20, 92, 61, 90, 27, 78, 48, 17, 79, 46, 96, 33, 103, 71, 19, 88, 28, 74, 12, 52, 16, 58, 99, 51, 22, 70, 11, 1, 43, 97, 44, 85, 14, 100, 21, 69, 29, 101, 38, 50, 3, 75, 23, 76, 45, 66, 15, 94, 55, 87, 31, 65, 25, 77, 30, 5, 73, 68, 95, 53, 4, 56, 105, 18, 72, 34, 84, 32, 82, 2, 35, 67, 93, 57, 10, 62, 36, 98, 54, 91, 59, 39, 83, 24, 89, 60, 6]
(w = 25) Correct Cyclicantibandwidth
Set parameter TimeLimit to value 1800
[runlim] sample:		20.0 time, 20.0 real, 86.3 MB
(w = 26) Value Cyclicantibandwidth: 26
Lables: [104, 41, 8, 38, 88, 29, 87, 36, 3, 39, 9, 80, 47, 76, 33, 26, 102, 49, 20, 92, 61, 90, 27, 78, 48, 17, 86, 60, 96, 69, 103, 57, 19, 101, 28, 74, 12, 52, 16, 58, 99, 51, 15, 70, 11, 1, 43, 97, 44, 85, 14, 22, 68, 13, 81, 37, 72, 89, 18, 75, 23, 71, 45, 66, 100, 50, 83, 55, 98, 73, 40, 77, 30, 63, 2, 35, 94, 46, 4, 56, 105, 31, 65, 91, 32, 84, 24, 82, 10, 42, 5, 54, 25, 6, 64, 95, 21, 62, 34, 59, 7, 67, 93, 53, 79]
(w = 26) Correct Cyclicantibandwidth
Set parameter TimeLimit to value 1800
(w = 27) Value Cyclicantibandwidth: 27
Lables: [104, 41, 8, 38, 88, 57, 87, 36, 69, 39, 9, 80, 47, 105, 58, 66, 101, 49, 20, 92, 26, 86, 27, 78, 46, 17, 53, 60, 96, 33, 103, 71, 19, 5, 81, 51, 12, 52, 16, 40, 99, 56, 15, 70, 11, 1, 43, 97, 44, 85, 14, 22, 90, 13, 65, 3, 72, 74, 37, 75, 23, 76, 45, 35, 100, 50, 83, 28, 98, 73, 25, 77, 30, 62, 6, 48, 94, 61, 4, 68, 29, 2, 63, 91, 32, 89, 24, 82, 31, 84, 34, 95, 59, 42, 10, 64, 21, 55, 93, 7, 79, 18, 54, 102, 67]
(w = 27) Correct Cyclicantibandwidth
Set parameter TimeLimit to value 1800
(w = 28) Value Cyclicantibandwidth: 28
Lables: [69, 41, 8, 38, 88, 57, 87, 36, 3, 39, 9, 80, 47, 86, 33, 26, 102, 49, 20, 92, 61, 90, 27, 78, 48, 17, 53, 60, 96, 54, 103, 71, 19, 5, 81, 40, 12, 52, 16, 58, 99, 51, 15, 70, 11, 1, 43, 97, 44, 85, 14, 22, 68, 13, 63, 101, 72, 74, 2, 75, 23, 76, 45, 66, 100, 50, 83, 28, 59, 82, 25, 77, 30, 62, 6, 65, 94, 46, 4, 56, 105, 29, 93, 34, 84, 32, 104, 10, 79, 31, 73, 21, 91, 42, 95, 64, 35, 89, 24, 67, 7, 37, 98, 55, 18]
(w = 28) Correct Cyclicantibandwidth
Set parameter TimeLimit to value 1800
(w = 29) Value Cyclicantibandwidth: 29
Lables: [104, 45, 8, 38, 88, 57, 87, 36, 3, 49, 10, 80, 46, 91, 31, 67, 24, 99, 51, 92, 61, 90, 27, 78, 48, 17, 58, 60, 9, 59, 103, 71, 19, 5, 81, 40, 96, 52, 82, 25, 101, 65, 15, 70, 26, 1, 43, 97, 50, 85, 14, 22, 68, 13, 63, 32, 72, 74, 2, 75, 23, 76, 20, 33, 100, 47, 83, 28, 98, 102, 35, 77, 30, 62, 6, 79, 21, 53, 4, 56, 105, 29, 93, 34, 94, 54, 11, 12, 44, 84, 42, 95, 66, 55, 18, 64, 7, 41, 86, 69, 37, 73, 39, 89, 16]
(w = 29) Correct Cyclicantibandwidth
Set parameter TimeLimit to value 1800
(w = 30) Value Cyclicantibandwidth: 30
Lables: [102, 41, 8, 38, 88, 57, 87, 36, 3, 77, 39, 80, 16, 86, 33, 64, 24, 99, 51, 92, 61, 85, 27, 78, 48, 17, 90, 60, 96, 44, 103, 71, 19, 73, 40, 9, 70, 25, 93, 58, 101, 65, 12, 67, 26, 1, 43, 97, 45, 14, 47, 22, 68, 18, 63, 32, 69, 74, 2, 55, 23, 76, 37, 66, 13, 50, 83, 28, 98, 10, 56, 11, 82, 35, 105, 79, 21, 53, 4, 54, 91, 15, 52, 84, 20, 89, 29, 81, 46, 94, 34, 95, 49, 42, 100, 31, 104, 62, 30, 72, 5, 75, 6, 59, 7]
(w = 30) Correct Cyclicantibandwidth
Set parameter TimeLimit to value 1800
(w = 31) Value Cyclicantibandwidth: 31
Lables: [104, 41, 5, 38, 98, 53, 87, 36, 3, 69, 8, 80, 47, 86, 33, 67, 24, 93, 51, 92, 25, 90, 56, 89, 48, 17, 91, 60, 2, 44, 103, 71, 19, 99, 35, 74, 12, 52, 15, 58, 101, 65, 20, 70, 26, 1, 43, 97, 45, 85, 14, 22, 68, 13, 81, 49, 9, 105, 37, 75, 23, 76, 27, 66, 100, 50, 83, 28, 61, 102, 40, 77, 30, 62, 6, 63, 94, 46, 4, 39, 78, 29, 72, 34, 84, 32, 82, 10, 79, 31, 73, 16, 57, 42, 88, 18, 64, 7, 59, 95, 21, 55, 11, 54, 96]
(w = 31) Correct Cyclicantibandwidth
Set parameter TimeLimit to value 1800
(w = 32) Value Cyclicantibandwidth: 32
Lables: [103, 41, 8, 55, 2, 57, 21, 86, 40, 104, 42, 80, 47, 9, 81, 67, 24, 85, 20, 92, 35, 90, 27, 78, 5, 64, 100, 60, 96, 33, 71, 38, 105, 7, 48, 82, 16, 88, 52, 37, 99, 51, 15, 70, 26, 1, 43, 97, 44, 89, 53, 94, 30, 69, 29, 101, 36, 49, 10, 75, 23, 76, 17, 79, 13, 50, 83, 28, 61, 65, 22, 77, 19, 62, 98, 74, 3, 72, 4, 56, 14, 18, 58, 91, 32, 84, 46, 87, 25, 66, 34, 95, 39, 54, 93, 31, 73, 6, 59, 45, 11, 63, 102, 68, 12]
(w = 32) Correct Cyclicantibandwidth
Set parameter TimeLimit to value 1800
[runlim] sample:		30.0 time, 30.0 real, 85.5 MB
(w = 33) Value Cyclicantibandwidth: 33
Lables: [100, 42, 8, 47, 88, 21, 87, 37, 103, 39, 98, 30, 67, 31, 76, 49, 85, 18, 90, 33, 69, 105, 52, 14, 63, 96, 45, 80, 36, 104, 59, 6, 73, 83, 50, 101, 66, 5, 46, 38, 89, 28, 72, 24, 81, 56, 4, 53, 11, 62, 15, 32, 68, 2, 71, 19, 58, 74, 7, 48, 94, 29, 65, 41, 78, 44, 99, 43, 102, 97, 55, 1, 35, 70, 16, 26, 91, 22, 92, 27, 93, 86, 40, 79, 10, 82, 20, 9, 57, 23, 60, 25, 61, 95, 34, 77, 13, 51, 84, 17, 54, 12, 64, 3, 75]
(w = 33) Correct Cyclicantibandwidth
Set parameter TimeLimit to value 1800
(w = 34) Value Cyclicantibandwidth: 34
Lables: [92, 41, 7, 76, 25, 84, 50, 1, 65, 99, 55, 104, 68, 13, 83, 37, 85, 18, 88, 17, 52, 77, 8, 51, 96, 46, 12, 57, 15, 79, 14, 78, 29, 30, 91, 48, 9, 69, 21, 90, 35, 89, 42, 101, 60, 49, 94, 24, 95, 58, 23, 5, 70, 4, 38, 82, 33, 40, 80, 26, 67, 11, 71, 6, 43, 87, 16, 62, 98, 64, 28, 97, 53, 10, 45, 102, 63, 103, 61, 20, 59, 36, 73, 27, 75, 32, 86, 2, 44, 100, 54, 19, 56, 47, 81, 31, 72, 22, 93, 39, 3, 74, 34, 105, 66]
(w = 34) Correct Cyclicantibandwidth
Set parameter TimeLimit to value 1800
(w = 35) Value Cyclicantibandwidth: 35
Lables: [72, 27, 96, 60, 24, 90, 29, 83, 21, 56, 19, 57, 18, 69, 3, 9, 62, 22, 70, 17, 54, 79, 25, 91, 33, 80, 45, 32, 75, 5, 40, 78, 39, 99, 63, 100, 50, 89, 41, 64, 102, 48, 11, 55, 13, 26, 95, 59, 23, 92, 52, 74, 30, 73, 35, 84, 36, 37, 2, 58, 1, 66, 105, 88, 49, 12, 61, 101, 65, 98, 28, 87, 34, 93, 47, 85, 44, 103, 67, 14, 76, 8, 43, 94, 38, 97, 31, 82, 20, 81, 15, 51, 86, 7, 42, 77, 10, 46, 104, 53, 16, 71, 4, 68, 6]
(w = 35) Correct Cyclicantibandwidth
Set parameter TimeLimit to value 1800
[runlim] sample:		41.9 time, 40.0 real, 257.5 MB
(w = 36) Value Cyclicantibandwidth: 36
Lables: [1, 38, 2, 62, 25, 87, 23, 61, 5, 72, 21, 90, 46, 97, 45, 63, 105, 66, 16, 53, 9, 103, 41, 102, 48, 101, 34, 40, 95, 26, 67, 20, 69, 98, 33, 79, 42, 78, 11, 68, 19, 55, 94, 56, 15, 28, 64, 3, 71, 14, 65, 59, 6, 44, 81, 32, 84, 17, 74, 36, 100, 51, 10, 49, 93, 35, 92, 47, 85, 18, 58, 104, 57, 12, 76, 77, 39, 96, 43, 89, 37, 54, 8, 70, 29, 83, 27, 7, 75, 30, 82, 24, 91, 52, 99, 50, 86, 31, 80, 4, 60, 13, 73, 22, 88]
(w = 36) Correct Cyclicantibandwidth
Set parameter TimeLimit to value 1800
(w = 37) Value Cyclicantibandwidth: 37
Lables: [41, 1, 38, 75, 7, 44, 2, 39, 76, 8, 45, 3, 40, 77, 9, 4, 42, 5, 43, 6, 69, 46, 83, 15, 52, 10, 73, 78, 11, 48, 85, 17, 61, 12, 49, 86, 18, 55, 92, 47, 84, 16, 53, 13, 68, 81, 14, 51, 88, 20, 70, 50, 87, 19, 56, 93, 25, 79, 21, 58, 95, 27, 94, 22, 59, 96, 28, 65, 102, 54, 91, 23, 60, 97, 29, 82, 24, 67, 105, 62, 99, 71, 31, 74, 35, 90, 32, 80, 37, 103, 57, 104, 66, 26, 64, 101, 63, 100, 33, 72, 30, 89, 34, 98, 36]
(w = 37) Correct Cyclicantibandwidth
Set parameter TimeLimit to value 1800
[runlim] sample:		55.2 time, 50.0 real, 350.3 MB
(w = 38) Value Cyclicantibandwidth: 38
Lables: [83, 34, 82, 23, 75, 35, 74, 18, 61, 6, 50, 10, 64, 26, 77, 29, 76, 22, 66, 28, 89, 98, 55, 11, 49, 105, 62, 17, 84, 46, 2, 43, 81, 86, 32, 73, 8, 52, 97, 9, 59, 3, 67, 12, 60, 96, 47, 87, 27, 69, 4, 36, 78, 14, 53, 101, 41, 68, 1, 39, 104, 63, 15, 21, 85, 20, 71, 16, 65, 58, 99, 33, 91, 45, 103, 7, 56, 100, 38, 79, 24, 72, 30, 94, 42, 80, 37, 25, 92, 51, 13, 70, 19, 93, 40, 88, 48, 102, 57, 31, 90, 44, 95, 54, 5]
(w = 38) Correct Cyclicantibandwidth
Set parameter TimeLimit to value 1800
(w = 39) Value Cyclicantibandwidth: 39
Lables: [71, 30, 75, 18, 58, 103, 50, 11, 54, 13, 55, 6, 72, 32, 86, 26, 84, 21, 63, 105, 59, 69, 7, 73, 23, 74, 12, 29, 92, 52, 4, 53, 104, 57, 2, 49, 96, 34, 79, 102, 38, 89, 40, 99, 33, 47, 101, 62, 15, 64, 19, 97, 39, 83, 25, 90, 41, 76, 36, 98, 37, 88, 43, 93, 27, 82, 28, 68, 8, 67, 10, 56, 1, 42, 94, 14, 60, 5, 70, 31, 78, 46, 85, 35, 77, 16, 81, 17, 65, 3, 61, 20, 80, 91, 45, 100, 44, 95, 51, 22, 66, 24, 87, 48, 9]
(w = 39) Correct Cyclicantibandwidth
Set parameter TimeLimit to value 1800
[runlim] sample:		68.7 time, 60.0 real, 362.9 MB
[runlim] sample:		78.9 time, 70.0 real, 371.0 MB
(w = 40) Value Cyclicantibandwidth: 40
Lables: [4, 52, 99, 48, 89, 34, 98, 58, 9, 49, 102, 42, 1, 44, 95, 54, 5, 45, 92, 28, 71, 11, 72, 27, 70, 14, 79, 35, 75, 17, 81, 39, 91, 6, 47, 2, 63, 21, 64, 32, 87, 25, 73, 10, 74, 96, 40, 105, 59, 101, 57, 41, 85, 24, 66, 3, 50, 12, 65, 8, 53, 104, 43, 67, 15, 56, 97, 46, 103, 90, 26, 68, 7, 51, 93, 61, 19, 78, 23, 82, 18, 88, 30, 83, 20, 69, 29, 62, 16, 60, 13, 55, 100, 86, 38, 80, 36, 77, 37, 33, 94, 31, 76, 22, 84]
(w = 40) Correct Cyclicantibandwidth
Set parameter TimeLimit to value 1800
(w = 41) Value Cyclicantibandwidth: 41
Lables: [8, 49, 90, 41, 86, 45, 89, 48, 92, 29, 70, 7, 56, 1, 59, 67, 15, 78, 37, 81, 33, 91, 40, 82, 18, 60, 16, 26, 68, 4, 46, 93, 44, 84, 23, 71, 12, 57, 99, 34, 79, 35, 97, 51, 95, 3, 62, 9, 73, 14, 58, 25, 75, 17, 64, 6, 69, 96, 32, 74, 20, 61, 102, 28, 80, 38, 100, 42, 85, 72, 10, 53, 101, 39, 88, 13, 54, 103, 43, 104, 55, 50, 105, 47, 2, 52, 11, 98, 36, 87, 30, 94, 31, 65, 24, 76, 27, 77, 22, 5, 63, 19, 66, 21, 83]
(w = 41) Correct Cyclicantibandwidth
Set parameter TimeLimit to value 1800
[runlim] sample:		93.3 time, 80.0 real, 312.4 MB
[runlim] sample:		107.0 time, 90.0 real, 312.4 MB
[runlim] sample:		117.1 time, 100.0 real, 312.4 MB
[runlim] sample:		139.7 time, 110.0 real, 577.1 MB
[runlim] sample:		168.9 time, 120.0 real, 596.6 MB
[runlim] sample:		189.0 time, 130.0 real, 596.6 MB
[runlim] sample:		209.1 time, 140.0 real, 596.6 MB
(w = 42) Value Cyclicantibandwidth: 42
Lables: [54, 2, 44, 96, 47, 97, 37, 87, 36, 99, 52, 8, 71, 29, 79, 11, 74, 26, 77, 14, 56, 59, 7, 57, 15, 73, 19, 1, 64, 20, 63, 6, 66, 50, 102, 53, 101, 38, 89, 105, 48, 3, 55, 98, 46, 39, 83, 24, 72, 17, 76, 95, 51, 5, 62, 10, 69, 25, 78, 16, 58, 103, 60, 92, 41, 104, 45, 91, 34, 42, 84, 32, 85, 40, 94, 100, 43, 88, 30, 90, 33, 65, 12, 75, 18, 67, 13, 23, 86, 35, 81, 31, 93, 82, 21, 68, 22, 80, 27, 28, 70, 9, 61, 4, 49]
(w = 42) Correct Cyclicantibandwidth
Set parameter TimeLimit to value 1800
[runlim] sample:		226.8 time, 150.0 real, 451.5 MB
(w = 43) Value Cyclicantibandwidth: 43
Lables: [2, 51, 105, 43, 91, 34, 78, 23, 67, 12, 56, 1, 45, 89, 37, 48, 92, 30, 73, 16, 75, 102, 59, 5, 62, 8, 66, 58, 13, 70, 19, 81, 29, 94, 35, 84, 27, 72, 26, 40, 83, 24, 69, 7, 52, 80, 18, 61, 4, 47, 97, 32, 93, 50, 96, 46, 3, 85, 42, 99, 53, 103, 41, 15, 74, 17, 65, 21, 77, 55, 98, 38, 100, 39, 101, 11, 54, 10, 68, 22, 71, 44, 90, 28, 88, 33, 76, 104, 60, 9, 57, 14, 64, 36, 87, 25, 86, 31, 79, 95, 49, 6, 63, 20, 82]
(w = 43) Correct Cyclicantibandwidth
Set parameter TimeLimit to value 1800
[runlim] sample:		241.9 time, 160.0 real, 451.5 MB
[runlim] sample:		252.1 time, 170.0 real, 451.5 MB
[runlim] sample:		262.2 time, 180.0 real, 451.5 MB
(w = 44) Value Cyclicantibandwidth: 44
Lables: [54, 6, 57, 3, 64, 17, 76, 29, 88, 28, 85, 35, 96, 51, 99, 4, 48, 1, 61, 13, 71, 66, 16, 63, 11, 62, 12, 105, 45, 103, 44, 89, 38, 56, 101, 40, 92, 47, 2, 20, 65, 10, 55, 102, 58, 78, 31, 79, 30, 75, 21, 26, 73, 27, 77, 19, 74, 83, 39, 100, 46, 95, 50, 36, 93, 33, 87, 32, 86, 72, 14, 70, 9, 69, 22, 37, 98, 49, 5, 60, 15, 82, 25, 84, 23, 81, 24, 52, 104, 53, 97, 41, 90, 7, 68, 18, 67, 8, 59, 42, 94, 43, 91, 34, 80]
(w = 44) Correct Cyclicantibandwidth
Set parameter TimeLimit to value 1800
[runlim] sample:		274.1 time, 190.0 real, 451.9 MB
(w = 45) Value Cyclicantibandwidth: 45
Lables: [1, 47, 96, 41, 91, 34, 92, 37, 93, 40, 95, 43, 103, 44, 104, 61, 16, 76, 31, 90, 45, 105, 60, 15, 75, 30, 89, 51, 102, 57, 12, 72, 27, 101, 56, 11, 71, 26, 86, 46, 100, 55, 10, 70, 25, 94, 49, 99, 54, 9, 69, 42, 98, 53, 8, 68, 23, 87, 39, 84, 38, 83, 36, 48, 3, 63, 18, 78, 33, 85, 35, 82, 32, 81, 29, 50, 5, 65, 20, 80, 24, 88, 28, 79, 22, 77, 21, 58, 13, 73, 19, 74, 17, 97, 52, 7, 67, 14, 66, 59, 6, 64, 4, 62, 2]
(w = 45) Correct Cyclicantibandwidth
Set parameter TimeLimit to value 1800
[runlim] sample:		287.7 time, 200.0 real, 451.9 MB
[runlim] sample:		297.8 time, 210.0 real, 454.5 MB
[runlim] sample:		307.9 time, 220.0 real, 454.5 MB
[runlim] sample:		320.9 time, 230.0 real, 470.2 MB
[runlim] sample:		350.9 time, 240.0 real, 589.1 MB
[runlim] sample:		380.3 time, 250.0 real, 589.9 MB
[runlim] sample:		391.1 time, 260.0 real, 589.9 MB
[runlim] sample:		401.2 time, 270.0 real, 589.9 MB
(w = 46) Value Cyclicantibandwidth: 46
Lables: [52, 1, 60, 14, 61, 15, 64, 17, 76, 18, 71, 25, 72, 13, 62, 101, 45, 92, 38, 87, 31, 49, 95, 41, 93, 47, 99, 2, 55, 102, 43, 90, 42, 73, 27, 81, 28, 80, 33, 11, 70, 21, 75, 22, 78, 69, 10, 57, 6, 54, 103, 5, 51, 97, 39, 85, 32, 66, 7, 56, 104, 46, 96, 30, 79, 23, 77, 29, 86, 65, 8, 58, 12, 68, 20, 24, 83, 35, 84, 37, 94, 74, 16, 63, 9, 67, 19, 26, 82, 34, 89, 36, 91, 59, 105, 48, 98, 40, 88, 4, 53, 3, 50, 100, 44]
(w = 46) Correct Cyclicantibandwidth
Set parameter TimeLimit to value 1800
[runlim] sample:		414.9 time, 280.0 real, 590.1 MB
[runlim] sample:		425.0 time, 290.0 real, 590.1 MB
[runlim] sample:		435.1 time, 300.0 real, 590.1 MB
[runlim] sample:		458.7 time, 310.0 real, 632.9 MB
[runlim] sample:		488.7 time, 320.0 real, 657.1 MB
[runlim] sample:		518.7 time, 330.0 real, 657.3 MB
[runlim] sample:		541.7 time, 340.0 real, 658.4 MB
[runlim] sample:		556.7 time, 350.0 real, 658.4 MB
[runlim] sample:		566.9 time, 360.0 real, 658.4 MB
(w = 47) Value Cyclicantibandwidth: 47
Lables: [58, 1, 59, 9, 64, 17, 74, 26, 73, 15, 62, 4, 52, 100, 50, 11, 69, 18, 76, 24, 80, 48, 95, 40, 91, 34, 81, 8, 61, 14, 70, 20, 67, 60, 6, 57, 3, 51, 103, 16, 71, 22, 72, 19, 68, 75, 28, 79, 23, 77, 21, 27, 78, 31, 84, 35, 90, 82, 32, 89, 42, 98, 46, 25, 83, 33, 85, 38, 88, 65, 12, 63, 10, 66, 13, 5, 54, 7, 56, 2, 55, 53, 104, 47, 101, 45, 99, 102, 44, 92, 37, 86, 29, 43, 94, 36, 93, 41, 97, 105, 49, 96, 39, 87, 30]
(w = 47) Correct Cyclicantibandwidth
Set parameter TimeLimit to value 1800
[runlim] sample:		577.0 time, 370.0 real, 658.4 MB
[runlim] sample:		590.7 time, 380.0 real, 658.6 MB
[runlim] sample:		600.8 time, 390.0 real, 658.6 MB
[runlim] sample:		610.9 time, 400.0 real, 658.6 MB
[runlim] sample:		639.7 time, 410.0 real, 675.7 MB
[runlim] sample:		669.7 time, 420.0 real, 691.9 MB
[runlim] sample:		699.8 time, 430.0 real, 696.4 MB
[runlim] sample:		729.8 time, 440.0 real, 698.4 MB
[runlim] sample:		759.8 time, 450.0 real, 698.4 MB
[runlim] sample:		789.8 time, 460.0 real, 698.4 MB
[runlim] sample:		819.8 time, 470.0 real, 698.4 MB
[runlim] sample:		849.8 time, 480.0 real, 698.5 MB
[runlim] sample:		879.9 time, 490.0 real, 698.5 MB
[runlim] sample:		903.8 time, 500.0 real, 698.5 MB
[runlim] sample:		923.9 time, 510.0 real, 712.5 MB
[runlim] sample:		943.9 time, 520.0 real, 712.5 MB
[runlim] sample:		956.6 time, 530.0 real, 712.5 MB
[runlim] sample:		966.7 time, 540.0 real, 712.5 MB
(w = 48) Value Cyclicantibandwidth: 48
Lables: [90, 39, 87, 31, 80, 23, 71, 14, 63, 11, 60, 3, 54, 2, 55, 35, 89, 40, 88, 32, 81, 94, 38, 91, 34, 82, 29, 37, 92, 41, 97, 45, 93, 86, 36, 84, 28, 77, 20, 25, 75, 18, 74, 24, 73, 78, 30, 85, 33, 83, 27, 21, 76, 26, 79, 22, 72, 65, 8, 57, 1, 49, 99, 15, 70, 17, 69, 13, 64, 68, 19, 67, 12, 66, 16, 5, 53, 101, 44, 96, 43, 52, 4, 58, 9, 61, 6, 103, 46, 98, 42, 95, 47, 59, 10, 62, 7, 56, 104, 105, 51, 100, 50, 102, 48]
(w = 48) Correct Cyclicantibandwidth
Set parameter TimeLimit to value 1800
[runlim] sample:		980.2 time, 550.0 real, 717.8 MB
[runlim] sample:		990.3 time, 560.0 real, 717.8 MB
[runlim] sample:		1000.4 time, 570.0 real, 717.8 MB
[runlim] sample:		1010.5 time, 580.0 real, 717.8 MB
[runlim] sample:		1034.4 time, 590.0 real, 717.8 MB
[runlim] sample:		1064.4 time, 600.0 real, 722.2 MB
[runlim] sample:		1094.4 time, 610.0 real, 722.2 MB
[runlim] sample:		1124.4 time, 620.0 real, 722.2 MB
[runlim] sample:		1154.5 time, 630.0 real, 722.2 MB
[runlim] sample:		1184.5 time, 640.0 real, 722.2 MB
[runlim] sample:		1214.5 time, 650.0 real, 722.2 MB
[runlim] sample:		1244.5 time, 660.0 real, 722.2 MB
[runlim] sample:		1274.5 time, 670.0 real, 722.2 MB
[runlim] sample:		1304.5 time, 680.0 real, 722.2 MB
[runlim] sample:		1334.5 time, 690.0 real, 722.2 MB
[runlim] sample:		1364.6 time, 700.0 real, 722.2 MB
[runlim] sample:		1394.6 time, 710.0 real, 722.2 MB
[runlim] sample:		1424.6 time, 720.0 real, 722.2 MB
[runlim] sample:		1454.6 time, 730.0 real, 722.2 MB
[runlim] sample:		1483.7 time, 740.0 real, 722.2 MB
[runlim] sample:		1503.8 time, 750.0 real, 722.2 MB
[runlim] sample:		1517.1 time, 760.0 real, 722.2 MB
[runlim] sample:		1527.2 time, 770.0 real, 723.7 MB
[runlim] sample:		1537.4 time, 780.0 real, 723.7 MB
(w = 49) Value Cyclicantibandwidth: 49
Lables: [79, 25, 75, 23, 72, 16, 65, 9, 58, 2, 51, 101, 50, 103, 54, 29, 82, 33, 89, 37, 86, 81, 28, 84, 32, 85, 30, 19, 69, 13, 67, 18, 71, 78, 27, 83, 31, 87, 36, 22, 76, 26, 77, 24, 80, 66, 11, 61, 5, 60, 10, 15, 68, 17, 73, 21, 74, 64, 12, 63, 14, 70, 20, 3, 53, 104, 49, 102, 46, 52, 105, 55, 1, 56, 7, 100, 44, 93, 39, 90, 34, 47, 96, 41, 97, 43, 92, 99, 45, 95, 40, 91, 35, 48, 98, 42, 94, 38, 88, 4, 59, 8, 62, 6, 57]
(w = 49) Correct Cyclicantibandwidth
Set parameter TimeLimit to value 1800
[runlim] sample:		1552.0 time, 790.0 real, 702.2 MB
[runlim] sample:		1562.1 time, 800.0 real, 702.2 MB
[runlim] sample:		1572.2 time, 810.0 real, 702.2 MB
[runlim] sample:		1588.2 time, 820.0 real, 702.2 MB
[runlim] sample:		1618.2 time, 830.0 real, 702.2 MB
[runlim] sample:		1648.2 time, 840.0 real, 702.2 MB
[runlim] sample:		1678.3 time, 850.0 real, 702.2 MB
[runlim] sample:		1708.3 time, 860.0 real, 702.2 MB
[runlim] sample:		1738.3 time, 870.0 real, 702.2 MB
[runlim] sample:		1768.3 time, 880.0 real, 702.2 MB
[runlim] sample:		1798.3 time, 890.0 real, 702.2 MB
[runlim] sample:		1828.3 time, 900.0 real, 702.2 MB
[runlim] sample:		1858.4 time, 910.0 real, 702.2 MB
[runlim] sample:		1888.4 time, 920.0 real, 702.2 MB
[runlim] sample:		1918.4 time, 930.0 real, 702.2 MB
[runlim] sample:		1948.4 time, 940.0 real, 702.2 MB
[runlim] sample:		1978.1 time, 950.0 real, 702.2 MB
[runlim] sample:		1998.2 time, 960.0 real, 702.2 MB
[runlim] sample:		2012.0 time, 970.0 real, 702.2 MB
[runlim] sample:		2022.2 time, 980.0 real, 702.2 MB
[runlim] sample:		2032.3 time, 990.0 real, 702.2 MB
[runlim] sample:		2042.5 time, 1000.0 real, 702.2 MB
[runlim] sample:		2052.7 time, 1010.0 real, 702.2 MB
[runlim] sample:		2062.9 time, 1020.0 real, 702.2 MB
(w = 50) Value Cyclicantibandwidth: 50
Lables: [87, 36, 89, 39, 94, 44, 98, 48, 103, 53, 3, 58, 8, 63, 13, 32, 82, 27, 78, 23, 77, 86, 31, 81, 26, 76, 21, 34, 84, 29, 79, 25, 75, 90, 35, 85, 30, 80, 28, 40, 91, 37, 92, 41, 96, 99, 49, 104, 54, 2, 56, 43, 93, 38, 88, 33, 83, 102, 47, 97, 42, 95, 45, 52, 1, 55, 4, 59, 7, 105, 51, 101, 46, 100, 50, 57, 5, 60, 10, 65, 15, 6, 61, 11, 66, 16, 70, 62, 12, 67, 17, 72, 22, 9, 64, 14, 69, 19, 73, 68, 18, 71, 20, 74, 24]
(w = 50) Correct Cyclicantibandwidth
Set parameter TimeLimit to value 1800
[runlim] sample:		2076.5 time, 1030.0 real, 702.2 MB
[runlim] sample:		2086.8 time, 1040.0 real, 702.2 MB
[runlim] sample:		2096.9 time, 1050.0 real, 702.2 MB
[runlim] sample:		2114.6 time, 1060.0 real, 702.2 MB
[runlim] sample:		2144.6 time, 1070.0 real, 702.2 MB
[runlim] sample:		2174.6 time, 1080.0 real, 702.2 MB
[runlim] sample:		2204.6 time, 1090.0 real, 702.2 MB
[runlim] sample:		2234.6 time, 1100.0 real, 702.2 MB
[runlim] sample:		2264.7 time, 1110.0 real, 702.2 MB
[runlim] sample:		2294.7 time, 1120.0 real, 702.2 MB
[runlim] sample:		2324.7 time, 1130.0 real, 702.2 MB
[runlim] sample:		2354.7 time, 1140.0 real, 702.2 MB
[runlim] sample:		2384.7 time, 1150.0 real, 702.2 MB
[runlim] sample:		2414.8 time, 1160.0 real, 702.2 MB
[runlim] sample:		2444.8 time, 1170.0 real, 702.2 MB
[runlim] sample:		2474.8 time, 1180.0 real, 702.2 MB
[runlim] sample:		2504.8 time, 1190.0 real, 702.2 MB
[runlim] sample:		2534.8 time, 1200.0 real, 702.2 MB
[runlim] sample:		2564.8 time, 1210.0 real, 702.2 MB
[runlim] sample:		2594.9 time, 1220.0 real, 702.2 MB
[runlim] sample:		2624.9 time, 1230.0 real, 702.2 MB
[runlim] sample:		2654.9 time, 1240.0 real, 703.5 MB
[runlim] sample:		2684.9 time, 1250.0 real, 703.5 MB
[runlim] sample:		2714.9 time, 1260.0 real, 703.5 MB
[runlim] sample:		2745.0 time, 1270.0 real, 703.5 MB
[runlim] sample:		2775.0 time, 1280.0 real, 703.5 MB
[runlim] sample:		2805.0 time, 1290.0 real, 703.5 MB
[runlim] sample:		2835.0 time, 1300.0 real, 703.5 MB
[runlim] sample:		2865.0 time, 1310.0 real, 703.5 MB
[runlim] sample:		2895.1 time, 1320.0 real, 703.5 MB
[runlim] sample:		2925.1 time, 1330.0 real, 703.5 MB
[runlim] sample:		2955.1 time, 1340.0 real, 703.5 MB
[runlim] sample:		2970.0 time, 1350.0 real, 703.5 MB
[runlim] sample:		2980.1 time, 1360.0 real, 703.5 MB
[runlim] sample:		2990.3 time, 1370.0 real, 703.5 MB
[runlim] sample:		3000.4 time, 1380.0 real, 703.5 MB
[runlim] sample:		3010.6 time, 1390.0 real, 703.5 MB
[runlim] sample:		3020.8 time, 1400.0 real, 703.5 MB
[runlim] sample:		3030.9 time, 1410.0 real, 703.5 MB
[runlim] sample:		3041.1 time, 1420.0 real, 703.5 MB
[runlim] sample:		3051.3 time, 1430.0 real, 703.5 MB
[runlim] sample:		3061.5 time, 1440.0 real, 703.5 MB
[runlim] sample:		3073.3 time, 1450.0 real, 705.6 MB
[runlim] sample:		3087.2 time, 1460.0 real, 705.6 MB
[runlim] sample:		3102.8 time, 1470.0 real, 705.6 MB
[runlim] sample:		3120.9 time, 1480.0 real, 705.6 MB
[runlim] sample:		3131.2 time, 1490.0 real, 707.1 MB
[runlim] sample:		3141.5 time, 1500.0 real, 707.1 MB
[runlim] sample:		3173.5 time, 1510.0 real, 738.1 MB
[runlim] sample:		3207.6 time, 1520.0 real, 739.9 MB
[runlim] sample:		3236.1 time, 1530.0 real, 739.9 MB
[runlim] sample:		3275.4 time, 1540.0 real, 742.6 MB
[runlim] sample:		3306.8 time, 1550.0 real, 742.9 MB
[runlim] sample:		3339.7 time, 1560.0 real, 744.0 MB
[runlim] sample:		3375.7 time, 1570.0 real, 756.9 MB
[runlim] sample:		3400.6 time, 1580.0 real, 756.9 MB
[runlim] sample:		3427.8 time, 1590.0 real, 756.9 MB
[runlim] sample:		3467.8 time, 1600.0 real, 756.9 MB
[runlim] sample:		3507.8 time, 1610.0 real, 758.9 MB
[runlim] sample:		3540.0 time, 1620.0 real, 758.9 MB
[runlim] sample:		3559.9 time, 1630.0 real, 747.9 MB
[runlim] sample:		3599.8 time, 1640.0 real, 752.2 MB
[runlim] sample:		3632.1 time, 1650.0 real, 752.2 MB
[runlim] sample:		3662.2 time, 1660.0 real, 765.4 MB
[runlim] sample:		3691.2 time, 1670.0 real, 765.4 MB
[runlim] sample:		3720.2 time, 1680.0 real, 765.4 MB
[runlim] sample:		3740.3 time, 1690.0 real, 765.4 MB
[runlim] sample:		3754.5 time, 1700.0 real, 765.4 MB
[runlim] sample:		3764.7 time, 1710.0 real, 765.4 MB
[runlim] sample:		3784.7 time, 1720.0 real, 765.4 MB
[runlim] sample:		3798.7 time, 1730.0 real, 765.4 MB
[runlim] sample:		3808.9 time, 1740.0 real, 765.4 MB
[runlim] sample:		3823.6 time, 1750.0 real, 765.4 MB
[runlim] sample:		3839.4 time, 1760.0 real, 765.4 MB
[runlim] sample:		3851.4 time, 1770.0 real, 765.4 MB
[runlim] sample:		3867.0 time, 1780.0 real, 765.4 MB
[runlim] sample:		3883.2 time, 1790.0 real, 765.4 MB
(w = 51) Not found solution with CAB = 51.
Final result: CAB = 50, Labels = [87, 36, 89, 39, 94, 44, 98, 48, 103, 53, 3, 58, 8, 63, 13, 32, 82, 27, 78, 23, 77, 86, 31, 81, 26, 76, 21, 34, 84, 29, 79, 25, 75, 90, 35, 85, 30, 80, 28, 40, 91, 37, 92, 41, 96, 99, 49, 104, 54, 2, 56, 43, 93, 38, 88, 33, 83, 102, 47, 97, 42, 95, 45, 52, 1, 55, 4, 59, 7, 105, 51, 101, 46, 100, 50, 57, 5, 60, 10, 65, 15, 6, 61, 11, 66, 16, 70, 62, 12, 67, 17, 72, 22, 9, 64, 14, 69, 19, 73, 68, 18, 71, 20, 74, 24]
Real time: 1798.3105800151825 seconds
[runlim] end:			Mon Nov  3 18:09:52 2025
[runlim] status:		ok
[runlim] result:		0
[runlim] children:		0
[runlim] real:			1798.42 seconds
[runlim] time:			3895.78 seconds
[runlim] space:			765.4 MB
[runlim] samples:		17983
