[runlim] version:		1.10
[runlim] time limit:		311040000 seconds
[runlim] real time limit:	1800 seconds
[runlim] space limit:		30000 MB
[runlim] argv[0]:		python3
[runlim] argv[1]:		model.py
[runlim] argv[2]:		./graph/caterpillar/caterpillar_20_10.txt
[runlim] start:			Mon Nov  3 19:44:49 2025
[runlim] main pid:		28627
[runlim] log captured:
Set parameter WLSAccessID
Set parameter WLSSecret
Set parameter LicenseID to value 2663665
Academic license 2663665 - for non-commercial use only - registered to tu___@vnu.edu.vn
Set parameter TimeLimit to value 1800
(w = 4) Value Cyclicantibandwidth: 4
Lables: [154, 5, 186, 169, 158, 150, 21, 68, 107, 1, 166, 183, 67, 85, 50, 129, 133, 102, 128, 64, 124, 84, 56, 96, 60, 33, 101, 72, 82, 177, 185, 108, 141, 117, 167, 11, 42, 76, 160, 29, 104, 119, 94, 31, 88, 165, 79, 47, 138, 87, 92, 173, 134, 4, 49, 106, 136, 41, 120, 180, 142, 22, 38, 187, 55, 193, 3, 114, 168, 54, 130, 51, 122, 112, 152, 28, 34, 182, 105, 26, 135, 52, 66, 192, 176, 200, 99, 171, 98, 161, 74, 95, 59, 65, 23, 184, 27, 6, 145, 62, 19, 188, 143, 90, 190, 25, 155, 70, 170, 159, 97, 191, 35, 127, 80, 132, 45, 93, 197, 156, 149, 10, 18, 46, 164, 115, 172, 139, 195, 17, 71, 113, 15, 118, 30, 83, 110, 20, 194, 91, 73, 116, 103, 146, 175, 179, 39, 148, 40, 53, 81, 2, 111, 9, 43, 109, 63, 100, 121, 126, 131, 16, 144, 8, 174, 24, 44, 196, 37, 157, 32, 61, 151, 7, 13, 123, 162, 137, 198, 77, 14, 189, 78, 12, 181, 153, 199, 48, 178, 75, 57, 36, 58, 140, 86, 163, 89, 125, 147, 69]
(w = 4) Correct Cyclicantibandwidth
Set parameter TimeLimit to value 1800
(w = 5) Value Cyclicantibandwidth: 5
Lables: [154, 5, 186, 169, 158, 150, 21, 68, 107, 1, 166, 183, 67, 85, 50, 129, 152, 102, 128, 64, 124, 84, 56, 96, 60, 33, 101, 72, 82, 177, 185, 108, 141, 117, 167, 11, 42, 76, 32, 145, 104, 119, 94, 31, 88, 165, 79, 47, 138, 87, 92, 173, 134, 4, 49, 106, 136, 41, 120, 180, 142, 22, 38, 187, 55, 193, 3, 114, 168, 54, 130, 51, 122, 112, 97, 28, 34, 182, 105, 26, 135, 52, 66, 192, 176, 200, 99, 171, 98, 161, 74, 95, 59, 65, 23, 184, 27, 6, 24, 62, 19, 188, 143, 90, 190, 25, 155, 70, 170, 159, 175, 191, 35, 127, 80, 132, 45, 93, 29, 197, 149, 156, 18, 46, 164, 115, 172, 139, 195, 17, 71, 113, 15, 118, 30, 83, 110, 20, 194, 91, 73, 116, 103, 146, 133, 179, 39, 148, 40, 53, 81, 2, 111, 9, 43, 109, 63, 100, 121, 126, 131, 16, 144, 8, 174, 37, 44, 196, 57, 157, 199, 61, 151, 7, 13, 123, 162, 137, 198, 77, 14, 189, 10, 36, 78, 153, 75, 181, 160, 86, 147, 89, 48, 140, 163, 69, 12, 125, 178, 58]
(w = 5) Correct Cyclicantibandwidth
Set parameter TimeLimit to value 1800
(w = 6) Value Cyclicantibandwidth: 6
Lables: [154, 81, 92, 169, 158, 119, 171, 44, 107, 86, 62, 183, 67, 85, 138, 129, 198, 83, 135, 120, 124, 131, 56, 96, 42, 133, 150, 72, 196, 177, 185, 108, 141, 117, 167, 11, 134, 25, 32, 145, 104, 159, 60, 31, 191, 165, 105, 8, 143, 87, 26, 35, 54, 4, 49, 106, 136, 41, 84, 68, 142, 22, 38, 82, 55, 193, 46, 114, 168, 80, 187, 51, 122, 112, 152, 28, 34, 182, 70, 64, 5, 52, 115, 192, 176, 200, 166, 47, 113, 161, 74, 95, 59, 65, 23, 184, 27, 6, 24, 53, 3, 173, 180, 90, 151, 140, 149, 130, 170, 79, 97, 128, 19, 127, 91, 132, 45, 93, 29, 197, 126, 156, 18, 57, 164, 50, 172, 139, 195, 17, 71, 21, 15, 118, 30, 123, 76, 20, 194, 146, 73, 116, 103, 190, 175, 102, 39, 148, 155, 186, 16, 2, 111, 9, 43, 109, 63, 100, 40, 110, 66, 188, 144, 94, 174, 37, 98, 179, 121, 157, 199, 61, 88, 7, 13, 99, 162, 137, 33, 77, 14, 189, 10, 36, 78, 153, 75, 181, 160, 101, 147, 89, 48, 1, 163, 69, 12, 125, 178, 58]
(w = 6) Correct Cyclicantibandwidth
Set parameter TimeLimit to value 1800
(w = 7) Value Cyclicantibandwidth: 7
Lables: [154, 5, 186, 169, 158, 150, 21, 68, 107, 1, 166, 183, 67, 85, 50, 129, 198, 102, 128, 64, 124, 84, 56, 96, 60, 133, 101, 72, 82, 177, 185, 108, 141, 117, 167, 11, 42, 76, 32, 145, 104, 119, 94, 31, 88, 165, 79, 47, 138, 87, 136, 173, 134, 4, 49, 106, 194, 41, 120, 180, 142, 22, 38, 187, 55, 193, 3, 114, 168, 54, 130, 51, 122, 112, 97, 65, 34, 182, 105, 26, 135, 52, 66, 192, 176, 200, 99, 171, 98, 161, 74, 95, 59, 152, 23, 184, 27, 6, 24, 62, 19, 33, 143, 90, 190, 25, 155, 70, 170, 159, 28, 191, 35, 127, 80, 132, 45, 93, 29, 197, 149, 156, 18, 46, 164, 115, 172, 139, 195, 17, 71, 113, 15, 118, 30, 83, 110, 20, 163, 91, 73, 116, 103, 146, 175, 81, 39, 148, 40, 53, 16, 2, 111, 9, 43, 109, 63, 100, 121, 13, 131, 188, 144, 8, 92, 37, 44, 196, 126, 157, 199, 61, 151, 7, 69, 123, 162, 137, 179, 77, 14, 189, 10, 36, 78, 153, 75, 181, 160, 86, 57, 89, 48, 140, 178, 12, 174, 125, 58, 147]
(w = 7) Correct Cyclicantibandwidth
Set parameter TimeLimit to value 1800
(w = 8) Value Cyclicantibandwidth: 8
Lables: [154, 5, 186, 169, 158, 150, 21, 68, 107, 1, 166, 183, 67, 85, 50, 129, 198, 102, 128, 64, 124, 84, 56, 96, 60, 133, 101, 72, 82, 177, 185, 108, 141, 117, 167, 11, 42, 76, 32, 145, 104, 119, 94, 31, 88, 165, 79, 47, 138, 87, 136, 173, 134, 4, 49, 106, 194, 41, 120, 180, 142, 22, 38, 187, 55, 193, 3, 114, 168, 54, 130, 51, 122, 112, 152, 28, 148, 182, 105, 26, 135, 52, 66, 192, 176, 200, 99, 171, 98, 161, 74, 95, 59, 86, 23, 184, 27, 6, 24, 62, 19, 33, 143, 90, 190, 25, 65, 9, 170, 159, 97, 191, 35, 127, 80, 132, 45, 93, 29, 34, 44, 156, 18, 46, 164, 115, 172, 139, 195, 17, 71, 113, 15, 118, 30, 83, 110, 20, 163, 91, 73, 116, 103, 146, 175, 81, 39, 13, 40, 53, 16, 2, 111, 92, 197, 109, 63, 100, 121, 70, 131, 188, 144, 8, 174, 37, 149, 196, 43, 157, 199, 61, 151, 7, 69, 123, 162, 137, 179, 77, 14, 189, 10, 36, 78, 153, 126, 181, 160, 75, 57, 89, 48, 140, 178, 12, 155, 125, 58, 147]
(w = 8) Correct Cyclicantibandwidth
Set parameter TimeLimit to value 1800
[runlim] sample:		10.0 time, 10.1 real, 116.0 MB
(w = 9) Value Cyclicantibandwidth: 9
Lables: [154, 5, 186, 157, 177, 150, 21, 68, 107, 1, 166, 183, 67, 85, 50, 129, 198, 102, 128, 64, 124, 84, 18, 96, 60, 133, 101, 72, 82, 44, 185, 108, 141, 117, 167, 11, 42, 169, 32, 145, 104, 119, 56, 31, 88, 165, 79, 47, 138, 87, 136, 173, 134, 4, 49, 106, 194, 41, 120, 180, 142, 22, 38, 187, 55, 193, 3, 114, 168, 54, 130, 51, 122, 112, 152, 28, 148, 182, 105, 26, 135, 52, 66, 192, 176, 200, 99, 171, 98, 161, 74, 95, 59, 86, 23, 184, 27, 6, 24, 62, 19, 33, 143, 90, 190, 25, 65, 9, 170, 159, 97, 191, 35, 127, 80, 132, 45, 93, 29, 34, 149, 10, 94, 46, 164, 115, 172, 139, 195, 17, 71, 113, 15, 118, 30, 83, 110, 20, 163, 91, 73, 156, 103, 146, 175, 81, 39, 13, 40, 53, 16, 2, 111, 92, 197, 109, 63, 100, 121, 70, 131, 188, 144, 8, 174, 37, 155, 196, 43, 76, 199, 61, 151, 7, 69, 123, 162, 137, 179, 77, 14, 189, 78, 12, 181, 153, 126, 48, 178, 75, 160, 36, 158, 57, 116, 147, 89, 125, 140, 58]
(w = 9) Correct Cyclicantibandwidth
Set parameter TimeLimit to value 1800
(w = 10) Value Cyclicantibandwidth: 10
Lables: [154, 5, 186, 169, 158, 110, 21, 68, 107, 1, 166, 183, 67, 85, 50, 129, 198, 102, 128, 64, 124, 84, 56, 96, 60, 133, 101, 72, 82, 150, 185, 108, 141, 117, 194, 11, 42, 76, 32, 145, 104, 119, 94, 31, 88, 165, 79, 47, 138, 87, 136, 173, 134, 4, 49, 106, 121, 41, 120, 180, 142, 22, 38, 187, 55, 193, 3, 114, 168, 54, 130, 51, 122, 112, 152, 28, 148, 182, 105, 26, 135, 52, 66, 192, 176, 200, 99, 171, 98, 161, 74, 95, 59, 86, 23, 184, 27, 6, 24, 62, 19, 33, 143, 90, 190, 25, 65, 9, 170, 159, 97, 191, 35, 127, 80, 132, 45, 93, 29, 34, 149, 10, 100, 46, 164, 115, 172, 139, 195, 17, 71, 113, 15, 118, 30, 83, 197, 20, 163, 91, 73, 156, 177, 146, 175, 103, 39, 13, 40, 53, 81, 2, 111, 92, 167, 109, 63, 189, 18, 126, 70, 16, 188, 8, 174, 37, 155, 196, 43, 157, 131, 61, 151, 7, 69, 123, 162, 137, 179, 77, 14, 125, 78, 12, 181, 153, 199, 48, 178, 144, 75, 36, 58, 140, 44, 160, 89, 57, 116, 147]
(w = 10) Correct Cyclicantibandwidth
Set parameter TimeLimit to value 1800
(w = 11) Value Cyclicantibandwidth: 11
Lables: [154, 5, 186, 169, 158, 124, 21, 68, 107, 1, 166, 183, 67, 85, 50, 129, 198, 102, 128, 64, 38, 84, 56, 96, 60, 133, 101, 72, 122, 150, 185, 108, 141, 117, 167, 11, 42, 76, 32, 145, 104, 119, 94, 31, 88, 165, 79, 47, 138, 87, 136, 173, 134, 4, 49, 106, 194, 41, 120, 180, 142, 22, 130, 187, 55, 162, 3, 114, 168, 54, 140, 51, 82, 112, 152, 28, 148, 182, 105, 26, 135, 52, 66, 192, 176, 200, 99, 171, 98, 161, 74, 95, 59, 86, 23, 184, 27, 6, 24, 62, 19, 33, 143, 90, 190, 25, 65, 9, 170, 159, 97, 191, 35, 127, 80, 132, 45, 93, 29, 34, 149, 10, 100, 46, 164, 115, 172, 139, 195, 17, 71, 113, 15, 118, 30, 83, 110, 193, 163, 91, 73, 156, 177, 146, 175, 103, 39, 13, 40, 53, 81, 2, 111, 92, 197, 109, 63, 189, 18, 126, 70, 16, 188, 8, 174, 37, 155, 196, 43, 157, 131, 61, 151, 7, 69, 123, 20, 137, 179, 77, 14, 125, 78, 12, 181, 153, 199, 48, 178, 144, 75, 36, 58, 116, 44, 121, 89, 57, 160, 147]
(w = 11) Correct Cyclicantibandwidth
Set parameter TimeLimit to value 1800
(w = 12) Value Cyclicantibandwidth: 12
Lables: [154, 5, 186, 169, 64, 124, 21, 68, 107, 1, 166, 183, 67, 85, 170, 129, 198, 102, 128, 94, 38, 84, 56, 96, 60, 133, 101, 72, 182, 150, 185, 108, 141, 117, 167, 11, 42, 76, 32, 145, 104, 119, 158, 31, 88, 165, 79, 47, 138, 87, 136, 173, 134, 4, 49, 106, 194, 41, 120, 180, 142, 22, 130, 187, 55, 193, 110, 45, 168, 54, 140, 51, 122, 3, 152, 28, 148, 18, 105, 26, 135, 52, 66, 192, 176, 200, 99, 171, 98, 161, 74, 95, 59, 86, 23, 184, 27, 6, 24, 62, 19, 33, 112, 90, 190, 25, 65, 9, 50, 159, 97, 191, 35, 127, 80, 132, 179, 93, 29, 34, 149, 10, 100, 46, 164, 115, 172, 139, 195, 17, 71, 113, 15, 118, 30, 83, 155, 20, 163, 91, 73, 156, 177, 146, 175, 103, 39, 13, 82, 53, 81, 2, 111, 143, 197, 109, 63, 189, 121, 70, 131, 16, 188, 8, 92, 37, 153, 196, 43, 157, 199, 61, 151, 7, 69, 123, 162, 137, 160, 77, 14, 125, 78, 12, 181, 116, 40, 174, 75, 144, 57, 36, 48, 89, 44, 126, 114, 58, 178, 147]
(w = 12) Correct Cyclicantibandwidth
Set parameter TimeLimit to value 1800
[runlim] sample:		20.0 time, 20.1 real, 129.4 MB
(w = 13) Value Cyclicantibandwidth: 13
Lables: [154, 5, 48, 169, 83, 150, 21, 68, 107, 1, 166, 183, 67, 85, 50, 129, 198, 102, 128, 64, 124, 158, 56, 96, 60, 133, 101, 72, 182, 177, 51, 108, 141, 117, 167, 11, 42, 76, 32, 145, 104, 119, 94, 31, 88, 165, 79, 47, 138, 87, 136, 173, 134, 4, 49, 106, 194, 41, 120, 180, 142, 22, 38, 187, 55, 193, 116, 45, 168, 54, 130, 86, 122, 3, 152, 28, 148, 18, 105, 26, 135, 52, 66, 192, 176, 200, 99, 171, 98, 161, 74, 95, 59, 10, 23, 184, 27, 6, 24, 62, 19, 33, 112, 90, 190, 25, 65, 9, 170, 69, 97, 191, 35, 127, 80, 132, 179, 93, 185, 34, 149, 73, 100, 46, 164, 115, 172, 139, 195, 17, 71, 113, 15, 159, 84, 58, 155, 20, 163, 91, 125, 156, 103, 146, 175, 118, 197, 13, 82, 53, 81, 2, 111, 143, 43, 109, 63, 189, 121, 70, 131, 16, 188, 8, 92, 37, 153, 196, 39, 157, 199, 61, 151, 7, 29, 123, 186, 137, 160, 77, 14, 78, 178, 12, 181, 162, 40, 174, 75, 144, 57, 36, 110, 140, 44, 126, 89, 30, 114, 147]
(w = 13) Correct Cyclicantibandwidth
Set parameter TimeLimit to value 1800
(w = 14) Value Cyclicantibandwidth: 14
Lables: [154, 5, 186, 169, 83, 150, 21, 68, 107, 1, 166, 183, 67, 85, 50, 129, 198, 102, 128, 64, 124, 158, 56, 96, 60, 133, 101, 72, 182, 177, 51, 108, 141, 117, 167, 11, 42, 76, 32, 145, 104, 119, 94, 31, 88, 165, 79, 47, 138, 87, 136, 173, 134, 4, 49, 106, 194, 41, 120, 180, 142, 22, 38, 187, 55, 193, 116, 45, 168, 54, 130, 86, 122, 3, 152, 28, 148, 18, 105, 26, 135, 52, 66, 192, 176, 200, 99, 171, 98, 161, 74, 95, 59, 10, 110, 184, 27, 6, 24, 62, 19, 33, 112, 90, 190, 25, 65, 9, 170, 69, 97, 191, 35, 127, 80, 132, 179, 93, 185, 34, 149, 73, 100, 46, 164, 115, 172, 139, 195, 17, 71, 113, 15, 159, 84, 58, 155, 20, 163, 91, 125, 156, 103, 146, 175, 118, 197, 13, 82, 53, 81, 2, 111, 143, 23, 109, 63, 189, 121, 70, 131, 16, 188, 8, 92, 37, 153, 196, 39, 157, 199, 61, 151, 7, 29, 123, 43, 137, 160, 77, 14, 78, 178, 12, 181, 162, 40, 174, 75, 144, 57, 36, 147, 48, 126, 44, 89, 30, 114, 140]
(w = 14) Correct Cyclicantibandwidth
Set parameter TimeLimit to value 1800
(w = 15) Value Cyclicantibandwidth: 15
Lables: [154, 5, 186, 169, 83, 150, 21, 68, 107, 1, 166, 183, 67, 85, 50, 129, 198, 102, 128, 64, 124, 158, 56, 96, 60, 133, 101, 72, 182, 177, 51, 108, 141, 117, 167, 11, 42, 76, 32, 145, 104, 119, 94, 31, 88, 165, 79, 47, 138, 87, 136, 173, 134, 4, 49, 106, 194, 41, 120, 180, 142, 22, 38, 187, 55, 193, 110, 45, 168, 54, 130, 86, 122, 3, 97, 28, 148, 18, 105, 26, 135, 30, 66, 192, 176, 200, 99, 171, 98, 161, 74, 95, 59, 10, 126, 184, 27, 6, 24, 62, 19, 33, 112, 90, 190, 25, 65, 9, 170, 69, 52, 191, 35, 127, 80, 132, 179, 93, 185, 34, 149, 73, 100, 46, 164, 115, 172, 139, 195, 17, 71, 113, 15, 159, 84, 58, 155, 20, 163, 91, 125, 156, 103, 146, 175, 118, 197, 13, 82, 53, 81, 2, 111, 143, 43, 109, 63, 189, 121, 70, 131, 16, 188, 8, 92, 37, 153, 196, 39, 157, 199, 61, 151, 7, 29, 123, 162, 137, 160, 77, 14, 78, 23, 147, 12, 116, 40, 181, 75, 144, 57, 36, 140, 48, 178, 114, 89, 174, 44, 152]
(w = 15) Correct Cyclicantibandwidth
Set parameter TimeLimit to value 1800
[runlim] sample:		30.0 time, 30.1 real, 163.4 MB
(w = 16) Value Cyclicantibandwidth: 16
Lables: [154, 5, 119, 169, 83, 150, 21, 68, 107, 1, 166, 183, 67, 85, 50, 129, 198, 102, 128, 64, 124, 158, 56, 96, 60, 133, 101, 72, 182, 177, 51, 108, 141, 117, 167, 11, 42, 76, 32, 145, 104, 196, 94, 31, 88, 165, 79, 47, 138, 87, 136, 173, 134, 4, 49, 106, 194, 41, 120, 180, 142, 22, 38, 187, 55, 193, 110, 45, 168, 54, 130, 86, 122, 3, 152, 28, 148, 18, 105, 26, 135, 52, 159, 192, 176, 200, 66, 171, 98, 161, 74, 95, 59, 10, 126, 184, 27, 6, 24, 62, 19, 33, 112, 90, 190, 25, 65, 9, 170, 69, 97, 191, 35, 127, 80, 132, 179, 93, 185, 34, 149, 73, 100, 46, 164, 115, 172, 139, 195, 17, 71, 113, 15, 118, 84, 58, 155, 20, 163, 91, 125, 156, 103, 146, 175, 81, 197, 13, 82, 53, 30, 2, 111, 143, 43, 109, 63, 189, 121, 70, 131, 16, 188, 8, 92, 37, 153, 186, 39, 157, 99, 61, 151, 7, 29, 123, 162, 137, 160, 77, 14, 78, 199, 36, 12, 116, 40, 181, 75, 23, 57, 89, 44, 140, 178, 147, 174, 144, 114, 48]
(w = 16) Correct Cyclicantibandwidth
Set parameter TimeLimit to value 1800
(w = 17) Value Cyclicantibandwidth: 17
Lables: [154, 5, 186, 169, 83, 150, 21, 68, 107, 1, 166, 183, 67, 85, 50, 129, 198, 102, 128, 64, 124, 158, 56, 96, 60, 133, 197, 72, 182, 177, 51, 108, 141, 117, 167, 11, 42, 76, 32, 145, 104, 155, 94, 31, 88, 165, 79, 47, 138, 87, 136, 173, 134, 4, 49, 106, 194, 41, 120, 180, 142, 181, 38, 187, 55, 193, 110, 45, 168, 54, 130, 86, 122, 3, 152, 28, 148, 179, 105, 26, 135, 52, 159, 192, 18, 200, 66, 171, 98, 161, 74, 95, 59, 10, 126, 184, 27, 6, 24, 62, 19, 33, 112, 90, 190, 25, 65, 9, 170, 69, 97, 191, 35, 127, 80, 132, 75, 93, 185, 34, 149, 73, 100, 46, 164, 115, 172, 139, 119, 17, 71, 113, 15, 118, 84, 58, 2, 20, 163, 91, 125, 156, 103, 146, 175, 81, 176, 13, 82, 53, 30, 137, 195, 143, 43, 109, 63, 189, 121, 70, 131, 16, 111, 8, 92, 37, 153, 196, 39, 157, 99, 61, 151, 7, 29, 123, 162, 22, 188, 77, 14, 160, 78, 12, 144, 116, 199, 48, 178, 23, 101, 36, 147, 40, 114, 44, 89, 174, 140, 57]
(w = 17) Correct Cyclicantibandwidth
Set parameter TimeLimit to value 1800
(w = 18) Value Cyclicantibandwidth: 18
Lables: [154, 5, 94, 169, 83, 150, 21, 68, 107, 1, 137, 183, 67, 85, 50, 129, 198, 102, 128, 64, 124, 158, 56, 96, 60, 166, 101, 72, 182, 177, 51, 108, 141, 117, 167, 11, 42, 76, 32, 145, 104, 155, 52, 31, 88, 165, 79, 47, 138, 87, 136, 173, 134, 4, 49, 106, 194, 41, 120, 180, 142, 22, 130, 187, 55, 193, 110, 45, 168, 54, 140, 86, 122, 3, 152, 28, 148, 18, 105, 26, 135, 200, 159, 192, 10, 151, 66, 171, 98, 161, 74, 95, 59, 196, 23, 184, 27, 6, 24, 62, 19, 33, 112, 90, 190, 25, 65, 9, 170, 69, 97, 191, 35, 127, 80, 176, 46, 93, 185, 34, 149, 73, 100, 174, 126, 172, 13, 139, 119, 17, 186, 113, 15, 118, 84, 58, 2, 20, 163, 91, 125, 156, 103, 146, 175, 81, 197, 179, 82, 53, 30, 133, 195, 164, 43, 109, 63, 189, 121, 70, 131, 16, 111, 8, 92, 38, 153, 44, 99, 157, 199, 61, 116, 7, 29, 123, 162, 57, 188, 77, 14, 143, 78, 12, 71, 89, 40, 181, 160, 75, 147, 36, 115, 39, 132, 37, 144, 48, 178, 114]
(w = 18) Correct Cyclicantibandwidth
Set parameter TimeLimit to value 1800
[runlim] sample:		40.0 time, 40.1 real, 181.4 MB
(w = 19) Value Cyclicantibandwidth: 19
Lables: [154, 5, 186, 15, 158, 124, 21, 68, 107, 1, 166, 70, 120, 85, 50, 129, 198, 102, 128, 64, 38, 84, 56, 96, 60, 133, 101, 72, 182, 150, 185, 108, 141, 183, 46, 11, 42, 76, 32, 145, 104, 155, 94, 31, 88, 165, 79, 47, 138, 87, 136, 173, 134, 4, 49, 106, 194, 41, 99, 180, 142, 22, 130, 187, 55, 193, 110, 45, 168, 54, 140, 51, 122, 3, 152, 28, 148, 18, 105, 26, 135, 169, 66, 117, 176, 200, 121, 171, 98, 161, 74, 95, 59, 86, 23, 184, 27, 73, 24, 62, 167, 33, 112, 90, 190, 25, 65, 9, 170, 192, 97, 191, 35, 127, 80, 132, 179, 93, 29, 34, 149, 10, 67, 177, 126, 172, 13, 139, 195, 17, 52, 113, 156, 118, 30, 83, 2, 20, 163, 91, 6, 116, 159, 69, 175, 103, 197, 39, 82, 119, 81, 137, 53, 164, 43, 109, 63, 100, 36, 131, 174, 16, 111, 8, 92, 143, 44, 196, 37, 157, 199, 61, 151, 7, 71, 123, 162, 57, 188, 77, 14, 189, 78, 12, 115, 19, 40, 181, 160, 75, 147, 89, 48, 146, 178, 153, 125, 144, 114, 58]
(w = 19) Correct Cyclicantibandwidth
Set parameter TimeLimit to value 1800
(w = 20) Value Cyclicantibandwidth: 20
Lables: [154, 5, 110, 15, 158, 124, 21, 68, 107, 1, 166, 70, 120, 85, 50, 129, 198, 102, 128, 64, 38, 84, 56, 96, 60, 133, 101, 72, 182, 150, 185, 108, 141, 183, 46, 11, 42, 76, 32, 145, 104, 155, 94, 31, 88, 165, 79, 47, 138, 87, 136, 173, 134, 4, 49, 106, 194, 41, 99, 180, 142, 22, 130, 187, 55, 193, 116, 45, 168, 54, 140, 51, 122, 3, 152, 28, 148, 18, 105, 26, 135, 169, 66, 117, 176, 200, 121, 171, 98, 161, 74, 95, 59, 86, 23, 184, 27, 6, 163, 62, 167, 33, 112, 90, 190, 25, 65, 9, 170, 192, 97, 191, 35, 127, 80, 132, 179, 93, 29, 34, 149, 10, 67, 177, 126, 172, 13, 139, 195, 17, 52, 113, 156, 118, 30, 83, 2, 20, 181, 91, 125, 188, 159, 69, 175, 103, 197, 39, 82, 119, 81, 137, 53, 164, 186, 109, 63, 100, 36, 131, 174, 16, 111, 8, 92, 143, 44, 196, 37, 157, 199, 61, 151, 43, 71, 123, 162, 57, 160, 77, 14, 189, 78, 12, 115, 19, 40, 7, 178, 144, 75, 89, 48, 146, 114, 153, 73, 24, 58, 147]
(w = 20) Correct Cyclicantibandwidth
Set parameter TimeLimit to value 1800
[runlim] sample:		50.1 time, 50.1 real, 194.5 MB
(w = 21) Value Cyclicantibandwidth: 21
Lables: [154, 5, 83, 169, 16, 150, 21, 68, 107, 1, 166, 70, 120, 85, 50, 152, 198, 102, 128, 64, 124, 158, 56, 96, 60, 133, 101, 72, 182, 177, 51, 108, 141, 183, 46, 11, 42, 76, 32, 145, 104, 155, 94, 31, 88, 165, 79, 47, 138, 87, 136, 173, 134, 4, 49, 106, 194, 41, 99, 180, 142, 186, 38, 187, 55, 193, 110, 45, 168, 54, 130, 86, 122, 3, 97, 28, 148, 18, 105, 26, 135, 52, 159, 117, 176, 200, 66, 171, 98, 161, 74, 95, 59, 10, 126, 184, 27, 6, 163, 62, 167, 33, 112, 90, 190, 25, 65, 9, 170, 192, 44, 191, 35, 127, 80, 132, 179, 93, 185, 34, 149, 69, 100, 23, 164, 115, 172, 139, 195, 17, 71, 113, 15, 118, 84, 58, 2, 20, 181, 91, 125, 156, 103, 146, 175, 81, 197, 39, 82, 119, 30, 137, 53, 143, 43, 109, 63, 19, 121, 13, 131, 188, 111, 8, 92, 24, 129, 196, 37, 157, 199, 61, 151, 7, 29, 123, 162, 57, 160, 77, 14, 189, 67, 12, 78, 153, 40, 116, 178, 144, 75, 36, 73, 22, 114, 147, 89, 174, 140, 48]
(w = 21) Correct Cyclicantibandwidth
Set parameter TimeLimit to value 1800
(w = 22) Value Cyclicantibandwidth: 22
Lables: [154, 5, 83, 169, 16, 150, 21, 68, 107, 1, 166, 70, 120, 85, 50, 129, 198, 102, 128, 64, 124, 158, 56, 96, 60, 133, 101, 72, 182, 177, 51, 108, 141, 183, 46, 11, 42, 76, 32, 145, 104, 155, 94, 31, 88, 165, 79, 47, 138, 87, 136, 173, 48, 4, 49, 106, 194, 41, 99, 180, 142, 186, 38, 187, 55, 193, 110, 45, 168, 54, 130, 86, 122, 3, 152, 28, 148, 18, 105, 26, 135, 52, 159, 117, 176, 200, 27, 171, 98, 161, 134, 95, 59, 10, 126, 184, 74, 6, 163, 62, 167, 33, 112, 90, 190, 25, 65, 9, 170, 192, 97, 191, 35, 127, 80, 132, 179, 93, 185, 34, 149, 69, 100, 23, 164, 115, 172, 139, 195, 17, 71, 113, 15, 118, 84, 58, 2, 20, 181, 91, 125, 156, 103, 146, 175, 81, 197, 39, 82, 119, 30, 137, 53, 143, 43, 63, 116, 19, 121, 13, 131, 188, 111, 8, 92, 24, 153, 196, 37, 157, 199, 61, 109, 7, 29, 123, 162, 57, 160, 77, 14, 189, 67, 12, 78, 22, 44, 151, 178, 144, 75, 36, 73, 140, 114, 147, 89, 174, 40, 66]
(w = 22) Correct Cyclicantibandwidth
Set parameter TimeLimit to value 1800
(w = 23) Value Cyclicantibandwidth: 23
Lables: [154, 5, 83, 169, 90, 150, 21, 68, 107, 1, 166, 70, 120, 185, 50, 129, 198, 102, 128, 64, 124, 158, 56, 96, 60, 133, 101, 72, 182, 177, 51, 108, 141, 183, 46, 11, 42, 76, 32, 104, 29, 155, 94, 31, 88, 165, 79, 47, 138, 87, 136, 173, 134, 4, 49, 106, 194, 130, 99, 180, 85, 186, 38, 187, 55, 193, 110, 45, 168, 54, 123, 86, 122, 3, 152, 28, 148, 18, 105, 26, 135, 52, 159, 117, 176, 200, 66, 171, 98, 161, 74, 131, 59, 10, 126, 184, 27, 75, 24, 62, 167, 33, 112, 16, 190, 25, 65, 9, 170, 195, 97, 191, 35, 127, 80, 132, 179, 93, 22, 34, 149, 69, 100, 23, 164, 115, 172, 139, 192, 17, 71, 113, 15, 118, 6, 58, 142, 20, 163, 91, 125, 156, 103, 146, 175, 81, 197, 84, 119, 53, 30, 137, 111, 143, 43, 95, 63, 19, 121, 13, 67, 188, 109, 8, 92, 37, 153, 196, 82, 157, 199, 61, 151, 7, 41, 114, 162, 57, 160, 77, 14, 189, 78, 12, 181, 116, 40, 174, 144, 36, 147, 89, 44, 145, 178, 73, 48, 140, 2, 39]
(w = 23) Correct Cyclicantibandwidth
Set parameter TimeLimit to value 1800
[runlim] sample:		60.1 time, 60.1 real, 204.4 MB
(w = 24) Value Cyclicantibandwidth: 24
Lables: [154, 9, 83, 169, 16, 150, 21, 68, 107, 1, 166, 70, 120, 85, 50, 129, 198, 102, 128, 64, 124, 158, 56, 96, 60, 133, 101, 72, 182, 177, 51, 108, 141, 183, 46, 11, 42, 76, 181, 145, 104, 155, 94, 31, 88, 165, 79, 47, 138, 87, 136, 173, 134, 4, 49, 106, 121, 41, 99, 180, 142, 186, 38, 187, 55, 193, 110, 45, 168, 54, 130, 86, 122, 3, 152, 28, 148, 18, 105, 26, 135, 52, 159, 117, 194, 151, 66, 171, 98, 161, 74, 131, 59, 10, 126, 184, 27, 75, 24, 62, 167, 33, 112, 174, 147, 25, 65, 32, 170, 69, 97, 191, 35, 127, 80, 176, 19, 93, 185, 34, 149, 73, 190, 23, 164, 115, 172, 139, 195, 40, 200, 113, 15, 118, 6, 58, 2, 20, 163, 91, 125, 156, 103, 146, 175, 81, 197, 84, 119, 5, 30, 137, 111, 143, 43, 95, 160, 100, 22, 153, 192, 71, 188, 116, 92, 8, 44, 196, 82, 157, 90, 61, 109, 7, 37, 123, 162, 57, 179, 77, 14, 189, 67, 12, 78, 39, 199, 48, 178, 144, 17, 36, 63, 140, 29, 132, 89, 53, 114, 13]
(w = 24) Correct Cyclicantibandwidth
Set parameter TimeLimit to value 1800
(w = 25) Value Cyclicantibandwidth: 25
Lables: [154, 5, 83, 169, 16, 150, 21, 68, 107, 1, 166, 70, 120, 85, 50, 129, 198, 102, 128, 64, 124, 158, 56, 96, 60, 133, 101, 72, 182, 177, 51, 108, 141, 183, 46, 11, 42, 76, 32, 145, 104, 155, 94, 31, 88, 165, 79, 47, 138, 87, 136, 173, 134, 4, 49, 106, 121, 41, 99, 180, 142, 186, 38, 187, 55, 193, 110, 45, 168, 54, 130, 86, 122, 3, 152, 28, 148, 18, 105, 26, 135, 52, 159, 117, 194, 151, 66, 171, 98, 161, 74, 131, 59, 10, 126, 184, 27, 75, 24, 62, 167, 33, 112, 174, 147, 25, 65, 9, 170, 69, 97, 191, 35, 127, 80, 176, 19, 93, 185, 34, 149, 73, 190, 23, 164, 115, 172, 139, 195, 40, 200, 113, 15, 118, 6, 58, 2, 20, 163, 91, 125, 156, 103, 146, 175, 81, 197, 84, 119, 53, 162, 137, 111, 143, 43, 95, 63, 100, 22, 153, 192, 71, 188, 116, 92, 8, 44, 196, 82, 157, 90, 61, 109, 7, 37, 123, 78, 179, 17, 77, 14, 189, 67, 12, 181, 89, 199, 48, 178, 144, 57, 36, 140, 39, 132, 13, 160, 30, 114, 29]
(w = 25) Correct Cyclicantibandwidth
Set parameter TimeLimit to value 1800
[runlim] sample:		70.1 time, 70.1 real, 217.3 MB
(w = 26) Value Cyclicantibandwidth: 26
Lables: [154, 5, 83, 169, 16, 150, 21, 68, 107, 1, 166, 70, 120, 85, 50, 129, 198, 102, 128, 64, 124, 158, 56, 96, 60, 133, 101, 72, 182, 177, 51, 108, 141, 183, 46, 11, 42, 76, 32, 145, 104, 155, 94, 31, 88, 165, 79, 47, 138, 87, 136, 173, 134, 4, 49, 106, 121, 41, 99, 180, 142, 186, 38, 187, 55, 193, 110, 45, 168, 54, 130, 86, 122, 3, 152, 28, 148, 18, 105, 26, 135, 52, 159, 117, 194, 151, 66, 171, 98, 161, 74, 131, 59, 10, 126, 184, 27, 75, 24, 62, 167, 33, 112, 174, 147, 25, 65, 9, 170, 69, 97, 191, 35, 127, 80, 176, 19, 93, 185, 34, 149, 73, 190, 23, 164, 115, 172, 139, 195, 40, 200, 113, 15, 118, 6, 58, 2, 20, 163, 91, 125, 156, 103, 146, 175, 81, 197, 84, 119, 53, 162, 14, 111, 143, 43, 95, 63, 100, 22, 153, 192, 71, 188, 116, 92, 8, 44, 196, 82, 157, 90, 61, 109, 7, 37, 123, 78, 179, 17, 77, 137, 189, 67, 12, 181, 89, 199, 48, 178, 144, 57, 36, 140, 39, 132, 13, 160, 30, 114, 29]
(w = 26) Correct Cyclicantibandwidth
Set parameter TimeLimit to value 1800
(w = 27) Value Cyclicantibandwidth: 27
Lables: [154, 5, 128, 169, 16, 150, 21, 68, 107, 1, 166, 70, 120, 85, 50, 129, 198, 102, 196, 64, 124, 158, 56, 96, 60, 133, 101, 72, 182, 177, 51, 108, 141, 183, 46, 11, 42, 76, 32, 145, 104, 155, 94, 31, 88, 165, 79, 47, 138, 87, 136, 173, 134, 4, 49, 106, 121, 41, 99, 180, 142, 186, 38, 187, 55, 193, 110, 45, 168, 54, 130, 86, 122, 3, 152, 28, 148, 18, 105, 26, 135, 52, 159, 117, 194, 151, 66, 189, 98, 161, 74, 131, 59, 10, 126, 184, 27, 75, 24, 62, 167, 33, 112, 174, 147, 25, 65, 9, 170, 69, 97, 191, 35, 127, 80, 176, 19, 93, 185, 34, 149, 73, 190, 23, 164, 115, 172, 139, 195, 40, 200, 113, 15, 118, 6, 58, 2, 20, 163, 91, 125, 156, 103, 146, 175, 81, 197, 84, 119, 53, 162, 109, 82, 143, 43, 95, 63, 100, 22, 137, 192, 71, 111, 8, 92, 37, 90, 171, 39, 157, 199, 61, 116, 7, 78, 123, 67, 179, 17, 77, 14, 132, 160, 12, 181, 153, 83, 48, 178, 144, 57, 36, 188, 29, 114, 13, 89, 44, 140, 30]
(w = 27) Correct Cyclicantibandwidth
Set parameter TimeLimit to value 1800
[runlim] sample:		80.1 time, 80.1 real, 209.2 MB
(w = 28) Value Cyclicantibandwidth: 28
Lables: [154, 5, 83, 169, 16, 150, 21, 68, 107, 1, 166, 70, 120, 85, 50, 129, 198, 102, 135, 64, 124, 158, 56, 96, 60, 133, 101, 72, 182, 128, 185, 108, 141, 183, 46, 11, 42, 76, 32, 145, 104, 155, 94, 31, 88, 165, 79, 47, 138, 87, 136, 173, 134, 4, 49, 106, 121, 41, 99, 180, 142, 186, 38, 187, 55, 193, 110, 45, 168, 54, 130, 51, 122, 3, 152, 28, 148, 18, 105, 26, 93, 52, 159, 117, 194, 151, 66, 171, 98, 161, 74, 131, 174, 86, 23, 184, 27, 75, 24, 62, 167, 33, 112, 82, 147, 25, 65, 9, 170, 69, 97, 191, 35, 127, 80, 176, 19, 146, 29, 34, 149, 10, 67, 177, 126, 172, 13, 139, 195, 40, 200, 113, 15, 118, 6, 58, 2, 20, 163, 91, 125, 156, 103, 160, 192, 81, 197, 84, 119, 53, 162, 109, 59, 164, 43, 95, 63, 100, 22, 137, 189, 71, 111, 8, 92, 143, 44, 196, 39, 157, 90, 61, 116, 7, 37, 123, 78, 179, 17, 77, 14, 132, 199, 36, 115, 153, 188, 48, 178, 144, 57, 175, 73, 140, 190, 114, 30, 89, 12, 181]
(w = 28) Correct Cyclicantibandwidth
Set parameter TimeLimit to value 1800
(w = 29) Value Cyclicantibandwidth: 29
Lables: [154, 5, 114, 169, 16, 150, 21, 68, 107, 1, 166, 70, 120, 85, 50, 129, 198, 102, 135, 64, 124, 158, 56, 96, 60, 133, 101, 72, 182, 128, 185, 108, 141, 183, 46, 11, 42, 76, 32, 145, 104, 155, 94, 31, 88, 165, 79, 47, 138, 87, 136, 173, 134, 4, 49, 106, 121, 41, 99, 180, 142, 186, 38, 187, 55, 193, 110, 45, 168, 54, 130, 51, 122, 3, 152, 28, 148, 18, 105, 26, 93, 52, 159, 117, 194, 151, 66, 171, 98, 161, 74, 131, 59, 10, 126, 184, 27, 75, 24, 62, 167, 33, 112, 174, 7, 90, 139, 9, 170, 69, 97, 191, 35, 127, 80, 176, 19, 146, 29, 34, 149, 73, 190, 23, 164, 115, 172, 123, 195, 40, 200, 113, 15, 118, 6, 58, 2, 20, 163, 91, 25, 156, 103, 160, 192, 81, 197, 84, 119, 53, 162, 109, 175, 143, 43, 95, 63, 100, 22, 137, 67, 177, 111, 8, 92, 37, 153, 116, 82, 157, 199, 61, 125, 13, 71, 36, 83, 179, 17, 77, 14, 132, 78, 12, 181, 89, 189, 48, 178, 144, 57, 147, 188, 39, 86, 196, 65, 30, 140, 44]
(w = 29) Correct Cyclicantibandwidth
Set parameter TimeLimit to value 1800
[runlim] sample:		90.1 time, 90.1 real, 242.3 MB
(w = 30) Value Cyclicantibandwidth: 30
Lables: [154, 5, 83, 169, 10, 150, 21, 68, 107, 1, 166, 70, 120, 85, 50, 129, 198, 102, 135, 64, 124, 158, 56, 96, 60, 133, 101, 15, 113, 128, 185, 108, 141, 183, 46, 11, 42, 76, 32, 145, 104, 155, 94, 31, 88, 165, 79, 47, 138, 87, 136, 173, 134, 4, 49, 106, 121, 41, 99, 180, 142, 186, 38, 187, 55, 193, 110, 45, 168, 54, 130, 51, 122, 3, 152, 28, 148, 18, 105, 26, 182, 52, 159, 117, 194, 151, 66, 171, 98, 161, 74, 131, 59, 93, 126, 184, 27, 75, 24, 62, 167, 33, 112, 174, 7, 90, 139, 9, 170, 69, 97, 191, 35, 127, 80, 176, 19, 146, 29, 34, 149, 73, 190, 23, 164, 115, 172, 123, 195, 40, 200, 72, 16, 118, 6, 58, 2, 20, 163, 91, 25, 156, 103, 160, 192, 81, 197, 84, 119, 53, 162, 109, 175, 143, 43, 95, 63, 100, 22, 137, 67, 177, 111, 8, 92, 37, 153, 196, 82, 157, 199, 61, 116, 13, 71, 36, 125, 179, 17, 77, 14, 132, 78, 12, 181, 89, 189, 48, 178, 144, 57, 147, 188, 39, 86, 44, 114, 30, 140, 65]
(w = 30) Correct Cyclicantibandwidth
Set parameter TimeLimit to value 1800
[runlim] sample:		100.1 time, 100.1 real, 244.3 MB
(w = 31) Value Cyclicantibandwidth: 31
Lables: [154, 5, 83, 169, 16, 150, 21, 68, 107, 1, 166, 70, 120, 85, 50, 129, 198, 102, 135, 64, 7, 158, 56, 96, 60, 133, 101, 183, 82, 128, 185, 108, 141, 2, 167, 11, 42, 76, 32, 145, 104, 155, 94, 31, 88, 165, 79, 47, 138, 87, 136, 173, 134, 4, 49, 106, 121, 41, 99, 180, 142, 186, 38, 187, 55, 193, 110, 45, 103, 54, 130, 51, 122, 3, 168, 28, 148, 182, 105, 26, 93, 52, 159, 117, 194, 151, 66, 171, 98, 161, 197, 131, 59, 10, 126, 184, 27, 75, 24, 62, 19, 33, 112, 72, 190, 25, 65, 9, 170, 69, 97, 191, 35, 127, 80, 176, 46, 146, 29, 34, 149, 73, 18, 177, 53, 115, 172, 139, 195, 40, 200, 113, 15, 118, 6, 58, 164, 20, 163, 91, 125, 156, 39, 160, 192, 81, 124, 84, 119, 67, 30, 137, 175, 143, 43, 95, 63, 100, 22, 111, 174, 71, 188, 116, 92, 8, 44, 196, 74, 157, 90, 181, 109, 152, 37, 123, 162, 61, 179, 77, 14, 132, 78, 12, 153, 89, 189, 48, 178, 23, 57, 147, 13, 140, 86, 199, 144, 36, 114, 17]
(w = 31) Correct Cyclicantibandwidth
Set parameter TimeLimit to value 1800
(w = 32) Value Cyclicantibandwidth: 32
Lables: [154, 5, 83, 169, 86, 150, 21, 69, 107, 1, 166, 70, 120, 85, 50, 129, 198, 102, 135, 64, 38, 158, 16, 96, 60, 133, 101, 183, 82, 128, 185, 108, 141, 2, 167, 125, 42, 76, 32, 145, 104, 155, 94, 31, 88, 165, 79, 47, 138, 87, 136, 173, 134, 4, 49, 106, 121, 41, 99, 180, 142, 186, 130, 187, 55, 193, 110, 45, 168, 54, 140, 51, 122, 3, 152, 28, 148, 182, 105, 26, 93, 52, 159, 124, 194, 151, 66, 171, 98, 161, 74, 131, 59, 10, 126, 184, 27, 75, 24, 62, 19, 33, 112, 72, 190, 25, 65, 9, 170, 56, 97, 191, 35, 127, 80, 176, 117, 68, 29, 34, 149, 73, 18, 177, 53, 115, 172, 139, 195, 40, 200, 113, 15, 118, 6, 58, 164, 20, 163, 91, 11, 156, 103, 146, 192, 81, 197, 84, 119, 67, 30, 137, 175, 143, 43, 46, 116, 13, 89, 17, 174, 71, 111, 8, 92, 37, 90, 196, 39, 157, 199, 61, 109, 7, 78, 123, 162, 57, 179, 77, 14, 132, 63, 12, 100, 153, 189, 48, 178, 23, 160, 147, 188, 22, 95, 44, 144, 36, 114, 181]
(w = 32) Correct Cyclicantibandwidth
Set parameter TimeLimit to value 1800
[runlim] sample:		110.1 time, 110.1 real, 214.6 MB
(w = 33) Value Cyclicantibandwidth: 33
Lables: [154, 5, 83, 169, 16, 150, 21, 68, 156, 1, 166, 70, 120, 85, 50, 95, 198, 49, 135, 64, 38, 158, 56, 96, 60, 133, 75, 183, 82, 128, 185, 108, 141, 107, 167, 79, 172, 76, 32, 145, 104, 155, 42, 164, 88, 165, 132, 47, 138, 87, 136, 173, 134, 4, 67, 106, 121, 41, 99, 180, 142, 186, 130, 187, 55, 193, 110, 45, 168, 54, 101, 51, 122, 3, 152, 28, 148, 182, 105, 26, 93, 52, 159, 124, 33, 151, 66, 171, 98, 161, 2, 131, 59, 94, 23, 184, 27, 140, 24, 62, 19, 74, 112, 72, 190, 25, 65, 9, 129, 69, 97, 191, 35, 127, 80, 176, 117, 188, 29, 34, 149, 10, 177, 11, 126, 195, 147, 48, 197, 31, 71, 113, 15, 118, 6, 58, 143, 20, 163, 91, 125, 14, 103, 146, 192, 81, 17, 84, 119, 53, 162, 109, 175, 92, 43, 46, 116, 13, 115, 18, 174, 77, 111, 8, 139, 37, 90, 196, 39, 157, 199, 61, 170, 7, 73, 123, 78, 137, 179, 40, 160, 63, 100, 12, 153, 89, 189, 102, 30, 144, 57, 178, 44, 200, 86, 22, 181, 36, 114, 194]
(w = 33) Correct Cyclicantibandwidth
Set parameter TimeLimit to value 1800
(w = 34) Value Cyclicantibandwidth: 34
Lables: [154, 5, 83, 169, 16, 150, 21, 68, 107, 1, 166, 70, 120, 85, 165, 129, 198, 50, 135, 64, 38, 158, 56, 96, 60, 133, 65, 130, 82, 128, 185, 108, 54, 183, 46, 11, 172, 76, 32, 145, 104, 155, 42, 164, 88, 187, 79, 47, 138, 87, 136, 173, 134, 4, 49, 106, 121, 41, 99, 180, 142, 186, 90, 141, 55, 193, 110, 45, 168, 36, 140, 51, 122, 3, 152, 28, 148, 182, 105, 26, 93, 52, 159, 124, 194, 151, 66, 171, 98, 161, 74, 131, 59, 94, 23, 184, 27, 75, 24, 62, 167, 118, 179, 72, 190, 25, 139, 9, 170, 69, 97, 191, 35, 127, 80, 176, 117, 33, 197, 34, 149, 10, 67, 177, 126, 195, 147, 48, 188, 31, 71, 113, 15, 156, 6, 58, 2, 20, 163, 91, 125, 14, 103, 146, 192, 81, 17, 84, 119, 53, 162, 19, 111, 37, 73, 95, 18, 100, 22, 101, 174, 109, 39, 116, 92, 8, 44, 196, 43, 157, 199, 61, 132, 7, 78, 123, 63, 137, 181, 77, 13, 143, 175, 12, 115, 153, 189, 112, 178, 144, 57, 160, 102, 200, 86, 30, 89, 29, 114, 40]
(w = 34) Correct Cyclicantibandwidth
Set parameter TimeLimit to value 1800
[runlim] sample:		120.2 time, 120.1 real, 270.5 MB
(w = 35) Value Cyclicantibandwidth: 35
Lables: [154, 5, 83, 169, 16, 150, 21, 68, 107, 1, 166, 70, 120, 85, 50, 151, 198, 102, 194, 64, 38, 158, 56, 96, 60, 133, 65, 130, 82, 128, 185, 147, 36, 108, 46, 11, 141, 76, 32, 145, 104, 155, 42, 129, 88, 165, 79, 47, 182, 87, 136, 173, 134, 4, 49, 106, 121, 41, 99, 180, 142, 186, 90, 187, 55, 193, 110, 45, 168, 81, 140, 51, 122, 3, 152, 28, 184, 54, 105, 26, 135, 52, 159, 124, 176, 89, 33, 171, 98, 161, 74, 131, 59, 94, 23, 91, 27, 75, 24, 62, 167, 118, 179, 138, 190, 25, 139, 9, 170, 69, 97, 191, 35, 127, 80, 132, 19, 93, 29, 34, 149, 10, 67, 183, 126, 172, 13, 123, 195, 31, 71, 113, 12, 156, 6, 58, 2, 20, 163, 15, 125, 188, 117, 66, 175, 103, 197, 84, 119, 53, 162, 109, 8, 143, 43, 95, 18, 100, 22, 148, 192, 72, 111, 37, 92, 200, 44, 196, 39, 157, 199, 61, 164, 7, 101, 144, 78, 137, 17, 77, 14, 160, 63, 177, 115, 153, 189, 112, 178, 30, 73, 116, 48, 146, 86, 181, 40, 174, 57, 114]
(w = 35) Correct Cyclicantibandwidth
Set parameter TimeLimit to value 1800
[runlim] sample:		130.2 time, 130.1 real, 270.5 MB
(w = 36) Value Cyclicantibandwidth: 36
Lables: [105, 5, 83, 121, 16, 57, 21, 68, 109, 1, 161, 70, 120, 156, 3, 160, 37, 150, 12, 64, 24, 158, 56, 163, 60, 133, 80, 130, 2, 45, 185, 108, 36, 90, 46, 128, 30, 76, 32, 145, 58, 193, 72, 162, 19, 165, 79, 8, 71, 181, 84, 173, 134, 4, 49, 149, 157, 41, 99, 180, 142, 200, 126, 29, 118, 9, 110, 176, 131, 54, 107, 197, 122, 167, 152, 28, 102, 18, 62, 26, 135, 52, 159, 124, 23, 89, 33, 171, 98, 183, 74, 25, 44, 178, 141, 184, 27, 96, 20, 123, 35, 51, 179, 48, 190, 94, 139, 75, 170, 69, 97, 136, 87, 127, 11, 88, 186, 93, 138, 191, 85, 166, 67, 177, 34, 172, 13, 168, 195, 31, 192, 113, 15, 137, 6, 111, 182, 114, 169, 91, 144, 188, 117, 66, 175, 103, 153, 65, 119, 53, 194, 101, 47, 154, 73, 63, 116, 38, 174, 17, 164, 10, 147, 189, 92, 55, 104, 196, 43, 115, 199, 106, 151, 7, 148, 61, 112, 198, 132, 77, 14, 82, 78, 42, 81, 146, 100, 143, 40, 86, 50, 155, 39, 95, 59, 129, 187, 125, 22, 140]
(w = 36) Correct Cyclicantibandwidth
Set parameter TimeLimit to value 1800
(w = 37) Value Cyclicantibandwidth: 37
Lables: [154, 5, 83, 169, 16, 150, 21, 68, 107, 1, 86, 183, 67, 177, 50, 129, 198, 102, 194, 64, 38, 158, 56, 96, 196, 133, 65, 130, 82, 128, 185, 108, 36, 117, 167, 11, 141, 76, 32, 145, 104, 155, 42, 164, 88, 165, 79, 47, 138, 87, 136, 173, 134, 4, 49, 106, 121, 41, 120, 180, 142, 186, 90, 187, 55, 193, 110, 45, 168, 54, 140, 51, 122, 3, 152, 28, 148, 18, 105, 26, 135, 52, 159, 124, 176, 89, 33, 171, 98, 161, 74, 131, 59, 166, 23, 184, 27, 75, 24, 62, 19, 118, 179, 72, 190, 84, 139, 70, 170, 69, 44, 99, 35, 127, 191, 132, 46, 93, 29, 34, 149, 10, 94, 151, 53, 115, 172, 123, 119, 17, 71, 113, 15, 156, 31, 143, 97, 20, 163, 91, 25, 116, 162, 66, 175, 60, 197, 39, 114, 2, 81, 137, 195, 92, 43, 63, 199, 100, 22, 126, 192, 80, 188, 144, 85, 6, 153, 103, 37, 157, 9, 61, 109, 7, 101, 178, 112, 57, 8, 77, 14, 125, 78, 12, 95, 146, 189, 48, 181, 30, 160, 174, 111, 182, 40, 147, 73, 13, 58, 200]
(w = 37) Correct Cyclicantibandwidth
Set parameter TimeLimit to value 1800
[runlim] sample:		140.2 time, 140.1 real, 270.6 MB
(w = 38) Value Cyclicantibandwidth: 38
Lables: [154, 5, 83, 169, 16, 150, 21, 68, 107, 1, 86, 183, 67, 177, 50, 129, 198, 102, 194, 64, 38, 158, 56, 96, 182, 133, 65, 130, 43, 82, 185, 108, 36, 117, 167, 11, 141, 76, 32, 145, 104, 155, 42, 164, 88, 165, 79, 47, 138, 87, 136, 196, 134, 4, 49, 106, 121, 41, 120, 180, 142, 186, 90, 187, 55, 193, 110, 45, 168, 54, 140, 51, 122, 3, 152, 28, 148, 18, 105, 26, 135, 52, 159, 124, 176, 89, 33, 137, 98, 161, 74, 131, 59, 166, 23, 184, 27, 75, 24, 62, 19, 118, 179, 72, 190, 84, 139, 70, 170, 69, 44, 99, 35, 127, 191, 132, 46, 93, 29, 34, 149, 10, 94, 151, 53, 115, 172, 123, 119, 17, 71, 113, 15, 156, 31, 143, 97, 20, 163, 91, 25, 116, 162, 66, 175, 103, 197, 39, 114, 2, 81, 128, 195, 92, 173, 63, 199, 100, 22, 126, 60, 188, 111, 8, 85, 6, 80, 171, 37, 157, 9, 61, 109, 7, 101, 144, 78, 146, 200, 77, 14, 125, 73, 12, 153, 192, 40, 181, 112, 30, 189, 160, 48, 95, 178, 58, 174, 13, 57, 147]
(w = 38) Correct Cyclicantibandwidth
Set parameter TimeLimit to value 1800
[runlim] sample:		150.2 time, 150.1 real, 270.7 MB
(w = 39) Value Cyclicantibandwidth: 39
Lables: [78, 5, 83, 169, 16, 150, 21, 68, 107, 1, 86, 183, 67, 177, 50, 129, 198, 102, 194, 64, 38, 158, 56, 96, 182, 133, 65, 130, 200, 128, 185, 108, 36, 117, 167, 11, 141, 76, 32, 145, 104, 155, 42, 164, 88, 165, 79, 47, 138, 87, 136, 3, 154, 4, 49, 106, 121, 41, 120, 180, 62, 186, 90, 187, 55, 193, 110, 45, 168, 54, 140, 51, 122, 190, 152, 28, 148, 18, 105, 26, 135, 52, 159, 124, 176, 89, 33, 171, 98, 161, 74, 131, 59, 166, 23, 184, 27, 75, 24, 153, 19, 118, 173, 72, 147, 25, 139, 70, 170, 82, 44, 99, 35, 127, 191, 132, 179, 93, 29, 34, 149, 10, 142, 46, 134, 80, 172, 123, 119, 17, 71, 113, 15, 156, 31, 143, 97, 20, 163, 91, 144, 188, 103, 146, 192, 81, 197, 39, 114, 53, 162, 2, 111, 9, 73, 63, 116, 13, 115, 12, 60, 199, 109, 8, 92, 6, 66, 196, 43, 157, 61, 181, 84, 7, 101, 178, 112, 57, 137, 77, 14, 125, 126, 40, 100, 195, 85, 151, 30, 175, 95, 160, 48, 94, 37, 189, 58, 174, 22, 69]
(w = 39) Correct Cyclicantibandwidth
Set parameter TimeLimit to value 1800
[runlim] sample:		160.2 time, 160.1 real, 308.2 MB
(w = 40) Value Cyclicantibandwidth: 40
Lables: [154, 5, 83, 169, 60, 114, 21, 164, 107, 1, 86, 183, 67, 147, 50, 129, 198, 102, 194, 130, 90, 158, 56, 96, 182, 133, 65, 15, 113, 128, 64, 196, 36, 117, 167, 68, 141, 76, 32, 145, 42, 155, 97, 177, 88, 31, 168, 47, 138, 87, 44, 3, 134, 4, 121, 193, 124, 41, 106, 180, 59, 186, 131, 187, 55, 48, 110, 24, 104, 54, 140, 58, 122, 34, 109, 28, 95, 18, 105, 184, 135, 52, 159, 93, 176, 136, 33, 171, 98, 27, 74, 190, 45, 166, 23, 94, 144, 75, 8, 142, 19, 118, 6, 84, 125, 25, 173, 70, 170, 69, 152, 99, 16, 127, 191, 132, 35, 101, 185, 89, 149, 10, 73, 151, 53, 115, 172, 123, 119, 179, 71, 120, 161, 79, 189, 143, 43, 20, 163, 91, 38, 188, 103, 146, 192, 81, 197, 39, 153, 2, 80, 137, 195, 92, 165, 46, 116, 13, 78, 126, 49, 199, 111, 17, 85, 11, 51, 148, 37, 157, 9, 162, 26, 7, 82, 178, 112, 57, 160, 77, 14, 150, 63, 12, 100, 200, 40, 181, 61, 175, 29, 174, 62, 22, 66, 108, 30, 139, 72, 156]
(w = 40) Correct Cyclicantibandwidth
Set parameter TimeLimit to value 1800
(w = 41) Value Cyclicantibandwidth: 41
Lables: [154, 5, 83, 169, 16, 150, 21, 68, 199, 108, 166, 70, 120, 44, 98, 12, 133, 88, 17, 64, 38, 158, 56, 128, 182, 33, 101, 183, 82, 114, 185, 138, 85, 2, 46, 148, 42, 155, 32, 145, 104, 177, 94, 31, 151, 25, 79, 47, 176, 87, 136, 80, 134, 4, 49, 1, 121, 41, 99, 164, 13, 91, 15, 66, 132, 193, 110, 45, 168, 54, 130, 51, 122, 190, 152, 28, 162, 18, 102, 26, 135, 52, 159, 124, 194, 146, 43, 171, 125, 11, 74, 131, 59, 10, 126, 184, 27, 75, 160, 105, 167, 188, 112, 24, 72, 187, 65, 9, 144, 96, 97, 191, 35, 141, 60, 161, 117, 76, 170, 165, 6, 106, 178, 23, 107, 172, 34, 139, 195, 149, 192, 113, 156, 92, 180, 129, 67, 198, 62, 7, 73, 116, 3, 69, 175, 118, 39, 84, 40, 119, 71, 137, 53, 143, 197, 109, 63, 147, 22, 81, 174, 77, 19, 90, 86, 8, 93, 196, 37, 157, 61, 181, 29, 153, 55, 123, 78, 179, 127, 48, 103, 20, 173, 36, 100, 50, 189, 30, 95, 14, 142, 163, 115, 57, 200, 111, 186, 89, 140, 58]
(w = 41) Correct Cyclicantibandwidth
Set parameter TimeLimit to value 1800
[runlim] sample:		170.2 time, 170.1 real, 282.7 MB
(w = 42) Value Cyclicantibandwidth: 42
Lables: [154, 5, 83, 169, 16, 150, 21, 68, 199, 108, 166, 70, 120, 44, 98, 12, 133, 88, 198, 64, 38, 158, 56, 119, 60, 189, 101, 183, 82, 128, 185, 138, 85, 134, 46, 180, 42, 155, 32, 170, 104, 177, 94, 31, 151, 14, 79, 47, 176, 87, 136, 3, 69, 4, 49, 1, 121, 41, 99, 164, 13, 91, 15, 66, 132, 193, 110, 35, 168, 54, 130, 51, 122, 190, 125, 28, 148, 18, 102, 26, 135, 52, 159, 124, 194, 146, 33, 171, 77, 11, 74, 131, 59, 10, 126, 184, 27, 75, 24, 105, 167, 188, 112, 174, 65, 187, 139, 58, 144, 50, 97, 9, 72, 141, 80, 161, 117, 25, 165, 113, 45, 106, 178, 23, 107, 172, 34, 123, 195, 40, 160, 22, 156, 92, 30, 129, 182, 93, 163, 89, 179, 116, 162, 114, 175, 118, 39, 84, 127, 53, 200, 137, 95, 145, 197, 109, 63, 19, 115, 17, 96, 147, 55, 8, 90, 143, 29, 73, 6, 157, 103, 61, 7, 43, 142, 81, 149, 20, 71, 140, 192, 78, 67, 196, 100, 153, 76, 181, 36, 86, 173, 186, 62, 152, 37, 111, 48, 2, 57, 191]
(w = 42) Correct Cyclicantibandwidth
Set parameter TimeLimit to value 1800
[runlim] sample:		180.2 time, 180.1 real, 324.3 MB
(w = 43) Value Cyclicantibandwidth: 43
Lables: [154, 5, 83, 169, 16, 150, 21, 68, 199, 108, 166, 70, 120, 44, 98, 12, 133, 88, 198, 64, 38, 158, 56, 119, 60, 189, 101, 10, 82, 128, 185, 138, 85, 2, 46, 180, 42, 155, 32, 145, 4, 118, 28, 164, 84, 165, 79, 47, 176, 87, 136, 3, 134, 78, 167, 106, 121, 41, 99, 31, 142, 186, 130, 187, 55, 193, 104, 45, 168, 54, 153, 51, 122, 190, 152, 96, 34, 182, 102, 26, 135, 52, 159, 124, 194, 151, 66, 171, 125, 11, 74, 131, 59, 196, 126, 184, 27, 75, 24, 105, 19, 33, 112, 1, 147, 25, 139, 9, 144, 192, 97, 191, 72, 141, 80, 132, 179, 76, 170, 177, 40, 156, 67, 23, 178, 115, 172, 123, 195, 94, 200, 113, 15, 92, 6, 58, 143, 93, 163, 91, 20, 116, 161, 35, 175, 103, 39, 149, 57, 181, 81, 137, 53, 129, 197, 109, 63, 13, 117, 17, 174, 71, 188, 37, 90, 148, 29, 127, 43, 157, 61, 162, 49, 7, 69, 183, 111, 65, 8, 77, 14, 160, 110, 36, 100, 50, 95, 173, 30, 86, 18, 107, 62, 146, 73, 22, 89, 140, 48, 114]
(w = 43) Correct Cyclicantibandwidth
Set parameter TimeLimit to value 1800
[runlim] sample:		190.2 time, 190.1 real, 296.7 MB
(w = 44) Value Cyclicantibandwidth: 44
Lables: [154, 5, 83, 169, 16, 142, 21, 68, 199, 108, 166, 70, 120, 44, 98, 12, 133, 88, 198, 64, 38, 158, 56, 119, 60, 189, 101, 183, 82, 128, 185, 138, 85, 2, 46, 180, 42, 155, 32, 145, 4, 118, 28, 164, 84, 165, 79, 47, 176, 87, 136, 3, 134, 11, 167, 106, 121, 41, 99, 31, 100, 186, 130, 187, 55, 193, 104, 45, 168, 54, 150, 86, 30, 112, 152, 7, 148, 18, 102, 26, 135, 52, 159, 124, 27, 151, 66, 171, 73, 178, 74, 122, 59, 196, 126, 184, 125, 75, 24, 105, 19, 33, 173, 90, 190, 43, 139, 9, 144, 192, 97, 147, 72, 141, 80, 132, 179, 76, 170, 177, 40, 156, 67, 23, 107, 172, 34, 123, 195, 115, 200, 113, 15, 92, 6, 58, 1, 93, 163, 91, 25, 116, 161, 35, 175, 103, 22, 149, 57, 181, 81, 191, 53, 143, 197, 129, 63, 13, 117, 17, 96, 188, 111, 8, 51, 110, 29, 137, 37, 157, 61, 162, 109, 153, 71, 194, 78, 20, 160, 77, 14, 146, 127, 36, 182, 50, 95, 48, 94, 49, 131, 174, 62, 140, 69, 114, 65, 10, 89, 39]
(w = 44) Correct Cyclicantibandwidth
Set parameter TimeLimit to value 1800
[runlim] sample:		200.2 time, 200.1 real, 324.2 MB
(w = 45) Value Cyclicantibandwidth: 45
Lables: [154, 5, 83, 169, 16, 150, 21, 68, 199, 108, 166, 70, 120, 44, 98, 12, 133, 88, 198, 64, 38, 158, 56, 119, 60, 146, 101, 183, 82, 128, 185, 138, 85, 2, 61, 180, 42, 155, 32, 86, 4, 118, 28, 164, 84, 165, 79, 47, 176, 87, 136, 3, 134, 10, 148, 43, 121, 41, 99, 31, 94, 186, 73, 187, 55, 57, 104, 45, 168, 54, 140, 51, 114, 190, 152, 7, 78, 18, 102, 26, 135, 52, 159, 124, 194, 122, 66, 171, 125, 11, 74, 131, 59, 196, 126, 184, 130, 6, 161, 105, 189, 33, 112, 15, 65, 172, 39, 178, 36, 107, 97, 191, 72, 141, 80, 132, 179, 76, 170, 177, 40, 106, 46, 145, 53, 115, 27, 139, 195, 111, 200, 113, 1, 100, 30, 129, 182, 93, 163, 91, 25, 116, 167, 35, 175, 81, 50, 149, 71, 181, 37, 137, 24, 143, 197, 109, 156, 19, 117, 17, 96, 188, 63, 8, 75, 127, 29, 147, 62, 157, 95, 162, 49, 13, 69, 123, 23, 144, 22, 77, 14, 103, 67, 151, 9, 153, 20, 92, 173, 90, 192, 110, 48, 142, 34, 160, 58, 174, 89, 193]
(w = 45) Correct Cyclicantibandwidth
Set parameter TimeLimit to value 1800
(w = 46) Value Cyclicantibandwidth: 46
Lables: [154, 5, 83, 169, 16, 150, 21, 78, 199, 108, 166, 70, 120, 44, 98, 12, 133, 62, 198, 64, 38, 107, 56, 119, 60, 189, 101, 183, 82, 128, 185, 138, 85, 2, 61, 11, 141, 76, 32, 145, 4, 118, 67, 164, 84, 165, 79, 47, 176, 87, 136, 3, 134, 10, 103, 1, 121, 41, 99, 180, 59, 186, 58, 187, 130, 57, 104, 45, 168, 54, 140, 51, 122, 190, 152, 28, 148, 18, 102, 55, 135, 52, 159, 124, 194, 146, 66, 171, 125, 178, 74, 131, 50, 196, 126, 184, 37, 143, 24, 105, 167, 33, 112, 174, 65, 172, 39, 182, 36, 175, 97, 191, 72, 127, 8, 132, 179, 93, 170, 177, 40, 106, 193, 46, 144, 195, 147, 48, 188, 142, 200, 113, 15, 80, 31, 129, 35, 157, 94, 7, 73, 139, 30, 160, 88, 22, 197, 149, 71, 6, 81, 137, 53, 116, 43, 109, 63, 13, 115, 17, 96, 155, 19, 90, 75, 26, 158, 34, 114, 68, 20, 162, 49, 153, 29, 123, 23, 69, 161, 77, 14, 156, 100, 151, 91, 173, 95, 181, 111, 25, 117, 110, 163, 9, 86, 192, 89, 27, 92, 42]
(w = 46) Correct Cyclicantibandwidth
Set parameter TimeLimit to value 1800
[runlim] sample:		210.3 time, 210.1 real, 302.9 MB
(w = 47) Value Cyclicantibandwidth: 47
Lables: [154, 5, 83, 169, 16, 150, 21, 68, 199, 108, 166, 70, 120, 44, 98, 12, 133, 64, 198, 75, 38, 158, 56, 119, 60, 189, 101, 183, 82, 128, 185, 37, 85, 2, 61, 11, 141, 76, 32, 145, 4, 118, 42, 164, 88, 165, 79, 47, 176, 99, 19, 146, 50, 100, 49, 1, 136, 41, 152, 31, 142, 22, 130, 187, 55, 57, 104, 45, 168, 54, 140, 51, 134, 3, 144, 28, 148, 18, 102, 26, 135, 52, 159, 124, 194, 138, 66, 171, 87, 178, 74, 122, 59, 10, 126, 180, 27, 125, 24, 105, 167, 173, 112, 174, 65, 172, 39, 182, 36, 107, 97, 191, 72, 127, 80, 132, 179, 93, 170, 177, 40, 106, 193, 46, 186, 115, 181, 69, 195, 84, 200, 113, 15, 156, 6, 58, 110, 121, 62, 7, 73, 139, 30, 160, 67, 114, 197, 149, 71, 151, 33, 137, 8, 143, 43, 129, 63, 13, 117, 17, 96, 35, 111, 184, 81, 34, 90, 196, 131, 188, 103, 162, 109, 123, 29, 147, 23, 175, 91, 190, 116, 53, 78, 161, 20, 155, 95, 48, 157, 86, 192, 163, 14, 94, 9, 77, 153, 89, 25, 92]
(w = 47) Correct Cyclicantibandwidth
Set parameter TimeLimit to value 1800
[runlim] sample:		220.3 time, 220.1 real, 303.0 MB
(w = 48) Value Cyclicantibandwidth: 48
Lables: [154, 5, 83, 145, 16, 150, 21, 69, 199, 108, 166, 70, 120, 44, 98, 15, 133, 12, 104, 27, 38, 158, 64, 119, 60, 189, 101, 183, 82, 128, 185, 137, 85, 2, 61, 11, 141, 76, 32, 95, 4, 56, 156, 31, 88, 165, 79, 47, 176, 87, 136, 3, 134, 10, 103, 1, 121, 41, 99, 180, 59, 186, 130, 187, 55, 57, 110, 45, 168, 54, 140, 51, 122, 190, 152, 28, 148, 18, 102, 26, 135, 52, 159, 124, 194, 146, 66, 171, 96, 161, 74, 131, 50, 196, 126, 184, 37, 143, 24, 105, 167, 33, 112, 174, 65, 172, 39, 178, 36, 107, 97, 42, 163, 113, 191, 75, 179, 93, 170, 177, 40, 106, 193, 46, 164, 80, 181, 123, 195, 142, 200, 147, 68, 118, 6, 58, 182, 157, 94, 7, 73, 139, 30, 160, 72, 22, 169, 84, 173, 53, 162, 19, 111, 25, 151, 129, 63, 13, 115, 17, 67, 132, 35, 116, 8, 138, 90, 188, 43, 125, 9, 86, 29, 153, 71, 144, 23, 127, 198, 77, 14, 78, 20, 81, 155, 92, 175, 117, 34, 109, 49, 89, 149, 91, 192, 100, 48, 114, 62, 197]
(w = 48) Correct Cyclicantibandwidth
Set parameter TimeLimit to value 1800
[runlim] sample:		230.3 time, 230.1 real, 305.0 MB
(w = 49) Value Cyclicantibandwidth: 49
Lables: [154, 5, 83, 169, 45, 150, 21, 85, 181, 108, 198, 70, 120, 44, 98, 12, 133, 200, 104, 27, 38, 158, 64, 119, 60, 189, 101, 183, 82, 128, 185, 39, 141, 2, 61, 11, 148, 76, 32, 145, 4, 56, 156, 31, 88, 165, 23, 47, 138, 87, 136, 79, 134, 10, 103, 1, 194, 102, 36, 180, 59, 186, 130, 187, 55, 57, 110, 17, 168, 54, 140, 51, 122, 190, 152, 28, 99, 182, 105, 26, 135, 52, 159, 192, 42, 193, 66, 171, 96, 161, 74, 131, 50, 196, 126, 184, 37, 143, 24, 121, 19, 33, 112, 174, 65, 172, 116, 9, 144, 69, 97, 191, 72, 127, 73, 132, 46, 146, 29, 177, 40, 106, 167, 78, 164, 80, 15, 123, 195, 142, 71, 147, 3, 118, 6, 58, 155, 93, 163, 91, 25, 139, 41, 170, 68, 179, 197, 84, 178, 53, 162, 109, 175, 92, 43, 129, 63, 13, 115, 62, 160, 35, 111, 188, 75, 149, 34, 137, 67, 157, 90, 176, 49, 95, 22, 81, 20, 117, 8, 77, 14, 124, 173, 86, 153, 89, 18, 151, 7, 94, 16, 113, 48, 100, 30, 114, 166, 107, 199, 125]
(w = 49) Correct Cyclicantibandwidth
Set parameter TimeLimit to value 1800
[runlim] sample:		240.3 time, 240.1 real, 280.4 MB
(w = 50) Value Cyclicantibandwidth: 50
Lables: [154, 5, 83, 169, 45, 150, 21, 85, 171, 108, 17, 70, 120, 23, 98, 12, 133, 200, 104, 27, 38, 158, 64, 119, 60, 189, 101, 183, 82, 128, 185, 39, 141, 2, 143, 11, 148, 76, 32, 87, 4, 56, 156, 31, 88, 165, 79, 47, 138, 73, 136, 61, 134, 10, 146, 1, 194, 102, 36, 180, 59, 186, 130, 187, 55, 57, 110, 42, 168, 54, 140, 51, 122, 190, 152, 28, 99, 182, 105, 26, 135, 52, 159, 192, 44, 193, 66, 145, 75, 161, 74, 131, 50, 196, 126, 184, 37, 92, 24, 121, 19, 33, 112, 174, 65, 172, 103, 9, 144, 69, 97, 191, 72, 127, 8, 132, 46, 96, 29, 177, 40, 106, 167, 78, 164, 80, 181, 123, 195, 142, 71, 147, 15, 118, 6, 58, 155, 93, 163, 91, 25, 139, 41, 170, 68, 179, 197, 84, 178, 53, 162, 109, 175, 116, 43, 129, 63, 13, 115, 62, 160, 35, 111, 188, 3, 149, 34, 137, 67, 157, 90, 176, 49, 95, 22, 81, 20, 117, 198, 77, 14, 124, 173, 86, 153, 89, 18, 151, 7, 94, 16, 113, 48, 100, 30, 114, 166, 107, 199, 125]
(w = 50) Correct Cyclicantibandwidth
Set parameter TimeLimit to value 1800
[runlim] sample:		250.3 time, 250.1 real, 314.2 MB
(w = 51) Value Cyclicantibandwidth: 51
Lables: [154, 5, 83, 169, 45, 150, 21, 85, 167, 108, 166, 46, 120, 44, 98, 12, 133, 200, 104, 27, 38, 158, 64, 3, 60, 189, 101, 183, 82, 128, 185, 39, 141, 2, 114, 11, 148, 76, 32, 145, 199, 56, 156, 31, 88, 165, 79, 47, 138, 87, 152, 69, 134, 29, 103, 36, 136, 41, 99, 180, 59, 186, 70, 9, 130, 57, 110, 17, 121, 54, 140, 195, 122, 190, 91, 28, 171, 43, 102, 26, 135, 52, 159, 144, 42, 151, 66, 13, 137, 30, 161, 95, 50, 196, 126, 184, 37, 143, 24, 105, 187, 33, 112, 174, 74, 172, 65, 1, 117, 176, 97, 191, 72, 127, 8, 132, 48, 146, 93, 119, 40, 106, 18, 100, 164, 80, 192, 61, 55, 142, 71, 147, 15, 118, 6, 58, 182, 157, 94, 7, 73, 139, 51, 170, 68, 179, 197, 84, 178, 53, 162, 19, 111, 168, 22, 129, 63, 193, 115, 62, 131, 35, 96, 188, 75, 149, 34, 163, 25, 125, 16, 86, 175, 90, 155, 81, 23, 116, 194, 77, 14, 124, 160, 92, 153, 89, 20, 78, 173, 49, 198, 113, 177, 109, 4, 67, 10, 107, 181, 123]
(w = 51) Correct Cyclicantibandwidth
Set parameter TimeLimit to value 1800
[runlim] sample:		260.3 time, 260.1 real, 296.8 MB
(w = 52) Value Cyclicantibandwidth: 52
Lables: [127, 5, 87, 169, 45, 150, 21, 85, 199, 108, 166, 70, 191, 44, 98, 12, 133, 200, 104, 27, 38, 158, 64, 119, 60, 189, 101, 183, 82, 59, 185, 39, 141, 2, 61, 114, 42, 155, 32, 145, 4, 56, 156, 31, 88, 165, 79, 47, 138, 78, 152, 73, 134, 10, 103, 1, 136, 41, 120, 46, 142, 22, 130, 187, 55, 57, 110, 17, 121, 54, 140, 51, 122, 190, 144, 28, 148, 48, 102, 26, 135, 52, 159, 180, 49, 193, 128, 9, 96, 11, 74, 131, 132, 196, 126, 184, 50, 143, 24, 105, 167, 33, 112, 174, 65, 172, 116, 63, 117, 176, 97, 37, 163, 72, 161, 66, 179, 76, 170, 177, 40, 106, 178, 100, 186, 80, 181, 123, 95, 30, 160, 62, 157, 92, 6, 58, 182, 115, 194, 91, 25, 139, 67, 146, 68, 168, 197, 84, 16, 164, 81, 137, 195, 93, 151, 129, 14, 69, 149, 13, 83, 7, 111, 8, 75, 171, 29, 118, 43, 125, 198, 86, 175, 90, 19, 162, 23, 153, 35, 124, 71, 3, 173, 36, 89, 188, 113, 15, 99, 34, 147, 154, 20, 94, 18, 77, 192, 107, 53, 109]
(w = 52) Correct Cyclicantibandwidth
Set parameter TimeLimit to value 1800
[runlim] sample:		270.3 time, 270.1 real, 304.0 MB
(w = 53) Value Cyclicantibandwidth: 53
Lables: [154, 25, 83, 182, 45, 150, 21, 85, 199, 110, 166, 70, 191, 44, 98, 12, 133, 200, 104, 27, 38, 158, 64, 119, 60, 171, 101, 183, 82, 128, 185, 39, 141, 2, 61, 126, 42, 155, 187, 59, 190, 56, 156, 31, 88, 165, 79, 47, 138, 81, 136, 3, 134, 10, 103, 1, 121, 41, 120, 46, 142, 22, 130, 66, 132, 57, 164, 17, 71, 188, 108, 19, 122, 65, 152, 28, 148, 18, 102, 26, 135, 52, 159, 192, 107, 193, 99, 178, 69, 11, 74, 131, 123, 196, 116, 184, 37, 143, 24, 167, 29, 33, 112, 174, 118, 172, 32, 96, 180, 35, 97, 189, 72, 127, 8, 63, 117, 50, 114, 177, 40, 106, 170, 100, 186, 80, 181, 53, 95, 30, 160, 62, 157, 92, 6, 67, 169, 115, 194, 91, 179, 49, 176, 90, 175, 58, 197, 84, 15, 105, 162, 68, 195, 93, 163, 129, 51, 146, 89, 13, 144, 16, 111, 9, 75, 161, 34, 137, 43, 125, 198, 86, 151, 55, 139, 54, 149, 20, 109, 48, 145, 78, 168, 87, 23, 153, 36, 173, 76, 14, 113, 147, 7, 94, 4, 77, 140, 73, 5, 124]
(w = 53) Correct Cyclicantibandwidth
Set parameter TimeLimit to value 1800
[runlim] sample:		280.4 time, 280.1 real, 307.4 MB
(w = 54) Value Cyclicantibandwidth: 54
Lables: [98, 25, 83, 169, 45, 150, 21, 85, 199, 95, 166, 70, 191, 48, 123, 12, 133, 200, 108, 167, 38, 158, 64, 119, 60, 5, 101, 183, 82, 128, 185, 39, 141, 2, 61, 180, 42, 155, 187, 126, 9, 118, 28, 86, 29, 165, 79, 47, 138, 63, 136, 3, 134, 10, 103, 1, 121, 41, 162, 31, 142, 20, 130, 7, 66, 57, 117, 17, 71, 188, 96, 19, 122, 59, 152, 84, 148, 23, 102, 26, 135, 52, 190, 192, 49, 193, 99, 171, 69, 140, 74, 131, 132, 196, 54, 114, 37, 143, 24, 164, 36, 178, 112, 174, 65, 172, 32, 100, 163, 107, 97, 189, 72, 127, 8, 62, 116, 170, 110, 177, 50, 111, 182, 113, 186, 80, 181, 58, 106, 30, 160, 56, 156, 92, 6, 129, 35, 173, 94, 4, 73, 139, 27, 146, 68, 179, 197, 104, 15, 88, 16, 137, 195, 93, 33, 109, 51, 115, 194, 89, 154, 75, 176, 53, 43, 157, 34, 145, 67, 125, 198, 144, 11, 55, 175, 44, 105, 46, 124, 184, 120, 40, 168, 81, 22, 153, 87, 13, 91, 14, 147, 90, 149, 78, 151, 76, 159, 77, 18, 161]
(w = 54) Correct Cyclicantibandwidth
Set parameter TimeLimit to value 1800
[runlim] sample:		290.4 time, 290.1 real, 309.3 MB
(w = 55) Value Cyclicantibandwidth: 55
Lables: [154, 25, 83, 169, 45, 150, 21, 85, 199, 108, 166, 70, 191, 46, 113, 12, 133, 200, 104, 27, 38, 158, 64, 119, 60, 5, 101, 183, 82, 128, 185, 50, 141, 2, 61, 180, 42, 155, 187, 126, 4, 111, 28, 164, 88, 165, 79, 47, 138, 81, 136, 69, 134, 10, 103, 1, 121, 41, 120, 31, 142, 22, 130, 66, 132, 57, 114, 17, 109, 188, 96, 19, 122, 58, 152, 7, 148, 18, 102, 26, 135, 52, 159, 192, 49, 193, 99, 171, 98, 11, 74, 190, 59, 196, 71, 184, 48, 143, 24, 105, 39, 33, 112, 174, 65, 172, 32, 117, 36, 107, 97, 167, 72, 127, 8, 63, 118, 173, 29, 177, 40, 106, 182, 100, 186, 80, 3, 123, 110, 30, 160, 56, 156, 92, 6, 129, 35, 157, 94, 149, 73, 139, 84, 170, 68, 179, 197, 90, 15, 144, 16, 137, 195, 93, 163, 131, 51, 115, 194, 62, 161, 75, 176, 116, 43, 168, 34, 145, 37, 125, 9, 86, 151, 95, 13, 124, 23, 146, 54, 162, 20, 78, 14, 147, 91, 153, 55, 175, 76, 198, 67, 89, 181, 87, 189, 77, 140, 44, 178, 53]
(w = 55) Correct Cyclicantibandwidth
Set parameter TimeLimit to value 1800
[runlim] sample:		300.4 time, 300.1 real, 321.4 MB
(w = 56) Value Cyclicantibandwidth: 56
Lables: [154, 25, 83, 169, 45, 150, 21, 85, 199, 108, 166, 70, 191, 55, 113, 12, 133, 3, 104, 27, 38, 158, 64, 123, 60, 2, 101, 183, 49, 128, 185, 59, 141, 200, 61, 180, 42, 155, 187, 126, 4, 118, 28, 164, 88, 165, 79, 47, 138, 39, 136, 43, 134, 10, 103, 1, 121, 41, 120, 31, 142, 22, 130, 66, 132, 57, 114, 17, 91, 188, 96, 19, 122, 190, 152, 53, 148, 18, 102, 26, 135, 52, 159, 192, 119, 193, 99, 171, 98, 11, 74, 131, 139, 196, 115, 184, 50, 143, 24, 105, 46, 33, 112, 174, 65, 172, 32, 151, 36, 167, 97, 189, 72, 137, 80, 7, 117, 173, 29, 177, 40, 106, 178, 100, 186, 58, 181, 48, 110, 30, 160, 56, 156, 92, 6, 129, 35, 157, 94, 182, 73, 5, 84, 170, 68, 179, 197, 90, 15, 144, 81, 16, 111, 168, 107, 109, 51, 146, 89, 13, 78, 161, 95, 8, 75, 9, 93, 163, 37, 125, 67, 162, 63, 76, 175, 54, 149, 20, 145, 77, 14, 124, 195, 86, 23, 153, 44, 116, 198, 82, 147, 87, 194, 62, 140, 71, 176, 34, 127, 69]
(w = 56) Correct Cyclicantibandwidth
Set parameter TimeLimit to value 1800
[runlim] sample:		310.4 time, 310.1 real, 288.9 MB
(w = 57) Value Cyclicantibandwidth: 57
Lables: [154, 25, 83, 169, 45, 150, 21, 85, 199, 108, 166, 70, 155, 90, 5, 129, 198, 102, 194, 64, 38, 158, 56, 119, 193, 133, 65, 130, 8, 128, 185, 55, 141, 2, 61, 180, 42, 113, 187, 126, 4, 118, 28, 164, 88, 165, 79, 47, 138, 39, 136, 3, 134, 10, 103, 1, 121, 41, 120, 31, 142, 22, 101, 190, 132, 57, 114, 17, 91, 188, 96, 19, 122, 29, 152, 62, 148, 18, 105, 26, 135, 52, 159, 192, 49, 171, 66, 191, 98, 11, 74, 131, 59, 196, 127, 184, 50, 143, 24, 161, 54, 33, 112, 183, 86, 172, 104, 167, 36, 107, 97, 189, 72, 137, 80, 176, 95, 32, 93, 177, 40, 106, 178, 46, 186, 115, 27, 139, 60, 160, 71, 147, 15, 156, 84, 170, 110, 20, 163, 89, 179, 116, 30, 146, 68, 168, 99, 13, 87, 6, 81, 7, 111, 9, 73, 63, 125, 182, 51, 153, 67, 157, 35, 144, 92, 34, 173, 44, 145, 69, 162, 23, 109, 43, 175, 53, 149, 76, 181, 77, 14, 124, 78, 12, 100, 195, 82, 151, 75, 16, 123, 174, 48, 117, 197, 58, 200, 140, 37, 94]
(w = 57) Correct Cyclicantibandwidth
Set parameter TimeLimit to value 1800
[runlim] sample:		320.4 time, 320.1 real, 295.9 MB
(w = 58) Value Cyclicantibandwidth: 58
Lables: [154, 16, 83, 169, 45, 150, 21, 85, 199, 108, 166, 70, 191, 90, 5, 129, 198, 102, 194, 64, 38, 156, 56, 119, 60, 133, 65, 130, 8, 128, 187, 55, 141, 2, 61, 180, 42, 155, 13, 126, 4, 118, 28, 164, 24, 165, 79, 47, 138, 39, 136, 3, 88, 10, 103, 1, 121, 41, 120, 31, 142, 22, 101, 190, 53, 57, 137, 17, 91, 188, 96, 19, 122, 29, 143, 62, 148, 18, 105, 26, 135, 52, 159, 192, 74, 151, 66, 171, 98, 11, 71, 196, 132, 59, 127, 185, 50, 167, 73, 161, 54, 33, 112, 183, 86, 172, 32, 109, 36, 107, 97, 189, 72, 163, 80, 176, 117, 51, 145, 177, 40, 106, 193, 100, 186, 115, 27, 139, 82, 160, 77, 147, 15, 152, 84, 170, 49, 20, 158, 89, 179, 116, 30, 146, 68, 168, 99, 197, 87, 6, 81, 7, 111, 9, 131, 46, 114, 182, 78, 153, 67, 157, 35, 144, 92, 34, 93, 174, 110, 175, 94, 181, 43, 195, 69, 162, 23, 95, 25, 140, 14, 124, 63, 123, 12, 104, 44, 173, 76, 134, 75, 178, 48, 125, 200, 58, 149, 37, 113, 184]
(w = 58) Correct Cyclicantibandwidth
Set parameter TimeLimit to value 1800
[runlim] sample:		330.4 time, 330.1 real, 316.6 MB
(w = 59) Value Cyclicantibandwidth: 59
Lables: [154, 19, 83, 169, 45, 150, 21, 85, 199, 99, 166, 70, 191, 90, 5, 129, 198, 102, 194, 64, 38, 158, 56, 119, 60, 133, 65, 130, 8, 128, 51, 138, 20, 117, 46, 180, 42, 155, 187, 126, 4, 118, 28, 88, 25, 165, 79, 47, 120, 39, 136, 3, 134, 10, 103, 1, 121, 41, 108, 31, 142, 22, 101, 190, 55, 57, 159, 74, 168, 54, 140, 36, 122, 29, 152, 62, 148, 18, 105, 26, 135, 52, 184, 192, 131, 193, 66, 171, 98, 11, 145, 63, 59, 196, 127, 17, 94, 6, 104, 186, 82, 33, 112, 183, 49, 185, 116, 9, 144, 69, 97, 189, 72, 141, 80, 176, 76, 146, 32, 177, 40, 106, 167, 100, 178, 115, 27, 139, 110, 30, 160, 34, 156, 92, 16, 143, 35, 172, 89, 182, 73, 170, 84, 163, 68, 179, 87, 149, 15, 151, 81, 2, 111, 50, 113, 197, 58, 161, 78, 13, 96, 188, 109, 37, 75, 164, 44, 137, 43, 157, 93, 181, 67, 7, 71, 162, 23, 95, 200, 77, 14, 124, 125, 12, 91, 153, 53, 173, 86, 195, 132, 175, 107, 48, 123, 61, 174, 114, 24, 147]
(w = 59) Correct Cyclicantibandwidth
Set parameter TimeLimit to value 1800
[runlim] sample:		340.4 time, 340.1 real, 351.0 MB
(w = 60) Value Cyclicantibandwidth: 60
Lables: [154, 25, 98, 169, 83, 150, 21, 85, 199, 108, 46, 183, 67, 177, 50, 135, 198, 114, 194, 64, 38, 158, 56, 186, 60, 176, 65, 130, 8, 128, 4, 138, 36, 117, 180, 119, 54, 155, 32, 107, 27, 118, 28, 164, 88, 165, 79, 47, 120, 39, 136, 3, 134, 10, 103, 1, 11, 143, 58, 125, 13, 91, 15, 145, 81, 57, 159, 45, 168, 31, 96, 19, 122, 190, 152, 62, 148, 18, 105, 26, 121, 52, 184, 192, 131, 193, 66, 171, 69, 161, 74, 163, 59, 166, 42, 112, 30, 167, 61, 126, 40, 33, 173, 87, 147, 84, 191, 70, 170, 100, 139, 16, 97, 189, 106, 37, 104, 188, 93, 78, 149, 73, 142, 23, 133, 195, 77, 175, 185, 80, 200, 113, 49, 156, 72, 141, 35, 95, 181, 89, 179, 116, 41, 146, 68, 7, 182, 90, 178, 53, 162, 34, 111, 9, 110, 63, 187, 115, 22, 102, 2, 99, 172, 44, 92, 6, 82, 196, 127, 55, 160, 86, 151, 43, 132, 197, 71, 137, 17, 124, 14, 123, 129, 12, 76, 153, 20, 94, 5, 144, 75, 157, 24, 109, 29, 101, 174, 51, 140, 48]
(w = 60) Correct Cyclicantibandwidth
Set parameter TimeLimit to value 1800
[runlim] sample:		350.4 time, 350.1 real, 370.5 MB
(w = 61) Value Cyclicantibandwidth: 61
Lables: [154, 25, 98, 169, 83, 150, 21, 85, 199, 108, 42, 140, 67, 177, 50, 129, 198, 102, 193, 64, 38, 158, 56, 119, 182, 93, 170, 72, 8, 128, 51, 138, 36, 117, 46, 180, 54, 155, 32, 145, 45, 118, 28, 164, 88, 165, 79, 47, 120, 39, 136, 3, 134, 37, 103, 1, 11, 143, 58, 125, 13, 91, 15, 100, 173, 57, 159, 74, 194, 105, 166, 86, 178, 112, 152, 62, 148, 18, 89, 26, 135, 52, 133, 192, 59, 131, 66, 171, 96, 161, 30, 95, 81, 196, 126, 17, 94, 6, 104, 41, 167, 33, 168, 87, 190, 90, 191, 70, 144, 69, 139, 16, 97, 31, 106, 176, 76, 146, 29, 34, 149, 10, 84, 23, 107, 172, 77, 175, 195, 80, 200, 113, 49, 156, 65, 184, 110, 115, 181, 116, 179, 75, 162, 35, 142, 9, 111, 43, 132, 53, 188, 68, 160, 92, 197, 63, 187, 99, 22, 121, 2, 71, 4, 123, 130, 24, 163, 44, 114, 40, 127, 61, 183, 7, 101, 5, 122, 20, 137, 48, 109, 189, 78, 12, 141, 19, 157, 73, 186, 60, 147, 174, 55, 153, 82, 185, 124, 27, 151, 14]
(w = 61) Correct Cyclicantibandwidth
Set parameter TimeLimit to value 1800
[runlim] sample:		360.4 time, 360.1 real, 373.9 MB
(w = 62) Value Cyclicantibandwidth: 62
Lables: [154, 25, 98, 169, 83, 150, 21, 85, 199, 108, 24, 140, 67, 177, 50, 129, 198, 102, 194, 64, 38, 158, 56, 119, 182, 93, 163, 72, 8, 128, 51, 138, 36, 117, 46, 180, 54, 155, 32, 145, 45, 118, 28, 164, 88, 165, 79, 47, 120, 39, 136, 3, 134, 4, 103, 1, 18, 143, 58, 125, 13, 91, 15, 100, 174, 57, 159, 74, 168, 105, 10, 86, 178, 112, 152, 62, 148, 17, 89, 26, 135, 52, 133, 192, 111, 193, 66, 171, 96, 161, 30, 95, 131, 59, 126, 196, 94, 6, 104, 41, 167, 33, 153, 87, 190, 90, 191, 70, 144, 69, 139, 16, 97, 31, 106, 176, 76, 146, 29, 34, 149, 19, 84, 183, 107, 172, 77, 175, 195, 80, 200, 113, 49, 186, 65, 184, 110, 115, 48, 116, 179, 75, 162, 35, 170, 81, 142, 43, 181, 53, 188, 68, 160, 92, 197, 63, 187, 99, 22, 121, 2, 71, 166, 44, 60, 123, 55, 137, 27, 157, 20, 151, 40, 7, 101, 5, 132, 61, 127, 23, 109, 189, 78, 12, 141, 9, 82, 173, 73, 185, 122, 156, 37, 147, 14, 114, 11, 130, 42, 124]
(w = 62) Correct Cyclicantibandwidth
Set parameter TimeLimit to value 1800
[runlim] sample:		370.5 time, 370.1 real, 307.0 MB
[runlim] sample:		380.5 time, 380.1 real, 365.6 MB
(w = 63) Value Cyclicantibandwidth: 63
Lables: [154, 25, 98, 169, 83, 150, 21, 85, 199, 108, 42, 140, 67, 177, 50, 129, 198, 102, 194, 64, 38, 158, 47, 119, 182, 93, 170, 72, 8, 128, 51, 138, 36, 117, 48, 180, 54, 155, 32, 145, 45, 118, 29, 164, 88, 165, 79, 43, 120, 39, 136, 3, 134, 4, 103, 1, 11, 143, 58, 125, 13, 91, 15, 100, 168, 57, 181, 115, 23, 105, 187, 86, 178, 112, 152, 62, 148, 18, 89, 26, 135, 52, 133, 14, 77, 193, 66, 171, 96, 161, 95, 159, 74, 166, 49, 184, 94, 6, 104, 41, 167, 33, 153, 87, 195, 124, 191, 70, 144, 69, 139, 16, 97, 31, 106, 176, 76, 146, 56, 34, 149, 73, 142, 55, 126, 59, 132, 22, 188, 80, 200, 113, 44, 156, 84, 2, 110, 61, 190, 116, 179, 75, 162, 35, 131, 7, 172, 46, 114, 186, 123, 19, 111, 27, 122, 63, 189, 99, 10, 121, 197, 68, 175, 107, 92, 24, 137, 71, 163, 30, 160, 37, 109, 28, 147, 53, 141, 20, 127, 192, 90, 183, 78, 12, 82, 9, 130, 17, 151, 60, 157, 174, 40, 173, 65, 185, 81, 196, 101, 5]
(w = 63) Correct Cyclicantibandwidth
Set parameter TimeLimit to value 1800
[runlim] sample:		390.5 time, 390.1 real, 345.0 MB
(w = 64) Value Cyclicantibandwidth: 64
Lables: [154, 25, 98, 169, 83, 150, 21, 85, 199, 108, 42, 140, 67, 177, 50, 129, 198, 102, 194, 64, 38, 158, 41, 119, 7, 93, 170, 72, 8, 128, 51, 138, 36, 117, 46, 180, 54, 155, 32, 145, 45, 118, 28, 164, 88, 165, 79, 47, 168, 39, 136, 3, 134, 4, 103, 1, 11, 143, 58, 125, 13, 91, 15, 120, 37, 57, 182, 74, 2, 105, 187, 86, 178, 112, 152, 62, 148, 18, 89, 14, 135, 52, 133, 192, 77, 193, 66, 171, 96, 161, 30, 110, 75, 166, 48, 184, 94, 6, 132, 34, 100, 33, 159, 87, 190, 90, 191, 70, 144, 69, 139, 16, 97, 31, 106, 176, 76, 146, 29, 56, 149, 73, 142, 23, 126, 195, 104, 22, 188, 80, 200, 113, 49, 156, 84, 153, 24, 61, 163, 40, 116, 183, 65, 160, 59, 179, 162, 43, 114, 181, 95, 5, 111, 9, 122, 63, 189, 115, 10, 121, 20, 99, 35, 130, 92, 172, 44, 137, 71, 157, 78, 151, 27, 167, 101, 197, 68, 175, 82, 174, 109, 186, 127, 12, 141, 19, 131, 26, 123, 53, 147, 185, 107, 173, 55, 124, 17, 81, 196, 60]
(w = 64) Correct Cyclicantibandwidth
Set parameter TimeLimit to value 1800
[runlim] sample:		400.5 time, 400.1 real, 354.5 MB
[runlim] sample:		410.5 time, 410.1 real, 596.0 MB
[runlim] sample:		435.2 time, 420.1 real, 646.2 MB
[runlim] sample:		465.3 time, 430.1 real, 615.9 MB
(w = 65) Value Cyclicantibandwidth: 65
Lables: [67, 1, 134, 69, 174, 72, 137, 2, 75, 140, 5, 78, 143, 8, 86, 154, 89, 157, 92, 160, 146, 11, 95, 163, 28, 103, 171, 106, 179, 71, 177, 109, 180, 112, 185, 120, 55, 165, 58, 123, 14, 126, 19, 129, 64, 130, 199, 138, 65, 132, 22, 87, 155, 25, 90, 184, 39, 104, 31, 96, 161, 36, 107, 42, 167, 141, 45, 110, 175, 52, 121, 54, 124, 193, 57, 127, 61, 144, 70, 147, 73, 149, 68, 76, 158, 79, 164, 81, 166, 93, 172, 51, 178, 98, 181, 113, 189, 115, 192, 59, 173, 7, 83, 4, 100, 10, 117, 13, 80, 159, 84, 18, 151, 21, 91, 24, 94, 27, 139, 168, 35, 101, 30, 105, 38, 108, 41, 170, 44, 114, 47, 116, 50, 118, 53, 186, 119, 122, 56, 188, 60, 191, 62, 194, 66, 183, 195, 63, 197, 74, 200, 77, 3, 82, 182, 20, 88, 6, 97, 9, 99, 12, 111, 187, 15, 135, 17, 145, 23, 136, 49, 133, 198, 26, 156, 33, 153, 85, 150, 34, 142, 43, 190, 125, 46, 176, 48, 169, 102, 32, 162, 37, 152, 40, 128, 196, 131, 16, 148, 29]
(w = 65) Correct Cyclicantibandwidth
Set parameter TimeLimit to value 1800
[runlim] sample:		475.3 time, 440.1 real, 618.2 MB
[runlim] sample:		485.3 time, 450.1 real, 580.9 MB
[runlim] sample:		515.6 time, 460.1 real, 714.3 MB
(w = 66) Value Cyclicantibandwidth: 66
Lables: [67, 1, 133, 55, 171, 58, 124, 52, 121, 189, 61, 127, 4, 70, 138, 7, 73, 141, 10, 76, 144, 13, 79, 147, 18, 87, 155, 21, 136, 71, 158, 90, 161, 93, 164, 96, 172, 39, 24, 104, 175, 107, 178, 110, 181, 113, 11, 130, 59, 192, 64, 132, 27, 95, 163, 33, 38, 106, 30, 98, 166, 35, 103, 174, 42, 126, 41, 109, 177, 44, 112, 180, 47, 117, 56, 123, 195, 65, 137, 66, 140, 69, 191, 120, 186, 72, 143, 75, 146, 78, 149, 25, 3, 81, 154, 86, 157, 89, 160, 92, 16, 115, 6, 129, 9, 77, 145, 12, 80, 200, 128, 15, 82, 148, 20, 88, 156, 23, 153, 26, 94, 162, 29, 97, 165, 32, 99, 199, 74, 142, 37, 105, 173, 40, 108, 176, 49, 139, 43, 111, 179, 46, 114, 182, 53, 187, 62, 131, 198, 84, 150, 22, 91, 159, 28, 101, 167, 48, 116, 185, 118, 190, 122, 14, 152, 31, 125, 34, 119, 51, 183, 63, 197, 54, 188, 57, 184, 50, 170, 45, 151, 17, 135, 36, 169, 83, 196, 68, 168, 60, 193, 2, 134, 5, 85, 19, 100, 194, 102, 8]
(w = 66) Correct Cyclicantibandwidth
Set parameter TimeLimit to value 1800
[runlim] sample:		529.6 time, 470.1 real, 617.2 MB
[runlim] sample:		539.6 time, 480.1 real, 840.4 MB
[runlim] sample:		559.2 time, 490.1 real, 723.3 MB
[runlim] sample:		589.2 time, 500.1 real, 725.3 MB
[runlim] sample:		605.6 time, 510.1 real, 708.6 MB
[runlim] sample:		615.8 time, 520.1 real, 712.6 MB
[runlim] sample:		626.0 time, 530.1 real, 712.8 MB
[runlim] sample:		636.2 time, 540.1 real, 712.8 MB
[runlim] sample:		646.3 time, 550.1 real, 712.8 MB
[runlim] sample:		656.5 time, 560.1 real, 712.8 MB
[runlim] sample:		666.7 time, 570.1 real, 712.8 MB
[runlim] sample:		676.9 time, 580.1 real, 712.8 MB
[runlim] sample:		687.0 time, 590.1 real, 712.8 MB
[runlim] sample:		697.2 time, 600.1 real, 712.8 MB
[runlim] sample:		707.4 time, 610.1 real, 712.8 MB
[runlim] sample:		717.5 time, 620.1 real, 712.8 MB
[runlim] sample:		727.7 time, 630.1 real, 710.8 MB
[runlim] sample:		737.8 time, 640.1 real, 712.8 MB
[runlim] sample:		748.0 time, 650.1 real, 712.8 MB
[runlim] sample:		758.2 time, 660.1 real, 712.8 MB
[runlim] sample:		768.3 time, 670.1 real, 712.8 MB
(w = 67) Value Cyclicantibandwidth: 67
Lables: [27, 94, 173, 84, 9, 112, 24, 134, 34, 102, 1, 82, 179, 64, 143, 60, 136, 18, 96, 166, 160, 93, 197, 73, 187, 66, 144, 13, 146, 20, 137, 19, 141, 11, 89, 200, 133, 65, 42, 168, 35, 115, 191, 124, 57, 190, 122, 192, 116, 47, 167, 100, 29, 151, 63, 186, 110, 185, 75, 142, 56, 129, 49, 180, 111, 45, 140, 14, 85, 198, 67, 148, 15, 83, 117, 22, 147, 69, 164, 68, 174, 58, 127, 8, 80, 169, 101, 32, 165, 52, 119, 51, 159, 59, 135, 5, 132, 39, 126, 33, 139, 196, 72, 153, 25, 92, 184, 55, 182, 105, 120, 53, 183, 114, 199, 131, 62, 195, 128, 152, 41, 109, 21, 118, 4, 125, 194, 108, 90, 163, 36, 149, 78, 154, 50, 172, 48, 193, 61, 130, 2, 74, 155, 87, 156, 88, 16, 145, 37, 104, 176, 44, 113, 12, 81, 161, 40, 171, 71, 177, 99, 181, 106, 10, 46, 178, 97, 28, 95, 7, 77, 3, 70, 150, 79, 170, 98, 23, 103, 31, 158, 30, 17, 123, 43, 157, 76, 6, 138, 54, 175, 38, 107, 188, 86, 162, 91, 189, 121, 26]
(w = 67) Correct Cyclicantibandwidth
Set parameter TimeLimit to value 1800
[runlim] sample:		780.7 time, 680.1 real, 640.2 MB
[runlim] sample:		790.7 time, 690.1 real, 832.9 MB
[runlim] sample:		808.7 time, 700.1 real, 808.6 MB
[runlim] sample:		838.8 time, 710.1 real, 745.7 MB
(w = 68) Value Cyclicantibandwidth: 68
Lables: [71, 1, 89, 158, 81, 149, 69, 137, 5, 75, 143, 72, 140, 8, 78, 146, 18, 86, 154, 35, 157, 25, 95, 163, 92, 160, 28, 98, 190, 77, 166, 34, 103, 171, 39, 109, 177, 49, 174, 106, 180, 112, 200, 115, 11, 120, 20, 53, 123, 14, 126, 58, 129, 61, 132, 6, 150, 22, 90, 161, 31, 99, 167, 42, 173, 45, 113, 181, 55, 124, 48, 116, 185, 66, 138, 57, 127, 195, 64, 133, 60, 130, 3, 7, 76, 144, 70, 141, 73, 147, 79, 187, 82, 155, 87, 164, 93, 172, 96, 175, 46, 178, 104, 183, 107, 189, 110, 192, 121, 193, 13, 83, 2, 74, 4, 80, 10, 84, 176, 186, 54, 122, 19, 91, 21, 94, 24, 152, 27, 100, 30, 105, 36, 108, 38, 111, 196, 114, 41, 117, 44, 118, 47, 125, 52, 169, 188, 56, 128, 59, 191, 62, 194, 63, 184, 65, 197, 67, 139, 68, 142, 12, 88, 168, 97, 165, 43, 170, 40, 136, 9, 131, 199, 156, 26, 145, 16, 134, 17, 101, 179, 50, 33, 102, 182, 51, 162, 37, 159, 29, 151, 148, 23, 153, 85, 198, 119, 32, 135, 15]
(w = 68) Correct Cyclicantibandwidth
Set parameter TimeLimit to value 1800
[runlim] sample:		857.2 time, 720.1 real, 704.2 MB
(w = 69) Value Cyclicantibandwidth: 69
Lables: [154, 25, 98, 169, 83, 160, 78, 179, 85, 1, 86, 183, 67, 172, 50, 129, 198, 102, 197, 74, 38, 158, 56, 149, 60, 133, 52, 167, 82, 150, 51, 138, 36, 117, 35, 164, 57, 155, 187, 107, 4, 119, 28, 148, 40, 165, 79, 47, 120, 39, 136, 17, 134, 10, 103, 11, 12, 143, 32, 112, 34, 147, 21, 100, 178, 77, 159, 45, 168, 54, 130, 55, 140, 64, 152, 62, 145, 18, 105, 26, 135, 63, 184, 73, 176, 68, 181, 106, 9, 80, 161, 53, 182, 94, 23, 128, 27, 108, 24, 121, 19, 118, 191, 87, 3, 90, 8, 104, 200, 69, 180, 99, 15, 141, 72, 193, 76, 146, 29, 71, 171, 101, 190, 113, 186, 115, 42, 139, 195, 84, 175, 46, 156, 41, 110, 2, 97, 93, 163, 89, 20, 116, 30, 122, 194, 81, 126, 33, 132, 31, 162, 37, 157, 65, 192, 59, 189, 91, 188, 70, 174, 75, 144, 13, 96, 6, 137, 44, 131, 22, 127, 199, 109, 7, 111, 5, 125, 43, 142, 48, 166, 49, 114, 185, 61, 153, 66, 151, 58, 177, 88, 173, 95, 170, 92, 16, 124, 196, 123, 14]
(w = 69) Correct Cyclicantibandwidth
Set parameter TimeLimit to value 1800
[runlim] sample:		867.2 time, 730.1 real, 665.2 MB
[runlim] sample:		877.2 time, 740.1 real, 708.4 MB
[runlim] sample:		889.5 time, 750.1 real, 745.5 MB
[runlim] sample:		919.5 time, 760.1 real, 758.5 MB
[runlim] sample:		942.2 time, 770.1 real, 737.0 MB
[runlim] sample:		952.4 time, 780.1 real, 739.0 MB
[runlim] sample:		962.6 time, 790.1 real, 741.2 MB
[runlim] sample:		972.8 time, 800.1 real, 741.2 MB
[runlim] sample:		982.9 time, 810.1 real, 741.2 MB
[runlim] sample:		993.1 time, 820.1 real, 741.2 MB
[runlim] sample:		1003.2 time, 830.1 real, 741.5 MB
[runlim] sample:		1013.4 time, 840.1 real, 741.5 MB
[runlim] sample:		1023.6 time, 850.1 real, 741.5 MB
[runlim] sample:		1040.6 time, 860.1 real, 1032.3 MB
[runlim] sample:		1070.5 time, 870.1 real, 2441.2 MB
[runlim] sample:		1100.4 time, 880.1 real, 4083.7 MB
[runlim] sample:		1130.0 time, 890.1 real, 4263.6 MB
[runlim] sample:		1160.0 time, 900.1 real, 4345.0 MB
[runlim] sample:		1190.1 time, 910.1 real, 4348.5 MB
[runlim] sample:		1220.1 time, 920.1 real, 4348.5 MB
[runlim] sample:		1250.1 time, 930.1 real, 4329.2 MB
[runlim] sample:		1280.1 time, 940.1 real, 4334.4 MB
[runlim] sample:		1310.2 time, 950.1 real, 4342.6 MB
[runlim] sample:		1337.4 time, 960.1 real, 4738.8 MB
[runlim] sample:		1365.8 time, 970.1 real, 4371.4 MB
[runlim] sample:		1390.5 time, 980.1 real, 4371.4 MB
[runlim] sample:		1420.6 time, 990.1 real, 4430.6 MB
[runlim] sample:		1450.6 time, 1000.1 real, 4644.5 MB
[runlim] sample:		1480.6 time, 1010.1 real, 4646.5 MB
[runlim] sample:		1510.6 time, 1020.1 real, 4652.5 MB
[runlim] sample:		1540.7 time, 1030.1 real, 4662.5 MB
[runlim] sample:		1570.7 time, 1040.1 real, 4374.7 MB
[runlim] sample:		1600.7 time, 1050.1 real, 4367.8 MB
[runlim] sample:		1630.7 time, 1060.1 real, 4371.8 MB
[runlim] sample:		1660.7 time, 1070.1 real, 4373.8 MB
[runlim] sample:		1690.7 time, 1080.1 real, 4373.8 MB
[runlim] sample:		1720.7 time, 1090.1 real, 4373.8 MB
[runlim] sample:		1750.8 time, 1100.1 real, 4373.8 MB
[runlim] sample:		1780.8 time, 1110.1 real, 4373.8 MB
[runlim] sample:		1810.8 time, 1120.1 real, 4373.8 MB
[runlim] sample:		1840.8 time, 1130.1 real, 4373.8 MB
[runlim] sample:		1870.8 time, 1140.1 real, 4373.8 MB
[runlim] sample:		1900.8 time, 1150.1 real, 4373.8 MB
[runlim] sample:		1930.9 time, 1160.1 real, 4373.8 MB
[runlim] sample:		1960.9 time, 1170.1 real, 4373.8 MB
[runlim] sample:		1990.9 time, 1180.1 real, 4373.8 MB
[runlim] sample:		2020.9 time, 1190.1 real, 4373.8 MB
[runlim] sample:		2050.9 time, 1200.1 real, 4373.8 MB
[runlim] sample:		2081.0 time, 1210.1 real, 4373.8 MB
[runlim] sample:		2111.0 time, 1220.1 real, 4373.8 MB
[runlim] sample:		2141.0 time, 1230.1 real, 4373.8 MB
[runlim] sample:		2171.0 time, 1240.1 real, 4373.8 MB
[runlim] sample:		2201.0 time, 1250.1 real, 4373.8 MB
[runlim] sample:		2231.1 time, 1260.1 real, 4376.0 MB
[runlim] sample:		2261.1 time, 1270.1 real, 4376.0 MB
[runlim] sample:		2291.1 time, 1280.1 real, 4377.0 MB
[runlim] sample:		2321.1 time, 1290.1 real, 4377.0 MB
[runlim] sample:		2351.2 time, 1300.1 real, 4377.0 MB
[runlim] sample:		2381.2 time, 1310.1 real, 4377.0 MB
[runlim] sample:		2411.2 time, 1320.1 real, 4377.0 MB
[runlim] sample:		2441.2 time, 1330.1 real, 4377.0 MB
[runlim] sample:		2471.2 time, 1340.1 real, 4377.0 MB
[runlim] sample:		2501.3 time, 1350.1 real, 4377.0 MB
(w = 70) Value Cyclicantibandwidth: 70
Lables: [176, 99, 197, 98, 170, 41, 135, 65, 147, 77, 157, 45, 149, 69, 153, 83, 11, 129, 4, 123, 71, 142, 50, 130, 9, 139, 33, 160, 63, 29, 156, 37, 154, 27, 127, 10, 93, 177, 100, 188, 61, 131, 53, 183, 70, 193, 85, 12, 134, 57, 168, 88, 16, 146, 22, 111, 67, 174, 58, 136, 8, 89, 167, 92, 6, 159, 75, 161, 31, 152, 66, 173, 78, 182, 23, 133, 49, 121, 18, 91, 200, 103, 185, 187, 110, 186, 56, 128, 7, 102, 172, 42, 25, 95, 190, 120, 44, 114, 24, 112, 39, 199, 72, 184, 109, 13, 94, 169, 43, 117, 46, 151, 64, 189, 107, 178, 108, 38, 137, 116, 32, 115, 3, 73, 171, 84, 179, 82, 51, 148, 54, 141, 55, 145, 17, 101, 1, 165, 35, 105, 2, 74, 144, 68, 140, 36, 26, 96, 5, 118, 191, 62, 192, 79, 175, 158, 34, 104, 180, 52, 155, 81, 164, 80, 106, 14, 86, 15, 87, 162, 40, 122, 194, 59, 181, 60, 143, 28, 124, 198, 119, 195, 125, 47, 163, 90, 166, 48, 132, 19, 97, 196, 113, 30, 126, 21, 138, 20, 150, 76]
(w = 70) Correct Cyclicantibandwidth
Set parameter TimeLimit to value 1800
[runlim] sample:		2521.6 time, 1360.1 real, 4073.0 MB
[runlim] sample:		2531.6 time, 1370.1 real, 3922.5 MB
[runlim] sample:		2546.9 time, 1380.1 real, 3957.9 MB
[runlim] sample:		2577.0 time, 1390.1 real, 3958.2 MB
[runlim] sample:		2603.2 time, 1400.1 real, 3923.6 MB
[runlim] sample:		2613.4 time, 1410.1 real, 3923.6 MB
[runlim] sample:		2623.7 time, 1420.1 real, 3923.6 MB
[runlim] sample:		2633.9 time, 1430.1 real, 3923.6 MB
[runlim] sample:		2644.2 time, 1440.1 real, 3923.6 MB
[runlim] sample:		2654.4 time, 1450.1 real, 3923.6 MB
[runlim] sample:		2664.7 time, 1460.1 real, 3923.6 MB
[runlim] sample:		2674.9 time, 1470.1 real, 3923.6 MB
[runlim] sample:		2685.2 time, 1480.1 real, 3923.6 MB
[runlim] sample:		2695.5 time, 1490.1 real, 3923.6 MB
[runlim] sample:		2705.8 time, 1500.1 real, 3923.6 MB
[runlim] sample:		2716.0 time, 1510.1 real, 3923.6 MB
[runlim] sample:		2726.3 time, 1520.1 real, 3923.6 MB
[runlim] sample:		2736.5 time, 1530.1 real, 3923.6 MB
[runlim] sample:		2760.2 time, 1540.1 real, 4195.9 MB
[runlim] sample:		2790.4 time, 1550.1 real, 4197.9 MB
[runlim] sample:		2820.5 time, 1560.1 real, 4197.9 MB
[runlim] sample:		2850.6 time, 1570.1 real, 4199.2 MB
[runlim] sample:		2880.0 time, 1580.1 real, 4585.7 MB
[runlim] sample:		2910.1 time, 1590.1 real, 4609.9 MB
[runlim] sample:		2939.3 time, 1600.1 real, 4609.9 MB
[runlim] sample:		2969.5 time, 1610.1 real, 4655.9 MB
[runlim] sample:		2999.6 time, 1620.1 real, 4281.4 MB
[runlim] sample:		3026.8 time, 1630.1 real, 4285.4 MB
[runlim] sample:		3047.0 time, 1640.1 real, 4289.4 MB
[runlim] sample:		3067.2 time, 1650.1 real, 4289.4 MB
[runlim] sample:		3087.4 time, 1660.1 real, 4289.4 MB
[runlim] sample:		3107.7 time, 1670.1 real, 4289.4 MB
[runlim] sample:		3127.9 time, 1680.1 real, 4289.4 MB
[runlim] sample:		3148.1 time, 1690.1 real, 4289.4 MB
[runlim] sample:		3168.3 time, 1700.1 real, 4289.4 MB
[runlim] sample:		3188.4 time, 1710.1 real, 4289.4 MB
[runlim] sample:		3208.7 time, 1720.1 real, 4289.4 MB
[runlim] sample:		3228.9 time, 1730.1 real, 4289.4 MB
[runlim] sample:		3249.1 time, 1740.1 real, 4289.4 MB
(w = 71) Value Cyclicantibandwidth: 71
Lables: [179, 61, 167, 39, 123, 47, 121, 4, 128, 51, 124, 45, 162, 81, 194, 88, 5, 133, 62, 151, 92, 12, 113, 190, 71, 149, 24, 99, 200, 182, 60, 134, 36, 143, 64, 180, 65, 166, 42, 152, 23, 103, 8, 135, 56, 131, 55, 115, 187, 58, 144, 26, 105, 10, 119, 43, 6, 90, 163, 69, 140, 13, 106, 14, 126, 171, 48, 161, 85, 7, 97, 176, 49, 125, 31, 159, 83, 174, 91, 175, 104, 29, 114, 112, 21, 142, 22, 138, 30, 136, 19, 139, 1, 72, 145, 17, 96, 178, 98, 192, 94, 153, 46, 122, 2, 75, 146, 25, 101, 191, 44, 170, 86, 196, 117, 16, 141, 20, 93, 165, 78, 199, 116, 37, 164, 70, 193, 87, 34, 120, 40, 127, 27, 150, 50, 173, 102, 156, 33, 107, 28, 154, 52, 172, 63, 189, 110, 183, 57, 129, 11, 84, 177, 79, 184, 9, 80, 155, 67, 160, 74, 198, 100, 186, 77, 157, 32, 109, 197, 111, 38, 118, 3, 18, 147, 53, 181, 108, 35, 148, 76, 169, 185, 89, 15, 132, 59, 137, 66, 158, 73, 41, 130, 54, 168, 82, 195, 68, 188, 95]
(w = 71) Correct Cyclicantibandwidth
Set parameter TimeLimit to value 1800
[runlim] sample:		3268.0 time, 1750.1 real, 2686.8 MB
[runlim] sample:		3278.0 time, 1760.1 real, 2686.8 MB
[runlim] sample:		3288.0 time, 1770.1 real, 2560.5 MB
[runlim] sample:		3315.6 time, 1780.1 real, 2634.0 MB
[runlim] sample:		3342.5 time, 1790.1 real, 2634.0 MB
(w = 72) Value Cyclicantibandwidth: 72
Lables: [4, 94, 2, 79, 175, 61, 133, 5, 82, 154, 64, 136, 8, 85, 157, 73, 145, 19, 91, 163, 76, 148, 20, 97, 169, 41, 115, 11, 138, 10, 100, 172, 44, 118, 23, 103, 184, 108, 109, 26, 112, 29, 121, 38, 127, 47, 171, 151, 56, 130, 13, 139, 67, 166, 40, 132, 58, 181, 59, 187, 62, 190, 65, 193, 114, 134, 7, 80, 1, 74, 146, 22, 95, 183, 14, 86, 158, 31, 104, 25, 98, 170, 53, 77, 149, 28, 101, 173, 46, 119, 32, 150, 155, 37, 110, 185, 83, 160, 43, 116, 197, 49, 122, 50, 124, 199, 88, 164, 92, 165, 137, 9, 106, 178, 55, 128, 200, 113, 186, 12, 131, 17, 140, 21, 142, 24, 152, 51, 81, 167, 48, 176, 68, 189, 70, 192, 120, 3, 78, 6, 99, 27, 102, 30, 105, 180, 35, 111, 39, 147, 42, 159, 45, 125, 34, 182, 57, 144, 71, 188, 72, 191, 75, 156, 69, 194, 117, 195, 123, 196, 87, 15, 107, 93, 177, 52, 129, 33, 135, 16, 96, 168, 18, 90, 162, 66, 174, 89, 161, 63, 143, 84, 198, 126, 54, 153, 36, 141, 60, 179]
(w = 72) Correct Cyclicantibandwidth
Set parameter TimeLimit to value 1800
[runlim] sample:		3352.5 time, 1800.1 real, 2623.1 MB
[runlim] end:			Mon Nov  3 20:14:49 2025
[runlim] status:		out of time
[runlim] result:		2
[runlim] children:		0
[runlim] real:			1800.19 seconds
[runlim] time:			3352.65 seconds
[runlim] space:			4762.2 MB
[runlim] samples:		18001
