[runlim] version:		1.10
[runlim] time limit:		311040000 seconds
[runlim] real time limit:	1800 seconds
[runlim] space limit:		30000 MB
[runlim] argv[0]:		python3
[runlim] argv[1]:		model.py
[runlim] argv[2]:		./graph/caterpillar/caterpillar_15_6.txt
[runlim] start:			Mon Nov  3 17:09:54 2025
[runlim] main pid:		24565
[runlim] log captured:
Set parameter WLSAccessID
Set parameter WLSSecret
Set parameter LicenseID to value 2663665
Academic license 2663665 - for non-commercial use only - registered to tu___@vnu.edu.vn
Set parameter TimeLimit to value 1800
(w = 4) Value Cyclicantibandwidth: 4
Lables: [22, 26, 79, 69, 19, 72, 64, 59, 20, 4, 56, 2, 35, 80, 27, 48, 68, 83, 65, 21, 14, 28, 67, 34, 13, 52, 57, 31, 85, 41, 3, 78, 71, 54, 33, 81, 40, 23, 1, 63, 90, 74, 84, 45, 86, 77, 18, 11, 51, 16, 17, 70, 89, 37, 24, 60, 88, 46, 38, 32, 55, 29, 73, 25, 44, 9, 87, 5, 76, 43, 10, 62, 39, 8, 42, 50, 12, 36, 30, 61, 7, 15, 58, 49, 53, 66, 6, 75, 82, 47]
(w = 4) Correct Cyclicantibandwidth
Set parameter TimeLimit to value 1800
(w = 5) Value Cyclicantibandwidth: 5
Lables: [22, 45, 79, 69, 19, 3, 64, 59, 20, 4, 56, 2, 35, 80, 27, 48, 68, 83, 65, 21, 14, 28, 67, 34, 13, 52, 57, 31, 85, 41, 49, 78, 71, 54, 33, 81, 40, 23, 1, 82, 75, 26, 8, 29, 58, 77, 18, 11, 90, 50, 17, 70, 89, 37, 24, 86, 63, 46, 38, 32, 55, 87, 73, 84, 44, 9, 72, 5, 76, 43, 10, 62, 39, 16, 42, 60, 74, 36, 30, 25, 88, 7, 61, 12, 51, 66, 53, 6, 15, 47]
(w = 5) Correct Cyclicantibandwidth
Set parameter TimeLimit to value 1800
(w = 6) Value Cyclicantibandwidth: 6
Lables: [22, 28, 79, 69, 19, 3, 25, 59, 20, 4, 56, 2, 35, 80, 27, 48, 68, 83, 65, 21, 14, 43, 67, 34, 13, 52, 64, 31, 85, 41, 49, 78, 71, 54, 33, 81, 40, 23, 1, 16, 75, 82, 53, 26, 86, 5, 18, 11, 90, 50, 17, 70, 89, 37, 24, 51, 63, 46, 38, 32, 55, 29, 73, 84, 44, 9, 72, 12, 76, 87, 10, 62, 39, 8, 42, 60, 74, 36, 30, 57, 88, 7, 58, 77, 61, 45, 6, 47, 15, 66]
(w = 6) Correct Cyclicantibandwidth
Set parameter TimeLimit to value 1800
(w = 7) Value Cyclicantibandwidth: 7
Lables: [36, 28, 79, 69, 19, 3, 64, 48, 20, 4, 56, 2, 35, 80, 27, 45, 68, 83, 65, 21, 14, 43, 67, 34, 13, 52, 75, 31, 85, 41, 49, 78, 71, 57, 33, 81, 40, 23, 1, 16, 82, 74, 84, 26, 86, 77, 18, 11, 90, 50, 17, 70, 89, 37, 24, 51, 63, 7, 38, 46, 55, 29, 73, 25, 54, 9, 72, 5, 76, 12, 10, 62, 39, 8, 42, 60, 53, 22, 30, 61, 88, 32, 58, 15, 47, 87, 59, 44, 66, 6]
(w = 7) Correct Cyclicantibandwidth
Set parameter TimeLimit to value 1800
(w = 8) Value Cyclicantibandwidth: 8
Lables: [22, 7, 79, 69, 19, 3, 64, 48, 20, 4, 56, 2, 35, 80, 27, 45, 68, 83, 65, 21, 26, 43, 67, 34, 13, 52, 75, 31, 85, 41, 49, 78, 14, 57, 33, 81, 40, 23, 1, 16, 82, 74, 84, 46, 86, 77, 59, 11, 90, 50, 17, 70, 89, 37, 24, 51, 63, 53, 38, 60, 55, 32, 73, 28, 54, 9, 72, 5, 76, 12, 10, 62, 39, 8, 42, 44, 15, 36, 47, 25, 88, 71, 58, 29, 61, 87, 30, 18, 66, 6]
(w = 8) Correct Cyclicantibandwidth
Set parameter TimeLimit to value 1800
(w = 9) Value Cyclicantibandwidth: 9
Lables: [22, 4, 79, 69, 19, 3, 64, 48, 20, 29, 56, 2, 35, 80, 27, 45, 68, 83, 65, 21, 26, 43, 67, 34, 13, 52, 75, 31, 85, 41, 49, 78, 50, 73, 33, 81, 40, 23, 1, 16, 14, 74, 84, 46, 86, 77, 18, 37, 90, 54, 17, 57, 89, 25, 39, 51, 63, 53, 38, 60, 55, 32, 76, 28, 44, 9, 72, 5, 36, 12, 82, 70, 88, 8, 42, 7, 62, 15, 30, 11, 10, 71, 58, 24, 61, 87, 59, 6, 66, 47]
(w = 9) Correct Cyclicantibandwidth
Set parameter TimeLimit to value 1800
(w = 10) Value Cyclicantibandwidth: 10
Lables: [22, 33, 79, 69, 19, 3, 64, 48, 20, 4, 56, 2, 35, 80, 27, 45, 68, 83, 65, 21, 14, 28, 67, 34, 13, 52, 75, 31, 85, 41, 49, 78, 50, 73, 89, 81, 40, 23, 1, 16, 82, 6, 84, 26, 86, 77, 18, 37, 90, 54, 17, 57, 72, 25, 46, 51, 63, 53, 38, 60, 55, 32, 76, 66, 44, 9, 87, 12, 36, 59, 15, 70, 39, 8, 42, 5, 74, 58, 30, 11, 7, 43, 61, 24, 10, 71, 88, 29, 62, 47]
(w = 10) Correct Cyclicantibandwidth
Set parameter TimeLimit to value 1800
(w = 11) Value Cyclicantibandwidth: 11
Lables: [22, 33, 14, 69, 19, 3, 64, 48, 20, 4, 56, 2, 35, 80, 27, 45, 68, 83, 65, 21, 85, 28, 67, 34, 13, 52, 75, 31, 66, 41, 49, 78, 50, 73, 89, 81, 40, 23, 1, 16, 82, 6, 84, 26, 86, 77, 18, 37, 90, 54, 17, 57, 72, 25, 46, 51, 79, 53, 38, 60, 55, 32, 76, 63, 44, 9, 87, 12, 36, 59, 15, 70, 39, 8, 42, 5, 74, 58, 30, 11, 7, 43, 61, 24, 10, 71, 88, 29, 62, 47]
(w = 11) Correct Cyclicantibandwidth
Set parameter TimeLimit to value 1800
(w = 12) Value Cyclicantibandwidth: 12
Lables: [82, 34, 79, 56, 19, 3, 16, 48, 20, 4, 70, 39, 18, 80, 49, 45, 68, 83, 50, 21, 64, 43, 67, 26, 13, 28, 54, 31, 85, 69, 15, 35, 71, 55, 30, 60, 89, 23, 1, 41, 81, 58, 84, 65, 14, 77, 22, 61, 5, 72, 17, 47, 2, 40, 24, 90, 33, 46, 7, 32, 75, 42, 59, 6, 78, 9, 52, 76, 37, 86, 10, 62, 36, 51, 63, 73, 87, 38, 53, 11, 8, 44, 57, 27, 88, 74, 29, 12, 66, 25]
(w = 12) Correct Cyclicantibandwidth
Set parameter TimeLimit to value 1800
(w = 13) Value Cyclicantibandwidth: 13
Lables: [22, 41, 79, 9, 76, 3, 64, 48, 20, 4, 56, 39, 73, 26, 62, 45, 68, 83, 65, 21, 14, 28, 50, 34, 13, 27, 57, 31, 85, 67, 72, 35, 71, 54, 33, 30, 78, 23, 1, 16, 75, 90, 77, 46, 86, 5, 18, 80, 51, 7, 17, 70, 89, 37, 24, 60, 74, 52, 38, 59, 63, 32, 69, 84, 44, 36, 87, 12, 81, 43, 10, 42, 29, 8, 58, 15, 49, 82, 53, 11, 88, 19, 55, 40, 61, 6, 25, 2, 47, 66]
(w = 13) Correct Cyclicantibandwidth
Set parameter TimeLimit to value 1800
(w = 14) Value Cyclicantibandwidth: 14
Lables: [22, 7, 79, 9, 76, 3, 64, 48, 20, 4, 56, 39, 2, 42, 62, 45, 68, 83, 65, 21, 49, 28, 67, 34, 13, 27, 57, 31, 85, 41, 72, 35, 18, 54, 33, 30, 14, 61, 1, 16, 75, 90, 29, 46, 86, 5, 23, 80, 51, 73, 17, 70, 89, 37, 77, 60, 74, 52, 38, 15, 63, 32, 69, 84, 44, 26, 78, 12, 81, 43, 10, 71, 24, 8, 58, 50, 36, 82, 53, 11, 88, 19, 55, 87, 47, 40, 25, 59, 6, 66]
(w = 14) Correct Cyclicantibandwidth
Set parameter TimeLimit to value 1800
(w = 15) Value Cyclicantibandwidth: 15
Lables: [22, 2, 37, 69, 19, 3, 64, 48, 20, 4, 79, 39, 73, 26, 76, 45, 68, 83, 65, 21, 49, 28, 67, 34, 13, 52, 75, 31, 85, 41, 35, 78, 50, 81, 33, 80, 14, 61, 1, 16, 74, 90, 29, 46, 86, 5, 43, 11, 51, 7, 17, 57, 89, 25, 84, 60, 9, 70, 38, 15, 63, 36, 56, 24, 54, 23, 72, 12, 59, 18, 10, 62, 30, 8, 32, 44, 27, 58, 42, 77, 88, 55, 6, 71, 53, 40, 66, 87, 47, 82]
(w = 15) Correct Cyclicantibandwidth
Set parameter TimeLimit to value 1800
(w = 16) Value Cyclicantibandwidth: 16
Lables: [22, 2, 34, 69, 19, 3, 67, 48, 20, 4, 64, 39, 73, 26, 76, 45, 68, 16, 65, 21, 49, 28, 89, 42, 13, 52, 75, 31, 85, 41, 35, 78, 50, 33, 15, 80, 14, 61, 1, 37, 74, 90, 29, 46, 86, 5, 43, 11, 51, 7, 17, 57, 81, 25, 84, 60, 9, 70, 38, 83, 63, 32, 56, 24, 54, 23, 72, 12, 36, 18, 10, 62, 30, 8, 27, 44, 87, 58, 79, 59, 88, 55, 6, 77, 53, 40, 71, 47, 66, 82]
(w = 16) Correct Cyclicantibandwidth
Set parameter TimeLimit to value 1800
(w = 17) Value Cyclicantibandwidth: 17
Lables: [22, 2, 19, 69, 37, 3, 64, 45, 20, 90, 56, 39, 73, 26, 76, 51, 68, 7, 65, 21, 49, 28, 83, 66, 13, 53, 75, 31, 85, 41, 35, 78, 50, 79, 33, 81, 14, 61, 1, 25, 74, 48, 29, 46, 86, 5, 43, 11, 71, 16, 17, 57, 89, 24, 67, 60, 9, 70, 38, 59, 63, 32, 77, 40, 80, 23, 72, 12, 36, 18, 10, 62, 30, 8, 27, 44, 87, 58, 34, 84, 52, 4, 55, 82, 47, 54, 6, 42, 15, 88]
(w = 17) Correct Cyclicantibandwidth
Set parameter TimeLimit to value 1800
(w = 18) Value Cyclicantibandwidth: 18
Lables: [22, 2, 37, 69, 19, 71, 41, 59, 20, 60, 79, 39, 73, 26, 76, 48, 68, 4, 65, 21, 49, 28, 83, 34, 77, 62, 89, 31, 74, 47, 3, 53, 81, 57, 33, 80, 14, 61, 1, 45, 90, 66, 84, 27, 86, 85, 18, 82, 51, 16, 17, 70, 36, 75, 24, 38, 9, 46, 13, 32, 29, 5, 56, 7, 40, 23, 72, 12, 67, 43, 10, 54, 35, 8, 78, 50, 25, 55, 30, 11, 52, 15, 58, 88, 64, 42, 6, 44, 87, 63]
(w = 18) Correct Cyclicantibandwidth
Set parameter TimeLimit to value 1800
(w = 19) Value Cyclicantibandwidth: 19
Lables: [22, 2, 37, 69, 19, 71, 41, 64, 84, 60, 79, 39, 73, 26, 76, 48, 67, 7, 65, 21, 49, 28, 59, 34, 13, 62, 89, 31, 85, 47, 3, 35, 81, 57, 33, 80, 14, 61, 1, 25, 90, 66, 20, 45, 86, 77, 18, 82, 51, 16, 17, 70, 4, 50, 83, 38, 63, 27, 54, 32, 29, 5, 56, 75, 44, 23, 72, 12, 52, 9, 10, 42, 68, 8, 58, 15, 78, 36, 55, 11, 46, 74, 6, 53, 30, 40, 88, 43, 87, 24]
(w = 19) Correct Cyclicantibandwidth
Set parameter TimeLimit to value 1800
(w = 20) Value Cyclicantibandwidth: 20
Lables: [22, 2, 37, 69, 19, 71, 41, 80, 20, 60, 85, 39, 73, 7, 76, 48, 68, 31, 65, 21, 49, 28, 56, 34, 13, 62, 89, 55, 83, 47, 3, 35, 81, 57, 33, 87, 23, 61, 1, 63, 26, 66, 86, 45, 8, 77, 18, 82, 51, 16, 17, 70, 4, 50, 24, 79, 9, 46, 15, 58, 29, 5, 54, 75, 14, 25, 72, 12, 67, 43, 10, 42, 74, 11, 32, 44, 90, 36, 64, 84, 52, 78, 38, 88, 53, 30, 59, 27, 6, 40]
(w = 20) Correct Cyclicantibandwidth
Set parameter TimeLimit to value 1800
[runlim] sample:		10.0 time, 10.6 real, 60.8 MB
(w = 21) Value Cyclicantibandwidth: 21
Lables: [25, 2, 37, 69, 46, 71, 41, 80, 20, 60, 10, 39, 73, 26, 76, 48, 72, 7, 65, 21, 49, 28, 83, 55, 13, 62, 89, 31, 85, 47, 3, 35, 81, 56, 33, 87, 18, 61, 27, 57, 14, 74, 29, 4, 58, 77, 34, 82, 51, 16, 17, 70, 23, 90, 53, 86, 63, 88, 54, 32, 30, 5, 40, 84, 44, 36, 79, 12, 75, 9, 68, 42, 67, 8, 59, 19, 78, 38, 66, 11, 50, 24, 1, 22, 52, 45, 6, 43, 64, 15]
(w = 21) Correct Cyclicantibandwidth
Set parameter TimeLimit to value 1800
(w = 22) Value Cyclicantibandwidth: 22
Lables: [22, 45, 79, 40, 16, 71, 41, 80, 20, 60, 10, 39, 73, 26, 76, 48, 4, 72, 38, 13, 14, 65, 33, 67, 44, 27, 88, 31, 85, 47, 64, 35, 2, 54, 89, 81, 51, 23, 1, 25, 21, 74, 29, 7, 58, 77, 55, 82, 53, 5, 17, 70, 8, 37, 84, 87, 63, 86, 49, 15, 30, 56, 28, 75, 32, 36, 69, 12, 52, 9, 90, 62, 18, 50, 78, 24, 57, 83, 46, 68, 66, 43, 19, 42, 3, 11, 34, 61, 6, 59]
(w = 22) Correct Cyclicantibandwidth
Set parameter TimeLimit to value 1800
(w = 23) Value Cyclicantibandwidth: 23
Lables: [22, 45, 79, 40, 76, 16, 64, 28, 65, 4, 56, 2, 35, 80, 54, 48, 20, 83, 38, 13, 14, 43, 71, 34, 5, 52, 75, 31, 85, 41, 3, 27, 81, 57, 33, 30, 62, 23, 55, 25, 82, 17, 58, 26, 86, 36, 78, 47, 74, 50, 87, 46, 89, 37, 8, 1, 63, 90, 61, 32, 44, 77, 29, 66, 11, 9, 69, 12, 51, 6, 67, 21, 73, 39, 70, 60, 10, 72, 49, 7, 42, 19, 84, 24, 68, 88, 53, 15, 59, 18]
(w = 23) Correct Cyclicantibandwidth
Set parameter TimeLimit to value 1800
(w = 24) Value Cyclicantibandwidth: 24
Lables: [78, 45, 79, 52, 76, 16, 80, 28, 65, 4, 56, 2, 35, 86, 27, 48, 20, 83, 38, 13, 14, 43, 67, 34, 5, 26, 75, 31, 85, 41, 11, 58, 17, 57, 81, 30, 62, 23, 49, 90, 82, 22, 84, 59, 33, 36, 70, 42, 74, 50, 87, 25, 89, 37, 8, 18, 63, 9, 54, 15, 64, 32, 69, 24, 55, 21, 72, 12, 51, 6, 46, 3, 39, 66, 1, 60, 10, 68, 44, 7, 53, 19, 61, 88, 29, 71, 47, 73, 40, 77]
(w = 24) Correct Cyclicantibandwidth
Set parameter TimeLimit to value 1800
(w = 25) Value Cyclicantibandwidth: 25
Lables: [85, 41, 4, 31, 76, 16, 64, 28, 65, 1, 56, 7, 35, 88, 27, 48, 20, 66, 38, 11, 68, 14, 74, 34, 3, 52, 89, 59, 90, 29, 2, 58, 22, 57, 83, 30, 80, 23, 49, 87, 47, 17, 77, 26, 63, 36, 78, 37, 75, 50, 84, 25, 69, 24, 55, 18, 62, 9, 54, 79, 43, 70, 8, 33, 86, 21, 72, 12, 51, 6, 32, 73, 39, 67, 42, 82, 53, 10, 46, 13, 44, 19, 61, 5, 60, 71, 45, 81, 40, 15]
(w = 25) Correct Cyclicantibandwidth
Set parameter TimeLimit to value 1800
(w = 26) Value Cyclicantibandwidth: 26
Lables: [3, 42, 79, 40, 76, 16, 80, 28, 65, 4, 62, 2, 35, 87, 48, 56, 9, 55, 19, 75, 14, 51, 6, 61, 5, 49, 89, 59, 85, 41, 90, 64, 31, 58, 15, 27, 72, 23, 52, 88, 47, 20, 83, 26, 86, 36, 78, 37, 74, 25, 77, 43, 69, 24, 84, 18, 63, 32, 60, 13, 44, 8, 34, 66, 39, 21, 57, 12, 67, 30, 46, 73, 11, 70, 38, 82, 50, 10, 53, 22, 54, 81, 17, 71, 45, 1, 29, 68, 33, 7]
(w = 26) Correct Cyclicantibandwidth
Set parameter TimeLimit to value 1800
(w = 27) Value Cyclicantibandwidth: 27
Lables: [75, 42, 79, 40, 76, 16, 64, 28, 65, 4, 56, 2, 35, 80, 27, 48, 20, 83, 38, 1, 14, 43, 90, 55, 87, 52, 22, 51, 13, 41, 3, 33, 84, 57, 89, 30, 62, 9, 49, 88, 47, 15, 77, 26, 85, 36, 78, 37, 74, 45, 58, 25, 69, 24, 86, 23, 63, 34, 7, 50, 54, 11, 73, 17, 44, 21, 72, 12, 67, 6, 32, 70, 39, 8, 61, 82, 53, 10, 46, 81, 31, 60, 19, 71, 29, 66, 5, 59, 18, 68]
(w = 27) Correct Cyclicantibandwidth
Set parameter TimeLimit to value 1800
(w = 28) Value Cyclicantibandwidth: 28
Lables: [52, 21, 80, 40, 76, 26, 85, 30, 61, 4, 58, 2, 48, 88, 27, 89, 43, 15, 56, 1, 78, 45, 90, 28, 57, 51, 13, 64, 3, 41, 87, 37, 8, 68, 35, 23, 62, 31, 77, 39, 75, 14, 44, 7, 42, 38, 84, 34, 74, 17, 60, 12, 69, 24, 55, 18, 63, 33, 86, 32, 54, 11, 73, 36, 79, 9, 47, 82, 25, 70, 46, 83, 22, 66, 5, 81, 50, 10, 49, 20, 59, 19, 72, 29, 67, 71, 16, 65, 6, 53]
(w = 28) Correct Cyclicantibandwidth
Set parameter TimeLimit to value 1800
(w = 29) Value Cyclicantibandwidth: 29
Lables: [63, 15, 76, 23, 52, 4, 48, 18, 54, 2, 56, 88, 27, 60, 10, 29, 64, 7, 55, 11, 70, 31, 90, 59, 12, 39, 82, 42, 1, 41, 81, 33, 71, 30, 89, 6, 62, 13, 51, 22, 49, 86, 34, 73, 43, 14, 68, 36, 74, 44, 75, 46, 5, 57, 20, 3, 47, 85, 24, 84, 61, 32, 72, 25, 77, 16, 53, 8, 67, 38, 37, 79, 21, 50, 17, 80, 26, 87, 40, 69, 19, 78, 45, 83, 35, 58, 28, 66, 9, 65]
(w = 29) Correct Cyclicantibandwidth
Set parameter TimeLimit to value 1800
[runlim] sample:		20.0 time, 20.6 real, 97.2 MB
(w = 30) Value Cyclicantibandwidth: 30
Lables: [65, 33, 3, 45, 1, 31, 61, 2, 32, 62, 4, 34, 64, 5, 35, 6, 36, 66, 7, 60, 63, 8, 38, 68, 24, 37, 67, 9, 39, 77, 10, 40, 70, 11, 51, 41, 71, 12, 42, 75, 69, 13, 43, 73, 22, 14, 44, 74, 15, 54, 46, 16, 47, 17, 76, 72, 18, 48, 78, 26, 19, 49, 79, 20, 56, 50, 80, 21, 52, 86, 87, 30, 82, 27, 57, 23, 58, 89, 53, 90, 59, 25, 83, 28, 84, 81, 29, 88, 55, 85]
(w = 30) Correct Cyclicantibandwidth
Set parameter TimeLimit to value 1800
(w = 31) Value Cyclicantibandwidth: 31
Lables: [66, 33, 2, 45, 1, 32, 63, 4, 35, 3, 34, 65, 6, 37, 5, 7, 38, 69, 10, 59, 64, 8, 39, 70, 25, 36, 67, 9, 40, 76, 11, 42, 73, 14, 56, 41, 72, 13, 44, 82, 68, 12, 43, 74, 22, 15, 46, 77, 18, 58, 47, 16, 48, 17, 57, 71, 19, 50, 81, 24, 49, 80, 21, 52, 86, 75, 20, 51, 89, 54, 23, 60, 29, 88, 55, 62, 30, 83, 28, 87, 85, 31, 84, 53, 90, 61, 27, 78, 26, 79]
(w = 31) Correct Cyclicantibandwidth
Set parameter TimeLimit to value 1800
(w = 32) Value Cyclicantibandwidth: 32
Lables: [36, 1, 33, 65, 7, 39, 2, 34, 66, 8, 40, 3, 35, 67, 9, 4, 37, 5, 38, 78, 41, 6, 42, 10, 61, 68, 11, 43, 75, 22, 12, 44, 76, 18, 73, 45, 13, 46, 14, 59, 71, 15, 47, 79, 27, 48, 16, 49, 17, 64, 69, 19, 51, 83, 32, 20, 52, 84, 26, 81, 50, 82, 24, 56, 88, 72, 21, 74, 23, 77, 55, 89, 57, 90, 58, 70, 29, 85, 53, 86, 31, 63, 30, 87, 54, 62, 28, 60, 25, 80]
(w = 32) Correct Cyclicantibandwidth
Set parameter TimeLimit to value 1800
(w = 33) Value Cyclicantibandwidth: 33
Lables: [37, 1, 34, 67, 10, 43, 2, 35, 68, 11, 44, 3, 36, 69, 12, 4, 38, 5, 39, 84, 40, 6, 41, 7, 60, 70, 13, 46, 8, 63, 14, 47, 9, 42, 86, 45, 78, 21, 54, 87, 76, 19, 52, 15, 65, 48, 81, 24, 57, 90, 71, 16, 49, 82, 31, 17, 50, 83, 26, 61, 51, 18, 53, 20, 66, 77, 29, 75, 27, 72, 59, 22, 64, 25, 58, 80, 30, 85, 33, 79, 32, 88, 55, 89, 56, 62, 23, 73, 28, 74]
(w = 33) Correct Cyclicantibandwidth
Set parameter TimeLimit to value 1800
[runlim] sample:		31.6 time, 30.6 real, 216.0 MB
(w = 34) Value Cyclicantibandwidth: 34
Lables: [57, 10, 44, 79, 25, 60, 8, 54, 89, 55, 90, 52, 13, 56, 1, 22, 61, 26, 68, 15, 47, 81, 27, 67, 28, 2, 58, 23, 75, 32, 36, 70, 33, 69, 14, 59, 17, 53, 4, 38, 19, 72, 16, 66, 11, 42, 82, 48, 6, 40, 3, 39, 88, 50, 12, 41, 85, 29, 74, 18, 21, 76, 35, 71, 20, 34, 77, 24, 78, 43, 87, 46, 80, 37, 73, 64, 30, 65, 9, 62, 5, 45, 83, 31, 84, 51, 86, 49, 7, 63]
(w = 34) Correct Cyclicantibandwidth
Set parameter TimeLimit to value 1800
[runlim] sample:		44.3 time, 40.6 real, 337.8 MB
(w = 35) Value Cyclicantibandwidth: 35
Lables: [55, 18, 67, 14, 57, 11, 61, 17, 66, 16, 65, 30, 84, 48, 5, 2, 44, 90, 39, 83, 72, 22, 59, 7, 56, 26, 77, 33, 78, 29, 49, 86, 38, 75, 20, 10, 64, 28, 73, 37, 46, 85, 47, 6, 60, 12, 52, 4, 43, 87, 70, 15, 53, 3, 51, 25, 63, 24, 71, 31, 69, 19, 58, 8, 62, 23, 74, 21, 76, 35, 68, 13, 50, 89, 34, 40, 82, 36, 81, 27, 88, 41, 79, 32, 80, 45, 9, 54, 1, 42]
(w = 35) Correct Cyclicantibandwidth
Set parameter TimeLimit to value 1800
[runlim] sample:		59.8 time, 50.6 real, 434.5 MB
(w = 36) Value Cyclicantibandwidth: 36
Lables: [80, 30, 82, 45, 6, 60, 13, 49, 89, 35, 77, 40, 76, 24, 65, 26, 79, 41, 3, 52, 71, 29, 70, 32, 86, 43, 90, 39, 83, 38, 7, 59, 22, 74, 27, 58, 19, 64, 18, 56, 16, 61, 8, 53, 17, 67, 23, 62, 9, 50, 2, 44, 81, 42, 85, 36, 88, 34, 72, 20, 73, 21, 57, 10, 54, 33, 78, 31, 84, 47, 4, 46, 5, 55, 1, 28, 69, 25, 75, 37, 66, 14, 68, 15, 63, 12, 51, 11, 48, 87]
(w = 36) Correct Cyclicantibandwidth
Set parameter TimeLimit to value 1800
(w = 37) Value Cyclicantibandwidth: 37
Lables: [40, 1, 38, 75, 22, 59, 6, 43, 2, 39, 76, 23, 60, 7, 44, 3, 41, 4, 42, 82, 45, 5, 46, 8, 57, 77, 24, 61, 9, 55, 25, 62, 10, 47, 88, 63, 11, 48, 85, 34, 12, 49, 86, 33, 84, 50, 13, 51, 14, 54, 80, 27, 64, 15, 67, 52, 89, 36, 73, 21, 78, 26, 65, 16, 58, 28, 81, 37, 90, 53, 66, 17, 70, 32, 79, 18, 71, 29, 69, 20, 56, 19, 72, 35, 87, 83, 31, 68, 30, 74]
(w = 37) Correct Cyclicantibandwidth
Set parameter TimeLimit to value 1800
[runlim] sample:		71.4 time, 60.6 real, 401.9 MB
(w = 38) Value Cyclicantibandwidth: 38
Lables: [76, 35, 82, 32, 81, 41, 2, 42, 88, 49, 8, 57, 19, 68, 24, 34, 74, 26, 66, 15, 78, 30, 73, 22, 61, 40, 90, 38, 85, 33, 84, 37, 77, 29, 71, 39, 79, 36, 86, 44, 1, 52, 6, 55, 11, 54, 13, 65, 23, 62, 80, 28, 67, 20, 69, 47, 9, 51, 89, 50, 5, 43, 87, 45, 3, 48, 10, 60, 16, 64, 14, 53, 12, 63, 17, 58, 18, 56, 4, 46, 25, 70, 21, 59, 7, 75, 27, 72, 31, 83]
(w = 38) Correct Cyclicantibandwidth
Set parameter TimeLimit to value 1800
(w = 39) Value Cyclicantibandwidth: 39
Lables: [42, 1, 40, 79, 28, 67, 16, 55, 4, 43, 2, 41, 80, 29, 68, 3, 44, 5, 45, 85, 52, 6, 46, 7, 51, 81, 30, 69, 18, 61, 31, 70, 19, 58, 12, 71, 20, 59, 8, 54, 17, 56, 9, 48, 90, 57, 10, 49, 88, 39, 11, 50, 89, 38, 87, 47, 86, 35, 74, 25, 82, 32, 72, 21, 60, 53, 13, 64, 23, 62, 83, 36, 76, 27, 77, 34, 84, 37, 78, 33, 75, 24, 65, 15, 66, 26, 73, 22, 63, 14]
(w = 39) Correct Cyclicantibandwidth
Set parameter TimeLimit to value 1800
(w = 40) Value Cyclicantibandwidth: 40
Lables: [43, 1, 41, 81, 31, 71, 21, 61, 11, 51, 2, 42, 82, 32, 72, 3, 44, 4, 45, 85, 48, 5, 46, 6, 54, 83, 33, 73, 23, 68, 34, 74, 24, 64, 20, 75, 25, 65, 15, 58, 22, 62, 12, 52, 8, 63, 13, 53, 7, 55, 14, 57, 16, 66, 18, 59, 19, 60, 17, 67, 10, 56, 9, 49, 89, 50, 90, 40, 84, 39, 86, 36, 79, 30, 80, 35, 78, 38, 88, 47, 76, 29, 77, 37, 87, 28, 69, 26, 70, 27]
(w = 40) Correct Cyclicantibandwidth
Set parameter TimeLimit to value 1800
[runlim] sample:		83.2 time, 70.6 real, 387.8 MB
[runlim] sample:		95.5 time, 80.6 real, 387.8 MB
[runlim] sample:		105.6 time, 90.6 real, 387.8 MB
[runlim] sample:		118.9 time, 100.6 real, 395.2 MB
[runlim] sample:		149.0 time, 110.6 real, 484.2 MB
[runlim] sample:		179.0 time, 120.6 real, 490.5 MB
[runlim] sample:		209.0 time, 130.6 real, 490.8 MB
[runlim] sample:		239.1 time, 140.6 real, 497.3 MB
[runlim] sample:		269.1 time, 150.6 real, 499.3 MB
(w = 41) Value Cyclicantibandwidth: 41
Lables: [53, 7, 48, 89, 40, 81, 32, 73, 26, 75, 34, 83, 42, 90, 46, 9, 58, 17, 62, 13, 56, 14, 59, 16, 64, 4, 49, 1, 50, 8, 47, 6, 54, 12, 57, 85, 39, 80, 31, 79, 33, 74, 30, 78, 37, 76, 27, 69, 20, 61, 24, 67, 18, 66, 21, 68, 19, 60, 15, 63, 28, 70, 22, 65, 23, 77, 29, 71, 25, 72, 36, 82, 35, 84, 43, 88, 45, 2, 51, 3, 41, 86, 44, 87, 38, 5, 52, 11, 55, 10]
(w = 41) Correct Cyclicantibandwidth
Set parameter TimeLimit to value 1800
[runlim] sample:		290.4 time, 160.6 real, 478.5 MB
[runlim] sample:		302.7 time, 170.6 real, 510.0 MB
[runlim] sample:		312.8 time, 180.6 real, 510.0 MB
[runlim] sample:		337.6 time, 190.6 real, 490.8 MB
[runlim] sample:		367.6 time, 200.6 real, 575.6 MB
[runlim] sample:		397.6 time, 210.6 real, 581.7 MB
[runlim] sample:		427.6 time, 220.6 real, 575.7 MB
[runlim] sample:		457.7 time, 230.6 real, 575.7 MB
[runlim] sample:		478.9 time, 240.6 real, 575.7 MB
(w = 42) Value Cyclicantibandwidth: 42
Lables: [50, 6, 54, 11, 59, 17, 64, 22, 70, 28, 76, 33, 80, 38, 85, 2, 44, 89, 46, 4, 48, 90, 47, 1, 49, 7, 55, 8, 56, 10, 53, 9, 52, 5, 51, 13, 57, 14, 58, 12, 65, 20, 63, 15, 60, 19, 62, 16, 61, 18, 69, 21, 66, 23, 67, 25, 72, 26, 68, 24, 75, 30, 77, 32, 74, 31, 73, 27, 71, 29, 78, 36, 79, 35, 83, 37, 82, 34, 81, 39, 86, 43, 87, 45, 3, 41, 84, 42, 88, 40]
(w = 42) Correct Cyclicantibandwidth
Set parameter TimeLimit to value 1800
[runlim] sample:		491.9 time, 250.6 real, 575.6 MB
[runlim] sample:		506.1 time, 260.6 real, 637.5 MB
[runlim] sample:		536.1 time, 270.6 real, 595.4 MB
[runlim] sample:		566.1 time, 280.6 real, 675.0 MB
[runlim] sample:		596.1 time, 290.6 real, 699.5 MB
[runlim] sample:		626.1 time, 300.6 real, 669.8 MB
[runlim] sample:		656.2 time, 310.6 real, 665.1 MB
[runlim] sample:		686.2 time, 320.6 real, 682.0 MB
[runlim] sample:		716.2 time, 330.6 real, 698.8 MB
[runlim] sample:		746.2 time, 340.6 real, 673.6 MB
[runlim] sample:		776.2 time, 350.6 real, 674.1 MB
[runlim] sample:		806.3 time, 360.6 real, 700.5 MB
[runlim] sample:		836.3 time, 370.6 real, 675.4 MB
[runlim] sample:		866.3 time, 380.6 real, 699.2 MB
[runlim] sample:		896.3 time, 390.6 real, 690.7 MB
[runlim] sample:		926.3 time, 400.6 real, 670.8 MB
[runlim] sample:		943.5 time, 410.6 real, 655.2 MB
[runlim] sample:		953.7 time, 420.6 real, 667.8 MB
[runlim] sample:		963.9 time, 430.6 real, 687.6 MB
[runlim] sample:		974.0 time, 440.6 real, 701.1 MB
[runlim] sample:		985.8 time, 450.6 real, 657.3 MB
[runlim] sample:		1006.5 time, 460.6 real, 731.1 MB
[runlim] sample:		1034.1 time, 470.6 real, 791.3 MB
[runlim] sample:		1074.1 time, 480.6 real, 837.5 MB
[runlim] sample:		1096.3 time, 490.6 real, 841.5 MB
[runlim] sample:		1136.3 time, 500.6 real, 834.9 MB
[runlim] sample:		1161.8 time, 510.6 real, 834.9 MB
[runlim] sample:		1172.0 time, 520.6 real, 835.8 MB
[runlim] sample:		1209.3 time, 530.6 real, 798.3 MB
[runlim] sample:		1240.0 time, 540.6 real, 800.0 MB
[runlim] sample:		1274.8 time, 550.6 real, 817.8 MB
[runlim] sample:		1308.5 time, 560.6 real, 802.5 MB
[runlim] sample:		1348.5 time, 570.6 real, 806.8 MB
[runlim] sample:		1384.8 time, 580.6 real, 811.1 MB
[runlim] sample:		1424.8 time, 590.6 real, 824.7 MB
[runlim] sample:		1463.3 time, 600.6 real, 789.2 MB
[runlim] sample:		1503.3 time, 610.6 real, 813.7 MB
[runlim] sample:		1537.7 time, 620.6 real, 797.8 MB
[runlim] sample:		1577.2 time, 630.6 real, 823.2 MB
[runlim] sample:		1588.7 time, 640.6 real, 825.9 MB
[runlim] sample:		1610.7 time, 650.6 real, 804.1 MB
[runlim] sample:		1650.7 time, 660.6 real, 805.6 MB
[runlim] sample:		1690.1 time, 670.6 real, 800.9 MB
[runlim] sample:		1730.1 time, 680.6 real, 810.2 MB
[runlim] sample:		1769.1 time, 690.6 real, 792.1 MB
[runlim] sample:		1809.1 time, 700.6 real, 798.5 MB
[runlim] sample:		1845.4 time, 710.6 real, 793.3 MB
[runlim] sample:		1885.5 time, 720.6 real, 801.1 MB
[runlim] sample:		1919.3 time, 730.6 real, 802.8 MB
[runlim] sample:		1953.7 time, 740.6 real, 793.8 MB
[runlim] sample:		1993.7 time, 750.6 real, 799.8 MB
[runlim] sample:		2027.4 time, 760.6 real, 799.3 MB
[runlim] sample:		2059.4 time, 770.6 real, 798.6 MB
[runlim] sample:		2099.4 time, 780.6 real, 804.4 MB
[runlim] sample:		2138.0 time, 790.6 real, 814.5 MB
[runlim] sample:		2173.0 time, 800.6 real, 812.8 MB
[runlim] sample:		2209.7 time, 810.6 real, 808.0 MB
[runlim] sample:		2249.5 time, 820.6 real, 831.7 MB
[runlim] sample:		2274.3 time, 830.6 real, 830.1 MB
[runlim] sample:		2313.9 time, 840.6 real, 882.1 MB
[runlim] sample:		2344.1 time, 850.6 real, 780.6 MB
[runlim] sample:		2377.9 time, 860.6 real, 791.2 MB
[runlim] sample:		2413.3 time, 870.6 real, 780.9 MB
[runlim] sample:		2449.2 time, 880.6 real, 781.2 MB
[runlim] sample:		2489.2 time, 890.6 real, 795.4 MB
[runlim] sample:		2525.0 time, 900.6 real, 789.4 MB
[runlim] sample:		2556.0 time, 910.6 real, 826.9 MB
[runlim] sample:		2585.7 time, 920.6 real, 811.2 MB
[runlim] sample:		2623.6 time, 930.6 real, 832.2 MB
[runlim] sample:		2650.7 time, 940.6 real, 805.1 MB
[runlim] sample:		2687.6 time, 950.6 real, 807.1 MB
[runlim] sample:		2711.2 time, 960.6 real, 808.6 MB
[runlim] sample:		2751.2 time, 970.6 real, 821.1 MB
[runlim] sample:		2773.3 time, 980.6 real, 802.6 MB
[runlim] sample:		2813.3 time, 990.6 real, 872.2 MB
[runlim] sample:		2845.8 time, 1000.6 real, 887.5 MB
[runlim] sample:		2865.5 time, 1010.6 real, 825.8 MB
[runlim] sample:		2905.5 time, 1020.6 real, 826.2 MB
[runlim] sample:		2942.6 time, 1030.6 real, 822.3 MB
[runlim] sample:		2982.6 time, 1040.6 real, 824.5 MB
[runlim] sample:		3021.9 time, 1050.6 real, 823.5 MB
[runlim] sample:		3061.9 time, 1060.6 real, 821.0 MB
[runlim] sample:		3100.9 time, 1070.6 real, 822.5 MB
[runlim] sample:		3140.9 time, 1080.6 real, 819.6 MB
[runlim] sample:		3179.1 time, 1090.6 real, 829.0 MB
[runlim] sample:		3219.1 time, 1100.6 real, 817.2 MB
[runlim] sample:		3258.5 time, 1110.6 real, 814.7 MB
[runlim] sample:		3298.5 time, 1120.6 real, 820.0 MB
[runlim] sample:		3335.6 time, 1130.6 real, 816.5 MB
[runlim] sample:		3375.7 time, 1140.6 real, 819.1 MB
[runlim] sample:		3415.7 time, 1150.6 real, 825.1 MB
[runlim] sample:		3454.1 time, 1160.6 real, 839.1 MB
[runlim] sample:		3494.1 time, 1170.6 real, 849.2 MB
[runlim] sample:		3515.3 time, 1180.6 real, 863.5 MB
[runlim] sample:		3553.5 time, 1190.6 real, 826.1 MB
[runlim] sample:		3593.5 time, 1200.6 real, 842.1 MB
[runlim] sample:		3619.2 time, 1210.6 real, 870.8 MB
[runlim] sample:		3655.5 time, 1220.6 real, 828.8 MB
[runlim] sample:		3695.6 time, 1230.6 real, 828.8 MB
[runlim] sample:		3734.1 time, 1240.6 real, 817.0 MB
[runlim] sample:		3774.2 time, 1250.6 real, 823.3 MB
[runlim] sample:		3814.2 time, 1260.6 real, 823.6 MB
[runlim] sample:		3833.4 time, 1270.6 real, 811.0 MB
[runlim] sample:		3873.4 time, 1280.6 real, 818.5 MB
[runlim] sample:		3913.4 time, 1290.6 real, 845.1 MB
[runlim] sample:		3944.6 time, 1300.6 real, 854.8 MB
[runlim] sample:		3970.6 time, 1310.6 real, 824.7 MB
[runlim] sample:		4010.6 time, 1320.6 real, 846.2 MB
[runlim] sample:		4050.6 time, 1330.6 real, 857.5 MB
[runlim] sample:		4073.2 time, 1340.6 real, 879.6 MB
[runlim] sample:		4112.6 time, 1350.6 real, 835.6 MB
[runlim] sample:		4152.7 time, 1360.6 real, 836.4 MB
[runlim] sample:		4188.3 time, 1370.6 real, 839.2 MB
[runlim] sample:		4227.2 time, 1380.6 real, 828.6 MB
[runlim] sample:		4267.2 time, 1390.6 real, 828.6 MB
[runlim] sample:		4307.2 time, 1400.6 real, 829.6 MB
[runlim] sample:		4345.2 time, 1410.6 real, 826.1 MB
[runlim] sample:		4385.2 time, 1420.6 real, 825.4 MB
[runlim] sample:		4425.2 time, 1430.6 real, 828.7 MB
[runlim] sample:		4447.6 time, 1440.6 real, 861.6 MB
[runlim] sample:		4482.8 time, 1450.6 real, 840.4 MB
[runlim] sample:		4522.8 time, 1460.6 real, 843.9 MB
[runlim] sample:		4562.8 time, 1470.6 real, 840.7 MB
[runlim] sample:		4600.8 time, 1480.6 real, 836.4 MB
[runlim] sample:		4640.9 time, 1490.6 real, 845.9 MB
[runlim] sample:		4680.9 time, 1500.6 real, 844.2 MB
[runlim] sample:		4719.6 time, 1510.6 real, 839.2 MB
[runlim] sample:		4756.9 time, 1520.6 real, 842.2 MB
[runlim] sample:		4796.9 time, 1530.6 real, 833.7 MB
[runlim] sample:		4836.9 time, 1540.6 real, 841.9 MB
[runlim] sample:		4875.8 time, 1550.6 real, 836.7 MB
[runlim] sample:		4915.8 time, 1560.6 real, 837.6 MB
[runlim] sample:		4955.8 time, 1570.6 real, 836.3 MB
[runlim] sample:		4995.9 time, 1580.6 real, 843.3 MB
[runlim] sample:		5017.4 time, 1590.6 real, 863.5 MB
[runlim] sample:		5048.7 time, 1600.6 real, 846.9 MB
[runlim] sample:		5088.7 time, 1610.6 real, 867.1 MB
[runlim] sample:		5128.7 time, 1620.6 real, 896.1 MB
[runlim] sample:		5168.7 time, 1630.6 real, 899.6 MB
[runlim] sample:		5182.9 time, 1640.6 real, 911.8 MB
[runlim] sample:		5220.6 time, 1650.6 real, 857.3 MB
[runlim] sample:		5260.6 time, 1660.6 real, 855.2 MB
[runlim] sample:		5300.6 time, 1670.6 real, 858.5 MB
[runlim] sample:		5339.8 time, 1680.6 real, 847.5 MB
[runlim] sample:		5379.2 time, 1690.6 real, 844.3 MB
[runlim] sample:		5409.8 time, 1700.6 real, 846.3 MB
[runlim] sample:		5439.9 time, 1710.6 real, 841.8 MB
[runlim] sample:		5470.1 time, 1720.6 real, 841.6 MB
[runlim] sample:		5497.4 time, 1730.6 real, 856.0 MB
[runlim] sample:		5507.8 time, 1740.6 real, 872.3 MB
[runlim] sample:		5518.1 time, 1750.6 real, 882.4 MB
[runlim] sample:		5528.4 time, 1760.6 real, 860.5 MB
[runlim] sample:		5545.6 time, 1770.6 real, 861.8 MB
[runlim] sample:		5565.8 time, 1780.6 real, 861.8 MB
[runlim] sample:		5585.9 time, 1790.6 real, 860.5 MB
[runlim] end:			Mon Nov  3 17:39:54 2025
[runlim] status:		out of time
[runlim] result:		2
[runlim] children:		0
[runlim] real:			1800.04 seconds
[runlim] time:			5600.58 seconds
[runlim] space:			911.8 MB
[runlim] samples:		17994
