[runlim] version:		1.10
[runlim] time limit:		311040000 seconds
[runlim] real time limit:	1800 seconds
[runlim] space limit:		30000 MB
[runlim] argv[0]:		oplrun
[runlim] argv[1]:		-deploy
[runlim] argv[2]:		CP-CPLEX.mod
[runlim] argv[3]:		./graphs/harwell_boeing/D-bcsstk01.dat
[runlim] start:			Sun Oct 12 03:08:27 2025
[runlim] main pid:		227844
[runlim] log captured:

<<< setup


<<< generate


<<< solve


OBJECTIVE: 8
Objective value (b): 8
Labels:  [7 3 35 27 37 10 20 12 43 41 8 26 33 1 34 47 31 11 45 28 4 18 22 23 21 25 24
     16 17 15 9 32 14 46 29 6 48 39 36 19 42 2 38 5 30 40 44 13]
Vertex with maximum degree: 14

<<< post process


<<< done

[runlim] end:			Sun Oct 12 03:08:28 2025
[runlim] status:		ok
[runlim] result:		0
[runlim] children:		0
[runlim] real:			1.72 seconds
[runlim] time:			10.03 seconds
[runlim] space:			54.1 MB
[runlim] samples:		16
