 ! --------------------------------------------------- CP Optimizer 22.1.1.0 --
 ! Maximization problem - 49 variables, 178 constraints
 ! TimeLimit            = 1800
 ! Workers              = 8
 ! LogVerbosity         = Terse
 ! Initial process time : 0.00s (0.00s extraction + 0.00s propagation)
 !  . Log search space  : 269.7 (before), 269.7 (after)
 !  . Memory usage      : 557.6 kB (before), 557.6 kB (after)
 ! Using parallel search with 8 workers.
 ! ----------------------------------------------------------------------------
 !          Best Branches  Non-fixed    W       Branch decision
                        0         49                 -
 + New bound is 9
 *             4       84  0.05s        3      (gap is 125.0%)
 *             5      359  0.05s        3      (gap is 80.00%)
 *             6      439  0.05s        3      (gap is 50.00%)
 *             7      589  0.05s        5      (gap is 28.57%)
 *             8     2530  0.07s        2      (gap is 12.50%)
               8    67265         45    4            -
 + New bound is 8 (gap is 0.00%)
 ! ----------------------------------------------------------------------------
 ! Search completed, 5 solutions found.
 ! Best objective         : 8 (optimal - effective tol. is 0)
 ! Best bound             : 8
 ! ----------------------------------------------------------------------------
 ! Number of branches     : 551169
 ! Number of fails        : 266959
 ! Total memory usage     : 14.2 MB (14.2 MB CP Optimizer + 0.0 MB Concert)
 ! Time spent in solve    : 0.93s (0.93s engine + 0.00s extraction)
 ! Search speed (br. / s) : 592654.8
 ! ----------------------------------------------------------------------------
Value Cyclic-Antibandwidth = 8
Labels: [24, 47, 27, 7, 45, 18, 4, 20, 15, 33, 48, 3, 25, 1, 37, 35, 46, 34, 8, 12, 36, 10, 30, 16, 5, 9, 39, 31, 17, 32, 41, 40, 26, 29, 6, 23, 43, 14, 44, 21, 2, 42, 22, 13, 11, 19, 28, 38]
Solve time (s): 0.93
Memory usage (MB): 27.51953125
