[runlim] version:		1.10
[runlim] time limit:		311040000 seconds
[runlim] real time limit:	1800 seconds
[runlim] space limit:		30000 MB
[runlim] argv[0]:		oplrun
[runlim] argv[1]:		-deploy
[runlim] argv[2]:		CP-CPLEX.mod
[runlim] argv[3]:		./graphs/harwell_boeing/F-curtis54.dat
[runlim] start:			Sun Oct 12 03:08:28 2025
[runlim] main pid:		227883
[runlim] log captured:

<<< setup


<<< generate


<<< solve


OBJECTIVE: 10
Objective value (b): 10
Labels:  [12 9 23 10 20 47 25 4 30 54 24 13 38 26 6 11 27 29 21 50 16 18 46 8 7 36 37
     22 5 3 49 33 15 28 45 31 48 1 17 14 19 53 52 43 39 40 2 41 44 35 32 34
     42 51]
Vertex with maximum degree: 47

<<< post process


<<< done

[runlim] end:			Sun Oct 12 03:08:28 2025
[runlim] status:		ok
[runlim] result:		0
[runlim] children:		0
[runlim] real:			0.95 seconds
[runlim] time:			0.53 seconds
[runlim] space:			48.5 MB
[runlim] samples:		1
