[runlim] version:		1.10
[runlim] time limit:		311040000 seconds
[runlim] real time limit:	1800 seconds
[runlim] space limit:		30000 MB
[runlim] argv[0]:		oplrun
[runlim] argv[1]:		-deploy
[runlim] argv[2]:		CP-CPLEX.mod
[runlim] argv[3]:		./graphs/harwell_boeing/G-will57.dat
[runlim] start:			Sun Oct 12 03:08:28 2025
[runlim] main pid:		227893
[runlim] log captured:

<<< setup


<<< generate


<<< solve


OBJECTIVE: 11
Objective value (b): 11
Labels:  [44 11 22 50 1 12 35 23 14 45 43 7 10 2 54 5 48 36 33 37 20 49 51 42 40 25
     46 17 19 3 47 39 24 55 8 9 34 56 53 41 13 27 26 57 32 31 28 30 16 52 6
     29 38 4 15 21 18]
Vertex with maximum degree: 8

<<< post process


<<< done

[runlim] end:			Sun Oct 12 03:08:29 2025
[runlim] status:		ok
[runlim] result:		0
[runlim] children:		0
[runlim] real:			1.21 seconds
[runlim] time:			1.12 seconds
[runlim] space:			52.5 MB
[runlim] samples:		2
