[runlim] version:		1.10
[runlim] time limit:		311040000 seconds
[runlim] real time limit:	1800 seconds
[runlim] space limit:		30000 MB
[runlim] argv[0]:		oplrun
[runlim] argv[1]:		-deploy
[runlim] argv[2]:		CP-CPLEX.mod
[runlim] argv[3]:		./graphs/harwell_boeing/I-ash85.dat
[runlim] start:			Sun Oct 12 03:38:29 2025
[runlim] main pid:		230295
[runlim] log captured:

<<< setup


<<< generate

[runlim] sample:		59.7 time, 10.0 real, 72.5 MB

<<< solve


OBJECTIVE: 21
Objective value (b): 21
Labels:  [23 1 30 46 13 48 44 80 64 37 59 63 75 28 36 67 61 76 27 31 33 9 79 72 45 53
     22 74 52 12 66 58 81 78 54 32 15 17 4 71 49 16 77 7 18 19 82 42 10 85
     43 3 60 41 24 35 83 57 51 8 68 21 56 26 34 55 38 69 70 73 62 14 40 50
     6 5 29 2 20 65 39 11 47 84 25]
Vertex with maximum degree: 14

<<< post process


<<< done

[runlim] end:			Sun Oct 12 03:38:39 2025
[runlim] status:		ok
[runlim] result:		0
[runlim] children:		0
[runlim] real:			10.20 seconds
[runlim] time:			60.31 seconds
[runlim] space:			72.5 MB
[runlim] samples:		101
