[runlim] version:		1.10
[runlim] time limit:		311040000 seconds
[runlim] real time limit:	1800 seconds
[runlim] space limit:		30000 MB
[runlim] argv[0]:		oplrun
[runlim] argv[1]:		-deploy
[runlim] argv[2]:		CP-CPLEX.mod
[runlim] argv[3]:		./graphs/harwell_boeing/J-nos4.dat
[runlim] start:			Sun Oct 12 03:38:39 2025
[runlim] main pid:		230306
[runlim] log captured:

<<< setup


<<< generate

[runlim] sample:		62.0 time, 10.2 real, 79.0 MB

<<< solve


OBJECTIVE: 32
Objective value (b): 32
Labels:  [1 86 77 87 99 74 62 91 5 7 76 33 75 8 27 70 67 19 22 54 2 60 64 57 100 69
     11 25 32 29 59 90 18 82 51 63 35 97 84 14 52 17 41 89 49 16 31 43 21 78
     6 95 3 65 66 55 9 83 44 88 13 20 96 79 68 26 39 4 10 37 53 45 42 56 34
     23 61 48 47 93 46 12 98 94 40 73 24 36 85 92 15 58 28 80 38 71 81 50 72
     30]
Vertex with maximum degree: 1

<<< post process


<<< done

[runlim] end:			Sun Oct 12 03:38:53 2025
[runlim] status:		ok
[runlim] result:		0
[runlim] children:		0
[runlim] real:			14.73 seconds
[runlim] time:			89.54 seconds
[runlim] space:			79.8 MB
[runlim] samples:		145
