[runlim] version:		1.10
[runlim] time limit:		311040000 seconds
[runlim] real time limit:	1800 seconds
[runlim] space limit:		30000 MB
[runlim] argv[0]:		oplrun
[runlim] argv[1]:		-deploy
[runlim] argv[2]:		CP-CPLEX.mod
[runlim] argv[3]:		./graphs/harwell_boeing/L-bcspwr03.dat
[runlim] start:			Sun Oct 12 04:08:53 2025
[runlim] main pid:		233239
[runlim] log captured:

<<< setup


<<< generate


<<< solve


OBJECTIVE: 29
Objective value (b): 29
Labels:  [41 79 15 9 68 49 58 116 11 8 33 90 99 63 10 43 27 101 93 16 29 83 64 84 106
     32 96 78 35 103 75 114 52 57 73 85 51 45 98 18 77 74 14 55 86 2 46 71
     36 3 44 24 100 117 56 34 109 47 110 1 23 89 88 112 12 95 7 118 92 30 4
     50 20 60 38 66 31 102 115 76 72 39 26 67 19 37 6 82 91 13 62 53 97 48
     70 80 5 108 94 21 40 17 65 25 59 42 69 107 54 61 22 87 105 104 113 28
     81 111]
Vertex with maximum degree: 105

<<< post process


<<< done

[runlim] end:			Sun Oct 12 04:08:53 2025
[runlim] status:		ok
[runlim] result:		0
[runlim] children:		0
[runlim] real:			0.91 seconds
[runlim] time:			4.60 seconds
[runlim] space:			71.3 MB
[runlim] samples:		8
