[runlim] version:		1.10
[runlim] time limit:		311040000 seconds
[runlim] real time limit:	1800 seconds
[runlim] space limit:		30000 MB
[runlim] argv[0]:		oplrun
[runlim] argv[1]:		-deploy
[runlim] argv[2]:		CP-CPLEX.mod
[runlim] argv[3]:		./graphs/harwell_boeing/U-662_bus.dat
[runlim] start:			Sun Oct 12 07:39:19 2025
[runlim] main pid:		248987
[runlim] log captured:

<<< setup


<<< generate

[runlim] sample:		60.0 time, 10.0 real, 530.3 MB
[runlim] sample:		114.6 time, 20.0 real, 905.2 MB
[runlim] sample:		160.6 time, 30.0 real, 962.4 MB
[runlim] sample:		213.6 time, 40.0 real, 973.5 MB
[runlim] sample:		267.9 time, 50.0 real, 980.7 MB
[runlim] sample:		322.4 time, 60.0 real, 984.9 MB
[runlim] sample:		376.6 time, 70.0 real, 989.5 MB
[runlim] sample:		432.4 time, 80.0 real, 997.0 MB
[runlim] sample:		488.3 time, 90.0 real, 1005.7 MB
[runlim] sample:		543.1 time, 100.0 real, 1018.9 MB
[runlim] sample:		597.4 time, 110.0 real, 1037.2 MB
[runlim] sample:		651.4 time, 120.0 real, 1048.8 MB
[runlim] sample:		708.0 time, 130.0 real, 1055.2 MB
[runlim] sample:		761.8 time, 140.0 real, 1061.4 MB
[runlim] sample:		814.7 time, 150.0 real, 1066.3 MB
[runlim] sample:		869.2 time, 160.0 real, 1072.2 MB
[runlim] sample:		923.4 time, 170.0 real, 1077.7 MB
[runlim] sample:		978.9 time, 180.0 real, 1082.6 MB
[runlim] sample:		1031.2 time, 190.0 real, 1085.7 MB
[runlim] sample:		1086.0 time, 200.0 real, 1089.0 MB
[runlim] sample:		1139.0 time, 210.0 real, 1092.4 MB
[runlim] sample:		1192.2 time, 220.0 real, 1096.5 MB
[runlim] sample:		1246.4 time, 230.0 real, 1102.3 MB
[runlim] sample:		1299.9 time, 240.0 real, 1111.4 MB
[runlim] sample:		1353.0 time, 250.0 real, 1117.9 MB
[runlim] sample:		1406.0 time, 260.0 real, 1124.0 MB
[runlim] sample:		1458.1 time, 270.0 real, 1130.4 MB
[runlim] sample:		1511.9 time, 280.0 real, 1133.0 MB
[runlim] sample:		1564.0 time, 290.0 real, 1141.0 MB
[runlim] sample:		1614.7 time, 300.0 real, 1145.8 MB
[runlim] sample:		1669.1 time, 310.0 real, 1152.9 MB
[runlim] sample:		1723.5 time, 320.0 real, 1159.9 MB

<<< solve


OBJECTIVE: 165
Objective value (b): 165
Labels:  [545 267 643 212 654 82 573 558 402 336 230 452 83 144 292 31 245 139 95 434
     318 638 11 564 332 341 239 201 621 644 482 631 406 166 80 104 289 344
     110 382 649 599 231 50 572 174 216 563 335 186 160 538 525 618 540 592
     346 25 585 66 271 504 146 520 100 485 77 327 63 175 46 264 350 249 548
     184 505 357 133 131 187 622 161 533 81 502 158 157 268 651 507 248 92
     462 384 609 155 148 480 605 169 259 204 391 456 276 191 79 414 393 475
     65 76 258 398 500 461 471 309 324 162 173 570 360 437 365 38 313 367 198
     625 465 281 463 45 580 377 263 311 232 396 99 597 145 455 101 553 510
     464 616 189 619 64 171 498 373 588 19 17 219 48 188 359 560 659 307 410
     41 447 554 321 26 70 418 555 98 154 96 280 372 349 523 578 598 439 516
     352 213 138 587 489 416 366 431 376 375 356 252 15 543 170 274 24 574
     90 448 577 550 13 124 218 362 40 524 409 566 606 387 116 194 74 119 479
     634 285 567 208 653 52 527 122 400 275 444 513 467 640 141 412 534 639
     378 614 509 179 495 205 557 58 304 542 345 176 140 535 339 361 381 389
     125 581 411 490 299 326 53 407 514 199 115 59 338 314 39 49 427 492 261
     134 67 55 210 61 484 223 320 88 397 576 319 582 593 529 132 237 107 178
     35 446 438 636 220 89 469 16 136 236 468 302 103 383 165 255 590 395 494
     458 488 85 596 308 62 652 369 69 27 515 112 401 562 269 71 575 633 123
     14 9 626 57 181 8 565 426 552 483 354 611 153 478 404 260 433 331 30 286
     130 642 143 312 244 109 128 603 583 6 282 355 177 343 333 233 435 118
     47 147 4 111 277 419 60 628 7 317 209 127 228 408 226 556 472 193 503
     91 305 329 499 519 586 225 607 506 624 610 310 265 235 293 298 222 43
     164 240 589 5 348 547 78 537 121 351 315 392 224 661 508 196 250 379 72
     306 353 422 1 617 303 531 323 457 658 551 84 648 342 340 93 87 528 423
     33 571 279 180 512 142 436 266 185 36 493 29 295 374 549 172 579 466 102
     151 10 149 650 429 229 257 442 627 430 182 214 594 511 241 234 51 117
     287 425 68 635 459 291 221 445 272 656 37 358 600 183 190 297 497 546
     595 591 403 2 450 424 294 526 491 601 203 517 441 420 106 301 440 623
     604 168 470 32 620 200 518 637 584 129 215 12 97 413 328 105 368 94 238
     646 473 334 28 197 211 22 662 273 539 476 322 451 114 385 536 370 23 262
     256 645 316 150 363 300 364 386 284 613 486 522 521 559 496 44 394 135
     660 417 325 460 108 207 544 54 629 192 137 641 347 388 608 270 632 390
     568 337 615 283 73 415 113 290 243 477 251 75 453 288 630 86 532 159 399
     163 242 254 432 481 156 3 20 217 530 501 120 206 487 296 454 449 246 569
     428 247 655 405 167 227 42 56 195 443 21 253 474 421 202 612 602 657 126
     371 647 18 561 330 152 541 380 34 278]
Vertex with maximum degree: 221

<<< post process


<<< done

[runlim] end:			Sun Oct 12 07:44:39 2025
[runlim] status:		ok
[runlim] result:		0
[runlim] children:		0
[runlim] real:			320.31 seconds
[runlim] time:			1724.18 seconds
[runlim] space:			1159.9 MB
[runlim] samples:		3202
