[runlim] version:		1.10
[runlim] time limit:		311040000 seconds
[runlim] real time limit:	1800 seconds
[runlim] space limit:		30000 MB
[runlim] argv[0]:		python3
[runlim] argv[1]:		model_MIP_CPLEX.py
[runlim] argv[2]:		./graph/double_star/double_star_150_20.txt
[runlim] start:			Mon Nov  3 01:07:47 2025
[runlim] main pid:		2850
[runlim] log captured:
(w = 4) Building and Solving
Value Cyclic-Antibandwidth: 4
Labels: [57, 52, 131, 89, 121, 162, 32, 26, 37, 170, 87, 155, 118, 98, 80, 34, 12, 85, 90, 95, 50, 128, 64, 147, 10, 94, 41, 67, 36, 25, 17, 72, 126, 78, 46, 3, 146, 104, 69, 148, 38, 160, 31, 30, 102, 101, 96, 145, 76, 123, 73, 62, 159, 114, 93, 139, 125, 86, 156, 70, 65, 132, 103, 21, 2, 165, 150, 140, 16, 138, 82, 163, 42, 154, 71, 130, 1, 127, 164, 49, 33, 7, 105, 74, 135, 48, 109, 133, 20, 91, 152, 92, 8, 9, 18, 81, 75, 79, 142, 77, 68, 167, 22, 97, 47, 129, 151, 112, 144, 149, 116, 100, 141, 14, 23, 35, 24, 119, 45, 157, 136, 53, 5, 51, 6, 111, 84, 13, 44, 4, 122, 15, 117, 11, 43, 115, 110, 153, 88, 99, 40, 27, 63, 29, 108, 168, 120, 166, 107, 158, 83, 137, 124, 54, 169, 134, 56, 143, 28, 55, 106, 19, 59, 66, 113, 61, 39, 58, 161, 60]
Correct solution
(w = 5) Building and Solving
Value Cyclic-Antibandwidth: 5
Labels: [57, 52, 131, 89, 121, 162, 32, 26, 37, 170, 87, 155, 118, 98, 80, 34, 12, 85, 90, 95, 50, 128, 45, 147, 10, 94, 41, 67, 36, 25, 17, 72, 126, 78, 46, 3, 146, 104, 69, 148, 38, 160, 31, 30, 102, 101, 96, 145, 76, 123, 73, 62, 159, 114, 93, 139, 125, 86, 156, 70, 65, 132, 103, 21, 2, 68, 150, 165, 16, 138, 82, 163, 42, 154, 71, 130, 1, 127, 164, 49, 33, 7, 105, 74, 135, 48, 109, 133, 20, 91, 152, 92, 8, 9, 18, 81, 75, 79, 142, 77, 64, 167, 22, 97, 47, 129, 151, 112, 144, 149, 116, 100, 141, 14, 23, 35, 24, 119, 106, 157, 136, 140, 5, 51, 6, 111, 84, 13, 44, 4, 122, 15, 117, 11, 43, 115, 110, 153, 88, 99, 40, 27, 63, 29, 108, 168, 120, 166, 107, 158, 83, 137, 124, 54, 169, 134, 56, 143, 28, 55, 58, 19, 59, 66, 113, 61, 39, 53, 161, 60]
Correct solution
(w = 6) Building and Solving
Value Cyclic-Antibandwidth: 6
Labels: [1, 153, 18, 164, 161, 162, 160, 93, 95, 92, 96, 75, 108, 85, 136, 97, 132, 79, 49, 26, 135, 84, 73, 140, 56, 141, 7, 20, 44, 28, 41, 74, 34, 45, 62, 110, 13, 43, 27, 151, 19, 105, 112, 87, 109, 144, 134, 124, 120, 133, 46, 48, 55, 80, 66, 64, 9, 25, 116, 51, 14, 42, 60, 77, 30, 22, 118, 63, 59, 155, 156, 98, 12, 131, 47, 32, 106, 10, 11, 31, 33, 111, 21, 139, 142, 119, 69, 145, 143, 99, 165, 16, 50, 8, 89, 163, 38, 94, 37, 130, 148, 159, 15, 76, 57, 86, 123, 107, 61, 78, 102, 71, 53, 82, 154, 81, 104, 152, 121, 70, 126, 158, 101, 23, 39, 114, 88, 157, 54, 150, 129, 149, 147, 91, 100, 146, 83, 122, 113, 65, 138, 52, 17, 24, 35, 127, 125, 117, 36, 67, 103, 170, 4, 72, 169, 168, 166, 115, 68, 58, 90, 29, 40, 6, 167, 5, 3, 137, 2, 128]
Correct solution
(w = 7) Building and Solving
Value Cyclic-Antibandwidth: 7
Labels: [61, 53, 1, 76, 167, 169, 52, 54, 40, 51, 39, 33, 16, 27, 15, 9, 5, 6, 7, 8, 2, 170, 3, 4, 11, 12, 13, 10, 14, 17, 23, 18, 19, 20, 24, 21, 25, 22, 26, 29, 48, 32, 30, 28, 31, 35, 49, 36, 37, 34, 38, 41, 50, 42, 43, 44, 45, 46, 47, 74, 154, 160, 155, 68, 69, 73, 157, 71, 162, 70, 72, 153, 168, 152, 150, 151, 163, 149, 77, 78, 79, 80, 81, 83, 84, 85, 86, 82, 87, 88, 89, 90, 91, 92, 93, 94, 95, 96, 97, 98, 99, 100, 101, 102, 103, 104, 105, 106, 107, 108, 109, 110, 111, 112, 113, 114, 115, 116, 117, 118, 119, 120, 121, 122, 123, 124, 125, 126, 127, 128, 129, 130, 131, 132, 133, 134, 135, 136, 137, 138, 139, 140, 141, 166, 142, 144, 145, 146, 147, 148, 143, 67, 66, 63, 59, 65, 57, 60, 62, 156, 158, 159, 64, 161, 56, 75, 164, 165, 55, 58]
Correct solution
(w = 8) Building and Solving
Value Cyclic-Antibandwidth: 8
Labels: [1, 18, 148, 37, 25, 91, 144, 92, 95, 94, 98, 76, 109, 119, 136, 99, 132, 115, 38, 120, 133, 82, 71, 96, 63, 73, 149, 66, 138, 130, 39, 72, 80, 49, 105, 33, 90, 10, 123, 100, 17, 141, 110, 85, 107, 142, 77, 122, 13, 131, 74, 46, 52, 21, 43, 62, 27, 23, 60, 89, 162, 124, 58, 106, 28, 20, 55, 152, 14, 154, 93, 101, 56, 108, 45, 41, 104, 129, 121, 29, 31, 15, 19, 137, 140, 117, 26, 143, 159, 87, 81, 16, 146, 9, 86, 84, 35, 64, 116, 75, 145, 30, 12, 163, 54, 57, 161, 47, 153, 32, 160, 68, 40, 79, 151, 78, 150, 22, 118, 50, 139, 157, 11, 48, 70, 111, 135, 34, 51, 44, 114, 147, 83, 134, 102, 128, 126, 125, 113, 65, 88, 97, 69, 24, 112, 53, 61, 59, 36, 67, 103, 158, 4, 170, 2, 169, 168, 167, 166, 6, 42, 165, 8, 155, 5, 7, 3, 164, 156, 127]
Correct solution
(w = 9) Building and Solving
[runlim] sample:		14.2 time, 11.0 real, 192.7 MB
Value Cyclic-Antibandwidth: 9
Labels: [1, 86, 149, 89, 113, 64, 95, 126, 98, 99, 73, 75, 108, 85, 34, 100, 16, 133, 38, 24, 87, 82, 71, 97, 62, 72, 118, 106, 137, 129, 154, 30, 80, 49, 105, 116, 10, 40, 151, 101, 17, 141, 110, 136, 107, 140, 132, 122, 13, 91, 45, 144, 67, 22, 65, 63, 28, 130, 46, 90, 57, 125, 59, 128, 29, 96, 56, 153, 159, 156, 20, 155, 58, 61, 47, 43, 55, 131, 123, 31, 33, 42, 160, 74, 142, 119, 69, 145, 161, 109, 83, 15, 148, 11, 88, 50, 115, 66, 81, 77, 147, 78, 14, 143, 138, 26, 162, 48, 121, 76, 32, 117, 41, 19, 152, 79, 146, 23, 157, 51, 124, 158, 12, 21, 37, 112, 139, 35, 52, 111, 134, 27, 120, 94, 103, 102, 150, 18, 114, 84, 127, 53, 39, 25, 36, 54, 93, 60, 70, 68, 104, 2, 5, 4, 3, 166, 135, 6, 9, 44, 164, 169, 170, 7, 168, 8, 92, 165, 167, 163]
Correct solution
(w = 10) Building and Solving
Value Cyclic-Antibandwidth: 10
Labels: [1, 51, 145, 90, 91, 92, 94, 97, 99, 100, 52, 74, 107, 84, 148, 101, 14, 117, 36, 142, 86, 81, 61, 98, 53, 72, 157, 106, 137, 128, 153, 70, 29, 47, 57, 161, 88, 155, 22, 136, 15, 39, 108, 134, 105, 147, 130, 120, 11, 82, 42, 44, 50, 19, 62, 60, 13, 122, 133, 87, 160, 38, 56, 73, 26, 93, 129, 150, 59, 152, 16, 151, 54, 127, 43, 159, 125, 132, 24, 27, 124, 114, 37, 135, 138, 115, 65, 141, 139, 79, 110, 95, 46, 146, 85, 28, 34, 63, 78, 126, 144, 75, 111, 140, 156, 113, 118, 45, 158, 30, 102, 25, 55, 77, 149, 71, 143, 20, 154, 48, 121, 66, 67, 18, 68, 109, 83, 32, 89, 76, 112, 23, 116, 40, 41, 103, 96, 119, 17, 80, 123, 49, 12, 21, 31, 104, 58, 35, 33, 64, 69, 168, 169, 170, 166, 167, 131, 162, 165, 8, 163, 10, 6, 5, 164, 4, 2, 3, 9, 7]
Correct solution
(w = 11) Building and Solving
w = 11 larger upper bounds
Final result: CAB = 10
Labels = [1, 51, 145, 90, 91, 92, 94, 97, 99, 100, 52, 74, 107, 84, 148, 101, 14, 117, 36, 142, 86, 81, 61, 98, 53, 72, 157, 106, 137, 128, 153, 70, 29, 47, 57, 161, 88, 155, 22, 136, 15, 39, 108, 134, 105, 147, 130, 120, 11, 82, 42, 44, 50, 19, 62, 60, 13, 122, 133, 87, 160, 38, 56, 73, 26, 93, 129, 150, 59, 152, 16, 151, 54, 127, 43, 159, 125, 132, 24, 27, 124, 114, 37, 135, 138, 115, 65, 141, 139, 79, 110, 95, 46, 146, 85, 28, 34, 63, 78, 126, 144, 75, 111, 140, 156, 113, 118, 45, 158, 30, 102, 25, 55, 77, 149, 71, 143, 20, 154, 48, 121, 66, 67, 18, 68, 109, 83, 32, 89, 76, 112, 23, 116, 40, 41, 103, 96, 119, 17, 80, 123, 49, 12, 21, 31, 104, 58, 35, 33, 64, 69, 168, 169, 170, 166, 167, 131, 162, 165, 8, 163, 10, 6, 5, 164, 4, 2, 3, 9, 7]
[runlim] end:			Mon Nov  3 01:08:05 2025
[runlim] status:		ok
[runlim] result:		0
[runlim] children:		0
[runlim] real:			18.70 seconds
[runlim] time:			27.36 seconds
[runlim] space:			420.9 MB
[runlim] samples:		177
