[runlim] version:		1.10
[runlim] time limit:		311040000 seconds
[runlim] real time limit:	1800 seconds
[runlim] space limit:		30000 MB
[runlim] argv[0]:		python3
[runlim] argv[1]:		model_MIP_CPLEX.py
[runlim] argv[2]:		./graph/double_star/double_star_50_25.txt
[runlim] start:			Mon Nov  3 01:07:12 2025
[runlim] main pid:		2346
[runlim] log captured:
(w = 4) Building and Solving
Value Cyclic-Antibandwidth: 4
Labels: [21, 7, 40, 70, 42, 67, 72, 74, 63, 61, 12, 66, 60, 27, 47, 57, 2, 62, 31, 75, 30, 35, 54, 39, 51, 50, 29, 68, 53, 3, 10, 46, 55, 45, 59, 43, 38, 71, 34, 69, 33, 56, 52, 49, 58, 48, 44, 41, 65, 64, 32, 25, 16, 24, 23, 20, 73, 6, 14, 5, 17, 37, 13, 4, 22, 36, 9, 8, 28, 26, 15, 1, 19, 18, 11]
Correct solution
(w = 5) Building and Solving
Value Cyclic-Antibandwidth: 5
Labels: [21, 7, 40, 70, 42, 67, 52, 72, 63, 61, 12, 66, 60, 27, 47, 57, 8, 62, 33, 32, 38, 2, 54, 39, 51, 50, 35, 68, 53, 3, 10, 46, 55, 45, 59, 43, 37, 71, 34, 69, 29, 56, 15, 49, 58, 48, 44, 16, 65, 64, 41, 25, 75, 24, 23, 20, 11, 6, 14, 5, 30, 73, 13, 4, 22, 36, 9, 31, 28, 26, 19, 1, 74, 18, 17]
Correct solution
(w = 6) Building and Solving
Value Cyclic-Antibandwidth: 6
Labels: [10, 40, 18, 70, 74, 67, 52, 33, 63, 61, 23, 66, 60, 27, 47, 57, 26, 62, 31, 24, 30, 2, 54, 34, 51, 50, 35, 68, 53, 38, 41, 46, 55, 45, 59, 43, 42, 16, 19, 69, 28, 56, 32, 49, 58, 48, 44, 25, 65, 64, 29, 13, 75, 8, 15, 20, 11, 3, 39, 5, 21, 73, 71, 6, 22, 36, 9, 14, 4, 37, 72, 1, 7, 12, 17]
Correct solution
(w = 7) Building and Solving
Value Cyclic-Antibandwidth: 7
Labels: [10, 40, 18, 67, 74, 42, 52, 22, 63, 61, 23, 66, 60, 27, 47, 57, 26, 62, 31, 24, 30, 2, 54, 39, 51, 50, 35, 68, 53, 3, 19, 46, 55, 41, 59, 45, 38, 34, 28, 69, 33, 56, 32, 49, 58, 48, 44, 25, 65, 64, 29, 13, 75, 70, 15, 20, 11, 43, 14, 5, 21, 73, 71, 6, 16, 36, 9, 8, 4, 37, 72, 1, 7, 12, 17]
Correct solution
(w = 8) Building and Solving
Value Cyclic-Antibandwidth: 8
Labels: [21, 40, 71, 67, 9, 42, 52, 74, 63, 61, 12, 66, 60, 32, 47, 57, 8, 62, 10, 41, 13, 2, 54, 1, 73, 50, 35, 68, 53, 38, 11, 46, 55, 6, 59, 45, 37, 7, 44, 34, 75, 56, 3, 49, 58, 48, 65, 4, 51, 64, 5, 27, 16, 31, 23, 72, 70, 43, 25, 20, 30, 69, 39, 14, 22, 36, 24, 29, 28, 26, 15, 17, 19, 18, 33]
Correct solution
(w = 9) Building and Solving
Value Cyclic-Antibandwidth: 9
Labels: [21, 40, 71, 67, 74, 34, 52, 72, 63, 61, 12, 66, 60, 42, 47, 57, 8, 62, 31, 43, 30, 2, 54, 39, 73, 50, 75, 45, 53, 3, 10, 46, 55, 41, 59, 4, 37, 7, 36, 44, 33, 56, 32, 49, 58, 48, 65, 35, 51, 64, 38, 27, 16, 24, 23, 20, 70, 6, 25, 5, 17, 69, 13, 14, 22, 68, 9, 29, 28, 26, 15, 1, 19, 18, 11]
Correct solution
(w = 10) Building and Solving
Value Cyclic-Antibandwidth: 10
Labels: [21, 69, 40, 52, 74, 42, 2, 72, 63, 61, 46, 66, 60, 32, 47, 57, 67, 62, 33, 45, 34, 8, 54, 39, 73, 50, 35, 9, 53, 38, 10, 43, 55, 6, 59, 71, 37, 7, 36, 44, 75, 56, 3, 49, 58, 48, 65, 4, 51, 64, 41, 27, 16, 31, 23, 12, 11, 26, 25, 20, 30, 70, 13, 14, 22, 68, 24, 5, 28, 29, 15, 1, 19, 18, 17]
Correct solution
(w = 11) Building and Solving
Value Cyclic-Antibandwidth: 11
Labels: [10, 40, 21, 52, 74, 47, 36, 22, 63, 61, 46, 57, 60, 27, 45, 71, 67, 62, 31, 24, 38, 30, 54, 39, 23, 50, 35, 73, 53, 66, 72, 43, 55, 41, 59, 29, 42, 34, 28, 44, 33, 56, 32, 49, 58, 48, 65, 25, 51, 64, 37, 75, 16, 15, 18, 20, 70, 3, 14, 5, 17, 69, 13, 6, 2, 68, 9, 8, 4, 26, 19, 1, 7, 12, 11]
Correct solution
(w = 12) Building and Solving
Value Cyclic-Antibandwidth: 12
Labels: [37, 1, 2, 3, 4, 5, 6, 7, 8, 9, 10, 11, 12, 13, 14, 15, 16, 17, 18, 19, 20, 21, 22, 23, 24, 25, 49, 50, 51, 52, 53, 54, 55, 56, 57, 58, 59, 60, 61, 64, 65, 66, 67, 68, 69, 70, 71, 72, 73, 74, 75, 62, 63, 26, 27, 28, 29, 30, 31, 32, 33, 34, 35, 36, 38, 39, 40, 41, 42, 43, 44, 45, 46, 47, 48]
Correct solution
(w = 13) Building and Solving
Value Cyclic-Antibandwidth: 13
Labels: [37, 1, 2, 3, 4, 5, 6, 7, 8, 9, 10, 11, 12, 13, 14, 15, 16, 17, 18, 19, 20, 21, 22, 23, 24, 50, 51, 52, 53, 54, 55, 56, 57, 58, 59, 60, 61, 62, 63, 64, 65, 66, 67, 68, 69, 70, 71, 72, 73, 74, 75, 25, 26, 27, 28, 29, 30, 31, 32, 33, 34, 35, 36, 38, 39, 40, 41, 42, 43, 44, 45, 46, 47, 48, 49]
Correct solution
(w = 14) Building and Solving
w = 14 larger upper bounds
Final result: CAB = 13
Labels = [37, 1, 2, 3, 4, 5, 6, 7, 8, 9, 10, 11, 12, 13, 14, 15, 16, 17, 18, 19, 20, 21, 22, 23, 24, 50, 51, 52, 53, 54, 55, 56, 57, 58, 59, 60, 61, 62, 63, 64, 65, 66, 67, 68, 69, 70, 71, 72, 73, 74, 75, 25, 26, 27, 28, 29, 30, 31, 32, 33, 34, 35, 36, 38, 39, 40, 41, 42, 43, 44, 45, 46, 47, 48, 49]
[runlim] end:			Mon Nov  3 01:07:15 2025
[runlim] status:		ok
[runlim] result:		0
[runlim] children:		0
[runlim] real:			3.85 seconds
[runlim] time:			2.82 seconds
[runlim] space:			72.5 MB
[runlim] samples:		28
