[runlim] version:		1.10
[runlim] time limit:		311040000 seconds
[runlim] real time limit:	1800 seconds
[runlim] space limit:		30000 MB
[runlim] argv[0]:		python3
[runlim] argv[1]:		model_MIP_CPLEX.py
[runlim] argv[2]:		./graph/double_star/double_star_15_12.txt
[runlim] start:			Mon Nov  3 01:06:59 2025
[runlim] main pid:		1752
[runlim] log captured:
(w = 4) Building and Solving
Value Cyclic-Antibandwidth: 4
Labels: [5, 14, 24, 21, 23, 22, 17, 27, 19, 9, 18, 26, 13, 20, 15, 16, 10, 25, 3, 11, 12, 7, 6, 1, 8, 4, 2]
Correct solution
(w = 5) Building and Solving
Value Cyclic-Antibandwidth: 5
Labels: [12, 24, 25, 21, 23, 22, 4, 2, 19, 5, 18, 3, 27, 20, 26, 1, 10, 13, 16, 11, 15, 17, 9, 14, 8, 6, 7]
Correct solution
(w = 6) Building and Solving
Value Cyclic-Antibandwidth: 6
Labels: [12, 19, 1, 21, 5, 20, 18, 6, 26, 2, 22, 23, 3, 27, 25, 24, 10, 17, 9, 4, 16, 15, 14, 11, 7, 8, 13]
Correct solution
(w = 7) Building and Solving
w = 7 larger upper bounds
Final result: CAB = 6
Labels = [12, 19, 1, 21, 5, 20, 18, 6, 26, 2, 22, 23, 3, 27, 25, 24, 10, 17, 9, 4, 16, 15, 14, 11, 7, 8, 13]
[runlim] end:			Mon Nov  3 01:06:59 2025
[runlim] status:		ok
[runlim] result:		0
[runlim] children:		0
[runlim] real:			0.52 seconds
[runlim] time:			0.08 seconds
[runlim] space:			30.6 MB
[runlim] samples:		1
