[runlim] version:		1.10
[runlim] time limit:		311040000 seconds
[runlim] real time limit:	1800 seconds
[runlim] space limit:		30000 MB
[runlim] argv[0]:		python3
[runlim] argv[1]:		model.py
[runlim] argv[2]:		./graph/3dmesh/3dmesh_6_6_36.txt
[runlim] start:			Mon Nov  3 15:51:30 2025
[runlim] main pid:		22073
[runlim] log captured:
Set parameter WLSAccessID
Set parameter WLSSecret
Set parameter LicenseID to value 2663665
Academic license 2663665 - for non-commercial use only - registered to tu___@vnu.edu.vn
Set parameter TimeLimit to value 1800
[runlim] sample:		10.0 time, 10.1 real, 799.7 MB
[runlim] sample:		20.0 time, 20.1 real, 851.5 MB
[runlim] sample:		30.0 time, 30.1 real, 966.9 MB
[runlim] sample:		40.0 time, 40.1 real, 1096.0 MB
[runlim] sample:		50.0 time, 50.1 real, 1218.4 MB
[runlim] sample:		60.1 time, 60.1 real, 1311.8 MB
[runlim] sample:		70.1 time, 70.1 real, 1485.0 MB
[runlim] sample:		80.1 time, 80.1 real, 1586.9 MB
[runlim] sample:		90.1 time, 90.1 real, 1724.6 MB
[runlim] sample:		100.1 time, 100.1 real, 1827.6 MB
[runlim] sample:		110.1 time, 110.1 real, 1924.4 MB
[runlim] sample:		120.1 time, 120.1 real, 2118.7 MB
[runlim] sample:		130.1 time, 130.1 real, 2225.3 MB
[runlim] sample:		140.2 time, 140.1 real, 2333.4 MB
(w = 4) Value Cyclicantibandwidth: 4
Lables: [1000, 573, 467, 364, 23, 93, 790, 469, 118, 304, 141, 1014, 555, 128, 182, 1108, 931, 878, 42, 607, 683, 437, 706, 1205, 221, 922, 381, 259, 1069, 760, 408, 288, 374, 895, 792, 328, 733, 1200, 1149, 510, 1179, 475, 976, 553, 699, 938, 390, 932, 710, 1085, 635, 20, 1218, 361, 269, 481, 91, 694, 466, 927, 13, 1246, 1291, 173, 791, 1251, 565, 554, 251, 1005, 633, 248, 900, 307, 781, 894, 102, 158, 534, 650, 1144, 142, 246, 406, 382, 743, 594, 1079, 109, 1023, 631, 723, 983, 627, 1122, 941, 1003, 978, 1086, 342, 1051, 863, 1230, 764, 295, 625, 222, 572, 1290, 431, 375, 645, 211, 603, 751, 1009, 1070, 930, 672, 1160, 226, 237, 87, 1112, 78, 1250, 855, 419, 926, 55, 964, 1231, 1038, 1188, 1254, 539, 384, 1097, 1185, 443, 732, 302, 1166, 33, 286, 181, 519, 1109, 1148, 659, 1240, 430, 260, 136, 1024, 597, 334, 389, 1186, 458, 1269, 985, 735, 793, 485, 1168, 702, 609, 653, 821, 1208, 264, 9, 1216, 974, 270, 1177, 463, 179, 1136, 1134, 809, 503, 474, 499, 349, 494, 191, 1028, 1052, 604, 1207, 414, 61, 293, 8, 681, 411, 630, 560, 663, 1, 198, 337, 287, 88, 224, 813, 63, 236, 17, 367, 1228, 1114, 725, 266, 1151, 45, 165, 810, 868, 874, 395, 86, 256, 862, 527, 501, 584, 919, 1253, 829, 216, 340, 460, 1101, 715, 1279, 105, 452, 100, 180, 417, 1117, 1129, 762, 1152, 50, 660, 1157, 1189, 960, 1091, 692, 772, 351, 620, 204, 866, 948, 5, 1292, 504, 545, 1169, 1283, 409, 453, 909, 346, 718, 2, 729, 1081, 1037, 662, 427, 664, 30, 571, 1048, 35, 1225, 316, 969, 994, 1161, 132, 566, 1180, 1022, 283, 637, 690, 278, 1193, 49, 1027, 1197, 235, 629, 442, 368, 1007, 149, 127, 146, 581, 360, 448, 923, 53, 1044, 350, 802, 906, 648, 530, 1249, 1090, 666, 575, 394, 1040, 135, 951, 1220, 734, 254, 750, 306, 407, 1175, 257, 208, 363, 638, 517, 773, 376, 995, 1119, 886, 21, 915, 258, 880, 933, 531, 262, 989, 1092, 106, 38, 164, 882, 691, 357, 580, 849, 1192, 465, 818, 313, 40, 32, 1163, 37, 6, 152, 511, 898, 1073, 680, 1068, 1156, 202, 1132, 282, 1036, 22, 356, 1221, 788, 171, 217, 15, 1256, 795, 1111, 397, 592, 1191, 973, 727, 910, 1124, 379, 540, 82, 741, 104, 748, 859, 388, 891, 639, 870, 1234, 312, 1203, 682, 1140, 628, 1294, 693, 229, 96, 478, 892, 830, 544, 404, 908, 1071, 366, 457, 433, 815, 103, 71, 901, 92, 69, 19, 641, 833, 1243, 847, 949, 482, 841, 184, 1046, 369, 319, 151, 925, 1159, 825, 1274, 107, 398, 284, 724, 551, 588, 1113, 1262, 294, 655, 623, 261, 97, 157, 739, 1184, 805, 10, 314, 885, 1171, 311, 714, 975, 547, 1267, 576, 1271, 1011, 155, 632, 1118, 844, 562, 163, 298, 746, 873, 1285, 471, 99, 615, 1260, 1224, 240, 911, 290, 679, 194, 64, 192, 355, 611, 175, 1223, 1016, 1273, 1194, 31, 586, 1041, 924, 775, 51, 676, 622, 1295, 968, 929, 39, 1217, 213, 883, 1178, 509, 244, 225, 267, 756, 744, 935, 651, 326, 1138, 1206, 459, 601, 1093, 359, 47, 131, 828, 162, 449, 890, 1268, 111, 822, 473, 273, 199, 667, 170, 154, 673, 230, 1293, 738, 1182, 480, 1095, 249, 372, 425, 1001, 570, 89, 887, 1060, 36, 387, 867, 331, 233, 299, 991, 644, 1147, 172, 1010, 73, 239, 1237, 842, 140, 195, 907, 577, 879, 201, 1242, 508, 582, 231, 533, 1120, 421, 543, 1289, 279, 1282, 1212, 824, 34, 990, 759, 44, 1236, 1284, 303, 1078, 1201, 834, 583, 1058, 27, 410, 113, 1272, 16, 1264, 1130, 1083, 218, 1233, 780, 1202, 232, 268, 1172, 704, 190, 589, 174, 769, 7, 853, 587, 980, 946, 605, 846, 358, 552, 148, 1248, 445, 72, 265, 477, 1094, 811, 1215, 80, 904, 857, 335, 1211, 728, 884, 967, 819, 1258, 537, 116, 153, 745, 524, 678, 94, 761, 1106, 916, 1077, 377, 984, 1049, 972, 1116, 219, 708, 1031, 301, 122, 220, 700, 110, 484, 1107, 1213, 101, 1170, 403, 168, 28, 861, 415, 1195, 709, 144, 138, 1245, 343, 621, 1126, 945, 647, 777, 424, 656, 75, 875, 1288, 677, 462, 872, 392, 1173, 338, 1247, 420, 271, 1087, 520, 1098, 11, 518, 838, 574, 1244, 782, 362, 850, 1229, 275, 602, 1135, 1045, 624, 1261, 548, 238, 488, 54, 470, 937, 698, 183, 1252, 336, 1034, 214, 561, 619, 161, 515, 670, 785, 486, 835, 965, 713, 807, 823, 426, 558, 832, 285, 1066, 62, 160, 1278, 986, 203, 917, 12, 783, 300, 766, 771, 889, 1145, 393, 134, 1030, 1219, 189, 1039, 506, 436, 345, 66, 186, 385, 1270, 1019, 432, 1056, 130, 1139, 993, 1153, 167, 740, 324, 803, 1214, 1198, 115, 14, 26, 242, 277, 1002, 843, 1162, 578, 1257, 1080, 871, 497, 352, 1072, 228, 3, 1232, 108, 642, 56, 1020, 1255, 812, 688, 1266, 528, 98, 320, 687, 1174, 996, 952, 507, 74, 177, 29, 614, 386, 147, 613, 814, 865, 380, 402, 1012, 640, 947, 323, 1183, 595, 784, 137, 1187, 804, 837, 60, 479, 516, 675, 464, 416, 126, 1296, 742, 210, 903, 767, 981, 498, 263, 252, 721, 371, 321, 1275, 801, 1263, 546, 1265, 943, 896, 332, 451, 412, 77, 897, 1190, 289, 178, 483, 1088, 327, 753, 79, 668, 1127, 76, 542, 1035, 57, 1196, 309, 817, 315, 212, 1280, 1029, 848, 599, 987, 1102, 856, 1059, 954, 665, 532, 166, 383, 658, 305, 250, 1110, 145, 568, 997, 1099, 1006, 988, 808, 125, 456, 112, 1074, 953, 826, 1287, 1104, 979, 852, 1286, 720, 958, 755, 716, 253, 752, 876, 851, 341, 610, 956, 999, 197, 1158, 1053, 768, 1146, 820, 429, 590, 205, 450, 446, 333, 1064, 685, 827, 616, 564, 297, 963, 512, 786, 4, 255, 1050, 1061, 396, 800, 669, 120, 525, 206, 43, 1204, 348, 139, 159, 1176, 119, 1239, 1142, 921, 292, 955, 196, 1082, 1065, 455, 1089, 674, 526, 1143, 176, 247, 1057, 877, 1055, 864, 934, 912, 48, 200, 1133, 563, 569, 836, 765, 496, 776, 962, 689, 440, 982, 961, 579, 1103, 468, 770, 114, 329, 612, 944, 121, 522, 529, 1013, 1032, 1131, 860, 928, 726, 405, 971, 643, 339, 487, 854, 156, 617, 1100, 913, 799, 940, 1226, 428, 1277, 712, 899, 567, 797, 1235, 347, 936, 774, 188, 998, 444, 281, 207, 1154, 215, 1227, 83, 646, 787, 1241, 123, 596, 413, 535, 778, 1063, 435, 391, 549, 697, 1115, 1084, 1076, 636, 696, 90, 318, 227, 500, 276, 310, 354, 701, 129, 493, 513, 489, 557, 1062, 1054, 495, 758, 439, 816, 1165, 317, 1164, 657, 67, 695, 169, 1075, 942, 858, 41, 243, 1067, 717, 399, 550, 977, 85, 608, 52, 441, 703, 1096, 447, 461, 893, 831, 649, 671, 523, 1238, 845, 722, 730, 245, 353, 719, 763, 920, 70, 1026, 959, 491, 1042, 652, 711, 606, 1199, 966, 476, 330, 1021, 1181, 705, 291, 18, 626, 591, 618, 1043, 654, 521, 1167, 1004, 344, 736, 124, 133, 400, 322, 234, 731, 95, 888, 280, 634, 684, 65, 839, 46, 538, 881, 1121, 749, 536, 1150, 185, 401, 905, 434, 1105, 939, 806, 757, 68, 1141, 798, 1008, 1033, 585, 1209, 950, 373, 378, 598, 1017, 438, 559, 1276, 902, 187, 325, 1281, 272, 308, 789, 686, 150, 918, 1018, 754, 1047, 514, 541, 1123, 957, 707, 1015, 492, 1155, 423, 490, 193, 970, 84, 737, 1025, 296, 661, 840, 143, 59, 1137, 223, 992, 81, 914, 1222, 1259, 593, 600, 1210, 117, 505, 1128, 747, 25, 556, 502, 274, 58, 209, 1125, 779, 422, 370, 472, 794, 869, 418, 454, 24, 241, 365, 796]
(w = 4) Correct Cyclicantibandwidth
Set parameter TimeLimit to value 1800
[runlim] sample:		150.2 time, 150.1 real, 3653.7 MB
[runlim] sample:		160.2 time, 160.1 real, 4248.5 MB
[runlim] sample:		170.2 time, 170.1 real, 4310.0 MB
[runlim] sample:		180.2 time, 180.1 real, 4401.9 MB
[runlim] sample:		190.2 time, 190.1 real, 4554.6 MB
[runlim] sample:		200.2 time, 200.1 real, 4646.1 MB
[runlim] sample:		210.2 time, 210.1 real, 4738.9 MB
[runlim] sample:		220.3 time, 220.1 real, 4868.3 MB
[runlim] sample:		230.3 time, 230.1 real, 4967.0 MB
[runlim] sample:		240.3 time, 240.1 real, 5115.4 MB
[runlim] sample:		250.3 time, 250.1 real, 5230.1 MB
[runlim] sample:		260.4 time, 260.1 real, 5333.4 MB
[runlim] sample:		270.4 time, 270.1 real, 5430.0 MB
[runlim] sample:		280.4 time, 280.1 real, 5582.9 MB
[runlim] sample:		290.4 time, 290.1 real, 5683.5 MB
[runlim] sample:		300.4 time, 300.1 real, 5778.5 MB
[runlim] sample:		310.4 time, 310.1 real, 5877.6 MB
(w = 5) Value Cyclicantibandwidth: 5
Lables: [1000, 573, 467, 364, 23, 93, 790, 469, 118, 304, 141, 1014, 555, 128, 182, 1108, 931, 878, 42, 607, 683, 437, 706, 1205, 221, 922, 381, 259, 1069, 760, 408, 288, 374, 895, 792, 328, 733, 1200, 1149, 510, 1179, 475, 976, 553, 699, 938, 390, 932, 710, 1085, 635, 20, 1218, 361, 269, 481, 91, 694, 466, 927, 13, 1246, 1291, 173, 791, 1251, 565, 554, 251, 1005, 633, 248, 900, 307, 781, 894, 102, 158, 534, 650, 1144, 142, 246, 406, 382, 743, 594, 1079, 109, 1023, 631, 723, 983, 627, 1122, 941, 1003, 978, 1086, 342, 1051, 863, 1230, 764, 295, 625, 222, 572, 1290, 431, 375, 645, 211, 603, 751, 1009, 1070, 930, 672, 1160, 226, 237, 87, 1112, 78, 1250, 855, 419, 926, 55, 964, 1231, 1038, 1188, 1254, 539, 384, 1097, 1185, 443, 732, 302, 1166, 33, 286, 181, 519, 1109, 1148, 659, 1240, 430, 260, 136, 1024, 597, 334, 389, 1186, 458, 1269, 985, 735, 793, 485, 1168, 702, 609, 653, 821, 1208, 264, 9, 1216, 974, 270, 1177, 463, 179, 1136, 1134, 809, 503, 474, 499, 349, 494, 191, 1028, 1052, 604, 1207, 414, 61, 293, 8, 681, 411, 630, 560, 663, 1, 198, 337, 287, 88, 224, 813, 63, 236, 17, 367, 1228, 1114, 725, 266, 1151, 45, 165, 810, 868, 874, 395, 86, 256, 862, 527, 501, 584, 919, 1253, 829, 216, 340, 460, 1101, 715, 1279, 105, 452, 100, 180, 417, 1117, 1129, 762, 1152, 50, 660, 1157, 1189, 960, 1091, 692, 772, 351, 620, 204, 866, 948, 5, 1292, 504, 545, 1169, 1283, 409, 453, 909, 346, 718, 2, 729, 1081, 1037, 662, 427, 664, 30, 571, 1048, 35, 1225, 316, 969, 994, 1161, 132, 566, 1180, 1022, 283, 637, 690, 278, 1193, 49, 1027, 1197, 235, 629, 442, 368, 1007, 149, 127, 146, 581, 360, 448, 923, 53, 1044, 350, 802, 906, 648, 530, 1249, 1090, 666, 575, 394, 1040, 135, 951, 1220, 734, 254, 750, 306, 407, 1175, 257, 208, 363, 638, 517, 773, 376, 995, 1119, 886, 21, 915, 258, 880, 933, 531, 262, 989, 1092, 106, 38, 164, 882, 691, 357, 580, 849, 1192, 465, 818, 313, 40, 32, 1163, 37, 6, 152, 511, 898, 1073, 680, 1068, 1156, 202, 1132, 282, 1036, 22, 356, 1221, 788, 171, 217, 15, 1256, 795, 1111, 397, 592, 1191, 973, 727, 910, 1124, 379, 540, 82, 741, 104, 748, 859, 388, 891, 639, 870, 1234, 312, 1203, 682, 1140, 628, 1294, 693, 229, 96, 478, 892, 830, 544, 404, 908, 1071, 366, 457, 433, 815, 103, 71, 901, 92, 69, 19, 641, 833, 1243, 847, 949, 482, 841, 184, 1046, 369, 319, 151, 925, 1159, 825, 1274, 107, 398, 284, 724, 551, 588, 1113, 1262, 294, 655, 623, 261, 97, 157, 739, 1184, 805, 10, 314, 885, 1171, 311, 714, 975, 547, 1267, 576, 1271, 1011, 155, 632, 1118, 844, 562, 163, 298, 746, 873, 1285, 471, 99, 615, 1260, 1224, 240, 911, 290, 679, 194, 64, 192, 355, 611, 175, 1223, 1016, 1273, 1194, 31, 586, 1041, 924, 775, 51, 676, 622, 1295, 968, 929, 39, 1217, 213, 883, 1178, 509, 244, 225, 267, 756, 744, 935, 651, 326, 1138, 1206, 459, 601, 1093, 359, 47, 131, 828, 162, 449, 890, 1268, 111, 822, 473, 273, 199, 667, 170, 154, 673, 230, 1293, 738, 1182, 480, 1095, 249, 372, 425, 1001, 570, 89, 887, 1060, 36, 387, 867, 331, 233, 299, 991, 644, 1147, 172, 1010, 73, 239, 1237, 842, 140, 195, 907, 577, 879, 201, 1242, 508, 582, 231, 533, 1120, 421, 543, 1289, 279, 1282, 1212, 824, 34, 990, 759, 44, 1236, 1284, 303, 1078, 1201, 834, 583, 1058, 27, 410, 113, 1272, 16, 1264, 1130, 1083, 218, 1233, 780, 1202, 232, 268, 1172, 704, 190, 589, 174, 769, 7, 853, 587, 980, 946, 605, 846, 358, 552, 148, 1248, 445, 72, 265, 477, 1094, 811, 1215, 80, 904, 857, 335, 1211, 728, 884, 967, 819, 1258, 537, 116, 153, 745, 524, 678, 94, 761, 1106, 916, 1077, 377, 984, 1049, 972, 1116, 219, 708, 1031, 301, 122, 220, 700, 110, 484, 1107, 1213, 101, 1170, 403, 168, 28, 861, 415, 1195, 709, 144, 138, 1245, 343, 621, 1126, 945, 647, 777, 424, 656, 75, 875, 1288, 677, 462, 872, 392, 1173, 338, 1247, 420, 271, 1087, 520, 1098, 11, 518, 838, 574, 1244, 782, 362, 850, 1229, 275, 602, 1135, 1045, 624, 1261, 548, 238, 488, 54, 470, 937, 698, 183, 1252, 336, 1034, 214, 561, 619, 161, 515, 670, 785, 486, 835, 965, 713, 807, 823, 426, 558, 832, 285, 1066, 62, 160, 1278, 986, 203, 917, 12, 783, 300, 766, 771, 889, 1145, 393, 134, 1030, 1219, 189, 1039, 506, 436, 345, 66, 186, 385, 1270, 1019, 432, 1056, 130, 1139, 993, 1153, 167, 740, 324, 803, 1214, 1198, 115, 14, 26, 242, 277, 1002, 843, 1162, 578, 1257, 1080, 871, 497, 352, 1072, 228, 3, 1232, 108, 642, 56, 1020, 1255, 812, 688, 413, 528, 98, 320, 687, 1174, 996, 952, 507, 74, 177, 29, 614, 386, 147, 613, 814, 865, 380, 402, 1012, 640, 947, 323, 1183, 595, 784, 137, 1187, 804, 837, 770, 479, 516, 675, 464, 1238, 126, 1296, 742, 210, 903, 767, 981, 498, 263, 252, 721, 371, 321, 1275, 801, 1263, 912, 1265, 943, 896, 332, 451, 412, 77, 897, 1190, 289, 178, 483, 1088, 327, 753, 79, 668, 1127, 76, 542, 1035, 57, 1196, 309, 817, 315, 212, 1280, 1029, 848, 599, 987, 1102, 856, 1059, 954, 665, 532, 166, 383, 658, 305, 250, 1110, 145, 568, 997, 1099, 1006, 988, 808, 125, 456, 112, 1074, 953, 826, 1287, 1104, 979, 852, 1286, 720, 958, 755, 716, 253, 752, 876, 851, 341, 610, 956, 999, 197, 1158, 1053, 768, 1146, 820, 429, 590, 205, 450, 446, 333, 1064, 685, 827, 616, 564, 297, 963, 512, 786, 4, 255, 1050, 1061, 396, 800, 669, 120, 525, 206, 43, 1204, 348, 139, 159, 1176, 119, 1239, 1142, 921, 292, 955, 196, 1082, 1065, 455, 1089, 523, 1121, 1143, 176, 247, 1057, 877, 1055, 864, 934, 652, 48, 200, 1133, 563, 569, 836, 765, 496, 776, 962, 689, 440, 982, 961, 416, 1103, 468, 60, 114, 329, 612, 944, 121, 522, 529, 1013, 1032, 1131, 860, 928, 726, 405, 971, 643, 339, 487, 854, 156, 617, 1100, 913, 799, 940, 1226, 428, 1277, 712, 899, 567, 797, 1235, 347, 936, 774, 188, 998, 444, 281, 207, 1154, 215, 1227, 83, 646, 787, 1241, 123, 596, 546, 535, 778, 1063, 435, 391, 317, 697, 1115, 1084, 579, 636, 696, 90, 318, 227, 500, 276, 310, 354, 701, 1076, 493, 513, 489, 557, 1062, 1054, 495, 758, 439, 816, 1165, 353, 1164, 657, 67, 695, 169, 1075, 942, 858, 41, 243, 1067, 717, 399, 550, 977, 85, 1266, 52, 441, 703, 1096, 447, 461, 893, 831, 649, 671, 150, 749, 845, 722, 730, 245, 95, 719, 763, 920, 70, 1026, 959, 491, 1042, 1047, 711, 606, 1199, 608, 476, 330, 1021, 1181, 705, 291, 18, 626, 591, 618, 1043, 654, 966, 1167, 1004, 344, 549, 124, 133, 400, 322, 234, 731, 434, 888, 280, 634, 684, 65, 839, 46, 538, 881, 438, 736, 536, 1150, 185, 401, 905, 423, 674, 939, 806, 757, 68, 1141, 798, 1008, 1033, 585, 1209, 950, 373, 378, 598, 1017, 902, 559, 1276, 686, 187, 325, 1281, 272, 308, 789, 514, 129, 918, 1018, 754, 81, 914, 541, 1123, 957, 707, 1015, 492, 1155, 1259, 490, 193, 970, 84, 737, 1025, 296, 661, 840, 143, 59, 1137, 223, 992, 869, 1105, 526, 1128, 593, 600, 1210, 117, 1222, 521, 747, 25, 556, 502, 274, 58, 209, 1125, 505, 422, 370, 472, 794, 779, 418, 454, 24, 241, 365, 796]
(w = 5) Correct Cyclicantibandwidth
Set parameter TimeLimit to value 1800
[runlim] sample:		320.4 time, 320.1 real, 4398.5 MB
[runlim] sample:		330.4 time, 330.1 real, 4615.1 MB
[runlim] sample:		340.4 time, 340.1 real, 4733.4 MB
[runlim] sample:		350.4 time, 350.1 real, 4826.8 MB
[runlim] sample:		360.5 time, 360.1 real, 4918.8 MB
[runlim] sample:		370.5 time, 370.1 real, 5003.3 MB
[runlim] sample:		380.5 time, 380.1 real, 5096.3 MB
[runlim] sample:		390.5 time, 390.1 real, 5230.9 MB
[runlim] sample:		400.5 time, 400.1 real, 5351.5 MB
[runlim] sample:		410.5 time, 410.1 real, 5448.9 MB
[runlim] sample:		420.6 time, 420.1 real, 5583.9 MB
[runlim] sample:		430.6 time, 430.1 real, 5683.5 MB
[runlim] sample:		440.6 time, 440.1 real, 5773.1 MB
[runlim] sample:		450.6 time, 450.1 real, 5867.4 MB
[runlim] sample:		460.6 time, 460.1 real, 5992.1 MB
[runlim] sample:		470.6 time, 470.1 real, 6083.8 MB
[runlim] sample:		480.6 time, 480.1 real, 6177.0 MB
[runlim] sample:		490.6 time, 490.1 real, 3092.8 MB
(w = 6) Value Cyclicantibandwidth: 6
Lables: [1000, 573, 467, 364, 23, 93, 790, 469, 118, 304, 141, 1014, 555, 128, 182, 1108, 931, 878, 42, 607, 683, 437, 706, 1205, 221, 922, 381, 259, 1069, 760, 408, 288, 374, 895, 792, 328, 733, 1200, 1149, 510, 1179, 475, 976, 553, 699, 938, 390, 932, 710, 1085, 635, 20, 1218, 361, 269, 481, 91, 694, 466, 927, 13, 1246, 1291, 173, 791, 1251, 565, 554, 251, 1005, 633, 248, 900, 307, 781, 894, 102, 158, 534, 650, 1144, 142, 246, 406, 382, 743, 594, 1079, 109, 1023, 631, 723, 983, 627, 1122, 941, 1003, 978, 1086, 342, 1051, 863, 1230, 764, 295, 625, 222, 572, 1290, 431, 375, 645, 211, 603, 751, 1009, 1070, 930, 672, 1160, 226, 237, 87, 1112, 78, 1250, 855, 419, 926, 55, 964, 1231, 1038, 1188, 1254, 539, 384, 1097, 1185, 443, 732, 302, 1166, 33, 286, 181, 519, 1109, 1148, 659, 1240, 430, 260, 136, 1024, 597, 334, 389, 1186, 458, 1269, 985, 735, 793, 485, 1168, 702, 609, 653, 821, 1208, 264, 9, 1216, 974, 270, 1177, 463, 179, 1136, 1134, 809, 503, 474, 499, 349, 494, 191, 1028, 1052, 604, 1207, 414, 61, 293, 8, 681, 411, 630, 560, 663, 1, 198, 337, 287, 88, 224, 813, 63, 236, 17, 367, 1228, 1114, 725, 266, 1151, 45, 165, 810, 868, 874, 395, 86, 256, 862, 527, 501, 584, 919, 1253, 829, 216, 340, 460, 1101, 715, 1279, 105, 452, 100, 180, 417, 1117, 1129, 762, 1152, 50, 660, 1157, 1189, 960, 1091, 692, 772, 351, 620, 204, 866, 948, 5, 1292, 504, 545, 1169, 1283, 409, 453, 909, 346, 718, 2, 729, 1081, 1037, 662, 427, 664, 30, 571, 1048, 35, 1225, 316, 969, 994, 1161, 132, 566, 1180, 1022, 283, 637, 690, 278, 1193, 49, 1027, 1197, 235, 629, 442, 368, 1007, 149, 127, 146, 581, 360, 448, 923, 53, 1044, 350, 802, 906, 648, 530, 1249, 1090, 666, 575, 394, 1040, 135, 951, 1220, 734, 254, 750, 306, 407, 1175, 257, 208, 363, 638, 517, 773, 376, 995, 1119, 886, 21, 915, 258, 880, 933, 531, 262, 989, 1092, 106, 38, 164, 882, 691, 357, 580, 849, 1192, 465, 818, 313, 40, 32, 1163, 37, 6, 152, 511, 898, 1073, 680, 1068, 1156, 202, 1132, 282, 1036, 22, 356, 1221, 788, 171, 217, 15, 1256, 795, 1111, 397, 592, 1191, 973, 727, 910, 1124, 379, 540, 82, 741, 104, 748, 859, 388, 891, 639, 870, 1234, 312, 1203, 682, 1140, 628, 1294, 693, 229, 96, 478, 892, 830, 544, 404, 908, 1071, 366, 457, 433, 815, 103, 71, 901, 92, 69, 19, 641, 833, 1243, 847, 949, 482, 841, 184, 1046, 369, 319, 151, 925, 1159, 825, 1274, 107, 398, 284, 724, 551, 588, 1113, 1262, 294, 655, 623, 261, 97, 157, 739, 1184, 805, 10, 314, 885, 1171, 311, 714, 975, 547, 1267, 576, 1271, 1011, 155, 632, 1118, 844, 562, 163, 298, 746, 873, 1285, 471, 99, 615, 1260, 1224, 240, 911, 290, 679, 194, 64, 192, 355, 611, 175, 1223, 1016, 1273, 1194, 31, 586, 1041, 924, 775, 51, 676, 622, 1295, 968, 929, 39, 1217, 213, 883, 1178, 509, 244, 225, 267, 756, 744, 935, 651, 326, 1138, 1206, 459, 601, 1093, 359, 47, 131, 828, 162, 449, 890, 1268, 111, 822, 473, 273, 199, 667, 170, 154, 673, 230, 1293, 738, 1182, 480, 1095, 856, 372, 425, 1001, 570, 89, 887, 1060, 36, 387, 867, 331, 233, 299, 991, 644, 1147, 172, 1010, 73, 239, 1237, 842, 140, 195, 907, 577, 879, 201, 1242, 508, 582, 231, 533, 1120, 421, 543, 1289, 279, 1282, 1212, 824, 34, 990, 759, 44, 1236, 1284, 303, 1078, 1201, 834, 583, 1058, 27, 410, 113, 1272, 16, 1264, 1130, 1083, 218, 1233, 780, 1202, 232, 268, 1172, 704, 190, 589, 174, 769, 7, 853, 587, 980, 946, 605, 846, 358, 552, 148, 1248, 445, 72, 265, 477, 1094, 811, 1215, 80, 904, 857, 335, 1211, 728, 884, 967, 819, 1258, 537, 116, 153, 745, 524, 678, 94, 761, 1106, 916, 1077, 377, 984, 1049, 972, 1116, 219, 708, 1031, 301, 122, 220, 700, 110, 484, 1107, 1213, 101, 1170, 403, 168, 28, 861, 415, 1195, 709, 144, 138, 1245, 343, 621, 1126, 945, 647, 777, 424, 656, 75, 875, 1288, 677, 462, 872, 392, 1173, 338, 1247, 420, 271, 1087, 520, 1098, 11, 518, 838, 574, 1244, 782, 362, 850, 1229, 275, 602, 1135, 1045, 624, 1261, 548, 238, 488, 54, 470, 937, 698, 183, 1252, 336, 1034, 214, 561, 619, 161, 515, 670, 785, 486, 835, 965, 713, 807, 823, 426, 558, 832, 285, 1066, 62, 160, 1278, 986, 203, 917, 12, 783, 300, 766, 771, 889, 1145, 393, 134, 1030, 1219, 189, 1039, 506, 436, 345, 66, 186, 385, 1270, 1019, 432, 1056, 130, 1139, 993, 1153, 167, 740, 324, 803, 1214, 1198, 115, 14, 26, 242, 277, 1002, 843, 1162, 578, 1257, 1080, 871, 497, 352, 1072, 228, 3, 1232, 108, 642, 56, 1020, 1255, 812, 688, 413, 528, 98, 320, 687, 1174, 996, 952, 507, 74, 177, 29, 614, 386, 147, 613, 814, 865, 380, 402, 1012, 640, 947, 323, 1183, 595, 784, 137, 1187, 804, 837, 876, 479, 516, 675, 464, 1238, 126, 1296, 742, 210, 903, 767, 981, 498, 263, 252, 721, 371, 321, 1275, 801, 1263, 912, 1265, 943, 896, 332, 451, 412, 77, 897, 1190, 289, 178, 483, 1088, 327, 753, 79, 668, 1127, 76, 542, 1035, 57, 1196, 309, 817, 315, 212, 1280, 1029, 848, 599, 987, 1102, 90, 1059, 954, 665, 532, 166, 383, 658, 305, 250, 1110, 145, 568, 997, 1099, 1006, 988, 808, 125, 456, 112, 1074, 953, 826, 1287, 1104, 979, 852, 1286, 720, 958, 755, 716, 253, 752, 514, 851, 341, 610, 956, 999, 197, 1158, 1053, 768, 1146, 820, 429, 590, 205, 450, 446, 333, 1064, 685, 827, 616, 564, 297, 963, 512, 786, 4, 255, 1050, 1061, 396, 800, 669, 120, 525, 206, 43, 1204, 348, 139, 159, 1176, 119, 1239, 1142, 921, 292, 955, 196, 1082, 1065, 455, 1089, 523, 1121, 1143, 176, 247, 1057, 877, 1055, 864, 934, 652, 48, 200, 1133, 563, 569, 836, 765, 496, 776, 962, 689, 440, 982, 961, 416, 1103, 468, 770, 114, 329, 612, 944, 121, 522, 529, 1013, 1032, 1131, 860, 928, 726, 405, 971, 643, 339, 487, 854, 156, 617, 1100, 913, 799, 940, 1226, 428, 1277, 712, 899, 567, 797, 1235, 347, 936, 661, 188, 998, 444, 281, 207, 1154, 215, 1227, 83, 646, 787, 1241, 123, 596, 546, 535, 778, 1063, 435, 391, 317, 697, 1115, 1084, 579, 636, 696, 1042, 318, 227, 500, 276, 310, 354, 701, 1076, 493, 513, 489, 557, 1062, 1054, 495, 758, 439, 816, 1165, 353, 1164, 657, 67, 695, 169, 1075, 942, 858, 41, 243, 1067, 717, 399, 550, 977, 85, 1266, 52, 441, 703, 1096, 447, 461, 893, 831, 649, 671, 150, 749, 845, 722, 730, 245, 774, 719, 763, 920, 70, 1026, 959, 491, 249, 1047, 711, 606, 1199, 608, 476, 330, 1021, 1181, 705, 291, 18, 626, 591, 618, 1043, 654, 966, 1167, 1004, 344, 549, 124, 133, 400, 322, 234, 731, 95, 888, 280, 634, 684, 65, 839, 46, 538, 881, 438, 736, 536, 1150, 185, 401, 905, 434, 674, 939, 806, 757, 68, 1141, 798, 1008, 1033, 585, 1209, 950, 373, 60, 598, 1017, 902, 559, 1276, 686, 187, 325, 1281, 272, 308, 789, 914, 129, 918, 1018, 378, 81, 754, 541, 1123, 957, 707, 1015, 492, 1155, 423, 490, 193, 970, 84, 737, 1025, 296, 794, 840, 143, 59, 1137, 223, 992, 869, 1105, 526, 1259, 593, 600, 1210, 117, 1222, 1128, 747, 25, 556, 521, 274, 58, 209, 502, 505, 422, 370, 472, 365, 779, 418, 454, 24, 1125, 796, 241]
(w = 6) Correct Cyclicantibandwidth
Set parameter TimeLimit to value 1800
[runlim] sample:		500.7 time, 500.1 real, 4914.0 MB
[runlim] sample:		510.7 time, 510.1 real, 4942.5 MB
[runlim] sample:		520.7 time, 520.1 real, 5042.8 MB
[runlim] sample:		530.7 time, 530.1 real, 5132.7 MB
[runlim] sample:		540.7 time, 540.1 real, 5220.3 MB
[runlim] sample:		550.7 time, 550.1 real, 5309.2 MB
[runlim] sample:		560.8 time, 560.1 real, 5398.8 MB
[runlim] sample:		570.8 time, 570.1 real, 5529.8 MB
[runlim] sample:		580.8 time, 580.1 real, 5641.3 MB
[runlim] sample:		590.8 time, 590.1 real, 5740.4 MB
[runlim] sample:		600.8 time, 600.1 real, 5868.9 MB
[runlim] sample:		610.8 time, 610.1 real, 5964.8 MB
[runlim] sample:		620.8 time, 620.1 real, 6060.1 MB
[runlim] sample:		630.9 time, 630.1 real, 6153.5 MB
[runlim] sample:		640.9 time, 640.1 real, 6245.9 MB
[runlim] sample:		650.9 time, 650.1 real, 6398.1 MB
[runlim] sample:		660.9 time, 660.1 real, 6486.3 MB
[runlim] sample:		670.9 time, 670.1 real, 6521.7 MB
[runlim] sample:		680.9 time, 680.1 real, 6615.0 MB
(w = 7) Value Cyclicantibandwidth: 7
Lables: [1000, 573, 467, 364, 23, 93, 790, 469, 118, 304, 141, 1014, 555, 128, 182, 1108, 931, 878, 42, 607, 683, 437, 706, 1205, 221, 922, 381, 259, 1069, 760, 408, 288, 374, 895, 792, 328, 733, 1200, 1149, 510, 1179, 475, 976, 553, 699, 938, 390, 932, 710, 1085, 635, 20, 1218, 361, 269, 481, 91, 694, 466, 927, 13, 1246, 1291, 173, 791, 1251, 565, 554, 251, 1005, 633, 248, 900, 307, 781, 894, 102, 158, 534, 650, 1144, 142, 246, 406, 382, 743, 594, 1079, 109, 1023, 631, 723, 983, 627, 1122, 941, 1003, 978, 1086, 342, 1051, 863, 1230, 764, 295, 625, 222, 572, 1290, 431, 375, 645, 211, 603, 751, 1009, 1070, 930, 672, 1160, 226, 237, 87, 1112, 78, 1250, 855, 419, 926, 55, 964, 1231, 1038, 1188, 1254, 539, 384, 1097, 1185, 443, 732, 302, 1166, 33, 286, 181, 519, 1109, 1148, 659, 1240, 430, 260, 136, 1024, 597, 334, 389, 1186, 458, 1269, 985, 735, 793, 485, 1168, 702, 609, 653, 821, 1208, 264, 9, 1216, 974, 270, 1177, 463, 179, 1136, 1134, 809, 503, 474, 499, 349, 494, 191, 1028, 1052, 604, 1207, 414, 61, 293, 8, 681, 411, 630, 560, 663, 1, 198, 337, 287, 88, 224, 813, 63, 236, 17, 367, 1228, 1114, 725, 266, 1151, 45, 165, 810, 868, 340, 395, 86, 256, 862, 527, 501, 584, 919, 1253, 829, 216, 250, 460, 1101, 715, 1279, 105, 452, 138, 180, 417, 1117, 1129, 762, 1152, 50, 660, 1157, 1189, 960, 1091, 692, 772, 351, 620, 204, 866, 948, 5, 1292, 504, 545, 1169, 1283, 409, 453, 909, 346, 718, 2, 729, 1081, 1037, 662, 427, 664, 30, 571, 1048, 35, 1225, 316, 969, 994, 1161, 132, 566, 1180, 1022, 283, 637, 690, 278, 1193, 49, 1027, 1197, 235, 629, 442, 368, 1007, 149, 127, 146, 581, 360, 448, 923, 53, 1044, 350, 802, 906, 648, 530, 1249, 1090, 666, 575, 394, 1040, 135, 951, 1220, 734, 254, 750, 306, 407, 1175, 257, 208, 363, 638, 517, 773, 376, 995, 1119, 886, 21, 915, 258, 880, 933, 531, 262, 989, 1092, 106, 38, 164, 882, 691, 357, 580, 849, 1192, 465, 818, 313, 40, 32, 1163, 37, 6, 152, 511, 898, 1073, 680, 1068, 1156, 202, 1132, 282, 1036, 22, 356, 1221, 788, 171, 217, 15, 1256, 795, 1111, 397, 592, 1191, 973, 727, 910, 1124, 379, 540, 82, 741, 104, 748, 859, 388, 891, 639, 870, 1234, 312, 1203, 682, 1140, 628, 1294, 693, 229, 96, 478, 892, 830, 544, 404, 908, 1071, 366, 457, 433, 815, 103, 71, 901, 92, 69, 19, 641, 833, 1243, 847, 949, 482, 841, 184, 1046, 369, 319, 151, 925, 1159, 825, 1274, 107, 398, 284, 724, 551, 588, 1113, 1262, 294, 655, 623, 261, 97, 157, 739, 1184, 805, 10, 314, 885, 1171, 311, 714, 975, 547, 1267, 576, 1271, 1011, 155, 632, 1118, 844, 562, 163, 298, 746, 873, 1285, 471, 99, 615, 1260, 1224, 240, 911, 290, 679, 194, 64, 192, 355, 611, 175, 1223, 1016, 1273, 1194, 31, 586, 1041, 924, 775, 51, 676, 622, 1295, 968, 929, 39, 1217, 213, 883, 1178, 509, 244, 225, 267, 756, 744, 935, 651, 326, 1138, 1206, 459, 601, 1093, 359, 47, 131, 874, 162, 449, 890, 1268, 111, 822, 473, 273, 199, 667, 170, 154, 673, 230, 1293, 738, 1182, 480, 1095, 1248, 372, 425, 1001, 570, 89, 887, 1060, 36, 387, 867, 331, 233, 299, 991, 644, 1147, 172, 1010, 73, 239, 1237, 842, 140, 195, 907, 577, 879, 201, 1242, 508, 582, 231, 533, 1120, 421, 543, 1289, 279, 1282, 1212, 824, 34, 990, 759, 44, 1236, 1284, 303, 1078, 1201, 834, 583, 1058, 27, 410, 113, 1272, 16, 1264, 1130, 1083, 218, 1233, 780, 1202, 232, 268, 1172, 704, 190, 589, 174, 769, 7, 853, 587, 980, 946, 605, 846, 358, 552, 148, 371, 445, 72, 265, 477, 1094, 811, 1215, 80, 904, 857, 335, 1211, 728, 884, 967, 819, 1258, 537, 116, 153, 745, 524, 678, 94, 761, 1106, 916, 1077, 377, 984, 1049, 972, 1116, 219, 708, 1031, 301, 122, 220, 700, 110, 484, 1107, 1213, 101, 1170, 403, 168, 28, 861, 415, 1195, 709, 144, 569, 1245, 343, 621, 1126, 945, 647, 777, 424, 656, 75, 875, 1288, 677, 462, 872, 392, 1173, 338, 1247, 420, 271, 1087, 520, 1098, 11, 518, 838, 574, 1244, 782, 362, 850, 1229, 275, 602, 1135, 1045, 624, 1261, 548, 238, 488, 54, 470, 937, 698, 183, 1252, 336, 1034, 214, 561, 619, 161, 515, 670, 785, 486, 835, 965, 713, 807, 823, 426, 558, 832, 285, 1066, 62, 160, 1278, 986, 203, 917, 12, 783, 300, 766, 771, 889, 1145, 393, 134, 1030, 1219, 189, 1039, 506, 436, 345, 66, 186, 385, 1270, 1019, 432, 1056, 130, 1139, 993, 1153, 167, 740, 324, 803, 1214, 1198, 115, 14, 26, 242, 277, 1002, 843, 1162, 578, 1257, 1080, 871, 497, 352, 1072, 228, 3, 1232, 108, 642, 56, 1020, 1255, 812, 688, 413, 528, 98, 320, 687, 1174, 996, 952, 507, 74, 177, 29, 614, 386, 147, 613, 814, 865, 380, 402, 1012, 640, 947, 323, 1183, 595, 784, 137, 1187, 804, 837, 876, 479, 516, 675, 464, 1238, 126, 1296, 742, 210, 903, 767, 981, 498, 263, 252, 721, 57, 321, 1275, 801, 1263, 912, 1265, 943, 896, 332, 451, 412, 77, 897, 1190, 289, 178, 483, 1088, 327, 753, 79, 668, 1127, 76, 542, 1035, 418, 1196, 309, 817, 315, 212, 1280, 1029, 848, 599, 987, 1102, 856, 1059, 954, 665, 532, 166, 383, 658, 305, 796, 1110, 145, 568, 997, 1099, 1006, 988, 808, 125, 456, 112, 1074, 953, 826, 1287, 1104, 979, 852, 1286, 720, 958, 755, 716, 253, 752, 514, 712, 341, 610, 956, 999, 197, 1158, 1053, 768, 1146, 820, 429, 590, 205, 450, 446, 249, 1064, 685, 827, 616, 564, 297, 963, 512, 786, 4, 255, 1050, 1061, 396, 800, 669, 120, 525, 206, 43, 1204, 348, 139, 159, 1176, 119, 1239, 1142, 921, 292, 955, 196, 1082, 1065, 455, 1089, 523, 1121, 1143, 176, 247, 1057, 877, 1055, 864, 934, 652, 48, 200, 1133, 563, 828, 836, 765, 496, 776, 962, 689, 440, 982, 961, 416, 1103, 468, 770, 114, 329, 612, 944, 121, 522, 529, 1013, 1032, 1131, 860, 928, 726, 405, 971, 643, 339, 487, 854, 156, 617, 1100, 913, 799, 940, 1226, 428, 1277, 806, 899, 567, 797, 1235, 347, 936, 661, 188, 998, 444, 281, 207, 1154, 215, 1227, 83, 646, 787, 1241, 123, 596, 546, 535, 778, 1063, 435, 391, 851, 697, 1115, 1084, 579, 636, 696, 90, 318, 227, 500, 276, 310, 354, 701, 1076, 493, 513, 489, 557, 1062, 1054, 495, 758, 439, 333, 1165, 317, 1164, 657, 67, 695, 169, 1075, 942, 858, 41, 243, 1067, 717, 399, 550, 977, 490, 84, 52, 441, 703, 1096, 447, 461, 893, 831, 649, 671, 150, 749, 845, 722, 730, 245, 353, 719, 763, 920, 70, 1026, 959, 491, 1042, 223, 711, 606, 1199, 608, 476, 1266, 1021, 1181, 705, 291, 18, 626, 591, 618, 1043, 654, 966, 1167, 1004, 344, 549, 124, 133, 400, 322, 234, 731, 95, 888, 280, 634, 684, 65, 85, 46, 538, 881, 438, 736, 536, 1150, 185, 401, 905, 434, 674, 939, 296, 757, 68, 1141, 798, 1008, 1033, 585, 1209, 950, 373, 330, 598, 1017, 902, 559, 1276, 686, 187, 774, 1281, 272, 308, 789, 914, 129, 918, 1018, 378, 1047, 839, 541, 60, 957, 707, 1015, 492, 1155, 423, 840, 193, 970, 737, 25, 1025, 365, 794, 526, 143, 325, 1137, 274, 992, 81, 1105, 1222, 1259, 593, 600, 1210, 117, 505, 59, 747, 521, 556, 1128, 422, 1125, 58, 502, 754, 472, 370, 209, 869, 1123, 454, 241, 779, 24, 816, 100]
(w = 7) Correct Cyclicantibandwidth
Set parameter TimeLimit to value 1800
[runlim] sample:		690.9 time, 690.1 real, 4658.5 MB
[runlim] sample:		701.0 time, 700.1 real, 5319.3 MB
[runlim] sample:		711.0 time, 710.1 real, 5405.4 MB
[runlim] sample:		721.0 time, 720.1 real, 5492.1 MB
[runlim] sample:		731.0 time, 730.1 real, 5578.0 MB
[runlim] sample:		741.0 time, 740.1 real, 5657.0 MB
[runlim] sample:		751.0 time, 750.1 real, 5742.0 MB
[runlim] sample:		761.0 time, 760.1 real, 5829.7 MB
[runlim] sample:		771.0 time, 770.1 real, 5914.7 MB
[runlim] sample:		781.1 time, 780.1 real, 6056.7 MB
[runlim] sample:		791.1 time, 790.1 real, 6149.2 MB
[runlim] sample:		801.1 time, 800.1 real, 6240.6 MB
[runlim] sample:		811.1 time, 810.1 real, 6369.4 MB
[runlim] sample:		821.1 time, 820.1 real, 6458.4 MB
[runlim] sample:		831.1 time, 830.1 real, 6544.9 MB
[runlim] sample:		841.1 time, 840.1 real, 6635.4 MB
[runlim] sample:		851.1 time, 850.1 real, 6721.1 MB
[runlim] sample:		861.2 time, 860.1 real, 6844.1 MB
[runlim] sample:		871.2 time, 870.1 real, 6933.0 MB
[runlim] sample:		881.2 time, 880.1 real, 6981.7 MB
[runlim] sample:		891.2 time, 890.1 real, 7074.4 MB
[runlim] sample:		901.2 time, 900.1 real, 4872.3 MB
(w = 8) Value Cyclicantibandwidth: 8
Lables: [1000, 573, 467, 364, 23, 93, 790, 469, 118, 304, 141, 1014, 555, 128, 182, 1108, 931, 878, 42, 607, 683, 437, 706, 1205, 221, 922, 381, 259, 1069, 760, 408, 288, 493, 895, 792, 328, 733, 1200, 1149, 510, 1179, 475, 976, 553, 699, 938, 390, 932, 710, 1085, 635, 20, 1218, 361, 269, 481, 91, 694, 466, 927, 13, 1246, 1291, 173, 791, 1251, 565, 554, 251, 1005, 633, 248, 900, 307, 781, 894, 102, 158, 534, 650, 1144, 142, 246, 406, 382, 743, 594, 1079, 109, 1023, 631, 723, 983, 627, 1122, 941, 1003, 978, 1086, 342, 1051, 863, 1230, 764, 295, 625, 222, 572, 1290, 431, 375, 645, 211, 603, 751, 1009, 1070, 930, 672, 1160, 226, 237, 87, 1112, 78, 1250, 855, 419, 926, 55, 964, 1231, 1038, 1188, 1254, 539, 384, 1097, 1185, 443, 732, 302, 1166, 33, 286, 181, 519, 1109, 1148, 659, 1240, 430, 260, 136, 1024, 597, 334, 389, 1186, 458, 1269, 985, 735, 793, 485, 1168, 702, 609, 653, 821, 1208, 264, 9, 1216, 974, 270, 1177, 463, 179, 1136, 1134, 809, 503, 474, 499, 349, 494, 191, 1028, 1052, 604, 1207, 414, 61, 293, 8, 681, 411, 630, 560, 663, 522, 198, 337, 287, 88, 224, 813, 63, 236, 17, 367, 1228, 1114, 725, 266, 1151, 45, 165, 810, 868, 1040, 395, 86, 256, 862, 527, 501, 584, 919, 1253, 829, 216, 340, 460, 1101, 715, 1279, 105, 452, 100, 180, 417, 1117, 1129, 762, 1152, 50, 660, 1157, 1189, 960, 1091, 692, 772, 351, 620, 204, 866, 948, 5, 1292, 504, 545, 1169, 1283, 409, 453, 909, 1287, 718, 2, 729, 1081, 1037, 662, 427, 664, 30, 571, 1048, 35, 1225, 316, 969, 994, 1161, 132, 566, 1180, 1022, 283, 637, 690, 278, 1193, 49, 1027, 1197, 235, 629, 442, 368, 1007, 149, 127, 146, 581, 360, 448, 923, 53, 1044, 350, 802, 906, 648, 530, 1249, 1090, 666, 575, 394, 1296, 135, 951, 1220, 734, 254, 750, 306, 407, 1175, 257, 208, 363, 638, 517, 773, 376, 995, 1119, 886, 21, 915, 258, 880, 933, 531, 262, 989, 1092, 106, 38, 164, 882, 691, 357, 580, 849, 1192, 465, 818, 313, 40, 32, 1163, 37, 6, 152, 511, 898, 1073, 680, 1068, 1156, 202, 1132, 282, 1036, 22, 356, 1221, 788, 171, 217, 354, 1256, 795, 1111, 397, 592, 1191, 973, 727, 910, 1124, 379, 540, 82, 741, 104, 748, 859, 388, 891, 639, 870, 1234, 312, 1203, 682, 1140, 628, 1294, 693, 229, 96, 478, 892, 830, 544, 404, 908, 1071, 366, 457, 433, 815, 103, 71, 901, 92, 69, 19, 641, 833, 1243, 847, 949, 482, 841, 184, 1046, 369, 15, 151, 925, 1159, 825, 1274, 107, 398, 284, 724, 551, 588, 1113, 1262, 294, 655, 623, 261, 97, 157, 739, 1184, 805, 10, 314, 885, 1171, 311, 714, 975, 547, 1267, 576, 1271, 1011, 155, 632, 1118, 844, 562, 163, 298, 746, 873, 1285, 471, 99, 615, 1260, 1224, 240, 911, 290, 679, 194, 64, 192, 355, 611, 175, 1223, 1016, 1273, 1194, 346, 586, 1041, 924, 775, 51, 676, 622, 1295, 968, 929, 39, 1217, 213, 883, 1178, 509, 244, 225, 267, 756, 744, 935, 651, 326, 1138, 1206, 459, 601, 1093, 359, 47, 131, 828, 162, 449, 890, 1268, 111, 428, 473, 273, 199, 667, 170, 154, 673, 230, 1293, 738, 1182, 480, 1095, 1248, 372, 425, 1001, 570, 89, 887, 1060, 36, 387, 867, 331, 233, 299, 991, 644, 1147, 172, 1010, 73, 239, 1237, 842, 140, 195, 907, 577, 879, 201, 1242, 508, 582, 231, 533, 1120, 421, 543, 1289, 279, 1282, 1212, 824, 34, 990, 759, 44, 1236, 1284, 303, 1078, 1201, 834, 583, 1058, 27, 410, 113, 1272, 16, 1264, 1130, 1083, 218, 1233, 780, 1202, 232, 268, 1172, 704, 190, 589, 174, 769, 7, 853, 587, 980, 946, 605, 846, 358, 552, 148, 371, 445, 72, 265, 477, 1094, 811, 1215, 80, 904, 857, 335, 1211, 728, 884, 967, 819, 1258, 537, 116, 153, 745, 524, 678, 94, 761, 1106, 916, 1077, 377, 984, 1049, 972, 1116, 219, 822, 1031, 301, 122, 220, 700, 110, 484, 1107, 1213, 101, 1170, 403, 168, 28, 861, 415, 1195, 709, 144, 827, 1245, 343, 621, 1126, 945, 647, 777, 424, 656, 75, 875, 1288, 677, 462, 872, 392, 1173, 338, 1247, 420, 271, 1087, 520, 1098, 11, 518, 838, 574, 1244, 782, 362, 850, 1229, 275, 602, 1135, 1045, 624, 1261, 548, 238, 488, 54, 470, 937, 138, 183, 1252, 336, 1034, 214, 561, 619, 161, 515, 670, 785, 486, 835, 965, 713, 807, 823, 426, 558, 832, 285, 1066, 62, 160, 1278, 986, 203, 917, 12, 783, 300, 766, 771, 889, 1145, 393, 134, 1030, 1219, 189, 1039, 506, 436, 345, 66, 186, 385, 1270, 1019, 432, 1056, 130, 1139, 993, 1153, 167, 740, 324, 803, 1214, 1198, 115, 14, 26, 242, 277, 1002, 843, 1162, 578, 1257, 1080, 871, 497, 352, 1072, 228, 3, 1232, 108, 642, 56, 1020, 1255, 812, 688, 413, 528, 98, 320, 687, 1174, 996, 952, 507, 74, 177, 29, 614, 386, 147, 613, 814, 865, 380, 402, 1012, 640, 947, 323, 1183, 595, 784, 137, 1187, 804, 837, 876, 479, 516, 675, 464, 31, 126, 418, 742, 210, 903, 767, 981, 498, 263, 252, 721, 708, 321, 1275, 801, 1263, 912, 1265, 943, 896, 332, 451, 412, 77, 897, 1190, 289, 178, 483, 1088, 327, 753, 79, 374, 1127, 76, 542, 1035, 57, 1196, 309, 817, 315, 212, 1280, 1029, 848, 599, 987, 1102, 856, 1059, 954, 665, 532, 166, 383, 658, 305, 250, 1110, 145, 568, 997, 1099, 1006, 988, 808, 125, 456, 112, 1074, 953, 826, 998, 1104, 979, 852, 1286, 720, 958, 755, 716, 253, 752, 514, 712, 341, 610, 956, 999, 197, 1158, 1053, 768, 1146, 820, 429, 590, 205, 450, 446, 249, 1064, 685, 794, 616, 564, 297, 963, 512, 786, 4, 255, 1050, 1061, 396, 800, 669, 120, 525, 206, 43, 1204, 348, 139, 159, 1176, 119, 1239, 1142, 921, 292, 955, 196, 1082, 1065, 455, 1089, 523, 1121, 1143, 176, 247, 1057, 877, 1055, 864, 934, 652, 48, 200, 1133, 563, 1238, 836, 765, 496, 776, 962, 689, 440, 982, 961, 416, 1103, 468, 770, 114, 329, 612, 944, 121, 593, 529, 1013, 1032, 1131, 860, 928, 726, 405, 971, 643, 339, 487, 854, 156, 617, 1100, 913, 799, 940, 1226, 1021, 1277, 806, 899, 567, 797, 1235, 347, 936, 661, 188, 695, 444, 281, 207, 1154, 215, 1227, 83, 646, 787, 1241, 123, 596, 546, 535, 778, 1063, 435, 391, 851, 697, 1115, 1084, 579, 636, 696, 90, 318, 227, 500, 276, 310, 1, 701, 1076, 319, 513, 489, 557, 1062, 1054, 495, 758, 439, 333, 1165, 317, 1164, 657, 67, 1155, 169, 1075, 942, 858, 41, 243, 1067, 717, 399, 550, 977, 490, 84, 52, 441, 703, 1096, 447, 461, 893, 831, 649, 671, 150, 749, 845, 722, 730, 245, 353, 719, 763, 920, 70, 1026, 959, 491, 1042, 223, 711, 606, 1199, 608, 476, 1266, 1008, 1181, 705, 291, 18, 626, 591, 618, 1043, 654, 966, 1167, 1004, 344, 549, 124, 133, 400, 322, 234, 731, 95, 888, 280, 634, 684, 65, 85, 46, 538, 881, 438, 736, 536, 1150, 185, 401, 905, 434, 674, 569, 296, 757, 68, 1141, 798, 874, 1033, 585, 1209, 950, 373, 330, 939, 1017, 902, 559, 1276, 686, 187, 774, 1281, 272, 308, 789, 914, 129, 918, 1018, 378, 1047, 839, 541, 60, 957, 707, 598, 492, 59, 423, 840, 193, 970, 737, 25, 1025, 365, 526, 241, 143, 325, 1137, 274, 992, 81, 698, 1222, 1259, 668, 600, 1210, 117, 505, 1128, 747, 521, 556, 1015, 422, 370, 1123, 502, 754, 472, 454, 209, 869, 779, 816, 58, 796, 1125, 1105, 24]
(w = 8) Correct Cyclicantibandwidth
Set parameter TimeLimit to value 1800
[runlim] sample:		911.2 time, 910.1 real, 5616.3 MB
[runlim] sample:		921.2 time, 920.1 real, 5659.2 MB
[runlim] sample:		931.2 time, 930.1 real, 5761.4 MB
[runlim] sample:		941.3 time, 940.1 real, 5843.9 MB
[runlim] sample:		951.3 time, 950.1 real, 5927.5 MB
[runlim] sample:		961.3 time, 960.1 real, 6011.1 MB
[runlim] sample:		971.3 time, 970.1 real, 6086.1 MB
[runlim] sample:		981.3 time, 980.1 real, 6171.5 MB
[runlim] sample:		991.3 time, 990.1 real, 6305.1 MB
[runlim] sample:		1001.4 time, 1000.1 real, 6396.5 MB
[runlim] sample:		1011.4 time, 1010.1 real, 6486.1 MB
[runlim] sample:		1021.4 time, 1020.1 real, 6574.8 MB
[runlim] sample:		1031.4 time, 1030.1 real, 6671.1 MB
[runlim] sample:		1041.4 time, 1040.1 real, 6762.2 MB
[runlim] sample:		1051.4 time, 1050.1 real, 6872.7 MB
[runlim] sample:		1061.4 time, 1060.1 real, 6961.1 MB
[runlim] sample:		1071.5 time, 1070.1 real, 7041.0 MB
[runlim] sample:		1081.5 time, 1080.1 real, 7155.4 MB
[runlim] sample:		1091.5 time, 1090.1 real, 7251.1 MB
[runlim] sample:		1101.5 time, 1100.1 real, 7341.6 MB
[runlim] sample:		1111.5 time, 1110.1 real, 7432.5 MB
[runlim] sample:		1121.5 time, 1120.1 real, 7523.1 MB
[runlim] sample:		1131.5 time, 1130.1 real, 4364.3 MB
(w = 9) Value Cyclicantibandwidth: 9
Lables: [1000, 573, 467, 364, 23, 93, 790, 469, 118, 304, 141, 1014, 555, 128, 182, 1108, 931, 878, 42, 607, 683, 437, 706, 1205, 221, 922, 381, 259, 1069, 760, 408, 288, 1245, 895, 792, 328, 733, 1200, 1149, 510, 1179, 475, 976, 553, 699, 938, 390, 932, 710, 1085, 635, 20, 1218, 361, 269, 481, 91, 694, 466, 927, 13, 1246, 1291, 173, 791, 1251, 565, 554, 251, 1005, 633, 248, 900, 307, 781, 894, 102, 158, 534, 650, 1144, 142, 246, 406, 382, 743, 594, 1079, 109, 1023, 631, 723, 983, 627, 1122, 941, 1003, 978, 1086, 342, 1051, 863, 1230, 764, 295, 625, 222, 572, 1290, 431, 375, 645, 211, 603, 751, 1009, 1070, 930, 672, 1160, 226, 237, 87, 1112, 78, 1250, 855, 419, 926, 55, 964, 1231, 1038, 1188, 1254, 539, 384, 1097, 1185, 443, 732, 302, 1166, 33, 286, 181, 519, 1109, 1148, 659, 1240, 430, 260, 136, 1024, 597, 334, 389, 1186, 458, 1269, 985, 735, 793, 485, 1168, 702, 609, 653, 821, 1208, 264, 9, 1216, 974, 270, 1177, 463, 179, 1136, 1134, 809, 503, 474, 499, 349, 494, 191, 1028, 1052, 604, 1207, 414, 61, 293, 8, 681, 411, 630, 560, 663, 374, 198, 337, 287, 88, 224, 813, 63, 236, 17, 367, 1228, 1114, 725, 266, 1151, 45, 165, 810, 868, 1040, 395, 86, 256, 862, 527, 501, 584, 919, 1253, 829, 216, 340, 460, 1101, 715, 1279, 105, 452, 100, 180, 417, 1117, 1129, 762, 1152, 50, 660, 1157, 1189, 960, 1091, 692, 772, 351, 620, 204, 866, 948, 5, 1292, 504, 545, 1169, 1283, 409, 453, 909, 1287, 718, 2, 729, 1081, 1037, 662, 427, 664, 30, 571, 1048, 35, 1225, 316, 969, 994, 1161, 132, 566, 1180, 1022, 283, 637, 690, 278, 1193, 49, 1027, 1197, 235, 629, 442, 368, 1007, 149, 127, 146, 581, 40, 448, 923, 53, 1044, 350, 802, 906, 648, 530, 1249, 1090, 666, 575, 394, 1296, 135, 951, 1220, 734, 254, 750, 306, 407, 1175, 257, 208, 363, 638, 517, 773, 376, 995, 1119, 886, 21, 915, 258, 880, 933, 531, 262, 989, 1092, 106, 38, 164, 882, 691, 357, 580, 849, 1192, 465, 818, 313, 769, 32, 1163, 37, 6, 152, 511, 898, 1073, 680, 1068, 1156, 202, 1132, 282, 1036, 22, 356, 1221, 788, 171, 217, 326, 1256, 795, 1111, 397, 592, 1191, 973, 727, 910, 1124, 379, 540, 82, 741, 104, 748, 859, 388, 891, 639, 870, 1234, 312, 1203, 682, 1140, 628, 1294, 693, 229, 96, 478, 892, 830, 544, 404, 908, 1071, 366, 457, 433, 815, 103, 71, 901, 92, 69, 19, 641, 833, 1243, 847, 949, 482, 841, 184, 1046, 369, 352, 151, 925, 1159, 825, 1274, 107, 398, 284, 724, 551, 588, 1113, 1262, 294, 655, 623, 261, 97, 157, 739, 1184, 805, 10, 314, 885, 1171, 311, 714, 975, 547, 1267, 576, 1271, 1011, 155, 632, 1118, 844, 562, 163, 298, 746, 873, 1285, 471, 99, 615, 1260, 1224, 240, 911, 290, 679, 194, 64, 192, 355, 611, 175, 1223, 1016, 1273, 1194, 346, 586, 1041, 924, 775, 51, 676, 622, 1295, 968, 929, 39, 1217, 213, 883, 1178, 509, 244, 225, 267, 756, 744, 935, 651, 1167, 1138, 1206, 459, 601, 1093, 359, 47, 131, 828, 162, 449, 890, 1268, 111, 428, 473, 273, 199, 667, 170, 154, 673, 230, 1293, 738, 1182, 480, 1095, 1248, 372, 425, 1001, 570, 89, 887, 1060, 36, 387, 867, 331, 233, 299, 991, 644, 1147, 172, 1010, 73, 239, 1237, 842, 140, 195, 907, 577, 879, 201, 1242, 508, 582, 231, 533, 1120, 421, 543, 1289, 279, 1282, 1212, 824, 34, 990, 759, 44, 1236, 1284, 303, 1078, 1201, 834, 583, 1058, 27, 410, 113, 1272, 16, 1264, 1130, 1083, 218, 1233, 780, 1202, 232, 268, 1172, 730, 190, 589, 174, 80, 7, 853, 587, 980, 946, 605, 846, 358, 552, 148, 371, 445, 72, 265, 477, 1094, 811, 1215, 794, 904, 857, 335, 1211, 728, 884, 967, 819, 1258, 537, 116, 153, 745, 524, 678, 94, 761, 1106, 916, 1077, 377, 984, 1049, 972, 1116, 219, 822, 1031, 301, 122, 220, 700, 110, 484, 1107, 1213, 101, 1170, 403, 168, 28, 861, 415, 1195, 709, 144, 827, 432, 343, 621, 1126, 945, 647, 777, 424, 656, 75, 875, 1288, 677, 462, 872, 392, 1173, 338, 1247, 420, 271, 1087, 520, 1098, 11, 518, 838, 574, 1244, 782, 362, 850, 1229, 275, 602, 1135, 1045, 624, 1261, 548, 238, 488, 54, 470, 937, 138, 183, 1252, 336, 1034, 214, 561, 619, 161, 515, 670, 785, 486, 835, 965, 713, 807, 823, 426, 558, 832, 285, 1066, 62, 160, 1278, 986, 203, 917, 12, 783, 300, 766, 771, 889, 1145, 393, 134, 1030, 1219, 189, 1039, 506, 436, 345, 66, 186, 385, 1270, 1019, 56, 1056, 130, 1139, 993, 1153, 167, 740, 324, 803, 1214, 1198, 115, 14, 26, 242, 277, 1002, 843, 1162, 578, 1257, 1080, 871, 497, 423, 1072, 228, 3, 1232, 108, 642, 856, 1020, 1255, 812, 688, 413, 528, 98, 320, 687, 1174, 996, 952, 507, 74, 177, 29, 614, 386, 147, 613, 814, 865, 380, 402, 1012, 640, 947, 323, 1183, 595, 784, 137, 1187, 804, 837, 60, 479, 516, 675, 464, 31, 126, 418, 742, 210, 903, 767, 981, 498, 263, 252, 721, 708, 321, 1275, 801, 1263, 912, 1265, 943, 896, 332, 451, 412, 77, 897, 1190, 289, 178, 483, 1088, 327, 753, 79, 185, 1127, 76, 542, 1035, 57, 1196, 309, 817, 315, 212, 1280, 1029, 848, 599, 987, 1102, 1033, 1059, 954, 665, 532, 166, 383, 658, 305, 250, 1110, 145, 568, 997, 1099, 1006, 668, 808, 125, 456, 112, 1074, 953, 826, 998, 1104, 979, 852, 1286, 720, 958, 755, 716, 253, 752, 876, 851, 341, 610, 704, 999, 197, 1158, 1053, 768, 1146, 820, 429, 590, 205, 450, 446, 249, 1064, 685, 360, 616, 564, 297, 963, 512, 786, 4, 255, 1050, 1061, 396, 800, 669, 120, 525, 206, 43, 1204, 348, 139, 159, 1176, 119, 1239, 1142, 921, 292, 955, 196, 1082, 1065, 455, 1089, 523, 1121, 1143, 176, 247, 1057, 877, 1055, 864, 934, 652, 48, 200, 1133, 563, 1238, 836, 765, 496, 776, 962, 689, 440, 982, 961, 416, 1103, 468, 770, 114, 329, 612, 944, 1, 522, 245, 1013, 1032, 1131, 860, 928, 726, 405, 971, 643, 339, 487, 854, 156, 617, 1100, 913, 799, 940, 1226, 1021, 1277, 712, 899, 567, 797, 1235, 347, 936, 661, 188, 695, 444, 281, 207, 1154, 215, 1227, 83, 646, 787, 1241, 123, 596, 546, 535, 778, 1063, 435, 391, 317, 697, 1115, 1084, 579, 636, 696, 90, 318, 227, 500, 276, 310, 711, 701, 1076, 296, 513, 489, 557, 1062, 1054, 495, 758, 439, 333, 1165, 353, 1164, 657, 67, 1155, 169, 1075, 942, 858, 41, 243, 1067, 717, 399, 319, 977, 490, 84, 493, 441, 703, 1096, 447, 461, 893, 831, 649, 671, 150, 749, 15, 722, 1222, 988, 774, 719, 763, 920, 70, 1026, 959, 491, 1042, 223, 124, 606, 1199, 608, 476, 121, 1008, 1181, 705, 291, 18, 626, 591, 618, 1043, 654, 966, 492, 1004, 344, 549, 538, 133, 400, 322, 234, 731, 95, 888, 280, 634, 684, 65, 85, 46, 956, 881, 438, 736, 536, 1150, 193, 401, 905, 505, 674, 569, 806, 757, 68, 1141, 798, 874, 1125, 585, 1209, 950, 373, 330, 939, 1017, 902, 559, 1276, 550, 187, 325, 1281, 272, 308, 789, 686, 129, 918, 1018, 378, 1047, 514, 541, 1266, 957, 707, 52, 209, 59, 754, 840, 598, 970, 737, 25, 1025, 365, 526, 241, 143, 354, 1137, 274, 992, 81, 698, 434, 1259, 593, 839, 1210, 117, 1128, 521, 747, 914, 556, 1015, 422, 58, 1123, 502, 779, 845, 370, 472, 869, 529, 454, 600, 796, 1105, 24, 816]
(w = 9) Correct Cyclicantibandwidth
Set parameter TimeLimit to value 1800
[runlim] sample:		1141.6 time, 1140.1 real, 5957.6 MB
[runlim] sample:		1151.6 time, 1150.1 real, 5993.8 MB
[runlim] sample:		1161.6 time, 1160.1 real, 6093.0 MB
[runlim] sample:		1171.6 time, 1170.1 real, 6172.2 MB
[runlim] sample:		1181.6 time, 1180.1 real, 6254.0 MB
[runlim] sample:		1191.7 time, 1190.1 real, 6336.8 MB
[runlim] sample:		1201.7 time, 1200.1 real, 6416.5 MB
[runlim] sample:		1211.7 time, 1210.1 real, 6499.3 MB
[runlim] sample:		1221.7 time, 1220.1 real, 6579.5 MB
[runlim] sample:		1231.7 time, 1230.1 real, 6702.2 MB
[runlim] sample:		1241.7 time, 1240.1 real, 6781.4 MB
[runlim] sample:		1251.7 time, 1250.1 real, 6865.6 MB
[runlim] sample:		1261.7 time, 1260.1 real, 6950.9 MB
[runlim] sample:		1271.7 time, 1270.1 real, 7090.0 MB
[runlim] sample:		1281.8 time, 1280.1 real, 7175.4 MB
[runlim] sample:		1291.8 time, 1290.1 real, 7263.7 MB
[runlim] sample:		1301.8 time, 1300.1 real, 7345.9 MB
[runlim] sample:		1311.8 time, 1310.1 real, 7434.2 MB
[runlim] sample:		1321.8 time, 1320.1 real, 7516.3 MB
[runlim] sample:		1331.8 time, 1330.1 real, 7607.9 MB
[runlim] sample:		1341.8 time, 1340.1 real, 7690.2 MB
[runlim] sample:		1351.8 time, 1350.1 real, 7775.2 MB
[runlim] sample:		1361.9 time, 1360.1 real, 7853.1 MB
[runlim] sample:		1371.9 time, 1370.1 real, 7937.1 MB
[runlim] sample:		1381.9 time, 1380.1 real, 5683.6 MB
(w = 10) Value Cyclicantibandwidth: 10
Lables: [1000, 573, 467, 364, 23, 93, 790, 469, 118, 304, 141, 1014, 555, 128, 182, 1108, 931, 878, 42, 607, 683, 437, 706, 1205, 221, 922, 381, 259, 1069, 760, 408, 288, 1245, 895, 792, 328, 733, 1200, 1149, 510, 1179, 475, 976, 553, 699, 938, 390, 932, 710, 1085, 635, 20, 1218, 361, 269, 481, 91, 694, 466, 927, 13, 1246, 1291, 173, 791, 1251, 565, 554, 251, 1005, 633, 248, 900, 307, 781, 894, 102, 158, 534, 650, 1144, 142, 246, 406, 382, 743, 594, 1079, 109, 1023, 631, 723, 983, 627, 1122, 941, 1003, 978, 1086, 342, 1051, 863, 1230, 764, 295, 625, 222, 572, 1290, 431, 375, 645, 211, 603, 751, 1009, 1070, 930, 672, 1160, 226, 237, 87, 1112, 78, 1250, 855, 419, 926, 55, 964, 1231, 1038, 1188, 1254, 539, 384, 1097, 1185, 443, 732, 302, 1166, 33, 286, 181, 519, 1109, 1148, 659, 1240, 430, 260, 136, 1024, 597, 334, 389, 1186, 458, 1269, 985, 735, 793, 485, 1168, 702, 609, 653, 821, 1208, 264, 9, 1216, 974, 270, 1177, 463, 179, 1136, 1134, 809, 503, 474, 499, 349, 494, 191, 1028, 1052, 604, 1207, 414, 61, 293, 8, 681, 411, 630, 560, 663, 374, 198, 337, 287, 88, 224, 813, 63, 236, 17, 367, 1228, 1114, 725, 266, 1151, 45, 165, 810, 868, 1040, 395, 86, 256, 862, 527, 501, 584, 919, 1253, 829, 216, 340, 460, 1101, 715, 1279, 105, 452, 100, 180, 417, 1117, 1129, 762, 1152, 50, 660, 1157, 1189, 960, 1091, 692, 772, 351, 620, 204, 866, 948, 5, 778, 504, 545, 1169, 1283, 409, 453, 909, 1287, 718, 2, 729, 1081, 1037, 662, 427, 664, 30, 571, 1048, 35, 1225, 316, 969, 994, 1161, 132, 566, 1180, 1022, 283, 637, 690, 278, 1193, 49, 1027, 1197, 235, 629, 442, 368, 1007, 149, 127, 146, 581, 1278, 448, 923, 53, 1044, 350, 802, 906, 648, 530, 1249, 1090, 666, 575, 394, 1296, 135, 951, 1220, 734, 254, 750, 306, 407, 1175, 257, 208, 363, 446, 517, 773, 376, 995, 1119, 886, 21, 915, 258, 880, 933, 531, 262, 989, 1092, 106, 38, 164, 882, 691, 357, 580, 849, 1192, 465, 818, 313, 40, 388, 1163, 37, 6, 152, 511, 898, 1073, 680, 1068, 1156, 202, 1132, 282, 1036, 22, 356, 1221, 788, 171, 217, 326, 1256, 795, 1111, 397, 592, 1191, 973, 727, 910, 1124, 379, 540, 82, 741, 104, 748, 859, 839, 891, 639, 870, 1234, 312, 1203, 682, 1140, 628, 1294, 693, 229, 96, 478, 892, 830, 544, 404, 908, 1071, 366, 457, 433, 815, 103, 71, 638, 92, 69, 19, 641, 833, 1243, 847, 949, 482, 841, 184, 1046, 369, 352, 151, 925, 1159, 825, 1274, 107, 398, 284, 724, 551, 588, 1113, 1262, 294, 655, 623, 261, 97, 157, 739, 1184, 805, 10, 314, 885, 1171, 311, 714, 975, 547, 1267, 576, 1271, 1011, 155, 632, 1118, 844, 562, 163, 298, 746, 873, 1285, 471, 99, 615, 1260, 1224, 240, 911, 290, 679, 194, 64, 192, 355, 611, 175, 1223, 1016, 1273, 1194, 346, 586, 1041, 924, 775, 51, 676, 622, 1295, 968, 929, 39, 1217, 213, 883, 1178, 509, 244, 225, 267, 756, 744, 935, 651, 1167, 1138, 1206, 459, 601, 1093, 359, 47, 131, 828, 162, 449, 890, 1268, 111, 428, 473, 273, 199, 667, 170, 154, 360, 230, 1293, 738, 1182, 480, 1095, 1248, 372, 425, 1001, 570, 89, 887, 1060, 36, 387, 867, 331, 233, 299, 991, 644, 1147, 172, 1010, 73, 239, 1237, 842, 140, 195, 907, 577, 879, 201, 1242, 508, 582, 231, 533, 1120, 421, 543, 1289, 279, 1282, 1212, 824, 34, 990, 759, 44, 1236, 1284, 303, 1078, 1201, 834, 583, 1058, 27, 410, 113, 1272, 16, 1264, 1130, 1083, 218, 1233, 780, 1202, 232, 268, 1172, 704, 190, 589, 174, 769, 7, 853, 587, 980, 946, 605, 846, 358, 552, 148, 371, 445, 72, 265, 477, 673, 811, 1215, 365, 904, 857, 335, 1211, 728, 884, 967, 819, 1258, 537, 116, 153, 745, 524, 678, 94, 902, 1106, 916, 1077, 377, 984, 1049, 972, 1116, 219, 822, 1031, 301, 122, 220, 700, 110, 484, 1292, 1213, 101, 1170, 403, 168, 28, 861, 415, 1195, 709, 144, 827, 432, 343, 621, 1126, 945, 647, 777, 424, 656, 75, 875, 1288, 677, 462, 872, 392, 1173, 338, 1247, 420, 271, 1087, 520, 1098, 11, 518, 838, 574, 1244, 782, 362, 850, 1229, 275, 602, 1135, 1045, 624, 1261, 548, 238, 488, 54, 470, 937, 138, 183, 1252, 336, 1034, 214, 561, 619, 161, 515, 670, 785, 486, 835, 965, 713, 807, 1094, 426, 558, 832, 285, 1066, 62, 160, 854, 986, 203, 917, 12, 783, 300, 766, 771, 889, 1145, 393, 134, 1030, 1219, 189, 1039, 506, 436, 345, 66, 186, 385, 1270, 1019, 56, 1056, 130, 1139, 993, 1153, 167, 740, 324, 803, 1214, 1198, 115, 14, 26, 242, 277, 1002, 843, 1162, 578, 1257, 1080, 871, 497, 423, 1072, 228, 3, 1232, 108, 642, 856, 1020, 1255, 812, 688, 413, 528, 98, 320, 687, 1174, 996, 952, 507, 74, 177, 29, 614, 386, 147, 613, 814, 865, 380, 402, 1012, 640, 947, 323, 1183, 595, 784, 137, 1187, 804, 837, 60, 479, 516, 675, 464, 31, 126, 418, 742, 210, 903, 767, 981, 1128, 263, 252, 721, 708, 321, 1275, 801, 1263, 912, 1265, 943, 896, 332, 451, 412, 77, 897, 1190, 823, 178, 483, 1088, 327, 753, 79, 185, 1127, 76, 542, 1035, 57, 1196, 309, 817, 315, 212, 1280, 1029, 848, 599, 987, 1102, 1033, 1059, 954, 665, 532, 166, 383, 658, 305, 250, 1110, 145, 568, 997, 1099, 1006, 668, 808, 125, 456, 112, 1074, 953, 826, 998, 1104, 979, 852, 1286, 720, 958, 755, 716, 253, 752, 876, 851, 341, 610, 956, 999, 32, 1158, 1053, 768, 1146, 820, 429, 590, 205, 450, 1107, 249, 1064, 685, 794, 616, 564, 297, 963, 512, 939, 4, 255, 1050, 1061, 396, 800, 80, 120, 525, 206, 43, 1204, 348, 139, 159, 1176, 119, 1239, 1142, 289, 719, 955, 196, 1082, 1065, 455, 1089, 669, 526, 1143, 176, 247, 1057, 877, 1055, 864, 934, 652, 48, 200, 1133, 563, 1238, 836, 765, 496, 776, 962, 689, 440, 982, 961, 416, 1103, 468, 770, 114, 329, 612, 944, 1, 522, 245, 1013, 1032, 1131, 860, 928, 726, 405, 971, 643, 339, 487, 129, 156, 617, 1100, 913, 799, 940, 1226, 1021, 1277, 712, 899, 567, 797, 1235, 347, 936, 661, 188, 695, 444, 281, 207, 1154, 215, 1227, 83, 646, 787, 1241, 123, 596, 546, 535, 901, 1063, 435, 292, 317, 697, 1115, 1084, 579, 636, 696, 90, 318, 227, 500, 276, 310, 711, 701, 1076, 296, 786, 489, 557, 1062, 1054, 495, 758, 439, 333, 1165, 391, 1164, 657, 67, 1155, 169, 1075, 942, 858, 41, 243, 1067, 717, 399, 319, 977, 490, 84, 493, 441, 703, 921, 447, 461, 893, 831, 649, 671, 150, 749, 15, 722, 1281, 988, 353, 1025, 763, 920, 70, 1026, 959, 491, 1042, 223, 124, 606, 1199, 608, 476, 121, 1008, 1181, 705, 291, 18, 626, 591, 618, 1043, 654, 966, 492, 1004, 344, 549, 538, 133, 400, 322, 234, 731, 95, 888, 280, 634, 684, 65, 85, 46, 434, 881, 1121, 736, 536, 1150, 197, 401, 905, 505, 674, 569, 730, 757, 68, 1141, 798, 874, 1125, 585, 1209, 950, 373, 330, 598, 1096, 513, 559, 1276, 550, 187, 774, 1105, 272, 308, 789, 686, 1017, 918, 761, 378, 1047, 514, 541, 1266, 957, 707, 52, 209, 59, 523, 840, 193, 970, 737, 438, 754, 1222, 806, 241, 143, 354, 1137, 274, 325, 81, 698, 1259, 498, 593, 521, 1210, 117, 25, 747, 992, 914, 556, 1015, 422, 58, 1123, 502, 1018, 845, 370, 472, 869, 779, 454, 600, 24, 529, 816, 796]
(w = 10) Correct Cyclicantibandwidth
Set parameter TimeLimit to value 1800
[runlim] sample:		1391.9 time, 1390.1 real, 6279.0 MB
[runlim] sample:		1401.9 time, 1400.1 real, 6347.8 MB
[runlim] sample:		1411.9 time, 1410.1 real, 6426.6 MB
[runlim] sample:		1422.0 time, 1420.1 real, 6507.1 MB
[runlim] sample:		1432.0 time, 1430.1 real, 6587.1 MB
[runlim] sample:		1442.0 time, 1440.1 real, 6664.5 MB
[runlim] sample:		1452.0 time, 1450.1 real, 6737.7 MB
[runlim] sample:		1462.0 time, 1460.1 real, 6815.4 MB
[runlim] sample:		1472.0 time, 1470.1 real, 6896.8 MB
[runlim] sample:		1482.0 time, 1480.1 real, 6976.3 MB
[runlim] sample:		1492.0 time, 1490.1 real, 7068.5 MB
[runlim] sample:		1502.1 time, 1500.1 real, 7153.0 MB
[runlim] sample:		1512.1 time, 1510.1 real, 7250.2 MB
[runlim] sample:		1522.1 time, 1520.1 real, 7332.4 MB
[runlim] sample:		1532.1 time, 1530.1 real, 7491.8 MB
[runlim] sample:		1542.1 time, 1540.1 real, 7577.5 MB
[runlim] sample:		1552.1 time, 1550.1 real, 7670.9 MB
[runlim] sample:		1562.2 time, 1560.1 real, 7752.3 MB
[runlim] sample:		1572.2 time, 1570.1 real, 7830.1 MB
[runlim] sample:		1582.2 time, 1580.1 real, 7911.3 MB
[runlim] sample:		1592.2 time, 1590.1 real, 7999.4 MB
[runlim] sample:		1602.2 time, 1600.1 real, 8088.4 MB
[runlim] sample:		1612.2 time, 1610.1 real, 8175.8 MB
[runlim] sample:		1622.3 time, 1620.1 real, 8259.2 MB
[runlim] sample:		1632.3 time, 1630.1 real, 8344.6 MB
[runlim] sample:		1642.3 time, 1640.1 real, 8398.8 MB
(w = 11) Value Cyclicantibandwidth: 11
Lables: [1000, 573, 467, 364, 23, 93, 790, 469, 118, 304, 141, 1014, 555, 128, 182, 1108, 931, 878, 42, 607, 683, 437, 706, 1205, 221, 922, 381, 259, 1069, 760, 408, 288, 1245, 895, 792, 328, 733, 1200, 1149, 510, 1179, 475, 976, 553, 699, 938, 390, 932, 710, 1085, 635, 20, 1218, 361, 269, 481, 91, 694, 466, 927, 13, 1246, 1291, 173, 791, 1251, 565, 554, 251, 1005, 633, 248, 900, 307, 781, 894, 102, 158, 534, 650, 1144, 142, 246, 406, 382, 743, 594, 1079, 109, 1023, 631, 723, 983, 627, 1122, 941, 1003, 978, 1086, 342, 1051, 863, 1230, 764, 295, 625, 222, 572, 1290, 431, 375, 645, 211, 603, 751, 1009, 1070, 930, 672, 1160, 226, 237, 87, 1112, 78, 1250, 855, 419, 926, 55, 964, 1231, 1038, 1188, 1254, 539, 384, 1097, 1185, 443, 732, 302, 1166, 33, 286, 181, 519, 1109, 1148, 659, 1240, 430, 260, 136, 1024, 597, 334, 389, 1186, 458, 1269, 985, 735, 793, 485, 1168, 702, 609, 653, 821, 1208, 264, 9, 1216, 974, 270, 1177, 463, 179, 1136, 1134, 809, 503, 474, 499, 349, 494, 191, 1028, 1052, 604, 1207, 414, 61, 293, 8, 681, 411, 630, 560, 663, 374, 198, 337, 287, 88, 224, 813, 63, 236, 17, 367, 1228, 1114, 725, 266, 1151, 45, 165, 810, 868, 1040, 395, 86, 256, 862, 527, 501, 584, 919, 1253, 829, 216, 340, 460, 1101, 715, 1279, 105, 452, 100, 180, 417, 1117, 1129, 762, 1152, 50, 660, 1157, 1189, 960, 1091, 692, 772, 351, 620, 204, 866, 948, 5, 1010, 504, 545, 1169, 1283, 409, 453, 909, 1287, 718, 2, 729, 1081, 1037, 662, 427, 664, 30, 571, 1048, 35, 1225, 316, 969, 994, 1161, 132, 566, 1180, 1022, 283, 637, 690, 278, 1193, 49, 1027, 1197, 235, 629, 442, 368, 1007, 149, 127, 146, 581, 1278, 448, 923, 53, 1044, 350, 802, 906, 648, 530, 1249, 1090, 666, 575, 394, 1296, 135, 951, 1220, 734, 254, 750, 306, 407, 1175, 257, 208, 363, 157, 517, 773, 376, 995, 1119, 886, 21, 915, 258, 880, 933, 531, 262, 989, 1092, 106, 38, 164, 882, 691, 357, 580, 849, 1192, 465, 818, 313, 40, 388, 1163, 37, 6, 152, 511, 898, 1073, 680, 1068, 1156, 202, 1132, 282, 1036, 22, 356, 1221, 788, 171, 217, 326, 1256, 1058, 1111, 397, 592, 1191, 973, 727, 910, 1124, 379, 540, 82, 741, 104, 748, 859, 839, 891, 639, 870, 1234, 312, 1203, 682, 1140, 628, 1294, 693, 229, 96, 478, 892, 830, 544, 404, 908, 1071, 366, 457, 433, 815, 103, 71, 739, 92, 69, 19, 641, 833, 1243, 847, 949, 482, 841, 184, 1046, 369, 352, 151, 925, 1159, 825, 1274, 107, 398, 162, 724, 551, 588, 1113, 1262, 294, 655, 623, 261, 97, 275, 523, 1184, 805, 10, 314, 885, 1171, 311, 714, 975, 547, 1267, 576, 1271, 1011, 155, 632, 1118, 844, 562, 163, 298, 746, 873, 1285, 471, 99, 615, 1260, 1224, 240, 911, 290, 679, 194, 64, 192, 355, 611, 175, 1223, 1016, 1273, 1194, 346, 586, 1041, 924, 775, 51, 676, 622, 1295, 968, 929, 39, 1217, 213, 883, 1178, 509, 244, 225, 267, 756, 744, 935, 651, 901, 1138, 1206, 459, 601, 1093, 359, 47, 131, 828, 284, 449, 890, 1268, 111, 428, 473, 273, 199, 667, 170, 154, 360, 230, 1293, 738, 1182, 480, 1095, 1248, 372, 425, 1001, 570, 89, 887, 1060, 36, 387, 867, 331, 233, 638, 991, 644, 1147, 172, 806, 73, 239, 1237, 842, 140, 195, 907, 577, 879, 201, 1242, 508, 582, 231, 533, 1120, 421, 543, 1289, 279, 1282, 1212, 824, 34, 990, 759, 44, 1236, 1284, 303, 1078, 1201, 834, 583, 85, 27, 410, 113, 1272, 16, 1264, 1130, 1083, 218, 1233, 780, 1202, 232, 268, 1172, 704, 190, 589, 174, 769, 7, 853, 587, 980, 946, 605, 846, 358, 552, 148, 371, 445, 72, 265, 477, 673, 811, 1215, 365, 904, 857, 335, 1211, 728, 884, 967, 819, 1258, 537, 116, 153, 745, 524, 678, 94, 902, 1106, 916, 1077, 377, 984, 1049, 972, 1116, 219, 822, 1031, 301, 122, 220, 700, 110, 484, 1107, 1213, 101, 1170, 403, 168, 28, 861, 415, 1195, 709, 144, 827, 432, 343, 621, 1126, 945, 647, 777, 424, 656, 75, 875, 1288, 677, 462, 872, 392, 1173, 338, 1247, 420, 271, 1087, 520, 1128, 11, 518, 838, 574, 1244, 782, 362, 850, 1229, 1015, 602, 1135, 1045, 624, 1261, 548, 238, 488, 54, 470, 937, 138, 183, 1252, 336, 1034, 214, 561, 619, 161, 515, 670, 785, 486, 835, 965, 713, 807, 1094, 426, 558, 832, 285, 1066, 62, 160, 854, 986, 203, 917, 12, 783, 300, 766, 771, 889, 1145, 393, 134, 1030, 1219, 189, 1039, 506, 436, 345, 66, 186, 385, 1270, 1019, 56, 1056, 130, 1139, 993, 1153, 167, 740, 324, 803, 1214, 1198, 115, 14, 26, 242, 277, 1002, 843, 1162, 578, 1257, 1080, 871, 497, 423, 1072, 228, 3, 1232, 108, 642, 856, 1020, 1255, 812, 688, 413, 528, 98, 320, 687, 1174, 996, 952, 1098, 74, 177, 29, 614, 386, 147, 613, 814, 865, 380, 402, 1012, 640, 947, 323, 1183, 595, 784, 137, 1187, 804, 837, 60, 479, 516, 675, 464, 31, 126, 418, 742, 210, 903, 767, 981, 498, 263, 252, 721, 708, 321, 1275, 801, 1263, 912, 1265, 943, 896, 332, 507, 412, 77, 897, 1190, 823, 178, 483, 1088, 327, 753, 79, 185, 1127, 76, 542, 1035, 57, 1196, 309, 817, 315, 212, 1280, 1029, 848, 599, 987, 1102, 1033, 1059, 954, 665, 532, 166, 383, 658, 305, 250, 1110, 145, 568, 997, 1099, 1006, 668, 808, 125, 456, 112, 1074, 953, 826, 998, 1104, 979, 852, 1286, 720, 958, 755, 716, 253, 752, 876, 851, 341, 610, 956, 999, 32, 1158, 1053, 768, 1146, 820, 429, 590, 205, 450, 446, 249, 1064, 685, 794, 616, 564, 297, 963, 299, 939, 4, 255, 1050, 1061, 396, 800, 80, 120, 525, 206, 43, 1204, 348, 139, 159, 1176, 119, 1239, 1142, 289, 719, 955, 196, 1082, 1065, 546, 1089, 669, 526, 1143, 176, 247, 1057, 877, 455, 864, 934, 652, 48, 200, 1133, 563, 1238, 836, 765, 496, 776, 962, 689, 440, 982, 961, 416, 1103, 468, 770, 114, 329, 612, 944, 1, 522, 245, 1013, 1032, 1131, 860, 928, 726, 405, 971, 643, 339, 487, 129, 156, 617, 1100, 913, 799, 940, 1226, 1021, 1277, 712, 899, 567, 797, 1235, 347, 936, 661, 188, 695, 444, 281, 207, 1154, 215, 1227, 83, 646, 1292, 1241, 123, 596, 701, 535, 778, 1063, 435, 292, 549, 697, 1115, 1084, 579, 636, 696, 90, 318, 227, 500, 276, 310, 711, 654, 1076, 296, 786, 489, 557, 1062, 1054, 495, 758, 439, 333, 1165, 317, 1164, 657, 67, 1155, 169, 1075, 942, 858, 41, 243, 1067, 1055, 399, 319, 977, 490, 84, 493, 441, 703, 921, 447, 461, 893, 717, 649, 671, 150, 749, 15, 722, 1281, 988, 353, 1025, 763, 920, 70, 1026, 959, 491, 1042, 831, 124, 606, 1199, 608, 476, 121, 1008, 1181, 705, 291, 18, 626, 591, 618, 1043, 280, 966, 1167, 1004, 344, 736, 538, 133, 400, 322, 234, 731, 95, 888, 370, 634, 684, 65, 795, 46, 434, 881, 1121, 197, 536, 1150, 193, 401, 905, 505, 674, 569, 730, 757, 68, 1141, 798, 874, 1125, 585, 1209, 950, 373, 330, 598, 1096, 513, 559, 787, 550, 187, 774, 1105, 272, 308, 789, 686, 1017, 918, 761, 378, 1047, 514, 541, 1266, 957, 707, 52, 492, 59, 754, 223, 325, 970, 737, 438, 1018, 1276, 472, 840, 143, 354, 1137, 451, 992, 81, 698, 1222, 1259, 593, 521, 391, 117, 25, 1210, 747, 914, 556, 816, 274, 58, 1123, 502, 779, 422, 512, 209, 869, 529, 454, 600, 24, 845, 796, 241]
(w = 11) Correct Cyclicantibandwidth
Set parameter TimeLimit to value 1800
[runlim] sample:		1652.3 time, 1650.1 real, 6077.4 MB
[runlim] sample:		1662.3 time, 1660.1 real, 6578.5 MB
[runlim] sample:		1672.3 time, 1670.1 real, 6666.7 MB
[runlim] sample:		1682.4 time, 1680.1 real, 6744.4 MB
[runlim] sample:		1692.4 time, 1690.1 real, 6823.6 MB
[runlim] sample:		1702.4 time, 1700.1 real, 6901.9 MB
[runlim] sample:		1712.4 time, 1710.1 real, 6979.3 MB
[runlim] sample:		1722.4 time, 1720.1 real, 7056.9 MB
[runlim] sample:		1732.4 time, 1730.1 real, 7134.3 MB
[runlim] sample:		1742.4 time, 1740.1 real, 7213.6 MB
[runlim] sample:		1752.5 time, 1750.1 real, 7293.5 MB
[runlim] sample:		1762.5 time, 1760.1 real, 7403.3 MB
[runlim] sample:		1772.5 time, 1770.1 real, 7484.4 MB
[runlim] sample:		1782.5 time, 1780.1 real, 7566.0 MB
[runlim] sample:		1792.5 time, 1790.1 real, 7646.9 MB
[runlim] sample:		1802.5 time, 1800.1 real, 0.0 MB
[runlim] end:			Mon Nov  3 16:21:30 2025
[runlim] status:		out of time
[runlim] result:		2
[runlim] children:		0
[runlim] real:			1800.28 seconds
[runlim] time:			1802.62 seconds
[runlim] space:			8410.0 MB
[runlim] samples:		18001
