[runlim] version:		1.10
[runlim] time limit:		311040000 seconds
[runlim] real time limit:	1800 seconds
[runlim] space limit:		30000 MB
[runlim] argv[0]:		python3
[runlim] argv[1]:		model.py
[runlim] argv[2]:		./graph/3dmesh/3dmesh_3_3_270.txt
[runlim] start:			Mon Nov  3 11:00:37 2025
[runlim] main pid:		17363
[runlim] log captured:
Set parameter WLSAccessID
Set parameter WLSSecret
Set parameter LicenseID to value 2663665
Academic license 2663665 - for non-commercial use only - registered to tu___@vnu.edu.vn
Set parameter TimeLimit to value 1800
[runlim] sample:		10.0 time, 10.3 real, 914.8 MB
[runlim] sample:		20.0 time, 20.3 real, 2362.4 MB
[runlim] sample:		30.0 time, 30.3 real, 2703.3 MB
[runlim] sample:		40.0 time, 40.3 real, 2767.9 MB
[runlim] sample:		50.1 time, 50.3 real, 2790.0 MB
[runlim] sample:		60.1 time, 60.3 real, 2808.3 MB
[runlim] sample:		70.1 time, 70.3 real, 2945.0 MB
[runlim] sample:		80.1 time, 80.3 real, 3089.0 MB
[runlim] sample:		90.1 time, 90.3 real, 3247.5 MB
[runlim] sample:		100.2 time, 100.3 real, 3381.5 MB
[runlim] sample:		110.2 time, 110.3 real, 3491.8 MB
[runlim] sample:		120.2 time, 120.3 real, 3675.0 MB
[runlim] sample:		130.2 time, 130.3 real, 3810.9 MB
[runlim] sample:		140.2 time, 140.3 real, 3929.6 MB
[runlim] sample:		150.3 time, 150.3 real, 4034.0 MB
[runlim] sample:		160.3 time, 160.3 real, 4155.7 MB
[runlim] sample:		170.3 time, 170.3 real, 4271.9 MB
[runlim] sample:		180.3 time, 180.3 real, 4390.1 MB
[runlim] sample:		190.3 time, 190.3 real, 4512.5 MB
[runlim] sample:		200.3 time, 200.3 real, 4686.3 MB
[runlim] sample:		210.4 time, 210.3 real, 4793.1 MB
[runlim] sample:		220.4 time, 220.3 real, 4911.9 MB
[runlim] sample:		230.4 time, 230.3 real, 5036.0 MB
[runlim] sample:		240.4 time, 240.3 real, 5158.0 MB
[runlim] sample:		250.4 time, 250.3 real, 5291.3 MB
[runlim] sample:		260.5 time, 260.3 real, 5419.1 MB
[runlim] sample:		270.5 time, 270.3 real, 5554.3 MB
[runlim] sample:		280.5 time, 280.3 real, 5688.1 MB
[runlim] sample:		290.5 time, 290.3 real, 5801.7 MB
[runlim] sample:		300.5 time, 300.3 real, 5935.6 MB
[runlim] sample:		310.6 time, 310.3 real, 6067.0 MB
[runlim] sample:		320.6 time, 320.3 real, 6194.3 MB
[runlim] sample:		330.6 time, 330.3 real, 6327.7 MB
[runlim] sample:		340.6 time, 340.3 real, 6457.0 MB
[runlim] sample:		350.6 time, 350.3 real, 6589.7 MB
[runlim] sample:		360.7 time, 360.3 real, 6719.0 MB
[runlim] sample:		370.7 time, 370.3 real, 6862.2 MB
[runlim] sample:		380.7 time, 380.3 real, 6969.1 MB
[runlim] sample:		390.7 time, 390.3 real, 7098.1 MB
[runlim] sample:		400.7 time, 400.3 real, 7229.3 MB
[runlim] sample:		410.7 time, 410.3 real, 7360.0 MB
[runlim] sample:		420.8 time, 420.3 real, 7492.8 MB
[runlim] sample:		430.8 time, 430.3 real, 8789.0 MB
(w = 4) Value Cyclicantibandwidth: 4
Lables: [833, 418, 1034, 824, 1403, 260, 425, 182, 1502, 123, 1986, 477, 1412, 128, 2254, 760, 1409, 706, 219, 889, 1869, 186, 222, 1393, 550, 528, 1226, 1344, 941, 1843, 1385, 1493, 434, 95, 2193, 952, 2292, 546, 507, 781, 1077, 2091, 596, 1450, 1761, 1417, 1909, 1023, 1654, 556, 1320, 1616, 393, 1985, 1613, 1804, 1441, 1333, 2130, 1817, 516, 1981, 782, 2047, 1842, 2005, 762, 1414, 719, 812, 226, 1254, 363, 1247, 851, 1289, 1744, 2264, 1262, 2223, 1294, 408, 444, 2266, 2014, 991, 1960, 485, 1078, 259, 100, 1882, 559, 2199, 1318, 1572, 627, 2398, 2190, 492, 564, 1743, 1683, 293, 474, 2256, 785, 1970, 264, 454, 1109, 2227, 305, 216, 726, 1768, 737, 2111, 232, 1947, 1392, 1617, 493, 1725, 81, 2406, 1068, 1754, 2372, 691, 1816, 1022, 1504, 64, 1048, 772, 698, 902, 648, 1295, 519, 955, 653, 1821, 2346, 453, 689, 828, 1456, 224, 1596, 2016, 1484, 1640, 428, 1212, 1912, 717, 138, 2142, 1438, 1786, 1316, 2245, 1741, 763, 1279, 802, 2241, 956, 335, 2414, 931, 1961, 499, 750, 716, 571, 1710, 634, 1661, 210, 714, 2393, 1354, 2218, 771, 2182, 1101, 996, 402, 849, 1701, 2056, 1512, 504, 2144, 1274, 953, 116, 620, 1749, 1287, 1075, 2234, 521, 664, 2363, 2110, 384, 1348, 1641, 731, 871, 2213, 388, 2238, 1121, 1875, 2280, 33, 917, 1607, 2167, 466, 458, 896, 279, 817, 1926, 742, 19, 2390, 2220, 1110, 1488, 2356, 612, 992, 825, 2162, 322, 1575, 1901, 1225, 2158, 1455, 2177, 599, 1917, 501, 675, 1188, 298, 795, 1011, 1867, 682, 189, 809, 940, 1949, 197, 692, 1217, 1445, 1087, 2422, 696, 615, 1083, 346, 2361, 1503, 1113, 65, 2070, 563, 743, 2067, 569, 1706, 1516, 1778, 58, 654, 1551, 96, 79, 647, 987, 1813, 1277, 67, 2050, 1358, 1552, 358, 404, 630, 1959, 1984, 449, 1718, 1689, 354, 13, 900, 1043, 432, 1460, 1611, 1695, 2113, 583, 1453, 193, 84, 318, 1841, 1039, 1866, 523, 1158, 1900, 307, 938, 2058, 1671, 2380, 2412, 919, 1031, 2311, 1827, 788, 118, 1045, 2185, 1266, 637, 37, 1485, 552, 798, 223, 188, 1105, 1426, 313, 816, 728, 1511, 2206, 752, 2081, 570, 1628, 2072, 555, 1095, 199, 2146, 487, 1858, 1757, 275, 1264, 1201, 137, 1172, 1888, 1183, 618, 2192, 2003, 78, 368, 143, 168, 481, 978, 1808, 419, 1352, 320, 2093, 1136, 1834, 50, 11, 146, 855, 417, 2354, 436, 1284, 1763, 374, 1252, 915, 1004, 297, 649, 1047, 1833, 2159, 1699, 262, 1538, 1135, 120, 1466, 1738, 41, 766, 1739, 253, 2332, 1533, 574, 303, 582, 1853, 340, 658, 1792, 326, 960, 1169, 2403, 115, 2092, 1627, 1615, 1979, 1921, 2073, 1850, 228, 1338, 656, 1991, 1097, 1371, 214, 1481, 2232, 1990, 1255, 395, 145, 1356, 1770, 1060, 645, 680, 1236, 1218, 2293, 49, 1746, 1062, 2053, 769, 327, 591, 1918, 2121, 413, 282, 1522, 2019, 1899, 748, 1975, 1576, 895, 1391, 1740, 2294, 377, 542, 509, 2007, 2309, 1387, 2385, 566, 352, 2408, 2150, 673, 1150, 206, 2138, 40, 1080, 1281, 1707, 429, 1898, 2029, 1939, 290, 109, 1198, 1181, 190, 1014, 296, 394, 386, 1583, 496, 1772, 423, 479, 151, 250, 1153, 2301, 739, 1155, 2391, 1006, 910, 2021, 1270, 1690, 1884, 1012, 1832, 2359, 1645, 2025, 1814, 278, 1494, 2188, 440, 913, 518, 2273, 1123, 1349, 60, 472, 1251, 1895, 276, 961, 108, 1319, 600, 1360, 1672, 2098, 623, 2191, 1555, 690, 622, 43, 55, 951, 34, 2375, 1837, 309, 82, 2006, 886, 1443, 1189, 1637, 2097, 1363, 2087, 2386, 2307, 361, 174, 292, 2000, 1118, 1235, 2015, 372, 687, 446, 945, 1910, 572, 1057, 1142, 1211, 2228, 1351, 1849, 651, 497, 1558, 1639, 561, 1634, 874, 2103, 603, 775, 2079, 933, 2349, 1487, 1329, 1361, 973, 1405, 2139, 688, 1082, 815, 133, 1192, 1073, 1029, 31, 1565, 1147, 1569, 2031, 2055, 112, 2243, 70, 1359, 2124, 980, 1805, 1490, 1878, 1860, 765, 669, 1633, 2076, 2046, 164, 2062, 1543, 1394, 397, 91, 1038, 1224, 1056, 2201, 44, 16, 789, 2342, 1846, 2126, 149, 1472, 2039, 23, 1586, 2317, 1553, 1646, 1440, 1660, 544, 1751, 2183, 2397, 882, 2299, 537, 1729, 1019, 2210, 1368, 534, 1574, 1692, 1643, 1054, 2032, 2345, 2078, 1342, 1296, 1311, 159, 2236, 684, 1794, 1822, 1812, 650, 1401, 1630, 959, 1327, 1698, 414, 1903, 1396, 1584, 1145, 2326, 1773, 878, 1260, 1501, 1737, 884, 1474, 2095, 1968, 251, 370, 1084, 287, 2333, 928, 1893, 1033, 1907, 1164, 1114, 329, 1434, 1285, 161, 1614, 1179, 1560, 2265, 901, 1987, 1161, 237, 2104, 1322, 54, 1173, 1248, 233, 2370, 1432, 1868, 903, 1178, 545, 1835, 38, 1922, 924, 1696, 2131, 63, 389, 1579, 1299, 1314, 1377, 462, 1946, 1542, 1712, 993, 89, 2123, 729, 378, 476, 442, 624, 1345, 578, 1207, 2084, 459, 1428, 357, 1760, 1927, 2368, 1831, 1152, 1469, 1190, 347, 121, 594, 1271, 1585, 1721, 134, 2286, 1783, 1854, 1433, 547, 1902, 1112, 1015, 1774, 1465, 1653, 968, 1017, 77, 1055, 529, 141, 821, 803, 2148, 2024, 1608, 1865, 2002, 1479, 2066, 337, 1256, 970, 2043, 1124, 2404, 661, 1399, 531, 1397, 2065, 636, 2303, 2033, 527, 17, 110, 1499, 2413, 1711, 512, 1240, 1659, 221, 2321, 2249, 1592, 1451, 1536, 1573, 565, 1462, 1498, 1519, 580, 286, 166, 1321, 758, 540, 916, 469, 265, 1369, 1897, 2257, 1998, 495, 203, 1258, 2068, 2251, 212, 1016, 2166, 1245, 1777, 2125, 1800, 733, 1568, 2400, 950, 899, 964, 27, 1996, 2246, 925, 1448, 808, 1242, 215, 1018, 864, 1549, 2225, 1071, 1651, 1067, 2172, 2382, 2009, 1559, 1678, 1942, 2060, 936, 1540, 1896, 1051, 2331, 2117, 1662, 986, 1758, 22, 1815, 301, 921, 1134, 1058, 2057, 1069, 839, 1564, 2297, 822, 1373, 39, 829, 794, 1156, 1667, 1422, 1404, 562, 1119, 2314, 1221, 35, 2194, 2020, 1610, 398, 1676, 744, 1880, 1948, 1298, 894, 1001, 865, 1330, 880, 2320, 1755, 2318, 1861, 2180, 2119, 1514, 26, 854, 304, 2323, 888, 1273, 1656, 117, 1074, 1355, 323, 349, 1089, 1943, 424, 1476, 2407, 732, 2226, 642, 1557, 677, 2340, 1406, 2365, 2235, 311, 2271, 173, 2330, 633, 779, 2352, 2312, 1950, 520, 1791, 1475, 1528, 835, 1726, 1929, 1629, 2132, 1214, 229, 1840, 1859, 1061, 1995, 850, 2197, 1923, 2187, 1989, 181, 1969, 288, 1807, 1308, 1510, 1944, 178, 2378, 2250, 1040, 1166, 200, 1313, 1606, 939, 2160, 127, 350, 1862, 2322, 162, 2022, 227, 353, 2263, 1446, 1889, 745, 2064, 891, 1413, 2069, 2392, 47, 274, 1496, 1143, 1053, 1609, 1931, 1700, 2288, 1429, 460, 2344, 202, 652, 837, 1246, 396, 387, 2328, 1435, 1227, 608, 923, 1253, 2360, 257, 1197, 1767, 994, 1326, 140, 1278, 1162, 595, 1176, 841, 1669, 62, 2278, 1828, 1233, 154, 667, 470, 539, 1776, 2421, 515, 715, 947, 505, 2310, 1657, 1507, 1556, 2425, 806, 46, 111, 2099, 1241, 1185, 1799, 25, 1467, 1076, 1154, 14, 443, 1904, 818, 2127, 367, 1103, 1872, 525, 2152, 723, 2252, 345, 7, 1337, 2409, 1157, 2004, 177, 1539, 1756, 333, 784, 2120, 220, 848, 999, 1702, 681, 456, 2267, 2335, 32, 1780, 163, 2151, 2255, 310, 2038, 1963, 1787, 1765, 593, 2094, 2350, 114, 985, 1180, 1471, 2269, 2379, 1759, 1892, 2343, 1149, 2175, 148, 1159, 107, 1442, 1925, 1411, 641, 1335, 1328, 551, 1437, 1644, 1580, 705, 1844, 1571, 2208, 2239, 338, 2176, 1098, 1782, 974, 1940, 1826, 1992, 2026, 1809, 373, 989, 1013, 88, 2088, 998, 2101, 1457, 1509, 437, 2261, 359, 2275, 943, 967, 721, 448, 927, 683, 1521, 2418, 632, 954, 1325, 1200, 724, 1454, 1090, 1003, 1091, 713, 502, 15, 144, 1126, 1513, 1936, 708, 334, 1544, 308, 1719, 764, 125, 783, 2169, 2426, 1704, 1531, 573, 21, 1495, 2248, 2313, 613, 2289, 1459, 703, 1378, 245, 209, 1366, 1836, 1220, 461, 488, 662, 2107, 439, 2272, 208, 416, 1310, 1722, 1261, 390, 2184, 2231, 2327, 2270, 558, 1855, 1219, 217, 1191, 981, 1600, 299, 381, 136, 560, 1099, 36, 205, 905, 601, 315, 1309, 1244, 2179, 1398, 1546, 1184, 740, 431, 1567, 1402, 543, 1265, 364, 165, 567, 1204, 1857, 1906, 150, 427, 881, 90, 640, 382, 538, 1876, 1663, 5, 1492, 823, 511, 911, 1973, 2, 635, 465, 400, 411, 59, 2137, 238, 2170, 853, 1208, 858, 1668, 975, 1347, 1141, 2427, 1383, 321, 1941, 291, 810, 712, 300, 840, 1010, 399, 490, 410, 152, 1632, 2367, 711, 2423, 1194, 697, 2141, 1030, 106, 1879, 1431, 725, 2008, 852, 1798, 1427, 1008, 30, 969, 1735, 926, 1477, 1708, 376, 213, 1810, 892, 1527, 254, 1420, 194, 1682, 2377, 1525, 1002, 869, 491, 2052, 2287, 2282, 666, 270, 2366, 2165, 86, 674, 1972, 843, 1686, 859, 66, 1670, 104, 230, 720, 1120, 1848, 2109, 792, 1631, 1237, 2035, 1007, 553, 355, 1148, 1425, 42, 1269, 1026, 990, 679, 20, 2061, 1290, 403, 1505, 2410, 2161, 1591, 875, 1104, 663, 2105, 611, 18, 897, 2045, 1324, 268, 1092, 1175, 1789, 1066, 319, 1291, 588, 1863, 1784, 776, 1042, 1980, 246, 722, 1535, 2211, 2034, 995, 614, 607, 435, 1491, 1086, 2240, 447, 1523, 736, 761, 369, 579, 746, 1336, 236, 2424, 478, 244, 1131, 85, 2383, 755, 1167, 1618, 2306, 1232, 438, 2279, 1587, 1286, 665, 2048, 2164, 541, 1988, 709, 1374, 1714, 2298, 2291, 671, 937, 1063, 263, 2300, 1480, 1483, 979, 421, 1282, 811, 2112, 1300, 1021, 2369, 1734, 1534, 2018, 1213, 1223, 1139, 1847, 1144, 1864, 820, 1954, 2284, 56, 1793, 2362, 1625, 767, 1243, 331, 904, 757, 786, 1334, 1230, 589, 467, 932, 1638, 2221, 2028, 1424, 2325, 1439, 1915, 1856, 1343, 1102, 1461, 1151, 306, 1160, 494, 252, 862, 2334, 753, 1957, 1305, 486, 2136, 2129, 277, 94, 2358, 2202, 1715, 2128, 2371, 2178, 1379, 856, 409, 997, 1752, 126, 506, 887, 1601, 1883, 1302, 1122, 1100, 1532, 2329, 375, 1140, 2156, 605, 124, 780, 2114, 797, 1444, 2189, 1920, 1703, 2075, 2023, 1976, 1649, 606, 965, 2143, 2405, 271, 1449, 1297, 2059, 1561, 1771, 2133, 957, 1407, 72, 834, 1705, 266, 1964, 2083, 207, 362, 773, 1993, 1891, 813, 256, 1303, 756, 2027, 1229, 702, 1933, 2262, 1049, 1530, 281, 8, 2339, 445, 2268, 2145, 804, 344, 1306, 1924, 1052, 584, 2217, 701, 498, 1482, 211, 670, 1331, 548, 710, 380, 1852, 787, 1694, 1790, 1365, 103, 598, 415, 451, 2118, 426, 604, 1518, 1731, 1623, 1871, 2347, 324, 857, 863, 464, 2196, 1524, 948, 1983, 1196, 2337, 832, 2115, 1650, 379, 339, 1691, 1301, 1380, 1697, 452, 610, 845, 2010, 180, 1803, 2063, 1526, 672, 774, 2042, 1215, 225, 2155, 2017, 1187, 1674, 1085, 1930, 1603, 1967, 2171, 1195, 1664, 242, 2212, 29, 893, 1720, 909, 1781, 1228, 201, 475, 1665, 1747, 1115, 1267, 2013, 272, 2253, 243, 549, 1958, 2281, 585, 2219, 944, 526, 52, 139, 473, 879, 2036, 646, 1517, 1174, 457, 1956, 1138, 93, 533, 1966, 1851, 2044, 814, 1170, 1612, 602, 1127, 342, 1515, 1506, 2222, 617, 2086, 1997, 1594, 1370, 1307, 51, 1965, 922, 1199, 248, 685, 1177, 1647, 1873, 2181, 873, 2258, 958, 1458, 430, 183, 1415, 898, 530, 1685, 2011, 1408, 98, 1106, 2207, 463, 912, 2140, 2276, 1259, 738, 2376, 631, 2216, 535, 1566, 53, 590, 2200, 1621, 131, 422, 1801, 1604, 480, 99, 2411, 1000, 2089, 644, 668, 616, 105, 930, 2387, 1096, 241, 2419, 156, 1376, 1486, 1916, 2394, 2135, 2090, 704, 695, 1750, 1745, 1079, 1797, 261, 657, 1341, 10, 2302, 1367, 1353, 1163, 2305, 269, 1050, 730, 2163, 57, 289, 751, 356, 1064, 1688, 441, 317, 1716, 800, 988, 2316, 1635, 1894, 2102, 2198, 718, 1769, 2205, 1133, 1937, 2388, 1059, 1886, 1272, 1547, 1410, 1732, 48, 2106, 2353, 312, 655, 1395, 949, 160, 1332, 1829, 1447, 1582, 1541, 69, 727, 807, 793, 1171, 2122, 71, 554, 1545, 196, 1478, 2085, 113, 2230, 1202, 1280, 360, 982, 1911, 1500, 1283, 122, 1626, 1673, 1312, 577, 405, 1317, 1025, 1877, 407, 471, 28, 1713, 2077, 877, 741, 1430, 2174, 1885, 1375, 2157, 1775, 625, 678, 2395, 2244, 218, 1687, 1117, 934, 316, 285, 660, 1785, 484, 2082, 1999, 1887, 1680, 1165, 1562, 75, 1914, 294, 1648, 280, 870, 872, 1728, 1209, 836, 1463, 1468, 2051, 768, 61, 1598, 2341, 1276, 433, 1919, 1036, 1094, 2357, 908, 482, 295, 826, 2295, 860, 1951, 391, 1168, 587, 2260, 1419, 500, 1206, 1210, 790, 468, 76, 392, 273, 2374, 2428, 1364, 2209, 1766, 1340, 176, 1802, 576, 597, 754, 153, 609, 514, 325, 1818, 1652, 2096, 699, 1658, 796, 1081, 191, 267, 1730, 1890, 1497, 204, 80, 1982, 1128, 2420, 1599, 1093, 1677, 314, 3, 778, 1238, 1020, 2116, 2336, 801, 759, 1905, 1035, 1666, 2154, 1288, 581, 147, 68, 2108, 2100, 2396, 2229, 700, 169, 302, 1806, 2054, 842, 1874, 1823, 135, 2147, 1597, 240, 866, 247, 1578, 1675, 450, 1146, 231, 1908, 1962, 2399, 1268, 187, 1464, 328, 341, 777, 1779, 844, 1681, 1182, 1717, 1423, 1028, 1072, 861, 1619, 510, 2247, 2074, 2304, 592, 1590, 1624, 2416, 1736, 1216, 1724, 1346, 2373, 383, 1027, 284, 1, 2134, 1788, 643, 1953, 1945, 1088, 2308, 629, 1595, 406, 1978, 1452, 249, 883, 420, 1819, 1811, 343, 686, 1955, 1350, 918, 1913, 638, 2277, 1994, 868, 2214, 1024, 1693, 1952, 172, 1593, 2195, 1636, 1388, 1257, 2285, 920, 385, 157, 963, 1602, 1470, 2001, 1125, 2071, 1548, 1436, 483, 1357, 1753, 132, 130, 1870, 1418, 1041, 770, 876, 2037, 962, 348, 1234, 805, 735, 239, 1932, 2401, 2384, 2012, 1839, 575, 1622, 170, 2215, 1581, 179, 6, 942, 1249, 1186, 966, 1111, 536, 1570, 258, 619, 1974, 1830, 2274, 1315, 838, 1193, 371, 1733, 1935, 1838, 2381, 119, 1231, 2041, 2030, 2389, 1005, 234, 1520, 1275, 167, 2224, 885, 846, 1764, 1032, 1563, 2351, 2080, 1723, 513, 1928, 890, 749, 907, 2324, 1795, 508, 819, 532, 1971, 2242, 984, 1508, 791, 694, 1537, 4, 2168, 1620, 831, 412, 74, 1529, 1642, 1107, 1473, 73, 192, 1116, 747, 676, 155, 1129, 2233, 92, 972, 1044, 2203, 2348, 628, 639, 1400, 1820, 336, 1684, 626, 1655, 1205, 1389, 1589, 2049, 195, 2173, 1742, 1323, 1881, 2429, 1292, 503, 1825, 2237, 235, 330, 867, 799, 1382, 489, 129, 1588, 1386, 847, 1416, 184, 45, 586, 906, 332, 827, 976, 1130, 1489, 2290, 198, 621, 568, 142, 929, 1137, 1824, 2296, 1222, 1203, 1108, 1727, 83, 2355, 1748, 1605, 2186, 830, 1554, 734, 693, 2402, 1938, 2315, 351, 935, 2364, 2283, 283, 1796, 1046, 2040, 175, 1304, 2204, 946, 1679, 2415, 1250, 1065, 1977, 1550, 24, 158, 12, 707, 1339, 557, 1263, 2259, 171, 9, 366, 97, 101, 1384, 365, 2417, 1239, 1070, 185, 2338, 1372, 2319, 401, 1845, 977, 522, 1390, 455, 914, 1709, 2430, 255, 1934, 1362, 1762, 87, 1421, 2153, 659, 983, 1009, 517, 102, 971, 524, 2149, 1132, 1381, 1037, 1577, 1293]
(w = 4) Correct Cyclicantibandwidth
Set parameter TimeLimit to value 1800
[runlim] sample:		440.8 time, 440.3 real, 10977.3 MB
[runlim] sample:		450.8 time, 450.3 real, 11732.7 MB
[runlim] sample:		460.8 time, 460.3 real, 12974.2 MB
[runlim] sample:		470.8 time, 470.3 real, 13501.8 MB
[runlim] sample:		480.8 time, 480.3 real, 13546.1 MB
[runlim] sample:		490.8 time, 490.3 real, 13600.5 MB
[runlim] sample:		500.9 time, 500.3 real, 13634.1 MB
[runlim] sample:		510.9 time, 510.3 real, 13717.7 MB
[runlim] sample:		520.9 time, 520.3 real, 13827.9 MB
[runlim] sample:		530.9 time, 530.3 real, 13949.6 MB
[runlim] sample:		540.9 time, 540.3 real, 14081.8 MB
[runlim] sample:		551.0 time, 550.3 real, 14234.0 MB
[runlim] sample:		561.0 time, 560.3 real, 14341.5 MB
[runlim] sample:		571.0 time, 570.3 real, 14440.8 MB
[runlim] sample:		581.0 time, 580.3 real, 14564.5 MB
[runlim] sample:		591.0 time, 590.3 real, 14666.7 MB
[runlim] sample:		601.0 time, 600.3 real, 14797.7 MB
[runlim] sample:		611.1 time, 610.3 real, 14955.2 MB
[runlim] sample:		621.1 time, 620.3 real, 15065.8 MB
[runlim] sample:		631.1 time, 630.3 real, 15178.7 MB
[runlim] sample:		641.1 time, 640.3 real, 15291.1 MB
[runlim] sample:		651.1 time, 650.3 real, 15400.4 MB
[runlim] sample:		661.2 time, 660.3 real, 15506.0 MB
[runlim] sample:		671.2 time, 670.3 real, 15619.7 MB
[runlim] sample:		681.2 time, 680.3 real, 15731.0 MB
[runlim] sample:		691.2 time, 690.3 real, 15841.2 MB
[runlim] sample:		701.2 time, 700.3 real, 15956.2 MB
[runlim] sample:		711.2 time, 710.3 real, 16077.0 MB
[runlim] sample:		721.3 time, 720.3 real, 16197.1 MB
[runlim] sample:		731.3 time, 730.3 real, 16319.4 MB
[runlim] sample:		741.3 time, 740.3 real, 16440.9 MB
[runlim] sample:		751.3 time, 750.3 real, 16555.8 MB
[runlim] sample:		761.3 time, 760.3 real, 16677.6 MB
[runlim] sample:		771.4 time, 770.3 real, 16800.4 MB
[runlim] sample:		781.4 time, 780.3 real, 16921.7 MB
[runlim] sample:		791.4 time, 790.3 real, 17041.2 MB
[runlim] sample:		801.4 time, 800.3 real, 17126.6 MB
[runlim] sample:		811.4 time, 810.3 real, 17246.3 MB
[runlim] sample:		821.4 time, 820.3 real, 17370.4 MB
[runlim] sample:		831.5 time, 830.3 real, 17490.0 MB
[runlim] sample:		841.5 time, 840.3 real, 17606.7 MB
[runlim] sample:		851.5 time, 850.3 real, 17726.8 MB
[runlim] sample:		861.5 time, 860.3 real, 17856.8 MB
[runlim] sample:		871.5 time, 870.3 real, 17970.5 MB
[runlim] sample:		881.5 time, 880.3 real, 18091.5 MB
[runlim] sample:		891.6 time, 890.3 real, 18206.2 MB
[runlim] sample:		901.6 time, 900.3 real, 18330.0 MB
[runlim] sample:		911.6 time, 910.3 real, 18447.8 MB
[runlim] sample:		921.6 time, 920.3 real, 18565.5 MB
[runlim] sample:		931.6 time, 930.3 real, 9050.1 MB
[runlim] sample:		941.6 time, 940.3 real, 12001.3 MB
(w = 5) Value Cyclicantibandwidth: 5
Lables: [833, 418, 1034, 824, 1403, 260, 425, 182, 1502, 123, 1986, 477, 1412, 128, 2254, 760, 1409, 706, 219, 889, 1869, 186, 222, 1393, 550, 528, 1226, 1344, 941, 1843, 1385, 1493, 434, 95, 2193, 952, 2292, 546, 507, 781, 1077, 2091, 596, 1450, 1761, 1417, 1909, 1023, 1654, 556, 1320, 1616, 393, 1985, 1613, 1804, 1441, 1333, 2130, 1817, 516, 1981, 782, 2047, 1842, 2005, 762, 1414, 719, 812, 226, 1254, 363, 1247, 851, 1289, 1744, 2264, 1262, 2223, 1294, 408, 444, 2266, 2014, 991, 1960, 485, 1078, 259, 100, 1882, 559, 2199, 1318, 1572, 627, 2398, 2010, 492, 564, 1743, 1683, 293, 474, 2256, 785, 1970, 264, 454, 1109, 2227, 305, 216, 726, 1768, 737, 2111, 232, 1947, 1392, 1617, 493, 1725, 81, 2406, 1068, 1754, 2372, 691, 1816, 1022, 1504, 64, 1048, 772, 698, 902, 648, 1295, 519, 955, 653, 1821, 2346, 453, 689, 828, 1456, 224, 1596, 2016, 1484, 1640, 428, 1212, 1912, 717, 138, 2142, 1438, 1786, 1316, 2245, 1741, 763, 1279, 802, 2241, 956, 335, 2414, 931, 1961, 499, 750, 716, 571, 1710, 634, 1661, 210, 714, 2393, 1354, 2218, 771, 2182, 1101, 996, 402, 849, 1701, 2056, 1512, 504, 2144, 1274, 953, 116, 620, 1749, 1287, 1075, 2234, 521, 664, 2363, 2110, 384, 1348, 1641, 731, 871, 2213, 388, 2238, 1121, 1875, 2280, 33, 917, 1607, 2167, 466, 458, 896, 279, 817, 1926, 742, 19, 2390, 2220, 1110, 1488, 2356, 612, 992, 825, 2162, 322, 1575, 1901, 1225, 2158, 1455, 2177, 599, 1917, 501, 675, 1188, 298, 795, 1011, 1867, 682, 189, 809, 940, 1949, 197, 692, 1217, 1445, 1087, 2422, 696, 615, 1083, 346, 2361, 1503, 1113, 65, 2070, 563, 743, 2067, 569, 1706, 1516, 1778, 58, 654, 1551, 96, 79, 647, 987, 1813, 1277, 67, 2050, 1358, 1552, 358, 404, 630, 1959, 1984, 449, 1718, 1689, 354, 13, 900, 1043, 432, 1460, 1611, 1695, 2113, 583, 1453, 193, 84, 318, 1841, 1039, 1866, 523, 1158, 1900, 307, 938, 2058, 1671, 2380, 2412, 919, 1031, 2311, 1827, 788, 118, 1045, 2185, 1266, 637, 37, 1485, 552, 798, 223, 188, 1105, 1426, 313, 816, 728, 1511, 2206, 752, 2081, 570, 1628, 2072, 555, 1095, 199, 2146, 487, 1858, 1757, 275, 1264, 1201, 137, 1172, 1888, 1183, 618, 2192, 2003, 78, 368, 143, 168, 481, 978, 1808, 419, 1352, 320, 2093, 1136, 1834, 50, 11, 146, 855, 417, 2354, 436, 1284, 1763, 374, 1252, 915, 1004, 297, 649, 1047, 1833, 2159, 1699, 262, 1538, 1135, 120, 1466, 1738, 41, 766, 1739, 253, 2332, 1533, 574, 303, 582, 1853, 340, 658, 1792, 326, 960, 1169, 2403, 115, 2092, 1627, 1615, 1979, 1921, 2073, 1850, 228, 1338, 656, 1991, 1097, 1371, 214, 1481, 2232, 1990, 1255, 395, 145, 1356, 1770, 1060, 645, 680, 1236, 1218, 2293, 49, 1746, 1062, 2053, 769, 327, 591, 1918, 2121, 413, 282, 1522, 2019, 1899, 748, 1975, 1576, 895, 1391, 1740, 2294, 377, 542, 509, 2007, 2309, 1387, 2385, 566, 352, 2408, 2150, 673, 1150, 206, 2138, 40, 1080, 1281, 1707, 429, 1898, 2029, 1939, 290, 109, 1198, 1181, 190, 1014, 296, 394, 386, 1583, 496, 1772, 423, 479, 151, 250, 1153, 2301, 739, 1155, 2391, 1006, 910, 2021, 1270, 1690, 1884, 1012, 1832, 2359, 1645, 2025, 1814, 278, 1494, 2188, 440, 913, 518, 2273, 1123, 1349, 60, 472, 1251, 1895, 276, 961, 108, 1319, 600, 1360, 1672, 2098, 623, 2191, 1555, 690, 622, 43, 55, 951, 34, 2375, 1837, 309, 82, 2006, 886, 1443, 1189, 1637, 2097, 1363, 2087, 2386, 2307, 361, 174, 292, 2000, 1118, 1235, 2015, 372, 687, 446, 945, 1910, 572, 1057, 1142, 1211, 2228, 1351, 1849, 651, 497, 1558, 1639, 561, 1634, 874, 2103, 603, 775, 2079, 933, 2349, 1487, 1329, 1361, 973, 1405, 2139, 688, 1082, 815, 133, 1192, 1073, 1029, 31, 1565, 1147, 1569, 2031, 2055, 112, 2243, 70, 1359, 2124, 980, 1805, 1490, 1878, 1860, 765, 669, 1633, 2076, 2046, 164, 2062, 1543, 1394, 397, 91, 1038, 1224, 1056, 2201, 44, 16, 789, 2342, 1846, 2126, 149, 1472, 2039, 23, 1586, 2317, 1553, 1646, 1440, 1660, 544, 1751, 2183, 2397, 882, 2299, 537, 1729, 1019, 2210, 1368, 534, 1574, 1692, 1643, 1054, 2032, 2345, 2078, 1342, 1296, 1311, 159, 2236, 684, 1794, 1822, 1812, 650, 1401, 1630, 959, 1327, 1698, 414, 1903, 1396, 1584, 1145, 2326, 1773, 878, 1260, 1501, 317, 884, 1474, 2095, 1968, 251, 370, 1084, 287, 2333, 928, 1893, 1033, 1907, 1164, 1114, 329, 1434, 1285, 161, 1614, 1179, 1560, 2265, 901, 1987, 1161, 237, 2104, 1322, 54, 1173, 1248, 233, 2370, 1432, 1868, 903, 1178, 545, 1835, 38, 1922, 924, 1696, 2131, 63, 389, 1579, 1299, 1314, 1377, 462, 1946, 1542, 1712, 993, 89, 2123, 729, 378, 476, 442, 624, 1345, 578, 1207, 2084, 459, 1428, 357, 1760, 1927, 2368, 1831, 1152, 1469, 1190, 347, 121, 594, 1271, 1585, 1721, 134, 2286, 1783, 1854, 1433, 547, 1902, 1112, 1015, 1774, 1465, 1653, 968, 1017, 77, 1055, 529, 141, 821, 803, 2148, 2024, 1608, 1865, 2002, 1479, 2066, 337, 1256, 970, 2043, 1124, 2404, 661, 1399, 531, 1397, 2065, 636, 2303, 2033, 527, 17, 110, 1499, 2413, 1711, 512, 1240, 1659, 221, 2321, 2249, 1592, 1451, 1536, 1573, 565, 1462, 1498, 1519, 580, 286, 166, 1321, 758, 540, 916, 469, 265, 1369, 1897, 2257, 1998, 495, 203, 1258, 2068, 2251, 212, 1016, 2166, 1245, 1777, 2125, 1800, 733, 1568, 2400, 950, 899, 964, 27, 1996, 2246, 925, 1448, 808, 1242, 215, 1018, 864, 1549, 2225, 1071, 1651, 1067, 2172, 2382, 2009, 1559, 1678, 1942, 2060, 936, 1540, 1896, 1051, 2331, 2117, 1662, 986, 1758, 22, 1815, 301, 921, 1134, 1058, 2057, 1069, 839, 1564, 2297, 822, 1373, 39, 829, 794, 1156, 1667, 1422, 1404, 562, 1119, 2314, 1221, 35, 2194, 2020, 1610, 398, 1676, 994, 1880, 1948, 1298, 894, 1001, 865, 1330, 880, 2320, 1755, 2318, 1861, 2180, 2119, 1514, 26, 854, 304, 2323, 888, 1273, 1656, 117, 1074, 1355, 323, 349, 1089, 1943, 424, 1476, 2407, 732, 2226, 642, 1557, 677, 2340, 1406, 2365, 2235, 311, 2271, 173, 2330, 633, 779, 2352, 2312, 1950, 520, 1791, 1475, 1528, 835, 1726, 1929, 1629, 2132, 1214, 229, 1840, 1859, 1061, 1995, 850, 2197, 1923, 2187, 1989, 181, 1969, 288, 1807, 1308, 1510, 1944, 178, 2378, 2250, 1040, 1166, 200, 1313, 1606, 939, 2160, 127, 350, 1862, 2322, 162, 2022, 227, 353, 2263, 1446, 1889, 745, 2064, 891, 1413, 2069, 2392, 47, 274, 1496, 1143, 1053, 1609, 1931, 1700, 2288, 1429, 460, 2344, 202, 652, 837, 1246, 396, 387, 2328, 1435, 1227, 608, 923, 1253, 2360, 257, 1197, 1767, 1265, 1326, 140, 1278, 1162, 595, 1176, 841, 1669, 62, 2278, 1828, 1233, 154, 667, 470, 539, 1776, 2421, 515, 715, 947, 505, 2310, 1657, 1507, 1556, 1210, 806, 46, 111, 2099, 1241, 1185, 1799, 25, 1467, 1076, 1154, 14, 443, 1904, 818, 2127, 367, 1103, 1872, 525, 2152, 723, 2252, 345, 7, 1337, 2409, 1157, 2004, 177, 1539, 1756, 333, 784, 2120, 220, 848, 999, 1702, 681, 456, 2267, 2335, 32, 1780, 163, 2151, 2255, 310, 2038, 1963, 1787, 1765, 593, 2094, 2350, 114, 985, 1180, 1471, 2269, 2379, 1759, 1892, 2343, 1149, 2175, 148, 1159, 107, 1442, 1925, 1411, 641, 1335, 1328, 551, 1437, 1644, 1580, 705, 1844, 1571, 2208, 2239, 338, 2176, 1098, 1782, 974, 1940, 1826, 1992, 2026, 1809, 373, 989, 1013, 88, 2088, 998, 2101, 1457, 1509, 437, 2261, 359, 2275, 943, 967, 721, 448, 927, 683, 1521, 2418, 632, 954, 1325, 1200, 724, 1454, 1090, 1003, 1091, 713, 502, 15, 144, 1126, 1513, 1936, 708, 334, 1544, 308, 1719, 764, 125, 783, 2169, 2426, 1704, 1531, 573, 21, 1495, 2248, 2313, 613, 2289, 1459, 703, 1378, 245, 209, 1366, 1836, 1220, 461, 488, 662, 2107, 439, 2272, 208, 416, 1310, 1722, 1261, 390, 2184, 2231, 2327, 2270, 558, 1855, 1219, 217, 1191, 981, 1600, 299, 381, 136, 560, 1099, 36, 205, 905, 601, 315, 1309, 1244, 2179, 1398, 1546, 1184, 740, 431, 1567, 1402, 543, 942, 364, 165, 567, 1204, 1857, 1906, 150, 427, 881, 90, 640, 382, 538, 1876, 1663, 5, 1492, 823, 511, 911, 1973, 2, 635, 465, 400, 411, 59, 2137, 238, 2170, 853, 1208, 858, 1668, 975, 1347, 1116, 2427, 1383, 321, 1941, 291, 810, 712, 300, 840, 1010, 399, 490, 410, 152, 1632, 2367, 711, 2423, 1194, 697, 2141, 1030, 106, 1879, 1431, 725, 2008, 852, 1798, 1427, 1008, 30, 969, 1735, 926, 1477, 1708, 376, 213, 1810, 892, 1527, 254, 1420, 194, 1682, 2377, 1525, 1002, 869, 491, 2052, 2287, 2282, 666, 2135, 2366, 2165, 86, 674, 1972, 843, 1686, 859, 66, 1670, 104, 230, 720, 1120, 1848, 2109, 792, 1631, 1237, 2035, 1007, 553, 355, 1148, 1425, 42, 1269, 1026, 990, 679, 20, 2061, 1290, 403, 1505, 2410, 2161, 1591, 875, 1104, 663, 2105, 611, 18, 897, 2045, 1324, 268, 1092, 1175, 1789, 1066, 319, 1291, 588, 1863, 1784, 776, 1042, 1980, 246, 722, 1535, 2211, 2034, 995, 614, 607, 435, 1491, 1086, 2374, 447, 1523, 736, 761, 369, 579, 746, 1336, 236, 2424, 478, 244, 1131, 85, 2383, 755, 1167, 1618, 2306, 1232, 438, 2279, 1587, 1286, 665, 2048, 2164, 541, 1988, 709, 1374, 1714, 2298, 2291, 671, 937, 1063, 263, 2300, 1480, 1483, 979, 421, 1282, 811, 2112, 1300, 1021, 2369, 1734, 1534, 2018, 1213, 1223, 1139, 1847, 1144, 1864, 820, 1954, 2284, 56, 1793, 2362, 1625, 767, 1243, 331, 904, 757, 786, 1334, 1230, 589, 467, 932, 1638, 2221, 2028, 1424, 2325, 1439, 1915, 1856, 1343, 1102, 1461, 1151, 306, 1160, 494, 252, 862, 2334, 753, 1957, 1305, 486, 2136, 2129, 277, 94, 2358, 2202, 1715, 2128, 2371, 2178, 1379, 856, 409, 997, 1752, 126, 506, 887, 1601, 1883, 1302, 1122, 1100, 1532, 2329, 375, 1140, 2156, 605, 124, 780, 2114, 797, 1444, 2189, 1920, 1703, 2075, 2023, 1976, 1649, 606, 965, 2143, 2405, 271, 1449, 1297, 2059, 1561, 1771, 2133, 957, 1407, 72, 834, 1705, 266, 1964, 2083, 207, 362, 773, 1993, 1891, 813, 256, 1303, 756, 2027, 1229, 702, 1933, 2262, 1049, 1530, 281, 8, 2339, 445, 2268, 2145, 804, 344, 1306, 1924, 1052, 584, 2217, 701, 498, 1482, 211, 670, 1331, 548, 710, 380, 1852, 787, 1694, 1790, 1365, 103, 598, 415, 451, 2118, 426, 604, 1518, 1731, 1623, 1871, 2347, 324, 857, 863, 464, 2196, 1524, 948, 1983, 1196, 2337, 832, 2115, 1650, 379, 339, 1691, 1301, 1380, 1697, 452, 610, 845, 1545, 180, 1803, 2063, 1526, 672, 774, 2042, 1215, 225, 2155, 2017, 1187, 1674, 1085, 1930, 1603, 1967, 2171, 1195, 1664, 242, 2212, 29, 893, 1720, 909, 1781, 1228, 201, 475, 1665, 1747, 1115, 1267, 2013, 272, 2253, 243, 549, 1958, 2281, 585, 2219, 944, 526, 52, 139, 473, 879, 2036, 646, 1517, 1174, 457, 1956, 1138, 93, 533, 1966, 1851, 2044, 814, 1170, 1612, 602, 1127, 342, 1515, 1506, 2222, 617, 2086, 1997, 1594, 1370, 1307, 51, 1965, 922, 1199, 248, 685, 1177, 1647, 1873, 2181, 873, 2258, 958, 1458, 430, 183, 1415, 898, 530, 1685, 2011, 1408, 98, 1106, 2207, 463, 912, 2140, 2276, 1259, 738, 2376, 631, 2216, 535, 1566, 53, 590, 2200, 1621, 131, 422, 1801, 1604, 480, 99, 2411, 1000, 2089, 644, 668, 616, 105, 930, 2387, 1096, 241, 2419, 156, 1376, 1486, 1916, 2394, 557, 2090, 704, 695, 1750, 1745, 1079, 1797, 261, 657, 1341, 10, 2302, 1367, 1353, 1163, 2305, 269, 1050, 730, 2163, 57, 289, 751, 356, 1064, 1688, 441, 2381, 1716, 800, 988, 2316, 1635, 1894, 2102, 2198, 718, 1769, 2205, 1133, 1937, 2388, 1059, 1886, 1272, 1547, 1410, 1732, 48, 2106, 2353, 312, 655, 1395, 949, 160, 1332, 1829, 1447, 1582, 1541, 69, 1737, 807, 793, 1171, 2122, 71, 554, 2190, 196, 1478, 2085, 113, 2230, 1202, 1280, 360, 2240, 1911, 1500, 1283, 122, 1626, 1673, 1312, 577, 405, 1317, 1025, 1877, 407, 471, 28, 1713, 2077, 877, 741, 1430, 2174, 1885, 1375, 2157, 1775, 625, 678, 2395, 2244, 218, 1687, 1117, 934, 316, 285, 660, 1785, 484, 2082, 1999, 1887, 1680, 1165, 1562, 75, 1914, 294, 1648, 280, 870, 872, 1728, 1209, 836, 1463, 1468, 2051, 768, 61, 1598, 2341, 1276, 433, 1919, 1036, 1094, 2357, 908, 482, 295, 826, 2295, 860, 1951, 391, 1168, 587, 2260, 1419, 500, 1206, 2425, 790, 468, 76, 392, 273, 1141, 2428, 1364, 2209, 1766, 1340, 176, 1802, 576, 597, 754, 153, 609, 514, 325, 1818, 1652, 2096, 699, 1658, 796, 1081, 191, 267, 1730, 1890, 1497, 204, 80, 1982, 1128, 2420, 1599, 1093, 1677, 314, 3, 778, 1238, 1020, 2116, 2336, 801, 759, 1905, 1035, 1666, 2154, 1288, 581, 147, 68, 2108, 2100, 2396, 2229, 700, 169, 302, 1806, 2054, 842, 1874, 1823, 135, 2147, 1597, 240, 866, 247, 1578, 1675, 450, 1146, 231, 1908, 1962, 2399, 1268, 187, 1464, 328, 341, 777, 1779, 844, 1681, 1182, 1717, 1423, 1028, 1072, 861, 1619, 510, 2247, 2074, 2304, 592, 1590, 1624, 2416, 1736, 1216, 1724, 1346, 2373, 383, 1027, 284, 1, 2134, 1788, 643, 1953, 1945, 1088, 2308, 629, 1595, 406, 1978, 1452, 249, 883, 420, 1819, 1811, 343, 686, 1955, 1350, 918, 1913, 638, 2277, 1994, 868, 2214, 1024, 1693, 1952, 172, 1593, 2195, 1636, 1388, 1257, 2285, 920, 385, 157, 963, 1602, 1470, 2001, 1125, 2071, 1548, 1436, 483, 1357, 1753, 132, 130, 1870, 1418, 1041, 770, 876, 2037, 962, 348, 1234, 805, 735, 239, 1932, 2401, 2384, 2012, 1839, 575, 1622, 170, 2215, 1581, 179, 6, 914, 1249, 1186, 966, 1111, 536, 1570, 258, 619, 1974, 1830, 2274, 1315, 838, 1193, 371, 1733, 1935, 1838, 336, 119, 1231, 2041, 2030, 2389, 1005, 234, 1520, 1275, 167, 2224, 885, 846, 1764, 1032, 1563, 2351, 2080, 1723, 513, 1928, 727, 749, 907, 2324, 1795, 508, 819, 532, 270, 2242, 982, 1508, 791, 694, 1537, 4, 2168, 1620, 831, 412, 74, 1529, 1642, 1107, 1473, 73, 192, 744, 1971, 676, 155, 1129, 2233, 92, 972, 1044, 2203, 2348, 628, 639, 1400, 1820, 517, 1684, 626, 1655, 1205, 1389, 1589, 890, 195, 2173, 1742, 1323, 1881, 2429, 1292, 503, 1825, 2237, 235, 330, 867, 799, 1382, 489, 129, 1588, 1386, 847, 984, 184, 45, 586, 906, 332, 827, 976, 1130, 1489, 2290, 198, 621, 568, 142, 929, 1137, 1824, 2296, 1222, 1203, 1108, 1416, 83, 2355, 1748, 1605, 2186, 830, 1554, 734, 693, 2402, 1938, 2315, 351, 935, 2364, 2283, 283, 1796, 1046, 2040, 175, 1304, 2204, 946, 2049, 2415, 1250, 1065, 1977, 1679, 24, 158, 12, 707, 1339, 1070, 1263, 2259, 171, 9, 366, 97, 101, 1384, 1727, 2417, 1239, 1372, 185, 2338, 524, 2319, 747, 1845, 977, 522, 1550, 455, 1934, 1709, 2430, 255, 2149, 401, 1762, 87, 1421, 2153, 659, 983, 1009, 102, 1037, 971, 1390, 365, 1132, 1381, 1293, 1577, 1362]
(w = 5) Correct Cyclicantibandwidth
Set parameter TimeLimit to value 1800
[runlim] sample:		951.7 time, 950.3 real, 12759.1 MB
[runlim] sample:		961.7 time, 960.3 real, 14307.5 MB
[runlim] sample:		971.7 time, 970.3 real, 14540.4 MB
[runlim] sample:		981.7 time, 980.3 real, 14591.7 MB
[runlim] sample:		991.7 time, 990.3 real, 14627.5 MB
[runlim] sample:		1001.8 time, 1000.3 real, 14667.0 MB
[runlim] sample:		1011.8 time, 1010.3 real, 14762.6 MB
[runlim] sample:		1021.8 time, 1020.3 real, 14854.4 MB
[runlim] sample:		1031.8 time, 1030.3 real, 14947.4 MB
[runlim] sample:		1041.8 time, 1040.3 real, 15074.5 MB
[runlim] sample:		1051.8 time, 1050.3 real, 15174.2 MB
[runlim] sample:		1061.9 time, 1060.3 real, 15325.3 MB
[runlim] sample:		1071.9 time, 1070.3 real, 15427.5 MB
[runlim] sample:		1081.9 time, 1080.3 real, 15562.4 MB
[runlim] sample:		1091.9 time, 1090.3 real, 15662.0 MB
[runlim] sample:		1101.9 time, 1100.3 real, 15759.8 MB
[runlim] sample:		1111.9 time, 1110.3 real, 15855.3 MB
[runlim] sample:		1122.0 time, 1120.3 real, 16010.5 MB
[runlim] sample:		1132.0 time, 1130.3 real, 16109.5 MB
[runlim] sample:		1142.0 time, 1140.3 real, 16213.3 MB
[runlim] sample:		1152.0 time, 1150.3 real, 16316.5 MB
[runlim] sample:		1162.0 time, 1160.3 real, 16389.9 MB
[runlim] sample:		1172.0 time, 1170.3 real, 16531.2 MB
[runlim] sample:		1182.1 time, 1180.3 real, 16639.1 MB
[runlim] sample:		1192.1 time, 1190.3 real, 16742.2 MB
[runlim] sample:		1202.1 time, 1200.3 real, 16843.7 MB
[runlim] sample:		1212.1 time, 1210.3 real, 16948.7 MB
[runlim] sample:		1222.1 time, 1220.3 real, 17051.6 MB
[runlim] sample:		1232.2 time, 1230.3 real, 17154.1 MB
[runlim] sample:		1242.2 time, 1240.3 real, 17253.9 MB
[runlim] sample:		1252.2 time, 1250.3 real, 17362.3 MB
[runlim] sample:		1262.2 time, 1260.3 real, 17470.0 MB
[runlim] sample:		1272.2 time, 1270.3 real, 17587.0 MB
[runlim] sample:		1282.2 time, 1280.3 real, 17701.3 MB
[runlim] sample:		1292.3 time, 1290.3 real, 17813.4 MB
[runlim] sample:		1302.3 time, 1300.3 real, 17927.2 MB
[runlim] sample:		1312.3 time, 1310.3 real, 18040.6 MB
[runlim] sample:		1322.3 time, 1320.3 real, 18151.1 MB
[runlim] sample:		1332.3 time, 1330.3 real, 18265.4 MB
[runlim] sample:		1342.3 time, 1340.3 real, 18379.4 MB
[runlim] sample:		1352.4 time, 1350.3 real, 18492.2 MB
[runlim] sample:		1362.4 time, 1360.3 real, 18605.9 MB
[runlim] sample:		1372.4 time, 1370.3 real, 18720.2 MB
[runlim] sample:		1382.4 time, 1380.3 real, 18826.9 MB
[runlim] sample:		1392.4 time, 1390.3 real, 18939.5 MB
[runlim] sample:		1402.4 time, 1400.3 real, 19047.7 MB
[runlim] sample:		1412.5 time, 1410.3 real, 19171.1 MB
[runlim] sample:		1422.5 time, 1420.3 real, 19274.2 MB
[runlim] sample:		1432.5 time, 1430.3 real, 19358.0 MB
[runlim] sample:		1442.5 time, 1440.3 real, 19473.1 MB
[runlim] sample:		1452.5 time, 1450.3 real, 19584.6 MB
[runlim] sample:		1462.5 time, 1460.3 real, 19694.7 MB
[runlim] sample:		1472.6 time, 1470.3 real, 19808.0 MB
[runlim] sample:		1482.6 time, 1480.3 real, 10943.0 MB
[runlim] sample:		1492.6 time, 1490.3 real, 12644.1 MB
(w = 6) Value Cyclicantibandwidth: 6
Lables: [833, 418, 1034, 824, 1403, 260, 425, 182, 1502, 123, 1986, 477, 1412, 128, 2254, 760, 1409, 706, 219, 889, 1869, 186, 222, 1393, 550, 528, 1226, 1344, 941, 1843, 1385, 1493, 434, 95, 2193, 952, 2292, 546, 507, 781, 1077, 2091, 596, 1450, 1761, 1417, 1909, 1023, 1654, 556, 1320, 1616, 393, 1985, 1613, 1804, 1441, 1333, 2130, 1817, 516, 1981, 782, 2047, 1842, 2005, 762, 1414, 719, 812, 226, 1254, 363, 1247, 851, 1289, 1744, 2264, 1262, 2223, 1294, 408, 444, 2266, 2014, 991, 1960, 485, 1078, 259, 100, 1882, 559, 2199, 1318, 1572, 627, 2398, 2190, 492, 564, 1743, 1683, 293, 474, 2256, 785, 1970, 264, 454, 1109, 2227, 305, 216, 726, 1768, 737, 2111, 232, 1947, 1392, 1617, 493, 1725, 81, 2406, 1068, 1754, 2372, 691, 1816, 1022, 1504, 64, 1048, 772, 698, 902, 648, 1295, 519, 955, 653, 1821, 2346, 453, 689, 828, 1456, 224, 1596, 2016, 1484, 1640, 428, 1212, 1912, 717, 138, 2142, 1438, 1786, 1316, 2245, 1741, 763, 1279, 802, 2241, 956, 335, 2414, 931, 1961, 499, 750, 716, 571, 1710, 634, 1661, 210, 714, 2393, 1354, 2218, 771, 2182, 1101, 996, 402, 849, 1701, 2056, 1512, 504, 2144, 1274, 953, 116, 620, 1749, 1287, 1075, 2234, 521, 664, 2363, 2110, 384, 1348, 1641, 731, 871, 2213, 388, 2238, 1121, 1875, 2280, 33, 917, 1607, 2167, 466, 458, 896, 279, 817, 1926, 742, 19, 2390, 2220, 1110, 1488, 2356, 612, 992, 825, 2162, 322, 1575, 1901, 1225, 2158, 1455, 2177, 599, 1917, 501, 675, 1188, 298, 795, 1011, 1867, 682, 189, 809, 940, 1949, 197, 692, 1217, 1445, 1087, 2422, 696, 615, 1083, 346, 2361, 1503, 1113, 65, 2070, 563, 743, 2067, 569, 1706, 1516, 1778, 58, 654, 1551, 96, 79, 647, 987, 1813, 1277, 67, 2050, 1358, 1552, 358, 404, 1317, 1959, 1984, 449, 1718, 1689, 354, 13, 900, 1043, 432, 1460, 1611, 1695, 2113, 583, 1453, 193, 84, 318, 1841, 1039, 1866, 523, 1158, 1900, 307, 938, 2058, 1671, 2380, 2412, 919, 1031, 2311, 1827, 788, 118, 1045, 2185, 1266, 637, 37, 1485, 552, 798, 223, 188, 1105, 1426, 313, 816, 728, 1511, 2206, 752, 2081, 570, 1628, 2072, 555, 1095, 199, 2146, 487, 1858, 1757, 275, 1264, 1201, 137, 1172, 1888, 1183, 618, 2192, 2003, 78, 368, 143, 168, 481, 978, 1808, 419, 1352, 320, 2093, 1136, 1834, 50, 11, 146, 855, 417, 2354, 436, 1284, 1763, 374, 1252, 915, 1004, 297, 649, 1047, 1833, 2159, 1699, 262, 1538, 1135, 120, 1466, 1738, 41, 766, 1739, 253, 2332, 1533, 574, 303, 582, 1853, 340, 658, 1792, 326, 960, 1169, 2403, 115, 2092, 1627, 1615, 1979, 1921, 2073, 1850, 228, 1338, 656, 1991, 1097, 1371, 214, 1481, 2232, 1990, 1255, 395, 145, 1356, 1770, 1060, 645, 680, 1236, 1218, 2293, 49, 1746, 1062, 2053, 769, 327, 591, 1918, 2121, 413, 282, 1522, 2019, 1899, 748, 1975, 1576, 895, 1391, 1740, 2294, 377, 542, 509, 2007, 2309, 1387, 2385, 566, 352, 2408, 2150, 673, 1150, 206, 2138, 40, 1080, 1281, 1707, 429, 1898, 2029, 1939, 290, 109, 1198, 1181, 190, 1014, 296, 394, 386, 1583, 496, 1772, 423, 479, 151, 250, 1153, 2301, 739, 1155, 2391, 1006, 910, 2021, 1270, 1690, 1884, 1012, 1832, 2359, 1645, 2025, 1814, 278, 1494, 2188, 440, 913, 518, 2273, 1123, 1349, 60, 472, 1251, 1895, 276, 961, 108, 1319, 600, 1360, 1672, 2098, 623, 2191, 1555, 690, 622, 43, 55, 951, 34, 2375, 1837, 309, 82, 2006, 886, 1443, 1189, 1637, 2097, 1363, 2087, 2386, 2307, 361, 174, 292, 2000, 1118, 1235, 2015, 372, 687, 446, 945, 1910, 572, 1057, 1142, 1211, 2228, 1351, 1849, 651, 497, 1558, 1639, 561, 1634, 874, 2103, 603, 775, 2079, 933, 2349, 1487, 1329, 1361, 973, 1405, 2139, 688, 1082, 815, 133, 1192, 1073, 1029, 31, 1565, 1147, 1569, 2031, 2055, 112, 2243, 70, 1359, 2124, 980, 1805, 1490, 1878, 1860, 765, 669, 1633, 2076, 2046, 164, 2062, 1543, 1394, 397, 91, 1038, 1224, 1056, 2201, 44, 16, 789, 2342, 1846, 2126, 149, 1472, 2039, 23, 1586, 2317, 1553, 1646, 1440, 1660, 544, 1751, 2183, 2397, 882, 2299, 537, 1729, 1019, 2210, 1368, 534, 1574, 1692, 1643, 1054, 2032, 2345, 2078, 1342, 1296, 1311, 159, 2236, 684, 1794, 1822, 1812, 650, 1401, 1630, 959, 1327, 1698, 414, 1903, 1396, 1584, 1145, 2326, 1773, 878, 1260, 1501, 317, 884, 1474, 2095, 1968, 251, 370, 1084, 287, 2333, 928, 1893, 1033, 1907, 1164, 1114, 329, 1434, 1285, 161, 1614, 1179, 1560, 2265, 901, 1987, 1161, 237, 2104, 1322, 54, 1173, 1248, 233, 2370, 1432, 1868, 903, 1178, 545, 1835, 38, 1922, 924, 1696, 2131, 63, 389, 1579, 1299, 1314, 1377, 462, 1946, 1542, 1712, 993, 89, 2123, 729, 378, 476, 442, 624, 1345, 578, 1207, 2084, 459, 1428, 357, 1760, 1927, 2368, 1831, 1152, 1469, 1190, 347, 121, 594, 1271, 1585, 1721, 134, 2286, 1783, 1854, 1433, 547, 1902, 1112, 1015, 1774, 1465, 1653, 968, 1017, 77, 1055, 529, 141, 821, 803, 2148, 2024, 1608, 1865, 2002, 1479, 2066, 337, 1256, 970, 2043, 1124, 2404, 661, 1399, 531, 1397, 2065, 636, 2303, 2033, 527, 17, 110, 1499, 2413, 1711, 512, 1240, 1659, 221, 2321, 2249, 1592, 1451, 1536, 1573, 565, 1462, 1498, 1519, 580, 286, 166, 1321, 758, 540, 916, 469, 265, 1369, 1897, 2257, 1998, 495, 203, 1258, 2068, 2251, 212, 1016, 2166, 1245, 1777, 2125, 1800, 733, 1568, 2400, 950, 899, 964, 27, 1996, 2246, 925, 1448, 808, 1242, 215, 1018, 864, 1549, 2225, 1071, 1651, 1067, 2172, 2382, 2009, 1559, 1678, 1942, 2060, 936, 1540, 1896, 1051, 2331, 2117, 1662, 986, 1758, 22, 1815, 301, 921, 1134, 1058, 2057, 1069, 839, 1564, 2297, 822, 1373, 39, 829, 794, 1156, 1667, 1422, 1404, 562, 1119, 2314, 1221, 35, 2194, 2020, 1610, 398, 1676, 994, 1880, 1948, 1298, 894, 1001, 865, 1330, 880, 2320, 1755, 2318, 1861, 2180, 2119, 1514, 26, 854, 304, 2323, 888, 1273, 1656, 117, 1074, 1355, 323, 349, 1089, 1943, 424, 1476, 2407, 732, 2226, 642, 1557, 677, 2340, 1406, 2365, 2235, 311, 2271, 173, 2330, 633, 779, 2352, 2312, 1950, 520, 1791, 1475, 1528, 835, 1726, 1929, 1629, 2132, 1214, 229, 1840, 1859, 1061, 1995, 850, 2197, 1923, 2187, 1989, 181, 1969, 288, 1807, 1308, 1510, 1944, 178, 2378, 2250, 1040, 1166, 200, 1468, 1606, 939, 2160, 127, 350, 1862, 2322, 162, 2022, 227, 353, 2263, 1446, 1889, 745, 2064, 891, 1413, 1745, 2392, 47, 274, 1496, 1143, 1053, 1609, 1931, 1700, 2288, 1429, 460, 2344, 202, 652, 837, 1246, 396, 387, 2328, 1435, 1227, 608, 923, 1253, 2360, 257, 1197, 1767, 1265, 1326, 140, 1278, 1162, 595, 1176, 841, 1669, 62, 2278, 1828, 1233, 154, 667, 470, 539, 1776, 2421, 515, 715, 947, 505, 2310, 1657, 1507, 1556, 1820, 806, 46, 111, 2099, 1241, 1185, 1799, 25, 1467, 1076, 1154, 14, 443, 1904, 818, 2127, 367, 1103, 1872, 525, 2152, 723, 2252, 345, 7, 1337, 2409, 1157, 2004, 177, 1539, 1756, 333, 784, 2120, 220, 848, 999, 1702, 681, 456, 2267, 2335, 32, 1780, 163, 2151, 2255, 310, 2038, 1963, 1787, 1765, 593, 2094, 2350, 114, 985, 1180, 1471, 2269, 2379, 1759, 1892, 2343, 1149, 2175, 148, 1159, 107, 1442, 1925, 1411, 641, 1335, 1328, 551, 1437, 1644, 1580, 705, 1844, 1571, 2208, 2239, 338, 2176, 1098, 1782, 974, 1940, 1826, 1992, 2026, 1809, 373, 989, 1013, 88, 2088, 998, 2101, 1457, 1509, 437, 2261, 359, 2275, 943, 967, 721, 448, 927, 683, 1521, 2418, 632, 954, 1325, 1200, 724, 1454, 1090, 1003, 1091, 713, 502, 15, 144, 1126, 1513, 1936, 708, 334, 1544, 308, 1719, 764, 125, 783, 2169, 2426, 1704, 1531, 573, 21, 1495, 2248, 2313, 613, 2289, 1459, 703, 1378, 245, 209, 1366, 1836, 1220, 461, 488, 662, 2107, 439, 2272, 208, 416, 1310, 1722, 1261, 390, 2184, 2231, 2327, 2270, 558, 1855, 1219, 217, 1191, 981, 1600, 299, 381, 136, 560, 1099, 36, 205, 905, 601, 315, 1309, 1244, 2179, 1398, 1546, 1184, 740, 431, 1567, 1402, 543, 942, 364, 165, 567, 1204, 1857, 1906, 150, 427, 881, 90, 640, 382, 538, 1876, 1663, 5, 1492, 823, 511, 911, 1973, 2, 635, 465, 400, 411, 59, 2137, 238, 2170, 853, 1208, 858, 1668, 975, 1347, 1116, 2427, 1383, 321, 1941, 291, 810, 712, 300, 840, 1010, 399, 490, 410, 152, 1632, 2367, 711, 2423, 1194, 697, 2141, 1030, 106, 1879, 1431, 725, 2008, 852, 1798, 1427, 1008, 30, 969, 1735, 926, 1477, 1708, 376, 213, 1810, 892, 1527, 254, 1420, 194, 1682, 2377, 1525, 1002, 869, 491, 2052, 1313, 2282, 666, 2135, 2366, 2165, 86, 674, 1972, 843, 1686, 859, 66, 1670, 104, 230, 720, 1120, 1848, 2109, 792, 1631, 1237, 2035, 1007, 553, 355, 1148, 1425, 42, 1269, 1026, 990, 679, 20, 2061, 1290, 403, 1505, 2410, 2161, 1591, 875, 1104, 663, 2105, 611, 18, 897, 2045, 1324, 268, 1092, 1175, 1789, 1066, 319, 1291, 588, 1863, 1784, 776, 1042, 1980, 246, 722, 1535, 2211, 2034, 995, 614, 607, 435, 1491, 1086, 2374, 447, 1523, 736, 761, 369, 579, 746, 1336, 236, 2424, 478, 244, 1131, 85, 2383, 755, 1167, 1618, 2306, 1232, 438, 2279, 1587, 1286, 665, 2048, 2164, 541, 1988, 709, 1374, 1714, 2298, 2291, 671, 937, 1063, 263, 2300, 1480, 1483, 979, 421, 1282, 811, 2112, 1300, 1021, 2369, 1734, 1534, 2018, 1213, 1223, 1139, 1847, 1144, 1864, 820, 1954, 2284, 56, 1793, 2362, 1625, 767, 1243, 331, 904, 757, 786, 1334, 1230, 589, 467, 932, 1638, 2221, 2028, 1424, 2325, 1439, 1915, 1856, 1343, 1102, 1461, 1151, 306, 1160, 494, 252, 862, 2334, 753, 1957, 1305, 486, 2136, 2129, 277, 94, 2358, 2202, 1715, 2128, 2371, 2178, 1379, 856, 409, 997, 1752, 126, 506, 887, 1601, 1883, 1302, 1122, 1100, 1532, 2329, 375, 1140, 2156, 605, 124, 780, 2114, 797, 1444, 2189, 1920, 630, 2075, 2023, 1976, 1649, 606, 965, 2143, 2405, 271, 1449, 1297, 2059, 1561, 1771, 2133, 957, 1407, 72, 834, 1705, 266, 1964, 2083, 207, 362, 773, 1993, 1891, 813, 256, 1303, 756, 2027, 1229, 702, 1933, 2262, 1049, 1530, 281, 8, 2339, 445, 2268, 2145, 804, 344, 1306, 1924, 1052, 584, 2217, 701, 498, 1482, 211, 670, 1331, 548, 710, 380, 1852, 787, 1694, 1790, 1365, 103, 598, 415, 451, 2118, 426, 604, 1518, 1731, 1623, 1871, 2347, 324, 857, 863, 464, 2196, 1524, 948, 1983, 1196, 2337, 832, 2115, 1650, 379, 339, 1691, 1301, 1380, 1697, 452, 610, 845, 2010, 180, 1803, 2063, 1526, 672, 774, 2042, 1215, 225, 2155, 2017, 1187, 1674, 1085, 1930, 1603, 1967, 2171, 1195, 1664, 242, 2212, 29, 893, 1720, 909, 1781, 1228, 201, 475, 1665, 1747, 1115, 1267, 2013, 272, 2253, 243, 549, 1958, 2281, 585, 2219, 944, 526, 52, 139, 473, 879, 2036, 646, 1517, 1174, 457, 1956, 1138, 93, 533, 1966, 1851, 2044, 814, 1170, 1612, 602, 1127, 342, 1515, 1506, 2222, 617, 2086, 1997, 1594, 1370, 1307, 51, 1965, 922, 1199, 248, 685, 1177, 1647, 1873, 2181, 873, 2258, 958, 1458, 430, 183, 1415, 898, 530, 1685, 2011, 1408, 98, 1106, 2207, 463, 912, 2140, 2276, 1259, 738, 2376, 631, 2216, 535, 1566, 53, 590, 2200, 1621, 131, 422, 1801, 1604, 480, 99, 2411, 1000, 2089, 644, 668, 616, 105, 930, 2387, 1096, 241, 2419, 156, 1376, 1486, 1916, 2394, 557, 2090, 704, 695, 1750, 2069, 1079, 1797, 261, 657, 1341, 10, 2302, 1367, 1353, 1163, 2305, 269, 1050, 730, 2163, 57, 289, 751, 356, 1064, 1688, 441, 2381, 1716, 800, 988, 2316, 1635, 1894, 2102, 2198, 718, 1769, 2205, 1133, 1937, 2388, 1059, 1886, 1272, 1547, 1410, 1732, 48, 2106, 2353, 312, 655, 1395, 949, 160, 1332, 1829, 1447, 1582, 1541, 69, 1737, 807, 793, 1171, 2122, 71, 554, 1914, 196, 1478, 2085, 113, 2230, 1202, 1280, 360, 2240, 1911, 1500, 1283, 122, 1626, 1673, 1312, 577, 405, 1703, 1025, 1877, 407, 471, 28, 1713, 2077, 877, 741, 1430, 2174, 1885, 1375, 2157, 1775, 625, 678, 2395, 2244, 218, 1687, 1117, 934, 316, 285, 660, 1785, 484, 2082, 1999, 1887, 1680, 1165, 1562, 75, 1727, 294, 1648, 280, 870, 872, 1728, 1209, 836, 1463, 2287, 2051, 768, 2425, 1598, 2341, 1276, 433, 1919, 1036, 1094, 2357, 908, 482, 295, 826, 2295, 860, 1951, 391, 1168, 587, 2260, 1419, 500, 1206, 1811, 790, 468, 76, 392, 273, 1141, 2428, 1364, 2209, 1766, 1340, 176, 1802, 576, 597, 754, 153, 609, 514, 325, 1818, 1652, 2096, 699, 1658, 796, 1081, 191, 267, 1730, 1890, 1497, 204, 80, 1982, 1128, 2420, 1599, 1093, 1677, 314, 3, 778, 1238, 1020, 2116, 2336, 801, 759, 1905, 1035, 1666, 2154, 1288, 581, 147, 68, 2108, 2100, 2396, 2229, 700, 169, 302, 1806, 2054, 842, 1874, 1823, 135, 2147, 1597, 240, 866, 247, 1578, 1675, 450, 1146, 231, 1908, 1962, 2399, 1268, 187, 1464, 328, 341, 777, 1779, 844, 1681, 1182, 1717, 1423, 1028, 1072, 861, 1619, 510, 2247, 2074, 2304, 592, 1590, 1624, 2416, 1736, 1216, 1724, 1346, 2373, 383, 1027, 284, 1, 2134, 1788, 643, 1953, 1945, 1088, 2308, 629, 1595, 406, 1978, 1452, 249, 883, 420, 1819, 2259, 343, 686, 1955, 1350, 918, 1913, 638, 2277, 1994, 868, 2214, 1024, 1693, 1952, 172, 1593, 2195, 1636, 1388, 1257, 2285, 920, 385, 157, 963, 1602, 1470, 2001, 1125, 2071, 1548, 1436, 483, 1357, 1753, 132, 130, 1870, 1418, 1041, 770, 876, 2037, 962, 348, 1234, 805, 735, 239, 1932, 2401, 2384, 2012, 1839, 575, 1622, 170, 2215, 1581, 179, 6, 914, 1249, 1186, 966, 1111, 536, 1570, 258, 619, 1974, 1830, 2274, 1315, 838, 1193, 371, 1733, 1935, 1838, 336, 119, 1231, 2041, 2030, 2389, 1005, 234, 1520, 1275, 167, 2224, 885, 846, 1764, 1032, 1563, 2351, 2080, 1723, 513, 1928, 727, 749, 907, 2324, 1795, 508, 819, 532, 270, 2242, 982, 1508, 791, 694, 1537, 4, 2168, 1620, 831, 412, 74, 1529, 1642, 1107, 1473, 73, 192, 744, 1971, 676, 155, 1129, 2233, 92, 972, 1044, 2203, 2348, 1210, 639, 1400, 2040, 517, 1684, 626, 1655, 1205, 1389, 1589, 890, 195, 2173, 1742, 1323, 1881, 2429, 1292, 503, 1825, 2237, 235, 330, 867, 799, 1382, 489, 628, 1588, 1386, 847, 984, 184, 45, 586, 906, 332, 827, 976, 1130, 1489, 2290, 198, 621, 568, 142, 929, 1137, 1824, 2296, 1222, 1203, 1108, 1416, 83, 2355, 1748, 1605, 2186, 830, 1554, 734, 693, 2402, 1938, 2315, 351, 935, 2364, 2283, 283, 1796, 1046, 401, 175, 1304, 2204, 946, 2049, 2415, 1250, 1065, 1977, 1679, 24, 158, 12, 707, 1339, 1070, 1263, 2153, 171, 9, 366, 97, 101, 1384, 365, 2417, 1239, 1372, 185, 2338, 524, 2319, 747, 1845, 977, 522, 1550, 455, 1934, 1709, 2430, 255, 2149, 1362, 1762, 87, 1421, 61, 659, 983, 1009, 129, 1545, 971, 1390, 1037, 1132, 102, 1293, 1577, 1381]
(w = 6) Correct Cyclicantibandwidth
Set parameter TimeLimit to value 1800
[runlim] sample:		1502.6 time, 1500.3 real, 13413.1 MB
[runlim] sample:		1512.6 time, 1510.3 real, 14996.3 MB
[runlim] sample:		1522.6 time, 1520.3 real, 15555.6 MB
[runlim] sample:		1532.7 time, 1530.3 real, 15606.6 MB
[runlim] sample:		1542.7 time, 1540.3 real, 15640.3 MB
[runlim] sample:		1552.7 time, 1550.3 real, 15674.7 MB
[runlim] sample:		1562.7 time, 1560.3 real, 15763.0 MB
[runlim] sample:		1572.7 time, 1570.3 real, 15853.7 MB
[runlim] sample:		1582.7 time, 1580.3 real, 15948.8 MB
[runlim] sample:		1592.8 time, 1590.3 real, 16058.8 MB
[runlim] sample:		1602.8 time, 1600.3 real, 16166.2 MB
[runlim] sample:		1612.8 time, 1610.3 real, 16299.7 MB
[runlim] sample:		1622.8 time, 1620.3 real, 16396.4 MB
[runlim] sample:		1632.8 time, 1630.3 real, 16469.2 MB
[runlim] sample:		1642.8 time, 1640.3 real, 16617.7 MB
[runlim] sample:		1652.8 time, 1650.3 real, 16713.8 MB
[runlim] sample:		1662.8 time, 1660.3 real, 16808.0 MB
[runlim] sample:		1672.9 time, 1670.3 real, 16905.5 MB
[runlim] sample:		1682.9 time, 1680.3 real, 16997.9 MB
[runlim] sample:		1692.9 time, 1690.3 real, 17123.8 MB
[runlim] sample:		1702.9 time, 1700.3 real, 17222.5 MB
[runlim] sample:		1712.9 time, 1710.3 real, 17320.6 MB
[runlim] sample:		1723.0 time, 1720.3 real, 17418.7 MB
[runlim] sample:		1733.0 time, 1730.3 real, 17514.2 MB
[runlim] sample:		1743.0 time, 1740.3 real, 17657.7 MB
[runlim] sample:		1753.0 time, 1750.3 real, 17754.2 MB
[runlim] sample:		1763.0 time, 1760.3 real, 17856.7 MB
[runlim] sample:		1773.0 time, 1770.3 real, 17958.7 MB
[runlim] sample:		1783.0 time, 1780.3 real, 18056.8 MB
[runlim] sample:		1793.0 time, 1790.3 real, 18160.0 MB
[runlim] sample:		1803.0 time, 1800.3 real, 0.0 MB
[runlim] end:			Mon Nov  3 11:30:37 2025
[runlim] status:		out of time
[runlim] result:		2
[runlim] children:		0
[runlim] real:			1800.86 seconds
[runlim] time:			1803.55 seconds
[runlim] space:			19902.7 MB
[runlim] samples:		18005
