[runlim] version:		1.10
[runlim] time limit:		311040000 seconds
[runlim] real time limit:	1800 seconds
[runlim] space limit:		30000 MB
[runlim] argv[0]:		python3
[runlim] argv[1]:		model.py
[runlim] argv[2]:		./graph/3dmesh/3dmesh_3_3_400.txt
[runlim] start:			Mon Nov  3 11:30:37 2025
[runlim] main pid:		17679
[runlim] log captured:
Set parameter WLSAccessID
Set parameter WLSSecret
Set parameter LicenseID to value 2663665
Academic license 2663665 - for non-commercial use only - registered to tu___@vnu.edu.vn
Set parameter TimeLimit to value 1800
[runlim] sample:		10.0 time, 10.9 real, 1162.3 MB
[runlim] sample:		20.0 time, 20.9 real, 1925.1 MB
[runlim] sample:		30.0 time, 30.9 real, 2628.1 MB
[runlim] sample:		40.0 time, 40.9 real, 4315.8 MB
[runlim] sample:		50.1 time, 50.9 real, 6717.0 MB
[runlim] sample:		60.1 time, 60.9 real, 5731.6 MB
[runlim] sample:		70.1 time, 70.9 real, 5773.5 MB
[runlim] sample:		80.1 time, 80.9 real, 5807.3 MB
[runlim] sample:		90.1 time, 90.9 real, 5853.8 MB
[runlim] sample:		100.1 time, 100.9 real, 5888.0 MB
[runlim] sample:		110.2 time, 110.9 real, 5920.1 MB
[runlim] sample:		120.2 time, 120.9 real, 5954.1 MB
[runlim] sample:		130.2 time, 130.9 real, 5986.2 MB
[runlim] sample:		140.2 time, 140.9 real, 6121.3 MB
[runlim] sample:		150.2 time, 150.9 real, 6266.0 MB
[runlim] sample:		160.2 time, 160.9 real, 6420.2 MB
[runlim] sample:		170.3 time, 170.9 real, 6559.7 MB
[runlim] sample:		180.3 time, 180.9 real, 6673.8 MB
[runlim] sample:		190.3 time, 190.9 real, 6784.9 MB
[runlim] sample:		200.3 time, 200.9 real, 6978.6 MB
[runlim] sample:		210.4 time, 210.9 real, 7094.7 MB
[runlim] sample:		220.4 time, 220.9 real, 7209.3 MB
[runlim] sample:		230.4 time, 230.9 real, 7329.9 MB
[runlim] sample:		240.4 time, 240.9 real, 7449.5 MB
[runlim] sample:		250.4 time, 250.9 real, 7566.5 MB
[runlim] sample:		260.4 time, 260.9 real, 7685.8 MB
[runlim] sample:		270.5 time, 270.9 real, 7858.4 MB
[runlim] sample:		280.5 time, 280.9 real, 7971.3 MB
[runlim] sample:		290.5 time, 290.9 real, 8082.2 MB
[runlim] sample:		300.5 time, 300.9 real, 8190.8 MB
[runlim] sample:		310.5 time, 310.9 real, 8308.9 MB
[runlim] sample:		320.6 time, 320.9 real, 8438.7 MB
[runlim] sample:		330.6 time, 330.9 real, 8573.3 MB
[runlim] sample:		340.6 time, 340.9 real, 8708.6 MB
[runlim] sample:		350.6 time, 350.9 real, 8836.9 MB
[runlim] sample:		360.6 time, 360.9 real, 8969.3 MB
[runlim] sample:		370.6 time, 370.9 real, 9100.4 MB
[runlim] sample:		380.7 time, 380.9 real, 9236.1 MB
[runlim] sample:		390.7 time, 390.9 real, 9368.0 MB
[runlim] sample:		400.7 time, 400.9 real, 9498.2 MB
[runlim] sample:		410.7 time, 410.9 real, 9603.1 MB
[runlim] sample:		420.7 time, 420.9 real, 9733.0 MB
[runlim] sample:		430.8 time, 430.9 real, 9866.7 MB
[runlim] sample:		440.8 time, 440.9 real, 10005.5 MB
[runlim] sample:		450.8 time, 450.9 real, 10130.9 MB
[runlim] sample:		460.8 time, 460.9 real, 10259.0 MB
[runlim] sample:		470.8 time, 470.9 real, 10388.9 MB
[runlim] sample:		480.8 time, 480.9 real, 10522.6 MB
[runlim] sample:		490.9 time, 490.9 real, 10654.2 MB
[runlim] sample:		500.9 time, 500.9 real, 10788.3 MB
[runlim] sample:		510.9 time, 510.9 real, 10917.3 MB
[runlim] sample:		520.9 time, 520.9 real, 11053.2 MB
[runlim] sample:		530.9 time, 530.9 real, 11182.9 MB
[runlim] sample:		541.0 time, 540.9 real, 11309.2 MB
[runlim] sample:		551.0 time, 550.9 real, 11431.5 MB
[runlim] sample:		561.0 time, 560.9 real, 11529.6 MB
[runlim] sample:		571.0 time, 570.9 real, 11663.5 MB
[runlim] sample:		581.0 time, 580.9 real, 11791.2 MB
[runlim] sample:		591.0 time, 590.9 real, 11922.1 MB
[runlim] sample:		601.1 time, 600.9 real, 12061.5 MB
[runlim] sample:		611.1 time, 610.9 real, 12185.8 MB
[runlim] sample:		621.1 time, 620.9 real, 12319.9 MB
[runlim] sample:		631.1 time, 630.9 real, 12453.8 MB
[runlim] sample:		641.1 time, 640.9 real, 12583.4 MB
[runlim] sample:		651.1 time, 650.9 real, 12713.6 MB
[runlim] sample:		661.2 time, 660.9 real, 12847.8 MB
[runlim] sample:		671.2 time, 670.9 real, 12979.6 MB
[runlim] sample:		681.2 time, 680.9 real, 13111.8 MB
[runlim] sample:		691.2 time, 690.9 real, 13244.1 MB
[runlim] sample:		701.2 time, 700.9 real, 13375.5 MB
[runlim] sample:		711.2 time, 710.9 real, 13502.6 MB
[runlim] sample:		721.2 time, 720.9 real, 13633.5 MB
[runlim] sample:		731.3 time, 730.9 real, 13761.9 MB
[runlim] sample:		741.3 time, 740.9 real, 13897.6 MB
[runlim] sample:		751.3 time, 750.9 real, 14021.8 MB
[runlim] sample:		761.3 time, 760.9 real, 14122.1 MB
[runlim] sample:		771.3 time, 770.9 real, 14253.5 MB
[runlim] sample:		781.4 time, 780.9 real, 14376.9 MB
[runlim] sample:		791.4 time, 790.9 real, 14508.1 MB
[runlim] sample:		801.4 time, 800.9 real, 14640.7 MB
[runlim] sample:		811.4 time, 810.9 real, 14775.9 MB
[runlim] sample:		821.4 time, 820.9 real, 14897.6 MB
[runlim] sample:		831.5 time, 830.9 real, 15033.7 MB
[runlim] sample:		841.5 time, 840.9 real, 15160.3 MB
[runlim] sample:		851.5 time, 850.9 real, 15288.9 MB
[runlim] sample:		861.5 time, 860.9 real, 15421.3 MB
[runlim] sample:		871.5 time, 870.9 real, 15552.9 MB
[runlim] sample:		881.5 time, 880.9 real, 15680.9 MB
[runlim] sample:		891.6 time, 890.9 real, 15805.8 MB
[runlim] sample:		901.6 time, 900.9 real, 15938.4 MB
[runlim] sample:		911.6 time, 910.9 real, 16065.3 MB
[runlim] sample:		921.6 time, 920.9 real, 16199.1 MB
[runlim] sample:		931.6 time, 930.9 real, 16328.7 MB
[runlim] sample:		941.6 time, 940.9 real, 13902.4 MB
[runlim] sample:		951.6 time, 950.9 real, 21088.5 MB
[runlim] sample:		961.7 time, 960.9 real, 23495.3 MB
(w = 4) Value Cyclicantibandwidth: 4
Lables: [3074, 839, 240, 1671, 1254, 319, 2241, 1451, 3408, 1444, 1695, 1994, 2552, 593, 1259, 810, 968, 1085, 2701, 3333, 2585, 680, 2347, 960, 1631, 1093, 781, 170, 3296, 1205, 3590, 675, 856, 3423, 3169, 342, 1947, 2201, 1575, 2469, 362, 1983, 1116, 2674, 3351, 234, 3032, 522, 328, 2057, 2093, 1297, 1643, 3432, 1488, 2542, 307, 2627, 1857, 3578, 1601, 184, 1885, 2083, 1711, 1895, 3324, 1606, 1351, 1483, 648, 2538, 1835, 128, 333, 1525, 3439, 1303, 1794, 695, 1261, 910, 500, 2472, 2986, 2143, 1463, 2406, 3421, 1157, 3051, 1295, 3226, 360, 1897, 3147, 2960, 1418, 1037, 316, 3593, 1600, 1534, 2363, 3337, 2610, 2692, 2142, 3401, 1193, 547, 1906, 843, 38, 3070, 1082, 2116, 3519, 2957, 3170, 2169, 2982, 3206, 2011, 939, 262, 243, 688, 1446, 521, 2264, 1625, 461, 2566, 1882, 2817, 1829, 780, 1350, 3468, 933, 2122, 2331, 82, 3461, 3172, 658, 868, 2779, 3294, 2750, 34, 2598, 2611, 314, 2524, 1030, 611, 2912, 2523, 2578, 825, 1443, 1035, 1314, 661, 2410, 3444, 2726, 3236, 1438, 2129, 2074, 2907, 1007, 2111, 2681, 3371, 2744, 194, 317, 1680, 1020, 2866, 2687, 2863, 3240, 1956, 2966, 2001, 2510, 1811, 19, 344, 3209, 1140, 1518, 473, 100, 1577, 2867, 2114, 2805, 818, 808, 2385, 2442, 2922, 3370, 2236, 513, 189, 2934, 2584, 909, 1289, 3239, 1479, 528, 3316, 77, 2770, 3372, 1396, 3497, 171, 930, 2315, 3266, 2279, 827, 56, 1862, 1702, 809, 903, 2791, 3089, 837, 2102, 2434, 233, 555, 3203, 2548, 2646, 238, 479, 1137, 2754, 3330, 859, 2580, 2633, 2527, 2941, 3081, 47, 1292, 724, 520, 755, 2066, 997, 1692, 1978, 3345, 2544, 422, 1252, 2448, 3393, 1039, 2211, 907, 3398, 1641, 2399, 203, 2120, 2096, 1700, 3120, 540, 1104, 70, 1769, 2746, 2140, 2667, 2895, 718, 3262, 499, 1120, 3227, 228, 591, 556, 692, 2408, 96, 720, 3571, 476, 1749, 1456, 1469, 3413, 1497, 2242, 1269, 62, 2189, 3414, 518, 1318, 357, 1568, 1055, 2575, 669, 529, 1740, 3286, 1718, 161, 3555, 3072, 3429, 835, 405, 1806, 671, 921, 2617, 2349, 1652, 1699, 2273, 3581, 2415, 943, 1300, 2416, 2147, 2927, 530, 2669, 2757, 2983, 2790, 2600, 396, 3071, 2447, 1263, 2356, 629, 119, 830, 2256, 2165, 762, 356, 2361, 2515, 3352, 321, 1258, 27, 2044, 1174, 2136, 1726, 1786, 2855, 2661, 210, 2056, 899, 2312, 1357, 2890, 2299, 2041, 1928, 890, 2071, 701, 456, 3591, 2555, 1257, 3494, 3133, 585, 1637, 3177, 3318, 3549, 1971, 3405, 431, 3300, 1614, 410, 2046, 821, 1573, 538, 2930, 2902, 2186, 1535, 1809, 1133, 3530, 409, 1321, 2298, 1673, 494, 2830, 1145, 1860, 3466, 1778, 2731, 2636, 1376, 2025, 2402, 2127, 482, 417, 215, 2545, 2228, 470, 682, 2396, 3502, 2641, 1665, 1335, 2340, 1963, 3491, 2799, 3176, 3161, 1898, 1509, 975, 527, 526, 2812, 2841, 475, 380, 884, 2195, 1160, 3307, 892, 1043, 158, 2847, 2772, 1320, 1632, 3495, 791, 132, 221, 85, 797, 1677, 1812, 569, 1408, 142, 3067, 2311, 2482, 1714, 2370, 973, 1207, 2730, 2030, 3080, 3292, 1598, 887, 2620, 875, 486, 2068, 1669, 147, 1299, 2191, 411, 824, 1340, 1496, 512, 442, 3514, 2993, 2519, 1717, 3002, 40, 487, 3395, 2220, 2037, 3407, 714, 304, 2081, 2033, 193, 139, 2409, 3027, 2045, 1620, 3143, 3068, 3383, 331, 2108, 599, 1678, 116, 1585, 2868, 1481, 437, 227, 2365, 2170, 1198, 2768, 1815, 3061, 30, 2917, 765, 2007, 758, 2173, 640, 2115, 3127, 941, 1954, 1527, 1385, 2222, 1125, 1621, 1027, 1946, 3532, 490, 2362, 1522, 1171, 1286, 635, 1275, 1255, 3449, 2502, 1633, 2477, 3255, 3050, 3179, 819, 1867, 6, 3270, 1067, 355, 377, 61, 1219, 2098, 200, 329, 99, 1821, 2928, 3259, 2231, 255, 1864, 1685, 893, 1687, 1653, 1646, 2043, 2479, 451, 3134, 1128, 2377, 1948, 1180, 3149, 1236, 3009, 224, 1586, 1966, 598, 3243, 2949, 29, 2776, 1888, 3417, 2651, 3412, 1682, 2084, 2565, 3375, 2313, 2179, 3499, 923, 829, 151, 292, 1339, 1656, 787, 3083, 2652, 851, 2735, 1322, 2833, 2622, 3087, 489, 1684, 1005, 1154, 2486, 915, 948, 1853, 2995, 1336, 2969, 1164, 888, 544, 584, 981, 2366, 2302, 845, 3464, 2570, 2330, 1278, 1554, 3208, 1672, 3508, 2654, 668, 105, 1757, 3211, 3440, 1531, 3445, 814, 2167, 3598, 294, 3094, 3533, 399, 1356, 2634, 2826, 677, 3250, 2319, 1827, 1705, 2607, 192, 711, 3505, 2972, 3418, 1208, 745, 2338, 1712, 3323, 3392, 820, 1042, 676, 2432, 1000, 1750, 1420, 876, 761, 2344, 1704, 2337, 1431, 1975, 1445, 1233, 3576, 683, 2686, 1414, 3062, 2138, 732, 3455, 1719, 1361, 846, 2309, 1756, 1437, 3225, 1834, 1315, 326, 889, 1502, 685, 387, 2348, 2224, 1241, 1666, 3086, 2683, 1543, 1529, 2512, 3374, 1213, 3460, 1557, 1291, 958, 323, 2150, 707, 1904, 3198, 752, 3184, 246, 2487, 1881, 2958, 3008, 1735, 2483, 3470, 579, 2238, 1950, 749, 974, 785, 481, 1930, 828, 1243, 1926, 2382, 1218, 1587, 3476, 2400, 620, 2255, 2209, 140, 2835, 2623, 2763, 2732, 1604, 1015, 2239, 1999, 1079, 3453, 994, 2873, 2395, 721, 107, 3118, 1592, 1223, 577, 1729, 2346, 1310, 504, 2234, 919, 251, 2441, 446, 2682, 1783, 382, 1187, 3360, 2964, 1674, 225, 1841, 1790, 1610, 2511, 3064, 1406, 756, 581, 1349, 2876, 435, 3535, 654, 3026, 3097, 1500, 817, 2345, 1008, 3223, 2537, 3085, 2702, 3561, 1083, 2094, 26, 3452, 1899, 2053, 1231, 869, 737, 914, 3077, 2063, 412, 689, 710, 1936, 2227, 24, 16, 2628, 3367, 1415, 3459, 3510, 1648, 3523, 1505, 364, 801, 2428, 182, 2821, 2564, 1366, 2594, 14, 2840, 2915, 535, 849, 1048, 1715, 2296, 3349, 1119, 2937, 2728, 1912, 3238, 3500, 1603, 2913, 2843, 1062, 1558, 1417, 1855, 3554, 352, 401, 2885, 1, 783, 2368, 2569, 2240, 3478, 3586, 2291, 492, 2261, 2802, 3524, 2233, 1131, 445, 2326, 1211, 2135, 2398, 32, 3336, 3257, 324, 673, 2980, 2470, 1454, 3341, 1937, 2040, 1578, 1283, 13, 1981, 3569, 3237, 3131, 3167, 882, 2616, 2420, 3076, 1817, 1964, 3509, 271, 439, 1026, 2929, 987, 2596, 2379, 967, 2539, 990, 1262, 748, 3473, 775, 3235, 2758, 1176, 3361, 2146, 3304, 672, 2877, 2042, 963, 3426, 2290, 1793, 2704, 1647, 2530, 1915, 1765, 1308, 3516, 400, 1234, 3332, 2490, 1041, 2161, 3025, 1863, 3358, 2226, 133, 1498, 2709, 1995, 1985, 3269, 1710, 2133, 1240, 822, 993, 2252, 3322, 3447, 2909, 578, 3011, 2615, 2203, 1858, 870, 2154, 2807, 149, 1162, 1122, 2834, 2278, 1791, 337, 3281, 430, 1521, 651, 1945, 1416, 3479, 2103, 2988, 3116, 610, 106, 596, 2588, 2411, 3047, 3547, 3354, 232, 3229, 3212, 2936, 222, 660, 2729, 125, 2918, 2644, 2647, 1634, 896, 1859, 1064, 1797, 1013, 2604, 3416, 1734, 1584, 2316, 3060, 3268, 2006, 1430, 1391, 389, 320, 3480, 1215, 214, 1106, 2049, 1462, 2965, 418, 3246, 1866, 2144, 2677, 1752, 1619, 786, 1939, 266, 2112, 2837, 650, 2908, 447, 12, 2653, 1923, 28, 1019, 202, 805, 2321, 1010, 2130, 235, 1166, 3153, 2446, 3446, 864, 2951, 1346, 647, 1761, 533, 2809, 168, 2429, 3264, 1136, 2796, 1837, 1190, 971, 2962, 848, 516, 1061, 2194, 3200, 2375, 2505, 3557, 2104, 1046, 2719, 335, 244, 3102, 965, 954, 2010, 1940, 3260, 952, 3242, 169, 3185, 2517, 3513, 393, 270, 1182, 365, 1944, 1210, 542, 626, 2141, 564, 3053, 670, 2376, 2892, 37, 302, 2589, 1731, 2911, 3122, 2164, 2235, 391, 2034, 1309, 1556, 969, 550, 3271, 3022, 160, 2421, 2989, 3340, 1495, 2031, 2900, 3219, 1590, 1582, 1033, 2932, 2711, 31, 3397, 2814, 3146, 1250, 2789, 979, 3180, 1967, 1845, 3057, 3052, 2630, 2017, 3382, 1134, 525, 59, 1480, 2631, 495, 1959, 664, 2671, 1329, 2206, 583, 2635, 1201, 1109, 3588, 2645, 154, 1865, 2981, 566, 1379, 2764, 2906, 645, 746, 2811, 1874, 2856, 712, 782, 1003, 2959, 191, 2824, 1651, 1893, 141, 3253, 97, 1442, 2494, 2163, 3331, 2889, 2501, 1371, 1087, 1108, 176, 2123, 3356, 1028, 1386, 961, 3129, 457, 2605, 3199, 2773, 2882, 2765, 1348, 607, 2672, 213, 2431, 2836, 438, 1307, 1553, 2774, 2624, 157, 1282, 1774, 1460, 3154, 1012, 901, 46, 3042, 1722, 2816, 1748, 2095, 1095, 153, 261, 738, 813, 150, 3140, 1698, 1605, 2160, 2174, 2739, 460, 3314, 1615, 1113, 515, 649, 2212, 1423, 2087, 3110, 534, 2492, 1727, 2888, 927, 2784, 3540, 2113, 3021, 2520, 1172, 2426, 3546, 2886, 2008, 416, 773, 2245, 1820, 2691, 145, 793, 1823, 2973, 1276, 1847, 2901, 747, 1922, 2097, 2480, 962, 895, 2925, 2182, 3327, 78, 3123, 2760, 2921, 865, 1181, 1191, 1920, 2403, 273, 3066, 1986, 1217, 1319, 1169, 2678, 3584, 2583, 1691, 2270, 3517, 162, 557, 455, 1572, 1949, 2657, 1304, 549, 343, 2639, 1770, 570, 361, 2783, 1436, 3325, 3230, 2005, 3577, 2568, 2743, 924, 1536, 3339, 3562, 3436, 1203, 3544, 3380, 832, 2456, 2947, 1694, 1074, 1251, 2475, 2752, 795, 284, 1202, 1826, 1099, 2970, 17, 1919, 2350, 1499, 1579, 2718, 2268, 398, 1271, 1596, 662, 1024, 2705, 1200, 703, 3100, 733, 2963, 3241, 2320, 964, 1426, 759, 1267, 2082, 3548, 2935, 935, 402, 2864, 800, 858, 368, 880, 1428, 3583, 2358, 3525, 942, 2815, 3450, 852, 1167, 1264, 1068, 1459, 3572, 2944, 2899, 2436, 3284, 3399, 3007, 196, 2819, 1186, 2887, 2052, 950, 2032, 339, 2069, 1072, 468, 757, 2650, 1178, 1375, 699, 1334, 1078, 612, 2392, 2725, 1358, 524, 415, 3065, 1613, 713, 497, 2987, 1017, 3205, 3467, 1839, 3117, 3462, 1890, 395, 3385, 546, 2360, 108, 984, 2166, 123, 143, 1422, 1381, 3596, 2800, 2118, 408, 1960, 862, 1941, 1305, 1288, 2857, 2310, 3567, 3249, 3003, 709, 2054, 3207, 325, 2788, 2175, 1760, 274, 419, 3181, 1284, 1759, 1526, 1038, 3484, 3031, 2072, 4, 2190, 2558, 1567, 1580, 1570, 1539, 1696, 2924, 138, 2274, 804, 2303, 2976, 580, 1973, 350, 188, 2506, 2532, 3394, 1306, 1630, 84, 1144, 3197, 3457, 1938, 2848, 2391, 560, 1467, 1022, 587, 2467, 571, 76, 2110, 2522, 1014, 230, 1514, 2244, 1877, 966, 290, 3441, 2471, 1084, 2698, 2333, 1618, 3248, 1222, 2387, 1393, 1151, 3113, 1910, 2694, 2009, 98, 2808, 2204, 2276, 299, 2608, 1627, 1852, 1158, 295, 281, 1123, 175, 52, 278, 3, 2372, 3213, 2513, 1365, 925, 1407, 1836, 2335, 1688, 860, 2307, 2793, 1373, 2946, 1214, 1551, 932, 1179, 121, 624, 505, 58, 576, 2247, 812, 275, 2215, 3481, 1489, 995, 2500, 1367, 2852, 15, 148, 998, 2497, 545, 2271, 799, 1706, 514, 2465, 2047, 3428, 1229, 36, 3220, 3024, 684, 1887, 3030, 25, 2158, 338, 345, 3310, 1741, 2794, 2695, 3006, 1147, 2688, 641, 291, 87, 2919, 2151, 1595, 2207, 334, 2655, 1697, 144, 3054, 2684, 1927, 1804, 43, 778, 1913, 2609, 3506, 3290, 1343, 1152, 1150, 179, 690, 1861, 1377, 2413, 3010, 2088, 803, 2073, 1127, 303, 450, 2060, 110, 1138, 3522, 3183, 1540, 2706, 2373, 374, 257, 2923, 404, 2827, 2449, 3124, 3142, 2050, 3424, 3273, 1931, 1970, 2353, 2367, 1204, 2172, 1636, 2938, 2541, 54, 1789, 807, 1880, 2125, 770, 1892, 980, 501, 2466, 1004, 2217, 834, 45, 3527, 1508, 1353, 1883, 1088, 1854, 1392, 2736, 1036, 1188, 236, 1142, 3433, 180, 311, 1331, 3279, 330, 623, 2283, 1482, 1969, 2162, 763, 2364, 589, 406, 67, 1466, 2474, 1976, 739, 2062, 3190, 73, 3589, 1663, 3463, 1842, 183, 3404, 2221, 2891, 2386, 1628, 844, 1997, 1124, 41, 3135, 632, 1914, 1876, 3137, 3278, 353, 3001, 3326, 403, 588, 2761, 1069, 1746, 3267, 2574, 2051, 573, 3186, 1337, 2445, 3114, 2879, 2724, 1972, 2035, 1777, 2507, 1049, 1195, 2521, 2854, 2529, 1047, 1121, 397, 2026, 519, 2457, 3261, 1905, 68, 1776, 1512, 2528, 1763, 1819, 104, 1611, 2710, 101, 1071, 2766, 1403, 2593, 2378, 1779, 376, 277, 2306, 2875, 126, 2454, 1225, 1934, 466, 269, 1143, 602, 1080, 605, 1086, 1347, 1519, 354, 1355, 102, 1421, 327, 3293, 2397, 638, 201, 3187, 2444, 1754, 642, 2342, 798, 687, 1635, 543, 1491, 1302, 1542, 3465, 249, 3511, 1245, 2822, 1260, 1744, 1419, 2374, 2780, 80, 982, 1341, 1235, 95, 1649, 1159, 2439, 2488, 558, 1511, 394, 1574, 3041, 2277, 195, 2099, 3224, 3152, 753, 3036, 1638, 2248, 1281, 2825, 2289, 643, 2801, 706, 916, 2939, 1344, 1764, 3125, 428, 2453, 1517, 2478, 2463, 2562, 3312, 2767, 3363, 242, 603, 898, 2753, 2720, 1487, 2514, 1197, 1773, 3364, 1664, 1374, 1170, 1856, 124, 906, 2567, 3579, 2658, 2262, 2314, 694, 187, 1105, 1989, 956, 3379, 983, 2324, 2075, 1991, 572, 1325, 1982, 2293, 2997, 2557, 2668, 65, 1602, 1290, 873, 3228, 276, 51, 2485, 811, 2381, 663, 103, 1101, 1843, 1370, 2798, 1957, 1908, 1475, 3004, 1405, 1607, 3542, 659, 2491, 794, 318, 2884, 1974, 359, 784, 507, 2297, 2405, 1561, 3451, 2086, 3168, 3245, 771, 1156, 1766, 679, 3534, 2803, 1161, 109, 433, 723, 2013, 312, 2931, 1676, 823, 2000, 3039, 366, 2318, 2614, 1338, 3552, 1955, 561, 2352, 2551, 3391, 3550, 1070, 911, 1541, 2196, 3529, 3520, 2229, 826, 1871, 922, 1870, 3347, 1345, 1091, 2243, 2304, 1413, 3469, 3163, 1796, 3141, 3427, 2676, 3020, 3295, 696, 2355, 2978, 3362, 1622, 3256, 2109, 2862, 2468, 3218, 3422, 754, 172, 1075, 3338, 289, 3277, 1544, 173, 441, 2869, 666, 383, 2458, 646, 449, 444, 50, 1925, 2014, 3396, 2820, 1891, 454, 2778, 928, 3477, 297, 2155, 1784, 35, 2950, 1053, 894, 2579, 53, 3048, 1429, 2371, 2734, 1588, 1458, 2188, 1609, 597, 2797, 1992, 465, 838, 3034, 370, 2152, 1762, 1902, 2503, 1294, 1962, 3159, 1951, 616, 2851, 2785, 3346, 2499, 3287, 2263, 532, 1398, 3384, 2459, 590, 2028, 1723, 3215, 111, 985, 3315, 1139, 2407, 1504, 88, 336, 1728, 3504, 2230, 1851, 1256, 628, 2232, 2394, 604, 2703, 332, 2954, 1889, 340, 1742, 1384, 1550, 978, 3174, 258, 2916, 1107, 3599, 613, 1468, 3155, 3221, 3013, 3483, 1681, 223, 2328, 3597, 881, 241, 740, 1097, 2680, 3272, 1886, 2462, 3411, 3115, 2064, 567, 491, 93, 1675, 575, 678, 1440, 1785, 2464, 2690, 392, 2412, 1155, 2124, 1279, 908, 657, 3568, 199, 2665, 2022, 166, 3403, 1781, 3251, 2905, 3195, 719, 3334, 3023, 904, 2666, 3381, 3317, 3193, 1506, 1390, 434, 1589, 1410, 3425, 937, 1532, 2171, 2708, 288, 622, 75, 1721, 2157, 3145, 621, 2424, 883, 3194, 3017, 3518, 2540, 310, 634, 2329, 3458, 2065, 305, 301, 117, 1494, 3029, 2126, 3435, 1844, 665, 2518, 3028, 1332, 878, 3454, 1425, 1441, 3291, 2351, 2343, 1237, 239, 2027, 1743, 3585, 774, 957, 1372, 2404, 1661, 1608, 3434, 2740, 764, 2926, 474, 3162, 2881, 2509, 3368, 3099, 463, 268, 897, 8, 767, 1009, 1629, 1397, 2002, 1006, 1670, 951, 209, 3111, 2748, 2250, 3442, 1224, 219, 3160, 2216, 122, 315, 2787, 493, 3258, 1412, 503, 469, 1285, 1654, 750, 1747, 1520, 2715, 3033, 159, 1063, 1771, 2910, 861, 1965, 248, 2325, 1894, 2559, 1452, 2341, 3297, 2971, 2556, 432, 2896, 2354, 1126, 1560, 1828, 22, 2759, 1473, 1639, 1056, 1227, 2038, 2177, 3217, 1935, 769, 1594, 2481, 1018, 1850, 1402, 686, 1814, 3456, 3437, 1849, 2496, 1059, 2023, 2781, 3538, 3600, 2741, 2858, 2810, 1118, 1044, 2948, 2180, 115, 3353, 2550, 705, 2990, 3313, 2105, 1492, 198, 1768, 2210, 1383, 2762, 2577, 1362, 625, 72, 1977, 3247, 1751, 3130, 1232, 2955, 2251, 1326, 840, 3556, 3377, 1952, 2842, 2153, 1758, 1593, 2777, 2134, 279, 3016, 2039, 1363, 854, 1932, 5, 2100, 944, 2975, 3438, 1427, 1548, 471, 3299, 3244, 842, 1848, 3192, 568, 2294, 1701, 1546, 2738, 1933, 259, 458, 631, 1616, 358, 1209, 1798, 2085, 1021, 2225, 1824, 1599, 619, 3409, 3378, 1185, 2284, 3539, 1901, 2443, 1490, 1968, 3091, 1023, 3492, 508, 1173, 3055, 618, 806, 3376, 3188, 1808, 2058, 18, 3386, 367, 2414, 3234, 565, 2461, 879, 2184, 346, 287, 872, 2495, 1668, 485, 2572, 2237, 760, 717, 766, 2660, 2845, 3486, 3128, 3587, 1411, 1739, 3319, 3563, 3157, 363, 691, 779, 1513, 2689, 1724, 2213, 725, 1472, 2389, 1100, 1650, 1184, 833, 3285, 1002, 3282, 2984, 1246, 1642, 1474, 1549, 2664, 2369, 2332, 2418, 1058, 3109, 1716, 2004, 1626, 464, 250, 2621, 1961, 386, 2838, 3365, 2679, 1221, 205, 1192, 3490, 3501, 1354, 322, 2091, 3471, 2055, 976, 2423, 2419, 1313, 2145, 2549, 1206, 1076, 3489, 2259, 3485, 1918, 2795, 313, 1025, 2940, 3280, 443, 1461, 2308, 539, 2903, 185, 265, 636, 2747, 135, 3040, 917, 600, 836, 252, 226, 2357, 2288, 3342, 1510, 286, 384, 293, 3019, 772, 3191, 3216, 1011, 614, 1273, 3321, 23, 1110, 885, 1089, 644, 574, 146, 2853, 308, 2613, 2476, 1805, 1929, 3389, 3265, 1523, 2712, 2576, 421, 371, 2745, 1953, 637, 2849, 3328, 2716, 2637, 3595, 177, 1287, 2281, 592, 3551, 2996, 83, 2285, 2020, 378, 2563, 459, 1399, 2693, 1103, 866, 2257, 3106, 2861, 1268, 2473, 256, 130, 3148, 3582, 3475, 548, 2878, 3151, 137, 2582, 1324, 2208, 57, 1132, 947, 955, 3126, 267, 3357, 1394, 986, 3553, 349, 3443, 1298, 734, 2675, 3335, 426, 2659, 155, 594, 1875, 1659, 429, 1457, 731, 2638, 69, 2383, 3138, 2595, 1597, 1738, 2897, 217, 3594, 2831, 3503, 2455, 2425, 1896, 3415, 1045, 92, 2648, 959, 2977, 1239, 1230, 2985, 855, 2771, 847, 3430, 1244, 2393, 1562, 953, 2999, 3390, 1253, 1094, 3043, 900, 423, 3298, 1129, 2198, 702, 60, 2531, 1662, 2786, 3132, 3373, 857, 727, 112, 913, 3121, 2979, 114, 2573, 453, 940, 1801, 2850, 2619, 1644, 1679, 1364, 3276, 1378, 1958, 369, 1645, 708, 2943, 3537, 3182, 1096, 3565, 3592, 2823, 1054, 931, 3254, 936, 3104, 2199, 379, 136, 1689, 1767, 1242, 3472, 1360, 722, 1838, 3096, 3350, 2992, 2673, 3189, 229, 510, 553, 1449, 237, 341, 1051, 2460, 2192, 1507, 3107, 1409, 3044, 3302, 462, 2452, 1316, 1810, 134, 617, 2612, 1433, 9, 700, 488, 1524, 472, 2493, 1401, 2603, 3263, 2782, 3289, 1686, 3498, 2933, 2670, 2629, 2904, 1065, 1564, 938, 3274, 3012, 1538, 552, 926, 1832, 1327, 1818, 1034, 3105, 1272, 1565, 1713, 517, 3202, 874, 208, 2792, 245, 1177, 992, 3144, 1709, 3507, 1623, 1293, 777, 653, 2272, 2968, 2756, 1530, 891, 3018, 3366, 3303, 3496, 1640, 2021, 2323, 3288, 2733, 2077, 2417, 2450, 347, 506, 1533, 3037, 627, 3512, 3580, 2048, 1737, 3233, 551, 863, 3558, 1787, 2723, 946, 2618, 2846, 3515, 3402, 1907, 945, 3000, 2437, 2554, 3204, 55, 2079, 2187, 2275, 1141, 586, 1077, 3320, 1528, 1092, 3173, 608, 1581, 3488, 2119, 3084, 1921, 2106, 1115, 742, 1868, 3311, 2707, 1872, 2871, 2090, 1434, 44, 3046, 2078, 478, 1228, 1667, 989, 601, 448, 655, 2953, 2553, 2339, 1552, 1212, 536, 2920, 606, 2587, 2205, 3308, 420, 2504, 3108, 306, 1301, 1220, 2101, 1470, 1624, 2422, 156, 3090, 1265, 1909, 385, 3171, 2737, 2019, 3521, 81, 2727, 2435, 2508, 3355, 2380, 3306, 440, 3112, 2829, 3419, 3088, 537, 789, 1730, 2560, 2249, 2626, 2336, 2804, 1453, 348, 2525, 2219, 3175, 91, 2967, 1424, 2590, 2197, 2599, 3069, 1979, 815, 1247, 3252, 280, 3531, 1755, 3487, 1617, 751, 2994, 502, 1547, 1057, 902, 730, 483, 1317, 496, 64, 912, 554, 1464, 49, 3119, 2258, 86, 3369, 2440, 2516, 2433, 1660, 1476, 1435, 1248, 3165, 2751, 639, 424, 509, 480, 2384, 1822, 831, 1102, 1447, 1359, 929, 1135, 3400, 2067, 541, 1277, 197, 129, 2286, 3079, 1800, 3049, 1736, 1196, 3570, 452, 186, 2832, 1869, 802, 1879, 3541, 407, 949, 3014, 1846, 1658, 254, 743, 3387, 79, 2117, 2561, 1980, 1432, 218, 2300, 1052, 816, 309, 2029, 1733, 2642, 2998, 3059, 3095, 3564, 2606, 1175, 2015, 1772, 1802, 1563, 2181, 167, 1807, 1816, 2945, 523, 1576, 2643, 390, 1775, 1330, 2359, 253, 674, 595, 1148, 1369, 1515, 1032, 2859, 1569, 2092, 2214, 3431, 2012, 3406, 2806, 3359, 776, 3035, 2388, 2893, 2592, 1081, 3309, 2844, 2266, 2003, 1732, 3005, 3474, 3348, 1130, 1146, 1486, 436, 1352, 1163, 1040, 1917, 790, 1943, 1199, 373, 2390, 2571, 1098, 1249, 3045, 1878, 3214, 877, 2696, 3573, 991, 1395, 2254, 2536, 90, 3098, 1455, 207, 741, 3136, 39, 1274, 2586, 272, 2625, 1571, 2059, 1753, 283, 744, 2202, 1683, 1555, 2156, 1657, 1720, 152, 1903, 853, 3566, 2942, 220, 1226, 1471, 559, 920, 33, 1311, 2121, 89, 1545, 2305, 1478, 2089, 716, 2534, 1031, 2287, 3301, 1690, 1296, 2956, 1485, 1238, 2036, 296, 2489, 3420, 2139, 1016, 1840, 1149, 1990, 850, 1117, 1745, 2200, 1090, 3150, 2769, 2547, 1911, 1708, 1183, 1830, 3093, 3201, 2870, 1559, 212, 735, 1216, 2839, 1900, 2535, 413, 1111, 2132, 2427, 231, 681, 2024, 1484, 2713, 667, 3388, 2860, 1825, 1591, 1270, 2292, 697, 1493, 174, 2185, 2484, 1707, 3283, 211, 1448, 120, 2880, 1916, 1703, 42, 2872, 2018, 609, 21, 3526, 2131, 285, 1503, 999, 2697, 1380, 372, 728, 2430, 74, 3343, 113, 1792, 2961, 1266, 10, 3178, 3092, 1501, 3231, 3543, 131, 867, 1328, 425, 2267, 2914, 1060, 165, 633, 1833, 1323, 2974, 2632, 477, 3058, 2438, 48, 1813, 498, 2137, 1924, 2721, 3103, 204, 1993, 1114, 7, 2714, 1153, 970, 3075, 3344, 2813, 2663, 2818, 3139, 3410, 388, 2700, 2, 1194, 796, 3073, 3222, 1803, 871, 181, 788, 3156, 484, 1566, 2193, 1725, 1984, 511, 2168, 2656, 2327, 3575, 563, 300, 2591, 3305, 792, 163, 2178, 63, 1998, 531, 2717, 1165, 11, 2282, 3196, 1404, 2742, 3063, 206, 2526, 1001, 1780, 2755, 190, 2334, 2699, 1782, 3536, 988, 467, 2581, 1050, 630, 3056, 282, 2149, 729, 2533, 381, 1693, 1612, 1029, 2865, 715, 736, 1066, 704, 905, 3015, 1168, 656, 247, 2159, 3493, 2601, 3232, 1112, 3275, 2076, 2722, 2883, 1333, 886, 3448, 1382, 768, 562, 3078, 20, 2301, 1988, 1516, 2176, 1312, 2640, 582, 1388, 1389, 841, 2070, 2260, 934, 2775, 1795, 1873, 1073, 2128, 66, 1189, 2597, 1342, 3038, 1996, 263, 698, 918, 1831, 1884, 2894, 977, 2874, 3482, 2828, 2952, 1655, 2295, 615, 3082, 1450, 2218, 2269, 427, 1387, 1537, 178, 1368, 996, 652, 2649, 2016, 3528, 2991, 2148, 1583, 2451, 3560, 2322, 2265, 972, 1477, 164, 298, 726, 693, 1799, 375, 2107, 2317, 3158, 1439, 94, 127, 1400, 2246, 2498, 2223, 3101, 2280, 2183, 351, 3164, 3329, 2685, 1987, 118, 264, 2546, 3166, 2543, 2749, 2080, 3545, 1942, 1280, 414, 71, 2898, 1788, 2061, 216, 260, 1465, 2662, 2401, 3574, 3559, 2602, 3210, 2253]
(w = 4) Correct Cyclicantibandwidth
Set parameter TimeLimit to value 1800
[runlim] sample:		971.7 time, 970.9 real, 24601.3 MB
[runlim] sample:		981.7 time, 980.9 real, 25587.4 MB
[runlim] sample:		991.7 time, 990.9 real, 26430.6 MB
[runlim] sample:		1001.7 time, 1000.9 real, 28692.2 MB
[runlim] end:			Mon Nov  3 11:47:25 2025
[runlim] status:		out of memory
[runlim] result:		3
[runlim] children:		0
[runlim] real:			1008.35 seconds
[runlim] time:			1009.14 seconds
[runlim] space:			30003.6 MB
[runlim] samples:		10074
