[runlim] version:		1.10
[runlim] time limit:		311040000 seconds
[runlim] real time limit:	1800 seconds
[runlim] space limit:		30000 MB
[runlim] argv[0]:		python3
[runlim] argv[1]:		model.py
[runlim] argv[2]:		./graph/3dmesh/3dmesh_2_2_3.txt
[runlim] start:			Mon Nov  3 09:00:35 2025
[runlim] main pid:		15855
[runlim] log captured:
Set parameter WLSAccessID
Set parameter WLSSecret
Set parameter LicenseID to value 2663665
Academic license 2663665 - for non-commercial use only - registered to tu___@vnu.edu.vn
Set parameter TimeLimit to value 1800
(w = 4) Value Cyclicantibandwidth: 4
Lables: [11, 5, 6, 12, 3, 9, 10, 4, 7, 1, 2, 8]
(w = 4) Correct Cyclicantibandwidth
Real time: 0.7793552875518799 seconds
[runlim] end:			Mon Nov  3 09:00:36 2025
[runlim] status:		ok
[runlim] result:		0
[runlim] children:		0
[runlim] real:			1.32 seconds
[runlim] time:			0.09 seconds
[runlim] space:			31.4 MB
[runlim] samples:		8
