[runlim] version:		1.10
[runlim] time limit:		311040000 seconds
[runlim] real time limit:	1800 seconds
[runlim] space limit:		30000 MB
[runlim] argv[0]:		python3
[runlim] argv[1]:		model.py
[runlim] argv[2]:		./graph/3dmesh/3dmesh_4_4_68.txt
[runlim] start:			Mon Nov  3 11:57:20 2025
[runlim] main pid:		17988
[runlim] log captured:
Set parameter WLSAccessID
Set parameter WLSSecret
Set parameter LicenseID to value 2663665
Academic license 2663665 - for non-commercial use only - registered to tu___@vnu.edu.vn
Set parameter TimeLimit to value 1800
[runlim] sample:		10.0 time, 10.0 real, 549.2 MB
[runlim] sample:		20.0 time, 20.0 real, 581.2 MB
[runlim] sample:		30.1 time, 30.0 real, 640.3 MB
[runlim] sample:		40.1 time, 40.0 real, 686.7 MB
[runlim] sample:		50.1 time, 50.0 real, 743.5 MB
[runlim] sample:		60.1 time, 60.0 real, 814.5 MB
[runlim] sample:		70.2 time, 70.0 real, 858.4 MB
[runlim] sample:		80.2 time, 80.0 real, 933.2 MB
[runlim] sample:		90.2 time, 90.0 real, 989.6 MB
[runlim] sample:		100.2 time, 100.0 real, 1047.7 MB
[runlim] sample:		110.2 time, 110.0 real, 1140.3 MB
[runlim] sample:		120.3 time, 120.0 real, 1198.3 MB
[runlim] sample:		130.3 time, 130.0 real, 1265.3 MB
[runlim] sample:		140.3 time, 140.0 real, 1380.0 MB
[runlim] sample:		150.3 time, 150.0 real, 1503.9 MB
(w = 4) Value Cyclicantibandwidth: 4
Lables: [984, 450, 344, 510, 431, 376, 505, 763, 424, 502, 145, 34, 791, 67, 354, 727, 907, 163, 932, 1012, 772, 522, 798, 172, 215, 966, 513, 792, 427, 304, 195, 590, 947, 782, 168, 261, 374, 705, 7, 26, 1055, 309, 677, 380, 123, 906, 392, 728, 807, 171, 306, 621, 350, 819, 12, 79, 552, 1025, 440, 235, 205, 766, 1066, 193, 131, 114, 355, 1045, 913, 208, 543, 254, 1078, 233, 982, 497, 130, 279, 799, 402, 554, 995, 801, 637, 514, 241, 38, 284, 1002, 830, 334, 832, 855, 916, 584, 971, 328, 737, 218, 893, 667, 394, 926, 1064, 629, 534, 1022, 779, 320, 818, 979, 257, 924, 399, 260, 1019, 425, 80, 706, 384, 97, 975, 185, 433, 963, 692, 753, 847, 395, 371, 651, 357, 1006, 994, 298, 525, 645, 756, 1035, 696, 865, 347, 894, 1060, 580, 452, 713, 316, 1059, 223, 748, 23, 561, 437, 165, 465, 105, 375, 132, 181, 345, 539, 501, 949, 744, 160, 646, 321, 846, 323, 405, 758, 86, 201, 1088, 1074, 634, 711, 470, 194, 988, 49, 271, 68, 678, 955, 660, 572, 499, 278, 180, 400, 785, 930, 187, 518, 589, 65, 5, 250, 972, 835, 928, 369, 244, 729, 247, 619, 675, 358, 1053, 93, 738, 337, 1029, 1034, 490, 623, 43, 232, 520, 669, 108, 700, 64, 576, 90, 458, 420, 615, 282, 206, 686, 611, 84, 1018, 952, 252, 790, 996, 31, 511, 910, 825, 608, 889, 229, 559, 600, 754, 919, 46, 313, 560, 749, 654, 665, 597, 1005, 625, 162, 793, 822, 566, 858, 1039, 332, 102, 904, 866, 143, 598, 475, 406, 736, 449, 324, 789, 693, 381, 1048, 29, 356, 407, 1068, 565, 221, 296, 280, 1000, 412, 650, 204, 442, 361, 960, 432, 140, 418, 694, 631, 267, 47, 28, 1076, 691, 707, 386, 1085, 446, 1032, 156, 726, 1016, 429, 944, 934, 616, 154, 480, 41, 569, 228, 2, 535, 152, 128, 813, 544, 536, 496, 845, 360, 423, 661, 521, 606, 305, 1037, 605, 876, 107, 477, 71, 583, 243, 45, 685, 92, 638, 196, 670, 66, 54, 601, 878, 113, 234, 73, 962, 210, 485, 103, 486, 596, 148, 1024, 859, 848, 482, 777, 189, 24, 322, 481, 550, 4, 142, 312, 91, 455, 575, 765, 836, 226, 981, 203, 276, 837, 969, 555, 413, 663, 78, 602, 134, 732, 106, 300, 120, 527, 778, 291, 387, 55, 448, 991, 588, 780, 824, 1, 704, 292, 767, 722, 992, 719, 844, 682, 783, 451, 419, 648, 338, 1070, 922, 1052, 563, 902, 808, 879, 1081, 612, 1026, 81, 1010, 373, 274, 112, 82, 834, 687, 927, 346, 353, 447, 141, 558, 672, 805, 679, 1036, 1086, 915, 903, 708, 1033, 379, 50, 443, 439, 6, 742, 211, 135, 662, 157, 268, 85, 1046, 573, 864, 676, 647, 438, 295, 914, 690, 262, 626, 739, 216, 721, 843, 225, 467, 1013, 591, 901, 838, 98, 998, 158, 898, 869, 3, 1082, 887, 594, 935, 1050, 939, 37, 980, 161, 999, 797, 516, 466, 582, 896, 393, 19, 681, 709, 945, 33, 77, 734, 139, 444, 570, 32, 1041, 133, 363, 881, 537, 593, 752, 469, 581, 973, 169, 9, 817, 967, 224, 1047, 231, 1072, 1023, 803, 72, 335, 318, 435, 288, 428, 122, 515, 495, 491, 385, 956, 938, 556, 549, 10, 16, 22, 118, 182, 912, 308, 390, 723, 285, 456, 319, 237, 909, 110, 52, 94, 532, 408, 192, 578, 1011, 714, 540, 417, 888, 489, 411, 717, 119, 401, 416, 409, 1040, 258, 562, 396, 314, 850, 715, 149, 1084, 784, 391, 921, 911, 674, 153, 61, 421, 541, 760, 871, 857, 710, 853, 768, 699, 950, 1020, 546, 761, 1057, 464, 585, 1004, 986, 978, 712, 317, 422, 941, 923, 53, 14, 891, 630, 359, 997, 586, 15, 445, 56, 764, 99, 953, 500, 366, 240, 1015, 343, 403, 1087, 689, 567, 263, 815, 968, 13, 1067, 404, 238, 841, 88, 341, 627, 1021, 856, 111, 524, 548, 329, 1044, 35, 509, 382, 289, 733, 526, 272, 725, 1009, 624, 831, 796, 315, 397, 48, 547, 1042, 773, 974, 731, 150, 503, 27, 920, 854, 897, 336, 137, 668, 890, 658, 471, 70, 249, 604, 18, 184, 367, 190, 954, 269, 987, 892, 176, 478, 349, 771, 264, 933, 146, 248, 607, 436, 757, 457, 351, 127, 398, 553, 209, 632, 1043, 266, 862, 802, 918, 410, 104, 622, 96, 87, 138, 745, 236, 426, 434, 804, 115, 63, 794, 30, 230, 990, 259, 39, 166, 368, 1030, 697, 673, 983, 885, 931, 957, 219, 1061, 917, 564, 538, 281, 1049, 504, 751, 388, 175, 863, 311, 44, 370, 273, 730, 441, 703, 769, 124, 620, 453, 839, 774, 286, 40, 283, 908, 568, 179, 75, 716, 943, 207, 840, 494, 17, 652, 861, 507, 640, 698, 1054, 151, 199, 57, 186, 609, 155, 214, 307, 246, 415, 365, 1003, 11, 529, 1075, 724, 770, 989, 519, 872, 251, 530, 297, 197, 883, 740, 868, 83, 517, 533, 117, 303, 69, 1083, 833, 287, 126, 101, 905, 851, 430, 51, 776, 1031, 299, 377, 342, 183, 664, 942, 643, 212, 159, 1058, 653, 886, 326, 874, 462, 680, 290, 747, 364, 1014, 946, 641, 701, 542, 383, 294, 174, 948, 213, 1079, 795, 217, 362, 787, 595, 1001, 642, 484, 936, 873, 610, 657, 993, 937, 985, 860, 310, 275, 60, 1051, 1017, 900, 977, 762, 741, 683, 959, 1056, 809, 895, 735, 372, 136, 633, 812, 961, 829, 579, 828, 842, 929, 293, 414, 750, 1073, 636, 523, 877, 265, 459, 755, 493, 1008, 378, 144, 718, 277, 528, 220, 1027, 270, 574, 781, 603, 100, 875, 1038, 806, 461, 200, 800, 476, 191, 925, 1007, 684, 951, 823, 880, 1080, 389, 59, 202, 688, 644, 488, 826, 222, 1077, 628, 95, 173, 330, 882, 125, 348, 327, 1065, 242, 167, 508, 970, 695, 253, 492, 506, 743, 454, 788, 302, 1062, 786, 129, 613, 512, 21, 170, 746, 25, 8, 870, 577, 821, 965, 339, 62, 811, 474, 899, 940, 557, 256, 775, 1071, 36, 116, 177, 301, 479, 188, 325, 76, 473, 599, 649, 702, 340, 656, 58, 571, 759, 816, 472, 227, 964, 635, 109, 614, 884, 545, 958, 333, 976, 255, 89, 617, 42, 1069, 121, 483, 20, 810, 531, 820, 498, 659, 352, 198, 827, 671, 1028, 639, 147, 463, 74, 867, 239, 587, 720, 164, 655, 245, 1063, 468, 331, 852, 178, 487, 849, 618, 666, 460, 551, 814, 592]
(w = 4) Correct Cyclicantibandwidth
Set parameter TimeLimit to value 1800
[runlim] sample:		160.3 time, 160.0 real, 2450.4 MB
[runlim] sample:		170.3 time, 170.0 real, 2883.6 MB
[runlim] sample:		180.3 time, 180.0 real, 2974.6 MB
[runlim] sample:		190.4 time, 190.0 real, 3092.7 MB
[runlim] sample:		200.4 time, 200.0 real, 3179.5 MB
[runlim] sample:		210.4 time, 210.0 real, 3315.5 MB
[runlim] sample:		220.4 time, 220.0 real, 3417.8 MB
[runlim] sample:		230.4 time, 230.0 real, 3537.8 MB
[runlim] sample:		240.5 time, 240.0 real, 3632.7 MB
[runlim] sample:		250.5 time, 250.0 real, 3782.2 MB
[runlim] sample:		260.5 time, 260.0 real, 3879.1 MB
[runlim] sample:		270.5 time, 270.0 real, 2632.0 MB
(w = 5) Value Cyclicantibandwidth: 5
Lables: [984, 450, 344, 510, 431, 376, 505, 763, 424, 502, 145, 34, 791, 67, 354, 727, 907, 163, 932, 1012, 772, 337, 798, 172, 215, 966, 513, 792, 427, 304, 195, 590, 947, 782, 168, 261, 374, 705, 7, 26, 1055, 309, 677, 380, 123, 906, 392, 728, 807, 171, 306, 621, 350, 819, 12, 79, 552, 1025, 440, 235, 205, 766, 1066, 193, 131, 114, 355, 1045, 913, 208, 543, 254, 1078, 233, 982, 497, 130, 279, 799, 402, 554, 995, 801, 637, 514, 241, 38, 284, 1002, 830, 334, 832, 855, 916, 584, 971, 328, 737, 218, 893, 667, 394, 926, 1064, 629, 534, 1022, 779, 320, 818, 979, 257, 924, 399, 260, 1019, 425, 80, 706, 384, 97, 975, 185, 433, 963, 692, 753, 847, 395, 371, 651, 357, 1006, 994, 298, 525, 645, 756, 1035, 32, 865, 347, 894, 1060, 580, 452, 713, 316, 1059, 223, 748, 23, 561, 437, 165, 465, 105, 375, 132, 181, 345, 539, 501, 949, 744, 160, 646, 321, 846, 323, 405, 758, 86, 201, 1088, 1074, 634, 711, 470, 194, 988, 49, 271, 68, 678, 955, 660, 572, 499, 278, 180, 400, 785, 930, 187, 518, 589, 65, 5, 250, 972, 835, 928, 369, 244, 729, 247, 619, 675, 358, 1053, 93, 738, 469, 1029, 1034, 490, 623, 43, 232, 520, 669, 108, 700, 64, 576, 90, 458, 420, 615, 282, 206, 686, 446, 84, 1018, 952, 252, 790, 996, 31, 511, 910, 825, 608, 889, 229, 559, 600, 754, 919, 46, 313, 560, 749, 654, 665, 597, 1005, 625, 162, 793, 822, 566, 858, 1039, 332, 102, 904, 866, 143, 598, 475, 406, 736, 449, 324, 533, 693, 381, 1048, 29, 356, 407, 1068, 565, 221, 296, 280, 1000, 412, 650, 204, 442, 361, 960, 432, 140, 418, 694, 631, 267, 47, 28, 1076, 691, 707, 386, 1085, 789, 1032, 156, 726, 1016, 429, 944, 934, 616, 154, 480, 41, 569, 228, 2, 535, 152, 128, 813, 544, 536, 496, 845, 360, 423, 661, 521, 606, 305, 1037, 605, 876, 107, 477, 71, 583, 243, 45, 685, 92, 638, 196, 670, 66, 54, 601, 878, 113, 234, 73, 962, 210, 485, 103, 486, 596, 148, 1024, 859, 848, 482, 777, 189, 24, 322, 481, 550, 4, 142, 312, 91, 455, 575, 765, 836, 226, 981, 203, 276, 837, 969, 555, 413, 663, 78, 602, 134, 732, 106, 300, 120, 527, 778, 291, 387, 55, 448, 991, 588, 780, 824, 1, 704, 292, 767, 722, 992, 719, 844, 682, 783, 451, 419, 648, 338, 1070, 922, 1052, 563, 902, 808, 879, 1081, 612, 1026, 81, 1010, 373, 274, 112, 447, 834, 687, 927, 346, 353, 620, 141, 558, 672, 805, 679, 1036, 1086, 915, 903, 339, 1033, 379, 50, 443, 439, 6, 742, 211, 135, 662, 157, 268, 85, 1046, 573, 864, 676, 647, 438, 295, 914, 690, 262, 626, 739, 216, 721, 843, 225, 467, 1013, 591, 901, 838, 98, 998, 158, 898, 869, 3, 1082, 887, 594, 935, 1050, 939, 37, 980, 161, 999, 797, 516, 466, 582, 896, 393, 19, 681, 709, 945, 33, 77, 734, 139, 444, 570, 299, 1041, 133, 363, 881, 537, 593, 752, 611, 581, 973, 169, 9, 817, 967, 224, 1047, 231, 1072, 1023, 803, 72, 335, 318, 435, 288, 428, 122, 515, 495, 491, 385, 956, 938, 556, 549, 10, 16, 22, 118, 182, 912, 341, 390, 723, 285, 456, 319, 237, 909, 110, 52, 94, 532, 408, 192, 578, 1011, 714, 540, 417, 888, 489, 411, 717, 119, 401, 416, 409, 1040, 258, 562, 396, 314, 850, 715, 149, 1084, 784, 391, 921, 911, 674, 153, 61, 421, 541, 760, 871, 857, 710, 853, 768, 699, 950, 1020, 546, 761, 1057, 464, 585, 1004, 986, 978, 712, 317, 422, 941, 923, 53, 14, 891, 630, 359, 997, 586, 15, 445, 56, 764, 99, 953, 500, 366, 240, 1015, 343, 403, 1087, 689, 567, 263, 815, 968, 13, 1067, 404, 238, 841, 88, 199, 627, 1021, 856, 111, 524, 548, 329, 1044, 35, 509, 382, 289, 733, 526, 462, 725, 1009, 624, 831, 796, 315, 397, 48, 547, 1042, 773, 974, 731, 150, 503, 27, 920, 854, 897, 336, 137, 668, 890, 658, 471, 70, 249, 604, 18, 184, 367, 190, 954, 269, 987, 892, 176, 478, 349, 771, 264, 933, 146, 248, 607, 436, 757, 457, 351, 127, 398, 553, 209, 632, 1043, 266, 862, 802, 918, 410, 104, 622, 96, 87, 138, 745, 236, 426, 434, 804, 115, 63, 794, 30, 230, 990, 259, 39, 166, 368, 1030, 697, 673, 983, 885, 931, 957, 219, 1061, 917, 564, 538, 281, 1049, 504, 751, 388, 175, 863, 311, 44, 370, 273, 730, 441, 703, 769, 124, 1008, 453, 839, 774, 286, 40, 283, 908, 568, 179, 75, 716, 943, 207, 840, 494, 17, 652, 861, 507, 640, 698, 1054, 151, 82, 57, 186, 609, 155, 214, 307, 246, 415, 365, 1003, 11, 529, 1075, 724, 770, 989, 519, 872, 251, 530, 297, 197, 883, 740, 868, 83, 517, 696, 117, 303, 69, 1083, 833, 287, 126, 101, 905, 851, 430, 51, 776, 1031, 823, 377, 342, 183, 664, 942, 643, 212, 159, 1058, 653, 886, 326, 874, 613, 680, 290, 747, 364, 1014, 946, 641, 701, 542, 383, 294, 174, 948, 213, 1079, 795, 217, 362, 787, 595, 1001, 642, 484, 936, 873, 610, 657, 993, 937, 985, 860, 310, 275, 60, 1051, 1017, 900, 977, 762, 741, 683, 959, 1056, 809, 895, 735, 372, 136, 460, 812, 961, 829, 579, 828, 842, 929, 293, 414, 750, 1073, 636, 666, 877, 265, 781, 755, 493, 1007, 378, 144, 718, 277, 528, 220, 1027, 270, 574, 222, 603, 100, 875, 1038, 806, 461, 200, 800, 476, 191, 925, 633, 684, 951, 816, 880, 1080, 389, 59, 202, 688, 644, 522, 826, 42, 1077, 628, 95, 173, 330, 882, 125, 348, 327, 1065, 242, 167, 508, 970, 695, 253, 492, 506, 743, 454, 788, 302, 1062, 786, 129, 188, 512, 21, 170, 746, 25, 8, 870, 577, 821, 965, 459, 62, 811, 474, 899, 940, 557, 256, 775, 1071, 36, 116, 177, 301, 479, 655, 325, 76, 473, 599, 649, 702, 340, 708, 58, 308, 759, 498, 472, 227, 964, 635, 109, 614, 884, 545, 571, 333, 976, 255, 89, 617, 659, 1069, 121, 483, 20, 810, 531, 656, 639, 331, 352, 198, 827, 671, 1028, 272, 147, 463, 74, 867, 958, 587, 523, 164, 551, 245, 1063, 468, 178, 488, 618, 487, 239, 814, 820, 849, 720, 852, 592]
(w = 5) Correct Cyclicantibandwidth
Set parameter TimeLimit to value 1800
[runlim] sample:		280.5 time, 280.0 real, 3159.8 MB
[runlim] sample:		290.5 time, 290.0 real, 3269.6 MB
[runlim] sample:		300.6 time, 300.0 real, 3348.5 MB
[runlim] sample:		310.6 time, 310.0 real, 3477.2 MB
[runlim] sample:		320.6 time, 320.0 real, 3570.2 MB
[runlim] sample:		330.6 time, 330.0 real, 3662.1 MB
[runlim] sample:		340.6 time, 340.0 real, 3776.3 MB
[runlim] sample:		350.6 time, 350.0 real, 3871.7 MB
[runlim] sample:		360.6 time, 360.0 real, 3961.3 MB
[runlim] sample:		370.7 time, 370.0 real, 4113.8 MB
[runlim] sample:		380.7 time, 380.0 real, 4208.7 MB
(w = 6) Value Cyclicantibandwidth: 6
Lables: [984, 450, 344, 510, 431, 376, 505, 763, 424, 502, 145, 34, 791, 67, 354, 727, 907, 163, 932, 1012, 772, 416, 798, 172, 215, 966, 513, 792, 427, 304, 195, 590, 947, 782, 168, 261, 374, 705, 7, 26, 1055, 309, 677, 380, 123, 906, 392, 728, 807, 171, 306, 621, 350, 819, 809, 79, 552, 1025, 440, 235, 205, 766, 1066, 193, 131, 114, 355, 1045, 913, 208, 543, 254, 1078, 233, 982, 497, 130, 279, 799, 402, 554, 995, 801, 637, 514, 241, 38, 284, 1002, 830, 334, 832, 855, 916, 584, 971, 328, 737, 218, 893, 667, 394, 926, 1064, 629, 534, 1022, 779, 320, 818, 979, 257, 924, 399, 260, 1019, 425, 80, 706, 384, 97, 975, 185, 433, 963, 692, 753, 847, 395, 371, 651, 357, 1006, 994, 298, 525, 645, 756, 1035, 32, 865, 347, 894, 1060, 580, 452, 713, 316, 1059, 223, 748, 23, 561, 437, 165, 465, 105, 375, 132, 181, 345, 539, 501, 949, 744, 160, 646, 321, 846, 323, 405, 758, 86, 201, 1088, 1074, 634, 711, 470, 194, 988, 49, 271, 68, 678, 955, 660, 572, 499, 278, 180, 400, 785, 930, 187, 518, 589, 65, 5, 250, 972, 835, 928, 369, 244, 729, 247, 619, 675, 358, 1053, 93, 738, 337, 1029, 696, 490, 623, 43, 232, 520, 669, 108, 700, 64, 576, 90, 458, 420, 615, 282, 206, 686, 125, 84, 1018, 952, 252, 790, 996, 31, 511, 910, 825, 608, 889, 229, 559, 600, 754, 919, 46, 313, 560, 749, 654, 665, 597, 1005, 625, 162, 793, 822, 566, 858, 1039, 332, 102, 904, 866, 143, 598, 475, 406, 736, 449, 324, 716, 693, 381, 1048, 29, 356, 407, 1068, 565, 221, 296, 280, 1000, 412, 650, 204, 442, 361, 960, 432, 140, 418, 694, 631, 267, 47, 28, 1076, 691, 707, 386, 1085, 931, 1032, 156, 726, 1016, 429, 944, 934, 616, 154, 480, 41, 569, 228, 2, 535, 152, 611, 813, 544, 536, 496, 845, 360, 423, 661, 521, 606, 305, 1037, 605, 876, 107, 477, 71, 583, 243, 45, 685, 92, 638, 196, 670, 66, 54, 601, 878, 113, 234, 73, 962, 210, 485, 103, 486, 596, 148, 1024, 859, 848, 482, 777, 189, 24, 322, 481, 550, 4, 142, 312, 91, 455, 575, 765, 836, 226, 981, 203, 276, 837, 969, 555, 413, 663, 78, 602, 134, 732, 106, 300, 120, 527, 778, 291, 387, 55, 448, 991, 588, 780, 824, 1, 704, 292, 767, 722, 992, 719, 844, 682, 783, 451, 419, 648, 338, 1070, 922, 1052, 563, 902, 808, 879, 1081, 612, 1026, 81, 1010, 373, 274, 112, 447, 834, 687, 927, 346, 353, 620, 141, 558, 672, 805, 679, 1036, 1086, 915, 903, 339, 1033, 379, 50, 443, 439, 6, 742, 211, 135, 662, 157, 268, 85, 1046, 573, 864, 676, 647, 438, 295, 914, 690, 262, 626, 739, 216, 721, 843, 225, 467, 1013, 591, 901, 838, 98, 998, 158, 898, 869, 3, 1082, 887, 594, 935, 1050, 939, 37, 980, 161, 999, 797, 516, 466, 582, 896, 393, 19, 681, 709, 945, 33, 77, 734, 139, 444, 570, 299, 1041, 133, 363, 881, 537, 593, 752, 469, 581, 973, 169, 9, 817, 967, 224, 1047, 231, 1072, 1023, 803, 72, 335, 318, 435, 288, 428, 122, 515, 495, 491, 385, 956, 938, 556, 549, 10, 16, 22, 118, 182, 912, 341, 390, 723, 285, 456, 319, 237, 909, 110, 52, 94, 532, 408, 192, 578, 1011, 714, 540, 417, 888, 489, 411, 717, 119, 401, 1034, 409, 1040, 258, 562, 396, 314, 850, 715, 149, 1084, 784, 391, 921, 911, 674, 153, 61, 421, 541, 760, 871, 857, 710, 853, 768, 699, 950, 1020, 546, 761, 1057, 464, 585, 1004, 986, 978, 712, 317, 422, 941, 923, 53, 14, 891, 630, 359, 997, 586, 15, 445, 56, 764, 99, 953, 500, 366, 240, 1015, 343, 403, 1087, 689, 567, 263, 815, 968, 13, 1067, 404, 238, 841, 88, 199, 627, 1021, 856, 111, 524, 548, 329, 1044, 35, 509, 382, 289, 733, 526, 462, 725, 1009, 624, 831, 796, 315, 397, 48, 547, 1042, 773, 974, 731, 150, 503, 27, 446, 854, 897, 336, 137, 668, 890, 658, 471, 70, 249, 604, 18, 184, 367, 190, 954, 269, 987, 892, 176, 478, 349, 771, 264, 933, 146, 248, 607, 436, 757, 457, 351, 127, 398, 553, 209, 632, 1043, 266, 862, 802, 918, 410, 104, 622, 96, 87, 138, 745, 920, 426, 434, 804, 115, 63, 794, 30, 230, 990, 259, 39, 166, 368, 1030, 697, 673, 983, 885, 213, 957, 219, 1061, 917, 564, 538, 281, 1049, 504, 751, 388, 175, 863, 311, 44, 370, 273, 730, 441, 703, 769, 124, 1008, 453, 839, 774, 286, 40, 283, 908, 568, 179, 75, 610, 943, 207, 840, 494, 17, 652, 861, 507, 640, 698, 1054, 151, 82, 57, 186, 128, 155, 214, 307, 246, 415, 365, 1003, 11, 529, 1075, 724, 770, 989, 519, 872, 251, 530, 297, 197, 883, 740, 868, 83, 517, 959, 117, 303, 69, 789, 833, 533, 126, 101, 905, 851, 430, 51, 776, 1031, 823, 377, 342, 183, 664, 942, 1083, 212, 159, 1058, 653, 886, 326, 874, 613, 680, 290, 747, 364, 1014, 946, 641, 701, 542, 383, 294, 174, 948, 852, 1079, 795, 217, 362, 787, 595, 236, 642, 484, 936, 873, 649, 657, 993, 937, 985, 860, 310, 275, 60, 1051, 1017, 900, 977, 762, 741, 683, 1062, 1056, 147, 895, 735, 372, 136, 460, 812, 961, 829, 579, 828, 842, 929, 293, 414, 750, 1073, 636, 609, 877, 265, 781, 755, 493, 1007, 378, 1001, 718, 277, 528, 220, 1027, 270, 574, 222, 603, 100, 875, 1038, 806, 461, 200, 800, 476, 191, 925, 633, 684, 951, 816, 880, 1080, 389, 59, 202, 688, 644, 522, 826, 42, 1077, 628, 95, 173, 330, 882, 239, 348, 327, 1065, 545, 167, 508, 970, 695, 253, 492, 506, 743, 454, 788, 302, 331, 786, 129, 188, 512, 21, 170, 746, 25, 8, 870, 577, 643, 965, 459, 62, 811, 474, 899, 940, 557, 256, 775, 1071, 36, 116, 177, 301, 479, 655, 325, 76, 473, 599, 144, 702, 340, 708, 58, 308, 759, 498, 472, 242, 964, 635, 821, 614, 884, 487, 571, 333, 976, 255, 89, 617, 659, 1069, 121, 483, 20, 810, 287, 656, 639, 827, 352, 531, 587, 671, 1028, 272, 198, 463, 74, 867, 958, 849, 523, 164, 666, 245, 1063, 468, 178, 488, 618, 820, 227, 12, 109, 551, 720, 814, 592]
(w = 6) Correct Cyclicantibandwidth
Set parameter TimeLimit to value 1800
[runlim] sample:		390.7 time, 390.0 real, 2950.4 MB
[runlim] sample:		400.7 time, 400.0 real, 3339.7 MB
[runlim] sample:		410.7 time, 410.0 real, 3490.3 MB
[runlim] sample:		420.7 time, 420.0 real, 3566.2 MB
[runlim] sample:		430.7 time, 430.0 real, 3641.6 MB
[runlim] sample:		440.7 time, 440.0 real, 3720.1 MB
[runlim] sample:		450.8 time, 450.0 real, 3841.9 MB
[runlim] sample:		460.8 time, 460.0 real, 3940.3 MB
[runlim] sample:		470.8 time, 470.0 real, 4073.5 MB
[runlim] sample:		480.8 time, 480.0 real, 4168.7 MB
[runlim] sample:		490.8 time, 490.0 real, 4260.4 MB
[runlim] sample:		500.8 time, 500.0 real, 4406.9 MB
[runlim] sample:		510.8 time, 510.0 real, 4496.4 MB
[runlim] sample:		520.9 time, 520.0 real, 3310.9 MB
(w = 7) Value Cyclicantibandwidth: 7
Lables: [984, 450, 344, 510, 431, 376, 505, 763, 424, 502, 145, 34, 791, 67, 354, 727, 907, 163, 932, 1012, 772, 51, 798, 172, 215, 966, 513, 792, 427, 304, 195, 590, 947, 782, 168, 261, 374, 705, 7, 26, 1055, 309, 677, 380, 123, 906, 392, 728, 807, 171, 306, 621, 350, 819, 497, 79, 552, 1025, 440, 235, 205, 766, 1066, 193, 131, 114, 355, 1045, 913, 208, 543, 254, 1078, 233, 982, 538, 130, 279, 799, 402, 554, 995, 801, 637, 514, 241, 38, 284, 1002, 830, 334, 832, 855, 916, 584, 971, 328, 737, 218, 893, 667, 394, 926, 1064, 629, 534, 1022, 779, 320, 818, 979, 257, 924, 399, 260, 1019, 425, 80, 706, 384, 97, 975, 185, 433, 963, 692, 753, 847, 395, 371, 651, 357, 1006, 994, 298, 525, 645, 756, 1035, 32, 865, 347, 894, 1060, 580, 452, 713, 316, 1059, 223, 748, 23, 561, 437, 165, 465, 105, 375, 132, 181, 345, 539, 501, 949, 744, 160, 646, 321, 846, 323, 405, 758, 86, 201, 1088, 1074, 634, 711, 470, 194, 988, 49, 271, 68, 678, 955, 660, 572, 499, 278, 180, 400, 785, 930, 187, 518, 589, 65, 5, 250, 972, 835, 928, 369, 244, 729, 247, 619, 675, 358, 1053, 93, 738, 337, 1029, 715, 490, 623, 43, 232, 520, 669, 108, 700, 12, 576, 90, 458, 420, 615, 282, 206, 686, 125, 84, 1018, 952, 252, 790, 996, 31, 511, 910, 825, 608, 889, 229, 559, 600, 754, 919, 46, 313, 560, 749, 654, 665, 597, 1005, 625, 162, 793, 822, 566, 858, 1039, 332, 102, 904, 866, 143, 598, 475, 406, 736, 449, 324, 716, 693, 381, 1048, 29, 356, 407, 1068, 565, 221, 296, 280, 1000, 412, 650, 1056, 442, 361, 960, 432, 140, 418, 694, 631, 267, 47, 28, 1076, 691, 707, 386, 1085, 931, 1032, 156, 726, 1016, 429, 944, 934, 616, 154, 480, 41, 569, 228, 2, 535, 152, 611, 813, 544, 536, 496, 845, 360, 64, 661, 521, 606, 305, 1037, 605, 876, 107, 477, 71, 583, 243, 45, 685, 92, 638, 196, 670, 66, 54, 601, 878, 113, 234, 73, 962, 210, 485, 103, 486, 596, 148, 1024, 859, 848, 482, 777, 189, 24, 322, 481, 550, 4, 142, 312, 91, 455, 575, 765, 836, 226, 981, 203, 276, 837, 969, 555, 413, 663, 78, 602, 134, 732, 106, 300, 120, 527, 778, 291, 387, 55, 448, 991, 588, 780, 824, 423, 704, 292, 767, 722, 992, 719, 844, 682, 783, 451, 419, 648, 338, 1070, 922, 1052, 563, 902, 808, 879, 1081, 612, 1026, 81, 1010, 373, 274, 112, 447, 834, 687, 927, 346, 353, 620, 141, 558, 672, 805, 679, 1036, 1086, 915, 903, 339, 1033, 379, 50, 443, 439, 6, 742, 211, 135, 662, 157, 268, 85, 1046, 573, 864, 676, 647, 438, 295, 914, 690, 262, 626, 739, 216, 721, 843, 225, 467, 1013, 591, 901, 838, 98, 998, 158, 898, 869, 3, 1082, 887, 594, 935, 1050, 939, 37, 980, 161, 999, 797, 516, 466, 582, 896, 393, 19, 681, 709, 945, 33, 77, 734, 139, 444, 570, 299, 1041, 133, 363, 881, 537, 593, 752, 469, 581, 973, 169, 9, 817, 696, 224, 1047, 231, 1072, 1023, 803, 72, 335, 318, 435, 288, 428, 1034, 515, 495, 491, 385, 956, 938, 556, 549, 10, 967, 22, 118, 182, 912, 341, 390, 723, 285, 456, 319, 237, 909, 110, 52, 94, 532, 408, 192, 578, 1011, 714, 540, 417, 888, 489, 411, 717, 119, 401, 1058, 409, 1040, 258, 562, 396, 314, 850, 643, 149, 1084, 784, 391, 921, 911, 674, 153, 61, 421, 541, 760, 871, 857, 710, 853, 768, 699, 950, 1020, 546, 761, 1057, 464, 585, 1004, 986, 978, 712, 317, 422, 941, 923, 53, 14, 891, 630, 359, 997, 586, 15, 445, 56, 764, 99, 953, 500, 366, 240, 1015, 343, 403, 1087, 689, 567, 263, 815, 968, 13, 1067, 404, 238, 841, 88, 199, 627, 1021, 856, 111, 524, 548, 329, 1044, 35, 509, 382, 289, 733, 526, 462, 725, 1009, 624, 831, 796, 315, 397, 48, 547, 1042, 773, 974, 731, 150, 503, 27, 446, 854, 897, 336, 137, 668, 890, 658, 471, 70, 249, 604, 18, 184, 367, 190, 954, 122, 987, 892, 176, 478, 349, 771, 264, 933, 146, 248, 607, 436, 757, 457, 351, 207, 398, 553, 209, 632, 1043, 266, 862, 802, 918, 410, 104, 622, 96, 87, 138, 745, 920, 426, 434, 804, 115, 63, 794, 30, 230, 990, 259, 39, 166, 368, 1030, 697, 673, 983, 885, 213, 957, 219, 1061, 917, 564, 877, 281, 1049, 504, 751, 388, 175, 863, 311, 44, 370, 273, 730, 441, 703, 769, 124, 1008, 453, 839, 774, 286, 40, 283, 908, 568, 179, 75, 610, 943, 644, 840, 494, 17, 652, 861, 507, 640, 698, 1054, 151, 82, 57, 186, 128, 155, 214, 307, 246, 415, 365, 1003, 416, 529, 1075, 724, 770, 989, 519, 872, 251, 530, 297, 197, 883, 740, 868, 83, 517, 959, 117, 303, 69, 789, 833, 533, 126, 101, 905, 851, 430, 204, 776, 1031, 823, 377, 342, 183, 664, 942, 1083, 212, 159, 301, 653, 886, 326, 874, 613, 680, 290, 747, 364, 1014, 946, 1, 701, 542, 383, 294, 174, 948, 852, 1079, 795, 217, 362, 787, 595, 236, 642, 484, 936, 873, 649, 657, 993, 937, 985, 860, 310, 275, 60, 1051, 1017, 900, 977, 762, 741, 683, 1062, 16, 809, 895, 735, 372, 136, 460, 812, 961, 829, 579, 828, 842, 929, 293, 414, 750, 1073, 636, 609, 708, 265, 781, 755, 875, 1007, 378, 1001, 718, 277, 528, 220, 1027, 270, 574, 222, 603, 100, 617, 1038, 806, 461, 200, 800, 476, 191, 925, 633, 684, 951, 816, 880, 1080, 389, 59, 202, 688, 330, 522, 826, 641, 1077, 628, 95, 173, 746, 882, 239, 348, 327, 1065, 545, 167, 508, 970, 695, 253, 492, 506, 743, 454, 788, 302, 331, 786, 129, 269, 512, 21, 170, 614, 25, 8, 870, 577, 821, 965, 459, 62, 811, 474, 899, 940, 557, 256, 775, 1071, 36, 116, 177, 964, 479, 188, 325, 493, 473, 599, 144, 702, 340, 656, 58, 308, 759, 11, 472, 242, 827, 635, 109, 127, 884, 487, 571, 333, 976, 255, 89, 272, 42, 1069, 121, 483, 20, 810, 287, 531, 498, 659, 352, 198, 587, 671, 1028, 639, 147, 76, 178, 867, 958, 849, 523, 74, 655, 245, 1063, 468, 820, 488, 618, 814, 227, 720, 164, 551, 666, 463, 592]
(w = 7) Correct Cyclicantibandwidth
Set parameter TimeLimit to value 1800
[runlim] sample:		530.9 time, 530.0 real, 3621.3 MB
[runlim] sample:		540.9 time, 540.0 real, 3727.3 MB
[runlim] sample:		550.9 time, 550.0 real, 3833.8 MB
[runlim] sample:		560.9 time, 560.0 real, 3921.2 MB
[runlim] sample:		570.9 time, 570.0 real, 4006.4 MB
[runlim] sample:		580.9 time, 580.0 real, 4092.9 MB
[runlim] sample:		591.0 time, 590.0 real, 4181.6 MB
[runlim] sample:		601.0 time, 600.0 real, 4267.8 MB
[runlim] sample:		611.0 time, 610.0 real, 4370.8 MB
[runlim] sample:		621.0 time, 620.0 real, 4464.8 MB
[runlim] sample:		631.0 time, 630.0 real, 4552.2 MB
[runlim] sample:		641.0 time, 640.0 real, 4692.1 MB
[runlim] sample:		651.0 time, 650.0 real, 4782.0 MB
[runlim] sample:		661.0 time, 660.0 real, 3227.3 MB
(w = 8) Value Cyclicantibandwidth: 8
Lables: [984, 450, 344, 510, 431, 376, 505, 763, 696, 502, 145, 34, 791, 67, 354, 727, 907, 163, 932, 1012, 772, 52, 798, 172, 215, 966, 513, 792, 427, 304, 195, 590, 947, 782, 168, 261, 374, 705, 7, 26, 1055, 309, 677, 380, 123, 906, 392, 728, 807, 171, 306, 621, 350, 819, 497, 79, 552, 1025, 440, 235, 205, 766, 1066, 193, 131, 114, 355, 1045, 913, 208, 543, 254, 1078, 233, 982, 538, 130, 279, 799, 402, 554, 995, 801, 637, 514, 241, 38, 284, 1002, 830, 334, 832, 855, 916, 584, 971, 328, 737, 218, 893, 667, 394, 926, 1064, 629, 534, 1022, 779, 320, 818, 979, 257, 924, 399, 260, 1019, 425, 80, 706, 384, 97, 975, 185, 433, 963, 692, 753, 847, 395, 371, 651, 357, 1006, 994, 298, 525, 645, 756, 1035, 32, 865, 347, 894, 1060, 580, 452, 713, 316, 1059, 223, 748, 23, 561, 437, 165, 465, 105, 375, 132, 181, 345, 539, 501, 949, 744, 160, 646, 321, 846, 323, 405, 758, 86, 201, 1088, 1074, 634, 711, 470, 194, 988, 49, 271, 68, 678, 955, 660, 572, 499, 278, 180, 400, 785, 930, 187, 518, 589, 65, 5, 250, 972, 835, 928, 369, 244, 729, 247, 619, 675, 358, 1053, 93, 738, 337, 1029, 715, 490, 623, 43, 232, 520, 669, 108, 700, 12, 576, 90, 458, 420, 615, 282, 206, 686, 125, 84, 1018, 952, 252, 790, 996, 31, 511, 910, 825, 608, 889, 229, 559, 600, 754, 919, 46, 313, 560, 749, 654, 665, 597, 1005, 625, 162, 793, 822, 424, 858, 1039, 332, 102, 904, 866, 143, 598, 475, 406, 736, 449, 324, 890, 693, 381, 1048, 29, 356, 407, 1068, 565, 221, 296, 280, 1000, 412, 650, 204, 442, 361, 960, 432, 140, 418, 694, 631, 267, 47, 28, 1076, 691, 707, 386, 1085, 931, 1032, 156, 726, 1016, 429, 944, 934, 616, 154, 480, 41, 569, 228, 2, 535, 152, 611, 813, 544, 536, 496, 845, 360, 64, 661, 521, 606, 305, 1037, 605, 876, 107, 477, 71, 583, 243, 45, 685, 92, 638, 196, 670, 66, 54, 601, 878, 113, 234, 73, 962, 210, 485, 103, 486, 596, 148, 1024, 859, 848, 482, 777, 189, 24, 322, 481, 550, 4, 142, 312, 91, 455, 575, 765, 836, 226, 981, 203, 276, 837, 969, 555, 413, 663, 78, 602, 134, 732, 106, 300, 120, 527, 778, 291, 387, 55, 448, 991, 588, 780, 824, 423, 704, 292, 767, 722, 992, 719, 844, 682, 783, 451, 419, 648, 338, 1070, 922, 1052, 563, 902, 808, 879, 1081, 612, 1026, 81, 1010, 373, 274, 112, 447, 834, 687, 927, 346, 353, 620, 141, 558, 672, 805, 679, 1036, 1086, 915, 903, 339, 1033, 379, 50, 443, 439, 6, 742, 211, 135, 662, 157, 268, 85, 1046, 573, 864, 676, 647, 438, 295, 914, 690, 262, 626, 739, 216, 721, 843, 225, 467, 1013, 591, 901, 838, 98, 998, 158, 898, 869, 3, 1082, 887, 594, 935, 1050, 939, 37, 980, 161, 999, 797, 516, 466, 582, 896, 393, 19, 681, 709, 945, 33, 77, 734, 139, 444, 570, 299, 1041, 133, 363, 881, 537, 593, 752, 469, 581, 973, 169, 9, 817, 937, 224, 1047, 231, 1072, 1023, 803, 72, 335, 318, 435, 288, 428, 1034, 515, 495, 491, 385, 956, 938, 556, 294, 10, 774, 22, 118, 182, 912, 341, 390, 723, 285, 456, 319, 237, 909, 110, 716, 94, 532, 408, 192, 578, 1011, 714, 540, 417, 888, 489, 411, 717, 119, 401, 1058, 409, 1040, 258, 562, 396, 314, 850, 643, 149, 1084, 784, 391, 921, 911, 674, 153, 61, 421, 541, 760, 871, 857, 710, 853, 768, 699, 950, 1020, 546, 761, 1057, 464, 585, 1004, 986, 978, 712, 317, 422, 941, 923, 53, 14, 967, 630, 359, 997, 586, 15, 445, 56, 764, 99, 953, 500, 366, 240, 1015, 343, 403, 1087, 689, 567, 263, 815, 968, 13, 1067, 404, 238, 841, 88, 199, 627, 1021, 856, 111, 524, 548, 329, 1044, 35, 509, 382, 289, 733, 526, 462, 725, 1009, 624, 831, 796, 315, 397, 48, 547, 1042, 773, 974, 731, 150, 503, 27, 446, 854, 897, 336, 137, 668, 270, 658, 471, 70, 249, 604, 18, 184, 367, 190, 954, 122, 987, 892, 176, 478, 349, 771, 264, 933, 146, 248, 891, 436, 757, 457, 351, 207, 398, 553, 209, 632, 1043, 266, 862, 802, 918, 410, 104, 622, 96, 87, 138, 745, 920, 426, 434, 804, 115, 63, 794, 30, 230, 990, 259, 39, 166, 368, 1030, 697, 673, 983, 885, 213, 957, 219, 1061, 917, 564, 877, 281, 1049, 504, 751, 388, 175, 863, 311, 44, 370, 273, 730, 441, 703, 769, 124, 1008, 453, 839, 1014, 286, 40, 283, 908, 568, 179, 75, 610, 943, 644, 840, 494, 17, 652, 861, 507, 640, 698, 1054, 151, 82, 57, 186, 128, 155, 214, 307, 246, 415, 365, 1003, 416, 529, 1075, 724, 770, 989, 519, 872, 251, 530, 297, 197, 883, 740, 868, 83, 517, 959, 117, 303, 69, 789, 833, 533, 126, 101, 905, 851, 430, 51, 776, 1031, 823, 377, 342, 183, 664, 942, 1083, 212, 159, 301, 653, 886, 326, 874, 613, 680, 290, 747, 364, 642, 946, 1, 701, 542, 383, 549, 174, 948, 852, 1079, 795, 217, 362, 787, 595, 236, 177, 484, 936, 873, 649, 657, 993, 222, 985, 860, 310, 275, 60, 1051, 1017, 900, 977, 762, 741, 683, 1062, 603, 16, 895, 735, 372, 136, 460, 812, 961, 829, 579, 828, 842, 929, 293, 414, 750, 1073, 636, 609, 708, 265, 781, 755, 875, 607, 378, 1001, 718, 277, 528, 220, 1027, 566, 574, 473, 256, 100, 617, 1038, 806, 461, 200, 800, 476, 191, 925, 1007, 684, 951, 816, 880, 1080, 389, 59, 202, 688, 330, 522, 826, 641, 1077, 628, 95, 173, 746, 882, 239, 348, 327, 1065, 545, 167, 508, 970, 695, 253, 492, 506, 743, 454, 788, 302, 633, 786, 129, 269, 512, 21, 170, 614, 25, 8, 870, 577, 821, 965, 459, 62, 811, 474, 899, 940, 557, 810, 775, 1071, 36, 116, 11, 809, 479, 188, 325, 493, 849, 599, 144, 702, 340, 656, 58, 308, 759, 498, 472, 242, 964, 635, 109, 127, 884, 487, 571, 333, 976, 255, 89, 1056, 42, 1069, 121, 483, 20, 618, 287, 531, 639, 659, 352, 198, 827, 671, 1028, 272, 147, 76, 178, 867, 958, 587, 523, 74, 655, 245, 1063, 468, 331, 488, 164, 820, 227, 814, 666, 551, 720, 463, 592]
(w = 8) Correct Cyclicantibandwidth
Set parameter TimeLimit to value 1800
[runlim] sample:		671.1 time, 670.0 real, 4131.4 MB
[runlim] sample:		681.1 time, 680.0 real, 4150.2 MB
[runlim] sample:		691.1 time, 690.0 real, 4189.7 MB
[runlim] sample:		701.1 time, 700.0 real, 4229.4 MB
[runlim] sample:		711.1 time, 710.0 real, 4268.8 MB
[runlim] sample:		721.1 time, 720.0 real, 4413.7 MB
[runlim] sample:		731.2 time, 730.0 real, 4621.0 MB
[runlim] sample:		741.2 time, 740.0 real, 4697.8 MB
[runlim] sample:		751.2 time, 750.0 real, 4781.8 MB
[runlim] sample:		761.2 time, 760.0 real, 4864.9 MB
[runlim] sample:		771.2 time, 770.0 real, 4950.3 MB
[runlim] sample:		781.2 time, 780.0 real, 5031.6 MB
[runlim] sample:		791.2 time, 790.0 real, 5114.6 MB
[runlim] sample:		801.3 time, 800.0 real, 5200.2 MB
[runlim] sample:		811.3 time, 810.0 real, 5281.3 MB
(w = 9) Value Cyclicantibandwidth: 9
Lables: [984, 450, 344, 510, 431, 376, 505, 763, 413, 502, 145, 34, 791, 67, 354, 727, 907, 163, 932, 1012, 772, 207, 798, 172, 215, 966, 513, 792, 427, 304, 195, 590, 947, 782, 168, 261, 374, 705, 7, 26, 1055, 309, 677, 380, 123, 906, 392, 728, 807, 171, 306, 621, 350, 819, 497, 79, 552, 1025, 440, 235, 205, 766, 1066, 193, 131, 114, 355, 1045, 913, 208, 543, 254, 1078, 233, 982, 538, 130, 279, 799, 402, 554, 995, 801, 637, 514, 241, 38, 284, 1002, 830, 334, 832, 855, 916, 584, 971, 328, 737, 218, 893, 667, 394, 926, 1064, 629, 534, 1022, 779, 320, 818, 979, 257, 924, 399, 260, 1019, 425, 80, 706, 384, 97, 975, 185, 433, 963, 692, 753, 847, 395, 371, 651, 357, 1006, 994, 298, 525, 645, 756, 1035, 32, 865, 347, 894, 1060, 580, 452, 713, 316, 1059, 223, 748, 23, 561, 437, 165, 465, 105, 375, 132, 181, 345, 539, 501, 949, 744, 160, 646, 321, 846, 323, 405, 758, 86, 201, 1088, 1074, 634, 711, 470, 194, 988, 49, 271, 68, 678, 955, 660, 572, 499, 278, 180, 400, 785, 930, 187, 518, 589, 65, 5, 250, 972, 835, 928, 369, 244, 729, 247, 619, 675, 358, 1053, 93, 738, 337, 1029, 715, 490, 623, 43, 232, 520, 669, 108, 700, 12, 576, 90, 458, 420, 615, 282, 206, 686, 125, 84, 1018, 952, 252, 790, 996, 31, 511, 910, 825, 608, 889, 229, 559, 657, 754, 919, 46, 313, 560, 749, 654, 665, 597, 1005, 625, 162, 793, 822, 541, 858, 1039, 332, 102, 904, 866, 143, 598, 475, 406, 736, 449, 324, 716, 693, 381, 1048, 29, 356, 407, 1068, 565, 221, 296, 280, 1000, 412, 650, 204, 442, 361, 960, 432, 140, 418, 694, 631, 267, 47, 28, 1076, 691, 707, 386, 1085, 931, 1032, 156, 726, 1016, 429, 944, 934, 616, 154, 480, 41, 569, 228, 2, 535, 152, 611, 813, 544, 287, 496, 845, 360, 64, 661, 521, 606, 305, 1037, 605, 876, 107, 477, 71, 583, 243, 45, 685, 92, 638, 196, 670, 66, 54, 601, 878, 113, 234, 73, 962, 210, 485, 103, 486, 596, 148, 1024, 859, 848, 482, 777, 189, 24, 322, 481, 550, 4, 142, 312, 91, 455, 575, 765, 836, 226, 981, 203, 276, 837, 969, 555, 69, 663, 78, 602, 134, 732, 106, 300, 120, 527, 778, 291, 387, 55, 448, 991, 588, 780, 824, 423, 704, 292, 767, 722, 992, 719, 844, 682, 783, 451, 419, 648, 338, 1070, 922, 1052, 563, 902, 808, 879, 1081, 612, 1026, 81, 1010, 373, 274, 112, 447, 834, 687, 927, 346, 353, 620, 141, 558, 424, 805, 679, 1036, 1086, 915, 903, 339, 1033, 379, 50, 443, 439, 6, 742, 211, 135, 662, 157, 268, 85, 1046, 573, 864, 676, 647, 438, 295, 914, 690, 262, 626, 739, 216, 721, 843, 225, 467, 1013, 591, 901, 838, 98, 998, 158, 898, 869, 3, 1082, 887, 594, 935, 1050, 939, 37, 980, 161, 999, 797, 516, 466, 582, 896, 393, 19, 681, 709, 945, 33, 77, 734, 139, 444, 570, 299, 1041, 133, 363, 881, 537, 593, 752, 469, 581, 973, 169, 9, 817, 937, 224, 1047, 231, 1072, 1023, 803, 72, 335, 318, 435, 288, 428, 1034, 515, 495, 491, 385, 956, 938, 556, 880, 10, 774, 22, 118, 182, 912, 341, 390, 723, 285, 456, 319, 237, 909, 110, 52, 94, 532, 408, 192, 578, 1011, 714, 540, 417, 536, 489, 411, 717, 119, 401, 1058, 409, 1040, 258, 562, 396, 314, 850, 643, 149, 1084, 784, 391, 921, 911, 674, 153, 61, 421, 151, 760, 871, 857, 710, 853, 768, 699, 950, 1020, 546, 761, 1057, 464, 585, 1004, 986, 696, 712, 317, 422, 941, 923, 53, 14, 967, 630, 359, 997, 586, 15, 445, 56, 764, 99, 953, 500, 366, 240, 1015, 343, 403, 1087, 689, 567, 263, 815, 968, 13, 1067, 566, 238, 841, 88, 199, 627, 1021, 856, 111, 524, 548, 329, 1044, 35, 509, 382, 289, 733, 526, 462, 725, 1009, 624, 831, 796, 315, 397, 48, 547, 1042, 773, 974, 731, 150, 503, 27, 446, 854, 897, 336, 137, 668, 604, 658, 471, 70, 249, 549, 18, 184, 367, 190, 954, 122, 987, 892, 176, 478, 349, 771, 264, 933, 146, 248, 891, 436, 757, 457, 351, 188, 398, 553, 209, 632, 1043, 266, 862, 802, 918, 410, 104, 622, 96, 87, 138, 745, 920, 426, 978, 804, 115, 63, 794, 30, 230, 990, 259, 39, 166, 368, 1030, 697, 673, 983, 885, 213, 957, 219, 1061, 917, 564, 877, 281, 1049, 504, 751, 388, 175, 863, 311, 44, 370, 273, 730, 441, 703, 769, 124, 1008, 453, 839, 1014, 286, 40, 283, 908, 568, 179, 75, 610, 943, 890, 840, 494, 17, 652, 861, 507, 640, 698, 1054, 62, 82, 57, 186, 128, 155, 214, 307, 246, 415, 365, 1003, 416, 529, 1075, 724, 770, 989, 519, 872, 251, 530, 297, 197, 883, 740, 868, 83, 517, 959, 117, 303, 256, 789, 833, 533, 126, 101, 905, 851, 430, 51, 776, 1031, 823, 377, 342, 183, 664, 942, 1083, 212, 159, 301, 653, 886, 326, 874, 613, 680, 290, 747, 364, 642, 946, 1, 701, 542, 383, 951, 174, 948, 852, 1079, 795, 217, 362, 787, 595, 236, 177, 484, 936, 873, 649, 294, 993, 222, 985, 860, 310, 672, 60, 1051, 1017, 900, 977, 762, 741, 683, 1062, 603, 16, 895, 735, 372, 136, 272, 812, 961, 829, 579, 828, 842, 929, 293, 414, 750, 1073, 636, 609, 708, 265, 459, 755, 875, 607, 378, 1001, 718, 277, 528, 220, 1027, 786, 574, 781, 940, 100, 617, 1038, 806, 461, 200, 800, 476, 191, 925, 1007, 684, 11, 816, 1028, 1080, 389, 59, 202, 688, 644, 522, 826, 641, 1077, 628, 95, 173, 330, 882, 239, 348, 327, 1065, 545, 167, 508, 970, 695, 253, 492, 506, 743, 454, 788, 302, 633, 269, 129, 600, 512, 21, 170, 746, 25, 8, 870, 577, 821, 965, 255, 434, 811, 474, 899, 531, 557, 810, 775, 1071, 36, 116, 270, 809, 479, 655, 325, 493, 473, 599, 144, 702, 340, 656, 58, 308, 759, 404, 472, 242, 964, 635, 109, 127, 884, 487, 571, 333, 976, 198, 614, 1056, 42, 1069, 121, 483, 20, 618, 888, 820, 498, 659, 352, 867, 827, 275, 460, 639, 147, 76, 178, 720, 958, 587, 523, 74, 666, 245, 1063, 468, 331, 488, 164, 89, 227, 814, 671, 551, 463, 849, 592]
(w = 9) Correct Cyclicantibandwidth
Set parameter TimeLimit to value 1800
[runlim] sample:		821.3 time, 820.0 real, 4207.9 MB
[runlim] sample:		831.3 time, 830.0 real, 4266.4 MB
[runlim] sample:		841.3 time, 840.0 real, 4302.7 MB
[runlim] sample:		851.3 time, 850.0 real, 4339.1 MB
[runlim] sample:		861.3 time, 860.0 real, 4547.6 MB
[runlim] sample:		871.4 time, 870.0 real, 4627.9 MB
[runlim] sample:		881.4 time, 880.0 real, 4710.1 MB
[runlim] sample:		891.4 time, 890.0 real, 4786.3 MB
[runlim] sample:		901.4 time, 900.0 real, 4867.6 MB
[runlim] sample:		911.4 time, 910.0 real, 4947.9 MB
[runlim] sample:		921.4 time, 920.0 real, 5032.1 MB
[runlim] sample:		931.4 time, 930.0 real, 5114.4 MB
[runlim] sample:		941.4 time, 940.0 real, 5194.5 MB
[runlim] sample:		951.4 time, 950.0 real, 5276.7 MB
[runlim] sample:		961.5 time, 960.0 real, 5356.5 MB
[runlim] sample:		971.5 time, 970.0 real, 5433.7 MB
[runlim] sample:		981.5 time, 980.0 real, 3301.2 MB
(w = 10) Value Cyclicantibandwidth: 10
Lables: [984, 450, 344, 510, 431, 376, 505, 763, 413, 502, 145, 34, 791, 67, 354, 727, 907, 163, 932, 1012, 772, 321, 798, 172, 215, 966, 513, 792, 427, 304, 195, 590, 947, 782, 168, 261, 374, 705, 7, 26, 1055, 309, 677, 380, 123, 906, 392, 728, 807, 171, 306, 621, 350, 819, 497, 79, 552, 1025, 440, 235, 205, 766, 1066, 193, 131, 114, 355, 1045, 913, 208, 543, 254, 1078, 233, 982, 538, 130, 279, 799, 402, 554, 995, 801, 637, 514, 241, 38, 284, 1002, 830, 334, 832, 855, 916, 584, 971, 328, 737, 218, 893, 667, 394, 926, 1064, 629, 534, 1022, 779, 320, 818, 979, 257, 924, 399, 260, 1019, 425, 80, 706, 384, 97, 975, 185, 433, 963, 692, 753, 847, 395, 371, 651, 357, 1006, 994, 298, 525, 645, 756, 1035, 32, 865, 347, 894, 1060, 580, 452, 713, 316, 1059, 223, 748, 23, 561, 437, 165, 465, 105, 375, 132, 181, 345, 539, 501, 949, 744, 160, 646, 797, 846, 323, 405, 758, 86, 201, 1088, 1074, 634, 711, 470, 194, 988, 49, 271, 68, 678, 955, 660, 572, 499, 278, 180, 400, 785, 930, 187, 518, 589, 65, 5, 250, 972, 835, 928, 369, 244, 729, 247, 619, 675, 358, 1053, 93, 738, 337, 1029, 715, 490, 623, 43, 232, 520, 669, 108, 700, 12, 576, 90, 458, 420, 615, 282, 206, 686, 125, 84, 1018, 952, 252, 790, 996, 31, 511, 910, 825, 608, 889, 229, 559, 377, 754, 919, 46, 313, 560, 749, 654, 665, 597, 1005, 625, 162, 793, 822, 541, 858, 1039, 332, 102, 904, 866, 143, 598, 475, 406, 736, 449, 324, 716, 693, 381, 1048, 29, 356, 407, 1068, 565, 221, 296, 280, 1000, 412, 650, 204, 442, 361, 960, 432, 140, 418, 694, 631, 267, 47, 28, 1076, 691, 707, 386, 87, 931, 1032, 156, 726, 1016, 429, 944, 934, 616, 154, 480, 41, 569, 228, 2, 472, 152, 611, 813, 544, 192, 496, 845, 360, 64, 661, 521, 606, 305, 1037, 605, 876, 107, 477, 71, 583, 243, 45, 685, 92, 638, 196, 670, 66, 54, 601, 878, 113, 234, 73, 962, 210, 485, 103, 486, 596, 148, 1024, 859, 848, 482, 777, 189, 24, 322, 481, 550, 4, 142, 312, 91, 455, 575, 765, 836, 226, 981, 203, 276, 837, 969, 555, 69, 663, 78, 602, 134, 732, 106, 300, 120, 527, 778, 291, 387, 55, 448, 991, 588, 780, 824, 423, 704, 292, 767, 722, 992, 719, 844, 682, 783, 451, 419, 648, 338, 1070, 922, 1052, 563, 902, 808, 879, 1081, 612, 1026, 81, 1010, 373, 274, 112, 447, 834, 687, 927, 346, 353, 620, 141, 558, 424, 805, 679, 1036, 1086, 915, 903, 339, 1033, 379, 50, 443, 439, 6, 742, 211, 135, 662, 157, 268, 85, 1046, 573, 864, 676, 647, 438, 295, 914, 690, 262, 626, 739, 216, 721, 843, 225, 467, 1013, 591, 901, 838, 98, 998, 158, 898, 869, 3, 1082, 887, 594, 935, 1050, 939, 37, 980, 161, 999, 696, 516, 466, 582, 896, 393, 19, 681, 709, 945, 33, 77, 734, 139, 444, 570, 299, 1041, 133, 363, 881, 537, 593, 752, 469, 581, 973, 169, 9, 817, 937, 224, 1047, 231, 1072, 1023, 803, 72, 335, 318, 435, 288, 428, 1034, 515, 495, 491, 385, 956, 938, 556, 880, 10, 774, 22, 118, 182, 912, 341, 390, 723, 285, 456, 319, 237, 909, 110, 52, 94, 532, 408, 710, 578, 1011, 714, 540, 417, 888, 489, 411, 717, 119, 401, 1058, 409, 1040, 258, 562, 396, 314, 850, 643, 149, 1084, 784, 391, 921, 911, 674, 153, 61, 421, 151, 760, 871, 857, 30, 853, 768, 699, 950, 1020, 546, 761, 1057, 464, 585, 1004, 986, 610, 712, 317, 422, 941, 923, 53, 14, 967, 630, 359, 997, 586, 15, 445, 56, 764, 99, 953, 500, 366, 240, 1015, 343, 403, 1087, 689, 567, 263, 815, 968, 13, 1067, 566, 238, 841, 88, 199, 627, 1021, 856, 111, 524, 548, 329, 1044, 35, 509, 382, 289, 733, 526, 462, 725, 1009, 624, 831, 796, 315, 397, 48, 547, 1042, 773, 974, 731, 150, 503, 27, 446, 854, 897, 336, 137, 668, 604, 658, 471, 70, 249, 549, 18, 184, 367, 190, 954, 122, 987, 892, 176, 478, 349, 771, 264, 933, 146, 248, 891, 436, 757, 457, 351, 207, 398, 553, 209, 632, 1043, 266, 862, 802, 918, 410, 104, 622, 96, 1085, 138, 745, 920, 426, 671, 804, 115, 536, 794, 750, 230, 990, 259, 39, 166, 368, 1030, 697, 673, 983, 885, 213, 957, 219, 1061, 917, 564, 877, 281, 1049, 504, 751, 388, 175, 863, 311, 44, 370, 273, 730, 441, 703, 769, 124, 1008, 453, 839, 1014, 286, 40, 283, 908, 568, 179, 75, 614, 943, 890, 840, 494, 17, 652, 861, 507, 640, 698, 1054, 62, 82, 57, 186, 128, 155, 214, 307, 246, 415, 365, 1003, 416, 529, 1075, 724, 770, 989, 519, 872, 251, 530, 297, 197, 883, 740, 868, 83, 517, 959, 117, 303, 256, 789, 833, 533, 126, 101, 905, 851, 430, 51, 776, 1031, 823, 129, 342, 183, 664, 942, 1083, 212, 159, 301, 653, 886, 326, 874, 613, 680, 290, 747, 364, 642, 946, 1, 701, 63, 383, 951, 174, 948, 852, 1079, 795, 217, 362, 787, 595, 236, 177, 484, 936, 873, 649, 202, 993, 222, 985, 860, 657, 672, 60, 1051, 1017, 900, 977, 762, 741, 683, 1062, 603, 16, 895, 735, 372, 136, 272, 812, 961, 829, 600, 828, 842, 929, 293, 434, 42, 1073, 636, 609, 708, 265, 459, 755, 875, 607, 378, 1001, 542, 277, 528, 220, 1027, 718, 574, 781, 940, 100, 617, 1038, 806, 461, 200, 800, 476, 191, 925, 1007, 684, 788, 816, 1028, 1080, 389, 59, 545, 688, 644, 522, 826, 641, 1077, 628, 95, 173, 330, 882, 239, 348, 327, 1065, 325, 167, 508, 970, 695, 253, 492, 506, 743, 454, 775, 302, 633, 786, 814, 269, 512, 21, 170, 414, 25, 8, 870, 577, 821, 965, 255, 242, 811, 270, 899, 531, 557, 473, 287, 1071, 36, 116, 11, 809, 479, 188, 1056, 294, 579, 493, 144, 702, 599, 656, 746, 308, 759, 978, 340, 227, 964, 310, 109, 127, 884, 867, 571, 333, 976, 198, 89, 58, 474, 1069, 121, 483, 20, 810, 164, 820, 498, 659, 352, 74, 827, 275, 460, 404, 147, 76, 178, 720, 958, 587, 523, 655, 666, 639, 1063, 468, 331, 488, 618, 635, 849, 535, 245, 551, 487, 463, 592]
(w = 10) Correct Cyclicantibandwidth
Set parameter TimeLimit to value 1800
[runlim] sample:		991.5 time, 990.0 real, 4464.2 MB
[runlim] sample:		1001.5 time, 1000.0 real, 4483.0 MB
[runlim] sample:		1011.5 time, 1010.0 real, 4583.8 MB
[runlim] sample:		1021.5 time, 1020.0 real, 4649.7 MB
[runlim] sample:		1031.5 time, 1030.0 real, 4713.5 MB
[runlim] sample:		1041.6 time, 1040.0 real, 4854.7 MB
[runlim] sample:		1051.6 time, 1050.0 real, 4932.1 MB
[runlim] sample:		1061.6 time, 1060.0 real, 5011.6 MB
[runlim] sample:		1071.6 time, 1070.0 real, 5091.1 MB
[runlim] sample:		1081.6 time, 1080.0 real, 5170.8 MB
[runlim] sample:		1091.6 time, 1090.0 real, 5252.2 MB
[runlim] sample:		1101.6 time, 1100.0 real, 5329.9 MB
[runlim] sample:		1111.7 time, 1110.0 real, 5409.9 MB
[runlim] sample:		1121.7 time, 1120.0 real, 5483.0 MB
[runlim] sample:		1131.7 time, 1130.0 real, 5564.7 MB
[runlim] sample:		1141.7 time, 1140.0 real, 5642.1 MB
[runlim] sample:		1151.7 time, 1150.0 real, 5721.8 MB
[runlim] sample:		1161.7 time, 1160.0 real, 4372.5 MB
(w = 11) Value Cyclicantibandwidth: 11
Lables: [984, 450, 344, 510, 431, 376, 505, 763, 413, 502, 145, 34, 791, 67, 354, 727, 907, 163, 932, 1012, 772, 340, 798, 172, 215, 966, 513, 792, 427, 304, 195, 590, 947, 782, 168, 261, 374, 298, 7, 26, 1055, 309, 677, 380, 123, 906, 392, 728, 807, 171, 306, 621, 350, 819, 497, 79, 552, 1025, 440, 235, 205, 766, 1066, 193, 131, 114, 355, 1045, 913, 208, 543, 254, 1078, 233, 982, 538, 130, 279, 799, 402, 554, 995, 801, 637, 514, 241, 38, 284, 1002, 830, 334, 832, 855, 916, 584, 971, 328, 737, 218, 893, 667, 394, 926, 1064, 629, 534, 1022, 779, 320, 818, 979, 257, 924, 399, 260, 1019, 911, 80, 706, 384, 97, 975, 185, 433, 963, 692, 753, 847, 395, 371, 651, 357, 1006, 994, 784, 525, 645, 756, 1035, 32, 865, 347, 894, 1060, 580, 452, 713, 316, 1059, 223, 748, 23, 561, 437, 165, 465, 105, 375, 132, 181, 345, 539, 501, 949, 744, 160, 646, 321, 846, 323, 405, 758, 86, 201, 1088, 1074, 634, 711, 470, 194, 988, 49, 271, 68, 678, 955, 660, 572, 499, 278, 180, 400, 785, 930, 187, 518, 589, 65, 5, 250, 972, 835, 928, 369, 244, 729, 247, 619, 675, 358, 1053, 93, 738, 337, 1029, 715, 490, 623, 43, 232, 520, 669, 108, 700, 12, 576, 90, 458, 420, 615, 282, 206, 686, 125, 84, 1018, 952, 252, 790, 996, 31, 511, 910, 825, 608, 889, 229, 559, 377, 754, 919, 46, 313, 560, 749, 654, 665, 597, 1005, 625, 162, 793, 935, 541, 858, 1039, 332, 102, 904, 866, 143, 598, 475, 406, 736, 449, 324, 716, 693, 381, 1048, 29, 356, 407, 1068, 565, 221, 296, 280, 1000, 412, 650, 204, 442, 361, 960, 432, 140, 418, 694, 631, 267, 47, 28, 1076, 691, 707, 386, 517, 931, 1032, 156, 726, 1016, 429, 944, 934, 616, 154, 480, 41, 569, 228, 2, 535, 152, 611, 813, 62, 536, 496, 845, 360, 64, 661, 521, 606, 305, 1037, 605, 876, 107, 477, 71, 583, 243, 45, 685, 92, 638, 196, 670, 66, 54, 601, 878, 113, 234, 73, 962, 210, 485, 103, 486, 596, 148, 1024, 859, 848, 482, 777, 189, 24, 322, 481, 550, 4, 142, 312, 91, 455, 575, 765, 836, 226, 981, 203, 276, 837, 969, 555, 69, 663, 78, 602, 134, 732, 106, 300, 120, 527, 778, 291, 387, 55, 448, 991, 588, 780, 824, 423, 704, 292, 767, 722, 992, 719, 844, 682, 783, 451, 419, 648, 338, 1070, 922, 1052, 563, 902, 808, 879, 1081, 612, 1026, 81, 1010, 373, 274, 112, 447, 834, 687, 927, 346, 353, 620, 141, 558, 424, 805, 679, 1036, 1086, 915, 903, 339, 1033, 379, 50, 443, 439, 6, 742, 211, 135, 662, 157, 268, 85, 1046, 573, 864, 676, 647, 438, 295, 914, 690, 262, 626, 739, 216, 721, 843, 225, 467, 1013, 591, 901, 838, 98, 544, 158, 898, 869, 3, 1082, 887, 594, 696, 1050, 939, 37, 980, 161, 999, 797, 516, 466, 582, 896, 393, 19, 681, 709, 945, 33, 77, 734, 139, 444, 570, 299, 1041, 133, 363, 881, 537, 593, 752, 469, 581, 973, 169, 9, 817, 937, 224, 1047, 231, 1072, 1023, 803, 72, 335, 318, 435, 288, 428, 1034, 515, 495, 491, 385, 956, 938, 556, 880, 10, 774, 22, 118, 182, 912, 341, 390, 723, 285, 456, 319, 237, 909, 110, 52, 94, 532, 408, 192, 578, 1011, 714, 540, 417, 888, 489, 411, 717, 119, 401, 1058, 409, 1040, 258, 562, 396, 314, 850, 643, 149, 1084, 730, 391, 921, 795, 674, 153, 61, 421, 151, 760, 871, 857, 710, 853, 768, 699, 950, 1020, 546, 761, 1057, 464, 585, 1004, 986, 610, 712, 317, 422, 941, 923, 53, 14, 967, 630, 359, 997, 586, 15, 445, 56, 764, 99, 953, 500, 366, 240, 1015, 343, 403, 1087, 689, 567, 263, 815, 968, 13, 1067, 566, 238, 841, 88, 199, 627, 1021, 856, 111, 524, 548, 329, 1044, 35, 509, 382, 289, 733, 526, 462, 725, 1009, 624, 831, 796, 315, 397, 48, 547, 1042, 773, 974, 731, 150, 503, 27, 446, 854, 897, 336, 137, 668, 604, 658, 471, 70, 249, 549, 18, 184, 367, 190, 954, 122, 987, 892, 176, 478, 349, 771, 264, 1085, 146, 248, 891, 436, 757, 457, 351, 207, 398, 553, 209, 632, 1043, 266, 862, 802, 918, 410, 104, 622, 96, 683, 933, 745, 920, 426, 671, 804, 115, 63, 794, 30, 230, 990, 259, 39, 166, 368, 1030, 697, 673, 983, 885, 213, 957, 219, 1061, 917, 564, 877, 281, 1049, 504, 751, 388, 175, 863, 311, 44, 370, 273, 811, 441, 703, 769, 124, 1008, 453, 839, 1014, 286, 40, 283, 908, 568, 179, 75, 614, 943, 890, 840, 494, 17, 652, 861, 507, 640, 698, 1054, 810, 82, 57, 186, 128, 155, 214, 307, 246, 415, 365, 1003, 416, 529, 1075, 724, 770, 989, 519, 872, 251, 530, 297, 197, 883, 740, 868, 138, 959, 628, 117, 303, 523, 789, 833, 533, 126, 101, 905, 851, 430, 51, 776, 1031, 823, 83, 342, 183, 664, 942, 1083, 212, 159, 301, 653, 886, 326, 874, 613, 680, 290, 747, 364, 642, 946, 1, 701, 542, 383, 951, 174, 948, 852, 1079, 472, 217, 362, 787, 595, 236, 177, 484, 936, 873, 649, 202, 993, 222, 985, 860, 657, 672, 60, 1051, 1017, 900, 977, 762, 741, 656, 1062, 603, 16, 895, 735, 372, 136, 272, 812, 961, 829, 600, 828, 842, 929, 293, 434, 750, 1073, 636, 609, 708, 265, 459, 755, 875, 607, 378, 1001, 718, 277, 528, 220, 1027, 786, 574, 781, 256, 100, 617, 1038, 806, 461, 200, 800, 476, 191, 925, 1007, 684, 11, 816, 1028, 1080, 389, 59, 545, 688, 644, 522, 826, 641, 1077, 633, 95, 173, 330, 882, 239, 348, 327, 1065, 325, 167, 508, 970, 695, 253, 492, 506, 743, 454, 788, 302, 331, 269, 129, 188, 512, 21, 170, 414, 25, 8, 870, 577, 821, 965, 255, 242, 310, 474, 899, 940, 557, 333, 775, 1071, 36, 116, 998, 809, 479, 655, 531, 294, 473, 87, 144, 702, 599, 884, 746, 308, 493, 978, 425, 227, 964, 635, 109, 127, 705, 759, 571, 20, 976, 198, 89, 1056, 42, 1069, 121, 579, 352, 618, 287, 820, 498, 659, 483, 867, 827, 275, 460, 404, 147, 76, 178, 720, 58, 587, 551, 74, 666, 639, 1063, 468, 487, 958, 164, 814, 270, 849, 488, 592, 245, 463, 822]
(w = 11) Correct Cyclicantibandwidth
Set parameter TimeLimit to value 1800
[runlim] sample:		1171.7 time, 1170.0 real, 4665.5 MB
[runlim] sample:		1181.8 time, 1180.0 real, 4689.5 MB
[runlim] sample:		1191.8 time, 1190.0 real, 4720.9 MB
[runlim] sample:		1201.8 time, 1200.0 real, 4859.0 MB
[runlim] sample:		1211.8 time, 1210.0 real, 4922.3 MB
[runlim] sample:		1221.8 time, 1220.0 real, 5071.2 MB
[runlim] sample:		1231.9 time, 1230.0 real, 5146.8 MB
[runlim] sample:		1241.9 time, 1240.0 real, 5227.5 MB
[runlim] sample:		1251.9 time, 1250.0 real, 5304.6 MB
[runlim] sample:		1261.9 time, 1260.0 real, 5377.9 MB
[runlim] sample:		1271.9 time, 1270.0 real, 5455.3 MB
[runlim] sample:		1281.9 time, 1280.0 real, 5532.5 MB
[runlim] sample:		1292.0 time, 1290.0 real, 5611.8 MB
[runlim] sample:		1302.0 time, 1300.0 real, 5688.9 MB
[runlim] sample:		1312.0 time, 1310.0 real, 5768.0 MB
[runlim] sample:		1322.0 time, 1320.0 real, 5845.4 MB
[runlim] sample:		1332.0 time, 1330.0 real, 5921.1 MB
[runlim] sample:		1342.1 time, 1340.0 real, 6002.2 MB
(w = 12) Value Cyclicantibandwidth: 12
Lables: [984, 450, 344, 510, 431, 376, 505, 763, 413, 502, 145, 34, 791, 67, 354, 727, 907, 163, 932, 1012, 772, 418, 798, 172, 215, 966, 513, 792, 427, 304, 195, 590, 947, 782, 168, 261, 374, 298, 7, 26, 1055, 36, 677, 380, 123, 906, 392, 728, 807, 171, 306, 621, 350, 819, 497, 79, 552, 1025, 440, 235, 205, 766, 1066, 193, 131, 114, 355, 1045, 913, 208, 543, 254, 1078, 233, 982, 538, 130, 279, 799, 402, 554, 995, 801, 637, 514, 241, 38, 284, 1002, 830, 334, 832, 855, 916, 584, 971, 328, 737, 218, 893, 667, 394, 926, 1064, 629, 534, 1022, 779, 320, 818, 979, 257, 924, 399, 260, 1019, 425, 80, 706, 384, 97, 975, 185, 433, 963, 692, 753, 847, 395, 371, 651, 357, 1006, 994, 784, 525, 645, 756, 1035, 32, 865, 347, 894, 1060, 580, 452, 713, 316, 1059, 223, 748, 23, 561, 437, 165, 465, 105, 375, 132, 181, 345, 539, 501, 949, 744, 160, 646, 321, 846, 323, 405, 758, 86, 201, 1088, 1074, 634, 711, 470, 194, 988, 49, 271, 68, 678, 955, 660, 572, 499, 278, 180, 400, 785, 930, 187, 518, 589, 65, 5, 250, 972, 835, 928, 369, 244, 729, 247, 619, 675, 358, 1053, 93, 738, 337, 1029, 715, 490, 623, 43, 232, 520, 669, 108, 700, 12, 576, 90, 458, 420, 615, 282, 206, 686, 125, 84, 1018, 952, 252, 790, 996, 31, 511, 910, 825, 608, 889, 229, 559, 377, 754, 919, 46, 313, 560, 749, 654, 665, 597, 1005, 625, 162, 793, 822, 541, 858, 1039, 332, 102, 904, 866, 143, 598, 475, 406, 736, 449, 324, 716, 693, 381, 1048, 29, 356, 407, 1068, 565, 221, 296, 280, 1000, 412, 650, 204, 442, 361, 960, 432, 140, 483, 694, 631, 267, 47, 28, 1076, 691, 707, 386, 517, 931, 1032, 156, 726, 1016, 429, 944, 934, 616, 154, 480, 41, 569, 228, 2, 535, 152, 611, 813, 62, 536, 496, 845, 360, 64, 661, 521, 606, 305, 1037, 605, 876, 107, 477, 71, 583, 243, 45, 685, 92, 638, 196, 670, 66, 54, 601, 878, 113, 234, 73, 962, 210, 485, 103, 486, 596, 148, 1024, 859, 848, 482, 777, 189, 24, 322, 481, 550, 4, 142, 312, 91, 455, 575, 765, 836, 226, 981, 203, 276, 837, 969, 555, 69, 663, 78, 602, 134, 732, 106, 300, 120, 527, 778, 291, 387, 55, 448, 991, 588, 780, 824, 423, 704, 292, 767, 722, 992, 719, 844, 682, 783, 451, 419, 648, 338, 1070, 922, 1052, 563, 902, 808, 879, 1081, 612, 1026, 81, 1010, 373, 274, 112, 447, 834, 687, 927, 346, 353, 620, 141, 558, 424, 805, 679, 1036, 1086, 915, 903, 339, 1033, 379, 50, 443, 439, 6, 742, 211, 135, 662, 157, 268, 85, 1046, 573, 864, 676, 647, 438, 295, 914, 690, 262, 626, 739, 216, 721, 843, 225, 467, 1013, 591, 901, 838, 98, 544, 158, 898, 869, 3, 1082, 887, 594, 935, 1050, 939, 37, 980, 161, 999, 797, 516, 466, 582, 896, 393, 19, 681, 709, 1027, 33, 77, 734, 139, 444, 570, 299, 1041, 133, 363, 881, 537, 593, 752, 469, 581, 973, 169, 9, 817, 937, 224, 1047, 231, 1072, 1023, 803, 72, 335, 318, 435, 288, 428, 1034, 515, 495, 491, 385, 956, 938, 556, 880, 10, 774, 22, 118, 182, 912, 341, 390, 723, 285, 592, 319, 237, 909, 110, 52, 94, 532, 408, 192, 578, 1011, 714, 540, 417, 888, 489, 411, 717, 119, 401, 1058, 409, 1040, 258, 562, 396, 314, 850, 643, 149, 1084, 730, 391, 921, 17, 674, 153, 61, 421, 911, 760, 871, 857, 710, 853, 768, 699, 950, 1020, 546, 761, 1057, 464, 585, 1004, 986, 610, 712, 317, 422, 941, 923, 53, 14, 967, 630, 359, 997, 586, 15, 445, 56, 764, 99, 953, 500, 366, 240, 1015, 343, 403, 1087, 689, 567, 263, 815, 968, 13, 1067, 566, 238, 841, 88, 199, 627, 1021, 856, 111, 524, 548, 945, 1044, 35, 509, 382, 289, 733, 526, 462, 725, 1009, 624, 831, 796, 315, 397, 48, 547, 1042, 773, 974, 731, 150, 503, 27, 446, 854, 897, 336, 137, 668, 604, 658, 471, 70, 249, 549, 18, 184, 367, 190, 954, 122, 987, 892, 176, 478, 349, 771, 264, 1085, 456, 248, 891, 436, 757, 457, 351, 207, 398, 553, 209, 632, 1043, 266, 862, 802, 918, 410, 104, 622, 96, 683, 933, 745, 920, 426, 671, 804, 115, 63, 794, 30, 230, 990, 259, 39, 166, 368, 1030, 697, 673, 983, 885, 213, 957, 219, 1061, 917, 564, 877, 281, 1049, 504, 751, 388, 175, 863, 311, 44, 370, 273, 811, 441, 703, 769, 124, 1008, 453, 839, 1014, 286, 40, 283, 908, 568, 179, 75, 614, 943, 890, 840, 494, 342, 652, 861, 507, 640, 698, 1054, 151, 82, 57, 186, 128, 155, 214, 307, 246, 415, 365, 1003, 416, 529, 1075, 724, 770, 989, 519, 872, 251, 530, 297, 197, 883, 740, 868, 138, 959, 628, 117, 303, 523, 789, 833, 533, 126, 101, 905, 851, 430, 51, 776, 1031, 823, 83, 459, 183, 664, 942, 1083, 212, 159, 301, 653, 886, 326, 874, 613, 680, 290, 329, 364, 642, 946, 1, 701, 542, 383, 951, 174, 948, 852, 1079, 795, 217, 362, 787, 595, 236, 177, 484, 936, 873, 649, 202, 993, 222, 985, 860, 657, 672, 60, 1051, 1017, 900, 977, 762, 741, 656, 1062, 603, 16, 895, 735, 372, 136, 272, 812, 961, 829, 600, 828, 842, 929, 293, 434, 750, 1073, 636, 609, 708, 265, 781, 755, 875, 607, 378, 1001, 718, 277, 528, 220, 940, 786, 574, 414, 256, 100, 617, 1038, 806, 461, 200, 800, 476, 191, 925, 1007, 684, 11, 816, 1028, 1080, 389, 59, 545, 688, 644, 522, 826, 641, 1077, 633, 95, 173, 330, 882, 239, 348, 327, 1065, 325, 167, 508, 970, 695, 253, 492, 506, 743, 454, 788, 302, 331, 269, 129, 188, 747, 21, 170, 746, 25, 8, 870, 577, 821, 965, 255, 242, 310, 474, 899, 531, 557, 810, 775, 1071, 309, 116, 998, 809, 479, 655, 1056, 294, 473, 87, 144, 702, 599, 884, 58, 308, 493, 978, 340, 227, 964, 635, 109, 127, 705, 759, 571, 333, 976, 198, 89, 488, 42, 1069, 121, 579, 20, 618, 512, 820, 498, 659, 352, 867, 827, 275, 460, 404, 147, 76, 178, 287, 958, 587, 720, 74, 666, 639, 1063, 468, 487, 849, 164, 814, 270, 472, 696, 551, 245, 146, 463]
(w = 12) Correct Cyclicantibandwidth
Set parameter TimeLimit to value 1800
[runlim] sample:		1352.1 time, 1350.0 real, 4579.6 MB
[runlim] sample:		1362.1 time, 1360.0 real, 4869.8 MB
[runlim] sample:		1372.1 time, 1370.0 real, 4892.8 MB
[runlim] sample:		1382.2 time, 1380.0 real, 5040.0 MB
[runlim] sample:		1392.2 time, 1390.0 real, 5116.4 MB
[runlim] sample:		1402.2 time, 1400.0 real, 5194.0 MB
[runlim] sample:		1412.2 time, 1410.0 real, 5272.4 MB
[runlim] sample:		1422.2 time, 1420.0 real, 5349.7 MB
[runlim] sample:		1432.2 time, 1430.0 real, 5422.9 MB
[runlim] sample:		1442.2 time, 1440.0 real, 5500.2 MB
[runlim] sample:		1452.3 time, 1450.0 real, 5573.7 MB
[runlim] sample:		1462.3 time, 1460.0 real, 5651.0 MB
[runlim] sample:		1472.3 time, 1470.0 real, 5727.1 MB
[runlim] sample:		1482.3 time, 1480.0 real, 5802.4 MB
[runlim] sample:		1492.3 time, 1490.0 real, 5879.7 MB
[runlim] sample:		1502.3 time, 1500.0 real, 5957.0 MB
[runlim] sample:		1512.4 time, 1510.0 real, 6034.1 MB
[runlim] sample:		1522.4 time, 1520.0 real, 6108.5 MB
[runlim] sample:		1532.4 time, 1530.0 real, 6185.8 MB
[runlim] sample:		1542.4 time, 1540.0 real, 6263.1 MB
[runlim] sample:		1552.5 time, 1550.0 real, 4405.5 MB
(w = 13) Value Cyclicantibandwidth: 13
Lables: [984, 450, 344, 510, 431, 376, 505, 763, 413, 502, 145, 34, 791, 67, 354, 727, 907, 163, 932, 1012, 772, 268, 798, 172, 215, 966, 513, 792, 427, 304, 195, 590, 947, 782, 168, 261, 374, 298, 7, 26, 1055, 621, 677, 380, 123, 906, 392, 728, 807, 171, 306, 897, 350, 819, 497, 79, 552, 1025, 440, 235, 205, 766, 1066, 193, 131, 114, 355, 1045, 913, 208, 543, 254, 1078, 233, 982, 538, 130, 279, 799, 402, 554, 995, 801, 637, 514, 241, 38, 284, 1002, 830, 334, 832, 855, 916, 584, 971, 328, 737, 218, 893, 667, 394, 926, 1064, 629, 534, 1022, 779, 320, 818, 979, 257, 924, 399, 260, 1019, 425, 80, 706, 384, 97, 975, 185, 433, 963, 692, 753, 847, 395, 371, 651, 357, 1006, 54, 784, 525, 645, 756, 1035, 32, 865, 347, 894, 1060, 580, 452, 713, 316, 1059, 223, 748, 23, 561, 437, 165, 465, 105, 375, 132, 181, 345, 539, 501, 949, 744, 160, 646, 321, 846, 323, 405, 758, 86, 201, 1088, 1074, 634, 711, 470, 194, 988, 49, 271, 68, 678, 955, 660, 572, 499, 278, 180, 400, 785, 930, 187, 518, 589, 65, 5, 250, 972, 835, 928, 369, 244, 729, 247, 619, 675, 358, 1053, 93, 738, 337, 1029, 715, 490, 623, 43, 232, 520, 669, 108, 700, 12, 576, 90, 458, 420, 615, 282, 206, 686, 125, 84, 1018, 952, 252, 790, 996, 31, 511, 910, 825, 608, 889, 229, 559, 377, 754, 919, 46, 313, 560, 749, 654, 665, 597, 1005, 625, 162, 793, 822, 541, 858, 1039, 332, 102, 904, 866, 143, 598, 475, 406, 736, 449, 324, 716, 693, 381, 1048, 29, 356, 407, 1068, 565, 221, 296, 280, 1000, 412, 650, 204, 442, 361, 960, 432, 140, 418, 694, 631, 267, 47, 28, 1076, 691, 707, 386, 517, 931, 1032, 156, 726, 1016, 671, 944, 934, 616, 154, 480, 41, 569, 228, 2, 535, 152, 611, 813, 62, 536, 496, 845, 360, 64, 661, 521, 606, 305, 1037, 605, 876, 107, 477, 71, 583, 243, 45, 685, 92, 638, 196, 670, 66, 696, 601, 878, 113, 234, 73, 962, 210, 485, 103, 486, 596, 148, 1024, 859, 848, 482, 777, 189, 24, 322, 481, 550, 4, 142, 312, 91, 455, 575, 765, 836, 226, 981, 203, 276, 837, 903, 555, 69, 663, 994, 602, 134, 732, 106, 300, 120, 527, 778, 291, 387, 55, 448, 991, 588, 780, 824, 423, 704, 292, 767, 722, 992, 719, 844, 682, 783, 451, 419, 648, 338, 1070, 922, 1052, 563, 902, 808, 879, 1081, 612, 1026, 81, 1010, 373, 274, 112, 447, 834, 687, 927, 346, 353, 620, 141, 558, 424, 805, 679, 1036, 1086, 915, 854, 339, 1033, 379, 50, 443, 439, 6, 742, 211, 135, 662, 157, 78, 85, 1046, 573, 864, 676, 647, 438, 295, 914, 690, 262, 626, 739, 216, 721, 843, 225, 467, 1013, 591, 901, 838, 98, 544, 158, 898, 869, 3, 1082, 887, 594, 935, 1050, 939, 37, 980, 161, 999, 797, 516, 466, 582, 896, 393, 19, 681, 709, 1027, 33, 77, 734, 139, 444, 570, 299, 1041, 133, 363, 881, 537, 593, 752, 469, 581, 973, 169, 9, 817, 937, 224, 1047, 231, 1072, 1023, 803, 72, 335, 318, 435, 288, 428, 1034, 515, 495, 491, 385, 956, 938, 556, 880, 10, 774, 22, 118, 182, 912, 341, 390, 723, 285, 456, 319, 237, 909, 110, 52, 94, 532, 408, 192, 578, 1011, 714, 540, 417, 888, 489, 411, 717, 119, 401, 1058, 409, 1040, 258, 562, 396, 314, 850, 643, 149, 1084, 730, 391, 921, 17, 674, 153, 61, 421, 911, 760, 871, 857, 710, 853, 768, 699, 950, 1020, 546, 761, 1057, 464, 585, 1004, 986, 610, 712, 317, 422, 941, 923, 53, 14, 967, 630, 359, 997, 586, 15, 445, 56, 764, 99, 953, 500, 366, 240, 1015, 343, 403, 1087, 689, 567, 263, 815, 968, 13, 1067, 566, 238, 841, 88, 199, 627, 1021, 856, 111, 524, 548, 945, 1044, 35, 509, 382, 289, 733, 526, 462, 725, 1009, 624, 831, 796, 315, 397, 48, 547, 1042, 773, 974, 731, 150, 503, 27, 446, 429, 336, 592, 137, 668, 890, 658, 471, 70, 249, 604, 18, 184, 367, 190, 954, 122, 987, 892, 176, 478, 349, 309, 264, 1085, 146, 248, 891, 436, 757, 457, 351, 207, 398, 553, 209, 632, 1043, 266, 862, 802, 918, 410, 104, 622, 96, 683, 933, 745, 920, 426, 294, 804, 115, 63, 794, 30, 230, 990, 259, 39, 166, 368, 1030, 697, 673, 983, 885, 213, 957, 219, 1061, 917, 564, 877, 281, 1049, 504, 751, 388, 175, 863, 311, 549, 370, 273, 811, 441, 703, 769, 124, 1008, 453, 839, 1014, 286, 40, 283, 908, 568, 179, 75, 614, 943, 644, 840, 494, 342, 652, 861, 507, 640, 698, 1054, 151, 82, 57, 186, 128, 155, 214, 307, 246, 771, 365, 1003, 416, 529, 1075, 724, 770, 989, 519, 872, 251, 530, 297, 197, 883, 740, 868, 138, 959, 628, 117, 303, 523, 789, 833, 533, 126, 44, 905, 851, 430, 51, 776, 1031, 823, 83, 459, 183, 664, 942, 1083, 212, 159, 301, 653, 886, 326, 874, 613, 680, 290, 329, 364, 642, 946, 1, 701, 542, 383, 951, 174, 948, 852, 1079, 795, 217, 362, 787, 595, 236, 177, 484, 936, 873, 649, 202, 993, 222, 985, 860, 657, 672, 60, 1051, 1017, 900, 977, 762, 741, 656, 1062, 603, 16, 895, 735, 372, 136, 272, 812, 961, 829, 600, 828, 842, 929, 293, 434, 969, 1073, 636, 609, 708, 265, 781, 755, 875, 607, 378, 1001, 718, 277, 528, 220, 940, 786, 574, 414, 256, 100, 617, 1038, 806, 461, 200, 800, 476, 191, 925, 1007, 684, 11, 816, 1028, 1080, 389, 59, 545, 688, 330, 522, 826, 641, 1077, 633, 750, 173, 746, 882, 95, 348, 327, 1065, 242, 167, 508, 970, 695, 253, 492, 506, 557, 454, 788, 302, 331, 269, 129, 188, 747, 21, 170, 287, 25, 8, 870, 577, 821, 965, 255, 178, 310, 474, 899, 531, 415, 810, 775, 1071, 101, 116, 998, 809, 479, 655, 325, 493, 473, 87, 144, 36, 599, 702, 58, 308, 759, 978, 340, 227, 964, 635, 109, 127, 884, 487, 571, 333, 976, 198, 89, 1056, 42, 1069, 121, 579, 20, 743, 512, 820, 498, 659, 352, 867, 827, 275, 705, 404, 147, 76, 488, 720, 958, 587, 551, 74, 666, 639, 1063, 468, 270, 849, 618, 814, 239, 472, 164, 460, 483, 245, 463]
(w = 13) Correct Cyclicantibandwidth
Set parameter TimeLimit to value 1800
[runlim] sample:		1562.5 time, 1560.0 real, 5069.4 MB
[runlim] sample:		1572.5 time, 1570.0 real, 5089.0 MB
[runlim] sample:		1582.5 time, 1580.0 real, 5155.6 MB
[runlim] sample:		1592.5 time, 1590.0 real, 5306.9 MB
[runlim] sample:		1602.5 time, 1600.0 real, 5382.6 MB
[runlim] sample:		1612.5 time, 1610.0 real, 5457.7 MB
[runlim] sample:		1622.6 time, 1620.0 real, 5529.4 MB
[runlim] sample:		1632.6 time, 1630.0 real, 5604.8 MB
[runlim] sample:		1642.6 time, 1640.0 real, 5680.3 MB
[runlim] sample:		1652.6 time, 1650.0 real, 5753.8 MB
[runlim] sample:		1662.6 time, 1660.0 real, 5829.3 MB
[runlim] sample:		1672.6 time, 1670.0 real, 5906.6 MB
[runlim] sample:		1682.7 time, 1680.0 real, 5982.1 MB
[runlim] sample:		1692.7 time, 1690.0 real, 6057.6 MB
[runlim] sample:		1702.7 time, 1700.0 real, 6133.1 MB
[runlim] sample:		1712.7 time, 1710.0 real, 6208.6 MB
[runlim] sample:		1722.7 time, 1720.0 real, 6283.3 MB
[runlim] sample:		1732.7 time, 1730.0 real, 6354.7 MB
[runlim] sample:		1742.7 time, 1740.0 real, 6430.4 MB
[runlim] sample:		1752.8 time, 1750.0 real, 6505.9 MB
[runlim] sample:		1762.8 time, 1760.0 real, 4391.4 MB
(w = 14) Value Cyclicantibandwidth: 14
Lables: [984, 450, 344, 510, 431, 376, 505, 763, 413, 502, 145, 34, 791, 67, 354, 727, 907, 163, 932, 1012, 772, 537, 798, 172, 215, 966, 513, 792, 427, 304, 195, 590, 947, 782, 168, 261, 374, 298, 7, 26, 1055, 621, 677, 380, 123, 906, 392, 728, 807, 171, 306, 897, 350, 819, 497, 79, 552, 1025, 440, 235, 205, 766, 1066, 193, 131, 114, 355, 1045, 913, 208, 543, 254, 1078, 233, 982, 538, 130, 279, 799, 402, 554, 995, 801, 637, 514, 241, 38, 284, 1002, 830, 334, 832, 855, 916, 584, 971, 328, 737, 218, 893, 667, 394, 926, 1064, 629, 534, 1022, 779, 320, 818, 979, 257, 924, 399, 260, 1019, 425, 80, 706, 384, 97, 975, 185, 433, 963, 692, 753, 847, 395, 371, 651, 357, 1006, 285, 784, 525, 645, 756, 1035, 32, 865, 347, 894, 1060, 580, 452, 713, 316, 1059, 223, 748, 23, 561, 437, 165, 465, 105, 375, 132, 181, 345, 539, 501, 949, 744, 160, 646, 321, 846, 323, 405, 758, 86, 201, 1088, 1074, 634, 711, 470, 194, 988, 49, 271, 68, 678, 955, 660, 572, 499, 278, 180, 400, 785, 930, 187, 518, 589, 65, 5, 250, 972, 835, 928, 369, 244, 729, 247, 619, 675, 358, 1053, 93, 738, 337, 1029, 715, 490, 623, 43, 232, 520, 669, 108, 700, 12, 576, 90, 458, 420, 615, 282, 206, 686, 125, 84, 1018, 952, 252, 790, 996, 31, 511, 910, 825, 608, 889, 229, 559, 377, 754, 919, 46, 313, 560, 749, 654, 665, 597, 1005, 625, 162, 793, 507, 541, 858, 1039, 332, 102, 904, 866, 143, 598, 475, 406, 736, 449, 324, 716, 693, 381, 1048, 29, 356, 407, 1068, 565, 221, 296, 280, 1000, 412, 650, 204, 442, 361, 960, 432, 140, 418, 694, 631, 267, 47, 28, 1076, 691, 707, 386, 517, 931, 1032, 156, 726, 1016, 671, 944, 934, 616, 154, 480, 41, 569, 228, 2, 535, 152, 611, 813, 62, 536, 496, 845, 360, 64, 661, 521, 606, 305, 1037, 605, 876, 107, 477, 71, 583, 243, 45, 685, 92, 638, 196, 670, 66, 842, 601, 878, 113, 234, 73, 962, 210, 485, 103, 486, 596, 148, 1024, 859, 848, 482, 777, 189, 24, 322, 481, 550, 4, 142, 312, 91, 455, 575, 765, 836, 226, 981, 203, 276, 837, 873, 555, 69, 663, 78, 602, 134, 732, 106, 300, 120, 527, 778, 291, 387, 55, 448, 991, 588, 780, 824, 423, 704, 292, 767, 722, 992, 719, 844, 682, 783, 451, 419, 648, 338, 1070, 922, 1052, 563, 902, 808, 879, 1081, 612, 1026, 81, 1010, 373, 274, 112, 447, 834, 687, 927, 346, 353, 620, 141, 558, 424, 805, 679, 1036, 1086, 915, 498, 339, 1033, 379, 50, 443, 439, 6, 742, 211, 135, 662, 157, 268, 85, 1046, 573, 864, 676, 647, 438, 295, 914, 690, 262, 626, 739, 216, 721, 843, 225, 467, 1013, 591, 901, 838, 98, 544, 158, 898, 869, 3, 1082, 887, 594, 935, 1050, 939, 37, 980, 161, 999, 797, 516, 466, 582, 896, 393, 19, 681, 709, 1027, 33, 77, 734, 139, 444, 570, 299, 1041, 133, 363, 881, 317, 593, 752, 469, 581, 973, 169, 9, 817, 937, 224, 1047, 231, 1072, 1023, 803, 72, 335, 318, 435, 288, 428, 1034, 515, 495, 491, 385, 956, 938, 556, 880, 10, 774, 22, 118, 182, 912, 341, 390, 723, 743, 456, 319, 237, 909, 110, 52, 94, 532, 408, 192, 578, 1011, 714, 540, 417, 888, 489, 411, 717, 119, 401, 1058, 409, 1040, 258, 562, 396, 314, 850, 643, 149, 1084, 730, 391, 921, 17, 674, 153, 61, 421, 911, 760, 871, 857, 710, 853, 768, 699, 950, 1020, 546, 761, 1057, 464, 585, 1004, 986, 610, 712, 696, 422, 941, 923, 53, 14, 967, 630, 359, 997, 586, 15, 445, 56, 764, 99, 953, 500, 366, 240, 1015, 343, 403, 1087, 689, 567, 263, 815, 968, 13, 1067, 566, 238, 841, 88, 199, 627, 1021, 856, 111, 524, 548, 945, 1044, 35, 509, 382, 289, 733, 526, 462, 725, 1009, 624, 831, 796, 315, 397, 48, 547, 1042, 773, 974, 731, 150, 503, 27, 446, 429, 336, 592, 137, 668, 890, 658, 471, 70, 249, 604, 18, 184, 367, 190, 954, 122, 987, 892, 176, 478, 349, 309, 264, 1085, 146, 248, 891, 436, 757, 457, 351, 207, 398, 553, 209, 632, 1043, 266, 862, 802, 918, 410, 104, 622, 96, 683, 933, 745, 920, 426, 294, 804, 115, 63, 794, 30, 230, 990, 259, 39, 166, 368, 1030, 697, 673, 983, 885, 213, 957, 219, 1061, 917, 564, 877, 281, 1049, 504, 751, 388, 175, 863, 311, 549, 370, 273, 811, 441, 703, 769, 124, 1008, 453, 839, 1014, 286, 40, 283, 908, 568, 179, 75, 614, 943, 644, 840, 494, 342, 652, 861, 21, 640, 698, 1054, 151, 82, 57, 186, 128, 155, 214, 307, 246, 771, 365, 1003, 416, 529, 1075, 724, 770, 989, 519, 872, 251, 530, 297, 197, 883, 740, 868, 138, 959, 628, 117, 303, 523, 789, 833, 533, 126, 44, 905, 54, 430, 51, 776, 1031, 823, 83, 459, 183, 664, 942, 1083, 212, 159, 301, 653, 886, 326, 874, 613, 680, 290, 329, 364, 642, 946, 1, 701, 542, 383, 951, 174, 948, 852, 1079, 472, 217, 362, 787, 595, 236, 177, 484, 936, 167, 649, 202, 993, 222, 985, 860, 657, 672, 60, 1051, 1017, 900, 977, 762, 741, 656, 1062, 603, 16, 895, 735, 372, 136, 272, 812, 961, 829, 600, 828, 579, 929, 293, 434, 854, 1073, 636, 609, 708, 265, 781, 755, 875, 607, 378, 1001, 718, 277, 528, 220, 940, 786, 969, 414, 256, 100, 617, 903, 806, 461, 200, 800, 476, 191, 925, 1007, 684, 11, 816, 1028, 1080, 389, 59, 545, 688, 330, 522, 826, 641, 1077, 633, 750, 173, 746, 882, 95, 348, 327, 1065, 242, 101, 508, 970, 695, 253, 492, 506, 557, 454, 788, 302, 331, 269, 129, 188, 747, 795, 170, 1038, 25, 8, 870, 577, 821, 965, 255, 178, 310, 474, 899, 531, 415, 810, 775, 1071, 227, 116, 998, 809, 479, 655, 325, 493, 473, 87, 144, 36, 599, 702, 58, 308, 759, 978, 340, 705, 964, 635, 109, 127, 884, 487, 571, 333, 976, 198, 89, 1056, 42, 1069, 121, 483, 20, 618, 574, 820, 639, 659, 352, 867, 827, 275, 460, 404, 147, 512, 74, 287, 851, 587, 720, 164, 76, 245, 1063, 468, 958, 488, 849, 994, 270, 814, 666, 551, 239, 463, 822]
(w = 14) Correct Cyclicantibandwidth
Set parameter TimeLimit to value 1800
[runlim] sample:		1772.8 time, 1770.0 real, 5204.2 MB
[runlim] sample:		1782.8 time, 1780.0 real, 5215.0 MB
[runlim] sample:		1792.8 time, 1790.0 real, 5304.7 MB
[runlim] sample:		1802.8 time, 1800.0 real, 5364.2 MB
[runlim] end:			Mon Nov  3 12:27:21 2025
[runlim] status:		out of time
[runlim] result:		2
[runlim] children:		0
[runlim] real:			1800.17 seconds
[runlim] time:			1802.95 seconds
[runlim] space:			6581.4 MB
[runlim] samples:		18001
