[runlim] version:		1.10
[runlim] time limit:		311040000 seconds
[runlim] real time limit:	1800 seconds
[runlim] space limit:		30000 MB
[runlim] argv[0]:		python3
[runlim] argv[1]:		model.py
[runlim] argv[2]:		./graph/3dmesh/3dmesh_5_5_100.txt
[runlim] start:			Mon Nov  3 14:51:30 2025
[runlim] main pid:		20894
[runlim] log captured:
Set parameter WLSAccessID
Set parameter WLSSecret
Set parameter LicenseID to value 2663665
Academic license 2663665 - for non-commercial use only - registered to tu___@vnu.edu.vn
Set parameter TimeLimit to value 1800
[runlim] sample:		10.0 time, 10.6 real, 943.7 MB
[runlim] sample:		20.0 time, 20.6 real, 2218.4 MB
[runlim] sample:		30.1 time, 30.6 real, 2821.6 MB
[runlim] sample:		40.1 time, 40.6 real, 2865.6 MB
[runlim] sample:		50.1 time, 50.6 real, 2919.6 MB
[runlim] sample:		60.1 time, 60.6 real, 2946.8 MB
[runlim] sample:		70.1 time, 70.6 real, 2981.5 MB
[runlim] sample:		80.1 time, 80.6 real, 3083.4 MB
[runlim] sample:		90.2 time, 90.6 real, 3221.0 MB
[runlim] sample:		100.2 time, 100.6 real, 3346.7 MB
[runlim] sample:		110.2 time, 110.6 real, 3457.3 MB
[runlim] sample:		120.2 time, 120.6 real, 3606.6 MB
[runlim] sample:		130.2 time, 130.6 real, 3711.8 MB
[runlim] sample:		140.3 time, 140.6 real, 3884.1 MB
[runlim] sample:		150.3 time, 150.6 real, 3987.8 MB
[runlim] sample:		160.3 time, 160.6 real, 4095.3 MB
[runlim] sample:		170.3 time, 170.6 real, 4243.6 MB
[runlim] sample:		180.3 time, 180.6 real, 4386.5 MB
[runlim] sample:		190.3 time, 190.6 real, 4503.8 MB
[runlim] sample:		200.4 time, 200.6 real, 4621.3 MB
[runlim] sample:		210.4 time, 210.6 real, 4724.6 MB
[runlim] sample:		220.4 time, 220.6 real, 4839.8 MB
[runlim] sample:		230.4 time, 230.6 real, 4955.6 MB
[runlim] sample:		240.4 time, 240.6 real, 5081.0 MB
[runlim] sample:		250.5 time, 250.6 real, 5206.9 MB
[runlim] sample:		260.5 time, 260.6 real, 5334.2 MB
[runlim] sample:		270.5 time, 270.6 real, 5462.7 MB
[runlim] sample:		280.5 time, 280.6 real, 5588.7 MB
[runlim] sample:		290.5 time, 290.6 real, 5698.5 MB
[runlim] sample:		300.6 time, 300.6 real, 5827.7 MB
[runlim] sample:		310.6 time, 310.6 real, 5944.4 MB
[runlim] sample:		320.6 time, 320.6 real, 6069.4 MB
[runlim] sample:		330.6 time, 330.6 real, 6197.7 MB
[runlim] sample:		340.6 time, 340.6 real, 6318.2 MB
[runlim] sample:		350.6 time, 350.6 real, 6450.0 MB
[runlim] sample:		360.6 time, 360.6 real, 6576.8 MB
[runlim] sample:		370.6 time, 370.6 real, 6698.1 MB
[runlim] sample:		380.7 time, 380.6 real, 6828.0 MB
[runlim] sample:		390.7 time, 390.6 real, 6941.6 MB
[runlim] sample:		400.7 time, 400.6 real, 7059.7 MB
[runlim] sample:		410.7 time, 410.6 real, 7183.5 MB
[runlim] sample:		420.7 time, 420.6 real, 7310.8 MB
[runlim] sample:		430.7 time, 430.6 real, 7442.1 MB
[runlim] sample:		440.7 time, 440.6 real, 7568.7 MB
[runlim] sample:		450.8 time, 450.6 real, 7695.3 MB
[runlim] sample:		460.8 time, 460.6 real, 7821.7 MB
[runlim] sample:		470.8 time, 470.6 real, 7948.8 MB
[runlim] sample:		480.8 time, 480.6 real, 8071.7 MB
[runlim] sample:		490.8 time, 490.6 real, 8198.7 MB
[runlim] sample:		500.8 time, 500.6 real, 8326.1 MB
[runlim] sample:		510.8 time, 510.6 real, 8425.9 MB
[runlim] sample:		520.8 time, 520.6 real, 9419.3 MB
(w = 4) Value Cyclicantibandwidth: 4
Lables: [994, 255, 1512, 407, 155, 1034, 916, 940, 1563, 2490, 849, 2149, 2061, 2031, 1128, 1201, 1703, 620, 2416, 2083, 712, 820, 756, 1364, 1731, 1414, 1404, 677, 21, 174, 16, 519, 1115, 2132, 2049, 1631, 797, 1895, 2088, 1877, 2366, 1072, 1692, 1142, 848, 2404, 1399, 823, 355, 1264, 351, 1746, 495, 2189, 1846, 1027, 2401, 514, 647, 2141, 1288, 2173, 851, 302, 1254, 1384, 1944, 1664, 2462, 334, 8, 2057, 1331, 1090, 315, 589, 1839, 639, 511, 2376, 298, 1508, 2466, 586, 2468, 2086, 2482, 1994, 1486, 1736, 2198, 224, 1954, 181, 643, 381, 903, 265, 2002, 939, 2017, 1044, 2487, 1352, 389, 698, 1457, 333, 1273, 2084, 293, 2364, 1606, 52, 512, 1942, 2380, 1729, 1009, 2446, 2361, 827, 679, 158, 1742, 657, 3, 802, 1962, 1262, 187, 1946, 1357, 2465, 2442, 1739, 1639, 2033, 2306, 895, 1092, 1344, 1554, 316, 590, 473, 2325, 1176, 1267, 503, 1249, 251, 2036, 1348, 1999, 2266, 1914, 1561, 555, 1464, 2429, 998, 1347, 2385, 1583, 1270, 785, 294, 1127, 736, 624, 968, 1388, 1321, 2064, 1053, 141, 2073, 2082, 1755, 965, 1841, 2500, 1970, 353, 1964, 185, 788, 2455, 868, 1898, 1097, 1986, 1549, 2130, 581, 380, 2387, 2058, 642, 436, 1879, 1056, 2268, 2176, 432, 696, 899, 825, 1961, 650, 621, 468, 1111, 201, 1450, 1, 2127, 2344, 324, 2203, 635, 725, 1592, 278, 962, 618, 258, 1581, 2123, 947, 2412, 2270, 253, 461, 1723, 1981, 897, 2011, 1346, 1159, 1702, 1917, 61, 2204, 651, 494, 2492, 2093, 1634, 1568, 1007, 191, 162, 1754, 2067, 1995, 839, 2419, 1168, 1280, 236, 1439, 44, 1567, 551, 1067, 152, 1375, 535, 1014, 1240, 973, 2129, 1814, 1387, 1403, 2109, 1851, 881, 532, 2218, 694, 2239, 474, 1429, 419, 1577, 69, 609, 375, 566, 1418, 487, 2324, 2307, 1490, 2282, 2313, 455, 1922, 1862, 1454, 2103, 1310, 2314, 2180, 812, 1065, 281, 2354, 1624, 2437, 1646, 1038, 2108, 1049, 2186, 2369, 714, 1973, 2280, 2240, 218, 2041, 1398, 1557, 817, 750, 506, 2200, 986, 2079, 1532, 910, 1752, 1902, 951, 1719, 1004, 1713, 2286, 1647, 438, 1683, 1792, 1768, 1317, 1590, 1595, 824, 2310, 113, 607, 2436, 1882, 2175, 1609, 1679, 1135, 2264, 2096, 733, 1844, 2, 1409, 2499, 498, 685, 2254, 789, 2357, 1992, 1107, 724, 2448, 1651, 1602, 2223, 481, 348, 379, 1170, 1275, 1499, 2166, 2303, 1732, 529, 86, 931, 2104, 656, 1874, 493, 907, 413, 706, 1391, 110, 1296, 1470, 1770, 1804, 1608, 1265, 1565, 2456, 689, 313, 406, 1091, 732, 47, 1908, 2391, 508, 764, 1185, 57, 46, 1881, 2479, 1209, 844, 1936, 1855, 739, 266, 2207, 1033, 692, 471, 1025, 1292, 457, 1903, 1390, 477, 26, 106, 180, 1441, 1141, 160, 1652, 53, 1154, 1843, 43, 1795, 2297, 2014, 123, 2315, 1737, 1050, 1688, 470, 1840, 773, 1140, 1203, 2181, 972, 1423, 601, 1350, 1114, 1138, 920, 572, 1700, 212, 1588, 1286, 373, 288, 1959, 2413, 718, 543, 1144, 146, 2097, 1707, 1463, 67, 1905, 66, 2065, 1246, 1979, 2004, 2146, 1521, 2290, 2255, 701, 1628, 1619, 1939, 2459, 1421, 958, 2368, 763, 783, 416, 1760, 908, 528, 418, 1800, 1690, 118, 1052, 1259, 672, 1749, 559, 1100, 1424, 62, 1402, 981, 813, 1533, 667, 1193, 2219, 1183, 884, 630, 1482, 2072, 1041, 2044, 1572, 1726, 1071, 222, 2165, 1169, 2145, 104, 579, 1238, 1926, 2439, 2393, 2251, 1151, 1376, 900, 45, 238, 243, 1385, 776, 2445, 2435, 1505, 1479, 1426, 613, 2037, 1601, 505, 1831, 1701, 479, 893, 1805, 1334, 225, 230, 1110, 2252, 1252, 232, 1408, 1054, 1131, 922, 2356, 1794, 38, 1295, 2232, 145, 121, 608, 837, 371, 1272, 1527, 1448, 626, 603, 623, 203, 2371, 553, 779, 699, 382, 1850, 1285, 829, 1657, 1145, 1022, 2241, 289, 1537, 2475, 1104, 879, 336, 89, 1407, 584, 1835, 2454, 2143, 1661, 392, 1069, 131, 2349, 148, 1491, 629, 2066, 1547, 999, 858, 2227, 2075, 969, 12, 354, 2178, 1153, 1753, 2372, 2134, 2225, 490, 360, 2018, 2201, 65, 125, 120, 17, 1338, 959, 2162, 420, 1997, 1248, 1974, 1146, 1871, 2337, 2210, 894, 1686, 2365, 90, 2078, 1070, 1440, 1738, 307, 1584, 2081, 372, 1750, 853, 1343, 132, 1074, 1229, 1223, 1996, 1445, 1924, 600, 2214, 1845, 319, 427, 347, 240, 1799, 1372, 1545, 691, 1640, 877, 329, 1797, 2009, 1369, 1604, 2261, 1747, 2461, 1084, 2360, 446, 1219, 510, 1559, 761, 2358, 2068, 1425, 2230, 1013, 342, 2311, 2296, 263, 1227, 22, 878, 2138, 752, 91, 1329, 766, 1989, 1266, 1204, 1449, 433, 1933, 1569, 2025, 1471, 117, 1901, 808, 36, 1808, 992, 2374, 1525, 262, 2222, 306, 2048, 1531, 2040, 1483, 2105, 124, 462, 157, 1918, 368, 952, 1941, 1419, 1513, 2395, 345, 1681, 126, 1721, 72, 1885, 1477, 399, 1779, 1224, 646, 2077, 1500, 1769, 1916, 149, 956, 2299, 1698, 926, 2051, 2363, 778, 1208, 2474, 1834, 2122, 873, 1497, 1217, 1401, 2309, 332, 982, 562, 2381, 1152, 1848, 2262, 1836, 1453, 2258, 946, 1529, 1958, 831, 2478, 1948, 2471, 1166, 854, 2185, 328, 834, 237, 1820, 1660, 2397, 622, 880, 904, 402, 269, 439, 1620, 2444, 1485, 31, 541, 2330, 171, 1481, 577, 362, 2305, 809, 2164, 1279, 1963, 1678, 1807, 742, 1323, 215, 731, 542, 1099, 1235, 2473, 2333, 1548, 2335, 147, 1438, 1960, 274, 246, 277, 1945, 2373, 133, 1875, 1271, 2213, 330, 1360, 1417, 83, 2045, 1684, 1617, 2194, 1921, 1610, 883, 964, 1158, 612, 1122, 606, 1712, 949, 1211, 1380, 1600, 1672, 806, 2125, 1433, 2220, 167, 890, 114, 754, 1298, 1019, 151, 1931, 2247, 1356, 2107, 2242, 2003, 1782, 1250, 182, 971, 520, 2291, 524, 197, 955, 1982, 1397, 2154, 2331, 2054, 176, 2367, 675, 1896, 1502, 1735, 1487, 2177, 1322, 1354, 7, 2271, 838, 1748, 1089, 1781, 2118, 891, 984, 2117, 1817, 517, 1039, 1306, 327, 2020, 1199, 249, 2043, 1319, 2116, 321, 282, 2094, 1890, 2375, 1212, 909, 1123, 552, 1189, 869, 248, 1216, 2351, 1539, 102, 483, 1635, 414, 284, 430, 780, 2019, 448, 2089, 2100, 1001, 1983, 658, 774, 1413, 1221, 1780, 264, 1977, 2451, 143, 1157, 740, 349, 1239, 1812, 1596, 1214, 1519, 1241, 738, 2341, 686, 704, 2484, 1627, 929, 1175, 1420, 1393, 2275, 458, 1386, 442, 422, 1680, 1466, 1060, 1467, 985, 60, 1860, 654, 1300, 1081, 78, 1191, 810, 905, 1542, 1550, 1669, 2035, 1096, 1819, 2110, 2378, 800, 755, 936, 2060, 1232, 1012, 1281, 1658, 527, 1428, 1564, 56, 412, 819, 2259, 534, 1642, 105, 2347, 737, 2059, 835, 2430, 663, 596, 901, 1689, 1164, 2087, 2421, 2199, 538, 670, 1082, 2027, 2090, 841, 450, 889, 2488, 2339, 10, 705, 632, 2447, 2293, 1711, 1446, 741, 1883, 1717, 966, 1682, 2139, 1108, 2163, 1125, 1546, 1299, 2334, 1993, 331, 1182, 1612, 1955, 592, 943, 2463, 429, 398, 1358, 1333, 1828, 782, 2080, 272, 168, 1574, 1909, 771, 1048, 2449, 352, 826, 2179, 1021, 189, 100, 1293, 1121, 1478, 1541, 207, 1730, 227, 1504, 391, 554, 1813, 290, 531, 723, 219, 1047, 1830, 76, 390, 1113, 322, 967, 2039, 1473, 1943, 361, 431, 1667, 751, 415, 2400, 2427, 42, 1190, 758, 636, 2076, 818, 1468, 1758, 2420, 762, 50, 1139, 2396, 565, 1171, 945, 1611, 944, 1665, 1427, 1359, 1489, 231, 991, 2215, 876, 2150, 2046, 1987, 1543, 549, 1655, 678, 1796, 1776, 261, 18, 217, 1767, 1263, 1136, 1064, 463, 1586, 530, 666, 1673, 571, 1073, 1149, 1710, 424, 88, 509, 2212, 198, 605, 2047, 2495, 933, 311, 523, 435, 1774, 1887, 921, 953, 130, 2340, 1552, 1194, 801, 1215, 1607, 257, 1030, 2423, 276, 860, 1422, 2142, 1247, 1261, 1872, 673, 1626, 2191, 1715, 74, 365, 2012, 109, 769, 695, 787, 1603, 378, 20, 2063, 2250, 1309, 2409, 234, 934, 537, 58, 1957, 2453, 165, 653, 1337, 103, 1411, 1040, 1863, 917, 1245, 1733, 2443, 1378, 2302, 343, 852, 499, 1196, 611, 216, 1155, 1599, 309, 1740, 2346, 960, 210, 1026, 1645, 1985, 411, 708, 1785, 111, 580, 2153, 1649, 2272, 1718, 1075, 1501, 2417, 268, 1492, 1621, 2234, 98, 588, 2494, 1396, 1416, 1654, 987, 1162, 478, 1079, 1787, 1853, 1965, 697, 767, 1237, 1734, 1695, 1566, 842, 1775, 578, 2111, 469, 51, 1562, 1005, 1256, 447, 374, 1308, 1324, 915, 1578, 1714, 828, 954, 2390, 1251, 935, 2322, 1230, 2032, 2152, 1727, 1148, 190, 1949, 856, 1662, 928, 1935, 2276, 1008, 2095, 1674, 1032, 308, 668, 1745, 1459, 280, 1518, 770, 2236, 337, 221, 2253, 318, 1911, 567, 674, 358, 1213, 1269, 1325, 1462, 2216, 1854, 640, 2197, 296, 2071, 2157, 213, 1444, 2422, 540, 1374, 1062, 241, 1637, 1904, 2195, 791, 1618, 1101, 1913, 304, 2353, 1366, 638, 2158, 2015, 1086, 1585, 1510, 937, 799, 1976, 41, 492, 2497, 209, 1891, 1856, 2467, 978, 807, 795, 107, 1278, 33, 142, 441, 1915, 501, 932, 2168, 2496, 1000, 188, 2192, 64, 200, 1912, 1671, 30, 1133, 2126, 1847, 340, 1570, 1284, 154, 68, 2024, 2114, 1179, 1389, 166, 1806, 1644, 526, 1910, 1291, 2029, 906, 1066, 326, 2209, 2159, 2124, 2283, 659, 683, 975, 1093, 1791, 1725, 1371, 1803, 1741, 547, 273, 1630, 2486, 796, 2010, 196, 1195, 1200, 2317, 1472, 482, 357, 1461, 1028, 930, 1255, 1838, 2160, 1058, 728, 1228, 1526, 2265, 1919, 1381, 367, 961, 1268, 1437, 2269, 1484, 2273, 48, 599, 576, 376, 1675, 235, 1260, 963, 1392, 2245, 2457, 872, 1339, 1888, 1297, 2284, 1147, 2263, 156, 1756, 790, 2193, 1536, 2028, 550, 2407, 440, 1859, 2115, 1274, 1666, 816, 1534, 573, 377, 2493, 2267, 1432, 1724, 2256, 1210, 993, 604, 1528, 480, 2008, 1873, 1580, 256, 777, 2342, 896, 1515, 1524, 1117, 476, 870, 1824, 1316, 1474, 2155, 1751, 1597, 1866, 1551, 2327, 128, 1132, 913, 637, 1971, 1010, 1257, 2133, 2053, 1773, 1435, 1244, 1625, 1932, 625, 855, 1233, 1015, 2398, 81, 730, 310, 453, 2355, 1313, 2383, 1937, 2386, 226, 846, 747, 1613, 1988, 129, 1728, 811, 2190, 79, 792, 2498, 655, 843, 192, 1706, 2359, 682, 2308, 1832, 1880, 2432, 703, 363, 805, 401, 1668, 2350, 1594, 2405, 1353, 2038, 1163, 693, 1975, 1088, 687, 2481, 615, 465, 491, 1400, 1540, 1990, 1328, 208, 1966, 1304, 194, 1415, 1077, 833, 1827, 150, 2136, 516, 645, 2336, 1085, 1953, 1355, 563, 250, 587, 2343, 84, 857, 1188, 2438, 1311, 396, 1956, 1708, 2425, 1076, 267, 1287, 116, 619, 417, 1029, 1178, 2426, 1934, 2345, 1514, 475, 707, 1198, 2321, 233, 1762, 1766, 974, 2281, 1283, 2182, 1290, 2007, 1582, 2101, 2169, 1598, 1980, 2301, 467, 305, 1018, 1951, 840, 2292, 772, 988, 220, 702, 1105, 2023, 2326, 1368, 836, 2403, 2062, 1555, 2382, 464, 1849, 173, 1764, 1704, 2485, 2318, 1345, 1456, 1884, 472, 299, 40, 2399, 161, 2452, 1538, 1460, 1124, 179, 2205, 177, 865, 786, 1302, 135, 2249, 793, 521, 1130, 862, 892, 1377, 1307, 28, 183, 259, 350, 1305, 244, 1177, 1720, 1893, 1003, 1061, 1815, 297, 660, 15, 1790, 748, 2433, 2187, 2120, 85, 2246, 2277, 671, 1476, 743, 1342, 1335, 1282, 2188, 339, 1691, 2202, 533, 37, 1984, 898, 73, 1395, 1573, 1507, 1777, 734, 1503, 942, 721, 1312, 29, 2384, 301, 2233, 2338, 1869, 546, 912, 720, 1530, 1236, 80, 919, 2434, 980, 1207, 2352, 585, 804, 1833, 1522, 2161, 2001, 2226, 1045, 1051, 614, 1622, 39, 1940, 715, 285, 317, 323, 2477, 14, 518, 486, 1379, 2172, 1098, 1243, 1442, 628, 1184, 1406, 1083, 539, 713, 2052, 140, 2196, 1897, 1367, 1685, 814, 452, 409, 1455, 25, 2030, 11, 356, 223, 558, 1443, 1587, 1778, 1106, 1226, 1643, 1431, 627, 1938, 768, 127, 1410, 669, 1826, 1506, 2441, 1558, 286, 2464, 569, 1816, 2316, 1615, 1314, 798, 1234, 1693, 1972, 859, 2128, 186, 2414, 456, 211, 568, 1789, 1068, 1757, 536, 1318, 830, 1120, 1889, 449, 1900, 794, 711, 1656, 1771, 729, 652, 2450, 1137, 2244, 2174, 13, 1326, 2021, 1447, 1303, 1556, 393, 2102, 746, 1063, 1516, 591, 2085, 1509, 1892, 1837, 1192, 2121, 2092, 214, 312, 344, 1480, 403, 1705, 2312, 485, 2408, 1659, 1793, 616, 341, 914, 1186, 681, 676, 716, 1103, 1037, 2370, 598, 2016, 979, 2377, 1059, 1650, 548, 70, 300, 1109, 2237, 6, 885, 1277, 1517, 2106, 1687, 850, 1861, 775, 2056, 1858, 610, 1161, 2470, 722, 2022, 19, 507, 1786, 388, 1677, 902, 1894, 1242, 1907, 745, 1761, 1923, 522, 2148, 488, 2469, 484, 2137, 139, 254, 2274, 923, 229, 4, 744, 1653, 662, 1365, 2135, 2298, 2362, 1629, 1332, 172, 1294, 2006, 594, 1852, 92, 1134, 1947, 359, 2147, 1928, 428, 159, 1119, 976, 101, 597, 1475, 320, 582, 1641, 1434, 1823, 1349, 206, 759, 2304, 443, 545, 1496, 648, 1362, 560, 2069, 525, 815, 866, 1118, 228, 2431, 1697, 404, 822, 948, 366, 1363, 1968, 1920, 2388, 2329, 2278, 1716, 144, 574, 55, 690, 875, 661, 96, 1129, 1929, 1821, 386, 1818, 444, 1811, 1906, 1258, 874, 1759, 1801, 688, 1383, 466, 617, 205, 1788, 434, 184, 1488, 1670, 93, 489, 1952, 1116, 1825, 292, 2091, 2156, 1225, 1694, 989, 2224, 684, 295, 1315, 2410, 1978, 1930, 335, 1623, 1798, 1024, 2140, 1991, 593, 252, 49, 451, 1571, 2440, 1810, 803, 193, 1330, 1220, 2026, 24, 864, 496, 260, 138, 2098, 1160, 9, 1156, 561, 832, 727, 1998, 2099, 1696, 918, 911, 99, 2394, 1648, 1709, 1035, 749, 2328, 997, 1864, 983, 888, 1451, 163, 1361, 247, 75, 1078, 709, 2332, 1511, 82, 867, 2005, 2113, 1187, 990, 1412, 437, 977, 303, 2323, 1809, 1020, 175, 384, 2184, 1087, 1560, 2288, 445, 1095, 1868, 1633, 370, 2476, 941, 2231, 2402, 570, 2483, 283, 1865, 395, 2151, 245, 2050, 2428, 719, 59, 405, 1498, 515, 2411, 1842, 2229, 602, 1094, 2460, 2295, 1046, 2279, 631, 1591, 1340, 2320, 1016, 95, 325, 410, 1784, 1222, 1143, 1743, 1370, 23, 2480, 2170, 1579, 2285, 421, 2206, 202, 423, 1494, 338, 279, 1544, 2491, 2257, 1181, 871, 1829, 1276, 34, 1886, 2243, 2217, 1174, 1458, 460, 408, 2238, 1057, 1150, 2183, 2235, 1011, 77, 136, 1289, 2289, 2415, 765, 2348, 195, 556, 665, 1080, 1676, 2418, 2055, 1878, 938, 364, 1765, 887, 497, 63, 1373, 459, 1632, 1202, 1967, 1043, 1969, 2319, 1699, 1520, 2221, 2112, 924, 1576, 1180, 115, 2144, 178, 2119, 387, 2228, 1165, 242, 1102, 2389, 1172, 119, 1465, 861, 270, 112, 726, 199, 995, 291, 735, 1493, 287, 1616, 2171, 950, 1006, 108, 970, 753, 1722, 397, 1336, 164, 821, 1469, 1870, 649, 2406, 2392, 1205, 1927, 1055, 1231, 595, 1218, 575, 346, 400, 275, 2042, 1763, 1394, 134, 239, 27, 513, 2013, 394, 845, 2131, 32, 1327, 1126, 1899, 1523, 544, 2034, 1173, 87, 2300, 271, 781, 35, 314, 1783, 122, 2294, 1382, 1206, 957, 1663, 1301, 1535, 1553, 633, 1017, 383, 1197, 1002, 1636, 1614, 137, 2287, 204, 169, 1593, 1023, 2208, 664, 634, 1320, 757, 170, 2070, 557, 385, 153, 863, 583, 927, 2424, 1167, 1925, 94, 5, 454, 717, 1744, 886, 2211, 2458, 644, 425, 641, 1341, 1036, 680, 1802, 1405, 1822, 369, 1031, 2489, 2472, 1253, 882, 1638, 847, 1575, 1351, 502, 2260, 1857, 564, 700, 2000, 71, 2167, 1867, 1452, 710, 1589, 1876, 2248, 426, 1950, 1495, 784, 504, 996, 2074, 1605, 1430, 1112, 500, 1042, 1436, 1772, 97, 925, 760, 54, 2379]
(w = 4) Correct Cyclicantibandwidth
Set parameter TimeLimit to value 1800
[runlim] sample:		530.9 time, 530.6 real, 12602.3 MB
[runlim] sample:		540.9 time, 540.6 real, 13420.6 MB
[runlim] sample:		550.9 time, 550.6 real, 15172.1 MB
[runlim] sample:		560.9 time, 560.6 real, 15248.8 MB
[runlim] sample:		570.9 time, 570.6 real, 15300.4 MB
[runlim] sample:		580.9 time, 580.6 real, 15321.7 MB
[runlim] sample:		590.9 time, 590.6 real, 15330.2 MB
[runlim] sample:		601.0 time, 600.6 real, 15420.3 MB
[runlim] sample:		611.0 time, 610.6 real, 15549.1 MB
[runlim] sample:		621.0 time, 620.6 real, 15660.5 MB
[runlim] sample:		631.0 time, 630.6 real, 15805.2 MB
[runlim] sample:		641.0 time, 640.6 real, 15909.0 MB
[runlim] sample:		651.0 time, 650.6 real, 16033.5 MB
[runlim] sample:		661.0 time, 660.6 real, 16149.0 MB
[runlim] sample:		671.0 time, 670.6 real, 16306.5 MB
[runlim] sample:		681.0 time, 680.6 real, 16410.0 MB
[runlim] sample:		691.1 time, 690.6 real, 16514.2 MB
[runlim] sample:		701.1 time, 700.6 real, 16614.7 MB
[runlim] sample:		711.1 time, 710.6 real, 16754.5 MB
[runlim] sample:		721.1 time, 720.6 real, 16862.0 MB
[runlim] sample:		731.1 time, 730.6 real, 16966.4 MB
[runlim] sample:		741.1 time, 740.6 real, 17072.9 MB
[runlim] sample:		751.1 time, 750.6 real, 17214.1 MB
[runlim] sample:		761.1 time, 760.6 real, 17321.9 MB
[runlim] sample:		771.1 time, 770.6 real, 17432.6 MB
[runlim] sample:		781.2 time, 780.6 real, 17537.1 MB
[runlim] sample:		791.2 time, 790.6 real, 17576.2 MB
[runlim] sample:		801.2 time, 800.6 real, 17661.6 MB
[runlim] sample:		811.2 time, 810.6 real, 17764.8 MB
[runlim] sample:		821.2 time, 820.6 real, 17875.9 MB
[runlim] sample:		831.2 time, 830.6 real, 17988.5 MB
[runlim] sample:		841.2 time, 840.6 real, 18101.5 MB
[runlim] sample:		851.3 time, 850.6 real, 18219.6 MB
[runlim] sample:		861.3 time, 860.6 real, 18335.5 MB
[runlim] sample:		871.3 time, 870.6 real, 18450.5 MB
[runlim] sample:		881.3 time, 880.6 real, 18563.3 MB
[runlim] sample:		891.3 time, 890.6 real, 18679.5 MB
[runlim] sample:		901.3 time, 900.6 real, 18794.2 MB
[runlim] sample:		911.4 time, 910.6 real, 18908.9 MB
[runlim] sample:		921.4 time, 920.6 real, 19024.6 MB
[runlim] sample:		931.4 time, 930.6 real, 19137.5 MB
[runlim] sample:		941.4 time, 940.6 real, 19253.7 MB
[runlim] sample:		951.4 time, 950.6 real, 19368.9 MB
[runlim] sample:		961.4 time, 960.6 real, 19486.4 MB
[runlim] sample:		971.5 time, 970.6 real, 19608.6 MB
[runlim] sample:		981.5 time, 980.6 real, 19715.1 MB
[runlim] sample:		991.5 time, 990.6 real, 19830.1 MB
[runlim] sample:		1001.5 time, 1000.6 real, 19946.6 MB
[runlim] sample:		1011.5 time, 1010.6 real, 20062.6 MB
[runlim] sample:		1021.5 time, 1020.6 real, 20177.2 MB
[runlim] sample:		1031.5 time, 1030.6 real, 20292.2 MB
[runlim] sample:		1041.5 time, 1040.6 real, 20395.6 MB
[runlim] sample:		1051.6 time, 1050.6 real, 20510.8 MB
[runlim] sample:		1061.6 time, 1060.6 real, 20625.1 MB
[runlim] sample:		1071.6 time, 1070.6 real, 20724.7 MB
[runlim] sample:		1081.6 time, 1080.6 real, 20810.9 MB
[runlim] sample:		1091.6 time, 1090.6 real, 20924.3 MB
[runlim] sample:		1101.7 time, 1100.6 real, 21039.2 MB
[runlim] sample:		1111.7 time, 1110.6 real, 21152.0 MB
[runlim] sample:		1121.7 time, 1120.6 real, 12695.3 MB
[runlim] sample:		1131.7 time, 1130.6 real, 8605.9 MB
[runlim] sample:		1141.7 time, 1140.6 real, 14109.9 MB
(w = 5) Value Cyclicantibandwidth: 5
Lables: [994, 255, 1512, 407, 155, 1034, 916, 940, 1563, 2490, 849, 2149, 2061, 2031, 1128, 1201, 1703, 620, 2416, 2083, 712, 820, 756, 1364, 1731, 1414, 1404, 677, 21, 174, 16, 123, 1115, 2132, 2049, 1631, 797, 1895, 2088, 1877, 2366, 1072, 1692, 1142, 848, 2404, 1399, 823, 355, 1264, 351, 1746, 495, 2189, 1846, 1027, 2401, 514, 647, 2141, 1288, 2173, 851, 302, 1254, 1384, 1944, 1664, 2462, 334, 8, 2057, 1331, 1090, 315, 589, 1839, 639, 511, 2376, 298, 1508, 2466, 586, 2468, 2086, 2482, 1994, 1486, 1736, 2198, 224, 1954, 181, 643, 381, 903, 265, 2002, 939, 2017, 1044, 2487, 1352, 389, 698, 1457, 333, 1273, 2084, 293, 2364, 1606, 52, 512, 1942, 2380, 1729, 1009, 2446, 2361, 827, 679, 158, 1742, 657, 3, 802, 1962, 1262, 187, 1946, 1357, 2465, 2442, 1739, 1639, 2033, 2306, 895, 1092, 1344, 1554, 316, 590, 473, 2325, 1176, 1267, 503, 1249, 251, 2036, 1348, 1999, 2266, 1914, 1561, 555, 1464, 2429, 998, 1347, 2385, 1583, 1270, 785, 294, 1127, 736, 624, 968, 1388, 1321, 2064, 1053, 141, 2073, 2082, 1755, 965, 1841, 2500, 1970, 353, 1964, 185, 788, 2455, 868, 1898, 1097, 1986, 1549, 2130, 581, 380, 2387, 2058, 642, 436, 1879, 1056, 2268, 2176, 1485, 696, 899, 825, 1961, 650, 621, 468, 1111, 201, 1450, 1, 2127, 2344, 324, 2203, 635, 725, 1592, 278, 962, 618, 258, 1581, 2123, 947, 2412, 2270, 253, 461, 1723, 1981, 897, 2011, 1346, 1159, 1702, 1917, 61, 2204, 651, 494, 2492, 2093, 1634, 1568, 1007, 191, 162, 1754, 2067, 1995, 839, 2419, 1168, 1280, 236, 1439, 44, 1567, 551, 1067, 152, 1375, 535, 1014, 1240, 973, 2129, 1814, 1387, 1403, 2109, 1851, 881, 532, 2218, 694, 2239, 474, 1429, 419, 1577, 69, 609, 375, 566, 1418, 487, 2324, 2307, 1490, 2282, 2313, 455, 1922, 1862, 1454, 2103, 1310, 2314, 2180, 812, 1065, 281, 2354, 1624, 2437, 1646, 1038, 2108, 1049, 2186, 2369, 714, 1973, 2280, 2240, 218, 2041, 1398, 1557, 817, 750, 506, 2200, 986, 2079, 1532, 910, 1752, 1902, 951, 1719, 1004, 1713, 2286, 1647, 438, 1683, 1792, 1768, 1317, 1590, 1595, 824, 2310, 113, 607, 2436, 1882, 2175, 1609, 1679, 1135, 2264, 2096, 733, 1844, 2, 1409, 2499, 498, 685, 2254, 789, 2357, 1992, 1107, 724, 2448, 1651, 1602, 2223, 481, 348, 379, 1170, 1275, 1499, 2166, 2303, 1732, 529, 86, 931, 2104, 656, 1874, 493, 907, 413, 706, 1391, 110, 1296, 1470, 1770, 1804, 1608, 1265, 1565, 2456, 689, 313, 406, 1091, 732, 47, 1908, 2391, 508, 764, 1185, 57, 46, 1881, 2479, 1209, 844, 1936, 1855, 739, 266, 2207, 1033, 692, 471, 1025, 1292, 457, 1903, 1390, 477, 26, 106, 180, 1441, 526, 160, 1652, 53, 1154, 1843, 43, 1795, 2297, 2014, 194, 2315, 1737, 1050, 1688, 470, 1840, 773, 1140, 1203, 2181, 972, 1423, 601, 1350, 1114, 1138, 920, 572, 1700, 212, 1588, 1286, 373, 288, 1959, 2413, 718, 543, 1144, 862, 2097, 1707, 1463, 67, 1905, 66, 2065, 1246, 1979, 2004, 2146, 1521, 2290, 2255, 701, 1628, 1619, 1939, 2459, 1421, 958, 2368, 763, 783, 416, 1760, 908, 528, 418, 1800, 1690, 118, 1052, 1259, 672, 1749, 559, 1100, 1424, 62, 1402, 981, 813, 1533, 667, 1193, 2219, 1183, 884, 630, 1482, 2072, 1041, 2044, 1572, 1726, 1071, 222, 2165, 1169, 2145, 104, 579, 1238, 1926, 2439, 2393, 2251, 1151, 1376, 900, 45, 238, 243, 1385, 776, 2445, 2435, 1505, 1479, 1426, 613, 2037, 1601, 505, 1831, 1701, 479, 893, 1805, 1334, 225, 230, 1110, 2252, 1252, 232, 1408, 1054, 1131, 922, 2356, 1794, 38, 1295, 2232, 145, 121, 608, 837, 371, 1272, 1527, 1448, 626, 603, 623, 203, 2371, 553, 779, 699, 382, 1850, 1285, 829, 1657, 1145, 1022, 2241, 289, 1537, 2475, 1104, 879, 336, 89, 1407, 584, 1835, 2454, 2143, 1661, 392, 1069, 131, 2349, 148, 1491, 629, 2066, 1547, 999, 858, 2227, 2075, 969, 12, 354, 2178, 1153, 1753, 2372, 2134, 2225, 490, 360, 2018, 2201, 65, 125, 120, 17, 1338, 959, 2162, 420, 1997, 1248, 1974, 1146, 1871, 2337, 2210, 894, 1686, 2365, 90, 2078, 1070, 1440, 1738, 307, 1584, 2081, 372, 1750, 853, 1343, 132, 1074, 1229, 1223, 1996, 1445, 1924, 600, 2214, 1845, 319, 427, 347, 240, 1799, 1372, 1545, 691, 1640, 877, 329, 1797, 2009, 1369, 1604, 2261, 1747, 2461, 1084, 2360, 446, 1219, 510, 1559, 761, 2358, 2068, 1425, 2230, 1013, 342, 2311, 2296, 263, 1227, 22, 878, 2138, 752, 91, 1329, 766, 1989, 1266, 1204, 1449, 433, 1933, 1569, 2025, 1471, 117, 1901, 808, 36, 1808, 992, 2374, 1525, 262, 2222, 306, 2048, 1531, 2040, 1483, 2105, 859, 462, 157, 1918, 368, 952, 1941, 1419, 1513, 2395, 345, 1681, 126, 1721, 72, 1885, 1477, 399, 1779, 1224, 646, 2077, 1500, 1769, 1916, 149, 956, 2299, 1698, 926, 612, 2363, 778, 1208, 2474, 1834, 2122, 873, 1497, 1217, 1401, 2309, 332, 982, 562, 2381, 1152, 1848, 2262, 1836, 1453, 2258, 946, 1529, 1958, 831, 2478, 1948, 2471, 1166, 854, 2185, 328, 834, 237, 1820, 1660, 2397, 622, 880, 904, 402, 269, 439, 1620, 2444, 795, 31, 541, 2330, 171, 1481, 577, 362, 2305, 809, 2164, 1279, 1963, 1678, 1807, 146, 1323, 215, 731, 542, 1099, 1235, 2473, 2333, 1548, 2335, 147, 1438, 1960, 274, 246, 277, 1945, 2373, 133, 1875, 1271, 2213, 330, 1360, 1417, 83, 2045, 1684, 1617, 2194, 1921, 1610, 883, 964, 1158, 2271, 1122, 606, 1712, 949, 1211, 1380, 1600, 1672, 806, 2125, 1433, 2220, 167, 890, 114, 754, 1298, 1019, 151, 1931, 2247, 1356, 2107, 2242, 2003, 1782, 1250, 182, 971, 520, 2291, 524, 197, 955, 1982, 1397, 2154, 2331, 2054, 176, 2367, 675, 1896, 1502, 1735, 1487, 2177, 1322, 1354, 7, 663, 838, 1748, 1089, 1781, 2118, 891, 984, 2117, 1817, 517, 1039, 1306, 327, 2020, 1199, 249, 2043, 1319, 2116, 321, 282, 2094, 1890, 2375, 1212, 909, 1123, 552, 1189, 742, 248, 1216, 2351, 1539, 102, 483, 1635, 414, 284, 430, 780, 2019, 448, 2089, 2100, 1001, 1983, 658, 774, 1413, 1221, 1780, 264, 1977, 2451, 143, 1157, 740, 349, 1239, 1812, 1596, 1214, 1519, 1241, 738, 2341, 686, 704, 2484, 1627, 929, 1175, 1420, 1393, 2275, 458, 1386, 442, 422, 1680, 1466, 1060, 1467, 985, 60, 1860, 654, 1300, 1081, 78, 1191, 810, 905, 1542, 1550, 1669, 2035, 1096, 1819, 2110, 2378, 800, 755, 936, 2060, 1232, 1012, 1281, 1658, 527, 1428, 1564, 56, 412, 819, 2259, 534, 1642, 105, 2347, 737, 2059, 835, 2430, 821, 596, 901, 1141, 1164, 2087, 2421, 2199, 538, 670, 1082, 2027, 2090, 841, 450, 889, 2488, 2339, 10, 705, 632, 2447, 2293, 1711, 1446, 741, 1883, 1717, 966, 1682, 2139, 1108, 2163, 1125, 1546, 1299, 2334, 1993, 331, 1182, 1612, 1955, 592, 943, 2463, 429, 398, 1358, 1333, 1828, 782, 2080, 272, 168, 1574, 1909, 771, 1048, 2449, 352, 826, 2179, 1021, 189, 100, 1293, 1121, 1478, 1541, 207, 1730, 227, 1504, 391, 554, 1813, 290, 531, 723, 219, 1047, 1830, 76, 390, 1113, 322, 967, 2039, 1473, 1943, 361, 431, 1667, 751, 415, 2400, 2427, 42, 1190, 758, 636, 2076, 818, 1468, 1758, 2420, 762, 50, 1139, 2396, 565, 1171, 945, 1611, 944, 1665, 1427, 1359, 1489, 231, 991, 2215, 876, 2150, 2046, 1987, 1543, 549, 1655, 678, 1796, 1776, 261, 18, 217, 1767, 1263, 1136, 1064, 463, 1586, 530, 666, 1673, 571, 1073, 1149, 1710, 424, 88, 509, 2212, 198, 605, 2047, 2495, 933, 311, 523, 435, 1774, 1887, 921, 953, 130, 2340, 1552, 1194, 801, 1215, 1607, 257, 1030, 2423, 276, 860, 1422, 2142, 1247, 1261, 1872, 673, 1626, 2191, 1715, 74, 365, 2012, 109, 769, 695, 787, 1603, 378, 20, 2063, 2250, 1309, 2409, 234, 934, 537, 58, 1957, 2453, 165, 653, 1337, 103, 1411, 1040, 1863, 917, 1245, 1733, 2443, 1378, 2302, 343, 852, 499, 1196, 611, 216, 1155, 1599, 309, 1740, 2346, 960, 210, 1026, 1645, 1985, 411, 708, 1785, 111, 580, 2153, 1649, 2272, 1718, 1075, 1501, 2417, 268, 1492, 1621, 2234, 98, 588, 2494, 1396, 1416, 1654, 987, 1162, 478, 1079, 1787, 1853, 1965, 697, 767, 1237, 1734, 1695, 1566, 842, 1775, 578, 2111, 469, 51, 1562, 1005, 1256, 447, 374, 1308, 1324, 915, 1578, 1714, 828, 954, 2390, 1251, 935, 2322, 1230, 2032, 2152, 1727, 1148, 190, 1790, 856, 1662, 928, 1935, 2276, 1008, 2095, 1674, 1032, 308, 668, 1745, 2051, 280, 1518, 770, 2236, 337, 221, 2253, 318, 1911, 567, 674, 358, 1213, 1269, 1325, 1462, 2216, 1854, 640, 2197, 296, 2071, 2157, 213, 1444, 2422, 540, 1374, 1062, 241, 1637, 1904, 2195, 791, 1618, 1101, 1913, 304, 2353, 1366, 638, 2158, 2015, 1086, 1585, 1510, 937, 799, 1976, 41, 492, 2497, 209, 1891, 1856, 2467, 978, 807, 1762, 107, 1278, 33, 142, 441, 1915, 501, 932, 2168, 2496, 1000, 188, 2192, 64, 200, 1912, 1671, 30, 1133, 2126, 1847, 340, 1570, 1284, 154, 68, 2024, 2114, 1179, 1389, 166, 1806, 1644, 976, 1910, 1291, 2029, 906, 1066, 326, 2209, 2159, 2124, 2283, 659, 683, 975, 1093, 1791, 1725, 1371, 1803, 1741, 547, 273, 1630, 2486, 796, 2010, 196, 1195, 1200, 2317, 1472, 482, 357, 1461, 1028, 930, 1255, 1838, 2160, 1058, 728, 1228, 1526, 2265, 1919, 1381, 367, 961, 1268, 1437, 2269, 1484, 2273, 48, 599, 576, 376, 1675, 235, 1260, 963, 1392, 2245, 2457, 872, 1339, 1888, 1297, 2284, 1147, 2263, 156, 1756, 790, 2193, 1536, 2028, 550, 2407, 440, 1859, 2115, 1274, 1666, 816, 1534, 573, 377, 2493, 2267, 1432, 1724, 2256, 1210, 993, 604, 1528, 480, 2008, 1873, 1580, 256, 777, 2342, 896, 1515, 1524, 1117, 476, 870, 1824, 1316, 1474, 2155, 1751, 1597, 1866, 1551, 2327, 128, 1132, 913, 637, 1971, 1010, 1257, 2133, 2053, 1773, 1435, 1244, 1625, 1932, 625, 855, 1233, 1015, 2398, 81, 730, 310, 453, 2355, 1313, 2383, 1937, 2386, 226, 846, 747, 1613, 1988, 129, 1728, 811, 2190, 79, 792, 2498, 655, 843, 192, 1706, 2359, 682, 2308, 1832, 1880, 2432, 703, 363, 805, 401, 1668, 2350, 519, 2405, 1353, 2038, 1163, 693, 1975, 1088, 687, 2481, 615, 465, 491, 1400, 1540, 869, 1328, 208, 1966, 1304, 1575, 1415, 1077, 833, 1827, 150, 2136, 516, 645, 2336, 1085, 1953, 1355, 563, 250, 587, 2343, 84, 857, 2441, 260, 1311, 396, 1956, 1708, 2425, 1076, 267, 1287, 116, 619, 417, 1029, 1178, 2426, 1934, 2345, 1594, 475, 707, 1198, 2321, 233, 432, 1766, 974, 2281, 1283, 2182, 1290, 2007, 1582, 2101, 2169, 1598, 1980, 2301, 467, 305, 1018, 1951, 840, 2292, 772, 988, 220, 702, 1105, 2023, 2326, 1368, 836, 2403, 2062, 1555, 2382, 464, 1849, 173, 1764, 1704, 2438, 2318, 1345, 1456, 1884, 472, 299, 40, 2399, 161, 2452, 1538, 1460, 1124, 179, 2205, 177, 865, 786, 1302, 135, 2249, 793, 521, 1130, 784, 892, 1377, 1307, 28, 183, 259, 350, 1305, 244, 1177, 1720, 1893, 1003, 1061, 1815, 297, 660, 15, 745, 4, 2433, 2187, 2120, 85, 2246, 2277, 671, 1476, 743, 1342, 1335, 1282, 2188, 339, 1691, 2202, 533, 37, 1984, 898, 73, 1395, 1573, 1507, 1777, 734, 1503, 942, 721, 1312, 29, 2384, 301, 2233, 2338, 1869, 546, 912, 720, 1530, 1236, 80, 919, 2434, 980, 1207, 2352, 585, 804, 1833, 1522, 2161, 2001, 2226, 1045, 1051, 614, 1622, 39, 1940, 715, 285, 317, 323, 2477, 14, 518, 486, 1379, 2172, 1098, 1243, 1442, 628, 1184, 1406, 1083, 539, 713, 2052, 140, 2196, 1897, 1367, 1685, 814, 452, 409, 1455, 25, 2030, 11, 356, 223, 558, 1443, 1587, 1778, 1106, 1226, 1643, 1431, 627, 1938, 768, 127, 1410, 669, 1826, 1506, 2112, 1558, 286, 2464, 569, 1816, 2316, 1615, 1314, 798, 1234, 1693, 1972, 34, 2128, 186, 2414, 456, 211, 568, 1789, 1068, 1757, 536, 1318, 830, 1120, 1889, 449, 1900, 794, 711, 1656, 1771, 729, 652, 2450, 1137, 2244, 2174, 13, 1326, 2021, 1447, 1303, 1556, 393, 2102, 746, 1063, 1516, 591, 2085, 1509, 1892, 1837, 1192, 2121, 2092, 214, 312, 344, 1480, 403, 1705, 2312, 485, 2408, 1659, 1793, 616, 341, 914, 1186, 681, 676, 716, 1103, 1037, 2370, 598, 2016, 979, 2377, 1059, 1650, 548, 70, 300, 1514, 2237, 6, 885, 1277, 602, 2106, 1687, 850, 1861, 775, 2056, 1858, 610, 1161, 2470, 722, 2022, 19, 507, 1786, 388, 1677, 902, 1894, 1242, 1907, 1949, 1761, 1923, 522, 2148, 488, 2469, 484, 2137, 139, 254, 2274, 923, 229, 489, 744, 1653, 662, 1365, 2135, 2298, 2362, 1629, 1332, 172, 1294, 2006, 594, 1852, 92, 1134, 1947, 359, 2147, 1928, 428, 159, 1119, 325, 101, 597, 1475, 320, 582, 1641, 1434, 1823, 1349, 206, 759, 2304, 443, 545, 1496, 648, 1362, 560, 2069, 525, 815, 866, 1118, 228, 2431, 1697, 404, 822, 948, 366, 1363, 1968, 1920, 2388, 2329, 2278, 1716, 144, 574, 55, 690, 875, 661, 96, 1129, 1929, 1689, 386, 1818, 444, 1811, 124, 1258, 874, 1759, 1801, 688, 1383, 466, 617, 205, 1788, 434, 184, 1488, 1670, 93, 513, 1952, 1116, 1825, 292, 2091, 2156, 1225, 1694, 989, 2224, 684, 295, 1315, 2410, 1978, 1930, 335, 1623, 1798, 1024, 2140, 1991, 593, 1517, 49, 451, 1571, 2440, 1810, 803, 193, 1330, 1220, 2026, 24, 864, 496, 1822, 138, 2098, 1160, 9, 1156, 561, 832, 727, 1998, 2099, 1696, 918, 911, 99, 2394, 1648, 1709, 1035, 749, 2328, 997, 1864, 983, 888, 1451, 163, 1361, 247, 75, 1078, 709, 2332, 1511, 1459, 867, 2005, 2113, 1187, 990, 1412, 437, 977, 303, 2323, 1809, 1020, 175, 384, 2184, 1087, 1560, 2288, 445, 1095, 1868, 1633, 370, 2476, 941, 2231, 2402, 570, 2483, 283, 1865, 395, 2151, 245, 2050, 1906, 719, 59, 405, 1498, 515, 2411, 1842, 2229, 2206, 1094, 2460, 2295, 1046, 2279, 631, 1591, 1340, 2320, 1016, 95, 2034, 410, 1784, 1222, 1143, 1743, 1370, 23, 2480, 2428, 1579, 2285, 421, 2070, 202, 423, 1494, 252, 279, 1544, 2491, 2257, 1181, 871, 1829, 1276, 726, 1886, 2243, 2217, 1174, 1458, 460, 408, 2238, 82, 1150, 2183, 2235, 1011, 77, 136, 1289, 2289, 2415, 765, 2348, 195, 556, 665, 1080, 1676, 2418, 2055, 1878, 938, 364, 1188, 887, 497, 63, 1373, 459, 1632, 1202, 1057, 1043, 1969, 2319, 1699, 1520, 2221, 1990, 924, 1576, 1180, 115, 2144, 178, 2119, 387, 2228, 1165, 242, 1102, 2389, 1765, 119, 1465, 861, 270, 112, 1867, 199, 995, 291, 735, 1493, 287, 1616, 2171, 950, 1006, 108, 970, 753, 1722, 397, 1336, 164, 1802, 1469, 1870, 649, 2406, 2392, 1205, 1927, 1055, 1231, 595, 1218, 575, 346, 400, 275, 2042, 2170, 1394, 134, 239, 27, 2211, 2013, 394, 845, 2131, 748, 1327, 1126, 32, 1523, 544, 1405, 1173, 87, 2300, 271, 781, 338, 314, 1783, 122, 2294, 1382, 1206, 957, 1663, 1301, 1535, 1553, 633, 1967, 1017, 1197, 1002, 1636, 1614, 137, 35, 204, 1899, 1593, 1023, 1821, 664, 634, 383, 757, 170, 1253, 557, 1042, 153, 863, 2485, 927, 2208, 1167, 2424, 94, 5, 454, 717, 1763, 1744, 71, 2458, 644, 425, 641, 1341, 1036, 680, 1320, 2472, 2489, 369, 2287, 1430, 2248, 169, 882, 1638, 385, 1109, 1351, 847, 2260, 1857, 1172, 700, 2000, 2379, 2167, 426, 1452, 710, 1589, 1925, 1876, 1436, 1950, 564, 1495, 504, 996, 2074, 1605, 583, 97, 500, 1031, 502, 1772, 760, 925, 1112, 886, 54]
(w = 5) Correct Cyclicantibandwidth
Set parameter TimeLimit to value 1800
[runlim] sample:		1151.7 time, 1150.6 real, 14691.8 MB
[runlim] sample:		1161.7 time, 1160.6 real, 16822.4 MB
[runlim] sample:		1171.8 time, 1170.6 real, 16557.4 MB
[runlim] sample:		1181.8 time, 1180.6 real, 16609.4 MB
[runlim] sample:		1191.8 time, 1190.6 real, 16668.5 MB
[runlim] sample:		1201.8 time, 1200.6 real, 16698.2 MB
[runlim] sample:		1211.8 time, 1210.6 real, 16780.5 MB
[runlim] sample:		1221.8 time, 1220.6 real, 16872.5 MB
[runlim] sample:		1231.9 time, 1230.6 real, 16963.0 MB
[runlim] sample:		1241.9 time, 1240.6 real, 17056.4 MB
[runlim] sample:		1251.9 time, 1250.6 real, 17146.9 MB
[runlim] sample:		1261.9 time, 1260.6 real, 17267.4 MB
[runlim] sample:		1271.9 time, 1270.6 real, 17362.8 MB
[runlim] sample:		1282.0 time, 1280.6 real, 17455.4 MB
[runlim] sample:		1292.0 time, 1290.6 real, 17600.4 MB
[runlim] sample:		1302.0 time, 1300.6 real, 17695.7 MB
[runlim] sample:		1312.0 time, 1310.6 real, 17791.7 MB
[runlim] sample:		1322.0 time, 1320.6 real, 17854.2 MB
[runlim] sample:		1332.0 time, 1330.6 real, 18008.3 MB
[runlim] sample:		1342.0 time, 1340.6 real, 18107.4 MB
[runlim] sample:		1352.0 time, 1350.6 real, 18207.7 MB
[runlim] sample:		1362.1 time, 1360.6 real, 18305.2 MB
[runlim] sample:		1372.1 time, 1370.6 real, 18406.2 MB
[runlim] sample:		1382.1 time, 1380.6 real, 18502.5 MB
[runlim] sample:		1392.1 time, 1390.6 real, 18643.8 MB
[runlim] sample:		1402.1 time, 1400.6 real, 18742.8 MB
[runlim] sample:		1412.1 time, 1410.6 real, 18848.1 MB
[runlim] sample:		1422.1 time, 1420.6 real, 18949.1 MB
[runlim] sample:		1432.1 time, 1430.6 real, 19051.3 MB
[runlim] sample:		1442.2 time, 1440.6 real, 19151.1 MB
[runlim] sample:		1452.2 time, 1450.6 real, 19252.6 MB
[runlim] sample:		1462.2 time, 1460.6 real, 19352.4 MB
[runlim] sample:		1472.2 time, 1470.6 real, 19460.1 MB
[runlim] sample:		1482.2 time, 1480.6 real, 19573.8 MB
[runlim] sample:		1492.2 time, 1490.6 real, 19683.5 MB
[runlim] sample:		1502.2 time, 1500.6 real, 19791.8 MB
[runlim] sample:		1512.3 time, 1510.6 real, 19900.2 MB
[runlim] sample:		1522.3 time, 1520.6 real, 20013.5 MB
[runlim] sample:		1532.3 time, 1530.6 real, 20121.4 MB
[runlim] sample:		1542.3 time, 1540.6 real, 20231.2 MB
[runlim] sample:		1552.3 time, 1550.6 real, 20337.1 MB
[runlim] sample:		1562.3 time, 1560.6 real, 20444.9 MB
[runlim] sample:		1572.4 time, 1570.6 real, 20553.7 MB
[runlim] sample:		1582.4 time, 1580.6 real, 20661.4 MB
[runlim] sample:		1592.4 time, 1590.6 real, 20771.6 MB
[runlim] sample:		1602.4 time, 1600.6 real, 20838.9 MB
[runlim] sample:		1612.4 time, 1610.6 real, 20943.4 MB
[runlim] sample:		1622.4 time, 1620.6 real, 21062.0 MB
[runlim] sample:		1632.4 time, 1630.6 real, 21160.5 MB
[runlim] sample:		1642.5 time, 1640.6 real, 21268.1 MB
[runlim] sample:		1652.5 time, 1650.6 real, 21374.6 MB
[runlim] sample:		1662.5 time, 1660.6 real, 21486.4 MB
[runlim] sample:		1672.5 time, 1670.6 real, 21596.2 MB
[runlim] sample:		1682.5 time, 1680.6 real, 21703.6 MB
[runlim] sample:		1692.5 time, 1690.6 real, 21811.3 MB
[runlim] sample:		1702.5 time, 1700.6 real, 21922.5 MB
[runlim] sample:		1712.6 time, 1710.6 real, 22028.5 MB
[runlim] sample:		1722.6 time, 1720.6 real, 22139.5 MB
[runlim] sample:		1732.6 time, 1730.6 real, 22246.7 MB
[runlim] sample:		1742.6 time, 1740.6 real, 22356.4 MB
[runlim] sample:		1752.6 time, 1750.6 real, 22463.9 MB
[runlim] sample:		1762.7 time, 1760.6 real, 22559.4 MB
[runlim] sample:		1772.7 time, 1770.6 real, 22665.6 MB
[runlim] sample:		1782.7 time, 1780.6 real, 22776.4 MB
[runlim] sample:		1792.7 time, 1790.6 real, 11816.2 MB
[runlim] sample:		1802.7 time, 1800.6 real, 0.0 MB
[runlim] end:			Mon Nov  3 15:21:30 2025
[runlim] status:		out of time
[runlim] result:		2
[runlim] children:		0
[runlim] real:			1800.66 seconds
[runlim] time:			1802.71 seconds
[runlim] space:			22828.4 MB
[runlim] samples:		18000
