[runlim] version:		1.10
[runlim] time limit:		311040000 seconds
[runlim] real time limit:	1800 seconds
[runlim] space limit:		30000 MB
[runlim] argv[0]:		python3
[runlim] argv[1]:		model.py
[runlim] argv[2]:		./graph/3dmesh/3dmesh_6_6_8.txt
[runlim] start:			Mon Nov  3 15:21:30 2025
[runlim] main pid:		21233
[runlim] log captured:
Set parameter WLSAccessID
Set parameter WLSSecret
Set parameter LicenseID to value 2663665
Academic license 2663665 - for non-commercial use only - registered to tu___@vnu.edu.vn
Set parameter TimeLimit to value 1800
(w = 4) Value Cyclicantibandwidth: 4
Lables: [265, 149, 82, 74, 48, 163, 288, 67, 119, 224, 254, 102, 170, 71, 286, 31, 182, 175, 131, 216, 19, 79, 96, 150, 255, 5, 93, 36, 258, 104, 92, 53, 222, 111, 27, 266, 239, 34, 126, 268, 155, 127, 85, 142, 174, 106, 280, 225, 191, 214, 65, 76, 21, 54, 263, 9, 181, 223, 242, 204, 69, 112, 128, 244, 43, 47, 281, 199, 157, 218, 51, 205, 133, 99, 70, 39, 63, 138, 238, 17, 55, 273, 100, 72, 121, 22, 60, 143, 167, 95, 3, 33, 64, 29, 192, 26, 271, 2, 58, 35, 201, 59, 160, 103, 208, 194, 129, 107, 279, 246, 275, 80, 166, 236, 178, 173, 284, 227, 73, 176, 14, 180, 230, 151, 77, 259, 213, 226, 83, 250, 146, 37, 283, 217, 132, 261, 41, 105, 211, 233, 117, 15, 212, 49, 183, 169, 235, 90, 130, 272, 147, 206, 270, 45, 8, 66, 260, 57, 12, 159, 177, 188, 285, 50, 25, 68, 137, 7, 161, 123, 282, 247, 141, 38, 32, 98, 124, 240, 87, 171, 61, 110, 56, 116, 44, 145, 278, 125, 245, 16, 162, 186, 118, 88, 195, 11, 202, 153, 154, 220, 179, 252, 40, 158, 109, 276, 4, 257, 62, 248, 232, 94, 210, 91, 6, 152, 113, 193, 23, 165, 215, 251, 120, 46, 229, 122, 274, 262, 136, 184, 135, 101, 144, 20, 140, 228, 86, 185, 10, 189, 1, 108, 115, 200, 52, 168, 84, 13, 287, 196, 28, 219, 134, 78, 237, 253, 269, 198, 249, 243, 164, 81, 187, 148, 197, 207, 172, 24, 234, 264, 97, 241, 18, 221, 203, 75, 267, 231, 89, 190, 256, 277, 114, 139, 30, 156, 209, 42]
(w = 4) Correct Cyclicantibandwidth
Set parameter TimeLimit to value 1800
[runlim] sample:		10.0 time, 10.7 real, 256.6 MB
(w = 5) Value Cyclicantibandwidth: 5
Lables: [265, 149, 82, 74, 48, 163, 288, 200, 119, 224, 254, 102, 170, 71, 286, 31, 182, 175, 131, 216, 19, 79, 96, 150, 255, 5, 93, 36, 258, 104, 92, 53, 222, 111, 27, 266, 239, 34, 126, 268, 155, 127, 85, 136, 174, 106, 280, 225, 191, 214, 65, 76, 21, 54, 227, 9, 181, 223, 242, 204, 69, 112, 128, 282, 43, 73, 281, 199, 157, 218, 51, 205, 133, 99, 70, 39, 63, 138, 238, 17, 55, 273, 100, 72, 121, 22, 60, 143, 167, 95, 3, 33, 67, 29, 192, 26, 271, 2, 58, 35, 201, 59, 160, 103, 208, 194, 129, 107, 279, 246, 275, 80, 166, 178, 83, 173, 284, 11, 64, 23, 14, 180, 230, 151, 77, 259, 213, 195, 116, 226, 146, 37, 283, 217, 132, 261, 41, 105, 211, 233, 117, 15, 212, 49, 183, 169, 235, 90, 130, 272, 147, 206, 270, 231, 8, 66, 260, 57, 12, 159, 177, 188, 285, 50, 25, 68, 137, 7, 161, 123, 252, 247, 81, 38, 32, 98, 124, 240, 47, 171, 61, 110, 56, 145, 44, 262, 278, 125, 245, 16, 162, 186, 176, 88, 142, 263, 202, 153, 154, 220, 179, 94, 40, 158, 109, 276, 4, 257, 62, 248, 232, 89, 210, 87, 6, 152, 113, 193, 215, 165, 190, 251, 120, 46, 229, 122, 274, 269, 244, 184, 135, 101, 144, 20, 140, 228, 118, 185, 10, 189, 86, 108, 237, 45, 52, 168, 203, 13, 115, 196, 28, 219, 250, 78, 24, 134, 91, 198, 264, 243, 164, 253, 187, 148, 287, 207, 172, 197, 234, 114, 97, 241, 141, 249, 30, 1, 267, 84, 256, 75, 18, 221, 277, 139, 236, 156, 209, 42]
(w = 5) Correct Cyclicantibandwidth
Set parameter TimeLimit to value 1800
[runlim] sample:		20.0 time, 20.7 real, 316.1 MB
(w = 6) Value Cyclicantibandwidth: 6
Lables: [265, 149, 82, 74, 48, 163, 288, 67, 119, 224, 254, 102, 170, 216, 286, 31, 182, 175, 131, 159, 19, 79, 96, 150, 255, 5, 93, 36, 258, 104, 92, 53, 222, 111, 27, 266, 239, 34, 126, 268, 155, 127, 85, 45, 174, 106, 280, 225, 191, 86, 65, 76, 21, 54, 263, 9, 181, 223, 242, 204, 69, 112, 128, 282, 43, 114, 281, 199, 157, 218, 51, 205, 133, 99, 70, 39, 63, 138, 238, 17, 55, 273, 100, 72, 121, 153, 124, 62, 167, 95, 3, 33, 64, 29, 192, 26, 271, 2, 58, 35, 201, 59, 160, 103, 208, 194, 129, 107, 279, 246, 275, 80, 166, 178, 83, 173, 284, 227, 73, 23, 14, 180, 230, 151, 261, 176, 213, 195, 116, 226, 146, 37, 283, 217, 132, 172, 41, 105, 211, 233, 117, 15, 212, 49, 183, 169, 235, 90, 130, 272, 147, 206, 270, 78, 8, 66, 260, 57, 12, 210, 177, 214, 285, 50, 25, 68, 137, 7, 161, 123, 16, 247, 81, 38, 32, 98, 259, 240, 87, 171, 61, 110, 47, 145, 44, 262, 22, 125, 245, 252, 188, 276, 118, 88, 142, 11, 202, 236, 154, 220, 179, 94, 40, 158, 278, 264, 60, 257, 162, 248, 232, 77, 193, 91, 71, 152, 113, 243, 215, 165, 109, 251, 120, 4, 229, 122, 274, 56, 136, 46, 244, 134, 144, 20, 186, 228, 198, 185, 10, 189, 140, 108, 115, 200, 52, 168, 84, 13, 287, 141, 28, 219, 250, 269, 237, 253, 156, 187, 97, 143, 164, 190, 89, 148, 197, 207, 196, 24, 234, 101, 139, 241, 135, 249, 203, 1, 6, 184, 267, 75, 18, 221, 277, 231, 30, 256, 209, 42]
(w = 6) Correct Cyclicantibandwidth
Set parameter TimeLimit to value 1800
[runlim] sample:		30.0 time, 30.7 real, 376.7 MB
(w = 7) Value Cyclicantibandwidth: 7
Lables: [265, 149, 82, 74, 48, 163, 288, 67, 119, 224, 254, 102, 170, 216, 286, 31, 182, 175, 131, 159, 19, 79, 96, 150, 255, 5, 93, 36, 258, 104, 92, 53, 222, 111, 27, 266, 239, 34, 126, 268, 155, 127, 85, 142, 174, 106, 280, 225, 191, 86, 65, 76, 21, 54, 263, 9, 181, 223, 242, 204, 69, 112, 128, 282, 43, 114, 281, 199, 157, 218, 51, 205, 133, 99, 70, 39, 63, 138, 238, 17, 55, 273, 100, 72, 121, 158, 124, 62, 167, 95, 3, 33, 64, 29, 192, 26, 271, 2, 243, 58, 201, 59, 160, 103, 208, 194, 129, 107, 279, 246, 275, 80, 22, 178, 83, 173, 284, 227, 35, 23, 14, 180, 230, 151, 261, 176, 213, 195, 116, 226, 146, 37, 283, 217, 132, 172, 41, 105, 211, 233, 117, 15, 212, 49, 183, 169, 235, 90, 130, 272, 147, 206, 270, 45, 8, 66, 260, 57, 12, 210, 177, 214, 285, 50, 25, 68, 137, 7, 161, 123, 252, 32, 244, 38, 118, 98, 259, 250, 87, 171, 61, 110, 47, 145, 44, 262, 278, 125, 245, 16, 188, 276, 40, 88, 73, 257, 202, 153, 154, 220, 179, 94, 148, 60, 77, 274, 4, 221, 162, 248, 232, 89, 56, 91, 71, 152, 113, 193, 215, 165, 109, 251, 120, 46, 229, 122, 11, 269, 136, 184, 135, 101, 144, 20, 186, 228, 198, 185, 10, 189, 140, 108, 115, 200, 52, 166, 84, 13, 287, 141, 28, 219, 134, 78, 237, 253, 156, 264, 249, 236, 164, 81, 187, 30, 197, 207, 196, 143, 234, 203, 97, 241, 18, 209, 24, 1, 6, 231, 247, 75, 190, 277, 240, 139, 267, 168, 256, 42]
(w = 7) Correct Cyclicantibandwidth
Set parameter TimeLimit to value 1800
[runlim] sample:		40.0 time, 40.7 real, 390.4 MB
(w = 8) Value Cyclicantibandwidth: 8
Lables: [265, 149, 82, 74, 48, 163, 288, 67, 119, 224, 254, 102, 170, 216, 286, 31, 236, 175, 131, 159, 19, 79, 96, 150, 255, 5, 93, 36, 258, 104, 92, 53, 222, 111, 27, 266, 239, 34, 126, 268, 155, 127, 85, 135, 174, 106, 280, 225, 191, 86, 65, 76, 21, 54, 263, 9, 181, 223, 242, 204, 69, 112, 128, 282, 43, 114, 281, 199, 157, 218, 51, 205, 133, 99, 70, 39, 63, 138, 238, 17, 55, 273, 100, 72, 121, 158, 124, 62, 167, 95, 3, 33, 64, 29, 192, 26, 271, 2, 279, 262, 201, 59, 160, 103, 208, 194, 129, 107, 213, 246, 275, 80, 22, 178, 83, 276, 284, 227, 73, 23, 14, 180, 230, 151, 261, 176, 244, 195, 116, 226, 146, 37, 283, 217, 132, 172, 41, 105, 211, 233, 117, 15, 212, 49, 183, 169, 235, 90, 130, 272, 147, 206, 270, 45, 8, 66, 260, 120, 12, 210, 177, 214, 285, 50, 25, 68, 137, 7, 161, 123, 88, 32, 81, 38, 118, 98, 259, 250, 115, 171, 61, 110, 47, 145, 44, 287, 278, 58, 245, 16, 188, 57, 40, 247, 142, 257, 202, 153, 154, 220, 179, 94, 148, 60, 77, 274, 4, 221, 162, 248, 232, 89, 56, 87, 71, 152, 113, 193, 215, 165, 109, 251, 182, 46, 229, 122, 11, 269, 136, 184, 252, 101, 144, 20, 186, 228, 198, 185, 10, 189, 140, 108, 173, 200, 52, 166, 84, 13, 35, 141, 28, 219, 134, 78, 237, 253, 91, 264, 249, 1, 164, 190, 243, 187, 197, 207, 196, 143, 234, 125, 97, 241, 18, 209, 24, 75, 6, 231, 267, 277, 256, 203, 30, 139, 156, 168, 240, 42]
(w = 8) Correct Cyclicantibandwidth
Set parameter TimeLimit to value 1800
[runlim] sample:		50.1 time, 50.7 real, 406.7 MB
(w = 9) Value Cyclicantibandwidth: 9
Lables: [265, 149, 236, 74, 48, 163, 288, 67, 119, 224, 254, 102, 170, 216, 286, 31, 182, 275, 131, 159, 19, 79, 96, 150, 255, 5, 93, 36, 258, 104, 92, 53, 222, 111, 27, 266, 239, 34, 126, 268, 155, 127, 85, 43, 174, 106, 280, 225, 191, 86, 65, 76, 21, 54, 263, 9, 181, 223, 242, 204, 69, 112, 128, 282, 82, 114, 281, 199, 157, 218, 51, 205, 133, 99, 70, 39, 63, 138, 238, 17, 55, 273, 100, 72, 121, 158, 124, 62, 167, 95, 3, 33, 64, 29, 192, 26, 271, 2, 279, 262, 201, 59, 160, 103, 208, 194, 129, 107, 213, 246, 105, 80, 22, 178, 83, 173, 284, 227, 73, 23, 14, 237, 260, 151, 261, 176, 244, 195, 116, 226, 146, 37, 283, 217, 132, 172, 230, 136, 211, 233, 117, 15, 212, 156, 183, 169, 235, 90, 130, 272, 147, 206, 270, 45, 8, 66, 75, 57, 12, 210, 177, 214, 285, 219, 25, 68, 137, 7, 50, 123, 41, 247, 81, 38, 32, 98, 259, 165, 175, 245, 171, 110, 47, 145, 44, 287, 56, 125, 220, 16, 188, 276, 118, 88, 142, 257, 202, 153, 154, 190, 179, 94, 40, 61, 278, 264, 60, 221, 162, 248, 232, 77, 193, 87, 252, 152, 113, 243, 215, 249, 109, 251, 4, 46, 229, 122, 274, 42, 198, 184, 11, 134, 144, 20, 186, 228, 58, 185, 10, 189, 140, 108, 35, 200, 52, 166, 84, 13, 115, 141, 28, 101, 250, 78, 24, 203, 91, 187, 97, 161, 49, 269, 143, 267, 18, 207, 196, 71, 234, 120, 168, 241, 135, 209, 164, 1, 6, 231, 89, 148, 180, 197, 277, 139, 30, 256, 240, 253]
(w = 9) Correct Cyclicantibandwidth
Set parameter TimeLimit to value 1800
[runlim] sample:		60.1 time, 60.7 real, 402.2 MB
(w = 10) Value Cyclicantibandwidth: 10
Lables: [265, 149, 82, 8, 48, 163, 288, 67, 119, 224, 254, 102, 170, 216, 286, 31, 182, 275, 131, 159, 19, 79, 96, 150, 255, 5, 93, 36, 258, 104, 92, 53, 222, 111, 27, 266, 239, 34, 126, 268, 155, 127, 85, 51, 174, 106, 280, 225, 191, 86, 65, 76, 21, 54, 263, 9, 181, 223, 242, 204, 69, 112, 128, 282, 43, 114, 281, 199, 157, 218, 197, 156, 205, 99, 70, 39, 63, 138, 238, 17, 55, 273, 100, 72, 121, 158, 124, 62, 167, 95, 3, 33, 64, 29, 146, 26, 192, 2, 279, 262, 88, 59, 160, 103, 57, 194, 129, 107, 228, 246, 105, 80, 22, 178, 83, 173, 284, 227, 73, 23, 14, 237, 260, 151, 261, 176, 213, 195, 116, 226, 201, 37, 283, 271, 132, 172, 230, 136, 211, 233, 117, 15, 212, 49, 183, 169, 235, 90, 130, 272, 147, 206, 270, 45, 234, 66, 75, 133, 12, 210, 177, 214, 285, 50, 25, 68, 137, 7, 161, 123, 41, 247, 81, 38, 32, 98, 259, 165, 244, 171, 61, 110, 47, 145, 44, 287, 278, 58, 245, 16, 188, 276, 118, 208, 142, 257, 202, 153, 154, 220, 179, 94, 40, 60, 77, 274, 4, 221, 162, 248, 232, 250, 56, 87, 71, 152, 113, 193, 215, 74, 109, 251, 139, 46, 229, 122, 11, 42, 198, 184, 168, 236, 144, 20, 186, 134, 264, 185, 10, 189, 140, 108, 35, 200, 52, 166, 84, 13, 217, 141, 28, 219, 269, 252, 24, 253, 91, 187, 249, 1, 164, 190, 243, 78, 18, 207, 196, 143, 89, 120, 97, 241, 101, 209, 115, 203, 125, 231, 135, 148, 180, 277, 30, 256, 6, 175, 240, 267]
(w = 10) Correct Cyclicantibandwidth
Set parameter TimeLimit to value 1800
[runlim] sample:		70.1 time, 70.7 real, 418.2 MB
(w = 11) Value Cyclicantibandwidth: 11
Lables: [265, 149, 82, 8, 48, 163, 288, 67, 119, 224, 254, 102, 170, 216, 286, 31, 182, 275, 131, 159, 19, 79, 96, 150, 236, 5, 93, 36, 258, 84, 92, 53, 222, 111, 27, 266, 239, 34, 126, 268, 155, 127, 223, 3, 174, 255, 280, 225, 191, 86, 65, 76, 21, 54, 263, 9, 181, 261, 242, 204, 69, 112, 128, 282, 43, 114, 281, 199, 157, 218, 197, 156, 205, 99, 70, 165, 63, 138, 238, 17, 55, 273, 100, 72, 121, 158, 124, 62, 167, 95, 144, 33, 64, 29, 192, 26, 271, 2, 279, 262, 249, 59, 160, 103, 208, 194, 129, 107, 228, 246, 105, 80, 22, 250, 83, 173, 284, 227, 73, 23, 14, 237, 260, 151, 211, 176, 213, 195, 116, 226, 146, 37, 283, 51, 132, 178, 230, 136, 52, 233, 117, 15, 212, 49, 183, 169, 235, 104, 130, 272, 147, 206, 270, 45, 57, 85, 75, 25, 201, 221, 177, 214, 285, 50, 217, 68, 10, 139, 161, 123, 41, 247, 81, 38, 32, 98, 259, 108, 66, 12, 171, 110, 47, 145, 44, 287, 56, 125, 245, 16, 188, 276, 118, 88, 142, 257, 202, 153, 154, 220, 179, 94, 40, 61, 278, 264, 60, 168, 24, 248, 232, 77, 210, 87, 252, 152, 113, 193, 162, 74, 109, 251, 4, 46, 229, 172, 274, 42, 198, 184, 244, 134, 240, 20, 186, 231, 58, 106, 215, 189, 140, 122, 35, 200, 133, 166, 203, 137, 115, 141, 28, 219, 269, 78, 143, 253, 91, 187, 97, 243, 164, 190, 39, 148, 11, 90, 196, 71, 185, 120, 89, 207, 101, 209, 30, 1, 6, 256, 135, 13, 180, 241, 18, 7, 267, 175, 234, 277]
(w = 11) Correct Cyclicantibandwidth
Set parameter TimeLimit to value 1800
[runlim] sample:		80.1 time, 80.7 real, 432.7 MB
[runlim] sample:		90.1 time, 90.7 real, 513.7 MB
(w = 12) Value Cyclicantibandwidth: 12
Lables: [265, 149, 82, 8, 48, 163, 288, 67, 119, 224, 254, 102, 170, 216, 286, 31, 182, 275, 131, 159, 19, 79, 96, 150, 255, 5, 93, 36, 258, 104, 92, 53, 222, 111, 27, 266, 239, 34, 126, 268, 155, 127, 85, 125, 174, 106, 280, 225, 191, 86, 138, 76, 21, 54, 263, 9, 181, 223, 242, 204, 69, 112, 128, 236, 43, 166, 281, 199, 157, 218, 197, 251, 205, 99, 70, 39, 63, 37, 238, 17, 55, 273, 100, 72, 121, 158, 124, 62, 167, 95, 3, 33, 64, 29, 192, 26, 271, 207, 279, 262, 249, 59, 160, 103, 208, 194, 129, 107, 228, 246, 105, 80, 22, 178, 83, 173, 284, 227, 73, 23, 14, 237, 260, 151, 261, 176, 213, 195, 116, 226, 146, 164, 283, 51, 132, 172, 230, 136, 211, 233, 117, 15, 212, 49, 183, 169, 235, 57, 130, 272, 147, 206, 270, 45, 2, 122, 75, 133, 201, 90, 177, 214, 285, 50, 25, 68, 10, 139, 161, 123, 41, 247, 81, 38, 32, 98, 259, 114, 66, 12, 171, 110, 47, 145, 44, 65, 278, 58, 245, 16, 188, 276, 118, 88, 142, 257, 202, 153, 154, 220, 179, 94, 40, 61, 77, 274, 60, 221, 162, 248, 232, 144, 210, 87, 252, 152, 113, 193, 215, 165, 109, 189, 4, 46, 229, 84, 7, 42, 198, 184, 244, 134, 267, 20, 186, 250, 264, 185, 1, 203, 140, 108, 35, 200, 52, 190, 120, 13, 115, 141, 28, 219, 269, 78, 24, 253, 91, 11, 97, 243, 56, 175, 187, 148, 18, 287, 196, 71, 234, 101, 217, 74, 135, 209, 168, 277, 282, 231, 89, 143, 180, 241, 30, 256, 6, 156, 240, 137]
(w = 12) Correct Cyclicantibandwidth
Set parameter TimeLimit to value 1800
[runlim] sample:		100.1 time, 100.7 real, 484.7 MB
(w = 13) Value Cyclicantibandwidth: 13
Lables: [265, 149, 82, 8, 48, 163, 288, 67, 119, 224, 254, 102, 170, 216, 286, 31, 182, 275, 131, 159, 19, 79, 96, 150, 255, 5, 93, 36, 258, 104, 92, 53, 222, 111, 27, 266, 239, 34, 126, 268, 155, 127, 85, 140, 174, 106, 280, 225, 191, 86, 65, 240, 21, 54, 263, 9, 181, 223, 242, 204, 69, 112, 128, 282, 43, 166, 281, 199, 157, 218, 197, 57, 205, 99, 70, 39, 63, 237, 238, 17, 55, 273, 100, 72, 121, 158, 124, 62, 167, 95, 3, 33, 64, 29, 192, 26, 134, 2, 277, 262, 249, 59, 160, 103, 208, 194, 129, 107, 279, 246, 105, 80, 22, 141, 178, 144, 284, 227, 73, 176, 14, 180, 260, 151, 261, 7, 213, 195, 83, 226, 146, 177, 283, 51, 132, 172, 41, 136, 211, 233, 117, 15, 212, 49, 183, 169, 235, 6, 130, 272, 147, 206, 270, 45, 154, 66, 75, 244, 201, 90, 138, 175, 285, 50, 25, 68, 210, 139, 161, 123, 252, 32, 81, 38, 118, 98, 214, 133, 256, 12, 236, 110, 47, 116, 44, 145, 56, 125, 245, 16, 188, 276, 40, 88, 142, 257, 202, 153, 221, 190, 60, 94, 148, 61, 278, 264, 4, 228, 162, 248, 232, 77, 193, 87, 71, 152, 113, 243, 23, 165, 109, 179, 89, 46, 229, 122, 274, 42, 198, 184, 11, 171, 287, 20, 10, 259, 215, 185, 30, 189, 230, 108, 35, 200, 52, 168, 84, 137, 217, 58, 28, 219, 173, 78, 37, 253, 91, 269, 271, 1, 164, 76, 187, 114, 247, 207, 267, 24, 234, 101, 97, 241, 196, 209, 115, 74, 120, 186, 135, 13, 250, 203, 18, 231, 156, 220, 143, 251]
(w = 13) Correct Cyclicantibandwidth
Set parameter TimeLimit to value 1800
[runlim] sample:		110.2 time, 110.7 real, 444.1 MB
[runlim] sample:		120.2 time, 120.7 real, 545.1 MB
(w = 14) Value Cyclicantibandwidth: 14
Lables: [265, 149, 82, 8, 48, 163, 288, 67, 119, 224, 254, 102, 170, 216, 286, 31, 182, 275, 131, 159, 19, 79, 96, 150, 255, 5, 93, 36, 258, 104, 92, 171, 222, 238, 27, 266, 239, 34, 190, 268, 155, 127, 85, 111, 174, 106, 280, 225, 191, 86, 65, 240, 21, 54, 263, 9, 207, 175, 242, 204, 69, 112, 128, 282, 43, 166, 281, 199, 157, 218, 197, 251, 205, 99, 70, 39, 63, 237, 262, 17, 55, 273, 100, 72, 121, 158, 124, 62, 167, 95, 3, 33, 64, 29, 192, 26, 271, 2, 230, 58, 249, 59, 160, 103, 208, 194, 129, 107, 279, 246, 105, 80, 22, 141, 178, 144, 284, 227, 73, 176, 14, 180, 260, 151, 261, 7, 213, 195, 83, 226, 146, 177, 117, 51, 132, 172, 41, 136, 211, 233, 108, 15, 212, 49, 183, 169, 235, 57, 130, 272, 147, 206, 270, 179, 56, 122, 75, 244, 201, 90, 138, 236, 285, 50, 25, 68, 10, 139, 161, 123, 252, 32, 81, 38, 118, 98, 214, 133, 66, 12, 137, 110, 47, 116, 44, 145, 278, 53, 245, 16, 188, 276, 40, 88, 142, 257, 202, 153, 154, 220, 60, 94, 148, 61, 37, 274, 4, 221, 162, 248, 232, 77, 193, 87, 6, 152, 113, 243, 23, 165, 109, 189, 89, 143, 229, 84, 11, 42, 198, 46, 168, 134, 267, 20, 140, 259, 215, 185, 1, 203, 234, 184, 115, 45, 228, 181, 114, 13, 217, 196, 28, 219, 173, 78, 52, 253, 91, 264, 283, 200, 164, 35, 76, 187, 247, 71, 18, 269, 287, 120, 97, 241, 101, 209, 24, 74, 125, 223, 135, 186, 256, 231, 277, 250, 30, 156, 210, 126]
(w = 14) Correct Cyclicantibandwidth
Set parameter TimeLimit to value 1800
[runlim] sample:		130.2 time, 130.7 real, 542.0 MB
(w = 15) Value Cyclicantibandwidth: 15
Lables: [265, 149, 82, 8, 48, 163, 288, 67, 119, 224, 254, 102, 170, 216, 286, 31, 182, 275, 70, 159, 19, 79, 96, 150, 255, 5, 93, 36, 258, 104, 92, 53, 222, 111, 27, 266, 239, 34, 126, 268, 155, 127, 85, 106, 174, 131, 280, 225, 191, 86, 65, 240, 21, 54, 263, 9, 181, 223, 242, 204, 69, 112, 128, 282, 43, 166, 281, 199, 157, 218, 197, 251, 205, 99, 183, 39, 63, 237, 238, 17, 55, 273, 100, 72, 121, 158, 124, 62, 167, 95, 3, 33, 64, 29, 192, 26, 271, 2, 230, 262, 208, 59, 160, 103, 211, 194, 249, 107, 279, 246, 105, 80, 22, 141, 178, 144, 188, 227, 73, 176, 14, 180, 260, 151, 261, 7, 213, 195, 83, 226, 146, 177, 117, 51, 132, 172, 41, 136, 101, 233, 108, 129, 212, 49, 66, 169, 235, 57, 130, 272, 147, 206, 270, 179, 56, 122, 75, 244, 201, 90, 138, 175, 285, 50, 25, 68, 10, 139, 161, 245, 162, 247, 81, 38, 32, 98, 214, 114, 284, 12, 137, 110, 47, 116, 44, 145, 278, 58, 220, 16, 236, 276, 118, 88, 142, 257, 202, 153, 234, 190, 60, 94, 40, 61, 37, 274, 4, 221, 24, 248, 232, 77, 193, 87, 252, 152, 113, 228, 23, 243, 109, 189, 89, 143, 287, 84, 11, 42, 198, 46, 168, 134, 267, 20, 140, 259, 133, 185, 215, 283, 1, 241, 115, 45, 71, 154, 203, 13, 217, 196, 28, 219, 173, 78, 229, 15, 91, 123, 253, 200, 164, 35, 76, 148, 18, 256, 6, 269, 250, 120, 97, 74, 264, 209, 52, 207, 125, 184, 135, 186, 30, 187, 277, 231, 171, 156, 210, 165]
(w = 15) Correct Cyclicantibandwidth
Set parameter TimeLimit to value 1800
[runlim] sample:		140.2 time, 140.7 real, 503.4 MB
[runlim] sample:		150.2 time, 150.7 real, 571.3 MB
(w = 16) Value Cyclicantibandwidth: 16
Lables: [265, 149, 82, 8, 48, 163, 288, 67, 119, 224, 254, 102, 170, 216, 286, 31, 182, 275, 106, 159, 19, 79, 96, 150, 255, 5, 93, 36, 258, 104, 92, 53, 222, 111, 27, 66, 239, 34, 126, 268, 155, 127, 85, 135, 174, 70, 280, 225, 191, 86, 65, 240, 21, 54, 263, 9, 181, 223, 242, 204, 69, 112, 128, 282, 43, 166, 281, 219, 157, 218, 197, 251, 205, 99, 266, 39, 63, 237, 238, 17, 55, 273, 100, 72, 121, 158, 124, 62, 167, 95, 235, 33, 64, 29, 192, 26, 271, 2, 230, 262, 123, 59, 160, 103, 208, 172, 249, 107, 279, 246, 105, 80, 22, 141, 178, 144, 284, 227, 73, 176, 14, 180, 260, 151, 261, 7, 213, 236, 83, 226, 146, 177, 117, 51, 132, 244, 41, 136, 211, 233, 108, 129, 212, 49, 183, 122, 199, 57, 130, 272, 147, 206, 118, 179, 56, 37, 75, 133, 201, 90, 138, 175, 285, 50, 25, 68, 10, 139, 142, 245, 162, 32, 81, 38, 40, 98, 214, 250, 195, 12, 137, 71, 47, 116, 44, 145, 278, 125, 220, 16, 188, 276, 217, 88, 42, 257, 89, 153, 154, 190, 94, 3, 148, 61, 194, 274, 4, 221, 24, 248, 232, 161, 193, 87, 252, 152, 113, 243, 23, 165, 109, 189, 247, 46, 287, 84, 11, 60, 198, 267, 168, 134, 215, 20, 283, 169, 264, 185, 1, 110, 140, 241, 115, 45, 228, 210, 203, 13, 35, 196, 28, 58, 173, 78, 229, 15, 131, 253, 97, 200, 164, 270, 76, 114, 18, 143, 6, 184, 234, 91, 187, 256, 101, 209, 52, 74, 120, 171, 77, 186, 269, 231, 277, 259, 207, 30, 156, 202]
(w = 16) Correct Cyclicantibandwidth
Set parameter TimeLimit to value 1800
[runlim] sample:		160.3 time, 160.7 real, 566.7 MB
[runlim] sample:		170.3 time, 170.7 real, 643.6 MB
(w = 17) Value Cyclicantibandwidth: 17
Lables: [265, 149, 82, 8, 48, 163, 288, 67, 119, 224, 254, 102, 170, 216, 286, 31, 182, 275, 131, 159, 19, 79, 96, 150, 255, 5, 93, 36, 258, 104, 92, 53, 222, 111, 27, 266, 239, 34, 126, 268, 155, 127, 85, 112, 174, 106, 280, 225, 191, 86, 65, 199, 21, 54, 263, 9, 181, 223, 242, 204, 69, 236, 128, 282, 43, 166, 281, 74, 157, 218, 197, 238, 205, 99, 70, 39, 63, 237, 248, 17, 145, 273, 100, 72, 121, 158, 124, 62, 167, 95, 3, 33, 64, 29, 192, 26, 271, 75, 230, 262, 123, 59, 160, 103, 208, 172, 249, 107, 44, 246, 105, 80, 22, 141, 178, 144, 284, 227, 73, 176, 14, 180, 260, 151, 261, 7, 213, 55, 83, 226, 146, 177, 117, 194, 132, 244, 41, 136, 211, 233, 108, 129, 212, 49, 183, 122, 235, 57, 130, 272, 147, 206, 118, 179, 56, 37, 195, 133, 201, 51, 138, 175, 285, 219, 25, 68, 10, 139, 50, 245, 162, 32, 81, 38, 98, 279, 214, 250, 15, 171, 137, 71, 47, 116, 240, 78, 66, 125, 220, 16, 188, 276, 40, 88, 142, 257, 89, 153, 154, 190, 60, 94, 148, 61, 278, 215, 4, 221, 24, 264, 232, 90, 193, 87, 252, 152, 113, 243, 23, 165, 109, 251, 1, 46, 161, 84, 274, 42, 198, 267, 11, 134, 229, 20, 283, 169, 200, 114, 45, 189, 140, 241, 115, 135, 228, 168, 203, 13, 217, 196, 28, 58, 173, 287, 52, 253, 91, 187, 77, 156, 184, 35, 110, 164, 247, 207, 97, 269, 76, 120, 185, 256, 18, 209, 186, 270, 6, 210, 143, 277, 30, 101, 231, 259, 12, 234, 202, 2]
(w = 17) Correct Cyclicantibandwidth
Set parameter TimeLimit to value 1800
[runlim] sample:		180.3 time, 180.7 real, 578.1 MB
[runlim] sample:		190.3 time, 190.7 real, 522.0 MB
(w = 18) Value Cyclicantibandwidth: 18
Lables: [265, 149, 82, 8, 48, 163, 288, 67, 119, 224, 254, 102, 170, 216, 286, 31, 182, 275, 131, 159, 19, 79, 207, 150, 255, 5, 93, 36, 258, 104, 92, 53, 222, 111, 27, 266, 239, 34, 126, 268, 155, 127, 85, 123, 174, 106, 280, 225, 191, 86, 65, 186, 21, 54, 263, 9, 181, 223, 242, 204, 69, 112, 56, 282, 43, 166, 281, 199, 77, 218, 197, 238, 205, 99, 70, 39, 63, 237, 248, 17, 145, 273, 100, 72, 121, 158, 124, 62, 167, 95, 3, 33, 64, 29, 192, 26, 271, 2, 230, 262, 6, 59, 160, 103, 208, 172, 249, 107, 279, 246, 105, 80, 22, 178, 83, 173, 284, 227, 73, 23, 14, 129, 260, 151, 261, 176, 213, 55, 116, 226, 146, 4, 117, 194, 89, 135, 41, 136, 211, 233, 108, 15, 212, 49, 183, 128, 235, 57, 130, 272, 147, 206, 118, 179, 96, 122, 75, 244, 201, 236, 138, 214, 285, 219, 25, 68, 10, 139, 50, 245, 134, 247, 81, 38, 132, 98, 177, 133, 175, 12, 137, 110, 47, 234, 44, 157, 66, 87, 220, 16, 188, 276, 40, 120, 142, 257, 37, 153, 154, 190, 88, 195, 148, 61, 278, 215, 60, 221, 24, 264, 232, 144, 210, 91, 252, 152, 113, 32, 94, 165, 109, 251, 1, 143, 161, 240, 274, 42, 198, 46, 11, 101, 7, 114, 125, 259, 58, 20, 169, 283, 200, 241, 115, 45, 228, 168, 140, 13, 185, 156, 28, 209, 250, 78, 229, 253, 71, 187, 97, 243, 184, 35, 90, 267, 287, 162, 74, 269, 217, 76, 196, 231, 18, 189, 52, 203, 84, 171, 256, 164, 30, 270, 277, 193, 141, 51, 202, 180]
(w = 18) Correct Cyclicantibandwidth
Set parameter TimeLimit to value 1800
[runlim] sample:		200.3 time, 200.7 real, 588.6 MB
(w = 19) Value Cyclicantibandwidth: 19
Lables: [265, 149, 82, 8, 48, 163, 288, 67, 119, 224, 254, 102, 170, 216, 286, 31, 182, 275, 199, 159, 19, 79, 215, 150, 255, 5, 93, 36, 258, 104, 92, 53, 222, 111, 27, 266, 239, 34, 126, 268, 155, 127, 85, 131, 174, 106, 280, 225, 191, 86, 65, 240, 21, 54, 263, 9, 181, 10, 242, 204, 69, 112, 141, 226, 43, 166, 281, 236, 77, 11, 197, 238, 205, 99, 259, 39, 63, 237, 248, 17, 218, 273, 100, 72, 121, 158, 124, 62, 167, 95, 3, 33, 64, 29, 192, 26, 271, 2, 230, 262, 123, 59, 223, 103, 208, 172, 249, 107, 279, 246, 105, 80, 22, 178, 83, 173, 284, 227, 73, 23, 171, 129, 260, 151, 261, 176, 213, 55, 116, 250, 146, 4, 117, 194, 89, 135, 41, 136, 264, 233, 108, 15, 212, 49, 183, 160, 235, 57, 130, 272, 147, 206, 118, 179, 211, 66, 75, 244, 201, 51, 138, 214, 285, 219, 25, 156, 220, 139, 50, 245, 282, 247, 81, 38, 132, 98, 177, 133, 175, 12, 137, 110, 47, 145, 44, 157, 56, 87, 251, 16, 188, 276, 217, 134, 232, 257, 40, 153, 154, 190, 128, 94, 148, 61, 278, 91, 60, 221, 24, 115, 37, 144, 210, 152, 252, 84, 113, 32, 162, 74, 109, 189, 165, 7, 229, 122, 274, 42, 198, 46, 168, 101, 234, 20, 125, 13, 58, 185, 1, 142, 200, 241, 35, 96, 228, 45, 140, 14, 283, 196, 28, 180, 202, 169, 193, 253, 71, 269, 97, 68, 88, 164, 243, 78, 287, 207, 6, 143, 76, 120, 187, 90, 267, 209, 52, 203, 114, 184, 161, 186, 18, 270, 277, 231, 30, 256, 195, 70]
(w = 19) Correct Cyclicantibandwidth
Set parameter TimeLimit to value 1800
[runlim] sample:		210.3 time, 210.7 real, 530.3 MB
[runlim] sample:		220.4 time, 220.7 real, 595.3 MB
[runlim] sample:		230.4 time, 230.7 real, 399.8 MB
(w = 20) Value Cyclicantibandwidth: 20
Lables: [265, 149, 82, 8, 48, 163, 288, 67, 119, 224, 254, 102, 170, 216, 286, 31, 182, 275, 131, 159, 19, 79, 215, 133, 255, 5, 93, 36, 258, 104, 92, 53, 222, 111, 27, 266, 239, 34, 126, 268, 155, 127, 85, 116, 174, 106, 280, 225, 191, 86, 65, 240, 21, 54, 263, 9, 181, 2, 242, 204, 69, 220, 141, 226, 43, 166, 281, 199, 77, 11, 197, 238, 205, 99, 70, 39, 185, 237, 248, 17, 218, 273, 100, 72, 121, 158, 124, 62, 167, 95, 3, 33, 64, 29, 192, 26, 271, 251, 230, 262, 123, 59, 223, 103, 208, 172, 249, 107, 279, 246, 105, 80, 22, 178, 83, 173, 284, 227, 73, 23, 14, 129, 260, 151, 261, 176, 213, 55, 112, 250, 146, 4, 117, 194, 89, 135, 41, 136, 264, 233, 63, 15, 212, 49, 183, 160, 235, 57, 130, 272, 147, 206, 118, 179, 211, 66, 75, 244, 201, 51, 138, 214, 285, 219, 25, 156, 195, 139, 50, 245, 282, 247, 81, 38, 132, 98, 177, 217, 175, 12, 137, 110, 47, 145, 44, 157, 56, 87, 161, 16, 188, 276, 108, 134, 232, 257, 40, 153, 154, 190, 128, 94, 148, 61, 278, 91, 60, 221, 24, 115, 37, 144, 210, 152, 252, 84, 113, 32, 162, 74, 109, 189, 165, 7, 229, 122, 274, 42, 198, 46, 168, 101, 234, 20, 125, 259, 58, 236, 1, 142, 200, 171, 35, 96, 228, 45, 140, 13, 78, 196, 28, 180, 202, 169, 193, 253, 71, 269, 97, 68, 88, 164, 243, 114, 287, 207, 283, 143, 76, 203, 187, 90, 241, 209, 52, 10, 6, 231, 184, 267, 18, 270, 30, 256, 277, 120, 186, 150]
(w = 20) Correct Cyclicantibandwidth
Set parameter TimeLimit to value 1800
[runlim] sample:		240.4 time, 240.7 real, 607.5 MB
[runlim] sample:		250.4 time, 250.7 real, 693.1 MB
(w = 21) Value Cyclicantibandwidth: 21
Lables: [265, 149, 206, 8, 48, 163, 226, 67, 105, 224, 254, 203, 56, 270, 174, 31, 92, 275, 80, 159, 260, 175, 10, 172, 255, 5, 93, 36, 258, 104, 199, 53, 222, 198, 27, 266, 239, 205, 126, 268, 242, 127, 78, 117, 6, 177, 77, 225, 191, 152, 65, 240, 217, 22, 124, 9, 94, 39, 69, 204, 228, 112, 141, 183, 43, 166, 281, 76, 103, 82, 197, 238, 168, 243, 70, 190, 154, 285, 248, 271, 218, 288, 131, 263, 121, 229, 286, 62, 167, 95, 287, 33, 64, 115, 192, 26, 23, 57, 11, 136, 269, 59, 138, 3, 129, 202, 24, 189, 236, 72, 256, 158, 91, 178, 83, 173, 284, 227, 66, 207, 14, 49, 128, 151, 261, 176, 213, 125, 86, 250, 223, 4, 55, 194, 247, 106, 54, 118, 264, 233, 108, 15, 274, 147, 210, 234, 181, 216, 130, 63, 45, 273, 146, 16, 262, 21, 182, 133, 201, 50, 137, 214, 132, 74, 164, 101, 40, 84, 161, 119, 185, 17, 81, 179, 32, 98, 162, 114, 244, 220, 61, 110, 47, 116, 44, 87, 279, 58, 245, 156, 188, 160, 230, 88, 142, 257, 89, 241, 153, 208, 60, 195, 18, 113, 37, 13, 246, 221, 200, 134, 232, 144, 211, 155, 38, 99, 237, 193, 73, 165, 109, 251, 139, 7, 272, 122, 148, 42, 276, 145, 75, 170, 41, 20, 186, 123, 267, 143, 169, 283, 140, 184, 29, 96, 2, 100, 111, 46, 79, 30, 180, 219, 85, 252, 280, 253, 71, 187, 249, 28, 209, 282, 35, 278, 19, 235, 25, 102, 150, 120, 97, 51, 90, 34, 259, 212, 196, 12, 52, 277, 171, 135, 157, 231, 1, 215, 68, 107]
(w = 21) Correct Cyclicantibandwidth
Set parameter TimeLimit to value 1800
[runlim] sample:		260.4 time, 260.7 real, 608.1 MB
[runlim] sample:		270.4 time, 270.7 real, 661.7 MB
(w = 22) Value Cyclicantibandwidth: 22
Lables: [265, 149, 82, 8, 48, 163, 288, 67, 119, 224, 254, 102, 65, 216, 286, 31, 182, 275, 131, 159, 122, 79, 215, 150, 255, 5, 93, 36, 258, 104, 92, 53, 222, 111, 27, 266, 239, 199, 126, 268, 155, 127, 85, 130, 174, 106, 280, 225, 278, 86, 34, 240, 21, 54, 170, 9, 181, 10, 242, 204, 69, 112, 141, 226, 43, 166, 281, 26, 77, 11, 197, 238, 205, 99, 70, 39, 63, 207, 248, 17, 218, 273, 100, 72, 121, 158, 124, 62, 167, 95, 3, 33, 64, 115, 192, 128, 233, 2, 230, 35, 262, 59, 160, 103, 208, 256, 129, 191, 279, 246, 105, 80, 22, 178, 83, 173, 284, 227, 73, 23, 14, 49, 260, 151, 261, 176, 213, 125, 29, 250, 55, 4, 283, 51, 132, 172, 146, 118, 211, 164, 108, 15, 212, 147, 183, 19, 235, 57, 107, 272, 45, 206, 76, 179, 154, 66, 75, 244, 201, 90, 177, 214, 285, 50, 161, 68, 137, 84, 168, 123, 41, 247, 81, 38, 32, 98, 259, 133, 175, 12, 61, 162, 47, 116, 44, 145, 184, 58, 245, 16, 188, 276, 40, 88, 117, 257, 89, 153, 236, 157, 60, 94, 18, 271, 194, 274, 87, 6, 156, 134, 232, 144, 56, 91, 252, 78, 113, 193, 228, 165, 109, 251, 139, 7, 148, 237, 267, 42, 198, 46, 223, 101, 24, 114, 140, 190, 152, 185, 217, 142, 1, 241, 210, 135, 52, 234, 203, 13, 270, 196, 28, 136, 202, 169, 37, 253, 71, 187, 249, 200, 277, 96, 243, 219, 287, 143, 25, 269, 74, 264, 97, 231, 180, 209, 30, 220, 120, 20, 110, 186, 229, 138, 171, 195, 221, 282, 189, 263]
(w = 22) Correct Cyclicantibandwidth
Set parameter TimeLimit to value 1800
[runlim] sample:		280.5 time, 280.7 real, 593.2 MB
[runlim] sample:		290.5 time, 290.7 real, 684.4 MB
(w = 23) Value Cyclicantibandwidth: 23
Lables: [265, 149, 82, 8, 48, 163, 210, 67, 119, 224, 254, 102, 170, 216, 286, 31, 182, 275, 131, 159, 200, 79, 215, 150, 255, 5, 93, 36, 258, 19, 92, 53, 222, 111, 27, 266, 239, 34, 126, 268, 155, 127, 85, 113, 174, 106, 280, 225, 122, 86, 30, 76, 21, 54, 263, 9, 117, 180, 242, 204, 69, 236, 141, 226, 43, 114, 281, 199, 65, 11, 197, 157, 205, 99, 70, 39, 63, 237, 238, 17, 218, 273, 100, 72, 212, 158, 60, 181, 257, 95, 3, 33, 221, 29, 192, 26, 233, 2, 58, 262, 123, 59, 160, 103, 208, 172, 249, 107, 279, 246, 105, 80, 22, 178, 83, 173, 284, 227, 73, 23, 14, 129, 230, 151, 10, 259, 121, 223, 116, 250, 55, 176, 283, 51, 89, 135, 213, 124, 211, 164, 252, 15, 162, 49, 183, 128, 235, 57, 130, 272, 147, 206, 118, 179, 154, 66, 260, 6, 201, 104, 177, 214, 285, 50, 25, 68, 132, 64, 161, 245, 282, 247, 81, 38, 32, 98, 134, 62, 244, 12, 137, 71, 195, 145, 44, 78, 56, 125, 220, 16, 188, 276, 4, 88, 142, 175, 108, 153, 136, 190, 61, 94, 40, 271, 278, 91, 232, 168, 1, 248, 109, 144, 47, 87, 110, 152, 288, 193, 146, 74, 167, 251, 139, 7, 196, 42, 274, 46, 198, 267, 241, 101, 24, 231, 261, 228, 133, 185, 217, 189, 140, 166, 35, 96, 52, 156, 84, 13, 115, 240, 28, 219, 202, 169, 37, 253, 287, 187, 77, 243, 148, 191, 41, 97, 270, 207, 75, 143, 234, 120, 229, 256, 18, 209, 186, 20, 171, 90, 184, 277, 138, 269, 45, 165, 264, 203, 112, 194]
(w = 23) Correct Cyclicantibandwidth
Set parameter TimeLimit to value 1800
[runlim] sample:		300.5 time, 300.7 real, 587.4 MB
[runlim] sample:		310.5 time, 310.7 real, 649.0 MB
[runlim] sample:		320.5 time, 320.7 real, 738.2 MB
(w = 24) Value Cyclicantibandwidth: 24
Lables: [265, 127, 82, 8, 48, 23, 236, 67, 119, 224, 254, 102, 170, 216, 286, 31, 182, 275, 131, 159, 200, 79, 215, 150, 255, 5, 68, 36, 258, 19, 92, 53, 222, 111, 27, 266, 239, 34, 217, 268, 155, 80, 85, 142, 174, 106, 280, 225, 122, 86, 214, 76, 21, 54, 263, 9, 87, 180, 242, 204, 69, 112, 141, 226, 43, 114, 281, 199, 65, 11, 197, 157, 205, 99, 70, 39, 63, 237, 238, 17, 218, 273, 100, 271, 212, 158, 60, 181, 257, 95, 3, 33, 221, 29, 192, 26, 233, 2, 58, 262, 123, 59, 160, 103, 208, 172, 249, 107, 279, 246, 105, 171, 22, 178, 83, 173, 284, 227, 73, 117, 14, 129, 230, 151, 10, 259, 121, 223, 116, 250, 55, 177, 283, 51, 89, 135, 213, 124, 211, 164, 252, 15, 162, 49, 183, 101, 235, 57, 130, 272, 147, 241, 118, 179, 154, 66, 260, 6, 201, 104, 62, 175, 285, 50, 25, 163, 132, 64, 161, 245, 282, 247, 81, 38, 32, 98, 165, 133, 244, 12, 137, 71, 47, 145, 44, 78, 93, 125, 220, 16, 188, 276, 176, 88, 248, 184, 128, 84, 136, 190, 61, 94, 40, 206, 278, 91, 232, 168, 1, 108, 109, 144, 191, 56, 110, 152, 113, 193, 146, 74, 167, 251, 4, 46, 287, 42, 274, 37, 72, 288, 97, 134, 24, 231, 186, 228, 198, 20, 169, 18, 140, 166, 115, 45, 120, 194, 203, 77, 149, 240, 185, 219, 202, 267, 229, 253, 41, 187, 264, 156, 75, 138, 243, 148, 30, 207, 139, 269, 52, 7, 270, 90, 35, 209, 256, 153, 196, 13, 210, 143, 28, 277, 234, 195, 261, 189, 96, 126]
(w = 24) Correct Cyclicantibandwidth
Set parameter TimeLimit to value 1800
[runlim] sample:		330.5 time, 330.7 real, 628.1 MB
[runlim] sample:		340.5 time, 340.7 real, 727.0 MB
(w = 25) Value Cyclicantibandwidth: 25
Lables: [265, 203, 82, 8, 48, 163, 235, 67, 119, 224, 254, 102, 170, 216, 286, 31, 182, 275, 131, 159, 200, 79, 215, 150, 255, 5, 93, 36, 258, 19, 92, 53, 222, 111, 27, 266, 239, 34, 126, 268, 155, 127, 85, 129, 174, 106, 280, 225, 122, 86, 30, 76, 21, 54, 229, 202, 63, 180, 242, 204, 69, 116, 141, 226, 43, 114, 281, 199, 65, 11, 197, 157, 205, 99, 70, 39, 196, 237, 238, 17, 218, 273, 100, 72, 212, 158, 60, 181, 257, 231, 3, 33, 221, 29, 192, 26, 233, 2, 58, 262, 91, 59, 160, 103, 208, 172, 249, 107, 279, 246, 105, 80, 22, 178, 83, 173, 284, 227, 73, 23, 14, 112, 230, 151, 217, 259, 121, 84, 149, 250, 55, 288, 283, 51, 89, 135, 213, 124, 211, 164, 252, 15, 162, 49, 183, 128, 37, 132, 245, 272, 147, 206, 118, 45, 154, 66, 260, 57, 201, 104, 62, 175, 285, 190, 25, 68, 137, 64, 50, 148, 282, 247, 81, 38, 98, 248, 177, 133, 244, 12, 61, 276, 117, 234, 44, 145, 207, 125, 220, 16, 188, 267, 176, 88, 142, 228, 108, 56, 136, 10, 236, 94, 40, 271, 194, 123, 32, 168, 1, 115, 232, 95, 210, 87, 186, 152, 9, 193, 75, 165, 109, 179, 139, 7, 161, 278, 241, 46, 74, 184, 251, 134, 214, 20, 261, 138, 167, 195, 169, 110, 140, 47, 130, 4, 52, 156, 113, 13, 185, 35, 264, 219, 223, 78, 166, 253, 71, 153, 77, 243, 191, 146, 187, 274, 287, 143, 6, 269, 41, 120, 97, 256, 101, 28, 240, 270, 42, 171, 24, 198, 18, 90, 277, 209, 96, 144, 189, 263]
(w = 25) Correct Cyclicantibandwidth
Set parameter TimeLimit to value 1800
[runlim] sample:		350.6 time, 350.7 real, 611.5 MB
[runlim] sample:		360.6 time, 360.7 real, 722.5 MB
[runlim] sample:		370.6 time, 370.7 real, 771.0 MB
(w = 26) Value Cyclicantibandwidth: 26
Lables: [265, 118, 82, 8, 48, 163, 235, 25, 119, 224, 254, 102, 170, 216, 286, 31, 182, 275, 131, 159, 200, 79, 215, 150, 255, 5, 93, 36, 258, 19, 92, 53, 222, 111, 27, 266, 239, 34, 126, 268, 155, 127, 85, 136, 174, 106, 280, 225, 122, 86, 30, 76, 21, 54, 263, 9, 117, 180, 242, 204, 69, 112, 16, 226, 43, 114, 281, 199, 157, 11, 197, 156, 205, 99, 70, 39, 66, 237, 238, 17, 218, 273, 100, 72, 212, 158, 60, 181, 65, 277, 3, 251, 221, 105, 192, 26, 233, 2, 58, 262, 123, 59, 160, 103, 208, 172, 249, 107, 279, 246, 149, 80, 22, 141, 178, 144, 284, 227, 73, 176, 14, 49, 230, 151, 261, 137, 121, 223, 83, 250, 55, 288, 283, 51, 138, 220, 260, 124, 211, 164, 29, 129, 162, 75, 183, 128, 37, 166, 130, 272, 147, 206, 236, 45, 104, 57, 63, 244, 201, 90, 46, 175, 285, 50, 132, 214, 10, 139, 161, 245, 282, 247, 81, 38, 32, 98, 177, 64, 256, 12, 61, 259, 207, 234, 44, 145, 278, 125, 23, 191, 77, 186, 217, 56, 142, 257, 213, 84, 154, 190, 88, 33, 148, 271, 194, 276, 40, 168, 24, 115, 232, 133, 210, 91, 135, 87, 113, 193, 94, 165, 109, 179, 146, 7, 229, 42, 274, 78, 74, 184, 269, 134, 96, 20, 187, 228, 167, 89, 1, 189, 140, 108, 195, 248, 52, 15, 203, 13, 252, 196, 264, 219, 173, 287, 169, 253, 71, 152, 97, 68, 95, 171, 243, 4, 270, 143, 47, 241, 41, 120, 62, 188, 101, 209, 240, 35, 198, 231, 267, 153, 18, 110, 6, 116, 185, 28, 202, 67]
(w = 26) Correct Cyclicantibandwidth
Set parameter TimeLimit to value 1800
[runlim] sample:		380.6 time, 380.7 real, 709.7 MB
[runlim] sample:		390.6 time, 390.7 real, 762.6 MB
(w = 27) Value Cyclicantibandwidth: 27
Lables: [113, 149, 82, 8, 48, 163, 235, 67, 119, 224, 254, 47, 170, 201, 286, 123, 182, 275, 131, 159, 242, 79, 215, 150, 208, 5, 93, 36, 258, 59, 92, 53, 222, 111, 27, 266, 239, 34, 126, 195, 155, 13, 85, 120, 174, 106, 77, 225, 127, 86, 30, 76, 21, 54, 263, 9, 117, 180, 91, 204, 83, 112, 16, 226, 43, 114, 281, 199, 157, 11, 197, 156, 205, 99, 70, 39, 66, 237, 154, 17, 218, 273, 223, 72, 52, 158, 116, 181, 65, 277, 3, 251, 221, 73, 192, 130, 238, 2, 58, 262, 229, 191, 160, 103, 284, 172, 26, 107, 280, 178, 105, 147, 211, 141, 210, 94, 22, 227, 146, 176, 14, 185, 230, 151, 261, 137, 71, 19, 49, 250, 55, 288, 283, 51, 132, 12, 260, 124, 245, 164, 252, 129, 217, 75, 183, 128, 37, 90, 240, 272, 45, 194, 118, 179, 104, 57, 200, 244, 282, 81, 138, 175, 285, 50, 161, 214, 265, 139, 168, 246, 41, 247, 135, 38, 32, 98, 177, 64, 256, 212, 61, 249, 136, 234, 44, 145, 278, 125, 23, 276, 188, 236, 40, 80, 143, 173, 89, 209, 122, 190, 88, 259, 148, 60, 84, 274, 220, 33, 62, 115, 171, 133, 10, 255, 6, 152, 162, 193, 253, 165, 109, 189, 87, 7, 216, 56, 241, 42, 198, 46, 269, 134, 287, 96, 1, 228, 167, 20, 121, 18, 140, 108, 35, 248, 31, 166, 203, 233, 267, 63, 102, 219, 202, 78, 24, 100, 29, 153, 144, 243, 184, 142, 187, 4, 270, 207, 25, 169, 74, 232, 97, 271, 101, 206, 257, 95, 196, 231, 268, 69, 186, 28, 110, 15, 213, 264, 68, 279]
(w = 27) Correct Cyclicantibandwidth
Set parameter TimeLimit to value 1800
[runlim] sample:		400.6 time, 400.7 real, 651.2 MB
[runlim] sample:		410.6 time, 410.7 real, 731.6 MB
[runlim] sample:		420.6 time, 420.7 real, 798.8 MB
(w = 28) Value Cyclicantibandwidth: 28
Lables: [78, 38, 82, 194, 48, 163, 235, 67, 189, 224, 254, 92, 91, 216, 286, 31, 182, 17, 131, 159, 200, 79, 20, 232, 33, 5, 93, 36, 258, 19, 174, 53, 222, 111, 27, 266, 42, 118, 270, 61, 155, 104, 85, 39, 156, 106, 51, 217, 122, 86, 239, 277, 21, 54, 202, 9, 268, 120, 256, 204, 69, 112, 16, 230, 43, 255, 281, 199, 157, 11, 197, 132, 142, 172, 70, 119, 63, 237, 238, 271, 218, 34, 215, 72, 274, 180, 47, 181, 65, 251, 59, 134, 221, 29, 192, 26, 208, 24, 58, 280, 249, 211, 160, 103, 206, 98, 129, 241, 279, 246, 105, 147, 22, 66, 178, 144, 284, 227, 73, 3, 223, 49, 117, 25, 261, 176, 121, 195, 83, 250, 55, 126, 90, 127, 242, 135, 213, 262, 231, 68, 108, 15, 264, 188, 52, 128, 233, 57, 130, 14, 143, 245, 115, 10, 247, 183, 260, 165, 201, 76, 138, 214, 203, 50, 164, 8, 220, 283, 161, 209, 41, 99, 285, 205, 71, 248, 177, 64, 166, 114, 137, 62, 136, 234, 44, 145, 278, 125, 212, 81, 141, 276, 40, 80, 265, 226, 89, 153, 154, 190, 88, 152, 259, 97, 60, 95, 4, 219, 179, 133, 275, 175, 210, 100, 252, 84, 46, 193, 23, 74, 288, 75, 87, 7, 94, 151, 101, 37, 198, 267, 173, 30, 287, 109, 123, 228, 116, 185, 150, 18, 1, 146, 191, 96, 263, 168, 140, 77, 35, 196, 162, 273, 149, 257, 229, 148, 243, 113, 253, 186, 124, 45, 187, 269, 110, 12, 244, 169, 32, 158, 167, 102, 272, 240, 2, 207, 56, 236, 107, 13, 171, 28, 282, 139, 170, 225, 6, 184]
(w = 28) Correct Cyclicantibandwidth
Set parameter TimeLimit to value 1800
[runlim] sample:		430.7 time, 430.7 real, 642.5 MB
[runlim] sample:		440.7 time, 440.7 real, 749.8 MB
[runlim] sample:		450.7 time, 450.7 real, 798.4 MB
(w = 29) Value Cyclicantibandwidth: 29
Lables: [265, 149, 82, 8, 197, 163, 235, 285, 119, 224, 254, 102, 170, 216, 286, 31, 182, 275, 100, 159, 200, 79, 215, 67, 255, 5, 93, 36, 258, 19, 92, 53, 278, 111, 27, 266, 42, 118, 245, 61, 155, 274, 85, 48, 12, 106, 51, 225, 122, 86, 239, 76, 21, 54, 263, 9, 117, 180, 270, 204, 69, 112, 16, 226, 162, 114, 241, 199, 248, 11, 234, 156, 205, 172, 70, 223, 63, 237, 131, 14, 218, 273, 127, 72, 88, 158, 60, 181, 65, 277, 59, 251, 221, 29, 192, 26, 271, 24, 58, 193, 249, 211, 160, 103, 208, 98, 129, 18, 66, 246, 105, 147, 22, 141, 178, 144, 284, 227, 62, 3, 17, 49, 230, 151, 261, 176, 121, 195, 83, 250, 55, 126, 40, 120, 165, 135, 213, 262, 231, 68, 108, 15, 264, 174, 183, 128, 233, 57, 130, 272, 39, 206, 115, 179, 247, 35, 260, 146, 201, 104, 138, 214, 203, 50, 164, 30, 220, 283, 161, 209, 41, 175, 280, 38, 132, 281, 177, 64, 166, 259, 137, 71, 136, 7, 44, 145, 282, 125, 212, 81, 188, 276, 43, 80, 142, 257, 87, 153, 154, 190, 73, 152, 45, 97, 279, 95, 4, 33, 75, 133, 232, 34, 222, 1, 252, 84, 46, 194, 23, 74, 288, 189, 139, 236, 94, 256, 101, 37, 198, 267, 173, 134, 287, 109, 242, 20, 116, 185, 89, 210, 140, 184, 150, 96, 228, 168, 77, 107, 78, 196, 28, 123, 202, 99, 229, 148, 91, 10, 253, 186, 124, 191, 243, 187, 110, 157, 47, 269, 32, 244, 167, 240, 2, 143, 207, 56, 6, 52, 217, 13, 171, 90, 169, 219, 113, 268, 238, 25]
(w = 29) Correct Cyclicantibandwidth
Set parameter TimeLimit to value 1800
[runlim] sample:		460.7 time, 460.7 real, 686.7 MB
[runlim] sample:		470.7 time, 470.7 real, 794.3 MB
[runlim] sample:		480.7 time, 480.7 real, 881.7 MB
(w = 30) Value Cyclicantibandwidth: 30
Lables: [265, 149, 82, 118, 48, 163, 235, 67, 119, 152, 254, 102, 170, 216, 286, 31, 182, 275, 131, 81, 200, 79, 215, 150, 255, 113, 77, 36, 258, 19, 175, 53, 222, 111, 27, 266, 42, 94, 245, 61, 155, 239, 85, 142, 174, 106, 51, 278, 122, 86, 30, 76, 21, 54, 263, 9, 117, 180, 135, 204, 69, 160, 16, 226, 43, 114, 281, 224, 157, 11, 197, 156, 205, 172, 26, 223, 273, 80, 238, 17, 218, 5, 100, 227, 274, 158, 60, 181, 65, 95, 59, 251, 221, 29, 192, 253, 271, 24, 58, 280, 249, 211, 213, 103, 208, 98, 129, 241, 276, 246, 105, 147, 22, 178, 83, 173, 284, 244, 62, 3, 186, 237, 177, 116, 261, 176, 121, 55, 2, 250, 146, 72, 90, 194, 132, 220, 70, 262, 264, 233, 270, 151, 212, 49, 183, 128, 225, 57, 130, 272, 39, 206, 127, 279, 247, 138, 260, 133, 12, 210, 124, 214, 203, 10, 164, 68, 193, 159, 50, 123, 282, 32, 285, 38, 14, 74, 240, 64, 166, 259, 137, 71, 144, 234, 44, 145, 89, 125, 45, 75, 188, 101, 40, 8, 199, 257, 87, 153, 154, 190, 88, 195, 148, 97, 109, 15, 126, 228, 198, 248, 232, 112, 56, 196, 104, 41, 46, 167, 23, 165, 288, 201, 120, 7, 229, 107, 219, 37, 161, 207, 93, 162, 267, 231, 283, 243, 209, 20, 73, 189, 140, 108, 35, 191, 287, 33, 84, 13, 185, 28, 179, 236, 202, 252, 169, 134, 91, 141, 277, 66, 268, 34, 187, 78, 110, 256, 52, 269, 217, 184, 168, 115, 18, 99, 136, 1, 6, 47, 92, 143, 63, 242, 171, 139, 25, 96, 230, 4]
(w = 30) Correct Cyclicantibandwidth
Set parameter TimeLimit to value 1800
[runlim] sample:		490.8 time, 490.7 real, 706.1 MB
[runlim] sample:		500.8 time, 500.7 real, 765.6 MB
[runlim] sample:		510.8 time, 510.7 real, 856.2 MB
(w = 31) Value Cyclicantibandwidth: 31
Lables: [265, 13, 82, 8, 48, 163, 21, 67, 119, 204, 10, 102, 170, 216, 286, 31, 155, 275, 44, 268, 200, 79, 215, 150, 255, 113, 77, 36, 258, 19, 92, 53, 222, 111, 27, 266, 42, 182, 245, 61, 112, 239, 85, 128, 174, 106, 51, 278, 122, 86, 30, 270, 87, 54, 263, 154, 279, 180, 135, 224, 69, 235, 189, 226, 43, 114, 281, 199, 65, 11, 197, 157, 205, 237, 70, 117, 63, 138, 151, 17, 218, 9, 100, 227, 274, 158, 96, 181, 257, 95, 59, 251, 211, 29, 192, 26, 271, 156, 24, 280, 249, 190, 223, 103, 208, 98, 129, 241, 247, 2, 105, 71, 22, 178, 83, 173, 284, 244, 62, 6, 186, 23, 230, 60, 220, 259, 16, 55, 116, 250, 146, 177, 90, 194, 276, 76, 41, 262, 172, 233, 108, 15, 212, 49, 183, 84, 225, 40, 130, 221, 39, 206, 127, 179, 20, 66, 260, 133, 12, 104, 139, 175, 107, 219, 164, 68, 99, 283, 50, 123, 32, 277, 184, 38, 132, 74, 214, 64, 256, 171, 137, 242, 47, 145, 254, 78, 89, 166, 285, 75, 188, 267, 176, 88, 142, 34, 272, 125, 229, 147, 213, 252, 148, 198, 109, 196, 246, 33, 1, 248, 232, 264, 56, 152, 58, 101, 195, 160, 94, 14, 141, 18, 120, 7, 161, 121, 5, 236, 73, 167, 93, 162, 37, 273, 140, 228, 126, 28, 193, 110, 234, 288, 35, 191, 52, 168, 118, 72, 185, 46, 231, 136, 134, 287, 169, 201, 91, 187, 253, 165, 124, 282, 243, 153, 202, 80, 25, 217, 115, 203, 97, 269, 57, 144, 240, 3, 4, 159, 210, 81, 207, 45, 149, 261, 143, 209, 131, 238]
(w = 31) Correct Cyclicantibandwidth
Set parameter TimeLimit to value 1800
[runlim] sample:		520.8 time, 520.7 real, 692.0 MB
[runlim] sample:		530.8 time, 530.7 real, 801.9 MB
[runlim] sample:		540.8 time, 540.7 real, 849.2 MB
(w = 32) Value Cyclicantibandwidth: 32
Lables: [265, 149, 82, 8, 48, 163, 225, 67, 119, 224, 135, 102, 170, 216, 286, 31, 182, 275, 131, 268, 200, 79, 215, 150, 255, 113, 77, 36, 258, 19, 139, 53, 222, 111, 27, 266, 42, 92, 245, 61, 155, 239, 85, 137, 174, 106, 280, 34, 122, 86, 30, 240, 64, 238, 263, 154, 279, 180, 98, 204, 69, 6, 128, 226, 43, 114, 281, 199, 65, 11, 197, 29, 205, 172, 70, 117, 63, 138, 248, 17, 218, 9, 100, 227, 212, 158, 124, 181, 2, 95, 59, 251, 190, 115, 192, 26, 271, 57, 230, 262, 123, 228, 223, 103, 189, 66, 249, 107, 247, 80, 21, 151, 22, 178, 83, 173, 126, 244, 62, 3, 14, 237, 177, 116, 167, 259, 264, 55, 250, 191, 242, 208, 90, 194, 132, 58, 207, 105, 179, 233, 284, 129, 162, 288, 183, 44, 235, 40, 130, 272, 147, 206, 270, 118, 211, 47, 260, 146, 45, 210, 1, 175, 203, 10, 164, 68, 160, 283, 50, 148, 41, 277, 81, 38, 109, 74, 214, 165, 256, 171, 4, 110, 187, 145, 5, 78, 56, 243, 101, 16, 75, 186, 176, 104, 142, 257, 213, 125, 49, 220, 88, 195, 12, 76, 278, 72, 246, 33, 188, 236, 232, 112, 51, 87, 144, 84, 152, 32, 94, 24, 217, 127, 120, 282, 229, 73, 274, 46, 241, 184, 54, 134, 96, 157, 140, 273, 133, 20, 169, 18, 234, 108, 35, 153, 52, 166, 13, 161, 193, 25, 185, 219, 202, 252, 37, 201, 91, 198, 253, 28, 276, 159, 231, 267, 287, 136, 196, 71, 15, 60, 97, 39, 254, 221, 99, 269, 7, 168, 89, 121, 285, 209, 141, 261, 23, 156, 93, 143]
(w = 32) Correct Cyclicantibandwidth
Set parameter TimeLimit to value 1800
[runlim] sample:		550.8 time, 550.7 real, 711.9 MB
[runlim] sample:		560.9 time, 560.7 real, 815.3 MB
[runlim] sample:		570.9 time, 570.7 real, 860.0 MB
(w = 33) Value Cyclicantibandwidth: 33
Lables: [265, 149, 82, 8, 48, 163, 225, 67, 119, 224, 135, 102, 170, 216, 262, 31, 182, 275, 131, 268, 200, 255, 215, 150, 282, 113, 77, 36, 258, 19, 217, 53, 222, 111, 27, 266, 42, 199, 126, 257, 155, 239, 79, 141, 174, 106, 280, 34, 122, 86, 30, 240, 64, 238, 263, 154, 70, 180, 12, 204, 69, 6, 128, 226, 125, 166, 281, 153, 65, 11, 197, 100, 205, 99, 227, 46, 91, 39, 248, 17, 55, 273, 43, 203, 212, 158, 124, 181, 2, 95, 59, 251, 190, 29, 192, 26, 271, 57, 230, 136, 21, 103, 223, 116, 189, 98, 249, 202, 247, 3, 105, 147, 22, 178, 83, 185, 284, 220, 254, 108, 14, 237, 61, 9, 104, 259, 121, 73, 118, 250, 146, 201, 85, 194, 32, 172, 213, 144, 264, 68, 117, 15, 162, 288, 183, 63, 235, 90, 130, 272, 45, 145, 198, 49, 211, 66, 260, 87, 159, 210, 177, 214, 188, 10, 219, 156, 245, 139, 50, 123, 252, 120, 285, 38, 132, 187, 51, 165, 244, 171, 137, 175, 47, 234, 44, 157, 278, 58, 101, 16, 167, 276, 176, 134, 232, 114, 253, 160, 221, 54, 179, 270, 40, 76, 109, 274, 60, 228, 164, 218, 37, 112, 193, 75, 110, 279, 195, 243, 94, 143, 233, 286, 89, 151, 229, 107, 7, 92, 33, 184, 93, 191, 96, 231, 186, 20, 133, 28, 169, 283, 18, 78, 206, 152, 52, 168, 84, 13, 115, 196, 277, 24, 269, 207, 138, 62, 142, 71, 127, 1, 88, 246, 41, 148, 287, 80, 23, 129, 173, 267, 97, 241, 208, 72, 256, 35, 56, 140, 5, 242, 161, 81, 4, 74, 236, 25, 209, 261]
(w = 33) Correct Cyclicantibandwidth
Set parameter TimeLimit to value 1800
[runlim] sample:		580.9 time, 580.7 real, 719.6 MB
[runlim] sample:		590.9 time, 590.7 real, 820.3 MB
[runlim] sample:		600.9 time, 600.7 real, 866.8 MB
[runlim] sample:		610.9 time, 610.7 real, 891.1 MB
[runlim] sample:		621.0 time, 620.7 real, 910.7 MB
(w = 34) Value Cyclicantibandwidth: 34
Lables: [265, 149, 82, 8, 48, 163, 225, 67, 119, 224, 136, 102, 170, 216, 162, 31, 182, 275, 131, 268, 200, 79, 217, 150, 255, 113, 77, 36, 258, 19, 92, 53, 222, 111, 27, 266, 42, 282, 126, 257, 155, 239, 85, 132, 174, 106, 280, 34, 122, 86, 238, 204, 64, 108, 263, 154, 279, 130, 12, 74, 69, 6, 128, 226, 125, 166, 281, 199, 65, 11, 197, 29, 205, 99, 227, 39, 91, 138, 248, 17, 55, 273, 43, 203, 212, 158, 124, 62, 167, 277, 59, 251, 190, 286, 109, 26, 271, 57, 236, 66, 201, 103, 223, 116, 189, 256, 129, 202, 247, 2, 105, 147, 22, 178, 83, 135, 284, 220, 254, 3, 14, 237, 61, 151, 10, 70, 121, 73, 118, 250, 192, 233, 18, 194, 32, 172, 41, 173, 264, 68, 117, 15, 215, 288, 183, 63, 235, 90, 213, 272, 45, 206, 76, 179, 56, 100, 260, 146, 253, 104, 261, 144, 188, 38, 164, 214, 98, 283, 232, 123, 252, 120, 244, 97, 181, 243, 51, 240, 87, 171, 137, 9, 47, 145, 44, 157, 278, 58, 285, 75, 195, 276, 176, 211, 142, 259, 89, 209, 49, 139, 88, 21, 207, 60, 186, 274, 40, 245, 24, 218, 16, 112, 210, 152, 208, 84, 46, 193, 94, 249, 1, 50, 165, 7, 229, 23, 101, 175, 33, 177, 93, 134, 267, 20, 140, 228, 133, 185, 25, 242, 234, 160, 81, 4, 71, 168, 114, 13, 115, 196, 28, 219, 269, 78, 37, 148, 187, 141, 127, 161, 80, 270, 143, 35, 287, 72, 262, 169, 221, 159, 184, 5, 198, 96, 153, 54, 95, 231, 30, 191, 241, 110, 246, 180, 230, 52, 107, 156]
(w = 34) Correct Cyclicantibandwidth
Set parameter TimeLimit to value 1800
[runlim] sample:		631.0 time, 630.7 real, 800.2 MB
[runlim] sample:		641.0 time, 640.7 real, 800.2 MB
[runlim] sample:		651.0 time, 650.7 real, 852.6 MB
[runlim] sample:		661.0 time, 660.7 real, 871.5 MB
[runlim] sample:		671.1 time, 670.7 real, 895.7 MB
[runlim] sample:		681.1 time, 680.7 real, 964.6 MB
[runlim] sample:		691.1 time, 690.7 real, 998.2 MB
(w = 35) Value Cyclicantibandwidth: 35
Lables: [100, 274, 36, 124, 280, 138, 27, 67, 123, 268, 84, 205, 157, 217, 286, 118, 182, 31, 86, 152, 200, 56, 17, 70, 6, 206, 19, 265, 229, 176, 178, 12, 222, 119, 158, 99, 42, 219, 80, 197, 127, 276, 85, 140, 8, 106, 239, 34, 122, 40, 238, 159, 64, 128, 263, 113, 279, 108, 171, 227, 69, 242, 112, 226, 7, 52, 266, 199, 65, 160, 87, 161, 101, 141, 272, 39, 257, 149, 150, 32, 180, 273, 107, 203, 240, 177, 120, 62, 167, 2, 59, 251, 190, 285, 109, 173, 271, 57, 235, 133, 246, 98, 154, 103, 21, 256, 129, 60, 247, 22, 105, 164, 102, 223, 104, 191, 231, 37, 230, 54, 14, 136, 61, 215, 10, 174, 250, 78, 116, 38, 192, 48, 111, 228, 282, 90, 283, 233, 264, 68, 117, 214, 168, 288, 146, 63, 189, 43, 202, 50, 45, 147, 270, 179, 1, 232, 249, 73, 187, 15, 207, 91, 77, 237, 281, 156, 245, 3, 26, 153, 216, 284, 201, 97, 132, 243, 55, 95, 18, 58, 224, 9, 47, 163, 44, 88, 278, 72, 220, 16, 195, 269, 126, 267, 83, 259, 89, 211, 11, 135, 41, 94, 204, 76, 186, 96, 151, 208, 162, 221, 254, 49, 210, 258, 71, 275, 93, 193, 244, 74, 234, 24, 139, 241, 148, 110, 287, 75, 33, 172, 5, 194, 125, 20, 185, 260, 114, 28, 261, 198, 29, 166, 248, 143, 218, 4, 165, 13, 115, 196, 155, 53, 181, 236, 169, 253, 134, 92, 46, 183, 82, 175, 51, 144, 145, 277, 213, 137, 212, 262, 225, 170, 25, 66, 30, 79, 130, 81, 131, 188, 142, 255, 35, 184, 23, 252, 209, 121]
(w = 35) Correct Cyclicantibandwidth
Set parameter TimeLimit to value 1800
[runlim] sample:		701.1 time, 700.7 real, 744.9 MB
[runlim] sample:		711.2 time, 710.7 real, 827.5 MB
[runlim] sample:		721.2 time, 720.7 real, 854.2 MB
[runlim] sample:		731.2 time, 730.7 real, 878.3 MB
[runlim] sample:		741.2 time, 740.7 real, 919.4 MB
(w = 36) Value Cyclicantibandwidth: 36
Lables: [265, 191, 82, 8, 48, 163, 225, 67, 119, 224, 135, 235, 5, 216, 286, 120, 182, 275, 131, 78, 200, 79, 281, 150, 255, 198, 77, 36, 231, 19, 92, 53, 222, 111, 27, 266, 42, 282, 126, 257, 155, 239, 85, 129, 174, 106, 249, 34, 122, 86, 238, 21, 64, 108, 263, 154, 279, 180, 242, 204, 69, 6, 128, 226, 43, 114, 26, 199, 65, 11, 197, 157, 205, 99, 227, 50, 91, 138, 248, 17, 55, 273, 54, 203, 212, 158, 104, 170, 2, 70, 59, 251, 190, 115, 192, 125, 149, 57, 230, 66, 262, 211, 223, 103, 189, 256, 29, 74, 247, 153, 105, 147, 22, 178, 83, 215, 284, 220, 116, 3, 13, 49, 177, 95, 221, 176, 121, 195, 118, 250, 146, 37, 18, 245, 32, 172, 213, 124, 264, 58, 117, 15, 80, 288, 183, 63, 233, 46, 130, 272, 45, 145, 68, 162, 56, 206, 260, 87, 12, 210, 1, 73, 194, 280, 164, 101, 193, 139, 232, 123, 252, 23, 81, 38, 132, 187, 51, 133, 244, 171, 137, 9, 47, 234, 44, 136, 278, 102, 285, 75, 188, 276, 90, 207, 142, 259, 89, 175, 40, 94, 261, 33, 148, 61, 186, 274, 60, 268, 24, 218, 16, 112, 258, 72, 110, 271, 179, 243, 283, 165, 109, 267, 237, 151, 236, 7, 52, 228, 161, 4, 93, 134, 214, 20, 254, 169, 14, 185, 25, 160, 140, 31, 168, 71, 201, 107, 84, 181, 35, 196, 28, 219, 100, 287, 143, 30, 156, 209, 277, 88, 184, 76, 113, 39, 229, 173, 253, 217, 159, 246, 97, 240, 141, 96, 202, 98, 269, 152, 62, 144, 41, 270, 208, 10, 166, 241, 167, 127]
(w = 36) Correct Cyclicantibandwidth
Set parameter TimeLimit to value 1800
[runlim] sample:		751.2 time, 750.7 real, 820.1 MB
[runlim] sample:		761.2 time, 760.7 real, 876.8 MB
[runlim] sample:		771.2 time, 770.7 real, 958.6 MB
[runlim] sample:		781.3 time, 780.7 real, 1021.0 MB
(w = 37) Value Cyclicantibandwidth: 37
Lables: [265, 149, 82, 8, 48, 86, 225, 67, 119, 224, 135, 235, 170, 216, 286, 120, 182, 275, 131, 267, 200, 79, 281, 163, 255, 113, 277, 36, 231, 19, 92, 53, 222, 111, 27, 266, 42, 282, 126, 257, 155, 239, 85, 127, 174, 106, 280, 34, 122, 58, 238, 21, 64, 108, 263, 154, 279, 180, 242, 204, 69, 6, 128, 226, 43, 114, 26, 248, 65, 11, 197, 157, 205, 99, 227, 39, 91, 138, 150, 17, 55, 273, 54, 203, 212, 158, 104, 181, 2, 70, 59, 251, 190, 29, 192, 268, 271, 57, 230, 66, 262, 178, 223, 103, 189, 256, 129, 74, 247, 153, 105, 147, 22, 232, 83, 215, 284, 220, 116, 3, 14, 87, 177, 95, 46, 199, 121, 195, 118, 250, 146, 37, 23, 236, 32, 172, 213, 124, 264, 164, 117, 15, 80, 288, 183, 63, 233, 90, 130, 272, 45, 145, 76, 179, 56, 206, 260, 208, 12, 51, 1, 73, 194, 50, 161, 101, 245, 159, 77, 123, 252, 9, 81, 38, 132, 41, 214, 133, 244, 171, 137, 175, 47, 234, 44, 134, 278, 102, 285, 75, 188, 276, 40, 258, 142, 259, 89, 160, 136, 201, 88, 33, 148, 61, 186, 72, 4, 221, 24, 218, 16, 112, 62, 176, 71, 10, 243, 94, 246, 165, 109, 229, 139, 7, 168, 31, 241, 162, 198, 100, 60, 209, 287, 49, 254, 20, 167, 249, 193, 283, 140, 184, 115, 152, 68, 166, 84, 13, 217, 35, 151, 219, 173, 274, 169, 253, 156, 30, 97, 237, 5, 191, 110, 269, 270, 143, 196, 25, 187, 125, 96, 240, 18, 211, 52, 207, 185, 107, 210, 28, 202, 93, 228, 144, 78, 141, 98, 261]
(w = 37) Correct Cyclicantibandwidth
Set parameter TimeLimit to value 1800
[runlim] sample:		791.3 time, 790.7 real, 818.5 MB
[runlim] sample:		801.3 time, 800.7 real, 885.3 MB
[runlim] sample:		811.3 time, 810.7 real, 977.1 MB
[runlim] sample:		821.3 time, 820.7 real, 416.1 MB
(w = 38) Value Cyclicantibandwidth: 38
Lables: [265, 149, 8, 173, 48, 163, 225, 67, 119, 60, 135, 235, 27, 216, 286, 120, 182, 275, 131, 268, 200, 239, 39, 150, 207, 113, 243, 36, 231, 19, 92, 53, 138, 86, 158, 266, 42, 282, 126, 257, 91, 281, 184, 122, 279, 174, 280, 34, 224, 43, 238, 21, 64, 108, 263, 154, 51, 180, 242, 204, 69, 6, 152, 226, 12, 114, 26, 199, 65, 11, 197, 157, 205, 99, 227, 94, 269, 191, 248, 17, 55, 273, 54, 147, 133, 190, 104, 181, 2, 70, 89, 33, 221, 29, 192, 258, 271, 127, 58, 159, 262, 59, 223, 76, 208, 256, 129, 202, 247, 153, 105, 151, 22, 141, 178, 109, 284, 220, 116, 3, 14, 237, 61, 9, 77, 176, 213, 73, 124, 250, 146, 37, 117, 194, 251, 74, 222, 172, 264, 143, 87, 15, 80, 288, 183, 57, 233, 90, 130, 272, 45, 206, 115, 49, 211, 66, 155, 106, 201, 97, 1, 214, 100, 219, 25, 156, 245, 139, 50, 123, 83, 32, 81, 38, 132, 41, 177, 121, 244, 171, 137, 175, 47, 145, 44, 230, 278, 102, 212, 103, 162, 276, 40, 285, 142, 259, 203, 160, 229, 166, 88, 195, 148, 236, 186, 274, 170, 82, 188, 79, 16, 112, 56, 196, 71, 10, 179, 232, 283, 72, 215, 24, 75, 7, 161, 31, 267, 228, 136, 46, 93, 134, 96, 20, 187, 241, 167, 95, 193, 110, 140, 62, 111, 246, 52, 255, 84, 13, 185, 35, 277, 101, 254, 169, 209, 253, 78, 198, 18, 68, 5, 164, 28, 98, 261, 125, 252, 210, 165, 260, 85, 4, 107, 249, 30, 217, 218, 168, 287, 189, 240, 144, 270, 128, 234, 118, 63, 23]
(w = 38) Correct Cyclicantibandwidth
Set parameter TimeLimit to value 1800
[runlim] sample:		831.3 time, 830.7 real, 884.1 MB
[runlim] sample:		841.4 time, 840.7 real, 922.4 MB
[runlim] sample:		851.4 time, 850.7 real, 967.0 MB
(w = 39) Value Cyclicantibandwidth: 39
Lables: [92, 193, 233, 8, 253, 163, 136, 61, 133, 181, 32, 277, 62, 216, 286, 120, 182, 47, 123, 268, 135, 79, 12, 150, 255, 100, 243, 28, 173, 41, 186, 53, 191, 86, 11, 81, 156, 238, 126, 196, 155, 223, 85, 13, 64, 106, 281, 171, 20, 154, 204, 21, 241, 109, 269, 108, 280, 225, 134, 31, 44, 160, 90, 274, 43, 267, 132, 256, 19, 145, 252, 157, 35, 127, 227, 49, 102, 9, 276, 55, 162, 283, 232, 101, 197, 250, 60, 116, 2, 224, 27, 178, 240, 29, 91, 273, 164, 24, 165, 103, 201, 59, 221, 93, 208, 34, 129, 202, 247, 17, 105, 158, 231, 83, 180, 239, 45, 220, 153, 228, 14, 142, 190, 40, 226, 30, 168, 263, 137, 258, 15, 177, 207, 73, 230, 172, 260, 124, 70, 147, 72, 264, 80, 288, 183, 63, 282, 57, 130, 194, 278, 122, 170, 119, 270, 66, 74, 244, 46, 159, 65, 249, 285, 139, 210, 107, 175, 52, 48, 245, 95, 10, 54, 235, 203, 68, 199, 71, 206, 69, 113, 4, 167, 114, 257, 97, 218, 51, 265, 16, 143, 3, 275, 104, 200, 259, 26, 125, 112, 213, 88, 151, 89, 222, 284, 166, 211, 87, 176, 42, 161, 214, 99, 141, 1, 234, 179, 67, 246, 22, 215, 146, 111, 7, 117, 229, 38, 84, 36, 184, 251, 77, 144, 18, 254, 58, 174, 33, 261, 94, 140, 205, 118, 279, 121, 271, 266, 23, 217, 37, 185, 82, 39, 169, 115, 219, 110, 242, 187, 128, 56, 96, 192, 5, 78, 6, 198, 152, 262, 212, 189, 248, 25, 272, 195, 148, 50, 287, 237, 188, 236, 98, 149, 75, 138, 76, 131, 209]
(w = 39) Correct Cyclicantibandwidth
Set parameter TimeLimit to value 1800
[runlim] sample:		861.4 time, 860.7 real, 790.1 MB
[runlim] sample:		871.4 time, 870.7 real, 866.7 MB
[runlim] sample:		881.4 time, 880.7 real, 950.2 MB
[runlim] sample:		891.4 time, 890.7 real, 1012.0 MB
[runlim] sample:		901.4 time, 900.7 real, 1808.3 MB
[runlim] sample:		911.5 time, 910.7 real, 2067.1 MB
[runlim] sample:		924.5 time, 920.7 real, 1989.9 MB
(w = 40) Value Cyclicantibandwidth: 40
Lables: [187, 115, 175, 279, 138, 262, 47, 198, 263, 91, 218, 103, 211, 152, 84, 201, 9, 144, 288, 109, 185, 106, 247, 8, 195, 13, 62, 202, 36, 223, 146, 228, 114, 15, 107, 283, 54, 216, 259, 127, 75, 135, 286, 51, 210, 257, 150, 255, 49, 5, 251, 122, 225, 59, 113, 242, 136, 235, 61, 126, 266, 95, 284, 79, 148, 16, 33, 170, 214, 163, 250, 110, 140, 44, 157, 65, 165, 287, 237, 134, 64, 184, 35, 94, 282, 55, 193, 272, 183, 274, 188, 285, 234, 34, 238, 43, 53, 244, 160, 275, 31, 243, 197, 89, 29, 227, 145, 11, 180, 93, 233, 19, 118, 50, 28, 215, 168, 264, 173, 273, 162, 267, 32, 83, 231, 102, 82, 123, 74, 169, 52, 149, 182, 40, 119, 56, 96, 190, 241, 192, 77, 142, 256, 67, 258, 203, 39, 226, 14, 158, 121, 12, 98, 147, 219, 46, 42, 86, 278, 189, 57, 6, 271, 181, 229, 24, 117, 206, 76, 129, 30, 199, 20, 105, 125, 249, 207, 72, 124, 178, 213, 48, 269, 58, 174, 101, 45, 155, 37, 191, 97, 253, 268, 21, 224, 280, 139, 81, 141, 260, 159, 236, 1, 41, 18, 88, 252, 99, 153, 212, 167, 209, 87, 27, 261, 131, 281, 240, 164, 246, 112, 270, 133, 17, 217, 151, 194, 92, 176, 63, 128, 60, 245, 10, 230, 156, 73, 120, 171, 130, 100, 254, 161, 220, 265, 172, 222, 69, 23, 137, 66, 277, 38, 186, 111, 68, 3, 221, 177, 108, 276, 196, 104, 7, 71, 22, 70, 132, 204, 90, 26, 85, 208, 2, 80, 232, 154, 205, 78, 166, 25, 116, 4, 248, 179, 239, 143, 200]
(w = 40) Correct Cyclicantibandwidth
Set parameter TimeLimit to value 1800
[runlim] sample:		934.7 time, 930.7 real, 1540.0 MB
[runlim] sample:		944.7 time, 940.7 real, 1622.6 MB
[runlim] sample:		954.7 time, 950.7 real, 1683.1 MB
[runlim] sample:		964.7 time, 960.7 real, 1722.8 MB
(w = 41) Value Cyclicantibandwidth: 41
Lables: [281, 67, 221, 147, 242, 163, 225, 24, 178, 224, 129, 34, 110, 216, 286, 120, 182, 275, 218, 52, 200, 79, 14, 87, 126, 177, 93, 190, 231, 19, 236, 53, 222, 111, 27, 156, 42, 230, 135, 198, 134, 239, 85, 137, 31, 106, 280, 149, 20, 86, 238, 21, 64, 108, 127, 9, 117, 180, 241, 192, 261, 112, 209, 113, 43, 92, 26, 199, 157, 11, 146, 22, 205, 99, 227, 39, 91, 16, 248, 17, 158, 273, 208, 81, 121, 250, 4, 181, 2, 215, 3, 107, 223, 115, 58, 258, 55, 260, 159, 256, 201, 32, 160, 114, 288, 60, 277, 202, 247, 153, 70, 265, 213, 78, 83, 203, 284, 220, 73, 176, 13, 151, 211, 38, 167, 259, 96, 279, 105, 226, 119, 37, 141, 217, 29, 172, 41, 262, 214, 164, 101, 8, 139, 49, 183, 63, 233, 90, 144, 272, 1, 122, 76, 179, 246, 66, 75, 244, 12, 229, 65, 175, 184, 100, 162, 68, 10, 84, 234, 155, 252, 23, 142, 193, 132, 74, 7, 133, 45, 131, 283, 191, 47, 194, 44, 95, 56, 6, 251, 50, 188, 276, 257, 104, 61, 287, 145, 59, 102, 54, 267, 195, 253, 204, 278, 196, 40, 118, 206, 264, 174, 124, 228, 33, 97, 51, 46, 128, 263, 72, 138, 18, 130, 185, 94, 274, 89, 152, 82, 254, 154, 109, 48, 197, 186, 143, 36, 282, 173, 125, 140, 69, 237, 169, 269, 166, 77, 210, 62, 240, 161, 285, 150, 235, 123, 219, 268, 187, 249, 88, 35, 103, 28, 243, 207, 136, 212, 25, 266, 80, 116, 270, 148, 189, 57, 170, 271, 171, 71, 5, 98, 245, 30, 255, 15, 168, 232, 165]
(w = 41) Correct Cyclicantibandwidth
Set parameter TimeLimit to value 1800
[runlim] sample:		974.7 time, 970.7 real, 960.1 MB
[runlim] sample:		984.7 time, 980.7 real, 1009.0 MB
[runlim] sample:		994.8 time, 990.7 real, 1096.0 MB
[runlim] sample:		1004.8 time, 1000.7 real, 1158.7 MB
(w = 42) Value Cyclicantibandwidth: 42
Lables: [265, 149, 82, 8, 93, 163, 137, 67, 178, 224, 47, 102, 234, 285, 80, 288, 182, 275, 91, 216, 19, 225, 73, 150, 255, 113, 187, 36, 231, 104, 92, 219, 138, 86, 27, 266, 42, 282, 126, 61, 184, 239, 85, 143, 286, 106, 280, 34, 191, 43, 238, 48, 135, 204, 263, 154, 112, 180, 227, 21, 69, 6, 233, 83, 12, 166, 26, 105, 15, 218, 125, 50, 205, 99, 287, 117, 63, 157, 248, 17, 145, 9, 119, 236, 121, 250, 60, 181, 2, 95, 59, 202, 4, 115, 58, 258, 271, 57, 118, 35, 201, 103, 223, 170, 242, 155, 249, 146, 247, 153, 81, 13, 147, 276, 129, 203, 284, 220, 264, 176, 14, 142, 230, 116, 167, 259, 213, 55, 158, 226, 7, 70, 90, 194, 29, 151, 98, 262, 3, 68, 133, 214, 162, 49, 183, 84, 235, 76, 24, 110, 39, 160, 114, 22, 211, 281, 260, 87, 159, 210, 65, 175, 100, 10, 245, 156, 222, 283, 161, 52, 134, 32, 273, 38, 62, 139, 51, 165, 88, 171, 128, 177, 56, 200, 74, 267, 278, 72, 212, 75, 132, 186, 40, 207, 66, 123, 253, 109, 199, 54, 179, 252, 148, 206, 37, 274, 232, 168, 228, 279, 257, 94, 172, 243, 144, 79, 192, 44, 246, 64, 215, 127, 120, 197, 31, 122, 11, 237, 198, 46, 244, 23, 96, 20, 254, 169, 108, 185, 25, 101, 140, 41, 189, 45, 89, 190, 77, 261, 18, 196, 28, 136, 269, 174, 33, 173, 71, 16, 217, 1, 130, 270, 152, 97, 268, 111, 195, 141, 221, 164, 209, 256, 30, 272, 107, 208, 53, 124, 251, 188, 241, 5, 277, 193, 78, 240, 131, 229]
(w = 42) Correct Cyclicantibandwidth
Set parameter TimeLimit to value 1800
[runlim] sample:		1014.8 time, 1010.7 real, 985.0 MB
[runlim] sample:		1024.8 time, 1020.7 real, 1028.2 MB
[runlim] sample:		1034.8 time, 1030.7 real, 1105.3 MB
[runlim] sample:		1044.8 time, 1040.7 real, 1166.7 MB
(w = 43) Value Cyclicantibandwidth: 43
Lables: [265, 149, 251, 8, 93, 158, 137, 67, 178, 224, 47, 102, 234, 285, 80, 288, 182, 275, 131, 216, 19, 79, 281, 150, 255, 113, 187, 36, 231, 44, 92, 10, 138, 86, 27, 266, 42, 282, 126, 61, 171, 239, 87, 134, 286, 106, 260, 34, 191, 43, 238, 48, 135, 204, 263, 155, 112, 180, 227, 99, 69, 6, 233, 83, 12, 166, 26, 235, 15, 218, 125, 50, 145, 229, 287, 117, 63, 157, 205, 17, 119, 9, 184, 279, 121, 250, 60, 163, 2, 95, 59, 202, 4, 115, 58, 258, 271, 57, 118, 280, 181, 103, 223, 170, 242, 91, 249, 146, 247, 35, 81, 13, 147, 276, 129, 203, 284, 220, 73, 176, 14, 142, 230, 116, 167, 259, 213, 55, 144, 226, 7, 70, 90, 194, 29, 151, 98, 262, 38, 253, 108, 214, 162, 49, 183, 84, 206, 76, 24, 110, 39, 160, 114, 22, 211, 66, 177, 283, 159, 210, 65, 175, 100, 201, 245, 68, 132, 219, 161, 52, 154, 11, 244, 97, 264, 139, 51, 133, 88, 236, 128, 277, 148, 200, 74, 267, 278, 72, 212, 75, 124, 186, 40, 127, 3, 165, 273, 109, 199, 54, 179, 252, 45, 174, 37, 274, 62, 168, 1, 222, 196, 94, 193, 85, 221, 78, 195, 141, 246, 21, 215, 31, 120, 197, 25, 122, 77, 269, 198, 32, 82, 23, 164, 41, 254, 169, 256, 185, 89, 225, 140, 96, 207, 64, 228, 33, 30, 261, 104, 257, 28, 123, 107, 192, 130, 173, 71, 232, 272, 143, 209, 270, 152, 101, 136, 243, 18, 217, 20, 172, 16, 111, 208, 53, 241, 5, 188, 268, 156, 237, 105, 153, 248, 190, 56, 189, 240, 46]
(w = 43) Correct Cyclicantibandwidth
Set parameter TimeLimit to value 1800
[runlim] sample:		1054.8 time, 1050.7 real, 995.5 MB
[runlim] sample:		1064.9 time, 1060.7 real, 1032.8 MB
[runlim] sample:		1074.9 time, 1070.7 real, 1109.7 MB
[runlim] sample:		1084.9 time, 1080.7 real, 1169.8 MB
[runlim] sample:		1094.9 time, 1090.7 real, 1231.1 MB
(w = 44) Value Cyclicantibandwidth: 44
Lables: [82, 149, 234, 8, 240, 163, 137, 67, 162, 224, 47, 102, 66, 285, 80, 128, 182, 31, 131, 216, 19, 79, 281, 170, 255, 113, 187, 26, 231, 104, 92, 219, 138, 86, 27, 266, 205, 282, 126, 61, 155, 239, 30, 130, 58, 106, 280, 54, 191, 43, 238, 53, 135, 204, 263, 154, 89, 180, 227, 21, 69, 6, 141, 226, 12, 166, 4, 85, 15, 145, 197, 100, 153, 99, 287, 117, 214, 157, 248, 17, 218, 9, 119, 279, 121, 250, 60, 181, 2, 95, 59, 202, 286, 225, 48, 258, 271, 57, 230, 35, 201, 64, 223, 272, 123, 194, 129, 245, 84, 246, 81, 13, 147, 276, 189, 144, 284, 220, 73, 176, 14, 83, 235, 116, 167, 259, 213, 22, 118, 269, 101, 37, 90, 217, 29, 172, 41, 262, 38, 88, 252, 32, 212, 49, 183, 115, 11, 98, 24, 110, 39, 206, 76, 150, 211, 268, 142, 261, 159, 210, 5, 175, 260, 190, 25, 78, 222, 91, 161, 68, 134, 247, 112, 18, 264, 139, 51, 133, 256, 203, 114, 177, 56, 200, 74, 267, 278, 125, 251, 16, 132, 186, 233, 178, 55, 257, 209, 109, 136, 87, 179, 122, 40, 158, 63, 196, 241, 168, 275, 62, 174, 94, 193, 34, 97, 152, 195, 44, 146, 36, 215, 127, 120, 249, 199, 107, 274, 46, 33, 108, 244, 23, 96, 160, 254, 169, 75, 185, 273, 229, 140, 42, 156, 45, 111, 173, 77, 148, 283, 236, 28, 72, 52, 192, 237, 171, 71, 198, 253, 65, 124, 270, 143, 243, 105, 207, 288, 184, 1, 70, 165, 10, 208, 20, 164, 7, 3, 93, 265, 188, 232, 103, 228, 277, 221, 50, 151, 242]
(w = 44) Correct Cyclicantibandwidth
Set parameter TimeLimit to value 1800
[runlim] sample:		1104.9 time, 1100.7 real, 1016.7 MB
[runlim] sample:		1114.9 time, 1110.7 real, 1078.4 MB
[runlim] sample:		1124.9 time, 1120.7 real, 1121.6 MB
[runlim] sample:		1135.0 time, 1130.7 real, 1230.4 MB
(w = 45) Value Cyclicantibandwidth: 45
Lables: [265, 149, 243, 8, 93, 163, 137, 67, 178, 224, 47, 102, 234, 285, 104, 288, 182, 275, 131, 216, 19, 79, 281, 150, 255, 113, 187, 26, 231, 41, 92, 229, 138, 86, 27, 266, 42, 282, 126, 61, 155, 239, 225, 144, 286, 106, 280, 54, 122, 214, 169, 48, 135, 204, 263, 68, 117, 180, 236, 21, 69, 160, 16, 226, 43, 166, 241, 6, 65, 11, 197, 100, 205, 99, 227, 172, 257, 191, 112, 258, 55, 9, 119, 279, 212, 22, 124, 181, 2, 95, 59, 251, 64, 115, 189, 143, 271, 57, 230, 35, 262, 211, 148, 103, 13, 194, 129, 5, 84, 246, 105, 278, 147, 276, 215, 109, 284, 220, 4, 176, 14, 237, 177, 116, 167, 259, 121, 171, 118, 250, 31, 208, 62, 217, 29, 151, 213, 111, 238, 164, 108, 15, 81, 223, 183, 128, 235, 89, 24, 219, 39, 206, 85, 162, 247, 66, 142, 87, 12, 210, 46, 175, 73, 10, 190, 80, 132, 283, 161, 98, 252, 23, 74, 156, 83, 248, 51, 133, 20, 77, 114, 242, 56, 260, 90, 157, 272, 58, 245, 75, 188, 268, 40, 134, 179, 287, 120, 63, 199, 244, 88, 240, 71, 158, 50, 196, 32, 168, 123, 222, 174, 94, 193, 34, 254, 152, 195, 44, 146, 72, 154, 267, 36, 218, 33, 256, 101, 37, 136, 3, 97, 45, 232, 145, 261, 139, 198, 110, 1, 203, 140, 269, 130, 53, 201, 107, 52, 141, 78, 233, 28, 200, 76, 207, 274, 228, 91, 153, 253, 127, 184, 96, 192, 270, 18, 70, 264, 159, 277, 49, 165, 17, 125, 249, 186, 273, 7, 185, 60, 202, 30, 170, 173, 82, 221, 38, 209, 25]
(w = 45) Correct Cyclicantibandwidth
Set parameter TimeLimit to value 1800
[runlim] sample:		1145.0 time, 1140.7 real, 1025.0 MB
[runlim] sample:		1155.0 time, 1150.7 real, 1076.3 MB
[runlim] sample:		1165.0 time, 1160.7 real, 1159.3 MB
[runlim] sample:		1175.0 time, 1170.7 real, 1218.6 MB
(w = 46) Value Cyclicantibandwidth: 46
Lables: [265, 154, 82, 14, 249, 163, 137, 67, 173, 224, 47, 102, 187, 282, 219, 288, 182, 275, 30, 122, 19, 79, 24, 200, 255, 56, 183, 26, 156, 86, 42, 138, 39, 235, 27, 266, 93, 230, 149, 61, 155, 239, 8, 144, 97, 147, 208, 54, 66, 214, 1, 218, 135, 204, 258, 73, 181, 286, 236, 21, 69, 179, 90, 226, 104, 166, 241, 74, 237, 77, 244, 100, 205, 99, 253, 110, 63, 191, 112, 198, 20, 210, 119, 279, 212, 28, 184, 274, 35, 95, 43, 131, 2, 115, 186, 262, 271, 57, 223, 170, 11, 103, 117, 232, 123, 225, 129, 45, 106, 220, 105, 13, 189, 141, 55, 130, 251, 133, 4, 207, 3, 180, 36, 199, 143, 259, 121, 281, 193, 250, 31, 126, 62, 194, 29, 76, 146, 10, 238, 68, 234, 15, 209, 111, 196, 70, 221, 98, 25, 80, 124, 206, 118, 231, 134, 285, 178, 280, 201, 277, 50, 190, 243, 157, 276, 87, 222, 283, 161, 245, 83, 247, 81, 233, 75, 139, 18, 165, 256, 158, 85, 175, 78, 6, 96, 145, 278, 58, 272, 140, 264, 215, 40, 171, 41, 88, 213, 125, 197, 48, 169, 252, 113, 174, 284, 148, 246, 33, 216, 53, 136, 72, 128, 273, 71, 268, 151, 34, 260, 64, 211, 267, 202, 116, 168, 7, 89, 37, 254, 46, 269, 172, 9, 195, 44, 164, 109, 38, 167, 5, 160, 60, 185, 108, 52, 217, 84, 177, 287, 192, 257, 101, 261, 150, 65, 227, 91, 152, 132, 59, 263, 159, 16, 248, 51, 228, 94, 242, 162, 92, 114, 22, 229, 127, 240, 153, 49, 107, 17, 188, 120, 270, 176, 12, 142, 23, 203, 32]
(w = 46) Correct Cyclicantibandwidth
Set parameter TimeLimit to value 1800
[runlim] sample:		1185.0 time, 1180.7 real, 1046.2 MB
[runlim] sample:		1195.0 time, 1190.7 real, 1046.2 MB
[runlim] sample:		1205.1 time, 1200.7 real, 1147.5 MB
[runlim] sample:		1215.1 time, 1210.7 real, 1207.3 MB
[runlim] sample:		1225.1 time, 1220.7 real, 1266.3 MB
(w = 47) Value Cyclicantibandwidth: 47
Lables: [265, 149, 82, 164, 224, 163, 137, 67, 178, 228, 47, 102, 234, 285, 80, 288, 182, 275, 131, 216, 3, 79, 281, 150, 255, 113, 187, 26, 231, 75, 92, 219, 138, 86, 27, 266, 124, 282, 157, 61, 155, 239, 225, 144, 97, 147, 280, 54, 122, 214, 1, 48, 135, 204, 263, 73, 181, 286, 227, 21, 69, 160, 90, 226, 43, 166, 241, 6, 237, 11, 197, 100, 205, 99, 287, 117, 63, 191, 112, 258, 145, 9, 119, 279, 212, 22, 223, 143, 2, 95, 59, 259, 64, 215, 109, 207, 271, 57, 230, 35, 201, 103, 89, 232, 123, 194, 129, 202, 106, 246, 105, 13, 244, 141, 189, 36, 211, 133, 4, 72, 14, 180, 55, 199, 77, 243, 121, 37, 116, 269, 192, 126, 62, 217, 29, 172, 41, 262, 238, 68, 251, 15, 209, 49, 183, 128, 235, 98, 24, 208, 39, 206, 118, 45, 154, 284, 142, 87, 253, 125, 245, 175, 60, 170, 25, 185, 132, 283, 161, 104, 248, 32, 184, 83, 40, 256, 51, 250, 66, 171, 114, 177, 56, 260, 74, 267, 278, 58, 272, 176, 264, 186, 53, 247, 93, 257, 153, 270, 136, 17, 213, 94, 18, 65, 50, 196, 8, 221, 88, 222, 174, 31, 210, 91, 156, 84, 179, 44, 146, 20, 190, 127, 120, 218, 33, 107, 52, 249, 198, 46, 252, 162, 236, 96, 85, 169, 12, 233, 167, 5, 140, 10, 158, 108, 23, 168, 30, 240, 78, 193, 101, 261, 115, 200, 274, 134, 71, 273, 203, 28, 130, 34, 268, 152, 110, 173, 81, 242, 76, 7, 229, 276, 139, 16, 220, 151, 38, 159, 70, 188, 111, 277, 165, 42, 254, 19, 195, 148]
(w = 47) Correct Cyclicantibandwidth
Set parameter TimeLimit to value 1800
[runlim] sample:		1235.1 time, 1230.7 real, 1054.7 MB
[runlim] sample:		1245.1 time, 1240.7 real, 1103.1 MB
[runlim] sample:		1255.2 time, 1250.7 real, 1185.5 MB
[runlim] sample:		1265.2 time, 1260.7 real, 1244.6 MB
[runlim] sample:		1275.2 time, 1270.7 real, 1306.6 MB
(w = 48) Value Cyclicantibandwidth: 48
Lables: [265, 149, 82, 175, 93, 163, 137, 67, 178, 78, 254, 102, 234, 285, 80, 288, 60, 275, 131, 216, 19, 79, 281, 150, 182, 33, 187, 26, 231, 37, 92, 219, 138, 86, 27, 266, 42, 282, 157, 61, 155, 239, 225, 144, 34, 147, 81, 1, 122, 214, 272, 48, 135, 204, 263, 73, 181, 286, 227, 21, 69, 160, 90, 226, 43, 166, 241, 6, 237, 11, 197, 50, 205, 99, 287, 117, 63, 191, 112, 258, 145, 9, 238, 111, 212, 22, 223, 143, 2, 55, 59, 251, 64, 215, 109, 207, 271, 57, 279, 66, 201, 15, 148, 232, 123, 194, 129, 202, 106, 246, 105, 13, 113, 276, 189, 36, 211, 133, 4, 176, 14, 180, 103, 199, 77, 259, 121, 58, 218, 269, 192, 126, 47, 217, 132, 220, 41, 174, 264, 68, 284, 139, 209, 49, 183, 128, 235, 98, 213, 110, 39, 206, 118, 45, 154, 3, 142, 87, 12, 104, 245, 115, 243, 170, 65, 156, 10, 240, 153, 24, 252, 32, 244, 38, 83, 248, 161, 250, 88, 171, 85, 177, 119, 260, 44, 230, 278, 125, 51, 195, 268, 146, 40, 247, 164, 257, 89, 253, 136, 54, 261, 94, 203, 114, 208, 158, 29, 221, 62, 222, 16, 95, 210, 91, 162, 100, 151, 280, 70, 165, 233, 179, 75, 185, 130, 7, 101, 262, 198, 46, 228, 134, 267, 56, 283, 169, 116, 17, 120, 5, 140, 31, 236, 168, 256, 97, 84, 249, 35, 274, 72, 23, 52, 200, 152, 224, 71, 273, 127, 28, 229, 159, 270, 186, 18, 173, 25, 242, 74, 124, 196, 107, 172, 96, 20, 76, 53, 184, 108, 277, 167, 8, 190, 30, 193, 141, 255, 188]
(w = 48) Correct Cyclicantibandwidth
Set parameter TimeLimit to value 1800
[runlim] sample:		1285.2 time, 1280.7 real, 1049.1 MB
[runlim] sample:		1295.2 time, 1290.7 real, 1105.8 MB
[runlim] sample:		1305.2 time, 1300.7 real, 1134.6 MB
[runlim] sample:		1315.2 time, 1310.7 real, 1192.6 MB
(w = 49) Value Cyclicantibandwidth: 49
Lables: [265, 149, 82, 8, 93, 163, 135, 67, 178, 78, 254, 102, 234, 285, 80, 288, 182, 275, 131, 216, 19, 112, 281, 150, 255, 113, 187, 26, 231, 37, 92, 219, 138, 239, 27, 266, 42, 260, 157, 221, 155, 264, 222, 144, 286, 139, 81, 162, 122, 214, 161, 79, 284, 108, 263, 73, 233, 180, 75, 21, 69, 6, 128, 235, 12, 114, 241, 105, 36, 145, 197, 50, 205, 99, 227, 117, 63, 191, 48, 258, 55, 273, 192, 243, 212, 22, 223, 143, 65, 189, 59, 251, 64, 248, 156, 70, 271, 57, 279, 170, 249, 183, 160, 232, 123, 256, 129, 245, 106, 2, 58, 278, 166, 276, 229, 173, 287, 224, 4, 176, 14, 236, 103, 9, 124, 259, 121, 171, 250, 104, 242, 126, 47, 274, 132, 261, 146, 54, 211, 68, 194, 33, 206, 147, 201, 84, 148, 90, 24, 110, 39, 225, 85, 34, 154, 3, 142, 87, 5, 97, 1, 175, 203, 10, 130, 185, 89, 283, 109, 177, 41, 120, 244, 193, 40, 125, 280, 179, 66, 272, 98, 253, 56, 172, 74, 230, 228, 100, 220, 111, 268, 158, 43, 204, 133, 11, 213, 71, 136, 62, 188, 94, 18, 174, 208, 118, 246, 16, 83, 31, 159, 282, 51, 247, 151, 101, 195, 44, 215, 72, 190, 127, 119, 199, 49, 167, 77, 262, 198, 46, 218, 95, 7, 209, 53, 169, 116, 38, 134, 61, 140, 269, 35, 200, 23, 168, 52, 107, 217, 141, 257, 30, 29, 252, 153, 15, 91, 181, 196, 28, 267, 76, 210, 60, 270, 207, 45, 184, 115, 277, 165, 17, 237, 96, 240, 186, 25, 152, 88, 13, 164, 20, 226, 32, 137, 202, 86, 238]
(w = 49) Correct Cyclicantibandwidth
Set parameter TimeLimit to value 1800
[runlim] sample:		1325.2 time, 1320.7 real, 1074.5 MB
[runlim] sample:		1335.3 time, 1330.7 real, 1074.5 MB
[runlim] sample:		1345.3 time, 1340.7 real, 1180.0 MB
[runlim] sample:		1355.3 time, 1350.7 real, 1239.4 MB
[runlim] sample:		1365.3 time, 1360.7 real, 1298.9 MB
(w = 50) Value Cyclicantibandwidth: 50
Lables: [265, 149, 82, 213, 93, 163, 155, 278, 178, 78, 254, 102, 234, 146, 80, 257, 90, 275, 131, 216, 19, 79, 281, 150, 255, 113, 187, 26, 231, 37, 92, 219, 137, 245, 138, 266, 42, 279, 157, 61, 186, 103, 225, 144, 68, 139, 77, 4, 35, 214, 287, 76, 21, 81, 263, 73, 233, 180, 75, 2, 69, 6, 128, 235, 12, 114, 215, 105, 36, 145, 197, 50, 205, 99, 227, 117, 63, 10, 109, 258, 174, 280, 192, 72, 212, 74, 232, 143, 253, 162, 59, 251, 129, 284, 156, 83, 271, 57, 286, 170, 249, 189, 160, 285, 123, 256, 48, 267, 106, 246, 177, 58, 166, 247, 229, 173, 122, 224, 116, 176, 14, 236, 62, 274, 167, 31, 121, 70, 250, 148, 242, 190, 47, 238, 132, 261, 108, 54, 211, 130, 194, 32, 264, 147, 183, 84, 270, 204, 24, 119, 39, 272, 198, 34, 202, 3, 142, 87, 9, 104, 1, 175, 38, 223, 164, 25, 89, 283, 168, 115, 41, 165, 244, 193, 29, 248, 124, 240, 188, 269, 85, 230, 56, 260, 125, 262, 228, 66, 282, 140, 268, 64, 40, 207, 133, 11, 153, 273, 154, 276, 45, 152, 18, 158, 218, 53, 196, 33, 161, 16, 135, 195, 51, 120, 15, 100, 151, 44, 277, 86, 22, 127, 65, 199, 94, 7, 101, 237, 136, 46, 241, 134, 239, 110, 206, 118, 191, 17, 169, 259, 27, 200, 55, 181, 23, 171, 203, 8, 185, 30, 107, 49, 96, 217, 43, 182, 91, 209, 252, 28, 184, 112, 210, 60, 20, 179, 88, 221, 111, 208, 97, 5, 141, 71, 222, 98, 201, 95, 226, 13, 159, 243, 288, 172, 67, 220, 52, 126]
(w = 50) Correct Cyclicantibandwidth
Set parameter TimeLimit to value 1800
[runlim] sample:		1375.3 time, 1370.7 real, 1091.3 MB
[runlim] sample:		1385.3 time, 1380.7 real, 1132.7 MB
[runlim] sample:		1395.3 time, 1390.7 real, 1167.2 MB
[runlim] sample:		1405.4 time, 1400.7 real, 1262.5 MB
[runlim] sample:		1415.4 time, 1410.7 real, 1320.0 MB
(w = 51) Value Cyclicantibandwidth: 51
Lables: [265, 149, 82, 8, 93, 20, 137, 67, 178, 78, 254, 102, 234, 285, 80, 288, 95, 275, 131, 216, 19, 79, 282, 150, 255, 113, 187, 26, 231, 37, 92, 219, 14, 111, 27, 169, 42, 279, 157, 222, 155, 239, 225, 144, 286, 139, 81, 4, 38, 214, 161, 76, 21, 108, 198, 73, 233, 158, 75, 204, 69, 6, 128, 235, 12, 114, 266, 105, 237, 11, 197, 5, 205, 99, 227, 126, 63, 138, 48, 247, 165, 273, 192, 72, 212, 140, 223, 143, 257, 162, 59, 251, 64, 284, 156, 55, 271, 57, 230, 170, 249, 189, 160, 232, 123, 236, 129, 241, 106, 281, 58, 278, 166, 276, 229, 173, 287, 220, 74, 176, 15, 83, 135, 9, 167, 259, 121, 195, 250, 70, 242, 184, 47, 274, 132, 261, 146, 54, 211, 68, 194, 32, 264, 147, 183, 84, 148, 90, 24, 110, 39, 272, 87, 34, 179, 33, 142, 208, 268, 104, 46, 175, 243, 50, 164, 238, 97, 283, 180, 115, 41, 120, 244, 193, 118, 2, 103, 240, 66, 245, 61, 177, 56, 260, 182, 262, 228, 125, 253, 191, 86, 186, 40, 277, 133, 13, 213, 109, 154, 226, 62, 152, 45, 224, 77, 16, 145, 221, 100, 1, 174, 112, 51, 153, 252, 119, 151, 44, 215, 163, 18, 201, 65, 199, 31, 107, 218, 269, 136, 85, 188, 246, 96, 181, 206, 30, 256, 22, 217, 94, 134, 190, 35, 122, 23, 210, 52, 267, 185, 29, 101, 49, 202, 130, 43, 270, 91, 10, 127, 28, 124, 196, 25, 168, 280, 207, 71, 141, 200, 263, 89, 258, 172, 88, 3, 203, 248, 53, 116, 7, 98, 17, 171, 117, 60, 209, 36, 159]
(w = 51) Correct Cyclicantibandwidth
Set parameter TimeLimit to value 1800
[runlim] sample:		1425.4 time, 1420.7 real, 1104.7 MB
[runlim] sample:		1435.4 time, 1430.7 real, 1167.0 MB
[runlim] sample:		1445.4 time, 1440.7 real, 1207.2 MB
[runlim] sample:		1455.4 time, 1450.7 real, 1248.9 MB
[runlim] sample:		1465.5 time, 1460.7 real, 1362.0 MB
(w = 52) Value Cyclicantibandwidth: 52
Lables: [48, 149, 82, 8, 93, 163, 137, 67, 178, 78, 254, 102, 193, 285, 80, 288, 182, 275, 131, 216, 19, 79, 281, 150, 255, 113, 187, 26, 109, 37, 92, 219, 14, 111, 27, 169, 117, 265, 157, 61, 155, 239, 225, 144, 286, 139, 81, 4, 122, 214, 161, 76, 21, 108, 263, 73, 233, 180, 75, 204, 69, 234, 128, 235, 12, 114, 266, 105, 237, 11, 197, 5, 205, 99, 227, 130, 63, 138, 104, 258, 55, 273, 151, 72, 212, 22, 223, 143, 257, 162, 59, 251, 64, 284, 156, 2, 271, 57, 230, 170, 71, 189, 87, 232, 123, 236, 129, 241, 106, 246, 58, 1, 166, 276, 229, 173, 287, 220, 62, 176, 15, 83, 135, 70, 124, 259, 121, 195, 250, 141, 242, 126, 47, 274, 132, 261, 146, 54, 211, 68, 194, 32, 264, 147, 183, 84, 148, 90, 24, 110, 39, 272, 201, 34, 154, 3, 142, 208, 268, 160, 9, 175, 243, 50, 164, 238, 89, 283, 168, 115, 41, 120, 244, 192, 40, 248, 103, 240, 66, 245, 85, 177, 56, 260, 181, 262, 228, 125, 253, 191, 77, 186, 43, 279, 133, 13, 213, 74, 136, 226, 60, 152, 18, 224, 256, 53, 145, 33, 88, 278, 174, 112, 51, 153, 252, 49, 277, 44, 215, 134, 45, 119, 65, 199, 31, 247, 158, 269, 179, 46, 218, 101, 7, 209, 36, 171, 118, 38, 116, 35, 140, 231, 23, 200, 282, 210, 52, 167, 221, 94, 185, 127, 202, 267, 42, 203, 107, 29, 10, 97, 184, 96, 16, 206, 100, 207, 25, 217, 165, 280, 196, 17, 172, 91, 222, 98, 6, 159, 86, 28, 95, 270, 190, 249, 20, 188, 30, 198]
(w = 52) Correct Cyclicantibandwidth
Set parameter TimeLimit to value 1800
[runlim] sample:		1475.5 time, 1470.7 real, 1146.5 MB
[runlim] sample:		1485.5 time, 1480.7 real, 1188.1 MB
[runlim] sample:		1495.5 time, 1490.7 real, 1221.0 MB
[runlim] sample:		1505.5 time, 1500.7 real, 1314.4 MB
[runlim] sample:		1515.5 time, 1510.7 real, 1372.9 MB
(w = 53) Value Cyclicantibandwidth: 53
Lables: [265, 206, 82, 8, 93, 25, 137, 6, 144, 78, 173, 102, 27, 145, 12, 185, 3, 234, 131, 216, 75, 21, 136, 74, 255, 58, 187, 122, 229, 170, 165, 284, 104, 241, 64, 272, 129, 263, 157, 224, 5, 239, 47, 120, 235, 139, 81, 186, 135, 214, 108, 48, 226, 30, 76, 15, 181, 111, 26, 127, 156, 242, 42, 194, 117, 281, 83, 163, 228, 97, 197, 100, 205, 41, 227, 153, 63, 138, 271, 199, 38, 273, 207, 68, 189, 22, 223, 143, 35, 231, 278, 182, 51, 209, 109, 34, 95, 39, 230, 113, 198, 103, 179, 249, 19, 236, 32, 202, 279, 180, 105, 233, 286, 211, 175, 118, 196, 59, 116, 1, 119, 204, 110, 210, 268, 128, 213, 126, 266, 84, 168, 238, 36, 193, 132, 261, 99, 174, 245, 43, 252, 98, 217, 49, 183, 101, 171, 90, 178, 56, 243, 10, 79, 162, 276, 166, 40, 133, 270, 61, 177, 232, 107, 50, 121, 282, 106, 160, 161, 248, 190, 123, 244, 92, 28, 159, 24, 250, 66, 254, 114, 262, 57, 260, 44, 195, 13, 69, 257, 62, 167, 55, 141, 14, 142, 264, 37, 125, 280, 220, 46, 152, 253, 65, 86, 158, 246, 53, 164, 222, 203, 94, 188, 130, 274, 150, 285, 151, 237, 155, 218, 54, 87, 288, 148, 7, 73, 251, 247, 96, 2, 201, 267, 72, 112, 275, 200, 77, 176, 259, 16, 71, 146, 208, 52, 154, 140, 4, 91, 269, 192, 23, 215, 67, 11, 88, 287, 225, 20, 172, 80, 240, 184, 124, 134, 18, 169, 9, 89, 17, 45, 219, 29, 221, 33, 115, 191, 283, 85, 147, 256, 60, 277, 70, 149, 212, 31, 258]
(w = 53) Correct Cyclicantibandwidth
Set parameter TimeLimit to value 1800
[runlim] sample:		1525.5 time, 1520.7 real, 1154.6 MB
[runlim] sample:		1535.6 time, 1530.7 real, 1154.6 MB
[runlim] sample:		1545.6 time, 1540.7 real, 1260.2 MB
[runlim] sample:		1555.6 time, 1550.7 real, 1318.8 MB
[runlim] sample:		1565.6 time, 1560.7 real, 1378.8 MB
[runlim] sample:		1575.6 time, 1570.7 real, 1436.2 MB
(w = 54) Value Cyclicantibandwidth: 54
Lables: [73, 149, 234, 151, 93, 215, 181, 67, 178, 24, 163, 102, 27, 141, 286, 185, 53, 260, 92, 248, 75, 288, 222, 137, 179, 37, 187, 62, 3, 76, 18, 249, 19, 190, 64, 200, 131, 256, 157, 61, 250, 105, 287, 144, 31, 139, 25, 164, 107, 233, 101, 35, 199, 46, 194, 125, 1, 99, 12, 204, 69, 235, 118, 267, 77, 262, 192, 47, 193, 128, 197, 100, 205, 91, 4, 175, 63, 201, 112, 258, 126, 275, 161, 271, 177, 72, 223, 143, 2, 162, 59, 182, 83, 259, 170, 284, 168, 109, 279, 159, 281, 115, 81, 232, 138, 11, 87, 8, 13, 174, 58, 278, 166, 95, 189, 36, 211, 56, 274, 176, 26, 236, 154, 210, 65, 272, 231, 55, 213, 140, 10, 119, 106, 217, 78, 263, 146, 207, 266, 103, 212, 82, 214, 147, 104, 20, 195, 90, 240, 180, 39, 150, 43, 276, 50, 265, 229, 6, 237, 121, 239, 114, 86, 218, 123, 230, 133, 241, 198, 9, 191, 57, 244, 152, 42, 165, 51, 158, 66, 268, 48, 253, 41, 264, 94, 30, 117, 22, 220, 111, 255, 110, 7, 88, 148, 228, 108, 40, 209, 29, 245, 142, 38, 145, 84, 196, 60, 216, 132, 206, 160, 23, 221, 34, 227, 49, 273, 130, 242, 134, 246, 127, 44, 254, 79, 21, 124, 269, 136, 28, 251, 172, 257, 122, 283, 169, 113, 15, 129, 219, 225, 74, 277, 153, 247, 14, 285, 156, 89, 208, 32, 116, 120, 54, 155, 71, 188, 16, 261, 186, 17, 183, 243, 97, 202, 96, 173, 80, 135, 203, 85, 5, 238, 184, 270, 45, 280, 171, 70, 282, 52, 167, 226, 68, 252, 98, 224, 33]
(w = 54) Correct Cyclicantibandwidth
Set parameter TimeLimit to value 1800
[runlim] sample:		1585.6 time, 1580.7 real, 1149.6 MB
[runlim] sample:		1595.6 time, 1590.7 real, 1183.6 MB
[runlim] sample:		1605.7 time, 1600.7 real, 1267.3 MB
[runlim] sample:		1615.7 time, 1610.7 real, 1327.4 MB
[runlim] sample:		1625.7 time, 1620.7 real, 1389.3 MB
(w = 55) Value Cyclicantibandwidth: 55
Lables: [265, 149, 8, 237, 21, 163, 137, 67, 178, 78, 180, 102, 234, 145, 286, 185, 123, 275, 24, 247, 75, 288, 63, 136, 255, 113, 187, 122, 3, 76, 82, 219, 14, 205, 64, 266, 141, 263, 157, 62, 155, 239, 225, 144, 31, 139, 81, 9, 20, 214, 101, 240, 179, 92, 194, 73, 181, 111, 279, 204, 69, 6, 90, 226, 125, 282, 281, 105, 168, 71, 197, 100, 227, 99, 283, 117, 53, 138, 48, 258, 126, 273, 192, 72, 121, 42, 223, 143, 252, 162, 278, 191, 89, 29, 182, 26, 209, 119, 32, 170, 262, 103, 148, 13, 87, 230, 129, 202, 109, 2, 58, 216, 280, 74, 189, 130, 190, 56, 116, 176, 19, 236, 61, 199, 46, 259, 213, 55, 218, 86, 242, 177, 59, 217, 132, 261, 146, 274, 211, 68, 254, 151, 212, 49, 183, 128, 235, 57, 186, 272, 39, 206, 18, 224, 16, 77, 142, 11, 201, 104, 245, 175, 285, 115, 25, 164, 34, 91, 161, 4, 222, 106, 244, 156, 83, 165, 51, 250, 66, 269, 114, 276, 47, 260, 44, 195, 228, 112, 220, 135, 203, 268, 284, 207, 133, 232, 40, 96, 154, 54, 188, 43, 253, 158, 50, 196, 60, 221, 88, 248, 174, 95, 271, 152, 5, 84, 243, 167, 246, 147, 233, 127, 65, 7, 94, 256, 131, 198, 215, 79, 22, 134, 267, 36, 1, 169, 80, 251, 193, 249, 140, 10, 210, 45, 264, 93, 30, 166, 52, 238, 118, 23, 173, 287, 153, 15, 150, 17, 277, 200, 37, 160, 231, 85, 70, 12, 172, 33, 124, 208, 229, 97, 241, 110, 27, 108, 35, 184, 107, 171, 98, 28, 120, 38, 270, 41, 257, 159]
(w = 55) Correct Cyclicantibandwidth
Set parameter TimeLimit to value 1800
[runlim] sample:		1635.7 time, 1630.7 real, 1142.7 MB
[runlim] sample:		1645.7 time, 1640.7 real, 1202.0 MB
[runlim] sample:		1655.7 time, 1650.7 real, 1238.6 MB
[runlim] sample:		1665.7 time, 1660.7 real, 1278.0 MB
[runlim] sample:		1675.7 time, 1670.7 real, 1329.5 MB
(w = 56) Value Cyclicantibandwidth: 56
Lables: [265, 149, 82, 8, 93, 163, 137, 245, 178, 83, 22, 102, 234, 145, 286, 185, 123, 275, 131, 272, 114, 288, 215, 150, 255, 113, 187, 122, 3, 76, 92, 219, 14, 182, 64, 199, 42, 263, 157, 236, 155, 239, 225, 144, 31, 139, 81, 9, 20, 214, 101, 254, 183, 108, 194, 73, 181, 111, 1, 233, 69, 190, 95, 226, 125, 18, 281, 105, 237, 11, 197, 100, 205, 96, 227, 90, 10, 138, 48, 258, 126, 273, 192, 72, 121, 52, 223, 53, 120, 277, 278, 191, 89, 284, 61, 143, 209, 119, 279, 170, 262, 87, 148, 21, 156, 230, 129, 202, 106, 2, 58, 147, 80, 276, 189, 109, 211, 56, 274, 176, 19, 180, 36, 151, 46, 118, 213, 55, 218, 67, 242, 37, 283, 217, 47, 261, 146, 220, 78, 140, 252, 32, 212, 49, 249, 128, 235, 40, 173, 110, 39, 206, 85, 179, 65, 244, 142, 287, 201, 57, 177, 17, 285, 132, 25, 216, 34, 240, 161, 24, 248, 38, 231, 97, 264, 198, 51, 133, 6, 171, 59, 259, 159, 260, 44, 267, 253, 112, 251, 103, 188, 68, 43, 204, 117, 257, 77, 153, 135, 54, 256, 94, 175, 62, 50, 196, 29, 221, 66, 222, 174, 99, 210, 26, 162, 280, 195, 130, 246, 165, 104, 186, 124, 7, 168, 23, 247, 127, 238, 86, 271, 134, 16, 228, 35, 250, 167, 28, 116, 5, 266, 74, 229, 152, 232, 166, 84, 13, 115, 208, 15, 91, 269, 207, 33, 224, 12, 71, 203, 88, 241, 160, 98, 4, 30, 158, 45, 243, 172, 60, 193, 41, 270, 154, 27, 169, 63, 184, 70, 282, 164, 107, 141, 79, 200, 136, 75, 268]
(w = 56) Correct Cyclicantibandwidth
Set parameter TimeLimit to value 1800
[runlim] sample:		1685.8 time, 1680.7 real, 1104.0 MB
[runlim] sample:		1695.8 time, 1690.7 real, 1177.8 MB
[runlim] sample:		1705.8 time, 1700.7 real, 1233.0 MB
[runlim] sample:		1715.8 time, 1710.7 real, 1257.3 MB
[runlim] sample:		1725.8 time, 1720.7 real, 1315.1 MB
[runlim] sample:		1735.8 time, 1730.7 real, 1372.5 MB
(w = 57) Value Cyclicantibandwidth: 57
Lables: [265, 149, 82, 8, 93, 163, 137, 67, 178, 78, 254, 102, 234, 145, 286, 185, 123, 275, 131, 16, 75, 279, 215, 150, 255, 113, 187, 122, 3, 76, 91, 219, 14, 182, 64, 266, 42, 263, 157, 236, 155, 239, 225, 144, 31, 139, 81, 9, 20, 214, 101, 21, 199, 108, 194, 73, 181, 111, 12, 226, 69, 6, 90, 232, 106, 18, 281, 105, 237, 11, 197, 100, 205, 99, 227, 79, 10, 138, 48, 258, 126, 287, 192, 72, 121, 52, 223, 143, 2, 231, 278, 213, 89, 29, 109, 26, 209, 119, 244, 170, 262, 202, 148, 288, 87, 230, 129, 260, 38, 168, 58, 147, 80, 276, 189, 36, 211, 56, 274, 176, 19, 180, 61, 210, 77, 7, 135, 55, 218, 86, 242, 177, 283, 217, 132, 261, 146, 33, 57, 140, 284, 151, 212, 114, 183, 63, 235, 40, 245, 110, 39, 206, 118, 179, 65, 273, 142, 280, 201, 104, 1, 175, 285, 190, 25, 164, 62, 240, 161, 24, 246, 32, 256, 97, 264, 198, 124, 250, 66, 171, 4, 162, 47, 165, 44, 267, 228, 83, 272, 107, 188, 68, 59, 204, 117, 257, 120, 253, 154, 54, 191, 43, 259, 158, 50, 196, 60, 221, 88, 249, 174, 112, 271, 125, 248, 49, 195, 37, 216, 41, 167, 84, 51, 222, 53, 229, 5, 152, 136, 46, 251, 134, 203, 23, 282, 169, 96, 193, 45, 238, 141, 74, 268, 128, 247, 166, 30, 241, 115, 35, 156, 269, 95, 207, 28, 224, 71, 153, 277, 98, 184, 34, 130, 17, 200, 270, 85, 208, 15, 186, 133, 70, 160, 103, 243, 116, 22, 159, 94, 233, 172, 252, 220, 27, 173, 92, 13, 127]
(w = 57) Correct Cyclicantibandwidth
Set parameter TimeLimit to value 1800
[runlim] sample:		1745.8 time, 1740.7 real, 1136.0 MB
[runlim] sample:		1755.9 time, 1750.7 real, 1218.0 MB
[runlim] sample:		1765.9 time, 1760.7 real, 1294.6 MB
[runlim] sample:		1775.9 time, 1770.7 real, 1349.8 MB
[runlim] sample:		1785.9 time, 1780.7 real, 1410.0 MB
[runlim] sample:		1795.9 time, 1790.7 real, 1467.8 MB
(w = 58) Value Cyclicantibandwidth: 58
Lables: [265, 149, 82, 8, 93, 163, 137, 67, 178, 78, 254, 102, 234, 145, 286, 185, 123, 275, 131, 216, 75, 288, 215, 150, 255, 113, 187, 122, 3, 76, 92, 219, 14, 182, 64, 266, 42, 263, 157, 236, 155, 239, 225, 144, 31, 139, 81, 10, 20, 214, 101, 21, 199, 108, 194, 73, 181, 111, 12, 233, 69, 188, 90, 6, 125, 18, 281, 105, 237, 86, 197, 100, 205, 99, 227, 147, 11, 138, 48, 258, 126, 273, 192, 72, 121, 52, 223, 143, 2, 231, 278, 191, 89, 29, 109, 26, 209, 119, 279, 159, 262, 103, 148, 232, 87, 230, 129, 202, 115, 246, 58, 207, 80, 276, 189, 36, 211, 56, 274, 176, 19, 180, 61, 210, 77, 7, 135, 55, 218, 104, 242, 177, 283, 217, 132, 261, 146, 33, 57, 140, 284, 151, 287, 96, 183, 63, 235, 40, 245, 110, 39, 206, 118, 179, 65, 244, 212, 84, 201, 106, 1, 175, 285, 170, 98, 226, 62, 240, 161, 24, 190, 32, 256, 97, 264, 198, 124, 250, 66, 271, 4, 162, 47, 260, 44, 267, 164, 83, 213, 107, 272, 68, 25, 204, 117, 257, 120, 253, 154, 54, 249, 43, 259, 158, 50, 196, 60, 221, 88, 222, 174, 112, 184, 91, 248, 49, 195, 280, 116, 53, 133, 203, 51, 165, 41, 247, 74, 269, 136, 46, 251, 134, 229, 160, 252, 169, 79, 193, 45, 238, 141, 34, 167, 17, 208, 22, 59, 241, 95, 186, 28, 166, 35, 142, 37, 228, 16, 130, 127, 15, 114, 30, 243, 70, 268, 173, 23, 200, 38, 220, 168, 71, 172, 13, 128, 27, 282, 152, 5, 171, 270, 94, 224, 85, 153, 277, 156, 9]
(w = 58) Correct Cyclicantibandwidth
Set parameter TimeLimit to value 1800
[runlim] end:			Mon Nov  3 15:51:30 2025
[runlim] status:		out of time
[runlim] result:		2
[runlim] children:		0
[runlim] real:			1800.10 seconds
[runlim] time:			1805.36 seconds
[runlim] space:			2196.4 MB
[runlim] samples:		17994
