[runlim] version:		1.10
[runlim] time limit:		311040000 seconds
[runlim] real time limit:	1800 seconds
[runlim] space limit:		30000 MB
[runlim] argv[0]:		python3
[runlim] argv[1]:		model.py
[runlim] argv[2]:		./graph/3dmesh/3dmesh_4_4_5.txt
[runlim] start:			Mon Nov  3 11:47:25 2025
[runlim] main pid:		17856
[runlim] log captured:
Set parameter WLSAccessID
Set parameter WLSSecret
Set parameter LicenseID to value 2663665
Academic license 2663665 - for non-commercial use only - registered to tu___@vnu.edu.vn
Set parameter TimeLimit to value 1800
(w = 4) Value Cyclicantibandwidth: 4
Lables: [1, 58, 16, 76, 5, 78, 44, 54, 59, 18, 8, 13, 31, 50, 35, 22, 9, 48, 67, 62, 26, 12, 80, 72, 14, 57, 34, 2, 21, 70, 6, 55, 63, 40, 33, 74, 73, 79, 24, 41, 38, 68, 20, 36, 27, 3, 43, 25, 4, 64, 45, 49, 60, 11, 65, 71, 42, 47, 61, 51, 69, 52, 39, 30, 23, 29, 37, 19, 7, 77, 56, 75, 66, 10, 15, 32, 53, 17, 28, 46]
(w = 4) Correct Cyclicantibandwidth
Set parameter TimeLimit to value 1800
(w = 5) Value Cyclicantibandwidth: 5
Lables: [45, 58, 8, 76, 5, 78, 67, 49, 59, 18, 43, 2, 31, 50, 35, 30, 9, 48, 23, 68, 26, 12, 80, 60, 1, 72, 34, 70, 21, 36, 6, 55, 63, 40, 33, 74, 73, 62, 7, 22, 38, 13, 20, 65, 27, 3, 28, 14, 4, 24, 54, 11, 66, 32, 37, 44, 56, 46, 61, 51, 69, 52, 79, 29, 71, 57, 17, 42, 41, 64, 77, 19, 16, 75, 47, 25, 10, 39, 53, 15]
(w = 5) Correct Cyclicantibandwidth
Set parameter TimeLimit to value 1800
(w = 6) Value Cyclicantibandwidth: 6
Lables: [54, 61, 16, 76, 5, 78, 67, 22, 59, 18, 8, 2, 31, 50, 38, 30, 9, 48, 23, 68, 26, 12, 80, 46, 1, 72, 34, 74, 21, 36, 6, 55, 63, 40, 33, 20, 73, 62, 24, 56, 53, 41, 77, 43, 27, 3, 42, 25, 4, 64, 49, 65, 60, 11, 70, 44, 15, 35, 57, 13, 69, 52, 14, 47, 71, 29, 37, 19, 7, 79, 17, 75, 39, 66, 51, 58, 32, 10, 45, 28]
(w = 6) Correct Cyclicantibandwidth
Set parameter TimeLimit to value 1800
(w = 7) Value Cyclicantibandwidth: 7
Lables: [28, 61, 48, 76, 5, 78, 67, 22, 59, 18, 47, 2, 31, 50, 35, 20, 9, 49, 23, 65, 26, 12, 80, 53, 45, 72, 34, 16, 54, 36, 6, 55, 63, 40, 33, 74, 73, 62, 24, 14, 38, 13, 77, 43, 27, 3, 42, 25, 4, 64, 51, 19, 60, 11, 70, 44, 15, 46, 17, 32, 69, 21, 52, 8, 71, 29, 75, 57, 41, 1, 56, 37, 68, 10, 66, 58, 39, 79, 7, 30]
(w = 7) Correct Cyclicantibandwidth
Set parameter TimeLimit to value 1800
(w = 8) Value Cyclicantibandwidth: 8
Lables: [67, 26, 54, 30, 35, 47, 31, 14, 50, 18, 5, 43, 4, 66, 34, 59, 58, 78, 23, 76, 48, 39, 77, 25, 20, 62, 42, 57, 64, 7, 63, 44, 73, 12, 71, 52, 1, 51, 24, 33, 32, 6, 75, 21, 8, 22, 46, 10, 17, 37, 28, 65, 56, 79, 61, 2, 11, 68, 9, 38, 74, 45, 19, 69, 29, 55, 13, 40, 70, 41, 72, 16, 49, 27, 60, 80, 3, 15, 36, 53]
(w = 8) Correct Cyclicantibandwidth
Set parameter TimeLimit to value 1800
(w = 9) Value Cyclicantibandwidth: 9
Lables: [54, 64, 16, 76, 5, 40, 1, 66, 59, 18, 72, 2, 31, 50, 35, 22, 9, 48, 67, 41, 26, 12, 23, 53, 74, 57, 34, 65, 8, 70, 6, 55, 63, 32, 44, 58, 73, 62, 7, 68, 38, 13, 77, 24, 27, 36, 15, 79, 4, 20, 30, 49, 60, 11, 42, 10, 80, 46, 61, 43, 39, 3, 51, 29, 33, 47, 21, 37, 69, 28, 56, 75, 52, 19, 45, 17, 25, 71, 14, 78]
(w = 9) Correct Cyclicantibandwidth
Set parameter TimeLimit to value 1800
(w = 10) Value Cyclicantibandwidth: 10
Lables: [40, 78, 26, 76, 5, 33, 56, 16, 48, 2, 72, 37, 31, 61, 35, 8, 9, 22, 67, 28, 52, 12, 77, 53, 74, 58, 18, 65, 50, 36, 6, 55, 63, 32, 44, 7, 73, 49, 13, 68, 38, 4, 51, 24, 27, 17, 64, 42, 45, 20, 54, 23, 62, 30, 79, 10, 80, 46, 29, 43, 69, 3, 41, 70, 66, 47, 21, 11, 39, 19, 57, 75, 60, 34, 15, 25, 1, 59, 71, 14]
(w = 10) Correct Cyclicantibandwidth
Set parameter TimeLimit to value 1800
(w = 11) Value Cyclicantibandwidth: 11
Lables: [43, 4, 28, 51, 74, 40, 1, 35, 6, 25, 62, 20, 31, 50, 2, 67, 30, 61, 5, 39, 55, 27, 64, 19, 26, 57, 34, 69, 54, 70, 22, 41, 45, 32, 44, 56, 14, 66, 10, 73, 63, 24, 77, 8, 38, 3, 58, 76, 15, 46, 21, 37, 53, 11, 36, 7, 80, 49, 17, 75, 68, 33, 72, 48, 71, 12, 79, 18, 9, 42, 65, 52, 59, 29, 47, 23, 13, 78, 16, 60]
(w = 11) Correct Cyclicantibandwidth
Set parameter TimeLimit to value 1800
(w = 12) Value Cyclicantibandwidth: 12
Lables: [39, 52, 16, 35, 5, 24, 73, 22, 59, 78, 40, 69, 34, 50, 18, 47, 9, 26, 67, 3, 62, 12, 48, 64, 74, 54, 21, 49, 8, 25, 6, 61, 63, 75, 33, 70, 43, 57, 7, 37, 28, 41, 68, 19, 71, 58, 27, 76, 46, 29, 45, 4, 30, 11, 65, 51, 15, 56, 42, 72, 36, 20, 80, 17, 2, 60, 10, 55, 14, 79, 38, 23, 66, 31, 1, 53, 13, 44, 32, 77]
(w = 12) Correct Cyclicantibandwidth
Set parameter TimeLimit to value 1800
(w = 13) Value Cyclicantibandwidth: 13
Lables: [54, 11, 35, 76, 5, 40, 1, 22, 62, 18, 56, 41, 31, 50, 6, 59, 9, 48, 67, 28, 26, 12, 51, 64, 78, 57, 3, 23, 53, 70, 47, 77, 44, 20, 45, 58, 75, 49, 7, 38, 13, 29, 68, 2, 27, 52, 30, 17, 4, 71, 8, 25, 36, 21, 65, 10, 80, 61, 33, 63, 60, 37, 72, 43, 32, 16, 74, 55, 69, 42, 14, 39, 19, 79, 46, 15, 34, 66, 24, 73]
(w = 13) Correct Cyclicantibandwidth
Set parameter TimeLimit to value 1800
(w = 14) Value Cyclicantibandwidth: 14
Lables: [24, 78, 30, 49, 5, 54, 80, 22, 59, 18, 56, 39, 76, 57, 77, 20, 9, 48, 67, 28, 26, 12, 29, 64, 74, 50, 1, 23, 31, 71, 21, 55, 63, 32, 46, 2, 44, 62, 7, 38, 58, 3, 36, 66, 75, 34, 73, 25, 4, 47, 14, 35, 70, 11, 41, 10, 37, 65, 19, 43, 61, 17, 51, 8, 33, 13, 40, 68, 15, 45, 79, 52, 72, 6, 42, 69, 27, 60, 16, 53]
(w = 14) Correct Cyclicantibandwidth
Set parameter TimeLimit to value 1800
(w = 15) Value Cyclicantibandwidth: 15
Lables: [54, 78, 16, 47, 23, 40, 1, 22, 59, 9, 56, 2, 31, 50, 35, 20, 76, 48, 67, 28, 58, 12, 29, 79, 75, 57, 3, 43, 10, 74, 18, 63, 38, 68, 8, 64, 17, 42, 66, 14, 39, 13, 30, 65, 55, 33, 49, 25, 4, 27, 73, 36, 52, 11, 34, 71, 80, 46, 62, 19, 21, 61, 77, 60, 51, 70, 37, 5, 7, 26, 53, 24, 44, 72, 32, 69, 6, 41, 15, 45]
(w = 15) Correct Cyclicantibandwidth
Set parameter TimeLimit to value 1800
[runlim] sample:		10.0 time, 10.4 real, 73.0 MB
(w = 16) Value Cyclicantibandwidth: 16
Lables: [20, 75, 51, 72, 80, 38, 11, 55, 44, 18, 62, 5, 15, 64, 39, 23, 76, 43, 9, 26, 22, 3, 40, 71, 74, 57, 21, 37, 31, 14, 63, 6, 56, 8, 58, 79, 73, 49, 2, 30, 33, 12, 47, 66, 54, 70, 17, 41, 1, 24, 77, 28, 35, 65, 19, 59, 10, 45, 78, 42, 32, 7, 50, 67, 27, 61, 36, 53, 52, 13, 69, 34, 68, 29, 46, 16, 4, 60, 25, 48]
(w = 16) Correct Cyclicantibandwidth
Set parameter TimeLimit to value 1800
(w = 17) Value Cyclicantibandwidth: 17
Lables: [54, 78, 16, 58, 5, 40, 67, 22, 59, 18, 47, 2, 31, 50, 24, 55, 9, 48, 70, 28, 26, 6, 23, 64, 1, 57, 3, 27, 63, 7, 53, 77, 41, 10, 33, 74, 73, 42, 66, 12, 38, 13, 36, 65, 4, 62, 80, 19, 69, 29, 52, 20, 30, 11, 35, 71, 8, 46, 17, 43, 61, 21, 51, 72, 15, 49, 76, 44, 60, 32, 56, 25, 39, 75, 37, 68, 79, 45, 14, 34]
(w = 17) Correct Cyclicantibandwidth
Set parameter TimeLimit to value 1800
(w = 18) Value Cyclicantibandwidth: 18
Lables: [31, 70, 16, 58, 5, 40, 66, 22, 59, 18, 47, 4, 9, 50, 24, 55, 3, 48, 67, 28, 26, 1, 23, 64, 2, 57, 76, 27, 30, 11, 53, 78, 41, 10, 33, 54, 73, 42, 62, 12, 38, 13, 36, 65, 7, 43, 80, 44, 69, 49, 72, 20, 35, 68, 37, 61, 8, 46, 6, 25, 52, 21, 51, 79, 15, 71, 19, 63, 60, 32, 56, 14, 39, 75, 34, 74, 17, 45, 77, 29]
(w = 18) Correct Cyclicantibandwidth
Set parameter TimeLimit to value 1800
(w = 19) Value Cyclicantibandwidth: 19
Lables: [34, 78, 36, 76, 5, 48, 67, 22, 59, 18, 47, 2, 29, 50, 24, 55, 9, 51, 70, 15, 46, 12, 44, 64, 1, 57, 16, 43, 56, 11, 72, 14, 41, 71, 33, 54, 73, 42, 66, 26, 35, 13, 45, 7, 4, 62, 17, 65, 69, 31, 74, 25, 20, 80, 28, 52, 63, 37, 8, 27, 40, 3, 49, 6, 10, 60, 21, 53, 68, 19, 77, 32, 38, 58, 39, 79, 61, 23, 75, 30]
(w = 19) Correct Cyclicantibandwidth
Set parameter TimeLimit to value 1800
(w = 20) Value Cyclicantibandwidth: 20
Lables: [29, 8, 36, 79, 9, 68, 14, 56, 62, 21, 48, 22, 31, 70, 24, 65, 73, 32, 67, 28, 49, 10, 44, 78, 12, 57, 23, 53, 61, 30, 63, 17, 37, 64, 33, 5, 15, 42, 66, 38, 39, 19, 43, 18, 13, 59, 16, 69, 72, 34, 11, 45, 35, 71, 40, 77, 6, 47, 74, 51, 58, 1, 54, 20, 50, 76, 52, 80, 7, 41, 4, 25, 55, 2, 27, 75, 26, 60, 3, 46]
(w = 20) Correct Cyclicantibandwidth
Set parameter TimeLimit to value 1800
[runlim] sample:		20.7 time, 20.4 real, 237.1 MB
(w = 21) Value Cyclicantibandwidth: 21
Lables: [42, 3, 33, 70, 64, 27, 54, 14, 29, 56, 78, 39, 73, 18, 51, 75, 2, 32, 60, 35, 34, 1, 28, 61, 74, 24, 52, 15, 43, 65, 6, 40, 30, 55, 8, 59, 71, 25, 57, 9, 26, 49, 79, 37, 68, 21, 45, 77, 53, 76, 50, 4, 20, 48, 7, 41, 63, 5, 44, 80, 19, 47, 23, 46, 11, 36, 12, 38, 69, 10, 66, 16, 31, 62, 22, 58, 72, 17, 67, 13]
(w = 21) Correct Cyclicantibandwidth
Set parameter TimeLimit to value 1800
(w = 22) Value Cyclicantibandwidth: 22
Lables: [50, 4, 34, 61, 5, 46, 2, 27, 63, 24, 52, 74, 25, 72, 20, 48, 28, 58, 80, 22, 62, 14, 37, 71, 40, 69, 11, 49, 3, 26, 55, 19, 51, 6, 44, 73, 13, 36, 1, 47, 70, 12, 56, 18, 43, 65, 7, 53, 8, 30, 66, 33, 42, 64, 23, 75, 15, 38, 79, 45, 67, 9, 57, 21, 31, 78, 35, 77, 68, 32, 76, 41, 39, 10, 54, 16, 17, 59, 29, 60]
(w = 22) Correct Cyclicantibandwidth
Set parameter TimeLimit to value 1800
[runlim] sample:		31.5 time, 30.4 real, 317.3 MB
(w = 23) Value Cyclicantibandwidth: 23
Lables: [55, 13, 61, 34, 29, 57, 26, 73, 3, 33, 77, 50, 35, 10, 45, 78, 5, 53, 22, 66, 60, 30, 79, 25, 37, 71, 47, 2, 7, 43, 16, 54, 59, 23, 75, 19, 36, 69, 24, 76, 11, 46, 80, 41, 49, 12, 52, 4, 28, 70, 21, 74, 64, 31, 65, 39, 38, 1, 42, 9, 14, 51, 6, 58, 63, 27, 56, 20, 40, 67, 32, 72, 15, 44, 8, 48, 68, 17, 62, 18]
(w = 23) Correct Cyclicantibandwidth
Set parameter TimeLimit to value 1800
[runlim] sample:		42.4 time, 40.4 real, 329.1 MB
[runlim] sample:		52.5 time, 50.4 real, 331.3 MB
(w = 24) Value Cyclicantibandwidth: 24
Lables: [56, 27, 71, 29, 3, 57, 22, 67, 51, 5, 47, 20, 78, 39, 2, 44, 30, 73, 32, 79, 55, 19, 69, 24, 80, 54, 14, 53, 38, 9, 49, 1, 65, 33, 77, 34, 12, 60, 31, 58, 40, 13, 66, 11, 76, 42, 17, 41, 37, 75, 43, 72, 61, 26, 70, 16, 10, 63, 21, 46, 50, 8, 45, 15, 6, 35, 68, 23, 36, 74, 28, 62, 64, 18, 59, 7, 25, 52, 4, 48]
(w = 24) Correct Cyclicantibandwidth
Set parameter TimeLimit to value 1800
[runlim] sample:		68.3 time, 60.4 real, 534.5 MB
[runlim] sample:		94.5 time, 70.4 real, 663.5 MB
(w = 25) Value Cyclicantibandwidth: 25
Lables: [9, 42, 5, 35, 40, 72, 30, 76, 65, 17, 69, 43, 37, 62, 16, 71, 48, 80, 32, 60, 73, 25, 79, 31, 29, 54, 27, 77, 63, 8, 56, 22, 4, 33, 58, 18, 45, 78, 26, 57, 75, 28, 53, 24, 23, 55, 1, 49, 39, 70, 20, 46, 3, 41, 68, 15, 36, 66, 13, 51, 61, 11, 52, 7, 2, 34, 74, 21, 38, 67, 19, 50, 64, 14, 44, 10, 12, 59, 6, 47]
(w = 25) Correct Cyclicantibandwidth
Set parameter TimeLimit to value 1800
[runlim] sample:		109.0 time, 80.4 real, 678.9 MB
(w = 26) Value Cyclicantibandwidth: 26
Lables: [59, 7, 50, 80, 23, 54, 14, 53, 70, 24, 67, 15, 30, 68, 16, 46, 9, 36, 78, 39, 63, 10, 51, 11, 27, 57, 25, 55, 1, 31, 62, 20, 41, 5, 35, 75, 13, 58, 6, 45, 66, 26, 56, 19, 29, 61, 17, 64, 69, 34, 72, 22, 43, 4, 37, 74, 12, 52, 2, 48, 60, 18, 49, 21, 32, 65, 28, 71, 73, 33, 76, 42, 38, 79, 40, 3, 8, 44, 77, 47]
(w = 26) Correct Cyclicantibandwidth
Set parameter TimeLimit to value 1800
[runlim] sample:		131.2 time, 90.4 real, 715.4 MB
[runlim] sample:		146.8 time, 100.4 real, 836.2 MB
[runlim] sample:		174.4 time, 110.4 real, 825.8 MB
(w = 27) Value Cyclicantibandwidth: 27
Lables: [75, 33, 77, 45, 24, 68, 32, 76, 63, 22, 64, 28, 27, 67, 23, 65, 43, 4, 50, 78, 70, 34, 1, 31, 20, 72, 29, 60, 66, 35, 71, 25, 10, 57, 19, 51, 37, 7, 52, 2, 73, 39, 79, 30, 36, 8, 44, 74, 40, 9, 46, 14, 69, 38, 80, 53, 42, 11, 49, 3, 6, 56, 17, 47, 13, 54, 15, 62, 41, 5, 48, 16, 12, 58, 21, 55, 59, 26, 61, 18]
(w = 27) Correct Cyclicantibandwidth
Set parameter TimeLimit to value 1800
[runlim] sample:		185.2 time, 120.4 real, 824.2 MB
[runlim] sample:		211.2 time, 130.4 real, 889.9 MB
(w = 28) Value Cyclicantibandwidth: 28
Lables: [19, 50, 20, 53, 56, 7, 59, 13, 14, 55, 10, 49, 44, 11, 45, 6, 52, 4, 51, 16, 5, 40, 9, 47, 54, 12, 43, 78, 8, 46, 74, 35, 1, 32, 80, 48, 38, 73, 37, 3, 2, 41, 71, 39, 42, 75, 23, 68, 31, 61, 29, 79, 66, 24, 65, 36, 33, 69, 22, 67, 76, 30, 58, 17, 63, 21, 72, 27, 18, 70, 34, 77, 64, 26, 62, 25, 28, 60, 15, 57]
(w = 28) Correct Cyclicantibandwidth
Set parameter TimeLimit to value 1800
[runlim] sample:		225.8 time, 140.4 real, 909.9 MB
[runlim] sample:		242.2 time, 150.4 real, 937.2 MB
[runlim] sample:		272.2 time, 160.4 real, 931.7 MB
[runlim] sample:		295.7 time, 170.4 real, 918.1 MB
(w = 29) Value Cyclicantibandwidth: 29
Lables: [80, 42, 74, 39, 34, 79, 38, 4, 63, 33, 78, 40, 13, 64, 35, 2, 30, 75, 28, 76, 67, 32, 69, 37, 18, 68, 36, 77, 48, 17, 66, 31, 59, 24, 70, 41, 16, 61, 21, 72, 49, 19, 65, 29, 10, 50, 15, 62, 12, 53, 23, 73, 51, 22, 71, 26, 5, 54, 25, 60, 43, 8, 55, 11, 46, 6, 56, 27, 1, 52, 20, 58, 47, 7, 57, 14, 3, 44, 9, 45]
(w = 29) Correct Cyclicantibandwidth
Set parameter TimeLimit to value 1800
[runlim] sample:		312.8 time, 180.4 real, 861.0 MB
[runlim] sample:		325.7 time, 190.4 real, 913.2 MB
[runlim] sample:		353.4 time, 200.4 real, 948.2 MB
(w = 30) Value Cyclicantibandwidth: 30
Lables: [72, 36, 2, 37, 35, 78, 48, 79, 74, 38, 3, 45, 34, 77, 46, 15, 33, 76, 42, 5, 80, 40, 6, 49, 39, 1, 50, 14, 4, 47, 16, 59, 75, 43, 11, 54, 41, 10, 55, 19, 7, 51, 17, 63, 53, 13, 61, 28, 44, 12, 60, 24, 9, 58, 23, 66, 52, 18, 67, 30, 22, 62, 21, 65, 8, 56, 26, 71, 57, 25, 73, 27, 20, 64, 29, 69, 70, 31, 68, 32]
(w = 30) Correct Cyclicantibandwidth
Set parameter TimeLimit to value 1800
[runlim] sample:		372.9 time, 210.4 real, 870.3 MB
[runlim] sample:		383.6 time, 220.4 real, 903.0 MB
[runlim] sample:		410.7 time, 230.4 real, 888.8 MB
[runlim] sample:		440.7 time, 240.4 real, 947.5 MB
[runlim] sample:		470.7 time, 250.4 real, 881.2 MB
[runlim] sample:		500.7 time, 260.4 real, 928.0 MB
[runlim] sample:		530.8 time, 270.4 real, 934.4 MB
[runlim] sample:		560.8 time, 280.4 real, 936.0 MB
[runlim] sample:		590.8 time, 290.4 real, 961.0 MB
[runlim] sample:		620.9 time, 300.4 real, 956.1 MB
[runlim] sample:		650.9 time, 310.4 real, 935.6 MB
[runlim] sample:		680.9 time, 320.4 real, 919.7 MB
[runlim] sample:		710.9 time, 330.4 real, 962.4 MB
[runlim] sample:		730.8 time, 340.4 real, 919.7 MB
[runlim] sample:		741.0 time, 350.4 real, 904.5 MB
[runlim] sample:		751.2 time, 360.4 real, 921.6 MB
[runlim] sample:		765.2 time, 370.4 real, 882.3 MB
[runlim] sample:		798.3 time, 380.4 real, 968.1 MB
(w = 31) Value Cyclicantibandwidth: 31
Lables: [9, 48, 80, 31, 50, 6, 40, 75, 12, 51, 7, 41, 46, 11, 42, 78, 47, 2, 33, 64, 3, 37, 71, 28, 44, 5, 39, 72, 1, 45, 77, 32, 79, 34, 65, 16, 35, 73, 26, 59, 4, 38, 70, 23, 43, 76, 29, 63, 30, 66, 19, 54, 67, 24, 57, 15, 36, 69, 21, 58, 74, 27, 60, 14, 61, 17, 56, 13, 22, 55, 8, 53, 68, 20, 52, 10, 25, 62, 18, 49]
(w = 31) Correct Cyclicantibandwidth
Set parameter TimeLimit to value 1800
[runlim] sample:		833.1 time, 390.4 real, 925.0 MB
[runlim] sample:		843.9 time, 400.4 real, 864.6 MB
[runlim] sample:		865.2 time, 410.4 real, 909.4 MB
[runlim] sample:		895.2 time, 420.4 real, 972.2 MB
[runlim] sample:		925.2 time, 430.4 real, 993.4 MB
[runlim] sample:		955.2 time, 440.4 real, 924.8 MB
[runlim] sample:		985.3 time, 450.4 real, 973.7 MB
[runlim] sample:		1015.3 time, 460.4 real, 963.3 MB
[runlim] sample:		1045.3 time, 470.4 real, 973.1 MB
[runlim] sample:		1075.3 time, 480.4 real, 1030.7 MB
[runlim] sample:		1105.3 time, 490.4 real, 1031.0 MB
[runlim] sample:		1135.4 time, 500.4 real, 1033.4 MB
[runlim] sample:		1165.4 time, 510.4 real, 921.7 MB
[runlim] sample:		1195.4 time, 520.4 real, 1013.4 MB
[runlim] sample:		1221.4 time, 530.4 real, 952.0 MB
[runlim] sample:		1231.6 time, 540.4 real, 960.8 MB
[runlim] sample:		1241.8 time, 550.4 real, 980.2 MB
[runlim] sample:		1253.6 time, 560.4 real, 958.2 MB
[runlim] sample:		1281.9 time, 570.4 real, 927.1 MB
[runlim] sample:		1318.3 time, 580.4 real, 939.9 MB
[runlim] sample:		1355.7 time, 590.4 real, 939.9 MB
(w = 32) Value Cyclicantibandwidth: 32
Lables: [68, 27, 71, 32, 29, 72, 33, 70, 73, 39, 78, 31, 38, 3, 36, 76, 30, 74, 35, 69, 75, 40, 80, 34, 41, 7, 46, 79, 6, 51, 4, 44, 77, 42, 2, 37, 43, 8, 48, 1, 9, 55, 14, 47, 54, 19, 52, 12, 45, 10, 50, 5, 11, 56, 16, 49, 57, 21, 61, 15, 22, 66, 20, 60, 13, 58, 18, 53, 59, 23, 62, 17, 25, 67, 26, 63, 64, 24, 65, 28]
(w = 32) Correct Cyclicantibandwidth
Real time: 595.5722570419312 seconds
[runlim] end:			Mon Nov  3 11:57:20 2025
[runlim] status:		ok
[runlim] result:		0
[runlim] children:		0
[runlim] real:			596.00 seconds
[runlim] time:			1374.42 seconds
[runlim] space:			1048.7 MB
[runlim] samples:		5956
