[runlim] version:		1.10
[runlim] time limit:		311040000 seconds
[runlim] real time limit:	1800 seconds
[runlim] space limit:		30000 MB
[runlim] argv[0]:		python3
[runlim] argv[1]:		model_MIP_CPLEX.py
[runlim] argv[2]:		./graph/random_generated_graph_2013/p11_100_600
[runlim] start:			Tue Nov 11 15:11:18 2025
[runlim] main pid:		17115
[runlim] log captured:
(w = 4) Building and Solving
Value Cyclic-Antibandwidth: 4
Labels: [25, 24, 88, 29, 82, 99, 46, 70, 86, 20, 34, 69, 9, 40, 68, 89, 18, 1, 58, 98, 53, 81, 21, 14, 94, 96, 41, 85, 3, 36, 6, 35, 43, 10, 38, 19, 60, 63, 59, 75, 37, 57, 28, 12, 65, 2, 62, 17, 77, 8, 80, 83, 44, 55, 42, 61, 87, 47, 54, 49, 4, 16, 64, 39, 84, 32, 52, 11, 67, 71, 78, 56, 31, 93, 74, 45, 97, 33, 22, 48, 95, 15, 100, 26, 72, 23, 91, 79, 50, 51, 92, 76, 7, 27, 90, 30, 66, 73, 5, 13]
Correct solution
(w = 5) Building and Solving
Value Cyclic-Antibandwidth: 5
Labels: [25, 24, 88, 29, 82, 99, 46, 70, 58, 35, 34, 69, 9, 40, 91, 89, 18, 1, 57, 98, 53, 81, 8, 32, 64, 96, 41, 85, 3, 36, 6, 94, 43, 10, 38, 19, 60, 63, 59, 75, 37, 80, 28, 12, 65, 2, 62, 17, 77, 73, 31, 83, 44, 55, 14, 61, 87, 47, 54, 49, 4, 16, 86, 39, 84, 21, 20, 11, 67, 71, 78, 56, 22, 93, 74, 45, 97, 33, 52, 48, 95, 15, 100, 26, 72, 23, 5, 79, 50, 51, 92, 76, 7, 27, 90, 30, 66, 68, 42, 13]
Correct solution
(w = 6) Building and Solving
Value Cyclic-Antibandwidth: 6
Labels: [25, 24, 46, 29, 82, 99, 42, 32, 58, 35, 34, 39, 9, 40, 91, 89, 18, 1, 57, 14, 53, 81, 98, 72, 70, 96, 41, 85, 3, 36, 100, 94, 43, 10, 38, 19, 88, 63, 59, 75, 37, 74, 28, 45, 65, 86, 62, 17, 77, 8, 73, 83, 44, 55, 12, 61, 87, 47, 54, 49, 4, 16, 48, 20, 84, 2, 52, 68, 67, 64, 78, 56, 22, 93, 21, 11, 97, 33, 6, 5, 95, 15, 71, 26, 80, 23, 31, 79, 50, 51, 92, 76, 7, 27, 90, 30, 66, 60, 69, 13]
Correct solution
(w = 7) Building and Solving
Value Cyclic-Antibandwidth: 7
Labels: [25, 24, 32, 29, 82, 99, 42, 52, 58, 35, 34, 68, 9, 40, 91, 89, 18, 1, 57, 73, 53, 81, 6, 72, 70, 96, 41, 85, 3, 36, 100, 94, 43, 10, 38, 19, 88, 63, 59, 75, 37, 84, 28, 45, 65, 87, 98, 17, 77, 60, 74, 14, 44, 55, 12, 61, 83, 47, 54, 49, 4, 16, 64, 20, 80, 2, 86, 39, 67, 5, 78, 56, 22, 93, 21, 11, 97, 33, 48, 7, 95, 15, 71, 26, 46, 23, 31, 79, 50, 51, 92, 76, 8, 27, 90, 30, 66, 62, 69, 13]
Correct solution
(w = 8) Building and Solving
[runlim] sample:		13.9 time, 10.1 real, 191.3 MB
Value Cyclic-Antibandwidth: 8
Labels: [44, 70, 100, 84, 81, 23, 50, 62, 5, 55, 54, 32, 8, 18, 19, 38, 21, 13, 41, 99, 91, 2, 75, 85, 25, 17, 9, 59, 33, 31, 37, 29, 30, 48, 56, 57, 40, 16, 47, 65, 24, 45, 12, 43, 51, 72, 35, 15, 96, 61, 3, 27, 22, 14, 28, 36, 6, 58, 49, 63, 11, 66, 79, 67, 1, 53, 89, 82, 80, 39, 26, 68, 10, 20, 71, 88, 7, 73, 95, 52, 76, 64, 92, 86, 87, 42, 78, 74, 4, 93, 77, 46, 60, 69, 83, 90, 94, 34, 97, 98]
Correct solution
(w = 9) Building and Solving
[runlim] sample:		29.7 time, 20.1 real, 299.4 MB
Value Cyclic-Antibandwidth: 9
Labels: [23, 98, 12, 86, 49, 84, 17, 66, 26, 11, 3, 4, 13, 56, 34, 35, 62, 15, 52, 72, 46, 38, 79, 55, 21, 14, 9, 16, 71, 19, 54, 40, 1, 51, 60, 68, 20, 10, 97, 50, 32, 28, 5, 93, 29, 39, 100, 6, 53, 58, 61, 27, 57, 37, 64, 73, 2, 65, 31, 24, 47, 74, 41, 85, 63, 48, 70, 43, 87, 36, 88, 33, 42, 83, 30, 82, 76, 95, 96, 44, 77, 80, 25, 45, 89, 99, 67, 18, 92, 90, 22, 59, 81, 69, 91, 75, 94, 7, 78, 8]
Correct solution
(w = 10) Building and Solving
Value Cyclic-Antibandwidth: 10
Labels: [66, 67, 6, 69, 26, 92, 42, 94, 24, 100, 47, 76, 73, 50, 60, 90, 28, 21, 18, 93, 80, 71, 98, 31, 5, 33, 15, 81, 36, 55, 68, 72, 48, 46, 59, 83, 27, 58, 7, 13, 23, 20, 4, 12, 43, 22, 3, 97, 38, 79, 62, 14, 75, 84, 95, 57, 30, 91, 96, 88, 32, 8, 85, 17, 34, 1, 35, 78, 70, 87, 82, 54, 65, 19, 74, 86, 45, 29, 41, 52, 99, 11, 49, 37, 64, 53, 2, 77, 16, 56, 39, 51, 40, 10, 89, 63, 44, 9, 25, 61]
Correct solution
(w = 11) Building and Solving
[runlim] sample:		47.0 time, 30.1 real, 231.9 MB
Value Cyclic-Antibandwidth: 11
Labels: [59, 99, 39, 38, 79, 56, 11, 64, 13, 46, 35, 30, 73, 49, 5, 82, 26, 18, 3, 71, 40, 6, 63, 43, 17, 14, 70, 8, 87, 45, 37, 10, 2, 28, 62, 21, 9, 36, 98, 44, 4, 32, 33, 47, 20, 80, 16, 31, 42, 55, 52, 27, 92, 7, 54, 68, 34, 85, 53, 90, 84, 69, 86, 67, 57, 19, 74, 48, 72, 81, 51, 100, 77, 22, 76, 61, 23, 83, 96, 24, 66, 1, 91, 89, 12, 88, 78, 60, 65, 97, 25, 58, 29, 75, 15, 41, 94, 95, 93, 50]
Correct solution
(w = 12) Building and Solving
[runlim] sample:		64.3 time, 40.1 real, 310.6 MB
Value Cyclic-Antibandwidth: 12
Labels: [71, 69, 50, 62, 86, 3, 49, 31, 35, 42, 10, 51, 19, 81, 58, 88, 99, 38, 78, 97, 17, 87, 2, 48, 34, 18, 83, 61, 89, 25, 26, 36, 53, 82, 32, 13, 29, 77, 76, 16, 45, 56, 41, 75, 66, 95, 40, 21, 90, 5, 92, 9, 85, 23, 30, 33, 94, 68, 44, 64, 12, 11, 57, 52, 7, 37, 59, 14, 63, 22, 91, 84, 65, 28, 15, 98, 8, 93, 79, 47, 46, 39, 74, 70, 72, 4, 24, 100, 1, 6, 60, 96, 55, 80, 43, 67, 73, 27, 54, 20]
Correct solution
(w = 13) Building and Solving
[runlim] sample:		81.5 time, 50.1 real, 349.5 MB
Value Cyclic-Antibandwidth: 13
Labels: [39, 4, 2, 77, 68, 54, 20, 50, 92, 32, 16, 55, 60, 29, 67, 76, 58, 13, 74, 10, 98, 94, 46, 99, 19, 37, 22, 12, 48, 97, 36, 82, 8, 27, 95, 53, 9, 47, 23, 6, 17, 18, 11, 21, 25, 85, 44, 57, 41, 89, 72, 64, 93, 78, 61, 79, 43, 14, 24, 30, 75, 49, 91, 81, 96, 42, 52, 63, 15, 51, 66, 7, 84, 62, 70, 88, 35, 33, 31, 90, 45, 5, 28, 87, 59, 73, 69, 86, 83, 100, 65, 80, 56, 38, 26, 40, 34, 71, 3, 1]
Correct solution
(w = 14) Building and Solving
[runlim] sample:		98.5 time, 60.1 real, 267.9 MB
[runlim] sample:		113.4 time, 70.1 real, 275.4 MB
Value Cyclic-Antibandwidth: 14
Labels: [55, 44, 69, 88, 4, 28, 13, 27, 73, 23, 33, 22, 66, 11, 17, 52, 65, 50, 96, 31, 80, 70, 95, 41, 10, 76, 64, 14, 47, 49, 57, 40, 38, 42, 26, 30, 45, 25, 16, 77, 89, 62, 72, 94, 12, 75, 6, 82, 100, 29, 51, 74, 86, 9, 60, 43, 68, 2, 15, 71, 78, 24, 61, 84, 20, 8, 90, 87, 34, 99, 48, 37, 63, 92, 67, 93, 56, 35, 7, 39, 32, 19, 46, 91, 5, 36, 54, 59, 81, 85, 53, 58, 97, 98, 1, 3, 21, 79, 83, 18]
Correct solution
(w = 15) Building and Solving
[runlim] sample:		134.5 time, 80.1 real, 407.6 MB
[runlim] sample:		163.9 time, 90.1 real, 1069.5 MB
[runlim] sample:		216.5 time, 100.1 real, 844.0 MB
[runlim] sample:		246.4 time, 110.1 real, 966.2 MB
[runlim] sample:		276.4 time, 120.1 real, 966.2 MB
[runlim] sample:		306.4 time, 130.1 real, 1005.0 MB
[runlim] sample:		336.4 time, 140.1 real, 1013.8 MB
[runlim] sample:		366.4 time, 150.1 real, 1014.0 MB
[runlim] sample:		396.4 time, 160.1 real, 1014.0 MB
[runlim] sample:		426.4 time, 170.1 real, 1016.9 MB
[runlim] sample:		456.4 time, 180.1 real, 1016.9 MB
[runlim] sample:		486.4 time, 190.1 real, 1017.4 MB
[runlim] sample:		516.4 time, 200.1 real, 1023.8 MB
[runlim] sample:		546.4 time, 210.1 real, 1023.8 MB
[runlim] sample:		576.4 time, 220.1 real, 1108.7 MB
[runlim] sample:		606.4 time, 230.1 real, 1167.1 MB
[runlim] sample:		636.4 time, 240.1 real, 1193.6 MB
[runlim] sample:		666.4 time, 250.1 real, 1197.9 MB
[runlim] sample:		696.4 time, 260.1 real, 1198.2 MB
[runlim] sample:		726.4 time, 270.1 real, 1198.2 MB
[runlim] sample:		756.4 time, 280.1 real, 1198.2 MB
[runlim] sample:		786.4 time, 290.1 real, 1198.2 MB
[runlim] sample:		816.4 time, 300.1 real, 1198.2 MB
[runlim] sample:		846.4 time, 310.1 real, 1198.2 MB
[runlim] sample:		876.4 time, 320.1 real, 1198.2 MB
[runlim] sample:		906.4 time, 330.1 real, 1198.2 MB
[runlim] sample:		936.4 time, 340.1 real, 1199.2 MB
[runlim] sample:		966.4 time, 350.1 real, 1200.1 MB
[runlim] sample:		996.4 time, 360.1 real, 1200.2 MB
[runlim] sample:		1026.4 time, 370.1 real, 1200.2 MB
[runlim] sample:		1056.4 time, 380.1 real, 1200.2 MB
[runlim] sample:		1086.4 time, 390.1 real, 1200.2 MB
[runlim] sample:		1116.4 time, 400.1 real, 1200.5 MB
[runlim] sample:		1146.4 time, 410.1 real, 1203.9 MB
[runlim] sample:		1176.4 time, 420.1 real, 1203.9 MB
[runlim] sample:		1206.4 time, 430.1 real, 1204.4 MB
[runlim] sample:		1236.4 time, 440.1 real, 1204.4 MB
[runlim] sample:		1266.4 time, 450.1 real, 1204.4 MB
[runlim] sample:		1296.4 time, 460.1 real, 1204.4 MB
[runlim] sample:		1326.4 time, 470.1 real, 1204.4 MB
[runlim] sample:		1356.4 time, 480.1 real, 1204.4 MB
[runlim] sample:		1386.4 time, 490.1 real, 1204.4 MB
[runlim] sample:		1416.4 time, 500.1 real, 1204.4 MB
[runlim] sample:		1446.4 time, 510.1 real, 1204.4 MB
[runlim] sample:		1476.4 time, 520.1 real, 1204.4 MB
[runlim] sample:		1506.4 time, 530.1 real, 1204.4 MB
[runlim] sample:		1536.4 time, 540.1 real, 1204.4 MB
[runlim] sample:		1566.4 time, 550.1 real, 1204.4 MB
[runlim] sample:		1596.4 time, 560.1 real, 1204.4 MB
[runlim] sample:		1626.4 time, 570.1 real, 1204.4 MB
[runlim] sample:		1656.4 time, 580.1 real, 1204.4 MB
[runlim] sample:		1686.4 time, 590.1 real, 1204.4 MB
[runlim] sample:		1716.4 time, 600.1 real, 1204.4 MB
[runlim] sample:		1746.4 time, 610.1 real, 1204.7 MB
[runlim] sample:		1776.4 time, 620.1 real, 1204.7 MB
[runlim] sample:		1806.4 time, 630.1 real, 1206.0 MB
[runlim] sample:		1836.4 time, 640.1 real, 1206.0 MB
[runlim] sample:		1866.4 time, 650.1 real, 1206.0 MB
[runlim] sample:		1896.4 time, 660.1 real, 1206.0 MB
[runlim] sample:		1926.4 time, 670.1 real, 1207.0 MB
[runlim] sample:		1956.4 time, 680.1 real, 1207.0 MB
[runlim] sample:		1986.4 time, 690.1 real, 1207.0 MB
[runlim] sample:		2016.4 time, 700.1 real, 1207.0 MB
[runlim] sample:		2046.4 time, 710.1 real, 1207.0 MB
[runlim] sample:		2076.4 time, 720.1 real, 1207.0 MB
[runlim] sample:		2106.4 time, 730.1 real, 1207.0 MB
[runlim] sample:		2136.4 time, 740.1 real, 1207.0 MB
[runlim] sample:		2166.4 time, 750.1 real, 1207.0 MB
[runlim] sample:		2196.4 time, 760.1 real, 1207.0 MB
[runlim] sample:		2226.4 time, 770.1 real, 1207.0 MB
[runlim] sample:		2256.4 time, 780.1 real, 1207.0 MB
[runlim] sample:		2286.3 time, 790.1 real, 1207.0 MB
[runlim] sample:		2316.3 time, 800.1 real, 1208.5 MB
[runlim] sample:		2346.3 time, 810.1 real, 1208.7 MB
[runlim] sample:		2376.3 time, 820.1 real, 1208.7 MB
[runlim] sample:		2406.3 time, 830.1 real, 1208.7 MB
[runlim] sample:		2436.3 time, 840.1 real, 1208.7 MB
[runlim] sample:		2466.3 time, 850.1 real, 1208.7 MB
[runlim] sample:		2496.3 time, 860.1 real, 1208.7 MB
[runlim] sample:		2526.3 time, 870.1 real, 1208.7 MB
[runlim] sample:		2556.3 time, 880.1 real, 1210.6 MB
[runlim] sample:		2586.3 time, 890.1 real, 1210.7 MB
[runlim] sample:		2616.3 time, 900.1 real, 1211.2 MB
[runlim] sample:		2646.3 time, 910.1 real, 1212.5 MB
[runlim] sample:		2676.3 time, 920.1 real, 1212.5 MB
[runlim] sample:		2706.3 time, 930.1 real, 1214.3 MB
[runlim] sample:		2736.3 time, 940.1 real, 1215.3 MB
[runlim] sample:		2766.3 time, 950.1 real, 1216.3 MB
[runlim] sample:		2796.3 time, 960.1 real, 1216.3 MB
[runlim] sample:		2826.3 time, 970.1 real, 1216.3 MB
[runlim] sample:		2856.3 time, 980.1 real, 1216.3 MB
[runlim] sample:		2886.3 time, 990.1 real, 1216.3 MB
[runlim] sample:		2916.3 time, 1000.1 real, 1216.3 MB
[runlim] sample:		2946.3 time, 1010.1 real, 1216.3 MB
[runlim] sample:		2976.3 time, 1020.1 real, 1216.3 MB
[runlim] sample:		3006.3 time, 1030.1 real, 1216.3 MB
[runlim] sample:		3036.3 time, 1040.1 real, 1216.3 MB
[runlim] sample:		3066.3 time, 1050.1 real, 1216.3 MB
[runlim] sample:		3096.3 time, 1060.1 real, 1216.3 MB
[runlim] sample:		3126.3 time, 1070.1 real, 1216.3 MB
[runlim] sample:		3156.3 time, 1080.1 real, 1216.3 MB
[runlim] sample:		3186.3 time, 1090.1 real, 1216.3 MB
[runlim] sample:		3216.3 time, 1100.1 real, 1216.3 MB
[runlim] sample:		3246.3 time, 1110.1 real, 1216.3 MB
[runlim] sample:		3276.3 time, 1120.1 real, 1216.3 MB
[runlim] sample:		3306.3 time, 1130.1 real, 1216.3 MB
[runlim] sample:		3336.3 time, 1140.1 real, 1216.3 MB
[runlim] sample:		3366.3 time, 1150.1 real, 1216.3 MB
[runlim] sample:		3396.3 time, 1160.1 real, 1216.3 MB
[runlim] sample:		3426.3 time, 1170.1 real, 1216.3 MB
[runlim] sample:		3456.3 time, 1180.1 real, 1216.3 MB
[runlim] sample:		3486.3 time, 1190.1 real, 1216.3 MB
[runlim] sample:		3516.3 time, 1200.1 real, 1216.3 MB
[runlim] sample:		3546.3 time, 1210.1 real, 1216.3 MB
[runlim] sample:		3576.3 time, 1220.1 real, 1216.3 MB
[runlim] sample:		3606.3 time, 1230.1 real, 1216.3 MB
[runlim] sample:		3636.3 time, 1240.1 real, 1216.3 MB
[runlim] sample:		3666.3 time, 1250.1 real, 1216.3 MB
[runlim] sample:		3696.3 time, 1260.1 real, 1216.3 MB
[runlim] sample:		3726.3 time, 1270.1 real, 1216.3 MB
[runlim] sample:		3756.3 time, 1280.1 real, 1216.3 MB
[runlim] sample:		3786.3 time, 1290.1 real, 1216.3 MB
[runlim] sample:		3816.3 time, 1300.1 real, 1216.3 MB
[runlim] sample:		3846.3 time, 1310.1 real, 1216.3 MB
[runlim] sample:		3876.3 time, 1320.1 real, 1216.3 MB
[runlim] sample:		3906.3 time, 1330.1 real, 1216.3 MB
[runlim] sample:		3936.3 time, 1340.1 real, 1216.3 MB
Value Cyclic-Antibandwidth: 15
Labels: [9, 7, 53, 66, 85, 62, 29, 51, 2, 35, 36, 32, 78, 25, 81, 11, 71, 14, 5, 49, 98, 82, 57, 93, 22, 84, 19, 23, 69, 88, 45, 61, 30, 17, 43, 67, 90, 27, 20, 83, 99, 6, 42, 13, 31, 94, 34, 97, 55, 68, 79, 89, 15, 74, 38, 52, 54, 60, 26, 24, 73, 39, 63, 100, 76, 48, 87, 86, 3, 44, 1, 56, 72, 92, 75, 8, 58, 59, 21, 70, 50, 28, 16, 18, 12, 4, 95, 64, 10, 80, 65, 77, 40, 46, 41, 47, 37, 91, 96, 33]
Correct solution
(w = 16) Building and Solving
[runlim] sample:		3958.2 time, 1350.1 real, 760.4 MB
[runlim] sample:		3981.8 time, 1360.1 real, 1132.4 MB
[runlim] sample:		4026.7 time, 1370.1 real, 1037.8 MB
[runlim] sample:		4056.7 time, 1380.1 real, 1169.4 MB
[runlim] sample:		4086.7 time, 1390.1 real, 1232.0 MB
[runlim] sample:		4116.7 time, 1400.1 real, 1272.3 MB
[runlim] sample:		4146.7 time, 1410.1 real, 1288.0 MB
[runlim] sample:		4176.7 time, 1420.1 real, 1303.2 MB
[runlim] sample:		4206.7 time, 1430.1 real, 1303.7 MB
[runlim] sample:		4236.7 time, 1440.1 real, 1306.0 MB
[runlim] sample:		4266.7 time, 1450.1 real, 1306.1 MB
[runlim] sample:		4296.7 time, 1460.1 real, 1246.9 MB
[runlim] sample:		4326.7 time, 1470.1 real, 1250.0 MB
[runlim] sample:		4356.7 time, 1480.1 real, 1271.8 MB
[runlim] sample:		4386.7 time, 1490.1 real, 1271.8 MB
[runlim] sample:		4416.7 time, 1500.1 real, 1283.0 MB
[runlim] sample:		4446.7 time, 1510.1 real, 1283.3 MB
[runlim] sample:		4476.7 time, 1520.1 real, 1283.3 MB
[runlim] sample:		4506.7 time, 1530.1 real, 1283.3 MB
[runlim] sample:		4536.7 time, 1540.1 real, 1283.3 MB
[runlim] sample:		4566.7 time, 1550.1 real, 1283.3 MB
[runlim] sample:		4596.7 time, 1560.1 real, 1283.3 MB
[runlim] sample:		4626.7 time, 1570.1 real, 1283.3 MB
[runlim] sample:		4656.7 time, 1580.1 real, 1283.3 MB
[runlim] sample:		4686.7 time, 1590.1 real, 1283.3 MB
[runlim] sample:		4716.7 time, 1600.1 real, 1283.3 MB
[runlim] sample:		4746.7 time, 1610.1 real, 1283.3 MB
[runlim] sample:		4776.7 time, 1620.1 real, 1283.3 MB
[runlim] sample:		4806.7 time, 1630.1 real, 1283.3 MB
[runlim] sample:		4836.7 time, 1640.1 real, 1283.3 MB
[runlim] sample:		4866.7 time, 1650.1 real, 1283.3 MB
[runlim] sample:		4896.7 time, 1660.1 real, 1283.3 MB
[runlim] sample:		4926.7 time, 1670.1 real, 1283.3 MB
[runlim] sample:		4956.7 time, 1680.1 real, 1283.3 MB
[runlim] sample:		4986.7 time, 1690.1 real, 1283.3 MB
[runlim] sample:		5016.7 time, 1700.1 real, 1283.3 MB
[runlim] sample:		5046.7 time, 1710.1 real, 1283.3 MB
[runlim] sample:		5076.7 time, 1720.1 real, 1283.3 MB
[runlim] sample:		5106.7 time, 1730.1 real, 1283.7 MB
[runlim] sample:		5136.7 time, 1740.1 real, 1283.7 MB
[runlim] sample:		5166.7 time, 1750.1 real, 1283.7 MB
[runlim] sample:		5196.7 time, 1760.1 real, 1283.7 MB
[runlim] sample:		5226.7 time, 1770.1 real, 1283.7 MB
[runlim] sample:		5256.7 time, 1780.1 real, 1283.7 MB
[runlim] sample:		5286.7 time, 1790.1 real, 1283.7 MB
[runlim] sample:		5316.7 time, 1800.1 real, 1283.7 MB
[runlim] end:			Tue Nov 11 15:41:18 2025
[runlim] status:		out of time
[runlim] result:		2
[runlim] children:		0
[runlim] real:			1800.08 seconds
[runlim] time:			5316.66 seconds
[runlim] space:			1321.6 MB
[runlim] samples:		18000
