[runlim] version:		1.10
[runlim] time limit:		311040000 seconds
[runlim] real time limit:	1800 seconds
[runlim] space limit:		30000 MB
[runlim] argv[0]:		python3
[runlim] argv[1]:		model_MIP_CPLEX.py
[runlim] argv[2]:		./graph/random_generated_graph_2013/p12_100_600
[runlim] start:			Tue Nov 11 15:41:18 2025
[runlim] main pid:		17510
[runlim] log captured:
(w = 4) Building and Solving
Value Cyclic-Antibandwidth: 4
Labels: [25, 24, 88, 29, 56, 99, 55, 20, 35, 66, 49, 59, 90, 69, 52, 39, 100, 5, 79, 7, 60, 89, 98, 14, 83, 96, 41, 85, 3, 36, 6, 64, 43, 10, 38, 19, 4, 63, 31, 9, 37, 57, 94, 62, 65, 8, 82, 2, 47, 86, 11, 22, 44, 48, 87, 61, 77, 70, 54, 28, 13, 16, 73, 68, 84, 12, 18, 1, 34, 71, 78, 58, 67, 93, 46, 45, 75, 33, 42, 32, 95, 15, 92, 97, 72, 17, 91, 40, 50, 51, 80, 76, 23, 27, 74, 53, 21, 81, 26, 30]
Correct solution
(w = 5) Building and Solving
Value Cyclic-Antibandwidth: 5
Labels: [25, 24, 91, 29, 56, 99, 60, 82, 35, 66, 55, 59, 90, 69, 52, 39, 53, 49, 79, 7, 21, 11, 20, 5, 83, 96, 41, 85, 3, 36, 6, 61, 43, 10, 38, 19, 4, 63, 64, 9, 37, 57, 2, 23, 65, 8, 62, 32, 47, 89, 31, 72, 44, 14, 87, 86, 77, 70, 54, 40, 42, 16, 22, 88, 84, 58, 18, 1, 34, 71, 78, 13, 67, 93, 46, 45, 75, 33, 98, 97, 95, 15, 92, 26, 94, 17, 28, 48, 50, 51, 80, 76, 100, 27, 74, 68, 12, 81, 73, 30]
Correct solution
(w = 6) Building and Solving
Value Cyclic-Antibandwidth: 6
Labels: [25, 24, 91, 29, 56, 99, 73, 82, 35, 66, 14, 59, 90, 69, 52, 39, 53, 49, 79, 7, 44, 8, 20, 27, 83, 96, 41, 85, 3, 36, 6, 61, 43, 10, 38, 19, 4, 63, 5, 9, 37, 57, 97, 23, 65, 31, 62, 86, 47, 89, 11, 72, 64, 70, 87, 88, 77, 2, 54, 42, 13, 16, 22, 32, 84, 12, 18, 40, 34, 71, 78, 21, 67, 93, 46, 45, 75, 33, 98, 58, 95, 15, 92, 26, 94, 17, 28, 30, 50, 51, 80, 76, 100, 60, 74, 68, 48, 81, 1, 55]
Correct solution
(w = 7) Building and Solving
[runlim] sample:		14.1 time, 10.1 real, 247.4 MB
Value Cyclic-Antibandwidth: 7
Labels: [84, 99, 1, 74, 90, 17, 83, 81, 10, 8, 28, 33, 82, 73, 88, 41, 12, 4, 36, 6, 29, 5, 7, 14, 13, 86, 30, 27, 19, 15, 20, 9, 40, 21, 42, 25, 24, 51, 23, 31, 37, 16, 38, 39, 43, 26, 44, 59, 32, 49, 55, 48, 50, 22, 57, 77, 45, 2, 56, 58, 34, 46, 70, 65, 75, 60, 52, 62, 63, 71, 64, 11, 92, 35, 91, 68, 69, 53, 61, 80, 76, 47, 72, 78, 3, 79, 87, 67, 66, 98, 100, 95, 93, 94, 54, 96, 89, 85, 97, 18]
Correct solution
(w = 8) Building and Solving
Value Cyclic-Antibandwidth: 8
Labels: [84, 99, 53, 54, 82, 3, 81, 79, 48, 51, 20, 15, 30, 5, 50, 25, 80, 97, 94, 8, 62, 41, 55, 47, 13, 4, 17, 39, 6, 33, 1, 16, 12, 29, 37, 14, 40, 21, 22, 27, 9, 11, 42, 75, 49, 2, 24, 26, 10, 65, 52, 56, 58, 35, 23, 38, 19, 34, 44, 83, 60, 31, 67, 59, 57, 28, 89, 18, 64, 72, 76, 36, 66, 43, 91, 61, 46, 68, 32, 69, 77, 63, 98, 70, 86, 78, 95, 71, 90, 100, 45, 92, 85, 93, 87, 96, 88, 74, 7, 73]
Correct solution
(w = 9) Building and Solving
[runlim] sample:		29.9 time, 20.1 real, 237.2 MB
Value Cyclic-Antibandwidth: 9
Labels: [33, 32, 57, 25, 11, 6, 56, 71, 66, 77, 12, 48, 78, 81, 9, 99, 5, 21, 45, 64, 8, 61, 40, 28, 27, 14, 42, 88, 10, 23, 34, 63, 16, 69, 4, 30, 15, 7, 17, 68, 83, 29, 82, 52, 46, 1, 36, 18, 43, 55, 39, 38, 20, 35, 53, 3, 26, 50, 19, 22, 72, 24, 47, 51, 54, 37, 67, 58, 59, 90, 74, 31, 89, 60, 100, 49, 41, 85, 13, 84, 76, 70, 98, 86, 80, 62, 95, 93, 73, 91, 65, 79, 2, 92, 75, 96, 87, 44, 97, 94]
Correct solution
(w = 10) Building and Solving
Value Cyclic-Antibandwidth: 10
Labels: [68, 36, 87, 23, 52, 26, 31, 9, 83, 53, 70, 92, 96, 11, 58, 22, 100, 63, 60, 33, 71, 55, 56, 19, 35, 66, 59, 80, 39, 78, 98, 48, 76, 89, 43, 90, 75, 65, 64, 18, 30, 34, 3, 29, 16, 21, 85, 7, 82, 12, 79, 41, 45, 94, 17, 4, 40, 27, 73, 69, 91, 57, 15, 13, 10, 93, 86, 25, 14, 8, 88, 32, 81, 67, 28, 50, 47, 6, 62, 95, 61, 77, 54, 84, 44, 20, 74, 24, 72, 51, 5, 42, 46, 2, 99, 37, 49, 97, 38, 1]
Correct solution
(w = 11) Building and Solving
[runlim] sample:		45.9 time, 30.1 real, 233.3 MB
Value Cyclic-Antibandwidth: 11
Labels: [34, 10, 70, 16, 35, 15, 42, 30, 71, 83, 33, 55, 36, 7, 21, 93, 5, 17, 95, 14, 100, 76, 20, 8, 46, 79, 31, 58, 40, 25, 97, 50, 96, 91, 45, 38, 73, 24, 94, 98, 39, 11, 60, 77, 89, 66, 62, 86, 19, 67, 13, 43, 49, 64, 92, 29, 87, 72, 84, 12, 6, 75, 1, 23, 26, 2, 63, 59, 3, 65, 9, 56, 57, 54, 47, 18, 61, 82, 4, 37, 28, 32, 51, 78, 69, 22, 80, 88, 90, 74, 81, 48, 41, 53, 99, 44, 68, 27, 52, 85]
Correct solution
(w = 12) Building and Solving
[runlim] sample:		62.5 time, 40.1 real, 301.6 MB
Value Cyclic-Antibandwidth: 12
Labels: [2, 85, 41, 56, 91, 15, 80, 61, 3, 67, 19, 9, 70, 24, 46, 12, 20, 30, 45, 13, 26, 37, 54, 33, 38, 65, 48, 62, 90, 22, 71, 10, 100, 47, 5, 1, 95, 8, 57, 16, 11, 31, 4, 44, 6, 23, 79, 14, 28, 25, 34, 81, 99, 77, 36, 66, 49, 51, 39, 53, 7, 55, 27, 17, 32, 18, 50, 43, 78, 86, 72, 76, 60, 87, 73, 35, 83, 58, 97, 75, 29, 21, 82, 42, 40, 69, 59, 74, 88, 92, 52, 93, 94, 89, 68, 98, 84, 63, 96, 64]
Correct solution
(w = 13) Building and Solving
[runlim] sample:		79.0 time, 50.1 real, 280.1 MB
Value Cyclic-Antibandwidth: 13
Labels: [97, 53, 61, 86, 48, 26, 3, 79, 95, 70, 11, 13, 38, 52, 88, 100, 17, 71, 82, 9, 23, 30, 73, 24, 74, 75, 90, 10, 29, 43, 85, 36, 41, 39, 1, 44, 50, 4, 78, 18, 6, 40, 12, 31, 87, 60, 64, 45, 47, 56, 42, 98, 69, 59, 14, 20, 76, 62, 2, 51, 46, 65, 21, 57, 91, 35, 84, 5, 34, 54, 15, 32, 67, 94, 8, 55, 93, 83, 27, 92, 16, 33, 28, 80, 58, 22, 77, 96, 25, 66, 81, 49, 68, 89, 72, 37, 63, 99, 7, 19]
Correct solution
(w = 14) Building and Solving
[runlim] sample:		95.9 time, 60.1 real, 316.0 MB
[runlim] sample:		112.1 time, 70.1 real, 507.8 MB
Value Cyclic-Antibandwidth: 14
Labels: [96, 72, 47, 6, 54, 5, 68, 88, 66, 36, 81, 94, 86, 39, 11, 90, 57, 35, 52, 38, 22, 25, 4, 32, 2, 18, 83, 12, 74, 77, 7, 92, 42, 100, 76, 78, 31, 55, 10, 87, 48, 37, 59, 13, 97, 75, 73, 46, 53, 89, 26, 60, 69, 71, 45, 16, 1, 98, 44, 33, 49, 79, 93, 84, 85, 82, 95, 21, 56, 20, 30, 64, 99, 65, 58, 34, 62, 51, 28, 61, 17, 80, 27, 43, 41, 24, 14, 9, 23, 91, 8, 40, 70, 67, 50, 3, 63, 29, 15, 19]
Correct solution
(w = 15) Building and Solving
[runlim] sample:		133.5 time, 80.1 real, 353.6 MB
[runlim] sample:		164.8 time, 90.1 real, 1032.4 MB
[runlim] sample:		212.1 time, 100.1 real, 908.9 MB
[runlim] sample:		242.1 time, 110.1 real, 993.8 MB
[runlim] sample:		272.1 time, 120.1 real, 993.8 MB
[runlim] sample:		302.1 time, 130.1 real, 996.2 MB
[runlim] sample:		332.1 time, 140.1 real, 998.7 MB
[runlim] sample:		362.1 time, 150.1 real, 998.7 MB
[runlim] sample:		392.1 time, 160.1 real, 1004.9 MB
[runlim] sample:		422.1 time, 170.1 real, 1006.4 MB
[runlim] sample:		452.1 time, 180.1 real, 1006.9 MB
[runlim] sample:		482.1 time, 190.1 real, 1013.0 MB
[runlim] sample:		512.1 time, 200.1 real, 1013.6 MB
[runlim] sample:		542.1 time, 210.1 real, 1013.8 MB
[runlim] sample:		572.1 time, 220.1 real, 1013.8 MB
[runlim] sample:		602.1 time, 230.1 real, 1013.8 MB
[runlim] sample:		632.1 time, 240.1 real, 1013.8 MB
[runlim] sample:		662.1 time, 250.1 real, 1088.5 MB
[runlim] sample:		692.1 time, 260.1 real, 1125.2 MB
[runlim] sample:		722.1 time, 270.1 real, 1125.2 MB
[runlim] sample:		752.0 time, 280.1 real, 1131.0 MB
[runlim] sample:		782.1 time, 290.1 real, 1136.1 MB
[runlim] sample:		812.0 time, 300.1 real, 1146.4 MB
[runlim] sample:		842.0 time, 310.1 real, 1146.4 MB
[runlim] sample:		872.1 time, 320.1 real, 1146.5 MB
[runlim] sample:		902.0 time, 330.1 real, 1148.7 MB
[runlim] sample:		932.1 time, 340.1 real, 1149.4 MB
[runlim] sample:		962.0 time, 350.1 real, 1149.9 MB
[runlim] sample:		992.0 time, 360.1 real, 1170.0 MB
[runlim] sample:		1022.0 time, 370.1 real, 1170.5 MB
[runlim] sample:		1052.0 time, 380.1 real, 1191.2 MB
[runlim] sample:		1082.0 time, 390.1 real, 1191.2 MB
[runlim] sample:		1112.0 time, 400.1 real, 1191.2 MB
[runlim] sample:		1142.0 time, 410.1 real, 1191.7 MB
[runlim] sample:		1172.0 time, 420.1 real, 1191.7 MB
[runlim] sample:		1202.0 time, 430.1 real, 1193.4 MB
[runlim] sample:		1232.0 time, 440.1 real, 1193.4 MB
[runlim] sample:		1262.0 time, 450.1 real, 1193.4 MB
[runlim] sample:		1292.0 time, 460.1 real, 1193.4 MB
[runlim] sample:		1322.0 time, 470.1 real, 1193.4 MB
[runlim] sample:		1352.0 time, 480.1 real, 1193.4 MB
[runlim] sample:		1382.0 time, 490.1 real, 1193.4 MB
[runlim] sample:		1412.0 time, 500.1 real, 1193.4 MB
[runlim] sample:		1442.0 time, 510.1 real, 1193.4 MB
[runlim] sample:		1472.0 time, 520.1 real, 1193.5 MB
[runlim] sample:		1502.0 time, 530.1 real, 1194.4 MB
[runlim] sample:		1532.0 time, 540.1 real, 1194.4 MB
[runlim] sample:		1562.0 time, 550.1 real, 1194.4 MB
[runlim] sample:		1592.0 time, 560.1 real, 1194.4 MB
[runlim] sample:		1622.0 time, 570.1 real, 1194.4 MB
[runlim] sample:		1652.0 time, 580.1 real, 1194.7 MB
[runlim] sample:		1682.0 time, 590.1 real, 1194.7 MB
[runlim] sample:		1712.0 time, 600.1 real, 1194.7 MB
[runlim] sample:		1742.0 time, 610.1 real, 1194.7 MB
[runlim] sample:		1772.0 time, 620.1 real, 1194.7 MB
[runlim] sample:		1802.0 time, 630.1 real, 1194.7 MB
[runlim] sample:		1832.0 time, 640.1 real, 1194.7 MB
[runlim] sample:		1862.0 time, 650.1 real, 1194.7 MB
[runlim] sample:		1892.0 time, 660.1 real, 1194.8 MB
[runlim] sample:		1922.0 time, 670.1 real, 1195.2 MB
[runlim] sample:		1952.0 time, 680.1 real, 1196.4 MB
[runlim] sample:		1982.0 time, 690.1 real, 1196.4 MB
[runlim] sample:		2012.0 time, 700.1 real, 1196.4 MB
[runlim] sample:		2042.0 time, 710.1 real, 1196.4 MB
[runlim] sample:		2072.0 time, 720.1 real, 1196.4 MB
[runlim] sample:		2102.0 time, 730.1 real, 1197.9 MB
[runlim] sample:		2132.0 time, 740.1 real, 1199.2 MB
[runlim] sample:		2162.0 time, 750.1 real, 1200.2 MB
[runlim] sample:		2192.0 time, 760.1 real, 1202.3 MB
[runlim] sample:		2222.0 time, 770.1 real, 1202.3 MB
[runlim] sample:		2252.0 time, 780.1 real, 1202.3 MB
[runlim] sample:		2282.0 time, 790.1 real, 1202.3 MB
[runlim] sample:		2312.0 time, 800.1 real, 1202.3 MB
[runlim] sample:		2342.0 time, 810.1 real, 1202.3 MB
[runlim] sample:		2372.0 time, 820.1 real, 1202.3 MB
[runlim] sample:		2402.0 time, 830.1 real, 1202.3 MB
[runlim] sample:		2432.0 time, 840.1 real, 1202.3 MB
[runlim] sample:		2462.0 time, 850.1 real, 1202.3 MB
[runlim] sample:		2492.0 time, 860.1 real, 1202.3 MB
[runlim] sample:		2522.0 time, 870.1 real, 1202.3 MB
[runlim] sample:		2552.0 time, 880.1 real, 1202.3 MB
[runlim] sample:		2582.0 time, 890.1 real, 1202.3 MB
[runlim] sample:		2612.0 time, 900.1 real, 1202.3 MB
[runlim] sample:		2642.0 time, 910.1 real, 1202.3 MB
[runlim] sample:		2672.0 time, 920.1 real, 1202.3 MB
[runlim] sample:		2702.0 time, 930.1 real, 1202.3 MB
[runlim] sample:		2732.0 time, 940.1 real, 1202.3 MB
[runlim] sample:		2762.0 time, 950.1 real, 1202.3 MB
[runlim] sample:		2792.0 time, 960.1 real, 1202.3 MB
[runlim] sample:		2822.0 time, 970.1 real, 1202.3 MB
[runlim] sample:		2852.0 time, 980.1 real, 1202.3 MB
[runlim] sample:		2882.0 time, 990.1 real, 1202.3 MB
[runlim] sample:		2912.0 time, 1000.1 real, 1202.3 MB
[runlim] sample:		2942.0 time, 1010.1 real, 1202.3 MB
[runlim] sample:		2972.0 time, 1020.1 real, 1202.3 MB
[runlim] sample:		3002.0 time, 1030.1 real, 1202.3 MB
[runlim] sample:		3032.0 time, 1040.1 real, 1202.3 MB
[runlim] sample:		3062.0 time, 1050.1 real, 1202.3 MB
[runlim] sample:		3092.0 time, 1060.1 real, 1202.3 MB
[runlim] sample:		3122.0 time, 1070.1 real, 1202.3 MB
[runlim] sample:		3151.9 time, 1080.1 real, 1202.3 MB
[runlim] sample:		3181.9 time, 1090.1 real, 1202.3 MB
[runlim] sample:		3212.0 time, 1100.1 real, 1202.3 MB
[runlim] sample:		3241.9 time, 1110.1 real, 1202.3 MB
[runlim] sample:		3271.9 time, 1120.1 real, 1202.3 MB
[runlim] sample:		3301.9 time, 1130.1 real, 1202.3 MB
[runlim] sample:		3331.9 time, 1140.1 real, 1202.3 MB
[runlim] sample:		3362.0 time, 1150.1 real, 1202.3 MB
[runlim] sample:		3392.0 time, 1160.1 real, 1202.3 MB
[runlim] sample:		3422.0 time, 1170.1 real, 1202.3 MB
[runlim] sample:		3451.9 time, 1180.1 real, 1202.3 MB
[runlim] sample:		3481.9 time, 1190.1 real, 1202.3 MB
[runlim] sample:		3511.9 time, 1200.1 real, 1202.3 MB
[runlim] sample:		3541.9 time, 1210.1 real, 1202.3 MB
[runlim] sample:		3571.9 time, 1220.1 real, 1202.3 MB
[runlim] sample:		3601.9 time, 1230.1 real, 1202.3 MB
[runlim] sample:		3631.9 time, 1240.1 real, 1202.3 MB
[runlim] sample:		3661.9 time, 1250.1 real, 1202.3 MB
[runlim] sample:		3691.9 time, 1260.1 real, 1202.3 MB
[runlim] sample:		3721.9 time, 1270.1 real, 1202.3 MB
[runlim] sample:		3751.9 time, 1280.1 real, 1202.3 MB
[runlim] sample:		3781.9 time, 1290.1 real, 1202.3 MB
[runlim] sample:		3811.9 time, 1300.1 real, 1202.3 MB
[runlim] sample:		3841.9 time, 1310.1 real, 1202.3 MB
[runlim] sample:		3871.9 time, 1320.1 real, 1202.3 MB
[runlim] sample:		3901.9 time, 1330.1 real, 1202.3 MB
[runlim] sample:		3931.9 time, 1340.1 real, 1202.3 MB
[runlim] sample:		3961.9 time, 1350.1 real, 1202.3 MB
[runlim] sample:		3991.9 time, 1360.1 real, 1202.3 MB
[runlim] sample:		4021.9 time, 1370.1 real, 1202.3 MB
[runlim] sample:		4051.9 time, 1380.1 real, 1202.3 MB
[runlim] sample:		4081.9 time, 1390.1 real, 1202.3 MB
Value Cyclic-Antibandwidth: 15
Labels: [20, 85, 71, 80, 76, 51, 59, 14, 77, 30, 17, 73, 60, 50, 2, 13, 5, 45, 82, 67, 96, 29, 74, 32, 62, 44, 16, 3, 4, 91, 66, 22, 86, 8, 24, 72, 49, 35, 7, 25, 55, 83, 56, 75, 46, 58, 34, 47, 54, 42, 31, 10, 36, 63, 52, 61, 78, 65, 43, 89, 26, 37, 79, 18, 28, 15, 81, 95, 21, 98, 69, 84, 70, 93, 33, 38, 92, 48, 19, 11, 9, 23, 99, 40, 57, 27, 88, 41, 87, 12, 39, 90, 6, 94, 53, 68, 97, 100, 64, 1]
Correct solution
(w = 16) Building and Solving
[runlim] sample:		4102.1 time, 1400.1 real, 673.8 MB
[runlim] sample:		4121.6 time, 1410.1 real, 841.7 MB
[runlim] sample:		4173.8 time, 1420.1 real, 1010.0 MB
[runlim] sample:		4202.9 time, 1430.1 real, 1048.8 MB
[runlim] sample:		4232.9 time, 1440.1 real, 1048.8 MB
[runlim] sample:		4262.9 time, 1450.1 real, 1051.9 MB
[runlim] sample:		4292.9 time, 1460.1 real, 1056.3 MB
[runlim] sample:		4322.9 time, 1470.1 real, 1056.3 MB
[runlim] sample:		4352.9 time, 1480.1 real, 1056.7 MB
[runlim] sample:		4382.9 time, 1490.1 real, 1056.7 MB
[runlim] sample:		4412.9 time, 1500.1 real, 1014.6 MB
[runlim] sample:		4442.9 time, 1510.1 real, 1016.6 MB
[runlim] sample:		4472.9 time, 1520.1 real, 1018.6 MB
[runlim] sample:		4502.9 time, 1530.1 real, 1018.6 MB
[runlim] sample:		4532.9 time, 1540.1 real, 1018.7 MB
[runlim] sample:		4562.9 time, 1550.1 real, 1019.2 MB
[runlim] sample:		4592.9 time, 1560.1 real, 1019.5 MB
[runlim] sample:		4622.9 time, 1570.1 real, 1019.7 MB
[runlim] sample:		4652.9 time, 1580.1 real, 1022.8 MB
[runlim] sample:		4682.9 time, 1590.1 real, 1022.8 MB
[runlim] sample:		4712.9 time, 1600.1 real, 1022.8 MB
[runlim] sample:		4742.9 time, 1610.1 real, 1022.8 MB
[runlim] sample:		4772.9 time, 1620.1 real, 1032.8 MB
[runlim] sample:		4802.9 time, 1630.1 real, 1048.8 MB
[runlim] sample:		4832.9 time, 1640.1 real, 1052.9 MB
[runlim] sample:		4862.9 time, 1650.1 real, 1052.9 MB
[runlim] sample:		4892.9 time, 1660.1 real, 1054.9 MB
[runlim] sample:		4922.9 time, 1670.1 real, 1054.9 MB
[runlim] sample:		4952.9 time, 1680.1 real, 1054.9 MB
[runlim] sample:		4982.9 time, 1690.1 real, 1054.9 MB
[runlim] sample:		5012.9 time, 1700.1 real, 1054.9 MB
[runlim] sample:		5042.9 time, 1710.1 real, 1055.9 MB
[runlim] sample:		5072.9 time, 1720.1 real, 1057.9 MB
[runlim] sample:		5102.9 time, 1730.1 real, 1059.9 MB
[runlim] sample:		5132.9 time, 1740.1 real, 1059.9 MB
[runlim] sample:		5162.9 time, 1750.1 real, 1059.9 MB
[runlim] sample:		5192.9 time, 1760.1 real, 1059.9 MB
[runlim] sample:		5222.9 time, 1770.1 real, 1059.9 MB
[runlim] sample:		5252.9 time, 1780.1 real, 1059.9 MB
[runlim] sample:		5282.9 time, 1790.1 real, 1059.9 MB
[runlim] sample:		5312.9 time, 1800.1 real, 1059.9 MB
[runlim] end:			Tue Nov 11 16:11:18 2025
[runlim] status:		out of time
[runlim] result:		2
[runlim] children:		0
[runlim] real:			1800.11 seconds
[runlim] time:			5312.86 seconds
[runlim] space:			1231.6 MB
[runlim] samples:		18000
