[runlim] version:		1.10
[runlim] time limit:		311040000 seconds
[runlim] real time limit:	1800 seconds
[runlim] space limit:		30000 MB
[runlim] argv[0]:		python3
[runlim] argv[1]:		model_MIP_CPLEX.py
[runlim] argv[2]:		./graph/random_generated_graph_2013/p14_100_600
[runlim] start:			Tue Nov 11 16:41:18 2025
[runlim] main pid:		18773
[runlim] log captured:
(w = 4) Building and Solving
Value Cyclic-Antibandwidth: 4
Labels: [6, 74, 20, 95, 25, 84, 68, 16, 79, 45, 40, 60, 88, 69, 5, 64, 29, 38, 2, 17, 90, 62, 86, 1, 39, 80, 82, 93, 12, 3, 22, 65, 26, 32, 52, 78, 35, 55, 15, 42, 81, 61, 96, 44, 63, 73, 48, 57, 21, 18, 92, 23, 49, 53, 27, 8, 41, 75, 72, 100, 97, 19, 31, 14, 98, 11, 37, 24, 76, 13, 47, 83, 34, 56, 85, 33, 43, 51, 91, 9, 89, 67, 28, 30, 46, 50, 94, 99, 66, 10, 36, 59, 4, 87, 70, 7, 71, 77, 54, 58]
Correct solution
(w = 5) Building and Solving
Value Cyclic-Antibandwidth: 5
Labels: [25, 24, 88, 29, 82, 99, 46, 20, 70, 26, 48, 59, 90, 69, 52, 39, 100, 5, 79, 91, 21, 31, 35, 40, 83, 96, 55, 85, 3, 36, 6, 93, 43, 10, 86, 19, 27, 63, 68, 9, 37, 57, 28, 98, 65, 42, 62, 74, 77, 89, 41, 92, 64, 73, 80, 61, 87, 47, 54, 72, 13, 16, 49, 4, 84, 12, 14, 17, 34, 53, 78, 56, 67, 30, 44, 45, 97, 33, 22, 7, 95, 15, 71, 2, 38, 1, 75, 94, 50, 51, 58, 76, 23, 11, 32, 18, 66, 60, 8, 81]
Correct solution
(w = 6) Building and Solving
Value Cyclic-Antibandwidth: 6
Labels: [25, 24, 88, 29, 82, 99, 55, 87, 70, 92, 48, 59, 90, 69, 73, 39, 100, 5, 79, 14, 21, 31, 35, 41, 83, 96, 4, 85, 3, 36, 6, 93, 43, 10, 86, 19, 27, 63, 40, 9, 37, 57, 28, 98, 65, 2, 62, 64, 77, 89, 53, 42, 74, 44, 80, 61, 12, 47, 54, 72, 13, 16, 75, 20, 23, 32, 58, 17, 84, 71, 78, 56, 22, 67, 46, 45, 97, 33, 26, 7, 95, 15, 8, 68, 38, 1, 49, 94, 52, 51, 30, 76, 50, 11, 34, 18, 66, 60, 91, 81]
Correct solution
(w = 7) Building and Solving
Value Cyclic-Antibandwidth: 7
Labels: [25, 24, 88, 29, 82, 99, 46, 2, 70, 92, 48, 59, 90, 69, 73, 39, 100, 5, 79, 23, 21, 31, 35, 4, 83, 96, 75, 85, 3, 36, 6, 93, 43, 10, 86, 19, 27, 63, 14, 9, 37, 57, 28, 98, 65, 53, 62, 72, 77, 89, 34, 41, 74, 42, 80, 61, 12, 47, 54, 68, 13, 16, 1, 20, 17, 32, 55, 87, 84, 71, 78, 56, 8, 67, 44, 45, 97, 33, 26, 7, 95, 15, 58, 64, 38, 94, 49, 91, 52, 51, 30, 76, 50, 11, 40, 18, 66, 60, 22, 81]
Correct solution
(w = 8) Building and Solving
[runlim] sample:		13.9 time, 10.0 real, 210.2 MB
Value Cyclic-Antibandwidth: 8
Labels: [11, 80, 77, 82, 99, 40, 85, 3, 4, 18, 14, 33, 5, 93, 86, 2, 92, 37, 57, 15, 8, 75, 48, 20, 13, 41, 16, 12, 36, 17, 49, 21, 22, 24, 7, 31, 9, 79, 35, 27, 26, 28, 25, 34, 43, 58, 59, 1, 50, 29, 51, 71, 42, 69, 61, 68, 39, 94, 55, 72, 56, 60, 45, 73, 19, 44, 63, 32, 47, 83, 64, 23, 52, 78, 65, 74, 81, 87, 100, 30, 90, 38, 53, 66, 67, 84, 62, 70, 88, 89, 10, 46, 76, 95, 97, 96, 91, 54, 98, 6]
Correct solution
(w = 9) Building and Solving
Value Cyclic-Antibandwidth: 9
Labels: [82, 16, 10, 71, 77, 85, 37, 7, 58, 9, 29, 17, 83, 14, 6, 26, 91, 5, 64, 27, 18, 42, 33, 48, 19, 97, 60, 15, 20, 22, 11, 99, 31, 25, 39, 32, 2, 43, 28, 54, 30, 24, 44, 59, 92, 67, 75, 49, 55, 12, 45, 56, 35, 47, 61, 73, 21, 70, 63, 57, 40, 3, 36, 72, 23, 8, 86, 38, 74, 41, 69, 13, 52, 80, 81, 53, 79, 78, 50, 87, 96, 66, 90, 65, 76, 4, 88, 46, 93, 89, 51, 100, 95, 84, 94, 1, 68, 62, 98, 34]
Correct solution
(w = 10) Building and Solving
[runlim] sample:		29.9 time, 20.0 real, 283.5 MB
Value Cyclic-Antibandwidth: 10
Labels: [82, 26, 27, 22, 10, 18, 55, 19, 95, 45, 69, 8, 86, 84, 74, 66, 54, 97, 34, 24, 31, 15, 33, 16, 98, 63, 96, 39, 17, 48, 5, 68, 30, 9, 35, 11, 28, 23, 90, 14, 65, 61, 44, 3, 56, 75, 62, 94, 51, 2, 73, 7, 21, 99, 52, 47, 20, 85, 80, 13, 79, 36, 50, 93, 71, 41, 49, 67, 57, 88, 25, 40, 91, 78, 59, 60, 89, 32, 43, 81, 64, 72, 87, 1, 12, 6, 58, 38, 77, 46, 100, 92, 83, 29, 37, 76, 53, 42, 70, 4]
Correct solution
(w = 11) Building and Solving
[runlim] sample:		46.5 time, 30.0 real, 233.8 MB
Value Cyclic-Antibandwidth: 11
Labels: [88, 65, 70, 73, 72, 92, 31, 35, 54, 77, 95, 23, 86, 74, 34, 30, 98, 93, 12, 56, 57, 24, 21, 33, 66, 36, 8, 16, 60, 75, 15, 38, 61, 96, 100, 13, 29, 40, 94, 41, 85, 62, 46, 7, 99, 45, 80, 27, 83, 76, 10, 49, 81, 4, 53, 25, 14, 89, 55, 43, 82, 39, 18, 78, 52, 11, 97, 63, 71, 64, 26, 47, 22, 68, 90, 37, 69, 48, 20, 87, 59, 91, 9, 1, 79, 5, 19, 42, 2, 17, 50, 28, 67, 51, 6, 32, 84, 44, 3, 58]
Correct solution
(w = 12) Building and Solving
[runlim] sample:		63.8 time, 40.0 real, 295.8 MB
Value Cyclic-Antibandwidth: 12
Labels: [6, 18, 34, 5, 79, 78, 23, 17, 70, 86, 81, 44, 82, 74, 71, 77, 49, 72, 58, 90, 61, 11, 84, 20, 36, 83, 37, 92, 97, 16, 60, 15, 27, 12, 50, 94, 48, 29, 39, 89, 80, 68, 93, 63, 43, 9, 57, 35, 62, 66, 46, 96, 14, 51, 2, 95, 67, 32, 40, 10, 85, 87, 13, 33, 7, 55, 52, 42, 24, 19, 25, 28, 1, 26, 3, 41, 76, 73, 98, 4, 88, 75, 30, 47, 65, 8, 31, 100, 69, 64, 99, 21, 38, 59, 56, 45, 54, 91, 53, 22]
Correct solution
(w = 13) Building and Solving
[runlim] sample:		81.7 time, 50.0 real, 317.6 MB
Value Cyclic-Antibandwidth: 13
Labels: [46, 13, 19, 31, 44, 75, 45, 36, 79, 48, 22, 55, 9, 54, 40, 51, 85, 87, 17, 98, 11, 97, 24, 50, 8, 81, 78, 21, 56, 47, 26, 39, 27, 63, 18, 32, 15, 96, 88, 70, 60, 91, 90, 80, 83, 1, 73, 72, 71, 53, 34, 38, 69, 2, 95, 62, 74, 66, 93, 77, 68, 52, 86, 6, 30, 64, 57, 37, 28, 99, 4, 65, 10, 42, 61, 82, 76, 20, 14, 67, 33, 58, 41, 49, 59, 7, 16, 100, 35, 29, 12, 5, 43, 94, 23, 3, 84, 89, 25, 92]
Correct solution
(w = 14) Building and Solving
[runlim] sample:		99.3 time, 60.0 real, 407.2 MB
[runlim] sample:		122.9 time, 70.0 real, 967.3 MB
[runlim] sample:		163.0 time, 80.0 real, 944.6 MB
[runlim] sample:		193.0 time, 90.0 real, 1017.2 MB
[runlim] sample:		223.0 time, 100.0 real, 1026.2 MB
[runlim] sample:		253.0 time, 110.0 real, 1032.4 MB
[runlim] sample:		283.0 time, 120.0 real, 1043.0 MB
[runlim] sample:		313.0 time, 130.0 real, 1043.1 MB
[runlim] sample:		343.0 time, 140.0 real, 1043.1 MB
[runlim] sample:		373.0 time, 150.0 real, 1043.1 MB
[runlim] sample:		403.0 time, 160.0 real, 985.4 MB
[runlim] sample:		433.0 time, 170.0 real, 985.4 MB
[runlim] sample:		463.0 time, 180.0 real, 985.7 MB
[runlim] sample:		493.0 time, 190.0 real, 985.7 MB
[runlim] sample:		523.0 time, 200.0 real, 985.7 MB
[runlim] sample:		553.0 time, 210.0 real, 985.9 MB
[runlim] sample:		583.0 time, 220.0 real, 985.9 MB
[runlim] sample:		607.0 time, 230.0 real, 987.2 MB
[runlim] sample:		627.0 time, 240.0 real, 987.2 MB
[runlim] sample:		647.0 time, 250.0 real, 987.2 MB
[runlim] sample:		667.0 time, 260.0 real, 988.8 MB
[runlim] sample:		687.0 time, 270.0 real, 989.3 MB
[runlim] sample:		707.0 time, 280.0 real, 989.3 MB
[runlim] sample:		727.0 time, 290.0 real, 989.3 MB
[runlim] sample:		747.0 time, 300.0 real, 989.3 MB
[runlim] sample:		767.0 time, 310.0 real, 990.2 MB
[runlim] sample:		787.0 time, 320.0 real, 990.2 MB
[runlim] sample:		807.0 time, 330.0 real, 990.2 MB
[runlim] sample:		827.0 time, 340.0 real, 990.2 MB
[runlim] sample:		847.0 time, 350.0 real, 990.2 MB
[runlim] sample:		867.0 time, 360.0 real, 990.2 MB
[runlim] sample:		887.0 time, 370.0 real, 990.5 MB
[runlim] sample:		907.0 time, 380.0 real, 990.5 MB
[runlim] sample:		927.0 time, 390.0 real, 990.5 MB
[runlim] sample:		947.0 time, 400.0 real, 990.5 MB
[runlim] sample:		967.0 time, 410.0 real, 990.5 MB
[runlim] sample:		987.0 time, 420.0 real, 990.5 MB
[runlim] sample:		1007.0 time, 430.0 real, 991.9 MB
[runlim] sample:		1026.9 time, 440.0 real, 991.9 MB
[runlim] sample:		1046.9 time, 450.0 real, 991.9 MB
[runlim] sample:		1066.9 time, 460.0 real, 991.9 MB
[runlim] sample:		1086.9 time, 470.0 real, 991.9 MB
[runlim] sample:		1106.9 time, 480.0 real, 991.9 MB
[runlim] sample:		1126.9 time, 490.0 real, 991.9 MB
[runlim] sample:		1146.9 time, 500.0 real, 991.9 MB
[runlim] sample:		1166.9 time, 510.0 real, 991.9 MB
[runlim] sample:		1186.9 time, 520.0 real, 992.0 MB
[runlim] sample:		1206.9 time, 530.0 real, 992.2 MB
[runlim] sample:		1226.9 time, 540.0 real, 992.5 MB
[runlim] sample:		1246.9 time, 550.0 real, 992.5 MB
[runlim] sample:		1266.9 time, 560.0 real, 992.5 MB
[runlim] sample:		1286.9 time, 570.0 real, 992.5 MB
[runlim] sample:		1306.9 time, 580.0 real, 992.5 MB
[runlim] sample:		1326.9 time, 590.0 real, 992.5 MB
[runlim] sample:		1346.9 time, 600.0 real, 992.5 MB
[runlim] sample:		1366.9 time, 610.0 real, 994.5 MB
[runlim] sample:		1386.9 time, 620.0 real, 994.5 MB
[runlim] sample:		1406.9 time, 630.0 real, 994.5 MB
[runlim] sample:		1426.9 time, 640.0 real, 994.5 MB
[runlim] sample:		1446.9 time, 650.0 real, 994.5 MB
[runlim] sample:		1466.9 time, 660.0 real, 997.1 MB
[runlim] sample:		1486.9 time, 670.0 real, 997.1 MB
[runlim] sample:		1506.9 time, 680.0 real, 997.7 MB
[runlim] sample:		1526.9 time, 690.0 real, 999.7 MB
[runlim] sample:		1546.9 time, 700.0 real, 999.7 MB
[runlim] sample:		1566.9 time, 710.0 real, 999.7 MB
[runlim] sample:		1586.9 time, 720.0 real, 999.7 MB
[runlim] sample:		1606.9 time, 730.0 real, 999.7 MB
[runlim] sample:		1626.9 time, 740.0 real, 999.7 MB
[runlim] sample:		1646.9 time, 750.0 real, 999.7 MB
[runlim] sample:		1666.9 time, 760.0 real, 999.7 MB
[runlim] sample:		1686.9 time, 770.0 real, 999.7 MB
[runlim] sample:		1706.9 time, 780.0 real, 999.7 MB
[runlim] sample:		1726.9 time, 790.0 real, 999.7 MB
[runlim] sample:		1746.9 time, 800.0 real, 999.7 MB
[runlim] sample:		1766.9 time, 810.0 real, 999.7 MB
[runlim] sample:		1786.9 time, 820.0 real, 999.7 MB
[runlim] sample:		1806.9 time, 830.0 real, 999.7 MB
[runlim] sample:		1826.9 time, 840.0 real, 999.7 MB
[runlim] sample:		1846.9 time, 850.0 real, 999.7 MB
[runlim] sample:		1866.9 time, 860.0 real, 1001.7 MB
[runlim] sample:		1886.9 time, 870.0 real, 1001.7 MB
[runlim] sample:		1906.9 time, 880.0 real, 1001.7 MB
[runlim] sample:		1926.9 time, 890.0 real, 1001.7 MB
[runlim] sample:		1946.9 time, 900.0 real, 1001.7 MB
[runlim] sample:		1966.9 time, 910.0 real, 1001.7 MB
[runlim] sample:		1986.9 time, 920.0 real, 1001.7 MB
[runlim] sample:		2006.9 time, 930.0 real, 1001.7 MB
[runlim] sample:		2026.9 time, 940.0 real, 1001.7 MB
[runlim] sample:		2046.9 time, 950.0 real, 1046.7 MB
[runlim] sample:		2066.9 time, 960.0 real, 1046.7 MB
[runlim] sample:		2086.9 time, 970.0 real, 1038.3 MB
[runlim] sample:		2106.9 time, 980.0 real, 1038.3 MB
[runlim] sample:		2126.9 time, 990.0 real, 1038.3 MB
[runlim] sample:		2146.9 time, 1000.0 real, 1038.6 MB
[runlim] sample:		2166.9 time, 1010.0 real, 1038.8 MB
[runlim] sample:		2186.9 time, 1020.0 real, 1038.8 MB
[runlim] sample:		2206.9 time, 1030.0 real, 1038.8 MB
[runlim] sample:		2226.9 time, 1040.0 real, 1038.8 MB
[runlim] sample:		2246.9 time, 1050.0 real, 1038.8 MB
[runlim] sample:		2266.9 time, 1060.0 real, 1038.8 MB
Value Cyclic-Antibandwidth: 14
Labels: [22, 78, 87, 100, 28, 19, 38, 96, 44, 37, 30, 80, 9, 82, 39, 31, 79, 99, 52, 58, 75, 7, 88, 29, 67, 36, 54, 77, 5, 84, 91, 21, 60, 97, 61, 27, 68, 62, 53, 3, 32, 43, 33, 48, 23, 17, 74, 57, 45, 93, 64, 14, 41, 71, 50, 81, 90, 59, 55, 15, 40, 24, 34, 63, 66, 86, 42, 35, 76, 51, 47, 83, 8, 13, 20, 25, 12, 98, 16, 2, 69, 56, 72, 26, 92, 4, 85, 11, 89, 94, 1, 6, 70, 10, 95, 18, 49, 46, 73, 65]
Correct solution
(w = 15) Building and Solving
[runlim] sample:		2285.8 time, 1070.0 real, 663.1 MB
[runlim] sample:		2312.9 time, 1080.0 real, 1116.2 MB
[runlim] sample:		2357.2 time, 1090.0 real, 960.9 MB
[runlim] sample:		2387.2 time, 1100.0 real, 998.6 MB
[runlim] sample:		2417.2 time, 1110.0 real, 1007.1 MB
[runlim] sample:		2447.2 time, 1120.0 real, 1007.1 MB
[runlim] sample:		2477.2 time, 1130.0 real, 1007.1 MB
[runlim] sample:		2507.2 time, 1140.0 real, 1011.5 MB
[runlim] sample:		2537.2 time, 1150.0 real, 1038.1 MB
[runlim] sample:		2567.2 time, 1160.0 real, 1103.9 MB
[runlim] sample:		2597.2 time, 1170.0 real, 1140.2 MB
[runlim] sample:		2627.2 time, 1180.0 real, 1160.9 MB
[runlim] sample:		2657.2 time, 1190.0 real, 1163.9 MB
[runlim] sample:		2687.2 time, 1200.0 real, 1168.0 MB
[runlim] sample:		2717.2 time, 1210.0 real, 1168.0 MB
[runlim] sample:		2747.2 time, 1220.0 real, 1170.8 MB
[runlim] sample:		2777.2 time, 1230.0 real, 1173.6 MB
[runlim] sample:		2807.2 time, 1240.0 real, 1173.6 MB
[runlim] sample:		2837.1 time, 1250.0 real, 1174.3 MB
[runlim] sample:		2867.1 time, 1260.0 real, 1174.3 MB
[runlim] sample:		2897.1 time, 1270.0 real, 1174.3 MB
[runlim] sample:		2927.1 time, 1280.0 real, 1174.3 MB
[runlim] sample:		2957.1 time, 1290.0 real, 1174.3 MB
[runlim] sample:		2987.1 time, 1300.0 real, 1174.3 MB
[runlim] sample:		3017.1 time, 1310.0 real, 1176.4 MB
[runlim] sample:		3047.1 time, 1320.0 real, 1178.4 MB
[runlim] sample:		3077.1 time, 1330.0 real, 1178.4 MB
[runlim] sample:		3107.2 time, 1340.0 real, 1178.4 MB
[runlim] sample:		3137.2 time, 1350.0 real, 1178.4 MB
[runlim] sample:		3167.1 time, 1360.0 real, 1178.4 MB
[runlim] sample:		3197.1 time, 1370.0 real, 1178.6 MB
[runlim] sample:		3227.1 time, 1380.0 real, 1178.6 MB
[runlim] sample:		3257.1 time, 1390.0 real, 1180.6 MB
[runlim] sample:		3287.1 time, 1400.0 real, 1180.6 MB
[runlim] sample:		3317.1 time, 1410.0 real, 1180.6 MB
[runlim] sample:		3347.1 time, 1420.0 real, 1180.6 MB
[runlim] sample:		3377.1 time, 1430.0 real, 1180.6 MB
[runlim] sample:		3407.1 time, 1440.0 real, 1180.6 MB
[runlim] sample:		3437.1 time, 1450.0 real, 1180.6 MB
[runlim] sample:		3467.1 time, 1460.0 real, 1180.6 MB
[runlim] sample:		3497.1 time, 1470.0 real, 1180.6 MB
[runlim] sample:		3527.1 time, 1480.0 real, 1180.6 MB
[runlim] sample:		3557.1 time, 1490.0 real, 1180.6 MB
[runlim] sample:		3587.1 time, 1500.0 real, 1180.6 MB
[runlim] sample:		3617.1 time, 1510.0 real, 1180.6 MB
[runlim] sample:		3647.1 time, 1520.0 real, 1180.6 MB
[runlim] sample:		3677.1 time, 1530.0 real, 1180.6 MB
[runlim] sample:		3707.1 time, 1540.0 real, 1180.6 MB
[runlim] sample:		3737.1 time, 1550.0 real, 1180.6 MB
[runlim] sample:		3767.1 time, 1560.0 real, 1180.6 MB
[runlim] sample:		3797.1 time, 1570.0 real, 1180.6 MB
[runlim] sample:		3827.1 time, 1580.0 real, 1180.6 MB
[runlim] sample:		3857.1 time, 1590.0 real, 1180.6 MB
[runlim] sample:		3887.1 time, 1600.0 real, 1180.6 MB
[runlim] sample:		3917.1 time, 1610.0 real, 1180.6 MB
[runlim] sample:		3947.1 time, 1620.0 real, 1180.6 MB
[runlim] sample:		3977.1 time, 1630.0 real, 1180.6 MB
[runlim] sample:		4007.1 time, 1640.0 real, 1180.6 MB
[runlim] sample:		4037.1 time, 1650.0 real, 1180.6 MB
[runlim] sample:		4067.1 time, 1660.0 real, 1180.6 MB
[runlim] sample:		4097.1 time, 1670.0 real, 1180.6 MB
[runlim] sample:		4127.1 time, 1680.0 real, 1180.6 MB
[runlim] sample:		4157.1 time, 1690.0 real, 1180.6 MB
[runlim] sample:		4187.1 time, 1700.0 real, 1180.6 MB
[runlim] sample:		4217.1 time, 1710.0 real, 1180.6 MB
[runlim] sample:		4247.1 time, 1720.0 real, 1180.6 MB
[runlim] sample:		4277.1 time, 1730.0 real, 1181.8 MB
[runlim] sample:		4307.1 time, 1740.0 real, 1181.8 MB
[runlim] sample:		4337.1 time, 1750.0 real, 1182.3 MB
[runlim] sample:		4367.1 time, 1760.0 real, 1184.3 MB
[runlim] sample:		4397.1 time, 1770.0 real, 1184.3 MB
[runlim] sample:		4427.1 time, 1780.0 real, 1184.3 MB
[runlim] sample:		4457.1 time, 1790.0 real, 1184.3 MB
[runlim] sample:		4487.1 time, 1800.0 real, 1184.3 MB
[runlim] end:			Tue Nov 11 17:11:18 2025
[runlim] status:		out of time
[runlim] result:		2
[runlim] children:		0
[runlim] real:			1800.06 seconds
[runlim] time:			4487.09 seconds
[runlim] space:			1184.3 MB
[runlim] samples:		18000
