[runlim] version:		1.10
[runlim] time limit:		311040000 seconds
[runlim] real time limit:	1800 seconds
[runlim] space limit:		30000 MB
[runlim] argv[0]:		python3
[runlim] argv[1]:		model_MIP_CPLEX.py
[runlim] argv[2]:		./graph/random_generated_graph_2013/p16_100_600
[runlim] start:			Tue Nov 11 17:41:18 2025
[runlim] main pid:		19567
[runlim] log captured:
(w = 4) Building and Solving
Value Cyclic-Antibandwidth: 4
Labels: [25, 24, 58, 29, 82, 99, 12, 20, 85, 84, 16, 59, 90, 26, 52, 39, 100, 17, 79, 53, 44, 96, 98, 49, 33, 91, 41, 35, 86, 56, 42, 93, 60, 88, 69, 21, 70, 13, 9, 87, 18, 7, 46, 75, 28, 40, 67, 57, 1, 55, 83, 94, 36, 54, 37, 62, 73, 14, 4, 63, 2, 72, 31, 45, 34, 68, 27, 10, 30, 5, 71, 6, 89, 43, 61, 19, 47, 3, 48, 32, 95, 15, 92, 97, 64, 65, 77, 8, 50, 51, 80, 76, 23, 11, 74, 38, 66, 81, 22, 78]
Correct solution
(w = 5) Building and Solving
Value Cyclic-Antibandwidth: 5
Labels: [25, 24, 63, 29, 82, 3, 12, 20, 65, 84, 75, 59, 90, 22, 52, 39, 100, 5, 79, 40, 64, 21, 98, 49, 33, 46, 41, 35, 86, 56, 85, 93, 60, 88, 69, 54, 99, 13, 9, 87, 18, 78, 2, 94, 28, 42, 67, 57, 1, 96, 32, 55, 19, 47, 37, 62, 14, 44, 4, 10, 77, 72, 31, 45, 34, 68, 27, 53, 30, 70, 71, 6, 89, 43, 61, 16, 83, 36, 48, 26, 95, 15, 92, 97, 38, 17, 91, 23, 50, 51, 80, 76, 7, 11, 74, 58, 66, 81, 73, 8]
Correct solution
(w = 6) Building and Solving
Value Cyclic-Antibandwidth: 6
Labels: [25, 24, 91, 29, 82, 3, 12, 20, 65, 84, 89, 59, 90, 22, 52, 39, 100, 5, 79, 10, 64, 70, 21, 49, 33, 23, 41, 35, 86, 96, 42, 93, 60, 88, 69, 54, 99, 13, 9, 87, 46, 78, 14, 94, 28, 40, 67, 57, 1, 63, 85, 56, 19, 53, 37, 62, 71, 44, 4, 18, 77, 72, 31, 45, 34, 68, 27, 30, 2, 32, 36, 6, 55, 43, 61, 16, 83, 98, 48, 26, 95, 15, 92, 97, 38, 17, 75, 47, 50, 51, 80, 76, 7, 11, 74, 58, 66, 81, 73, 8]
Correct solution
(w = 7) Building and Solving
Value Cyclic-Antibandwidth: 7
Labels: [25, 24, 91, 29, 82, 73, 12, 20, 70, 57, 49, 59, 90, 22, 52, 39, 100, 5, 79, 84, 87, 71, 33, 55, 21, 85, 41, 35, 86, 56, 46, 93, 60, 88, 42, 54, 99, 13, 9, 14, 18, 7, 8, 94, 80, 40, 67, 44, 27, 19, 23, 10, 3, 47, 37, 62, 78, 17, 4, 63, 77, 72, 31, 45, 34, 68, 61, 32, 26, 96, 36, 6, 89, 43, 1, 16, 83, 98, 48, 30, 95, 15, 92, 97, 38, 65, 28, 64, 50, 51, 53, 76, 75, 11, 74, 58, 66, 81, 69, 2]
Correct solution
(w = 8) Building and Solving
[runlim] sample:		13.9 time, 10.1 real, 186.6 MB
Value Cyclic-Antibandwidth: 8
Labels: [58, 39, 97, 78, 98, 53, 12, 47, 88, 36, 9, 100, 33, 45, 2, 14, 15, 8, 49, 13, 4, 29, 67, 50, 3, 5, 10, 16, 40, 72, 1, 6, 86, 44, 35, 30, 31, 20, 74, 32, 61, 42, 68, 18, 43, 17, 24, 28, 19, 38, 46, 55, 54, 26, 65, 34, 56, 37, 22, 64, 48, 57, 21, 52, 73, 25, 59, 89, 66, 60, 7, 62, 69, 80, 81, 82, 51, 63, 71, 23, 27, 79, 41, 85, 77, 90, 99, 93, 76, 83, 70, 87, 91, 84, 94, 92, 95, 75, 96, 11]
Correct solution
(w = 9) Building and Solving
[runlim] sample:		30.0 time, 20.1 real, 367.4 MB
Value Cyclic-Antibandwidth: 9
Labels: [64, 6, 75, 86, 56, 73, 96, 8, 79, 39, 54, 99, 83, 12, 19, 91, 51, 82, 33, 9, 17, 20, 41, 4, 71, 5, 2, 97, 22, 23, 15, 7, 31, 21, 25, 69, 67, 14, 18, 3, 42, 13, 46, 47, 43, 1, 28, 62, 16, 29, 45, 55, 72, 35, 65, 27, 60, 37, 52, 53, 44, 30, 70, 84, 26, 74, 32, 38, 48, 66, 40, 76, 57, 50, 59, 11, 77, 78, 61, 34, 63, 58, 80, 81, 87, 89, 10, 93, 90, 24, 49, 85, 100, 92, 94, 36, 95, 88, 68, 98]
Correct solution
(w = 10) Building and Solving
Value Cyclic-Antibandwidth: 10
Labels: [16, 95, 94, 23, 36, 20, 26, 58, 17, 49, 73, 56, 74, 100, 77, 2, 41, 79, 42, 6, 30, 90, 61, 54, 15, 65, 81, 18, 11, 31, 8, 13, 22, 92, 88, 33, 85, 91, 7, 14, 99, 67, 50, 93, 75, 52, 89, 82, 96, 76, 55, 98, 10, 46, 51, 5, 29, 69, 39, 40, 71, 62, 19, 47, 64, 87, 60, 59, 34, 32, 9, 68, 25, 80, 78, 72, 12, 38, 3, 43, 86, 44, 70, 63, 84, 45, 83, 53, 24, 1, 97, 48, 66, 21, 27, 35, 37, 28, 4, 57]
Correct solution
(w = 11) Building and Solving
[runlim] sample:		46.3 time, 30.1 real, 225.7 MB
Value Cyclic-Antibandwidth: 11
Labels: [34, 29, 77, 97, 10, 21, 90, 3, 85, 91, 57, 1, 74, 51, 54, 92, 26, 12, 98, 49, 70, 78, 2, 20, 5, 47, 39, 33, 96, 61, 72, 59, 11, 86, 89, 71, 82, 30, 100, 88, 66, 4, 17, 35, 55, 32, 36, 69, 6, 76, 80, 15, 18, 44, 79, 56, 14, 84, 73, 52, 38, 8, 13, 43, 83, 94, 93, 25, 60, 63, 41, 67, 42, 9, 75, 81, 16, 48, 45, 37, 58, 46, 53, 28, 87, 31, 50, 95, 62, 27, 22, 23, 7, 24, 64, 40, 68, 65, 19, 99]
Correct solution
(w = 12) Building and Solving
[runlim] sample:		63.3 time, 40.1 real, 286.9 MB
Value Cyclic-Antibandwidth: 12
Labels: [5, 87, 67, 49, 46, 61, 73, 56, 8, 12, 82, 17, 36, 100, 28, 60, 80, 34, 48, 79, 24, 2, 84, 96, 19, 37, 94, 18, 14, 58, 4, 32, 40, 88, 97, 70, 57, 89, 81, 59, 42, 38, 50, 72, 41, 90, 86, 25, 95, 16, 6, 69, 71, 98, 66, 33, 93, 63, 13, 39, 65, 54, 3, 7, 62, 23, 91, 45, 55, 22, 9, 75, 74, 29, 31, 10, 64, 53, 76, 43, 83, 20, 15, 11, 99, 51, 52, 21, 27, 1, 92, 85, 68, 30, 77, 44, 35, 78, 47, 26]
Correct solution
(w = 13) Building and Solving
[runlim] sample:		80.1 time, 50.1 real, 298.7 MB
Value Cyclic-Antibandwidth: 13
Labels: [20, 47, 27, 24, 45, 51, 55, 18, 5, 1, 58, 85, 4, 26, 12, 48, 46, 83, 36, 82, 76, 8, 49, 29, 90, 37, 14, 43, 31, 57, 79, 74, 97, 81, 22, 53, 16, 23, 41, 13, 69, 15, 94, 96, 73, 93, 44, 72, 87, 3, 100, 88, 42, 91, 6, 38, 67, 17, 95, 56, 21, 28, 86, 33, 39, 25, 34, 92, 60, 66, 84, 65, 52, 77, 10, 80, 11, 30, 59, 32, 64, 35, 75, 9, 71, 68, 61, 70, 62, 89, 99, 98, 19, 78, 50, 7, 63, 40, 54, 2]
Correct solution
(w = 14) Building and Solving
[runlim] sample:		97.2 time, 60.1 real, 255.7 MB
[runlim] sample:		119.7 time, 70.1 real, 932.2 MB
Value Cyclic-Antibandwidth: 14
Labels: [18, 57, 89, 48, 77, 37, 3, 66, 36, 74, 93, 90, 85, 51, 2, 7, 71, 94, 59, 96, 32, 78, 58, 60, 41, 98, 45, 95, 62, 20, 76, 24, 31, 64, 14, 92, 11, 55, 39, 91, 54, 63, 28, 21, 35, 25, 68, 27, 53, 75, 84, 82, 1, 81, 12, 70, 22, 86, 87, 10, 65, 49, 56, 88, 73, 67, 47, 17, 16, 13, 4, 34, 8, 19, 79, 33, 29, 97, 80, 50, 69, 38, 61, 9, 43, 44, 46, 30, 26, 83, 52, 42, 99, 23, 5, 100, 72, 40, 6, 15]
Correct solution
(w = 15) Building and Solving
[runlim] sample:		139.7 time, 80.1 real, 339.5 MB
[runlim] sample:		166.5 time, 90.1 real, 1090.2 MB
[runlim] sample:		210.6 time, 100.1 real, 965.5 MB
[runlim] sample:		240.6 time, 110.1 real, 1089.1 MB
[runlim] sample:		270.6 time, 120.1 real, 1137.5 MB
[runlim] sample:		300.6 time, 130.1 real, 1138.3 MB
[runlim] sample:		330.6 time, 140.1 real, 1138.3 MB
[runlim] sample:		360.6 time, 150.1 real, 1146.7 MB
[runlim] sample:		390.6 time, 160.1 real, 1148.1 MB
[runlim] sample:		420.6 time, 170.1 real, 1148.1 MB
[runlim] sample:		450.6 time, 180.1 real, 1167.3 MB
[runlim] sample:		480.6 time, 190.1 real, 1151.0 MB
[runlim] sample:		510.6 time, 200.1 real, 1151.0 MB
[runlim] sample:		532.5 time, 210.1 real, 1093.1 MB
[runlim] sample:		552.5 time, 220.1 real, 1093.1 MB
[runlim] sample:		572.5 time, 230.1 real, 1093.1 MB
Value Cyclic-Antibandwidth: 15
Labels: [41, 64, 47, 13, 74, 25, 80, 6, 88, 31, 53, 60, 70, 8, 94, 81, 32, 89, 71, 83, 58, 30, 20, 23, 4, 72, 95, 93, 18, 7, 65, 55, 76, 85, 10, 67, 43, 37, 92, 84, 68, 66, 29, 24, 63, 90, 40, 51, 99, 17, 12, 69, 78, 33, 98, 57, 62, 77, 38, 73, 36, 16, 39, 27, 52, 45, 100, 79, 11, 49, 91, 42, 48, 3, 56, 82, 86, 19, 34, 28, 44, 96, 46, 14, 1, 35, 50, 15, 54, 21, 22, 26, 97, 87, 61, 2, 59, 9, 75, 5]
Correct solution
(w = 16) Building and Solving
[runlim] sample:		591.4 time, 240.1 real, 636.9 MB
[runlim] sample:		605.4 time, 250.1 real, 646.8 MB
[runlim] sample:		661.2 time, 260.1 real, 1032.1 MB
[runlim] sample:		691.7 time, 270.1 real, 1081.8 MB
[runlim] sample:		721.7 time, 280.1 real, 1081.8 MB
[runlim] sample:		751.7 time, 290.1 real, 1124.7 MB
[runlim] sample:		781.7 time, 300.1 real, 1124.7 MB
[runlim] sample:		811.7 time, 310.1 real, 1129.0 MB
[runlim] sample:		841.7 time, 320.1 real, 1129.0 MB
[runlim] sample:		871.7 time, 330.1 real, 1165.8 MB
[runlim] sample:		901.7 time, 340.1 real, 1168.3 MB
[runlim] sample:		931.7 time, 350.1 real, 1168.3 MB
[runlim] sample:		961.7 time, 360.1 real, 1169.1 MB
[runlim] sample:		991.7 time, 370.1 real, 1169.1 MB
[runlim] sample:		1021.7 time, 380.1 real, 1170.1 MB
[runlim] sample:		1051.7 time, 390.1 real, 1170.4 MB
[runlim] sample:		1081.7 time, 400.1 real, 1170.4 MB
[runlim] sample:		1111.7 time, 410.1 real, 1170.4 MB
[runlim] sample:		1141.7 time, 420.1 real, 1170.4 MB
[runlim] sample:		1171.7 time, 430.1 real, 1170.4 MB
[runlim] sample:		1200.9 time, 440.1 real, 1176.6 MB
[runlim] sample:		1220.9 time, 450.1 real, 1176.6 MB
[runlim] sample:		1240.9 time, 460.1 real, 1176.6 MB
[runlim] sample:		1260.9 time, 470.1 real, 1176.6 MB
[runlim] sample:		1280.9 time, 480.1 real, 1176.6 MB
[runlim] sample:		1300.9 time, 490.1 real, 1176.6 MB
[runlim] sample:		1320.9 time, 500.1 real, 1176.6 MB
[runlim] sample:		1347.1 time, 510.1 real, 1179.9 MB
[runlim] sample:		1377.1 time, 520.1 real, 1196.0 MB
[runlim] sample:		1407.1 time, 530.1 real, 1200.0 MB
[runlim] sample:		1437.1 time, 540.1 real, 1202.2 MB
[runlim] sample:		1467.1 time, 550.1 real, 1204.2 MB
[runlim] sample:		1497.1 time, 560.1 real, 1204.2 MB
[runlim] sample:		1527.1 time, 570.1 real, 1300.5 MB
[runlim] sample:		1557.1 time, 580.1 real, 1366.1 MB
[runlim] sample:		1587.1 time, 590.1 real, 1369.5 MB
[runlim] sample:		1617.1 time, 600.1 real, 1369.8 MB
[runlim] sample:		1647.1 time, 610.1 real, 1371.1 MB
[runlim] sample:		1677.1 time, 620.1 real, 1371.3 MB
[runlim] sample:		1707.1 time, 630.1 real, 1377.2 MB
[runlim] sample:		1737.1 time, 640.1 real, 1379.9 MB
[runlim] sample:		1767.1 time, 650.1 real, 1380.9 MB
[runlim] sample:		1797.1 time, 660.1 real, 1381.7 MB
[runlim] sample:		1827.1 time, 670.1 real, 1381.7 MB
[runlim] sample:		1857.1 time, 680.1 real, 1382.8 MB
[runlim] sample:		1887.1 time, 690.1 real, 1383.5 MB
[runlim] sample:		1917.1 time, 700.1 real, 1386.3 MB
[runlim] sample:		1947.1 time, 710.1 real, 1386.6 MB
[runlim] sample:		1977.1 time, 720.1 real, 1389.2 MB
[runlim] sample:		2007.1 time, 730.1 real, 1389.2 MB
[runlim] sample:		2037.1 time, 740.1 real, 1389.7 MB
[runlim] sample:		2067.1 time, 750.1 real, 1389.7 MB
[runlim] sample:		2097.1 time, 760.1 real, 1389.7 MB
[runlim] sample:		2127.1 time, 770.1 real, 1389.7 MB
[runlim] sample:		2157.1 time, 780.1 real, 1389.7 MB
[runlim] sample:		2187.1 time, 790.1 real, 1391.7 MB
[runlim] sample:		2217.1 time, 800.1 real, 1391.7 MB
[runlim] sample:		2247.1 time, 810.1 real, 1391.7 MB
[runlim] sample:		2277.1 time, 820.1 real, 1391.7 MB
[runlim] sample:		2307.1 time, 830.1 real, 1393.7 MB
[runlim] sample:		2337.1 time, 840.1 real, 1393.7 MB
[runlim] sample:		2367.1 time, 850.1 real, 1393.7 MB
[runlim] sample:		2397.1 time, 860.1 real, 1393.7 MB
[runlim] sample:		2427.1 time, 870.1 real, 1393.7 MB
[runlim] sample:		2457.1 time, 880.1 real, 1393.7 MB
[runlim] sample:		2487.1 time, 890.1 real, 1393.7 MB
[runlim] sample:		2517.1 time, 900.1 real, 1394.0 MB
[runlim] sample:		2547.1 time, 910.1 real, 1394.0 MB
[runlim] sample:		2577.1 time, 920.1 real, 1394.0 MB
[runlim] sample:		2607.1 time, 930.1 real, 1394.0 MB
[runlim] sample:		2637.1 time, 940.1 real, 1394.0 MB
[runlim] sample:		2667.1 time, 950.1 real, 1394.0 MB
[runlim] sample:		2697.1 time, 960.1 real, 1394.0 MB
[runlim] sample:		2727.1 time, 970.1 real, 1394.0 MB
[runlim] sample:		2757.1 time, 980.1 real, 1394.0 MB
[runlim] sample:		2787.1 time, 990.1 real, 1394.0 MB
[runlim] sample:		2817.1 time, 1000.1 real, 1394.0 MB
[runlim] sample:		2847.1 time, 1010.1 real, 1394.0 MB
[runlim] sample:		2877.1 time, 1020.1 real, 1394.0 MB
[runlim] sample:		2907.1 time, 1030.1 real, 1394.0 MB
[runlim] sample:		2937.1 time, 1040.1 real, 1394.0 MB
[runlim] sample:		2967.0 time, 1050.1 real, 1394.0 MB
[runlim] sample:		2997.0 time, 1060.1 real, 1394.0 MB
[runlim] sample:		3027.0 time, 1070.1 real, 1394.0 MB
[runlim] sample:		3057.0 time, 1080.1 real, 1394.0 MB
[runlim] sample:		3087.0 time, 1090.1 real, 1394.0 MB
[runlim] sample:		3117.0 time, 1100.1 real, 1394.0 MB
[runlim] sample:		3147.0 time, 1110.1 real, 1394.0 MB
[runlim] sample:		3177.0 time, 1120.1 real, 1394.4 MB
[runlim] sample:		3207.0 time, 1130.1 real, 1394.9 MB
[runlim] sample:		3237.0 time, 1140.1 real, 1394.9 MB
[runlim] sample:		3267.0 time, 1150.1 real, 1394.9 MB
[runlim] sample:		3297.0 time, 1160.1 real, 1394.9 MB
[runlim] sample:		3327.0 time, 1170.1 real, 1412.9 MB
[runlim] sample:		3357.0 time, 1180.1 real, 1415.2 MB
[runlim] sample:		3387.0 time, 1190.1 real, 1415.2 MB
[runlim] sample:		3417.0 time, 1200.1 real, 1416.3 MB
[runlim] sample:		3447.0 time, 1210.1 real, 1416.3 MB
[runlim] sample:		3477.0 time, 1220.1 real, 1416.3 MB
[runlim] sample:		3507.0 time, 1230.1 real, 1416.3 MB
[runlim] sample:		3537.0 time, 1240.1 real, 1418.0 MB
[runlim] sample:		3567.0 time, 1250.1 real, 1418.1 MB
[runlim] sample:		3597.0 time, 1260.1 real, 1418.8 MB
[runlim] sample:		3627.0 time, 1270.1 real, 1420.9 MB
[runlim] sample:		3657.0 time, 1280.1 real, 1420.9 MB
[runlim] sample:		3687.0 time, 1290.1 real, 1420.9 MB
[runlim] sample:		3717.0 time, 1300.1 real, 1420.9 MB
[runlim] sample:		3747.0 time, 1310.1 real, 1420.9 MB
[runlim] sample:		3777.0 time, 1320.1 real, 1420.9 MB
[runlim] sample:		3807.0 time, 1330.1 real, 1420.9 MB
[runlim] sample:		3837.0 time, 1340.1 real, 1420.9 MB
[runlim] sample:		3867.0 time, 1350.1 real, 1420.9 MB
[runlim] sample:		3897.0 time, 1360.1 real, 1420.9 MB
[runlim] sample:		3927.0 time, 1370.1 real, 1420.9 MB
[runlim] sample:		3957.0 time, 1380.1 real, 1420.9 MB
[runlim] sample:		3987.0 time, 1390.1 real, 1420.9 MB
[runlim] sample:		4017.0 time, 1400.1 real, 1420.9 MB
[runlim] sample:		4047.0 time, 1410.1 real, 1420.9 MB
[runlim] sample:		4077.0 time, 1420.1 real, 1420.9 MB
[runlim] sample:		4107.0 time, 1430.1 real, 1420.9 MB
[runlim] sample:		4137.0 time, 1440.1 real, 1420.9 MB
[runlim] sample:		4167.0 time, 1450.1 real, 1420.9 MB
[runlim] sample:		4197.0 time, 1460.1 real, 1420.9 MB
[runlim] sample:		4227.0 time, 1470.1 real, 1420.9 MB
[runlim] sample:		4257.0 time, 1480.1 real, 1420.9 MB
[runlim] sample:		4287.0 time, 1490.1 real, 1420.9 MB
[runlim] sample:		4317.0 time, 1500.1 real, 1420.9 MB
[runlim] sample:		4347.0 time, 1510.1 real, 1420.9 MB
[runlim] sample:		4377.0 time, 1520.1 real, 1420.9 MB
[runlim] sample:		4407.0 time, 1530.1 real, 1420.9 MB
[runlim] sample:		4437.0 time, 1540.1 real, 1420.9 MB
[runlim] sample:		4467.0 time, 1550.1 real, 1420.9 MB
[runlim] sample:		4497.0 time, 1560.1 real, 1420.9 MB
[runlim] sample:		4527.0 time, 1570.1 real, 1420.9 MB
[runlim] sample:		4557.0 time, 1580.1 real, 1420.9 MB
[runlim] sample:		4587.0 time, 1590.1 real, 1420.9 MB
[runlim] sample:		4617.0 time, 1600.1 real, 1420.9 MB
[runlim] sample:		4647.0 time, 1610.1 real, 1420.9 MB
[runlim] sample:		4677.0 time, 1620.1 real, 1420.9 MB
[runlim] sample:		4707.0 time, 1630.1 real, 1420.9 MB
[runlim] sample:		4737.0 time, 1640.1 real, 1420.9 MB
[runlim] sample:		4767.0 time, 1650.1 real, 1420.9 MB
[runlim] sample:		4797.0 time, 1660.1 real, 1420.9 MB
[runlim] sample:		4827.0 time, 1670.1 real, 1420.9 MB
[runlim] sample:		4857.0 time, 1680.1 real, 1420.9 MB
[runlim] sample:		4887.0 time, 1690.1 real, 1420.9 MB
[runlim] sample:		4917.0 time, 1700.1 real, 1420.9 MB
[runlim] sample:		4947.0 time, 1710.1 real, 1420.9 MB
[runlim] sample:		4977.0 time, 1720.1 real, 1420.9 MB
[runlim] sample:		5007.0 time, 1730.1 real, 1420.9 MB
[runlim] sample:		5037.0 time, 1740.1 real, 1420.9 MB
[runlim] sample:		5067.0 time, 1750.1 real, 1420.9 MB
[runlim] sample:		5097.0 time, 1760.1 real, 1420.9 MB
[runlim] sample:		5127.0 time, 1770.1 real, 1420.9 MB
[runlim] sample:		5157.0 time, 1780.1 real, 1420.9 MB
[runlim] sample:		5187.0 time, 1790.1 real, 1420.9 MB
[runlim] sample:		5217.0 time, 1800.1 real, 1420.9 MB
[runlim] end:			Tue Nov 11 18:11:18 2025
[runlim] status:		out of time
[runlim] result:		2
[runlim] children:		0
[runlim] real:			1800.11 seconds
[runlim] time:			5216.98 seconds
[runlim] space:			1420.9 MB
[runlim] samples:		18000
