[runlim] version:		1.10
[runlim] time limit:		311040000 seconds
[runlim] real time limit:	1800 seconds
[runlim] space limit:		30000 MB
[runlim] argv[0]:		python3
[runlim] argv[1]:		model_MIP_CPLEX.py
[runlim] argv[2]:		./graph/random_generated_graph_2013/p18_100_600
[runlim] start:			Tue Nov 11 18:41:18 2025
[runlim] main pid:		20530
[runlim] log captured:
(w = 4) Building and Solving
Value Cyclic-Antibandwidth: 4
Labels: [25, 24, 10, 29, 82, 99, 75, 20, 28, 92, 48, 59, 90, 22, 52, 39, 100, 5, 79, 7, 27, 31, 58, 44, 33, 91, 49, 35, 86, 56, 40, 43, 60, 88, 69, 21, 70, 13, 9, 94, 46, 34, 6, 23, 67, 77, 11, 32, 47, 42, 62, 37, 64, 63, 87, 61, 83, 41, 54, 26, 2, 16, 81, 4, 84, 50, 18, 1, 89, 55, 78, 68, 12, 93, 14, 45, 17, 36, 98, 57, 95, 15, 71, 97, 38, 65, 85, 96, 3, 51, 80, 76, 73, 19, 74, 72, 66, 53, 8, 30]
Correct solution
(w = 5) Building and Solving
Value Cyclic-Antibandwidth: 5
Labels: [25, 24, 10, 29, 82, 99, 75, 20, 28, 92, 36, 59, 90, 22, 52, 39, 100, 5, 79, 7, 27, 31, 96, 48, 33, 91, 49, 35, 86, 56, 40, 43, 60, 88, 69, 21, 70, 13, 9, 94, 46, 34, 6, 67, 57, 77, 50, 32, 47, 12, 62, 37, 64, 63, 87, 61, 83, 41, 54, 26, 2, 16, 81, 4, 84, 80, 18, 1, 89, 55, 78, 68, 19, 93, 44, 45, 17, 97, 98, 14, 95, 15, 71, 23, 38, 65, 85, 42, 3, 51, 73, 76, 72, 58, 74, 11, 66, 53, 8, 30]
Correct solution
(w = 6) Building and Solving
Value Cyclic-Antibandwidth: 6
Labels: [77, 24, 10, 29, 82, 99, 75, 20, 28, 49, 44, 59, 90, 22, 52, 39, 100, 5, 79, 32, 27, 31, 96, 48, 33, 91, 11, 35, 86, 19, 40, 43, 60, 88, 69, 21, 70, 13, 9, 25, 46, 7, 6, 92, 67, 72, 3, 12, 47, 14, 62, 37, 64, 63, 87, 61, 94, 41, 54, 26, 2, 16, 81, 4, 84, 80, 18, 1, 89, 42, 78, 36, 83, 93, 56, 45, 17, 34, 98, 68, 95, 15, 50, 23, 38, 65, 85, 57, 30, 51, 71, 76, 73, 55, 74, 58, 66, 53, 8, 97]
Correct solution
(w = 7) Building and Solving
Value Cyclic-Antibandwidth: 7
Labels: [34, 24, 44, 29, 82, 99, 75, 20, 28, 9, 92, 59, 90, 22, 52, 39, 100, 67, 79, 7, 27, 31, 96, 49, 33, 91, 41, 35, 86, 12, 32, 43, 60, 88, 69, 21, 70, 13, 72, 25, 46, 26, 6, 10, 47, 57, 50, 19, 94, 8, 62, 37, 64, 63, 87, 61, 68, 45, 54, 14, 36, 16, 81, 4, 84, 2, 18, 1, 89, 42, 78, 5, 23, 93, 56, 11, 17, 83, 98, 48, 95, 15, 85, 80, 38, 65, 77, 97, 3, 51, 71, 76, 73, 55, 74, 58, 66, 53, 40, 30]
Correct solution
(w = 8) Building and Solving
[runlim] sample:		14.1 time, 10.1 real, 193.1 MB
Value Cyclic-Antibandwidth: 8
Labels: [25, 24, 20, 29, 82, 99, 36, 38, 70, 9, 89, 59, 90, 69, 71, 39, 100, 97, 79, 7, 27, 41, 96, 49, 33, 91, 44, 35, 86, 12, 32, 43, 60, 88, 34, 21, 42, 13, 72, 23, 46, 73, 6, 85, 57, 75, 26, 58, 92, 8, 62, 37, 64, 63, 87, 61, 55, 45, 54, 10, 80, 16, 81, 4, 84, 68, 28, 1, 52, 18, 78, 5, 22, 93, 56, 11, 17, 83, 98, 48, 95, 15, 50, 47, 94, 65, 77, 30, 3, 51, 31, 76, 2, 67, 74, 53, 66, 19, 40, 14]
Correct solution
(w = 9) Building and Solving
Value Cyclic-Antibandwidth: 9
Labels: [26, 20, 81, 97, 85, 78, 49, 44, 82, 72, 27, 66, 62, 93, 3, 52, 11, 12, 9, 100, 51, 99, 29, 75, 31, 33, 74, 5, 16, 41, 8, 40, 43, 10, 6, 19, 13, 32, 42, 23, 54, 69, 25, 65, 45, 22, 15, 46, 37, 36, 38, 35, 39, 47, 28, 57, 48, 79, 50, 67, 30, 53, 17, 63, 96, 61, 34, 60, 59, 73, 80, 55, 91, 18, 89, 68, 21, 4, 76, 83, 56, 58, 2, 71, 14, 77, 64, 84, 24, 86, 87, 88, 70, 90, 7, 92, 94, 95, 1, 98]
Correct solution
(w = 10) Building and Solving
[runlim] sample:		29.6 time, 20.1 real, 227.5 MB
Value Cyclic-Antibandwidth: 10
Labels: [85, 32, 45, 80, 72, 3, 98, 4, 63, 66, 55, 11, 87, 28, 29, 48, 20, 94, 92, 97, 12, 84, 37, 26, 33, 13, 76, 1, 14, 9, 71, 10, 43, 47, 95, 25, 7, 16, 2, 60, 18, 70, 81, 58, 99, 64, 24, 17, 5, 39, 50, 42, 8, 44, 51, 22, 67, 19, 65, 46, 23, 54, 52, 15, 75, 79, 41, 91, 53, 6, 27, 62, 35, 90, 57, 74, 31, 77, 83, 40, 82, 49, 61, 68, 73, 34, 36, 100, 59, 21, 93, 78, 38, 89, 30, 69, 96, 56, 86, 88]
Correct solution
(w = 11) Building and Solving
[runlim] sample:		46.4 time, 30.1 real, 242.3 MB
Value Cyclic-Antibandwidth: 11
Labels: [97, 20, 3, 31, 80, 83, 68, 24, 28, 42, 16, 61, 6, 2, 1, 21, 34, 47, 66, 32, 43, 70, 46, 18, 41, 48, 30, 77, 53, 4, 8, 17, 23, 11, 14, 27, 15, 12, 92, 62, 58, 38, 71, 54, 90, 13, 40, 37, 52, 39, 49, 78, 29, 63, 99, 22, 59, 73, 72, 33, 44, 50, 64, 67, 26, 76, 19, 81, 57, 51, 74, 86, 55, 9, 65, 75, 96, 82, 79, 91, 69, 56, 100, 60, 45, 5, 84, 7, 93, 25, 87, 89, 88, 85, 10, 35, 94, 95, 36, 98]
Correct solution
(w = 12) Building and Solving
[runlim] sample:		61.9 time, 40.1 real, 313.5 MB
Value Cyclic-Antibandwidth: 12
Labels: [89, 79, 8, 80, 69, 55, 61, 18, 75, 56, 81, 6, 62, 100, 53, 29, 49, 27, 65, 87, 60, 40, 78, 83, 51, 17, 10, 42, 39, 24, 13, 37, 86, 71, 30, 12, 32, 36, 5, 3, 73, 45, 28, 33, 92, 38, 2, 76, 1, 64, 67, 58, 34, 15, 99, 88, 74, 46, 94, 57, 22, 20, 90, 50, 44, 68, 4, 93, 9, 16, 48, 84, 7, 97, 95, 52, 21, 25, 47, 14, 19, 77, 98, 41, 35, 26, 70, 59, 31, 72, 11, 43, 82, 63, 66, 85, 96, 91, 54, 23]
Correct solution
(w = 13) Building and Solving
[runlim] sample:		78.9 time, 50.1 real, 303.8 MB
Value Cyclic-Antibandwidth: 13
Labels: [95, 91, 71, 66, 67, 48, 93, 42, 75, 17, 79, 97, 24, 65, 52, 87, 40, 34, 32, 50, 12, 60, 18, 83, 13, 74, 61, 44, 30, 86, 6, 88, 76, 84, 43, 94, 89, 98, 54, 5, 90, 49, 68, 69, 22, 81, 28, 72, 29, 64, 31, 46, 59, 11, 37, 27, 23, 82, 8, 57, 41, 19, 2, 7, 21, 63, 16, 36, 26, 3, 38, 78, 25, 85, 20, 58, 9, 53, 45, 92, 100, 15, 80, 99, 77, 70, 47, 96, 62, 33, 1, 10, 4, 56, 39, 55, 35, 73, 51, 14]
Correct solution
(w = 14) Building and Solving
[runlim] sample:		98.9 time, 60.1 real, 307.8 MB
Value Cyclic-Antibandwidth: 14
Labels: [18, 95, 21, 92, 87, 42, 33, 64, 68, 67, 90, 30, 83, 59, 76, 10, 1, 70, 66, 71, 62, 17, 11, 7, 5, 96, 50, 81, 91, 25, 98, 27, 26, 69, 82, 47, 45, 46, 20, 4, 85, 93, 31, 84, 36, 13, 41, 9, 23, 32, 77, 80, 58, 63, 22, 55, 3, 37, 14, 48, 6, 56, 39, 8, 35, 88, 15, 79, 61, 60, 74, 44, 75, 28, 16, 97, 19, 53, 100, 24, 99, 89, 86, 54, 40, 94, 72, 49, 12, 73, 51, 65, 2, 38, 78, 43, 34, 29, 52, 57]
Correct solution
(w = 15) Building and Solving
[runlim] sample:		116.8 time, 70.1 real, 338.2 MB
[runlim] sample:		131.4 time, 80.1 real, 490.9 MB
[runlim] sample:		185.5 time, 90.1 real, 798.2 MB
[runlim] sample:		215.4 time, 100.1 real, 1068.1 MB
[runlim] sample:		245.4 time, 110.1 real, 1088.7 MB
[runlim] sample:		275.4 time, 120.1 real, 1094.6 MB
[runlim] sample:		305.4 time, 130.1 real, 1134.7 MB
[runlim] sample:		335.4 time, 140.1 real, 1139.5 MB
[runlim] sample:		365.4 time, 150.1 real, 1140.0 MB
[runlim] sample:		395.4 time, 160.1 real, 1145.3 MB
[runlim] sample:		425.4 time, 170.1 real, 1148.4 MB
[runlim] sample:		455.4 time, 180.1 real, 1148.4 MB
[runlim] sample:		485.4 time, 190.1 real, 1148.4 MB
[runlim] sample:		515.4 time, 200.1 real, 1154.2 MB
[runlim] sample:		545.4 time, 210.1 real, 1154.2 MB
[runlim] sample:		575.4 time, 220.1 real, 1154.2 MB
[runlim] sample:		605.4 time, 230.1 real, 1154.2 MB
Value Cyclic-Antibandwidth: 15
Labels: [77, 55, 9, 61, 63, 84, 23, 92, 38, 3, 43, 35, 58, 6, 96, 29, 24, 95, 83, 14, 1, 80, 86, 17, 94, 45, 57, 85, 48, 71, 46, 10, 20, 62, 13, 27, 21, 11, 18, 59, 36, 47, 66, 69, 19, 25, 28, 68, 15, 64, 99, 97, 73, 87, 4, 90, 42, 33, 26, 67, 91, 37, 31, 81, 98, 76, 100, 72, 39, 44, 2, 75, 7, 22, 12, 60, 8, 53, 54, 41, 49, 50, 52, 40, 34, 51, 93, 32, 74, 5, 78, 89, 56, 70, 16, 65, 82, 30, 88, 79]
Correct solution
(w = 16) Building and Solving
[runlim] sample:		630.5 time, 240.1 real, 735.2 MB
[runlim] sample:		644.7 time, 250.1 real, 744.0 MB
[runlim] sample:		698.8 time, 260.1 real, 966.4 MB
[runlim] sample:		728.8 time, 270.1 real, 1055.4 MB
[runlim] sample:		758.8 time, 280.1 real, 1055.4 MB
[runlim] sample:		788.8 time, 290.1 real, 1055.4 MB
[runlim] sample:		818.8 time, 300.1 real, 1055.9 MB
[runlim] sample:		848.8 time, 310.1 real, 1059.0 MB
[runlim] sample:		878.8 time, 320.1 real, 1059.0 MB
[runlim] sample:		908.8 time, 330.1 real, 1012.0 MB
[runlim] sample:		938.7 time, 340.1 real, 1023.6 MB
[runlim] sample:		968.7 time, 350.1 real, 1025.6 MB
[runlim] sample:		998.7 time, 360.1 real, 1027.6 MB
[runlim] sample:		1028.7 time, 370.1 real, 1027.6 MB
[runlim] sample:		1058.7 time, 380.1 real, 1029.6 MB
[runlim] sample:		1088.7 time, 390.1 real, 1029.6 MB
[runlim] sample:		1118.7 time, 400.1 real, 1029.6 MB
[runlim] sample:		1148.7 time, 410.1 real, 1029.6 MB
[runlim] sample:		1178.7 time, 420.1 real, 1029.6 MB
[runlim] sample:		1208.7 time, 430.1 real, 1031.1 MB
[runlim] sample:		1238.7 time, 440.1 real, 1031.1 MB
[runlim] sample:		1268.7 time, 450.1 real, 1031.4 MB
[runlim] sample:		1298.7 time, 460.1 real, 1031.4 MB
[runlim] sample:		1328.7 time, 470.1 real, 1031.4 MB
[runlim] sample:		1358.7 time, 480.1 real, 1031.4 MB
[runlim] sample:		1388.7 time, 490.1 real, 1031.4 MB
[runlim] sample:		1418.7 time, 500.1 real, 1031.4 MB
[runlim] sample:		1448.7 time, 510.1 real, 1031.4 MB
[runlim] sample:		1478.7 time, 520.1 real, 1033.7 MB
[runlim] sample:		1508.7 time, 530.1 real, 1034.3 MB
[runlim] sample:		1538.7 time, 540.1 real, 1034.3 MB
[runlim] sample:		1568.7 time, 550.1 real, 1034.5 MB
[runlim] sample:		1598.7 time, 560.1 real, 1034.5 MB
[runlim] sample:		1628.7 time, 570.1 real, 1154.3 MB
[runlim] sample:		1658.7 time, 580.1 real, 1222.6 MB
[runlim] sample:		1688.7 time, 590.1 real, 1222.6 MB
[runlim] sample:		1718.7 time, 600.1 real, 1226.9 MB
[runlim] sample:		1748.7 time, 610.1 real, 1226.9 MB
[runlim] sample:		1778.7 time, 620.1 real, 1248.9 MB
[runlim] sample:		1808.7 time, 630.1 real, 1248.9 MB
[runlim] sample:		1838.7 time, 640.1 real, 1252.7 MB
[runlim] sample:		1868.7 time, 650.1 real, 1252.7 MB
[runlim] sample:		1898.7 time, 660.1 real, 1254.5 MB
[runlim] sample:		1928.7 time, 670.1 real, 1255.3 MB
[runlim] sample:		1958.7 time, 680.1 real, 1255.3 MB
[runlim] sample:		1988.7 time, 690.1 real, 1255.3 MB
[runlim] sample:		2018.7 time, 700.1 real, 1255.3 MB
[runlim] sample:		2048.7 time, 710.1 real, 1255.3 MB
[runlim] sample:		2078.7 time, 720.1 real, 1255.3 MB
[runlim] sample:		2108.7 time, 730.1 real, 1255.3 MB
[runlim] sample:		2138.7 time, 740.1 real, 1255.9 MB
[runlim] sample:		2168.7 time, 750.1 real, 1255.9 MB
[runlim] sample:		2198.7 time, 760.1 real, 1255.9 MB
[runlim] sample:		2228.7 time, 770.1 real, 1255.9 MB
[runlim] sample:		2258.7 time, 780.1 real, 1255.9 MB
[runlim] sample:		2288.7 time, 790.1 real, 1255.9 MB
[runlim] sample:		2318.7 time, 800.1 real, 1255.9 MB
[runlim] sample:		2348.7 time, 810.1 real, 1255.9 MB
[runlim] sample:		2378.7 time, 820.1 real, 1255.9 MB
[runlim] sample:		2408.7 time, 830.1 real, 1255.9 MB
[runlim] sample:		2438.7 time, 840.1 real, 1255.9 MB
[runlim] sample:		2468.7 time, 850.1 real, 1255.9 MB
[runlim] sample:		2498.7 time, 860.1 real, 1255.9 MB
[runlim] sample:		2528.7 time, 870.1 real, 1255.9 MB
[runlim] sample:		2558.7 time, 880.1 real, 1256.2 MB
[runlim] sample:		2588.7 time, 890.1 real, 1256.2 MB
[runlim] sample:		2618.7 time, 900.1 real, 1257.7 MB
[runlim] sample:		2648.7 time, 910.1 real, 1257.7 MB
[runlim] sample:		2678.7 time, 920.1 real, 1257.7 MB
[runlim] sample:		2708.7 time, 930.1 real, 1257.7 MB
[runlim] sample:		2738.7 time, 940.1 real, 1258.7 MB
[runlim] sample:		2768.7 time, 950.1 real, 1260.1 MB
[runlim] sample:		2798.7 time, 960.1 real, 1260.1 MB
[runlim] sample:		2828.7 time, 970.1 real, 1262.0 MB
[runlim] sample:		2858.7 time, 980.1 real, 1262.0 MB
[runlim] sample:		2888.7 time, 990.1 real, 1262.0 MB
[runlim] sample:		2918.7 time, 1000.1 real, 1262.0 MB
[runlim] sample:		2948.7 time, 1010.1 real, 1263.8 MB
[runlim] sample:		2978.7 time, 1020.1 real, 1263.8 MB
[runlim] sample:		3008.7 time, 1030.1 real, 1264.2 MB
[runlim] sample:		3038.7 time, 1040.1 real, 1264.2 MB
[runlim] sample:		3068.7 time, 1050.1 real, 1264.2 MB
[runlim] sample:		3098.7 time, 1060.1 real, 1264.2 MB
[runlim] sample:		3128.7 time, 1070.1 real, 1264.2 MB
[runlim] sample:		3158.7 time, 1080.1 real, 1264.2 MB
[runlim] sample:		3188.7 time, 1090.1 real, 1264.2 MB
[runlim] sample:		3218.7 time, 1100.1 real, 1264.2 MB
[runlim] sample:		3248.7 time, 1110.1 real, 1264.2 MB
[runlim] sample:		3278.7 time, 1120.1 real, 1264.2 MB
[runlim] sample:		3308.7 time, 1130.1 real, 1264.2 MB
[runlim] sample:		3338.7 time, 1140.1 real, 1264.2 MB
[runlim] sample:		3368.7 time, 1150.1 real, 1264.2 MB
[runlim] sample:		3398.7 time, 1160.1 real, 1264.2 MB
[runlim] sample:		3428.6 time, 1170.1 real, 1264.2 MB
[runlim] sample:		3458.6 time, 1180.1 real, 1264.2 MB
[runlim] sample:		3488.6 time, 1190.1 real, 1264.2 MB
[runlim] sample:		3518.6 time, 1200.1 real, 1264.2 MB
[runlim] sample:		3548.7 time, 1210.1 real, 1264.2 MB
[runlim] sample:		3578.7 time, 1220.1 real, 1264.2 MB
[runlim] sample:		3608.6 time, 1230.1 real, 1264.2 MB
[runlim] sample:		3638.6 time, 1240.1 real, 1264.2 MB
[runlim] sample:		3668.6 time, 1250.1 real, 1264.2 MB
[runlim] sample:		3698.6 time, 1260.1 real, 1264.2 MB
[runlim] sample:		3728.6 time, 1270.1 real, 1264.2 MB
[runlim] sample:		3758.6 time, 1280.1 real, 1264.2 MB
[runlim] sample:		3788.6 time, 1290.1 real, 1264.2 MB
[runlim] sample:		3818.6 time, 1300.1 real, 1264.2 MB
[runlim] sample:		3848.6 time, 1310.1 real, 1264.2 MB
[runlim] sample:		3878.6 time, 1320.1 real, 1264.2 MB
[runlim] sample:		3908.6 time, 1330.1 real, 1264.2 MB
[runlim] sample:		3938.6 time, 1340.1 real, 1264.2 MB
[runlim] sample:		3968.6 time, 1350.1 real, 1264.2 MB
[runlim] sample:		3998.6 time, 1360.1 real, 1264.2 MB
[runlim] sample:		4028.6 time, 1370.1 real, 1264.2 MB
[runlim] sample:		4058.6 time, 1380.1 real, 1264.2 MB
[runlim] sample:		4088.6 time, 1390.1 real, 1264.2 MB
[runlim] sample:		4118.6 time, 1400.1 real, 1264.2 MB
[runlim] sample:		4148.6 time, 1410.1 real, 1264.2 MB
[runlim] sample:		4178.6 time, 1420.1 real, 1264.2 MB
[runlim] sample:		4208.6 time, 1430.1 real, 1264.2 MB
[runlim] sample:		4238.6 time, 1440.1 real, 1264.2 MB
[runlim] sample:		4268.6 time, 1450.1 real, 1264.2 MB
[runlim] sample:		4298.6 time, 1460.1 real, 1264.2 MB
[runlim] sample:		4328.6 time, 1470.1 real, 1264.2 MB
[runlim] sample:		4358.6 time, 1480.1 real, 1264.2 MB
[runlim] sample:		4388.6 time, 1490.1 real, 1264.2 MB
[runlim] sample:		4418.6 time, 1500.1 real, 1264.2 MB
[runlim] sample:		4448.6 time, 1510.1 real, 1264.2 MB
[runlim] sample:		4478.6 time, 1520.1 real, 1264.2 MB
[runlim] sample:		4508.6 time, 1530.1 real, 1264.2 MB
[runlim] sample:		4538.6 time, 1540.1 real, 1264.2 MB
[runlim] sample:		4568.6 time, 1550.1 real, 1264.2 MB
[runlim] sample:		4598.6 time, 1560.1 real, 1264.2 MB
[runlim] sample:		4628.6 time, 1570.1 real, 1264.2 MB
[runlim] sample:		4658.6 time, 1580.1 real, 1264.2 MB
[runlim] sample:		4688.6 time, 1590.1 real, 1264.2 MB
[runlim] sample:		4718.6 time, 1600.1 real, 1264.2 MB
[runlim] sample:		4748.6 time, 1610.1 real, 1264.2 MB
[runlim] sample:		4778.6 time, 1620.1 real, 1264.2 MB
[runlim] sample:		4808.6 time, 1630.1 real, 1264.2 MB
[runlim] sample:		4838.6 time, 1640.1 real, 1274.0 MB
[runlim] sample:		4868.6 time, 1650.1 real, 1274.5 MB
[runlim] sample:		4898.6 time, 1660.1 real, 1274.5 MB
[runlim] sample:		4928.6 time, 1670.1 real, 1274.5 MB
[runlim] sample:		4958.6 time, 1680.1 real, 1274.5 MB
[runlim] sample:		4988.6 time, 1690.1 real, 1274.5 MB
[runlim] sample:		5018.6 time, 1700.1 real, 1274.5 MB
[runlim] sample:		5048.6 time, 1710.1 real, 1274.5 MB
[runlim] sample:		5078.6 time, 1720.1 real, 1274.5 MB
[runlim] sample:		5108.6 time, 1730.1 real, 1274.5 MB
[runlim] sample:		5138.6 time, 1740.1 real, 1274.5 MB
[runlim] sample:		5168.6 time, 1750.1 real, 1274.5 MB
[runlim] sample:		5198.6 time, 1760.1 real, 1274.5 MB
[runlim] sample:		5228.6 time, 1770.1 real, 1274.5 MB
[runlim] sample:		5258.6 time, 1780.1 real, 1274.5 MB
[runlim] sample:		5288.6 time, 1790.1 real, 1274.5 MB
[runlim] sample:		5318.6 time, 1800.1 real, 1274.5 MB
[runlim] end:			Tue Nov 11 19:11:18 2025
[runlim] status:		out of time
[runlim] result:		2
[runlim] children:		0
[runlim] real:			1800.07 seconds
[runlim] time:			5318.60 seconds
[runlim] space:			1274.5 MB
[runlim] samples:		18000
