[runlim] version:		1.10
[runlim] time limit:		311040000 seconds
[runlim] real time limit:	1800 seconds
[runlim] space limit:		30000 MB
[runlim] argv[0]:		python3
[runlim] argv[1]:		model_MIP_CPLEX.py
[runlim] argv[2]:		./graph/random_generated_graph_2013/p1_100_200
[runlim] start:			Tue Nov 11 10:11:18 2025
[runlim] main pid:		11235
[runlim] log captured:
(w = 4) Building and Solving
Value Cyclic-Antibandwidth: 4
Labels: [42, 74, 20, 95, 87, 84, 17, 13, 93, 45, 82, 44, 88, 51, 35, 22, 47, 38, 67, 55, 30, 29, 6, 89, 19, 10, 86, 62, 50, 83, 48, 90, 79, 21, 97, 85, 1, 5, 32, 52, 81, 26, 96, 16, 63, 73, 2, 57, 60, 7, 92, 27, 15, 80, 40, 8, 37, 68, 72, 69, 65, 25, 24, 14, 98, 11, 56, 4, 76, 99, 31, 59, 34, 53, 77, 33, 43, 18, 91, 9, 12, 58, 28, 41, 46, 100, 94, 64, 66, 3, 36, 75, 78, 23, 70, 39, 71, 61, 54, 49]
Correct solution
(w = 5) Building and Solving
Value Cyclic-Antibandwidth: 5
Labels: [42, 92, 20, 95, 87, 84, 17, 13, 93, 4, 12, 44, 88, 51, 35, 22, 29, 38, 67, 83, 30, 49, 19, 89, 47, 10, 86, 62, 53, 27, 66, 90, 82, 21, 2, 85, 1, 5, 32, 52, 81, 34, 96, 55, 63, 73, 48, 57, 60, 79, 26, 97, 15, 50, 40, 8, 37, 68, 72, 69, 65, 25, 24, 14, 98, 11, 56, 16, 80, 99, 31, 59, 6, 74, 77, 33, 43, 18, 91, 9, 45, 58, 28, 41, 76, 100, 94, 64, 46, 3, 36, 75, 78, 23, 70, 39, 71, 61, 54, 7]
Correct solution
(w = 6) Building and Solving
Value Cyclic-Antibandwidth: 6
Labels: [42, 92, 20, 95, 87, 84, 68, 19, 93, 4, 12, 44, 88, 51, 35, 22, 71, 38, 67, 83, 30, 29, 49, 89, 47, 10, 86, 62, 76, 27, 66, 90, 63, 50, 2, 85, 1, 5, 32, 18, 81, 34, 96, 55, 75, 73, 48, 57, 21, 79, 26, 23, 15, 53, 40, 8, 37, 52, 72, 69, 97, 25, 24, 14, 98, 11, 56, 16, 80, 17, 31, 59, 6, 74, 77, 33, 43, 64, 91, 9, 45, 58, 28, 41, 82, 100, 94, 99, 46, 3, 36, 13, 78, 65, 70, 39, 60, 61, 54, 7]
Correct solution
(w = 7) Building and Solving
Value Cyclic-Antibandwidth: 7
Labels: [4, 93, 19, 29, 71, 78, 83, 100, 42, 88, 84, 45, 87, 60, 37, 91, 30, 99, 63, 1, 7, 73, 97, 81, 16, 94, 41, 68, 38, 31, 32, 77, 24, 40, 52, 58, 86, 25, 48, 23, 35, 2, 69, 92, 11, 95, 56, 15, 55, 80, 66, 53, 61, 74, 59, 13, 67, 46, 10, 98, 9, 72, 18, 82, 49, 36, 22, 70, 57, 51, 8, 96, 27, 14, 47, 28, 39, 76, 6, 21, 26, 12, 34, 54, 44, 65, 5, 20, 17, 79, 64, 62, 90, 89, 85, 33, 50, 75, 3, 43]
Correct solution
(w = 8) Building and Solving
Value Cyclic-Antibandwidth: 8
Labels: [25, 24, 10, 29, 82, 99, 68, 20, 92, 66, 30, 59, 43, 14, 52, 39, 100, 5, 79, 7, 27, 31, 74, 55, 33, 91, 49, 35, 86, 56, 47, 98, 60, 88, 69, 58, 70, 13, 9, 22, 96, 57, 28, 73, 65, 36, 62, 32, 77, 23, 19, 83, 44, 63, 87, 61, 12, 41, 54, 40, 53, 16, 75, 4, 84, 2, 18, 64, 34, 71, 1, 80, 37, 93, 46, 45, 97, 94, 48, 89, 95, 15, 50, 26, 72, 17, 85, 67, 3, 51, 6, 76, 42, 11, 90, 38, 21, 81, 8, 78]
Correct solution
(w = 9) Building and Solving
Value Cyclic-Antibandwidth: 9
Labels: [25, 24, 10, 29, 82, 99, 68, 20, 85, 66, 30, 59, 43, 14, 52, 39, 100, 5, 79, 7, 27, 31, 36, 55, 33, 91, 49, 35, 86, 56, 47, 98, 60, 88, 69, 58, 70, 13, 9, 22, 96, 57, 28, 73, 65, 23, 62, 32, 77, 92, 19, 83, 74, 63, 87, 61, 12, 41, 54, 40, 53, 16, 75, 4, 84, 2, 18, 67, 34, 71, 1, 80, 37, 93, 46, 45, 97, 6, 48, 89, 95, 15, 50, 26, 72, 17, 94, 44, 3, 51, 64, 76, 42, 11, 90, 38, 21, 81, 8, 78]
Correct solution
(w = 10) Building and Solving
Value Cyclic-Antibandwidth: 10
Labels: [25, 24, 10, 29, 82, 99, 75, 20, 85, 66, 30, 59, 43, 64, 52, 39, 100, 5, 79, 7, 27, 31, 47, 44, 33, 91, 49, 35, 86, 14, 46, 98, 60, 50, 69, 58, 70, 13, 9, 22, 96, 57, 28, 73, 65, 42, 62, 32, 77, 55, 19, 83, 74, 63, 87, 61, 12, 41, 54, 40, 53, 16, 23, 4, 84, 2, 18, 68, 34, 71, 1, 80, 37, 93, 56, 45, 97, 88, 48, 89, 95, 15, 92, 26, 72, 17, 94, 67, 3, 51, 6, 76, 36, 11, 90, 38, 21, 81, 8, 78]
Correct solution
(w = 11) Building and Solving
Value Cyclic-Antibandwidth: 11
Labels: [25, 24, 10, 29, 82, 99, 75, 20, 85, 66, 30, 59, 43, 67, 52, 39, 100, 5, 79, 7, 27, 31, 74, 44, 33, 91, 49, 35, 86, 6, 46, 98, 60, 50, 69, 53, 70, 13, 9, 22, 96, 57, 28, 73, 65, 42, 62, 2, 77, 1, 19, 14, 64, 63, 87, 61, 12, 41, 54, 40, 47, 16, 23, 4, 84, 94, 18, 68, 34, 71, 32, 80, 37, 93, 56, 45, 97, 36, 48, 89, 95, 15, 92, 26, 72, 17, 88, 83, 3, 51, 55, 58, 76, 11, 90, 38, 21, 81, 8, 78]
Correct solution
(w = 12) Building and Solving
Value Cyclic-Antibandwidth: 12
Labels: [25, 24, 10, 29, 82, 99, 75, 20, 70, 66, 30, 59, 43, 67, 52, 39, 100, 5, 79, 7, 27, 31, 74, 44, 33, 91, 49, 35, 86, 8, 46, 98, 60, 50, 69, 53, 36, 13, 9, 22, 96, 57, 28, 73, 65, 42, 62, 2, 77, 1, 19, 14, 64, 63, 87, 61, 12, 41, 54, 68, 48, 16, 23, 4, 84, 83, 18, 85, 34, 71, 32, 80, 37, 93, 56, 45, 97, 40, 6, 89, 95, 15, 92, 26, 72, 17, 94, 88, 3, 51, 55, 58, 76, 11, 90, 38, 21, 81, 47, 78]
Correct solution
(w = 13) Building and Solving
Value Cyclic-Antibandwidth: 13
Labels: [25, 24, 10, 29, 82, 99, 75, 20, 70, 66, 30, 59, 43, 88, 52, 39, 100, 5, 79, 7, 27, 31, 47, 72, 33, 91, 49, 35, 86, 6, 46, 98, 60, 50, 69, 77, 36, 13, 9, 22, 96, 57, 28, 73, 65, 42, 62, 2, 8, 1, 19, 14, 67, 63, 80, 61, 87, 41, 54, 55, 48, 16, 23, 4, 84, 12, 18, 68, 34, 71, 32, 83, 37, 93, 56, 45, 97, 94, 40, 89, 95, 15, 92, 26, 44, 17, 85, 74, 3, 51, 64, 58, 76, 11, 90, 38, 21, 81, 53, 78]
Correct solution
(w = 14) Building and Solving
[runlim] sample:		12.5 time, 10.2 real, 144.1 MB
Value Cyclic-Antibandwidth: 14
Labels: [25, 24, 10, 29, 82, 99, 75, 20, 92, 66, 74, 59, 43, 88, 52, 39, 55, 5, 79, 7, 27, 31, 44, 72, 33, 91, 49, 35, 86, 76, 46, 98, 60, 50, 69, 77, 30, 13, 9, 22, 96, 57, 28, 73, 65, 42, 62, 2, 36, 1, 19, 14, 67, 63, 80, 61, 87, 41, 54, 48, 53, 16, 23, 4, 84, 12, 18, 68, 34, 71, 32, 83, 37, 93, 56, 45, 97, 94, 40, 89, 95, 15, 6, 26, 8, 17, 85, 70, 3, 51, 64, 58, 100, 11, 90, 38, 21, 81, 47, 78]
Correct solution
(w = 15) Building and Solving
Value Cyclic-Antibandwidth: 15
Labels: [16, 99, 100, 2, 70, 74, 7, 89, 4, 63, 66, 40, 10, 1, 54, 12, 3, 17, 67, 80, 8, 21, 97, 65, 33, 6, 11, 46, 18, 43, 36, 42, 22, 19, 30, 31, 72, 47, 45, 25, 34, 35, 14, 50, 26, 15, 23, 29, 37, 44, 32, 68, 92, 51, 52, 28, 57, 58, 27, 59, 53, 60, 56, 76, 39, 41, 73, 64, 83, 69, 91, 20, 62, 61, 96, 78, 38, 98, 79, 93, 55, 85, 86, 24, 87, 81, 77, 88, 48, 75, 90, 49, 5, 84, 71, 94, 82, 95, 9, 13]
Correct solution
(w = 16) Building and Solving
Value Cyclic-Antibandwidth: 16
Labels: [6, 100, 19, 80, 45, 90, 83, 5, 48, 12, 15, 35, 2, 56, 22, 8, 42, 43, 84, 36, 7, 24, 13, 14, 33, 57, 4, 94, 50, 16, 40, 37, 41, 32, 44, 28, 63, 20, 34, 27, 39, 11, 3, 69, 49, 51, 53, 23, 59, 47, 26, 21, 38, 62, 70, 55, 18, 65, 31, 1, 66, 71, 72, 73, 17, 29, 67, 52, 58, 64, 99, 74, 60, 77, 98, 78, 79, 46, 93, 82, 25, 85, 75, 96, 87, 91, 76, 88, 89, 9, 86, 30, 92, 97, 61, 10, 81, 95, 54, 68]
Correct solution
(w = 17) Building and Solving
Value Cyclic-Antibandwidth: 17
Labels: [20, 85, 38, 34, 62, 80, 10, 26, 74, 78, 76, 50, 72, 63, 42, 44, 79, 28, 91, 53, 61, 6, 96, 1, 71, 67, 90, 31, 46, 5, 23, 9, 77, 55, 68, 99, 32, 93, 47, 33, 22, 35, 75, 64, 94, 27, 59, 49, 57, 15, 56, 29, 70, 98, 58, 4, 36, 48, 21, 81, 97, 41, 95, 7, 12, 11, 16, 65, 54, 86, 92, 25, 39, 87, 45, 88, 100, 60, 19, 37, 30, 66, 13, 18, 51, 40, 17, 2, 43, 84, 83, 82, 14, 73, 8, 24, 69, 89, 52, 3]
Correct solution
(w = 18) Building and Solving
[runlim] sample:		26.8 time, 20.2 real, 180.9 MB
Value Cyclic-Antibandwidth: 18
Labels: [84, 99, 87, 8, 28, 90, 98, 100, 49, 34, 18, 15, 24, 72, 36, 6, 9, 10, 25, 12, 31, 27, 14, 53, 23, 1, 16, 7, 48, 26, 19, 41, 42, 45, 44, 38, 43, 30, 37, 2, 22, 67, 56, 51, 29, 61, 59, 21, 70, 62, 63, 11, 78, 47, 65, 68, 52, 74, 54, 58, 46, 40, 97, 71, 20, 13, 39, 35, 5, 66, 75, 55, 76, 64, 93, 80, 95, 91, 82, 83, 50, 85, 86, 96, 69, 81, 33, 88, 89, 32, 4, 73, 92, 77, 17, 94, 79, 3, 60, 57]
Correct solution
(w = 19) Building and Solving
Value Cyclic-Antibandwidth: 19
Labels: [44, 99, 100, 76, 34, 77, 59, 55, 3, 13, 16, 14, 10, 12, 31, 19, 23, 24, 40, 1, 26, 46, 63, 56, 30, 6, 8, 39, 42, 41, 69, 49, 25, 9, 21, 11, 47, 83, 27, 73, 28, 58, 72, 78, 60, 5, 29, 4, 97, 43, 81, 17, 2, 45, 22, 75, 74, 71, 70, 54, 53, 48, 88, 98, 61, 90, 67, 18, 96, 66, 37, 52, 93, 64, 79, 50, 38, 32, 33, 80, 84, 85, 86, 82, 87, 7, 35, 51, 89, 65, 94, 91, 92, 15, 20, 68, 36, 95, 57, 62]
Correct solution
(w = 20) Building and Solving
Value Cyclic-Antibandwidth: 20
Labels: [21, 13, 17, 95, 23, 69, 89, 71, 22, 61, 80, 43, 39, 64, 11, 16, 66, 86, 52, 58, 72, 88, 82, 25, 97, 94, 53, 31, 37, 46, 73, 42, 33, 15, 67, 5, 90, 62, 27, 19, 99, 96, 78, 55, 34, 51, 87, 10, 54, 57, 81, 12, 38, 65, 18, 32, 9, 24, 20, 48, 63, 77, 85, 91, 7, 1, 28, 70, 40, 83, 50, 6, 44, 4, 49, 36, 100, 35, 79, 14, 92, 29, 8, 2, 98, 26, 74, 45, 84, 30, 59, 3, 56, 41, 75, 47, 93, 68, 60, 76]
Correct solution
(w = 21) Building and Solving
[runlim] sample:		40.8 time, 30.2 real, 213.9 MB
Value Cyclic-Antibandwidth: 21
Labels: [19, 58, 40, 98, 85, 75, 83, 70, 48, 38, 52, 8, 55, 71, 14, 54, 91, 90, 66, 15, 80, 69, 96, 46, 33, 89, 79, 12, 57, 21, 28, 31, 37, 97, 99, 7, 32, 17, 26, 76, 2, 95, 56, 41, 30, 53, 84, 3, 65, 93, 5, 9, 47, 18, 25, 42, 27, 43, 22, 36, 20, 23, 35, 81, 10, 1, 94, 72, 74, 60, 50, 51, 62, 4, 13, 29, 100, 39, 59, 11, 77, 34, 67, 24, 63, 92, 88, 49, 86, 44, 64, 16, 82, 45, 87, 78, 6, 61, 73, 68]
Correct solution
(w = 22) Building and Solving
Value Cyclic-Antibandwidth: 22
Labels: [75, 99, 19, 50, 66, 56, 3, 5, 59, 53, 10, 40, 18, 2, 34, 32, 15, 100, 54, 24, 9, 84, 92, 74, 26, 1, 83, 27, 64, 36, 8, 91, 47, 13, 55, 28, 16, 29, 39, 67, 45, 98, 63, 97, 21, 17, 42, 49, 7, 60, 48, 44, 96, 77, 90, 71, 41, 68, 33, 6, 22, 70, 72, 93, 20, 31, 51, 11, 76, 25, 78, 12, 79, 61, 38, 81, 88, 52, 4, 58, 95, 85, 80, 37, 87, 69, 46, 82, 89, 57, 23, 86, 35, 62, 30, 94, 43, 73, 65, 14]
Correct solution
(w = 23) Building and Solving
[runlim] sample:		54.7 time, 40.2 real, 322.8 MB
Value Cyclic-Antibandwidth: 23
Labels: [41, 10, 66, 6, 73, 8, 82, 87, 72, 39, 81, 100, 61, 11, 54, 71, 53, 62, 16, 43, 28, 99, 91, 92, 18, 75, 79, 65, 64, 48, 67, 14, 55, 74, 12, 40, 31, 9, 46, 98, 60, 33, 88, 13, 78, 70, 83, 58, 80, 32, 47, 51, 84, 38, 49, 26, 29, 25, 34, 63, 17, 30, 76, 97, 35, 86, 42, 69, 2, 15, 5, 77, 7, 1, 50, 27, 24, 68, 45, 56, 3, 90, 23, 21, 22, 44, 37, 4, 95, 36, 96, 94, 93, 59, 57, 85, 19, 89, 52, 20]
Correct solution
(w = 24) Building and Solving
Value Cyclic-Antibandwidth: 24
Labels: [22, 51, 75, 31, 86, 83, 90, 18, 82, 59, 2, 9, 63, 92, 57, 50, 58, 10, 100, 47, 79, 33, 65, 95, 14, 89, 71, 38, 29, 17, 96, 1, 25, 46, 6, 12, 41, 55, 13, 19, 67, 8, 72, 97, 56, 87, 77, 94, 76, 21, 43, 27, 99, 39, 53, 93, 34, 91, 32, 60, 48, 24, 66, 5, 36, 16, 11, 98, 84, 35, 62, 37, 74, 80, 61, 45, 28, 78, 44, 4, 7, 70, 85, 26, 81, 49, 30, 3, 88, 40, 42, 54, 64, 73, 15, 68, 23, 69, 52, 20]
Correct solution
(w = 25) Building and Solving
Value Cyclic-Antibandwidth: 25
Labels: [17, 57, 28, 42, 98, 22, 30, 79, 26, 36, 68, 13, 86, 71, 97, 14, 78, 91, 93, 33, 84, 52, 82, 94, 58, 75, 3, 16, 31, 1, 44, 61, 18, 47, 87, 37, 63, 99, 43, 49, 23, 66, 80, 70, 96, 5, 19, 25, 76, 53, 74, 35, 27, 54, 60, 6, 51, 48, 40, 77, 34, 85, 39, 62, 64, 9, 32, 72, 11, 67, 100, 81, 65, 92, 24, 83, 41, 4, 38, 29, 21, 7, 45, 55, 50, 8, 2, 10, 88, 46, 73, 59, 20, 89, 90, 12, 69, 15, 95, 56]
Correct solution
(w = 26) Building and Solving
[runlim] sample:		69.7 time, 50.2 real, 230.1 MB
Value Cyclic-Antibandwidth: 26
Labels: [48, 98, 95, 45, 67, 56, 68, 64, 58, 52, 94, 46, 51, 85, 30, 49, 35, 96, 38, 23, 54, 5, 80, 61, 26, 77, 93, 59, 40, 27, 55, 6, 47, 83, 18, 31, 19, 14, 32, 99, 88, 28, 60, 17, 36, 91, 69, 90, 13, 1, 65, 63, 78, 29, 100, 10, 79, 62, 39, 73, 33, 37, 12, 86, 43, 11, 57, 76, 72, 25, 16, 2, 92, 66, 34, 41, 20, 71, 8, 22, 3, 70, 7, 24, 81, 84, 44, 9, 82, 42, 15, 97, 74, 75, 53, 87, 4, 89, 50, 21]
Correct solution
(w = 27) Building and Solving
Value Cyclic-Antibandwidth: 27
Labels: [31, 32, 98, 8, 61, 95, 75, 39, 58, 46, 83, 87, 44, 79, 42, 68, 34, 92, 33, 22, 36, 99, 93, 86, 97, 69, 78, 48, 56, 1, 89, 19, 60, 63, 94, 24, 30, 25, 26, 6, 45, 20, 66, 2, 47, 91, 82, 80, 13, 17, 38, 74, 81, 41, 52, 3, 77, 73, 35, 76, 28, 11, 43, 10, 12, 9, 71, 67, 88, 37, 40, 59, 96, 85, 29, 53, 23, 64, 51, 5, 14, 70, 15, 27, 16, 55, 49, 4, 90, 50, 7, 100, 84, 72, 65, 62, 18, 57, 54, 21]
Correct solution
(w = 28) Building and Solving
[runlim] sample:		86.0 time, 60.2 real, 248.5 MB
Value Cyclic-Antibandwidth: 28
Labels: [6, 74, 91, 17, 72, 64, 79, 35, 90, 52, 86, 53, 47, 76, 29, 9, 27, 80, 40, 16, 85, 56, 68, 65, 59, 83, 94, 31, 2, 34, 61, 69, 39, 93, 18, 11, 25, 38, 30, 10, 12, 22, 82, 45, 41, 67, 5, 87, 70, 37, 28, 97, 89, 32, 33, 63, 98, 78, 15, 51, 36, 60, 7, 66, 55, 14, 88, 58, 62, 46, 26, 95, 50, 71, 24, 49, 20, 77, 1, 23, 13, 4, 96, 21, 75, 100, 19, 57, 81, 42, 44, 48, 3, 84, 8, 73, 99, 92, 54, 43]
Correct solution
(w = 29) Building and Solving
[runlim] sample:		102.2 time, 70.2 real, 293.2 MB
Value Cyclic-Antibandwidth: 29
Labels: [69, 54, 51, 60, 24, 12, 20, 72, 48, 19, 40, 15, 38, 36, 83, 23, 73, 42, 6, 61, 10, 3, 50, 18, 90, 31, 35, 92, 21, 100, 5, 58, 13, 71, 4, 97, 75, 89, 1, 91, 59, 82, 32, 22, 34, 44, 25, 33, 56, 86, 99, 93, 46, 8, 43, 37, 2, 29, 87, 26, 84, 14, 67, 53, 96, 66, 27, 17, 16, 85, 62, 45, 55, 30, 74, 95, 80, 28, 77, 81, 76, 49, 63, 79, 57, 52, 94, 41, 68, 7, 88, 65, 78, 47, 11, 64, 70, 39, 9, 98]
Correct solution
(w = 30) Building and Solving
[runlim] sample:		144.8 time, 80.2 real, 260.8 MB
Value Cyclic-Antibandwidth: 30
Labels: [55, 100, 85, 68, 98, 15, 14, 46, 84, 23, 89, 26, 93, 96, 47, 53, 65, 81, 24, 69, 29, 22, 91, 20, 34, 4, 16, 35, 21, 37, 13, 1, 25, 67, 48, 45, 59, 51, 50, 44, 76, 49, 9, 6, 3, 99, 70, 2, 88, 8, 63, 42, 86, 30, 62, 12, 27, 7, 57, 10, 32, 38, 64, 83, 28, 66, 5, 17, 18, 43, 72, 82, 94, 90, 52, 33, 56, 11, 58, 78, 61, 77, 71, 54, 80, 73, 40, 97, 75, 31, 39, 74, 79, 92, 36, 87, 60, 95, 19, 41]
Correct solution
(w = 31) Building and Solving
[runlim] sample:		182.9 time, 90.2 real, 244.7 MB
[runlim] sample:		212.0 time, 100.2 real, 634.3 MB
[runlim] sample:		265.5 time, 110.2 real, 744.1 MB
[runlim] sample:		295.5 time, 120.2 real, 774.9 MB
[runlim] sample:		325.5 time, 130.2 real, 775.2 MB
[runlim] sample:		355.5 time, 140.2 real, 779.0 MB
[runlim] sample:		385.5 time, 150.2 real, 779.6 MB
[runlim] sample:		415.5 time, 160.2 real, 779.6 MB
[runlim] sample:		445.5 time, 170.2 real, 779.6 MB
[runlim] sample:		475.5 time, 180.2 real, 783.7 MB
[runlim] sample:		505.5 time, 190.2 real, 784.0 MB
[runlim] sample:		535.5 time, 200.2 real, 784.0 MB
[runlim] sample:		565.5 time, 210.2 real, 784.0 MB
[runlim] sample:		595.5 time, 220.2 real, 784.0 MB
[runlim] sample:		625.5 time, 230.2 real, 784.0 MB
[runlim] sample:		655.5 time, 240.2 real, 863.4 MB
[runlim] sample:		685.5 time, 250.2 real, 930.8 MB
[runlim] sample:		715.5 time, 260.2 real, 930.8 MB
[runlim] sample:		745.5 time, 270.2 real, 880.1 MB
[runlim] sample:		775.5 time, 280.2 real, 916.5 MB
[runlim] sample:		805.5 time, 290.2 real, 916.5 MB
[runlim] sample:		835.5 time, 300.2 real, 916.5 MB
[runlim] sample:		865.5 time, 310.2 real, 916.5 MB
[runlim] sample:		895.5 time, 320.2 real, 916.5 MB
[runlim] sample:		925.5 time, 330.2 real, 916.5 MB
Value Cyclic-Antibandwidth: 31
Labels: [94, 60, 77, 6, 71, 34, 37, 9, 69, 46, 73, 41, 57, 62, 2, 98, 87, 75, 30, 4, 24, 36, 72, 45, 42, 53, 59, 29, 35, 19, 38, 54, 32, 86, 16, 15, 10, 1, 11, 14, 83, 8, 68, 51, 64, 63, 95, 58, 79, 40, 13, 20, 70, 44, 90, 78, 22, 50, 12, 56, 18, 23, 96, 66, 33, 93, 52, 47, 43, 21, 89, 74, 65, 49, 5, 27, 7, 61, 88, 91, 99, 80, 97, 3, 81, 85, 25, 55, 82, 31, 17, 92, 84, 67, 28, 48, 100, 76, 39, 26]
Correct solution
(w = 32) Building and Solving
[runlim] sample:		946.6 time, 340.2 real, 637.3 MB
[runlim] sample:		995.8 time, 350.2 real, 756.5 MB
[runlim] sample:		1043.8 time, 360.2 real, 793.3 MB
[runlim] sample:		1073.8 time, 370.2 real, 820.2 MB
[runlim] sample:		1103.8 time, 380.2 real, 820.2 MB
[runlim] sample:		1133.8 time, 390.2 real, 820.2 MB
[runlim] sample:		1163.8 time, 400.2 real, 820.2 MB
[runlim] sample:		1193.8 time, 410.2 real, 820.2 MB
[runlim] sample:		1223.8 time, 420.2 real, 820.2 MB
[runlim] sample:		1253.8 time, 430.2 real, 820.2 MB
[runlim] sample:		1283.8 time, 440.2 real, 820.2 MB
[runlim] sample:		1313.8 time, 450.2 real, 820.2 MB
[runlim] sample:		1343.8 time, 460.2 real, 821.6 MB
[runlim] sample:		1373.8 time, 470.2 real, 821.6 MB
[runlim] sample:		1403.8 time, 480.2 real, 821.6 MB
[runlim] sample:		1433.8 time, 490.2 real, 821.6 MB
[runlim] sample:		1463.8 time, 500.2 real, 821.8 MB
[runlim] sample:		1493.8 time, 510.2 real, 823.1 MB
[runlim] sample:		1523.8 time, 520.2 real, 823.1 MB
[runlim] sample:		1553.8 time, 530.2 real, 823.1 MB
[runlim] sample:		1583.8 time, 540.2 real, 823.1 MB
[runlim] sample:		1613.8 time, 550.2 real, 823.1 MB
[runlim] sample:		1643.8 time, 560.2 real, 823.1 MB
[runlim] sample:		1673.8 time, 570.2 real, 847.3 MB
[runlim] sample:		1703.8 time, 580.2 real, 872.1 MB
[runlim] sample:		1733.8 time, 590.2 real, 872.1 MB
[runlim] sample:		1763.8 time, 600.2 real, 872.1 MB
[runlim] sample:		1793.8 time, 610.2 real, 819.1 MB
[runlim] sample:		1823.8 time, 620.2 real, 829.9 MB
[runlim] sample:		1853.8 time, 630.2 real, 835.7 MB
[runlim] sample:		1883.8 time, 640.2 real, 838.3 MB
[runlim] sample:		1913.8 time, 650.2 real, 838.3 MB
[runlim] sample:		1943.8 time, 660.2 real, 838.3 MB
[runlim] sample:		1973.8 time, 670.2 real, 839.5 MB
[runlim] sample:		2003.8 time, 680.2 real, 839.5 MB
[runlim] sample:		2033.8 time, 690.2 real, 839.5 MB
[runlim] sample:		2063.8 time, 700.2 real, 840.5 MB
[runlim] sample:		2093.8 time, 710.2 real, 840.5 MB
[runlim] sample:		2123.8 time, 720.2 real, 840.5 MB
[runlim] sample:		2153.8 time, 730.2 real, 840.5 MB
[runlim] sample:		2183.8 time, 740.2 real, 840.5 MB
[runlim] sample:		2213.8 time, 750.2 real, 840.5 MB
[runlim] sample:		2243.8 time, 760.2 real, 841.2 MB
[runlim] sample:		2273.8 time, 770.2 real, 841.5 MB
[runlim] sample:		2303.8 time, 780.2 real, 841.7 MB
[runlim] sample:		2333.8 time, 790.2 real, 843.3 MB
[runlim] sample:		2363.8 time, 800.2 real, 843.4 MB
[runlim] sample:		2393.7 time, 810.2 real, 844.4 MB
[runlim] sample:		2423.7 time, 820.2 real, 845.4 MB
[runlim] sample:		2453.7 time, 830.2 real, 813.7 MB
[runlim] sample:		2483.7 time, 840.2 real, 883.3 MB
[runlim] sample:		2513.7 time, 850.2 real, 883.3 MB
[runlim] sample:		2543.7 time, 860.2 real, 883.3 MB
[runlim] sample:		2573.7 time, 870.2 real, 815.9 MB
[runlim] sample:		2603.7 time, 880.2 real, 836.8 MB
[runlim] sample:		2633.7 time, 890.2 real, 839.1 MB
[runlim] sample:		2663.7 time, 900.2 real, 841.0 MB
[runlim] sample:		2693.7 time, 910.2 real, 841.0 MB
[runlim] sample:		2723.7 time, 920.2 real, 841.0 MB
[runlim] sample:		2753.7 time, 930.2 real, 841.0 MB
[runlim] sample:		2783.7 time, 940.2 real, 841.0 MB
[runlim] sample:		2813.7 time, 950.2 real, 841.0 MB
[runlim] sample:		2843.7 time, 960.2 real, 841.0 MB
[runlim] sample:		2873.7 time, 970.2 real, 841.0 MB
[runlim] sample:		2903.7 time, 980.2 real, 841.0 MB
[runlim] sample:		2933.7 time, 990.2 real, 841.0 MB
[runlim] sample:		2963.7 time, 1000.2 real, 841.0 MB
[runlim] sample:		2993.7 time, 1010.2 real, 841.0 MB
[runlim] sample:		3023.7 time, 1020.2 real, 841.0 MB
[runlim] sample:		3053.7 time, 1030.2 real, 841.0 MB
[runlim] sample:		3083.7 time, 1040.2 real, 885.1 MB
[runlim] sample:		3113.7 time, 1050.2 real, 889.6 MB
[runlim] sample:		3143.7 time, 1060.2 real, 889.6 MB
[runlim] sample:		3173.7 time, 1070.2 real, 889.5 MB
[runlim] sample:		3203.7 time, 1080.2 real, 889.5 MB
[runlim] sample:		3233.7 time, 1090.2 real, 889.5 MB
[runlim] sample:		3263.7 time, 1100.2 real, 889.5 MB
[runlim] sample:		3293.7 time, 1110.2 real, 889.5 MB
[runlim] sample:		3323.7 time, 1120.2 real, 889.5 MB
[runlim] sample:		3353.7 time, 1130.2 real, 890.1 MB
[runlim] sample:		3383.7 time, 1140.2 real, 890.1 MB
[runlim] sample:		3413.7 time, 1150.2 real, 890.1 MB
[runlim] sample:		3443.7 time, 1160.2 real, 824.6 MB
[runlim] sample:		3473.7 time, 1170.2 real, 838.6 MB
[runlim] sample:		3503.7 time, 1180.2 real, 838.8 MB
[runlim] sample:		3533.7 time, 1190.2 real, 839.1 MB
[runlim] sample:		3563.7 time, 1200.2 real, 839.1 MB
[runlim] sample:		3593.7 time, 1210.2 real, 839.1 MB
[runlim] sample:		3623.7 time, 1220.2 real, 839.1 MB
[runlim] sample:		3653.7 time, 1230.2 real, 839.1 MB
[runlim] sample:		3683.7 time, 1240.2 real, 839.1 MB
[runlim] sample:		3713.7 time, 1250.2 real, 837.6 MB
[runlim] sample:		3743.7 time, 1260.2 real, 837.6 MB
[runlim] sample:		3773.7 time, 1270.2 real, 837.6 MB
[runlim] sample:		3803.7 time, 1280.2 real, 837.6 MB
[runlim] sample:		3833.7 time, 1290.2 real, 837.6 MB
[runlim] sample:		3863.7 time, 1300.2 real, 837.6 MB
[runlim] sample:		3893.7 time, 1310.2 real, 837.6 MB
[runlim] sample:		3923.7 time, 1320.2 real, 837.6 MB
[runlim] sample:		3953.7 time, 1330.2 real, 837.6 MB
[runlim] sample:		3983.7 time, 1340.2 real, 837.6 MB
[runlim] sample:		4013.7 time, 1350.2 real, 837.6 MB
[runlim] sample:		4043.7 time, 1360.2 real, 837.6 MB
[runlim] sample:		4073.7 time, 1370.2 real, 837.6 MB
[runlim] sample:		4103.7 time, 1380.2 real, 837.7 MB
[runlim] sample:		4133.7 time, 1390.2 real, 837.8 MB
[runlim] sample:		4163.7 time, 1400.2 real, 837.8 MB
[runlim] sample:		4188.9 time, 1410.2 real, 912.0 MB
[runlim] sample:		4208.9 time, 1420.2 real, 912.0 MB
[runlim] sample:		4228.9 time, 1430.2 real, 917.3 MB
[runlim] sample:		4248.9 time, 1440.2 real, 912.0 MB
[runlim] sample:		4268.9 time, 1450.2 real, 912.0 MB
[runlim] sample:		4288.9 time, 1460.2 real, 912.0 MB
[runlim] sample:		4308.9 time, 1470.2 real, 912.0 MB
[runlim] sample:		4328.9 time, 1480.2 real, 912.0 MB
[runlim] sample:		4348.9 time, 1490.2 real, 912.0 MB
[runlim] sample:		4368.9 time, 1500.2 real, 912.0 MB
[runlim] sample:		4388.9 time, 1510.2 real, 912.0 MB
[runlim] sample:		4408.9 time, 1520.2 real, 912.0 MB
[runlim] sample:		4428.9 time, 1530.2 real, 912.0 MB
[runlim] sample:		4448.9 time, 1540.2 real, 912.0 MB
[runlim] sample:		4468.9 time, 1550.2 real, 912.0 MB
[runlim] sample:		4488.9 time, 1560.2 real, 912.0 MB
[runlim] sample:		4508.9 time, 1570.2 real, 912.0 MB
[runlim] sample:		4528.9 time, 1580.2 real, 912.0 MB
[runlim] sample:		4548.9 time, 1590.2 real, 912.0 MB
[runlim] sample:		4568.9 time, 1600.2 real, 912.0 MB
[runlim] sample:		4588.9 time, 1610.2 real, 912.6 MB
[runlim] sample:		4608.9 time, 1620.2 real, 916.5 MB
[runlim] sample:		4628.9 time, 1630.2 real, 916.5 MB
[runlim] sample:		4648.9 time, 1640.2 real, 916.5 MB
[runlim] sample:		4668.9 time, 1650.2 real, 916.5 MB
[runlim] sample:		4688.9 time, 1660.2 real, 916.5 MB
[runlim] sample:		4708.9 time, 1670.2 real, 916.5 MB
[runlim] sample:		4728.9 time, 1680.2 real, 917.9 MB
[runlim] sample:		4748.9 time, 1690.2 real, 920.8 MB
[runlim] sample:		4768.9 time, 1700.2 real, 920.8 MB
[runlim] sample:		4788.9 time, 1710.2 real, 920.8 MB
[runlim] sample:		4808.9 time, 1720.2 real, 920.8 MB
[runlim] sample:		4828.9 time, 1730.2 real, 920.8 MB
[runlim] sample:		4848.9 time, 1740.2 real, 920.8 MB
[runlim] sample:		4868.9 time, 1750.2 real, 920.8 MB
[runlim] sample:		4888.9 time, 1760.2 real, 920.8 MB
[runlim] sample:		4908.9 time, 1770.2 real, 920.8 MB
[runlim] sample:		4928.9 time, 1780.2 real, 920.8 MB
[runlim] sample:		4954.5 time, 1790.2 real, 920.8 MB
[runlim] end:			Tue Nov 11 10:41:18 2025
[runlim] status:		out of time
[runlim] result:		2
[runlim] children:		0
[runlim] real:			1800.03 seconds
[runlim] time:			4983.86 seconds
[runlim] space:			1017.7 MB
[runlim] samples:		17998
