[runlim] version:		1.10
[runlim] time limit:		311040000 seconds
[runlim] real time limit:	1800 seconds
[runlim] space limit:		30000 MB
[runlim] argv[0]:		python3
[runlim] argv[1]:		model_MIP_CPLEX.py
[runlim] argv[2]:		./graph/random_generated_graph_2013/p21_200_400
[runlim] start:			Tue Nov 11 20:11:18 2025
[runlim] main pid:		21740
[runlim] log captured:
(w = 4) Building and Solving
Value Cyclic-Antibandwidth: 4
Labels: [59, 165, 95, 52, 177, 24, 200, 197, 34, 137, 179, 9, 115, 143, 71, 103, 28, 187, 25, 102, 198, 164, 141, 161, 61, 190, 33, 82, 122, 89, 15, 142, 23, 186, 181, 64, 55, 30, 49, 97, 123, 163, 65, 133, 21, 62, 152, 6, 170, 173, 35, 90, 101, 27, 86, 138, 45, 118, 31, 12, 172, 17, 111, 94, 175, 119, 73, 19, 131, 135, 96, 4, 72, 47, 1, 100, 132, 180, 109, 60, 54, 167, 32, 22, 196, 130, 39, 92, 148, 56, 116, 37, 159, 162, 78, 166, 108, 110, 63, 160, 69, 120, 20, 83, 75, 104, 178, 70, 66, 16, 121, 14, 105, 193, 153, 38, 168, 156, 134, 194, 29, 117, 77, 68, 43, 182, 58, 188, 85, 189, 126, 2, 151, 81, 93, 76, 98, 10, 80, 174, 169, 155, 79, 136, 112, 144, 44, 154, 192, 26, 7, 185, 40, 184, 48, 150, 127, 5, 84, 171, 128, 106, 36, 50, 88, 140, 42, 53, 18, 107, 158, 99, 67, 125, 41, 199, 91, 114, 191, 46, 176, 149, 146, 87, 11, 129, 157, 145, 51, 13, 3, 8, 113, 147, 74, 124, 195, 57, 183, 139]
Correct solution
(w = 5) Building and Solving
Value Cyclic-Antibandwidth: 5
Labels: [59, 165, 154, 52, 121, 38, 200, 21, 34, 137, 179, 9, 158, 136, 71, 103, 28, 172, 96, 102, 198, 164, 66, 161, 140, 190, 153, 82, 122, 89, 15, 142, 23, 186, 181, 64, 55, 30, 49, 97, 2, 6, 65, 133, 10, 62, 152, 74, 170, 173, 35, 90, 101, 189, 86, 138, 45, 118, 31, 188, 108, 17, 111, 94, 175, 119, 73, 19, 141, 135, 130, 4, 72, 47, 1, 100, 132, 180, 109, 60, 187, 167, 46, 76, 196, 54, 39, 92, 5, 56, 116, 37, 159, 162, 78, 183, 61, 110, 63, 160, 69, 120, 145, 83, 75, 104, 178, 70, 168, 16, 27, 148, 105, 193, 91, 128, 13, 99, 134, 194, 29, 117, 44, 68, 43, 182, 58, 22, 85, 95, 126, 115, 14, 81, 93, 123, 98, 151, 80, 174, 156, 155, 79, 166, 112, 144, 33, 199, 192, 26, 131, 185, 12, 25, 48, 150, 127, 24, 7, 11, 84, 106, 36, 50, 88, 40, 42, 53, 18, 107, 146, 77, 67, 125, 41, 184, 169, 114, 191, 163, 176, 149, 171, 87, 177, 129, 157, 32, 51, 197, 3, 8, 113, 147, 20, 124, 195, 57, 143, 139]
Correct solution
(w = 6) Building and Solving
Value Cyclic-Antibandwidth: 6
Labels: [59, 165, 185, 68, 121, 38, 200, 197, 34, 137, 179, 9, 115, 170, 71, 103, 28, 187, 96, 102, 198, 164, 66, 161, 61, 190, 29, 82, 122, 89, 15, 142, 23, 186, 181, 64, 55, 152, 49, 97, 123, 6, 65, 133, 21, 62, 149, 99, 151, 173, 35, 90, 101, 189, 86, 138, 45, 118, 31, 12, 172, 17, 111, 11, 175, 119, 73, 19, 141, 135, 130, 4, 72, 47, 136, 100, 157, 180, 109, 60, 132, 167, 46, 22, 196, 54, 39, 92, 5, 56, 116, 37, 159, 162, 78, 183, 108, 110, 191, 160, 69, 120, 20, 1, 75, 104, 178, 70, 168, 16, 27, 148, 105, 193, 153, 128, 13, 156, 134, 194, 40, 117, 44, 83, 43, 182, 192, 63, 85, 95, 126, 2, 14, 94, 93, 76, 98, 10, 80, 174, 52, 155, 79, 166, 112, 144, 33, 154, 169, 26, 131, 81, 199, 25, 48, 150, 127, 24, 7, 171, 84, 106, 36, 50, 88, 140, 42, 53, 18, 107, 158, 77, 67, 125, 41, 184, 91, 114, 145, 163, 176, 58, 146, 87, 177, 129, 30, 32, 51, 188, 3, 8, 113, 147, 74, 124, 195, 57, 143, 139]
Correct solution
(w = 7) Building and Solving
[runlim] sample:		12.9 time, 10.0 real, 239.5 MB
Value Cyclic-Antibandwidth: 7
Labels: [59, 165, 171, 13, 121, 38, 110, 197, 34, 137, 173, 9, 115, 170, 71, 54, 28, 187, 96, 102, 198, 164, 179, 161, 61, 190, 29, 82, 122, 89, 15, 142, 23, 186, 181, 64, 55, 152, 49, 167, 123, 53, 65, 133, 21, 62, 149, 74, 72, 146, 35, 90, 101, 189, 86, 138, 45, 118, 31, 12, 67, 17, 111, 11, 83, 119, 73, 19, 141, 135, 130, 4, 103, 47, 136, 100, 157, 180, 109, 60, 132, 175, 172, 22, 196, 192, 39, 92, 148, 56, 116, 37, 159, 162, 78, 183, 108, 6, 63, 52, 69, 120, 20, 1, 75, 104, 178, 70, 66, 16, 27, 145, 105, 193, 153, 128, 168, 99, 134, 194, 81, 117, 44, 68, 43, 182, 97, 188, 85, 95, 126, 2, 14, 94, 93, 76, 98, 10, 80, 174, 156, 155, 79, 166, 112, 144, 33, 154, 169, 26, 131, 185, 199, 25, 48, 150, 127, 24, 7, 160, 84, 106, 36, 50, 88, 140, 42, 46, 18, 107, 158, 77, 151, 125, 41, 184, 91, 114, 191, 163, 176, 58, 5, 87, 177, 129, 30, 32, 51, 40, 3, 8, 113, 147, 200, 124, 195, 57, 143, 139]
Correct solution
(w = 8) Building and Solving
Value Cyclic-Antibandwidth: 8
Labels: [59, 165, 95, 13, 121, 38, 200, 197, 115, 137, 199, 9, 160, 136, 71, 54, 28, 187, 25, 102, 198, 164, 179, 161, 61, 190, 29, 82, 122, 89, 15, 142, 23, 186, 181, 64, 55, 30, 49, 170, 123, 53, 65, 133, 21, 62, 149, 6, 72, 173, 35, 90, 101, 27, 86, 138, 45, 118, 31, 188, 3, 17, 34, 94, 83, 1, 73, 19, 141, 135, 96, 4, 103, 47, 67, 100, 157, 180, 109, 60, 132, 167, 172, 22, 196, 192, 51, 92, 5, 56, 116, 37, 159, 162, 78, 183, 108, 110, 191, 52, 69, 120, 20, 145, 75, 104, 178, 70, 66, 16, 7, 148, 105, 193, 153, 128, 168, 99, 134, 158, 81, 117, 44, 68, 43, 182, 97, 63, 85, 189, 126, 2, 14, 76, 93, 111, 98, 10, 112, 174, 156, 155, 79, 166, 119, 144, 80, 154, 169, 26, 131, 185, 12, 175, 48, 150, 127, 24, 39, 11, 84, 33, 36, 50, 88, 140, 42, 46, 18, 107, 146, 77, 151, 130, 41, 184, 91, 114, 194, 163, 176, 58, 171, 87, 177, 129, 139, 32, 113, 40, 152, 8, 106, 147, 74, 124, 195, 57, 143, 125]
Correct solution
(w = 9) Building and Solving
Value Cyclic-Antibandwidth: 9
Labels: [116, 80, 138, 101, 77, 79, 169, 118, 148, 42, 190, 23, 171, 7, 10, 128, 28, 180, 108, 170, 200, 111, 2, 115, 195, 16, 166, 182, 134, 162, 45, 90, 98, 99, 59, 60, 84, 73, 120, 109, 156, 160, 139, 35, 105, 126, 199, 13, 144, 37, 30, 46, 44, 40, 141, 147, 127, 174, 3, 61, 41, 155, 165, 76, 34, 181, 89, 26, 85, 18, 83, 71, 68, 173, 70, 38, 136, 33, 187, 9, 100, 130, 122, 110, 69, 92, 114, 19, 82, 191, 8, 159, 63, 31, 106, 78, 51, 53, 25, 27, 124, 50, 164, 131, 168, 66, 175, 133, 102, 1, 129, 123, 87, 24, 72, 58, 95, 153, 161, 119, 96, 4, 112, 150, 94, 179, 43, 56, 152, 54, 32, 20, 135, 48, 140, 167, 154, 158, 172, 47, 197, 117, 185, 64, 88, 192, 86, 52, 91, 113, 157, 146, 125, 75, 103, 81, 107, 74, 193, 67, 183, 142, 121, 62, 145, 137, 198, 184, 12, 49, 36, 93, 97, 151, 186, 11, 189, 178, 177, 21, 149, 163, 196, 55, 39, 176, 143, 65, 188, 6, 17, 29, 5, 194, 132, 22, 104, 15, 57, 14]
Correct solution
(w = 10) Building and Solving
[runlim] sample:		25.1 time, 20.0 real, 374.0 MB
Value Cyclic-Antibandwidth: 10
Labels: [46, 164, 100, 198, 141, 107, 25, 83, 188, 128, 71, 23, 63, 92, 82, 28, 160, 170, 44, 176, 15, 53, 24, 13, 50, 166, 117, 200, 162, 193, 85, 27, 192, 38, 174, 194, 70, 87, 22, 101, 55, 168, 116, 51, 77, 149, 34, 112, 47, 173, 191, 185, 98, 106, 114, 12, 126, 80, 3, 65, 195, 9, 125, 78, 79, 102, 190, 41, 145, 68, 20, 155, 144, 178, 54, 84, 189, 121, 90, 62, 171, 165, 134, 151, 10, 5, 143, 2, 140, 33, 36, 76, 74, 167, 129, 131, 59, 86, 137, 29, 122, 180, 32, 199, 89, 118, 95, 30, 7, 18, 146, 186, 75, 132, 183, 19, 123, 14, 187, 127, 49, 57, 104, 6, 99, 73, 133, 48, 8, 69, 152, 153, 60, 66, 11, 148, 94, 26, 179, 43, 56, 110, 1, 138, 52, 42, 163, 169, 111, 139, 21, 4, 16, 40, 72, 120, 157, 147, 184, 91, 39, 130, 136, 61, 154, 172, 67, 177, 158, 113, 197, 93, 108, 17, 37, 175, 88, 124, 58, 103, 135, 64, 45, 142, 181, 182, 161, 81, 35, 96, 150, 119, 109, 156, 196, 97, 105, 31, 115, 159]
Correct solution
(w = 11) Building and Solving
Value Cyclic-Antibandwidth: 11
Labels: [46, 164, 133, 106, 141, 107, 25, 83, 188, 128, 71, 23, 63, 92, 82, 28, 160, 170, 44, 176, 15, 53, 24, 13, 50, 166, 117, 200, 162, 193, 85, 27, 192, 38, 174, 194, 70, 87, 22, 101, 55, 168, 116, 51, 77, 149, 34, 112, 45, 173, 191, 185, 98, 125, 114, 12, 126, 80, 3, 65, 195, 9, 184, 78, 79, 102, 190, 41, 145, 68, 20, 155, 144, 178, 54, 84, 189, 121, 90, 62, 171, 165, 134, 151, 10, 5, 143, 2, 140, 33, 36, 76, 74, 167, 129, 131, 59, 86, 137, 139, 122, 180, 32, 199, 89, 118, 95, 30, 7, 18, 146, 186, 75, 132, 183, 19, 123, 14, 187, 127, 49, 57, 104, 6, 99, 73, 16, 48, 8, 69, 152, 153, 60, 66, 11, 148, 94, 26, 179, 43, 56, 110, 1, 138, 52, 42, 163, 169, 111, 47, 21, 4, 29, 40, 72, 120, 157, 147, 100, 91, 39, 130, 136, 61, 154, 172, 67, 177, 158, 113, 197, 93, 108, 17, 37, 175, 88, 124, 58, 103, 135, 64, 161, 142, 181, 182, 31, 81, 35, 96, 150, 119, 109, 156, 196, 97, 105, 198, 115, 159]
Correct solution
(w = 12) Building and Solving
[runlim] sample:		36.5 time, 30.0 real, 398.0 MB
Value Cyclic-Antibandwidth: 12
Labels: [46, 164, 133, 106, 141, 107, 25, 83, 188, 128, 71, 23, 63, 92, 82, 28, 160, 170, 44, 176, 15, 53, 24, 13, 50, 166, 117, 200, 162, 193, 85, 27, 192, 38, 174, 104, 70, 87, 22, 101, 183, 168, 116, 51, 77, 149, 34, 112, 125, 173, 191, 185, 98, 47, 114, 12, 126, 80, 78, 65, 195, 9, 184, 99, 79, 102, 190, 41, 145, 68, 20, 155, 144, 178, 54, 84, 189, 121, 90, 62, 171, 165, 134, 151, 10, 5, 143, 2, 140, 33, 36, 76, 74, 167, 129, 131, 59, 86, 137, 55, 122, 180, 32, 199, 89, 118, 95, 30, 7, 18, 146, 186, 75, 132, 161, 19, 123, 14, 187, 127, 49, 57, 3, 6, 163, 73, 16, 48, 8, 69, 152, 153, 60, 66, 11, 148, 94, 194, 179, 43, 56, 110, 1, 138, 52, 42, 181, 169, 111, 29, 21, 4, 26, 40, 72, 120, 157, 147, 100, 91, 39, 130, 136, 61, 154, 172, 67, 177, 158, 113, 197, 93, 108, 17, 37, 175, 88, 124, 58, 103, 135, 64, 45, 142, 139, 182, 31, 81, 35, 96, 150, 119, 109, 156, 196, 97, 105, 198, 115, 159]
Correct solution
(w = 13) Building and Solving
Value Cyclic-Antibandwidth: 13
Labels: [46, 164, 133, 106, 141, 107, 25, 83, 188, 128, 71, 23, 63, 92, 82, 28, 160, 170, 44, 176, 15, 53, 24, 13, 50, 166, 117, 125, 162, 193, 85, 27, 192, 38, 174, 104, 70, 87, 22, 101, 183, 168, 116, 51, 122, 149, 34, 112, 29, 173, 191, 185, 98, 139, 114, 12, 126, 80, 78, 65, 195, 9, 197, 99, 79, 102, 189, 41, 145, 68, 20, 155, 144, 178, 196, 45, 84, 121, 90, 62, 171, 165, 134, 151, 10, 47, 143, 2, 140, 33, 36, 76, 74, 167, 129, 131, 59, 86, 137, 55, 54, 180, 32, 199, 89, 118, 95, 30, 7, 18, 146, 186, 75, 132, 148, 19, 123, 14, 187, 127, 49, 57, 3, 6, 163, 73, 16, 48, 8, 69, 152, 153, 60, 66, 11, 5, 94, 194, 179, 43, 56, 110, 1, 138, 52, 42, 181, 169, 111, 182, 21, 4, 26, 40, 72, 120, 157, 147, 184, 91, 39, 130, 136, 61, 154, 172, 67, 177, 158, 113, 100, 93, 108, 17, 37, 175, 88, 124, 58, 103, 135, 64, 77, 142, 190, 200, 31, 81, 35, 96, 150, 119, 109, 156, 161, 97, 105, 198, 115, 159]
Correct solution
(w = 14) Building and Solving
[runlim] sample:		46.9 time, 40.0 real, 577.4 MB
Value Cyclic-Antibandwidth: 14
Labels: [46, 164, 133, 106, 141, 107, 25, 83, 188, 128, 71, 23, 63, 92, 82, 28, 160, 170, 44, 176, 15, 53, 24, 13, 50, 166, 117, 125, 162, 193, 85, 27, 192, 38, 174, 104, 70, 181, 22, 101, 183, 168, 116, 51, 122, 149, 103, 112, 84, 173, 191, 185, 98, 89, 114, 12, 126, 80, 78, 65, 195, 9, 100, 99, 79, 102, 87, 41, 145, 68, 20, 155, 144, 178, 196, 45, 36, 121, 90, 62, 171, 165, 134, 151, 10, 182, 143, 2, 140, 33, 139, 76, 74, 197, 129, 131, 59, 86, 137, 167, 54, 180, 32, 199, 148, 118, 95, 30, 7, 18, 146, 186, 75, 132, 55, 19, 123, 14, 187, 127, 49, 26, 3, 6, 29, 73, 16, 48, 8, 69, 152, 153, 60, 66, 11, 5, 94, 194, 179, 43, 56, 110, 1, 138, 52, 42, 37, 169, 111, 34, 21, 4, 189, 40, 72, 57, 157, 147, 184, 91, 39, 130, 136, 61, 154, 172, 67, 177, 158, 113, 77, 93, 108, 17, 161, 175, 88, 124, 58, 47, 135, 64, 120, 142, 190, 200, 31, 81, 35, 96, 150, 119, 109, 156, 163, 97, 105, 198, 115, 159]
Correct solution
(w = 15) Building and Solving
Value Cyclic-Antibandwidth: 15
Labels: [46, 164, 100, 106, 141, 107, 25, 83, 188, 128, 71, 23, 63, 92, 82, 28, 160, 170, 44, 176, 15, 53, 24, 13, 50, 166, 117, 79, 162, 193, 85, 27, 192, 38, 66, 104, 70, 179, 22, 101, 183, 168, 116, 174, 77, 149, 103, 112, 84, 173, 191, 185, 98, 89, 114, 12, 126, 80, 78, 65, 195, 57, 181, 99, 182, 102, 87, 41, 145, 68, 20, 155, 144, 178, 196, 45, 36, 121, 90, 62, 171, 51, 134, 151, 10, 165, 143, 2, 140, 33, 139, 76, 74, 197, 129, 131, 59, 86, 137, 167, 122, 180, 32, 199, 148, 118, 95, 30, 7, 18, 146, 186, 75, 132, 19, 29, 123, 14, 187, 127, 49, 133, 3, 6, 125, 73, 16, 48, 8, 69, 152, 153, 60, 55, 11, 5, 94, 194, 26, 43, 56, 110, 1, 138, 52, 42, 37, 169, 111, 34, 21, 4, 189, 40, 72, 120, 157, 147, 184, 91, 39, 130, 136, 61, 154, 172, 67, 177, 158, 113, 54, 93, 108, 17, 161, 175, 88, 124, 58, 47, 135, 64, 9, 142, 190, 200, 31, 81, 35, 96, 150, 119, 109, 156, 163, 97, 105, 198, 115, 159]
Correct solution
(w = 16) Building and Solving
[runlim] sample:		57.2 time, 50.0 real, 669.5 MB
Value Cyclic-Antibandwidth: 16
Labels: [46, 164, 100, 106, 141, 107, 25, 83, 188, 128, 71, 23, 63, 92, 82, 28, 160, 170, 44, 176, 15, 53, 24, 13, 50, 166, 117, 79, 162, 193, 85, 27, 192, 38, 66, 104, 70, 179, 22, 101, 183, 168, 116, 174, 77, 149, 139, 112, 158, 173, 191, 185, 98, 125, 114, 12, 126, 80, 144, 65, 195, 57, 181, 99, 135, 102, 87, 41, 89, 68, 20, 155, 167, 178, 196, 45, 182, 121, 90, 62, 171, 51, 134, 151, 10, 165, 143, 2, 140, 33, 36, 76, 74, 197, 129, 131, 59, 86, 137, 189, 122, 180, 32, 199, 148, 118, 95, 30, 7, 145, 146, 186, 75, 132, 19, 29, 123, 14, 187, 127, 49, 133, 3, 6, 172, 73, 16, 48, 8, 69, 152, 47, 60, 55, 11, 5, 94, 194, 26, 43, 56, 110, 1, 138, 52, 42, 37, 169, 111, 34, 21, 4, 18, 40, 72, 120, 157, 147, 78, 91, 39, 130, 136, 61, 154, 153, 67, 177, 184, 113, 54, 93, 108, 17, 161, 175, 88, 124, 58, 103, 84, 64, 9, 142, 190, 200, 31, 81, 35, 96, 150, 119, 109, 156, 163, 97, 105, 198, 115, 159]
Correct solution
(w = 17) Building and Solving
Value Cyclic-Antibandwidth: 17
Labels: [46, 164, 100, 106, 141, 107, 25, 83, 188, 128, 71, 23, 63, 92, 82, 28, 160, 170, 44, 176, 15, 53, 24, 13, 50, 166, 117, 79, 162, 193, 85, 27, 192, 38, 66, 104, 70, 179, 22, 101, 55, 168, 116, 174, 182, 149, 139, 112, 158, 173, 191, 185, 98, 136, 114, 12, 126, 80, 144, 65, 195, 57, 181, 99, 135, 102, 87, 41, 89, 68, 20, 155, 167, 178, 196, 77, 14, 121, 90, 62, 171, 51, 134, 151, 10, 172, 143, 2, 140, 33, 36, 76, 74, 197, 129, 131, 59, 86, 137, 189, 122, 180, 32, 199, 103, 118, 95, 30, 7, 145, 146, 186, 75, 132, 19, 29, 123, 31, 187, 127, 49, 133, 3, 6, 125, 73, 16, 48, 8, 69, 152, 47, 60, 45, 11, 5, 94, 194, 26, 43, 56, 110, 1, 138, 52, 42, 37, 169, 111, 34, 21, 4, 18, 40, 72, 120, 157, 147, 153, 91, 39, 130, 148, 61, 154, 183, 67, 177, 184, 113, 78, 93, 108, 17, 161, 175, 88, 124, 58, 54, 84, 64, 9, 142, 190, 200, 165, 81, 35, 96, 150, 119, 109, 156, 163, 97, 105, 198, 115, 159]
Correct solution
(w = 18) Building and Solving
[runlim] sample:		67.6 time, 60.0 real, 557.5 MB
Value Cyclic-Antibandwidth: 18
Labels: [46, 164, 100, 106, 141, 107, 25, 83, 188, 128, 71, 23, 63, 92, 82, 28, 160, 170, 44, 176, 15, 53, 24, 13, 50, 166, 117, 79, 162, 193, 85, 27, 192, 38, 66, 104, 70, 179, 22, 101, 55, 168, 116, 174, 125, 149, 139, 112, 158, 173, 191, 185, 98, 136, 114, 12, 126, 80, 144, 65, 195, 57, 181, 153, 135, 102, 87, 41, 89, 68, 20, 155, 167, 178, 196, 77, 14, 121, 90, 62, 171, 51, 134, 151, 10, 172, 143, 2, 140, 33, 36, 76, 74, 197, 129, 131, 59, 86, 137, 182, 122, 180, 32, 199, 103, 118, 95, 30, 7, 145, 146, 186, 75, 132, 19, 29, 123, 31, 187, 127, 49, 133, 3, 6, 99, 73, 16, 48, 8, 69, 152, 47, 60, 45, 11, 5, 94, 194, 26, 43, 56, 110, 1, 138, 52, 42, 37, 169, 111, 34, 21, 4, 18, 40, 72, 120, 157, 147, 78, 91, 39, 130, 148, 61, 154, 183, 67, 177, 184, 113, 54, 93, 108, 17, 161, 175, 88, 124, 58, 189, 84, 64, 9, 142, 190, 200, 165, 81, 35, 96, 150, 119, 109, 156, 163, 97, 105, 198, 115, 159]
Correct solution
(w = 19) Building and Solving
[runlim] sample:		77.8 time, 70.0 real, 753.4 MB
Value Cyclic-Antibandwidth: 19
Labels: [46, 164, 100, 106, 141, 107, 25, 83, 188, 45, 71, 23, 63, 92, 82, 28, 160, 170, 44, 176, 15, 53, 24, 13, 50, 166, 117, 79, 162, 193, 85, 27, 192, 38, 66, 104, 70, 179, 22, 101, 183, 168, 116, 174, 136, 149, 139, 112, 14, 173, 191, 185, 98, 152, 114, 12, 126, 80, 144, 190, 195, 57, 181, 158, 135, 102, 125, 41, 189, 68, 20, 155, 167, 178, 196, 77, 36, 121, 90, 62, 171, 51, 134, 151, 10, 172, 143, 2, 140, 33, 65, 76, 74, 197, 129, 131, 59, 86, 137, 128, 122, 180, 32, 3, 103, 118, 95, 30, 7, 145, 146, 186, 75, 132, 19, 29, 123, 31, 187, 127, 49, 133, 165, 6, 99, 73, 16, 48, 8, 69, 199, 87, 60, 55, 11, 5, 94, 194, 26, 43, 35, 110, 1, 138, 52, 42, 37, 169, 111, 34, 21, 4, 18, 40, 72, 120, 157, 147, 78, 91, 39, 130, 148, 61, 154, 153, 67, 177, 184, 113, 56, 93, 108, 17, 161, 175, 88, 124, 58, 54, 84, 64, 9, 142, 89, 200, 182, 81, 47, 96, 150, 119, 109, 156, 163, 97, 105, 198, 115, 159]
Correct solution
(w = 20) Building and Solving
Value Cyclic-Antibandwidth: 20
Labels: [46, 164, 100, 106, 141, 107, 25, 83, 188, 45, 71, 23, 63, 92, 82, 28, 160, 170, 44, 176, 15, 53, 24, 13, 50, 166, 117, 79, 162, 193, 85, 27, 192, 38, 66, 104, 70, 158, 22, 101, 183, 168, 116, 174, 77, 149, 139, 112, 14, 173, 191, 185, 98, 152, 114, 12, 126, 80, 144, 190, 195, 57, 181, 19, 135, 102, 125, 41, 89, 68, 20, 155, 167, 178, 196, 3, 36, 121, 90, 62, 171, 51, 134, 151, 10, 172, 143, 2, 140, 33, 65, 76, 74, 197, 129, 131, 59, 86, 137, 18, 122, 180, 32, 136, 103, 118, 95, 30, 7, 145, 146, 186, 75, 132, 153, 29, 123, 31, 187, 127, 49, 133, 179, 6, 99, 73, 16, 48, 8, 69, 199, 87, 60, 55, 11, 5, 94, 194, 26, 43, 35, 110, 1, 138, 52, 42, 37, 169, 111, 34, 21, 4, 182, 40, 72, 120, 157, 147, 189, 91, 39, 130, 148, 61, 154, 128, 67, 177, 184, 113, 56, 93, 108, 17, 161, 175, 88, 124, 58, 54, 84, 64, 9, 142, 78, 200, 165, 81, 47, 96, 150, 119, 109, 156, 163, 97, 105, 198, 115, 159]
Correct solution
(w = 21) Building and Solving
[runlim] sample:		88.0 time, 80.0 real, 615.0 MB
Value Cyclic-Antibandwidth: 21
Labels: [46, 164, 122, 106, 141, 107, 25, 83, 188, 95, 71, 23, 63, 92, 82, 28, 160, 170, 44, 176, 15, 53, 24, 13, 50, 166, 117, 79, 162, 193, 85, 27, 192, 38, 66, 104, 70, 158, 22, 101, 183, 168, 116, 174, 77, 149, 139, 112, 45, 173, 191, 185, 98, 152, 114, 12, 126, 182, 144, 190, 195, 57, 3, 19, 135, 102, 125, 41, 136, 68, 20, 155, 167, 178, 196, 189, 36, 121, 90, 62, 171, 51, 134, 151, 10, 172, 143, 2, 140, 33, 65, 76, 74, 197, 129, 131, 59, 86, 37, 18, 97, 180, 32, 14, 103, 118, 54, 30, 7, 145, 146, 186, 75, 132, 153, 29, 123, 31, 187, 127, 49, 133, 179, 6, 99, 73, 16, 48, 8, 69, 199, 87, 60, 55, 11, 5, 94, 194, 26, 43, 35, 110, 1, 138, 52, 42, 181, 169, 111, 34, 21, 4, 130, 40, 72, 120, 157, 147, 78, 91, 39, 88, 148, 61, 154, 128, 67, 177, 184, 113, 56, 93, 108, 17, 161, 175, 100, 124, 58, 89, 84, 64, 9, 142, 80, 200, 165, 81, 47, 96, 150, 119, 109, 156, 163, 137, 105, 198, 115, 159]
Correct solution
(w = 22) Building and Solving
[runlim] sample:		98.5 time, 90.0 real, 696.3 MB
Value Cyclic-Antibandwidth: 22
Labels: [97, 164, 46, 106, 141, 107, 25, 83, 188, 95, 71, 23, 63, 92, 82, 28, 160, 170, 44, 176, 15, 53, 24, 13, 148, 166, 117, 79, 162, 193, 85, 27, 192, 38, 66, 104, 70, 158, 22, 101, 183, 168, 116, 174, 122, 149, 139, 112, 41, 173, 191, 185, 98, 152, 114, 12, 126, 56, 144, 190, 195, 57, 3, 19, 135, 102, 130, 34, 136, 68, 20, 155, 167, 178, 196, 182, 36, 121, 90, 62, 171, 51, 134, 151, 10, 172, 143, 2, 140, 33, 65, 76, 74, 197, 129, 131, 59, 86, 37, 189, 14, 180, 32, 145, 103, 118, 54, 30, 7, 18, 146, 186, 75, 132, 153, 29, 123, 31, 187, 127, 49, 133, 179, 6, 99, 73, 16, 48, 8, 69, 199, 87, 60, 55, 50, 5, 94, 194, 26, 43, 35, 110, 1, 138, 52, 42, 181, 169, 111, 125, 21, 4, 165, 40, 72, 120, 157, 147, 78, 91, 39, 88, 11, 61, 154, 128, 67, 177, 184, 113, 77, 93, 108, 17, 161, 175, 100, 124, 58, 89, 84, 64, 9, 142, 80, 200, 45, 81, 47, 96, 150, 119, 109, 156, 163, 137, 105, 198, 115, 159]
Correct solution
(w = 23) Building and Solving
[runlim] sample:		108.7 time, 100.0 real, 841.2 MB
Value Cyclic-Antibandwidth: 23
Labels: [97, 164, 122, 106, 141, 107, 25, 83, 188, 95, 71, 23, 63, 92, 82, 28, 160, 170, 44, 176, 15, 53, 24, 13, 148, 166, 117, 79, 162, 193, 85, 27, 192, 38, 66, 104, 70, 158, 147, 101, 183, 168, 116, 174, 77, 149, 139, 112, 41, 173, 191, 185, 98, 152, 114, 12, 126, 46, 128, 190, 195, 57, 136, 19, 135, 102, 130, 34, 80, 68, 20, 155, 167, 178, 196, 56, 22, 121, 90, 62, 171, 51, 134, 151, 10, 172, 143, 2, 140, 33, 65, 76, 74, 197, 129, 131, 59, 86, 37, 18, 14, 180, 32, 145, 103, 118, 54, 30, 7, 36, 146, 186, 75, 132, 153, 29, 123, 31, 187, 127, 49, 133, 179, 6, 99, 73, 16, 48, 8, 69, 199, 87, 60, 55, 50, 5, 94, 194, 26, 43, 35, 110, 1, 138, 52, 42, 181, 169, 111, 125, 21, 4, 189, 40, 72, 120, 157, 88, 78, 91, 39, 182, 11, 61, 154, 163, 67, 177, 184, 113, 45, 93, 108, 17, 161, 175, 100, 124, 58, 89, 84, 64, 9, 142, 3, 200, 165, 81, 47, 96, 150, 119, 109, 156, 144, 137, 105, 198, 115, 159]
Correct solution
(w = 24) Building and Solving
[runlim] sample:		118.9 time, 110.0 real, 889.4 MB
Value Cyclic-Antibandwidth: 24
Labels: [14, 199, 200, 17, 8, 19, 7, 155, 134, 100, 60, 6, 23, 16, 20, 128, 59, 169, 47, 25, 50, 5, 49, 42, 57, 30, 9, 35, 27, 37, 39, 10, 26, 21, 12, 40, 54, 31, 4, 159, 43, 95, 2, 32, 46, 55, 41, 44, 192, 24, 64, 85, 148, 1, 38, 56, 61, 101, 58, 63, 18, 70, 28, 48, 51, 87, 62, 73, 116, 52, 74, 75, 76, 80, 34, 71, 65, 88, 84, 3, 66, 15, 81, 83, 67, 108, 79, 86, 97, 105, 118, 120, 89, 33, 102, 121, 135, 103, 94, 69, 36, 130, 53, 109, 90, 110, 111, 13, 98, 82, 11, 122, 143, 115, 93, 29, 172, 154, 117, 72, 132, 125, 126, 119, 127, 96, 129, 133, 112, 136, 138, 99, 139, 107, 140, 141, 142, 145, 152, 153, 150, 45, 151, 149, 106, 160, 157, 158, 163, 165, 68, 164, 131, 183, 171, 78, 146, 114, 197, 166, 190, 168, 167, 147, 170, 91, 77, 104, 161, 193, 173, 124, 22, 162, 175, 174, 176, 177, 137, 178, 179, 180, 181, 182, 113, 123, 184, 185, 186, 187, 188, 189, 92, 191, 156, 194, 195, 196, 144, 198]
Correct solution
(w = 25) Building and Solving
[runlim] sample:		132.1 time, 120.0 real, 586.2 MB
[runlim] sample:		142.5 time, 130.0 real, 781.4 MB
Value Cyclic-Antibandwidth: 25
Labels: [17, 199, 200, 31, 140, 190, 167, 10, 142, 9, 139, 95, 146, 13, 38, 7, 178, 12, 18, 54, 19, 20, 45, 80, 145, 21, 6, 22, 25, 188, 11, 47, 4, 3, 15, 61, 29, 158, 143, 160, 28, 30, 33, 16, 34, 35, 27, 40, 14, 67, 37, 39, 46, 24, 58, 59, 23, 60, 63, 64, 36, 65, 74, 83, 62, 69, 75, 100, 68, 42, 91, 77, 2, 93, 48, 70, 82, 84, 73, 49, 168, 102, 50, 121, 103, 5, 78, 109, 119, 105, 106, 66, 85, 101, 108, 131, 55, 127, 115, 86, 87, 110, 111, 112, 107, 122, 113, 97, 99, 116, 88, 117, 118, 52, 123, 98, 43, 94, 134, 125, 126, 53, 135, 129, 32, 124, 163, 172, 148, 81, 136, 130, 133, 92, 152, 147, 132, 176, 149, 150, 51, 104, 151, 137, 157, 153, 154, 155, 41, 162, 56, 1, 57, 161, 186, 128, 156, 72, 164, 197, 165, 193, 166, 8, 169, 192, 170, 171, 159, 76, 174, 90, 120, 114, 175, 173, 79, 177, 144, 26, 179, 180, 181, 182, 183, 71, 184, 185, 89, 187, 44, 189, 141, 191, 96, 194, 195, 196, 138, 198]
Correct solution
(w = 26) Building and Solving
[runlim] sample:		155.5 time, 140.0 real, 963.0 MB
Value Cyclic-Antibandwidth: 26
Labels: [139, 69, 98, 99, 48, 101, 196, 130, 31, 124, 147, 114, 148, 25, 58, 56, 21, 122, 5, 166, 172, 200, 22, 181, 135, 134, 128, 165, 129, 151, 188, 115, 189, 102, 95, 192, 51, 164, 46, 92, 3, 39, 8, 75, 7, 38, 112, 103, 27, 11, 174, 152, 2, 14, 168, 77, 60, 19, 88, 72, 15, 34, 93, 117, 49, 141, 13, 63, 91, 47, 61, 185, 17, 156, 32, 131, 66, 109, 104, 97, 78, 87, 184, 132, 145, 6, 96, 50, 53, 18, 150, 169, 54, 161, 94, 194, 29, 30, 68, 197, 57, 183, 138, 79, 120, 140, 182, 64, 118, 44, 55, 67, 113, 33, 65, 62, 28, 23, 106, 89, 125, 90, 177, 195, 24, 100, 146, 137, 9, 160, 171, 153, 85, 81, 179, 142, 43, 143, 178, 40, 155, 42, 158, 1, 162, 163, 74, 119, 198, 191, 10, 86, 4, 199, 186, 173, 45, 59, 157, 111, 167, 76, 136, 133, 82, 70, 20, 83, 149, 193, 35, 41, 190, 84, 123, 170, 12, 73, 26, 36, 127, 180, 121, 110, 80, 176, 107, 108, 154, 105, 52, 159, 37, 144, 126, 175, 187, 71, 16, 116]
Correct solution
(w = 27) Building and Solving
[runlim] sample:		169.9 time, 150.0 real, 819.4 MB
[runlim] sample:		180.3 time, 160.0 real, 860.8 MB
Value Cyclic-Antibandwidth: 27
Labels: [32, 199, 200, 5, 167, 163, 11, 86, 85, 10, 53, 9, 35, 47, 112, 1, 21, 17, 20, 60, 23, 38, 29, 56, 80, 24, 3, 52, 41, 160, 36, 25, 16, 43, 13, 44, 14, 158, 132, 31, 4, 28, 8, 7, 30, 84, 101, 71, 19, 27, 37, 82, 45, 50, 15, 61, 51, 117, 55, 46, 66, 58, 62, 92, 42, 54, 67, 100, 68, 113, 88, 69, 70, 87, 142, 89, 18, 72, 94, 2, 73, 57, 90, 49, 98, 185, 77, 95, 91, 96, 97, 76, 64, 99, 103, 119, 93, 104, 115, 81, 40, 107, 6, 59, 106, 126, 109, 110, 121, 123, 75, 129, 102, 34, 116, 164, 33, 108, 128, 74, 148, 130, 124, 120, 79, 141, 125, 146, 48, 134, 135, 127, 78, 63, 136, 137, 138, 149, 22, 150, 143, 105, 145, 122, 131, 151, 153, 154, 159, 166, 152, 161, 26, 170, 157, 12, 147, 114, 197, 193, 165, 168, 162, 139, 169, 39, 65, 172, 192, 173, 174, 83, 155, 156, 175, 171, 176, 177, 118, 111, 179, 180, 181, 182, 183, 178, 184, 133, 186, 187, 188, 189, 190, 191, 140, 194, 195, 196, 144, 198]
Correct solution
(w = 28) Building and Solving
[runlim] sample:		193.6 time, 170.0 real, 913.1 MB
Value Cyclic-Antibandwidth: 28
Labels: [143, 78, 73, 65, 141, 107, 25, 83, 188, 95, 71, 23, 63, 92, 82, 28, 160, 170, 44, 176, 15, 53, 24, 13, 148, 166, 117, 79, 162, 193, 85, 27, 192, 38, 66, 155, 70, 158, 133, 45, 99, 168, 116, 174, 163, 149, 139, 112, 41, 173, 191, 185, 98, 103, 152, 12, 126, 56, 128, 190, 146, 57, 172, 19, 135, 102, 124, 29, 80, 68, 20, 105, 167, 178, 196, 189, 22, 118, 90, 62, 171, 51, 134, 151, 10, 120, 153, 2, 140, 33, 30, 76, 74, 50, 129, 131, 59, 86, 37, 182, 101, 180, 32, 9, 8, 46, 54, 121, 7, 36, 55, 186, 75, 132, 114, 34, 123, 31, 187, 127, 49, 125, 179, 6, 130, 14, 16, 48, 164, 69, 199, 87, 60, 104, 11, 5, 94, 194, 26, 43, 35, 110, 1, 138, 52, 42, 77, 169, 111, 106, 21, 4, 147, 40, 72, 136, 157, 88, 161, 91, 39, 181, 165, 61, 154, 183, 67, 177, 184, 113, 97, 93, 108, 17, 145, 175, 197, 100, 58, 89, 84, 64, 195, 142, 3, 200, 122, 81, 47, 96, 150, 119, 109, 156, 144, 137, 18, 198, 115, 159]
Correct solution
(w = 29) Building and Solving
[runlim] sample:		203.9 time, 180.0 real, 1025.1 MB
Value Cyclic-Antibandwidth: 29
Labels: [68, 199, 200, 2, 177, 161, 160, 5, 135, 10, 118, 81, 88, 4, 24, 11, 153, 15, 21, 1, 23, 39, 40, 25, 29, 41, 20, 14, 12, 13, 26, 43, 46, 162, 50, 47, 69, 163, 105, 185, 55, 61, 184, 53, 56, 17, 115, 72, 38, 57, 58, 70, 134, 27, 22, 107, 28, 62, 106, 76, 30, 45, 139, 48, 79, 86, 44, 95, 124, 97, 92, 96, 49, 120, 127, 114, 19, 87, 110, 138, 9, 108, 89, 66, 94, 51, 85, 77, 80, 140, 83, 99, 75, 100, 101, 33, 78, 54, 52, 103, 104, 82, 59, 121, 60, 126, 34, 84, 6, 42, 112, 128, 37, 123, 64, 63, 35, 137, 67, 166, 90, 149, 136, 117, 65, 113, 125, 144, 93, 141, 176, 147, 91, 119, 172, 145, 146, 150, 178, 155, 142, 129, 36, 16, 151, 31, 158, 186, 152, 98, 73, 159, 193, 192, 165, 71, 148, 74, 32, 197, 167, 170, 157, 109, 171, 131, 111, 116, 156, 173, 174, 102, 154, 143, 175, 169, 7, 168, 133, 122, 179, 180, 181, 182, 183, 164, 8, 3, 18, 187, 188, 189, 190, 191, 132, 194, 195, 196, 130, 198]
Correct solution
(w = 30) Building and Solving
[runlim] sample:		217.5 time, 190.0 real, 991.8 MB
[runlim] sample:		227.9 time, 200.0 real, 1046.8 MB
Value Cyclic-Antibandwidth: 30
Labels: [21, 36, 9, 152, 18, 93, 68, 7, 75, 10, 134, 11, 150, 89, 42, 33, 128, 30, 59, 24, 122, 47, 43, 143, 69, 200, 66, 19, 20, 83, 37, 55, 12, 25, 4, 6, 56, 136, 135, 8, 39, 13, 22, 81, 40, 58, 14, 53, 192, 62, 64, 29, 51, 26, 41, 65, 63, 199, 67, 70, 38, 138, 99, 52, 60, 73, 77, 34, 98, 31, 82, 76, 97, 72, 3, 54, 84, 17, 91, 112, 85, 88, 48, 92, 101, 170, 32, 139, 95, 111, 124, 117, 105, 129, 50, 147, 113, 2, 114, 96, 133, 127, 110, 71, 27, 130, 102, 118, 5, 104, 44, 144, 121, 90, 126, 23, 174, 115, 140, 173, 145, 146, 149, 78, 100, 87, 148, 119, 80, 141, 181, 151, 57, 86, 153, 156, 94, 158, 178, 161, 28, 1, 142, 49, 74, 167, 197, 190, 159, 157, 46, 164, 165, 162, 166, 154, 123, 45, 193, 61, 169, 35, 106, 79, 171, 109, 107, 172, 155, 116, 160, 15, 103, 108, 175, 168, 176, 177, 137, 120, 179, 180, 125, 182, 183, 163, 184, 185, 186, 187, 188, 189, 16, 191, 131, 194, 195, 196, 132, 198]
Correct solution
(w = 31) Building and Solving
[runlim] sample:		241.6 time, 210.0 real, 995.4 MB
[runlim] sample:		252.1 time, 220.0 real, 1060.4 MB
Value Cyclic-Antibandwidth: 31
Labels: [79, 38, 69, 98, 61, 16, 67, 187, 3, 113, 101, 164, 149, 132, 74, 1, 6, 138, 89, 129, 172, 114, 21, 53, 183, 154, 178, 45, 196, 166, 48, 139, 163, 143, 106, 121, 71, 180, 4, 100, 8, 39, 9, 125, 50, 22, 13, 200, 87, 126, 173, 179, 58, 158, 24, 199, 186, 18, 95, 35, 66, 130, 118, 160, 165, 184, 25, 51, 83, 19, 57, 192, 55, 40, 17, 189, 155, 124, 135, 93, 90, 131, 128, 42, 120, 60, 41, 70, 44, 92, 68, 185, 63, 110, 94, 194, 11, 86, 144, 47, 75, 159, 117, 46, 127, 32, 43, 141, 137, 161, 82, 181, 151, 49, 15, 37, 20, 142, 136, 91, 109, 10, 197, 188, 140, 73, 97, 193, 7, 85, 81, 34, 14, 177, 30, 195, 112, 171, 115, 77, 103, 76, 182, 5, 123, 162, 102, 148, 167, 147, 88, 80, 54, 198, 145, 64, 31, 84, 108, 111, 152, 107, 119, 133, 175, 2, 28, 78, 122, 169, 99, 36, 33, 116, 52, 146, 62, 96, 12, 56, 26, 104, 153, 23, 72, 134, 59, 190, 170, 150, 105, 176, 27, 174, 65, 191, 168, 29, 156, 157]
Correct solution
(w = 32) Building and Solving
[runlim] sample:		266.6 time, 230.0 real, 944.6 MB
[runlim] sample:		277.9 time, 240.0 real, 1224.4 MB
Value Cyclic-Antibandwidth: 32
Labels: [29, 199, 200, 35, 135, 149, 156, 197, 70, 129, 77, 3, 97, 8, 27, 170, 79, 192, 64, 32, 25, 24, 39, 19, 76, 15, 9, 13, 20, 16, 34, 154, 14, 11, 30, 74, 80, 42, 172, 2, 36, 17, 50, 10, 41, 46, 37, 40, 176, 47, 61, 22, 102, 56, 26, 119, 78, 12, 90, 60, 51, 67, 48, 18, 62, 63, 68, 91, 160, 82, 115, 49, 5, 125, 45, 72, 69, 43, 33, 175, 75, 1, 55, 112, 57, 114, 92, 106, 83, 147, 146, 93, 98, 116, 101, 130, 132, 124, 117, 94, 133, 118, 105, 100, 38, 120, 65, 53, 96, 122, 86, 31, 167, 71, 131, 7, 188, 52, 137, 138, 139, 144, 140, 145, 99, 111, 142, 108, 143, 107, 148, 185, 126, 152, 151, 150, 87, 166, 113, 155, 110, 54, 23, 183, 157, 158, 190, 136, 162, 163, 85, 164, 193, 95, 165, 84, 104, 73, 168, 88, 169, 153, 159, 58, 171, 81, 103, 109, 59, 173, 174, 21, 28, 44, 141, 134, 6, 177, 121, 178, 179, 180, 181, 182, 89, 161, 184, 123, 186, 187, 66, 189, 127, 191, 4, 194, 195, 196, 128, 198]
Correct solution
(w = 33) Building and Solving
[runlim] sample:		290.9 time, 250.0 real, 1116.9 MB
Value Cyclic-Antibandwidth: 33
Labels: [159, 199, 200, 61, 12, 2, 165, 13, 120, 74, 60, 43, 85, 7, 28, 41, 77, 27, 30, 33, 45, 65, 47, 127, 76, 49, 5, 9, 123, 14, 19, 117, 17, 3, 39, 54, 68, 140, 145, 133, 8, 10, 55, 67, 72, 52, 18, 91, 188, 83, 131, 100, 34, 6, 59, 1, 15, 109, 101, 46, 192, 80, 132, 22, 4, 81, 35, 86, 44, 23, 53, 38, 57, 96, 48, 84, 94, 69, 125, 119, 70, 37, 20, 128, 98, 92, 42, 103, 29, 130, 16, 64, 104, 110, 24, 50, 36, 87, 118, 95, 73, 142, 105, 82, 21, 40, 31, 99, 111, 89, 108, 129, 126, 63, 56, 11, 51, 66, 75, 178, 141, 134, 112, 79, 113, 135, 114, 179, 71, 136, 151, 149, 97, 106, 153, 116, 148, 186, 144, 158, 137, 32, 147, 138, 197, 155, 193, 115, 161, 162, 146, 163, 164, 157, 166, 102, 139, 167, 168, 122, 169, 170, 156, 143, 171, 25, 88, 172, 152, 173, 174, 58, 150, 154, 175, 90, 176, 177, 62, 107, 26, 180, 181, 182, 183, 160, 184, 185, 121, 187, 93, 189, 190, 191, 124, 194, 195, 196, 78, 198]
Correct solution
(w = 34) Building and Solving
[runlim] sample:		304.5 time, 260.0 real, 1039.4 MB
[runlim] sample:		314.9 time, 270.0 real, 1118.2 MB
Value Cyclic-Antibandwidth: 34
Labels: [125, 98, 3, 61, 54, 97, 135, 200, 15, 164, 89, 105, 197, 21, 117, 16, 24, 18, 142, 90, 178, 30, 38, 168, 113, 139, 133, 103, 109, 148, 165, 196, 131, 144, 104, 14, 128, 184, 28, 111, 11, 69, 78, 155, 62, 77, 193, 145, 49, 45, 106, 163, 86, 50, 156, 67, 46, 2, 10, 84, 161, 143, 93, 130, 199, 40, 33, 57, 190, 1, 51, 149, 35, 123, 91, 175, 29, 8, 112, 101, 122, 187, 58, 6, 140, 39, 32, 129, 85, 4, 134, 19, 75, 192, 71, 188, 37, 95, 189, 26, 70, 141, 120, 79, 169, 173, 36, 185, 115, 127, 63, 73, 136, 25, 64, 66, 23, 42, 107, 150, 198, 5, 186, 27, 17, 60, 158, 162, 9, 124, 159, 80, 92, 102, 154, 116, 55, 153, 194, 118, 88, 48, 53, 34, 176, 174, 121, 180, 44, 22, 31, 137, 47, 195, 181, 94, 65, 100, 179, 183, 147, 87, 171, 96, 76, 12, 20, 182, 167, 41, 99, 72, 108, 126, 166, 160, 138, 172, 7, 74, 146, 157, 110, 170, 68, 82, 132, 56, 59, 114, 43, 177, 83, 52, 119, 152, 151, 81, 191, 13]
Correct solution
(w = 35) Building and Solving
[runlim] sample:		329.6 time, 280.0 real, 926.2 MB
[runlim] sample:		340.0 time, 290.0 real, 959.9 MB
Value Cyclic-Antibandwidth: 35
Labels: [71, 57, 9, 153, 136, 199, 49, 33, 7, 117, 182, 82, 178, 196, 43, 1, 99, 185, 10, 18, 67, 184, 86, 168, 121, 164, 119, 134, 165, 112, 146, 32, 133, 173, 172, 147, 80, 183, 68, 81, 12, 125, 19, 64, 8, 40, 152, 188, 60, 97, 157, 161, 27, 127, 107, 162, 177, 23, 89, 160, 139, 135, 101, 120, 129, 58, 13, 39, 200, 5, 109, 151, 90, 73, 75, 15, 94, 190, 52, 169, 24, 163, 66, 149, 191, 2, 37, 105, 25, 16, 30, 128, 110, 187, 42, 159, 88, 91, 194, 103, 95, 113, 63, 47, 171, 143, 158, 179, 53, 79, 6, 144, 122, 11, 46, 51, 74, 130, 126, 93, 77, 96, 166, 192, 138, 20, 156, 59, 4, 150, 102, 48, 83, 197, 154, 186, 195, 155, 35, 84, 62, 124, 31, 28, 123, 193, 34, 180, 137, 176, 3, 174, 55, 140, 104, 78, 98, 26, 108, 111, 170, 61, 131, 189, 76, 14, 36, 87, 198, 115, 72, 85, 100, 69, 45, 114, 44, 22, 116, 92, 181, 175, 41, 56, 21, 118, 148, 38, 141, 167, 70, 17, 54, 50, 65, 142, 145, 29, 106, 132]
Correct solution
(w = 36) Building and Solving
[runlim] sample:		355.6 time, 300.0 real, 929.4 MB
[runlim] sample:		365.9 time, 310.0 real, 1110.4 MB
Value Cyclic-Antibandwidth: 36
Labels: [68, 72, 54, 83, 74, 94, 179, 26, 13, 166, 84, 159, 185, 194, 177, 5, 89, 36, 144, 121, 157, 41, 114, 100, 158, 137, 21, 160, 120, 142, 42, 48, 178, 196, 118, 134, 28, 117, 24, 56, 14, 152, 78, 190, 88, 61, 187, 176, 50, 127, 32, 148, 60, 130, 115, 183, 146, 18, 96, 95, 200, 70, 92, 189, 195, 34, 35, 52, 15, 9, 63, 168, 67, 39, 90, 139, 151, 119, 107, 101, 126, 43, 112, 149, 184, 4, 65, 150, 125, 10, 102, 7, 77, 171, 31, 174, 20, 165, 162, 38, 82, 153, 104, 62, 169, 79, 135, 181, 170, 23, 55, 106, 86, 49, 99, 53, 16, 156, 172, 97, 197, 98, 129, 122, 3, 143, 22, 199, 12, 155, 133, 40, 11, 73, 131, 182, 45, 46, 180, 8, 123, 108, 71, 33, 47, 198, 27, 136, 140, 138, 37, 167, 6, 105, 186, 69, 2, 91, 109, 164, 128, 59, 163, 19, 76, 17, 30, 154, 116, 188, 1, 75, 132, 103, 57, 145, 58, 64, 192, 80, 29, 147, 111, 161, 93, 110, 85, 25, 141, 51, 191, 175, 87, 193, 66, 44, 113, 81, 173, 124]
Correct solution
(w = 37) Building and Solving
[runlim] sample:		381.7 time, 320.0 real, 980.9 MB
[runlim] sample:		392.1 time, 330.0 real, 1204.6 MB
Value Cyclic-Antibandwidth: 37
Labels: [19, 14, 1, 58, 164, 96, 161, 180, 98, 169, 40, 25, 20, 89, 36, 48, 87, 158, 160, 154, 85, 123, 110, 8, 155, 198, 119, 32, 37, 127, 113, 171, 130, 26, 199, 128, 22, 170, 100, 138, 15, 185, 78, 50, 18, 82, 24, 107, 53, 99, 131, 153, 13, 31, 121, 150, 159, 2, 77, 143, 27, 137, 90, 132, 102, 144, 33, 43, 200, 9, 125, 190, 141, 177, 81, 146, 156, 117, 178, 83, 139, 173, 103, 10, 148, 34, 11, 70, 193, 76, 30, 101, 42, 157, 95, 104, 92, 94, 41, 111, 57, 115, 65, 54, 179, 184, 181, 69, 135, 191, 6, 120, 66, 23, 74, 39, 80, 167, 166, 97, 140, 7, 118, 183, 196, 142, 116, 72, 17, 55, 106, 35, 79, 165, 187, 189, 186, 192, 174, 12, 133, 122, 62, 28, 75, 172, 114, 151, 195, 182, 175, 129, 3, 197, 136, 21, 46, 38, 145, 109, 52, 51, 105, 194, 93, 5, 61, 162, 49, 176, 84, 86, 4, 71, 29, 168, 149, 64, 108, 56, 163, 88, 44, 16, 63, 134, 112, 91, 152, 188, 67, 47, 60, 59, 68, 73, 147, 45, 126, 124]
Correct solution
(w = 38) Building and Solving
[runlim] sample:		407.8 time, 340.0 real, 872.6 MB
[runlim] sample:		418.1 time, 350.0 real, 1136.7 MB
Value Cyclic-Antibandwidth: 38
Labels: [123, 125, 200, 10, 90, 2, 156, 184, 86, 166, 52, 27, 84, 109, 41, 51, 145, 42, 71, 38, 14, 34, 112, 40, 98, 13, 9, 79, 26, 119, 135, 3, 149, 6, 182, 18, 87, 35, 128, 137, 28, 22, 4, 20, 24, 45, 120, 43, 187, 74, 58, 59, 80, 62, 46, 60, 63, 7, 106, 56, 16, 65, 94, 96, 124, 110, 54, 55, 107, 136, 66, 64, 23, 100, 101, 70, 37, 69, 8, 104, 82, 92, 61, 113, 146, 147, 47, 93, 72, 115, 49, 83, 76, 102, 141, 179, 116, 131, 171, 158, 140, 117, 68, 77, 121, 39, 36, 178, 78, 139, 50, 5, 133, 57, 95, 31, 126, 73, 132, 144, 99, 33, 114, 44, 97, 32, 150, 162, 173, 81, 148, 199, 159, 165, 197, 193, 143, 25, 161, 151, 89, 53, 142, 134, 155, 12, 163, 129, 108, 157, 75, 164, 91, 154, 1, 111, 127, 167, 168, 130, 169, 160, 152, 105, 170, 118, 11, 172, 138, 17, 174, 19, 103, 88, 175, 48, 176, 177, 122, 30, 21, 180, 181, 67, 183, 153, 15, 185, 186, 29, 188, 189, 190, 191, 192, 194, 195, 196, 85, 198]
Correct solution
(w = 39) Building and Solving
[runlim] sample:		433.1 time, 360.0 real, 1022.3 MB
[runlim] sample:		443.5 time, 370.0 real, 1258.7 MB
[runlim] sample:		455.5 time, 380.0 real, 1362.3 MB
Value Cyclic-Antibandwidth: 39
Labels: [24, 95, 94, 98, 19, 200, 178, 66, 7, 168, 121, 64, 156, 189, 48, 50, 9, 159, 4, 141, 174, 175, 20, 89, 161, 157, 104, 128, 136, 115, 186, 59, 167, 107, 113, 169, 87, 162, 88, 93, 18, 193, 76, 73, 173, 38, 191, 112, 75, 133, 129, 131, 34, 54, 117, 68, 140, 6, 96, 3, 8, 145, 114, 182, 30, 39, 13, 44, 97, 5, 63, 180, 69, 171, 2, 134, 92, 22, 181, 102, 40, 127, 111, 152, 184, 78, 65, 108, 32, 47, 126, 198, 35, 176, 28, 195, 14, 10, 150, 192, 74, 11, 101, 58, 103, 149, 188, 197, 165, 82, 12, 122, 147, 57, 51, 49, 83, 41, 90, 91, 154, 144, 187, 137, 70, 151, 124, 62, 33, 120, 79, 23, 15, 170, 80, 183, 31, 148, 163, 118, 158, 138, 27, 60, 42, 55, 36, 119, 143, 177, 139, 77, 81, 196, 185, 172, 25, 29, 153, 166, 109, 46, 125, 45, 53, 56, 132, 99, 26, 110, 16, 17, 1, 155, 142, 72, 105, 37, 85, 100, 71, 179, 84, 123, 43, 160, 190, 67, 106, 194, 130, 146, 52, 61, 116, 21, 199, 86, 135, 164]
Correct solution
(w = 40) Building and Solving
[runlim] sample:		470.2 time, 390.0 real, 1222.7 MB
[runlim] sample:		480.7 time, 400.0 real, 1149.5 MB
Value Cyclic-Antibandwidth: 40
Labels: [23, 139, 65, 26, 104, 130, 147, 36, 78, 18, 145, 140, 117, 13, 22, 59, 155, 156, 157, 56, 193, 151, 109, 43, 168, 10, 131, 102, 146, 38, 3, 57, 45, 52, 30, 73, 178, 125, 114, 188, 148, 12, 92, 199, 51, 166, 120, 61, 124, 175, 160, 189, 154, 93, 162, 177, 135, 58, 161, 183, 101, 99, 164, 144, 105, 163, 150, 90, 50, 84, 5, 180, 44, 182, 8, 115, 68, 185, 2, 152, 70, 195, 174, 7, 37, 48, 186, 34, 192, 88, 111, 67, 80, 171, 1, 141, 170, 122, 62, 79, 172, 14, 21, 97, 113, 173, 42, 19, 35, 16, 149, 85, 66, 190, 142, 9, 6, 28, 49, 112, 123, 83, 167, 77, 81, 98, 76, 100, 20, 129, 11, 24, 31, 95, 158, 133, 46, 47, 194, 143, 136, 179, 132, 153, 107, 39, 137, 169, 75, 126, 60, 82, 191, 89, 55, 176, 17, 53, 138, 54, 197, 128, 25, 71, 69, 72, 63, 106, 33, 184, 110, 15, 4, 103, 200, 94, 159, 91, 32, 116, 27, 121, 86, 40, 74, 64, 165, 127, 196, 187, 119, 41, 108, 29, 134, 198, 118, 181, 87, 96]
Correct solution
(w = 41) Building and Solving
[runlim] sample:		496.1 time, 410.0 real, 976.1 MB
[runlim] sample:		506.6 time, 420.0 real, 1208.8 MB
Value Cyclic-Antibandwidth: 41
Labels: [43, 158, 68, 41, 21, 144, 183, 186, 86, 30, 180, 45, 131, 11, 23, 188, 129, 109, 116, 17, 171, 91, 133, 52, 140, 55, 63, 44, 118, 58, 51, 87, 48, 102, 38, 107, 173, 46, 74, 149, 93, 12, 135, 89, 130, 179, 20, 99, 112, 115, 182, 40, 154, 90, 163, 96, 166, 76, 155, 27, 33, 105, 50, 185, 196, 176, 142, 100, 59, 199, 34, 174, 127, 181, 8, 53, 69, 125, 139, 150, 117, 195, 193, 192, 66, 72, 177, 36, 172, 101, 84, 64, 5, 10, 6, 141, 121, 136, 146, 106, 138, 15, 75, 164, 2, 170, 54, 189, 37, 81, 71, 24, 165, 119, 191, 198, 145, 26, 184, 113, 56, 169, 29, 190, 175, 88, 111, 61, 65, 197, 32, 110, 160, 49, 97, 156, 19, 82, 151, 92, 161, 14, 123, 152, 1, 62, 132, 16, 31, 83, 77, 22, 95, 18, 108, 126, 122, 67, 148, 153, 80, 143, 168, 13, 57, 137, 124, 98, 120, 42, 85, 25, 35, 159, 200, 147, 60, 128, 94, 194, 3, 70, 167, 7, 157, 79, 162, 73, 4, 187, 114, 78, 9, 28, 134, 47, 103, 178, 104, 39]
Correct solution
(w = 42) Building and Solving
[runlim] sample:		521.6 time, 430.0 real, 897.2 MB
[runlim] sample:		531.6 time, 440.0 real, 1241.7 MB
Value Cyclic-Antibandwidth: 42
Labels: [184, 32, 67, 30, 65, 191, 77, 53, 96, 126, 78, 22, 135, 36, 148, 112, 60, 180, 66, 144, 147, 47, 11, 58, 129, 181, 14, 110, 20, 34, 28, 10, 26, 117, 198, 121, 84, 136, 2, 37, 80, 189, 192, 176, 91, 72, 157, 139, 6, 172, 82, 134, 93, 170, 55, 141, 97, 194, 137, 152, 104, 128, 164, 45, 155, 81, 64, 99, 165, 18, 122, 154, 111, 115, 156, 107, 19, 163, 69, 51, 87, 150, 179, 108, 24, 1, 56, 199, 106, 31, 132, 169, 68, 98, 174, 21, 109, 193, 71, 73, 41, 17, 16, 162, 13, 85, 100, 83, 153, 12, 173, 133, 59, 160, 168, 7, 15, 95, 113, 50, 143, 142, 188, 118, 140, 125, 146, 200, 183, 35, 39, 88, 62, 102, 116, 76, 23, 94, 130, 70, 89, 105, 186, 79, 38, 149, 61, 4, 127, 25, 74, 3, 145, 46, 190, 159, 9, 90, 49, 86, 197, 151, 8, 114, 166, 124, 123, 182, 171, 42, 185, 27, 54, 43, 161, 40, 63, 57, 44, 29, 33, 52, 120, 131, 101, 5, 75, 48, 167, 187, 175, 158, 119, 196, 92, 195, 103, 178, 177, 138]
Correct solution
(w = 43) Building and Solving
[runlim] sample:		551.0 time, 450.0 real, 993.2 MB
[runlim] sample:		561.4 time, 460.0 real, 1253.7 MB
[runlim] sample:		571.9 time, 470.0 real, 1191.9 MB
Value Cyclic-Antibandwidth: 43
Labels: [182, 24, 72, 28, 13, 180, 46, 48, 71, 183, 160, 164, 149, 154, 17, 75, 135, 12, 89, 108, 59, 21, 153, 25, 116, 170, 94, 64, 5, 147, 179, 19, 169, 139, 167, 131, 163, 35, 44, 157, 2, 194, 82, 68, 199, 83, 145, 151, 197, 127, 56, 70, 168, 69, 3, 96, 105, 26, 95, 152, 98, 78, 120, 181, 15, 14, 119, 41, 84, 22, 74, 156, 81, 158, 191, 100, 61, 53, 185, 121, 188, 54, 172, 6, 112, 128, 11, 76, 113, 57, 55, 33, 133, 137, 129, 177, 171, 161, 138, 174, 115, 7, 23, 106, 142, 52, 31, 176, 60, 198, 124, 132, 150, 99, 29, 20, 184, 63, 36, 125, 141, 42, 144, 97, 159, 90, 102, 65, 62, 126, 80, 192, 186, 86, 37, 173, 110, 155, 77, 195, 109, 136, 9, 122, 93, 73, 50, 38, 123, 40, 45, 34, 43, 8, 1, 162, 4, 111, 91, 117, 27, 85, 88, 49, 190, 107, 130, 30, 118, 58, 148, 189, 146, 79, 200, 66, 92, 143, 193, 140, 165, 51, 67, 10, 101, 87, 16, 18, 196, 187, 114, 32, 175, 166, 134, 47, 103, 178, 104, 39]
Correct solution
(w = 44) Building and Solving
[runlim] sample:		588.7 time, 480.0 real, 1058.4 MB
[runlim] sample:		599.1 time, 490.0 real, 1380.7 MB
Value Cyclic-Antibandwidth: 44
Labels: [165, 31, 179, 53, 5, 174, 190, 170, 173, 181, 180, 47, 86, 200, 58, 28, 177, 186, 100, 94, 151, 63, 109, 16, 110, 199, 166, 112, 20, 113, 196, 59, 83, 62, 129, 98, 138, 140, 25, 6, 149, 176, 60, 91, 69, 168, 157, 195, 37, 67, 126, 111, 141, 46, 81, 30, 74, 192, 131, 84, 76, 184, 102, 162, 14, 61, 108, 44, 88, 187, 78, 145, 92, 160, 122, 142, 64, 51, 153, 156, 73, 119, 8, 10, 49, 22, 18, 172, 146, 2, 34, 50, 32, 101, 139, 105, 117, 171, 15, 175, 45, 66, 185, 40, 147, 103, 158, 164, 12, 1, 135, 144, 178, 54, 121, 21, 188, 143, 23, 93, 29, 148, 134, 159, 96, 118, 82, 191, 42, 132, 116, 11, 198, 127, 77, 167, 107, 183, 9, 182, 128, 152, 48, 35, 115, 75, 55, 123, 137, 52, 33, 13, 71, 41, 87, 68, 27, 43, 106, 155, 39, 97, 19, 36, 56, 124, 65, 90, 70, 189, 161, 79, 133, 85, 17, 95, 99, 120, 193, 125, 197, 169, 4, 114, 72, 3, 163, 154, 24, 57, 130, 7, 150, 38, 104, 26, 136, 194, 80, 89]
Correct solution
(w = 45) Building and Solving
[runlim] sample:		616.3 time, 500.0 real, 1085.0 MB
[runlim] sample:		626.7 time, 510.0 real, 1393.0 MB
[runlim] sample:		637.2 time, 520.0 real, 1405.4 MB
Value Cyclic-Antibandwidth: 45
Labels: [74, 159, 72, 100, 38, 140, 153, 145, 54, 141, 155, 108, 103, 16, 176, 41, 128, 43, 189, 137, 160, 196, 20, 32, 121, 164, 67, 192, 146, 186, 47, 40, 163, 85, 183, 84, 182, 78, 96, 139, 87, 175, 70, 127, 156, 29, 129, 51, 36, 6, 7, 138, 193, 106, 169, 25, 115, 56, 69, 190, 60, 199, 162, 119, 133, 30, 2, 81, 31, 82, 191, 185, 34, 171, 19, 27, 48, 68, 170, 126, 10, 1, 142, 116, 58, 83, 172, 150, 124, 37, 5, 184, 15, 8, 101, 65, 165, 122, 158, 147, 112, 18, 188, 42, 77, 118, 9, 143, 23, 91, 53, 90, 174, 22, 194, 180, 148, 35, 179, 102, 113, 144, 107, 3, 17, 62, 63, 88, 66, 181, 98, 198, 166, 71, 157, 52, 104, 149, 79, 125, 13, 114, 109, 50, 59, 21, 61, 123, 80, 89, 26, 76, 4, 24, 95, 97, 117, 75, 130, 73, 135, 161, 33, 57, 99, 46, 168, 120, 64, 131, 49, 105, 111, 132, 173, 167, 11, 28, 44, 154, 14, 93, 200, 187, 197, 45, 152, 12, 177, 86, 151, 110, 136, 92, 134, 195, 55, 178, 94, 39]
Correct solution
(w = 46) Building and Solving
[runlim] sample:		654.7 time, 530.0 real, 1026.7 MB
[runlim] sample:		665.1 time, 540.0 real, 1410.6 MB
Value Cyclic-Antibandwidth: 46
Labels: [144, 39, 78, 86, 143, 15, 180, 99, 164, 178, 12, 76, 190, 51, 55, 142, 131, 152, 193, 109, 81, 27, 174, 128, 137, 191, 126, 31, 157, 189, 179, 96, 18, 35, 49, 90, 61, 129, 68, 84, 38, 92, 116, 14, 119, 87, 122, 13, 200, 20, 75, 114, 120, 94, 98, 40, 135, 199, 140, 146, 37, 127, 47, 43, 121, 150, 36, 100, 21, 101, 103, 60, 168, 11, 34, 3, 71, 69, 67, 153, 7, 6, 80, 194, 66, 147, 176, 170, 82, 198, 160, 196, 8, 44, 17, 132, 42, 57, 181, 2, 106, 148, 159, 184, 91, 4, 167, 56, 115, 163, 123, 102, 89, 145, 133, 70, 54, 97, 172, 24, 138, 112, 53, 173, 5, 186, 130, 171, 105, 185, 41, 187, 19, 16, 162, 141, 107, 192, 62, 32, 161, 169, 118, 46, 58, 85, 72, 88, 113, 139, 1, 154, 108, 83, 10, 50, 124, 158, 165, 23, 73, 59, 183, 149, 95, 26, 195, 188, 93, 111, 52, 134, 77, 64, 25, 63, 29, 45, 175, 155, 182, 79, 28, 48, 22, 197, 33, 156, 177, 74, 30, 110, 136, 65, 151, 117, 125, 9, 104, 166]
Correct solution
(w = 47) Building and Solving
[runlim] sample:		683.3 time, 550.0 real, 1044.0 MB
[runlim] sample:		693.8 time, 560.0 real, 1405.9 MB
[runlim] sample:		704.3 time, 570.0 real, 1303.8 MB
Value Cyclic-Antibandwidth: 47
Labels: [181, 163, 15, 184, 89, 158, 16, 160, 112, 98, 12, 196, 144, 122, 56, 47, 136, 68, 25, 101, 35, 179, 62, 28, 119, 96, 146, 43, 129, 152, 10, 97, 173, 30, 64, 79, 54, 46, 147, 41, 93, 113, 58, 159, 6, 81, 140, 50, 22, 65, 191, 104, 24, 192, 106, 51, 190, 49, 33, 73, 139, 118, 126, 107, 165, 175, 29, 17, 67, 2, 200, 198, 60, 109, 90, 37, 74, 53, 145, 127, 9, 105, 123, 7, 168, 20, 23, 103, 99, 125, 78, 169, 189, 52, 178, 77, 76, 157, 18, 135, 186, 142, 188, 8, 57, 11, 38, 176, 1, 149, 32, 83, 110, 195, 88, 183, 134, 45, 130, 128, 194, 82, 55, 133, 34, 84, 91, 156, 80, 193, 117, 185, 143, 187, 42, 114, 27, 177, 72, 120, 164, 21, 124, 44, 154, 70, 75, 87, 61, 138, 3, 170, 94, 4, 26, 100, 85, 182, 108, 31, 131, 102, 40, 5, 116, 66, 39, 174, 155, 63, 153, 115, 166, 161, 13, 111, 141, 59, 151, 150, 180, 137, 167, 69, 14, 148, 132, 48, 19, 172, 86, 199, 121, 171, 95, 36, 162, 197, 92, 71]
Correct solution
(w = 48) Building and Solving
[runlim] sample:		723.3 time, 580.0 real, 1041.1 MB
[runlim] sample:		733.3 time, 590.0 real, 1387.1 MB
[runlim] sample:		745.7 time, 600.0 real, 1540.3 MB
Value Cyclic-Antibandwidth: 48
Labels: [148, 35, 129, 71, 166, 99, 169, 194, 119, 193, 145, 24, 173, 146, 52, 180, 176, 150, 199, 111, 32, 195, 81, 158, 186, 54, 5, 79, 154, 132, 2, 17, 130, 164, 65, 95, 11, 98, 121, 110, 170, 149, 84, 101, 4, 45, 144, 12, 192, 77, 140, 59, 15, 100, 38, 76, 185, 134, 200, 66, 183, 131, 92, 187, 142, 188, 123, 1, 96, 6, 33, 31, 60, 182, 53, 105, 63, 42, 83, 143, 14, 56, 34, 178, 85, 137, 57, 50, 51, 114, 163, 196, 190, 155, 8, 136, 70, 109, 152, 179, 184, 189, 91, 118, 124, 43, 46, 78, 21, 160, 133, 117, 175, 73, 62, 48, 49, 55, 82, 103, 197, 138, 89, 167, 86, 126, 161, 61, 74, 23, 102, 141, 16, 88, 58, 165, 115, 127, 41, 174, 18, 156, 157, 198, 113, 97, 36, 19, 151, 112, 9, 177, 27, 39, 168, 116, 20, 122, 104, 108, 162, 68, 30, 181, 72, 22, 37, 93, 139, 69, 107, 90, 67, 10, 191, 64, 80, 29, 128, 135, 40, 159, 28, 44, 13, 153, 3, 25, 120, 26, 106, 172, 147, 75, 87, 47, 125, 7, 171, 94]
Correct solution
(w = 49) Building and Solving
[runlim] sample:		765.3 time, 610.0 real, 978.5 MB
[runlim] sample:		775.4 time, 620.0 real, 1265.7 MB
[runlim] sample:		794.0 time, 630.0 real, 2286.1 MB
Value Cyclic-Antibandwidth: 49
Labels: [4, 6, 36, 107, 124, 184, 42, 35, 57, 170, 118, 117, 159, 174, 147, 198, 75, 138, 54, 188, 55, 45, 99, 2, 185, 14, 95, 155, 56, 16, 34, 21, 142, 144, 195, 70, 72, 52, 108, 140, 84, 119, 65, 28, 44, 60, 128, 100, 38, 85, 48, 172, 157, 110, 71, 77, 1, 50, 67, 176, 31, 20, 131, 134, 83, 96, 61, 78, 192, 180, 177, 199, 29, 179, 151, 76, 79, 19, 74, 27, 191, 98, 68, 8, 30, 9, 5, 193, 109, 105, 97, 49, 103, 11, 133, 46, 106, 149, 12, 18, 146, 181, 153, 169, 112, 43, 196, 94, 168, 111, 102, 121, 186, 37, 89, 130, 3, 129, 158, 80, 178, 120, 116, 73, 51, 145, 139, 113, 150, 53, 187, 173, 162, 13, 23, 32, 164, 143, 167, 115, 90, 81, 141, 69, 163, 135, 152, 91, 82, 137, 190, 160, 64, 39, 114, 183, 132, 154, 194, 10, 101, 148, 33, 165, 127, 175, 63, 125, 66, 41, 122, 126, 87, 156, 161, 58, 40, 59, 47, 88, 17, 166, 25, 15, 197, 7, 93, 123, 24, 182, 86, 200, 136, 171, 92, 22, 62, 189, 104, 26]
Correct solution
(w = 50) Building and Solving
[runlim] sample:		806.8 time, 640.0 real, 1024.2 MB
[runlim] sample:		817.1 time, 650.0 real, 1443.5 MB
[runlim] sample:		840.9 time, 660.0 real, 2478.5 MB
Value Cyclic-Antibandwidth: 50
Labels: [84, 193, 122, 150, 68, 73, 152, 114, 54, 40, 70, 189, 30, 94, 186, 198, 131, 6, 14, 109, 191, 46, 64, 125, 43, 153, 96, 75, 118, 132, 165, 11, 134, 139, 112, 126, 162, 25, 130, 166, 22, 133, 82, 123, 77, 83, 159, 197, 196, 187, 188, 113, 181, 138, 157, 171, 24, 100, 62, 55, 18, 92, 142, 137, 184, 4, 91, 7, 61, 90, 169, 41, 35, 5, 147, 106, 66, 56, 115, 88, 51, 141, 21, 136, 57, 28, 160, 144, 110, 121, 98, 67, 99, 36, 185, 29, 33, 72, 32, 9, 178, 200, 101, 111, 140, 170, 42, 180, 172, 179, 93, 97, 48, 190, 69, 183, 156, 53, 154, 107, 199, 108, 86, 116, 39, 59, 44, 2, 20, 79, 151, 167, 76, 80, 38, 52, 155, 1, 3, 177, 117, 143, 103, 195, 26, 81, 37, 17, 194, 12, 13, 163, 174, 149, 168, 175, 23, 71, 65, 47, 102, 19, 74, 45, 148, 8, 10, 145, 50, 176, 27, 87, 146, 161, 192, 135, 173, 34, 164, 129, 16, 124, 31, 58, 63, 85, 95, 105, 78, 49, 60, 182, 128, 158, 15, 119, 89, 120, 104, 127]
Correct solution
(w = 51) Building and Solving
[runlim] sample:		853.4 time, 670.0 real, 1045.2 MB
[runlim] sample:		863.4 time, 680.0 real, 1264.2 MB
[runlim] sample:		880.3 time, 690.0 real, 2471.7 MB
Value Cyclic-Antibandwidth: 51
Labels: [22, 160, 15, 79, 44, 8, 198, 166, 20, 88, 2, 97, 117, 190, 103, 175, 161, 154, 18, 187, 138, 45, 73, 116, 162, 123, 67, 30, 158, 124, 196, 125, 82, 131, 165, 69, 136, 55, 164, 129, 4, 133, 61, 178, 106, 182, 167, 52, 40, 70, 11, 157, 113, 64, 120, 132, 188, 46, 192, 95, 199, 148, 115, 5, 32, 105, 193, 63, 12, 197, 107, 179, 99, 174, 130, 38, 62, 186, 84, 3, 25, 173, 147, 112, 42, 33, 163, 140, 155, 41, 83, 51, 118, 185, 9, 48, 35, 28, 1, 183, 111, 156, 71, 90, 144, 104, 7, 145, 141, 78, 36, 108, 194, 91, 76, 110, 169, 93, 114, 31, 58, 128, 96, 39, 17, 86, 34, 54, 150, 50, 53, 127, 195, 56, 65, 191, 16, 135, 176, 151, 10, 49, 80, 200, 29, 109, 170, 6, 122, 66, 37, 87, 119, 47, 74, 23, 159, 81, 184, 180, 43, 177, 77, 171, 126, 143, 121, 68, 85, 149, 19, 92, 94, 98, 137, 153, 57, 26, 101, 89, 189, 146, 152, 168, 24, 27, 75, 172, 21, 100, 59, 142, 139, 72, 134, 13, 14, 181, 102, 60]
Correct solution
(w = 52) Building and Solving
[runlim] sample:		898.8 time, 700.0 real, 1051.6 MB
[runlim] sample:		908.8 time, 710.0 real, 1598.8 MB
[runlim] sample:		919.8 time, 720.0 real, 1407.7 MB
[runlim] sample:		957.9 time, 730.0 real, 2509.6 MB
Value Cyclic-Antibandwidth: 52
Labels: [152, 195, 146, 117, 116, 175, 188, 162, 49, 62, 143, 140, 183, 159, 112, 38, 176, 130, 82, 181, 14, 66, 59, 94, 35, 157, 88, 69, 121, 189, 114, 13, 97, 158, 133, 90, 52, 73, 134, 129, 193, 83, 100, 61, 190, 36, 131, 103, 85, 63, 180, 31, 6, 107, 4, 67, 169, 111, 11, 19, 2, 55, 144, 153, 192, 7, 200, 81, 29, 5, 56, 155, 74, 30, 24, 163, 64, 72, 179, 194, 68, 58, 9, 48, 84, 122, 21, 118, 199, 76, 89, 12, 145, 34, 173, 45, 23, 147, 149, 184, 187, 79, 57, 105, 125, 53, 43, 1, 75, 99, 137, 136, 170, 60, 54, 102, 20, 44, 70, 154, 160, 3, 91, 77, 28, 98, 96, 71, 119, 8, 78, 135, 198, 108, 80, 167, 161, 124, 42, 164, 51, 65, 156, 171, 95, 120, 196, 27, 123, 127, 26, 109, 41, 37, 177, 106, 25, 128, 10, 191, 126, 174, 50, 93, 142, 40, 17, 101, 87, 165, 138, 92, 182, 197, 141, 32, 148, 178, 110, 172, 39, 150, 33, 132, 47, 186, 18, 16, 113, 15, 22, 168, 139, 151, 115, 46, 166, 185, 104, 86]
Correct solution
(w = 53) Building and Solving
[runlim] sample:		968.9 time, 740.0 real, 992.8 MB
[runlim] sample:		979.6 time, 750.0 real, 1360.4 MB
[runlim] sample:		998.5 time, 760.0 real, 2500.5 MB
Value Cyclic-Antibandwidth: 53
Labels: [32, 39, 86, 68, 27, 135, 162, 11, 132, 187, 182, 31, 56, 151, 192, 6, 83, 145, 169, 167, 95, 78, 139, 73, 153, 80, 76, 150, 97, 61, 18, 47, 43, 48, 69, 140, 108, 64, 63, 12, 138, 89, 114, 144, 116, 174, 67, 91, 35, 156, 52, 117, 4, 122, 106, 98, 196, 85, 147, 141, 102, 142, 120, 186, 9, 164, 123, 8, 154, 57, 24, 176, 137, 197, 133, 72, 121, 155, 99, 82, 160, 184, 113, 53, 146, 44, 23, 179, 171, 59, 191, 143, 183, 198, 1, 79, 126, 129, 193, 13, 188, 25, 163, 71, 51, 26, 49, 87, 199, 107, 42, 77, 41, 112, 159, 7, 130, 17, 118, 96, 33, 93, 54, 81, 109, 185, 161, 28, 2, 115, 37, 46, 195, 166, 84, 60, 65, 38, 3, 5, 124, 100, 30, 34, 14, 157, 181, 172, 58, 45, 168, 29, 74, 92, 66, 128, 19, 40, 148, 127, 70, 158, 75, 21, 55, 15, 101, 94, 125, 16, 170, 105, 88, 189, 10, 104, 152, 175, 62, 90, 173, 20, 180, 134, 200, 50, 131, 190, 136, 177, 165, 194, 22, 36, 178, 110, 103, 149, 119, 111]
Correct solution
(w = 54) Building and Solving
[runlim] sample:		1015.5 time, 770.0 real, 1149.5 MB
[runlim] sample:		1025.5 time, 780.0 real, 1528.2 MB
[runlim] sample:		1036.9 time, 790.0 real, 1547.8 MB
Value Cyclic-Antibandwidth: 54
Labels: [99, 170, 87, 178, 81, 129, 31, 71, 116, 155, 70, 33, 125, 94, 20, 51, 146, 55, 200, 128, 152, 54, 4, 49, 168, 143, 108, 58, 161, 123, 172, 166, 145, 154, 175, 93, 16, 122, 60, 97, 186, 192, 182, 14, 173, 10, 120, 22, 57, 13, 36, 184, 114, 167, 197, 164, 17, 98, 82, 158, 159, 177, 165, 76, 78, 40, 12, 34, 88, 67, 41, 151, 176, 90, 162, 83, 8, 35, 179, 135, 193, 30, 147, 53, 43, 101, 42, 144, 189, 73, 79, 196, 64, 21, 107, 124, 190, 105, 44, 86, 39, 2, 23, 131, 91, 7, 171, 6, 111, 47, 69, 113, 59, 163, 32, 26, 180, 84, 5, 169, 68, 118, 148, 38, 28, 92, 183, 66, 194, 61, 117, 153, 29, 52, 1, 109, 156, 160, 18, 75, 136, 89, 121, 80, 45, 24, 126, 19, 102, 106, 46, 134, 187, 9, 149, 3, 141, 95, 96, 133, 48, 195, 72, 56, 130, 103, 188, 150, 132, 77, 119, 157, 112, 181, 62, 27, 199, 137, 50, 139, 25, 104, 11, 185, 191, 85, 100, 65, 37, 138, 110, 74, 142, 63, 140, 15, 127, 198, 115, 174]
Correct solution
(w = 55) Building and Solving
[runlim] sample:		1067.8 time, 800.0 real, 1020.9 MB
[runlim] sample:		1078.6 time, 810.0 real, 1522.0 MB
[runlim] sample:		1090.1 time, 820.0 real, 1421.5 MB
[runlim] sample:		1113.1 time, 830.0 real, 2312.9 MB
[runlim] sample:		1161.4 time, 840.0 real, 4324.8 MB
Value Cyclic-Antibandwidth: 55
Labels: [89, 174, 73, 163, 41, 195, 180, 114, 33, 198, 48, 156, 92, 167, 110, 38, 7, 109, 9, 186, 185, 196, 194, 43, 150, 135, 54, 87, 19, 121, 27, 143, 46, 75, 178, 47, 130, 80, 112, 90, 4, 72, 5, 132, 177, 189, 95, 31, 42, 15, 62, 141, 53, 26, 171, 28, 170, 37, 191, 187, 35, 69, 179, 98, 101, 116, 129, 59, 151, 86, 99, 36, 18, 107, 115, 144, 181, 157, 137, 2, 12, 122, 155, 119, 165, 52, 120, 67, 140, 104, 83, 190, 139, 161, 126, 6, 184, 183, 197, 30, 111, 17, 125, 60, 78, 91, 168, 134, 66, 77, 64, 65, 152, 23, 146, 88, 199, 108, 128, 176, 133, 97, 84, 158, 193, 63, 40, 44, 147, 10, 49, 102, 136, 71, 34, 148, 145, 76, 1, 131, 21, 45, 58, 11, 61, 103, 50, 162, 68, 51, 172, 74, 127, 82, 100, 24, 16, 57, 159, 13, 142, 175, 149, 85, 70, 39, 166, 96, 14, 123, 32, 117, 164, 169, 106, 182, 154, 188, 79, 81, 118, 138, 8, 25, 22, 20, 55, 93, 113, 29, 124, 105, 94, 153, 160, 200, 3, 173, 56, 192]
Correct solution
(w = 56) Building and Solving
[runlim] sample:		1195.4 time, 850.0 real, 1123.9 MB
[runlim] sample:		1206.1 time, 860.0 real, 1456.7 MB
[runlim] sample:		1217.8 time, 870.0 real, 1360.4 MB
[runlim] sample:		1240.7 time, 880.0 real, 2301.0 MB
[runlim] sample:		1287.6 time, 890.0 real, 3128.7 MB
[runlim] sample:		1337.2 time, 900.0 real, 4170.8 MB
[runlim] sample:		1365.1 time, 910.0 real, 2914.5 MB
Value Cyclic-Antibandwidth: 56
Labels: [102, 49, 114, 130, 57, 128, 184, 64, 193, 52, 138, 112, 86, 149, 90, 79, 30, 66, 182, 16, 191, 115, 180, 196, 27, 108, 93, 106, 4, 110, 174, 50, 51, 101, 134, 185, 95, 194, 117, 107, 190, 38, 176, 122, 20, 158, 141, 29, 96, 3, 186, 35, 58, 13, 91, 45, 31, 166, 177, 198, 165, 36, 156, 74, 75, 33, 178, 14, 144, 89, 62, 183, 7, 72, 154, 162, 2, 25, 148, 151, 199, 76, 26, 32, 121, 15, 37, 56, 8, 120, 147, 188, 127, 150, 103, 71, 139, 135, 11, 187, 78, 43, 83, 61, 125, 47, 181, 192, 55, 80, 160, 126, 140, 9, 44, 87, 70, 63, 60, 155, 98, 39, 123, 172, 42, 129, 97, 100, 85, 179, 124, 65, 69, 169, 17, 146, 82, 105, 54, 118, 1, 171, 152, 167, 164, 113, 92, 5, 6, 18, 200, 77, 68, 84, 99, 175, 41, 132, 157, 19, 143, 88, 116, 28, 81, 40, 195, 23, 173, 131, 163, 111, 153, 73, 94, 46, 170, 159, 145, 142, 48, 137, 24, 22, 10, 161, 12, 34, 133, 53, 109, 67, 59, 104, 21, 189, 168, 136, 119, 197]
Correct solution
(w = 57) Building and Solving
[runlim] sample:		1376.2 time, 920.0 real, 1121.3 MB
[runlim] sample:		1386.2 time, 930.0 real, 1521.6 MB
[runlim] sample:		1398.4 time, 940.0 real, 1693.9 MB
[runlim] sample:		1447.0 time, 950.0 real, 2794.1 MB
[runlim] sample:		1501.0 time, 960.0 real, 4450.8 MB
Value Cyclic-Antibandwidth: 57
Labels: [181, 55, 195, 16, 176, 104, 143, 188, 142, 23, 47, 1, 21, 136, 22, 189, 139, 4, 108, 94, 64, 120, 77, 147, 69, 161, 30, 53, 141, 158, 165, 180, 172, 196, 84, 129, 36, 148, 166, 192, 80, 24, 93, 95, 38, 110, 190, 12, 191, 67, 90, 48, 34, 71, 169, 43, 17, 140, 98, 92, 133, 66, 122, 175, 193, 19, 87, 25, 82, 179, 9, 100, 78, 156, 146, 149, 116, 62, 107, 121, 88, 118, 33, 168, 144, 26, 173, 27, 59, 159, 170, 73, 13, 128, 6, 130, 56, 54, 89, 131, 200, 119, 60, 155, 145, 51, 57, 113, 187, 183, 163, 32, 178, 75, 68, 11, 91, 199, 20, 126, 167, 50, 40, 125, 31, 198, 70, 164, 39, 102, 137, 3, 14, 112, 76, 153, 42, 157, 101, 35, 127, 123, 138, 134, 103, 197, 44, 97, 152, 171, 117, 194, 174, 154, 45, 63, 52, 186, 135, 86, 177, 29, 151, 41, 28, 74, 46, 49, 85, 18, 111, 2, 132, 83, 7, 124, 115, 81, 150, 182, 8, 160, 106, 96, 72, 162, 99, 5, 15, 65, 61, 184, 10, 185, 37, 109, 79, 58, 114, 105]
Correct solution
(w = 58) Building and Solving
[runlim] sample:		1528.6 time, 970.0 real, 1142.9 MB
[runlim] sample:		1539.4 time, 980.0 real, 1552.5 MB
[runlim] sample:		1551.3 time, 990.0 real, 1465.4 MB
[runlim] sample:		1573.4 time, 1000.0 real, 2406.6 MB
[runlim] sample:		1623.4 time, 1010.0 real, 3283.7 MB
[runlim] sample:		1680.2 time, 1020.0 real, 4311.0 MB
[runlim] sample:		1735.3 time, 1030.0 real, 3577.2 MB
[runlim] sample:		1782.7 time, 1040.0 real, 4414.7 MB
[runlim] sample:		1832.7 time, 1050.0 real, 3623.7 MB
[runlim] sample:		1882.0 time, 1060.0 real, 4438.6 MB
[runlim] sample:		1932.0 time, 1070.0 real, 4183.8 MB
[runlim] sample:		1982.0 time, 1080.0 real, 3603.1 MB
[runlim] sample:		2002.8 time, 1090.0 real, 2964.6 MB
Value Cyclic-Antibandwidth: 58
Labels: [56, 3, 25, 52, 53, 168, 187, 55, 133, 83, 91, 200, 69, 159, 54, 75, 184, 51, 143, 112, 190, 155, 137, 16, 120, 6, 71, 79, 192, 185, 186, 165, 44, 21, 5, 98, 26, 76, 24, 47, 179, 77, 102, 161, 89, 152, 45, 10, 27, 119, 180, 86, 92, 135, 22, 162, 118, 14, 146, 130, 173, 59, 134, 13, 103, 131, 160, 64, 122, 38, 78, 138, 176, 194, 4, 2, 181, 153, 157, 191, 125, 12, 61, 41, 154, 80, 7, 65, 88, 8, 39, 167, 199, 198, 117, 114, 158, 145, 144, 188, 73, 164, 33, 94, 67, 43, 174, 170, 74, 50, 23, 70, 87, 151, 105, 60, 140, 110, 107, 171, 18, 85, 30, 182, 32, 66, 109, 20, 129, 189, 193, 81, 9, 149, 57, 196, 97, 15, 124, 31, 42, 68, 104, 136, 147, 126, 108, 178, 101, 90, 121, 28, 29, 37, 40, 177, 84, 72, 127, 156, 34, 132, 113, 99, 82, 128, 115, 17, 116, 183, 148, 63, 169, 142, 49, 195, 175, 172, 19, 58, 197, 93, 163, 141, 111, 166, 36, 35, 62, 95, 106, 48, 46, 1, 100, 139, 123, 11, 96, 150]
Correct solution
(w = 59) Building and Solving
[runlim] sample:		2019.3 time, 1100.0 real, 973.2 MB
[runlim] sample:		2030.1 time, 1110.0 real, 1469.5 MB
[runlim] sample:		2042.1 time, 1120.0 real, 1382.9 MB
[runlim] sample:		2063.3 time, 1130.0 real, 2383.1 MB
[runlim] sample:		2109.4 time, 1140.0 real, 4014.1 MB
[runlim] sample:		2149.4 time, 1150.0 real, 3242.0 MB
[runlim] sample:		2188.7 time, 1160.0 real, 4091.4 MB
[runlim] sample:		2228.7 time, 1170.0 real, 3253.0 MB
[runlim] sample:		2268.4 time, 1180.0 real, 3830.6 MB
[runlim] sample:		2306.9 time, 1190.0 real, 4100.8 MB
[runlim] sample:		2346.9 time, 1200.0 real, 3273.9 MB
[runlim] sample:		2386.2 time, 1210.0 real, 4016.6 MB
[runlim] sample:		2446.2 time, 1220.0 real, 5255.3 MB
[runlim] sample:		2506.2 time, 1230.0 real, 5909.3 MB
[runlim] sample:		2566.2 time, 1240.0 real, 6251.3 MB
[runlim] sample:		2626.1 time, 1250.0 real, 6520.6 MB
[runlim] sample:		2686.1 time, 1260.0 real, 6742.6 MB
[runlim] sample:		2742.4 time, 1270.0 real, 3286.8 MB
[runlim] sample:		2793.6 time, 1280.0 real, 4990.2 MB
[runlim] sample:		2853.6 time, 1290.0 real, 5706.2 MB
[runlim] sample:		2913.6 time, 1300.0 real, 6124.4 MB
[runlim] sample:		2973.6 time, 1310.0 real, 6434.4 MB
[runlim] sample:		3033.6 time, 1320.0 real, 6677.0 MB
[runlim] sample:		3093.6 time, 1330.0 real, 6869.0 MB
[runlim] sample:		3153.1 time, 1340.0 real, 6883.0 MB
[runlim] sample:		3213.1 time, 1350.0 real, 6883.0 MB
[runlim] sample:		3273.1 time, 1360.0 real, 6885.0 MB
[runlim] sample:		3333.1 time, 1370.0 real, 6885.0 MB
[runlim] sample:		3393.0 time, 1380.0 real, 6885.0 MB
[runlim] sample:		3453.0 time, 1390.0 real, 6885.0 MB
[runlim] sample:		3513.0 time, 1400.0 real, 6885.0 MB
[runlim] sample:		3531.8 time, 1410.0 real, 3042.4 MB
[runlim] sample:		3544.4 time, 1420.0 real, 3467.4 MB
[runlim] sample:		3574.4 time, 1430.0 real, 3645.6 MB
[runlim] sample:		3604.4 time, 1440.0 real, 3894.4 MB
[runlim] sample:		3634.4 time, 1450.0 real, 3898.5 MB
[runlim] sample:		3664.4 time, 1460.0 real, 3840.1 MB
[runlim] sample:		3694.4 time, 1470.0 real, 3840.1 MB
[runlim] sample:		3724.4 time, 1480.0 real, 3840.1 MB
[runlim] sample:		3754.4 time, 1490.0 real, 3840.2 MB
[runlim] sample:		3784.4 time, 1500.0 real, 3840.2 MB
[runlim] sample:		3814.4 time, 1510.0 real, 3840.2 MB
[runlim] sample:		3844.4 time, 1520.0 real, 3840.2 MB
[runlim] sample:		3874.4 time, 1530.0 real, 3840.2 MB
[runlim] sample:		3904.4 time, 1540.0 real, 3883.1 MB
[runlim] sample:		3934.4 time, 1550.0 real, 4354.0 MB
[runlim] sample:		3964.4 time, 1560.0 real, 4255.7 MB
[runlim] sample:		3994.4 time, 1570.0 real, 4196.3 MB
[runlim] sample:		4024.4 time, 1580.0 real, 4198.0 MB
[runlim] sample:		4054.4 time, 1590.0 real, 4198.0 MB
[runlim] sample:		4084.4 time, 1600.0 real, 4198.0 MB
[runlim] sample:		4114.4 time, 1610.0 real, 4198.0 MB
[runlim] sample:		4144.4 time, 1620.0 real, 4198.0 MB
[runlim] sample:		4174.4 time, 1630.0 real, 4198.0 MB
[runlim] sample:		4204.4 time, 1640.0 real, 4198.0 MB
[runlim] sample:		4234.4 time, 1650.0 real, 4198.0 MB
[runlim] sample:		4264.4 time, 1660.0 real, 4524.1 MB
[runlim] sample:		4294.4 time, 1670.0 real, 4537.2 MB
[runlim] sample:		4324.4 time, 1680.0 real, 4448.1 MB
[runlim] sample:		4354.4 time, 1690.0 real, 4495.8 MB
[runlim] sample:		4384.4 time, 1700.0 real, 4508.7 MB
[runlim] sample:		4414.4 time, 1710.0 real, 4508.7 MB
[runlim] sample:		4444.4 time, 1720.0 real, 4513.9 MB
[runlim] sample:		4474.4 time, 1730.0 real, 4515.1 MB
[runlim] sample:		4504.4 time, 1740.0 real, 4515.4 MB
[runlim] sample:		4534.4 time, 1750.0 real, 4515.4 MB
[runlim] sample:		4564.4 time, 1760.0 real, 4528.8 MB
[runlim] sample:		4594.4 time, 1770.0 real, 4593.1 MB
[runlim] sample:		4624.4 time, 1780.0 real, 4606.8 MB
[runlim] sample:		4654.4 time, 1790.0 real, 4607.6 MB
[runlim] sample:		4684.4 time, 1800.0 real, 4608.1 MB
[runlim] end:			Tue Nov 11 20:41:18 2025
[runlim] status:		out of time
[runlim] result:		2
[runlim] children:		0
[runlim] real:			1800.15 seconds
[runlim] time:			4684.49 seconds
[runlim] space:			6887.0 MB
[runlim] samples:		18001
