[runlim] version:		1.10
[runlim] time limit:		311040000 seconds
[runlim] real time limit:	1800 seconds
[runlim] space limit:		30000 MB
[runlim] argv[0]:		python3
[runlim] argv[1]:		model_MIP_CPLEX.py
[runlim] argv[2]:		./graph/random_generated_graph_2013/p24_200_400
[runlim] start:			Tue Nov 11 21:41:18 2025
[runlim] main pid:		23990
[runlim] log captured:
(w = 4) Building and Solving
Value Cyclic-Antibandwidth: 4
Labels: [59, 165, 174, 52, 177, 38, 110, 197, 34, 135, 146, 9, 115, 136, 71, 103, 74, 187, 96, 162, 198, 164, 66, 149, 61, 190, 33, 82, 101, 89, 15, 7, 23, 186, 181, 64, 55, 30, 12, 97, 123, 53, 191, 133, 100, 62, 57, 6, 116, 173, 69, 90, 170, 189, 86, 138, 45, 44, 79, 188, 108, 17, 111, 141, 94, 1, 73, 143, 31, 196, 104, 172, 3, 167, 36, 19, 147, 27, 160, 154, 32, 75, 122, 54, 5, 49, 180, 78, 37, 175, 151, 159, 22, 178, 124, 161, 106, 10, 152, 60, 157, 120, 76, 77, 91, 4, 41, 56, 28, 200, 21, 48, 16, 193, 153, 128, 13, 99, 134, 194, 29, 117, 83, 68, 43, 182, 192, 63, 85, 95, 126, 155, 14, 81, 93, 113, 98, 183, 80, 142, 156, 132, 102, 166, 112, 144, 92, 199, 121, 26, 131, 185, 40, 25, 87, 150, 70, 24, 39, 72, 84, 148, 2, 50, 88, 140, 42, 46, 18, 107, 158, 179, 67, 125, 65, 184, 169, 114, 145, 163, 176, 58, 171, 127, 11, 129, 139, 109, 51, 105, 119, 8, 130, 118, 20, 35, 195, 137, 47, 168]
Correct solution
(w = 5) Building and Solving
Value Cyclic-Antibandwidth: 5
Labels: [123, 165, 174, 75, 177, 38, 200, 197, 34, 135, 110, 9, 115, 156, 71, 103, 74, 187, 96, 162, 198, 164, 66, 149, 61, 190, 33, 82, 101, 89, 15, 7, 23, 186, 181, 64, 55, 30, 12, 97, 2, 53, 191, 133, 100, 62, 57, 6, 72, 173, 69, 90, 170, 27, 86, 138, 45, 118, 79, 188, 108, 17, 111, 141, 94, 119, 73, 143, 31, 196, 44, 172, 147, 167, 76, 19, 199, 116, 160, 154, 32, 28, 122, 54, 5, 49, 180, 78, 37, 175, 151, 159, 22, 178, 124, 161, 106, 59, 152, 60, 157, 120, 183, 77, 91, 4, 41, 56, 68, 107, 21, 48, 16, 193, 153, 128, 13, 99, 134, 194, 29, 117, 83, 1, 43, 182, 192, 63, 85, 95, 126, 155, 14, 81, 93, 113, 98, 10, 80, 142, 52, 132, 102, 136, 112, 144, 92, 104, 169, 26, 131, 185, 40, 25, 87, 150, 70, 24, 39, 171, 84, 148, 36, 50, 88, 140, 42, 189, 18, 121, 158, 179, 67, 125, 65, 184, 46, 114, 145, 163, 176, 58, 146, 127, 11, 129, 139, 109, 51, 105, 3, 8, 130, 166, 20, 35, 195, 137, 47, 168]
Correct solution
(w = 6) Building and Solving
Value Cyclic-Antibandwidth: 6
Labels: [52, 165, 174, 13, 177, 38, 200, 197, 34, 135, 110, 9, 158, 156, 71, 103, 74, 187, 96, 162, 198, 164, 66, 149, 61, 190, 33, 82, 101, 89, 15, 142, 23, 186, 181, 64, 55, 30, 12, 97, 2, 53, 191, 133, 100, 62, 57, 6, 116, 173, 69, 90, 3, 27, 86, 138, 45, 118, 79, 188, 108, 170, 111, 141, 94, 119, 73, 143, 31, 196, 44, 172, 147, 167, 76, 19, 199, 80, 160, 154, 32, 28, 122, 54, 5, 49, 180, 78, 37, 175, 151, 159, 22, 178, 124, 161, 106, 59, 7, 60, 157, 120, 183, 77, 91, 4, 41, 56, 68, 107, 21, 48, 16, 193, 153, 128, 168, 99, 134, 130, 29, 117, 83, 1, 43, 182, 109, 63, 85, 95, 126, 115, 14, 81, 93, 123, 98, 10, 132, 131, 169, 155, 102, 136, 112, 144, 92, 104, 192, 26, 75, 185, 40, 25, 87, 150, 70, 24, 39, 171, 84, 148, 36, 50, 88, 140, 42, 189, 18, 121, 72, 179, 67, 125, 65, 184, 46, 114, 194, 163, 176, 58, 146, 11, 17, 129, 139, 145, 51, 105, 152, 8, 113, 166, 20, 35, 195, 137, 47, 127]
Correct solution
(w = 7) Building and Solving
[runlim] sample:		11.9 time, 10.2 real, 304.4 MB
Value Cyclic-Antibandwidth: 7
Labels: [123, 165, 174, 13, 177, 38, 200, 197, 34, 137, 110, 9, 158, 136, 71, 103, 74, 187, 25, 162, 198, 164, 66, 44, 61, 190, 33, 82, 101, 89, 15, 142, 23, 186, 181, 64, 55, 30, 70, 97, 169, 53, 191, 133, 100, 62, 149, 6, 116, 173, 127, 90, 170, 27, 86, 138, 45, 118, 79, 12, 108, 32, 111, 141, 94, 119, 73, 143, 31, 196, 104, 172, 147, 167, 36, 19, 135, 80, 160, 154, 96, 132, 122, 54, 5, 49, 180, 78, 37, 175, 151, 159, 59, 183, 124, 161, 106, 163, 152, 60, 156, 120, 76, 77, 91, 4, 41, 56, 28, 107, 21, 48, 16, 193, 153, 128, 168, 99, 134, 68, 29, 117, 83, 1, 43, 182, 109, 22, 85, 95, 126, 115, 14, 81, 93, 113, 98, 10, 112, 131, 52, 155, 102, 7, 188, 144, 92, 199, 192, 26, 75, 185, 40, 35, 87, 150, 63, 24, 39, 171, 84, 148, 2, 50, 88, 140, 42, 189, 18, 121, 72, 179, 67, 125, 65, 184, 46, 114, 194, 178, 176, 58, 146, 11, 17, 129, 139, 145, 51, 105, 3, 8, 130, 166, 20, 69, 195, 57, 47, 157]
Correct solution
(w = 8) Building and Solving
Value Cyclic-Antibandwidth: 8
Labels: [123, 165, 174, 68, 177, 38, 110, 197, 34, 135, 179, 9, 158, 163, 71, 103, 28, 172, 25, 156, 198, 164, 66, 44, 61, 190, 33, 82, 101, 89, 15, 142, 23, 186, 181, 64, 55, 152, 70, 97, 169, 53, 191, 133, 100, 62, 149, 6, 72, 173, 127, 90, 187, 27, 86, 138, 45, 118, 79, 188, 108, 170, 111, 141, 94, 119, 73, 143, 31, 196, 104, 77, 147, 167, 36, 19, 32, 116, 160, 154, 96, 132, 122, 54, 5, 49, 180, 30, 37, 175, 137, 159, 59, 178, 124, 161, 41, 10, 7, 60, 157, 20, 76, 162, 91, 4, 78, 56, 200, 107, 21, 48, 16, 193, 153, 128, 13, 99, 134, 194, 29, 117, 83, 1, 43, 182, 12, 22, 85, 95, 126, 115, 14, 81, 93, 113, 98, 183, 80, 131, 52, 155, 102, 136, 112, 144, 92, 199, 192, 26, 75, 185, 40, 35, 87, 150, 63, 24, 39, 171, 84, 106, 2, 50, 88, 140, 42, 189, 18, 121, 120, 148, 151, 125, 65, 184, 46, 114, 145, 67, 176, 58, 146, 11, 17, 129, 139, 109, 51, 105, 3, 8, 130, 166, 74, 69, 195, 57, 47, 168]
Correct solution
(w = 9) Building and Solving
Value Cyclic-Antibandwidth: 9
Labels: [46, 97, 86, 198, 61, 118, 56, 83, 188, 95, 125, 23, 63, 92, 82, 89, 160, 170, 44, 31, 15, 53, 182, 13, 189, 166, 66, 200, 167, 193, 85, 141, 192, 38, 106, 155, 70, 144, 50, 179, 183, 168, 116, 32, 178, 77, 139, 120, 76, 180, 107, 185, 98, 103, 10, 12, 117, 122, 3, 65, 45, 9, 42, 7, 135, 30, 153, 41, 173, 90, 140, 5, 27, 78, 96, 142, 55, 190, 162, 24, 71, 87, 34, 51, 105, 47, 102, 186, 133, 104, 176, 174, 74, 112, 29, 159, 101, 184, 37, 8, 151, 80, 100, 128, 146, 195, 130, 172, 136, 19, 119, 54, 137, 132, 22, 143, 123, 14, 187, 127, 49, 16, 114, 6, 191, 25, 84, 48, 57, 69, 152, 121, 60, 109, 62, 148, 94, 194, 26, 43, 20, 110, 1, 138, 52, 99, 157, 169, 111, 79, 21, 4, 75, 40, 72, 33, 199, 147, 126, 91, 39, 145, 11, 197, 154, 129, 67, 177, 158, 113, 68, 163, 108, 17, 161, 175, 164, 124, 58, 28, 131, 64, 134, 171, 181, 93, 149, 81, 35, 2, 150, 59, 36, 156, 196, 73, 18, 88, 115, 165]
Correct solution
(w = 10) Building and Solving
Value Cyclic-Antibandwidth: 10
Labels: [9, 140, 45, 101, 77, 79, 169, 118, 102, 42, 190, 167, 171, 106, 113, 128, 56, 20, 166, 175, 94, 111, 4, 115, 59, 16, 158, 161, 112, 82, 150, 33, 98, 66, 32, 196, 31, 5, 120, 109, 124, 160, 74, 35, 105, 126, 129, 13, 144, 148, 185, 146, 28, 70, 155, 177, 168, 174, 3, 15, 41, 186, 165, 147, 34, 114, 89, 154, 149, 159, 164, 12, 180, 170, 58, 49, 133, 73, 138, 71, 60, 136, 38, 162, 29, 96, 22, 182, 83, 91, 55, 107, 30, 141, 80, 90, 25, 125, 19, 2, 24, 130, 26, 122, 137, 99, 145, 110, 85, 93, 127, 23, 87, 8, 72, 40, 189, 193, 195, 119, 134, 86, 53, 84, 7, 179, 43, 100, 152, 199, 76, 139, 135, 48, 61, 44, 121, 187, 172, 47, 116, 197, 200, 95, 67, 97, 153, 18, 173, 52, 157, 92, 63, 75, 103, 81, 50, 192, 54, 78, 183, 142, 14, 62, 46, 117, 198, 184, 27, 37, 36, 108, 68, 151, 10, 11, 132, 178, 88, 69, 181, 163, 21, 131, 39, 191, 64, 65, 188, 6, 17, 1, 123, 194, 51, 176, 104, 143, 57, 156]
Correct solution
(w = 11) Building and Solving
[runlim] sample:		22.4 time, 20.2 real, 376.8 MB
Value Cyclic-Antibandwidth: 11
Labels: [9, 140, 132, 101, 77, 79, 169, 118, 102, 42, 190, 167, 171, 106, 113, 128, 56, 20, 166, 175, 94, 111, 4, 115, 59, 16, 158, 161, 112, 82, 150, 33, 98, 66, 32, 196, 31, 5, 120, 109, 124, 160, 74, 35, 105, 126, 129, 13, 144, 148, 185, 146, 28, 70, 155, 177, 168, 174, 3, 15, 41, 186, 165, 147, 34, 114, 89, 154, 149, 159, 164, 12, 180, 170, 58, 49, 133, 73, 138, 71, 60, 136, 38, 162, 29, 96, 22, 182, 83, 91, 55, 107, 30, 141, 80, 90, 25, 125, 19, 2, 24, 130, 26, 122, 137, 99, 145, 110, 85, 93, 127, 23, 87, 8, 72, 40, 45, 193, 195, 119, 134, 86, 53, 84, 7, 179, 43, 100, 152, 199, 76, 139, 135, 48, 61, 44, 121, 187, 172, 47, 116, 197, 200, 95, 67, 97, 153, 18, 173, 52, 157, 92, 63, 75, 103, 81, 50, 192, 54, 78, 183, 142, 14, 62, 46, 117, 198, 184, 27, 37, 36, 108, 68, 151, 10, 11, 189, 178, 88, 69, 181, 163, 21, 131, 39, 191, 64, 65, 188, 6, 17, 1, 123, 194, 51, 176, 104, 143, 57, 156]
Correct solution
(w = 12) Building and Solving
Value Cyclic-Antibandwidth: 12
Labels: [9, 140, 45, 101, 77, 79, 169, 118, 102, 42, 190, 167, 171, 106, 113, 128, 56, 20, 166, 175, 94, 111, 4, 115, 59, 16, 158, 161, 112, 82, 197, 33, 98, 66, 32, 196, 31, 5, 120, 109, 1, 160, 74, 35, 105, 126, 129, 13, 144, 148, 185, 146, 124, 70, 155, 177, 168, 174, 3, 15, 41, 186, 165, 147, 34, 114, 89, 154, 149, 159, 164, 12, 180, 170, 58, 49, 133, 73, 138, 71, 60, 136, 38, 162, 29, 96, 150, 182, 83, 91, 55, 107, 30, 141, 80, 90, 25, 125, 19, 2, 24, 130, 26, 122, 137, 99, 145, 110, 85, 93, 127, 23, 87, 8, 72, 40, 189, 193, 195, 119, 134, 86, 53, 84, 7, 179, 43, 100, 152, 199, 76, 139, 135, 48, 61, 44, 121, 187, 172, 28, 116, 117, 200, 95, 67, 97, 153, 18, 173, 52, 157, 92, 63, 75, 103, 81, 50, 192, 54, 78, 183, 142, 14, 62, 46, 47, 198, 184, 27, 37, 36, 108, 68, 151, 10, 11, 6, 178, 88, 69, 181, 163, 21, 131, 39, 191, 64, 65, 188, 22, 17, 132, 123, 194, 51, 176, 104, 143, 57, 156]
Correct solution
(w = 13) Building and Solving
[runlim] sample:		32.8 time, 30.2 real, 554.3 MB
Value Cyclic-Antibandwidth: 13
Labels: [9, 140, 132, 101, 77, 79, 169, 118, 102, 42, 190, 167, 171, 106, 10, 128, 56, 20, 166, 175, 94, 111, 4, 115, 59, 16, 158, 161, 112, 82, 191, 131, 98, 66, 32, 196, 31, 117, 120, 109, 124, 160, 74, 35, 105, 126, 129, 13, 199, 148, 185, 146, 125, 40, 155, 177, 168, 174, 3, 15, 41, 136, 165, 147, 34, 114, 89, 154, 149, 159, 164, 12, 180, 170, 58, 49, 133, 73, 138, 71, 60, 116, 38, 162, 29, 96, 150, 182, 83, 91, 55, 107, 30, 141, 80, 90, 25, 186, 19, 2, 24, 130, 26, 122, 137, 99, 145, 110, 85, 93, 127, 23, 87, 8, 72, 33, 45, 193, 195, 119, 134, 86, 144, 84, 7, 179, 53, 70, 152, 198, 11, 139, 135, 48, 61, 44, 121, 187, 172, 28, 43, 197, 200, 95, 67, 97, 153, 18, 173, 113, 157, 92, 63, 75, 103, 81, 50, 192, 54, 78, 183, 142, 189, 62, 46, 47, 76, 184, 27, 37, 36, 108, 68, 151, 14, 100, 6, 178, 88, 69, 181, 163, 21, 123, 39, 57, 64, 65, 188, 22, 17, 1, 5, 194, 51, 176, 104, 143, 52, 156]
Correct solution
(w = 14) Building and Solving
Value Cyclic-Antibandwidth: 14
Labels: [9, 140, 132, 97, 77, 79, 169, 118, 102, 42, 190, 167, 171, 106, 10, 128, 56, 20, 166, 175, 94, 111, 4, 115, 59, 16, 158, 161, 134, 82, 191, 131, 176, 66, 32, 196, 31, 117, 120, 109, 124, 21, 98, 35, 105, 126, 129, 13, 144, 33, 185, 146, 125, 40, 155, 177, 168, 174, 3, 15, 41, 136, 165, 147, 74, 114, 89, 154, 149, 159, 179, 12, 180, 170, 58, 49, 133, 73, 138, 71, 60, 164, 38, 162, 29, 101, 150, 182, 83, 91, 55, 107, 30, 141, 80, 90, 25, 186, 19, 2, 24, 130, 26, 151, 137, 99, 145, 110, 85, 93, 127, 23, 87, 8, 198, 53, 45, 193, 195, 119, 96, 86, 112, 84, 7, 194, 43, 70, 152, 199, 11, 139, 135, 48, 61, 44, 121, 187, 172, 28, 116, 197, 200, 95, 67, 148, 153, 18, 173, 113, 157, 92, 63, 75, 103, 81, 50, 192, 54, 78, 183, 142, 189, 62, 46, 47, 76, 184, 27, 37, 36, 108, 68, 34, 14, 100, 6, 178, 88, 69, 181, 163, 122, 123, 39, 57, 64, 65, 188, 160, 17, 1, 5, 72, 51, 22, 104, 143, 52, 156]
Correct solution
(w = 15) Building and Solving
[runlim] sample:		43.2 time, 40.2 real, 636.3 MB
Value Cyclic-Antibandwidth: 15
Labels: [46, 97, 144, 198, 141, 118, 56, 83, 188, 95, 119, 23, 63, 92, 82, 199, 160, 170, 44, 31, 15, 53, 182, 13, 125, 166, 66, 10, 167, 193, 85, 103, 192, 38, 172, 155, 70, 181, 50, 179, 33, 168, 116, 136, 79, 77, 139, 191, 76, 180, 107, 185, 89, 197, 86, 12, 84, 54, 3, 124, 73, 9, 42, 7, 135, 178, 153, 41, 173, 90, 140, 5, 27, 78, 96, 142, 55, 190, 162, 24, 71, 87, 34, 51, 105, 47, 102, 186, 133, 165, 176, 174, 74, 52, 29, 159, 101, 65, 37, 8, 163, 80, 147, 128, 146, 195, 130, 183, 149, 14, 19, 98, 137, 132, 22, 143, 123, 112, 187, 127, 49, 16, 114, 6, 99, 25, 60, 48, 57, 69, 152, 134, 120, 109, 62, 148, 94, 194, 26, 43, 20, 110, 1, 138, 30, 117, 157, 169, 111, 32, 21, 4, 126, 40, 72, 121, 104, 45, 122, 91, 39, 145, 11, 61, 154, 129, 67, 177, 158, 113, 68, 189, 108, 17, 161, 175, 164, 100, 58, 28, 131, 64, 200, 75, 106, 93, 151, 81, 35, 2, 150, 59, 36, 156, 196, 171, 184, 88, 115, 18]
Correct solution
(w = 16) Building and Solving
Value Cyclic-Antibandwidth: 16
Labels: [46, 97, 144, 198, 141, 118, 76, 83, 188, 95, 119, 23, 63, 92, 82, 199, 160, 170, 44, 31, 15, 53, 182, 13, 125, 166, 66, 10, 167, 193, 85, 103, 192, 38, 172, 155, 70, 18, 50, 179, 33, 168, 116, 131, 79, 77, 139, 191, 189, 180, 107, 185, 89, 181, 86, 12, 57, 56, 3, 124, 73, 9, 42, 7, 135, 178, 153, 41, 173, 90, 140, 5, 27, 78, 96, 142, 55, 190, 162, 24, 71, 87, 34, 51, 105, 47, 102, 186, 133, 165, 176, 174, 74, 52, 29, 159, 101, 65, 37, 8, 88, 80, 147, 128, 146, 195, 130, 183, 163, 14, 19, 98, 137, 132, 22, 143, 123, 112, 187, 127, 49, 16, 114, 6, 99, 25, 60, 48, 122, 69, 152, 134, 120, 109, 62, 148, 94, 194, 26, 43, 20, 110, 1, 138, 30, 117, 157, 169, 111, 32, 21, 4, 126, 40, 72, 121, 104, 45, 136, 91, 39, 145, 11, 61, 154, 129, 67, 177, 158, 113, 68, 197, 108, 17, 161, 175, 164, 100, 58, 28, 84, 64, 200, 75, 106, 93, 151, 81, 35, 2, 150, 59, 36, 156, 196, 171, 184, 54, 115, 149]
Correct solution
(w = 17) Building and Solving
[runlim] sample:		53.5 time, 50.2 real, 648.6 MB
Value Cyclic-Antibandwidth: 17
Labels: [46, 97, 144, 198, 141, 118, 76, 83, 188, 95, 119, 23, 63, 135, 82, 199, 160, 170, 44, 31, 15, 53, 182, 13, 136, 166, 66, 32, 167, 193, 85, 103, 192, 38, 172, 155, 70, 54, 50, 179, 33, 168, 116, 131, 79, 77, 139, 191, 189, 180, 107, 185, 89, 184, 86, 12, 57, 56, 3, 124, 73, 9, 42, 7, 134, 178, 153, 41, 173, 90, 140, 5, 27, 78, 96, 142, 55, 190, 162, 24, 71, 87, 34, 51, 105, 47, 102, 186, 133, 165, 176, 174, 74, 52, 29, 159, 101, 65, 37, 8, 88, 80, 147, 128, 146, 195, 130, 183, 149, 14, 19, 98, 137, 132, 22, 143, 123, 112, 187, 127, 49, 16, 10, 6, 99, 25, 60, 48, 125, 69, 152, 121, 120, 109, 62, 148, 94, 194, 26, 43, 20, 110, 1, 138, 30, 117, 157, 169, 111, 122, 21, 4, 126, 40, 72, 114, 104, 45, 92, 91, 39, 145, 11, 61, 154, 129, 67, 177, 158, 113, 68, 197, 108, 17, 161, 175, 164, 100, 58, 28, 84, 64, 200, 75, 181, 93, 151, 81, 35, 2, 150, 59, 36, 156, 196, 171, 163, 106, 115, 18]
Correct solution
(w = 18) Building and Solving
Value Cyclic-Antibandwidth: 18
Labels: [46, 97, 144, 198, 141, 118, 76, 83, 188, 95, 119, 23, 63, 135, 82, 199, 160, 170, 44, 31, 15, 53, 182, 13, 122, 166, 66, 18, 167, 193, 85, 103, 192, 38, 172, 155, 129, 65, 50, 179, 33, 168, 116, 139, 178, 77, 125, 191, 189, 180, 107, 185, 89, 106, 20, 12, 88, 131, 3, 124, 73, 9, 42, 7, 134, 70, 153, 41, 173, 90, 140, 5, 27, 78, 96, 142, 55, 190, 162, 24, 71, 87, 34, 51, 105, 47, 102, 186, 133, 165, 176, 174, 74, 52, 29, 159, 101, 184, 37, 8, 151, 80, 147, 128, 146, 195, 130, 183, 149, 14, 19, 98, 137, 132, 22, 143, 123, 112, 187, 127, 49, 16, 10, 6, 99, 25, 60, 48, 57, 69, 152, 121, 120, 109, 62, 79, 94, 194, 26, 43, 56, 110, 1, 138, 30, 117, 157, 169, 111, 32, 21, 4, 126, 40, 72, 114, 104, 45, 92, 91, 39, 145, 11, 61, 154, 86, 67, 177, 158, 113, 68, 197, 108, 17, 161, 175, 164, 100, 58, 28, 84, 64, 200, 75, 181, 93, 148, 81, 35, 2, 150, 59, 36, 156, 196, 171, 163, 54, 115, 136]
Correct solution
(w = 19) Building and Solving
[runlim] sample:		63.7 time, 60.2 real, 592.4 MB
Value Cyclic-Antibandwidth: 19
Labels: [46, 97, 144, 198, 141, 118, 76, 83, 188, 95, 119, 23, 63, 135, 82, 199, 160, 170, 44, 31, 15, 53, 182, 13, 122, 166, 66, 18, 167, 193, 85, 103, 192, 38, 172, 2, 129, 54, 50, 179, 33, 168, 116, 139, 178, 77, 125, 191, 189, 180, 107, 185, 89, 106, 20, 12, 163, 151, 3, 124, 73, 9, 42, 7, 134, 70, 153, 41, 173, 90, 140, 5, 27, 78, 96, 142, 55, 190, 162, 24, 71, 87, 34, 51, 105, 47, 102, 131, 133, 165, 176, 174, 74, 52, 29, 159, 101, 184, 37, 8, 155, 80, 147, 128, 146, 195, 130, 183, 149, 14, 19, 98, 137, 132, 22, 143, 123, 112, 187, 127, 49, 16, 10, 6, 99, 25, 60, 48, 57, 69, 152, 121, 120, 109, 62, 65, 94, 194, 26, 43, 56, 110, 1, 138, 30, 117, 157, 169, 111, 88, 21, 4, 126, 40, 72, 114, 104, 45, 92, 91, 39, 145, 11, 61, 154, 86, 67, 177, 158, 113, 68, 197, 108, 17, 161, 175, 164, 100, 58, 28, 84, 64, 200, 75, 181, 93, 148, 81, 35, 79, 150, 59, 36, 156, 196, 171, 32, 186, 115, 136]
Correct solution
(w = 20) Building and Solving
[runlim] sample:		74.1 time, 70.2 real, 549.6 MB
Value Cyclic-Antibandwidth: 20
Labels: [46, 97, 144, 198, 141, 118, 76, 83, 188, 95, 47, 23, 63, 79, 82, 199, 160, 170, 44, 31, 15, 53, 182, 13, 122, 166, 66, 18, 167, 193, 85, 103, 192, 38, 172, 2, 129, 60, 50, 179, 149, 168, 116, 139, 178, 77, 125, 191, 189, 180, 107, 185, 89, 106, 20, 12, 32, 151, 3, 124, 73, 9, 42, 7, 135, 70, 153, 41, 173, 90, 140, 5, 27, 78, 96, 142, 55, 190, 162, 24, 71, 87, 34, 51, 105, 88, 102, 131, 133, 165, 176, 174, 74, 52, 29, 159, 101, 184, 37, 8, 155, 80, 147, 128, 146, 195, 130, 183, 163, 14, 54, 98, 137, 132, 22, 143, 123, 112, 187, 127, 49, 16, 114, 6, 99, 25, 197, 48, 19, 69, 152, 134, 120, 109, 62, 65, 94, 194, 26, 43, 56, 110, 1, 138, 30, 117, 157, 169, 111, 119, 21, 4, 126, 40, 72, 121, 104, 45, 92, 91, 39, 145, 11, 61, 154, 86, 67, 177, 158, 113, 68, 148, 108, 17, 161, 175, 164, 100, 58, 28, 84, 64, 200, 75, 181, 93, 10, 81, 35, 57, 150, 59, 36, 156, 196, 171, 33, 186, 115, 136]
Correct solution
(w = 21) Building and Solving
[runlim] sample:		84.3 time, 80.2 real, 828.5 MB
Value Cyclic-Antibandwidth: 21
Labels: [46, 97, 144, 198, 141, 118, 76, 83, 188, 95, 47, 23, 63, 79, 82, 199, 160, 170, 44, 31, 15, 53, 182, 13, 65, 166, 66, 18, 167, 193, 85, 103, 192, 38, 172, 2, 129, 60, 50, 179, 163, 168, 116, 122, 178, 77, 125, 191, 189, 180, 107, 185, 89, 148, 20, 12, 32, 151, 3, 124, 73, 9, 42, 7, 135, 70, 153, 41, 173, 90, 140, 5, 27, 78, 96, 142, 55, 190, 162, 24, 71, 87, 34, 51, 105, 88, 102, 131, 133, 165, 176, 174, 74, 52, 29, 159, 101, 184, 37, 8, 155, 80, 147, 128, 146, 195, 130, 183, 106, 14, 54, 98, 137, 132, 22, 143, 123, 112, 187, 127, 49, 16, 114, 6, 99, 25, 197, 48, 19, 69, 152, 134, 120, 109, 62, 26, 94, 10, 194, 43, 56, 110, 1, 138, 30, 117, 157, 169, 111, 119, 21, 4, 126, 40, 72, 121, 104, 45, 92, 91, 39, 145, 11, 61, 154, 86, 67, 177, 158, 113, 68, 149, 108, 17, 161, 175, 164, 100, 58, 28, 84, 64, 200, 75, 181, 93, 139, 81, 35, 57, 150, 59, 36, 156, 196, 171, 33, 186, 115, 136]
Correct solution
(w = 22) Building and Solving
[runlim] sample:		94.6 time, 90.2 real, 786.4 MB
Value Cyclic-Antibandwidth: 22
Labels: [46, 97, 122, 198, 141, 118, 76, 83, 188, 95, 47, 23, 63, 79, 82, 199, 160, 170, 44, 31, 15, 53, 182, 13, 84, 166, 66, 18, 167, 193, 85, 103, 192, 38, 172, 2, 129, 163, 50, 179, 149, 168, 116, 119, 178, 77, 125, 191, 183, 180, 107, 185, 89, 106, 20, 12, 32, 151, 3, 124, 73, 9, 42, 7, 135, 70, 153, 41, 173, 90, 140, 5, 27, 78, 96, 142, 184, 144, 162, 24, 71, 87, 34, 51, 105, 88, 102, 131, 133, 165, 176, 174, 74, 52, 29, 159, 101, 186, 37, 8, 155, 80, 147, 128, 146, 195, 130, 60, 189, 14, 54, 99, 137, 132, 22, 143, 123, 112, 187, 127, 49, 16, 114, 6, 65, 25, 136, 48, 148, 69, 152, 134, 120, 109, 62, 26, 94, 10, 194, 43, 56, 110, 1, 138, 30, 117, 157, 169, 111, 19, 21, 4, 126, 40, 72, 121, 104, 45, 92, 91, 39, 145, 11, 61, 154, 86, 67, 177, 158, 113, 68, 197, 108, 17, 161, 175, 164, 100, 58, 28, 57, 64, 200, 75, 181, 93, 139, 81, 35, 190, 150, 59, 36, 156, 196, 171, 33, 98, 115, 55]
Correct solution
(w = 23) Building and Solving
Value Cyclic-Antibandwidth: 23
Labels: [46, 97, 122, 198, 141, 118, 76, 83, 188, 95, 47, 23, 63, 79, 82, 199, 160, 170, 44, 31, 15, 53, 182, 13, 119, 166, 66, 20, 167, 193, 85, 103, 192, 38, 106, 2, 129, 65, 50, 179, 19, 168, 116, 136, 178, 77, 125, 191, 183, 180, 107, 185, 89, 149, 84, 12, 163, 151, 3, 124, 73, 9, 42, 7, 135, 70, 153, 41, 173, 90, 140, 5, 27, 78, 96, 142, 184, 144, 162, 24, 71, 87, 34, 51, 105, 88, 102, 131, 133, 165, 176, 174, 74, 52, 29, 159, 101, 139, 37, 8, 155, 80, 147, 128, 146, 195, 130, 60, 189, 186, 54, 100, 137, 132, 22, 143, 123, 112, 187, 127, 49, 16, 114, 6, 99, 25, 18, 48, 148, 69, 152, 134, 120, 109, 62, 26, 94, 10, 194, 43, 56, 110, 1, 138, 30, 117, 157, 169, 111, 14, 21, 4, 126, 40, 72, 121, 104, 45, 92, 91, 39, 33, 11, 61, 154, 86, 67, 177, 158, 113, 68, 197, 108, 17, 161, 175, 164, 98, 58, 28, 57, 64, 200, 75, 181, 93, 145, 81, 35, 190, 150, 59, 36, 156, 196, 171, 32, 172, 115, 55]
Correct solution
(w = 24) Building and Solving
[runlim] sample:		104.8 time, 100.2 real, 631.9 MB
Value Cyclic-Antibandwidth: 24
Labels: [46, 97, 122, 106, 141, 118, 76, 83, 188, 95, 47, 23, 63, 79, 82, 149, 160, 170, 44, 31, 15, 53, 182, 13, 84, 166, 66, 33, 167, 193, 85, 103, 192, 38, 145, 40, 129, 172, 50, 179, 163, 168, 116, 136, 65, 77, 125, 191, 183, 180, 107, 185, 186, 20, 10, 12, 32, 151, 3, 124, 73, 9, 42, 7, 135, 70, 153, 41, 173, 90, 140, 5, 27, 78, 96, 142, 184, 144, 162, 24, 71, 87, 34, 51, 105, 88, 102, 131, 133, 104, 176, 174, 74, 52, 29, 159, 101, 56, 37, 8, 155, 80, 147, 128, 146, 195, 130, 60, 165, 197, 54, 2, 137, 132, 22, 143, 123, 112, 187, 127, 49, 16, 114, 6, 99, 25, 139, 48, 19, 69, 152, 134, 120, 109, 62, 148, 94, 26, 194, 43, 93, 110, 1, 138, 30, 117, 157, 169, 111, 14, 21, 4, 126, 119, 72, 121, 189, 45, 98, 91, 39, 89, 11, 92, 154, 86, 67, 177, 158, 113, 68, 199, 108, 17, 161, 175, 164, 100, 58, 28, 57, 64, 200, 75, 181, 178, 18, 81, 35, 190, 150, 59, 36, 156, 196, 171, 61, 198, 115, 55]
Correct solution
(w = 25) Building and Solving
[runlim] sample:		115.1 time, 110.2 real, 638.5 MB
Value Cyclic-Antibandwidth: 25
Labels: [46, 97, 65, 106, 141, 118, 76, 83, 188, 95, 119, 23, 63, 79, 82, 172, 160, 170, 44, 31, 15, 53, 182, 13, 84, 166, 66, 33, 167, 193, 85, 103, 192, 38, 165, 40, 129, 60, 50, 179, 151, 168, 116, 125, 163, 77, 197, 191, 183, 180, 107, 185, 186, 20, 10, 12, 32, 139, 3, 124, 73, 9, 42, 7, 135, 70, 153, 41, 173, 90, 140, 5, 27, 78, 96, 142, 184, 144, 162, 24, 71, 87, 34, 51, 105, 88, 102, 131, 133, 104, 176, 174, 74, 52, 29, 159, 101, 149, 37, 8, 155, 80, 147, 128, 146, 195, 130, 75, 136, 189, 54, 2, 137, 132, 22, 143, 123, 112, 187, 127, 49, 16, 114, 6, 99, 25, 145, 48, 19, 69, 152, 47, 120, 109, 62, 148, 94, 26, 194, 43, 93, 110, 1, 138, 30, 117, 157, 169, 111, 14, 21, 4, 126, 134, 72, 121, 122, 45, 98, 91, 39, 89, 11, 92, 154, 86, 67, 177, 158, 113, 68, 199, 108, 17, 161, 175, 164, 100, 58, 28, 57, 64, 200, 18, 181, 178, 61, 81, 35, 190, 150, 59, 36, 156, 196, 171, 56, 198, 115, 55]
Correct solution
(w = 26) Building and Solving
[runlim] sample:		125.6 time, 120.2 real, 625.9 MB
Value Cyclic-Antibandwidth: 26
Labels: [46, 97, 144, 106, 141, 118, 76, 83, 188, 117, 119, 23, 63, 79, 82, 172, 160, 170, 44, 40, 15, 53, 182, 13, 84, 166, 66, 32, 167, 193, 85, 103, 192, 38, 151, 2, 129, 60, 50, 179, 165, 168, 116, 134, 163, 77, 125, 191, 183, 180, 107, 185, 186, 20, 10, 12, 33, 145, 3, 124, 73, 9, 42, 7, 135, 70, 153, 41, 173, 90, 140, 5, 27, 78, 96, 142, 184, 65, 162, 24, 71, 87, 34, 51, 105, 88, 102, 131, 133, 104, 176, 174, 74, 52, 29, 159, 101, 149, 37, 8, 155, 80, 147, 128, 146, 195, 130, 75, 136, 199, 54, 1, 137, 132, 22, 143, 123, 112, 187, 127, 49, 16, 114, 6, 99, 189, 139, 48, 19, 69, 152, 47, 120, 109, 62, 148, 94, 26, 194, 43, 93, 110, 14, 138, 30, 89, 157, 169, 111, 18, 21, 4, 126, 122, 72, 121, 181, 45, 98, 91, 39, 95, 11, 92, 154, 86, 67, 177, 158, 113, 68, 31, 108, 17, 161, 175, 164, 100, 58, 28, 57, 64, 200, 197, 25, 178, 61, 81, 35, 190, 150, 59, 36, 156, 196, 171, 56, 198, 115, 55]
Correct solution
(w = 27) Building and Solving
[runlim] sample:		135.8 time, 130.2 real, 632.9 MB
[runlim] sample:		146.3 time, 140.2 real, 897.5 MB
Value Cyclic-Antibandwidth: 27
Labels: [197, 199, 37, 164, 159, 161, 163, 3, 192, 38, 11, 103, 22, 117, 2, 25, 26, 6, 85, 12, 32, 17, 18, 19, 73, 27, 65, 24, 40, 200, 31, 14, 41, 13, 33, 36, 42, 45, 70, 46, 126, 82, 60, 76, 90, 184, 47, 15, 29, 168, 113, 72, 30, 67, 62, 63, 44, 5, 28, 39, 10, 68, 64, 54, 56, 144, 50, 59, 98, 77, 66, 115, 71, 80, 107, 1, 51, 81, 92, 79, 69, 91, 88, 74, 97, 95, 104, 106, 8, 102, 130, 20, 111, 89, 100, 55, 109, 121, 48, 119, 86, 93, 112, 116, 94, 140, 96, 34, 78, 16, 43, 52, 83, 99, 118, 120, 123, 124, 125, 127, 136, 7, 21, 129, 49, 128, 132, 75, 114, 143, 84, 105, 162, 53, 101, 150, 110, 151, 122, 153, 141, 186, 158, 145, 146, 147, 23, 4, 137, 35, 148, 149, 142, 61, 134, 154, 152, 188, 165, 167, 87, 169, 170, 139, 193, 166, 9, 171, 155, 172, 156, 173, 58, 174, 175, 176, 177, 57, 178, 179, 180, 181, 182, 108, 157, 183, 135, 185, 160, 133, 187, 198, 189, 190, 191, 138, 194, 195, 196, 131]
Correct solution
(w = 28) Building and Solving
[runlim] sample:		159.4 time, 150.2 real, 1066.7 MB
Value Cyclic-Antibandwidth: 28
Labels: [46, 97, 144, 106, 141, 118, 76, 83, 188, 117, 119, 23, 63, 79, 82, 139, 160, 170, 44, 40, 15, 53, 182, 13, 88, 166, 66, 33, 167, 193, 85, 103, 192, 38, 145, 2, 129, 55, 50, 179, 20, 26, 116, 125, 163, 77, 32, 191, 1, 180, 107, 185, 186, 134, 10, 12, 165, 56, 172, 124, 73, 9, 42, 7, 135, 70, 153, 41, 168, 90, 140, 5, 27, 78, 96, 142, 184, 65, 162, 24, 71, 87, 34, 51, 105, 47, 102, 131, 133, 104, 176, 174, 151, 52, 29, 159, 101, 137, 37, 8, 155, 80, 147, 128, 146, 195, 130, 84, 136, 199, 19, 3, 75, 132, 22, 143, 123, 112, 187, 127, 49, 16, 183, 6, 99, 173, 60, 48, 62, 69, 152, 28, 189, 109, 74, 148, 94, 18, 194, 43, 93, 110, 11, 138, 30, 89, 157, 169, 111, 14, 21, 4, 126, 114, 72, 121, 181, 45, 98, 91, 39, 95, 25, 92, 154, 86, 67, 177, 158, 113, 68, 31, 108, 17, 161, 175, 164, 100, 58, 122, 54, 64, 200, 197, 120, 178, 61, 81, 35, 190, 150, 59, 36, 156, 196, 171, 57, 198, 115, 149]
Correct solution
(w = 29) Building and Solving
[runlim] sample:		169.7 time, 160.2 real, 1028.6 MB
Value Cyclic-Antibandwidth: 29
Labels: [198, 28, 161, 10, 157, 26, 35, 107, 192, 103, 48, 17, 118, 24, 32, 197, 199, 51, 38, 73, 7, 15, 78, 2, 18, 200, 37, 160, 36, 193, 5, 12, 96, 9, 1, 57, 55, 41, 8, 162, 34, 66, 49, 136, 30, 184, 76, 53, 59, 54, 178, 67, 83, 39, 40, 60, 63, 91, 20, 45, 3, 69, 65, 61, 29, 31, 72, 56, 19, 94, 11, 129, 187, 47, 80, 90, 58, 64, 81, 13, 82, 89, 87, 77, 134, 99, 111, 62, 159, 100, 84, 143, 42, 101, 104, 105, 92, 106, 119, 123, 27, 43, 85, 22, 95, 109, 16, 110, 75, 117, 21, 70, 71, 102, 112, 23, 131, 122, 124, 113, 125, 132, 154, 141, 114, 93, 133, 79, 108, 46, 115, 148, 137, 138, 116, 139, 140, 14, 44, 74, 128, 142, 150, 127, 144, 145, 120, 146, 121, 156, 147, 186, 130, 98, 188, 152, 163, 165, 166, 126, 168, 50, 171, 135, 172, 164, 86, 169, 153, 170, 97, 173, 88, 174, 175, 176, 177, 52, 149, 179, 180, 181, 182, 151, 155, 183, 33, 185, 158, 6, 68, 167, 189, 190, 191, 4, 194, 195, 196, 25]
Correct solution
(w = 30) Building and Solving
[runlim] sample:		183.6 time, 170.2 real, 965.0 MB
[runlim] sample:		193.9 time, 180.2 real, 896.4 MB
Value Cyclic-Antibandwidth: 30
Labels: [52, 58, 190, 89, 47, 127, 147, 79, 193, 99, 104, 28, 37, 1, 84, 9, 182, 50, 180, 15, 72, 114, 175, 33, 83, 194, 158, 94, 86, 105, 14, 57, 95, 74, 2, 108, 61, 51, 44, 30, 4, 153, 168, 126, 26, 71, 197, 41, 24, 6, 17, 49, 18, 199, 7, 144, 135, 31, 92, 185, 123, 113, 43, 130, 183, 21, 38, 181, 27, 198, 117, 64, 163, 143, 155, 167, 62, 149, 78, 11, 165, 141, 112, 137, 151, 171, 145, 60, 97, 200, 134, 48, 77, 59, 22, 189, 188, 157, 178, 128, 67, 32, 101, 75, 46, 119, 70, 10, 100, 98, 29, 40, 25, 166, 138, 131, 164, 103, 159, 54, 125, 115, 34, 152, 161, 195, 120, 116, 66, 63, 80, 12, 160, 142, 146, 88, 19, 5, 110, 45, 56, 121, 91, 179, 136, 3, 170, 192, 174, 85, 133, 148, 90, 109, 39, 156, 187, 82, 177, 176, 154, 122, 93, 69, 169, 76, 196, 124, 129, 87, 132, 139, 55, 53, 73, 173, 107, 35, 162, 140, 81, 172, 42, 13, 106, 102, 96, 184, 16, 111, 65, 150, 186, 68, 191, 36, 23, 20, 118, 8]
Correct solution
(w = 31) Building and Solving
[runlim] sample:		208.3 time, 190.2 real, 965.3 MB
[runlim] sample:		218.8 time, 200.2 real, 1041.5 MB
Value Cyclic-Antibandwidth: 31
Labels: [52, 142, 119, 78, 51, 67, 156, 38, 117, 66, 122, 186, 8, 40, 110, 13, 89, 128, 76, 87, 124, 152, 121, 146, 135, 104, 115, 77, 19, 59, 6, 49, 94, 154, 2, 126, 183, 143, 131, 194, 62, 191, 114, 153, 26, 15, 116, 39, 180, 57, 97, 24, 22, 147, 3, 172, 132, 47, 88, 163, 113, 157, 45, 173, 106, 29, 127, 167, 50, 189, 72, 56, 140, 198, 185, 158, 187, 111, 195, 82, 42, 112, 90, 144, 95, 171, 118, 34, 100, 11, 54, 27, 16, 4, 5, 159, 70, 160, 105, 48, 37, 35, 166, 25, 91, 71, 178, 101, 68, 130, 33, 46, 61, 162, 192, 155, 44, 181, 123, 43, 151, 85, 164, 30, 81, 170, 80, 196, 197, 10, 31, 1, 133, 174, 138, 96, 17, 58, 129, 69, 182, 103, 9, 200, 141, 74, 63, 28, 176, 21, 175, 83, 137, 86, 169, 134, 177, 108, 193, 109, 41, 120, 99, 53, 161, 60, 65, 149, 102, 12, 179, 84, 98, 55, 73, 190, 136, 32, 184, 79, 148, 139, 107, 14, 93, 125, 64, 199, 18, 150, 145, 168, 20, 23, 188, 165, 7, 75, 36, 92]
Correct solution
(w = 32) Building and Solving
[runlim] sample:		233.5 time, 210.2 real, 957.0 MB
[runlim] sample:		244.0 time, 220.2 real, 1100.1 MB
Value Cyclic-Antibandwidth: 32
Labels: [2, 7, 132, 160, 157, 31, 155, 189, 4, 49, 148, 134, 9, 29, 74, 167, 79, 45, 135, 11, 19, 17, 16, 24, 158, 13, 72, 137, 40, 21, 18, 39, 75, 76, 34, 46, 57, 48, 22, 38, 8, 23, 56, 43, 26, 113, 58, 85, 28, 47, 179, 100, 64, 90, 69, 77, 81, 96, 61, 42, 10, 94, 25, 3, 82, 15, 41, 35, 14, 93, 50, 117, 124, 73, 84, 101, 88, 70, 102, 159, 103, 104, 52, 109, 83, 89, 128, 33, 187, 60, 110, 20, 30, 78, 112, 51, 91, 114, 92, 115, 116, 87, 71, 126, 178, 118, 59, 54, 86, 197, 200, 27, 63, 139, 119, 120, 44, 127, 122, 62, 123, 65, 125, 130, 108, 136, 138, 171, 164, 173, 98, 142, 106, 141, 97, 153, 68, 154, 99, 36, 133, 143, 144, 145, 146, 147, 80, 107, 140, 192, 161, 198, 111, 67, 6, 162, 163, 199, 165, 168, 169, 170, 12, 129, 172, 37, 66, 166, 193, 95, 149, 53, 156, 174, 175, 176, 177, 105, 32, 121, 180, 181, 182, 150, 151, 183, 184, 185, 152, 186, 1, 188, 55, 190, 191, 5, 194, 195, 196, 131]
Correct solution
(w = 33) Building and Solving
[runlim] sample:		257.7 time, 230.2 real, 1168.4 MB
[runlim] sample:		271.8 time, 240.2 real, 1675.1 MB
Value Cyclic-Antibandwidth: 33
Labels: [32, 180, 172, 33, 53, 30, 45, 69, 121, 11, 199, 49, 6, 51, 24, 101, 138, 91, 156, 95, 63, 107, 170, 48, 42, 115, 150, 34, 192, 118, 3, 130, 178, 144, 4, 197, 187, 166, 182, 75, 21, 103, 40, 102, 70, 35, 29, 2, 28, 58, 26, 114, 84, 61, 99, 175, 85, 113, 16, 119, 14, 151, 111, 153, 179, 44, 135, 176, 73, 72, 27, 50, 165, 126, 189, 161, 190, 108, 134, 88, 143, 112, 83, 117, 5, 105, 174, 19, 15, 200, 55, 94, 8, 80, 89, 159, 193, 191, 124, 147, 67, 106, 71, 23, 93, 136, 31, 18, 122, 10, 41, 68, 79, 183, 82, 120, 1, 177, 127, 123, 109, 97, 195, 128, 141, 142, 139, 169, 39, 87, 38, 62, 171, 194, 186, 64, 20, 54, 167, 133, 131, 65, 17, 52, 137, 37, 78, 163, 162, 173, 145, 185, 152, 98, 110, 116, 155, 140, 181, 148, 43, 81, 36, 13, 154, 60, 129, 76, 168, 77, 57, 160, 100, 59, 25, 146, 56, 74, 188, 184, 86, 132, 196, 7, 125, 149, 47, 164, 12, 157, 92, 198, 96, 158, 104, 22, 66, 90, 46, 9]
Correct solution
(w = 34) Building and Solving
[runlim] sample:		283.3 time, 250.2 real, 1184.7 MB
Value Cyclic-Antibandwidth: 34
Labels: [197, 199, 186, 8, 156, 41, 130, 189, 194, 134, 15, 50, 36, 21, 13, 26, 66, 22, 30, 67, 17, 28, 72, 11, 171, 27, 32, 31, 96, 195, 10, 19, 88, 117, 3, 200, 53, 39, 34, 49, 12, 71, 86, 122, 114, 110, 47, 90, 55, 70, 58, 111, 64, 89, 57, 69, 77, 68, 4, 147, 6, 85, 52, 9, 45, 35, 42, 38, 155, 78, 16, 153, 5, 33, 18, 91, 2, 48, 81, 56, 126, 99, 100, 51, 87, 20, 101, 109, 176, 103, 104, 92, 106, 97, 60, 121, 43, 76, 80, 112, 113, 98, 115, 135, 82, 161, 23, 40, 94, 37, 54, 65, 24, 119, 128, 108, 136, 132, 129, 93, 79, 164, 118, 84, 29, 73, 151, 159, 140, 173, 116, 139, 62, 152, 75, 141, 123, 142, 120, 107, 131, 143, 144, 105, 146, 192, 198, 95, 138, 157, 193, 160, 133, 74, 145, 162, 163, 166, 167, 168, 169, 170, 59, 125, 172, 181, 25, 83, 44, 165, 61, 46, 154, 14, 175, 137, 177, 102, 178, 179, 180, 174, 182, 148, 149, 183, 184, 185, 63, 150, 187, 188, 196, 190, 191, 124, 7, 1, 158, 127]
Correct solution
(w = 35) Building and Solving
[runlim] sample:		297.5 time, 260.2 real, 1001.5 MB
[runlim] sample:		307.9 time, 270.2 real, 1208.6 MB
Value Cyclic-Antibandwidth: 35
Labels: [198, 34, 192, 8, 89, 70, 147, 92, 45, 75, 107, 57, 21, 12, 52, 13, 199, 19, 153, 36, 20, 26, 109, 31, 74, 7, 76, 162, 98, 155, 47, 156, 80, 151, 130, 24, 2, 39, 28, 190, 22, 115, 11, 136, 35, 1, 14, 97, 41, 53, 58, 104, 65, 102, 43, 94, 63, 66, 38, 29, 64, 127, 103, 10, 54, 17, 44, 37, 72, 90, 4, 99, 18, 100, 3, 110, 9, 95, 81, 55, 15, 86, 56, 49, 62, 111, 141, 105, 183, 27, 121, 193, 101, 83, 112, 23, 67, 108, 117, 77, 114, 85, 5, 120, 200, 42, 60, 46, 175, 61, 69, 96, 30, 33, 32, 88, 125, 126, 137, 113, 135, 152, 48, 128, 71, 106, 131, 68, 139, 116, 79, 140, 73, 142, 59, 143, 87, 144, 51, 146, 123, 145, 78, 148, 186, 188, 157, 40, 132, 159, 160, 25, 133, 50, 118, 163, 165, 166, 167, 168, 169, 170, 171, 129, 172, 158, 134, 82, 150, 164, 124, 173, 154, 138, 161, 176, 177, 84, 178, 179, 180, 181, 182, 93, 149, 174, 184, 185, 16, 119, 187, 197, 189, 91, 191, 122, 194, 195, 196, 6]
Correct solution
(w = 36) Building and Solving
[runlim] sample:		322.1 time, 280.2 real, 1042.7 MB
[runlim] sample:		332.4 time, 290.2 real, 1190.2 MB
Value Cyclic-Antibandwidth: 36
Labels: [50, 39, 164, 183, 163, 62, 145, 44, 165, 79, 103, 106, 76, 45, 187, 16, 126, 93, 46, 92, 138, 151, 162, 140, 13, 132, 199, 107, 90, 136, 87, 168, 77, 150, 4, 185, 34, 83, 57, 67, 21, 122, 146, 3, 22, 17, 111, 65, 27, 69, 8, 119, 125, 195, 19, 104, 91, 31, 14, 198, 134, 143, 98, 167, 176, 29, 95, 36, 55, 142, 102, 51, 141, 196, 193, 181, 74, 110, 118, 23, 64, 172, 171, 80, 97, 190, 72, 61, 1, 200, 113, 82, 68, 58, 88, 178, 127, 131, 152, 173, 75, 40, 42, 30, 160, 49, 121, 10, 123, 26, 73, 53, 105, 109, 54, 108, 180, 182, 33, 144, 47, 9, 197, 184, 161, 156, 130, 52, 32, 18, 114, 66, 115, 94, 117, 158, 5, 37, 124, 84, 96, 120, 7, 192, 148, 20, 70, 43, 174, 139, 170, 154, 191, 85, 157, 149, 186, 179, 137, 169, 155, 112, 38, 89, 128, 60, 159, 24, 175, 59, 78, 129, 86, 48, 25, 194, 177, 71, 63, 153, 133, 166, 116, 2, 99, 188, 56, 189, 12, 101, 135, 35, 81, 28, 11, 6, 41, 15, 147, 100]
Correct solution
(w = 37) Building and Solving
[runlim] sample:		348.4 time, 300.2 real, 1078.9 MB
[runlim] sample:		358.7 time, 310.2 real, 1245.7 MB
Value Cyclic-Antibandwidth: 37
Labels: [77, 50, 186, 133, 144, 198, 158, 36, 168, 16, 188, 55, 89, 46, 143, 99, 131, 61, 118, 93, 74, 12, 109, 127, 11, 112, 196, 115, 91, 53, 85, 197, 34, 156, 4, 28, 116, 169, 43, 101, 150, 41, 193, 94, 27, 25, 119, 97, 181, 58, 1, 114, 76, 142, 96, 105, 2, 191, 48, 75, 184, 173, 86, 141, 125, 81, 102, 124, 66, 33, 22, 39, 177, 187, 185, 47, 182, 103, 17, 21, 120, 64, 130, 189, 40, 20, 123, 68, 100, 24, 157, 56, 60, 14, 87, 192, 183, 106, 90, 108, 63, 154, 179, 15, 45, 82, 180, 59, 138, 26, 57, 62, 121, 194, 35, 174, 176, 117, 113, 160, 70, 107, 139, 129, 140, 148, 172, 51, 42, 78, 69, 9, 110, 159, 151, 153, 13, 19, 128, 135, 80, 190, 8, 199, 111, 6, 122, 175, 30, 104, 161, 163, 149, 95, 178, 195, 32, 31, 200, 18, 71, 137, 72, 29, 166, 7, 145, 132, 146, 10, 44, 134, 88, 52, 49, 147, 54, 5, 155, 162, 79, 136, 65, 84, 126, 152, 3, 170, 98, 165, 171, 167, 83, 73, 37, 164, 67, 23, 38, 92]
Correct solution
(w = 38) Building and Solving
[runlim] sample:		374.6 time, 320.2 real, 865.9 MB
[runlim] sample:		384.9 time, 330.2 real, 1168.3 MB
[runlim] sample:		398.9 time, 340.2 real, 1959.6 MB
Value Cyclic-Antibandwidth: 38
Labels: [197, 199, 200, 154, 3, 151, 149, 189, 4, 130, 196, 48, 76, 114, 192, 64, 37, 10, 18, 99, 172, 70, 27, 12, 5, 50, 19, 74, 15, 191, 82, 46, 124, 58, 152, 16, 53, 28, 25, 96, 195, 54, 39, 86, 11, 61, 88, 73, 34, 9, 57, 95, 69, 35, 59, 97, 33, 104, 43, 7, 51, 36, 93, 23, 49, 71, 13, 47, 147, 77, 52, 194, 85, 87, 83, 21, 109, 107, 60, 178, 66, 98, 32, 41, 24, 78, 111, 110, 102, 55, 161, 103, 29, 45, 105, 112, 65, 84, 106, 116, 150, 14, 79, 137, 44, 181, 94, 100, 38, 8, 31, 17, 81, 108, 125, 138, 115, 126, 134, 128, 136, 68, 148, 135, 26, 155, 123, 89, 67, 168, 90, 127, 119, 72, 30, 141, 120, 142, 113, 143, 121, 92, 2, 153, 193, 173, 157, 63, 133, 158, 162, 163, 131, 62, 164, 159, 165, 166, 167, 139, 169, 170, 171, 122, 40, 6, 22, 160, 144, 156, 117, 20, 75, 174, 1, 176, 177, 140, 129, 179, 180, 56, 182, 80, 145, 183, 184, 185, 146, 186, 187, 188, 91, 190, 101, 132, 42, 198, 175, 118]
Correct solution
(w = 39) Building and Solving
[runlim] sample:		409.8 time, 350.2 real, 1292.2 MB
[runlim] sample:		420.3 time, 360.2 real, 1087.1 MB
Value Cyclic-Antibandwidth: 39
Labels: [74, 39, 166, 9, 176, 144, 29, 85, 182, 92, 181, 63, 40, 27, 104, 200, 156, 119, 179, 3, 171, 56, 32, 133, 67, 46, 115, 97, 48, 134, 13, 36, 79, 165, 4, 178, 193, 68, 52, 116, 21, 173, 142, 5, 137, 90, 190, 45, 31, 57, 8, 123, 127, 194, 91, 66, 93, 107, 16, 22, 114, 129, 143, 72, 34, 50, 37, 183, 20, 28, 109, 54, 155, 199, 197, 160, 153, 111, 82, 1, 125, 38, 99, 42, 126, 110, 147, 44, 12, 94, 136, 128, 61, 64, 158, 177, 172, 196, 35, 159, 75, 43, 77, 14, 163, 59, 168, 18, 100, 26, 65, 51, 131, 146, 49, 117, 140, 83, 118, 53, 108, 101, 195, 69, 169, 161, 174, 24, 120, 30, 113, 55, 25, 185, 167, 189, 19, 80, 124, 132, 84, 105, 96, 157, 148, 6, 139, 23, 88, 187, 198, 149, 106, 73, 184, 188, 192, 86, 102, 164, 145, 81, 11, 87, 76, 60, 154, 162, 180, 89, 141, 98, 78, 151, 17, 152, 130, 58, 62, 150, 175, 138, 103, 2, 135, 112, 71, 170, 95, 191, 41, 15, 70, 33, 186, 121, 7, 122, 47, 10]
Correct solution
(w = 40) Building and Solving
[runlim] sample:		436.5 time, 370.2 real, 1168.2 MB
[runlim] sample:		447.0 time, 380.2 real, 1155.5 MB
Value Cyclic-Antibandwidth: 40
Labels: [37, 185, 160, 200, 47, 121, 197, 95, 143, 64, 178, 76, 50, 5, 172, 199, 97, 52, 36, 34, 186, 65, 195, 104, 89, 126, 139, 183, 158, 138, 77, 141, 84, 190, 2, 175, 33, 171, 182, 137, 12, 173, 155, 3, 122, 80, 189, 6, 167, 61, 7, 117, 100, 130, 92, 39, 63, 128, 4, 38, 86, 170, 111, 62, 135, 14, 21, 118, 20, 83, 188, 176, 106, 198, 196, 177, 184, 26, 105, 72, 55, 193, 90, 148, 99, 180, 109, 16, 22, 187, 103, 49, 8, 85, 46, 142, 107, 31, 66, 116, 53, 43, 115, 19, 194, 79, 81, 11, 169, 136, 69, 40, 67, 112, 74, 110, 140, 161, 123, 113, 32, 57, 151, 18, 181, 131, 127, 159, 35, 23, 15, 56, 164, 30, 24, 146, 13, 93, 45, 41, 54, 129, 153, 166, 144, 48, 145, 132, 108, 147, 125, 60, 17, 114, 102, 78, 152, 156, 75, 124, 165, 91, 27, 51, 150, 71, 168, 101, 149, 68, 82, 162, 96, 73, 9, 88, 179, 87, 154, 133, 59, 163, 119, 1, 134, 174, 44, 120, 98, 192, 42, 157, 94, 70, 29, 25, 10, 58, 191, 28]
Correct solution
(w = 41) Building and Solving
[runlim] sample:		463.1 time, 390.2 real, 962.1 MB
[runlim] sample:		473.6 time, 400.2 real, 1203.0 MB
Value Cyclic-Antibandwidth: 41
Labels: [89, 62, 168, 133, 106, 50, 42, 83, 102, 144, 94, 72, 8, 132, 194, 88, 124, 155, 187, 96, 151, 55, 125, 45, 43, 99, 77, 5, 101, 116, 15, 25, 179, 142, 2, 192, 170, 120, 172, 84, 31, 59, 159, 22, 49, 4, 107, 34, 173, 58, 12, 126, 60, 146, 1, 104, 75, 82, 11, 134, 41, 156, 127, 119, 29, 17, 32, 184, 48, 39, 27, 167, 186, 67, 176, 154, 189, 193, 110, 79, 152, 24, 51, 181, 148, 117, 171, 26, 13, 200, 76, 128, 16, 92, 95, 56, 38, 80, 123, 178, 53, 108, 69, 6, 64, 115, 166, 10, 139, 3, 73, 46, 138, 147, 63, 165, 160, 150, 122, 130, 109, 87, 188, 40, 196, 71, 114, 112, 14, 97, 44, 57, 140, 195, 23, 158, 19, 81, 131, 141, 33, 174, 21, 191, 70, 78, 143, 35, 93, 113, 103, 153, 135, 105, 199, 197, 86, 190, 137, 129, 183, 98, 52, 18, 85, 180, 111, 157, 145, 74, 163, 162, 90, 149, 9, 37, 47, 61, 169, 164, 91, 161, 177, 100, 136, 121, 7, 175, 68, 198, 30, 20, 65, 36, 182, 54, 66, 185, 118, 28]
Correct solution
(w = 42) Building and Solving
[runlim] sample:		489.3 time, 410.2 real, 990.1 MB
[runlim] sample:		499.7 time, 420.2 real, 1324.4 MB
Value Cyclic-Antibandwidth: 42
Labels: [35, 14, 145, 163, 159, 136, 135, 170, 191, 61, 7, 177, 181, 118, 84, 100, 97, 28, 40, 17, 86, 153, 62, 42, 76, 171, 172, 79, 66, 155, 101, 64, 12, 123, 2, 174, 113, 73, 117, 188, 162, 121, 10, 54, 180, 143, 152, 157, 194, 67, 110, 29, 116, 77, 25, 74, 98, 99, 57, 13, 102, 127, 186, 83, 89, 160, 36, 106, 93, 140, 33, 146, 150, 167, 137, 71, 190, 114, 5, 81, 134, 20, 44, 115, 48, 95, 16, 173, 21, 128, 55, 161, 178, 80, 3, 200, 8, 176, 31, 147, 63, 141, 6, 109, 50, 70, 184, 68, 26, 1, 142, 37, 126, 189, 149, 187, 196, 198, 94, 130, 91, 45, 185, 132, 56, 75, 85, 182, 49, 139, 166, 183, 59, 138, 169, 69, 9, 82, 122, 119, 53, 87, 175, 156, 107, 18, 30, 4, 23, 131, 65, 129, 154, 88, 133, 168, 112, 38, 92, 60, 32, 120, 78, 27, 58, 151, 19, 144, 165, 111, 34, 47, 52, 158, 43, 11, 164, 148, 193, 195, 90, 192, 125, 72, 24, 22, 179, 199, 197, 51, 124, 103, 108, 96, 15, 41, 105, 46, 104, 39]
Correct solution
(w = 43) Building and Solving
[runlim] sample:		515.7 time, 430.2 real, 861.8 MB
[runlim] sample:		526.1 time, 440.2 real, 1274.9 MB
[runlim] sample:		536.6 time, 450.2 real, 1197.1 MB
Value Cyclic-Antibandwidth: 43
Labels: [182, 144, 92, 31, 62, 11, 135, 14, 189, 155, 154, 66, 191, 186, 179, 200, 195, 82, 174, 3, 166, 121, 99, 84, 128, 124, 176, 139, 83, 153, 87, 43, 165, 160, 32, 177, 51, 30, 141, 70, 15, 140, 16, 118, 12, 47, 130, 198, 194, 78, 26, 152, 116, 125, 185, 60, 107, 85, 188, 58, 4, 132, 119, 29, 76, 64, 115, 159, 101, 127, 181, 150, 35, 19, 167, 133, 9, 97, 34, 122, 75, 105, 56, 161, 143, 117, 20, 22, 187, 13, 142, 173, 28, 114, 71, 67, 109, 126, 55, 2, 69, 98, 33, 199, 21, 96, 46, 81, 146, 180, 50, 91, 184, 171, 54, 25, 27, 41, 123, 23, 5, 74, 110, 172, 88, 42, 169, 63, 136, 8, 138, 44, 86, 93, 157, 77, 192, 37, 163, 57, 103, 102, 90, 61, 95, 79, 151, 17, 49, 129, 94, 100, 40, 89, 7, 36, 38, 80, 158, 149, 197, 113, 106, 45, 131, 112, 1, 164, 24, 170, 6, 148, 59, 145, 183, 156, 53, 52, 175, 39, 73, 168, 137, 104, 193, 18, 10, 68, 196, 120, 147, 162, 108, 48, 134, 190, 111, 178, 72, 65]
Correct solution
(w = 44) Building and Solving
[runlim] sample:		552.5 time, 460.2 real, 992.4 MB
[runlim] sample:		562.9 time, 470.2 real, 1381.1 MB
Value Cyclic-Antibandwidth: 44
Labels: [159, 110, 101, 6, 2, 83, 67, 175, 154, 155, 59, 167, 112, 118, 172, 181, 192, 80, 7, 86, 79, 125, 52, 40, 165, 129, 19, 21, 77, 144, 95, 55, 135, 152, 70, 74, 100, 188, 174, 15, 193, 196, 4, 87, 121, 12, 120, 146, 132, 136, 124, 178, 156, 49, 60, 31, 56, 141, 123, 173, 65, 46, 43, 34, 82, 107, 72, 138, 130, 63, 140, 145, 53, 1, 85, 116, 90, 64, 158, 44, 139, 8, 195, 122, 26, 88, 62, 115, 113, 161, 54, 30, 190, 61, 10, 143, 114, 128, 32, 48, 39, 23, 36, 76, 16, 133, 179, 94, 163, 191, 149, 96, 137, 198, 92, 24, 166, 89, 78, 111, 68, 71, 127, 38, 148, 22, 5, 97, 13, 84, 109, 37, 182, 73, 93, 99, 75, 157, 119, 105, 151, 41, 169, 176, 189, 45, 168, 17, 91, 27, 57, 29, 153, 3, 50, 11, 177, 81, 171, 35, 197, 66, 25, 33, 186, 126, 170, 102, 98, 147, 183, 14, 58, 131, 200, 20, 187, 69, 184, 185, 180, 150, 103, 51, 160, 18, 108, 199, 9, 162, 106, 164, 142, 28, 134, 47, 104, 194, 117, 42]
Correct solution
(w = 45) Building and Solving
[runlim] sample:		578.8 time, 480.2 real, 947.3 MB
[runlim] sample:		589.2 time, 490.2 real, 1327.8 MB
[runlim] sample:		600.2 time, 500.2 real, 1389.1 MB
Value Cyclic-Antibandwidth: 45
Labels: [36, 48, 111, 102, 15, 67, 69, 156, 118, 20, 91, 95, 185, 130, 72, 165, 96, 58, 157, 63, 170, 83, 40, 4, 127, 164, 56, 193, 86, 98, 90, 78, 149, 155, 117, 180, 173, 25, 14, 77, 2, 32, 142, 24, 74, 137, 162, 199, 171, 192, 131, 11, 6, 122, 160, 172, 49, 57, 134, 183, 84, 34, 9, 66, 82, 133, 65, 138, 45, 97, 176, 194, 135, 124, 35, 19, 184, 94, 198, 88, 46, 42, 41, 106, 18, 159, 189, 187, 168, 144, 116, 28, 153, 51, 21, 125, 126, 140, 169, 166, 71, 70, 188, 143, 150, 151, 92, 109, 31, 182, 110, 44, 1, 163, 158, 38, 148, 152, 17, 43, 174, 85, 22, 7, 79, 59, 196, 104, 178, 76, 16, 179, 120, 167, 27, 33, 93, 123, 8, 68, 37, 81, 195, 108, 64, 80, 61, 161, 50, 115, 73, 139, 177, 181, 62, 175, 101, 113, 119, 29, 128, 87, 99, 55, 30, 105, 145, 191, 52, 154, 13, 190, 53, 26, 200, 121, 5, 54, 23, 107, 112, 89, 75, 3, 197, 186, 129, 132, 147, 12, 60, 100, 136, 114, 146, 47, 103, 141, 10, 39]
Correct solution
(w = 46) Building and Solving
[runlim] sample:		618.2 time, 510.2 real, 970.6 MB
[runlim] sample:		628.4 time, 520.2 real, 1315.8 MB
Value Cyclic-Antibandwidth: 46
Labels: [129, 114, 111, 174, 90, 167, 132, 126, 8, 59, 182, 147, 26, 113, 178, 40, 166, 70, 43, 155, 14, 140, 62, 24, 84, 64, 193, 54, 89, 153, 131, 144, 198, 195, 162, 145, 16, 189, 191, 130, 50, 7, 183, 46, 150, 31, 160, 199, 42, 79, 157, 21, 94, 78, 38, 32, 99, 69, 175, 169, 77, 173, 25, 151, 66, 185, 6, 45, 98, 63, 1, 15, 187, 109, 190, 179, 3, 67, 188, 74, 93, 80, 116, 13, 88, 148, 82, 138, 53, 149, 105, 18, 164, 118, 27, 192, 91, 125, 68, 34, 106, 108, 37, 33, 83, 57, 146, 58, 180, 41, 102, 100, 19, 158, 101, 181, 4, 154, 5, 127, 17, 51, 163, 23, 152, 103, 11, 71, 55, 134, 60, 96, 115, 20, 87, 97, 196, 156, 12, 172, 35, 117, 9, 48, 52, 133, 107, 143, 128, 137, 120, 44, 184, 65, 22, 29, 165, 112, 92, 168, 124, 73, 72, 194, 56, 177, 171, 85, 10, 121, 197, 186, 159, 142, 200, 139, 95, 122, 28, 47, 141, 170, 30, 61, 176, 49, 161, 75, 81, 135, 110, 76, 136, 86, 36, 119, 123, 2, 104, 39]
Correct solution
(w = 47) Building and Solving
[runlim] sample:		644.8 time, 530.2 real, 977.3 MB
[runlim] sample:		655.2 time, 540.2 real, 1395.4 MB
[runlim] sample:		665.8 time, 550.2 real, 1293.3 MB
Value Cyclic-Antibandwidth: 47
Labels: [197, 31, 182, 115, 90, 17, 77, 183, 2, 123, 149, 147, 41, 194, 159, 63, 85, 199, 5, 18, 143, 153, 99, 56, 133, 108, 190, 129, 4, 109, 55, 53, 100, 102, 187, 121, 171, 155, 157, 188, 166, 125, 180, 30, 196, 93, 3, 160, 120, 195, 140, 69, 65, 161, 191, 105, 60, 27, 165, 16, 81, 103, 13, 172, 86, 170, 21, 181, 29, 97, 193, 132, 76, 152, 175, 118, 78, 162, 137, 24, 49, 33, 185, 37, 114, 92, 35, 136, 10, 62, 91, 32, 141, 66, 25, 46, 124, 9, 73, 174, 52, 51, 67, 44, 7, 64, 154, 1, 148, 131, 158, 8, 15, 26, 19, 127, 177, 144, 68, 71, 176, 74, 186, 101, 128, 95, 111, 192, 112, 198, 106, 12, 145, 126, 40, 168, 167, 150, 135, 47, 169, 48, 138, 72, 34, 42, 45, 36, 79, 98, 11, 80, 119, 139, 89, 59, 156, 113, 84, 22, 38, 88, 130, 14, 110, 142, 189, 116, 28, 117, 164, 107, 43, 82, 200, 163, 96, 57, 83, 151, 50, 75, 94, 122, 173, 58, 179, 23, 6, 134, 20, 146, 178, 54, 87, 70, 61, 184, 104, 39]
Correct solution
(w = 48) Building and Solving
[runlim] sample:		685.3 time, 560.2 real, 1025.5 MB
[runlim] sample:		695.3 time, 570.2 real, 1392.9 MB
[runlim] sample:		709.7 time, 580.2 real, 2186.7 MB
Value Cyclic-Antibandwidth: 48
Labels: [39, 29, 78, 158, 194, 193, 3, 73, 133, 56, 14, 15, 86, 137, 84, 148, 83, 19, 54, 90, 10, 151, 60, 76, 180, 127, 1, 81, 173, 168, 91, 26, 110, 123, 53, 190, 38, 187, 165, 42, 192, 13, 177, 164, 23, 142, 178, 199, 97, 32, 101, 21, 103, 22, 65, 128, 46, 51, 122, 100, 189, 20, 35, 12, 182, 147, 67, 96, 62, 95, 162, 139, 120, 134, 11, 146, 140, 175, 200, 82, 143, 109, 27, 131, 88, 169, 64, 149, 104, 159, 167, 43, 144, 50, 61, 157, 113, 4, 115, 170, 41, 108, 66, 102, 181, 111, 155, 70, 150, 191, 36, 17, 196, 156, 45, 154, 160, 16, 93, 188, 174, 63, 37, 77, 135, 30, 107, 172, 184, 7, 132, 6, 9, 121, 34, 99, 176, 166, 124, 126, 72, 80, 40, 141, 2, 57, 195, 117, 130, 106, 49, 55, 171, 112, 145, 89, 185, 79, 18, 186, 68, 31, 69, 8, 25, 98, 183, 152, 74, 118, 44, 153, 48, 28, 87, 179, 5, 33, 198, 71, 163, 119, 59, 58, 197, 85, 161, 92, 75, 138, 116, 125, 136, 52, 114, 47, 105, 94, 129, 24]
Correct solution
(w = 49) Building and Solving
[runlim] sample:		724.7 time, 590.2 real, 1045.9 MB
[runlim] sample:		734.9 time, 600.2 real, 1468.0 MB
Value Cyclic-Antibandwidth: 49
Labels: [190, 120, 88, 83, 99, 33, 108, 164, 6, 146, 96, 135, 9, 69, 117, 176, 175, 5, 194, 90, 144, 148, 79, 52, 139, 100, 173, 128, 22, 71, 174, 14, 150, 81, 44, 93, 8, 78, 75, 31, 62, 170, 74, 60, 72, 153, 179, 7, 136, 127, 105, 157, 143, 121, 168, 182, 133, 184, 188, 16, 147, 91, 53, 54, 77, 1, 39, 160, 12, 140, 118, 40, 68, 58, 191, 80, 17, 177, 23, 138, 156, 61, 131, 20, 110, 65, 86, 48, 24, 167, 66, 196, 34, 149, 38, 51, 104, 166, 145, 29, 55, 195, 28, 181, 63, 70, 151, 171, 95, 107, 132, 27, 180, 197, 159, 45, 26, 89, 11, 56, 186, 130, 198, 42, 116, 172, 76, 125, 142, 199, 155, 46, 92, 4, 185, 43, 183, 124, 115, 49, 18, 154, 3, 187, 98, 141, 50, 32, 57, 67, 82, 109, 87, 162, 193, 129, 102, 122, 152, 25, 169, 101, 106, 36, 119, 113, 13, 158, 189, 112, 200, 123, 10, 111, 21, 134, 35, 73, 37, 114, 192, 103, 161, 137, 2, 59, 30, 85, 165, 19, 64, 126, 41, 84, 163, 47, 97, 178, 94, 15]
Correct solution
(w = 50) Building and Solving
[runlim] sample:		754.9 time, 610.2 real, 928.0 MB
[runlim] sample:		765.7 time, 620.2 real, 1018.2 MB
[runlim] sample:		776.4 time, 630.2 real, 1401.3 MB
[runlim] sample:		800.7 time, 640.2 real, 2382.7 MB
Value Cyclic-Antibandwidth: 50
Labels: [29, 172, 78, 182, 48, 55, 7, 59, 2, 47, 161, 68, 22, 190, 173, 178, 51, 4, 135, 149, 14, 179, 36, 33, 19, 83, 91, 150, 76, 159, 97, 180, 40, 186, 176, 140, 104, 41, 56, 133, 189, 93, 185, 124, 94, 24, 158, 23, 194, 126, 143, 8, 81, 168, 101, 26, 72, 46, 174, 21, 148, 160, 34, 144, 138, 146, 43, 110, 86, 109, 188, 199, 181, 165, 99, 27, 17, 57, 157, 87, 67, 28, 117, 134, 50, 113, 79, 175, 187, 183, 155, 82, 169, 75, 84, 200, 196, 92, 152, 32, 52, 89, 44, 62, 177, 30, 163, 74, 162, 1, 192, 80, 39, 54, 70, 12, 16, 25, 105, 6, 108, 106, 96, 45, 166, 123, 131, 115, 136, 100, 37, 102, 119, 156, 49, 66, 125, 137, 111, 151, 5, 114, 69, 65, 103, 118, 88, 142, 170, 63, 128, 38, 195, 121, 191, 127, 141, 122, 98, 60, 132, 73, 107, 31, 42, 64, 164, 120, 77, 139, 197, 198, 61, 193, 129, 171, 11, 53, 10, 13, 116, 20, 15, 35, 167, 18, 145, 95, 90, 153, 85, 154, 130, 71, 147, 184, 112, 58, 3, 9]
Correct solution
(w = 51) Building and Solving
[runlim] sample:		813.0 time, 650.2 real, 978.9 MB
[runlim] sample:		823.0 time, 660.2 real, 1196.9 MB
[runlim] sample:		838.5 time, 670.2 real, 2529.4 MB
[runlim] sample:		889.7 time, 680.2 real, 4217.5 MB
[runlim] sample:		945.6 time, 690.2 real, 3613.8 MB
Value Cyclic-Antibandwidth: 51
Labels: [198, 133, 14, 180, 195, 187, 117, 21, 44, 54, 22, 190, 181, 157, 34, 174, 78, 8, 36, 160, 48, 194, 69, 25, 88, 186, 82, 96, 188, 15, 149, 95, 24, 168, 72, 11, 123, 183, 182, 33, 172, 128, 37, 138, 155, 99, 59, 6, 35, 200, 63, 135, 108, 60, 46, 102, 120, 64, 49, 193, 90, 81, 137, 166, 119, 3, 17, 30, 156, 87, 1, 20, 105, 126, 112, 154, 178, 45, 28, 66, 127, 16, 71, 142, 93, 196, 136, 191, 56, 192, 68, 7, 144, 121, 197, 40, 84, 85, 76, 12, 114, 132, 19, 148, 98, 57, 134, 143, 92, 9, 75, 43, 199, 173, 26, 55, 176, 2, 10, 162, 29, 47, 179, 23, 91, 118, 129, 94, 107, 159, 18, 170, 164, 62, 39, 131, 177, 110, 167, 158, 109, 77, 13, 58, 140, 83, 150, 184, 145, 141, 152, 124, 38, 5, 51, 103, 86, 122, 79, 146, 175, 113, 61, 52, 67, 32, 115, 185, 27, 74, 73, 53, 104, 101, 70, 165, 97, 189, 169, 125, 151, 100, 41, 89, 31, 139, 4, 116, 163, 65, 171, 50, 111, 161, 80, 153, 106, 42, 147, 130]
Correct solution
(w = 52) Building and Solving
[runlim] sample:		972.6 time, 700.2 real, 931.6 MB
[runlim] sample:		983.4 time, 710.2 real, 1409.7 MB
[runlim] sample:		994.4 time, 720.2 real, 1331.7 MB
[runlim] sample:		1020.3 time, 730.2 real, 2479.2 MB
Value Cyclic-Antibandwidth: 52
Labels: [200, 23, 28, 9, 16, 75, 111, 109, 65, 176, 63, 71, 32, 114, 120, 184, 116, 145, 45, 173, 73, 51, 107, 178, 86, 90, 76, 150, 190, 179, 93, 187, 127, 125, 128, 89, 52, 58, 83, 195, 53, 79, 157, 15, 78, 115, 24, 140, 94, 134, 70, 124, 144, 129, 69, 148, 108, 149, 113, 40, 136, 169, 172, 6, 57, 54, 165, 8, 10, 110, 130, 25, 64, 56, 97, 122, 62, 171, 163, 196, 197, 155, 156, 164, 131, 191, 123, 119, 161, 118, 147, 198, 87, 106, 27, 14, 74, 41, 3, 158, 153, 182, 30, 67, 154, 17, 160, 55, 168, 60, 96, 61, 141, 36, 42, 186, 48, 91, 35, 98, 11, 180, 103, 100, 139, 20, 1, 162, 117, 72, 152, 44, 85, 19, 7, 188, 135, 92, 49, 174, 177, 167, 37, 39, 26, 5, 189, 77, 80, 4, 50, 66, 22, 185, 2, 59, 84, 88, 29, 31, 82, 166, 194, 38, 21, 102, 95, 99, 18, 112, 142, 146, 183, 47, 143, 68, 121, 13, 132, 138, 34, 159, 175, 104, 181, 151, 199, 193, 81, 12, 33, 105, 137, 126, 133, 46, 101, 192, 170, 43]
Correct solution
(w = 53) Building and Solving
[runlim] sample:		1035.3 time, 740.2 real, 1037.0 MB
[runlim] sample:		1045.3 time, 750.2 real, 1424.8 MB
[runlim] sample:		1056.6 time, 760.2 real, 1379.0 MB
[runlim] sample:		1097.4 time, 770.2 real, 2333.5 MB
Value Cyclic-Antibandwidth: 53
Labels: [154, 6, 101, 107, 188, 196, 70, 125, 120, 152, 61, 127, 156, 119, 74, 93, 78, 24, 34, 44, 21, 48, 168, 106, 103, 83, 37, 174, 170, 173, 4, 35, 100, 85, 66, 104, 113, 134, 109, 1, 158, 128, 77, 189, 57, 122, 145, 133, 108, 9, 105, 159, 160, 17, 53, 114, 40, 26, 116, 144, 76, 65, 169, 112, 51, 97, 38, 177, 195, 52, 2, 151, 62, 140, 50, 143, 129, 92, 95, 25, 198, 197, 10, 64, 167, 149, 176, 80, 187, 87, 59, 171, 90, 47, 193, 89, 55, 166, 141, 126, 42, 146, 117, 69, 71, 190, 91, 8, 86, 137, 54, 29, 147, 110, 191, 155, 121, 84, 163, 111, 165, 183, 31, 172, 39, 56, 150, 99, 194, 27, 184, 185, 20, 153, 200, 186, 115, 96, 181, 199, 32, 18, 179, 131, 7, 16, 15, 5, 73, 79, 45, 11, 118, 123, 82, 43, 49, 3, 180, 164, 182, 63, 19, 14, 60, 157, 130, 136, 13, 94, 162, 135, 46, 36, 139, 102, 124, 58, 161, 88, 33, 132, 75, 142, 175, 23, 22, 192, 98, 12, 28, 138, 67, 72, 81, 30, 68, 178, 148, 41]
Correct solution
(w = 54) Building and Solving
[runlim] sample:		1108.5 time, 780.2 real, 1080.8 MB
[runlim] sample:		1118.6 time, 790.2 real, 1376.7 MB
[runlim] sample:		1135.5 time, 800.2 real, 2256.7 MB
[runlim] sample:		1188.4 time, 810.2 real, 4080.7 MB
[runlim] sample:		1248.4 time, 820.2 real, 3935.9 MB
Value Cyclic-Antibandwidth: 54
Labels: [25, 26, 200, 171, 42, 29, 7, 73, 166, 101, 188, 95, 13, 6, 117, 1, 97, 194, 152, 40, 65, 2, 75, 157, 141, 24, 137, 112, 190, 140, 50, 192, 106, 176, 184, 196, 37, 21, 22, 87, 4, 28, 180, 162, 48, 121, 199, 187, 16, 116, 134, 60, 78, 89, 114, 133, 58, 109, 161, 15, 124, 151, 35, 39, 154, 155, 10, 23, 64, 118, 195, 178, 185, 3, 138, 11, 181, 132, 173, 107, 61, 169, 113, 158, 99, 79, 76, 177, 167, 174, 159, 36, 46, 82, 68, 172, 110, 183, 146, 160, 80, 127, 67, 32, 193, 83, 148, 70, 135, 163, 18, 55, 186, 164, 66, 170, 189, 17, 92, 27, 12, 103, 5, 33, 125, 111, 120, 102, 108, 34, 144, 30, 143, 150, 165, 51, 191, 93, 129, 19, 128, 104, 96, 130, 43, 77, 9, 8, 53, 52, 41, 81, 142, 123, 49, 115, 90, 63, 94, 86, 72, 74, 119, 147, 105, 56, 198, 69, 14, 139, 126, 122, 71, 62, 131, 45, 168, 54, 20, 145, 153, 149, 91, 85, 175, 38, 156, 84, 59, 136, 31, 182, 98, 57, 88, 179, 44, 100, 47, 197]
Correct solution
(w = 55) Building and Solving
[runlim] sample:		1272.4 time, 830.2 real, 929.4 MB
[runlim] sample:		1283.2 time, 840.2 real, 1476.0 MB
[runlim] sample:		1294.5 time, 850.2 real, 1393.8 MB
[runlim] sample:		1317.5 time, 860.2 real, 2282.8 MB
[runlim] sample:		1367.0 time, 870.2 real, 3033.3 MB
Value Cyclic-Antibandwidth: 55
Labels: [52, 88, 142, 189, 53, 110, 151, 24, 140, 61, 14, 27, 108, 198, 111, 188, 194, 90, 180, 12, 183, 113, 39, 58, 138, 172, 197, 28, 48, 103, 68, 75, 3, 1, 192, 26, 33, 50, 29, 66, 144, 83, 163, 121, 107, 157, 143, 190, 129, 59, 170, 63, 45, 9, 134, 21, 44, 106, 174, 119, 17, 167, 31, 136, 146, 156, 159, 148, 96, 179, 23, 124, 169, 135, 38, 6, 118, 181, 178, 54, 98, 132, 32, 152, 57, 105, 15, 199, 166, 149, 176, 77, 168, 47, 78, 173, 195, 193, 8, 150, 71, 99, 87, 158, 187, 155, 175, 34, 171, 4, 177, 93, 73, 36, 43, 141, 123, 160, 80, 125, 86, 112, 82, 94, 145, 109, 35, 11, 25, 116, 37, 55, 10, 184, 85, 64, 42, 22, 130, 79, 114, 62, 69, 122, 65, 127, 100, 117, 133, 164, 92, 104, 182, 60, 153, 128, 165, 131, 72, 56, 81, 30, 7, 101, 137, 46, 139, 19, 41, 89, 95, 13, 74, 120, 16, 49, 70, 84, 115, 18, 185, 186, 196, 20, 102, 97, 154, 51, 200, 91, 162, 2, 147, 40, 191, 126, 5, 67, 76, 161]
Correct solution
(w = 56) Building and Solving
[runlim] sample:		1405.7 time, 880.2 real, 923.8 MB
[runlim] sample:		1416.5 time, 890.2 real, 983.5 MB
[runlim] sample:		1426.6 time, 900.2 real, 1399.5 MB
[runlim] sample:		1445.5 time, 910.2 real, 2318.5 MB
[runlim] sample:		1495.4 time, 920.2 real, 3242.2 MB
[runlim] sample:		1543.0 time, 930.2 real, 3877.1 MB
Value Cyclic-Antibandwidth: 56
Labels: [32, 139, 82, 79, 41, 112, 133, 42, 21, 182, 194, 96, 107, 14, 190, 113, 27, 55, 192, 11, 69, 150, 163, 117, 155, 153, 188, 159, 65, 30, 35, 22, 102, 111, 62, 198, 127, 108, 92, 18, 34, 143, 125, 168, 103, 128, 9, 114, 189, 180, 142, 19, 135, 46, 158, 197, 170, 138, 144, 83, 171, 176, 49, 23, 140, 109, 64, 8, 58, 167, 54, 104, 115, 29, 187, 80, 66, 45, 50, 173, 131, 44, 185, 100, 177, 157, 7, 63, 28, 105, 10, 72, 38, 151, 52, 97, 132, 73, 5, 60, 86, 184, 77, 123, 91, 85, 78, 116, 174, 15, 26, 17, 106, 84, 71, 56, 59, 76, 148, 90, 70, 156, 68, 195, 16, 154, 161, 57, 165, 40, 136, 88, 152, 4, 74, 3, 13, 169, 166, 98, 61, 126, 149, 137, 2, 199, 48, 121, 39, 119, 200, 134, 95, 191, 36, 147, 193, 172, 130, 93, 175, 1, 162, 43, 120, 24, 25, 164, 31, 178, 37, 179, 94, 122, 20, 47, 67, 87, 81, 101, 118, 146, 145, 183, 33, 186, 75, 12, 160, 51, 110, 181, 141, 89, 6, 129, 124, 196, 53, 99]
Correct solution
(w = 57) Building and Solving
[runlim] sample:		1558.6 time, 940.2 real, 1085.5 MB
[runlim] sample:		1568.5 time, 950.2 real, 1502.4 MB
[runlim] sample:		1579.2 time, 960.2 real, 1415.8 MB
[runlim] sample:		1622.2 time, 970.2 real, 2615.3 MB
[runlim] sample:		1674.6 time, 980.2 real, 4413.8 MB
[runlim] sample:		1734.6 time, 990.2 real, 4134.9 MB
[runlim] sample:		1793.3 time, 1000.2 real, 3746.5 MB
[runlim] sample:		1849.3 time, 1010.2 real, 4489.4 MB
[runlim] sample:		1899.3 time, 1020.2 real, 3659.9 MB
[runlim] sample:		1946.3 time, 1030.2 real, 4497.3 MB
[runlim] sample:		1996.3 time, 1040.2 real, 3664.9 MB
[runlim] sample:		2046.0 time, 1050.2 real, 4502.8 MB
[runlim] sample:		2096.0 time, 1060.2 real, 4021.1 MB
[runlim] sample:		2132.4 time, 1070.2 real, 3050.0 MB
Value Cyclic-Antibandwidth: 57
Labels: [115, 180, 171, 83, 135, 87, 19, 145, 46, 76, 35, 122, 119, 69, 57, 169, 79, 91, 9, 64, 23, 176, 156, 111, 7, 136, 12, 124, 56, 74, 138, 195, 106, 167, 28, 32, 200, 112, 105, 75, 14, 110, 43, 2, 55, 165, 186, 117, 41, 85, 188, 81, 152, 184, 16, 166, 140, 151, 59, 1, 82, 21, 193, 22, 15, 6, 42, 25, 104, 173, 52, 197, 191, 92, 128, 144, 127, 84, 89, 5, 126, 70, 54, 34, 99, 147, 98, 68, 45, 96, 60, 97, 73, 141, 143, 40, 163, 139, 198, 63, 125, 155, 178, 179, 24, 192, 93, 159, 48, 3, 61, 26, 134, 129, 190, 27, 67, 95, 161, 66, 20, 10, 94, 29, 39, 172, 154, 107, 103, 183, 149, 150, 71, 187, 120, 17, 116, 177, 88, 78, 175, 157, 131, 123, 170, 37, 80, 142, 58, 158, 49, 11, 4, 132, 168, 174, 51, 50, 162, 182, 130, 199, 196, 53, 8, 109, 90, 114, 148, 100, 31, 44, 146, 194, 38, 77, 121, 181, 118, 86, 164, 101, 30, 160, 36, 65, 18, 33, 133, 72, 102, 47, 62, 108, 185, 189, 137, 153, 113, 13]
Correct solution
(w = 58) Building and Solving
[runlim] sample:		2148.9 time, 1080.2 real, 1088.6 MB
[runlim] sample:		2159.7 time, 1090.2 real, 1550.8 MB
[runlim] sample:		2170.4 time, 1100.2 real, 1430.7 MB
[runlim] sample:		2194.2 time, 1110.2 real, 2381.8 MB
[runlim] sample:		2247.6 time, 1120.2 real, 4369.3 MB
[runlim] sample:		2307.6 time, 1130.2 real, 3566.7 MB
[runlim] sample:		2363.3 time, 1140.2 real, 4422.2 MB
[runlim] sample:		2423.3 time, 1150.2 real, 4132.3 MB
[runlim] sample:		2479.9 time, 1160.2 real, 3595.8 MB
[runlim] sample:		2538.9 time, 1170.2 real, 4444.5 MB
[runlim] sample:		2598.9 time, 1180.2 real, 3605.4 MB
[runlim] sample:		2658.7 time, 1190.2 real, 4452.2 MB
[runlim] sample:		2718.7 time, 1200.2 real, 3605.4 MB
[runlim] sample:		2778.7 time, 1210.2 real, 3620.7 MB
[runlim] sample:		2842.9 time, 1220.2 real, 4952.6 MB
[runlim] sample:		2922.6 time, 1230.2 real, 5708.6 MB
[runlim] sample:		3002.3 time, 1240.2 real, 6168.6 MB
[runlim] sample:		3082.0 time, 1250.2 real, 6492.6 MB
[runlim] sample:		3161.7 time, 1260.2 real, 6782.6 MB
[runlim] sample:		3241.2 time, 1270.2 real, 7041.1 MB
[runlim] sample:		3320.9 time, 1280.2 real, 7225.4 MB
[runlim] sample:		3400.6 time, 1290.2 real, 7393.4 MB
[runlim] sample:		3467.7 time, 1300.2 real, 3700.7 MB
[runlim] sample:		3547.4 time, 1310.2 real, 5724.8 MB
[runlim] sample:		3627.1 time, 1320.2 real, 5990.8 MB
[runlim] sample:		3706.6 time, 1330.2 real, 6350.8 MB
[runlim] sample:		3786.3 time, 1340.2 real, 6650.8 MB
[runlim] sample:		3865.9 time, 1350.2 real, 6914.8 MB
[runlim] sample:		3945.6 time, 1360.2 real, 7142.8 MB
[runlim] sample:		4025.2 time, 1370.2 real, 7322.8 MB
[runlim] sample:		4104.9 time, 1380.2 real, 7472.8 MB
[runlim] sample:		4175.2 time, 1390.2 real, 7472.8 MB
[runlim] sample:		4245.2 time, 1400.2 real, 7472.8 MB
[runlim] sample:		4315.2 time, 1410.2 real, 7472.8 MB
[runlim] sample:		4385.1 time, 1420.2 real, 7472.8 MB
[runlim] sample:		4455.2 time, 1430.2 real, 7472.8 MB
[runlim] sample:		4525.1 time, 1440.2 real, 7472.8 MB
[runlim] sample:		4594.4 time, 1450.2 real, 7472.8 MB
[runlim] sample:		4664.2 time, 1460.2 real, 7472.8 MB
[runlim] sample:		4734.1 time, 1470.2 real, 7472.8 MB
[runlim] sample:		4804.1 time, 1480.2 real, 7472.8 MB
[runlim] sample:		4874.1 time, 1490.2 real, 7473.2 MB
[runlim] sample:		4944.1 time, 1500.2 real, 7473.3 MB
[runlim] sample:		5014.0 time, 1510.2 real, 7473.3 MB
[runlim] sample:		5082.8 time, 1520.2 real, 7473.3 MB
[runlim] sample:		5152.8 time, 1530.2 real, 7473.3 MB
[runlim] sample:		5209.1 time, 1540.2 real, 3401.2 MB
[runlim] sample:		5229.1 time, 1550.2 real, 3401.2 MB
[runlim] sample:		5255.4 time, 1560.2 real, 3656.6 MB
[runlim] sample:		5285.4 time, 1570.2 real, 3908.6 MB
[runlim] sample:		5315.4 time, 1580.2 real, 3913.5 MB
[runlim] sample:		5345.4 time, 1590.2 real, 3842.4 MB
[runlim] sample:		5375.4 time, 1600.2 real, 3853.6 MB
[runlim] sample:		5405.4 time, 1610.2 real, 3854.8 MB
[runlim] sample:		5435.4 time, 1620.2 real, 3854.8 MB
[runlim] sample:		5465.4 time, 1630.2 real, 3854.8 MB
[runlim] sample:		5495.4 time, 1640.2 real, 3859.1 MB
[runlim] sample:		5525.4 time, 1650.2 real, 3859.1 MB
[runlim] sample:		5555.4 time, 1660.2 real, 3859.1 MB
[runlim] sample:		5585.4 time, 1670.2 real, 3888.6 MB
[runlim] sample:		5615.4 time, 1680.2 real, 4359.0 MB
[runlim] sample:		5645.4 time, 1690.2 real, 4410.4 MB
[runlim] sample:		5675.4 time, 1700.2 real, 4104.3 MB
[runlim] sample:		5705.4 time, 1710.2 real, 4108.7 MB
[runlim] sample:		5735.4 time, 1720.2 real, 4125.5 MB
[runlim] sample:		5765.4 time, 1730.2 real, 4125.7 MB
[runlim] sample:		5795.4 time, 1740.2 real, 4125.7 MB
[runlim] sample:		5825.4 time, 1750.2 real, 4125.7 MB
[runlim] sample:		5855.4 time, 1760.2 real, 4125.7 MB
[runlim] sample:		5885.4 time, 1770.2 real, 4125.7 MB
[runlim] sample:		5915.4 time, 1780.2 real, 4125.7 MB
[runlim] sample:		5945.4 time, 1790.2 real, 4459.5 MB
[runlim] end:			Tue Nov 11 22:11:18 2025
[runlim] status:		out of time
[runlim] result:		2
[runlim] children:		0
[runlim] real:			1800.12 seconds
[runlim] time:			5974.96 seconds
[runlim] space:			7507.3 MB
[runlim] samples:		17999
