[runlim] version:		1.10
[runlim] time limit:		311040000 seconds
[runlim] real time limit:	1800 seconds
[runlim] space limit:		30000 MB
[runlim] argv[0]:		python3
[runlim] argv[1]:		model_MIP_CPLEX.py
[runlim] argv[2]:		./graph/random_generated_graph_2013/p27_200_400
[runlim] start:			Tue Nov 11 23:11:18 2025
[runlim] main pid:		26092
[runlim] log captured:
(w = 4) Building and Solving
Value Cyclic-Antibandwidth: 4
Labels: [59, 165, 19, 13, 177, 11, 200, 88, 122, 137, 173, 9, 160, 170, 71, 54, 28, 187, 25, 133, 198, 164, 141, 3, 161, 148, 90, 113, 60, 189, 193, 91, 186, 191, 86, 81, 155, 130, 140, 197, 102, 106, 63, 120, 50, 23, 157, 49, 172, 77, 73, 27, 103, 37, 89, 129, 195, 144, 18, 112, 82, 117, 70, 194, 41, 101, 21, 2, 131, 135, 96, 4, 72, 47, 136, 100, 132, 180, 109, 51, 196, 167, 46, 76, 105, 149, 39, 92, 5, 56, 116, 123, 159, 162, 78, 183, 61, 6, 93, 52, 69, 181, 20, 1, 75, 104, 178, 156, 66, 16, 121, 14, 62, 147, 153, 38, 168, 34, 134, 68, 29, 182, 44, 83, 43, 138, 31, 22, 85, 95, 126, 115, 151, 94, 158, 111, 98, 10, 97, 174, 169, 108, 79, 166, 119, 15, 80, 199, 192, 26, 7, 185, 12, 175, 48, 150, 127, 24, 84, 55, 128, 33, 36, 142, 154, 40, 64, 53, 110, 107, 99, 179, 67, 125, 65, 184, 190, 114, 145, 163, 176, 58, 171, 87, 17, 42, 30, 32, 146, 188, 152, 8, 45, 118, 74, 124, 35, 57, 143, 139]
Correct solution
(w = 5) Building and Solving
Value Cyclic-Antibandwidth: 5
Labels: [59, 165, 19, 52, 177, 24, 200, 88, 122, 137, 173, 9, 1, 170, 71, 103, 28, 187, 25, 133, 198, 164, 66, 3, 161, 148, 90, 113, 38, 189, 193, 91, 186, 191, 86, 81, 155, 130, 140, 197, 175, 106, 63, 120, 50, 23, 157, 49, 74, 51, 73, 190, 70, 87, 89, 129, 195, 144, 18, 112, 82, 117, 37, 11, 41, 101, 21, 2, 141, 135, 96, 4, 72, 47, 136, 100, 132, 180, 109, 60, 196, 167, 97, 76, 105, 149, 39, 92, 192, 56, 116, 123, 159, 162, 78, 183, 61, 6, 93, 160, 69, 181, 20, 83, 75, 104, 178, 107, 168, 16, 27, 14, 62, 147, 153, 128, 13, 34, 29, 194, 40, 182, 77, 68, 43, 138, 31, 22, 85, 95, 126, 115, 171, 94, 158, 111, 98, 151, 80, 174, 156, 108, 79, 166, 119, 15, 44, 199, 169, 26, 131, 185, 12, 35, 48, 150, 127, 102, 7, 55, 84, 33, 36, 142, 154, 172, 64, 53, 110, 121, 10, 179, 67, 125, 65, 184, 46, 114, 145, 163, 176, 58, 5, 54, 17, 42, 30, 32, 146, 188, 152, 8, 45, 118, 99, 124, 134, 57, 143, 139]
Correct solution
(w = 6) Building and Solving
Value Cyclic-Antibandwidth: 6
Labels: [59, 165, 19, 52, 177, 24, 200, 88, 122, 137, 173, 9, 1, 170, 71, 103, 28, 187, 25, 133, 198, 164, 66, 3, 161, 148, 90, 113, 38, 189, 193, 91, 186, 191, 86, 81, 155, 130, 140, 197, 67, 106, 63, 120, 50, 23, 157, 49, 74, 51, 73, 190, 70, 87, 89, 129, 195, 144, 18, 112, 167, 117, 37, 11, 41, 101, 21, 2, 141, 135, 96, 4, 72, 47, 136, 100, 132, 180, 109, 60, 196, 175, 97, 76, 105, 149, 39, 92, 192, 56, 116, 123, 159, 162, 78, 183, 61, 6, 93, 160, 69, 181, 20, 83, 75, 104, 178, 107, 168, 16, 27, 82, 62, 147, 153, 128, 13, 34, 29, 194, 40, 182, 77, 68, 43, 138, 31, 22, 85, 95, 126, 115, 14, 94, 158, 111, 98, 30, 80, 174, 156, 108, 79, 166, 119, 15, 44, 199, 169, 26, 131, 185, 12, 35, 48, 150, 127, 102, 7, 171, 84, 33, 36, 142, 154, 172, 64, 53, 110, 121, 10, 179, 151, 125, 65, 184, 46, 114, 145, 163, 176, 58, 5, 54, 17, 42, 139, 32, 146, 188, 152, 8, 45, 118, 99, 124, 134, 57, 143, 55]
Correct solution
(w = 7) Building and Solving
[runlim] sample:		12.6 time, 10.2 real, 218.8 MB
Value Cyclic-Antibandwidth: 7
Labels: [123, 165, 19, 52, 177, 24, 200, 88, 122, 137, 173, 9, 1, 170, 32, 103, 28, 187, 25, 133, 198, 164, 66, 3, 161, 40, 90, 53, 38, 22, 193, 91, 186, 191, 86, 81, 155, 130, 140, 197, 67, 106, 63, 120, 50, 23, 157, 49, 74, 51, 73, 190, 70, 37, 89, 129, 195, 144, 18, 112, 82, 117, 134, 194, 41, 101, 21, 2, 131, 135, 96, 4, 72, 47, 136, 100, 132, 180, 93, 60, 54, 167, 97, 76, 196, 149, 39, 92, 5, 56, 116, 43, 159, 162, 78, 166, 61, 6, 107, 160, 69, 181, 20, 83, 62, 104, 178, 156, 168, 16, 27, 14, 105, 147, 153, 128, 13, 34, 29, 10, 143, 182, 77, 68, 55, 138, 31, 188, 85, 95, 126, 115, 71, 94, 158, 111, 98, 30, 80, 174, 169, 108, 79, 48, 119, 15, 44, 199, 192, 26, 75, 185, 12, 175, 87, 150, 127, 102, 7, 171, 84, 33, 36, 142, 154, 172, 64, 189, 110, 121, 99, 179, 151, 125, 65, 184, 46, 114, 145, 163, 176, 58, 146, 11, 17, 42, 141, 109, 113, 59, 152, 8, 45, 118, 148, 124, 35, 57, 183, 139]
Correct solution
(w = 8) Building and Solving
Value Cyclic-Antibandwidth: 8
Labels: [59, 98, 95, 68, 177, 24, 200, 88, 122, 16, 173, 174, 160, 143, 71, 103, 74, 187, 96, 133, 9, 57, 66, 3, 161, 10, 90, 53, 60, 94, 21, 91, 186, 191, 86, 164, 155, 130, 170, 197, 123, 106, 165, 120, 50, 23, 157, 49, 12, 51, 73, 190, 70, 87, 89, 129, 195, 144, 18, 112, 167, 117, 134, 11, 41, 15, 19, 2, 141, 135, 77, 4, 72, 47, 136, 63, 132, 180, 109, 28, 196, 128, 97, 22, 105, 149, 39, 92, 192, 56, 116, 37, 159, 162, 78, 25, 61, 6, 93, 52, 40, 181, 145, 83, 75, 104, 178, 107, 168, 100, 27, 82, 62, 193, 153, 38, 13, 34, 172, 194, 29, 182, 44, 147, 43, 138, 31, 69, 85, 76, 126, 115, 14, 81, 158, 101, 142, 151, 148, 131, 156, 108, 79, 166, 119, 32, 80, 20, 169, 26, 111, 185, 198, 175, 48, 150, 127, 102, 7, 171, 84, 33, 36, 1, 154, 140, 64, 189, 110, 121, 146, 179, 67, 125, 65, 199, 46, 114, 55, 163, 176, 58, 5, 54, 17, 42, 30, 184, 113, 188, 152, 8, 45, 118, 99, 124, 35, 137, 183, 139]
Correct solution
(w = 9) Building and Solving
Value Cyclic-Antibandwidth: 9
Labels: [59, 165, 19, 52, 177, 24, 110, 5, 122, 137, 173, 174, 115, 170, 71, 103, 74, 172, 79, 118, 101, 164, 10, 65, 161, 148, 90, 53, 60, 22, 64, 91, 186, 191, 17, 81, 86, 171, 99, 200, 67, 108, 63, 120, 50, 9, 157, 106, 12, 51, 73, 190, 70, 87, 89, 197, 195, 23, 18, 112, 167, 117, 134, 111, 68, 15, 21, 49, 131, 135, 96, 125, 72, 47, 136, 100, 132, 180, 109, 28, 187, 128, 97, 4, 196, 149, 39, 80, 192, 56, 116, 123, 159, 162, 78, 25, 3, 6, 107, 160, 61, 181, 85, 83, 75, 104, 178, 62, 66, 16, 27, 82, 105, 193, 153, 38, 168, 34, 29, 194, 40, 182, 77, 147, 43, 138, 31, 69, 141, 95, 126, 2, 14, 94, 158, 76, 98, 183, 144, 92, 156, 155, 35, 133, 119, 32, 44, 142, 169, 26, 7, 185, 198, 175, 48, 150, 127, 102, 13, 55, 84, 33, 36, 1, 88, 140, 42, 189, 154, 121, 93, 179, 151, 130, 41, 199, 46, 114, 145, 163, 176, 58, 146, 54, 11, 129, 30, 184, 113, 188, 152, 8, 45, 166, 20, 124, 37, 57, 143, 139]
Correct solution
(w = 10) Building and Solving
[runlim] sample:		24.9 time, 20.2 real, 372.5 MB
Value Cyclic-Antibandwidth: 10
Labels: [59, 165, 19, 52, 177, 160, 110, 5, 122, 137, 173, 174, 115, 170, 71, 103, 74, 172, 79, 118, 101, 164, 66, 65, 161, 148, 90, 53, 60, 22, 64, 91, 186, 191, 17, 81, 86, 171, 99, 200, 67, 108, 63, 120, 50, 9, 157, 106, 12, 51, 73, 190, 70, 87, 89, 197, 195, 23, 18, 112, 167, 117, 134, 111, 68, 15, 21, 49, 141, 135, 96, 125, 72, 47, 136, 100, 132, 180, 109, 28, 187, 128, 97, 4, 196, 149, 39, 80, 192, 56, 116, 123, 159, 162, 78, 25, 3, 6, 107, 143, 61, 181, 69, 83, 75, 104, 178, 62, 168, 16, 27, 82, 105, 193, 153, 38, 13, 34, 29, 194, 40, 182, 77, 147, 43, 138, 31, 24, 85, 95, 126, 2, 14, 94, 158, 76, 98, 10, 144, 92, 156, 155, 35, 133, 119, 32, 44, 142, 169, 26, 131, 185, 198, 175, 48, 150, 127, 102, 7, 55, 84, 33, 36, 1, 88, 140, 42, 189, 154, 121, 93, 179, 151, 130, 41, 199, 46, 114, 145, 163, 176, 58, 146, 54, 11, 129, 30, 184, 113, 188, 152, 8, 45, 166, 20, 124, 37, 57, 183, 139]
Correct solution
(w = 11) Building and Solving
Value Cyclic-Antibandwidth: 11
Labels: [123, 165, 19, 52, 177, 24, 110, 5, 122, 137, 173, 174, 160, 170, 71, 103, 74, 172, 79, 133, 101, 164, 66, 65, 161, 40, 90, 53, 60, 199, 64, 91, 186, 191, 86, 81, 155, 171, 99, 200, 67, 36, 63, 120, 50, 9, 157, 106, 12, 51, 73, 190, 70, 87, 89, 197, 195, 23, 18, 112, 167, 117, 134, 194, 68, 15, 21, 49, 131, 135, 96, 4, 72, 47, 1, 100, 132, 180, 109, 28, 187, 128, 97, 22, 196, 149, 147, 80, 192, 56, 116, 144, 159, 162, 78, 166, 3, 6, 93, 143, 61, 181, 85, 69, 75, 104, 178, 62, 168, 16, 27, 82, 105, 193, 153, 38, 13, 34, 29, 130, 7, 182, 77, 83, 43, 138, 31, 188, 141, 95, 126, 115, 14, 94, 158, 76, 98, 121, 148, 92, 156, 108, 35, 136, 119, 32, 44, 142, 169, 26, 111, 185, 198, 175, 48, 150, 127, 102, 39, 55, 84, 33, 2, 25, 88, 140, 42, 189, 154, 107, 10, 179, 151, 125, 41, 11, 46, 114, 145, 163, 176, 58, 146, 54, 17, 129, 30, 184, 113, 59, 152, 8, 45, 118, 20, 124, 37, 57, 183, 139]
Correct solution
(w = 12) Building and Solving
[runlim] sample:		37.1 time, 30.2 real, 394.1 MB
Value Cyclic-Antibandwidth: 12
Labels: [59, 165, 19, 68, 177, 148, 110, 5, 122, 137, 173, 174, 160, 156, 71, 103, 74, 172, 79, 133, 101, 164, 66, 65, 161, 40, 90, 53, 60, 199, 64, 91, 186, 191, 20, 81, 86, 171, 170, 200, 123, 36, 63, 120, 50, 9, 157, 106, 12, 51, 73, 190, 70, 1, 89, 197, 195, 23, 18, 112, 167, 117, 134, 194, 119, 15, 21, 49, 131, 135, 96, 4, 72, 52, 136, 100, 132, 180, 109, 28, 187, 128, 97, 22, 196, 149, 147, 80, 192, 56, 116, 54, 159, 162, 78, 158, 3, 6, 93, 143, 61, 181, 69, 83, 75, 104, 141, 62, 168, 16, 27, 82, 105, 193, 153, 38, 13, 34, 29, 130, 7, 182, 77, 47, 43, 138, 31, 24, 85, 95, 126, 115, 14, 94, 178, 76, 98, 151, 144, 92, 169, 108, 35, 166, 188, 32, 44, 142, 121, 26, 111, 185, 198, 175, 87, 150, 127, 102, 39, 55, 84, 33, 2, 25, 88, 140, 42, 189, 154, 107, 10, 179, 67, 125, 41, 184, 46, 114, 145, 163, 176, 58, 146, 11, 17, 129, 30, 155, 113, 48, 152, 8, 45, 118, 99, 124, 37, 57, 183, 139]
Correct solution
(w = 13) Building and Solving
Value Cyclic-Antibandwidth: 13
Labels: [46, 164, 141, 198, 61, 107, 25, 83, 188, 163, 47, 23, 63, 135, 116, 140, 160, 170, 44, 51, 15, 167, 24, 13, 76, 22, 88, 97, 195, 168, 185, 54, 41, 92, 3, 102, 55, 29, 122, 11, 14, 126, 180, 16, 27, 179, 19, 158, 192, 166, 80, 7, 85, 142, 186, 112, 87, 38, 103, 173, 56, 98, 57, 77, 174, 194, 78, 53, 145, 68, 73, 155, 144, 150, 125, 149, 42, 121, 90, 62, 171, 165, 134, 151, 10, 5, 143, 2, 31, 33, 65, 139, 74, 136, 129, 131, 59, 86, 137, 184, 153, 190, 32, 66, 89, 118, 95, 30, 117, 172, 146, 197, 75, 132, 183, 147, 123, 104, 187, 127, 12, 199, 99, 6, 191, 193, 133, 48, 161, 69, 152, 182, 120, 82, 50, 148, 94, 21, 36, 43, 178, 110, 1, 138, 52, 60, 20, 169, 111, 79, 49, 4, 26, 40, 72, 114, 157, 8, 101, 91, 39, 130, 100, 162, 154, 45, 67, 177, 18, 113, 176, 93, 108, 17, 37, 175, 189, 124, 58, 28, 84, 64, 9, 34, 106, 200, 181, 81, 35, 96, 71, 119, 109, 156, 196, 70, 105, 128, 115, 159]
Correct solution
(w = 14) Building and Solving
[runlim] sample:		49.2 time, 40.2 real, 459.7 MB
Value Cyclic-Antibandwidth: 14
Labels: [46, 164, 141, 198, 61, 107, 25, 83, 188, 163, 47, 23, 63, 135, 116, 140, 160, 170, 44, 51, 15, 167, 24, 13, 136, 76, 88, 97, 195, 168, 185, 54, 41, 92, 3, 102, 55, 29, 122, 11, 14, 126, 180, 16, 27, 179, 19, 22, 192, 166, 80, 7, 85, 142, 186, 112, 87, 38, 103, 173, 56, 98, 57, 77, 162, 194, 78, 53, 145, 68, 199, 155, 144, 150, 125, 149, 42, 121, 90, 62, 171, 165, 134, 151, 10, 5, 143, 2, 31, 33, 65, 139, 74, 73, 129, 131, 59, 86, 137, 184, 153, 190, 32, 174, 89, 118, 95, 30, 117, 172, 146, 197, 75, 132, 183, 66, 123, 104, 187, 127, 12, 147, 99, 6, 191, 193, 133, 48, 161, 69, 152, 182, 120, 82, 50, 148, 94, 21, 36, 43, 178, 110, 1, 138, 52, 60, 20, 169, 111, 158, 49, 4, 26, 40, 72, 114, 157, 8, 101, 91, 39, 130, 100, 79, 154, 45, 67, 177, 18, 113, 176, 93, 108, 17, 37, 175, 189, 124, 58, 28, 84, 64, 9, 34, 106, 200, 181, 81, 35, 96, 71, 119, 109, 156, 196, 70, 105, 128, 115, 159]
Correct solution
(w = 15) Building and Solving
Value Cyclic-Antibandwidth: 15
Labels: [46, 164, 141, 198, 61, 107, 25, 83, 188, 163, 47, 23, 63, 135, 116, 174, 160, 170, 44, 51, 15, 167, 24, 13, 27, 76, 88, 97, 195, 168, 185, 54, 41, 92, 3, 102, 55, 29, 122, 11, 14, 126, 180, 16, 142, 179, 19, 22, 192, 166, 80, 7, 85, 189, 186, 112, 87, 38, 103, 173, 56, 98, 57, 77, 191, 194, 78, 53, 145, 68, 127, 155, 144, 150, 125, 149, 42, 121, 90, 62, 171, 165, 134, 151, 10, 5, 143, 2, 140, 33, 65, 139, 74, 119, 129, 131, 59, 86, 137, 184, 153, 190, 32, 31, 89, 118, 95, 30, 117, 172, 146, 197, 75, 132, 183, 66, 123, 104, 187, 136, 12, 162, 99, 6, 36, 193, 133, 48, 161, 69, 152, 199, 120, 82, 50, 148, 94, 21, 45, 43, 178, 110, 1, 138, 52, 60, 20, 169, 111, 158, 49, 4, 26, 40, 72, 114, 157, 8, 101, 91, 39, 130, 100, 79, 154, 182, 67, 177, 18, 113, 176, 93, 108, 17, 37, 175, 73, 124, 58, 28, 84, 64, 9, 34, 106, 200, 181, 81, 35, 96, 71, 147, 109, 156, 196, 70, 105, 128, 115, 159]
Correct solution
(w = 16) Building and Solving
[runlim] sample:		60.4 time, 50.2 real, 545.1 MB
Value Cyclic-Antibandwidth: 16
Labels: [46, 164, 141, 198, 61, 107, 25, 83, 188, 163, 47, 184, 63, 135, 116, 70, 160, 170, 44, 51, 15, 167, 182, 13, 36, 76, 88, 97, 195, 168, 185, 54, 41, 92, 3, 102, 55, 29, 122, 11, 14, 126, 180, 16, 142, 179, 19, 18, 12, 166, 80, 7, 85, 139, 186, 112, 87, 38, 103, 173, 56, 98, 48, 77, 191, 194, 78, 53, 145, 68, 127, 155, 144, 150, 125, 149, 42, 121, 90, 62, 171, 165, 134, 151, 10, 5, 143, 2, 140, 33, 65, 23, 74, 119, 129, 131, 59, 86, 137, 45, 153, 190, 32, 79, 89, 118, 95, 30, 117, 172, 146, 197, 75, 132, 183, 199, 123, 104, 187, 136, 31, 162, 99, 6, 24, 193, 133, 124, 174, 69, 152, 189, 120, 82, 50, 148, 94, 21, 57, 43, 178, 110, 1, 138, 52, 60, 20, 169, 111, 158, 49, 4, 26, 40, 72, 114, 157, 8, 101, 91, 39, 130, 100, 192, 154, 181, 67, 177, 66, 113, 176, 93, 108, 17, 37, 175, 73, 27, 58, 28, 84, 64, 9, 34, 106, 200, 161, 81, 35, 96, 71, 147, 109, 156, 196, 22, 105, 128, 115, 159]
Correct solution
(w = 17) Building and Solving
[runlim] sample:		72.5 time, 60.2 real, 547.4 MB
Value Cyclic-Antibandwidth: 17
Labels: [46, 164, 141, 198, 61, 107, 25, 83, 188, 163, 47, 184, 63, 135, 116, 70, 160, 170, 44, 51, 15, 167, 182, 13, 189, 26, 88, 97, 195, 168, 185, 54, 41, 92, 3, 102, 55, 29, 122, 11, 155, 126, 180, 16, 142, 179, 19, 14, 12, 166, 80, 7, 85, 139, 186, 112, 87, 38, 103, 173, 56, 98, 48, 77, 191, 194, 78, 53, 145, 68, 127, 105, 144, 150, 125, 149, 42, 121, 90, 62, 171, 165, 134, 151, 10, 5, 143, 2, 140, 33, 65, 23, 74, 119, 129, 131, 59, 86, 137, 45, 153, 190, 32, 174, 89, 118, 95, 30, 117, 36, 146, 197, 75, 132, 183, 199, 123, 104, 187, 136, 31, 101, 99, 6, 24, 193, 133, 124, 181, 69, 152, 57, 192, 82, 50, 148, 94, 21, 120, 43, 178, 110, 1, 138, 52, 60, 20, 169, 111, 162, 49, 4, 76, 40, 72, 114, 157, 8, 66, 91, 39, 130, 100, 79, 154, 172, 67, 177, 158, 113, 176, 93, 108, 17, 37, 175, 73, 27, 58, 28, 84, 64, 9, 34, 106, 200, 161, 81, 35, 96, 71, 147, 109, 156, 196, 22, 18, 128, 115, 159]
Correct solution
(w = 18) Building and Solving
[runlim] sample:		83.5 time, 70.2 real, 736.5 MB
Value Cyclic-Antibandwidth: 18
Labels: [46, 164, 141, 198, 61, 107, 25, 83, 188, 163, 47, 184, 63, 135, 116, 70, 160, 170, 44, 51, 15, 167, 182, 13, 60, 73, 88, 97, 195, 168, 185, 54, 41, 92, 3, 102, 55, 29, 122, 11, 155, 126, 180, 16, 142, 179, 19, 14, 12, 166, 80, 7, 85, 139, 186, 112, 87, 38, 103, 173, 56, 98, 48, 77, 191, 194, 78, 53, 145, 68, 127, 105, 144, 150, 125, 149, 42, 121, 90, 62, 171, 165, 134, 151, 10, 5, 143, 2, 31, 33, 65, 23, 74, 119, 129, 131, 59, 86, 137, 189, 153, 190, 32, 174, 89, 118, 95, 30, 117, 36, 146, 197, 75, 132, 183, 199, 123, 104, 187, 136, 26, 120, 99, 6, 24, 193, 133, 124, 181, 69, 152, 57, 192, 82, 50, 148, 94, 21, 45, 43, 178, 110, 1, 138, 52, 66, 20, 169, 111, 161, 49, 4, 162, 40, 72, 114, 157, 8, 101, 91, 39, 130, 100, 79, 154, 172, 67, 177, 158, 113, 176, 93, 108, 17, 37, 175, 76, 27, 58, 28, 84, 64, 9, 34, 106, 200, 140, 81, 35, 96, 71, 147, 109, 156, 196, 22, 18, 128, 115, 159]
Correct solution
(w = 19) Building and Solving
[runlim] sample:		94.5 time, 80.2 real, 603.9 MB
Value Cyclic-Antibandwidth: 19
Labels: [46, 164, 141, 198, 61, 107, 25, 83, 188, 163, 47, 184, 63, 135, 116, 70, 160, 170, 162, 51, 15, 167, 182, 13, 60, 73, 88, 97, 104, 168, 185, 54, 98, 92, 3, 102, 55, 29, 122, 11, 155, 126, 180, 16, 142, 179, 19, 36, 12, 166, 80, 7, 85, 139, 186, 112, 87, 38, 103, 44, 56, 161, 48, 77, 191, 194, 78, 53, 145, 68, 127, 105, 144, 150, 125, 149, 42, 121, 90, 62, 171, 165, 134, 151, 10, 5, 143, 2, 31, 33, 65, 23, 74, 119, 129, 131, 59, 181, 137, 189, 153, 190, 32, 173, 89, 118, 95, 30, 117, 26, 146, 197, 75, 132, 183, 199, 123, 120, 187, 136, 14, 101, 99, 6, 24, 193, 133, 124, 57, 69, 152, 86, 192, 82, 50, 148, 94, 21, 45, 43, 178, 110, 1, 138, 52, 66, 20, 169, 111, 41, 49, 4, 76, 40, 72, 114, 157, 8, 79, 91, 39, 174, 100, 130, 154, 172, 67, 177, 158, 113, 176, 93, 108, 17, 37, 175, 195, 27, 58, 28, 84, 64, 9, 34, 106, 200, 140, 81, 35, 96, 71, 147, 109, 156, 196, 22, 18, 128, 115, 159]
Correct solution
(w = 20) Building and Solving
Value Cyclic-Antibandwidth: 20
Labels: [46, 164, 141, 198, 61, 107, 25, 83, 188, 163, 47, 184, 63, 135, 116, 70, 160, 170, 162, 51, 15, 167, 182, 13, 136, 73, 88, 97, 104, 168, 185, 54, 98, 92, 3, 102, 55, 29, 122, 11, 155, 126, 180, 16, 142, 179, 139, 199, 12, 166, 80, 7, 85, 189, 186, 112, 87, 26, 103, 44, 56, 165, 48, 77, 191, 38, 161, 53, 145, 68, 127, 105, 144, 150, 125, 149, 42, 121, 90, 62, 171, 60, 134, 151, 10, 5, 143, 2, 31, 33, 65, 23, 74, 119, 129, 131, 59, 9, 137, 173, 153, 190, 32, 79, 89, 118, 95, 30, 117, 181, 146, 197, 75, 132, 183, 19, 123, 66, 187, 21, 14, 101, 99, 6, 24, 193, 133, 124, 57, 69, 152, 86, 192, 82, 50, 148, 94, 194, 45, 43, 178, 110, 1, 138, 52, 120, 20, 169, 111, 41, 49, 4, 76, 40, 72, 114, 157, 8, 78, 91, 39, 174, 100, 130, 154, 172, 67, 177, 158, 113, 176, 93, 108, 17, 37, 175, 195, 27, 58, 28, 84, 64, 36, 34, 106, 200, 140, 81, 35, 96, 71, 147, 109, 156, 196, 22, 18, 128, 115, 159]
Correct solution
(w = 21) Building and Solving
[runlim] sample:		105.6 time, 90.2 real, 580.2 MB
Value Cyclic-Antibandwidth: 21
Labels: [46, 164, 141, 198, 61, 107, 25, 83, 188, 99, 147, 184, 63, 135, 116, 66, 160, 170, 162, 51, 15, 167, 182, 13, 76, 155, 88, 97, 104, 168, 185, 54, 98, 92, 3, 102, 55, 29, 122, 11, 173, 126, 180, 16, 142, 179, 139, 199, 12, 166, 80, 7, 85, 189, 186, 112, 87, 26, 41, 44, 56, 165, 48, 77, 191, 38, 78, 53, 145, 68, 127, 105, 144, 150, 36, 149, 42, 121, 90, 62, 171, 161, 134, 151, 10, 5, 143, 2, 31, 33, 130, 23, 74, 119, 129, 131, 59, 9, 137, 195, 153, 190, 32, 47, 89, 118, 95, 30, 117, 181, 146, 197, 65, 132, 183, 19, 123, 120, 187, 21, 14, 125, 73, 6, 24, 193, 133, 124, 57, 69, 152, 86, 192, 82, 50, 148, 94, 194, 45, 43, 178, 110, 1, 138, 52, 136, 20, 169, 111, 70, 49, 4, 75, 40, 72, 114, 157, 8, 103, 91, 39, 174, 100, 79, 154, 172, 67, 177, 158, 113, 176, 93, 108, 17, 37, 175, 101, 27, 58, 28, 84, 64, 60, 34, 106, 200, 140, 81, 35, 96, 71, 163, 109, 156, 196, 22, 18, 128, 115, 159]
Correct solution
(w = 22) Building and Solving
[runlim] sample:		116.7 time, 100.2 real, 695.5 MB
Value Cyclic-Antibandwidth: 22
Labels: [46, 164, 141, 198, 61, 107, 25, 83, 188, 99, 147, 184, 63, 135, 116, 73, 160, 170, 162, 51, 15, 167, 182, 13, 76, 140, 88, 97, 104, 168, 185, 54, 98, 92, 3, 102, 55, 29, 122, 11, 173, 126, 180, 16, 142, 179, 139, 199, 12, 166, 80, 7, 85, 136, 60, 112, 87, 26, 41, 44, 56, 165, 48, 77, 191, 38, 78, 53, 145, 68, 101, 105, 144, 150, 36, 149, 42, 121, 90, 62, 171, 155, 134, 151, 10, 5, 143, 2, 31, 33, 130, 23, 74, 119, 129, 131, 59, 197, 137, 45, 153, 190, 32, 47, 89, 118, 95, 30, 117, 181, 146, 186, 65, 132, 183, 19, 123, 120, 187, 21, 14, 103, 195, 6, 24, 193, 133, 124, 57, 69, 152, 86, 192, 82, 50, 148, 94, 194, 189, 43, 178, 110, 1, 138, 52, 163, 20, 169, 111, 70, 49, 4, 75, 40, 72, 114, 157, 8, 125, 91, 39, 174, 100, 79, 154, 172, 67, 177, 158, 113, 176, 93, 108, 17, 37, 175, 9, 27, 58, 28, 84, 64, 66, 34, 106, 200, 161, 81, 35, 96, 71, 127, 109, 156, 196, 22, 18, 128, 115, 159]
Correct solution
(w = 23) Building and Solving
[runlim] sample:		128.1 time, 110.2 real, 715.5 MB
Value Cyclic-Antibandwidth: 23
Labels: [46, 164, 141, 198, 61, 107, 25, 83, 188, 99, 147, 184, 63, 135, 116, 70, 160, 170, 162, 51, 15, 167, 182, 13, 76, 14, 88, 97, 104, 168, 185, 54, 98, 92, 3, 102, 55, 29, 122, 11, 163, 126, 180, 16, 142, 179, 139, 199, 12, 166, 80, 7, 85, 136, 60, 112, 87, 26, 41, 44, 56, 165, 48, 77, 191, 38, 78, 53, 145, 68, 101, 105, 144, 150, 36, 149, 42, 121, 90, 62, 171, 161, 134, 151, 10, 5, 143, 2, 31, 33, 130, 23, 74, 119, 129, 131, 59, 197, 137, 73, 153, 190, 32, 47, 89, 118, 95, 30, 117, 181, 146, 186, 65, 132, 183, 19, 123, 120, 187, 21, 18, 103, 173, 6, 24, 193, 133, 124, 57, 69, 152, 86, 192, 82, 50, 148, 94, 194, 189, 43, 178, 110, 1, 138, 52, 66, 20, 169, 111, 158, 49, 4, 75, 40, 72, 114, 157, 8, 125, 91, 39, 174, 100, 79, 154, 172, 67, 177, 155, 113, 176, 93, 108, 17, 37, 175, 9, 27, 58, 28, 84, 64, 45, 34, 106, 200, 140, 81, 35, 96, 71, 127, 109, 156, 196, 22, 195, 128, 115, 159]
Correct solution
(w = 24) Building and Solving
[runlim] sample:		139.4 time, 120.2 real, 667.4 MB
[runlim] sample:		151.1 time, 130.2 real, 846.8 MB
Value Cyclic-Antibandwidth: 24
Labels: [8, 71, 57, 6, 169, 172, 171, 5, 38, 75, 198, 67, 25, 9, 11, 13, 54, 58, 35, 2, 17, 195, 18, 61, 19, 156, 69, 188, 24, 70, 23, 10, 26, 175, 27, 3, 73, 16, 20, 14, 50, 167, 30, 31, 37, 7, 42, 63, 41, 153, 52, 46, 44, 47, 34, 49, 90, 48, 109, 29, 15, 59, 60, 28, 64, 87, 126, 21, 53, 72, 55, 40, 80, 43, 76, 88, 103, 66, 89, 94, 86, 36, 92, 79, 101, 81, 83, 84, 12, 93, 124, 97, 56, 51, 65, 74, 33, 99, 100, 82, 1, 45, 78, 98, 102, 128, 117, 114, 120, 91, 104, 137, 142, 127, 105, 68, 122, 115, 112, 113, 96, 130, 132, 22, 133, 116, 125, 134, 135, 136, 150, 139, 118, 110, 111, 107, 140, 123, 141, 121, 95, 143, 144, 145, 146, 147, 148, 149, 138, 39, 85, 108, 151, 155, 62, 157, 158, 184, 164, 159, 162, 168, 152, 160, 129, 176, 165, 177, 161, 166, 199, 200, 193, 178, 163, 154, 179, 106, 180, 181, 182, 119, 183, 77, 173, 170, 185, 186, 187, 197, 131, 189, 190, 191, 174, 192, 194, 32, 196, 4]
Correct solution
(w = 25) Building and Solving
[runlim] sample:		164.1 time, 140.2 real, 824.6 MB
Value Cyclic-Antibandwidth: 25
Labels: [46, 164, 141, 198, 61, 107, 25, 83, 188, 99, 147, 184, 63, 135, 116, 34, 160, 170, 162, 51, 15, 167, 182, 13, 27, 18, 88, 97, 127, 168, 185, 54, 98, 92, 3, 102, 55, 29, 122, 11, 36, 103, 180, 16, 142, 179, 139, 14, 12, 166, 80, 7, 85, 136, 60, 163, 87, 38, 41, 44, 56, 165, 48, 77, 173, 128, 78, 53, 145, 68, 104, 105, 144, 150, 125, 149, 42, 121, 90, 62, 171, 155, 134, 151, 10, 5, 143, 2, 31, 33, 191, 23, 74, 119, 129, 131, 59, 197, 137, 45, 153, 190, 32, 47, 89, 118, 95, 30, 117, 181, 146, 186, 65, 132, 183, 19, 123, 112, 187, 21, 26, 101, 73, 6, 24, 193, 133, 124, 57, 69, 152, 86, 192, 82, 50, 148, 94, 194, 189, 43, 178, 110, 1, 138, 52, 140, 20, 169, 111, 158, 49, 4, 75, 40, 72, 114, 157, 8, 70, 91, 39, 130, 100, 79, 154, 172, 67, 177, 76, 113, 176, 93, 108, 17, 37, 175, 9, 126, 58, 28, 84, 64, 66, 174, 106, 200, 161, 81, 35, 96, 71, 195, 109, 156, 196, 22, 199, 120, 115, 159]
Correct solution
(w = 26) Building and Solving
[runlim] sample:		174.4 time, 150.2 real, 790.1 MB
Value Cyclic-Antibandwidth: 26
Labels: [46, 164, 127, 198, 61, 107, 25, 83, 188, 103, 147, 184, 63, 135, 116, 34, 160, 170, 162, 51, 15, 167, 182, 13, 76, 22, 88, 97, 136, 168, 185, 54, 98, 92, 66, 102, 55, 29, 122, 11, 36, 78, 180, 16, 142, 179, 19, 3, 12, 166, 80, 7, 85, 139, 70, 163, 87, 38, 41, 44, 56, 165, 48, 77, 173, 128, 161, 53, 145, 68, 104, 40, 144, 150, 125, 149, 42, 121, 90, 62, 171, 60, 134, 151, 10, 5, 143, 2, 31, 33, 191, 23, 74, 119, 129, 131, 59, 197, 137, 140, 153, 190, 32, 47, 89, 118, 95, 30, 117, 26, 146, 186, 65, 132, 183, 20, 123, 112, 187, 21, 18, 99, 73, 6, 24, 193, 133, 124, 199, 69, 152, 86, 192, 82, 50, 148, 94, 194, 189, 43, 178, 110, 1, 138, 52, 141, 181, 169, 111, 158, 49, 4, 75, 155, 72, 114, 157, 8, 14, 91, 39, 130, 100, 79, 154, 172, 67, 177, 105, 113, 176, 93, 108, 17, 37, 175, 9, 126, 58, 28, 84, 64, 57, 174, 106, 200, 45, 81, 35, 96, 71, 195, 109, 156, 196, 101, 27, 120, 115, 159]
Correct solution
(w = 27) Building and Solving
[runlim] sample:		184.7 time, 160.2 real, 806.7 MB
Value Cyclic-Antibandwidth: 27
Labels: [184, 164, 127, 198, 61, 107, 25, 83, 188, 103, 147, 136, 63, 135, 116, 34, 160, 170, 162, 51, 15, 167, 182, 13, 76, 20, 88, 97, 144, 168, 185, 54, 112, 92, 73, 102, 55, 29, 122, 11, 36, 31, 180, 16, 142, 179, 19, 3, 12, 166, 80, 7, 85, 149, 186, 163, 87, 38, 41, 44, 56, 155, 48, 77, 173, 128, 78, 53, 145, 68, 99, 40, 181, 150, 125, 45, 42, 121, 90, 62, 171, 165, 134, 151, 10, 5, 143, 2, 98, 33, 191, 23, 74, 119, 129, 131, 59, 9, 137, 195, 153, 190, 32, 47, 89, 118, 95, 30, 117, 26, 146, 197, 65, 132, 183, 22, 123, 120, 187, 21, 18, 104, 66, 6, 24, 193, 133, 124, 57, 69, 152, 86, 192, 82, 50, 148, 94, 194, 46, 43, 178, 110, 1, 138, 52, 141, 139, 169, 111, 158, 49, 4, 75, 101, 72, 114, 157, 8, 126, 91, 39, 130, 100, 79, 154, 172, 67, 177, 105, 113, 176, 93, 108, 17, 37, 175, 14, 27, 58, 28, 84, 64, 60, 174, 106, 200, 161, 81, 35, 96, 71, 189, 109, 156, 196, 70, 199, 140, 115, 159]
Correct solution
(w = 28) Building and Solving
[runlim] sample:		194.9 time, 170.2 real, 826.9 MB
Value Cyclic-Antibandwidth: 28
Labels: [32, 137, 95, 171, 150, 28, 166, 151, 177, 80, 128, 115, 198, 34, 30, 82, 42, 61, 86, 9, 91, 6, 12, 100, 14, 111, 15, 19, 20, 78, 23, 162, 24, 16, 18, 33, 147, 2, 7, 48, 62, 197, 43, 39, 50, 25, 35, 66, 76, 27, 71, 81, 73, 85, 75, 63, 74, 41, 103, 77, 44, 106, 69, 22, 189, 4, 59, 60, 94, 49, 83, 36, 88, 56, 53, 84, 126, 99, 122, 58, 79, 31, 97, 96, 114, 68, 72, 108, 1, 40, 101, 87, 26, 102, 46, 70, 17, 21, 116, 113, 89, 140, 136, 132, 120, 13, 5, 110, 93, 47, 104, 55, 67, 90, 45, 123, 124, 51, 105, 98, 57, 125, 3, 127, 121, 129, 130, 131, 134, 133, 138, 139, 109, 135, 37, 112, 141, 64, 144, 107, 155, 142, 161, 153, 148, 158, 152, 154, 38, 65, 149, 159, 160, 156, 143, 163, 173, 199, 164, 157, 52, 29, 172, 92, 118, 200, 193, 174, 119, 168, 175, 176, 191, 178, 145, 146, 179, 10, 180, 181, 182, 11, 183, 184, 169, 165, 185, 186, 187, 188, 167, 54, 190, 117, 170, 192, 194, 195, 196, 8]
Correct solution
(w = 29) Building and Solving
[runlim] sample:		208.1 time, 180.2 real, 840.6 MB
[runlim] sample:		218.5 time, 190.2 real, 911.4 MB
Value Cyclic-Antibandwidth: 29
Labels: [135, 161, 152, 170, 47, 146, 165, 197, 7, 132, 31, 112, 56, 99, 14, 18, 39, 50, 48, 77, 66, 21, 20, 2, 44, 12, 45, 54, 22, 78, 24, 25, 124, 155, 19, 103, 34, 13, 35, 80, 26, 5, 9, 52, 53, 36, 17, 37, 65, 64, 8, 16, 145, 149, 10, 156, 43, 111, 100, 79, 96, 46, 1, 38, 68, 73, 42, 97, 74, 55, 81, 76, 11, 108, 69, 94, 72, 84, 92, 82, 118, 75, 93, 109, 95, 71, 67, 6, 106, 83, 40, 30, 101, 107, 102, 119, 110, 86, 113, 29, 157, 104, 117, 125, 120, 121, 114, 57, 51, 62, 90, 141, 160, 122, 63, 89, 127, 85, 105, 123, 27, 128, 166, 154, 136, 131, 137, 133, 134, 139, 140, 28, 130, 147, 41, 138, 153, 129, 142, 61, 33, 148, 182, 159, 150, 91, 151, 158, 58, 126, 98, 32, 171, 23, 59, 172, 200, 199, 162, 60, 49, 88, 163, 87, 115, 193, 173, 174, 116, 167, 175, 176, 177, 178, 144, 143, 179, 3, 180, 181, 15, 4, 183, 184, 168, 164, 185, 186, 187, 188, 70, 189, 190, 191, 169, 192, 194, 195, 196, 198]
Correct solution
(w = 30) Building and Solving
[runlim] sample:		232.0 time, 200.2 real, 815.2 MB
[runlim] sample:		242.4 time, 210.2 real, 927.8 MB
Value Cyclic-Antibandwidth: 30
Labels: [139, 44, 20, 182, 135, 138, 199, 153, 183, 150, 149, 65, 151, 108, 36, 87, 169, 142, 52, 19, 178, 128, 7, 67, 113, 62, 15, 179, 170, 41, 85, 158, 115, 72, 2, 192, 140, 54, 126, 190, 29, 168, 63, 78, 119, 25, 185, 71, 98, 189, 84, 165, 47, 198, 70, 40, 121, 38, 195, 124, 30, 156, 160, 127, 97, 191, 148, 33, 162, 45, 24, 155, 180, 112, 43, 105, 177, 109, 147, 6, 125, 35, 88, 51, 81, 46, 184, 122, 136, 37, 145, 31, 111, 57, 21, 48, 107, 164, 194, 187, 144, 14, 167, 13, 9, 99, 11, 42, 102, 91, 130, 12, 101, 141, 3, 4, 152, 32, 143, 96, 76, 171, 172, 118, 100, 161, 16, 103, 188, 181, 173, 73, 22, 18, 174, 79, 5, 60, 39, 104, 176, 196, 10, 53, 166, 175, 146, 159, 77, 17, 106, 137, 123, 134, 61, 186, 89, 66, 83, 131, 120, 82, 93, 116, 157, 59, 200, 28, 114, 64, 1, 26, 92, 163, 86, 94, 34, 129, 95, 133, 154, 56, 58, 23, 68, 197, 74, 55, 80, 117, 8, 69, 90, 50, 110, 193, 75, 132, 49, 27]
Correct solution
(w = 31) Building and Solving
[runlim] sample:		256.9 time, 220.2 real, 1087.7 MB
[runlim] sample:		270.6 time, 230.2 real, 570.2 MB
Value Cyclic-Antibandwidth: 31
Labels: [4, 18, 80, 7, 39, 6, 163, 10, 8, 115, 40, 130, 100, 20, 127, 9, 106, 32, 61, 33, 5, 191, 79, 2, 11, 28, 52, 24, 144, 55, 198, 15, 41, 42, 133, 64, 159, 1, 27, 35, 51, 23, 16, 31, 107, 36, 48, 111, 57, 25, 58, 26, 30, 46, 60, 136, 84, 65, 66, 67, 91, 12, 68, 69, 37, 70, 71, 74, 97, 14, 62, 86, 21, 98, 81, 85, 103, 101, 168, 96, 87, 38, 102, 63, 146, 73, 59, 45, 128, 77, 117, 88, 53, 47, 197, 118, 44, 72, 113, 120, 121, 104, 94, 143, 43, 153, 123, 76, 135, 90, 105, 122, 161, 92, 166, 124, 125, 126, 108, 119, 177, 17, 95, 152, 131, 149, 132, 138, 141, 173, 180, 175, 116, 114, 83, 13, 151, 54, 22, 134, 155, 150, 156, 169, 148, 93, 29, 157, 145, 170, 137, 19, 200, 154, 147, 129, 193, 171, 99, 50, 158, 75, 89, 109, 110, 172, 142, 174, 140, 199, 78, 176, 160, 178, 165, 139, 179, 49, 112, 181, 182, 3, 183, 184, 82, 162, 185, 186, 187, 188, 164, 189, 190, 56, 167, 192, 194, 195, 196, 34]
Correct solution
(w = 32) Building and Solving
[runlim] sample:		280.9 time, 240.2 real, 814.9 MB
Value Cyclic-Antibandwidth: 32
Labels: [122, 13, 15, 167, 146, 61, 68, 162, 9, 125, 8, 128, 11, 88, 163, 65, 59, 29, 197, 31, 109, 25, 2, 81, 12, 38, 86, 84, 39, 91, 16, 17, 22, 47, 40, 143, 158, 177, 23, 30, 55, 4, 20, 80, 32, 48, 46, 63, 54, 98, 56, 53, 33, 18, 185, 187, 69, 62, 57, 70, 193, 110, 7, 71, 28, 26, 131, 105, 89, 72, 112, 1, 27, 82, 58, 97, 95, 111, 92, 73, 141, 34, 103, 60, 77, 35, 114, 49, 67, 50, 148, 96, 127, 126, 42, 120, 51, 104, 93, 115, 24, 116, 117, 145, 118, 152, 5, 121, 108, 78, 6, 124, 37, 87, 19, 129, 52, 44, 43, 149, 64, 119, 74, 94, 133, 140, 135, 136, 79, 139, 142, 164, 90, 153, 161, 150, 102, 83, 21, 123, 3, 144, 168, 169, 147, 155, 132, 156, 85, 199, 14, 130, 200, 66, 41, 99, 170, 171, 75, 154, 157, 45, 76, 106, 107, 172, 173, 174, 137, 100, 175, 176, 191, 178, 160, 138, 179, 151, 180, 181, 182, 159, 183, 184, 165, 36, 10, 186, 134, 188, 101, 189, 190, 113, 166, 192, 194, 195, 196, 198]
Correct solution
(w = 33) Building and Solving
[runlim] sample:		294.7 time, 250.2 real, 764.1 MB
[runlim] sample:		305.0 time, 260.2 real, 802.5 MB
Value Cyclic-Antibandwidth: 33
Labels: [112, 143, 88, 132, 43, 159, 190, 129, 106, 89, 142, 144, 54, 56, 114, 65, 157, 119, 158, 167, 193, 186, 102, 77, 196, 62, 141, 25, 137, 61, 178, 139, 155, 133, 6, 152, 121, 50, 156, 161, 9, 103, 12, 17, 199, 200, 197, 84, 7, 32, 118, 192, 194, 116, 94, 46, 166, 183, 179, 113, 37, 173, 138, 42, 97, 123, 110, 34, 64, 21, 92, 96, 175, 151, 71, 125, 107, 148, 117, 18, 82, 44, 66, 51, 170, 35, 109, 36, 78, 45, 154, 95, 58, 68, 182, 76, 171, 105, 115, 195, 150, 124, 72, 79, 11, 20, 101, 120, 80, 10, 172, 14, 191, 168, 15, 81, 59, 39, 198, 69, 91, 53, 164, 145, 74, 130, 85, 147, 127, 70, 131, 3, 24, 8, 165, 1, 5, 16, 2, 19, 149, 180, 23, 57, 163, 55, 27, 189, 83, 99, 31, 188, 185, 134, 177, 146, 176, 75, 153, 29, 30, 160, 49, 162, 187, 126, 33, 40, 52, 128, 13, 28, 98, 136, 184, 86, 22, 87, 140, 169, 67, 26, 38, 100, 108, 181, 63, 47, 73, 122, 48, 4, 90, 93, 174, 111, 60, 135, 104, 41]
Correct solution
(w = 34) Building and Solving
[runlim] sample:		320.2 time, 270.2 real, 805.2 MB
[runlim] sample:		330.5 time, 280.2 real, 971.2 MB
Value Cyclic-Antibandwidth: 34
Labels: [71, 120, 13, 166, 144, 76, 160, 156, 125, 177, 29, 147, 90, 131, 135, 157, 137, 65, 70, 4, 44, 7, 19, 75, 24, 42, 3, 94, 52, 72, 20, 9, 53, 140, 55, 27, 89, 58, 36, 37, 38, 12, 46, 17, 60, 40, 22, 139, 43, 102, 61, 83, 14, 21, 165, 197, 69, 25, 15, 49, 30, 88, 51, 16, 112, 32, 130, 41, 85, 152, 121, 63, 97, 86, 54, 91, 48, 26, 93, 18, 50, 35, 1, 105, 96, 57, 64, 122, 98, 59, 104, 106, 84, 136, 92, 109, 79, 99, 113, 143, 77, 110, 81, 138, 111, 146, 103, 39, 114, 56, 107, 154, 23, 175, 45, 82, 153, 115, 116, 80, 167, 117, 195, 148, 118, 149, 119, 145, 73, 11, 159, 150, 123, 33, 161, 6, 127, 129, 47, 108, 10, 141, 199, 200, 66, 74, 34, 155, 142, 193, 28, 128, 2, 95, 5, 169, 170, 171, 87, 132, 67, 31, 126, 68, 101, 172, 173, 174, 133, 162, 8, 176, 191, 178, 158, 134, 179, 168, 180, 181, 182, 62, 183, 184, 163, 151, 185, 186, 187, 188, 100, 189, 190, 124, 164, 192, 194, 78, 196, 198]
Correct solution
(w = 35) Building and Solving
[runlim] sample:		345.1 time, 290.2 real, 825.0 MB
[runlim] sample:		355.5 time, 300.2 real, 971.0 MB
Value Cyclic-Antibandwidth: 35
Labels: [100, 73, 116, 173, 122, 104, 84, 63, 75, 152, 145, 146, 43, 99, 130, 101, 148, 25, 40, 35, 190, 160, 187, 83, 87, 46, 22, 65, 169, 30, 69, 141, 29, 126, 5, 153, 174, 58, 198, 121, 8, 183, 77, 76, 36, 199, 195, 82, 9, 191, 127, 80, 149, 103, 12, 47, 132, 110, 108, 114, 45, 91, 192, 119, 21, 180, 13, 129, 28, 53, 33, 177, 178, 19, 124, 131, 176, 136, 170, 4, 172, 48, 157, 54, 113, 125, 140, 24, 85, 49, 17, 66, 133, 67, 193, 179, 150, 128, 161, 123, 154, 134, 156, 27, 6, 102, 61, 197, 94, 7, 167, 15, 200, 164, 3, 37, 175, 44, 105, 41, 98, 59, 120, 194, 10, 23, 50, 96, 106, 189, 184, 86, 39, 18, 118, 71, 1, 72, 57, 26, 14, 158, 138, 78, 93, 111, 112, 137, 62, 90, 181, 188, 92, 142, 159, 115, 147, 81, 165, 32, 117, 109, 42, 143, 151, 162, 31, 56, 20, 88, 11, 144, 182, 107, 168, 60, 16, 2, 196, 166, 79, 70, 38, 55, 97, 34, 74, 89, 163, 139, 135, 68, 51, 95, 155, 185, 64, 171, 186, 52]
Correct solution
(w = 36) Building and Solving
[runlim] sample:		370.5 time, 310.2 real, 782.9 MB
[runlim] sample:		380.9 time, 320.2 real, 1131.7 MB
Value Cyclic-Antibandwidth: 36
Labels: [140, 133, 88, 180, 124, 120, 101, 131, 23, 54, 162, 136, 67, 97, 173, 115, 157, 134, 50, 163, 77, 83, 109, 16, 165, 47, 179, 175, 168, 68, 199, 51, 44, 126, 99, 170, 22, 13, 8, 125, 21, 111, 73, 76, 55, 75, 80, 87, 100, 48, 85, 148, 153, 171, 31, 41, 172, 34, 19, 112, 65, 116, 127, 141, 42, 137, 154, 188, 132, 53, 36, 164, 49, 159, 128, 197, 198, 110, 144, 11, 118, 52, 43, 72, 107, 192, 113, 29, 91, 39, 195, 6, 139, 60, 181, 45, 92, 149, 167, 200, 129, 114, 142, 30, 5, 93, 28, 186, 103, 96, 176, 35, 64, 161, 3, 18, 160, 62, 69, 37, 9, 86, 178, 151, 15, 177, 32, 108, 138, 119, 150, 26, 2, 10, 105, 78, 1, 74, 70, 193, 194, 104, 156, 158, 59, 146, 187, 135, 61, 90, 63, 184, 121, 145, 89, 24, 130, 14, 98, 106, 147, 84, 33, 79, 155, 82, 123, 56, 4, 166, 7, 185, 189, 182, 122, 71, 17, 169, 143, 12, 25, 152, 38, 46, 95, 81, 40, 57, 117, 196, 20, 94, 183, 27, 190, 191, 66, 174, 102, 58]
Correct solution
(w = 37) Building and Solving
[runlim] sample:		396.3 time, 330.2 real, 785.8 MB
[runlim] sample:		406.4 time, 340.2 real, 1058.1 MB
Value Cyclic-Antibandwidth: 37
Labels: [121, 147, 142, 102, 136, 125, 193, 52, 53, 153, 138, 146, 75, 97, 127, 81, 159, 120, 163, 113, 175, 172, 5, 26, 25, 69, 186, 105, 165, 98, 91, 144, 178, 117, 18, 32, 135, 50, 44, 42, 14, 29, 88, 76, 158, 84, 151, 92, 2, 57, 129, 137, 134, 195, 8, 12, 157, 35, 196, 40, 64, 167, 150, 123, 33, 141, 187, 194, 171, 61, 21, 182, 130, 161, 185, 179, 198, 177, 155, 4, 180, 63, 109, 82, 116, 162, 139, 54, 108, 39, 86, 60, 99, 74, 66, 83, 170, 126, 93, 140, 145, 106, 149, 20, 94, 9, 23, 101, 77, 183, 181, 45, 68, 160, 7, 11, 103, 65, 87, 47, 16, 55, 143, 199, 19, 124, 30, 197, 118, 46, 154, 22, 24, 10, 164, 62, 1, 80, 56, 148, 37, 34, 122, 78, 184, 3, 119, 168, 89, 6, 188, 131, 71, 132, 176, 156, 166, 15, 96, 112, 43, 174, 133, 107, 169, 85, 189, 72, 28, 115, 17, 27, 191, 152, 70, 104, 48, 13, 173, 114, 36, 200, 38, 79, 100, 110, 67, 73, 111, 95, 128, 59, 90, 31, 192, 190, 41, 49, 51, 58]
Correct solution
(w = 38) Building and Solving
[runlim] sample:		421.9 time, 350.2 real, 712.4 MB
[runlim] sample:		432.2 time, 360.2 real, 817.2 MB
Value Cyclic-Antibandwidth: 38
Labels: [69, 17, 62, 156, 154, 75, 88, 161, 31, 153, 162, 146, 74, 90, 149, 5, 191, 177, 49, 135, 168, 46, 151, 83, 120, 42, 127, 103, 150, 27, 23, 179, 178, 125, 56, 22, 98, 15, 52, 167, 26, 175, 55, 165, 115, 40, 195, 85, 18, 105, 160, 134, 48, 171, 20, 47, 108, 139, 100, 164, 41, 111, 72, 106, 37, 147, 121, 78, 184, 43, 97, 51, 36, 19, 129, 145, 152, 124, 188, 7, 180, 45, 155, 66, 16, 73, 144, 57, 157, 53, 172, 76, 113, 10, 65, 59, 80, 109, 131, 166, 77, 86, 92, 14, 9, 114, 148, 39, 101, 89, 163, 28, 186, 130, 11, 1, 185, 44, 70, 93, 33, 84, 158, 170, 3, 133, 4, 117, 123, 112, 143, 91, 24, 132, 128, 2, 13, 94, 71, 182, 137, 30, 107, 95, 6, 142, 61, 140, 25, 87, 32, 196, 81, 122, 174, 138, 119, 104, 169, 181, 21, 159, 12, 176, 118, 58, 38, 64, 8, 141, 126, 199, 197, 110, 192, 198, 50, 136, 183, 189, 193, 194, 173, 68, 99, 35, 67, 63, 82, 116, 96, 54, 102, 34, 200, 190, 79, 187, 29, 60]
Correct solution
(w = 39) Building and Solving
[runlim] sample:		448.8 time, 370.2 real, 817.3 MB
[runlim] sample:		459.2 time, 380.2 real, 1115.0 MB
[runlim] sample:		474.7 time, 390.2 real, 1791.4 MB
Value Cyclic-Antibandwidth: 39
Labels: [164, 180, 88, 54, 94, 182, 139, 161, 46, 68, 171, 199, 176, 8, 144, 90, 169, 16, 123, 131, 112, 84, 153, 52, 4, 149, 166, 38, 125, 142, 55, 162, 9, 66, 133, 95, 83, 138, 69, 129, 93, 24, 101, 43, 192, 135, 74, 140, 39, 11, 145, 109, 195, 51, 132, 72, 181, 170, 77, 26, 13, 91, 147, 87, 143, 187, 5, 98, 177, 23, 189, 137, 167, 105, 117, 178, 191, 18, 148, 15, 62, 96, 61, 126, 118, 89, 92, 65, 146, 196, 49, 158, 127, 60, 154, 183, 174, 119, 173, 2, 82, 110, 75, 152, 33, 36, 44, 78, 67, 99, 50, 86, 184, 59, 27, 156, 71, 155, 12, 3, 63, 175, 179, 120, 100, 81, 197, 30, 124, 163, 200, 37, 28, 47, 106, 42, 150, 64, 14, 20, 76, 128, 130, 70, 29, 108, 1, 122, 104, 193, 114, 111, 41, 160, 97, 186, 185, 194, 121, 7, 107, 198, 35, 113, 157, 85, 10, 159, 53, 151, 21, 40, 22, 58, 172, 34, 80, 136, 56, 25, 17, 141, 6, 168, 165, 73, 79, 31, 102, 115, 188, 57, 19, 45, 134, 48, 103, 190, 116, 32]
Correct solution
(w = 40) Building and Solving
[runlim] sample:		486.2 time, 400.2 real, 1178.4 MB
[runlim] sample:		496.8 time, 410.2 real, 1043.5 MB
Value Cyclic-Antibandwidth: 40
Labels: [106, 121, 8, 29, 127, 80, 198, 28, 9, 21, 93, 192, 42, 76, 59, 123, 125, 124, 117, 200, 63, 10, 20, 41, 181, 110, 122, 64, 96, 31, 50, 148, 35, 23, 48, 26, 14, 61, 100, 54, 136, 103, 22, 88, 53, 138, 33, 135, 89, 84, 36, 3, 15, 143, 24, 5, 7, 17, 68, 87, 154, 99, 30, 72, 32, 95, 163, 97, 133, 164, 128, 126, 194, 27, 158, 104, 49, 6, 62, 18, 73, 82, 98, 101, 58, 69, 55, 114, 25, 86, 57, 85, 109, 92, 197, 19, 13, 4, 130, 177, 176, 60, 75, 47, 45, 34, 83, 161, 131, 43, 129, 141, 145, 159, 144, 94, 185, 115, 116, 108, 149, 65, 156, 102, 77, 111, 90, 132, 51, 157, 193, 71, 52, 142, 162, 16, 46, 44, 67, 153, 119, 134, 165, 166, 66, 91, 140, 56, 70, 167, 139, 81, 168, 146, 155, 169, 170, 171, 74, 37, 150, 137, 107, 113, 40, 172, 175, 174, 79, 199, 2, 11, 173, 178, 151, 112, 179, 195, 180, 152, 182, 78, 183, 184, 12, 147, 105, 186, 187, 188, 118, 189, 190, 191, 160, 38, 1, 39, 196, 120]
Correct solution
(w = 41) Building and Solving
[runlim] sample:		512.0 time, 420.2 real, 806.7 MB
[runlim] sample:		522.5 time, 430.2 real, 1031.4 MB
Value Cyclic-Antibandwidth: 41
Labels: [79, 153, 7, 15, 137, 132, 47, 80, 52, 18, 125, 120, 32, 68, 166, 89, 134, 39, 142, 10, 12, 5, 20, 70, 2, 16, 150, 57, 103, 131, 192, 4, 93, 69, 46, 84, 6, 159, 90, 97, 161, 11, 23, 59, 37, 29, 26, 38, 55, 98, 54, 51, 157, 124, 200, 72, 53, 43, 22, 76, 119, 78, 199, 33, 91, 197, 14, 136, 42, 144, 107, 17, 9, 60, 85, 110, 62, 21, 99, 13, 74, 169, 100, 104, 56, 63, 27, 83, 106, 165, 44, 28, 109, 94, 178, 122, 121, 45, 128, 58, 168, 101, 64, 147, 127, 73, 3, 77, 123, 50, 130, 31, 111, 141, 177, 87, 158, 129, 86, 156, 155, 112, 152, 49, 71, 117, 95, 82, 176, 193, 40, 1, 67, 160, 162, 19, 114, 146, 41, 151, 164, 133, 163, 138, 92, 81, 135, 36, 61, 167, 139, 126, 8, 65, 154, 102, 170, 171, 48, 66, 108, 140, 88, 25, 35, 149, 173, 174, 143, 198, 175, 96, 187, 148, 105, 118, 179, 195, 180, 181, 182, 75, 183, 184, 30, 24, 113, 186, 172, 185, 116, 189, 190, 191, 188, 34, 194, 115, 196, 145]
Correct solution
(w = 42) Building and Solving
[runlim] sample:		539.3 time, 440.2 real, 806.5 MB
[runlim] sample:		549.3 time, 450.2 real, 1189.0 MB
Value Cyclic-Antibandwidth: 42
Labels: [22, 67, 116, 142, 102, 128, 92, 167, 32, 86, 186, 148, 151, 20, 4, 28, 112, 120, 131, 154, 182, 183, 124, 87, 171, 64, 81, 48, 166, 39, 200, 77, 30, 123, 7, 27, 163, 8, 34, 35, 90, 82, 10, 185, 117, 37, 194, 97, 16, 168, 50, 179, 177, 192, 174, 52, 197, 83, 118, 178, 44, 113, 59, 98, 49, 187, 140, 94, 158, 57, 73, 126, 176, 184, 51, 75, 150, 143, 162, 69, 199, 45, 133, 196, 188, 169, 180, 40, 89, 47, 114, 80, 105, 79, 164, 29, 85, 136, 107, 170, 127, 106, 198, 96, 9, 18, 70, 23, 3, 121, 24, 41, 129, 181, 43, 100, 31, 42, 115, 55, 19, 132, 141, 189, 1, 138, 2, 109, 84, 33, 137, 93, 11, 66, 156, 15, 5, 13, 62, 104, 91, 56, 175, 95, 161, 61, 72, 173, 110, 6, 36, 152, 46, 139, 122, 172, 134, 111, 125, 99, 193, 101, 53, 165, 108, 144, 38, 68, 71, 153, 14, 145, 149, 157, 21, 17, 65, 195, 160, 88, 191, 12, 155, 130, 146, 74, 54, 26, 135, 119, 60, 147, 103, 78, 25, 63, 58, 190, 159, 76]
Correct solution
(w = 43) Building and Solving
[runlim] sample:		566.1 time, 460.2 real, 718.8 MB
[runlim] sample:		576.5 time, 470.2 real, 1137.2 MB
[runlim] sample:		587.0 time, 480.2 real, 1059.4 MB
Value Cyclic-Antibandwidth: 43
Labels: [77, 119, 147, 152, 91, 59, 94, 123, 114, 155, 161, 146, 153, 100, 41, 179, 78, 166, 10, 29, 96, 65, 125, 90, 192, 2, 194, 103, 199, 141, 106, 57, 165, 149, 9, 35, 128, 73, 95, 83, 16, 26, 85, 68, 109, 31, 151, 87, 5, 32, 177, 170, 72, 101, 55, 52, 133, 43, 195, 164, 44, 139, 181, 70, 3, 186, 174, 157, 182, 45, 23, 143, 49, 145, 54, 112, 200, 136, 140, 86, 184, 47, 102, 108, 22, 7, 89, 53, 93, 171, 189, 82, 142, 80, 42, 124, 69, 162, 81, 187, 135, 134, 115, 13, 8, 126, 40, 15, 19, 173, 110, 12, 175, 63, 4, 14, 196, 46, 159, 169, 88, 131, 144, 127, 1, 17, 24, 197, 178, 64, 111, 98, 71, 6, 150, 75, 21, 97, 11, 33, 154, 27, 37, 116, 107, 163, 190, 158, 51, 58, 193, 191, 130, 180, 20, 156, 138, 188, 121, 185, 30, 183, 129, 66, 118, 172, 39, 50, 34, 120, 148, 74, 198, 113, 92, 105, 48, 176, 137, 56, 38, 104, 84, 79, 132, 60, 117, 62, 168, 61, 28, 67, 99, 18, 25, 36, 122, 160, 167, 76]
Correct solution
(w = 44) Building and Solving
[runlim] sample:		604.2 time, 490.2 real, 870.5 MB
[runlim] sample:		614.5 time, 500.2 real, 1255.1 MB
Value Cyclic-Antibandwidth: 44
Labels: [111, 19, 93, 128, 90, 185, 178, 3, 140, 91, 175, 189, 8, 10, 106, 87, 46, 15, 99, 42, 73, 125, 95, 100, 173, 200, 70, 45, 62, 120, 88, 96, 60, 180, 124, 164, 94, 11, 30, 47, 58, 37, 119, 101, 6, 20, 169, 113, 145, 26, 98, 161, 165, 85, 102, 135, 123, 104, 118, 97, 28, 163, 147, 166, 82, 182, 158, 186, 107, 167, 40, 22, 50, 154, 132, 66, 65, 188, 192, 7, 197, 48, 25, 190, 72, 80, 86, 71, 191, 143, 21, 109, 17, 168, 23, 33, 179, 14, 24, 162, 159, 44, 170, 54, 39, 153, 131, 61, 92, 52, 81, 122, 199, 172, 38, 34, 194, 53, 133, 171, 108, 156, 16, 139, 75, 64, 2, 130, 142, 12, 141, 176, 144, 105, 155, 126, 78, 117, 157, 51, 29, 56, 184, 18, 5, 195, 57, 137, 1, 136, 43, 183, 151, 177, 13, 79, 83, 198, 84, 174, 160, 193, 68, 115, 187, 181, 36, 31, 67, 121, 69, 49, 4, 77, 41, 152, 76, 112, 196, 63, 127, 138, 148, 9, 150, 89, 55, 110, 129, 74, 59, 146, 32, 134, 114, 116, 103, 35, 149, 27]
Correct solution
(w = 45) Building and Solving
[runlim] sample:		632.9 time, 510.2 real, 861.8 MB
[runlim] sample:		643.3 time, 520.2 real, 1249.6 MB
[runlim] sample:		653.9 time, 530.2 real, 1151.1 MB
Value Cyclic-Antibandwidth: 45
Labels: [50, 166, 141, 121, 109, 115, 191, 177, 119, 156, 138, 151, 167, 97, 78, 114, 132, 144, 142, 38, 13, 70, 197, 90, 101, 62, 7, 198, 129, 176, 48, 54, 188, 158, 157, 200, 148, 74, 163, 16, 29, 27, 77, 68, 180, 17, 40, 88, 99, 37, 139, 96, 103, 192, 51, 59, 185, 35, 72, 181, 44, 143, 116, 170, 39, 184, 172, 194, 155, 53, 3, 28, 65, 179, 134, 104, 182, 175, 162, 5, 164, 45, 52, 126, 18, 183, 187, 31, 95, 118, 15, 91, 137, 93, 154, 85, 64, 169, 152, 122, 113, 8, 108, 23, 14, 9, 42, 147, 63, 150, 112, 10, 135, 84, 19, 1, 189, 43, 130, 125, 87, 145, 24, 153, 196, 190, 4, 120, 178, 49, 136, 89, 26, 2, 140, 57, 21, 83, 6, 47, 128, 61, 36, 86, 173, 159, 195, 106, 58, 111, 25, 161, 131, 105, 171, 160, 165, 127, 149, 32, 110, 199, 22, 73, 69, 76, 30, 46, 124, 41, 11, 107, 186, 67, 168, 80, 20, 94, 123, 66, 75, 82, 117, 71, 146, 193, 174, 55, 100, 92, 12, 79, 56, 34, 33, 81, 60, 133, 102, 98]
Correct solution
(w = 46) Building and Solving
[runlim] sample:		671.0 time, 540.2 real, 876.1 MB
[runlim] sample:		681.1 time, 550.2 real, 1164.2 MB
Value Cyclic-Antibandwidth: 46
Labels: [84, 151, 35, 144, 46, 110, 68, 94, 33, 187, 166, 98, 164, 136, 196, 113, 160, 169, 193, 10, 140, 30, 16, 100, 41, 99, 172, 150, 157, 88, 189, 119, 53, 92, 25, 85, 124, 106, 126, 55, 37, 184, 26, 167, 2, 182, 13, 147, 15, 128, 8, 32, 20, 11, 54, 75, 43, 24, 12, 86, 170, 117, 21, 121, 49, 4, 48, 143, 139, 93, 116, 178, 192, 132, 115, 89, 76, 155, 97, 69, 65, 195, 127, 122, 188, 14, 114, 102, 129, 83, 66, 177, 125, 142, 120, 58, 156, 158, 137, 45, 72, 161, 95, 82, 173, 42, 61, 104, 154, 5, 197, 38, 9, 186, 39, 108, 23, 146, 34, 87, 77, 141, 6, 145, 19, 57, 67, 44, 101, 111, 200, 194, 79, 47, 183, 60, 133, 52, 7, 17, 1, 63, 176, 135, 40, 123, 103, 64, 131, 18, 181, 163, 134, 59, 130, 91, 28, 51, 165, 22, 78, 198, 74, 174, 190, 185, 29, 80, 112, 162, 31, 152, 159, 153, 138, 168, 90, 27, 175, 81, 56, 96, 73, 36, 148, 50, 149, 3, 62, 107, 180, 171, 179, 70, 118, 191, 109, 199, 105, 71]
Correct solution
(w = 47) Building and Solving
[runlim] sample:		698.3 time, 560.2 real, 823.3 MB
[runlim] sample:		708.7 time, 570.2 real, 1270.6 MB
[runlim] sample:		719.3 time, 580.2 real, 1168.5 MB
Value Cyclic-Antibandwidth: 47
Labels: [85, 7, 154, 42, 82, 151, 130, 65, 114, 146, 138, 125, 111, 96, 118, 185, 1, 4, 149, 190, 184, 33, 102, 76, 99, 194, 162, 57, 137, 19, 179, 134, 81, 100, 78, 60, 141, 87, 175, 68, 191, 165, 23, 13, 49, 132, 59, 131, 192, 106, 177, 123, 45, 9, 176, 62, 34, 197, 156, 181, 22, 70, 155, 164, 69, 3, 135, 2, 158, 55, 122, 180, 108, 117, 38, 133, 83, 145, 90, 199, 73, 183, 16, 173, 86, 195, 105, 43, 124, 152, 95, 172, 161, 150, 17, 64, 136, 193, 51, 80, 109, 121, 112, 66, 160, 58, 88, 25, 71, 11, 159, 40, 8, 5, 48, 94, 63, 18, 166, 170, 54, 129, 28, 116, 167, 143, 91, 32, 26, 44, 147, 89, 77, 31, 142, 56, 84, 47, 101, 187, 67, 39, 128, 126, 29, 97, 30, 75, 98, 41, 24, 113, 10, 35, 27, 79, 15, 168, 186, 107, 53, 198, 140, 119, 92, 189, 20, 52, 115, 120, 46, 110, 144, 36, 200, 127, 182, 74, 169, 21, 157, 6, 12, 171, 93, 72, 188, 196, 139, 153, 163, 14, 148, 61, 174, 50, 103, 178, 104, 37]
Correct solution
(w = 48) Building and Solving
[runlim] sample:		737.7 time, 590.2 real, 906.2 MB
[runlim] sample:		747.7 time, 600.2 real, 1294.9 MB
[runlim] sample:		758.9 time, 610.2 real, 1444.4 MB
Value Cyclic-Antibandwidth: 48
Labels: [24, 49, 83, 70, 5, 16, 98, 3, 1, 143, 186, 65, 21, 200, 76, 180, 161, 196, 135, 39, 194, 166, 197, 99, 95, 117, 75, 15, 116, 146, 182, 144, 80, 137, 101, 77, 89, 191, 28, 185, 126, 36, 177, 138, 121, 26, 62, 130, 13, 154, 64, 192, 163, 97, 73, 55, 58, 147, 120, 41, 48, 148, 8, 44, 96, 7, 47, 17, 127, 68, 40, 29, 153, 139, 105, 42, 84, 162, 54, 23, 125, 159, 157, 176, 136, 168, 193, 27, 35, 32, 57, 2, 140, 149, 151, 184, 173, 10, 67, 79, 31, 12, 160, 87, 156, 63, 72, 123, 86, 20, 109, 111, 167, 172, 93, 113, 104, 43, 142, 60, 92, 174, 38, 132, 129, 71, 128, 82, 171, 33, 165, 195, 18, 51, 179, 112, 110, 169, 9, 25, 59, 155, 131, 150, 22, 107, 14, 119, 158, 187, 199, 134, 6, 52, 152, 100, 85, 91, 175, 34, 69, 198, 46, 141, 90, 114, 50, 61, 94, 181, 66, 56, 81, 74, 189, 53, 145, 102, 88, 45, 133, 4, 164, 11, 78, 118, 124, 188, 183, 122, 37, 190, 19, 108, 106, 115, 103, 178, 170, 30]
Correct solution
(w = 49) Building and Solving
[runlim] sample:		781.2 time, 620.2 real, 921.0 MB
[runlim] sample:		791.3 time, 630.2 real, 1279.1 MB
[runlim] sample:		802.5 time, 640.2 real, 1399.4 MB
Value Cyclic-Antibandwidth: 49
Labels: [80, 174, 61, 163, 58, 41, 136, 161, 101, 31, 157, 195, 176, 120, 16, 104, 55, 40, 172, 175, 19, 148, 74, 100, 94, 89, 2, 122, 118, 42, 8, 138, 73, 93, 179, 182, 158, 151, 71, 33, 60, 140, 126, 9, 13, 3, 152, 125, 52, 199, 119, 141, 4, 150, 15, 147, 187, 83, 103, 108, 23, 160, 159, 5, 95, 28, 200, 168, 36, 20, 76, 114, 86, 78, 64, 121, 97, 145, 198, 69, 91, 49, 48, 162, 106, 87, 124, 34, 155, 82, 116, 143, 183, 130, 115, 54, 178, 128, 191, 169, 132, 164, 154, 59, 196, 35, 50, 96, 193, 190, 12, 105, 185, 26, 90, 77, 32, 24, 75, 11, 51, 165, 45, 6, 84, 92, 62, 102, 67, 25, 113, 149, 117, 37, 180, 27, 131, 18, 111, 17, 22, 72, 197, 30, 127, 70, 109, 171, 98, 194, 10, 85, 146, 167, 192, 129, 68, 173, 144, 170, 135, 39, 46, 110, 189, 153, 14, 137, 181, 142, 186, 139, 133, 7, 1, 166, 44, 112, 184, 63, 99, 123, 79, 57, 156, 53, 65, 21, 81, 38, 177, 134, 43, 56, 88, 47, 107, 188, 66, 29]
Correct solution
(w = 50) Building and Solving
[runlim] sample:		845.8 time, 650.2 real, 895.5 MB
[runlim] sample:		856.4 time, 660.2 real, 906.2 MB
[runlim] sample:		867.0 time, 670.2 real, 1249.9 MB
[runlim] sample:		893.3 time, 680.2 real, 2054.0 MB
Value Cyclic-Antibandwidth: 50
Labels: [150, 123, 27, 182, 140, 62, 32, 180, 9, 43, 132, 54, 138, 165, 137, 93, 10, 164, 92, 139, 114, 190, 30, 69, 135, 101, 83, 144, 95, 198, 156, 110, 38, 53, 169, 68, 56, 157, 57, 142, 39, 102, 29, 13, 19, 196, 64, 134, 193, 82, 4, 2, 191, 31, 24, 58, 175, 133, 73, 122, 131, 75, 155, 5, 154, 6, 15, 72, 176, 145, 80, 26, 153, 168, 22, 116, 160, 147, 119, 23, 78, 121, 61, 106, 86, 113, 184, 79, 199, 143, 117, 126, 47, 100, 40, 91, 98, 25, 46, 172, 70, 48, 71, 74, 170, 41, 163, 179, 77, 17, 181, 183, 18, 34, 149, 112, 14, 8, 52, 88, 197, 97, 158, 94, 49, 99, 90, 35, 85, 174, 146, 87, 148, 33, 173, 192, 37, 171, 118, 127, 51, 59, 152, 65, 55, 60, 111, 195, 89, 189, 161, 125, 36, 7, 63, 104, 50, 67, 200, 128, 166, 1, 115, 124, 42, 3, 185, 109, 107, 194, 11, 151, 21, 16, 28, 186, 105, 12, 167, 44, 96, 120, 130, 162, 187, 177, 66, 45, 141, 188, 129, 159, 103, 81, 20, 178, 108, 84, 76, 136]
Correct solution
(w = 51) Building and Solving
[runlim] sample:		923.1 time, 690.2 real, 1023.0 MB
[runlim] sample:		933.2 time, 700.2 real, 1422.5 MB
[runlim] sample:		944.2 time, 710.2 real, 1243.0 MB
Value Cyclic-Antibandwidth: 51
Labels: [138, 78, 66, 143, 190, 7, 129, 111, 126, 60, 191, 197, 187, 171, 76, 158, 17, 13, 91, 192, 27, 65, 89, 99, 69, 176, 19, 136, 97, 4, 154, 112, 188, 156, 145, 80, 119, 8, 174, 49, 40, 57, 94, 180, 36, 152, 30, 134, 50, 173, 122, 169, 38, 147, 34, 109, 120, 148, 5, 123, 45, 142, 127, 3, 124, 15, 151, 26, 198, 37, 35, 79, 163, 168, 47, 77, 86, 181, 150, 199, 58, 48, 16, 159, 92, 88, 194, 184, 141, 67, 182, 105, 183, 25, 110, 133, 139, 100, 178, 193, 56, 95, 90, 52, 161, 29, 101, 74, 137, 166, 63, 61, 31, 68, 196, 146, 18, 177, 116, 11, 44, 98, 102, 108, 186, 72, 70, 135, 175, 170, 84, 125, 132, 107, 64, 155, 130, 1, 96, 165, 62, 71, 42, 51, 23, 59, 93, 106, 12, 55, 41, 195, 164, 167, 54, 185, 81, 85, 144, 162, 140, 28, 2, 157, 10, 114, 46, 117, 160, 121, 82, 118, 73, 189, 200, 32, 83, 149, 153, 43, 115, 179, 14, 20, 113, 75, 24, 21, 33, 172, 6, 128, 9, 87, 131, 53, 103, 22, 104, 39]
Correct solution
(w = 52) Building and Solving
[runlim] sample:		964.7 time, 720.2 real, 1010.4 MB
[runlim] sample:		974.7 time, 730.2 real, 1446.7 MB
[runlim] sample:		985.8 time, 740.2 real, 1230.6 MB
Value Cyclic-Antibandwidth: 52
Labels: [109, 192, 105, 35, 134, 101, 97, 32, 114, 71, 158, 48, 21, 10, 94, 79, 24, 185, 147, 193, 196, 4, 63, 93, 57, 190, 189, 172, 111, 115, 182, 17, 82, 113, 91, 78, 112, 162, 174, 1, 87, 197, 53, 183, 167, 171, 131, 136, 165, 173, 68, 135, 66, 169, 84, 89, 100, 75, 88, 81, 11, 149, 36, 56, 161, 9, 39, 106, 132, 7, 117, 188, 5, 138, 76, 150, 118, 177, 160, 42, 54, 152, 168, 18, 148, 166, 116, 102, 27, 95, 184, 178, 28, 164, 74, 120, 199, 64, 44, 58, 130, 133, 34, 37, 186, 72, 143, 99, 163, 73, 170, 83, 38, 51, 127, 119, 55, 146, 15, 123, 80, 179, 110, 154, 121, 108, 157, 77, 62, 90, 16, 3, 139, 153, 47, 20, 191, 52, 144, 156, 61, 128, 26, 14, 181, 104, 137, 65, 96, 45, 12, 141, 40, 50, 30, 70, 85, 49, 2, 142, 140, 33, 175, 151, 200, 59, 41, 69, 122, 194, 43, 126, 187, 13, 29, 22, 129, 98, 198, 31, 155, 180, 67, 19, 8, 107, 195, 23, 86, 46, 159, 176, 6, 125, 145, 124, 103, 25, 92, 60]
Correct solution
(w = 53) Building and Solving
[runlim] sample:		1012.6 time, 750.2 real, 725.2 MB
[runlim] sample:		1023.1 time, 760.2 real, 859.0 MB
[runlim] sample:		1034.1 time, 770.2 real, 1307.8 MB
[runlim] sample:		1055.8 time, 780.2 real, 2133.1 MB
Value Cyclic-Antibandwidth: 53
Labels: [131, 26, 137, 177, 141, 156, 118, 23, 110, 138, 164, 194, 183, 38, 187, 114, 14, 51, 185, 4, 21, 122, 186, 100, 102, 157, 54, 73, 22, 44, 154, 113, 68, 87, 65, 192, 152, 6, 146, 28, 97, 108, 112, 170, 13, 32, 115, 126, 52, 46, 143, 120, 165, 25, 148, 74, 176, 171, 92, 93, 180, 41, 117, 195, 88, 184, 153, 18, 59, 104, 24, 42, 149, 9, 37, 197, 69, 182, 31, 132, 79, 47, 1, 191, 15, 188, 48, 19, 127, 116, 101, 140, 12, 121, 56, 71, 144, 20, 129, 103, 91, 11, 134, 36, 161, 53, 60, 16, 40, 178, 49, 84, 189, 190, 72, 43, 76, 17, 151, 50, 128, 2, 181, 45, 34, 70, 55, 119, 163, 61, 145, 124, 133, 95, 99, 125, 196, 167, 67, 5, 90, 75, 7, 3, 57, 66, 80, 82, 172, 33, 200, 159, 123, 160, 27, 173, 62, 155, 158, 193, 85, 10, 174, 89, 30, 98, 35, 109, 166, 162, 29, 78, 81, 142, 147, 111, 175, 86, 168, 139, 64, 198, 96, 106, 150, 105, 58, 135, 83, 169, 8, 136, 179, 77, 39, 63, 107, 199, 130, 94]
Correct solution
(w = 54) Building and Solving
[runlim] sample:		1074.1 time, 790.2 real, 761.2 MB
[runlim] sample:		1084.1 time, 800.2 real, 1213.0 MB
[runlim] sample:		1095.7 time, 810.2 real, 1170.6 MB
Value Cyclic-Antibandwidth: 54
Labels: [85, 29, 143, 169, 166, 111, 108, 27, 97, 163, 149, 171, 8, 31, 114, 133, 197, 181, 120, 189, 123, 59, 86, 93, 68, 200, 11, 75, 88, 136, 157, 147, 61, 45, 37, 62, 128, 21, 140, 24, 89, 72, 69, 151, 47, 161, 60, 131, 73, 76, 179, 124, 30, 126, 162, 58, 90, 172, 130, 4, 183, 50, 54, 49, 187, 196, 167, 43, 173, 165, 15, 38, 174, 159, 98, 112, 105, 191, 10, 176, 66, 34, 129, 190, 99, 39, 46, 198, 154, 5, 168, 116, 6, 153, 57, 142, 185, 40, 16, 132, 35, 79, 42, 52, 156, 56, 71, 106, 80, 12, 139, 83, 9, 51, 96, 125, 26, 188, 122, 178, 135, 32, 81, 117, 67, 115, 110, 109, 22, 182, 134, 44, 148, 92, 63, 138, 118, 184, 77, 1, 180, 103, 2, 91, 41, 70, 33, 84, 199, 100, 186, 155, 19, 177, 25, 141, 48, 102, 150, 193, 18, 195, 170, 164, 65, 107, 14, 13, 145, 121, 55, 119, 101, 192, 17, 113, 175, 94, 158, 127, 82, 36, 23, 3, 144, 95, 53, 28, 64, 137, 194, 146, 160, 87, 152, 78, 74, 20, 104, 7]
Correct solution
(w = 55) Building and Solving
[runlim] sample:		1127.3 time, 820.2 real, 853.0 MB
[runlim] sample:		1137.9 time, 830.2 real, 1390.6 MB
[runlim] sample:		1149.6 time, 840.2 real, 1305.8 MB
[runlim] sample:		1173.3 time, 850.2 real, 2209.1 MB
Value Cyclic-Antibandwidth: 55
Labels: [122, 20, 103, 25, 195, 169, 76, 50, 70, 117, 165, 23, 191, 196, 100, 143, 95, 145, 108, 1, 173, 15, 180, 97, 59, 129, 6, 158, 124, 162, 125, 96, 77, 79, 183, 54, 34, 182, 131, 90, 118, 62, 149, 141, 10, 177, 152, 132, 163, 41, 179, 134, 150, 19, 88, 67, 52, 116, 154, 139, 14, 155, 26, 186, 112, 199, 37, 21, 190, 48, 16, 140, 159, 137, 3, 111, 101, 166, 4, 45, 120, 168, 86, 175, 92, 27, 156, 170, 113, 84, 89, 135, 44, 114, 107, 65, 144, 153, 81, 38, 22, 192, 119, 32, 136, 31, 74, 46, 185, 9, 78, 72, 13, 5, 56, 91, 28, 2, 63, 93, 99, 189, 174, 24, 106, 51, 115, 53, 172, 164, 82, 105, 121, 85, 35, 98, 176, 200, 157, 138, 104, 127, 198, 40, 197, 69, 184, 73, 151, 188, 11, 126, 181, 94, 193, 42, 17, 61, 123, 167, 47, 142, 49, 130, 7, 146, 29, 18, 64, 33, 36, 58, 55, 60, 160, 171, 110, 133, 71, 80, 148, 12, 57, 147, 43, 87, 30, 194, 83, 66, 8, 161, 128, 68, 102, 109, 39, 187, 75, 178]
Correct solution
(w = 56) Building and Solving
[runlim] sample:		1192.2 time, 860.2 real, 938.1 MB
[runlim] sample:		1202.2 time, 870.2 real, 1346.6 MB
[runlim] sample:		1214.0 time, 880.2 real, 1263.0 MB
[runlim] sample:		1257.0 time, 890.2 real, 3080.7 MB
[runlim] sample:		1315.9 time, 900.2 real, 3920.8 MB
[runlim] sample:		1366.2 time, 910.2 real, 3383.2 MB
[runlim] sample:		1412.7 time, 920.2 real, 3820.1 MB
Value Cyclic-Antibandwidth: 56
Labels: [95, 182, 52, 39, 144, 175, 46, 170, 116, 26, 156, 77, 163, 157, 70, 61, 84, 45, 75, 189, 151, 36, 17, 99, 155, 147, 194, 138, 67, 57, 118, 107, 22, 65, 42, 173, 93, 154, 176, 181, 97, 131, 54, 126, 195, 5, 185, 103, 13, 179, 51, 89, 35, 180, 81, 47, 30, 192, 72, 94, 158, 14, 50, 168, 106, 167, 34, 200, 90, 161, 191, 88, 123, 74, 60, 142, 86, 153, 186, 134, 130, 160, 169, 198, 92, 199, 102, 152, 80, 73, 145, 136, 15, 110, 64, 63, 4, 100, 69, 31, 55, 18, 87, 33, 117, 16, 121, 68, 11, 188, 24, 91, 196, 7, 146, 125, 1, 28, 23, 111, 83, 10, 44, 112, 76, 79, 114, 98, 159, 143, 96, 171, 124, 58, 59, 101, 3, 197, 140, 164, 82, 32, 119, 184, 135, 53, 25, 78, 120, 6, 187, 113, 177, 62, 9, 150, 19, 162, 48, 141, 127, 178, 148, 105, 166, 71, 40, 139, 172, 12, 43, 49, 85, 21, 27, 133, 38, 66, 128, 109, 129, 165, 122, 29, 20, 56, 2, 8, 115, 41, 193, 132, 183, 104, 37, 137, 174, 190, 108, 149]
Correct solution
(w = 57) Building and Solving
[runlim] sample:		1430.1 time, 930.2 real, 851.9 MB
[runlim] sample:		1440.7 time, 940.2 real, 1355.2 MB
[runlim] sample:		1452.6 time, 950.2 real, 1464.2 MB
[runlim] sample:		1473.7 time, 960.2 real, 2260.8 MB
[runlim] sample:		1523.6 time, 970.2 real, 3135.4 MB
[runlim] sample:		1580.4 time, 980.2 real, 4306.1 MB
[runlim] sample:		1640.4 time, 990.2 real, 3533.0 MB
[runlim] sample:		1699.9 time, 1000.2 real, 4344.7 MB
[runlim] sample:		1759.9 time, 1010.2 real, 3622.1 MB
[runlim] sample:		1819.3 time, 1020.2 real, 4364.8 MB
[runlim] sample:		1879.3 time, 1030.2 real, 3812.0 MB
[runlim] sample:		1939.3 time, 1040.2 real, 3721.7 MB
[runlim] sample:		1999.3 time, 1050.2 real, 4267.9 MB
[runlim] sample:		2057.1 time, 1060.2 real, 3560.1 MB
[runlim] sample:		2111.9 time, 1070.2 real, 4889.7 MB
[runlim] sample:		2181.9 time, 1080.2 real, 5577.7 MB
[runlim] sample:		2251.9 time, 1090.2 real, 6069.7 MB
[runlim] sample:		2321.9 time, 1100.2 real, 6417.7 MB
[runlim] sample:		2391.9 time, 1110.2 real, 6713.1 MB
[runlim] sample:		2461.9 time, 1120.2 real, 6937.3 MB
[runlim] sample:		2485.2 time, 1130.2 real, 2881.5 MB
Value Cyclic-Antibandwidth: 57
Labels: [91, 176, 76, 13, 125, 144, 27, 166, 42, 75, 101, 46, 137, 186, 109, 87, 56, 41, 124, 157, 114, 145, 152, 33, 100, 103, 143, 181, 108, 159, 84, 81, 169, 173, 193, 151, 32, 184, 160, 113, 78, 44, 22, 64, 148, 155, 38, 70, 158, 156, 15, 47, 198, 7, 63, 14, 6, 115, 62, 68, 106, 185, 194, 102, 19, 128, 92, 97, 26, 23, 142, 72, 154, 119, 24, 79, 73, 131, 135, 50, 86, 149, 132, 130, 162, 116, 2, 140, 51, 69, 95, 112, 139, 71, 53, 170, 66, 104, 57, 12, 4, 164, 31, 190, 83, 17, 5, 8, 134, 141, 200, 3, 121, 147, 133, 88, 178, 174, 118, 85, 54, 191, 182, 161, 163, 74, 77, 60, 93, 40, 35, 96, 52, 45, 16, 37, 146, 167, 197, 123, 48, 9, 29, 127, 180, 25, 189, 43, 120, 30, 99, 105, 177, 34, 183, 90, 188, 59, 1, 111, 18, 122, 110, 129, 175, 39, 172, 61, 165, 20, 11, 195, 28, 136, 138, 192, 117, 49, 80, 98, 199, 179, 67, 89, 21, 36, 171, 196, 65, 107, 153, 82, 126, 58, 10, 187, 150, 168, 55, 94]
Correct solution
(w = 58) Building and Solving
[runlim] sample:		2499.0 time, 1140.2 real, 920.5 MB
[runlim] sample:		2509.0 time, 1150.2 real, 1387.6 MB
[runlim] sample:		2521.0 time, 1160.2 real, 1319.5 MB
[runlim] sample:		2553.9 time, 1170.2 real, 2529.2 MB
[runlim] sample:		2610.0 time, 1180.2 real, 4466.3 MB
[runlim] sample:		2648.8 time, 1190.2 real, 2883.6 MB
Value Cyclic-Antibandwidth: 58
Labels: [132, 170, 196, 35, 127, 184, 93, 162, 88, 153, 179, 45, 165, 17, 102, 62, 80, 96, 110, 190, 188, 67, 200, 98, 76, 126, 193, 133, 143, 18, 131, 82, 27, 101, 48, 175, 20, 92, 51, 140, 103, 139, 66, 120, 189, 182, 164, 106, 159, 138, 47, 151, 46, 174, 75, 63, 50, 117, 74, 99, 30, 168, 180, 14, 121, 169, 33, 23, 52, 83, 6, 7, 89, 2, 44, 141, 154, 136, 185, 40, 109, 172, 115, 58, 160, 34, 166, 149, 112, 105, 114, 161, 15, 113, 68, 72, 177, 9, 54, 71, 59, 194, 94, 21, 122, 24, 123, 49, 163, 10, 198, 118, 12, 53, 36, 183, 57, 3, 29, 134, 78, 173, 1, 147, 152, 157, 116, 32, 95, 171, 87, 137, 119, 158, 55, 111, 192, 79, 144, 129, 5, 77, 130, 181, 156, 8, 16, 128, 100, 43, 191, 155, 22, 104, 25, 85, 186, 61, 148, 178, 65, 145, 167, 146, 4, 73, 39, 64, 142, 11, 42, 28, 13, 37, 199, 176, 97, 108, 135, 107, 124, 84, 69, 38, 31, 150, 41, 60, 70, 81, 195, 91, 187, 86, 26, 125, 197, 19, 56, 90]
Correct solution
(w = 59) Building and Solving
[runlim] sample:		2660.0 time, 1200.2 real, 1061.8 MB
[runlim] sample:		2670.0 time, 1210.2 real, 1487.7 MB
[runlim] sample:		2682.2 time, 1220.2 real, 1401.8 MB
[runlim] sample:		2724.2 time, 1230.2 real, 3230.0 MB
[runlim] sample:		2782.2 time, 1240.2 real, 4454.3 MB
[runlim] sample:		2842.2 time, 1250.2 real, 3676.4 MB
[runlim] sample:		2901.6 time, 1260.2 real, 4318.8 MB
[runlim] sample:		2961.6 time, 1270.2 real, 3910.8 MB
[runlim] sample:		3021.6 time, 1280.2 real, 3687.2 MB
[runlim] sample:		3071.7 time, 1290.2 real, 3913.0 MB
[runlim] sample:		3118.7 time, 1300.2 real, 3486.9 MB
[runlim] sample:		3167.1 time, 1310.2 real, 4155.1 MB
[runlim] sample:		3214.7 time, 1320.2 real, 3511.1 MB
[runlim] sample:		3265.0 time, 1330.2 real, 4662.7 MB
[runlim] sample:		3334.9 time, 1340.2 real, 5626.7 MB
[runlim] sample:		3404.9 time, 1350.2 real, 6196.7 MB
[runlim] sample:		3474.8 time, 1360.2 real, 6550.7 MB
[runlim] sample:		3544.8 time, 1370.2 real, 6812.7 MB
[runlim] sample:		3614.8 time, 1380.2 real, 7014.7 MB
[runlim] sample:		3684.7 time, 1390.2 real, 7184.7 MB
[runlim] sample:		3740.2 time, 1400.2 real, 4311.0 MB
[runlim] sample:		3800.2 time, 1410.2 real, 5449.0 MB
[runlim] sample:		3860.2 time, 1420.2 real, 5925.3 MB
[runlim] sample:		3920.2 time, 1430.2 real, 6293.3 MB
[runlim] sample:		3980.2 time, 1440.2 real, 6567.3 MB
[runlim] sample:		4038.9 time, 1450.2 real, 6743.6 MB
[runlim] sample:		4049.1 time, 1460.2 real, 2961.9 MB
[runlim] sample:		4070.1 time, 1470.2 real, 3580.3 MB
[runlim] sample:		4100.1 time, 1480.2 real, 3798.4 MB
[runlim] sample:		4130.1 time, 1490.2 real, 3798.7 MB
[runlim] sample:		4160.1 time, 1500.2 real, 3809.0 MB
[runlim] sample:		4190.1 time, 1510.2 real, 3726.0 MB
[runlim] sample:		4220.1 time, 1520.2 real, 3726.0 MB
[runlim] sample:		4250.1 time, 1530.2 real, 3745.3 MB
[runlim] sample:		4280.1 time, 1540.2 real, 3745.3 MB
[runlim] sample:		4310.1 time, 1550.2 real, 3746.3 MB
[runlim] sample:		4340.1 time, 1560.2 real, 3746.6 MB
[runlim] sample:		4370.1 time, 1570.2 real, 3746.6 MB
[runlim] sample:		4400.1 time, 1580.2 real, 3718.1 MB
[runlim] sample:		4430.1 time, 1590.2 real, 3718.2 MB
[runlim] sample:		4460.1 time, 1600.2 real, 3718.2 MB
[runlim] sample:		4490.1 time, 1610.2 real, 3718.2 MB
[runlim] sample:		4520.1 time, 1620.2 real, 3718.2 MB
[runlim] sample:		4550.1 time, 1630.2 real, 3718.2 MB
[runlim] sample:		4580.1 time, 1640.2 real, 3718.2 MB
[runlim] sample:		4610.1 time, 1650.2 real, 3718.2 MB
[runlim] sample:		4640.1 time, 1660.2 real, 3718.3 MB
[runlim] sample:		4670.1 time, 1670.2 real, 3718.3 MB
[runlim] sample:		4700.1 time, 1680.2 real, 3718.3 MB
[runlim] sample:		4730.1 time, 1690.2 real, 3718.3 MB
[runlim] sample:		4760.1 time, 1700.2 real, 3718.3 MB
[runlim] sample:		4790.1 time, 1710.2 real, 3718.4 MB
[runlim] sample:		4820.1 time, 1720.2 real, 3718.4 MB
[runlim] sample:		4850.1 time, 1730.2 real, 3720.2 MB
[runlim] sample:		4880.1 time, 1740.2 real, 3720.2 MB
[runlim] sample:		4910.1 time, 1750.2 real, 3720.2 MB
[runlim] sample:		4940.1 time, 1760.2 real, 3720.2 MB
[runlim] sample:		4970.1 time, 1770.2 real, 3720.2 MB
[runlim] sample:		5000.1 time, 1780.2 real, 3720.2 MB
[runlim] sample:		5030.1 time, 1790.2 real, 3720.2 MB
[runlim] sample:		5059.9 time, 1800.2 real, 0.0 MB
[runlim] end:			Tue Nov 11 23:41:18 2025
[runlim] status:		out of time
[runlim] result:		2
[runlim] children:		0
[runlim] real:			1800.20 seconds
[runlim] time:			5059.94 seconds
[runlim] space:			7216.7 MB
[runlim] samples:		18000
