[runlim] version:		1.10
[runlim] time limit:		311040000 seconds
[runlim] real time limit:	1800 seconds
[runlim] space limit:		30000 MB
[runlim] argv[0]:		python3
[runlim] argv[1]:		model_MIP_CPLEX.py
[runlim] argv[2]:		./graph/random_generated_graph_2013/p31_200_2000
[runlim] start:			Wed Nov 12 01:11:18 2025
[runlim] main pid:		29968
[runlim] log captured:
(w = 4) Building and Solving
[runlim] sample:		16.1 time, 10.2 real, 404.6 MB
Value Cyclic-Antibandwidth: 4
Labels: [46, 164, 190, 132, 61, 118, 25, 83, 188, 95, 127, 73, 63, 92, 82, 89, 160, 170, 44, 139, 15, 53, 131, 13, 50, 166, 70, 69, 167, 193, 85, 27, 192, 38, 144, 155, 129, 84, 22, 179, 183, 168, 116, 128, 142, 77, 152, 120, 121, 66, 107, 185, 171, 191, 10, 187, 126, 6, 3, 16, 91, 57, 75, 99, 79, 94, 153, 41, 173, 65, 140, 5, 40, 78, 96, 122, 55, 18, 162, 54, 71, 74, 34, 51, 105, 47, 102, 186, 133, 104, 176, 174, 114, 112, 29, 159, 101, 137, 37, 8, 151, 90, 147, 189, 146, 195, 9, 7, 4, 14, 19, 62, 165, 32, 119, 11, 23, 125, 87, 149, 76, 80, 106, 143, 88, 103, 172, 24, 148, 59, 52, 181, 182, 49, 200, 194, 20, 197, 26, 43, 178, 110, 1, 138, 30, 42, 163, 169, 111, 117, 21, 124, 123, 97, 72, 33, 157, 45, 98, 60, 39, 130, 100, 161, 154, 86, 67, 177, 158, 113, 48, 93, 108, 17, 145, 175, 56, 199, 58, 28, 135, 64, 180, 184, 12, 68, 31, 81, 35, 2, 150, 141, 36, 156, 196, 134, 109, 198, 115, 136]
Correct solution
(w = 5) Building and Solving
[runlim] sample:		26.9 time, 20.2 real, 411.1 MB
[runlim] sample:		46.7 time, 30.2 real, 571.7 MB
Value Cyclic-Antibandwidth: 5
Labels: [46, 164, 141, 132, 61, 118, 76, 62, 188, 95, 127, 73, 63, 92, 82, 89, 128, 144, 44, 183, 15, 53, 60, 13, 50, 166, 70, 69, 167, 193, 85, 27, 192, 38, 25, 155, 129, 84, 22, 179, 152, 168, 116, 109, 142, 77, 99, 40, 121, 66, 107, 185, 171, 191, 10, 187, 126, 6, 3, 16, 91, 57, 75, 12, 79, 94, 153, 41, 173, 65, 140, 55, 48, 78, 96, 122, 184, 18, 162, 54, 71, 74, 34, 51, 105, 47, 102, 186, 133, 104, 176, 174, 114, 112, 29, 159, 101, 137, 37, 8, 180, 90, 147, 189, 146, 195, 9, 7, 170, 160, 19, 197, 165, 32, 119, 11, 23, 125, 87, 149, 190, 199, 106, 143, 88, 103, 172, 24, 148, 59, 52, 181, 182, 49, 200, 194, 20, 80, 26, 43, 178, 110, 1, 138, 30, 42, 163, 169, 111, 117, 21, 124, 123, 97, 72, 33, 157, 45, 98, 14, 39, 130, 139, 131, 154, 86, 67, 177, 158, 113, 5, 93, 108, 17, 145, 175, 56, 100, 58, 28, 135, 64, 161, 120, 4, 68, 31, 81, 35, 2, 150, 83, 36, 156, 196, 134, 151, 198, 115, 136]
Correct solution
(w = 6) Building and Solving
[runlim] sample:		56.7 time, 40.2 real, 590.1 MB
[runlim] sample:		75.5 time, 50.2 real, 693.1 MB
[runlim] sample:		90.8 time, 60.2 real, 864.4 MB
Value Cyclic-Antibandwidth: 6
Labels: [46, 164, 190, 132, 61, 118, 76, 62, 188, 95, 127, 33, 63, 92, 82, 163, 54, 144, 44, 183, 15, 53, 94, 13, 50, 166, 70, 69, 167, 193, 85, 27, 192, 38, 25, 155, 129, 84, 22, 179, 99, 168, 116, 109, 171, 79, 14, 120, 121, 66, 107, 185, 89, 191, 10, 187, 126, 6, 3, 16, 40, 91, 75, 117, 41, 102, 153, 80, 173, 65, 140, 55, 197, 78, 96, 122, 184, 18, 162, 31, 71, 74, 34, 51, 105, 47, 77, 186, 133, 104, 176, 174, 128, 112, 29, 159, 101, 137, 37, 8, 180, 90, 147, 189, 146, 195, 9, 7, 170, 160, 19, 142, 165, 32, 119, 11, 23, 125, 87, 149, 73, 199, 106, 143, 68, 12, 172, 24, 148, 59, 52, 181, 182, 49, 152, 194, 20, 57, 26, 43, 178, 110, 1, 138, 30, 42, 103, 169, 124, 111, 21, 56, 123, 97, 72, 114, 157, 45, 98, 60, 39, 130, 139, 131, 154, 86, 67, 177, 158, 113, 5, 93, 108, 17, 145, 175, 88, 100, 58, 28, 135, 64, 48, 4, 198, 200, 161, 81, 35, 2, 150, 83, 36, 156, 196, 134, 151, 141, 115, 136]
Correct solution
(w = 7) Building and Solving
[runlim] sample:		102.6 time, 70.2 real, 875.3 MB
[runlim] sample:		122.6 time, 80.2 real, 880.6 MB
[runlim] sample:		139.8 time, 90.2 real, 833.3 MB
Value Cyclic-Antibandwidth: 7
Labels: [46, 164, 86, 132, 61, 118, 76, 62, 188, 95, 127, 23, 63, 92, 82, 70, 54, 181, 44, 183, 15, 53, 94, 13, 50, 166, 131, 69, 167, 193, 85, 141, 192, 38, 111, 2, 129, 84, 22, 179, 99, 168, 116, 109, 171, 79, 163, 120, 121, 66, 107, 185, 89, 191, 10, 187, 126, 6, 3, 16, 73, 91, 75, 145, 186, 102, 153, 103, 173, 170, 140, 55, 198, 78, 96, 122, 184, 18, 162, 24, 71, 74, 12, 51, 105, 47, 77, 45, 133, 104, 176, 174, 26, 112, 29, 159, 101, 137, 37, 8, 180, 90, 147, 189, 146, 195, 9, 7, 5, 160, 19, 190, 165, 32, 119, 144, 14, 125, 87, 149, 11, 128, 106, 199, 68, 143, 172, 123, 148, 59, 52, 80, 182, 49, 155, 194, 20, 33, 48, 57, 178, 110, 1, 138, 41, 42, 27, 169, 124, 152, 21, 56, 197, 97, 72, 114, 157, 43, 98, 60, 39, 130, 139, 65, 154, 30, 67, 177, 158, 113, 25, 93, 108, 17, 117, 175, 88, 100, 58, 28, 135, 64, 40, 34, 4, 200, 31, 81, 35, 142, 150, 83, 36, 156, 196, 134, 151, 161, 115, 136]
Correct solution
(w = 8) Building and Solving
[runlim] sample:		149.8 time, 100.2 real, 836.4 MB
[runlim] sample:		168.8 time, 110.2 real, 1033.0 MB
[runlim] sample:		188.8 time, 120.2 real, 1041.0 MB
[runlim] sample:		201.0 time, 130.2 real, 1177.2 MB
Value Cyclic-Antibandwidth: 8
Labels: [184, 164, 86, 132, 61, 118, 76, 62, 188, 95, 127, 23, 63, 92, 82, 163, 54, 139, 183, 89, 15, 182, 94, 13, 50, 181, 131, 160, 167, 193, 85, 141, 192, 38, 197, 155, 129, 4, 22, 179, 99, 168, 116, 158, 178, 149, 65, 120, 105, 66, 107, 185, 49, 191, 10, 187, 126, 6, 3, 45, 73, 91, 75, 84, 25, 102, 153, 128, 173, 144, 140, 55, 44, 78, 96, 122, 19, 18, 162, 24, 71, 170, 12, 51, 121, 47, 77, 42, 133, 104, 176, 174, 26, 112, 29, 159, 101, 137, 37, 117, 151, 90, 147, 189, 48, 195, 9, 7, 171, 16, 46, 186, 165, 32, 119, 43, 114, 125, 87, 11, 70, 199, 106, 53, 68, 136, 172, 123, 148, 59, 52, 80, 152, 180, 143, 194, 20, 40, 69, 57, 142, 110, 1, 138, 41, 98, 27, 169, 124, 111, 21, 56, 100, 5, 72, 103, 14, 8, 157, 60, 39, 130, 190, 161, 154, 30, 67, 177, 166, 113, 79, 93, 108, 17, 145, 175, 88, 33, 58, 28, 135, 64, 146, 34, 74, 200, 31, 81, 35, 2, 150, 83, 36, 156, 196, 198, 109, 97, 115, 134]
Correct solution
(w = 9) Building and Solving
[runlim] sample:		211.0 time, 140.2 real, 962.7 MB
[runlim] sample:		230.7 time, 150.2 real, 1181.9 MB
[runlim] sample:		250.7 time, 160.2 real, 1190.1 MB
[runlim] sample:		265.2 time, 170.2 real, 1198.1 MB
[runlim] sample:		275.2 time, 180.2 real, 1357.3 MB
Value Cyclic-Antibandwidth: 9
Labels: [2, 150, 199, 180, 28, 192, 178, 158, 173, 163, 15, 167, 54, 14, 32, 9, 23, 4, 3, 7, 35, 31, 41, 89, 16, 8, 69, 11, 19, 17, 1, 136, 24, 20, 18, 37, 47, 56, 34, 71, 38, 26, 176, 65, 45, 27, 36, 59, 52, 72, 48, 30, 97, 12, 13, 49, 62, 57, 50, 51, 25, 39, 73, 77, 22, 42, 70, 74, 60, 21, 200, 58, 75, 109, 61, 63, 64, 84, 46, 66, 33, 105, 67, 53, 5, 80, 94, 101, 81, 40, 90, 82, 83, 120, 104, 78, 44, 106, 85, 91, 6, 76, 114, 88, 93, 86, 96, 68, 103, 102, 112, 116, 108, 79, 55, 92, 125, 10, 110, 100, 131, 132, 127, 119, 115, 133, 147, 148, 123, 134, 107, 166, 117, 111, 122, 124, 99, 29, 113, 138, 126, 139, 128, 129, 140, 141, 142, 98, 153, 121, 164, 87, 177, 169, 135, 143, 149, 151, 144, 146, 152, 155, 145, 162, 157, 175, 156, 165, 95, 172, 159, 160, 170, 181, 137, 154, 118, 168, 161, 171, 191, 183, 184, 186, 187, 182, 174, 130, 43, 189, 190, 193, 185, 194, 195, 188, 196, 197, 198, 179]
Correct solution
(w = 10) Building and Solving
[runlim] sample:		290.3 time, 190.2 real, 684.3 MB
[runlim] sample:		304.7 time, 200.2 real, 925.1 MB
[runlim] sample:		324.7 time, 210.2 real, 944.8 MB
[runlim] sample:		344.7 time, 220.2 real, 968.6 MB
[runlim] sample:		357.0 time, 230.2 real, 982.6 MB
[runlim] sample:		367.0 time, 240.2 real, 1114.0 MB
[runlim] sample:		377.6 time, 250.2 real, 1173.0 MB
Value Cyclic-Antibandwidth: 10
Labels: [189, 4, 24, 11, 178, 21, 171, 165, 19, 141, 52, 169, 9, 200, 3, 28, 44, 31, 83, 30, 75, 13, 12, 124, 32, 66, 39, 17, 8, 53, 15, 35, 25, 6, 57, 70, 43, 2, 18, 62, 177, 76, 7, 40, 182, 67, 153, 47, 199, 37, 187, 45, 143, 26, 10, 16, 63, 41, 1, 56, 50, 38, 55, 42, 23, 34, 71, 51, 74, 58, 29, 59, 48, 27, 60, 61, 87, 49, 102, 100, 22, 77, 79, 20, 69, 88, 68, 90, 91, 65, 80, 104, 86, 116, 101, 89, 98, 33, 54, 78, 115, 73, 94, 107, 93, 92, 99, 105, 46, 117, 121, 84, 64, 110, 106, 119, 111, 81, 125, 96, 131, 72, 112, 139, 123, 122, 136, 140, 114, 129, 120, 130, 85, 82, 108, 150, 95, 127, 142, 113, 151, 132, 180, 166, 133, 134, 152, 155, 163, 97, 103, 135, 148, 176, 188, 154, 109, 138, 137, 145, 157, 156, 118, 128, 149, 161, 170, 144, 191, 167, 173, 162, 174, 158, 175, 160, 126, 159, 14, 147, 183, 172, 185, 164, 190, 36, 192, 179, 146, 168, 181, 193, 184, 194, 195, 186, 196, 197, 198, 5]
Correct solution
(w = 11) Building and Solving
[runlim] sample:		393.3 time, 260.2 real, 918.4 MB
[runlim] sample:		412.5 time, 270.2 real, 1163.9 MB
[runlim] sample:		432.5 time, 280.2 real, 1183.9 MB
[runlim] sample:		452.5 time, 290.2 real, 1200.7 MB
[runlim] sample:		462.9 time, 300.2 real, 1213.0 MB
[runlim] sample:		472.9 time, 310.2 real, 971.6 MB
[runlim] sample:		482.9 time, 320.2 real, 1386.5 MB
[runlim] sample:		500.2 time, 330.2 real, 2242.9 MB
Value Cyclic-Antibandwidth: 11
Labels: [178, 33, 11, 180, 169, 71, 152, 158, 17, 79, 12, 48, 53, 200, 5, 7, 39, 15, 1, 22, 131, 190, 95, 9, 44, 199, 40, 29, 2, 42, 30, 25, 13, 59, 38, 23, 26, 73, 34, 24, 114, 106, 52, 8, 45, 129, 75, 35, 63, 54, 143, 46, 41, 55, 47, 77, 19, 43, 3, 148, 56, 20, 61, 60, 62, 64, 113, 76, 85, 18, 74, 91, 117, 32, 66, 14, 86, 80, 6, 92, 49, 96, 82, 36, 108, 89, 100, 116, 98, 97, 90, 27, 69, 31, 104, 156, 70, 105, 37, 72, 84, 16, 67, 81, 65, 93, 50, 109, 107, 88, 134, 51, 110, 144, 123, 28, 124, 87, 145, 103, 122, 139, 125, 102, 112, 83, 126, 4, 21, 137, 119, 99, 68, 58, 121, 111, 57, 141, 118, 127, 128, 10, 162, 164, 177, 163, 172, 130, 132, 146, 173, 78, 160, 165, 181, 147, 133, 171, 149, 153, 150, 115, 154, 135, 136, 159, 161, 170, 142, 166, 94, 157, 168, 138, 174, 140, 175, 151, 155, 167, 182, 184, 187, 185, 191, 189, 176, 120, 101, 188, 192, 193, 183, 194, 195, 186, 196, 197, 198, 179]
Correct solution
(w = 12) Building and Solving
[runlim] sample:		513.6 time, 340.2 real, 1174.0 MB
[runlim] sample:		533.6 time, 350.2 real, 1191.8 MB
[runlim] sample:		553.5 time, 360.2 real, 1204.8 MB
[runlim] sample:		572.3 time, 370.2 real, 1221.9 MB
[runlim] sample:		582.3 time, 380.2 real, 1230.4 MB
[runlim] sample:		592.3 time, 390.2 real, 1238.6 MB
[runlim] sample:		602.3 time, 400.2 real, 1461.2 MB
[runlim] sample:		613.0 time, 410.2 real, 1318.7 MB
Value Cyclic-Antibandwidth: 12
Labels: [185, 40, 175, 19, 190, 177, 145, 151, 116, 45, 81, 20, 50, 12, 7, 28, 127, 6, 3, 10, 195, 187, 48, 96, 62, 17, 47, 198, 14, 106, 43, 9, 42, 30, 124, 37, 60, 26, 33, 31, 64, 38, 18, 110, 92, 179, 129, 22, 61, 63, 16, 39, 101, 75, 98, 82, 54, 86, 69, 184, 25, 53, 55, 41, 72, 125, 27, 58, 21, 135, 199, 102, 59, 65, 67, 112, 34, 74, 76, 52, 23, 77, 56, 66, 132, 29, 113, 85, 93, 73, 111, 84, 78, 11, 49, 35, 2, 44, 88, 99, 100, 94, 68, 5, 70, 114, 57, 107, 91, 79, 126, 51, 148, 119, 97, 108, 36, 152, 169, 115, 8, 71, 153, 128, 134, 104, 130, 95, 117, 131, 133, 118, 32, 24, 46, 90, 87, 170, 138, 139, 140, 105, 109, 141, 142, 167, 80, 159, 149, 163, 171, 121, 164, 89, 143, 165, 120, 146, 122, 161, 166, 147, 136, 123, 162, 160, 144, 178, 172, 83, 191, 154, 173, 156, 168, 158, 181, 174, 157, 183, 4, 150, 188, 155, 103, 200, 176, 137, 180, 186, 192, 193, 182, 194, 1, 13, 196, 197, 15, 189]
Correct solution
(w = 13) Building and Solving
[runlim] sample:		629.1 time, 420.2 real, 880.5 MB
[runlim] sample:		646.8 time, 430.2 real, 1161.9 MB
[runlim] sample:		666.8 time, 440.2 real, 1181.8 MB
[runlim] sample:		686.8 time, 450.2 real, 1195.8 MB
[runlim] sample:		703.3 time, 460.2 real, 1209.7 MB
[runlim] sample:		713.3 time, 470.2 real, 1215.7 MB
[runlim] sample:		723.3 time, 480.2 real, 1223.9 MB
[runlim] sample:		733.3 time, 490.2 real, 1480.8 MB
[runlim] sample:		744.0 time, 500.2 real, 1351.9 MB
Value Cyclic-Antibandwidth: 13
Labels: [174, 199, 36, 38, 4, 177, 151, 136, 3, 167, 149, 137, 166, 12, 35, 21, 60, 6, 2, 172, 155, 13, 163, 28, 26, 129, 61, 14, 18, 17, 188, 146, 49, 44, 68, 111, 103, 112, 15, 100, 138, 48, 1, 72, 113, 25, 79, 43, 197, 102, 32, 29, 141, 67, 98, 97, 54, 19, 73, 37, 192, 200, 139, 62, 86, 75, 42, 74, 22, 7, 101, 45, 90, 66, 53, 55, 144, 78, 104, 84, 30, 20, 76, 33, 31, 121, 64, 123, 87, 63, 8, 88, 122, 10, 77, 99, 89, 168, 50, 52, 85, 117, 125, 116, 126, 127, 105, 108, 80, 128, 130, 114, 140, 156, 81, 135, 145, 16, 161, 65, 56, 110, 162, 91, 124, 69, 169, 147, 134, 157, 92, 57, 51, 96, 173, 93, 23, 34, 39, 152, 47, 158, 9, 148, 58, 164, 159, 153, 115, 46, 71, 59, 132, 160, 150, 70, 82, 83, 95, 106, 187, 27, 94, 107, 119, 131, 143, 171, 40, 175, 176, 191, 178, 109, 170, 118, 180, 154, 133, 182, 41, 185, 190, 183, 120, 5, 179, 142, 11, 186, 24, 193, 181, 194, 195, 184, 196, 165, 198, 189]
Correct solution
(w = 14) Building and Solving
[runlim] sample:		759.6 time, 510.2 real, 933.3 MB
[runlim] sample:		775.5 time, 520.2 real, 1139.6 MB
[runlim] sample:		795.5 time, 530.2 real, 1151.6 MB
[runlim] sample:		815.5 time, 540.2 real, 1165.1 MB
[runlim] sample:		835.5 time, 550.2 real, 1178.3 MB
[runlim] sample:		845.9 time, 560.2 real, 1184.3 MB
[runlim] sample:		855.9 time, 570.2 real, 1190.6 MB
[runlim] sample:		865.9 time, 580.2 real, 1194.6 MB
[runlim] sample:		875.9 time, 590.2 real, 1399.8 MB
[runlim] sample:		886.6 time, 600.2 real, 1361.2 MB
[runlim] sample:		914.9 time, 610.2 real, 2841.8 MB
Value Cyclic-Antibandwidth: 14
Labels: [181, 40, 136, 31, 145, 37, 99, 135, 120, 182, 87, 170, 25, 95, 94, 47, 159, 39, 102, 187, 171, 41, 178, 180, 65, 68, 176, 174, 189, 85, 194, 5, 18, 153, 166, 17, 199, 108, 54, 14, 83, 36, 118, 4, 78, 70, 28, 165, 86, 131, 121, 196, 198, 154, 186, 114, 138, 77, 57, 103, 111, 7, 141, 8, 82, 167, 100, 133, 149, 64, 193, 71, 191, 128, 76, 125, 144, 15, 51, 11, 112, 157, 127, 184, 173, 34, 101, 152, 156, 91, 61, 62, 119, 53, 163, 48, 93, 60, 75, 109, 73, 126, 110, 130, 139, 169, 97, 23, 88, 2, 79, 137, 19, 155, 30, 67, 38, 92, 45, 161, 16, 74, 146, 158, 22, 172, 147, 49, 132, 143, 177, 160, 81, 104, 89, 42, 98, 72, 33, 151, 66, 56, 6, 148, 1, 190, 13, 80, 63, 90, 123, 150, 124, 69, 26, 52, 188, 192, 179, 9, 59, 46, 44, 162, 58, 3, 12, 113, 84, 24, 197, 10, 175, 195, 200, 27, 115, 140, 142, 20, 21, 29, 107, 43, 35, 129, 32, 122, 117, 55, 96, 116, 168, 50, 134, 164, 106, 185, 105, 183]
Correct solution
(w = 15) Building and Solving
[runlim] sample:		945.9 time, 620.2 real, 717.0 MB
[runlim] sample:		959.4 time, 630.2 real, 1322.6 MB
[runlim] sample:		979.3 time, 640.2 real, 1324.6 MB
[runlim] sample:		999.3 time, 650.2 real, 1328.6 MB
[runlim] sample:		1019.3 time, 660.2 real, 1330.6 MB
[runlim] sample:		1035.2 time, 670.2 real, 1330.6 MB
[runlim] sample:		1045.2 time, 680.2 real, 1332.6 MB
[runlim] sample:		1055.2 time, 690.2 real, 1332.6 MB
[runlim] sample:		1065.2 time, 700.2 real, 969.7 MB
[runlim] sample:		1075.2 time, 710.2 real, 1488.7 MB
[runlim] sample:		1086.0 time, 720.2 real, 1424.4 MB
Value Cyclic-Antibandwidth: 15
Labels: [165, 59, 37, 186, 80, 111, 180, 4, 112, 183, 163, 55, 196, 104, 116, 15, 30, 107, 94, 8, 173, 97, 86, 25, 110, 39, 70, 124, 95, 12, 2, 17, 20, 26, 101, 144, 142, 190, 121, 75, 185, 193, 89, 41, 74, 16, 132, 7, 141, 61, 53, 1, 187, 181, 47, 133, 115, 145, 149, 128, 189, 127, 126, 33, 136, 174, 140, 83, 9, 45, 62, 31, 18, 182, 167, 198, 71, 14, 90, 164, 122, 138, 91, 148, 38, 154, 49, 157, 11, 87, 118, 85, 179, 6, 135, 72, 125, 50, 68, 66, 48, 84, 166, 54, 32, 81, 168, 151, 13, 22, 78, 119, 143, 29, 96, 147, 67, 192, 106, 36, 161, 65, 27, 24, 137, 60, 5, 69, 155, 64, 153, 109, 191, 82, 169, 58, 100, 146, 172, 10, 139, 98, 170, 76, 199, 197, 99, 35, 42, 117, 160, 28, 175, 3, 56, 57, 40, 113, 184, 19, 188, 152, 52, 150, 176, 34, 23, 131, 123, 200, 43, 162, 73, 159, 194, 88, 51, 77, 130, 21, 120, 158, 92, 177, 105, 108, 93, 63, 79, 171, 134, 44, 46, 114, 156, 178, 103, 129, 102, 195]
Correct solution
(w = 16) Building and Solving
[runlim] sample:		1104.2 time, 730.2 real, 631.0 MB
[runlim] sample:		1121.2 time, 740.2 real, 1378.8 MB
[runlim] sample:		1141.2 time, 750.2 real, 1382.8 MB
[runlim] sample:		1161.2 time, 760.2 real, 1384.8 MB
[runlim] sample:		1181.2 time, 770.2 real, 1384.8 MB
[runlim] sample:		1194.8 time, 780.2 real, 1386.8 MB
[runlim] sample:		1204.8 time, 790.2 real, 1386.8 MB
[runlim] sample:		1214.8 time, 800.2 real, 1388.8 MB
[runlim] sample:		1224.8 time, 810.2 real, 1035.8 MB
[runlim] sample:		1234.8 time, 820.2 real, 1606.8 MB
[runlim] sample:		1245.6 time, 830.2 real, 1544.1 MB
[runlim] sample:		1285.8 time, 840.2 real, 3225.1 MB
[runlim] sample:		1336.4 time, 850.2 real, 3889.6 MB
Value Cyclic-Antibandwidth: 16
Labels: [114, 169, 190, 178, 150, 161, 127, 81, 125, 143, 122, 120, 180, 116, 73, 159, 104, 78, 35, 128, 192, 165, 72, 123, 74, 85, 105, 66, 195, 197, 138, 53, 160, 89, 39, 79, 70, 33, 7, 174, 87, 46, 34, 62, 27, 198, 155, 2, 83, 55, 42, 40, 196, 171, 179, 17, 134, 108, 145, 38, 182, 139, 11, 98, 15, 158, 110, 147, 188, 133, 54, 101, 141, 157, 88, 102, 185, 13, 48, 6, 3, 172, 49, 200, 152, 191, 43, 117, 93, 90, 57, 20, 181, 136, 24, 65, 18, 51, 113, 47, 26, 115, 132, 61, 92, 31, 84, 175, 12, 154, 94, 112, 177, 63, 168, 28, 41, 149, 189, 95, 186, 60, 69, 22, 4, 153, 59, 162, 10, 45, 166, 111, 8, 107, 140, 173, 30, 76, 91, 163, 82, 109, 44, 25, 106, 148, 14, 67, 135, 16, 9, 103, 1, 71, 176, 170, 97, 137, 50, 144, 146, 199, 56, 21, 80, 100, 68, 77, 37, 183, 193, 194, 32, 126, 64, 156, 5, 52, 75, 187, 167, 151, 121, 131, 119, 130, 124, 58, 36, 129, 19, 99, 164, 86, 118, 23, 184, 142, 29, 96]
Correct solution
(w = 17) Building and Solving
[runlim] sample:		1353.9 time, 860.2 real, 1043.1 MB
[runlim] sample:		1371.7 time, 870.2 real, 1394.7 MB
[runlim] sample:		1391.7 time, 880.2 real, 1394.7 MB
[runlim] sample:		1411.7 time, 890.2 real, 1396.7 MB
[runlim] sample:		1431.7 time, 900.2 real, 1400.7 MB
[runlim] sample:		1446.9 time, 910.2 real, 1400.7 MB
[runlim] sample:		1456.9 time, 920.2 real, 1401.7 MB
[runlim] sample:		1466.9 time, 930.2 real, 1404.7 MB
[runlim] sample:		1476.9 time, 940.2 real, 1045.0 MB
[runlim] sample:		1486.9 time, 950.2 real, 1608.3 MB
[runlim] sample:		1497.8 time, 960.2 real, 1628.7 MB
[runlim] sample:		1534.5 time, 970.2 real, 3306.1 MB
[runlim] sample:		1580.0 time, 980.2 real, 4019.1 MB
Value Cyclic-Antibandwidth: 17
Labels: [143, 126, 77, 131, 153, 94, 116, 45, 127, 159, 160, 118, 110, 173, 50, 24, 150, 43, 82, 79, 191, 142, 12, 196, 149, 40, 54, 10, 186, 4, 184, 70, 58, 76, 164, 49, 125, 89, 28, 180, 13, 34, 87, 66, 147, 2, 104, 5, 83, 74, 165, 47, 193, 157, 26, 20, 114, 133, 161, 3, 21, 148, 124, 46, 16, 163, 103, 14, 109, 44, 65, 134, 11, 169, 146, 33, 38, 37, 175, 97, 6, 81, 69, 200, 63, 122, 78, 96, 71, 152, 136, 25, 181, 166, 91, 61, 17, 39, 128, 73, 84, 145, 156, 62, 67, 167, 88, 64, 52, 158, 41, 132, 154, 174, 138, 7, 139, 98, 192, 105, 188, 36, 9, 72, 194, 53, 42, 32, 19, 80, 51, 111, 8, 106, 86, 117, 85, 48, 141, 18, 123, 168, 75, 95, 107, 93, 185, 92, 60, 100, 151, 102, 1, 55, 144, 170, 68, 119, 22, 113, 179, 199, 30, 99, 135, 59, 197, 23, 137, 183, 190, 195, 90, 130, 115, 27, 171, 15, 35, 187, 172, 108, 31, 29, 112, 162, 57, 155, 182, 189, 101, 121, 56, 129, 120, 177, 178, 140, 176, 198]
Correct solution
(w = 18) Building and Solving
[runlim] sample:		1597.4 time, 990.2 real, 852.3 MB
[runlim] sample:		1614.5 time, 1000.2 real, 1427.0 MB
[runlim] sample:		1634.5 time, 1010.2 real, 1431.0 MB
[runlim] sample:		1654.5 time, 1020.2 real, 1434.5 MB
[runlim] sample:		1674.5 time, 1030.2 real, 1437.0 MB
[runlim] sample:		1693.0 time, 1040.2 real, 1439.8 MB
[runlim] sample:		1703.0 time, 1050.2 real, 1442.8 MB
[runlim] sample:		1713.0 time, 1060.2 real, 1444.8 MB
[runlim] sample:		1723.0 time, 1070.2 real, 1073.0 MB
[runlim] sample:		1733.0 time, 1080.2 real, 1695.9 MB
[runlim] sample:		1743.9 time, 1090.2 real, 1685.1 MB
[runlim] sample:		1766.0 time, 1100.2 real, 3463.9 MB
Value Cyclic-Antibandwidth: 18
Labels: [192, 43, 186, 30, 86, 108, 161, 165, 31, 37, 15, 75, 187, 27, 59, 104, 116, 115, 176, 142, 170, 169, 47, 191, 118, 28, 44, 55, 45, 162, 153, 74, 79, 111, 122, 20, 33, 188, 57, 80, 41, 14, 171, 89, 130, 49, 64, 1, 107, 95, 22, 196, 48, 96, 172, 189, 182, 197, 85, 174, 124, 144, 135, 136, 121, 98, 65, 126, 61, 139, 81, 76, 6, 99, 91, 154, 152, 150, 185, 147, 159, 88, 195, 46, 103, 58, 179, 101, 120, 51, 19, 155, 175, 34, 146, 10, 119, 83, 117, 125, 93, 200, 138, 131, 128, 190, 177, 16, 134, 11, 12, 193, 84, 2, 72, 77, 7, 199, 63, 151, 38, 68, 112, 87, 158, 69, 92, 90, 132, 198, 23, 156, 42, 168, 94, 29, 100, 21, 137, 148, 70, 3, 123, 110, 67, 109, 9, 62, 13, 127, 50, 105, 164, 4, 183, 73, 35, 114, 36, 82, 25, 32, 184, 145, 78, 52, 149, 166, 102, 17, 140, 194, 163, 5, 129, 18, 40, 8, 141, 71, 133, 143, 180, 157, 60, 97, 24, 53, 160, 106, 54, 181, 26, 56, 66, 173, 178, 113, 167, 39]
Correct solution
(w = 19) Building and Solving
[runlim] sample:		1786.6 time, 1110.2 real, 981.7 MB
[runlim] sample:		1803.3 time, 1120.2 real, 1512.5 MB
[runlim] sample:		1823.3 time, 1130.2 real, 1513.8 MB
[runlim] sample:		1843.3 time, 1140.2 real, 1522.3 MB
[runlim] sample:		1863.3 time, 1150.2 real, 1524.3 MB
[runlim] sample:		1883.3 time, 1160.2 real, 1526.3 MB
[runlim] sample:		1895.5 time, 1170.2 real, 1526.3 MB
[runlim] sample:		1905.5 time, 1180.2 real, 1528.3 MB
[runlim] sample:		1915.5 time, 1190.2 real, 1142.2 MB
[runlim] sample:		1925.5 time, 1200.2 real, 1918.7 MB
[runlim] sample:		1935.7 time, 1210.2 real, 1760.0 MB
[runlim] sample:		1946.4 time, 1220.2 real, 1761.7 MB
[runlim] sample:		1990.5 time, 1230.2 real, 3886.3 MB
Value Cyclic-Antibandwidth: 19
Labels: [72, 25, 109, 9, 173, 107, 60, 197, 165, 171, 28, 81, 16, 140, 139, 62, 174, 160, 106, 85, 131, 50, 65, 149, 88, 66, 54, 180, 70, 99, 179, 35, 155, 150, 120, 13, 48, 154, 123, 138, 37, 23, 122, 18, 98, 33, 36, 108, 96, 176, 152, 44, 80, 1, 77, 117, 127, 110, 135, 133, 168, 43, 194, 200, 113, 67, 15, 51, 163, 145, 5, 49, 46, 137, 3, 148, 17, 22, 170, 82, 164, 178, 58, 121, 158, 83, 87, 91, 193, 142, 190, 52, 7, 34, 105, 172, 103, 6, 128, 189, 94, 63, 78, 175, 186, 141, 89, 162, 92, 187, 195, 161, 12, 166, 119, 115, 185, 59, 118, 84, 188, 4, 100, 184, 61, 144, 55, 126, 177, 183, 198, 153, 38, 95, 167, 199, 97, 146, 8, 2, 71, 111, 157, 20, 90, 30, 57, 114, 74, 101, 102, 53, 124, 39, 10, 129, 64, 86, 182, 69, 27, 11, 192, 159, 75, 31, 73, 79, 112, 24, 68, 132, 42, 26, 40, 19, 156, 116, 169, 136, 14, 29, 125, 134, 76, 47, 196, 181, 147, 104, 45, 191, 143, 32, 151, 130, 21, 56, 93, 41]
Correct solution
(w = 20) Building and Solving
[runlim] sample:		2018.9 time, 1240.2 real, 1238.8 MB
[runlim] sample:		2031.4 time, 1250.2 real, 1543.2 MB
[runlim] sample:		2051.4 time, 1260.2 real, 1547.2 MB
[runlim] sample:		2071.4 time, 1270.2 real, 1551.3 MB
[runlim] sample:		2091.4 time, 1280.2 real, 1551.3 MB
[runlim] sample:		2111.4 time, 1290.2 real, 1555.3 MB
[runlim] sample:		2130.5 time, 1300.2 real, 1559.3 MB
[runlim] sample:		2140.5 time, 1310.2 real, 1561.3 MB
[runlim] sample:		2150.5 time, 1320.2 real, 1564.3 MB
[runlim] sample:		2160.5 time, 1330.2 real, 1195.8 MB
[runlim] sample:		2170.5 time, 1340.2 real, 1839.9 MB
[runlim] sample:		2180.7 time, 1350.2 real, 1797.3 MB
[runlim] sample:		2191.4 time, 1360.2 real, 1941.2 MB
[runlim] sample:		2235.8 time, 1370.2 real, 4135.4 MB
[runlim] sample:		2288.9 time, 1380.2 real, 5482.4 MB
[runlim] sample:		2348.9 time, 1390.2 real, 4868.4 MB
[runlim] sample:		2393.9 time, 1400.2 real, 3673.6 MB
Value Cyclic-Antibandwidth: 20
Labels: [31, 57, 136, 20, 100, 122, 105, 171, 46, 69, 104, 175, 157, 3, 108, 116, 153, 18, 30, 194, 40, 14, 102, 43, 6, 42, 162, 8, 191, 90, 96, 130, 11, 4, 128, 76, 170, 169, 25, 32, 67, 112, 139, 107, 179, 99, 111, 193, 141, 161, 187, 33, 177, 60, 52, 65, 24, 54, 82, 140, 53, 148, 180, 147, 71, 178, 10, 135, 196, 155, 117, 159, 80, 134, 156, 164, 114, 74, 124, 160, 17, 120, 63, 77, 27, 15, 39, 123, 66, 149, 95, 89, 26, 103, 125, 19, 28, 143, 9, 35, 75, 188, 158, 79, 181, 167, 49, 78, 62, 185, 192, 23, 142, 118, 138, 91, 87, 98, 200, 172, 119, 81, 1, 168, 110, 84, 146, 132, 184, 199, 70, 93, 106, 7, 97, 51, 2, 5, 174, 88, 37, 145, 16, 101, 195, 133, 29, 182, 72, 198, 189, 131, 34, 68, 22, 144, 121, 13, 45, 163, 85, 109, 36, 197, 173, 165, 92, 38, 190, 56, 115, 48, 86, 186, 166, 126, 58, 94, 154, 127, 21, 61, 41, 50, 176, 137, 113, 152, 44, 83, 183, 59, 47, 73, 150, 64, 129, 151, 12, 55]
Correct solution
(w = 21) Building and Solving
[runlim] sample:		2410.2 time, 1410.2 real, 1445.2 MB
[runlim] sample:		2423.8 time, 1420.2 real, 1679.6 MB
[runlim] sample:		2443.8 time, 1430.2 real, 1689.6 MB
[runlim] sample:		2463.8 time, 1440.2 real, 1695.4 MB
[runlim] sample:		2483.8 time, 1450.2 real, 1703.4 MB
[runlim] sample:		2503.8 time, 1460.2 real, 1711.5 MB
[runlim] sample:		2523.8 time, 1470.2 real, 1717.5 MB
[runlim] sample:		2536.8 time, 1480.2 real, 1721.7 MB
[runlim] sample:		2546.8 time, 1490.2 real, 1727.9 MB
[runlim] sample:		2556.8 time, 1500.2 real, 1733.9 MB
[runlim] sample:		2566.8 time, 1510.2 real, 1402.4 MB
[runlim] sample:		2576.8 time, 1520.2 real, 2073.3 MB
[runlim] sample:		2587.0 time, 1530.2 real, 1971.6 MB
[runlim] sample:		2597.8 time, 1540.2 real, 1961.1 MB
[runlim] sample:		2638.4 time, 1550.2 real, 4110.9 MB
[runlim] sample:		2695.6 time, 1560.2 real, 5479.0 MB
[runlim] sample:		2753.6 time, 1570.2 real, 4373.6 MB
[runlim] sample:		2782.8 time, 1580.2 real, 4611.6 MB
[runlim] sample:		2812.8 time, 1590.2 real, 4719.2 MB
[runlim] sample:		2842.8 time, 1600.2 real, 4719.2 MB
[runlim] sample:		2872.8 time, 1610.2 real, 4948.3 MB
[runlim] sample:		2902.8 time, 1620.2 real, 5044.8 MB
[runlim] sample:		2932.8 time, 1630.2 real, 5047.6 MB
[runlim] sample:		2962.8 time, 1640.2 real, 5353.7 MB
[runlim] sample:		2992.8 time, 1650.2 real, 5353.9 MB
[runlim] sample:		3022.8 time, 1660.2 real, 5314.1 MB
[runlim] sample:		3052.8 time, 1670.2 real, 6095.0 MB
[runlim] sample:		3082.8 time, 1680.2 real, 5903.4 MB
[runlim] sample:		3112.8 time, 1690.2 real, 5994.8 MB
[runlim] sample:		3142.8 time, 1700.2 real, 5853.9 MB
[runlim] sample:		3172.8 time, 1710.2 real, 6425.5 MB
[runlim] sample:		3202.8 time, 1720.2 real, 6426.8 MB
[runlim] sample:		3232.8 time, 1730.2 real, 6222.0 MB
[runlim] sample:		3262.8 time, 1740.2 real, 6334.1 MB
[runlim] sample:		3292.8 time, 1750.2 real, 6335.3 MB
[runlim] sample:		3322.8 time, 1760.2 real, 6336.9 MB
[runlim] sample:		3352.8 time, 1770.2 real, 6338.3 MB
[runlim] sample:		3382.8 time, 1780.2 real, 6340.2 MB
[runlim] sample:		3412.8 time, 1790.2 real, 6341.4 MB
[runlim] end:			Wed Nov 12 01:41:18 2025
[runlim] status:		out of time
[runlim] result:		2
[runlim] children:		0
[runlim] real:			1800.15 seconds
[runlim] time:			3442.34 seconds
[runlim] space:			6625.2 MB
[runlim] samples:		17999
