[runlim] version:		1.10
[runlim] time limit:		311040000 seconds
[runlim] real time limit:	1800 seconds
[runlim] space limit:		30000 MB
[runlim] argv[0]:		python3
[runlim] argv[1]:		model_MIP_CPLEX.py
[runlim] argv[2]:		./graph/random_generated_graph_2013/p33_200_2000
[runlim] start:			Wed Nov 12 02:11:18 2025
[runlim] main pid:		30832
[runlim] log captured:
(w = 4) Building and Solving
[runlim] sample:		16.1 time, 10.2 real, 404.9 MB
Value Cyclic-Antibandwidth: 4
Labels: [46, 164, 45, 198, 61, 107, 12, 162, 188, 128, 71, 23, 63, 135, 82, 89, 11, 172, 70, 189, 115, 99, 163, 113, 54, 32, 88, 104, 181, 168, 185, 127, 41, 92, 166, 102, 170, 29, 122, 47, 79, 186, 77, 16, 27, 179, 19, 3, 192, 180, 80, 7, 85, 167, 110, 112, 87, 38, 103, 165, 56, 109, 142, 97, 66, 194, 120, 53, 145, 190, 182, 155, 144, 178, 196, 25, 22, 121, 174, 62, 171, 51, 134, 151, 10, 5, 143, 2, 31, 9, 191, 76, 74, 197, 129, 131, 59, 86, 137, 8, 98, 55, 114, 199, 148, 118, 95, 140, 117, 65, 146, 44, 75, 132, 183, 13, 123, 14, 187, 30, 49, 93, 136, 6, 57, 193, 133, 48, 141, 69, 152, 153, 60, 116, 50, 160, 94, 78, 26, 43, 68, 83, 1, 138, 52, 42, 149, 169, 111, 84, 21, 4, 20, 40, 72, 33, 157, 147, 37, 91, 39, 130, 100, 173, 154, 159, 67, 177, 158, 139, 176, 184, 108, 17, 161, 175, 90, 124, 58, 28, 125, 64, 195, 34, 106, 200, 73, 81, 35, 96, 150, 119, 36, 156, 101, 15, 105, 18, 126, 24]
Correct solution
(w = 5) Building and Solving
[runlim] sample:		27.6 time, 20.2 real, 516.4 MB
[runlim] sample:		47.0 time, 30.2 real, 567.1 MB
Value Cyclic-Antibandwidth: 5
Labels: [46, 164, 45, 198, 61, 107, 136, 89, 188, 128, 71, 23, 63, 135, 82, 104, 11, 172, 70, 99, 115, 142, 163, 113, 54, 32, 88, 125, 97, 168, 185, 127, 41, 92, 166, 102, 170, 29, 122, 47, 79, 186, 77, 16, 27, 179, 19, 3, 192, 180, 80, 7, 85, 167, 110, 112, 87, 38, 103, 165, 56, 109, 57, 18, 84, 194, 120, 53, 145, 181, 148, 155, 144, 178, 196, 149, 22, 121, 174, 62, 171, 51, 134, 151, 10, 5, 143, 2, 31, 9, 30, 76, 74, 189, 129, 131, 59, 86, 137, 140, 153, 55, 66, 199, 73, 118, 95, 12, 117, 114, 146, 190, 75, 132, 183, 13, 123, 14, 187, 25, 49, 93, 162, 6, 191, 193, 133, 48, 141, 69, 152, 182, 60, 116, 50, 160, 94, 26, 24, 43, 68, 83, 1, 138, 52, 42, 139, 169, 111, 44, 21, 4, 20, 40, 72, 33, 157, 147, 37, 91, 39, 130, 100, 173, 154, 8, 67, 177, 158, 197, 176, 184, 108, 17, 161, 175, 90, 124, 58, 28, 65, 64, 195, 34, 106, 200, 78, 81, 35, 96, 150, 119, 36, 156, 101, 15, 105, 98, 126, 159]
Correct solution
(w = 6) Building and Solving
[runlim] sample:		57.4 time, 40.2 real, 686.1 MB
[runlim] sample:		77.4 time, 50.2 real, 712.4 MB
[runlim] sample:		90.8 time, 60.2 real, 839.9 MB
Value Cyclic-Antibandwidth: 6
Labels: [46, 164, 23, 198, 61, 107, 190, 18, 188, 128, 71, 173, 63, 135, 82, 34, 44, 89, 70, 78, 115, 9, 163, 113, 136, 32, 88, 147, 73, 168, 185, 54, 41, 92, 166, 102, 104, 29, 101, 47, 79, 13, 77, 16, 162, 179, 19, 133, 192, 180, 80, 7, 85, 167, 64, 112, 87, 38, 103, 165, 56, 109, 57, 119, 100, 194, 114, 53, 145, 181, 148, 155, 144, 178, 196, 149, 22, 121, 174, 62, 171, 51, 186, 151, 10, 5, 156, 2, 31, 27, 191, 76, 74, 131, 129, 55, 59, 86, 137, 45, 153, 50, 66, 199, 170, 96, 95, 122, 117, 65, 146, 134, 75, 132, 183, 143, 123, 14, 187, 127, 49, 99, 139, 6, 120, 25, 30, 48, 141, 69, 152, 182, 60, 116, 193, 160, 94, 26, 24, 43, 68, 83, 1, 138, 52, 42, 20, 169, 111, 84, 21, 4, 125, 40, 72, 33, 157, 8, 37, 91, 39, 130, 11, 98, 154, 159, 67, 177, 158, 197, 176, 184, 108, 17, 161, 175, 90, 124, 58, 28, 12, 140, 195, 97, 106, 200, 93, 81, 35, 142, 150, 118, 36, 3, 110, 15, 105, 172, 126, 189]
Correct solution
(w = 7) Building and Solving
[runlim] sample:		105.4 time, 70.2 real, 889.5 MB
[runlim] sample:		125.4 time, 80.2 real, 896.3 MB
[runlim] sample:		139.8 time, 90.2 real, 1000.4 MB
Value Cyclic-Antibandwidth: 7
Labels: [46, 164, 23, 198, 61, 97, 190, 110, 188, 128, 71, 160, 63, 173, 82, 34, 44, 89, 70, 50, 115, 9, 80, 113, 147, 135, 88, 120, 64, 168, 185, 54, 41, 92, 166, 102, 104, 29, 101, 47, 79, 13, 77, 16, 139, 179, 19, 133, 192, 180, 66, 7, 85, 124, 52, 112, 87, 38, 103, 122, 56, 109, 73, 22, 18, 194, 30, 53, 145, 165, 11, 105, 144, 178, 196, 149, 78, 121, 174, 62, 171, 51, 186, 151, 10, 5, 156, 2, 31, 140, 191, 76, 74, 131, 129, 75, 59, 86, 137, 45, 153, 55, 114, 199, 170, 96, 95, 57, 117, 65, 146, 134, 162, 132, 107, 143, 123, 14, 187, 127, 49, 99, 183, 6, 84, 25, 181, 48, 141, 69, 152, 182, 60, 116, 193, 155, 172, 26, 24, 43, 68, 83, 1, 138, 118, 42, 20, 169, 111, 3, 21, 4, 32, 40, 72, 33, 157, 8, 37, 91, 39, 130, 148, 98, 154, 159, 67, 177, 158, 197, 176, 184, 108, 17, 161, 175, 90, 100, 58, 28, 12, 125, 195, 167, 106, 200, 93, 81, 35, 142, 150, 119, 36, 94, 163, 15, 27, 136, 126, 189]
Correct solution
(w = 8) Building and Solving
[runlim] sample:		152.5 time, 100.2 real, 1025.3 MB
[runlim] sample:		172.5 time, 110.2 real, 1031.3 MB
[runlim] sample:		191.0 time, 120.2 real, 1039.3 MB
[runlim] sample:		201.0 time, 130.2 real, 1195.9 MB
Value Cyclic-Antibandwidth: 8
Labels: [46, 164, 23, 198, 61, 62, 160, 110, 188, 128, 71, 100, 63, 139, 82, 34, 45, 89, 70, 131, 115, 9, 163, 113, 125, 135, 88, 120, 173, 168, 185, 54, 41, 92, 166, 102, 32, 29, 101, 47, 14, 126, 77, 16, 80, 179, 19, 133, 192, 180, 66, 7, 85, 12, 52, 112, 87, 38, 103, 122, 56, 109, 161, 190, 78, 194, 22, 53, 145, 165, 11, 105, 30, 178, 196, 149, 155, 121, 174, 124, 171, 51, 186, 151, 10, 5, 156, 2, 31, 140, 191, 76, 74, 50, 129, 75, 59, 86, 137, 64, 153, 55, 114, 199, 170, 96, 95, 167, 117, 68, 146, 134, 162, 132, 107, 143, 123, 184, 187, 127, 49, 97, 183, 6, 24, 25, 181, 48, 141, 69, 152, 182, 60, 116, 193, 148, 159, 26, 99, 43, 172, 83, 1, 138, 118, 42, 157, 169, 111, 79, 21, 4, 18, 40, 72, 33, 104, 8, 37, 91, 39, 130, 136, 98, 154, 65, 67, 177, 158, 197, 176, 44, 108, 17, 3, 175, 90, 57, 58, 28, 13, 144, 195, 84, 106, 200, 93, 81, 35, 142, 150, 119, 36, 94, 73, 15, 27, 147, 189, 20]
Correct solution
(w = 9) Building and Solving
[runlim] sample:		214.8 time, 140.2 real, 1201.2 MB
[runlim] sample:		234.8 time, 150.2 real, 1205.2 MB
[runlim] sample:		254.8 time, 160.2 real, 1211.2 MB
[runlim] sample:		265.2 time, 170.2 real, 1211.2 MB
Value Cyclic-Antibandwidth: 9
Labels: [46, 97, 23, 198, 61, 22, 160, 106, 188, 128, 71, 90, 63, 24, 82, 34, 7, 60, 70, 131, 115, 9, 163, 113, 64, 135, 88, 189, 190, 168, 185, 54, 41, 92, 166, 102, 104, 29, 139, 47, 83, 13, 77, 16, 121, 179, 19, 133, 192, 180, 110, 80, 85, 149, 52, 112, 87, 38, 103, 122, 56, 109, 142, 89, 66, 194, 25, 53, 145, 165, 3, 105, 30, 178, 196, 75, 155, 59, 174, 98, 171, 51, 186, 151, 10, 5, 156, 2, 31, 140, 124, 76, 74, 173, 129, 55, 50, 86, 137, 93, 153, 116, 114, 199, 170, 96, 95, 147, 117, 65, 183, 134, 162, 132, 107, 143, 123, 184, 187, 127, 49, 161, 172, 6, 191, 193, 181, 48, 141, 69, 152, 182, 62, 32, 11, 148, 14, 78, 164, 43, 68, 167, 1, 138, 118, 42, 157, 169, 111, 79, 21, 4, 26, 40, 72, 33, 84, 8, 37, 91, 39, 130, 45, 18, 154, 99, 67, 177, 158, 197, 176, 44, 108, 17, 73, 175, 125, 100, 58, 28, 94, 146, 195, 120, 12, 200, 57, 81, 35, 20, 150, 119, 36, 136, 144, 15, 27, 101, 126, 159]
Correct solution
(w = 10) Building and Solving
[runlim] sample:		275.2 time, 180.2 real, 1370.8 MB
[runlim] sample:		292.6 time, 190.2 real, 1355.7 MB
[runlim] sample:		312.6 time, 200.2 real, 1380.2 MB
[runlim] sample:		331.8 time, 210.2 real, 1402.0 MB
[runlim] sample:		341.8 time, 220.2 real, 1412.0 MB
[runlim] sample:		351.8 time, 230.2 real, 1568.7 MB
[runlim] sample:		366.1 time, 240.2 real, 2447.7 MB
Value Cyclic-Antibandwidth: 10
Labels: [198, 179, 79, 23, 89, 88, 175, 173, 141, 176, 124, 75, 196, 8, 43, 1, 2, 131, 24, 136, 6, 20, 13, 35, 99, 21, 50, 37, 33, 12, 18, 42, 30, 46, 28, 32, 53, 19, 5, 14, 51, 10, 193, 56, 22, 52, 16, 65, 38, 55, 34, 36, 132, 68, 54, 39, 44, 40, 9, 45, 57, 93, 67, 27, 48, 74, 31, 70, 29, 49, 15, 58, 59, 25, 41, 11, 77, 60, 73, 80, 61, 17, 62, 92, 94, 78, 63, 95, 64, 66, 69, 97, 71, 120, 119, 102, 96, 3, 122, 81, 76, 84, 100, 47, 82, 125, 83, 85, 72, 137, 103, 86, 91, 107, 110, 87, 111, 164, 106, 139, 128, 104, 112, 118, 140, 129, 158, 115, 105, 109, 98, 121, 130, 114, 7, 169, 101, 142, 143, 159, 4, 123, 113, 90, 146, 133, 147, 148, 149, 134, 150, 167, 108, 165, 116, 157, 151, 152, 138, 166, 155, 156, 160, 168, 117, 170, 127, 177, 182, 135, 126, 153, 189, 174, 181, 163, 180, 184, 171, 185, 186, 188, 144, 178, 199, 187, 162, 154, 200, 195, 172, 190, 191, 192, 26, 194, 161, 183, 197, 145]
Correct solution
(w = 11) Building and Solving
[runlim] sample:		380.7 time, 250.2 real, 1015.2 MB
[runlim] sample:		400.7 time, 260.2 real, 1032.7 MB
[runlim] sample:		420.7 time, 270.2 real, 1052.5 MB
[runlim] sample:		436.4 time, 280.2 real, 1070.6 MB
[runlim] sample:		446.4 time, 290.2 real, 1078.6 MB
[runlim] sample:		456.4 time, 300.2 real, 1230.7 MB
[runlim] sample:		467.1 time, 310.2 real, 1274.6 MB
Value Cyclic-Antibandwidth: 11
Labels: [177, 58, 47, 46, 59, 8, 3, 157, 4, 127, 137, 63, 186, 50, 159, 19, 18, 34, 168, 198, 93, 13, 10, 21, 22, 1, 53, 65, 67, 9, 30, 14, 29, 54, 82, 36, 111, 38, 42, 32, 39, 24, 62, 66, 11, 40, 70, 155, 45, 31, 150, 15, 33, 41, 16, 55, 28, 44, 48, 35, 119, 6, 71, 56, 2, 51, 74, 84, 27, 73, 25, 60, 57, 114, 26, 112, 126, 61, 52, 80, 173, 113, 7, 83, 97, 85, 72, 90, 64, 156, 89, 75, 110, 105, 87, 94, 81, 116, 117, 96, 106, 143, 132, 142, 43, 92, 76, 151, 134, 77, 115, 20, 91, 133, 95, 100, 135, 103, 140, 144, 120, 123, 121, 101, 141, 86, 146, 102, 122, 107, 131, 104, 136, 37, 124, 152, 147, 145, 154, 125, 49, 78, 69, 79, 160, 68, 161, 165, 163, 162, 88, 98, 130, 108, 153, 118, 164, 109, 5, 166, 99, 167, 170, 171, 128, 172, 23, 181, 180, 138, 129, 139, 188, 148, 179, 158, 178, 183, 199, 184, 185, 187, 174, 176, 200, 17, 149, 169, 195, 191, 175, 189, 190, 192, 193, 194, 196, 182, 197, 12]
Correct solution
(w = 12) Building and Solving
[runlim] sample:		487.3 time, 320.2 real, 1335.6 MB
[runlim] sample:		504.0 time, 330.2 real, 1263.1 MB
[runlim] sample:		524.0 time, 340.2 real, 1279.2 MB
[runlim] sample:		544.0 time, 350.2 real, 1295.0 MB
[runlim] sample:		558.4 time, 360.2 real, 1309.0 MB
[runlim] sample:		568.4 time, 370.2 real, 1315.2 MB
[runlim] sample:		578.4 time, 380.2 real, 1095.7 MB
[runlim] sample:		588.4 time, 390.2 real, 1497.4 MB
[runlim] sample:		603.5 time, 400.2 real, 2651.8 MB
Value Cyclic-Antibandwidth: 12
Labels: [5, 11, 132, 10, 177, 173, 152, 39, 126, 162, 146, 92, 125, 50, 34, 2, 3, 29, 199, 57, 51, 22, 25, 28, 45, 26, 42, 142, 64, 32, 33, 12, 4, 81, 14, 114, 16, 43, 21, 139, 85, 17, 9, 35, 6, 67, 24, 198, 44, 94, 23, 61, 157, 46, 27, 47, 90, 48, 36, 49, 68, 37, 69, 56, 55, 193, 13, 82, 7, 71, 58, 66, 62, 15, 38, 20, 60, 59, 73, 18, 95, 112, 77, 30, 31, 78, 79, 107, 70, 80, 89, 102, 83, 113, 101, 91, 41, 84, 130, 97, 8, 54, 115, 104, 106, 74, 137, 72, 128, 93, 40, 105, 75, 121, 111, 116, 100, 88, 87, 99, 52, 103, 110, 117, 122, 148, 133, 63, 118, 176, 147, 127, 141, 119, 140, 135, 144, 155, 134, 123, 150, 108, 158, 160, 156, 96, 174, 159, 138, 124, 136, 65, 163, 181, 145, 161, 183, 182, 149, 168, 164, 169, 167, 178, 151, 179, 53, 165, 153, 109, 98, 170, 180, 129, 175, 172, 120, 196, 186, 1, 200, 187, 19, 131, 195, 185, 86, 166, 190, 191, 154, 188, 189, 192, 76, 194, 171, 184, 197, 143]
Correct solution
(w = 13) Building and Solving
[runlim] sample:		617.6 time, 410.2 real, 1217.6 MB
[runlim] sample:		637.6 time, 420.2 real, 1234.7 MB
[runlim] sample:		657.6 time, 430.2 real, 1251.2 MB
[runlim] sample:		677.6 time, 440.2 real, 1267.0 MB
[runlim] sample:		688.4 time, 450.2 real, 1275.5 MB
[runlim] sample:		698.4 time, 460.2 real, 1281.7 MB
[runlim] sample:		708.4 time, 470.2 real, 1059.2 MB
[runlim] sample:		718.4 time, 480.2 real, 1152.2 MB
[runlim] sample:		733.1 time, 490.2 real, 2567.1 MB
Value Cyclic-Antibandwidth: 13
Labels: [109, 3, 32, 113, 6, 36, 16, 176, 150, 2, 126, 25, 41, 38, 29, 48, 22, 7, 63, 98, 75, 104, 87, 139, 15, 114, 21, 17, 18, 34, 55, 20, 102, 53, 144, 45, 9, 197, 147, 8, 78, 164, 58, 132, 1, 59, 74, 47, 46, 198, 70, 68, 35, 86, 92, 11, 134, 73, 72, 69, 106, 33, 54, 77, 40, 37, 179, 49, 105, 50, 120, 89, 42, 107, 23, 96, 51, 84, 110, 81, 85, 90, 80, 14, 93, 39, 60, 24, 26, 133, 149, 122, 57, 146, 108, 94, 61, 152, 117, 10, 13, 174, 130, 145, 168, 118, 71, 82, 186, 4, 19, 128, 131, 111, 137, 65, 27, 66, 97, 12, 154, 119, 153, 142, 83, 140, 156, 101, 157, 99, 123, 125, 141, 143, 138, 28, 121, 158, 129, 135, 31, 116, 62, 166, 76, 43, 167, 30, 88, 56, 79, 165, 155, 171, 52, 112, 67, 169, 91, 170, 100, 103, 95, 178, 124, 184, 136, 173, 64, 148, 115, 160, 185, 180, 175, 177, 196, 199, 172, 200, 5, 44, 159, 181, 189, 195, 151, 163, 190, 191, 161, 187, 188, 192, 193, 194, 182, 183, 162, 127]
Correct solution
(w = 14) Building and Solving
[runlim] sample:		748.0 time, 500.2 real, 1223.7 MB
[runlim] sample:		768.0 time, 510.2 real, 1233.8 MB
[runlim] sample:		788.0 time, 520.2 real, 1247.8 MB
[runlim] sample:		808.0 time, 530.2 real, 1261.3 MB
[runlim] sample:		822.1 time, 540.2 real, 1271.3 MB
[runlim] sample:		832.1 time, 550.2 real, 1277.6 MB
[runlim] sample:		842.1 time, 560.2 real, 1281.6 MB
[runlim] sample:		852.1 time, 570.2 real, 1104.2 MB
[runlim] sample:		862.3 time, 580.2 real, 1451.1 MB
[runlim] sample:		878.1 time, 590.2 real, 3116.9 MB
Value Cyclic-Antibandwidth: 14
Labels: [190, 69, 116, 45, 57, 96, 88, 30, 175, 51, 80, 109, 2, 158, 61, 138, 99, 189, 110, 3, 86, 192, 25, 177, 49, 11, 132, 171, 78, 111, 149, 173, 143, 126, 188, 123, 168, 42, 181, 124, 139, 153, 150, 164, 107, 146, 84, 199, 21, 63, 108, 15, 160, 156, 100, 90, 47, 19, 102, 186, 14, 155, 182, 135, 101, 169, 27, 127, 180, 13, 53, 148, 54, 29, 55, 33, 196, 195, 62, 82, 125, 92, 10, 58, 41, 119, 183, 40, 4, 179, 197, 44, 17, 32, 26, 22, 93, 24, 68, 74, 66, 184, 60, 89, 83, 185, 31, 20, 118, 176, 167, 144, 7, 194, 85, 200, 161, 65, 18, 39, 191, 23, 159, 70, 76, 59, 174, 75, 154, 131, 43, 128, 91, 98, 34, 120, 67, 9, 152, 151, 87, 48, 5, 187, 72, 170, 129, 36, 121, 137, 106, 163, 140, 79, 165, 1, 113, 95, 16, 130, 105, 71, 64, 97, 37, 104, 38, 77, 28, 35, 50, 117, 115, 112, 52, 6, 141, 166, 198, 136, 133, 56, 142, 147, 94, 73, 172, 193, 12, 157, 46, 162, 81, 114, 134, 103, 145, 178, 8, 122]
Correct solution
(w = 15) Building and Solving
[runlim] sample:		891.3 time, 600.2 real, 1379.2 MB
[runlim] sample:		911.3 time, 610.2 real, 1383.8 MB
[runlim] sample:		931.3 time, 620.2 real, 1385.8 MB
[runlim] sample:		951.3 time, 630.2 real, 1390.0 MB
[runlim] sample:		969.9 time, 640.2 real, 1392.0 MB
[runlim] sample:		979.9 time, 650.2 real, 1392.6 MB
[runlim] sample:		989.9 time, 660.2 real, 1392.6 MB
[runlim] sample:		999.9 time, 670.2 real, 1052.2 MB
[runlim] sample:		1009.9 time, 680.2 real, 1613.5 MB
[runlim] sample:		1020.7 time, 690.2 real, 1551.9 MB
Value Cyclic-Antibandwidth: 15
Labels: [65, 21, 152, 55, 171, 161, 125, 172, 141, 124, 96, 187, 87, 11, 120, 2, 8, 22, 196, 105, 155, 30, 38, 146, 42, 52, 189, 175, 156, 54, 41, 145, 19, 183, 63, 51, 50, 132, 13, 66, 33, 59, 40, 92, 1, 138, 198, 14, 15, 32, 100, 147, 131, 127, 84, 199, 28, 102, 81, 20, 57, 62, 165, 158, 169, 16, 7, 29, 12, 45, 90, 197, 130, 77, 75, 78, 49, 24, 43, 10, 64, 56, 170, 31, 83, 128, 133, 73, 139, 137, 110, 35, 47, 72, 94, 98, 61, 106, 68, 109, 121, 116, 93, 95, 36, 80, 160, 113, 74, 26, 79, 23, 97, 99, 103, 178, 107, 163, 88, 150, 108, 89, 46, 60, 70, 135, 151, 67, 123, 86, 129, 101, 143, 112, 85, 173, 17, 144, 9, 71, 115, 58, 53, 48, 37, 25, 117, 6, 69, 148, 5, 44, 18, 166, 91, 149, 159, 76, 142, 118, 188, 153, 39, 179, 122, 180, 164, 114, 177, 174, 82, 136, 182, 111, 167, 193, 181, 195, 104, 4, 184, 134, 34, 119, 3, 154, 168, 126, 190, 191, 176, 185, 186, 192, 162, 194, 200, 157, 27, 140]
Correct solution
(w = 16) Building and Solving
[runlim] sample:		1041.7 time, 700.2 real, 977.8 MB
[runlim] sample:		1054.5 time, 710.2 real, 1435.5 MB
[runlim] sample:		1074.5 time, 720.2 real, 1437.5 MB
[runlim] sample:		1094.5 time, 730.2 real, 1438.0 MB
[runlim] sample:		1114.5 time, 740.2 real, 1440.0 MB
[runlim] sample:		1132.2 time, 750.2 real, 1442.0 MB
[runlim] sample:		1142.2 time, 760.2 real, 1442.0 MB
[runlim] sample:		1152.2 time, 770.2 real, 1444.0 MB
[runlim] sample:		1162.2 time, 780.2 real, 1217.8 MB
[runlim] sample:		1172.2 time, 790.2 real, 1646.2 MB
[runlim] sample:		1183.0 time, 800.2 real, 1631.2 MB
[runlim] sample:		1209.7 time, 810.2 real, 2427.9 MB
Value Cyclic-Antibandwidth: 16
Labels: [143, 145, 159, 78, 61, 46, 42, 185, 161, 134, 62, 155, 188, 194, 131, 98, 100, 140, 107, 17, 94, 164, 171, 97, 52, 169, 47, 128, 3, 180, 34, 151, 16, 191, 69, 125, 76, 81, 162, 67, 176, 54, 124, 51, 157, 45, 192, 133, 168, 123, 184, 172, 68, 83, 200, 88, 132, 89, 93, 99, 56, 80, 129, 182, 49, 193, 73, 174, 139, 138, 55, 75, 183, 27, 22, 85, 189, 114, 153, 186, 146, 58, 190, 86, 170, 90, 181, 142, 103, 29, 179, 10, 77, 2, 148, 137, 1, 102, 25, 198, 30, 23, 64, 5, 149, 21, 150, 39, 108, 175, 92, 112, 31, 28, 60, 70, 127, 121, 32, 199, 33, 195, 18, 91, 197, 165, 167, 65, 13, 59, 79, 19, 26, 36, 63, 118, 187, 196, 84, 163, 178, 66, 87, 71, 35, 126, 48, 154, 72, 14, 156, 122, 9, 106, 15, 173, 53, 96, 158, 43, 110, 160, 20, 120, 50, 144, 37, 12, 166, 117, 4, 7, 105, 119, 136, 95, 101, 82, 177, 6, 113, 74, 152, 24, 135, 130, 147, 141, 116, 115, 8, 111, 40, 38, 41, 57, 109, 11, 104, 44]
Correct solution
(w = 17) Building and Solving
[runlim] sample:		1220.5 time, 820.2 real, 1385.7 MB
[runlim] sample:		1240.5 time, 830.2 real, 1466.2 MB
[runlim] sample:		1260.5 time, 840.2 real, 1470.2 MB
[runlim] sample:		1280.5 time, 850.2 real, 1470.2 MB
[runlim] sample:		1300.5 time, 860.2 real, 1472.2 MB
[runlim] sample:		1312.8 time, 870.2 real, 1474.4 MB
[runlim] sample:		1322.8 time, 880.2 real, 1475.2 MB
[runlim] sample:		1332.8 time, 890.2 real, 1478.0 MB
[runlim] sample:		1342.8 time, 900.2 real, 1162.6 MB
[runlim] sample:		1352.8 time, 910.2 real, 1338.2 MB
[runlim] sample:		1363.7 time, 920.2 real, 1686.5 MB
Value Cyclic-Antibandwidth: 17
Labels: [107, 86, 41, 62, 61, 166, 110, 55, 67, 121, 185, 132, 154, 23, 148, 49, 100, 102, 137, 48, 179, 108, 65, 50, 2, 114, 96, 39, 175, 88, 98, 47, 170, 155, 66, 8, 83, 37, 34, 103, 71, 105, 58, 190, 85, 199, 77, 117, 76, 106, 143, 57, 150, 32, 101, 177, 183, 25, 135, 93, 18, 15, 187, 54, 181, 123, 28, 195, 46, 68, 172, 59, 10, 159, 20, 95, 81, 168, 4, 141, 75, 91, 153, 84, 1, 5, 130, 60, 17, 33, 192, 128, 189, 51, 73, 29, 72, 36, 97, 164, 43, 173, 139, 87, 79, 146, 70, 193, 191, 53, 22, 90, 80, 26, 131, 156, 82, 194, 122, 178, 165, 78, 127, 180, 14, 45, 188, 186, 6, 89, 174, 169, 133, 24, 120, 147, 163, 140, 125, 11, 3, 158, 126, 196, 171, 31, 42, 113, 145, 63, 152, 13, 27, 167, 144, 64, 115, 136, 16, 69, 94, 44, 7, 118, 182, 197, 161, 157, 124, 138, 151, 134, 184, 92, 200, 19, 112, 142, 12, 162, 149, 9, 35, 30, 99, 74, 21, 116, 109, 111, 56, 129, 160, 119, 40, 198, 38, 176, 52, 104]
Correct solution
(w = 18) Building and Solving
[runlim] sample:		1389.0 time, 930.2 real, 1203.2 MB
[runlim] sample:		1403.9 time, 940.2 real, 1499.7 MB
[runlim] sample:		1423.9 time, 950.2 real, 1503.9 MB
[runlim] sample:		1443.9 time, 960.2 real, 1508.0 MB
[runlim] sample:		1463.9 time, 970.2 real, 1510.8 MB
[runlim] sample:		1481.9 time, 980.2 real, 1512.1 MB
[runlim] sample:		1491.9 time, 990.2 real, 1514.6 MB
[runlim] sample:		1501.9 time, 1000.2 real, 1516.6 MB
[runlim] sample:		1511.9 time, 1010.2 real, 1124.4 MB
[runlim] sample:		1521.9 time, 1020.2 real, 1849.4 MB
[runlim] sample:		1532.1 time, 1030.2 real, 1709.4 MB
[runlim] sample:		1543.8 time, 1040.2 real, 2163.3 MB
[runlim] sample:		1592.4 time, 1050.2 real, 3831.1 MB
[runlim] sample:		1633.7 time, 1060.2 real, 3917.1 MB
Value Cyclic-Antibandwidth: 18
Labels: [54, 12, 142, 57, 55, 191, 49, 150, 46, 188, 22, 158, 1, 15, 16, 24, 3, 180, 109, 20, 143, 187, 124, 45, 4, 10, 19, 117, 169, 174, 86, 36, 101, 118, 67, 79, 43, 97, 198, 72, 52, 64, 108, 147, 41, 100, 114, 106, 11, 44, 89, 50, 104, 63, 26, 148, 160, 153, 5, 95, 38, 35, 197, 151, 30, 173, 137, 23, 48, 28, 146, 51, 40, 135, 163, 134, 21, 141, 31, 7, 73, 25, 199, 138, 175, 80, 119, 56, 32, 102, 136, 69, 37, 129, 58, 113, 99, 29, 66, 165, 159, 155, 115, 8, 164, 189, 60, 139, 140, 121, 157, 59, 17, 105, 2, 84, 168, 103, 122, 42, 6, 127, 98, 186, 65, 18, 184, 53, 91, 178, 92, 161, 156, 152, 13, 145, 132, 34, 83, 93, 94, 200, 196, 194, 82, 111, 87, 68, 62, 74, 9, 167, 126, 162, 183, 47, 81, 170, 128, 33, 171, 61, 78, 110, 133, 166, 77, 154, 85, 131, 112, 116, 182, 130, 176, 181, 90, 107, 14, 71, 179, 149, 70, 96, 172, 177, 144, 76, 190, 185, 120, 193, 123, 192, 88, 195, 27, 75, 39, 125]
Correct solution
(w = 19) Building and Solving
[runlim] sample:		1645.2 time, 1070.2 real, 1017.0 MB
[runlim] sample:		1663.7 time, 1080.2 real, 1495.4 MB
[runlim] sample:		1683.7 time, 1090.2 real, 1500.2 MB
[runlim] sample:		1703.7 time, 1100.2 real, 1502.5 MB
[runlim] sample:		1723.7 time, 1110.2 real, 1506.5 MB
[runlim] sample:		1740.5 time, 1120.2 real, 1508.5 MB
[runlim] sample:		1750.5 time, 1130.2 real, 1510.5 MB
[runlim] sample:		1760.5 time, 1140.2 real, 1512.5 MB
[runlim] sample:		1770.5 time, 1150.2 real, 1128.4 MB
[runlim] sample:		1780.5 time, 1160.2 real, 1766.5 MB
[runlim] sample:		1790.7 time, 1170.2 real, 1797.1 MB
[runlim] sample:		1801.5 time, 1180.2 real, 1631.3 MB
[runlim] sample:		1849.0 time, 1190.2 real, 4045.8 MB
[runlim] sample:		1899.7 time, 1200.2 real, 5208.2 MB
[runlim] sample:		1929.8 time, 1210.2 real, 4293.2 MB
[runlim] sample:		1959.8 time, 1220.2 real, 4293.2 MB
[runlim] sample:		1989.8 time, 1230.2 real, 4501.2 MB
[runlim] sample:		2019.8 time, 1240.2 real, 5125.5 MB
[runlim] sample:		2049.8 time, 1250.2 real, 5136.6 MB
[runlim] sample:		2079.8 time, 1260.2 real, 5380.9 MB
[runlim] sample:		2109.8 time, 1270.2 real, 5512.5 MB
[runlim] sample:		2139.8 time, 1280.2 real, 5955.1 MB
[runlim] sample:		2169.8 time, 1290.2 real, 5958.2 MB
[runlim] sample:		2199.8 time, 1300.2 real, 5859.7 MB
[runlim] sample:		2229.8 time, 1310.2 real, 5862.2 MB
[runlim] sample:		2259.8 time, 1320.2 real, 5869.3 MB
[runlim] sample:		2289.8 time, 1330.2 real, 5869.3 MB
[runlim] sample:		2319.8 time, 1340.2 real, 5875.8 MB
[runlim] sample:		2349.8 time, 1350.2 real, 5932.2 MB
[runlim] sample:		2379.8 time, 1360.2 real, 5933.5 MB
[runlim] sample:		2409.8 time, 1370.2 real, 5567.8 MB
[runlim] sample:		2439.8 time, 1380.2 real, 5569.0 MB
[runlim] sample:		2469.8 time, 1390.2 real, 5570.1 MB
[runlim] sample:		2499.8 time, 1400.2 real, 5573.2 MB
[runlim] sample:		2529.8 time, 1410.2 real, 5066.4 MB
[runlim] sample:		2559.8 time, 1420.2 real, 5067.5 MB
[runlim] sample:		2589.8 time, 1430.2 real, 4758.3 MB
[runlim] sample:		2619.8 time, 1440.2 real, 4766.9 MB
[runlim] sample:		2649.8 time, 1450.2 real, 4767.9 MB
[runlim] sample:		2679.8 time, 1460.2 real, 4769.4 MB
[runlim] sample:		2709.8 time, 1470.2 real, 4771.6 MB
[runlim] sample:		2739.8 time, 1480.2 real, 4775.8 MB
[runlim] sample:		2769.8 time, 1490.2 real, 4777.1 MB
[runlim] sample:		2799.8 time, 1500.2 real, 4777.8 MB
[runlim] sample:		2829.8 time, 1510.2 real, 4777.8 MB
[runlim] sample:		2859.8 time, 1520.2 real, 4779.1 MB
[runlim] sample:		2889.8 time, 1530.2 real, 4779.9 MB
[runlim] sample:		2919.8 time, 1540.2 real, 4780.9 MB
[runlim] sample:		2949.8 time, 1550.2 real, 4781.7 MB
[runlim] sample:		2979.8 time, 1560.2 real, 4782.2 MB
[runlim] sample:		3009.8 time, 1570.2 real, 4783.2 MB
[runlim] sample:		3039.8 time, 1580.2 real, 4784.8 MB
[runlim] sample:		3069.8 time, 1590.2 real, 4785.5 MB
[runlim] sample:		3099.8 time, 1600.2 real, 4786.3 MB
[runlim] sample:		3129.8 time, 1610.2 real, 4786.3 MB
[runlim] sample:		3159.8 time, 1620.2 real, 4787.1 MB
[runlim] sample:		3189.8 time, 1630.2 real, 4790.0 MB
[runlim] sample:		3219.8 time, 1640.2 real, 4790.7 MB
[runlim] sample:		3249.8 time, 1650.2 real, 4792.8 MB
[runlim] sample:		3279.8 time, 1660.2 real, 4793.6 MB
[runlim] sample:		3309.8 time, 1670.2 real, 4794.4 MB
[runlim] sample:		3339.8 time, 1680.2 real, 4795.1 MB
[runlim] sample:		3362.2 time, 1690.2 real, 4796.7 MB
[runlim] sample:		3382.2 time, 1700.2 real, 4797.8 MB
[runlim] sample:		3402.2 time, 1710.2 real, 4799.1 MB
[runlim] sample:		3422.2 time, 1720.2 real, 4799.7 MB
[runlim] sample:		3442.2 time, 1730.2 real, 4800.4 MB
[runlim] sample:		3462.2 time, 1740.2 real, 4800.9 MB
[runlim] sample:		3482.2 time, 1750.2 real, 4801.2 MB
[runlim] sample:		3502.2 time, 1760.2 real, 4802.0 MB
[runlim] sample:		3522.2 time, 1770.2 real, 4802.5 MB
[runlim] sample:		3542.2 time, 1780.2 real, 4803.0 MB
[runlim] sample:		3562.2 time, 1790.2 real, 4803.8 MB
[runlim] end:			Wed Nov 12 02:41:18 2025
[runlim] status:		out of time
[runlim] result:		2
[runlim] children:		0
[runlim] real:			1800.15 seconds
[runlim] time:			3581.88 seconds
[runlim] space:			6178.4 MB
[runlim] samples:		17999
