[runlim] version:		1.10
[runlim] time limit:		311040000 seconds
[runlim] real time limit:	1800 seconds
[runlim] space limit:		30000 MB
[runlim] argv[0]:		python3
[runlim] argv[1]:		model_MIP_CPLEX.py
[runlim] argv[2]:		./graph/random_generated_graph_2013/p34_200_2000
[runlim] start:			Wed Nov 12 02:41:18 2025
[runlim] main pid:		31571
[runlim] log captured:
(w = 4) Building and Solving
[runlim] sample:		16.1 time, 10.2 real, 407.7 MB
Value Cyclic-Antibandwidth: 4
Labels: [46, 164, 23, 198, 61, 71, 56, 83, 188, 128, 68, 18, 63, 92, 82, 11, 160, 170, 44, 31, 15, 53, 131, 13, 54, 166, 117, 29, 45, 193, 85, 27, 192, 103, 174, 155, 70, 125, 50, 101, 113, 168, 116, 196, 182, 77, 139, 112, 121, 80, 107, 185, 2, 8, 10, 12, 126, 7, 3, 156, 195, 9, 75, 99, 135, 102, 153, 41, 173, 66, 140, 5, 34, 78, 96, 142, 55, 190, 162, 24, 114, 122, 25, 51, 105, 47, 143, 26, 19, 33, 65, 76, 74, 152, 129, 97, 59, 197, 137, 167, 149, 136, 32, 199, 89, 118, 95, 180, 148, 172, 146, 134, 144, 132, 22, 163, 123, 14, 187, 127, 49, 16, 183, 6, 191, 73, 133, 48, 62, 69, 181, 86, 60, 141, 38, 184, 120, 194, 179, 43, 178, 110, 1, 138, 30, 42, 157, 169, 111, 79, 21, 4, 84, 40, 72, 57, 104, 147, 189, 91, 39, 130, 100, 177, 154, 159, 67, 87, 158, 165, 176, 93, 108, 17, 37, 175, 88, 124, 58, 28, 52, 64, 186, 171, 106, 200, 151, 81, 35, 20, 150, 119, 36, 94, 161, 145, 109, 98, 115, 90]
Correct solution
(w = 5) Building and Solving
[runlim] sample:		27.2 time, 20.2 real, 525.3 MB
[runlim] sample:		46.4 time, 30.2 real, 575.0 MB
Value Cyclic-Antibandwidth: 5
Labels: [46, 164, 23, 198, 61, 71, 56, 83, 188, 179, 68, 197, 63, 92, 82, 97, 160, 170, 44, 139, 15, 53, 131, 13, 50, 166, 117, 2, 45, 193, 85, 27, 192, 103, 174, 155, 70, 125, 22, 101, 113, 168, 116, 196, 29, 149, 34, 112, 121, 80, 107, 185, 171, 8, 10, 12, 126, 7, 3, 156, 195, 9, 75, 99, 135, 102, 153, 41, 173, 66, 140, 5, 11, 78, 96, 142, 54, 190, 162, 24, 114, 122, 186, 51, 105, 47, 143, 26, 31, 33, 65, 76, 74, 152, 129, 19, 59, 25, 137, 167, 145, 55, 18, 199, 89, 118, 95, 182, 148, 172, 146, 134, 144, 132, 183, 163, 123, 14, 187, 127, 49, 16, 165, 6, 191, 73, 30, 48, 62, 69, 181, 86, 60, 141, 38, 77, 120, 194, 87, 43, 178, 110, 1, 138, 52, 42, 157, 169, 111, 79, 21, 4, 98, 40, 72, 57, 104, 147, 128, 91, 39, 130, 100, 177, 154, 159, 67, 180, 158, 133, 176, 93, 108, 17, 37, 175, 90, 124, 58, 28, 84, 64, 136, 184, 106, 200, 151, 81, 35, 20, 150, 119, 36, 94, 161, 32, 109, 88, 115, 189]
Correct solution
(w = 6) Building and Solving
[runlim] sample:		56.7 time, 40.2 real, 660.2 MB
[runlim] sample:		76.7 time, 50.2 real, 706.0 MB
[runlim] sample:		89.7 time, 60.2 real, 835.8 MB
Value Cyclic-Antibandwidth: 6
Labels: [46, 164, 23, 198, 61, 118, 56, 83, 188, 163, 68, 11, 63, 92, 82, 136, 160, 170, 44, 29, 15, 53, 131, 13, 50, 166, 117, 197, 45, 193, 85, 27, 192, 103, 174, 155, 70, 31, 22, 101, 113, 168, 116, 196, 171, 149, 34, 112, 121, 180, 191, 185, 128, 2, 10, 12, 126, 7, 3, 156, 195, 9, 75, 114, 135, 102, 153, 41, 173, 65, 140, 5, 183, 78, 96, 142, 79, 144, 162, 24, 159, 122, 165, 51, 105, 47, 143, 42, 86, 33, 147, 76, 74, 152, 129, 139, 59, 186, 137, 25, 125, 190, 18, 62, 89, 141, 95, 107, 148, 172, 146, 19, 145, 132, 77, 151, 123, 14, 187, 127, 49, 16, 194, 6, 134, 73, 30, 48, 167, 69, 199, 99, 60, 66, 38, 26, 120, 98, 179, 43, 178, 110, 1, 138, 52, 181, 157, 169, 111, 54, 21, 4, 182, 40, 72, 57, 104, 8, 189, 91, 39, 130, 100, 177, 154, 87, 67, 80, 158, 133, 176, 93, 108, 17, 37, 175, 90, 124, 58, 28, 84, 64, 97, 184, 106, 200, 71, 81, 35, 20, 150, 119, 36, 94, 161, 32, 109, 88, 115, 55]
Correct solution
(w = 7) Building and Solving
[runlim] sample:		104.4 time, 70.2 real, 890.5 MB
[runlim] sample:		124.4 time, 80.2 real, 898.5 MB
[runlim] sample:		138.3 time, 90.2 real, 996.7 MB
Value Cyclic-Antibandwidth: 7
Labels: [46, 164, 23, 198, 61, 118, 56, 83, 188, 11, 189, 84, 63, 92, 82, 99, 160, 170, 44, 161, 15, 53, 131, 13, 50, 166, 117, 200, 45, 193, 85, 27, 192, 103, 174, 155, 70, 181, 22, 101, 113, 168, 116, 196, 109, 149, 139, 112, 121, 136, 191, 185, 128, 171, 10, 12, 126, 79, 3, 156, 195, 57, 75, 68, 135, 102, 153, 41, 173, 65, 140, 5, 184, 78, 96, 142, 52, 144, 162, 24, 29, 122, 165, 51, 105, 47, 143, 42, 86, 33, 197, 76, 74, 152, 129, 97, 59, 25, 137, 38, 148, 190, 18, 54, 89, 141, 95, 107, 7, 172, 146, 19, 163, 132, 183, 125, 123, 14, 187, 127, 49, 16, 194, 6, 134, 90, 114, 48, 167, 69, 199, 180, 60, 66, 62, 77, 120, 98, 179, 43, 31, 110, 1, 138, 30, 145, 157, 169, 111, 34, 21, 4, 147, 40, 72, 87, 104, 8, 186, 91, 39, 130, 100, 177, 154, 159, 67, 80, 158, 133, 176, 93, 108, 17, 37, 175, 88, 124, 58, 28, 2, 64, 9, 26, 106, 182, 71, 81, 35, 20, 150, 119, 36, 94, 178, 32, 151, 73, 115, 55]
Correct solution
(w = 8) Building and Solving
[runlim] sample:		150.9 time, 100.2 real, 1021.0 MB
[runlim] sample:		170.9 time, 110.2 real, 1029.0 MB
[runlim] sample:		190.7 time, 120.2 real, 1037.0 MB
[runlim] sample:		200.7 time, 130.2 real, 1159.5 MB
Value Cyclic-Antibandwidth: 8
Labels: [46, 97, 23, 198, 61, 118, 145, 83, 188, 163, 20, 11, 63, 92, 116, 66, 160, 170, 44, 88, 15, 53, 131, 13, 50, 166, 117, 200, 162, 193, 85, 27, 192, 184, 174, 155, 70, 181, 22, 98, 55, 167, 80, 196, 103, 149, 139, 112, 121, 136, 191, 185, 148, 26, 10, 12, 126, 79, 3, 156, 195, 57, 75, 52, 135, 45, 153, 41, 168, 65, 140, 5, 182, 178, 96, 122, 159, 144, 71, 24, 54, 125, 8, 51, 105, 47, 2, 42, 86, 33, 197, 76, 74, 152, 129, 19, 59, 109, 137, 90, 173, 190, 18, 56, 89, 141, 95, 107, 7, 172, 146, 186, 189, 132, 183, 143, 123, 14, 187, 127, 49, 16, 194, 6, 134, 73, 31, 48, 38, 69, 199, 180, 60, 68, 62, 77, 120, 78, 179, 43, 142, 110, 1, 138, 30, 133, 157, 169, 111, 34, 21, 4, 147, 40, 72, 114, 104, 29, 37, 91, 39, 130, 100, 177, 154, 87, 67, 119, 158, 171, 176, 93, 108, 17, 161, 175, 164, 124, 58, 28, 84, 64, 9, 102, 106, 25, 128, 81, 35, 113, 150, 99, 36, 94, 101, 32, 151, 82, 115, 165]
Correct solution
(w = 9) Building and Solving
[runlim] sample:		214.6 time, 140.2 real, 1175.8 MB
[runlim] sample:		234.6 time, 150.2 real, 1187.8 MB
[runlim] sample:		254.6 time, 160.2 real, 1197.4 MB
[runlim] sample:		266.4 time, 170.2 real, 1056.0 MB
Value Cyclic-Antibandwidth: 9
Labels: [46, 164, 23, 198, 61, 118, 145, 83, 188, 163, 19, 9, 63, 92, 116, 114, 160, 170, 44, 45, 15, 53, 131, 13, 50, 166, 117, 200, 88, 193, 85, 113, 192, 184, 174, 155, 70, 181, 22, 98, 55, 71, 80, 133, 171, 149, 139, 112, 121, 136, 191, 185, 52, 194, 10, 12, 126, 79, 3, 156, 107, 128, 75, 34, 135, 30, 153, 41, 173, 65, 140, 5, 27, 97, 96, 122, 159, 144, 66, 24, 167, 20, 8, 51, 105, 47, 2, 42, 86, 33, 197, 76, 74, 152, 129, 148, 59, 25, 137, 31, 125, 190, 109, 56, 89, 141, 95, 196, 7, 172, 146, 186, 162, 132, 183, 143, 123, 14, 187, 127, 49, 16, 11, 6, 134, 90, 189, 48, 62, 69, 199, 180, 60, 124, 38, 77, 120, 78, 179, 43, 142, 110, 1, 138, 165, 32, 157, 169, 111, 29, 21, 4, 147, 40, 72, 57, 104, 73, 37, 91, 39, 130, 100, 177, 154, 87, 67, 119, 158, 178, 176, 93, 108, 17, 161, 175, 106, 26, 58, 28, 84, 64, 195, 102, 168, 18, 182, 81, 35, 103, 150, 99, 36, 94, 101, 68, 151, 82, 115, 54]
Correct solution
(w = 10) Building and Solving
[runlim] sample:		276.4 time, 180.2 real, 1193.5 MB
[runlim] sample:		293.9 time, 190.2 real, 1341.1 MB
[runlim] sample:		313.9 time, 200.2 real, 1366.7 MB
[runlim] sample:		333.9 time, 210.2 real, 1386.2 MB
[runlim] sample:		345.0 time, 220.2 real, 1398.8 MB
[runlim] sample:		355.0 time, 230.2 real, 1549.6 MB
Value Cyclic-Antibandwidth: 10
Labels: [198, 90, 200, 179, 23, 178, 2, 151, 147, 26, 122, 30, 112, 182, 22, 19, 96, 15, 7, 50, 5, 42, 16, 116, 11, 81, 45, 3, 27, 57, 9, 34, 35, 62, 13, 18, 31, 76, 12, 168, 37, 46, 17, 36, 10, 1, 24, 20, 39, 56, 53, 43, 28, 4, 21, 54, 66, 67, 63, 47, 87, 44, 68, 72, 38, 69, 25, 55, 80, 33, 84, 8, 95, 74, 32, 86, 14, 75, 73, 97, 111, 65, 49, 101, 82, 78, 88, 41, 98, 61, 48, 85, 64, 77, 128, 60, 58, 83, 71, 59, 138, 79, 52, 6, 115, 99, 127, 113, 186, 121, 89, 91, 93, 136, 94, 100, 129, 118, 109, 130, 110, 103, 132, 142, 125, 106, 105, 133, 119, 70, 117, 108, 123, 137, 139, 114, 104, 162, 120, 146, 166, 154, 134, 140, 131, 102, 160, 145, 144, 51, 176, 135, 92, 150, 124, 107, 141, 143, 152, 126, 155, 164, 171, 163, 156, 153, 174, 148, 159, 173, 170, 167, 149, 29, 180, 161, 195, 181, 193, 157, 172, 165, 177, 185, 199, 187, 40, 190, 175, 169, 188, 191, 183, 192, 158, 194, 184, 196, 197, 189]
Correct solution
(w = 11) Building and Solving
[runlim] sample:		370.9 time, 240.2 real, 500.6 MB
[runlim] sample:		385.0 time, 250.2 real, 1009.8 MB
[runlim] sample:		405.0 time, 260.2 real, 1029.8 MB
[runlim] sample:		425.0 time, 270.2 real, 1051.8 MB
[runlim] sample:		442.4 time, 280.2 real, 1069.7 MB
[runlim] sample:		452.4 time, 290.2 real, 1077.7 MB
[runlim] sample:		462.4 time, 300.2 real, 1234.8 MB
[runlim] sample:		473.1 time, 310.2 real, 1243.8 MB
Value Cyclic-Antibandwidth: 11
Labels: [198, 156, 3, 170, 178, 174, 21, 166, 150, 105, 88, 20, 54, 1, 109, 27, 25, 57, 4, 11, 2, 53, 83, 23, 10, 6, 49, 28, 40, 35, 37, 24, 124, 29, 47, 143, 12, 7, 34, 187, 50, 51, 18, 70, 41, 39, 93, 55, 44, 19, 58, 31, 69, 22, 30, 78, 13, 62, 36, 76, 46, 94, 77, 17, 200, 14, 61, 45, 60, 119, 16, 38, 56, 79, 98, 106, 43, 15, 96, 65, 113, 81, 68, 48, 80, 42, 8, 120, 95, 66, 72, 102, 64, 74, 75, 104, 91, 9, 84, 87, 59, 82, 71, 73, 92, 99, 137, 101, 110, 67, 121, 107, 112, 122, 100, 97, 146, 125, 136, 90, 169, 108, 114, 128, 86, 89, 52, 115, 111, 164, 134, 117, 138, 152, 148, 135, 32, 139, 63, 140, 153, 33, 171, 172, 154, 132, 144, 149, 130, 133, 184, 160, 103, 131, 142, 158, 183, 85, 159, 147, 116, 151, 173, 161, 118, 127, 189, 126, 162, 168, 123, 165, 176, 177, 180, 155, 163, 185, 181, 157, 141, 5, 179, 186, 195, 26, 145, 167, 199, 129, 190, 191, 182, 192, 193, 194, 175, 196, 197, 188]
Correct solution
(w = 12) Building and Solving
[runlim] sample:		488.5 time, 320.2 real, 961.1 MB
[runlim] sample:		508.1 time, 330.2 real, 1244.0 MB
[runlim] sample:		528.1 time, 340.2 real, 1261.6 MB
[runlim] sample:		548.1 time, 350.2 real, 1277.6 MB
[runlim] sample:		562.6 time, 360.2 real, 1287.6 MB
[runlim] sample:		572.6 time, 370.2 real, 1295.8 MB
[runlim] sample:		582.6 time, 380.2 real, 1054.2 MB
[runlim] sample:		592.8 time, 390.2 real, 1406.6 MB
Value Cyclic-Antibandwidth: 12
Labels: [2, 148, 16, 181, 184, 180, 159, 169, 65, 101, 14, 29, 8, 59, 99, 107, 34, 11, 160, 43, 28, 58, 73, 6, 52, 7, 21, 33, 23, 145, 155, 68, 25, 48, 198, 35, 138, 27, 45, 41, 39, 40, 69, 36, 26, 24, 51, 3, 32, 54, 31, 44, 56, 70, 13, 57, 143, 19, 20, 105, 22, 42, 50, 60, 46, 129, 10, 62, 63, 15, 88, 135, 94, 49, 85, 71, 127, 106, 98, 95, 109, 12, 84, 61, 86, 75, 97, 82, 128, 55, 47, 108, 1, 114, 200, 81, 93, 115, 74, 53, 64, 78, 119, 67, 141, 133, 83, 120, 96, 147, 72, 30, 102, 66, 131, 112, 121, 136, 103, 149, 171, 4, 38, 92, 76, 89, 156, 123, 80, 9, 104, 168, 116, 37, 132, 100, 122, 110, 77, 134, 151, 18, 130, 142, 150, 117, 154, 165, 144, 113, 170, 139, 91, 140, 79, 118, 124, 87, 163, 125, 172, 162, 175, 167, 137, 176, 178, 111, 164, 174, 177, 153, 179, 126, 192, 157, 195, 183, 193, 146, 173, 199, 17, 185, 186, 187, 161, 188, 189, 152, 190, 191, 158, 166, 90, 194, 182, 196, 197, 5]
Correct solution
(w = 13) Building and Solving
[runlim] sample:		609.3 time, 400.2 real, 1002.1 MB
[runlim] sample:		623.8 time, 410.2 real, 1157.5 MB
[runlim] sample:		643.8 time, 420.2 real, 1175.0 MB
[runlim] sample:		663.8 time, 430.2 real, 1191.0 MB
[runlim] sample:		683.8 time, 440.2 real, 1205.0 MB
[runlim] sample:		696.0 time, 450.2 real, 1217.5 MB
[runlim] sample:		706.0 time, 460.2 real, 1221.7 MB
[runlim] sample:		716.0 time, 470.2 real, 1049.5 MB
[runlim] sample:		726.1 time, 480.2 real, 1382.4 MB
Value Cyclic-Antibandwidth: 13
Labels: [128, 82, 138, 76, 149, 190, 143, 169, 62, 146, 193, 156, 25, 17, 158, 161, 35, 99, 1, 189, 19, 162, 86, 72, 131, 191, 3, 151, 50, 96, 93, 77, 28, 81, 5, 36, 23, 87, 192, 184, 70, 172, 148, 132, 73, 112, 154, 199, 159, 106, 89, 84, 160, 120, 94, 65, 44, 125, 139, 166, 119, 33, 64, 186, 168, 183, 173, 171, 98, 144, 188, 69, 117, 134, 140, 102, 42, 195, 20, 26, 14, 27, 40, 101, 46, 52, 68, 60, 127, 135, 164, 45, 141, 58, 29, 150, 100, 194, 90, 196, 129, 176, 34, 31, 15, 133, 147, 63, 88, 178, 107, 187, 137, 59, 13, 157, 115, 7, 136, 51, 48, 198, 153, 142, 126, 9, 74, 91, 32, 83, 200, 110, 177, 121, 152, 145, 78, 113, 170, 114, 10, 80, 8, 180, 92, 182, 43, 124, 37, 108, 18, 155, 4, 85, 95, 174, 61, 79, 165, 24, 53, 49, 57, 54, 109, 197, 30, 11, 175, 12, 105, 163, 41, 66, 16, 116, 6, 75, 167, 71, 104, 123, 67, 179, 185, 2, 55, 97, 21, 22, 118, 130, 56, 38, 122, 103, 47, 181, 111, 39]
Correct solution
(w = 14) Building and Solving
[runlim] sample:		742.7 time, 490.2 real, 983.4 MB
[runlim] sample:		755.4 time, 500.2 real, 1272.6 MB
[runlim] sample:		775.4 time, 510.2 real, 1289.3 MB
[runlim] sample:		795.3 time, 520.2 real, 1303.3 MB
[runlim] sample:		815.3 time, 530.2 real, 1317.6 MB
[runlim] sample:		833.0 time, 540.2 real, 1327.6 MB
[runlim] sample:		843.0 time, 550.2 real, 1333.8 MB
[runlim] sample:		853.0 time, 560.2 real, 1337.8 MB
[runlim] sample:		863.0 time, 570.2 real, 1154.0 MB
[runlim] sample:		873.0 time, 580.2 real, 1248.7 MB
[runlim] sample:		886.1 time, 590.2 real, 1862.4 MB
Value Cyclic-Antibandwidth: 14
Labels: [92, 41, 200, 178, 25, 198, 86, 172, 165, 70, 11, 24, 71, 33, 10, 16, 38, 137, 7, 34, 2, 36, 14, 66, 5, 115, 182, 150, 18, 31, 8, 42, 61, 35, 120, 3, 15, 79, 29, 9, 84, 68, 22, 30, 73, 155, 76, 81, 74, 65, 153, 78, 19, 39, 195, 45, 173, 53, 101, 50, 6, 46, 174, 59, 32, 113, 82, 102, 100, 116, 124, 177, 160, 104, 64, 51, 139, 108, 48, 4, 121, 138, 62, 156, 134, 63, 167, 47, 122, 107, 57, 110, 90, 44, 140, 97, 40, 123, 52, 98, 77, 111, 27, 49, 43, 83, 96, 133, 126, 135, 109, 12, 26, 13, 176, 23, 103, 75, 114, 136, 60, 69, 89, 141, 56, 87, 169, 127, 105, 142, 144, 94, 37, 152, 85, 95, 129, 17, 58, 88, 159, 55, 146, 166, 91, 21, 161, 118, 143, 157, 1, 168, 80, 170, 67, 163, 154, 147, 93, 128, 162, 20, 117, 99, 28, 106, 181, 54, 112, 119, 125, 130, 175, 179, 148, 145, 132, 183, 193, 158, 184, 199, 151, 187, 188, 185, 171, 186, 189, 164, 190, 191, 149, 192, 72, 194, 180, 196, 197, 131]
Correct solution
(w = 15) Building and Solving
[runlim] sample:		901.2 time, 600.2 real, 1390.6 MB
[runlim] sample:		921.2 time, 610.2 real, 1399.1 MB
[runlim] sample:		941.2 time, 620.2 real, 1401.1 MB
[runlim] sample:		961.2 time, 630.2 real, 1403.1 MB
[runlim] sample:		981.2 time, 640.2 real, 1405.1 MB
[runlim] sample:		993.2 time, 650.2 real, 1407.1 MB
[runlim] sample:		1003.2 time, 660.2 real, 1408.6 MB
[runlim] sample:		1013.2 time, 670.2 real, 1111.6 MB
[runlim] sample:		1023.2 time, 680.2 real, 1493.6 MB
[runlim] sample:		1033.9 time, 690.2 real, 1493.2 MB
Value Cyclic-Antibandwidth: 15
Labels: [177, 6, 81, 127, 165, 10, 172, 16, 141, 51, 134, 156, 100, 43, 18, 159, 168, 11, 169, 186, 190, 88, 176, 35, 121, 84, 62, 197, 158, 166, 170, 53, 92, 38, 91, 167, 108, 179, 89, 183, 148, 146, 143, 174, 95, 145, 199, 31, 67, 28, 49, 198, 33, 72, 152, 46, 36, 164, 32, 61, 153, 64, 102, 30, 181, 14, 194, 98, 44, 70, 109, 47, 191, 189, 96, 54, 15, 116, 111, 97, 163, 74, 129, 17, 175, 78, 1, 149, 185, 80, 140, 66, 20, 75, 106, 142, 173, 55, 184, 29, 117, 147, 21, 13, 40, 19, 125, 22, 45, 63, 155, 162, 82, 192, 103, 90, 112, 118, 34, 107, 39, 79, 5, 9, 69, 99, 93, 7, 126, 86, 94, 41, 42, 196, 37, 60, 187, 133, 52, 132, 59, 23, 131, 171, 160, 119, 12, 58, 68, 154, 26, 2, 115, 27, 137, 25, 123, 138, 182, 8, 3, 4, 157, 151, 144, 139, 128, 56, 136, 180, 50, 130, 24, 120, 200, 87, 114, 113, 73, 150, 57, 83, 65, 193, 161, 48, 135, 122, 105, 110, 71, 101, 124, 178, 188, 85, 76, 195, 104, 77]
Correct solution
(w = 16) Building and Solving
[runlim] sample:		1054.5 time, 700.2 real, 1151.7 MB
[runlim] sample:		1067.8 time, 710.2 real, 1456.4 MB
[runlim] sample:		1087.8 time, 720.2 real, 1458.4 MB
[runlim] sample:		1107.8 time, 730.2 real, 1462.4 MB
[runlim] sample:		1127.8 time, 740.2 real, 1464.4 MB
[runlim] sample:		1147.8 time, 750.2 real, 1468.4 MB
[runlim] sample:		1160.4 time, 760.2 real, 1468.4 MB
[runlim] sample:		1170.4 time, 770.2 real, 1468.4 MB
[runlim] sample:		1180.4 time, 780.2 real, 1174.0 MB
[runlim] sample:		1190.4 time, 790.2 real, 1628.8 MB
[runlim] sample:		1201.2 time, 800.2 real, 1553.2 MB
[runlim] sample:		1230.3 time, 810.2 real, 3184.2 MB
[runlim] sample:		1277.8 time, 820.2 real, 3883.7 MB
Value Cyclic-Antibandwidth: 16
Labels: [101, 33, 200, 16, 88, 32, 14, 199, 158, 144, 113, 60, 119, 196, 35, 81, 145, 90, 149, 2, 3, 76, 73, 99, 44, 163, 57, 41, 185, 25, 21, 75, 186, 143, 109, 10, 22, 52, 24, 157, 74, 91, 8, 146, 66, 71, 29, 181, 140, 198, 135, 100, 28, 111, 96, 182, 12, 40, 184, 85, 62, 110, 65, 30, 139, 166, 148, 20, 118, 82, 37, 64, 183, 59, 78, 167, 127, 23, 55, 1, 89, 116, 34, 36, 162, 63, 177, 50, 115, 147, 122, 121, 31, 133, 58, 6, 83, 13, 197, 11, 104, 19, 193, 117, 72, 9, 190, 171, 94, 38, 97, 80, 86, 18, 168, 51, 26, 131, 170, 141, 151, 102, 98, 46, 161, 56, 69, 105, 67, 68, 77, 87, 79, 132, 126, 53, 179, 17, 108, 125, 155, 173, 114, 153, 160, 178, 152, 150, 128, 92, 188, 15, 49, 61, 124, 137, 187, 42, 43, 120, 180, 84, 164, 95, 39, 136, 169, 129, 7, 174, 195, 27, 191, 70, 172, 107, 138, 134, 130, 142, 4, 112, 45, 5, 93, 159, 156, 175, 165, 176, 103, 47, 154, 192, 194, 54, 123, 189, 48, 106]
Correct solution
(w = 17) Building and Solving
[runlim] sample:		1294.6 time, 830.2 real, 959.5 MB
[runlim] sample:		1311.5 time, 840.2 real, 1462.2 MB
[runlim] sample:		1331.5 time, 850.2 real, 1464.2 MB
[runlim] sample:		1351.5 time, 860.2 real, 1470.2 MB
[runlim] sample:		1371.5 time, 870.2 real, 1470.2 MB
[runlim] sample:		1391.5 time, 880.2 real, 1470.2 MB
[runlim] sample:		1402.4 time, 890.2 real, 1472.2 MB
[runlim] sample:		1412.4 time, 900.2 real, 1474.2 MB
[runlim] sample:		1422.4 time, 910.2 real, 1168.3 MB
[runlim] sample:		1432.4 time, 920.2 real, 1619.1 MB
[runlim] sample:		1443.2 time, 930.2 real, 1633.8 MB
Value Cyclic-Antibandwidth: 17
Labels: [128, 132, 144, 73, 182, 49, 67, 54, 170, 196, 46, 11, 183, 8, 23, 189, 100, 76, 22, 155, 88, 116, 166, 137, 172, 62, 38, 13, 9, 102, 47, 193, 57, 167, 80, 176, 157, 139, 153, 32, 145, 121, 163, 141, 131, 195, 165, 3, 126, 133, 122, 120, 39, 44, 101, 99, 168, 106, 150, 178, 42, 188, 79, 162, 89, 156, 113, 94, 136, 7, 143, 1, 48, 25, 186, 14, 129, 159, 91, 194, 184, 66, 185, 117, 2, 28, 81, 5, 69, 16, 20, 29, 173, 95, 97, 18, 110, 34, 154, 24, 152, 26, 108, 92, 192, 149, 197, 71, 72, 52, 4, 158, 171, 19, 169, 105, 31, 96, 74, 64, 17, 30, 93, 103, 33, 82, 118, 151, 124, 59, 134, 83, 179, 21, 51, 181, 112, 27, 84, 180, 45, 36, 65, 164, 41, 75, 135, 123, 56, 190, 115, 50, 142, 191, 187, 119, 12, 10, 199, 40, 127, 198, 85, 125, 90, 175, 107, 177, 147, 146, 60, 111, 61, 86, 200, 35, 130, 53, 174, 148, 70, 43, 98, 78, 63, 160, 68, 161, 87, 6, 140, 114, 77, 138, 37, 15, 58, 55, 104, 109]
Correct solution
(w = 18) Building and Solving
[runlim] sample:		1469.9 time, 940.2 real, 1083.6 MB
[runlim] sample:		1481.6 time, 950.2 real, 1524.2 MB
[runlim] sample:		1501.6 time, 960.2 real, 1524.2 MB
[runlim] sample:		1521.6 time, 970.2 real, 1528.2 MB
[runlim] sample:		1541.6 time, 980.2 real, 1532.2 MB
[runlim] sample:		1561.6 time, 990.2 real, 1536.2 MB
[runlim] sample:		1579.8 time, 1000.2 real, 1540.2 MB
[runlim] sample:		1589.8 time, 1010.2 real, 1540.2 MB
[runlim] sample:		1599.8 time, 1020.2 real, 1542.2 MB
[runlim] sample:		1609.8 time, 1030.2 real, 1224.3 MB
[runlim] sample:		1619.8 time, 1040.2 real, 1715.1 MB
[runlim] sample:		1630.7 time, 1050.2 real, 1700.6 MB
[runlim] sample:		1665.9 time, 1060.2 real, 2513.1 MB
Value Cyclic-Antibandwidth: 18
Labels: [65, 174, 177, 122, 199, 112, 182, 81, 150, 35, 2, 89, 53, 103, 94, 24, 43, 188, 85, 195, 129, 132, 197, 116, 92, 117, 71, 144, 6, 80, 40, 37, 171, 48, 15, 18, 78, 46, 84, 181, 138, 72, 115, 125, 86, 28, 190, 33, 19, 161, 10, 7, 130, 73, 12, 165, 90, 113, 192, 31, 157, 11, 61, 106, 142, 186, 179, 27, 22, 9, 121, 88, 120, 5, 162, 194, 96, 180, 62, 63, 30, 4, 39, 173, 3, 100, 131, 140, 141, 164, 148, 23, 44, 36, 76, 26, 156, 13, 70, 175, 133, 95, 111, 91, 45, 176, 126, 123, 38, 52, 20, 185, 47, 166, 55, 167, 59, 128, 137, 8, 34, 79, 143, 127, 105, 17, 168, 68, 74, 172, 193, 60, 152, 93, 147, 158, 51, 104, 16, 151, 14, 139, 118, 69, 145, 124, 114, 153, 109, 64, 66, 183, 21, 83, 25, 134, 58, 163, 56, 1, 97, 101, 184, 87, 102, 32, 136, 50, 170, 198, 169, 107, 135, 77, 187, 155, 82, 154, 57, 160, 110, 99, 159, 189, 41, 54, 149, 196, 146, 200, 108, 67, 98, 75, 119, 191, 49, 178, 29, 42]
Correct solution
(w = 19) Building and Solving
[runlim] sample:		1677.1 time, 1070.2 real, 1227.3 MB
[runlim] sample:		1696.3 time, 1080.2 real, 1567.3 MB
[runlim] sample:		1716.3 time, 1090.2 real, 1574.9 MB
[runlim] sample:		1736.3 time, 1100.2 real, 1576.9 MB
[runlim] sample:		1756.3 time, 1110.2 real, 1580.9 MB
[runlim] sample:		1776.3 time, 1120.2 real, 1584.9 MB
[runlim] sample:		1790.8 time, 1130.2 real, 1588.9 MB
[runlim] sample:		1800.8 time, 1140.2 real, 1590.9 MB
[runlim] sample:		1810.8 time, 1150.2 real, 1263.4 MB
[runlim] sample:		1820.8 time, 1160.2 real, 1771.3 MB
[runlim] sample:		1831.7 time, 1170.2 real, 2062.8 MB
[runlim] sample:		1844.2 time, 1180.2 real, 2121.7 MB
[runlim] sample:		1895.7 time, 1190.2 real, 4809.7 MB
[runlim] sample:		1952.5 time, 1200.2 real, 4374.8 MB
Value Cyclic-Antibandwidth: 19
Labels: [196, 177, 168, 113, 199, 98, 2, 36, 128, 159, 73, 62, 140, 178, 50, 16, 130, 45, 93, 186, 131, 119, 58, 174, 126, 158, 99, 10, 146, 23, 166, 116, 102, 19, 95, 190, 88, 147, 42, 173, 17, 31, 141, 129, 156, 193, 51, 192, 167, 120, 72, 5, 34, 124, 47, 117, 106, 83, 60, 29, 90, 70, 96, 25, 110, 3, 188, 33, 162, 14, 152, 53, 181, 55, 103, 61, 40, 28, 80, 91, 11, 78, 133, 194, 6, 67, 170, 139, 153, 171, 26, 164, 27, 38, 74, 30, 137, 155, 13, 180, 86, 43, 123, 76, 68, 122, 115, 142, 44, 161, 49, 97, 101, 66, 148, 22, 64, 100, 112, 150, 176, 41, 9, 125, 65, 75, 182, 92, 200, 189, 169, 104, 15, 82, 89, 179, 107, 46, 149, 79, 52, 121, 77, 7, 94, 145, 151, 143, 184, 8, 114, 175, 35, 105, 69, 1, 138, 87, 18, 136, 48, 57, 56, 37, 39, 32, 187, 71, 24, 160, 63, 59, 195, 135, 198, 172, 183, 81, 20, 163, 111, 85, 12, 197, 21, 4, 144, 118, 157, 185, 127, 132, 84, 165, 154, 109, 54, 191, 108, 134]
Correct solution
(w = 20) Building and Solving
[runlim] sample:		1967.9 time, 1210.2 real, 1121.7 MB
[runlim] sample:		1983.8 time, 1220.2 real, 1582.9 MB
[runlim] sample:		2003.8 time, 1230.2 real, 1588.9 MB
[runlim] sample:		2023.8 time, 1240.2 real, 1592.9 MB
[runlim] sample:		2043.8 time, 1250.2 real, 1596.9 MB
[runlim] sample:		2063.8 time, 1260.2 real, 1598.9 MB
[runlim] sample:		2083.8 time, 1270.2 real, 1604.9 MB
[runlim] sample:		2094.1 time, 1280.2 real, 1606.9 MB
[runlim] sample:		2104.1 time, 1290.2 real, 1610.9 MB
[runlim] sample:		2114.1 time, 1300.2 real, 1252.6 MB
[runlim] sample:		2124.1 time, 1310.2 real, 1830.3 MB
[runlim] sample:		2135.0 time, 1320.2 real, 1811.5 MB
[runlim] sample:		2157.0 time, 1330.2 real, 4023.8 MB
[runlim] sample:		2207.0 time, 1340.2 real, 4571.7 MB
[runlim] sample:		2257.7 time, 1350.2 real, 5362.6 MB
[runlim] sample:		2299.0 time, 1360.2 real, 3541.5 MB
Value Cyclic-Antibandwidth: 20
Labels: [13, 39, 14, 190, 138, 188, 45, 173, 194, 141, 177, 46, 73, 4, 172, 77, 157, 41, 196, 199, 186, 38, 185, 35, 184, 179, 42, 149, 112, 180, 162, 159, 12, 8, 87, 200, 156, 145, 130, 26, 51, 139, 192, 195, 155, 136, 74, 49, 11, 9, 164, 142, 36, 31, 135, 33, 47, 57, 98, 154, 182, 55, 50, 79, 10, 68, 2, 121, 99, 82, 113, 161, 5, 183, 48, 116, 151, 28, 120, 1, 105, 15, 148, 62, 59, 63, 144, 125, 176, 24, 134, 30, 97, 85, 129, 115, 7, 181, 96, 91, 108, 37, 174, 178, 34, 160, 193, 54, 124, 27, 70, 109, 152, 92, 127, 78, 86, 165, 75, 65, 25, 169, 147, 72, 166, 58, 32, 111, 167, 40, 119, 61, 133, 104, 6, 158, 66, 191, 171, 89, 22, 67, 126, 198, 52, 84, 69, 76, 168, 123, 20, 29, 163, 110, 153, 140, 3, 106, 94, 132, 83, 60, 71, 95, 170, 88, 21, 80, 101, 128, 16, 44, 187, 118, 114, 23, 90, 146, 19, 103, 64, 18, 131, 117, 93, 189, 143, 175, 122, 81, 102, 137, 197, 43, 100, 56, 53, 17, 107, 150]
Correct solution
(w = 21) Building and Solving
[runlim] sample:		2312.9 time, 1370.2 real, 1152.4 MB
[runlim] sample:		2328.6 time, 1380.2 real, 1627.1 MB
[runlim] sample:		2348.6 time, 1390.2 real, 1635.6 MB
[runlim] sample:		2368.6 time, 1400.2 real, 1643.1 MB
[runlim] sample:		2388.6 time, 1410.2 real, 1655.2 MB
[runlim] sample:		2408.6 time, 1420.2 real, 1661.2 MB
[runlim] sample:		2428.6 time, 1430.2 real, 1669.2 MB
[runlim] sample:		2443.9 time, 1440.2 real, 1675.2 MB
[runlim] sample:		2453.9 time, 1450.2 real, 1679.2 MB
[runlim] sample:		2463.9 time, 1460.2 real, 1295.5 MB
[runlim] sample:		2473.9 time, 1470.2 real, 1903.3 MB
[runlim] sample:		2483.9 time, 1480.2 real, 1951.1 MB
[runlim] sample:		2494.9 time, 1490.2 real, 1899.8 MB
[runlim] sample:		2521.0 time, 1500.2 real, 4021.5 MB
[runlim] sample:		2574.3 time, 1510.2 real, 5568.5 MB
[runlim] sample:		2634.3 time, 1520.2 real, 4738.9 MB
[runlim] sample:		2684.8 time, 1530.2 real, 5347.5 MB
[runlim] sample:		2739.4 time, 1540.2 real, 5205.4 MB
[runlim] sample:		2790.6 time, 1550.2 real, 4635.4 MB
[runlim] sample:		2821.6 time, 1560.2 real, 3529.2 MB
[runlim] sample:		2839.9 time, 1570.2 real, 4277.7 MB
[runlim] sample:		2869.9 time, 1580.2 real, 4279.5 MB
[runlim] sample:		2899.9 time, 1590.2 real, 4280.0 MB
[runlim] sample:		2929.9 time, 1600.2 real, 4528.0 MB
[runlim] sample:		2959.9 time, 1610.2 real, 4792.8 MB
[runlim] sample:		2989.9 time, 1620.2 real, 5140.9 MB
[runlim] sample:		3019.9 time, 1630.2 real, 5141.5 MB
[runlim] sample:		3049.9 time, 1640.2 real, 5141.7 MB
[runlim] sample:		3079.9 time, 1650.2 real, 5274.0 MB
[runlim] sample:		3109.9 time, 1660.2 real, 5006.6 MB
[runlim] sample:		3139.8 time, 1670.2 real, 5006.6 MB
[runlim] sample:		3169.8 time, 1680.2 real, 5006.6 MB
[runlim] sample:		3199.8 time, 1690.2 real, 5006.6 MB
[runlim] sample:		3229.8 time, 1700.2 real, 5006.6 MB
[runlim] sample:		3259.8 time, 1710.2 real, 5006.6 MB
[runlim] sample:		3289.8 time, 1720.2 real, 5006.6 MB
[runlim] sample:		3319.8 time, 1730.2 real, 5059.9 MB
[runlim] sample:		3349.8 time, 1740.2 real, 5061.1 MB
[runlim] sample:		3379.8 time, 1750.2 real, 5062.4 MB
[runlim] sample:		3409.9 time, 1760.2 real, 5063.9 MB
[runlim] sample:		3439.8 time, 1770.2 real, 5065.0 MB
[runlim] sample:		3469.8 time, 1780.2 real, 5066.3 MB
[runlim] sample:		3499.9 time, 1790.2 real, 5066.3 MB
[runlim] sample:		3529.7 time, 1800.2 real, 0.0 MB
[runlim] end:			Wed Nov 12 03:11:18 2025
[runlim] status:		out of time
[runlim] result:		2
[runlim] children:		0
[runlim] real:			1800.17 seconds
[runlim] time:			3529.68 seconds
[runlim] space:			5570.6 MB
[runlim] samples:		18000
