[runlim] version:		1.10
[runlim] time limit:		311040000 seconds
[runlim] real time limit:	1800 seconds
[runlim] space limit:		30000 MB
[runlim] argv[0]:		python3
[runlim] argv[1]:		model_MIP_CPLEX.py
[runlim] argv[2]:		./graph/random_generated_graph_2013/p35_200_2000
[runlim] start:			Wed Nov 12 03:11:18 2025
[runlim] main pid:		32345
[runlim] log captured:
(w = 4) Building and Solving
[runlim] sample:		16.1 time, 10.2 real, 405.0 MB
Value Cyclic-Antibandwidth: 4
Labels: [46, 164, 49, 198, 61, 131, 25, 62, 188, 45, 71, 184, 63, 92, 82, 17, 160, 178, 44, 130, 15, 134, 60, 13, 55, 166, 117, 145, 161, 193, 85, 27, 192, 38, 66, 155, 129, 109, 22, 179, 113, 177, 116, 153, 100, 79, 48, 120, 111, 80, 107, 185, 98, 152, 10, 187, 126, 6, 3, 65, 146, 102, 42, 19, 135, 70, 118, 41, 168, 68, 90, 5, 67, 50, 96, 122, 78, 158, 162, 24, 114, 170, 86, 51, 105, 47, 56, 186, 133, 40, 176, 174, 199, 112, 29, 159, 123, 137, 37, 127, 53, 132, 14, 128, 12, 18, 138, 183, 136, 72, 144, 97, 165, 32, 7, 43, 23, 125, 87, 149, 1, 103, 106, 20, 83, 73, 148, 108, 169, 26, 99, 181, 182, 16, 91, 194, 110, 94, 143, 59, 141, 101, 197, 154, 142, 189, 190, 69, 11, 121, 104, 175, 140, 172, 151, 21, 57, 39, 191, 139, 89, 30, 163, 31, 54, 167, 180, 77, 84, 33, 76, 147, 8, 95, 195, 75, 200, 4, 58, 28, 52, 64, 9, 34, 74, 93, 157, 81, 35, 2, 150, 119, 36, 156, 196, 171, 124, 88, 115, 173]
Correct solution
(w = 5) Building and Solving
[runlim] sample:		27.5 time, 20.2 real, 518.9 MB
[runlim] sample:		46.7 time, 30.2 real, 571.1 MB
Value Cyclic-Antibandwidth: 5
Labels: [46, 164, 49, 198, 61, 31, 25, 62, 188, 45, 71, 184, 63, 92, 82, 144, 160, 178, 44, 130, 15, 134, 60, 13, 55, 166, 131, 154, 161, 193, 85, 27, 192, 38, 66, 155, 129, 109, 22, 179, 113, 177, 116, 153, 163, 79, 48, 120, 30, 80, 107, 185, 89, 90, 10, 187, 126, 123, 3, 65, 91, 102, 42, 189, 135, 70, 118, 41, 168, 68, 100, 5, 67, 50, 96, 122, 78, 158, 162, 24, 114, 170, 86, 51, 105, 47, 56, 186, 133, 40, 176, 174, 6, 112, 29, 159, 4, 137, 37, 83, 53, 132, 14, 128, 20, 18, 138, 183, 17, 72, 19, 146, 165, 32, 7, 43, 23, 145, 87, 149, 1, 103, 106, 157, 199, 117, 148, 108, 169, 26, 99, 181, 182, 16, 125, 194, 110, 94, 143, 59, 136, 101, 152, 141, 142, 95, 190, 69, 11, 121, 104, 175, 140, 172, 151, 21, 57, 39, 191, 139, 12, 200, 111, 73, 54, 167, 180, 77, 84, 33, 76, 147, 8, 98, 195, 75, 127, 97, 58, 28, 52, 64, 9, 34, 74, 93, 197, 81, 35, 2, 150, 119, 36, 156, 196, 171, 124, 88, 115, 173]
Correct solution
(w = 6) Building and Solving
[runlim] sample:		56.8 time, 40.2 real, 643.8 MB
[runlim] sample:		76.8 time, 50.2 real, 711.7 MB
[runlim] sample:		90.3 time, 60.2 real, 828.2 MB
Value Cyclic-Antibandwidth: 6
Labels: [46, 164, 45, 198, 61, 157, 25, 62, 188, 128, 71, 53, 63, 92, 82, 17, 160, 178, 44, 31, 15, 134, 131, 49, 151, 166, 12, 125, 161, 193, 85, 27, 192, 38, 6, 155, 129, 109, 22, 179, 113, 177, 116, 153, 186, 79, 48, 120, 30, 80, 107, 185, 171, 89, 10, 187, 126, 197, 3, 65, 91, 4, 42, 19, 135, 70, 118, 41, 168, 68, 97, 5, 67, 50, 96, 122, 78, 158, 162, 24, 114, 170, 86, 51, 105, 47, 56, 98, 133, 40, 176, 174, 90, 112, 29, 159, 123, 137, 37, 154, 127, 132, 14, 2, 20, 18, 130, 183, 136, 72, 199, 146, 165, 32, 7, 83, 23, 145, 87, 149, 1, 103, 106, 124, 110, 144, 148, 108, 169, 26, 99, 181, 182, 16, 184, 194, 34, 94, 143, 59, 43, 101, 152, 141, 142, 52, 190, 69, 11, 121, 104, 175, 140, 172, 13, 189, 57, 39, 191, 139, 33, 200, 111, 73, 54, 167, 180, 77, 66, 60, 76, 147, 8, 95, 195, 75, 163, 100, 58, 28, 84, 64, 9, 102, 74, 93, 138, 81, 35, 21, 150, 119, 36, 156, 196, 55, 117, 88, 115, 173]
Correct solution
(w = 7) Building and Solving
[runlim] sample:		104.7 time, 70.2 real, 874.5 MB
[runlim] sample:		124.6 time, 80.2 real, 883.3 MB
[runlim] sample:		139.6 time, 90.2 real, 980.8 MB
Value Cyclic-Antibandwidth: 7
Labels: [192, 199, 200, 163, 166, 156, 148, 142, 82, 3, 25, 4, 6, 39, 8, 17, 19, 7, 41, 15, 13, 21, 2, 10, 1, 11, 98, 14, 12, 20, 22, 24, 37, 26, 33, 34, 28, 29, 42, 30, 32, 45, 27, 31, 35, 53, 59, 44, 18, 38, 57, 36, 46, 61, 23, 40, 47, 48, 5, 60, 54, 50, 75, 51, 55, 49, 64, 52, 69, 93, 67, 73, 58, 68, 9, 65, 83, 80, 70, 72, 16, 43, 74, 63, 56, 76, 77, 71, 85, 78, 88, 89, 86, 90, 79, 109, 81, 87, 97, 91, 111, 99, 92, 66, 62, 139, 100, 102, 96, 145, 119, 104, 105, 138, 106, 124, 107, 108, 112, 114, 130, 131, 116, 84, 137, 103, 125, 95, 115, 120, 118, 121, 122, 113, 123, 110, 126, 128, 129, 149, 133, 134, 164, 135, 136, 117, 132, 140, 144, 143, 169, 154, 150, 101, 151, 162, 159, 174, 152, 160, 146, 127, 153, 161, 181, 155, 167, 171, 170, 168, 158, 147, 172, 141, 196, 157, 175, 94, 176, 177, 179, 178, 180, 182, 184, 185, 165, 186, 188, 189, 187, 183, 190, 193, 194, 173, 195, 197, 191, 198]
Correct solution
(w = 8) Building and Solving
[runlim] sample:		154.2 time, 100.2 real, 721.5 MB
[runlim] sample:		170.2 time, 110.2 real, 775.3 MB
[runlim] sample:		190.2 time, 120.2 real, 779.3 MB
[runlim] sample:		205.4 time, 130.2 real, 645.5 MB
[runlim] sample:		216.0 time, 140.2 real, 935.6 MB
Value Cyclic-Antibandwidth: 8
Labels: [191, 177, 9, 179, 2, 171, 26, 164, 155, 161, 108, 80, 4, 39, 37, 45, 16, 5, 6, 25, 64, 13, 17, 200, 199, 75, 12, 31, 11, 22, 20, 24, 10, 21, 36, 14, 32, 38, 35, 18, 51, 1, 46, 43, 49, 33, 57, 71, 28, 40, 34, 42, 68, 50, 48, 7, 27, 169, 30, 53, 52, 44, 58, 72, 77, 56, 55, 62, 84, 87, 3, 63, 60, 102, 54, 73, 59, 61, 29, 23, 81, 69, 130, 83, 65, 82, 41, 95, 103, 47, 90, 70, 74, 85, 104, 115, 117, 66, 86, 78, 184, 89, 8, 88, 79, 94, 19, 92, 96, 67, 105, 119, 93, 137, 135, 106, 111, 112, 76, 113, 124, 114, 101, 97, 116, 136, 118, 98, 91, 99, 149, 125, 138, 107, 110, 129, 128, 121, 133, 139, 122, 126, 131, 127, 140, 141, 132, 143, 145, 170, 142, 147, 148, 151, 153, 160, 154, 167, 185, 172, 120, 134, 165, 176, 150, 166, 123, 156, 158, 157, 162, 159, 173, 174, 196, 186, 163, 100, 175, 180, 181, 146, 152, 182, 183, 15, 178, 187, 188, 189, 109, 193, 168, 192, 194, 144, 195, 197, 190, 198]
Correct solution
(w = 9) Building and Solving
[runlim] sample:		231.4 time, 150.2 real, 957.0 MB
[runlim] sample:		251.4 time, 160.2 real, 961.0 MB
[runlim] sample:		271.4 time, 170.2 real, 969.0 MB
[runlim] sample:		284.9 time, 180.2 real, 831.8 MB
Value Cyclic-Antibandwidth: 9
Labels: [46, 14, 111, 198, 61, 157, 25, 62, 188, 128, 127, 53, 63, 92, 82, 129, 160, 178, 78, 31, 15, 108, 45, 91, 6, 166, 5, 125, 161, 193, 85, 27, 192, 38, 66, 155, 89, 44, 30, 179, 171, 168, 116, 95, 146, 79, 48, 120, 113, 80, 107, 185, 13, 2, 10, 187, 126, 164, 3, 65, 73, 60, 177, 144, 135, 70, 117, 12, 173, 97, 56, 90, 67, 50, 96, 122, 136, 158, 162, 71, 114, 170, 189, 51, 105, 47, 22, 131, 133, 40, 176, 174, 141, 112, 29, 159, 123, 137, 37, 154, 151, 88, 49, 110, 20, 18, 130, 183, 17, 72, 19, 74, 165, 32, 7, 153, 23, 145, 87, 149, 1, 103, 106, 186, 132, 43, 148, 24, 169, 26, 99, 181, 182, 16, 52, 194, 34, 94, 143, 59, 42, 101, 4, 86, 142, 152, 190, 69, 11, 121, 104, 175, 140, 172, 197, 68, 57, 39, 191, 139, 33, 200, 83, 199, 54, 167, 41, 77, 84, 109, 76, 147, 8, 134, 195, 75, 163, 100, 58, 28, 119, 64, 9, 102, 180, 93, 138, 81, 35, 21, 150, 118, 36, 156, 196, 98, 124, 184, 115, 55]
Correct solution
(w = 10) Building and Solving
[runlim] sample:		294.9 time, 190.2 real, 892.7 MB
[runlim] sample:		309.4 time, 200.2 real, 1066.1 MB
[runlim] sample:		329.4 time, 210.2 real, 1089.9 MB
[runlim] sample:		349.4 time, 220.2 real, 1111.9 MB
[runlim] sample:		361.5 time, 230.2 real, 1129.7 MB
[runlim] sample:		371.5 time, 240.2 real, 1282.9 MB
[runlim] sample:		382.3 time, 250.2 real, 1294.3 MB
Value Cyclic-Antibandwidth: 10
Labels: [178, 199, 99, 184, 4, 172, 12, 168, 3, 111, 13, 142, 1, 152, 19, 41, 64, 198, 7, 31, 40, 25, 63, 6, 170, 84, 87, 2, 5, 9, 17, 54, 29, 33, 34, 49, 51, 43, 21, 16, 50, 11, 189, 20, 15, 32, 47, 45, 48, 36, 24, 22, 122, 65, 56, 57, 39, 30, 88, 112, 67, 58, 68, 59, 69, 70, 74, 60, 42, 95, 52, 105, 76, 61, 10, 72, 78, 66, 35, 44, 23, 92, 18, 81, 53, 90, 28, 37, 38, 85, 86, 89, 71, 93, 79, 46, 80, 75, 94, 98, 55, 102, 103, 97, 100, 73, 77, 104, 174, 96, 154, 127, 106, 101, 131, 114, 118, 155, 117, 134, 119, 113, 132, 108, 125, 82, 136, 26, 120, 109, 150, 145, 138, 124, 137, 126, 146, 110, 83, 171, 139, 190, 116, 14, 147, 62, 140, 121, 175, 128, 158, 156, 141, 130, 157, 159, 177, 160, 148, 161, 143, 149, 164, 176, 167, 166, 181, 169, 123, 133, 195, 173, 179, 151, 186, 180, 129, 91, 165, 182, 185, 162, 153, 200, 8, 135, 187, 196, 191, 192, 163, 193, 183, 115, 194, 107, 144, 197, 188, 27]
Correct solution
(w = 11) Building and Solving
[runlim] sample:		400.2 time, 260.2 real, 1029.4 MB
[runlim] sample:		420.2 time, 270.2 real, 1047.7 MB
[runlim] sample:		440.2 time, 280.2 real, 1071.7 MB
[runlim] sample:		457.6 time, 290.2 real, 1088.9 MB
[runlim] sample:		467.6 time, 300.2 real, 1096.9 MB
[runlim] sample:		477.6 time, 310.2 real, 1237.8 MB
[runlim] sample:		488.2 time, 320.2 real, 1184.5 MB
Value Cyclic-Antibandwidth: 11
Labels: [3, 123, 20, 154, 174, 167, 1, 158, 24, 104, 178, 55, 38, 66, 2, 186, 13, 22, 37, 12, 7, 63, 23, 197, 42, 10, 50, 6, 81, 21, 5, 19, 30, 26, 199, 60, 9, 43, 200, 29, 17, 47, 32, 56, 88, 35, 15, 39, 44, 45, 25, 16, 72, 153, 76, 31, 132, 18, 28, 58, 74, 59, 61, 102, 40, 48, 82, 79, 68, 54, 41, 52, 62, 85, 14, 34, 84, 69, 89, 67, 27, 70, 108, 90, 71, 49, 51, 91, 4, 36, 73, 83, 92, 93, 100, 80, 75, 77, 110, 111, 117, 112, 64, 109, 87, 98, 127, 101, 116, 95, 86, 99, 113, 128, 65, 118, 155, 114, 124, 131, 142, 120, 130, 122, 97, 78, 134, 106, 96, 126, 11, 136, 147, 115, 135, 107, 121, 138, 8, 125, 119, 190, 140, 151, 173, 53, 129, 141, 170, 133, 181, 164, 137, 143, 189, 161, 162, 168, 169, 152, 33, 146, 94, 180, 188, 165, 139, 156, 171, 105, 159, 166, 175, 145, 172, 160, 150, 46, 177, 157, 183, 179, 148, 196, 184, 144, 187, 191, 149, 192, 176, 193, 182, 103, 194, 163, 195, 57, 185, 198]
Correct solution
(w = 12) Building and Solving
[runlim] sample:		503.1 time, 330.2 real, 845.1 MB
[runlim] sample:		521.9 time, 340.2 real, 1106.7 MB
[runlim] sample:		541.9 time, 350.2 real, 1124.5 MB
[runlim] sample:		561.9 time, 360.2 real, 1140.5 MB
[runlim] sample:		574.1 time, 370.2 real, 1150.5 MB
[runlim] sample:		584.1 time, 380.2 real, 1158.8 MB
[runlim] sample:		594.1 time, 390.2 real, 983.4 MB
[runlim] sample:		604.3 time, 400.2 real, 1344.5 MB
Value Cyclic-Antibandwidth: 12
Labels: [187, 199, 67, 179, 146, 160, 12, 147, 141, 181, 25, 37, 64, 122, 9, 161, 76, 2, 80, 149, 33, 14, 92, 1, 4, 39, 10, 16, 65, 139, 91, 55, 22, 17, 3, 13, 20, 42, 40, 24, 6, 19, 58, 27, 135, 5, 43, 36, 56, 44, 41, 48, 28, 82, 57, 72, 170, 45, 75, 8, 62, 79, 110, 100, 83, 87, 47, 15, 60, 99, 70, 18, 105, 66, 46, 21, 49, 68, 63, 86, 30, 35, 137, 69, 23, 81, 52, 111, 34, 88, 90, 26, 73, 85, 101, 78, 31, 71, 116, 74, 119, 50, 107, 97, 108, 112, 126, 11, 113, 84, 59, 96, 106, 102, 77, 123, 143, 114, 120, 128, 145, 54, 118, 38, 162, 51, 125, 177, 109, 152, 53, 150, 117, 104, 138, 95, 142, 175, 89, 131, 94, 32, 98, 103, 29, 121, 172, 151, 176, 154, 174, 155, 156, 136, 129, 178, 171, 168, 169, 130, 133, 61, 132, 180, 195, 157, 144, 134, 173, 115, 184, 165, 163, 158, 166, 182, 183, 93, 164, 185, 196, 124, 200, 190, 153, 140, 186, 7, 191, 192, 127, 193, 148, 188, 194, 167, 189, 197, 159, 198]
Correct solution
(w = 13) Building and Solving
[runlim] sample:		623.0 time, 410.2 real, 785.6 MB
[runlim] sample:		637.0 time, 420.2 real, 1045.7 MB
[runlim] sample:		657.0 time, 430.2 real, 1061.3 MB
[runlim] sample:		677.0 time, 440.2 real, 1078.9 MB
[runlim] sample:		696.7 time, 450.2 real, 1093.2 MB
[runlim] sample:		706.7 time, 460.2 real, 1099.4 MB
[runlim] sample:		716.6 time, 470.2 real, 1107.2 MB
[runlim] sample:		726.6 time, 480.2 real, 864.5 MB
[runlim] sample:		736.8 time, 490.2 real, 1062.9 MB
[runlim] sample:		753.1 time, 500.2 real, 2806.4 MB
Value Cyclic-Antibandwidth: 13
Labels: [105, 47, 170, 12, 147, 194, 19, 159, 125, 102, 62, 15, 41, 183, 16, 32, 134, 17, 116, 46, 11, 73, 78, 192, 196, 20, 23, 21, 29, 186, 7, 136, 26, 49, 108, 35, 5, 54, 199, 55, 37, 48, 71, 1, 36, 30, 2, 90, 137, 56, 8, 10, 6, 43, 3, 169, 59, 44, 24, 33, 112, 31, 87, 58, 34, 70, 45, 42, 72, 14, 25, 27, 118, 61, 9, 63, 28, 38, 160, 77, 51, 128, 66, 57, 173, 60, 89, 68, 50, 100, 80, 75, 39, 97, 69, 139, 131, 113, 114, 52, 53, 99, 4, 92, 82, 101, 121, 67, 93, 127, 79, 104, 94, 117, 120, 135, 132, 106, 107, 153, 145, 85, 81, 126, 129, 109, 155, 187, 76, 91, 83, 65, 133, 191, 111, 64, 88, 146, 148, 124, 98, 74, 13, 84, 149, 110, 122, 150, 174, 119, 176, 165, 151, 154, 172, 177, 163, 95, 130, 162, 96, 152, 164, 178, 115, 166, 18, 158, 167, 123, 181, 144, 103, 140, 141, 182, 184, 86, 171, 188, 189, 175, 161, 179, 157, 142, 185, 190, 40, 200, 168, 193, 180, 156, 195, 143, 138, 197, 22, 198]
Correct solution
(w = 14) Building and Solving
[runlim] sample:		766.1 time, 510.2 real, 1168.8 MB
[runlim] sample:		786.1 time, 520.2 real, 1174.8 MB
[runlim] sample:		806.1 time, 530.2 real, 1190.6 MB
[runlim] sample:		826.1 time, 540.2 real, 1204.6 MB
[runlim] sample:		840.5 time, 550.2 real, 1212.6 MB
[runlim] sample:		850.5 time, 560.2 real, 1218.6 MB
[runlim] sample:		860.4 time, 570.2 real, 1224.6 MB
[runlim] sample:		870.4 time, 580.2 real, 913.1 MB
[runlim] sample:		880.6 time, 590.2 real, 1283.0 MB
[runlim] sample:		896.7 time, 600.2 real, 2662.9 MB
[runlim] sample:		941.9 time, 610.2 real, 3146.7 MB
Value Cyclic-Antibandwidth: 14
Labels: [139, 185, 109, 141, 94, 49, 133, 90, 136, 17, 15, 24, 31, 97, 23, 40, 196, 35, 192, 120, 99, 177, 199, 16, 113, 108, 56, 183, 2, 5, 123, 8, 148, 60, 72, 46, 55, 47, 127, 145, 75, 119, 67, 64, 124, 58, 78, 131, 112, 176, 77, 168, 142, 181, 169, 155, 70, 48, 117, 200, 164, 53, 39, 59, 22, 83, 102, 190, 19, 25, 182, 32, 121, 150, 81, 62, 107, 51, 130, 197, 104, 84, 69, 122, 66, 12, 103, 166, 154, 36, 9, 191, 114, 26, 42, 89, 91, 21, 30, 105, 79, 20, 175, 45, 198, 134, 28, 52, 13, 85, 6, 157, 129, 33, 44, 125, 126, 195, 1, 61, 82, 151, 143, 189, 160, 80, 38, 116, 194, 41, 144, 193, 57, 100, 7, 68, 162, 161, 76, 96, 167, 184, 29, 18, 98, 14, 65, 132, 152, 101, 111, 149, 50, 63, 174, 180, 140, 153, 187, 92, 156, 158, 146, 115, 88, 73, 87, 86, 135, 54, 138, 95, 163, 165, 137, 71, 74, 37, 93, 172, 128, 11, 188, 27, 173, 170, 186, 171, 159, 4, 34, 179, 3, 43, 178, 118, 110, 10, 147, 106]
Correct solution
(w = 15) Building and Solving
[runlim] sample:		959.5 time, 620.2 real, 1050.1 MB
[runlim] sample:		975.9 time, 630.2 real, 1239.6 MB
[runlim] sample:		995.9 time, 640.2 real, 1241.6 MB
[runlim] sample:		1015.9 time, 650.2 real, 1241.6 MB
[runlim] sample:		1035.9 time, 660.2 real, 1247.6 MB
[runlim] sample:		1049.2 time, 670.2 real, 1250.0 MB
[runlim] sample:		1059.2 time, 680.2 real, 1252.0 MB
[runlim] sample:		1069.2 time, 690.2 real, 1252.0 MB
[runlim] sample:		1079.2 time, 700.2 real, 883.3 MB
[runlim] sample:		1089.4 time, 710.2 real, 1358.8 MB
[runlim] sample:		1102.4 time, 720.2 real, 1806.7 MB
Value Cyclic-Antibandwidth: 15
Labels: [132, 199, 8, 168, 18, 131, 148, 149, 128, 146, 51, 141, 69, 50, 153, 19, 84, 4, 54, 110, 165, 45, 71, 90, 68, 152, 95, 9, 118, 2, 123, 25, 12, 30, 6, 86, 37, 46, 3, 13, 20, 101, 41, 61, 73, 100, 33, 26, 117, 64, 34, 53, 81, 82, 89, 88, 138, 107, 91, 22, 98, 58, 178, 70, 42, 55, 1, 164, 40, 76, 112, 120, 115, 35, 15, 105, 14, 11, 179, 49, 78, 151, 136, 186, 74, 166, 163, 10, 184, 99, 87, 36, 93, 79, 134, 43, 31, 21, 72, 47, 125, 17, 62, 159, 156, 169, 142, 48, 83, 29, 121, 57, 155, 116, 182, 75, 135, 7, 97, 129, 27, 65, 119, 103, 106, 67, 173, 5, 122, 161, 39, 139, 143, 195, 124, 126, 92, 28, 24, 66, 167, 158, 23, 63, 56, 44, 150, 52, 102, 114, 174, 144, 154, 113, 200, 170, 137, 160, 157, 177, 145, 176, 127, 175, 190, 130, 140, 172, 111, 16, 180, 94, 109, 32, 59, 104, 187, 77, 80, 171, 189, 85, 96, 196, 181, 108, 183, 191, 188, 60, 133, 193, 38, 185, 194, 162, 197, 192, 147, 198]
Correct solution
(w = 16) Building and Solving
[runlim] sample:		1136.5 time, 730.2 real, 883.5 MB
[runlim] sample:		1149.2 time, 740.2 real, 1313.5 MB
[runlim] sample:		1169.2 time, 750.2 real, 1315.5 MB
[runlim] sample:		1189.2 time, 760.2 real, 1318.5 MB
[runlim] sample:		1209.2 time, 770.2 real, 1320.5 MB
[runlim] sample:		1228.7 time, 780.2 real, 1322.5 MB
[runlim] sample:		1238.7 time, 790.2 real, 1324.5 MB
[runlim] sample:		1248.7 time, 800.2 real, 1324.5 MB
[runlim] sample:		1258.7 time, 810.2 real, 1015.7 MB
[runlim] sample:		1268.7 time, 820.2 real, 1545.2 MB
[runlim] sample:		1279.5 time, 830.2 real, 1476.8 MB
[runlim] sample:		1305.9 time, 840.2 real, 3183.3 MB
Value Cyclic-Antibandwidth: 16
Labels: [151, 135, 142, 147, 169, 5, 189, 146, 141, 27, 103, 63, 66, 11, 29, 12, 129, 50, 45, 99, 33, 199, 76, 91, 39, 164, 163, 137, 44, 46, 88, 145, 69, 120, 183, 107, 197, 59, 18, 150, 72, 1, 100, 196, 90, 191, 4, 25, 128, 32, 136, 96, 53, 73, 55, 133, 6, 86, 56, 188, 158, 112, 78, 108, 178, 105, 171, 144, 75, 109, 182, 19, 68, 21, 40, 192, 149, 79, 134, 13, 74, 64, 89, 17, 61, 92, 168, 26, 132, 152, 43, 85, 30, 93, 106, 125, 48, 22, 115, 10, 138, 84, 9, 94, 20, 37, 35, 77, 70, 97, 81, 122, 71, 148, 165, 101, 176, 116, 195, 42, 170, 111, 15, 34, 154, 162, 153, 121, 102, 139, 67, 110, 31, 123, 160, 8, 124, 177, 95, 83, 159, 65, 173, 58, 117, 52, 49, 181, 131, 47, 179, 126, 127, 98, 200, 172, 140, 157, 3, 51, 24, 104, 38, 175, 198, 166, 167, 143, 82, 14, 186, 41, 155, 113, 118, 60, 185, 57, 114, 190, 184, 87, 7, 187, 180, 161, 193, 54, 2, 23, 36, 174, 80, 119, 194, 156, 130, 16, 62, 28]
Correct solution
(w = 17) Building and Solving
[runlim] sample:		1329.2 time, 850.2 real, 1282.6 MB
[runlim] sample:		1345.4 time, 860.2 real, 1384.6 MB
[runlim] sample:		1365.4 time, 870.2 real, 1384.6 MB
[runlim] sample:		1385.4 time, 880.2 real, 1386.6 MB
[runlim] sample:		1405.4 time, 890.2 real, 1388.8 MB
[runlim] sample:		1423.3 time, 900.2 real, 1389.8 MB
[runlim] sample:		1433.3 time, 910.2 real, 1392.6 MB
[runlim] sample:		1443.3 time, 920.2 real, 1392.6 MB
[runlim] sample:		1453.3 time, 930.2 real, 1110.1 MB
[runlim] sample:		1463.3 time, 940.2 real, 1599.3 MB
[runlim] sample:		1474.1 time, 950.2 real, 1576.4 MB
[runlim] sample:		1506.0 time, 960.2 real, 3362.9 MB
Value Cyclic-Antibandwidth: 17
Labels: [115, 5, 85, 174, 55, 6, 160, 17, 148, 140, 94, 18, 33, 42, 125, 95, 159, 84, 45, 62, 161, 179, 196, 197, 21, 14, 77, 137, 119, 153, 168, 12, 20, 90, 8, 158, 22, 25, 105, 157, 144, 57, 178, 118, 170, 87, 49, 30, 71, 139, 19, 143, 104, 164, 60, 198, 103, 7, 4, 64, 129, 86, 180, 88, 31, 183, 24, 83, 101, 80, 182, 89, 38, 117, 10, 146, 127, 195, 48, 99, 72, 147, 111, 61, 79, 102, 136, 185, 188, 138, 200, 113, 173, 193, 126, 1, 28, 155, 58, 46, 15, 50, 176, 106, 81, 167, 66, 96, 165, 93, 121, 171, 37, 51, 192, 63, 112, 23, 54, 40, 27, 53, 67, 150, 149, 2, 132, 69, 97, 78, 34, 76, 11, 44, 114, 109, 73, 39, 131, 3, 68, 110, 65, 163, 13, 9, 120, 177, 151, 52, 130, 189, 135, 74, 116, 184, 169, 70, 107, 142, 35, 156, 29, 47, 36, 108, 166, 26, 59, 91, 186, 16, 154, 92, 32, 124, 187, 41, 82, 134, 172, 75, 98, 190, 199, 175, 181, 145, 56, 122, 141, 191, 43, 133, 194, 162, 123, 128, 152, 100]
Correct solution
(w = 18) Building and Solving
[runlim] sample:		1516.5 time, 970.2 real, 1102.2 MB
[runlim] sample:		1534.3 time, 980.2 real, 1413.5 MB
[runlim] sample:		1554.3 time, 990.2 real, 1416.0 MB
[runlim] sample:		1574.3 time, 1000.2 real, 1417.3 MB
[runlim] sample:		1594.3 time, 1010.2 real, 1417.6 MB
[runlim] sample:		1612.7 time, 1020.2 real, 1421.6 MB
[runlim] sample:		1622.7 time, 1030.2 real, 1421.6 MB
[runlim] sample:		1632.7 time, 1040.2 real, 1423.6 MB
[runlim] sample:		1642.7 time, 1050.2 real, 1119.5 MB
[runlim] sample:		1652.7 time, 1060.2 real, 1652.4 MB
[runlim] sample:		1663.6 time, 1070.2 real, 1621.3 MB
[runlim] sample:		1691.5 time, 1080.2 real, 3534.2 MB
Value Cyclic-Antibandwidth: 18
Labels: [28, 128, 53, 79, 85, 154, 107, 196, 61, 36, 4, 108, 65, 33, 27, 197, 76, 66, 6, 157, 101, 185, 20, 91, 148, 43, 126, 177, 161, 81, 192, 60, 74, 173, 160, 139, 200, 15, 188, 64, 100, 143, 7, 37, 69, 171, 93, 10, 178, 168, 90, 49, 82, 84, 8, 78, 195, 83, 9, 116, 150, 11, 24, 86, 39, 17, 30, 163, 103, 106, 153, 58, 96, 41, 63, 146, 167, 180, 5, 189, 190, 104, 182, 31, 122, 47, 169, 19, 187, 175, 23, 130, 138, 95, 152, 1, 137, 117, 21, 44, 29, 73, 121, 87, 92, 170, 32, 184, 97, 134, 94, 172, 99, 147, 42, 22, 105, 136, 35, 132, 62, 145, 2, 183, 142, 123, 38, 181, 77, 88, 68, 14, 125, 166, 45, 50, 51, 120, 3, 118, 26, 34, 164, 111, 198, 25, 133, 113, 149, 155, 162, 176, 165, 54, 109, 12, 131, 13, 72, 46, 112, 119, 70, 124, 102, 193, 127, 179, 57, 135, 55, 159, 144, 156, 194, 186, 52, 80, 140, 98, 141, 89, 129, 48, 75, 59, 151, 115, 71, 67, 191, 56, 199, 174, 16, 110, 158, 18, 114, 40]
Correct solution
(w = 19) Building and Solving
[runlim] sample:		1707.6 time, 1090.2 real, 1127.5 MB
[runlim] sample:		1724.1 time, 1100.2 real, 1450.6 MB
[runlim] sample:		1744.1 time, 1110.2 real, 1451.4 MB
[runlim] sample:		1764.1 time, 1120.2 real, 1451.7 MB
[runlim] sample:		1784.1 time, 1130.2 real, 1453.5 MB
[runlim] sample:		1804.1 time, 1140.2 real, 1458.5 MB
[runlim] sample:		1817.2 time, 1150.2 real, 1458.5 MB
[runlim] sample:		1827.2 time, 1160.2 real, 1460.5 MB
[runlim] sample:		1837.2 time, 1170.2 real, 1348.7 MB
[runlim] sample:		1847.2 time, 1180.2 real, 1730.7 MB
[runlim] sample:		1857.3 time, 1190.2 real, 1403.1 MB
[runlim] sample:		1868.1 time, 1200.2 real, 1655.7 MB
[runlim] sample:		1908.2 time, 1210.2 real, 3813.1 MB
Value Cyclic-Antibandwidth: 19
Labels: [91, 189, 2, 66, 50, 41, 37, 4, 25, 166, 151, 154, 36, 187, 181, 1, 150, 175, 40, 109, 60, 86, 56, 108, 103, 192, 121, 168, 20, 153, 176, 131, 133, 135, 110, 162, 117, 30, 16, 195, 112, 199, 17, 190, 70, 124, 101, 113, 89, 97, 95, 158, 182, 15, 139, 141, 96, 111, 19, 120, 85, 31, 54, 122, 49, 100, 58, 62, 43, 130, 48, 196, 3, 84, 191, 138, 61, 68, 114, 12, 145, 160, 143, 21, 155, 28, 174, 118, 74, 11, 177, 129, 71, 55, 171, 46, 88, 44, 47, 10, 188, 80, 73, 127, 119, 69, 82, 32, 136, 18, 42, 179, 140, 65, 27, 72, 93, 148, 45, 169, 106, 104, 200, 178, 79, 159, 59, 81, 185, 67, 142, 167, 132, 105, 38, 180, 184, 75, 137, 197, 107, 9, 115, 198, 147, 29, 149, 57, 126, 98, 92, 163, 24, 152, 134, 64, 78, 53, 8, 35, 156, 144, 186, 5, 34, 116, 170, 77, 90, 146, 23, 165, 161, 123, 6, 173, 128, 94, 7, 51, 99, 14, 194, 26, 33, 83, 63, 164, 76, 183, 87, 22, 52, 39, 193, 13, 125, 172, 157, 102]
Correct solution
(w = 20) Building and Solving
[runlim] sample:		1930.9 time, 1220.2 real, 1374.7 MB
[runlim] sample:		1943.9 time, 1230.2 real, 1474.5 MB
[runlim] sample:		1963.9 time, 1240.2 real, 1474.8 MB
[runlim] sample:		1983.9 time, 1250.2 real, 1480.6 MB
[runlim] sample:		2003.9 time, 1260.2 real, 1484.6 MB
[runlim] sample:		2023.9 time, 1270.2 real, 1488.6 MB
[runlim] sample:		2040.8 time, 1280.2 real, 1492.6 MB
[runlim] sample:		2050.8 time, 1290.2 real, 1492.6 MB
[runlim] sample:		2060.8 time, 1300.2 real, 1494.6 MB
[runlim] sample:		2070.8 time, 1310.2 real, 1207.6 MB
[runlim] sample:		2080.8 time, 1320.2 real, 1786.0 MB
[runlim] sample:		2091.7 time, 1330.2 real, 1734.6 MB
[runlim] sample:		2105.3 time, 1340.2 real, 2758.5 MB
[runlim] sample:		2156.4 time, 1350.2 real, 5478.2 MB
[runlim] sample:		2207.2 time, 1360.2 real, 3339.0 MB
[runlim] sample:		2237.0 time, 1370.2 real, 4230.7 MB
[runlim] sample:		2266.9 time, 1380.2 real, 4651.2 MB
[runlim] sample:		2296.9 time, 1390.2 real, 4669.8 MB
[runlim] sample:		2326.9 time, 1400.2 real, 5060.1 MB
[runlim] sample:		2356.9 time, 1410.2 real, 5078.9 MB
[runlim] sample:		2387.0 time, 1420.2 real, 4876.5 MB
[runlim] sample:		2416.9 time, 1430.2 real, 4912.3 MB
[runlim] sample:		2446.9 time, 1440.2 real, 4923.6 MB
[runlim] sample:		2476.9 time, 1450.2 real, 5553.3 MB
[runlim] sample:		2506.9 time, 1460.2 real, 5424.2 MB
[runlim] sample:		2536.9 time, 1470.2 real, 5424.1 MB
[runlim] sample:		2566.9 time, 1480.2 real, 6011.0 MB
[runlim] sample:		2596.9 time, 1490.2 real, 6046.9 MB
[runlim] sample:		2626.9 time, 1500.2 real, 5910.2 MB
[runlim] sample:		2656.9 time, 1510.2 real, 5912.2 MB
[runlim] sample:		2686.9 time, 1520.2 real, 5912.2 MB
[runlim] sample:		2716.9 time, 1530.2 real, 5633.7 MB
[runlim] sample:		2746.9 time, 1540.2 real, 5634.4 MB
[runlim] sample:		2776.9 time, 1550.2 real, 5638.0 MB
[runlim] sample:		2806.9 time, 1560.2 real, 5469.2 MB
[runlim] sample:		2836.9 time, 1570.2 real, 5508.2 MB
[runlim] sample:		2866.9 time, 1580.2 real, 5509.9 MB
[runlim] sample:		2896.9 time, 1590.2 real, 5515.1 MB
[runlim] sample:		2926.9 time, 1600.2 real, 5517.1 MB
[runlim] sample:		2956.9 time, 1610.2 real, 5520.2 MB
[runlim] sample:		2986.9 time, 1620.2 real, 5523.2 MB
[runlim] sample:		3016.9 time, 1630.2 real, 5526.1 MB
[runlim] sample:		3046.9 time, 1640.2 real, 5528.9 MB
[runlim] sample:		3076.9 time, 1650.2 real, 5548.7 MB
[runlim] sample:		3106.9 time, 1660.2 real, 5550.0 MB
[runlim] sample:		3136.9 time, 1670.2 real, 5551.1 MB
[runlim] sample:		3166.9 time, 1680.2 real, 5551.9 MB
[runlim] sample:		3196.9 time, 1690.2 real, 5556.4 MB
[runlim] sample:		3226.9 time, 1700.2 real, 5611.1 MB
[runlim] sample:		3256.9 time, 1710.2 real, 5614.5 MB
[runlim] sample:		3286.9 time, 1720.2 real, 5616.8 MB
[runlim] sample:		3316.9 time, 1730.2 real, 5618.1 MB
[runlim] sample:		3346.9 time, 1740.2 real, 5620.6 MB
[runlim] sample:		3376.9 time, 1750.2 real, 5622.7 MB
[runlim] sample:		3406.9 time, 1760.2 real, 5622.7 MB
[runlim] sample:		3436.9 time, 1770.2 real, 5624.6 MB
[runlim] sample:		3466.9 time, 1780.2 real, 5626.7 MB
[runlim] sample:		3496.9 time, 1790.2 real, 5627.7 MB
[runlim] sample:		3526.7 time, 1800.2 real, 0.0 MB
[runlim] end:			Wed Nov 12 03:41:18 2025
[runlim] status:		out of time
[runlim] result:		2
[runlim] children:		0
[runlim] real:			1800.24 seconds
[runlim] time:			3526.72 seconds
[runlim] space:			6239.4 MB
[runlim] samples:		18000
