[runlim] version:		1.10
[runlim] time limit:		311040000 seconds
[runlim] real time limit:	1800 seconds
[runlim] space limit:		30000 MB
[runlim] argv[0]:		python3
[runlim] argv[1]:		model_MIP_CPLEX.py
[runlim] argv[2]:		./graph/random_generated_graph_2013/p36_200_2000
[runlim] start:			Wed Nov 12 03:41:18 2025
[runlim] main pid:		32773
[runlim] log captured:
(w = 4) Building and Solving
[runlim] sample:		16.2 time, 10.2 real, 410.1 MB
Value Cyclic-Antibandwidth: 4
Labels: [46, 97, 167, 198, 61, 107, 25, 83, 188, 95, 71, 23, 63, 92, 82, 140, 160, 170, 136, 182, 15, 53, 24, 13, 189, 166, 148, 29, 162, 193, 85, 27, 192, 38, 41, 155, 70, 114, 22, 101, 99, 168, 116, 174, 122, 77, 139, 112, 105, 66, 191, 185, 186, 8, 86, 106, 126, 124, 144, 65, 73, 9, 11, 104, 35, 102, 153, 47, 173, 120, 56, 55, 44, 78, 96, 54, 128, 118, 90, 62, 171, 51, 134, 151, 10, 5, 143, 30, 88, 33, 36, 76, 74, 197, 129, 131, 59, 1, 137, 2, 98, 180, 87, 199, 89, 135, 109, 121, 117, 145, 146, 165, 163, 132, 183, 19, 123, 14, 187, 127, 49, 16, 45, 6, 3, 7, 133, 48, 141, 69, 152, 194, 60, 149, 50, 161, 80, 40, 179, 125, 142, 110, 84, 138, 52, 42, 103, 169, 111, 79, 21, 4, 184, 57, 72, 147, 157, 43, 75, 91, 39, 130, 100, 20, 154, 172, 67, 177, 158, 113, 176, 93, 108, 17, 37, 175, 164, 26, 58, 28, 94, 64, 195, 34, 181, 68, 200, 81, 31, 190, 150, 119, 178, 156, 196, 32, 18, 12, 115, 159]
Correct solution
(w = 5) Building and Solving
[runlim] sample:		27.8 time, 20.2 real, 523.7 MB
[runlim] sample:		47.5 time, 30.2 real, 572.3 MB
Value Cyclic-Antibandwidth: 5
Labels: [46, 97, 190, 198, 61, 107, 25, 83, 188, 65, 71, 23, 63, 92, 82, 140, 160, 170, 145, 51, 15, 167, 24, 13, 50, 166, 148, 125, 162, 193, 85, 27, 192, 38, 41, 155, 70, 103, 22, 101, 99, 168, 116, 174, 47, 77, 164, 112, 105, 66, 191, 185, 186, 2, 86, 106, 161, 36, 144, 141, 73, 9, 12, 104, 35, 102, 153, 136, 173, 147, 56, 184, 44, 78, 96, 26, 128, 121, 90, 62, 171, 165, 134, 151, 10, 5, 143, 172, 98, 33, 189, 76, 74, 20, 129, 131, 59, 1, 137, 88, 54, 180, 87, 199, 89, 118, 109, 30, 117, 135, 146, 197, 163, 132, 183, 19, 123, 14, 187, 182, 49, 16, 45, 6, 3, 7, 133, 48, 8, 69, 152, 194, 60, 149, 11, 120, 80, 40, 179, 139, 29, 110, 84, 138, 52, 42, 95, 169, 111, 79, 21, 4, 122, 55, 72, 127, 157, 43, 75, 91, 39, 130, 100, 115, 154, 57, 67, 177, 158, 113, 176, 93, 108, 17, 37, 175, 114, 124, 58, 28, 94, 64, 195, 34, 181, 200, 53, 81, 31, 142, 150, 119, 178, 156, 196, 32, 18, 68, 126, 159]
Correct solution
(w = 6) Building and Solving
[runlim] sample:		57.6 time, 40.2 real, 653.5 MB
[runlim] sample:		77.6 time, 50.2 real, 701.6 MB
[runlim] sample:		91.6 time, 60.2 real, 839.3 MB
Value Cyclic-Antibandwidth: 6
Labels: [46, 97, 190, 198, 61, 107, 25, 83, 188, 45, 71, 122, 63, 92, 82, 140, 160, 170, 68, 12, 15, 167, 24, 13, 47, 166, 148, 125, 162, 193, 85, 27, 192, 38, 66, 155, 70, 87, 147, 101, 113, 168, 116, 174, 114, 77, 164, 112, 105, 80, 189, 185, 186, 191, 86, 106, 161, 36, 144, 141, 91, 9, 11, 78, 35, 102, 153, 73, 173, 29, 56, 135, 44, 50, 96, 65, 22, 121, 90, 62, 171, 165, 134, 151, 10, 5, 143, 172, 14, 33, 41, 76, 74, 20, 129, 131, 59, 1, 137, 184, 98, 180, 51, 199, 89, 118, 109, 30, 117, 178, 146, 197, 163, 132, 183, 19, 123, 104, 187, 182, 49, 16, 99, 6, 3, 7, 133, 48, 8, 69, 152, 145, 60, 149, 57, 26, 120, 40, 194, 139, 2, 110, 84, 138, 52, 42, 95, 169, 111, 79, 21, 4, 23, 55, 72, 127, 157, 43, 75, 128, 39, 130, 100, 115, 154, 53, 67, 177, 158, 103, 176, 93, 108, 17, 37, 175, 54, 124, 58, 28, 94, 64, 195, 34, 179, 200, 136, 81, 31, 142, 150, 119, 181, 156, 196, 32, 18, 88, 126, 159]
Correct solution
(w = 7) Building and Solving
[runlim] sample:		105.6 time, 70.2 real, 883.2 MB
[runlim] sample:		125.6 time, 80.2 real, 893.2 MB
[runlim] sample:		139.9 time, 90.2 real, 1063.8 MB
Value Cyclic-Antibandwidth: 7
Labels: [46, 97, 3, 198, 61, 107, 25, 83, 188, 95, 71, 88, 63, 92, 183, 140, 124, 170, 78, 20, 15, 167, 24, 13, 145, 166, 148, 125, 45, 193, 85, 27, 192, 38, 66, 155, 70, 179, 147, 101, 113, 168, 116, 174, 36, 77, 164, 112, 105, 80, 87, 185, 149, 191, 86, 106, 178, 7, 144, 141, 73, 91, 9, 104, 35, 102, 153, 12, 173, 120, 162, 135, 44, 50, 96, 65, 22, 121, 90, 62, 171, 165, 134, 151, 10, 5, 143, 172, 18, 33, 186, 76, 74, 119, 129, 131, 59, 1, 137, 184, 98, 180, 51, 199, 89, 118, 109, 30, 117, 41, 146, 197, 163, 132, 189, 19, 123, 14, 187, 136, 49, 16, 57, 6, 99, 29, 133, 48, 23, 69, 152, 182, 60, 122, 161, 127, 54, 40, 194, 157, 2, 110, 84, 138, 52, 42, 53, 169, 111, 79, 21, 4, 26, 55, 72, 75, 181, 8, 103, 43, 39, 130, 11, 115, 154, 128, 67, 177, 158, 160, 176, 93, 108, 17, 37, 175, 56, 100, 58, 28, 94, 64, 195, 34, 190, 200, 139, 81, 31, 142, 150, 47, 68, 156, 196, 32, 114, 82, 126, 159]
Correct solution
(w = 8) Building and Solving
[runlim] sample:		151.4 time, 100.2 real, 1035.2 MB
[runlim] sample:		171.4 time, 110.2 real, 1041.2 MB
[runlim] sample:		190.8 time, 120.2 real, 1045.2 MB
[runlim] sample:		200.8 time, 130.2 real, 1195.2 MB
Value Cyclic-Antibandwidth: 8
Labels: [46, 97, 190, 198, 61, 107, 25, 83, 188, 95, 71, 87, 63, 92, 189, 140, 75, 170, 160, 153, 15, 167, 24, 13, 54, 166, 148, 125, 88, 193, 85, 27, 192, 38, 66, 155, 70, 3, 147, 101, 113, 168, 116, 174, 79, 77, 47, 112, 105, 80, 41, 185, 183, 191, 86, 106, 161, 36, 144, 141, 73, 91, 9, 145, 35, 102, 2, 12, 173, 31, 178, 135, 44, 50, 96, 65, 22, 121, 90, 62, 171, 165, 134, 151, 10, 5, 143, 172, 18, 33, 163, 76, 74, 20, 129, 131, 59, 1, 137, 184, 98, 180, 51, 194, 89, 118, 109, 30, 117, 23, 146, 197, 162, 132, 45, 19, 123, 14, 187, 136, 49, 16, 149, 6, 99, 122, 133, 48, 127, 69, 152, 182, 60, 68, 128, 199, 120, 40, 186, 139, 100, 110, 84, 138, 52, 42, 157, 169, 111, 164, 21, 4, 26, 55, 72, 29, 78, 8, 103, 43, 39, 130, 11, 115, 154, 57, 67, 177, 158, 53, 176, 93, 108, 17, 37, 175, 56, 124, 58, 28, 94, 64, 195, 34, 179, 200, 104, 81, 7, 142, 150, 119, 181, 156, 196, 32, 114, 82, 126, 159]
Correct solution
(w = 9) Building and Solving
[runlim] sample:		213.4 time, 140.2 real, 1169.4 MB
[runlim] sample:		233.4 time, 150.2 real, 1177.4 MB
[runlim] sample:		253.4 time, 160.2 real, 1183.4 MB
[runlim] sample:		264.3 time, 170.2 real, 1009.6 MB
Value Cyclic-Antibandwidth: 9
Labels: [184, 97, 190, 198, 61, 107, 25, 83, 188, 95, 71, 41, 63, 92, 29, 140, 75, 170, 160, 51, 15, 167, 24, 13, 148, 166, 9, 125, 88, 193, 85, 27, 192, 38, 66, 155, 70, 3, 147, 101, 99, 168, 116, 174, 199, 77, 164, 112, 105, 80, 172, 185, 183, 191, 46, 106, 161, 7, 144, 141, 73, 91, 181, 145, 35, 102, 2, 12, 173, 36, 30, 159, 44, 50, 96, 14, 22, 153, 90, 62, 171, 165, 134, 151, 10, 5, 143, 78, 31, 33, 186, 76, 74, 122, 129, 131, 59, 1, 137, 178, 98, 180, 136, 163, 89, 118, 54, 121, 117, 104, 146, 197, 162, 132, 53, 19, 123, 115, 187, 182, 49, 16, 103, 6, 87, 100, 133, 48, 23, 69, 152, 86, 60, 114, 57, 128, 120, 40, 18, 139, 56, 110, 65, 138, 52, 42, 157, 169, 111, 79, 21, 4, 26, 55, 72, 20, 84, 8, 126, 43, 39, 130, 11, 194, 154, 45, 67, 177, 158, 68, 176, 93, 108, 17, 37, 175, 113, 124, 58, 28, 94, 64, 195, 34, 179, 200, 127, 81, 47, 142, 150, 119, 109, 156, 196, 32, 149, 82, 189, 135]
Correct solution
(w = 10) Building and Solving
[runlim] sample:		274.3 time, 180.2 real, 1271.2 MB
[runlim] sample:		290.4 time, 190.2 real, 1352.6 MB
[runlim] sample:		310.4 time, 200.2 real, 1374.7 MB
[runlim] sample:		330.4 time, 210.2 real, 1398.7 MB
[runlim] sample:		340.6 time, 220.2 real, 1410.7 MB
[runlim] sample:		350.6 time, 230.2 real, 1577.7 MB
[runlim] sample:		361.5 time, 240.2 real, 1552.8 MB
Value Cyclic-Antibandwidth: 10
Labels: [197, 193, 151, 5, 177, 179, 4, 162, 174, 89, 171, 187, 159, 53, 70, 29, 26, 49, 35, 20, 16, 180, 15, 12, 145, 37, 22, 86, 80, 1, 24, 10, 99, 83, 31, 9, 54, 44, 6, 189, 57, 32, 39, 11, 59, 19, 3, 18, 46, 34, 33, 58, 2, 68, 50, 52, 67, 62, 36, 47, 30, 28, 17, 55, 63, 82, 51, 40, 42, 38, 98, 64, 23, 111, 41, 7, 92, 43, 72, 65, 73, 56, 109, 75, 76, 97, 66, 13, 25, 87, 21, 45, 78, 96, 105, 122, 102, 110, 77, 95, 88, 48, 123, 79, 93, 60, 91, 118, 100, 81, 27, 153, 156, 121, 115, 14, 61, 106, 120, 114, 117, 126, 90, 133, 101, 130, 125, 94, 131, 113, 119, 103, 104, 85, 107, 127, 128, 129, 71, 112, 139, 124, 155, 164, 135, 84, 132, 142, 184, 140, 108, 137, 143, 157, 176, 138, 158, 167, 149, 69, 147, 165, 188, 74, 146, 144, 173, 183, 150, 152, 175, 192, 190, 166, 148, 161, 134, 168, 136, 154, 185, 160, 199, 186, 182, 141, 200, 170, 172, 181, 8, 169, 178, 163, 194, 195, 191, 196, 116, 198]
Correct solution
(w = 11) Building and Solving
[runlim] sample:		378.4 time, 250.2 real, 1102.2 MB
[runlim] sample:		398.4 time, 260.2 real, 1116.4 MB
[runlim] sample:		418.4 time, 270.2 real, 1130.2 MB
[runlim] sample:		435.2 time, 280.2 real, 1142.3 MB
[runlim] sample:		445.2 time, 290.2 real, 1152.3 MB
[runlim] sample:		455.2 time, 300.2 real, 1104.4 MB
[runlim] sample:		465.8 time, 310.2 real, 1292.5 MB
Value Cyclic-Antibandwidth: 11
Labels: [191, 186, 8, 23, 180, 147, 157, 148, 89, 9, 116, 159, 197, 7, 5, 188, 4, 65, 32, 27, 40, 43, 30, 101, 177, 29, 84, 79, 26, 1, 83, 17, 37, 86, 2, 158, 165, 13, 196, 10, 63, 12, 41, 22, 46, 38, 91, 25, 49, 28, 21, 56, 59, 14, 19, 54, 42, 11, 45, 80, 78, 24, 6, 35, 67, 64, 70, 139, 57, 76, 66, 44, 82, 77, 100, 53, 31, 111, 75, 47, 48, 60, 68, 115, 3, 110, 20, 50, 34, 96, 93, 36, 39, 99, 90, 109, 55, 15, 61, 92, 72, 62, 71, 73, 104, 69, 143, 74, 85, 98, 124, 113, 58, 184, 163, 150, 81, 114, 102, 95, 105, 103, 121, 144, 151, 130, 132, 171, 33, 51, 133, 52, 112, 125, 119, 134, 155, 122, 123, 117, 135, 140, 141, 120, 160, 127, 88, 137, 142, 161, 107, 172, 138, 174, 170, 182, 153, 192, 131, 152, 106, 126, 187, 146, 162, 16, 94, 145, 168, 173, 154, 136, 199, 164, 108, 189, 118, 149, 178, 129, 185, 128, 200, 175, 181, 179, 193, 156, 169, 167, 18, 97, 176, 166, 183, 195, 190, 194, 87, 198]
Correct solution
(w = 12) Building and Solving
[runlim] sample:		487.9 time, 320.2 real, 1235.9 MB
[runlim] sample:		501.6 time, 330.2 real, 1243.0 MB
[runlim] sample:		521.6 time, 340.2 real, 1258.8 MB
[runlim] sample:		541.6 time, 350.2 real, 1276.8 MB
[runlim] sample:		559.5 time, 360.2 real, 1290.8 MB
[runlim] sample:		569.5 time, 370.2 real, 1298.8 MB
[runlim] sample:		579.5 time, 380.2 real, 1307.1 MB
[runlim] sample:		589.5 time, 390.2 real, 1550.9 MB
[runlim] sample:		600.2 time, 400.2 real, 1401.4 MB
Value Cyclic-Antibandwidth: 12
Labels: [197, 8, 38, 6, 182, 59, 23, 26, 142, 153, 176, 88, 21, 39, 16, 158, 15, 179, 170, 31, 185, 71, 154, 2, 34, 32, 3, 192, 7, 69, 18, 17, 53, 120, 45, 19, 175, 13, 109, 11, 55, 85, 40, 57, 127, 43, 89, 48, 75, 54, 20, 61, 187, 33, 14, 51, 27, 9, 72, 12, 42, 25, 86, 37, 35, 103, 50, 148, 83, 46, 200, 58, 66, 70, 5, 65, 123, 67, 36, 62, 79, 101, 102, 129, 106, 82, 30, 24, 113, 114, 41, 116, 105, 117, 115, 134, 126, 47, 74, 60, 149, 150, 80, 52, 81, 44, 49, 125, 84, 124, 143, 171, 73, 104, 145, 131, 90, 138, 151, 128, 28, 140, 132, 4, 56, 156, 112, 91, 157, 98, 139, 63, 87, 135, 68, 147, 146, 169, 164, 93, 76, 165, 99, 92, 159, 94, 95, 136, 186, 137, 121, 161, 188, 162, 181, 160, 107, 96, 118, 180, 10, 100, 64, 183, 108, 110, 172, 22, 173, 168, 29, 199, 1, 122, 119, 144, 133, 184, 177, 152, 78, 111, 193, 178, 141, 167, 190, 130, 166, 155, 191, 97, 174, 163, 194, 195, 189, 196, 77, 198]
Correct solution
(w = 13) Building and Solving
[runlim] sample:		616.6 time, 410.2 real, 1199.1 MB
[runlim] sample:		633.9 time, 420.2 real, 1203.6 MB
[runlim] sample:		653.9 time, 430.2 real, 1223.4 MB
[runlim] sample:		673.9 time, 440.2 real, 1241.5 MB
[runlim] sample:		689.8 time, 450.2 real, 1252.5 MB
[runlim] sample:		699.8 time, 460.2 real, 1258.7 MB
[runlim] sample:		709.8 time, 470.2 real, 1264.7 MB
[runlim] sample:		719.8 time, 480.2 real, 1322.5 MB
[runlim] sample:		730.5 time, 490.2 real, 1614.7 MB
Value Cyclic-Antibandwidth: 13
Labels: [72, 19, 83, 55, 144, 47, 180, 56, 162, 132, 184, 15, 9, 33, 20, 38, 22, 139, 11, 17, 109, 62, 74, 75, 173, 35, 7, 178, 167, 21, 159, 24, 23, 116, 37, 4, 13, 44, 63, 45, 67, 48, 104, 2, 49, 64, 16, 12, 73, 8, 95, 50, 186, 96, 6, 90, 57, 59, 52, 183, 28, 27, 60, 40, 18, 97, 70, 127, 92, 25, 123, 61, 34, 26, 10, 80, 58, 36, 39, 94, 81, 31, 125, 107, 1, 111, 105, 51, 120, 54, 112, 126, 89, 174, 140, 110, 76, 99, 32, 198, 5, 69, 138, 88, 141, 147, 119, 78, 114, 85, 87, 100, 84, 66, 128, 86, 53, 106, 122, 134, 135, 150, 137, 65, 77, 149, 101, 124, 129, 136, 113, 71, 46, 82, 41, 154, 108, 153, 117, 30, 93, 118, 171, 143, 142, 148, 98, 102, 131, 158, 185, 130, 187, 161, 168, 176, 164, 170, 172, 165, 43, 160, 200, 68, 181, 14, 79, 156, 166, 29, 103, 199, 146, 121, 91, 115, 155, 193, 133, 157, 152, 145, 189, 177, 179, 175, 190, 169, 163, 151, 191, 197, 182, 192, 194, 195, 188, 196, 42, 3]
Correct solution
(w = 14) Building and Solving
[runlim] sample:		747.4 time, 500.2 real, 1040.2 MB
[runlim] sample:		760.8 time, 510.2 real, 1279.4 MB
[runlim] sample:		780.8 time, 520.2 real, 1293.6 MB
[runlim] sample:		800.8 time, 530.2 real, 1307.9 MB
[runlim] sample:		820.8 time, 540.2 real, 1325.4 MB
[runlim] sample:		834.2 time, 550.2 real, 1331.4 MB
[runlim] sample:		844.2 time, 560.2 real, 1337.7 MB
[runlim] sample:		854.2 time, 570.2 real, 1343.7 MB
[runlim] sample:		864.2 time, 580.2 real, 1096.0 MB
[runlim] sample:		874.2 time, 590.2 real, 1534.9 MB
[runlim] sample:		886.0 time, 600.2 real, 1852.9 MB
Value Cyclic-Antibandwidth: 14
Labels: [198, 194, 2, 169, 76, 197, 5, 22, 3, 117, 45, 24, 85, 103, 193, 160, 44, 95, 36, 62, 30, 147, 67, 32, 105, 131, 70, 94, 1, 6, 18, 20, 188, 43, 68, 31, 77, 9, 42, 12, 170, 150, 97, 159, 79, 33, 35, 82, 13, 34, 120, 100, 174, 99, 46, 167, 14, 71, 144, 38, 25, 141, 59, 73, 26, 39, 69, 56, 49, 66, 195, 124, 118, 112, 61, 10, 182, 51, 16, 109, 98, 52, 130, 74, 23, 135, 101, 72, 126, 17, 107, 54, 37, 55, 111, 132, 11, 41, 28, 58, 139, 8, 140, 121, 136, 21, 93, 57, 15, 127, 92, 165, 175, 189, 115, 29, 48, 176, 185, 148, 179, 65, 162, 80, 91, 104, 178, 116, 102, 156, 149, 40, 75, 155, 113, 53, 142, 114, 89, 119, 108, 84, 87, 129, 106, 78, 134, 172, 196, 143, 186, 183, 180, 123, 161, 110, 60, 19, 96, 88, 64, 128, 200, 181, 164, 50, 158, 90, 137, 151, 138, 168, 184, 83, 133, 122, 152, 81, 163, 153, 199, 154, 177, 166, 47, 171, 190, 125, 146, 27, 191, 86, 145, 192, 63, 173, 187, 7, 157, 4]
Correct solution
(w = 15) Building and Solving
[runlim] sample:		916.4 time, 610.2 real, 1077.9 MB
[runlim] sample:		931.1 time, 620.2 real, 1395.9 MB
[runlim] sample:		951.1 time, 630.2 real, 1399.9 MB
[runlim] sample:		971.1 time, 640.2 real, 1403.9 MB
[runlim] sample:		991.1 time, 650.2 real, 1407.9 MB
[runlim] sample:		1005.1 time, 660.2 real, 1410.1 MB
[runlim] sample:		1015.1 time, 670.2 real, 1410.7 MB
[runlim] sample:		1025.1 time, 680.2 real, 1415.3 MB
[runlim] sample:		1035.1 time, 690.2 real, 1075.1 MB
[runlim] sample:		1045.1 time, 700.2 real, 1555.5 MB
[runlim] sample:		1055.9 time, 710.2 real, 1500.1 MB
Value Cyclic-Antibandwidth: 15
Labels: [88, 104, 58, 2, 182, 159, 169, 171, 135, 109, 89, 30, 157, 33, 137, 9, 20, 70, 17, 31, 85, 83, 195, 5, 8, 125, 11, 28, 49, 144, 79, 51, 39, 10, 1, 22, 44, 115, 196, 92, 94, 148, 76, 185, 149, 42, 178, 52, 87, 118, 145, 173, 15, 34, 113, 80, 35, 168, 97, 197, 77, 48, 69, 108, 138, 91, 62, 71, 131, 50, 55, 54, 43, 198, 99, 96, 103, 184, 29, 93, 68, 53, 40, 74, 82, 61, 36, 141, 21, 41, 132, 188, 120, 107, 126, 117, 16, 133, 26, 63, 147, 64, 18, 150, 124, 47, 13, 57, 37, 65, 98, 164, 200, 19, 139, 12, 162, 90, 67, 75, 25, 121, 14, 175, 60, 151, 101, 27, 111, 112, 140, 158, 32, 152, 3, 127, 128, 160, 84, 45, 143, 78, 136, 105, 116, 179, 24, 154, 56, 165, 66, 72, 199, 163, 161, 170, 130, 146, 153, 23, 134, 167, 193, 110, 129, 177, 73, 81, 100, 123, 155, 187, 86, 119, 59, 46, 176, 106, 102, 114, 174, 6, 189, 7, 95, 172, 190, 4, 186, 166, 191, 122, 181, 192, 194, 156, 180, 142, 183, 38]
Correct solution
(w = 16) Building and Solving
[runlim] sample:		1077.3 time, 720.2 real, 773.4 MB
[runlim] sample:		1094.3 time, 730.2 real, 1427.4 MB
[runlim] sample:		1114.3 time, 740.2 real, 1431.4 MB
[runlim] sample:		1134.3 time, 750.2 real, 1433.4 MB
[runlim] sample:		1154.3 time, 760.2 real, 1439.2 MB
[runlim] sample:		1168.5 time, 770.2 real, 1439.2 MB
[runlim] sample:		1178.5 time, 780.2 real, 1439.7 MB
[runlim] sample:		1188.5 time, 790.2 real, 1440.5 MB
[runlim] sample:		1198.5 time, 800.2 real, 1072.4 MB
[runlim] sample:		1208.5 time, 810.2 real, 1624.3 MB
[runlim] sample:		1219.3 time, 820.2 real, 1555.3 MB
[runlim] sample:		1255.9 time, 830.2 real, 2359.1 MB
Value Cyclic-Antibandwidth: 16
Labels: [119, 187, 64, 52, 86, 155, 95, 27, 60, 41, 48, 137, 28, 47, 62, 159, 36, 113, 8, 91, 102, 39, 17, 88, 136, 53, 23, 74, 31, 129, 100, 73, 183, 38, 171, 109, 151, 87, 13, 133, 6, 55, 75, 107, 153, 56, 37, 71, 117, 33, 10, 72, 9, 142, 84, 165, 58, 57, 173, 42, 12, 26, 104, 51, 16, 198, 149, 108, 15, 43, 76, 46, 3, 160, 4, 18, 44, 116, 63, 190, 89, 101, 120, 105, 139, 130, 132, 25, 45, 81, 70, 123, 22, 32, 135, 138, 106, 40, 124, 94, 30, 79, 145, 193, 69, 127, 93, 66, 67, 114, 5, 178, 2, 146, 196, 14, 147, 199, 90, 111, 131, 169, 118, 177, 29, 122, 97, 158, 161, 1, 78, 21, 19, 112, 128, 77, 68, 143, 83, 179, 180, 185, 172, 197, 98, 34, 200, 92, 141, 24, 7, 85, 96, 162, 163, 148, 54, 20, 35, 157, 65, 181, 184, 144, 82, 50, 164, 59, 186, 176, 99, 182, 188, 156, 174, 61, 126, 103, 154, 11, 166, 125, 134, 49, 140, 150, 121, 110, 170, 152, 191, 80, 175, 192, 189, 195, 168, 115, 167, 194]
Correct solution
(w = 17) Building and Solving
[runlim] sample:		1265.9 time, 840.2 real, 1109.5 MB
[runlim] sample:		1284.9 time, 850.2 real, 1482.6 MB
[runlim] sample:		1304.9 time, 860.2 real, 1482.6 MB
[runlim] sample:		1324.9 time, 870.2 real, 1482.8 MB
[runlim] sample:		1344.9 time, 880.2 real, 1489.4 MB
[runlim] sample:		1357.8 time, 890.2 real, 1491.7 MB
[runlim] sample:		1367.8 time, 900.2 real, 1493.7 MB
[runlim] sample:		1377.8 time, 910.2 real, 1493.7 MB
[runlim] sample:		1387.8 time, 920.2 real, 1052.5 MB
[runlim] sample:		1397.8 time, 930.2 real, 1296.1 MB
[runlim] sample:		1408.6 time, 940.2 real, 1918.0 MB
Value Cyclic-Antibandwidth: 17
Labels: [192, 181, 11, 25, 60, 166, 154, 18, 81, 75, 96, 163, 14, 35, 167, 133, 159, 191, 45, 26, 15, 47, 23, 134, 182, 3, 12, 176, 52, 97, 112, 51, 184, 9, 34, 160, 146, 56, 76, 116, 127, 28, 42, 73, 138, 36, 21, 13, 83, 31, 198, 189, 1, 175, 165, 5, 88, 141, 197, 6, 63, 185, 118, 22, 149, 114, 180, 158, 29, 37, 24, 193, 183, 64, 19, 66, 32, 69, 173, 101, 113, 100, 89, 117, 91, 200, 131, 72, 50, 153, 39, 108, 151, 78, 140, 135, 99, 41, 128, 57, 17, 102, 171, 65, 129, 77, 46, 148, 48, 103, 30, 136, 2, 172, 177, 150, 44, 74, 68, 115, 105, 54, 121, 33, 4, 10, 156, 55, 86, 92, 61, 125, 126, 82, 85, 53, 43, 109, 155, 174, 122, 132, 178, 196, 107, 94, 7, 124, 186, 98, 20, 130, 199, 120, 58, 179, 164, 84, 40, 170, 93, 80, 188, 59, 27, 162, 71, 119, 87, 49, 104, 187, 106, 142, 147, 67, 139, 123, 152, 145, 161, 110, 194, 157, 111, 8, 190, 95, 143, 144, 169, 70, 62, 79, 168, 195, 137, 90, 38, 16]
Correct solution
(w = 18) Building and Solving
[runlim] sample:		1437.1 time, 950.2 real, 1047.0 MB
[runlim] sample:		1451.0 time, 960.2 real, 1529.9 MB
[runlim] sample:		1471.0 time, 970.2 real, 1530.4 MB
[runlim] sample:		1491.0 time, 980.2 real, 1536.2 MB
[runlim] sample:		1511.0 time, 990.2 real, 1539.5 MB
[runlim] sample:		1530.8 time, 1000.2 real, 1541.8 MB
[runlim] sample:		1540.8 time, 1010.2 real, 1543.6 MB
[runlim] sample:		1550.8 time, 1020.2 real, 1545.6 MB
[runlim] sample:		1560.8 time, 1030.2 real, 1277.6 MB
[runlim] sample:		1570.8 time, 1040.2 real, 1782.0 MB
[runlim] sample:		1581.0 time, 1050.2 real, 1702.9 MB
[runlim] sample:		1592.0 time, 1060.2 real, 1938.3 MB
[runlim] sample:		1625.8 time, 1070.2 real, 2513.9 MB
Value Cyclic-Antibandwidth: 18
Labels: [19, 50, 124, 127, 130, 121, 53, 95, 18, 153, 45, 109, 56, 92, 131, 167, 177, 30, 76, 141, 197, 78, 126, 37, 164, 108, 85, 188, 31, 41, 42, 33, 125, 165, 63, 198, 72, 44, 52, 120, 91, 142, 195, 10, 54, 150, 145, 183, 35, 81, 128, 97, 12, 94, 106, 59, 39, 186, 118, 70, 147, 138, 200, 104, 64, 172, 60, 82, 191, 74, 134, 132, 148, 144, 143, 69, 192, 20, 137, 84, 146, 194, 25, 15, 71, 114, 113, 2, 93, 66, 154, 7, 55, 135, 38, 98, 21, 184, 26, 48, 175, 32, 174, 159, 29, 185, 89, 24, 23, 49, 110, 46, 36, 189, 129, 96, 5, 156, 179, 152, 105, 58, 119, 80, 87, 40, 67, 116, 102, 193, 115, 13, 133, 8, 140, 151, 51, 166, 28, 117, 111, 199, 57, 160, 178, 16, 101, 1, 122, 4, 149, 162, 88, 182, 3, 47, 190, 11, 77, 22, 34, 170, 123, 176, 68, 161, 73, 100, 163, 155, 14, 83, 171, 157, 169, 17, 107, 196, 61, 43, 158, 181, 136, 173, 187, 90, 99, 9, 75, 112, 6, 86, 62, 139, 168, 180, 103, 65, 79, 27]
Correct solution
(w = 19) Building and Solving
[runlim] sample:		1636.2 time, 1080.2 real, 1547.9 MB
[runlim] sample:		1656.2 time, 1090.2 real, 1556.2 MB
[runlim] sample:		1676.2 time, 1100.2 real, 1556.2 MB
[runlim] sample:		1696.2 time, 1110.2 real, 1559.9 MB
[runlim] sample:		1716.2 time, 1120.2 real, 1561.9 MB
[runlim] sample:		1732.2 time, 1130.2 real, 1563.8 MB
[runlim] sample:		1742.2 time, 1140.2 real, 1565.8 MB
[runlim] sample:		1752.2 time, 1150.2 real, 1569.8 MB
[runlim] sample:		1762.2 time, 1160.2 real, 1200.4 MB
[runlim] sample:		1772.2 time, 1170.2 real, 1814.5 MB
[runlim] sample:		1783.1 time, 1180.2 real, 1811.8 MB
[runlim] sample:		1801.0 time, 1190.2 real, 3708.7 MB
[runlim] sample:		1852.3 time, 1200.2 real, 5180.1 MB
Value Cyclic-Antibandwidth: 19
Labels: [96, 51, 58, 4, 74, 126, 106, 124, 160, 35, 188, 140, 177, 137, 186, 24, 136, 100, 128, 70, 5, 141, 66, 200, 139, 11, 10, 161, 153, 85, 71, 104, 149, 143, 142, 134, 34, 28, 80, 120, 114, 68, 189, 9, 41, 195, 148, 46, 48, 33, 76, 75, 67, 19, 86, 181, 191, 118, 53, 26, 31, 56, 6, 156, 42, 113, 23, 182, 107, 39, 172, 65, 84, 87, 123, 49, 121, 17, 110, 119, 196, 194, 111, 21, 54, 30, 3, 2, 150, 47, 184, 138, 175, 154, 163, 159, 15, 25, 97, 77, 144, 61, 157, 29, 103, 145, 168, 101, 57, 55, 170, 117, 105, 72, 165, 13, 130, 14, 83, 45, 115, 173, 155, 52, 59, 116, 109, 151, 190, 198, 162, 88, 79, 183, 199, 167, 178, 135, 99, 40, 64, 166, 169, 20, 38, 89, 63, 8, 69, 171, 125, 146, 16, 62, 179, 192, 50, 197, 44, 94, 180, 1, 92, 112, 152, 127, 18, 73, 129, 185, 81, 82, 187, 36, 12, 7, 133, 60, 78, 174, 131, 90, 98, 91, 147, 27, 158, 22, 37, 102, 193, 176, 164, 32, 132, 122, 95, 43, 108, 93]
Correct solution
(w = 20) Building and Solving
[runlim] sample:		1877.4 time, 1210.2 real, 1280.5 MB
[runlim] sample:		1890.7 time, 1220.2 real, 1562.3 MB
[runlim] sample:		1910.7 time, 1230.2 real, 1562.3 MB
[runlim] sample:		1930.7 time, 1240.2 real, 1566.3 MB
[runlim] sample:		1950.7 time, 1250.2 real, 1566.3 MB
[runlim] sample:		1970.7 time, 1260.2 real, 1568.3 MB
[runlim] sample:		1985.5 time, 1270.2 real, 1568.3 MB
[runlim] sample:		1995.5 time, 1280.2 real, 1570.3 MB
[runlim] sample:		2005.5 time, 1290.2 real, 1570.3 MB
[runlim] sample:		2015.5 time, 1300.2 real, 1156.1 MB
[runlim] sample:		2025.5 time, 1310.2 real, 1843.0 MB
[runlim] sample:		2036.4 time, 1320.2 real, 1823.5 MB
[runlim] sample:		2047.7 time, 1330.2 real, 2344.4 MB
[runlim] sample:		2094.2 time, 1340.2 real, 3460.4 MB
[runlim] sample:		2121.2 time, 1350.2 real, 3793.8 MB
[runlim] sample:		2151.2 time, 1360.2 real, 4040.8 MB
[runlim] sample:		2181.2 time, 1370.2 real, 4510.8 MB
[runlim] sample:		2211.2 time, 1380.2 real, 4596.6 MB
[runlim] sample:		2241.2 time, 1390.2 real, 4568.4 MB
[runlim] sample:		2271.2 time, 1400.2 real, 5327.6 MB
[runlim] sample:		2301.2 time, 1410.2 real, 5197.1 MB
[runlim] sample:		2331.2 time, 1420.2 real, 4927.4 MB
[runlim] sample:		2361.2 time, 1430.2 real, 5762.8 MB
[runlim] sample:		2391.2 time, 1440.2 real, 5715.9 MB
[runlim] sample:		2421.2 time, 1450.2 real, 5310.6 MB
[runlim] sample:		2451.2 time, 1460.2 real, 5313.7 MB
[runlim] sample:		2481.2 time, 1470.2 real, 5325.0 MB
[runlim] sample:		2511.2 time, 1480.2 real, 5327.1 MB
[runlim] sample:		2541.2 time, 1490.2 real, 5329.2 MB
[runlim] sample:		2571.2 time, 1500.2 real, 5331.0 MB
[runlim] sample:		2601.2 time, 1510.2 real, 4988.9 MB
[runlim] sample:		2631.2 time, 1520.2 real, 5021.7 MB
[runlim] sample:		2661.2 time, 1530.2 real, 5022.5 MB
[runlim] sample:		2691.2 time, 1540.2 real, 5027.7 MB
[runlim] sample:		2721.2 time, 1550.2 real, 5031.8 MB
[runlim] sample:		2751.2 time, 1560.2 real, 5033.4 MB
[runlim] sample:		2781.2 time, 1570.2 real, 5046.9 MB
[runlim] sample:		2811.2 time, 1580.2 real, 5112.2 MB
[runlim] sample:		2841.2 time, 1590.2 real, 5116.2 MB
[runlim] sample:		2871.2 time, 1600.2 real, 5119.9 MB
[runlim] sample:		2901.2 time, 1610.2 real, 5125.6 MB
[runlim] sample:		2931.2 time, 1620.2 real, 5128.4 MB
[runlim] sample:		2961.2 time, 1630.2 real, 5129.8 MB
[runlim] sample:		2991.2 time, 1640.2 real, 5132.9 MB
[runlim] sample:		3021.2 time, 1650.2 real, 5135.3 MB
[runlim] sample:		3051.2 time, 1660.2 real, 5142.5 MB
[runlim] sample:		3081.2 time, 1670.2 real, 5198.9 MB
[runlim] sample:		3111.2 time, 1680.2 real, 5201.1 MB
[runlim] sample:		3141.2 time, 1690.2 real, 5205.0 MB
[runlim] sample:		3171.2 time, 1700.2 real, 5208.9 MB
[runlim] sample:		3201.2 time, 1710.2 real, 5212.4 MB
[runlim] sample:		3231.2 time, 1720.2 real, 5215.1 MB
[runlim] sample:		3261.2 time, 1730.2 real, 5254.0 MB
[runlim] sample:		3291.2 time, 1740.2 real, 5258.0 MB
[runlim] sample:		3321.2 time, 1750.2 real, 5262.8 MB
[runlim] sample:		3351.2 time, 1760.2 real, 5265.6 MB
[runlim] sample:		3381.2 time, 1770.2 real, 5271.0 MB
[runlim] sample:		3411.2 time, 1780.2 real, 5275.0 MB
[runlim] sample:		3441.2 time, 1790.2 real, 5278.0 MB
[runlim] end:			Wed Nov 12 04:11:18 2025
[runlim] status:		out of time
[runlim] result:		2
[runlim] children:		0
[runlim] real:			1800.17 seconds
[runlim] time:			3470.70 seconds
[runlim] space:			6022.4 MB
[runlim] samples:		17999
