[runlim] version:		1.10
[runlim] time limit:		311040000 seconds
[runlim] real time limit:	1800 seconds
[runlim] space limit:		30000 MB
[runlim] argv[0]:		python3
[runlim] argv[1]:		model_MIP_CPLEX.py
[runlim] argv[2]:		./graph/random_generated_graph_2013/p39_200_2000
[runlim] start:			Wed Nov 12 05:11:18 2025
[runlim] main pid:		35045
[runlim] log captured:
(w = 4) Building and Solving
[runlim] sample:		16.1 time, 10.2 real, 408.6 MB
Value Cyclic-Antibandwidth: 4
Labels: [46, 164, 141, 198, 61, 118, 25, 83, 188, 128, 134, 39, 63, 92, 82, 89, 184, 181, 44, 130, 191, 53, 131, 13, 62, 166, 117, 79, 167, 193, 85, 27, 192, 38, 174, 2, 70, 4, 1, 179, 99, 168, 116, 14, 110, 77, 151, 33, 76, 80, 107, 185, 98, 95, 86, 187, 138, 6, 3, 65, 171, 91, 75, 7, 135, 66, 153, 41, 45, 90, 160, 5, 123, 78, 96, 142, 55, 18, 162, 103, 71, 170, 34, 51, 105, 47, 102, 114, 133, 165, 176, 200, 125, 112, 29, 159, 186, 137, 37, 8, 155, 132, 147, 189, 146, 195, 9, 183, 22, 49, 19, 97, 74, 122, 119, 43, 23, 50, 87, 56, 157, 145, 106, 199, 10, 197, 148, 24, 169, 26, 52, 15, 182, 16, 149, 194, 20, 94, 143, 73, 72, 101, 144, 152, 40, 127, 190, 69, 11, 121, 104, 126, 140, 172, 60, 21, 57, 129, 136, 139, 154, 30, 36, 48, 54, 42, 67, 177, 158, 113, 68, 93, 108, 17, 109, 175, 111, 124, 58, 28, 84, 64, 100, 120, 12, 163, 31, 81, 35, 161, 150, 59, 178, 156, 196, 32, 180, 88, 115, 173]
Correct solution
(w = 5) Building and Solving
[runlim] sample:		27.8 time, 20.2 real, 524.4 MB
[runlim] sample:		47.0 time, 30.2 real, 576.2 MB
Value Cyclic-Antibandwidth: 5
Labels: [46, 164, 141, 198, 61, 118, 25, 83, 188, 128, 147, 39, 63, 92, 82, 89, 43, 80, 44, 130, 99, 53, 131, 13, 176, 166, 117, 125, 167, 193, 85, 27, 192, 38, 174, 79, 70, 171, 184, 95, 163, 168, 116, 14, 110, 77, 151, 33, 76, 154, 107, 185, 98, 20, 86, 187, 126, 6, 3, 65, 146, 57, 75, 145, 135, 102, 153, 41, 45, 90, 160, 5, 72, 78, 96, 142, 55, 18, 162, 103, 71, 170, 34, 51, 105, 109, 56, 114, 133, 165, 123, 200, 49, 112, 29, 159, 186, 149, 37, 8, 155, 132, 191, 189, 48, 195, 9, 183, 22, 180, 19, 97, 21, 122, 119, 60, 23, 50, 87, 197, 1, 74, 106, 199, 10, 157, 148, 24, 169, 26, 52, 15, 182, 16, 129, 194, 161, 94, 143, 73, 42, 101, 144, 152, 40, 88, 190, 69, 11, 121, 104, 181, 140, 172, 7, 127, 4, 47, 136, 139, 134, 30, 36, 91, 54, 66, 67, 177, 158, 113, 68, 93, 108, 17, 12, 175, 111, 124, 58, 28, 84, 64, 100, 120, 179, 137, 138, 81, 35, 2, 150, 59, 178, 156, 196, 32, 62, 31, 115, 173]
Correct solution
(w = 6) Building and Solving
[runlim] sample:		57.3 time, 40.2 real, 657.7 MB
[runlim] sample:		77.3 time, 50.2 real, 705.5 MB
[runlim] sample:		90.8 time, 60.2 real, 834.8 MB
Value Cyclic-Antibandwidth: 6
Labels: [46, 164, 141, 198, 61, 118, 25, 83, 188, 128, 147, 39, 63, 92, 82, 89, 21, 119, 44, 127, 99, 53, 131, 13, 176, 166, 117, 125, 167, 193, 85, 27, 192, 38, 174, 5, 70, 137, 184, 155, 62, 168, 116, 14, 110, 77, 103, 64, 76, 136, 1, 185, 98, 154, 86, 187, 126, 6, 3, 65, 146, 91, 75, 145, 135, 102, 153, 41, 45, 90, 149, 130, 74, 78, 96, 142, 55, 18, 162, 31, 71, 170, 34, 51, 105, 109, 56, 114, 133, 165, 123, 200, 49, 112, 29, 159, 186, 151, 37, 8, 180, 132, 100, 189, 48, 195, 9, 183, 22, 20, 19, 97, 134, 122, 113, 171, 23, 50, 87, 197, 157, 80, 106, 199, 10, 43, 148, 24, 169, 26, 52, 15, 182, 16, 129, 60, 181, 94, 143, 73, 42, 101, 72, 152, 40, 66, 190, 69, 11, 121, 104, 88, 140, 172, 194, 95, 4, 47, 163, 139, 33, 30, 59, 191, 54, 36, 67, 177, 158, 107, 68, 93, 108, 17, 12, 175, 111, 124, 58, 28, 84, 144, 79, 120, 179, 161, 138, 81, 35, 2, 150, 7, 178, 156, 196, 32, 160, 57, 115, 173]
Correct solution
(w = 7) Building and Solving
[runlim] sample:		105.3 time, 70.2 real, 872.7 MB
[runlim] sample:		125.3 time, 80.2 real, 882.2 MB
[runlim] sample:		139.7 time, 90.2 real, 993.9 MB
Value Cyclic-Antibandwidth: 7
Labels: [46, 164, 173, 198, 61, 118, 25, 83, 188, 128, 147, 39, 63, 92, 82, 89, 57, 119, 44, 127, 99, 53, 131, 13, 176, 166, 117, 125, 167, 193, 85, 27, 192, 38, 174, 5, 70, 97, 184, 98, 171, 168, 116, 14, 110, 79, 103, 64, 76, 136, 1, 185, 49, 2, 86, 187, 126, 6, 3, 65, 146, 102, 75, 145, 135, 66, 153, 41, 45, 120, 149, 130, 7, 78, 96, 142, 55, 18, 162, 31, 71, 170, 34, 51, 105, 109, 56, 114, 133, 165, 123, 200, 151, 112, 29, 159, 186, 21, 37, 8, 180, 132, 100, 189, 48, 195, 9, 183, 194, 20, 19, 59, 91, 10, 113, 122, 23, 50, 87, 11, 157, 80, 106, 199, 181, 155, 148, 95, 169, 26, 52, 15, 182, 16, 163, 60, 197, 94, 143, 73, 134, 101, 72, 152, 40, 62, 190, 69, 24, 121, 104, 141, 140, 172, 22, 129, 4, 47, 88, 139, 33, 30, 32, 191, 54, 42, 67, 177, 158, 107, 68, 93, 108, 17, 12, 175, 111, 124, 58, 28, 84, 144, 74, 154, 179, 43, 138, 81, 35, 161, 150, 36, 178, 156, 196, 137, 160, 77, 115, 90]
Correct solution
(w = 8) Building and Solving
[runlim] sample:		152.7 time, 100.2 real, 1019.0 MB
[runlim] sample:		172.7 time, 110.2 real, 1027.3 MB
[runlim] sample:		191.6 time, 120.2 real, 1037.3 MB
Value Cyclic-Antibandwidth: 8
Labels: [46, 164, 176, 198, 61, 118, 25, 83, 188, 36, 147, 39, 63, 92, 82, 89, 189, 119, 44, 127, 99, 53, 94, 13, 20, 166, 117, 125, 167, 193, 85, 27, 192, 38, 174, 40, 22, 173, 184, 98, 171, 168, 116, 14, 7, 79, 103, 64, 76, 136, 1, 185, 49, 152, 86, 187, 126, 6, 3, 65, 146, 102, 75, 114, 135, 70, 153, 41, 45, 120, 149, 130, 2, 78, 96, 142, 55, 18, 162, 31, 71, 170, 34, 51, 105, 109, 56, 186, 133, 165, 123, 200, 59, 112, 29, 159, 43, 57, 37, 8, 95, 132, 191, 128, 48, 195, 9, 183, 131, 72, 19, 97, 88, 145, 113, 122, 23, 50, 87, 11, 10, 80, 106, 199, 91, 155, 148, 24, 169, 26, 52, 15, 182, 16, 66, 194, 154, 110, 143, 73, 33, 101, 129, 74, 5, 60, 190, 69, 181, 121, 104, 141, 140, 172, 197, 134, 4, 47, 21, 139, 160, 30, 32, 163, 54, 42, 67, 177, 158, 107, 68, 93, 108, 17, 12, 175, 111, 124, 58, 28, 84, 144, 180, 157, 179, 151, 138, 81, 35, 161, 150, 100, 178, 156, 196, 137, 62, 77, 115, 90]
Correct solution
(w = 9) Building and Solving
[runlim] sample:		201.6 time, 130.2 real, 1039.9 MB
[runlim] sample:		216.8 time, 140.2 real, 1167.2 MB
[runlim] sample:		236.8 time, 150.2 real, 1179.2 MB
[runlim] sample:		256.1 time, 160.2 real, 1193.0 MB
[runlim] sample:		266.1 time, 170.2 real, 1398.7 MB
Value Cyclic-Antibandwidth: 9
Labels: [46, 97, 164, 198, 141, 118, 25, 83, 188, 95, 20, 39, 63, 92, 82, 89, 189, 119, 44, 127, 99, 53, 94, 13, 132, 166, 117, 125, 167, 193, 85, 27, 192, 38, 174, 40, 22, 4, 176, 98, 55, 168, 116, 109, 5, 149, 103, 64, 76, 43, 122, 181, 49, 152, 86, 187, 126, 6, 3, 65, 146, 102, 75, 7, 73, 70, 153, 41, 45, 120, 180, 130, 145, 78, 96, 142, 61, 18, 162, 36, 71, 170, 34, 51, 105, 151, 56, 114, 133, 165, 123, 200, 60, 112, 29, 159, 42, 19, 37, 8, 136, 80, 191, 128, 48, 195, 9, 183, 163, 72, 107, 90, 62, 186, 113, 173, 23, 50, 87, 11, 1, 33, 106, 199, 91, 155, 148, 24, 169, 26, 52, 15, 182, 16, 10, 194, 161, 110, 143, 2, 30, 101, 84, 131, 14, 137, 190, 69, 171, 121, 104, 185, 140, 172, 184, 74, 57, 47, 68, 139, 160, 111, 32, 77, 54, 59, 67, 177, 158, 129, 88, 147, 108, 17, 12, 175, 197, 124, 58, 28, 135, 144, 154, 157, 179, 93, 138, 81, 35, 21, 150, 100, 178, 156, 196, 134, 66, 79, 115, 31]
Correct solution
(w = 10) Building and Solving
[runlim] sample:		276.1 time, 180.2 real, 1095.1 MB
[runlim] sample:		296.1 time, 190.2 real, 1348.9 MB
[runlim] sample:		316.1 time, 200.2 real, 1371.0 MB
[runlim] sample:		333.4 time, 210.2 real, 1389.0 MB
[runlim] sample:		343.4 time, 220.2 real, 1209.0 MB
[runlim] sample:		353.9 time, 230.2 real, 1452.2 MB
Value Cyclic-Antibandwidth: 10
Labels: [132, 2, 200, 163, 184, 175, 171, 158, 106, 111, 24, 75, 160, 13, 32, 26, 9, 3, 11, 17, 10, 69, 8, 19, 18, 20, 7, 181, 1, 15, 25, 93, 52, 23, 39, 36, 21, 30, 33, 65, 53, 35, 12, 48, 55, 34, 4, 54, 49, 38, 72, 42, 5, 28, 43, 44, 56, 31, 27, 61, 60, 62, 40, 37, 63, 57, 64, 80, 45, 66, 46, 70, 89, 47, 22, 79, 29, 90, 117, 81, 94, 76, 82, 73, 102, 88, 6, 105, 96, 104, 71, 83, 58, 139, 148, 68, 77, 78, 85, 116, 51, 103, 99, 101, 114, 127, 91, 112, 129, 67, 108, 98, 86, 119, 97, 130, 115, 110, 100, 120, 50, 84, 74, 14, 134, 136, 137, 109, 142, 121, 145, 131, 41, 172, 59, 133, 123, 149, 141, 151, 146, 170, 167, 152, 138, 173, 113, 135, 144, 126, 155, 107, 122, 150, 165, 166, 140, 159, 92, 168, 156, 124, 143, 154, 125, 87, 177, 182, 190, 157, 178, 153, 179, 180, 176, 162, 128, 118, 199, 169, 183, 188, 185, 95, 198, 191, 192, 189, 174, 186, 164, 193, 194, 195, 147, 196, 187, 197, 16, 161]
Correct solution
(w = 11) Building and Solving
[runlim] sample:		368.9 time, 240.2 real, 960.0 MB
[runlim] sample:		386.5 time, 250.2 real, 1017.5 MB
[runlim] sample:		406.5 time, 260.2 real, 1037.5 MB
[runlim] sample:		426.5 time, 270.2 real, 1055.8 MB
[runlim] sample:		438.6 time, 280.2 real, 1069.6 MB
[runlim] sample:		448.6 time, 290.2 real, 845.4 MB
[runlim] sample:		458.6 time, 300.2 real, 1238.3 MB
Value Cyclic-Antibandwidth: 11
Labels: [86, 31, 200, 32, 1, 117, 166, 130, 119, 114, 13, 173, 88, 9, 39, 45, 82, 35, 29, 56, 3, 76, 19, 8, 6, 12, 28, 27, 85, 33, 135, 20, 2, 37, 41, 156, 50, 40, 55, 24, 60, 21, 36, 58, 59, 26, 42, 17, 49, 11, 52, 185, 95, 157, 57, 74, 14, 46, 64, 61, 16, 199, 22, 47, 25, 68, 4, 23, 91, 63, 34, 48, 69, 62, 124, 38, 5, 65, 197, 73, 89, 121, 67, 70, 93, 51, 75, 54, 98, 99, 30, 94, 53, 101, 134, 18, 96, 83, 44, 97, 104, 10, 77, 80, 103, 132, 122, 125, 126, 138, 105, 7, 84, 109, 151, 108, 115, 78, 87, 139, 43, 144, 127, 110, 128, 163, 164, 155, 72, 153, 123, 111, 81, 120, 113, 106, 100, 149, 175, 92, 136, 142, 170, 147, 171, 148, 116, 150, 118, 178, 107, 133, 140, 186, 162, 143, 79, 159, 137, 187, 71, 90, 141, 152, 102, 66, 165, 181, 189, 154, 174, 177, 176, 131, 198, 112, 145, 182, 158, 167, 183, 180, 184, 169, 190, 191, 192, 188, 172, 160, 161, 193, 194, 168, 129, 196, 179, 195, 146, 15]
Correct solution
(w = 12) Building and Solving
[runlim] sample:		474.6 time, 310.2 real, 913.7 MB
[runlim] sample:		488.6 time, 320.2 real, 1215.2 MB
[runlim] sample:		508.6 time, 330.2 real, 1234.7 MB
[runlim] sample:		528.6 time, 340.2 real, 1251.0 MB
[runlim] sample:		546.6 time, 350.2 real, 1264.8 MB
[runlim] sample:		556.6 time, 360.2 real, 1273.0 MB
[runlim] sample:		566.6 time, 370.2 real, 1279.0 MB
[runlim] sample:		576.6 time, 380.2 real, 1444.4 MB
[runlim] sample:		587.3 time, 390.2 real, 1359.9 MB
Value Cyclic-Antibandwidth: 12
Labels: [188, 6, 186, 13, 197, 177, 125, 110, 42, 71, 46, 14, 182, 74, 113, 12, 191, 32, 24, 88, 8, 68, 121, 15, 7, 28, 200, 81, 20, 26, 100, 25, 126, 34, 39, 108, 9, 36, 53, 22, 150, 40, 5, 57, 83, 17, 77, 60, 31, 19, 67, 50, 94, 78, 45, 129, 23, 164, 59, 58, 44, 70, 118, 56, 3, 52, 69, 91, 63, 64, 30, 79, 133, 41, 80, 37, 61, 90, 66, 95, 73, 82, 75, 112, 199, 62, 86, 48, 29, 130, 16, 92, 51, 33, 165, 84, 154, 72, 99, 144, 43, 128, 4, 123, 93, 104, 107, 38, 102, 55, 114, 65, 119, 131, 109, 103, 127, 2, 116, 97, 96, 10, 146, 132, 155, 163, 156, 117, 179, 151, 89, 145, 18, 120, 76, 139, 147, 134, 143, 54, 153, 105, 115, 176, 140, 162, 141, 152, 166, 106, 27, 135, 142, 136, 49, 21, 167, 157, 175, 181, 160, 124, 158, 149, 168, 87, 183, 180, 178, 159, 171, 1, 198, 101, 184, 35, 98, 137, 170, 161, 47, 173, 189, 122, 11, 190, 192, 187, 174, 185, 148, 193, 194, 85, 138, 196, 172, 195, 169, 111]
Correct solution
(w = 13) Building and Solving
[runlim] sample:		603.1 time, 400.2 real, 828.3 MB
[runlim] sample:		622.6 time, 410.2 real, 1153.0 MB
[runlim] sample:		642.6 time, 420.2 real, 1176.6 MB
[runlim] sample:		662.6 time, 430.2 real, 1190.4 MB
[runlim] sample:		677.3 time, 440.2 real, 1200.7 MB
[runlim] sample:		687.3 time, 450.2 real, 1207.2 MB
[runlim] sample:		697.3 time, 460.2 real, 1215.4 MB
[runlim] sample:		707.3 time, 470.2 real, 1411.6 MB
[runlim] sample:		718.0 time, 480.2 real, 1374.7 MB
Value Cyclic-Antibandwidth: 13
Labels: [40, 199, 200, 154, 190, 176, 164, 59, 45, 89, 15, 2, 7, 20, 148, 147, 1, 21, 101, 123, 5, 137, 11, 36, 10, 44, 3, 174, 29, 188, 159, 140, 18, 16, 25, 115, 47, 166, 37, 31, 27, 24, 128, 74, 68, 65, 185, 63, 71, 19, 38, 64, 28, 91, 66, 26, 53, 14, 32, 139, 46, 6, 55, 33, 22, 48, 49, 57, 73, 52, 50, 69, 95, 75, 72, 77, 105, 98, 42, 93, 114, 79, 155, 13, 88, 146, 9, 87, 81, 100, 43, 86, 4, 92, 80, 23, 67, 109, 181, 83, 104, 122, 142, 17, 96, 8, 56, 12, 30, 90, 62, 99, 118, 116, 103, 61, 127, 39, 54, 78, 51, 97, 41, 106, 169, 136, 102, 84, 70, 110, 134, 144, 117, 179, 124, 125, 108, 131, 126, 58, 156, 168, 161, 184, 141, 171, 133, 152, 111, 165, 113, 132, 160, 129, 85, 158, 163, 35, 143, 187, 182, 120, 157, 153, 112, 82, 178, 173, 177, 94, 172, 34, 198, 180, 107, 119, 162, 150, 121, 170, 138, 130, 189, 145, 76, 191, 192, 186, 175, 60, 151, 193, 194, 195, 149, 196, 183, 197, 167, 135]
Correct solution
(w = 14) Building and Solving
[runlim] sample:		733.8 time, 490.2 real, 1030.9 MB
[runlim] sample:		751.8 time, 500.2 real, 1269.5 MB
[runlim] sample:		771.8 time, 510.2 real, 1283.7 MB
[runlim] sample:		791.8 time, 520.2 real, 1299.3 MB
[runlim] sample:		810.6 time, 530.2 real, 1311.3 MB
[runlim] sample:		820.6 time, 540.2 real, 1317.2 MB
[runlim] sample:		830.6 time, 550.2 real, 1323.4 MB
[runlim] sample:		840.6 time, 560.2 real, 1142.5 MB
[runlim] sample:		850.6 time, 570.2 real, 1534.2 MB
[runlim] sample:		861.4 time, 580.2 real, 1464.5 MB
Value Cyclic-Antibandwidth: 14
Labels: [143, 2, 18, 184, 1, 66, 25, 88, 58, 93, 53, 67, 39, 77, 54, 177, 28, 6, 7, 139, 8, 29, 48, 69, 63, 142, 46, 163, 3, 117, 38, 198, 37, 175, 62, 30, 12, 187, 15, 140, 17, 56, 44, 176, 81, 10, 85, 124, 76, 61, 34, 4, 68, 21, 45, 193, 150, 52, 16, 35, 57, 91, 50, 180, 189, 47, 84, 49, 83, 9, 200, 73, 23, 27, 79, 98, 13, 121, 127, 137, 86, 100, 41, 130, 158, 74, 72, 20, 105, 147, 36, 101, 131, 60, 170, 42, 87, 151, 65, 133, 78, 107, 135, 89, 99, 22, 92, 59, 108, 31, 32, 97, 120, 138, 118, 162, 55, 19, 51, 75, 94, 33, 134, 145, 173, 159, 102, 160, 181, 24, 148, 152, 111, 104, 112, 110, 144, 125, 136, 82, 182, 153, 122, 174, 146, 113, 149, 157, 71, 154, 155, 26, 43, 64, 164, 114, 166, 116, 169, 115, 11, 109, 70, 90, 119, 96, 95, 178, 179, 80, 167, 199, 161, 141, 186, 123, 106, 128, 40, 171, 5, 126, 14, 168, 188, 191, 192, 185, 156, 183, 132, 194, 190, 195, 103, 196, 172, 197, 165, 129]
Correct solution
(w = 15) Building and Solving
[runlim] sample:		879.0 time, 590.2 real, 1211.1 MB
[runlim] sample:		895.9 time, 600.2 real, 1380.5 MB
[runlim] sample:		915.9 time, 610.2 real, 1382.8 MB
[runlim] sample:		935.9 time, 620.2 real, 1386.8 MB
[runlim] sample:		955.9 time, 630.2 real, 1388.8 MB
[runlim] sample:		968.1 time, 640.2 real, 1389.1 MB
[runlim] sample:		978.1 time, 650.2 real, 1392.6 MB
[runlim] sample:		988.1 time, 660.2 real, 1393.0 MB
[runlim] sample:		998.1 time, 670.2 real, 1029.6 MB
[runlim] sample:		1008.2 time, 680.2 real, 1497.9 MB
[runlim] sample:		1025.2 time, 690.2 real, 2968.4 MB
Value Cyclic-Antibandwidth: 15
Labels: [137, 3, 1, 188, 181, 15, 110, 196, 70, 53, 22, 141, 195, 16, 28, 174, 73, 94, 64, 56, 8, 79, 34, 13, 61, 200, 104, 32, 107, 172, 51, 27, 89, 58, 129, 142, 102, 2, 10, 149, 5, 98, 41, 84, 83, 81, 60, 29, 76, 175, 42, 43, 71, 92, 38, 178, 57, 44, 26, 49, 124, 69, 118, 9, 179, 130, 37, 131, 132, 91, 108, 30, 86, 99, 12, 135, 17, 19, 121, 31, 105, 134, 40, 136, 147, 88, 153, 150, 46, 143, 155, 62, 33, 63, 18, 75, 126, 101, 47, 55, 138, 103, 74, 48, 146, 78, 187, 112, 23, 36, 35, 90, 21, 128, 125, 152, 158, 67, 20, 52, 85, 185, 100, 87, 164, 133, 113, 72, 93, 162, 106, 148, 59, 156, 54, 122, 119, 120, 6, 127, 176, 171, 7, 161, 160, 97, 117, 159, 25, 199, 165, 66, 4, 50, 167, 163, 166, 68, 169, 182, 173, 151, 39, 115, 96, 82, 65, 190, 177, 77, 24, 198, 145, 180, 11, 114, 80, 140, 95, 170, 186, 109, 116, 14, 189, 191, 192, 184, 154, 183, 123, 193, 194, 144, 139, 45, 168, 197, 157, 111]
Correct solution
(w = 16) Building and Solving
[runlim] sample:		1049.1 time, 700.2 real, 1317.0 MB
[runlim] sample:		1065.4 time, 710.2 real, 1574.4 MB
[runlim] sample:		1085.4 time, 720.2 real, 1576.4 MB
[runlim] sample:		1105.4 time, 730.2 real, 1578.4 MB
[runlim] sample:		1125.4 time, 740.2 real, 1578.4 MB
[runlim] sample:		1141.2 time, 750.2 real, 1580.4 MB
[runlim] sample:		1151.2 time, 760.2 real, 1580.4 MB
[runlim] sample:		1161.2 time, 770.2 real, 1583.4 MB
[runlim] sample:		1171.3 time, 780.2 real, 1311.1 MB
[runlim] sample:		1181.3 time, 790.2 real, 1786.2 MB
[runlim] sample:		1192.1 time, 800.2 real, 1664.2 MB
[runlim] sample:		1234.9 time, 810.2 real, 3374.7 MB
Value Cyclic-Antibandwidth: 16
Labels: [127, 199, 200, 125, 180, 139, 4, 140, 39, 89, 16, 168, 34, 142, 195, 60, 153, 104, 159, 22, 17, 132, 79, 31, 23, 115, 76, 50, 152, 14, 57, 24, 114, 28, 165, 53, 96, 56, 61, 45, 41, 29, 192, 88, 8, 86, 191, 130, 107, 54, 133, 80, 32, 181, 69, 85, 109, 43, 72, 186, 124, 174, 83, 144, 117, 136, 184, 119, 166, 73, 15, 183, 101, 67, 40, 44, 141, 108, 128, 7, 64, 151, 121, 110, 102, 169, 33, 87, 27, 111, 138, 161, 171, 82, 6, 11, 156, 158, 135, 97, 122, 10, 105, 37, 123, 78, 65, 46, 5, 59, 143, 91, 134, 150, 103, 154, 129, 93, 12, 164, 71, 47, 106, 95, 18, 162, 98, 30, 163, 19, 3, 172, 113, 145, 68, 112, 116, 175, 187, 58, 173, 52, 62, 74, 94, 38, 1, 99, 90, 198, 131, 176, 188, 177, 84, 25, 118, 36, 148, 182, 120, 137, 51, 26, 160, 77, 48, 178, 70, 21, 81, 185, 170, 179, 157, 92, 149, 146, 66, 49, 167, 42, 13, 196, 190, 189, 9, 2, 75, 126, 35, 193, 194, 147, 100, 63, 55, 197, 155, 20]
Correct solution
(w = 17) Building and Solving
[runlim] sample:		1250.6 time, 820.2 real, 976.3 MB
[runlim] sample:		1268.5 time, 830.2 real, 1464.0 MB
[runlim] sample:		1288.5 time, 840.2 real, 1466.0 MB
[runlim] sample:		1308.5 time, 850.2 real, 1468.0 MB
[runlim] sample:		1328.5 time, 860.2 real, 1470.0 MB
[runlim] sample:		1345.5 time, 870.2 real, 1472.0 MB
[runlim] sample:		1355.5 time, 880.2 real, 1472.0 MB
[runlim] sample:		1365.5 time, 890.2 real, 1473.5 MB
[runlim] sample:		1375.5 time, 900.2 real, 1060.2 MB
[runlim] sample:		1385.5 time, 910.2 real, 1633.1 MB
[runlim] sample:		1396.3 time, 920.2 real, 1614.1 MB
[runlim] sample:		1428.4 time, 930.2 real, 2673.5 MB
Value Cyclic-Antibandwidth: 17
Labels: [17, 44, 198, 173, 179, 174, 136, 127, 99, 8, 86, 27, 81, 22, 13, 48, 172, 29, 7, 166, 188, 43, 193, 56, 14, 200, 107, 30, 129, 9, 75, 34, 35, 192, 92, 121, 62, 137, 117, 161, 96, 26, 40, 58, 87, 52, 72, 24, 146, 125, 118, 158, 190, 180, 132, 122, 83, 147, 59, 139, 76, 88, 69, 55, 6, 70, 199, 4, 95, 45, 10, 37, 61, 36, 196, 100, 15, 23, 104, 112, 135, 103, 142, 156, 78, 50, 101, 65, 120, 154, 134, 66, 93, 57, 187, 191, 42, 77, 114, 60, 102, 94, 21, 85, 119, 189, 194, 105, 106, 80, 90, 67, 133, 98, 49, 25, 20, 51, 12, 28, 47, 138, 84, 54, 2, 195, 82, 19, 32, 140, 160, 175, 164, 159, 123, 11, 16, 168, 149, 71, 184, 91, 178, 74, 38, 148, 181, 144, 64, 151, 73, 176, 170, 177, 63, 79, 157, 124, 130, 113, 1, 68, 152, 5, 163, 31, 89, 141, 169, 126, 46, 185, 41, 111, 108, 39, 110, 116, 128, 150, 171, 109, 33, 145, 115, 167, 97, 182, 143, 131, 18, 155, 165, 186, 53, 183, 162, 197, 153, 3]
Correct solution
(w = 18) Building and Solving
[runlim] sample:		1438.5 time, 940.2 real, 1319.5 MB
[runlim] sample:		1458.5 time, 950.2 real, 1507.9 MB
[runlim] sample:		1478.5 time, 960.2 real, 1511.9 MB
[runlim] sample:		1498.5 time, 970.2 real, 1517.9 MB
[runlim] sample:		1518.5 time, 980.2 real, 1518.4 MB
[runlim] sample:		1535.8 time, 990.2 real, 1523.7 MB
[runlim] sample:		1545.8 time, 1000.2 real, 1525.7 MB
[runlim] sample:		1555.8 time, 1010.2 real, 1527.7 MB
[runlim] sample:		1565.7 time, 1020.2 real, 1179.5 MB
[runlim] sample:		1575.7 time, 1030.2 real, 1712.0 MB
[runlim] sample:		1586.6 time, 1040.2 real, 1690.3 MB
[runlim] sample:		1618.6 time, 1050.2 real, 3473.4 MB
[runlim] sample:		1653.4 time, 1060.2 real, 2896.2 MB
Value Cyclic-Antibandwidth: 18
Labels: [175, 72, 14, 128, 114, 160, 68, 62, 166, 115, 169, 101, 108, 200, 67, 47, 182, 120, 35, 36, 194, 159, 76, 142, 71, 163, 102, 43, 172, 53, 188, 137, 197, 82, 151, 99, 24, 5, 185, 140, 10, 55, 75, 17, 183, 107, 156, 84, 41, 103, 195, 123, 152, 65, 100, 149, 129, 138, 145, 198, 15, 125, 86, 161, 116, 139, 77, 8, 95, 164, 64, 50, 29, 96, 49, 87, 118, 9, 23, 28, 61, 66, 173, 88, 122, 40, 98, 26, 189, 25, 111, 97, 7, 176, 70, 155, 80, 126, 93, 57, 78, 27, 46, 165, 94, 184, 158, 21, 154, 113, 121, 11, 193, 6, 13, 90, 79, 22, 162, 141, 150, 33, 171, 32, 170, 136, 42, 54, 83, 4, 39, 1, 51, 117, 58, 37, 196, 192, 60, 148, 177, 19, 91, 135, 130, 69, 31, 133, 132, 153, 127, 44, 110, 190, 144, 52, 81, 38, 30, 2, 187, 174, 20, 74, 180, 89, 134, 16, 48, 63, 146, 34, 168, 109, 124, 73, 18, 112, 105, 131, 178, 85, 59, 147, 56, 199, 167, 3, 92, 186, 12, 181, 45, 119, 143, 157, 106, 179, 104, 191]
Correct solution
(w = 19) Building and Solving
[runlim] sample:		1663.4 time, 1070.2 real, 1253.9 MB
[runlim] sample:		1683.0 time, 1080.2 real, 1551.5 MB
[runlim] sample:		1703.0 time, 1090.2 real, 1556.5 MB
[runlim] sample:		1723.0 time, 1100.2 real, 1561.3 MB
[runlim] sample:		1743.0 time, 1110.2 real, 1565.3 MB
[runlim] sample:		1762.6 time, 1120.2 real, 1571.3 MB
[runlim] sample:		1772.6 time, 1130.2 real, 1573.3 MB
[runlim] sample:		1782.6 time, 1140.2 real, 1577.3 MB
[runlim] sample:		1792.6 time, 1150.2 real, 1405.2 MB
[runlim] sample:		1802.6 time, 1160.2 real, 1854.8 MB
[runlim] sample:		1813.5 time, 1170.2 real, 1804.4 MB
[runlim] sample:		1828.1 time, 1180.2 real, 3599.1 MB
[runlim] sample:		1878.8 time, 1190.2 real, 5009.3 MB
[runlim] sample:		1917.6 time, 1200.2 real, 4234.1 MB
[runlim] sample:		1947.6 time, 1210.2 real, 4464.5 MB
[runlim] sample:		1977.6 time, 1220.2 real, 4866.6 MB
[runlim] sample:		2007.6 time, 1230.2 real, 5558.0 MB
[runlim] sample:		2037.6 time, 1240.2 real, 5494.7 MB
[runlim] sample:		2067.6 time, 1250.2 real, 5543.2 MB
[runlim] sample:		2097.6 time, 1260.2 real, 5553.7 MB
[runlim] sample:		2127.6 time, 1270.2 real, 5461.9 MB
[runlim] sample:		2157.6 time, 1280.2 real, 5383.8 MB
[runlim] sample:		2187.6 time, 1290.2 real, 5410.1 MB
[runlim] sample:		2217.6 time, 1300.2 real, 5428.3 MB
[runlim] sample:		2247.6 time, 1310.2 real, 5479.2 MB
[runlim] sample:		2277.6 time, 1320.2 real, 5480.6 MB
[runlim] sample:		2307.6 time, 1330.2 real, 5481.8 MB
[runlim] sample:		2337.6 time, 1340.2 real, 5493.4 MB
[runlim] sample:		2367.6 time, 1350.2 real, 5537.4 MB
[runlim] sample:		2397.6 time, 1360.2 real, 5540.2 MB
[runlim] sample:		2427.6 time, 1370.2 real, 5542.4 MB
[runlim] sample:		2457.6 time, 1380.2 real, 5544.4 MB
[runlim] sample:		2487.6 time, 1390.2 real, 5546.4 MB
[runlim] sample:		2517.6 time, 1400.2 real, 5549.8 MB
[runlim] sample:		2547.6 time, 1410.2 real, 5556.1 MB
[runlim] sample:		2577.6 time, 1420.2 real, 5557.9 MB
[runlim] sample:		2607.6 time, 1430.2 real, 5563.8 MB
[runlim] sample:		2637.6 time, 1440.2 real, 5566.3 MB
[runlim] sample:		2667.6 time, 1450.2 real, 5569.5 MB
[runlim] sample:		2697.6 time, 1460.2 real, 5571.5 MB
[runlim] sample:		2727.6 time, 1470.2 real, 5575.5 MB
[runlim] sample:		2757.6 time, 1480.2 real, 5579.8 MB
[runlim] sample:		2787.6 time, 1490.2 real, 5580.8 MB
[runlim] sample:		2817.6 time, 1500.2 real, 5584.5 MB
[runlim] sample:		2847.6 time, 1510.2 real, 5586.5 MB
[runlim] sample:		2877.6 time, 1520.2 real, 5588.1 MB
[runlim] sample:		2907.6 time, 1530.2 real, 5348.8 MB
[runlim] sample:		2937.6 time, 1540.2 real, 5349.7 MB
[runlim] sample:		2967.6 time, 1550.2 real, 5352.0 MB
[runlim] sample:		2997.6 time, 1560.2 real, 5354.3 MB
[runlim] sample:		3027.6 time, 1570.2 real, 5358.2 MB
[runlim] sample:		3057.6 time, 1580.2 real, 4899.2 MB
[runlim] sample:		3087.6 time, 1590.2 real, 4901.3 MB
[runlim] sample:		3117.6 time, 1600.2 real, 4903.1 MB
[runlim] sample:		3147.6 time, 1610.2 real, 4906.2 MB
[runlim] sample:		3177.6 time, 1620.2 real, 4908.9 MB
[runlim] sample:		3207.6 time, 1630.2 real, 4911.3 MB
[runlim] sample:		3237.6 time, 1640.2 real, 4913.6 MB
[runlim] sample:		3267.6 time, 1650.2 real, 4914.4 MB
[runlim] sample:		3297.6 time, 1660.2 real, 4916.0 MB
[runlim] sample:		3327.6 time, 1670.2 real, 4917.4 MB
[runlim] sample:		3357.6 time, 1680.2 real, 4919.2 MB
[runlim] sample:		3387.6 time, 1690.2 real, 4921.2 MB
[runlim] sample:		3417.6 time, 1700.2 real, 4922.1 MB
[runlim] sample:		3447.6 time, 1710.2 real, 4924.1 MB
[runlim] sample:		3477.6 time, 1720.2 real, 4940.4 MB
[runlim] sample:		3507.5 time, 1730.2 real, 4949.1 MB
[runlim] sample:		3537.5 time, 1740.2 real, 4950.9 MB
[runlim] sample:		3567.5 time, 1750.2 real, 4952.6 MB
[runlim] sample:		3597.5 time, 1760.2 real, 4954.1 MB
[runlim] sample:		3627.5 time, 1770.2 real, 4955.6 MB
[runlim] sample:		3657.5 time, 1780.2 real, 4961.8 MB
[runlim] sample:		3687.5 time, 1790.2 real, 4962.4 MB
[runlim] sample:		3717.4 time, 1800.2 real, 0.0 MB
[runlim] end:			Wed Nov 12 05:41:18 2025
[runlim] status:		out of time
[runlim] result:		2
[runlim] children:		0
[runlim] real:			1800.22 seconds
[runlim] time:			3717.37 seconds
[runlim] space:			5832.5 MB
[runlim] samples:		18000
