[runlim] version:		1.10
[runlim] time limit:		311040000 seconds
[runlim] real time limit:	1800 seconds
[runlim] space limit:		30000 MB
[runlim] argv[0]:		python3
[runlim] argv[1]:		model_MIP_CPLEX.py
[runlim] argv[2]:		./graph/random_generated_graph_2013/p9_100_200
[runlim] start:			Tue Nov 11 14:11:18 2025
[runlim] main pid:		16085
[runlim] log captured:
(w = 4) Building and Solving
Value Cyclic-Antibandwidth: 4
Labels: [42, 67, 20, 8, 75, 45, 2, 21, 65, 29, 62, 74, 10, 86, 1, 41, 97, 90, 52, 39, 5, 79, 56, 51, 69, 59, 47, 93, 12, 3, 98, 16, 6, 13, 82, 37, 83, 55, 15, 63, 81, 26, 96, 44, 87, 73, 48, 35, 60, 18, 92, 27, 49, 50, 40, 32, 80, 68, 72, 85, 38, 25, 95, 14, 11, 78, 17, 24, 76, 99, 31, 19, 34, 53, 77, 33, 43, 64, 91, 9, 57, 84, 28, 30, 46, 100, 71, 22, 66, 88, 36, 7, 4, 23, 70, 89, 94, 61, 54, 58]
Correct solution
(w = 5) Building and Solving
Value Cyclic-Antibandwidth: 5
Labels: [42, 74, 20, 8, 75, 96, 67, 21, 65, 29, 62, 94, 10, 86, 1, 41, 97, 90, 52, 39, 5, 99, 56, 36, 69, 59, 47, 72, 16, 3, 45, 93, 6, 13, 33, 37, 31, 55, 15, 18, 81, 26, 60, 44, 63, 73, 2, 35, 22, 79, 92, 27, 49, 83, 40, 32, 80, 68, 48, 85, 38, 25, 95, 14, 11, 78, 19, 24, 76, 17, 12, 66, 34, 53, 77, 87, 43, 51, 91, 9, 57, 84, 28, 30, 82, 100, 64, 98, 46, 88, 50, 7, 4, 23, 70, 89, 71, 61, 54, 58]
Correct solution
(w = 6) Building and Solving
Value Cyclic-Antibandwidth: 6
Labels: [42, 74, 20, 8, 75, 96, 67, 21, 65, 29, 62, 94, 48, 86, 55, 41, 79, 90, 99, 39, 5, 38, 56, 51, 69, 60, 47, 36, 16, 3, 45, 93, 6, 13, 52, 37, 83, 12, 15, 63, 81, 26, 25, 44, 87, 73, 2, 35, 22, 7, 92, 88, 49, 80, 40, 32, 27, 68, 72, 85, 1, 82, 95, 14, 11, 78, 17, 24, 76, 97, 31, 19, 34, 53, 77, 33, 43, 18, 91, 9, 57, 84, 28, 30, 46, 100, 64, 98, 66, 10, 50, 59, 4, 23, 70, 89, 71, 61, 54, 58]
Correct solution
(w = 7) Building and Solving
Value Cyclic-Antibandwidth: 7
Labels: [42, 74, 44, 8, 75, 96, 2, 21, 65, 29, 62, 94, 10, 86, 1, 41, 79, 90, 52, 67, 5, 99, 56, 51, 97, 59, 82, 76, 16, 3, 98, 93, 40, 13, 19, 47, 35, 12, 15, 63, 81, 26, 60, 55, 87, 73, 48, 57, 22, 37, 92, 88, 49, 80, 20, 32, 27, 68, 72, 69, 38, 25, 95, 14, 11, 78, 17, 24, 89, 6, 31, 83, 34, 53, 77, 33, 43, 18, 91, 9, 45, 84, 28, 30, 46, 100, 64, 85, 66, 36, 50, 7, 4, 23, 70, 39, 71, 61, 54, 58]
Correct solution
(w = 8) Building and Solving
Value Cyclic-Antibandwidth: 8
Labels: [97, 93, 81, 23, 84, 78, 96, 10, 50, 11, 48, 7, 46, 37, 4, 60, 27, 59, 18, 51, 43, 36, 70, 47, 31, 68, 85, 79, 58, 98, 8, 82, 74, 17, 90, 41, 86, 22, 80, 73, 19, 2, 69, 53, 66, 92, 56, 15, 100, 55, 38, 1, 61, 76, 65, 13, 91, 30, 29, 35, 49, 72, 32, 62, 45, 16, 63, 40, 57, 67, 9, 25, 42, 14, 52, 28, 88, 99, 6, 21, 26, 12, 34, 54, 44, 71, 5, 20, 24, 87, 64, 83, 77, 94, 89, 33, 39, 75, 3, 95]
Correct solution
(w = 9) Building and Solving
Value Cyclic-Antibandwidth: 9
Labels: [25, 24, 92, 29, 7, 32, 49, 70, 11, 99, 1, 31, 9, 40, 82, 89, 18, 55, 35, 57, 53, 81, 72, 98, 34, 96, 41, 85, 3, 36, 6, 44, 43, 10, 38, 19, 90, 63, 59, 22, 37, 84, 28, 23, 65, 42, 62, 21, 47, 86, 60, 83, 30, 39, 87, 61, 12, 33, 54, 79, 73, 16, 75, 4, 14, 2, 77, 68, 52, 27, 78, 56, 67, 93, 46, 45, 97, 88, 20, 48, 95, 15, 71, 26, 94, 17, 91, 5, 50, 51, 80, 76, 100, 64, 74, 58, 66, 8, 69, 13]
Correct solution
(w = 10) Building and Solving
Value Cyclic-Antibandwidth: 10
Labels: [25, 24, 92, 29, 7, 32, 49, 70, 11, 99, 1, 33, 9, 40, 82, 89, 75, 55, 35, 57, 77, 81, 31, 98, 34, 96, 41, 85, 3, 36, 6, 44, 43, 10, 38, 19, 90, 63, 59, 22, 37, 84, 28, 23, 65, 42, 62, 21, 47, 86, 60, 83, 30, 39, 87, 61, 12, 52, 54, 79, 72, 16, 88, 4, 14, 2, 18, 73, 67, 27, 78, 56, 8, 93, 46, 45, 97, 71, 68, 48, 95, 15, 20, 26, 94, 17, 91, 5, 50, 51, 80, 76, 100, 64, 74, 58, 66, 53, 69, 13]
Correct solution
(w = 11) Building and Solving
Value Cyclic-Antibandwidth: 11
Labels: [25, 24, 1, 29, 79, 32, 49, 70, 11, 99, 7, 33, 9, 40, 82, 89, 75, 55, 35, 23, 77, 81, 64, 71, 34, 96, 41, 85, 3, 36, 6, 44, 43, 10, 38, 19, 90, 63, 59, 22, 37, 84, 28, 30, 65, 42, 62, 39, 47, 86, 60, 83, 52, 2, 87, 61, 12, 31, 54, 20, 8, 16, 88, 4, 14, 21, 18, 68, 67, 27, 78, 56, 58, 93, 46, 45, 97, 98, 73, 48, 72, 15, 92, 26, 94, 17, 91, 5, 50, 51, 80, 76, 100, 57, 74, 95, 66, 53, 69, 13]
Correct solution
(w = 12) Building and Solving
Value Cyclic-Antibandwidth: 12
Labels: [25, 24, 2, 29, 79, 32, 49, 70, 11, 99, 27, 33, 9, 40, 82, 89, 21, 55, 35, 23, 77, 81, 64, 71, 34, 96, 41, 85, 3, 36, 6, 44, 43, 10, 38, 19, 90, 63, 59, 22, 37, 84, 28, 52, 65, 42, 62, 31, 47, 86, 60, 83, 75, 7, 87, 61, 12, 57, 54, 20, 14, 16, 92, 4, 39, 8, 18, 72, 68, 1, 78, 56, 67, 93, 46, 45, 97, 98, 73, 48, 30, 15, 58, 26, 94, 17, 91, 5, 50, 51, 80, 76, 100, 88, 74, 95, 66, 53, 69, 13]
Correct solution
(w = 13) Building and Solving
Value Cyclic-Antibandwidth: 13
Labels: [25, 24, 88, 29, 79, 32, 49, 70, 11, 99, 27, 86, 9, 40, 33, 89, 75, 55, 35, 23, 77, 81, 64, 71, 34, 96, 41, 85, 3, 36, 6, 44, 43, 10, 38, 19, 60, 63, 59, 22, 37, 84, 28, 52, 65, 42, 62, 31, 47, 83, 58, 14, 82, 2, 87, 61, 12, 57, 54, 20, 72, 16, 92, 4, 39, 21, 18, 68, 7, 1, 78, 56, 8, 93, 46, 45, 97, 98, 73, 48, 30, 15, 67, 26, 94, 17, 91, 5, 50, 51, 80, 76, 100, 90, 74, 95, 66, 53, 69, 13]
Correct solution
(w = 14) Building and Solving
[runlim] sample:		12.9 time, 10.1 real, 155.3 MB
Value Cyclic-Antibandwidth: 14
Labels: [25, 24, 2, 29, 79, 32, 49, 70, 11, 99, 27, 86, 9, 40, 82, 89, 75, 55, 57, 23, 53, 81, 67, 71, 34, 96, 41, 85, 3, 36, 6, 35, 43, 10, 38, 19, 92, 63, 59, 22, 37, 84, 28, 52, 65, 42, 62, 31, 47, 83, 90, 14, 77, 44, 87, 61, 12, 33, 54, 20, 60, 16, 88, 4, 39, 21, 18, 72, 68, 1, 78, 56, 8, 93, 46, 45, 97, 98, 73, 48, 30, 15, 64, 26, 94, 17, 91, 5, 50, 51, 80, 76, 100, 58, 74, 95, 66, 7, 69, 13]
Correct solution
(w = 15) Building and Solving
Value Cyclic-Antibandwidth: 15
Labels: [69, 1, 66, 50, 11, 19, 95, 2, 57, 47, 53, 9, 3, 34, 100, 8, 64, 12, 74, 15, 17, 20, 40, 18, 78, 39, 4, 16, 29, 26, 27, 23, 28, 45, 22, 61, 32, 10, 54, 6, 42, 5, 44, 38, 51, 41, 55, 59, 31, 30, 56, 37, 58, 14, 46, 52, 21, 62, 43, 48, 60, 13, 33, 65, 35, 76, 25, 63, 77, 70, 91, 79, 80, 49, 75, 71, 36, 72, 99, 81, 98, 83, 73, 82, 94, 92, 86, 87, 88, 89, 90, 24, 84, 7, 93, 96, 67, 85, 68, 97]
Correct solution
(w = 16) Building and Solving
Value Cyclic-Antibandwidth: 16
Labels: [14, 24, 99, 29, 20, 32, 49, 70, 86, 42, 58, 27, 9, 40, 82, 89, 75, 50, 57, 23, 77, 81, 25, 48, 34, 96, 41, 85, 3, 36, 6, 35, 43, 10, 38, 19, 90, 63, 59, 22, 37, 84, 28, 30, 65, 39, 62, 17, 47, 72, 31, 83, 21, 46, 87, 61, 12, 64, 54, 79, 80, 16, 2, 4, 33, 11, 18, 73, 68, 98, 78, 56, 8, 93, 74, 45, 97, 76, 55, 7, 44, 15, 71, 26, 94, 1, 91, 5, 52, 51, 92, 88, 100, 60, 67, 95, 66, 53, 69, 13]
Correct solution
(w = 17) Building and Solving
Value Cyclic-Antibandwidth: 17
Labels: [25, 24, 99, 29, 14, 32, 49, 70, 11, 44, 58, 86, 9, 40, 82, 89, 75, 50, 57, 23, 53, 27, 80, 48, 34, 96, 41, 85, 3, 36, 6, 35, 43, 10, 38, 19, 90, 63, 59, 22, 37, 84, 28, 52, 65, 33, 62, 17, 47, 68, 31, 83, 20, 46, 87, 61, 12, 77, 54, 79, 64, 16, 81, 4, 42, 21, 18, 73, 67, 98, 78, 56, 1, 93, 74, 45, 97, 76, 55, 7, 30, 15, 71, 26, 94, 39, 91, 5, 2, 51, 92, 88, 100, 60, 72, 95, 66, 8, 69, 13]
Correct solution
(w = 18) Building and Solving
[runlim] sample:		25.8 time, 20.1 real, 203.6 MB
Value Cyclic-Antibandwidth: 18
Labels: [83, 64, 100, 48, 31, 81, 11, 50, 28, 43, 14, 7, 2, 88, 39, 68, 38, 24, 97, 41, 20, 22, 71, 25, 3, 89, 33, 18, 12, 13, 95, 46, 21, 1, 34, 72, 26, 35, 17, 16, 51, 30, 49, 59, 82, 56, 60, 15, 77, 52, 65, 54, 58, 27, 10, 4, 44, 61, 37, 29, 70, 67, 91, 57, 36, 74, 47, 75, 45, 9, 53, 76, 99, 98, 19, 66, 40, 69, 80, 62, 79, 42, 78, 6, 84, 8, 86, 87, 32, 94, 55, 23, 90, 85, 93, 96, 73, 92, 63, 5]
Correct solution
(w = 19) Building and Solving
Value Cyclic-Antibandwidth: 19
Labels: [33, 26, 28, 34, 38, 70, 42, 90, 76, 72, 53, 6, 41, 78, 47, 88, 3, 87, 17, 73, 61, 94, 21, 46, 43, 18, 91, 40, 80, 77, 65, 13, 10, 81, 1, 24, 97, 37, 83, 56, 52, 100, 12, 55, 4, 57, 20, 32, 2, 22, 36, 68, 16, 63, 48, 45, 9, 96, 11, 89, 62, 84, 7, 25, 82, 29, 99, 85, 74, 51, 19, 58, 59, 66, 15, 27, 71, 14, 35, 95, 67, 39, 60, 86, 75, 92, 54, 93, 98, 44, 30, 5, 64, 50, 8, 79, 49, 69, 31, 23]
Correct solution
(w = 20) Building and Solving
Value Cyclic-Antibandwidth: 20
Labels: [33, 38, 31, 16, 70, 85, 76, 30, 68, 60, 17, 2, 25, 83, 9, 100, 45, 53, 49, 90, 69, 3, 48, 18, 29, 46, 91, 13, 67, 43, 81, 35, 41, 61, 1, 66, 86, 26, 55, 74, 42, 47, 98, 54, 10, 87, 21, 97, 36, 4, 77, 56, 6, 40, 99, 58, 51, 52, 28, 12, 23, 89, 96, 62, 71, 34, 19, 7, 20, 78, 37, 73, 94, 14, 59, 57, 92, 95, 39, 32, 84, 80, 82, 63, 93, 44, 15, 24, 75, 50, 5, 8, 72, 88, 22, 65, 27, 79, 11, 64]
Correct solution
(w = 21) Building and Solving
[runlim] sample:		39.5 time, 30.1 real, 225.2 MB
Value Cyclic-Antibandwidth: 21
Labels: [34, 6, 92, 43, 90, 69, 96, 20, 94, 37, 66, 7, 32, 27, 49, 76, 93, 65, 15, 51, 4, 84, 59, 31, 1, 63, 10, 85, 22, 54, 23, 9, 8, 53, 18, 44, 13, 26, 5, 45, 33, 95, 58, 70, 60, 3, 47, 56, 16, 62, 39, 97, 81, 98, 38, 46, 82, 73, 91, 17, 35, 41, 72, 83, 11, 80, 87, 55, 67, 42, 12, 50, 71, 61, 2, 64, 30, 74, 40, 75, 24, 48, 86, 88, 28, 25, 77, 100, 14, 19, 29, 78, 79, 57, 21, 36, 68, 89, 52, 99]
Correct solution
(w = 22) Building and Solving
Value Cyclic-Antibandwidth: 22
Labels: [95, 57, 98, 50, 63, 41, 19, 16, 69, 86, 38, 100, 18, 13, 26, 25, 51, 32, 75, 58, 22, 45, 94, 21, 9, 3, 60, 40, 73, 15, 10, 47, 42, 89, 72, 59, 2, 11, 54, 48, 14, 24, 44, 20, 35, 65, 46, 61, 17, 77, 4, 99, 62, 12, 52, 5, 29, 83, 31, 66, 71, 53, 91, 43, 70, 30, 79, 74, 64, 39, 76, 36, 92, 85, 7, 23, 56, 27, 37, 55, 82, 81, 67, 28, 84, 8, 87, 80, 68, 88, 90, 34, 33, 6, 93, 96, 49, 78, 1, 97]
Correct solution
(w = 23) Building and Solving
Value Cyclic-Antibandwidth: 23
Labels: [56, 23, 31, 19, 34, 15, 5, 83, 27, 84, 51, 17, 92, 40, 85, 24, 16, 13, 76, 7, 33, 38, 61, 99, 62, 60, 98, 12, 43, 91, 90, 88, 100, 42, 71, 55, 3, 37, 9, 30, 86, 70, 44, 73, 59, 65, 14, 20, 80, 39, 50, 22, 64, 96, 25, 63, 2, 67, 72, 28, 93, 6, 74, 78, 82, 48, 21, 29, 77, 41, 1, 8, 46, 57, 68, 81, 4, 75, 97, 53, 35, 58, 69, 18, 32, 89, 54, 11, 26, 49, 45, 95, 79, 66, 47, 10, 94, 87, 52, 36]
Correct solution
(w = 24) Building and Solving
[runlim] sample:		54.5 time, 40.1 real, 218.9 MB
Value Cyclic-Antibandwidth: 24
Labels: [60, 81, 22, 7, 19, 2, 82, 42, 20, 26, 61, 16, 31, 39, 63, 49, 72, 88, 23, 54, 24, 83, 58, 5, 46, 57, 17, 52, 37, 94, 62, 78, 3, 33, 59, 44, 14, 11, 10, 98, 69, 65, 41, 67, 56, 47, 89, 90, 79, 6, 50, 34, 87, 80, 15, 45, 74, 73, 40, 30, 91, 75, 48, 70, 25, 85, 9, 8, 64, 29, 99, 95, 38, 43, 55, 68, 18, 76, 84, 93, 4, 86, 71, 100, 97, 51, 36, 96, 28, 1, 27, 13, 35, 66, 21, 12, 92, 53, 77, 32]
Correct solution
(w = 25) Building and Solving
Value Cyclic-Antibandwidth: 25
Labels: [44, 7, 79, 29, 22, 3, 11, 31, 38, 32, 66, 19, 37, 45, 24, 18, 98, 97, 64, 36, 10, 89, 63, 33, 8, 67, 95, 62, 65, 92, 42, 91, 83, 58, 26, 34, 5, 14, 94, 2, 90, 1, 59, 20, 50, 51, 69, 25, 88, 81, 39, 100, 76, 85, 28, 57, 80, 72, 86, 43, 93, 53, 68, 70, 87, 61, 30, 17, 41, 52, 6, 77, 56, 47, 71, 84, 46, 99, 96, 73, 27, 54, 9, 74, 40, 49, 21, 12, 23, 35, 48, 82, 78, 13, 55, 4, 75, 60, 16, 15]
Correct solution
(w = 26) Building and Solving
[runlim] sample:		68.8 time, 50.1 real, 263.2 MB
Value Cyclic-Antibandwidth: 26
Labels: [37, 22, 2, 36, 11, 81, 40, 17, 23, 78, 1, 27, 38, 47, 70, 59, 75, 95, 86, 41, 67, 12, 83, 54, 16, 85, 30, 31, 9, 72, 68, 87, 94, 26, 43, 29, 74, 66, 44, 46, 77, 63, 3, 69, 58, 33, 96, 52, 79, 80, 53, 15, 20, 99, 65, 50, 13, 100, 88, 14, 56, 55, 93, 73, 4, 97, 24, 35, 32, 6, 39, 71, 7, 49, 10, 57, 60, 5, 82, 42, 84, 18, 64, 8, 45, 51, 21, 91, 19, 76, 34, 90, 92, 61, 25, 62, 89, 98, 48, 28]
Correct solution
(w = 27) Building and Solving
Value Cyclic-Antibandwidth: 27
Labels: [89, 86, 50, 9, 93, 7, 25, 51, 4, 52, 44, 97, 34, 35, 78, 33, 85, 27, 72, 1, 16, 6, 62, 13, 48, 65, 12, 91, 37, 26, 83, 84, 28, 60, 94, 49, 21, 5, 10, 3, 74, 73, 61, 18, 23, 76, 39, 11, 63, 92, 45, 58, 75, 82, 32, 54, 79, 69, 70, 95, 31, 98, 53, 64, 57, 66, 99, 30, 68, 29, 87, 40, 36, 20, 80, 46, 14, 43, 47, 15, 22, 77, 88, 19, 38, 42, 56, 2, 96, 100, 55, 17, 41, 67, 71, 8, 24, 59, 90, 81]
Correct solution
(w = 28) Building and Solving
[runlim] sample:		92.9 time, 60.1 real, 274.9 MB
Value Cyclic-Antibandwidth: 28
Labels: [27, 88, 98, 48, 86, 85, 76, 41, 75, 23, 46, 32, 51, 40, 33, 68, 11, 90, 28, 56, 57, 82, 21, 60, 93, 26, 77, 53, 78, 58, 38, 97, 72, 31, 36, 12, 49, 47, 70, 61, 25, 19, 9, 63, 39, 10, 80, 55, 15, 22, 95, 5, 4, 83, 66, 30, 34, 92, 100, 45, 71, 65, 18, 87, 99, 3, 2, 69, 7, 67, 96, 8, 79, 43, 14, 62, 42, 17, 73, 84, 81, 35, 1, 50, 54, 52, 37, 24, 91, 89, 29, 59, 16, 6, 20, 74, 64, 13, 44, 94]
Correct solution
(w = 29) Building and Solving
[runlim] sample:		112.0 time, 70.1 real, 305.5 MB
Value Cyclic-Antibandwidth: 29
Labels: [86, 83, 91, 1, 90, 43, 2, 82, 7, 48, 5, 50, 8, 14, 62, 10, 76, 30, 45, 28, 18, 77, 46, 25, 95, 38, 75, 96, 33, 49, 63, 64, 27, 93, 52, 88, 19, 22, 17, 100, 55, 66, 65, 26, 23, 70, 9, 16, 61, 60, 74, 87, 79, 58, 35, 12, 4, 73, 69, 39, 98, 36, 54, 80, 57, 81, 51, 6, 84, 99, 47, 11, 31, 32, 72, 85, 24, 37, 3, 15, 42, 59, 56, 40, 20, 29, 94, 44, 13, 67, 92, 41, 53, 71, 78, 34, 21, 68, 97, 89]
Correct solution
(w = 30) Building and Solving
[runlim] sample:		156.1 time, 80.1 real, 235.2 MB
[runlim] sample:		201.9 time, 90.1 real, 612.8 MB
[runlim] sample:		240.7 time, 100.1 real, 742.8 MB
[runlim] sample:		270.7 time, 110.1 real, 742.9 MB
[runlim] sample:		300.7 time, 120.1 real, 742.9 MB
[runlim] sample:		330.7 time, 130.1 real, 794.4 MB
[runlim] sample:		360.7 time, 140.1 real, 831.5 MB
[runlim] sample:		390.7 time, 150.1 real, 845.4 MB
[runlim] sample:		420.7 time, 160.1 real, 846.3 MB
[runlim] sample:		450.7 time, 170.1 real, 846.3 MB
[runlim] sample:		480.7 time, 180.1 real, 855.4 MB
[runlim] sample:		510.7 time, 190.1 real, 855.9 MB
[runlim] sample:		540.6 time, 200.1 real, 855.9 MB
[runlim] sample:		570.6 time, 210.1 real, 857.9 MB
[runlim] sample:		600.7 time, 220.1 real, 857.9 MB
[runlim] sample:		630.6 time, 230.1 real, 857.9 MB
[runlim] sample:		660.6 time, 240.1 real, 857.9 MB
[runlim] sample:		690.6 time, 250.1 real, 857.9 MB
Value Cyclic-Antibandwidth: 30
Labels: [74, 53, 49, 48, 52, 40, 27, 76, 24, 8, 70, 6, 7, 10, 81, 28, 63, 37, 94, 17, 31, 44, 77, 21, 89, 2, 33, 56, 11, 12, 87, 58, 20, 85, 9, 65, 1, 36, 35, 42, 60, 78, 71, 100, 83, 92, 46, 29, 86, 57, 54, 79, 67, 14, 34, 90, 96, 72, 82, 97, 38, 19, 84, 64, 15, 75, 32, 22, 59, 41, 3, 61, 18, 16, 95, 68, 39, 98, 62, 43, 26, 73, 50, 93, 25, 4, 88, 5, 45, 66, 80, 23, 99, 55, 69, 30, 47, 91, 51, 13]
Correct solution
(w = 31) Building and Solving
[runlim] sample:		715.4 time, 260.1 real, 621.7 MB
[runlim] sample:		770.9 time, 270.1 real, 714.9 MB
[runlim] sample:		800.9 time, 280.1 real, 793.4 MB
[runlim] sample:		830.9 time, 290.1 real, 795.5 MB
[runlim] sample:		860.9 time, 300.1 real, 795.5 MB
[runlim] sample:		890.9 time, 310.1 real, 795.5 MB
[runlim] sample:		920.9 time, 320.1 real, 795.5 MB
[runlim] sample:		950.9 time, 330.1 real, 796.0 MB
[runlim] sample:		980.9 time, 340.1 real, 796.0 MB
[runlim] sample:		1010.9 time, 350.1 real, 796.0 MB
[runlim] sample:		1040.9 time, 360.1 real, 796.5 MB
[runlim] sample:		1070.9 time, 370.1 real, 797.0 MB
[runlim] sample:		1100.9 time, 380.1 real, 797.0 MB
[runlim] sample:		1130.9 time, 390.1 real, 797.0 MB
[runlim] sample:		1160.9 time, 400.1 real, 797.4 MB
[runlim] sample:		1190.9 time, 410.1 real, 801.0 MB
[runlim] sample:		1220.9 time, 420.1 real, 801.0 MB
[runlim] sample:		1250.9 time, 430.1 real, 801.0 MB
[runlim] sample:		1280.9 time, 440.1 real, 801.0 MB
[runlim] sample:		1310.9 time, 450.1 real, 801.0 MB
[runlim] sample:		1340.9 time, 460.1 real, 801.0 MB
[runlim] sample:		1370.9 time, 470.1 real, 801.0 MB
[runlim] sample:		1400.9 time, 480.1 real, 801.0 MB
[runlim] sample:		1430.9 time, 490.1 real, 803.3 MB
[runlim] sample:		1451.2 time, 500.1 real, 803.6 MB
[runlim] sample:		1478.6 time, 510.1 real, 816.0 MB
[runlim] sample:		1508.6 time, 520.1 real, 845.8 MB
[runlim] sample:		1538.6 time, 530.1 real, 845.8 MB
[runlim] sample:		1568.6 time, 540.1 real, 845.8 MB
[runlim] sample:		1598.6 time, 550.1 real, 845.8 MB
[runlim] sample:		1628.6 time, 560.1 real, 845.8 MB
[runlim] sample:		1658.6 time, 570.1 real, 846.0 MB
[runlim] sample:		1688.6 time, 580.1 real, 846.0 MB
[runlim] sample:		1718.6 time, 590.1 real, 788.7 MB
[runlim] sample:		1748.6 time, 600.1 real, 791.4 MB
[runlim] sample:		1778.6 time, 610.1 real, 794.1 MB
[runlim] sample:		1808.6 time, 620.1 real, 795.6 MB
[runlim] sample:		1838.6 time, 630.1 real, 795.6 MB
[runlim] sample:		1868.6 time, 640.1 real, 795.7 MB
[runlim] sample:		1898.6 time, 650.1 real, 795.7 MB
[runlim] sample:		1928.6 time, 660.1 real, 796.8 MB
[runlim] sample:		1958.6 time, 670.1 real, 796.8 MB
[runlim] sample:		1988.6 time, 680.1 real, 796.8 MB
[runlim] sample:		2018.6 time, 690.1 real, 796.8 MB
[runlim] sample:		2048.6 time, 700.1 real, 796.8 MB
[runlim] sample:		2078.6 time, 710.1 real, 798.5 MB
[runlim] sample:		2108.6 time, 720.1 real, 798.5 MB
[runlim] sample:		2138.6 time, 730.1 real, 800.5 MB
[runlim] sample:		2168.6 time, 740.1 real, 800.5 MB
[runlim] sample:		2198.6 time, 750.1 real, 800.5 MB
[runlim] sample:		2228.6 time, 760.1 real, 886.7 MB
[runlim] sample:		2258.6 time, 770.1 real, 933.4 MB
[runlim] sample:		2288.6 time, 780.1 real, 965.5 MB
[runlim] sample:		2318.6 time, 790.1 real, 966.8 MB
[runlim] sample:		2348.6 time, 800.1 real, 966.8 MB
[runlim] sample:		2378.6 time, 810.1 real, 966.8 MB
Value Cyclic-Antibandwidth: 31
Labels: [17, 44, 42, 41, 40, 56, 69, 96, 67, 82, 30, 99, 88, 92, 11, 81, 27, 63, 12, 74, 53, 50, 19, 78, 7, 2, 64, 39, 79, 87, 29, 46, 83, 14, 97, 20, 86, 57, 66, 61, 23, 10, 22, 90, 3, 6, 60, 59, 8, 38, 43, 33, 25, 72, 62, 13, 5, 24, 16, 100, 68, 73, 9, 47, 71, 31, 80, 84, 35, 49, 89, 58, 76, 77, 4, 45, 55, 85, 37, 51, 70, 26, 52, 95, 48, 93, 15, 94, 54, 18, 21, 75, 98, 32, 28, 91, 65, 1, 36, 34]
Correct solution
(w = 32) Building and Solving
[runlim] sample:		2399.5 time, 820.1 real, 620.1 MB
[runlim] sample:		2465.9 time, 830.1 real, 1023.0 MB
[runlim] sample:		2532.3 time, 840.1 real, 764.3 MB
[runlim] sample:		2562.3 time, 850.1 real, 786.1 MB
[runlim] sample:		2592.3 time, 860.1 real, 786.1 MB
[runlim] sample:		2622.3 time, 870.1 real, 820.7 MB
[runlim] sample:		2652.3 time, 880.1 real, 820.7 MB
[runlim] sample:		2682.3 time, 890.1 real, 820.7 MB
[runlim] sample:		2712.3 time, 900.1 real, 822.5 MB
[runlim] sample:		2742.3 time, 910.1 real, 822.5 MB
[runlim] sample:		2772.3 time, 920.1 real, 822.5 MB
[runlim] sample:		2802.3 time, 930.1 real, 822.5 MB
[runlim] sample:		2832.3 time, 940.1 real, 822.5 MB
[runlim] sample:		2862.3 time, 950.1 real, 822.5 MB
[runlim] sample:		2892.3 time, 960.1 real, 822.5 MB
[runlim] sample:		2922.3 time, 970.1 real, 822.5 MB
[runlim] sample:		2952.3 time, 980.1 real, 822.5 MB
[runlim] sample:		2982.3 time, 990.1 real, 822.5 MB
[runlim] sample:		3012.3 time, 1000.1 real, 822.5 MB
[runlim] sample:		3042.3 time, 1010.1 real, 822.5 MB
[runlim] sample:		3072.3 time, 1020.1 real, 822.5 MB
[runlim] sample:		3102.3 time, 1030.1 real, 822.5 MB
[runlim] sample:		3132.3 time, 1040.1 real, 822.5 MB
[runlim] sample:		3162.3 time, 1050.1 real, 833.6 MB
[runlim] sample:		3192.3 time, 1060.1 real, 863.8 MB
[runlim] sample:		3222.3 time, 1070.1 real, 863.8 MB
[runlim] sample:		3252.3 time, 1080.1 real, 863.8 MB
[runlim] sample:		3282.3 time, 1090.1 real, 863.8 MB
[runlim] sample:		3312.3 time, 1100.1 real, 863.8 MB
[runlim] sample:		3342.3 time, 1110.1 real, 865.8 MB
[runlim] sample:		3372.3 time, 1120.1 real, 865.8 MB
[runlim] sample:		3402.3 time, 1130.1 real, 809.0 MB
[runlim] sample:		3432.3 time, 1140.1 real, 809.0 MB
[runlim] sample:		3462.3 time, 1150.1 real, 815.3 MB
[runlim] sample:		3492.3 time, 1160.1 real, 815.6 MB
[runlim] sample:		3522.3 time, 1170.1 real, 815.6 MB
[runlim] sample:		3552.3 time, 1180.1 real, 815.6 MB
[runlim] sample:		3582.3 time, 1190.1 real, 815.6 MB
[runlim] sample:		3612.3 time, 1200.1 real, 815.6 MB
[runlim] sample:		3642.3 time, 1210.1 real, 815.6 MB
[runlim] sample:		3672.3 time, 1220.1 real, 815.6 MB
[runlim] sample:		3702.3 time, 1230.1 real, 815.6 MB
[runlim] sample:		3732.3 time, 1240.1 real, 817.3 MB
[runlim] sample:		3762.3 time, 1250.1 real, 817.3 MB
[runlim] sample:		3792.3 time, 1260.1 real, 817.3 MB
[runlim] sample:		3822.3 time, 1270.1 real, 817.3 MB
[runlim] sample:		3852.3 time, 1280.1 real, 817.3 MB
[runlim] sample:		3882.3 time, 1290.1 real, 822.7 MB
[runlim] sample:		3912.3 time, 1300.1 real, 822.7 MB
[runlim] sample:		3942.3 time, 1310.1 real, 846.3 MB
[runlim] sample:		3972.3 time, 1320.1 real, 846.3 MB
[runlim] sample:		4002.3 time, 1330.1 real, 846.3 MB
[runlim] sample:		4032.3 time, 1340.1 real, 874.8 MB
[runlim] sample:		4062.3 time, 1350.1 real, 874.8 MB
[runlim] sample:		4092.3 time, 1360.1 real, 874.8 MB
[runlim] sample:		4122.3 time, 1370.1 real, 874.8 MB
[runlim] sample:		4152.3 time, 1380.1 real, 813.9 MB
[runlim] sample:		4182.3 time, 1390.1 real, 813.9 MB
[runlim] sample:		4212.3 time, 1400.1 real, 822.4 MB
[runlim] sample:		4242.3 time, 1410.1 real, 823.0 MB
[runlim] sample:		4272.3 time, 1420.1 real, 823.0 MB
[runlim] sample:		4302.3 time, 1430.1 real, 823.0 MB
[runlim] sample:		4332.3 time, 1440.1 real, 823.0 MB
[runlim] sample:		4362.3 time, 1450.1 real, 823.0 MB
[runlim] sample:		4392.3 time, 1460.1 real, 823.0 MB
[runlim] sample:		4422.3 time, 1470.1 real, 823.0 MB
[runlim] sample:		4452.3 time, 1480.1 real, 823.0 MB
[runlim] sample:		4482.3 time, 1490.1 real, 824.8 MB
[runlim] sample:		4512.3 time, 1500.1 real, 824.8 MB
[runlim] sample:		4542.3 time, 1510.1 real, 824.8 MB
[runlim] sample:		4572.3 time, 1520.1 real, 824.8 MB
[runlim] sample:		4602.3 time, 1530.1 real, 824.8 MB
[runlim] sample:		4632.3 time, 1540.1 real, 824.8 MB
[runlim] sample:		4662.3 time, 1550.1 real, 824.8 MB
[runlim] sample:		4692.3 time, 1560.1 real, 846.9 MB
[runlim] sample:		4722.2 time, 1570.1 real, 875.6 MB
[runlim] sample:		4752.2 time, 1580.1 real, 875.6 MB
[runlim] sample:		4782.2 time, 1590.1 real, 875.6 MB
[runlim] sample:		4812.2 time, 1600.1 real, 875.6 MB
[runlim] sample:		4842.2 time, 1610.1 real, 875.6 MB
[runlim] sample:		4872.2 time, 1620.1 real, 881.2 MB
[runlim] sample:		4902.2 time, 1630.1 real, 881.2 MB
[runlim] sample:		4932.2 time, 1640.1 real, 881.2 MB
[runlim] sample:		4962.2 time, 1650.1 real, 816.6 MB
[runlim] sample:		4992.2 time, 1660.1 real, 829.6 MB
[runlim] sample:		5022.2 time, 1670.1 real, 830.1 MB
[runlim] sample:		5052.2 time, 1680.1 real, 830.1 MB
[runlim] sample:		5082.2 time, 1690.1 real, 830.3 MB
[runlim] sample:		5112.2 time, 1700.1 real, 830.9 MB
[runlim] sample:		5142.2 time, 1710.1 real, 831.2 MB
[runlim] sample:		5172.2 time, 1720.1 real, 831.2 MB
[runlim] sample:		5202.2 time, 1730.1 real, 831.2 MB
[runlim] sample:		5232.2 time, 1740.1 real, 831.2 MB
[runlim] sample:		5262.2 time, 1750.1 real, 831.2 MB
[runlim] sample:		5292.2 time, 1760.1 real, 831.2 MB
[runlim] sample:		5322.2 time, 1770.1 real, 831.2 MB
[runlim] sample:		5352.2 time, 1780.1 real, 831.2 MB
[runlim] sample:		5382.2 time, 1790.1 real, 831.2 MB
[runlim] end:			Tue Nov 11 14:41:18 2025
[runlim] status:		out of time
[runlim] result:		2
[runlim] children:		0
[runlim] real:			1800.03 seconds
[runlim] time:			5411.93 seconds
[runlim] space:			1023.1 MB
[runlim] samples:		17999
